[2024-10-15T21:44:48.387+0000] {local_task_job_runner.py:123} INFO - ::group::Pre task execution logs
[2024-10-15T21:44:48.404+0000] {taskinstance.py:2612} INFO - Dependencies all met for dep_context=non-requeueable deps ti=<TaskInstance: LoadWebScraping.submit_job manual__2024-10-15T21:44:46.850373+00:00 [queued]>
[2024-10-15T21:44:48.412+0000] {taskinstance.py:2612} INFO - Dependencies all met for dep_context=requeueable deps ti=<TaskInstance: LoadWebScraping.submit_job manual__2024-10-15T21:44:46.850373+00:00 [queued]>
[2024-10-15T21:44:48.417+0000] {taskinstance.py:2865} INFO - Starting attempt 1 of 1
[2024-10-15T21:44:48.439+0000] {taskinstance.py:2888} INFO - Executing <Task(SparkSubmitOperator): submit_job> on 2024-10-15 21:44:46.850373+00:00
[2024-10-15T21:44:48.454+0000] {warnings.py:112} WARNING - /home/***/.local/lib/python3.12/site-packages/***/task/task_runner/standard_task_runner.py:70: DeprecationWarning: This process (pid=1765) is multi-threaded, use of fork() may lead to deadlocks in the child.
  pid = os.fork()

[2024-10-15T21:44:48.457+0000] {standard_task_runner.py:72} INFO - Started process 1767 to run task
[2024-10-15T21:44:48.457+0000] {standard_task_runner.py:104} INFO - Running: ['***', 'tasks', 'run', 'LoadWebScraping', 'submit_job', 'manual__2024-10-15T21:44:46.850373+00:00', '--job-id', '47', '--raw', '--subdir', 'DAGS_FOLDER/LoadWebScraping.py', '--cfg-path', '/tmp/tmpwim8s6nx']
[2024-10-15T21:44:48.462+0000] {standard_task_runner.py:105} INFO - Job 47: Subtask submit_job
[2024-10-15T21:44:48.514+0000] {task_command.py:467} INFO - Running <TaskInstance: LoadWebScraping.submit_job manual__2024-10-15T21:44:46.850373+00:00 [running]> on host eeedff29a94a
[2024-10-15T21:44:48.771+0000] {taskinstance.py:3131} INFO - Exporting env vars: AIRFLOW_CTX_DAG_OWNER='***' AIRFLOW_CTX_DAG_ID='LoadWebScraping' AIRFLOW_CTX_TASK_ID='submit_job' AIRFLOW_CTX_EXECUTION_DATE='2024-10-15T21:44:46.850373+00:00' AIRFLOW_CTX_TRY_NUMBER='1' AIRFLOW_CTX_DAG_RUN_ID='manual__2024-10-15T21:44:46.850373+00:00'
[2024-10-15T21:44:48.772+0000] {taskinstance.py:731} INFO - ::endgroup::
[2024-10-15T21:44:48.793+0000] {base.py:84} INFO - Retrieving connection 'spark_default'
[2024-10-15T21:44:48.795+0000] {spark_submit.py:327} ERROR - Failed to decode base64 keytab: Incorrect padding
[2024-10-15T21:44:48.797+0000] {spark_submit.py:304} INFO - Could not load connection string spark_default, defaulting to spark://spark:7077
[2024-10-15T21:44:48.799+0000] {spark_submit.py:473} INFO - Spark-Submit cmd: spark-submit --master spark://spark:7077 --name arrow-spark --verbose --deploy-mode client /opt/bitnami/spark/src/scripts_spark/LoadFileToDB.py
[2024-10-15T21:44:50.521+0000] {spark_submit.py:649} INFO - Using properties file: null
[2024-10-15T21:44:50.644+0000] {spark_submit.py:649} INFO - Parsed arguments:
[2024-10-15T21:44:50.645+0000] {spark_submit.py:649} INFO - master                  spark://spark:7077
[2024-10-15T21:44:50.646+0000] {spark_submit.py:649} INFO - remote                  null
[2024-10-15T21:44:50.647+0000] {spark_submit.py:649} INFO - deployMode              client
[2024-10-15T21:44:50.647+0000] {spark_submit.py:649} INFO - executorMemory          null
[2024-10-15T21:44:50.648+0000] {spark_submit.py:649} INFO - executorCores           null
[2024-10-15T21:44:50.648+0000] {spark_submit.py:649} INFO - totalExecutorCores      null
[2024-10-15T21:44:50.649+0000] {spark_submit.py:649} INFO - propertiesFile          null
[2024-10-15T21:44:50.649+0000] {spark_submit.py:649} INFO - driverMemory            null
[2024-10-15T21:44:50.650+0000] {spark_submit.py:649} INFO - driverCores             null
[2024-10-15T21:44:50.650+0000] {spark_submit.py:649} INFO - driverExtraClassPath    null
[2024-10-15T21:44:50.651+0000] {spark_submit.py:649} INFO - driverExtraLibraryPath  null
[2024-10-15T21:44:50.651+0000] {spark_submit.py:649} INFO - driverExtraJavaOptions  null
[2024-10-15T21:44:50.652+0000] {spark_submit.py:649} INFO - supervise               false
[2024-10-15T21:44:50.652+0000] {spark_submit.py:649} INFO - queue                   null
[2024-10-15T21:44:50.653+0000] {spark_submit.py:649} INFO - numExecutors            null
[2024-10-15T21:44:50.653+0000] {spark_submit.py:649} INFO - files                   null
[2024-10-15T21:44:50.654+0000] {spark_submit.py:649} INFO - pyFiles                 null
[2024-10-15T21:44:50.656+0000] {spark_submit.py:649} INFO - archives                null
[2024-10-15T21:44:50.656+0000] {spark_submit.py:649} INFO - mainClass               null
[2024-10-15T21:44:50.658+0000] {spark_submit.py:649} INFO - primaryResource         file:/opt/bitnami/spark/src/scripts_spark/LoadFileToDB.py
[2024-10-15T21:44:50.659+0000] {spark_submit.py:649} INFO - name                    arrow-spark
[2024-10-15T21:44:50.660+0000] {spark_submit.py:649} INFO - childArgs               []
[2024-10-15T21:44:50.660+0000] {spark_submit.py:649} INFO - jars                    null
[2024-10-15T21:44:50.661+0000] {spark_submit.py:649} INFO - packages                null
[2024-10-15T21:44:50.662+0000] {spark_submit.py:649} INFO - packagesExclusions      null
[2024-10-15T21:44:50.662+0000] {spark_submit.py:649} INFO - repositories            null
[2024-10-15T21:44:50.663+0000] {spark_submit.py:649} INFO - verbose                 true
[2024-10-15T21:44:50.663+0000] {spark_submit.py:649} INFO - 
[2024-10-15T21:44:50.664+0000] {spark_submit.py:649} INFO - Spark properties used, including those specified through
[2024-10-15T21:44:50.665+0000] {spark_submit.py:649} INFO - --conf and those from the properties file null:
[2024-10-15T21:44:50.666+0000] {spark_submit.py:649} INFO - 
[2024-10-15T21:44:50.666+0000] {spark_submit.py:649} INFO - 
[2024-10-15T21:44:50.667+0000] {spark_submit.py:649} INFO - 
[2024-10-15T21:44:51.004+0000] {spark_submit.py:649} INFO - Main class:
[2024-10-15T21:44:51.004+0000] {spark_submit.py:649} INFO - org.apache.spark.deploy.PythonRunner
[2024-10-15T21:44:51.005+0000] {spark_submit.py:649} INFO - Arguments:
[2024-10-15T21:44:51.005+0000] {spark_submit.py:649} INFO - file:/opt/bitnami/spark/src/scripts_spark/LoadFileToDB.py
[2024-10-15T21:44:51.006+0000] {spark_submit.py:649} INFO - null
[2024-10-15T21:44:51.007+0000] {spark_submit.py:649} INFO - Spark config:
[2024-10-15T21:44:51.008+0000] {spark_submit.py:649} INFO - (spark.app.name,arrow-spark)
[2024-10-15T21:44:51.008+0000] {spark_submit.py:649} INFO - (spark.app.submitTime,1729028690988)
[2024-10-15T21:44:51.012+0000] {spark_submit.py:649} INFO - (spark.master,spark://spark:7077)
[2024-10-15T21:44:51.012+0000] {spark_submit.py:649} INFO - (spark.submit.deployMode,client)
[2024-10-15T21:44:51.013+0000] {spark_submit.py:649} INFO - (spark.submit.pyFiles,)
[2024-10-15T21:44:51.013+0000] {spark_submit.py:649} INFO - Classpath elements:
[2024-10-15T21:44:51.014+0000] {spark_submit.py:649} INFO - 
[2024-10-15T21:44:51.014+0000] {spark_submit.py:649} INFO - 
[2024-10-15T21:44:51.014+0000] {spark_submit.py:649} INFO - 
[2024-10-15T21:44:52.513+0000] {spark_submit.py:649} INFO - 24/10/15 21:44:52 INFO SparkContext: Running Spark version 3.5.2
[2024-10-15T21:44:52.515+0000] {spark_submit.py:649} INFO - 24/10/15 21:44:52 INFO SparkContext: OS info Linux, 5.15.153.1-microsoft-standard-WSL2, amd64
[2024-10-15T21:44:52.516+0000] {spark_submit.py:649} INFO - 24/10/15 21:44:52 INFO SparkContext: Java version 17.0.12
[2024-10-15T21:44:52.576+0000] {spark_submit.py:649} INFO - 24/10/15 21:44:52 WARN NativeCodeLoader: Unable to load native-hadoop library for your platform... using builtin-java classes where applicable
[2024-10-15T21:44:52.681+0000] {spark_submit.py:649} INFO - 24/10/15 21:44:52 INFO ResourceUtils: ==============================================================
[2024-10-15T21:44:52.682+0000] {spark_submit.py:649} INFO - 24/10/15 21:44:52 INFO ResourceUtils: No custom resources configured for spark.driver.
[2024-10-15T21:44:52.683+0000] {spark_submit.py:649} INFO - 24/10/15 21:44:52 INFO ResourceUtils: ==============================================================
[2024-10-15T21:44:52.683+0000] {spark_submit.py:649} INFO - 24/10/15 21:44:52 INFO SparkContext: Submitted application: Load Parquet to PostgreSQL
[2024-10-15T21:44:52.721+0000] {spark_submit.py:649} INFO - 24/10/15 21:44:52 INFO ResourceProfile: Default ResourceProfile created, executor resources: Map(memory -> name: memory, amount: 1024, script: , vendor: , offHeap -> name: offHeap, amount: 0, script: , vendor: ), task resources: Map(cpus -> name: cpus, amount: 1.0)
[2024-10-15T21:44:52.733+0000] {spark_submit.py:649} INFO - 24/10/15 21:44:52 INFO ResourceProfile: Limiting resource is cpu
[2024-10-15T21:44:52.734+0000] {spark_submit.py:649} INFO - 24/10/15 21:44:52 INFO ResourceProfileManager: Added ResourceProfile id: 0
[2024-10-15T21:44:52.843+0000] {spark_submit.py:649} INFO - 24/10/15 21:44:52 INFO SecurityManager: Changing view acls to: ***
[2024-10-15T21:44:52.847+0000] {spark_submit.py:649} INFO - 24/10/15 21:44:52 INFO SecurityManager: Changing modify acls to: ***
[2024-10-15T21:44:52.848+0000] {spark_submit.py:649} INFO - 24/10/15 21:44:52 INFO SecurityManager: Changing view acls groups to:
[2024-10-15T21:44:52.849+0000] {spark_submit.py:649} INFO - 24/10/15 21:44:52 INFO SecurityManager: Changing modify acls groups to:
[2024-10-15T21:44:52.849+0000] {spark_submit.py:649} INFO - 24/10/15 21:44:52 INFO SecurityManager: SecurityManager: authentication disabled; ui acls disabled; users with view permissions: ***; groups with view permissions: EMPTY; users with modify permissions: ***; groups with modify permissions: EMPTY
[2024-10-15T21:44:53.322+0000] {spark_submit.py:649} INFO - 24/10/15 21:44:53 INFO Utils: Successfully started service 'sparkDriver' on port 38951.
[2024-10-15T21:44:53.364+0000] {spark_submit.py:649} INFO - 24/10/15 21:44:53 INFO SparkEnv: Registering MapOutputTracker
[2024-10-15T21:44:53.408+0000] {spark_submit.py:649} INFO - 24/10/15 21:44:53 INFO SparkEnv: Registering BlockManagerMaster
[2024-10-15T21:44:53.422+0000] {spark_submit.py:649} INFO - 24/10/15 21:44:53 INFO BlockManagerMasterEndpoint: Using org.apache.spark.storage.DefaultTopologyMapper for getting topology information
[2024-10-15T21:44:53.425+0000] {spark_submit.py:649} INFO - 24/10/15 21:44:53 INFO BlockManagerMasterEndpoint: BlockManagerMasterEndpoint up
[2024-10-15T21:44:53.428+0000] {spark_submit.py:649} INFO - 24/10/15 21:44:53 INFO SparkEnv: Registering BlockManagerMasterHeartbeat
[2024-10-15T21:44:53.455+0000] {spark_submit.py:649} INFO - 24/10/15 21:44:53 INFO DiskBlockManager: Created local directory at /tmp/blockmgr-b990e0c8-dd50-4889-9a85-e66c89472a48
[2024-10-15T21:44:53.476+0000] {spark_submit.py:649} INFO - 24/10/15 21:44:53 INFO MemoryStore: MemoryStore started with capacity 434.4 MiB
[2024-10-15T21:44:53.505+0000] {spark_submit.py:649} INFO - 24/10/15 21:44:53 INFO SparkEnv: Registering OutputCommitCoordinator
[2024-10-15T21:44:53.774+0000] {spark_submit.py:649} INFO - 24/10/15 21:44:53 INFO JettyUtils: Start Jetty 0.0.0.0:4040 for SparkUI
[2024-10-15T21:44:53.919+0000] {spark_submit.py:649} INFO - 24/10/15 21:44:53 INFO Utils: Successfully started service 'SparkUI' on port 4040.
[2024-10-15T21:44:54.001+0000] {spark_submit.py:649} INFO - 24/10/15 21:44:53 ERROR SparkContext: Failed to add /opt/bitnami/spark/jars/postgresql-42.5.0.jar to Spark environment
[2024-10-15T21:44:54.002+0000] {spark_submit.py:649} INFO - java.io.FileNotFoundException: Jar /opt/bitnami/spark/jars/postgresql-42.5.0.jar not found
[2024-10-15T21:44:54.002+0000] {spark_submit.py:649} INFO - at org.apache.spark.SparkContext.addLocalJarFile$1(SparkContext.scala:2095)
[2024-10-15T21:44:54.003+0000] {spark_submit.py:649} INFO - at org.apache.spark.SparkContext.addJar(SparkContext.scala:2151)
[2024-10-15T21:44:54.004+0000] {spark_submit.py:649} INFO - at org.apache.spark.SparkContext.$anonfun$new$15(SparkContext.scala:521)
[2024-10-15T21:44:54.004+0000] {spark_submit.py:649} INFO - at org.apache.spark.SparkContext.$anonfun$new$15$adapted(SparkContext.scala:521)
[2024-10-15T21:44:54.005+0000] {spark_submit.py:649} INFO - at scala.collection.mutable.ResizableArray.foreach(ResizableArray.scala:62)
[2024-10-15T21:44:54.006+0000] {spark_submit.py:649} INFO - at scala.collection.mutable.ResizableArray.foreach$(ResizableArray.scala:55)
[2024-10-15T21:44:54.008+0000] {spark_submit.py:649} INFO - at scala.collection.mutable.ArrayBuffer.foreach(ArrayBuffer.scala:49)
[2024-10-15T21:44:54.010+0000] {spark_submit.py:649} INFO - at org.apache.spark.SparkContext.<init>(SparkContext.scala:521)
[2024-10-15T21:44:54.011+0000] {spark_submit.py:649} INFO - at org.apache.spark.api.java.JavaSparkContext.<init>(JavaSparkContext.scala:58)
[2024-10-15T21:44:54.012+0000] {spark_submit.py:649} INFO - at java.base/jdk.internal.reflect.NativeConstructorAccessorImpl.newInstance0(Native Method)
[2024-10-15T21:44:54.012+0000] {spark_submit.py:649} INFO - at java.base/jdk.internal.reflect.NativeConstructorAccessorImpl.newInstance(NativeConstructorAccessorImpl.java:77)
[2024-10-15T21:44:54.013+0000] {spark_submit.py:649} INFO - at java.base/jdk.internal.reflect.DelegatingConstructorAccessorImpl.newInstance(DelegatingConstructorAccessorImpl.java:45)
[2024-10-15T21:44:54.014+0000] {spark_submit.py:649} INFO - at java.base/java.lang.reflect.Constructor.newInstanceWithCaller(Constructor.java:500)
[2024-10-15T21:44:54.014+0000] {spark_submit.py:649} INFO - at java.base/java.lang.reflect.Constructor.newInstance(Constructor.java:481)
[2024-10-15T21:44:54.015+0000] {spark_submit.py:649} INFO - at py4j.reflection.MethodInvoker.invoke(MethodInvoker.java:247)
[2024-10-15T21:44:54.016+0000] {spark_submit.py:649} INFO - at py4j.reflection.ReflectionEngine.invoke(ReflectionEngine.java:374)
[2024-10-15T21:44:54.017+0000] {spark_submit.py:649} INFO - at py4j.Gateway.invoke(Gateway.java:238)
[2024-10-15T21:44:54.018+0000] {spark_submit.py:649} INFO - at py4j.commands.ConstructorCommand.invokeConstructor(ConstructorCommand.java:80)
[2024-10-15T21:44:54.018+0000] {spark_submit.py:649} INFO - at py4j.commands.ConstructorCommand.execute(ConstructorCommand.java:69)
[2024-10-15T21:44:54.019+0000] {spark_submit.py:649} INFO - at py4j.ClientServerConnection.waitForCommands(ClientServerConnection.java:182)
[2024-10-15T21:44:54.020+0000] {spark_submit.py:649} INFO - at py4j.ClientServerConnection.run(ClientServerConnection.java:106)
[2024-10-15T21:44:54.021+0000] {spark_submit.py:649} INFO - at java.base/java.lang.Thread.run(Thread.java:840)
[2024-10-15T21:44:54.137+0000] {spark_submit.py:649} INFO - 24/10/15 21:44:54 INFO StandaloneAppClient$ClientEndpoint: Connecting to master spark://spark:7077...
[2024-10-15T21:44:54.235+0000] {spark_submit.py:649} INFO - 24/10/15 21:44:54 INFO TransportClientFactory: Successfully created connection to spark/172.18.0.4:7077 after 44 ms (0 ms spent in bootstraps)
[2024-10-15T21:44:54.342+0000] {spark_submit.py:649} INFO - 24/10/15 21:44:54 INFO StandaloneSchedulerBackend: Connected to Spark cluster with app ID app-20241015214454-0004
[2024-10-15T21:44:54.344+0000] {spark_submit.py:649} INFO - 24/10/15 21:44:54 INFO StandaloneAppClient$ClientEndpoint: Executor added: app-20241015214454-0004/0 on worker-20241015211326-172.18.0.2-36469 (172.18.0.2:36469) with 6 core(s)
[2024-10-15T21:44:54.350+0000] {spark_submit.py:649} INFO - 24/10/15 21:44:54 INFO StandaloneSchedulerBackend: Granted executor ID app-20241015214454-0004/0 on hostPort 172.18.0.2:36469 with 6 core(s), 1024.0 MiB RAM
[2024-10-15T21:44:54.358+0000] {spark_submit.py:649} INFO - 24/10/15 21:44:54 INFO Utils: Successfully started service 'org.apache.spark.network.netty.NettyBlockTransferService' on port 36779.
[2024-10-15T21:44:54.358+0000] {spark_submit.py:649} INFO - 24/10/15 21:44:54 INFO NettyBlockTransferService: Server created on eeedff29a94a:36779
[2024-10-15T21:44:54.365+0000] {spark_submit.py:649} INFO - 24/10/15 21:44:54 INFO BlockManager: Using org.apache.spark.storage.RandomBlockReplicationPolicy for block replication policy
[2024-10-15T21:44:54.389+0000] {spark_submit.py:649} INFO - 24/10/15 21:44:54 INFO BlockManagerMaster: Registering BlockManager BlockManagerId(driver, eeedff29a94a, 36779, None)
[2024-10-15T21:44:54.394+0000] {spark_submit.py:649} INFO - 24/10/15 21:44:54 INFO BlockManagerMasterEndpoint: Registering block manager eeedff29a94a:36779 with 434.4 MiB RAM, BlockManagerId(driver, eeedff29a94a, 36779, None)
[2024-10-15T21:44:54.400+0000] {spark_submit.py:649} INFO - 24/10/15 21:44:54 INFO BlockManagerMaster: Registered BlockManager BlockManagerId(driver, eeedff29a94a, 36779, None)
[2024-10-15T21:44:54.402+0000] {spark_submit.py:649} INFO - 24/10/15 21:44:54 INFO BlockManager: Initialized BlockManager: BlockManagerId(driver, eeedff29a94a, 36779, None)
[2024-10-15T21:44:54.419+0000] {spark_submit.py:649} INFO - 24/10/15 21:44:54 INFO StandaloneAppClient$ClientEndpoint: Executor updated: app-20241015214454-0004/0 is now RUNNING
[2024-10-15T21:44:54.879+0000] {spark_submit.py:649} INFO - 24/10/15 21:44:54 INFO StandaloneSchedulerBackend: SchedulerBackend is ready for scheduling beginning after reached minRegisteredResourcesRatio: 0.0
[2024-10-15T21:44:55.162+0000] {spark_submit.py:649} INFO - 24/10/15 21:44:55 INFO SharedState: Setting hive.metastore.warehouse.dir ('null') to the value of spark.sql.warehouse.dir.
[2024-10-15T21:44:55.172+0000] {spark_submit.py:649} INFO - 24/10/15 21:44:55 INFO SharedState: Warehouse path is 'file:/opt/***/spark-warehouse'.
[2024-10-15T21:44:56.961+0000] {spark_submit.py:649} INFO - 24/10/15 21:44:56 INFO InMemoryFileIndex: It took 238 ms to list leaf files for 1 paths.
[2024-10-15T21:44:57.753+0000] {spark_submit.py:649} INFO - 24/10/15 21:44:57 INFO SparkContext: Starting job: parquet at NativeMethodAccessorImpl.java:0
[2024-10-15T21:44:57.787+0000] {spark_submit.py:649} INFO - 24/10/15 21:44:57 INFO DAGScheduler: Got job 0 (parquet at NativeMethodAccessorImpl.java:0) with 1 output partitions
[2024-10-15T21:44:57.787+0000] {spark_submit.py:649} INFO - 24/10/15 21:44:57 INFO DAGScheduler: Final stage: ResultStage 0 (parquet at NativeMethodAccessorImpl.java:0)
[2024-10-15T21:44:57.788+0000] {spark_submit.py:649} INFO - 24/10/15 21:44:57 INFO DAGScheduler: Parents of final stage: List()
[2024-10-15T21:44:57.789+0000] {spark_submit.py:649} INFO - 24/10/15 21:44:57 INFO DAGScheduler: Missing parents: List()
[2024-10-15T21:44:57.793+0000] {spark_submit.py:649} INFO - 24/10/15 21:44:57 INFO DAGScheduler: Submitting ResultStage 0 (MapPartitionsRDD[1] at parquet at NativeMethodAccessorImpl.java:0), which has no missing parents
[2024-10-15T21:44:58.032+0000] {spark_submit.py:649} INFO - 24/10/15 21:44:58 INFO MemoryStore: Block broadcast_0 stored as values in memory (estimated size 103.3 KiB, free 434.3 MiB)
[2024-10-15T21:44:58.220+0000] {spark_submit.py:649} INFO - 24/10/15 21:44:58 INFO MemoryStore: Block broadcast_0_piece0 stored as bytes in memory (estimated size 37.3 KiB, free 434.3 MiB)
[2024-10-15T21:44:58.224+0000] {spark_submit.py:649} INFO - 24/10/15 21:44:58 INFO BlockManagerInfo: Added broadcast_0_piece0 in memory on eeedff29a94a:36779 (size: 37.3 KiB, free: 434.4 MiB)
[2024-10-15T21:44:58.270+0000] {spark_submit.py:649} INFO - 24/10/15 21:44:58 INFO SparkContext: Created broadcast 0 from broadcast at DAGScheduler.scala:1585
[2024-10-15T21:44:58.310+0000] {spark_submit.py:649} INFO - 24/10/15 21:44:58 INFO DAGScheduler: Submitting 1 missing tasks from ResultStage 0 (MapPartitionsRDD[1] at parquet at NativeMethodAccessorImpl.java:0) (first 15 tasks are for partitions Vector(0))
[2024-10-15T21:44:58.312+0000] {spark_submit.py:649} INFO - 24/10/15 21:44:58 INFO TaskSchedulerImpl: Adding task set 0.0 with 1 tasks resource profile 0
[2024-10-15T21:45:07.494+0000] {spark_submit.py:649} INFO - 24/10/15 21:45:07 INFO StandaloneSchedulerBackend$StandaloneDriverEndpoint: Registered executor NettyRpcEndpointRef(spark-client://Executor) (172.18.0.2:48690) with ID 0,  ResourceProfileId 0
[2024-10-15T21:45:07.660+0000] {spark_submit.py:649} INFO - 24/10/15 21:45:07 INFO BlockManagerMasterEndpoint: Registering block manager 172.18.0.2:38021 with 434.4 MiB RAM, BlockManagerId(0, 172.18.0.2, 38021, None)
[2024-10-15T21:45:07.861+0000] {spark_submit.py:649} INFO - 24/10/15 21:45:07 INFO TaskSetManager: Starting task 0.0 in stage 0.0 (TID 0) (172.18.0.2, executor 0, partition 0, PROCESS_LOCAL, 9238 bytes)
[2024-10-15T21:45:09.740+0000] {spark_submit.py:649} INFO - 24/10/15 21:45:09 INFO StandaloneAppClient$ClientEndpoint: Executor updated: app-20241015214454-0004/0 is now EXITED (Command exited with code 50)
[2024-10-15T21:45:09.742+0000] {spark_submit.py:649} INFO - 24/10/15 21:45:09 INFO StandaloneSchedulerBackend: Executor app-20241015214454-0004/0 removed: Command exited with code 50
[2024-10-15T21:45:09.745+0000] {spark_submit.py:649} INFO - 24/10/15 21:45:09 ERROR TaskSchedulerImpl: Lost executor 0 on 172.18.0.2: Command exited with code 50
[2024-10-15T21:45:09.826+0000] {spark_submit.py:649} INFO - 24/10/15 21:45:09 WARN TaskSetManager: Lost task 0.0 in stage 0.0 (TID 0) (172.18.0.2 executor 0): ExecutorLostFailure (executor 0 exited caused by one of the running tasks) Reason: Command exited with code 50
[2024-10-15T21:45:09.917+0000] {spark_submit.py:649} INFO - 24/10/15 21:45:09 INFO DAGScheduler: Executor lost: 0 (epoch 0)
[2024-10-15T21:45:09.926+0000] {spark_submit.py:649} INFO - 24/10/15 21:45:09 INFO BlockManagerMasterEndpoint: Trying to remove executor 0 from BlockManagerMaster.
[2024-10-15T21:45:09.929+0000] {spark_submit.py:649} INFO - 24/10/15 21:45:09 INFO BlockManagerMasterEndpoint: Removing block manager BlockManagerId(0, 172.18.0.2, 38021, None)
[2024-10-15T21:45:09.930+0000] {spark_submit.py:649} INFO - 24/10/15 21:45:09 INFO BlockManagerMaster: Removed 0 successfully in removeExecutor
[2024-10-15T21:45:09.931+0000] {spark_submit.py:649} INFO - 24/10/15 21:45:09 INFO DAGScheduler: Shuffle files lost for executor: 0 (epoch 0)
[2024-10-15T21:45:11.258+0000] {spark_submit.py:649} INFO - 24/10/15 21:45:11 INFO StandaloneAppClient$ClientEndpoint: Executor added: app-20241015214454-0004/1 on worker-20241015211326-172.18.0.2-36469 (172.18.0.2:36469) with 6 core(s)
[2024-10-15T21:45:11.259+0000] {spark_submit.py:649} INFO - 24/10/15 21:45:11 INFO StandaloneSchedulerBackend: Granted executor ID app-20241015214454-0004/1 on hostPort 172.18.0.2:36469 with 6 core(s), 1024.0 MiB RAM
[2024-10-15T21:45:11.669+0000] {spark_submit.py:649} INFO - 24/10/15 21:45:11 INFO StandaloneAppClient$ClientEndpoint: Executor updated: app-20241015214454-0004/1 is now RUNNING
[2024-10-15T21:45:15.944+0000] {spark_submit.py:649} INFO - 24/10/15 21:45:15 INFO StandaloneSchedulerBackend$StandaloneDriverEndpoint: Registered executor NettyRpcEndpointRef(spark-client://Executor) (172.18.0.2:46728) with ID 1,  ResourceProfileId 0
[2024-10-15T21:45:16.047+0000] {spark_submit.py:649} INFO - 24/10/15 21:45:16 INFO BlockManagerMasterEndpoint: Registering block manager 172.18.0.2:39217 with 434.4 MiB RAM, BlockManagerId(1, 172.18.0.2, 39217, None)
[2024-10-15T21:45:16.109+0000] {spark_submit.py:649} INFO - 24/10/15 21:45:16 INFO TaskSetManager: Starting task 0.1 in stage 0.0 (TID 1) (172.18.0.2, executor 1, partition 0, PROCESS_LOCAL, 9238 bytes)
[2024-10-15T21:45:16.266+0000] {spark_submit.py:649} INFO - 24/10/15 21:45:16 INFO StandaloneAppClient$ClientEndpoint: Executor updated: app-20241015214454-0004/1 is now EXITED (Command exited with code 50)
[2024-10-15T21:45:16.267+0000] {spark_submit.py:649} INFO - 24/10/15 21:45:16 INFO StandaloneSchedulerBackend: Executor app-20241015214454-0004/1 removed: Command exited with code 50
[2024-10-15T21:45:16.268+0000] {spark_submit.py:649} INFO - 24/10/15 21:45:16 ERROR TaskSchedulerImpl: Lost executor 1 on 172.18.0.2: Command exited with code 50
[2024-10-15T21:45:16.269+0000] {spark_submit.py:649} INFO - 24/10/15 21:45:16 WARN TaskSetManager: Lost task 0.1 in stage 0.0 (TID 1) (172.18.0.2 executor 1): ExecutorLostFailure (executor 1 exited caused by one of the running tasks) Reason: Command exited with code 50
[2024-10-15T21:45:16.270+0000] {spark_submit.py:649} INFO - 24/10/15 21:45:16 INFO DAGScheduler: Executor lost: 1 (epoch 1)
[2024-10-15T21:45:16.271+0000] {spark_submit.py:649} INFO - 24/10/15 21:45:16 INFO BlockManagerMasterEndpoint: Trying to remove executor 1 from BlockManagerMaster.
[2024-10-15T21:45:16.272+0000] {spark_submit.py:649} INFO - 24/10/15 21:45:16 INFO BlockManagerMasterEndpoint: Removing block manager BlockManagerId(1, 172.18.0.2, 39217, None)
[2024-10-15T21:45:16.272+0000] {spark_submit.py:649} INFO - 24/10/15 21:45:16 INFO BlockManagerMaster: Removed 1 successfully in removeExecutor
[2024-10-15T21:45:16.273+0000] {spark_submit.py:649} INFO - 24/10/15 21:45:16 INFO DAGScheduler: Shuffle files lost for executor: 1 (epoch 1)
[2024-10-15T21:45:16.273+0000] {spark_submit.py:649} INFO - 24/10/15 21:45:16 INFO StandaloneAppClient$ClientEndpoint: Executor added: app-20241015214454-0004/2 on worker-20241015211326-172.18.0.2-36469 (172.18.0.2:36469) with 6 core(s)
[2024-10-15T21:45:16.274+0000] {spark_submit.py:649} INFO - 24/10/15 21:45:16 INFO StandaloneSchedulerBackend: Granted executor ID app-20241015214454-0004/2 on hostPort 172.18.0.2:36469 with 6 core(s), 1024.0 MiB RAM
[2024-10-15T21:45:16.331+0000] {spark_submit.py:649} INFO - 24/10/15 21:45:16 INFO StandaloneAppClient$ClientEndpoint: Executor updated: app-20241015214454-0004/2 is now RUNNING
[2024-10-15T21:45:18.546+0000] {spark_submit.py:649} INFO - 24/10/15 21:45:18 INFO StandaloneSchedulerBackend$StandaloneDriverEndpoint: Registered executor NettyRpcEndpointRef(spark-client://Executor) (172.18.0.2:46738) with ID 2,  ResourceProfileId 0
[2024-10-15T21:45:18.606+0000] {spark_submit.py:649} INFO - 24/10/15 21:45:18 INFO BlockManagerMasterEndpoint: Registering block manager 172.18.0.2:43607 with 434.4 MiB RAM, BlockManagerId(2, 172.18.0.2, 43607, None)
[2024-10-15T21:45:18.641+0000] {spark_submit.py:649} INFO - 24/10/15 21:45:18 INFO TaskSetManager: Starting task 0.2 in stage 0.0 (TID 2) (172.18.0.2, executor 2, partition 0, PROCESS_LOCAL, 9238 bytes)
[2024-10-15T21:45:18.797+0000] {spark_submit.py:649} INFO - 24/10/15 21:45:18 INFO StandaloneAppClient$ClientEndpoint: Executor updated: app-20241015214454-0004/2 is now EXITED (Command exited with code 50)
[2024-10-15T21:45:18.798+0000] {spark_submit.py:649} INFO - 24/10/15 21:45:18 INFO StandaloneSchedulerBackend: Executor app-20241015214454-0004/2 removed: Command exited with code 50
[2024-10-15T21:45:18.802+0000] {spark_submit.py:649} INFO - 24/10/15 21:45:18 INFO StandaloneAppClient$ClientEndpoint: Executor added: app-20241015214454-0004/3 on worker-20241015211326-172.18.0.2-36469 (172.18.0.2:36469) with 6 core(s)
[2024-10-15T21:45:18.803+0000] {spark_submit.py:649} INFO - 24/10/15 21:45:18 INFO StandaloneSchedulerBackend: Granted executor ID app-20241015214454-0004/3 on hostPort 172.18.0.2:36469 with 6 core(s), 1024.0 MiB RAM
[2024-10-15T21:45:18.804+0000] {spark_submit.py:649} INFO - 24/10/15 21:45:18 ERROR TaskSchedulerImpl: Lost executor 2 on 172.18.0.2: Command exited with code 50
[2024-10-15T21:45:18.805+0000] {spark_submit.py:649} INFO - 24/10/15 21:45:18 WARN TaskSetManager: Lost task 0.2 in stage 0.0 (TID 2) (172.18.0.2 executor 2): ExecutorLostFailure (executor 2 exited caused by one of the running tasks) Reason: Command exited with code 50
[2024-10-15T21:45:18.807+0000] {spark_submit.py:649} INFO - 24/10/15 21:45:18 INFO DAGScheduler: Executor lost: 2 (epoch 2)
[2024-10-15T21:45:18.809+0000] {spark_submit.py:649} INFO - 24/10/15 21:45:18 INFO BlockManagerMasterEndpoint: Trying to remove executor 2 from BlockManagerMaster.
[2024-10-15T21:45:18.810+0000] {spark_submit.py:649} INFO - 24/10/15 21:45:18 INFO BlockManagerMasterEndpoint: Removing block manager BlockManagerId(2, 172.18.0.2, 43607, None)
[2024-10-15T21:45:18.811+0000] {spark_submit.py:649} INFO - 24/10/15 21:45:18 INFO BlockManagerMaster: Removed 2 successfully in removeExecutor
[2024-10-15T21:45:18.811+0000] {spark_submit.py:649} INFO - 24/10/15 21:45:18 INFO DAGScheduler: Shuffle files lost for executor: 2 (epoch 2)
[2024-10-15T21:45:18.867+0000] {spark_submit.py:649} INFO - 24/10/15 21:45:18 INFO StandaloneAppClient$ClientEndpoint: Executor updated: app-20241015214454-0004/3 is now RUNNING
[2024-10-15T21:45:22.040+0000] {spark_submit.py:649} INFO - 24/10/15 21:45:22 INFO StandaloneSchedulerBackend$StandaloneDriverEndpoint: Registered executor NettyRpcEndpointRef(spark-client://Executor) (172.18.0.2:40868) with ID 3,  ResourceProfileId 0
[2024-10-15T21:45:22.139+0000] {spark_submit.py:649} INFO - 24/10/15 21:45:22 INFO BlockManagerMasterEndpoint: Registering block manager 172.18.0.2:41865 with 434.4 MiB RAM, BlockManagerId(3, 172.18.0.2, 41865, None)
[2024-10-15T21:45:22.186+0000] {spark_submit.py:649} INFO - 24/10/15 21:45:22 INFO TaskSetManager: Starting task 0.3 in stage 0.0 (TID 3) (172.18.0.2, executor 3, partition 0, PROCESS_LOCAL, 9238 bytes)
[2024-10-15T21:45:22.881+0000] {spark_submit.py:649} INFO - 24/10/15 21:45:22 INFO StandaloneAppClient$ClientEndpoint: Executor updated: app-20241015214454-0004/3 is now EXITED (Command exited with code 50)
[2024-10-15T21:45:22.882+0000] {spark_submit.py:649} INFO - 24/10/15 21:45:22 INFO StandaloneSchedulerBackend: Executor app-20241015214454-0004/3 removed: Command exited with code 50
[2024-10-15T21:45:22.882+0000] {spark_submit.py:649} INFO - 24/10/15 21:45:22 ERROR TaskSchedulerImpl: Lost executor 3 on 172.18.0.2: Command exited with code 50
[2024-10-15T21:45:22.883+0000] {spark_submit.py:649} INFO - 24/10/15 21:45:22 WARN TaskSetManager: Lost task 0.3 in stage 0.0 (TID 3) (172.18.0.2 executor 3): ExecutorLostFailure (executor 3 exited caused by one of the running tasks) Reason: Command exited with code 50
[2024-10-15T21:45:22.883+0000] {spark_submit.py:649} INFO - 24/10/15 21:45:22 ERROR TaskSetManager: Task 0 in stage 0.0 failed 4 times; aborting job
[2024-10-15T21:45:22.885+0000] {spark_submit.py:649} INFO - 24/10/15 21:45:22 INFO TaskSchedulerImpl: Removed TaskSet 0.0, whose tasks have all completed, from pool
[2024-10-15T21:45:22.888+0000] {spark_submit.py:649} INFO - 24/10/15 21:45:22 INFO TaskSchedulerImpl: Cancelling stage 0
[2024-10-15T21:45:22.889+0000] {spark_submit.py:649} INFO - 24/10/15 21:45:22 INFO TaskSchedulerImpl: Killing all running tasks in stage 0: Stage cancelled: Job aborted due to stage failure: Task 0 in stage 0.0 failed 4 times, most recent failure: Lost task 0.3 in stage 0.0 (TID 3) (172.18.0.2 executor 3): ExecutorLostFailure (executor 3 exited caused by one of the running tasks) Reason: Command exited with code 50
[2024-10-15T21:45:22.889+0000] {spark_submit.py:649} INFO - Driver stacktrace:
[2024-10-15T21:45:22.891+0000] {spark_submit.py:649} INFO - 24/10/15 21:45:22 INFO DAGScheduler: ResultStage 0 (parquet at NativeMethodAccessorImpl.java:0) failed in 25.018 s due to Job aborted due to stage failure: Task 0 in stage 0.0 failed 4 times, most recent failure: Lost task 0.3 in stage 0.0 (TID 3) (172.18.0.2 executor 3): ExecutorLostFailure (executor 3 exited caused by one of the running tasks) Reason: Command exited with code 50
[2024-10-15T21:45:22.893+0000] {spark_submit.py:649} INFO - Driver stacktrace:
[2024-10-15T21:45:22.897+0000] {spark_submit.py:649} INFO - 24/10/15 21:45:22 INFO StandaloneAppClient$ClientEndpoint: Executor added: app-20241015214454-0004/4 on worker-20241015211326-172.18.0.2-36469 (172.18.0.2:36469) with 6 core(s)
[2024-10-15T21:45:22.897+0000] {spark_submit.py:649} INFO - 24/10/15 21:45:22 INFO DAGScheduler: Executor lost: 3 (epoch 3)
[2024-10-15T21:45:22.898+0000] {spark_submit.py:649} INFO - 24/10/15 21:45:22 INFO StandaloneSchedulerBackend: Granted executor ID app-20241015214454-0004/4 on hostPort 172.18.0.2:36469 with 6 core(s), 1024.0 MiB RAM
[2024-10-15T21:45:22.898+0000] {spark_submit.py:649} INFO - 24/10/15 21:45:22 INFO BlockManagerMasterEndpoint: Trying to remove executor 3 from BlockManagerMaster.
[2024-10-15T21:45:22.899+0000] {spark_submit.py:649} INFO - 24/10/15 21:45:22 INFO DAGScheduler: Job 0 failed: parquet at NativeMethodAccessorImpl.java:0, took 25.146746 s
[2024-10-15T21:45:22.900+0000] {spark_submit.py:649} INFO - 24/10/15 21:45:22 INFO BlockManagerMasterEndpoint: Removing block manager BlockManagerId(3, 172.18.0.2, 41865, None)
[2024-10-15T21:45:22.900+0000] {spark_submit.py:649} INFO - 24/10/15 21:45:22 INFO BlockManagerMaster: Removed 3 successfully in removeExecutor
[2024-10-15T21:45:22.901+0000] {spark_submit.py:649} INFO - 24/10/15 21:45:22 INFO DAGScheduler: Shuffle files lost for executor: 3 (epoch 3)
[2024-10-15T21:45:23.025+0000] {spark_submit.py:649} INFO - Traceback (most recent call last):
[2024-10-15T21:45:23.025+0000] {spark_submit.py:649} INFO - File "/opt/bitnami/spark/src/scripts_spark/LoadFileToDB.py", line 10, in <module>
[2024-10-15T21:45:23.028+0000] {spark_submit.py:649} INFO - df = spark.read.parquet("/opt/***/datalake/silverzone/pichau_2024-10-11/dim_site.parquet")
[2024-10-15T21:45:23.029+0000] {spark_submit.py:649} INFO - ^^^^^^^^^^^^^^^^^^^^^^^^^^^^^^^^^^^^^^^^^^^^^^^^^^^^^^^^^^^^^^^^^^^^^^^^^^^^^^^^^^^^^^^^^
[2024-10-15T21:45:23.029+0000] {spark_submit.py:649} INFO - File "/home/***/.local/lib/python3.12/site-packages/pyspark/python/lib/pyspark.zip/pyspark/sql/readwriter.py", line 544, in parquet
[2024-10-15T21:45:23.030+0000] {spark_submit.py:649} INFO - File "/home/***/.local/lib/python3.12/site-packages/pyspark/python/lib/py4j-0.10.9.7-src.zip/py4j/java_gateway.py", line 1322, in __call__
[2024-10-15T21:45:23.031+0000] {spark_submit.py:649} INFO - File "/home/***/.local/lib/python3.12/site-packages/pyspark/python/lib/pyspark.zip/pyspark/errors/exceptions/captured.py", line 179, in deco
[2024-10-15T21:45:23.032+0000] {spark_submit.py:649} INFO - File "/home/***/.local/lib/python3.12/site-packages/pyspark/python/lib/py4j-0.10.9.7-src.zip/py4j/protocol.py", line 326, in get_return_value
[2024-10-15T21:45:23.034+0000] {spark_submit.py:649} INFO - py4j.protocol.Py4JJavaError: An error occurred while calling o26.parquet.
[2024-10-15T21:45:23.034+0000] {spark_submit.py:649} INFO - : org.apache.spark.SparkException: Job aborted due to stage failure: Task 0 in stage 0.0 failed 4 times, most recent failure: Lost task 0.3 in stage 0.0 (TID 3) (172.18.0.2 executor 3): ExecutorLostFailure (executor 3 exited caused by one of the running tasks) Reason: Command exited with code 50
[2024-10-15T21:45:23.035+0000] {spark_submit.py:649} INFO - Driver stacktrace:
[2024-10-15T21:45:23.035+0000] {spark_submit.py:649} INFO - at org.apache.spark.scheduler.DAGScheduler.failJobAndIndependentStages(DAGScheduler.scala:2856)
[2024-10-15T21:45:23.036+0000] {spark_submit.py:649} INFO - at org.apache.spark.scheduler.DAGScheduler.$anonfun$abortStage$2(DAGScheduler.scala:2792)
[2024-10-15T21:45:23.036+0000] {spark_submit.py:649} INFO - at org.apache.spark.scheduler.DAGScheduler.$anonfun$abortStage$2$adapted(DAGScheduler.scala:2791)
[2024-10-15T21:45:23.037+0000] {spark_submit.py:649} INFO - at scala.collection.mutable.ResizableArray.foreach(ResizableArray.scala:62)
[2024-10-15T21:45:23.037+0000] {spark_submit.py:649} INFO - at scala.collection.mutable.ResizableArray.foreach$(ResizableArray.scala:55)
[2024-10-15T21:45:23.038+0000] {spark_submit.py:649} INFO - at scala.collection.mutable.ArrayBuffer.foreach(ArrayBuffer.scala:49)
[2024-10-15T21:45:23.038+0000] {spark_submit.py:649} INFO - at org.apache.spark.scheduler.DAGScheduler.abortStage(DAGScheduler.scala:2791)
[2024-10-15T21:45:23.039+0000] {spark_submit.py:649} INFO - at org.apache.spark.scheduler.DAGScheduler.$anonfun$handleTaskSetFailed$1(DAGScheduler.scala:1247)
[2024-10-15T21:45:23.039+0000] {spark_submit.py:649} INFO - at org.apache.spark.scheduler.DAGScheduler.$anonfun$handleTaskSetFailed$1$adapted(DAGScheduler.scala:1247)
[2024-10-15T21:45:23.040+0000] {spark_submit.py:649} INFO - at scala.Option.foreach(Option.scala:407)
[2024-10-15T21:45:23.040+0000] {spark_submit.py:649} INFO - at org.apache.spark.scheduler.DAGScheduler.handleTaskSetFailed(DAGScheduler.scala:1247)
[2024-10-15T21:45:23.041+0000] {spark_submit.py:649} INFO - at org.apache.spark.scheduler.DAGSchedulerEventProcessLoop.doOnReceive(DAGScheduler.scala:3060)
[2024-10-15T21:45:23.041+0000] {spark_submit.py:649} INFO - at org.apache.spark.scheduler.DAGSchedulerEventProcessLoop.onReceive(DAGScheduler.scala:2994)
[2024-10-15T21:45:23.041+0000] {spark_submit.py:649} INFO - at org.apache.spark.scheduler.DAGSchedulerEventProcessLoop.onReceive(DAGScheduler.scala:2983)
[2024-10-15T21:45:23.042+0000] {spark_submit.py:649} INFO - at org.apache.spark.util.EventLoop$$anon$1.run(EventLoop.scala:49)
[2024-10-15T21:45:23.042+0000] {spark_submit.py:649} INFO - at org.apache.spark.scheduler.DAGScheduler.runJob(DAGScheduler.scala:989)
[2024-10-15T21:45:23.043+0000] {spark_submit.py:649} INFO - at org.apache.spark.SparkContext.runJob(SparkContext.scala:2393)
[2024-10-15T21:45:23.044+0000] {spark_submit.py:649} INFO - at org.apache.spark.SparkContext.runJob(SparkContext.scala:2414)
[2024-10-15T21:45:23.044+0000] {spark_submit.py:649} INFO - at org.apache.spark.SparkContext.runJob(SparkContext.scala:2433)
[2024-10-15T21:45:23.044+0000] {spark_submit.py:649} INFO - at org.apache.spark.SparkContext.runJob(SparkContext.scala:2458)
[2024-10-15T21:45:23.045+0000] {spark_submit.py:649} INFO - at org.apache.spark.rdd.RDD.$anonfun$collect$1(RDD.scala:1049)
[2024-10-15T21:45:23.045+0000] {spark_submit.py:649} INFO - at org.apache.spark.rdd.RDDOperationScope$.withScope(RDDOperationScope.scala:151)
[2024-10-15T21:45:23.046+0000] {spark_submit.py:649} INFO - at org.apache.spark.rdd.RDDOperationScope$.withScope(RDDOperationScope.scala:112)
[2024-10-15T21:45:23.046+0000] {spark_submit.py:649} INFO - at org.apache.spark.rdd.RDD.withScope(RDD.scala:410)
[2024-10-15T21:45:23.046+0000] {spark_submit.py:649} INFO - at org.apache.spark.rdd.RDD.collect(RDD.scala:1048)
[2024-10-15T21:45:23.047+0000] {spark_submit.py:649} INFO - at org.apache.spark.sql.execution.datasources.SchemaMergeUtils$.mergeSchemasInParallel(SchemaMergeUtils.scala:74)
[2024-10-15T21:45:23.047+0000] {spark_submit.py:649} INFO - at org.apache.spark.sql.execution.datasources.parquet.ParquetFileFormat$.mergeSchemasInParallel(ParquetFileFormat.scala:497)
[2024-10-15T21:45:23.048+0000] {spark_submit.py:649} INFO - at org.apache.spark.sql.execution.datasources.parquet.ParquetUtils$.inferSchema(ParquetUtils.scala:132)
[2024-10-15T21:45:23.048+0000] {spark_submit.py:649} INFO - at org.apache.spark.sql.execution.datasources.parquet.ParquetFileFormat.inferSchema(ParquetFileFormat.scala:79)
[2024-10-15T21:45:23.049+0000] {spark_submit.py:649} INFO - at org.apache.spark.sql.execution.datasources.DataSource.$anonfun$getOrInferFileFormatSchema$11(DataSource.scala:208)
[2024-10-15T21:45:23.049+0000] {spark_submit.py:649} INFO - at scala.Option.orElse(Option.scala:447)
[2024-10-15T21:45:23.050+0000] {spark_submit.py:649} INFO - at org.apache.spark.sql.execution.datasources.DataSource.getOrInferFileFormatSchema(DataSource.scala:205)
[2024-10-15T21:45:23.050+0000] {spark_submit.py:649} INFO - at org.apache.spark.sql.execution.datasources.DataSource.resolveRelation(DataSource.scala:407)
[2024-10-15T21:45:23.050+0000] {spark_submit.py:649} INFO - at org.apache.spark.sql.DataFrameReader.loadV1Source(DataFrameReader.scala:229)
[2024-10-15T21:45:23.051+0000] {spark_submit.py:649} INFO - at org.apache.spark.sql.DataFrameReader.$anonfun$load$2(DataFrameReader.scala:211)
[2024-10-15T21:45:23.051+0000] {spark_submit.py:649} INFO - at scala.Option.getOrElse(Option.scala:189)
[2024-10-15T21:45:23.051+0000] {spark_submit.py:649} INFO - at org.apache.spark.sql.DataFrameReader.load(DataFrameReader.scala:211)
[2024-10-15T21:45:23.052+0000] {spark_submit.py:649} INFO - at org.apache.spark.sql.DataFrameReader.parquet(DataFrameReader.scala:563)
[2024-10-15T21:45:23.052+0000] {spark_submit.py:649} INFO - at java.base/jdk.internal.reflect.NativeMethodAccessorImpl.invoke0(Native Method)
[2024-10-15T21:45:23.053+0000] {spark_submit.py:649} INFO - at java.base/jdk.internal.reflect.NativeMethodAccessorImpl.invoke(NativeMethodAccessorImpl.java:77)
[2024-10-15T21:45:23.053+0000] {spark_submit.py:649} INFO - at java.base/jdk.internal.reflect.DelegatingMethodAccessorImpl.invoke(DelegatingMethodAccessorImpl.java:43)
[2024-10-15T21:45:23.053+0000] {spark_submit.py:649} INFO - at java.base/java.lang.reflect.Method.invoke(Method.java:569)
[2024-10-15T21:45:23.054+0000] {spark_submit.py:649} INFO - at py4j.reflection.MethodInvoker.invoke(MethodInvoker.java:244)
[2024-10-15T21:45:23.054+0000] {spark_submit.py:649} INFO - at py4j.reflection.ReflectionEngine.invoke(ReflectionEngine.java:374)
[2024-10-15T21:45:23.054+0000] {spark_submit.py:649} INFO - at py4j.Gateway.invoke(Gateway.java:282)
[2024-10-15T21:45:23.055+0000] {spark_submit.py:649} INFO - at py4j.commands.AbstractCommand.invokeMethod(AbstractCommand.java:132)
[2024-10-15T21:45:23.055+0000] {spark_submit.py:649} INFO - at py4j.commands.CallCommand.execute(CallCommand.java:79)
[2024-10-15T21:45:23.056+0000] {spark_submit.py:649} INFO - at py4j.ClientServerConnection.waitForCommands(ClientServerConnection.java:182)
[2024-10-15T21:45:23.056+0000] {spark_submit.py:649} INFO - at py4j.ClientServerConnection.run(ClientServerConnection.java:106)
[2024-10-15T21:45:23.056+0000] {spark_submit.py:649} INFO - at java.base/java.lang.Thread.run(Thread.java:840)
[2024-10-15T21:45:23.057+0000] {spark_submit.py:649} INFO - 
[2024-10-15T21:45:23.131+0000] {spark_submit.py:649} INFO - 24/10/15 21:45:23 INFO SparkContext: Invoking stop() from shutdown hook
[2024-10-15T21:45:23.131+0000] {spark_submit.py:649} INFO - 24/10/15 21:45:23 INFO SparkContext: SparkContext is stopping with exitCode 0.
[2024-10-15T21:45:23.227+0000] {spark_submit.py:649} INFO - 24/10/15 21:45:23 INFO SparkUI: Stopped Spark web UI at http://eeedff29a94a:4040
[2024-10-15T21:45:23.231+0000] {spark_submit.py:649} INFO - 24/10/15 21:45:23 INFO StandaloneSchedulerBackend: Shutting down all executors
[2024-10-15T21:45:23.231+0000] {spark_submit.py:649} INFO - 24/10/15 21:45:23 INFO StandaloneSchedulerBackend$StandaloneDriverEndpoint: Asking each executor to shut down
[2024-10-15T21:45:23.268+0000] {spark_submit.py:649} INFO - 24/10/15 21:45:23 INFO MapOutputTrackerMasterEndpoint: MapOutputTrackerMasterEndpoint stopped!
[2024-10-15T21:45:23.384+0000] {spark_submit.py:649} INFO - 24/10/15 21:45:23 INFO MemoryStore: MemoryStore cleared
[2024-10-15T21:45:23.385+0000] {spark_submit.py:649} INFO - 24/10/15 21:45:23 INFO BlockManager: BlockManager stopped
[2024-10-15T21:45:23.407+0000] {spark_submit.py:649} INFO - 24/10/15 21:45:23 INFO BlockManagerMaster: BlockManagerMaster stopped
[2024-10-15T21:45:23.409+0000] {spark_submit.py:649} INFO - 24/10/15 21:45:23 INFO OutputCommitCoordinator$OutputCommitCoordinatorEndpoint: OutputCommitCoordinator stopped!
[2024-10-15T21:45:23.418+0000] {spark_submit.py:649} INFO - 24/10/15 21:45:23 INFO SparkContext: Successfully stopped SparkContext
[2024-10-15T21:45:23.419+0000] {spark_submit.py:649} INFO - 24/10/15 21:45:23 INFO ShutdownHookManager: Shutdown hook called
[2024-10-15T21:45:23.420+0000] {spark_submit.py:649} INFO - 24/10/15 21:45:23 INFO ShutdownHookManager: Deleting directory /tmp/spark-03cff379-7adc-42e8-a3d5-976a078caa2c
[2024-10-15T21:45:23.424+0000] {spark_submit.py:649} INFO - 24/10/15 21:45:23 INFO ShutdownHookManager: Deleting directory /tmp/spark-689c1a68-6167-41a0-b0b9-1de187b8e8b4/pyspark-1b274520-a9f8-470d-8b37-80024ef02a64
[2024-10-15T21:45:23.428+0000] {spark_submit.py:649} INFO - 24/10/15 21:45:23 INFO ShutdownHookManager: Deleting directory /tmp/spark-689c1a68-6167-41a0-b0b9-1de187b8e8b4
[2024-10-15T21:45:23.532+0000] {taskinstance.py:3310} ERROR - Task failed with exception
Traceback (most recent call last):
  File "/home/airflow/.local/lib/python3.12/site-packages/airflow/models/taskinstance.py", line 767, in _execute_task
    result = _execute_callable(context=context, **execute_callable_kwargs)
             ^^^^^^^^^^^^^^^^^^^^^^^^^^^^^^^^^^^^^^^^^^^^^^^^^^^^^^^^^^^^^
  File "/home/airflow/.local/lib/python3.12/site-packages/airflow/models/taskinstance.py", line 733, in _execute_callable
    return ExecutionCallableRunner(
           ^^^^^^^^^^^^^^^^^^^^^^^^
  File "/home/airflow/.local/lib/python3.12/site-packages/airflow/utils/operator_helpers.py", line 252, in run
    return self.func(*args, **kwargs)
           ^^^^^^^^^^^^^^^^^^^^^^^^^^
  File "/home/airflow/.local/lib/python3.12/site-packages/airflow/models/baseoperator.py", line 406, in wrapper
    return func(self, *args, **kwargs)
           ^^^^^^^^^^^^^^^^^^^^^^^^^^^
  File "/home/airflow/.local/lib/python3.12/site-packages/airflow/providers/apache/spark/operators/spark_submit.py", line 176, in execute
    self._hook.submit(self.application)
  File "/home/airflow/.local/lib/python3.12/site-packages/airflow/providers/apache/spark/hooks/spark_submit.py", line 575, in submit
    raise AirflowException(
airflow.exceptions.AirflowException: Cannot execute: spark-submit --master spark://spark:7077 --name arrow-spark --verbose --deploy-mode client /opt/bitnami/spark/src/scripts_spark/LoadFileToDB.py. Error code is: 1.
[2024-10-15T21:45:23.546+0000] {taskinstance.py:1225} INFO - Marking task as FAILED. dag_id=LoadWebScraping, task_id=submit_job, run_id=manual__2024-10-15T21:44:46.850373+00:00, execution_date=20241015T214446, start_date=20241015T214448, end_date=20241015T214523
[2024-10-15T21:45:23.562+0000] {taskinstance.py:340} INFO - ::group::Post task execution logs
[2024-10-15T21:45:23.563+0000] {standard_task_runner.py:124} ERROR - Failed to execute job 47 for task submit_job (Cannot execute: spark-submit --master spark://spark:7077 --name arrow-spark --verbose --deploy-mode client /opt/bitnami/spark/src/scripts_spark/LoadFileToDB.py. Error code is: 1.; 1767)
Traceback (most recent call last):
  File "/home/airflow/.local/lib/python3.12/site-packages/airflow/task/task_runner/standard_task_runner.py", line 117, in _start_by_fork
    ret = args.func(args, dag=self.dag)
          ^^^^^^^^^^^^^^^^^^^^^^^^^^^^^
  File "/home/airflow/.local/lib/python3.12/site-packages/airflow/cli/cli_config.py", line 49, in command
    return func(*args, **kwargs)
           ^^^^^^^^^^^^^^^^^^^^^
  File "/home/airflow/.local/lib/python3.12/site-packages/airflow/utils/cli.py", line 115, in wrapper
    return f(*args, **kwargs)
           ^^^^^^^^^^^^^^^^^^
  File "/home/airflow/.local/lib/python3.12/site-packages/airflow/cli/commands/task_command.py", line 483, in task_run
    task_return_code = _run_task_by_selected_method(args, _dag, ti)
                       ^^^^^^^^^^^^^^^^^^^^^^^^^^^^^^^^^^^^^^^^^^^^
  File "/home/airflow/.local/lib/python3.12/site-packages/airflow/cli/commands/task_command.py", line 256, in _run_task_by_selected_method
    return _run_raw_task(args, ti)
           ^^^^^^^^^^^^^^^^^^^^^^^
  File "/home/airflow/.local/lib/python3.12/site-packages/airflow/cli/commands/task_command.py", line 341, in _run_raw_task
    return ti._run_raw_task(
           ^^^^^^^^^^^^^^^^^
  File "/home/airflow/.local/lib/python3.12/site-packages/airflow/utils/session.py", line 97, in wrapper
    return func(*args, session=session, **kwargs)
           ^^^^^^^^^^^^^^^^^^^^^^^^^^^^^^^^^^^^^^
  File "/home/airflow/.local/lib/python3.12/site-packages/airflow/models/taskinstance.py", line 3004, in _run_raw_task
    return _run_raw_task(
           ^^^^^^^^^^^^^^
  File "/home/airflow/.local/lib/python3.12/site-packages/airflow/models/taskinstance.py", line 273, in _run_raw_task
    TaskInstance._execute_task_with_callbacks(
  File "/home/airflow/.local/lib/python3.12/site-packages/airflow/models/taskinstance.py", line 3158, in _execute_task_with_callbacks
    result = self._execute_task(context, task_orig)
             ^^^^^^^^^^^^^^^^^^^^^^^^^^^^^^^^^^^^^^
  File "/home/airflow/.local/lib/python3.12/site-packages/airflow/models/taskinstance.py", line 3182, in _execute_task
    return _execute_task(self, context, task_orig)
           ^^^^^^^^^^^^^^^^^^^^^^^^^^^^^^^^^^^^^^^
  File "/home/airflow/.local/lib/python3.12/site-packages/airflow/models/taskinstance.py", line 767, in _execute_task
    result = _execute_callable(context=context, **execute_callable_kwargs)
             ^^^^^^^^^^^^^^^^^^^^^^^^^^^^^^^^^^^^^^^^^^^^^^^^^^^^^^^^^^^^^
  File "/home/airflow/.local/lib/python3.12/site-packages/airflow/models/taskinstance.py", line 733, in _execute_callable
    return ExecutionCallableRunner(
           ^^^^^^^^^^^^^^^^^^^^^^^^
  File "/home/airflow/.local/lib/python3.12/site-packages/airflow/utils/operator_helpers.py", line 252, in run
    return self.func(*args, **kwargs)
           ^^^^^^^^^^^^^^^^^^^^^^^^^^
  File "/home/airflow/.local/lib/python3.12/site-packages/airflow/models/baseoperator.py", line 406, in wrapper
    return func(self, *args, **kwargs)
           ^^^^^^^^^^^^^^^^^^^^^^^^^^^
  File "/home/airflow/.local/lib/python3.12/site-packages/airflow/providers/apache/spark/operators/spark_submit.py", line 176, in execute
    self._hook.submit(self.application)
  File "/home/airflow/.local/lib/python3.12/site-packages/airflow/providers/apache/spark/hooks/spark_submit.py", line 575, in submit
    raise AirflowException(
airflow.exceptions.AirflowException: Cannot execute: spark-submit --master spark://spark:7077 --name arrow-spark --verbose --deploy-mode client /opt/bitnami/spark/src/scripts_spark/LoadFileToDB.py. Error code is: 1.
[2024-10-15T21:45:23.637+0000] {local_task_job_runner.py:266} INFO - Task exited with return code 1
[2024-10-15T21:45:23.651+0000] {taskinstance.py:3900} INFO - 0 downstream tasks scheduled from follow-on schedule check
[2024-10-15T21:45:23.658+0000] {local_task_job_runner.py:245} INFO - ::endgroup::
