[2024-10-10T00:05:00.729+0000] {local_task_job_runner.py:123} INFO - ::group::Pre task execution logs
[2024-10-10T00:05:00.748+0000] {taskinstance.py:2612} INFO - Dependencies all met for dep_context=non-requeueable deps ti=<TaskInstance: LoadWebScraping.create_tables manual__2024-10-10T00:04:58.958795+00:00 [queued]>
[2024-10-10T00:05:00.757+0000] {taskinstance.py:2612} INFO - Dependencies all met for dep_context=requeueable deps ti=<TaskInstance: LoadWebScraping.create_tables manual__2024-10-10T00:04:58.958795+00:00 [queued]>
[2024-10-10T00:05:00.758+0000] {taskinstance.py:2865} INFO - Starting attempt 1 of 1
[2024-10-10T00:05:00.772+0000] {taskinstance.py:2888} INFO - Executing <Task(PostgresOperator): create_tables> on 2024-10-10 00:04:58.958795+00:00
[2024-10-10T00:05:00.777+0000] {warnings.py:112} WARNING - /home/***/.local/lib/python3.12/site-packages/***/task/task_runner/standard_task_runner.py:70: DeprecationWarning: This process (pid=11638) is multi-threaded, use of fork() may lead to deadlocks in the child.
  pid = os.fork()

[2024-10-10T00:05:00.779+0000] {standard_task_runner.py:72} INFO - Started process 11640 to run task
[2024-10-10T00:05:00.779+0000] {standard_task_runner.py:104} INFO - Running: ['***', 'tasks', 'run', 'LoadWebScraping', 'create_tables', 'manual__2024-10-10T00:04:58.958795+00:00', '--job-id', '1560', '--raw', '--subdir', 'DAGS_FOLDER/LoadWebScraping.py', '--cfg-path', '/tmp/tmplgjeiyus']
[2024-10-10T00:05:00.781+0000] {standard_task_runner.py:105} INFO - Job 1560: Subtask create_tables
[2024-10-10T00:05:00.824+0000] {task_command.py:467} INFO - Running <TaskInstance: LoadWebScraping.create_tables manual__2024-10-10T00:04:58.958795+00:00 [running]> on host 97b4e38b3eb9
[2024-10-10T00:05:01.083+0000] {taskinstance.py:3131} INFO - Exporting env vars: AIRFLOW_CTX_DAG_OWNER='***' AIRFLOW_CTX_DAG_ID='LoadWebScraping' AIRFLOW_CTX_TASK_ID='create_tables' AIRFLOW_CTX_EXECUTION_DATE='2024-10-10T00:04:58.958795+00:00' AIRFLOW_CTX_TRY_NUMBER='1' AIRFLOW_CTX_DAG_RUN_ID='manual__2024-10-10T00:04:58.958795+00:00'
[2024-10-10T00:05:01.084+0000] {taskinstance.py:731} INFO - ::endgroup::
[2024-10-10T00:05:01.097+0000] {sql.py:266} INFO - Executing:  

                CREATE TABLE IF NOT EXISTS TB_DIM_SITE
                (
                ID_SITE SERIAL PRIMARY KEY,
                NAME_SITE VARCHAR(255) UNIQUE
                );

                CREATE TABLE IF NOT EXISTS TB_DIM_CATEGORY 
                (   
                    ID_CATEGORY SERIAL PRIMARY KEY,
                    NAME_CATEGORY VARCHAR(255)  UNIQUE
                );

                CREATE TABLE IF NOT EXISTS TB_DIM_MARK
                (
                    ID_MARK SERIAL PRIMARY KEY,
                    NAME_MARK VARCHAR(255) UNIQUE
                );

                CREATE TABLE IF NOT EXISTS TB_FACT_MEMORY 
                (
                    ID_MEMORY SERIAL PRIMARY KEY,
                    MHZ BIGINT,
                    DDR BIGINT,
                    LATENCY BIGINT,
                    VALUE DECIMAL(10,2),
                    URI VARCHAR(255),
                    DATA_COLLECT VARCHAR(255),
                    ID_CATEGORY_FK BIGINT,
                    ID_SITE_FK BIGINT,
                    ID_MARK_FK BIGINT,

                    FOREIGN KEY (ID_MARK_FK) REFERENCES TB_DIM_MARK(ID_MARK) ON DELETE CASCADE, 
                    FOREIGN KEY (ID_SITE_FK) REFERENCES TB_DIM_SITE(ID_SITE) ON DELETE CASCADE,
                    FOREIGN KEY (ID_CATEGORY_FK) REFERENCES TB_DIM_CATEGORY(ID_CATEGORY) ON DELETE CASCADE
                );

                CREATE TABLE IF NOT EXISTS TB_FACT_PROCESSOR
                (
                    ID_PROCESSOR SERIAL PRIMARY KEY,
                    MODEL VARCHAR(255),
                    FREQUENCY_BASE FLOAT,
                    CACHE BIGINT,
                    SOCKET VARCHAR(255),
                    VALUE DECIMAL(10,2),
                    URI VARCHAR(255),
                    DATA_COLLECT VARCHAR(255),
                    ID_CATEGORY_FK BIGINT,
                    ID_SITE_FK BIGINT,
                    ID_MARK_FK BIGINT,

                    FOREIGN KEY (ID_MARK_FK) REFERENCES TB_DIM_MARK(ID_MARK) ON DELETE CASCADE, 
                    FOREIGN KEY (ID_SITE_FK) REFERENCES TB_DIM_SITE(ID_SITE) ON DELETE CASCADE,
                    FOREIGN KEY (ID_CATEGORY_FK) REFERENCES TB_DIM_CATEGORY(ID_CATEGORY) ON DELETE CASCADE
                );

                CREATE TABLE IF NOT EXISTS TB_FACT_VIDEO_CARD
                (
                    ID_VIDEO_CARD SERIAL PRIMARY KEY,
                    MODEL VARCHAR(255),
                    GB INT,
                    MEMORY VARCHAR(255),
                    VALUE DECIMAL(10,2),
                    URI VARCHAR(255),
                    DATA_COLLECT VARCHAR(255),
                    ID_CATEGORY_FK BIGINT,
                    ID_SITE_FK BIGINT,
                    ID_MARK_FK BIGINT,

                    FOREIGN KEY (ID_MARK_FK) REFERENCES TB_DIM_MARK(ID_MARK) ON DELETE CASCADE, 
                    FOREIGN KEY (ID_SITE_FK) REFERENCES TB_DIM_SITE(ID_SITE) ON DELETE CASCADE,
                    FOREIGN KEY (ID_CATEGORY_FK) REFERENCES TB_DIM_CATEGORY(ID_CATEGORY) ON DELETE CASCADE
                );

                CREATE TABLE IF NOT EXISTS TB_FACT_MOTHERBOARD
                (
                    ID_MOTHERBOARD SERIAL PRIMARY KEY,
                    SOCKET VARCHAR(255),
                    DDR BIGINT,
                    MODEL VARCHAR(255),
                    VALUE DECIMAL(10,2),
                    URI VARCHAR(255),
                    DATA_COLLECT VARCHAR(255),
                    ID_CATEGORY_FK BIGINT,
                    ID_SITE_FK BIGINT,
                    ID_MARK_FK BIGINT,

                   FOREIGN KEY (ID_MARK_FK) REFERENCES TB_DIM_MARK(ID_MARK) ON DELETE CASCADE, 
                    FOREIGN KEY (ID_SITE_FK) REFERENCES TB_DIM_SITE(ID_SITE) ON DELETE CASCADE,
                    FOREIGN KEY (ID_CATEGORY_FK) REFERENCES TB_DIM_CATEGORY(ID_CATEGORY) ON DELETE CASCADE
                    
                );
[2024-10-10T00:05:01.106+0000] {base.py:84} INFO - Retrieving connection 'postgres-***'
[2024-10-10T00:05:01.113+0000] {base.py:84} INFO - Retrieving connection 'postgres-***'
[2024-10-10T00:05:01.123+0000] {sql.py:509} INFO - Running statement:  

                CREATE TABLE IF NOT EXISTS TB_DIM_SITE
                (
                ID_SITE SERIAL PRIMARY KEY,
                NAME_SITE VARCHAR(255) UNIQUE
                );

                CREATE TABLE IF NOT EXISTS TB_DIM_CATEGORY 
                (   
                    ID_CATEGORY SERIAL PRIMARY KEY,
                    NAME_CATEGORY VARCHAR(255)  UNIQUE
                );

                CREATE TABLE IF NOT EXISTS TB_DIM_MARK
                (
                    ID_MARK SERIAL PRIMARY KEY,
                    NAME_MARK VARCHAR(255) UNIQUE
                );

                CREATE TABLE IF NOT EXISTS TB_FACT_MEMORY 
                (
                    ID_MEMORY SERIAL PRIMARY KEY,
                    MHZ BIGINT,
                    DDR BIGINT,
                    LATENCY BIGINT,
                    VALUE DECIMAL(10,2),
                    URI VARCHAR(255),
                    DATA_COLLECT VARCHAR(255),
                    ID_CATEGORY_FK BIGINT,
                    ID_SITE_FK BIGINT,
                    ID_MARK_FK BIGINT,

                    FOREIGN KEY (ID_MARK_FK) REFERENCES TB_DIM_MARK(ID_MARK) ON DELETE CASCADE, 
                    FOREIGN KEY (ID_SITE_FK) REFERENCES TB_DIM_SITE(ID_SITE) ON DELETE CASCADE,
                    FOREIGN KEY (ID_CATEGORY_FK) REFERENCES TB_DIM_CATEGORY(ID_CATEGORY) ON DELETE CASCADE
                );

                CREATE TABLE IF NOT EXISTS TB_FACT_PROCESSOR
                (
                    ID_PROCESSOR SERIAL PRIMARY KEY,
                    MODEL VARCHAR(255),
                    FREQUENCY_BASE FLOAT,
                    CACHE BIGINT,
                    SOCKET VARCHAR(255),
                    VALUE DECIMAL(10,2),
                    URI VARCHAR(255),
                    DATA_COLLECT VARCHAR(255),
                    ID_CATEGORY_FK BIGINT,
                    ID_SITE_FK BIGINT,
                    ID_MARK_FK BIGINT,

                    FOREIGN KEY (ID_MARK_FK) REFERENCES TB_DIM_MARK(ID_MARK) ON DELETE CASCADE, 
                    FOREIGN KEY (ID_SITE_FK) REFERENCES TB_DIM_SITE(ID_SITE) ON DELETE CASCADE,
                    FOREIGN KEY (ID_CATEGORY_FK) REFERENCES TB_DIM_CATEGORY(ID_CATEGORY) ON DELETE CASCADE
                );

                CREATE TABLE IF NOT EXISTS TB_FACT_VIDEO_CARD
                (
                    ID_VIDEO_CARD SERIAL PRIMARY KEY,
                    MODEL VARCHAR(255),
                    GB INT,
                    MEMORY VARCHAR(255),
                    VALUE DECIMAL(10,2),
                    URI VARCHAR(255),
                    DATA_COLLECT VARCHAR(255),
                    ID_CATEGORY_FK BIGINT,
                    ID_SITE_FK BIGINT,
                    ID_MARK_FK BIGINT,

                    FOREIGN KEY (ID_MARK_FK) REFERENCES TB_DIM_MARK(ID_MARK) ON DELETE CASCADE, 
                    FOREIGN KEY (ID_SITE_FK) REFERENCES TB_DIM_SITE(ID_SITE) ON DELETE CASCADE,
                    FOREIGN KEY (ID_CATEGORY_FK) REFERENCES TB_DIM_CATEGORY(ID_CATEGORY) ON DELETE CASCADE
                );

                CREATE TABLE IF NOT EXISTS TB_FACT_MOTHERBOARD
                (
                    ID_MOTHERBOARD SERIAL PRIMARY KEY,
                    SOCKET VARCHAR(255),
                    DDR BIGINT,
                    MODEL VARCHAR(255),
                    VALUE DECIMAL(10,2),
                    URI VARCHAR(255),
                    DATA_COLLECT VARCHAR(255),
                    ID_CATEGORY_FK BIGINT,
                    ID_SITE_FK BIGINT,
                    ID_MARK_FK BIGINT,

                   FOREIGN KEY (ID_MARK_FK) REFERENCES TB_DIM_MARK(ID_MARK) ON DELETE CASCADE, 
                    FOREIGN KEY (ID_SITE_FK) REFERENCES TB_DIM_SITE(ID_SITE) ON DELETE CASCADE,
                    FOREIGN KEY (ID_CATEGORY_FK) REFERENCES TB_DIM_CATEGORY(ID_CATEGORY) ON DELETE CASCADE
                    
                );, parameters: None
[2024-10-10T00:05:01.137+0000] {taskinstance.py:340} INFO - ::group::Post task execution logs
[2024-10-10T00:05:01.137+0000] {taskinstance.py:352} INFO - Marking task as SUCCESS. dag_id=LoadWebScraping, task_id=create_tables, run_id=manual__2024-10-10T00:04:58.958795+00:00, execution_date=20241010T000458, start_date=20241010T000500, end_date=20241010T000501
[2024-10-10T00:05:01.194+0000] {local_task_job_runner.py:266} INFO - Task exited with return code 0
[2024-10-10T00:05:01.204+0000] {warnings.py:112} WARNING - /home/***/.local/lib/python3.12/site-packages/***/models/baseoperator.py:1378: AirflowProviderDeprecationWarning: Call to deprecated class PostgresOperator. (Please use `***.providers.common.sql.operators.sql.SQLExecuteQueryOperator`.Also, you can provide `hook_params={'schema': <database>}`.)
  result = cls.__new__(cls)

[2024-10-10T00:05:01.216+0000] {taskinstance.py:3900} INFO - 1 downstream tasks scheduled from follow-on schedule check
[2024-10-10T00:05:01.220+0000] {local_task_job_runner.py:245} INFO - ::endgroup::
