[2024-10-15T23:18:05.492+0000] {local_task_job_runner.py:123} INFO - ::group::Pre task execution logs
[2024-10-15T23:18:05.509+0000] {taskinstance.py:2612} INFO - Dependencies all met for dep_context=non-requeueable deps ti=<TaskInstance: LoadWebScraping.spark_submit_task manual__2024-10-15T23:18:03.641197+00:00 [queued]>
[2024-10-15T23:18:05.517+0000] {taskinstance.py:2612} INFO - Dependencies all met for dep_context=requeueable deps ti=<TaskInstance: LoadWebScraping.spark_submit_task manual__2024-10-15T23:18:03.641197+00:00 [queued]>
[2024-10-15T23:18:05.517+0000] {taskinstance.py:2865} INFO - Starting attempt 1 of 1
[2024-10-15T23:18:05.532+0000] {taskinstance.py:2888} INFO - Executing <Task(SparkSubmitOperator): spark_submit_task> on 2024-10-15 23:18:03.641197+00:00
[2024-10-15T23:18:05.538+0000] {warnings.py:112} WARNING - /home/***/.local/lib/python3.12/site-packages/***/task/task_runner/standard_task_runner.py:70: DeprecationWarning: This process (pid=451) is multi-threaded, use of fork() may lead to deadlocks in the child.
  pid = os.fork()

[2024-10-15T23:18:05.540+0000] {standard_task_runner.py:72} INFO - Started process 453 to run task
[2024-10-15T23:18:05.540+0000] {standard_task_runner.py:104} INFO - Running: ['***', 'tasks', 'run', 'LoadWebScraping', 'spark_submit_task', 'manual__2024-10-15T23:18:03.641197+00:00', '--job-id', '67', '--raw', '--subdir', 'DAGS_FOLDER/LoadWebScraping.py', '--cfg-path', '/tmp/tmpwhmn2ly0']
[2024-10-15T23:18:05.542+0000] {standard_task_runner.py:105} INFO - Job 67: Subtask spark_submit_task
[2024-10-15T23:18:05.586+0000] {task_command.py:467} INFO - Running <TaskInstance: LoadWebScraping.spark_submit_task manual__2024-10-15T23:18:03.641197+00:00 [running]> on host d729c3258121
[2024-10-15T23:18:05.864+0000] {taskinstance.py:3131} INFO - Exporting env vars: AIRFLOW_CTX_DAG_OWNER='***' AIRFLOW_CTX_DAG_ID='LoadWebScraping' AIRFLOW_CTX_TASK_ID='spark_submit_task' AIRFLOW_CTX_EXECUTION_DATE='2024-10-15T23:18:03.641197+00:00' AIRFLOW_CTX_TRY_NUMBER='1' AIRFLOW_CTX_DAG_RUN_ID='manual__2024-10-15T23:18:03.641197+00:00'
[2024-10-15T23:18:05.865+0000] {taskinstance.py:731} INFO - ::endgroup::
[2024-10-15T23:18:05.883+0000] {base.py:84} INFO - Retrieving connection 'spark_default'
[2024-10-15T23:18:05.884+0000] {spark_submit.py:327} ERROR - Failed to decode base64 keytab: Incorrect padding
[2024-10-15T23:18:05.885+0000] {spark_submit.py:304} INFO - Could not load connection string spark_default, defaulting to spark://spark:7077
[2024-10-15T23:18:05.887+0000] {spark_submit.py:473} INFO - Spark-Submit cmd: spark-submit --master spark://spark:7077 --driver-class-path /opt/bitnami/spark/jars/postgresql-42.5.0.jar --jars /opt/bitnami/spark/jars/postgresql-42.5.0.jar --name arrow-spark --deploy-mode client /opt/bitnami/spark/src/scripts_spark/LoadFileToDB.py
[2024-10-15T23:18:07.694+0000] {spark_submit.py:649} INFO - 24/10/15 23:18:07 WARN NativeCodeLoader: Unable to load native-hadoop library for your platform... using builtin-java classes where applicable
[2024-10-15T23:18:07.831+0000] {spark_submit.py:649} INFO - 24/10/15 23:18:07 WARN DependencyUtils: Local jar /opt/bitnami/spark/jars/postgresql-42.5.0.jar does not exist, skipping.
[2024-10-15T23:18:08.997+0000] {spark_submit.py:649} INFO - 24/10/15 23:18:08 INFO SparkContext: Running Spark version 3.5.2
[2024-10-15T23:18:08.997+0000] {spark_submit.py:649} INFO - 24/10/15 23:18:08 INFO SparkContext: OS info Linux, 5.15.153.1-microsoft-standard-WSL2, amd64
[2024-10-15T23:18:08.998+0000] {spark_submit.py:649} INFO - 24/10/15 23:18:08 INFO SparkContext: Java version 17.0.12
[2024-10-15T23:18:09.021+0000] {spark_submit.py:649} INFO - 24/10/15 23:18:09 INFO ResourceUtils: ==============================================================
[2024-10-15T23:18:09.022+0000] {spark_submit.py:649} INFO - 24/10/15 23:18:09 INFO ResourceUtils: No custom resources configured for spark.driver.
[2024-10-15T23:18:09.022+0000] {spark_submit.py:649} INFO - 24/10/15 23:18:09 INFO ResourceUtils: ==============================================================
[2024-10-15T23:18:09.023+0000] {spark_submit.py:649} INFO - 24/10/15 23:18:09 INFO SparkContext: Submitted application: Test PostgreSQL Connection
[2024-10-15T23:18:09.039+0000] {spark_submit.py:649} INFO - 24/10/15 23:18:09 INFO ResourceProfile: Default ResourceProfile created, executor resources: Map(memory -> name: memory, amount: 1024, script: , vendor: , offHeap -> name: offHeap, amount: 0, script: , vendor: ), task resources: Map(cpus -> name: cpus, amount: 1.0)
[2024-10-15T23:18:09.047+0000] {spark_submit.py:649} INFO - 24/10/15 23:18:09 INFO ResourceProfile: Limiting resource is cpu
[2024-10-15T23:18:09.047+0000] {spark_submit.py:649} INFO - 24/10/15 23:18:09 INFO ResourceProfileManager: Added ResourceProfile id: 0
[2024-10-15T23:18:09.088+0000] {spark_submit.py:649} INFO - 24/10/15 23:18:09 INFO SecurityManager: Changing view acls to: ***
[2024-10-15T23:18:09.088+0000] {spark_submit.py:649} INFO - 24/10/15 23:18:09 INFO SecurityManager: Changing modify acls to: ***
[2024-10-15T23:18:09.089+0000] {spark_submit.py:649} INFO - 24/10/15 23:18:09 INFO SecurityManager: Changing view acls groups to:
[2024-10-15T23:18:09.089+0000] {spark_submit.py:649} INFO - 24/10/15 23:18:09 INFO SecurityManager: Changing modify acls groups to:
[2024-10-15T23:18:09.090+0000] {spark_submit.py:649} INFO - 24/10/15 23:18:09 INFO SecurityManager: SecurityManager: authentication disabled; ui acls disabled; users with view permissions: ***; groups with view permissions: EMPTY; users with modify permissions: ***; groups with modify permissions: EMPTY
[2024-10-15T23:18:09.255+0000] {spark_submit.py:649} INFO - 24/10/15 23:18:09 INFO Utils: Successfully started service 'sparkDriver' on port 39543.
[2024-10-15T23:18:09.278+0000] {spark_submit.py:649} INFO - 24/10/15 23:18:09 INFO SparkEnv: Registering MapOutputTracker
[2024-10-15T23:18:09.307+0000] {spark_submit.py:649} INFO - 24/10/15 23:18:09 INFO SparkEnv: Registering BlockManagerMaster
[2024-10-15T23:18:09.322+0000] {spark_submit.py:649} INFO - 24/10/15 23:18:09 INFO BlockManagerMasterEndpoint: Using org.apache.spark.storage.DefaultTopologyMapper for getting topology information
[2024-10-15T23:18:09.322+0000] {spark_submit.py:649} INFO - 24/10/15 23:18:09 INFO BlockManagerMasterEndpoint: BlockManagerMasterEndpoint up
[2024-10-15T23:18:09.326+0000] {spark_submit.py:649} INFO - 24/10/15 23:18:09 INFO SparkEnv: Registering BlockManagerMasterHeartbeat
[2024-10-15T23:18:09.344+0000] {spark_submit.py:649} INFO - 24/10/15 23:18:09 INFO DiskBlockManager: Created local directory at /tmp/blockmgr-ef4a9533-94fe-4521-b93d-d058c8b93705
[2024-10-15T23:18:09.355+0000] {spark_submit.py:649} INFO - 24/10/15 23:18:09 INFO MemoryStore: MemoryStore started with capacity 434.4 MiB
[2024-10-15T23:18:09.368+0000] {spark_submit.py:649} INFO - 24/10/15 23:18:09 INFO SparkEnv: Registering OutputCommitCoordinator
[2024-10-15T23:18:09.477+0000] {spark_submit.py:649} INFO - 24/10/15 23:18:09 INFO JettyUtils: Start Jetty 0.0.0.0:4040 for SparkUI
[2024-10-15T23:18:09.535+0000] {spark_submit.py:649} INFO - 24/10/15 23:18:09 INFO Utils: Successfully started service 'SparkUI' on port 4040.
[2024-10-15T23:18:09.566+0000] {spark_submit.py:649} INFO - 24/10/15 23:18:09 ERROR SparkContext: Failed to add /opt/bitnami/spark/jars/postgresql-42.5.0.jar to Spark environment
[2024-10-15T23:18:09.566+0000] {spark_submit.py:649} INFO - java.io.FileNotFoundException: Jar /opt/bitnami/spark/jars/postgresql-42.5.0.jar not found
[2024-10-15T23:18:09.567+0000] {spark_submit.py:649} INFO - at org.apache.spark.SparkContext.addLocalJarFile$1(SparkContext.scala:2095)
[2024-10-15T23:18:09.567+0000] {spark_submit.py:649} INFO - at org.apache.spark.SparkContext.addJar(SparkContext.scala:2151)
[2024-10-15T23:18:09.568+0000] {spark_submit.py:649} INFO - at org.apache.spark.SparkContext.$anonfun$new$15(SparkContext.scala:521)
[2024-10-15T23:18:09.568+0000] {spark_submit.py:649} INFO - at org.apache.spark.SparkContext.$anonfun$new$15$adapted(SparkContext.scala:521)
[2024-10-15T23:18:09.569+0000] {spark_submit.py:649} INFO - at scala.collection.mutable.ResizableArray.foreach(ResizableArray.scala:62)
[2024-10-15T23:18:09.569+0000] {spark_submit.py:649} INFO - at scala.collection.mutable.ResizableArray.foreach$(ResizableArray.scala:55)
[2024-10-15T23:18:09.569+0000] {spark_submit.py:649} INFO - at scala.collection.mutable.ArrayBuffer.foreach(ArrayBuffer.scala:49)
[2024-10-15T23:18:09.570+0000] {spark_submit.py:649} INFO - at org.apache.spark.SparkContext.<init>(SparkContext.scala:521)
[2024-10-15T23:18:09.570+0000] {spark_submit.py:649} INFO - at org.apache.spark.api.java.JavaSparkContext.<init>(JavaSparkContext.scala:58)
[2024-10-15T23:18:09.571+0000] {spark_submit.py:649} INFO - at java.base/jdk.internal.reflect.NativeConstructorAccessorImpl.newInstance0(Native Method)
[2024-10-15T23:18:09.571+0000] {spark_submit.py:649} INFO - at java.base/jdk.internal.reflect.NativeConstructorAccessorImpl.newInstance(NativeConstructorAccessorImpl.java:77)
[2024-10-15T23:18:09.572+0000] {spark_submit.py:649} INFO - at java.base/jdk.internal.reflect.DelegatingConstructorAccessorImpl.newInstance(DelegatingConstructorAccessorImpl.java:45)
[2024-10-15T23:18:09.572+0000] {spark_submit.py:649} INFO - at java.base/java.lang.reflect.Constructor.newInstanceWithCaller(Constructor.java:500)
[2024-10-15T23:18:09.573+0000] {spark_submit.py:649} INFO - at java.base/java.lang.reflect.Constructor.newInstance(Constructor.java:481)
[2024-10-15T23:18:09.573+0000] {spark_submit.py:649} INFO - at py4j.reflection.MethodInvoker.invoke(MethodInvoker.java:247)
[2024-10-15T23:18:09.574+0000] {spark_submit.py:649} INFO - at py4j.reflection.ReflectionEngine.invoke(ReflectionEngine.java:374)
[2024-10-15T23:18:09.575+0000] {spark_submit.py:649} INFO - at py4j.Gateway.invoke(Gateway.java:238)
[2024-10-15T23:18:09.576+0000] {spark_submit.py:649} INFO - at py4j.commands.ConstructorCommand.invokeConstructor(ConstructorCommand.java:80)
[2024-10-15T23:18:09.577+0000] {spark_submit.py:649} INFO - at py4j.commands.ConstructorCommand.execute(ConstructorCommand.java:69)
[2024-10-15T23:18:09.577+0000] {spark_submit.py:649} INFO - at py4j.ClientServerConnection.waitForCommands(ClientServerConnection.java:182)
[2024-10-15T23:18:09.578+0000] {spark_submit.py:649} INFO - at py4j.ClientServerConnection.run(ClientServerConnection.java:106)
[2024-10-15T23:18:09.578+0000] {spark_submit.py:649} INFO - at java.base/java.lang.Thread.run(Thread.java:840)
[2024-10-15T23:18:09.638+0000] {spark_submit.py:649} INFO - 24/10/15 23:18:09 INFO StandaloneAppClient$ClientEndpoint: Connecting to master spark://spark:7077...
[2024-10-15T23:18:09.673+0000] {spark_submit.py:649} INFO - 24/10/15 23:18:09 INFO TransportClientFactory: Successfully created connection to spark/172.18.0.4:7077 after 18 ms (0 ms spent in bootstraps)
[2024-10-15T23:18:09.743+0000] {spark_submit.py:649} INFO - 24/10/15 23:18:09 INFO StandaloneSchedulerBackend: Connected to Spark cluster with app ID app-20241015231809-0005
[2024-10-15T23:18:09.744+0000] {spark_submit.py:649} INFO - 24/10/15 23:18:09 INFO StandaloneAppClient$ClientEndpoint: Executor added: app-20241015231809-0005/0 on worker-20241015230947-172.18.0.6-33069 (172.18.0.6:33069) with 6 core(s)
[2024-10-15T23:18:09.745+0000] {spark_submit.py:649} INFO - 24/10/15 23:18:09 INFO StandaloneSchedulerBackend: Granted executor ID app-20241015231809-0005/0 on hostPort 172.18.0.6:33069 with 6 core(s), 1024.0 MiB RAM
[2024-10-15T23:18:09.751+0000] {spark_submit.py:649} INFO - 24/10/15 23:18:09 INFO Utils: Successfully started service 'org.apache.spark.network.netty.NettyBlockTransferService' on port 33657.
[2024-10-15T23:18:09.751+0000] {spark_submit.py:649} INFO - 24/10/15 23:18:09 INFO NettyBlockTransferService: Server created on d729c3258121:33657
[2024-10-15T23:18:09.753+0000] {spark_submit.py:649} INFO - 24/10/15 23:18:09 INFO BlockManager: Using org.apache.spark.storage.RandomBlockReplicationPolicy for block replication policy
[2024-10-15T23:18:09.758+0000] {spark_submit.py:649} INFO - 24/10/15 23:18:09 INFO BlockManagerMaster: Registering BlockManager BlockManagerId(driver, d729c3258121, 33657, None)
[2024-10-15T23:18:09.762+0000] {spark_submit.py:649} INFO - 24/10/15 23:18:09 INFO BlockManagerMasterEndpoint: Registering block manager d729c3258121:33657 with 434.4 MiB RAM, BlockManagerId(driver, d729c3258121, 33657, None)
[2024-10-15T23:18:09.765+0000] {spark_submit.py:649} INFO - 24/10/15 23:18:09 INFO BlockManagerMaster: Registered BlockManager BlockManagerId(driver, d729c3258121, 33657, None)
[2024-10-15T23:18:09.766+0000] {spark_submit.py:649} INFO - 24/10/15 23:18:09 INFO BlockManager: Initialized BlockManager: BlockManagerId(driver, d729c3258121, 33657, None)
[2024-10-15T23:18:09.778+0000] {spark_submit.py:649} INFO - 24/10/15 23:18:09 INFO StandaloneAppClient$ClientEndpoint: Executor updated: app-20241015231809-0005/0 is now RUNNING
[2024-10-15T23:18:09.975+0000] {spark_submit.py:649} INFO - 24/10/15 23:18:09 INFO StandaloneSchedulerBackend: SchedulerBackend is ready for scheduling beginning after reached minRegisteredResourcesRatio: 0.0
[2024-10-15T23:18:10.167+0000] {spark_submit.py:649} INFO - 24/10/15 23:18:10 INFO SharedState: Setting hive.metastore.warehouse.dir ('null') to the value of spark.sql.warehouse.dir.
[2024-10-15T23:18:10.170+0000] {spark_submit.py:649} INFO - 24/10/15 23:18:10 INFO SharedState: Warehouse path is 'file:/opt/***/spark-warehouse'.
[2024-10-15T23:18:11.078+0000] {spark_submit.py:649} INFO - Traceback (most recent call last):
[2024-10-15T23:18:11.078+0000] {spark_submit.py:649} INFO - File "/opt/bitnami/spark/src/scripts_spark/LoadFileToDB.py", line 22, in <module>
[2024-10-15T23:18:11.080+0000] {spark_submit.py:649} INFO - .load()
[2024-10-15T23:18:11.080+0000] {spark_submit.py:649} INFO - ^^^^^^
[2024-10-15T23:18:11.081+0000] {spark_submit.py:649} INFO - File "/home/***/.local/lib/python3.12/site-packages/pyspark/python/lib/pyspark.zip/pyspark/sql/readwriter.py", line 314, in load
[2024-10-15T23:18:11.081+0000] {spark_submit.py:649} INFO - File "/home/***/.local/lib/python3.12/site-packages/pyspark/python/lib/py4j-0.10.9.7-src.zip/py4j/java_gateway.py", line 1322, in __call__
[2024-10-15T23:18:11.082+0000] {spark_submit.py:649} INFO - File "/home/***/.local/lib/python3.12/site-packages/pyspark/python/lib/pyspark.zip/pyspark/errors/exceptions/captured.py", line 179, in deco
[2024-10-15T23:18:11.082+0000] {spark_submit.py:649} INFO - File "/home/***/.local/lib/python3.12/site-packages/pyspark/python/lib/py4j-0.10.9.7-src.zip/py4j/protocol.py", line 326, in get_return_value
[2024-10-15T23:18:11.088+0000] {spark_submit.py:649} INFO - py4j.protocol.Py4JJavaError: An error occurred while calling o33.load.
[2024-10-15T23:18:11.089+0000] {spark_submit.py:649} INFO - : java.sql.SQLException: No suitable driver
[2024-10-15T23:18:11.090+0000] {spark_submit.py:649} INFO - at java.sql/java.sql.DriverManager.getDriver(DriverManager.java:299)
[2024-10-15T23:18:11.091+0000] {spark_submit.py:649} INFO - at org.apache.spark.sql.execution.datasources.jdbc.JDBCOptions.$anonfun$driverClass$2(JDBCOptions.scala:109)
[2024-10-15T23:18:11.091+0000] {spark_submit.py:649} INFO - at scala.Option.getOrElse(Option.scala:189)
[2024-10-15T23:18:11.091+0000] {spark_submit.py:649} INFO - at org.apache.spark.sql.execution.datasources.jdbc.JDBCOptions.<init>(JDBCOptions.scala:109)
[2024-10-15T23:18:11.092+0000] {spark_submit.py:649} INFO - at org.apache.spark.sql.execution.datasources.jdbc.JDBCOptions.<init>(JDBCOptions.scala:41)
[2024-10-15T23:18:11.092+0000] {spark_submit.py:649} INFO - at org.apache.spark.sql.execution.datasources.jdbc.JdbcRelationProvider.createRelation(JdbcRelationProvider.scala:34)
[2024-10-15T23:18:11.096+0000] {spark_submit.py:649} INFO - at org.apache.spark.sql.execution.datasources.DataSource.resolveRelation(DataSource.scala:346)
[2024-10-15T23:18:11.096+0000] {spark_submit.py:649} INFO - at org.apache.spark.sql.DataFrameReader.loadV1Source(DataFrameReader.scala:229)
[2024-10-15T23:18:11.097+0000] {spark_submit.py:649} INFO - at org.apache.spark.sql.DataFrameReader.$anonfun$load$2(DataFrameReader.scala:211)
[2024-10-15T23:18:11.097+0000] {spark_submit.py:649} INFO - at scala.Option.getOrElse(Option.scala:189)
[2024-10-15T23:18:11.097+0000] {spark_submit.py:649} INFO - at org.apache.spark.sql.DataFrameReader.load(DataFrameReader.scala:211)
[2024-10-15T23:18:11.098+0000] {spark_submit.py:649} INFO - at org.apache.spark.sql.DataFrameReader.load(DataFrameReader.scala:172)
[2024-10-15T23:18:11.098+0000] {spark_submit.py:649} INFO - at java.base/jdk.internal.reflect.NativeMethodAccessorImpl.invoke0(Native Method)
[2024-10-15T23:18:11.099+0000] {spark_submit.py:649} INFO - at java.base/jdk.internal.reflect.NativeMethodAccessorImpl.invoke(NativeMethodAccessorImpl.java:77)
[2024-10-15T23:18:11.099+0000] {spark_submit.py:649} INFO - at java.base/jdk.internal.reflect.DelegatingMethodAccessorImpl.invoke(DelegatingMethodAccessorImpl.java:43)
[2024-10-15T23:18:11.099+0000] {spark_submit.py:649} INFO - at java.base/java.lang.reflect.Method.invoke(Method.java:569)
[2024-10-15T23:18:11.100+0000] {spark_submit.py:649} INFO - at py4j.reflection.MethodInvoker.invoke(MethodInvoker.java:244)
[2024-10-15T23:18:11.100+0000] {spark_submit.py:649} INFO - at py4j.reflection.ReflectionEngine.invoke(ReflectionEngine.java:374)
[2024-10-15T23:18:11.101+0000] {spark_submit.py:649} INFO - at py4j.Gateway.invoke(Gateway.java:282)
[2024-10-15T23:18:11.101+0000] {spark_submit.py:649} INFO - at py4j.commands.AbstractCommand.invokeMethod(AbstractCommand.java:132)
[2024-10-15T23:18:11.102+0000] {spark_submit.py:649} INFO - at py4j.commands.CallCommand.execute(CallCommand.java:79)
[2024-10-15T23:18:11.103+0000] {spark_submit.py:649} INFO - at py4j.ClientServerConnection.waitForCommands(ClientServerConnection.java:182)
[2024-10-15T23:18:11.103+0000] {spark_submit.py:649} INFO - at py4j.ClientServerConnection.run(ClientServerConnection.java:106)
[2024-10-15T23:18:11.103+0000] {spark_submit.py:649} INFO - at java.base/java.lang.Thread.run(Thread.java:840)
[2024-10-15T23:18:11.104+0000] {spark_submit.py:649} INFO - 
[2024-10-15T23:18:11.142+0000] {spark_submit.py:649} INFO - 24/10/15 23:18:11 INFO SparkContext: Invoking stop() from shutdown hook
[2024-10-15T23:18:11.143+0000] {spark_submit.py:649} INFO - 24/10/15 23:18:11 INFO SparkContext: SparkContext is stopping with exitCode 0.
[2024-10-15T23:18:11.157+0000] {spark_submit.py:649} INFO - 24/10/15 23:18:11 INFO SparkUI: Stopped Spark web UI at http://d729c3258121:4040
[2024-10-15T23:18:11.162+0000] {spark_submit.py:649} INFO - 24/10/15 23:18:11 INFO StandaloneSchedulerBackend: Shutting down all executors
[2024-10-15T23:18:11.171+0000] {spark_submit.py:649} INFO - 24/10/15 23:18:11 INFO StandaloneSchedulerBackend$StandaloneDriverEndpoint: Asking each executor to shut down
[2024-10-15T23:18:11.187+0000] {spark_submit.py:649} INFO - 24/10/15 23:18:11 INFO MapOutputTrackerMasterEndpoint: MapOutputTrackerMasterEndpoint stopped!
[2024-10-15T23:18:11.198+0000] {spark_submit.py:649} INFO - 24/10/15 23:18:11 INFO MemoryStore: MemoryStore cleared
[2024-10-15T23:18:11.199+0000] {spark_submit.py:649} INFO - 24/10/15 23:18:11 INFO BlockManager: BlockManager stopped
[2024-10-15T23:18:11.203+0000] {spark_submit.py:649} INFO - 24/10/15 23:18:11 INFO BlockManagerMaster: BlockManagerMaster stopped
[2024-10-15T23:18:11.208+0000] {spark_submit.py:649} INFO - 24/10/15 23:18:11 INFO OutputCommitCoordinator$OutputCommitCoordinatorEndpoint: OutputCommitCoordinator stopped!
[2024-10-15T23:18:11.224+0000] {spark_submit.py:649} INFO - 24/10/15 23:18:11 INFO SparkContext: Successfully stopped SparkContext
[2024-10-15T23:18:11.224+0000] {spark_submit.py:649} INFO - 24/10/15 23:18:11 INFO ShutdownHookManager: Shutdown hook called
[2024-10-15T23:18:11.225+0000] {spark_submit.py:649} INFO - 24/10/15 23:18:11 INFO ShutdownHookManager: Deleting directory /tmp/spark-88b490c2-3c35-4945-965b-83aac954eba7
[2024-10-15T23:18:11.230+0000] {spark_submit.py:649} INFO - 24/10/15 23:18:11 INFO ShutdownHookManager: Deleting directory /tmp/spark-cfd75d10-b5f6-4f9c-bf4e-a12f39f81000/pyspark-223a4e6c-5860-446e-9df7-26ecf587f016
[2024-10-15T23:18:11.233+0000] {spark_submit.py:649} INFO - 24/10/15 23:18:11 INFO ShutdownHookManager: Deleting directory /tmp/spark-cfd75d10-b5f6-4f9c-bf4e-a12f39f81000
[2024-10-15T23:18:11.266+0000] {taskinstance.py:3310} ERROR - Task failed with exception
Traceback (most recent call last):
  File "/home/airflow/.local/lib/python3.12/site-packages/airflow/models/taskinstance.py", line 767, in _execute_task
    result = _execute_callable(context=context, **execute_callable_kwargs)
             ^^^^^^^^^^^^^^^^^^^^^^^^^^^^^^^^^^^^^^^^^^^^^^^^^^^^^^^^^^^^^
  File "/home/airflow/.local/lib/python3.12/site-packages/airflow/models/taskinstance.py", line 733, in _execute_callable
    return ExecutionCallableRunner(
           ^^^^^^^^^^^^^^^^^^^^^^^^
  File "/home/airflow/.local/lib/python3.12/site-packages/airflow/utils/operator_helpers.py", line 252, in run
    return self.func(*args, **kwargs)
           ^^^^^^^^^^^^^^^^^^^^^^^^^^
  File "/home/airflow/.local/lib/python3.12/site-packages/airflow/models/baseoperator.py", line 406, in wrapper
    return func(self, *args, **kwargs)
           ^^^^^^^^^^^^^^^^^^^^^^^^^^^
  File "/home/airflow/.local/lib/python3.12/site-packages/airflow/providers/apache/spark/operators/spark_submit.py", line 176, in execute
    self._hook.submit(self.application)
  File "/home/airflow/.local/lib/python3.12/site-packages/airflow/providers/apache/spark/hooks/spark_submit.py", line 575, in submit
    raise AirflowException(
airflow.exceptions.AirflowException: Cannot execute: spark-submit --master spark://spark:7077 --driver-class-path /opt/bitnami/spark/jars/postgresql-42.5.0.jar --jars /opt/bitnami/spark/jars/postgresql-42.5.0.jar --name arrow-spark --deploy-mode client /opt/bitnami/spark/src/scripts_spark/LoadFileToDB.py. Error code is: 1.
[2024-10-15T23:18:11.269+0000] {taskinstance.py:1225} INFO - Marking task as FAILED. dag_id=LoadWebScraping, task_id=spark_submit_task, run_id=manual__2024-10-15T23:18:03.641197+00:00, execution_date=20241015T231803, start_date=20241015T231805, end_date=20241015T231811
[2024-10-15T23:18:11.284+0000] {taskinstance.py:340} INFO - ::group::Post task execution logs
[2024-10-15T23:18:11.285+0000] {standard_task_runner.py:124} ERROR - Failed to execute job 67 for task spark_submit_task (Cannot execute: spark-submit --master spark://spark:7077 --driver-class-path /opt/bitnami/spark/jars/postgresql-42.5.0.jar --jars /opt/bitnami/spark/jars/postgresql-42.5.0.jar --name arrow-spark --deploy-mode client /opt/bitnami/spark/src/scripts_spark/LoadFileToDB.py. Error code is: 1.; 453)
Traceback (most recent call last):
  File "/home/airflow/.local/lib/python3.12/site-packages/airflow/task/task_runner/standard_task_runner.py", line 117, in _start_by_fork
    ret = args.func(args, dag=self.dag)
          ^^^^^^^^^^^^^^^^^^^^^^^^^^^^^
  File "/home/airflow/.local/lib/python3.12/site-packages/airflow/cli/cli_config.py", line 49, in command
    return func(*args, **kwargs)
           ^^^^^^^^^^^^^^^^^^^^^
  File "/home/airflow/.local/lib/python3.12/site-packages/airflow/utils/cli.py", line 115, in wrapper
    return f(*args, **kwargs)
           ^^^^^^^^^^^^^^^^^^
  File "/home/airflow/.local/lib/python3.12/site-packages/airflow/cli/commands/task_command.py", line 483, in task_run
    task_return_code = _run_task_by_selected_method(args, _dag, ti)
                       ^^^^^^^^^^^^^^^^^^^^^^^^^^^^^^^^^^^^^^^^^^^^
  File "/home/airflow/.local/lib/python3.12/site-packages/airflow/cli/commands/task_command.py", line 256, in _run_task_by_selected_method
    return _run_raw_task(args, ti)
           ^^^^^^^^^^^^^^^^^^^^^^^
  File "/home/airflow/.local/lib/python3.12/site-packages/airflow/cli/commands/task_command.py", line 341, in _run_raw_task
    return ti._run_raw_task(
           ^^^^^^^^^^^^^^^^^
  File "/home/airflow/.local/lib/python3.12/site-packages/airflow/utils/session.py", line 97, in wrapper
    return func(*args, session=session, **kwargs)
           ^^^^^^^^^^^^^^^^^^^^^^^^^^^^^^^^^^^^^^
  File "/home/airflow/.local/lib/python3.12/site-packages/airflow/models/taskinstance.py", line 3004, in _run_raw_task
    return _run_raw_task(
           ^^^^^^^^^^^^^^
  File "/home/airflow/.local/lib/python3.12/site-packages/airflow/models/taskinstance.py", line 273, in _run_raw_task
    TaskInstance._execute_task_with_callbacks(
  File "/home/airflow/.local/lib/python3.12/site-packages/airflow/models/taskinstance.py", line 3158, in _execute_task_with_callbacks
    result = self._execute_task(context, task_orig)
             ^^^^^^^^^^^^^^^^^^^^^^^^^^^^^^^^^^^^^^
  File "/home/airflow/.local/lib/python3.12/site-packages/airflow/models/taskinstance.py", line 3182, in _execute_task
    return _execute_task(self, context, task_orig)
           ^^^^^^^^^^^^^^^^^^^^^^^^^^^^^^^^^^^^^^^
  File "/home/airflow/.local/lib/python3.12/site-packages/airflow/models/taskinstance.py", line 767, in _execute_task
    result = _execute_callable(context=context, **execute_callable_kwargs)
             ^^^^^^^^^^^^^^^^^^^^^^^^^^^^^^^^^^^^^^^^^^^^^^^^^^^^^^^^^^^^^
  File "/home/airflow/.local/lib/python3.12/site-packages/airflow/models/taskinstance.py", line 733, in _execute_callable
    return ExecutionCallableRunner(
           ^^^^^^^^^^^^^^^^^^^^^^^^
  File "/home/airflow/.local/lib/python3.12/site-packages/airflow/utils/operator_helpers.py", line 252, in run
    return self.func(*args, **kwargs)
           ^^^^^^^^^^^^^^^^^^^^^^^^^^
  File "/home/airflow/.local/lib/python3.12/site-packages/airflow/models/baseoperator.py", line 406, in wrapper
    return func(self, *args, **kwargs)
           ^^^^^^^^^^^^^^^^^^^^^^^^^^^
  File "/home/airflow/.local/lib/python3.12/site-packages/airflow/providers/apache/spark/operators/spark_submit.py", line 176, in execute
    self._hook.submit(self.application)
  File "/home/airflow/.local/lib/python3.12/site-packages/airflow/providers/apache/spark/hooks/spark_submit.py", line 575, in submit
    raise AirflowException(
airflow.exceptions.AirflowException: Cannot execute: spark-submit --master spark://spark:7077 --driver-class-path /opt/bitnami/spark/jars/postgresql-42.5.0.jar --jars /opt/bitnami/spark/jars/postgresql-42.5.0.jar --name arrow-spark --deploy-mode client /opt/bitnami/spark/src/scripts_spark/LoadFileToDB.py. Error code is: 1.
[2024-10-15T23:18:11.304+0000] {local_task_job_runner.py:266} INFO - Task exited with return code 1
[2024-10-15T23:18:11.317+0000] {taskinstance.py:3900} INFO - 0 downstream tasks scheduled from follow-on schedule check
[2024-10-15T23:18:11.321+0000] {local_task_job_runner.py:245} INFO - ::endgroup::
