[2024-09-28T14:25:02.807+0000] {local_task_job_runner.py:123} INFO - ::group::Pre task execution logs
[2024-09-28T14:25:02.823+0000] {taskinstance.py:2612} INFO - Dependencies all met for dep_context=non-requeueable deps ti=<TaskInstance: pool.tsk3 manual__2024-09-28T14:25:01.921246+00:00 [queued]>
[2024-09-28T14:25:02.831+0000] {taskinstance.py:2612} INFO - Dependencies all met for dep_context=requeueable deps ti=<TaskInstance: pool.tsk3 manual__2024-09-28T14:25:01.921246+00:00 [queued]>
[2024-09-28T14:25:02.832+0000] {taskinstance.py:2865} INFO - Starting attempt 1 of 1
[2024-09-28T14:25:02.845+0000] {taskinstance.py:2888} INFO - Executing <Task(BashOperator): tsk3> on 2024-09-28 14:25:01.921246+00:00
[2024-09-28T14:25:02.851+0000] {warnings.py:112} WARNING - /home/***/.local/lib/python3.12/site-packages/***/task/task_runner/standard_task_runner.py:70: DeprecationWarning: This process (pid=724) is multi-threaded, use of fork() may lead to deadlocks in the child.
  pid = os.fork()

[2024-09-28T14:25:02.852+0000] {standard_task_runner.py:72} INFO - Started process 727 to run task
[2024-09-28T14:25:02.853+0000] {standard_task_runner.py:104} INFO - Running: ['***', 'tasks', 'run', 'pool', 'tsk3', 'manual__2024-09-28T14:25:01.921246+00:00', '--job-id', '239', '--raw', '--subdir', 'DAGS_FOLDER/PoolDag.py', '--cfg-path', '/tmp/tmpz9jw6hjo']
[2024-09-28T14:25:02.854+0000] {standard_task_runner.py:105} INFO - Job 239: Subtask tsk3
[2024-09-28T14:25:02.958+0000] {task_command.py:467} INFO - Running <TaskInstance: pool.tsk3 manual__2024-09-28T14:25:01.921246+00:00 [running]> on host 195e9906c829
[2024-09-28T14:25:03.047+0000] {taskinstance.py:3131} INFO - Exporting env vars: AIRFLOW_CTX_DAG_OWNER='***' AIRFLOW_CTX_DAG_ID='pool' AIRFLOW_CTX_TASK_ID='tsk3' AIRFLOW_CTX_EXECUTION_DATE='2024-09-28T14:25:01.921246+00:00' AIRFLOW_CTX_TRY_NUMBER='1' AIRFLOW_CTX_DAG_RUN_ID='manual__2024-09-28T14:25:01.921246+00:00'
[2024-09-28T14:25:03.048+0000] {taskinstance.py:731} INFO - ::endgroup::
[2024-09-28T14:25:03.061+0000] {subprocess.py:63} INFO - Tmp dir root location: /tmp
[2024-09-28T14:25:03.062+0000] {subprocess.py:75} INFO - Running command: ['/usr/bin/bash', '-c', 'sleep 1']
[2024-09-28T14:25:03.070+0000] {subprocess.py:86} INFO - Output:
[2024-09-28T14:25:04.073+0000] {subprocess.py:97} INFO - Command exited with return code 0
[2024-09-28T14:25:04.126+0000] {taskinstance.py:340} INFO - ::group::Post task execution logs
[2024-09-28T14:25:04.128+0000] {taskinstance.py:352} INFO - Marking task as SUCCESS. dag_id=pool, task_id=tsk3, run_id=manual__2024-09-28T14:25:01.921246+00:00, execution_date=20240928T142501, start_date=20240928T142502, end_date=20240928T142504
[2024-09-28T14:25:04.193+0000] {local_task_job_runner.py:266} INFO - Task exited with return code 0
[2024-09-28T14:25:04.208+0000] {taskinstance.py:3900} INFO - 0 downstream tasks scheduled from follow-on schedule check
[2024-09-28T14:25:04.226+0000] {local_task_job_runner.py:245} INFO - ::endgroup::
