[2024-10-16T20:12:32.979+0000] {local_task_job_runner.py:123} INFO - ::group::Pre task execution logs
[2024-10-16T20:12:32.993+0000] {taskinstance.py:2612} INFO - Dependencies all met for dep_context=non-requeueable deps ti=<TaskInstance: LoadWebScraping.spark_job manual__2024-10-16T20:12:30.007322+00:00 [queued]>
[2024-10-16T20:12:32.999+0000] {taskinstance.py:2612} INFO - Dependencies all met for dep_context=requeueable deps ti=<TaskInstance: LoadWebScraping.spark_job manual__2024-10-16T20:12:30.007322+00:00 [queued]>
[2024-10-16T20:12:33.000+0000] {taskinstance.py:2865} INFO - Starting attempt 1 of 1
[2024-10-16T20:12:33.013+0000] {taskinstance.py:2888} INFO - Executing <Task(SparkSubmitOperator): spark_job> on 2024-10-16 20:12:30.007322+00:00
[2024-10-16T20:12:33.018+0000] {warnings.py:112} WARNING - /home/***/.local/lib/python3.12/site-packages/***/task/task_runner/standard_task_runner.py:70: DeprecationWarning: This process (pid=85) is multi-threaded, use of fork() may lead to deadlocks in the child.
  pid = os.fork()

[2024-10-16T20:12:33.020+0000] {standard_task_runner.py:72} INFO - Started process 87 to run task
[2024-10-16T20:12:33.020+0000] {standard_task_runner.py:104} INFO - Running: ['***', 'tasks', 'run', 'LoadWebScraping', 'spark_job', 'manual__2024-10-16T20:12:30.007322+00:00', '--job-id', '16', '--raw', '--subdir', 'DAGS_FOLDER/LoadWebScraping.py', '--cfg-path', '/tmp/tmpzoui0aao']
[2024-10-16T20:12:33.022+0000] {standard_task_runner.py:105} INFO - Job 16: Subtask spark_job
[2024-10-16T20:12:33.065+0000] {task_command.py:467} INFO - Running <TaskInstance: LoadWebScraping.spark_job manual__2024-10-16T20:12:30.007322+00:00 [running]> on host cc66b6895e01
[2024-10-16T20:12:33.138+0000] {taskinstance.py:3131} INFO - Exporting env vars: AIRFLOW_CTX_DAG_OWNER='***' AIRFLOW_CTX_DAG_ID='LoadWebScraping' AIRFLOW_CTX_TASK_ID='spark_job' AIRFLOW_CTX_EXECUTION_DATE='2024-10-16T20:12:30.007322+00:00' AIRFLOW_CTX_TRY_NUMBER='1' AIRFLOW_CTX_DAG_RUN_ID='manual__2024-10-16T20:12:30.007322+00:00'
[2024-10-16T20:12:33.139+0000] {taskinstance.py:731} INFO - ::endgroup::
[2024-10-16T20:12:33.171+0000] {spark_submit.py:304} INFO - Could not load connection string spark_default, defaulting to yarn
[2024-10-16T20:12:33.173+0000] {spark_submit.py:473} INFO - Spark-Submit cmd: spark-submit --master yarn --driver-class-path /opt/***/jars/postgresql-42.5.0.jar --jars /opt/***/jars/postgresql-42.5.0.jar --packages org.postgresql:postgresql:42.5.0 --name arrow-spark /opt/bitnami/spark/src/scripts_spark/LoadFileToDB.py
[2024-10-16T20:12:34.889+0000] {spark_submit.py:634} INFO - :: loading settings :: url = jar:file:/home/***/.local/lib/python3.12/site-packages/pyspark/jars/ivy-2.5.1.jar!/org/apache/ivy/core/settings/ivysettings.xml
[2024-10-16T20:12:35.031+0000] {spark_submit.py:634} INFO - Ivy Default Cache set to: /home/***/.ivy2/cache
[2024-10-16T20:12:35.031+0000] {spark_submit.py:634} INFO - The jars for the packages stored in: /home/***/.ivy2/jars
[2024-10-16T20:12:35.035+0000] {spark_submit.py:634} INFO - org.postgresql#postgresql added as a dependency
[2024-10-16T20:12:35.036+0000] {spark_submit.py:634} INFO - :: resolving dependencies :: org.apache.spark#spark-submit-parent-ba06dc20-8bc7-48bb-9d20-27ffacaf48ea;1.0
[2024-10-16T20:12:35.036+0000] {spark_submit.py:634} INFO - confs: [default]
[2024-10-16T20:12:36.913+0000] {spark_submit.py:634} INFO - found org.postgresql#postgresql;42.5.0 in central
[2024-10-16T20:12:37.209+0000] {spark_submit.py:634} INFO - found org.checkerframework#checker-qual;3.5.0 in central
[2024-10-16T20:12:37.346+0000] {spark_submit.py:634} INFO - downloading https://repo1.maven.org/maven2/org/postgresql/postgresql/42.5.0/postgresql-42.5.0.jar ...
[2024-10-16T20:12:38.113+0000] {spark_submit.py:634} INFO - [SUCCESSFUL ] org.postgresql#postgresql;42.5.0!postgresql.jar (895ms)
[2024-10-16T20:12:38.245+0000] {spark_submit.py:634} INFO - downloading https://repo1.maven.org/maven2/org/checkerframework/checker-qual/3.5.0/checker-qual-3.5.0.jar ...
[2024-10-16T20:12:38.529+0000] {spark_submit.py:634} INFO - [SUCCESSFUL ] org.checkerframework#checker-qual;3.5.0!checker-qual.jar (412ms)
[2024-10-16T20:12:38.529+0000] {spark_submit.py:634} INFO - :: resolution report :: resolve 2180ms :: artifacts dl 1313ms
[2024-10-16T20:12:38.530+0000] {spark_submit.py:634} INFO - :: modules in use:
[2024-10-16T20:12:38.530+0000] {spark_submit.py:634} INFO - org.checkerframework#checker-qual;3.5.0 from central in [default]
[2024-10-16T20:12:38.531+0000] {spark_submit.py:634} INFO - org.postgresql#postgresql;42.5.0 from central in [default]
[2024-10-16T20:12:38.531+0000] {spark_submit.py:634} INFO - ---------------------------------------------------------------------
[2024-10-16T20:12:38.532+0000] {spark_submit.py:634} INFO - |                  |            modules            ||   artifacts   |
[2024-10-16T20:12:38.532+0000] {spark_submit.py:634} INFO - |       conf       | number| search|dwnlded|evicted|| number|dwnlded|
[2024-10-16T20:12:38.533+0000] {spark_submit.py:634} INFO - ---------------------------------------------------------------------
[2024-10-16T20:12:38.533+0000] {spark_submit.py:634} INFO - |      default     |   2   |   2   |   2   |   0   ||   2   |   2   |
[2024-10-16T20:12:38.534+0000] {spark_submit.py:634} INFO - ---------------------------------------------------------------------
[2024-10-16T20:12:38.534+0000] {spark_submit.py:634} INFO - :: retrieving :: org.apache.spark#spark-submit-parent-ba06dc20-8bc7-48bb-9d20-27ffacaf48ea
[2024-10-16T20:12:38.534+0000] {spark_submit.py:634} INFO - confs: [default]
[2024-10-16T20:12:38.542+0000] {spark_submit.py:634} INFO - 2 artifacts copied, 0 already retrieved (1231kB/9ms)
[2024-10-16T20:12:38.959+0000] {spark_submit.py:634} INFO - 24/10/16 20:12:38 WARN NativeCodeLoader: Unable to load native-hadoop library for your platform... using builtin-java classes where applicable
[2024-10-16T20:12:40.811+0000] {spark_submit.py:634} INFO - 24/10/16 20:12:40 INFO SparkContext: Running Spark version 3.5.2
[2024-10-16T20:12:40.811+0000] {spark_submit.py:634} INFO - 24/10/16 20:12:40 INFO SparkContext: OS info Linux, 5.15.153.1-microsoft-standard-WSL2, amd64
[2024-10-16T20:12:40.812+0000] {spark_submit.py:634} INFO - 24/10/16 20:12:40 INFO SparkContext: Java version 17.0.12
[2024-10-16T20:12:40.842+0000] {spark_submit.py:634} INFO - 24/10/16 20:12:40 INFO ResourceUtils: ==============================================================
[2024-10-16T20:12:40.843+0000] {spark_submit.py:634} INFO - 24/10/16 20:12:40 INFO ResourceUtils: No custom resources configured for spark.driver.
[2024-10-16T20:12:40.843+0000] {spark_submit.py:634} INFO - 24/10/16 20:12:40 INFO ResourceUtils: ==============================================================
[2024-10-16T20:12:40.844+0000] {spark_submit.py:634} INFO - 24/10/16 20:12:40 INFO SparkContext: Submitted application: Exemplo
[2024-10-16T20:12:40.921+0000] {spark_submit.py:634} INFO - 24/10/16 20:12:40 INFO ResourceProfile: Default ResourceProfile created, executor resources: Map(cores -> name: cores, amount: 1, script: , vendor: , memory -> name: memory, amount: 1024, script: , vendor: , offHeap -> name: offHeap, amount: 0, script: , vendor: ), task resources: Map(cpus -> name: cpus, amount: 1.0)
[2024-10-16T20:12:40.937+0000] {spark_submit.py:634} INFO - 24/10/16 20:12:40 INFO ResourceProfile: Limiting resource is cpu
[2024-10-16T20:12:40.938+0000] {spark_submit.py:634} INFO - 24/10/16 20:12:40 INFO ResourceProfileManager: Added ResourceProfile id: 0
[2024-10-16T20:12:41.098+0000] {spark_submit.py:634} INFO - 24/10/16 20:12:41 INFO SecurityManager: Changing view acls to: ***
[2024-10-16T20:12:41.099+0000] {spark_submit.py:634} INFO - 24/10/16 20:12:41 INFO SecurityManager: Changing modify acls to: ***
[2024-10-16T20:12:41.107+0000] {spark_submit.py:634} INFO - 24/10/16 20:12:41 INFO SecurityManager: Changing view acls groups to:
[2024-10-16T20:12:41.108+0000] {spark_submit.py:634} INFO - 24/10/16 20:12:41 INFO SecurityManager: Changing modify acls groups to:
[2024-10-16T20:12:41.108+0000] {spark_submit.py:634} INFO - 24/10/16 20:12:41 INFO SecurityManager: SecurityManager: authentication disabled; ui acls disabled; users with view permissions: ***; groups with view permissions: EMPTY; users with modify permissions: ***; groups with modify permissions: EMPTY
[2024-10-16T20:12:41.621+0000] {spark_submit.py:634} INFO - 24/10/16 20:12:41 INFO Utils: Successfully started service 'sparkDriver' on port 43211.
[2024-10-16T20:12:41.659+0000] {spark_submit.py:634} INFO - 24/10/16 20:12:41 INFO SparkEnv: Registering MapOutputTracker
[2024-10-16T20:12:41.895+0000] {spark_submit.py:634} INFO - 24/10/16 20:12:41 INFO SparkEnv: Registering BlockManagerMaster
[2024-10-16T20:12:41.920+0000] {spark_submit.py:634} INFO - 24/10/16 20:12:41 INFO BlockManagerMasterEndpoint: Using org.apache.spark.storage.DefaultTopologyMapper for getting topology information
[2024-10-16T20:12:41.920+0000] {spark_submit.py:634} INFO - 24/10/16 20:12:41 INFO BlockManagerMasterEndpoint: BlockManagerMasterEndpoint up
[2024-10-16T20:12:41.923+0000] {spark_submit.py:634} INFO - 24/10/16 20:12:41 INFO SparkEnv: Registering BlockManagerMasterHeartbeat
[2024-10-16T20:12:41.950+0000] {spark_submit.py:634} INFO - 24/10/16 20:12:41 INFO DiskBlockManager: Created local directory at /tmp/blockmgr-2a83eda5-4599-47b7-846a-3a1181c0ecf6
[2024-10-16T20:12:41.963+0000] {spark_submit.py:634} INFO - 24/10/16 20:12:41 INFO MemoryStore: MemoryStore started with capacity 434.4 MiB
[2024-10-16T20:12:41.982+0000] {spark_submit.py:634} INFO - 24/10/16 20:12:41 INFO SparkEnv: Registering OutputCommitCoordinator
[2024-10-16T20:12:42.174+0000] {spark_submit.py:634} INFO - 24/10/16 20:12:42 INFO JettyUtils: Start Jetty 0.0.0.0:4040 for SparkUI
[2024-10-16T20:12:42.235+0000] {spark_submit.py:634} INFO - 24/10/16 20:12:42 INFO Utils: Successfully started service 'SparkUI' on port 4040.
[2024-10-16T20:12:42.338+0000] {spark_submit.py:634} INFO - 24/10/16 20:12:42 INFO SparkContext: Added JAR /opt/bitnami/spark/jars/postgresql-42.5.0.jar at spark://cc66b6895e01:43211/jars/postgresql-42.5.0.jar with timestamp 1729109560794
[2024-10-16T20:12:42.411+0000] {spark_submit.py:634} INFO - 24/10/16 20:12:42 INFO Executor: Starting executor ID driver on host cc66b6895e01
[2024-10-16T20:12:42.411+0000] {spark_submit.py:634} INFO - 24/10/16 20:12:42 INFO Executor: OS info Linux, 5.15.153.1-microsoft-standard-WSL2, amd64
[2024-10-16T20:12:42.412+0000] {spark_submit.py:634} INFO - 24/10/16 20:12:42 INFO Executor: Java version 17.0.12
[2024-10-16T20:12:42.418+0000] {spark_submit.py:634} INFO - 24/10/16 20:12:42 INFO Executor: Starting executor with user classpath (userClassPathFirst = false): ''
[2024-10-16T20:12:42.419+0000] {spark_submit.py:634} INFO - 24/10/16 20:12:42 INFO Executor: Created or updated repl class loader org.apache.spark.util.MutableURLClassLoader@5e92d29f for default.
[2024-10-16T20:12:42.439+0000] {spark_submit.py:634} INFO - 24/10/16 20:12:42 INFO Executor: Fetching spark://cc66b6895e01:43211/jars/postgresql-42.5.0.jar with timestamp 1729109560794
[2024-10-16T20:12:42.573+0000] {spark_submit.py:634} INFO - 24/10/16 20:12:42 INFO TransportClientFactory: Successfully created connection to cc66b6895e01/172.18.0.9:43211 after 90 ms (0 ms spent in bootstraps)
[2024-10-16T20:12:42.580+0000] {spark_submit.py:634} INFO - 24/10/16 20:12:42 INFO Utils: Fetching spark://cc66b6895e01:43211/jars/postgresql-42.5.0.jar to /tmp/spark-434d9134-6376-44ad-ba09-0bcc253e8bb0/userFiles-a22ffdfe-3c25-4e41-9829-8eb912842142/fetchFileTemp17799628535029792231.tmp
[2024-10-16T20:12:42.754+0000] {spark_submit.py:634} INFO - 24/10/16 20:12:42 INFO Executor: Adding file:/tmp/spark-434d9134-6376-44ad-ba09-0bcc253e8bb0/userFiles-a22ffdfe-3c25-4e41-9829-8eb912842142/postgresql-42.5.0.jar to class loader default
[2024-10-16T20:12:42.761+0000] {spark_submit.py:634} INFO - 24/10/16 20:12:42 INFO Utils: Successfully started service 'org.apache.spark.network.netty.NettyBlockTransferService' on port 38347.
[2024-10-16T20:12:42.761+0000] {spark_submit.py:634} INFO - 24/10/16 20:12:42 INFO NettyBlockTransferService: Server created on cc66b6895e01:38347
[2024-10-16T20:12:42.762+0000] {spark_submit.py:634} INFO - 24/10/16 20:12:42 INFO BlockManager: Using org.apache.spark.storage.RandomBlockReplicationPolicy for block replication policy
[2024-10-16T20:12:42.776+0000] {spark_submit.py:634} INFO - 24/10/16 20:12:42 INFO BlockManagerMaster: Registering BlockManager BlockManagerId(driver, cc66b6895e01, 38347, None)
[2024-10-16T20:12:42.779+0000] {spark_submit.py:634} INFO - 24/10/16 20:12:42 INFO BlockManagerMasterEndpoint: Registering block manager cc66b6895e01:38347 with 434.4 MiB RAM, BlockManagerId(driver, cc66b6895e01, 38347, None)
[2024-10-16T20:12:42.780+0000] {spark_submit.py:634} INFO - 24/10/16 20:12:42 INFO BlockManagerMaster: Registered BlockManager BlockManagerId(driver, cc66b6895e01, 38347, None)
[2024-10-16T20:12:42.781+0000] {spark_submit.py:634} INFO - 24/10/16 20:12:42 INFO BlockManager: Initialized BlockManager: BlockManagerId(driver, cc66b6895e01, 38347, None)
[2024-10-16T20:12:43.734+0000] {spark_submit.py:634} INFO - 24/10/16 20:12:43 INFO SharedState: Setting hive.metastore.warehouse.dir ('null') to the value of spark.sql.warehouse.dir.
[2024-10-16T20:12:43.736+0000] {spark_submit.py:634} INFO - 24/10/16 20:12:43 INFO SharedState: Warehouse path is 'file:/opt/***/spark-warehouse'.
[2024-10-16T20:12:44.955+0000] {spark_submit.py:634} INFO - Traceback (most recent call last):
[2024-10-16T20:12:44.955+0000] {spark_submit.py:634} INFO - File "/opt/bitnami/spark/src/scripts_spark/LoadFileToDB.py", line 20, in <module>
[2024-10-16T20:12:44.957+0000] {spark_submit.py:634} INFO - .load()
[2024-10-16T20:12:44.958+0000] {spark_submit.py:634} INFO - ^^^^^^
[2024-10-16T20:12:44.958+0000] {spark_submit.py:634} INFO - File "/home/***/.local/lib/python3.12/site-packages/pyspark/python/lib/pyspark.zip/pyspark/sql/readwriter.py", line 314, in load
[2024-10-16T20:12:44.958+0000] {spark_submit.py:634} INFO - File "/home/***/.local/lib/python3.12/site-packages/pyspark/python/lib/py4j-0.10.9.7-src.zip/py4j/java_gateway.py", line 1322, in __call__
[2024-10-16T20:12:44.959+0000] {spark_submit.py:634} INFO - File "/home/***/.local/lib/python3.12/site-packages/pyspark/python/lib/pyspark.zip/pyspark/errors/exceptions/captured.py", line 179, in deco
[2024-10-16T20:12:44.960+0000] {spark_submit.py:634} INFO - File "/home/***/.local/lib/python3.12/site-packages/pyspark/python/lib/py4j-0.10.9.7-src.zip/py4j/protocol.py", line 326, in get_return_value
[2024-10-16T20:12:44.962+0000] {spark_submit.py:634} INFO - py4j.protocol.Py4JJavaError: An error occurred while calling o38.load.
[2024-10-16T20:12:44.962+0000] {spark_submit.py:634} INFO - : org.postgresql.util.PSQLException: FATAL: database "Dw_webscraping" does not exist
[2024-10-16T20:12:44.963+0000] {spark_submit.py:634} INFO - at org.postgresql.core.v3.QueryExecutorImpl.receiveErrorResponse(QueryExecutorImpl.java:2676)
[2024-10-16T20:12:44.963+0000] {spark_submit.py:634} INFO - at org.postgresql.core.v3.QueryExecutorImpl.readStartupMessages(QueryExecutorImpl.java:2788)
[2024-10-16T20:12:44.963+0000] {spark_submit.py:634} INFO - at org.postgresql.core.v3.QueryExecutorImpl.<init>(QueryExecutorImpl.java:174)
[2024-10-16T20:12:44.964+0000] {spark_submit.py:634} INFO - at org.postgresql.core.v3.ConnectionFactoryImpl.openConnectionImpl(ConnectionFactoryImpl.java:290)
[2024-10-16T20:12:44.964+0000] {spark_submit.py:634} INFO - at org.postgresql.core.ConnectionFactory.openConnection(ConnectionFactory.java:49)
[2024-10-16T20:12:44.965+0000] {spark_submit.py:634} INFO - at org.postgresql.jdbc.PgConnection.<init>(PgConnection.java:247)
[2024-10-16T20:12:44.965+0000] {spark_submit.py:634} INFO - at org.postgresql.Driver.makeConnection(Driver.java:434)
[2024-10-16T20:12:44.966+0000] {spark_submit.py:634} INFO - at org.postgresql.Driver.connect(Driver.java:291)
[2024-10-16T20:12:44.966+0000] {spark_submit.py:634} INFO - at org.apache.spark.sql.execution.datasources.jdbc.connection.BasicConnectionProvider.getConnection(BasicConnectionProvider.scala:49)
[2024-10-16T20:12:44.967+0000] {spark_submit.py:634} INFO - at org.apache.spark.sql.execution.datasources.jdbc.connection.ConnectionProviderBase.create(ConnectionProvider.scala:102)
[2024-10-16T20:12:44.967+0000] {spark_submit.py:634} INFO - at org.apache.spark.sql.jdbc.JdbcDialect.$anonfun$createConnectionFactory$1(JdbcDialects.scala:160)
[2024-10-16T20:12:44.968+0000] {spark_submit.py:634} INFO - at org.apache.spark.sql.jdbc.JdbcDialect.$anonfun$createConnectionFactory$1$adapted(JdbcDialects.scala:156)
[2024-10-16T20:12:44.968+0000] {spark_submit.py:634} INFO - at org.apache.spark.sql.execution.datasources.jdbc.JDBCRDD$.getQueryOutputSchema(JDBCRDD.scala:63)
[2024-10-16T20:12:44.969+0000] {spark_submit.py:634} INFO - at org.apache.spark.sql.execution.datasources.jdbc.JDBCRDD$.resolveTable(JDBCRDD.scala:58)
[2024-10-16T20:12:44.969+0000] {spark_submit.py:634} INFO - at org.apache.spark.sql.execution.datasources.jdbc.JDBCRelation$.getSchema(JDBCRelation.scala:241)
[2024-10-16T20:12:44.969+0000] {spark_submit.py:634} INFO - at org.apache.spark.sql.execution.datasources.jdbc.JdbcRelationProvider.createRelation(JdbcRelationProvider.scala:37)
[2024-10-16T20:12:44.970+0000] {spark_submit.py:634} INFO - at org.apache.spark.sql.execution.datasources.DataSource.resolveRelation(DataSource.scala:346)
[2024-10-16T20:12:44.970+0000] {spark_submit.py:634} INFO - at org.apache.spark.sql.DataFrameReader.loadV1Source(DataFrameReader.scala:229)
[2024-10-16T20:12:44.971+0000] {spark_submit.py:634} INFO - at org.apache.spark.sql.DataFrameReader.$anonfun$load$2(DataFrameReader.scala:211)
[2024-10-16T20:12:44.971+0000] {spark_submit.py:634} INFO - at scala.Option.getOrElse(Option.scala:189)
[2024-10-16T20:12:44.972+0000] {spark_submit.py:634} INFO - at org.apache.spark.sql.DataFrameReader.load(DataFrameReader.scala:211)
[2024-10-16T20:12:44.972+0000] {spark_submit.py:634} INFO - at org.apache.spark.sql.DataFrameReader.load(DataFrameReader.scala:172)
[2024-10-16T20:12:44.973+0000] {spark_submit.py:634} INFO - at java.base/jdk.internal.reflect.NativeMethodAccessorImpl.invoke0(Native Method)
[2024-10-16T20:12:44.973+0000] {spark_submit.py:634} INFO - at java.base/jdk.internal.reflect.NativeMethodAccessorImpl.invoke(NativeMethodAccessorImpl.java:77)
[2024-10-16T20:12:44.974+0000] {spark_submit.py:634} INFO - at java.base/jdk.internal.reflect.DelegatingMethodAccessorImpl.invoke(DelegatingMethodAccessorImpl.java:43)
[2024-10-16T20:12:44.974+0000] {spark_submit.py:634} INFO - at java.base/java.lang.reflect.Method.invoke(Method.java:569)
[2024-10-16T20:12:44.975+0000] {spark_submit.py:634} INFO - at py4j.reflection.MethodInvoker.invoke(MethodInvoker.java:244)
[2024-10-16T20:12:44.975+0000] {spark_submit.py:634} INFO - at py4j.reflection.ReflectionEngine.invoke(ReflectionEngine.java:374)
[2024-10-16T20:12:44.975+0000] {spark_submit.py:634} INFO - at py4j.Gateway.invoke(Gateway.java:282)
[2024-10-16T20:12:44.976+0000] {spark_submit.py:634} INFO - at py4j.commands.AbstractCommand.invokeMethod(AbstractCommand.java:132)
[2024-10-16T20:12:44.976+0000] {spark_submit.py:634} INFO - at py4j.commands.CallCommand.execute(CallCommand.java:79)
[2024-10-16T20:12:44.977+0000] {spark_submit.py:634} INFO - at py4j.ClientServerConnection.waitForCommands(ClientServerConnection.java:182)
[2024-10-16T20:12:44.977+0000] {spark_submit.py:634} INFO - at py4j.ClientServerConnection.run(ClientServerConnection.java:106)
[2024-10-16T20:12:44.978+0000] {spark_submit.py:634} INFO - at java.base/java.lang.Thread.run(Thread.java:840)
[2024-10-16T20:12:44.978+0000] {spark_submit.py:634} INFO - 
[2024-10-16T20:12:45.005+0000] {spark_submit.py:634} INFO - 24/10/16 20:12:45 INFO SparkContext: Invoking stop() from shutdown hook
[2024-10-16T20:12:45.006+0000] {spark_submit.py:634} INFO - 24/10/16 20:12:45 INFO SparkContext: SparkContext is stopping with exitCode 0.
[2024-10-16T20:12:45.014+0000] {spark_submit.py:634} INFO - 24/10/16 20:12:45 INFO SparkUI: Stopped Spark web UI at http://cc66b6895e01:4040
[2024-10-16T20:12:45.023+0000] {spark_submit.py:634} INFO - 24/10/16 20:12:45 INFO MapOutputTrackerMasterEndpoint: MapOutputTrackerMasterEndpoint stopped!
[2024-10-16T20:12:45.037+0000] {spark_submit.py:634} INFO - 24/10/16 20:12:45 INFO MemoryStore: MemoryStore cleared
[2024-10-16T20:12:45.038+0000] {spark_submit.py:634} INFO - 24/10/16 20:12:45 INFO BlockManager: BlockManager stopped
[2024-10-16T20:12:45.044+0000] {spark_submit.py:634} INFO - 24/10/16 20:12:45 INFO BlockManagerMaster: BlockManagerMaster stopped
[2024-10-16T20:12:45.047+0000] {spark_submit.py:634} INFO - 24/10/16 20:12:45 INFO OutputCommitCoordinator$OutputCommitCoordinatorEndpoint: OutputCommitCoordinator stopped!
[2024-10-16T20:12:45.053+0000] {spark_submit.py:634} INFO - 24/10/16 20:12:45 INFO SparkContext: Successfully stopped SparkContext
[2024-10-16T20:12:45.053+0000] {spark_submit.py:634} INFO - 24/10/16 20:12:45 INFO ShutdownHookManager: Shutdown hook called
[2024-10-16T20:12:45.054+0000] {spark_submit.py:634} INFO - 24/10/16 20:12:45 INFO ShutdownHookManager: Deleting directory /tmp/spark-434d9134-6376-44ad-ba09-0bcc253e8bb0/pyspark-cf9a11ea-8961-4d1e-b339-72a58f7f0a5e
[2024-10-16T20:12:45.058+0000] {spark_submit.py:634} INFO - 24/10/16 20:12:45 INFO ShutdownHookManager: Deleting directory /tmp/spark-909f9c76-072a-47d4-aa0a-8290bf75eace
[2024-10-16T20:12:45.061+0000] {spark_submit.py:634} INFO - 24/10/16 20:12:45 INFO ShutdownHookManager: Deleting directory /tmp/spark-434d9134-6376-44ad-ba09-0bcc253e8bb0
[2024-10-16T20:12:45.104+0000] {taskinstance.py:3310} ERROR - Task failed with exception
Traceback (most recent call last):
  File "/home/airflow/.local/lib/python3.12/site-packages/airflow/models/taskinstance.py", line 767, in _execute_task
    result = _execute_callable(context=context, **execute_callable_kwargs)
             ^^^^^^^^^^^^^^^^^^^^^^^^^^^^^^^^^^^^^^^^^^^^^^^^^^^^^^^^^^^^^
  File "/home/airflow/.local/lib/python3.12/site-packages/airflow/models/taskinstance.py", line 733, in _execute_callable
    return ExecutionCallableRunner(
           ^^^^^^^^^^^^^^^^^^^^^^^^
  File "/home/airflow/.local/lib/python3.12/site-packages/airflow/utils/operator_helpers.py", line 252, in run
    return self.func(*args, **kwargs)
           ^^^^^^^^^^^^^^^^^^^^^^^^^^
  File "/home/airflow/.local/lib/python3.12/site-packages/airflow/models/baseoperator.py", line 406, in wrapper
    return func(self, *args, **kwargs)
           ^^^^^^^^^^^^^^^^^^^^^^^^^^^
  File "/home/airflow/.local/lib/python3.12/site-packages/airflow/providers/apache/spark/operators/spark_submit.py", line 176, in execute
    self._hook.submit(self.application)
  File "/home/airflow/.local/lib/python3.12/site-packages/airflow/providers/apache/spark/hooks/spark_submit.py", line 560, in submit
    raise AirflowException(
airflow.exceptions.AirflowException: Cannot execute: spark-submit --master yarn --driver-class-path /opt/***/jars/postgresql-42.5.0.jar --jars /opt/***/jars/postgresql-42.5.0.jar --packages org.postgresql:postgresql:42.5.0 --name arrow-spark /opt/bitnami/spark/src/scripts_spark/LoadFileToDB.py. Error code is: 1.
[2024-10-16T20:12:45.109+0000] {taskinstance.py:1225} INFO - Marking task as FAILED. dag_id=LoadWebScraping, task_id=spark_job, run_id=manual__2024-10-16T20:12:30.007322+00:00, execution_date=20241016T201230, start_date=20241016T201232, end_date=20241016T201245
[2024-10-16T20:12:45.145+0000] {taskinstance.py:340} INFO - ::group::Post task execution logs
[2024-10-16T20:12:45.146+0000] {standard_task_runner.py:124} ERROR - Failed to execute job 16 for task spark_job (Cannot execute: spark-submit --master yarn --driver-class-path /opt/***/jars/postgresql-42.5.0.jar --jars /opt/***/jars/postgresql-42.5.0.jar --packages org.postgresql:postgresql:42.5.0 --name arrow-spark /opt/bitnami/spark/src/scripts_spark/LoadFileToDB.py. Error code is: 1.; 87)
Traceback (most recent call last):
  File "/home/airflow/.local/lib/python3.12/site-packages/airflow/task/task_runner/standard_task_runner.py", line 117, in _start_by_fork
    ret = args.func(args, dag=self.dag)
          ^^^^^^^^^^^^^^^^^^^^^^^^^^^^^
  File "/home/airflow/.local/lib/python3.12/site-packages/airflow/cli/cli_config.py", line 49, in command
    return func(*args, **kwargs)
           ^^^^^^^^^^^^^^^^^^^^^
  File "/home/airflow/.local/lib/python3.12/site-packages/airflow/utils/cli.py", line 115, in wrapper
    return f(*args, **kwargs)
           ^^^^^^^^^^^^^^^^^^
  File "/home/airflow/.local/lib/python3.12/site-packages/airflow/cli/commands/task_command.py", line 483, in task_run
    task_return_code = _run_task_by_selected_method(args, _dag, ti)
                       ^^^^^^^^^^^^^^^^^^^^^^^^^^^^^^^^^^^^^^^^^^^^
  File "/home/airflow/.local/lib/python3.12/site-packages/airflow/cli/commands/task_command.py", line 256, in _run_task_by_selected_method
    return _run_raw_task(args, ti)
           ^^^^^^^^^^^^^^^^^^^^^^^
  File "/home/airflow/.local/lib/python3.12/site-packages/airflow/cli/commands/task_command.py", line 341, in _run_raw_task
    return ti._run_raw_task(
           ^^^^^^^^^^^^^^^^^
  File "/home/airflow/.local/lib/python3.12/site-packages/airflow/utils/session.py", line 97, in wrapper
    return func(*args, session=session, **kwargs)
           ^^^^^^^^^^^^^^^^^^^^^^^^^^^^^^^^^^^^^^
  File "/home/airflow/.local/lib/python3.12/site-packages/airflow/models/taskinstance.py", line 3004, in _run_raw_task
    return _run_raw_task(
           ^^^^^^^^^^^^^^
  File "/home/airflow/.local/lib/python3.12/site-packages/airflow/models/taskinstance.py", line 273, in _run_raw_task
    TaskInstance._execute_task_with_callbacks(
  File "/home/airflow/.local/lib/python3.12/site-packages/airflow/models/taskinstance.py", line 3158, in _execute_task_with_callbacks
    result = self._execute_task(context, task_orig)
             ^^^^^^^^^^^^^^^^^^^^^^^^^^^^^^^^^^^^^^
  File "/home/airflow/.local/lib/python3.12/site-packages/airflow/models/taskinstance.py", line 3182, in _execute_task
    return _execute_task(self, context, task_orig)
           ^^^^^^^^^^^^^^^^^^^^^^^^^^^^^^^^^^^^^^^
  File "/home/airflow/.local/lib/python3.12/site-packages/airflow/models/taskinstance.py", line 767, in _execute_task
    result = _execute_callable(context=context, **execute_callable_kwargs)
             ^^^^^^^^^^^^^^^^^^^^^^^^^^^^^^^^^^^^^^^^^^^^^^^^^^^^^^^^^^^^^
  File "/home/airflow/.local/lib/python3.12/site-packages/airflow/models/taskinstance.py", line 733, in _execute_callable
    return ExecutionCallableRunner(
           ^^^^^^^^^^^^^^^^^^^^^^^^
  File "/home/airflow/.local/lib/python3.12/site-packages/airflow/utils/operator_helpers.py", line 252, in run
    return self.func(*args, **kwargs)
           ^^^^^^^^^^^^^^^^^^^^^^^^^^
  File "/home/airflow/.local/lib/python3.12/site-packages/airflow/models/baseoperator.py", line 406, in wrapper
    return func(self, *args, **kwargs)
           ^^^^^^^^^^^^^^^^^^^^^^^^^^^
  File "/home/airflow/.local/lib/python3.12/site-packages/airflow/providers/apache/spark/operators/spark_submit.py", line 176, in execute
    self._hook.submit(self.application)
  File "/home/airflow/.local/lib/python3.12/site-packages/airflow/providers/apache/spark/hooks/spark_submit.py", line 560, in submit
    raise AirflowException(
airflow.exceptions.AirflowException: Cannot execute: spark-submit --master yarn --driver-class-path /opt/***/jars/postgresql-42.5.0.jar --jars /opt/***/jars/postgresql-42.5.0.jar --packages org.postgresql:postgresql:42.5.0 --name arrow-spark /opt/bitnami/spark/src/scripts_spark/LoadFileToDB.py. Error code is: 1.
[2024-10-16T20:12:45.251+0000] {local_task_job_runner.py:266} INFO - Task exited with return code 1
[2024-10-16T20:12:45.263+0000] {taskinstance.py:3900} INFO - 0 downstream tasks scheduled from follow-on schedule check
[2024-10-16T20:12:45.285+0000] {local_task_job_runner.py:245} INFO - ::endgroup::
