[2024-10-25T13:24:17.593+0000] {local_task_job_runner.py:123} INFO - ::group::Pre task execution logs
[2024-10-25T13:24:17.606+0000] {taskinstance.py:2612} INFO - Dependencies all met for dep_context=non-requeueable deps ti=<TaskInstance: pipeline_webscraping.pichau_tasks.Create_Container_Raw_pichau manual__2024-10-25T13:24:14.923108+00:00 [queued]>
[2024-10-25T13:24:17.614+0000] {taskinstance.py:2612} INFO - Dependencies all met for dep_context=requeueable deps ti=<TaskInstance: pipeline_webscraping.pichau_tasks.Create_Container_Raw_pichau manual__2024-10-25T13:24:14.923108+00:00 [queued]>
[2024-10-25T13:24:17.615+0000] {taskinstance.py:2865} INFO - Starting attempt 1 of 1
[2024-10-25T13:24:17.631+0000] {taskinstance.py:2888} INFO - Executing <Task(CreateContainerInDataLake): pichau_tasks.Create_Container_Raw_pichau> on 2024-10-25 13:24:14.923108+00:00
[2024-10-25T13:24:17.636+0000] {warnings.py:112} WARNING - /home/***/.local/lib/python3.12/site-packages/***/task/task_runner/standard_task_runner.py:70: DeprecationWarning: This process (pid=1533) is multi-threaded, use of fork() may lead to deadlocks in the child.
  pid = os.fork()

[2024-10-25T13:24:17.638+0000] {standard_task_runner.py:72} INFO - Started process 1535 to run task
[2024-10-25T13:24:17.638+0000] {standard_task_runner.py:104} INFO - Running: ['***', 'tasks', 'run', 'pipeline_webscraping', 'pichau_tasks.Create_Container_Raw_pichau', 'manual__2024-10-25T13:24:14.923108+00:00', '--job-id', '469', '--raw', '--subdir', 'DAGS_FOLDER/DagWebScraping.py', '--cfg-path', '/tmp/tmp3zyx_xz9']
[2024-10-25T13:24:17.641+0000] {standard_task_runner.py:105} INFO - Job 469: Subtask pichau_tasks.Create_Container_Raw_pichau
[2024-10-25T13:24:17.686+0000] {task_command.py:467} INFO - Running <TaskInstance: pipeline_webscraping.pichau_tasks.Create_Container_Raw_pichau manual__2024-10-25T13:24:14.923108+00:00 [running]> on host 76ae9b05cb63
[2024-10-25T13:24:17.764+0000] {taskinstance.py:3131} INFO - Exporting env vars: AIRFLOW_CTX_DAG_OWNER='***' AIRFLOW_CTX_DAG_ID='pipeline_webscraping' AIRFLOW_CTX_TASK_ID='pichau_tasks.Create_Container_Raw_pichau' AIRFLOW_CTX_EXECUTION_DATE='2024-10-25T13:24:14.923108+00:00' AIRFLOW_CTX_TRY_NUMBER='1' AIRFLOW_CTX_DAG_RUN_ID='manual__2024-10-25T13:24:14.923108+00:00'
[2024-10-25T13:24:17.765+0000] {taskinstance.py:731} INFO - ::endgroup::
[2024-10-25T13:24:17.778+0000] {baseoperator.py:405} WARNING - CreateContainerInDataLake.execute cannot be called outside TaskInstance!
[2024-10-25T13:24:17.779+0000] {subprocess.py:63} INFO - Tmp dir root location: /tmp
[2024-10-25T13:24:17.780+0000] {subprocess.py:75} INFO - Running command: ['/usr/bin/bash', '-c', 'mkdir -p /opt/***/datalake/rawzone/pichau_2024-10-25']
[2024-10-25T13:24:17.789+0000] {subprocess.py:86} INFO - Output:
[2024-10-25T13:24:17.793+0000] {subprocess.py:97} INFO - Command exited with return code 0
[2024-10-25T13:24:17.817+0000] {taskinstance.py:340} INFO - ::group::Post task execution logs
[2024-10-25T13:24:17.818+0000] {taskinstance.py:352} INFO - Marking task as SUCCESS. dag_id=pipeline_webscraping, task_id=pichau_tasks.Create_Container_Raw_pichau, run_id=manual__2024-10-25T13:24:14.923108+00:00, execution_date=20241025T132414, start_date=20241025T132417, end_date=20241025T132417
[2024-10-25T13:24:17.854+0000] {local_task_job_runner.py:266} INFO - Task exited with return code 0
[2024-10-25T13:24:17.892+0000] {taskinstance.py:3900} INFO - 1 downstream tasks scheduled from follow-on schedule check
[2024-10-25T13:24:17.898+0000] {local_task_job_runner.py:245} INFO - ::endgroup::
