[2024-11-01T14:11:19.574+0000] {local_task_job_runner.py:123} INFO - ::group::Pre task execution logs
[2024-11-01T14:11:19.588+0000] {taskinstance.py:2612} INFO - Dependencies all met for dep_context=non-requeueable deps ti=<TaskInstance: LoadWebScraping.insert manual__2024-11-01T14:11:15.548067+00:00 [queued]>
[2024-11-01T14:11:19.595+0000] {taskinstance.py:2612} INFO - Dependencies all met for dep_context=requeueable deps ti=<TaskInstance: LoadWebScraping.insert manual__2024-11-01T14:11:15.548067+00:00 [queued]>
[2024-11-01T14:11:19.595+0000] {taskinstance.py:2865} INFO - Starting attempt 1 of 1
[2024-11-01T14:11:19.609+0000] {taskinstance.py:2888} INFO - Executing <Task(SparkSubmitOperator): insert> on 2024-11-01 14:11:15.548067+00:00
[2024-11-01T14:11:19.614+0000] {warnings.py:112} WARNING - /home/***/.local/lib/python3.12/site-packages/***/task/task_runner/standard_task_runner.py:70: DeprecationWarning: This process (pid=9432) is multi-threaded, use of fork() may lead to deadlocks in the child.
  pid = os.fork()

[2024-11-01T14:11:19.616+0000] {standard_task_runner.py:72} INFO - Started process 9434 to run task
[2024-11-01T14:11:19.616+0000] {standard_task_runner.py:104} INFO - Running: ['***', 'tasks', 'run', 'LoadWebScraping', 'insert', 'manual__2024-11-01T14:11:15.548067+00:00', '--job-id', '94', '--raw', '--subdir', 'DAGS_FOLDER/LoadWebScraping.py', '--cfg-path', '/tmp/tmpatn2v1k5']
[2024-11-01T14:11:19.619+0000] {standard_task_runner.py:105} INFO - Job 94: Subtask insert
[2024-11-01T14:11:19.663+0000] {task_command.py:467} INFO - Running <TaskInstance: LoadWebScraping.insert manual__2024-11-01T14:11:15.548067+00:00 [running]> on host b6f3296945ba
[2024-11-01T14:11:19.756+0000] {taskinstance.py:3131} INFO - Exporting env vars: AIRFLOW_CTX_DAG_OWNER='***' AIRFLOW_CTX_DAG_ID='LoadWebScraping' AIRFLOW_CTX_TASK_ID='insert' AIRFLOW_CTX_EXECUTION_DATE='2024-11-01T14:11:15.548067+00:00' AIRFLOW_CTX_TRY_NUMBER='1' AIRFLOW_CTX_DAG_RUN_ID='manual__2024-11-01T14:11:15.548067+00:00'
[2024-11-01T14:11:19.758+0000] {taskinstance.py:731} INFO - ::endgroup::
[2024-11-01T14:11:19.780+0000] {base.py:84} INFO - Retrieving connection 'spark_default'
[2024-11-01T14:11:19.781+0000] {spark_submit.py:327} ERROR - Failed to decode base64 keytab: Incorrect padding
[2024-11-01T14:11:19.782+0000] {spark_submit.py:304} INFO - Could not load connection string spark_default, defaulting to spark://spark:7077
[2024-11-01T14:11:19.783+0000] {spark_submit.py:473} INFO - Spark-Submit cmd: spark-submit --master spark://spark:7077 --driver-class-path /opt/***/jars/postgresql-42.5.0.jar --jars /opt/***/jars/postgresql-42.5.0.jar --packages org.postgresql:postgresql:42.5.0 --name arrow-spark --deploy-mode client /opt/bitnami/spark/src/scripts_spark/LoadFileToDB.py
[2024-11-01T14:11:21.368+0000] {spark_submit.py:634} INFO - :: loading settings :: url = jar:file:/home/***/.local/lib/python3.12/site-packages/pyspark/jars/ivy-2.5.1.jar!/org/apache/ivy/core/settings/ivysettings.xml
[2024-11-01T14:11:21.431+0000] {spark_submit.py:634} INFO - Ivy Default Cache set to: /home/***/.ivy2/cache
[2024-11-01T14:11:21.431+0000] {spark_submit.py:634} INFO - The jars for the packages stored in: /home/***/.ivy2/jars
[2024-11-01T14:11:21.442+0000] {spark_submit.py:634} INFO - org.postgresql#postgresql added as a dependency
[2024-11-01T14:11:21.443+0000] {spark_submit.py:634} INFO - :: resolving dependencies :: org.apache.spark#spark-submit-parent-29479a1f-2f86-4d68-af18-5ed73b8878ee;1.0
[2024-11-01T14:11:21.444+0000] {spark_submit.py:634} INFO - confs: [default]
[2024-11-01T14:11:21.528+0000] {spark_submit.py:634} INFO - found org.postgresql#postgresql;42.5.0 in central
[2024-11-01T14:11:21.545+0000] {spark_submit.py:634} INFO - found org.checkerframework#checker-qual;3.5.0 in central
[2024-11-01T14:11:21.557+0000] {spark_submit.py:634} INFO - :: resolution report :: resolve 109ms :: artifacts dl 5ms
[2024-11-01T14:11:21.558+0000] {spark_submit.py:634} INFO - :: modules in use:
[2024-11-01T14:11:21.558+0000] {spark_submit.py:634} INFO - org.checkerframework#checker-qual;3.5.0 from central in [default]
[2024-11-01T14:11:21.559+0000] {spark_submit.py:634} INFO - org.postgresql#postgresql;42.5.0 from central in [default]
[2024-11-01T14:11:21.560+0000] {spark_submit.py:634} INFO - ---------------------------------------------------------------------
[2024-11-01T14:11:21.561+0000] {spark_submit.py:634} INFO - |                  |            modules            ||   artifacts   |
[2024-11-01T14:11:21.561+0000] {spark_submit.py:634} INFO - |       conf       | number| search|dwnlded|evicted|| number|dwnlded|
[2024-11-01T14:11:21.562+0000] {spark_submit.py:634} INFO - ---------------------------------------------------------------------
[2024-11-01T14:11:21.562+0000] {spark_submit.py:634} INFO - |      default     |   2   |   0   |   0   |   0   ||   2   |   0   |
[2024-11-01T14:11:21.563+0000] {spark_submit.py:634} INFO - ---------------------------------------------------------------------
[2024-11-01T14:11:21.563+0000] {spark_submit.py:634} INFO - :: retrieving :: org.apache.spark#spark-submit-parent-29479a1f-2f86-4d68-af18-5ed73b8878ee
[2024-11-01T14:11:21.563+0000] {spark_submit.py:634} INFO - confs: [default]
[2024-11-01T14:11:21.565+0000] {spark_submit.py:634} INFO - 0 artifacts copied, 2 already retrieved (0kB/5ms)
[2024-11-01T14:11:21.733+0000] {spark_submit.py:634} INFO - 24/11/01 14:11:21 WARN NativeCodeLoader: Unable to load native-hadoop library for your platform... using builtin-java classes where applicable
[2024-11-01T14:11:21.902+0000] {spark_submit.py:634} INFO - 24/11/01 14:11:21 WARN DependencyUtils: Local jar /opt/***/jars/postgresql-42.5.0.jar does not exist, skipping.
[2024-11-01T14:11:24.744+0000] {spark_submit.py:634} INFO - 24/11/01 14:11:24 INFO SparkContext: Running Spark version 3.5.2
[2024-11-01T14:11:24.745+0000] {spark_submit.py:634} INFO - 24/11/01 14:11:24 INFO SparkContext: OS info Linux, 5.15.153.1-microsoft-standard-WSL2, amd64
[2024-11-01T14:11:24.745+0000] {spark_submit.py:634} INFO - 24/11/01 14:11:24 INFO SparkContext: Java version 17.0.13
[2024-11-01T14:11:24.780+0000] {spark_submit.py:634} INFO - 24/11/01 14:11:24 INFO ResourceUtils: ==============================================================
[2024-11-01T14:11:24.781+0000] {spark_submit.py:634} INFO - 24/11/01 14:11:24 INFO ResourceUtils: No custom resources configured for spark.driver.
[2024-11-01T14:11:24.782+0000] {spark_submit.py:634} INFO - 24/11/01 14:11:24 INFO ResourceUtils: ==============================================================
[2024-11-01T14:11:24.782+0000] {spark_submit.py:634} INFO - 24/11/01 14:11:24 INFO SparkContext: Submitted application: Insert_data
[2024-11-01T14:11:24.809+0000] {spark_submit.py:634} INFO - 24/11/01 14:11:24 INFO ResourceProfile: Default ResourceProfile created, executor resources: Map(cores -> name: cores, amount: 1, script: , vendor: , memory -> name: memory, amount: 1024, script: , vendor: , offHeap -> name: offHeap, amount: 0, script: , vendor: ), task resources: Map(cpus -> name: cpus, amount: 1.0)
[2024-11-01T14:11:24.819+0000] {spark_submit.py:634} INFO - 24/11/01 14:11:24 INFO ResourceProfile: Limiting resource is cpu
[2024-11-01T14:11:24.822+0000] {spark_submit.py:634} INFO - 24/11/01 14:11:24 INFO ResourceProfileManager: Added ResourceProfile id: 0
[2024-11-01T14:11:24.886+0000] {spark_submit.py:634} INFO - 24/11/01 14:11:24 INFO SecurityManager: Changing view acls to: ***
[2024-11-01T14:11:24.886+0000] {spark_submit.py:634} INFO - 24/11/01 14:11:24 INFO SecurityManager: Changing modify acls to: ***
[2024-11-01T14:11:24.887+0000] {spark_submit.py:634} INFO - 24/11/01 14:11:24 INFO SecurityManager: Changing view acls groups to:
[2024-11-01T14:11:24.887+0000] {spark_submit.py:634} INFO - 24/11/01 14:11:24 INFO SecurityManager: Changing modify acls groups to:
[2024-11-01T14:11:24.888+0000] {spark_submit.py:634} INFO - 24/11/01 14:11:24 INFO SecurityManager: SecurityManager: authentication disabled; ui acls disabled; users with view permissions: ***; groups with view permissions: EMPTY; users with modify permissions: ***; groups with modify permissions: EMPTY
[2024-11-01T14:11:25.087+0000] {spark_submit.py:634} INFO - 24/11/01 14:11:25 INFO Utils: Successfully started service 'sparkDriver' on port 37743.
[2024-11-01T14:11:25.123+0000] {spark_submit.py:634} INFO - 24/11/01 14:11:25 INFO SparkEnv: Registering MapOutputTracker
[2024-11-01T14:11:25.160+0000] {spark_submit.py:634} INFO - 24/11/01 14:11:25 INFO SparkEnv: Registering BlockManagerMaster
[2024-11-01T14:11:25.184+0000] {spark_submit.py:634} INFO - 24/11/01 14:11:25 INFO BlockManagerMasterEndpoint: Using org.apache.spark.storage.DefaultTopologyMapper for getting topology information
[2024-11-01T14:11:25.185+0000] {spark_submit.py:634} INFO - 24/11/01 14:11:25 INFO BlockManagerMasterEndpoint: BlockManagerMasterEndpoint up
[2024-11-01T14:11:25.195+0000] {spark_submit.py:634} INFO - 24/11/01 14:11:25 INFO SparkEnv: Registering BlockManagerMasterHeartbeat
[2024-11-01T14:11:25.218+0000] {spark_submit.py:634} INFO - 24/11/01 14:11:25 INFO DiskBlockManager: Created local directory at /tmp/blockmgr-673c9c2a-8df8-486b-bb54-89199aa8b9c4
[2024-11-01T14:11:25.232+0000] {spark_submit.py:634} INFO - 24/11/01 14:11:25 INFO MemoryStore: MemoryStore started with capacity 434.4 MiB
[2024-11-01T14:11:25.247+0000] {spark_submit.py:634} INFO - 24/11/01 14:11:25 INFO SparkEnv: Registering OutputCommitCoordinator
[2024-11-01T14:11:25.354+0000] {spark_submit.py:634} INFO - 24/11/01 14:11:25 INFO JettyUtils: Start Jetty 0.0.0.0:4040 for SparkUI
[2024-11-01T14:11:25.422+0000] {spark_submit.py:634} INFO - 24/11/01 14:11:25 INFO Utils: Successfully started service 'SparkUI' on port 4040.
[2024-11-01T14:11:25.454+0000] {spark_submit.py:634} INFO - 24/11/01 14:11:25 ERROR SparkContext: Failed to add /opt/bitnami/spark/jars/postgresql-42.5.0.jar to Spark environment
[2024-11-01T14:11:25.455+0000] {spark_submit.py:634} INFO - java.io.FileNotFoundException: Jar /opt/bitnami/spark/jars/postgresql-42.5.0.jar not found
[2024-11-01T14:11:25.455+0000] {spark_submit.py:634} INFO - at org.apache.spark.SparkContext.addLocalJarFile$1(SparkContext.scala:2095)
[2024-11-01T14:11:25.456+0000] {spark_submit.py:634} INFO - at org.apache.spark.SparkContext.addJar(SparkContext.scala:2151)
[2024-11-01T14:11:25.457+0000] {spark_submit.py:634} INFO - at org.apache.spark.SparkContext.$anonfun$new$15(SparkContext.scala:521)
[2024-11-01T14:11:25.457+0000] {spark_submit.py:634} INFO - at org.apache.spark.SparkContext.$anonfun$new$15$adapted(SparkContext.scala:521)
[2024-11-01T14:11:25.458+0000] {spark_submit.py:634} INFO - at scala.collection.mutable.ResizableArray.foreach(ResizableArray.scala:62)
[2024-11-01T14:11:25.459+0000] {spark_submit.py:634} INFO - at scala.collection.mutable.ResizableArray.foreach$(ResizableArray.scala:55)
[2024-11-01T14:11:25.460+0000] {spark_submit.py:634} INFO - at scala.collection.mutable.ArrayBuffer.foreach(ArrayBuffer.scala:49)
[2024-11-01T14:11:25.460+0000] {spark_submit.py:634} INFO - at org.apache.spark.SparkContext.<init>(SparkContext.scala:521)
[2024-11-01T14:11:25.460+0000] {spark_submit.py:634} INFO - at org.apache.spark.api.java.JavaSparkContext.<init>(JavaSparkContext.scala:58)
[2024-11-01T14:11:25.461+0000] {spark_submit.py:634} INFO - at java.base/jdk.internal.reflect.NativeConstructorAccessorImpl.newInstance0(Native Method)
[2024-11-01T14:11:25.461+0000] {spark_submit.py:634} INFO - at java.base/jdk.internal.reflect.NativeConstructorAccessorImpl.newInstance(NativeConstructorAccessorImpl.java:77)
[2024-11-01T14:11:25.462+0000] {spark_submit.py:634} INFO - at java.base/jdk.internal.reflect.DelegatingConstructorAccessorImpl.newInstance(DelegatingConstructorAccessorImpl.java:45)
[2024-11-01T14:11:25.462+0000] {spark_submit.py:634} INFO - at java.base/java.lang.reflect.Constructor.newInstanceWithCaller(Constructor.java:500)
[2024-11-01T14:11:25.463+0000] {spark_submit.py:634} INFO - at java.base/java.lang.reflect.Constructor.newInstance(Constructor.java:481)
[2024-11-01T14:11:25.463+0000] {spark_submit.py:634} INFO - at py4j.reflection.MethodInvoker.invoke(MethodInvoker.java:247)
[2024-11-01T14:11:25.464+0000] {spark_submit.py:634} INFO - at py4j.reflection.ReflectionEngine.invoke(ReflectionEngine.java:374)
[2024-11-01T14:11:25.464+0000] {spark_submit.py:634} INFO - at py4j.Gateway.invoke(Gateway.java:238)
[2024-11-01T14:11:25.465+0000] {spark_submit.py:634} INFO - at py4j.commands.ConstructorCommand.invokeConstructor(ConstructorCommand.java:80)
[2024-11-01T14:11:25.465+0000] {spark_submit.py:634} INFO - at py4j.commands.ConstructorCommand.execute(ConstructorCommand.java:69)
[2024-11-01T14:11:25.466+0000] {spark_submit.py:634} INFO - at py4j.ClientServerConnection.waitForCommands(ClientServerConnection.java:182)
[2024-11-01T14:11:25.466+0000] {spark_submit.py:634} INFO - at py4j.ClientServerConnection.run(ClientServerConnection.java:106)
[2024-11-01T14:11:25.466+0000] {spark_submit.py:634} INFO - at java.base/java.lang.Thread.run(Thread.java:840)
[2024-11-01T14:11:25.467+0000] {spark_submit.py:634} INFO - 24/11/01 14:11:25 INFO SparkContext: Added file file:///home/***/.ivy2/jars/org.postgresql_postgresql-42.5.0.jar at file:///home/***/.ivy2/jars/org.postgresql_postgresql-42.5.0.jar with timestamp 1730470284735
[2024-11-01T14:11:25.467+0000] {spark_submit.py:634} INFO - 24/11/01 14:11:25 INFO Utils: Copying /home/***/.ivy2/jars/org.postgresql_postgresql-42.5.0.jar to /tmp/spark-7d4e6512-54b6-434d-bdd3-462e976ba7ea/userFiles-60b16c7d-f08c-49ce-9480-42af56997dfa/org.postgresql_postgresql-42.5.0.jar
[2024-11-01T14:11:25.473+0000] {spark_submit.py:634} INFO - 24/11/01 14:11:25 INFO SparkContext: Added file file:///home/***/.ivy2/jars/org.checkerframework_checker-qual-3.5.0.jar at file:///home/***/.ivy2/jars/org.checkerframework_checker-qual-3.5.0.jar with timestamp 1730470284735
[2024-11-01T14:11:25.474+0000] {spark_submit.py:634} INFO - 24/11/01 14:11:25 INFO Utils: Copying /home/***/.ivy2/jars/org.checkerframework_checker-qual-3.5.0.jar to /tmp/spark-7d4e6512-54b6-434d-bdd3-462e976ba7ea/userFiles-60b16c7d-f08c-49ce-9480-42af56997dfa/org.checkerframework_checker-qual-3.5.0.jar
[2024-11-01T14:11:25.533+0000] {spark_submit.py:634} INFO - 24/11/01 14:11:25 INFO Executor: Starting executor ID driver on host b6f3296945ba
[2024-11-01T14:11:25.534+0000] {spark_submit.py:634} INFO - 24/11/01 14:11:25 INFO Executor: OS info Linux, 5.15.153.1-microsoft-standard-WSL2, amd64
[2024-11-01T14:11:25.535+0000] {spark_submit.py:634} INFO - 24/11/01 14:11:25 INFO Executor: Java version 17.0.13
[2024-11-01T14:11:25.541+0000] {spark_submit.py:634} INFO - 24/11/01 14:11:25 INFO Executor: Starting executor with user classpath (userClassPathFirst = false): ''
[2024-11-01T14:11:25.543+0000] {spark_submit.py:634} INFO - 24/11/01 14:11:25 INFO Executor: Created or updated repl class loader org.apache.spark.util.MutableURLClassLoader@165a4aa9 for default.
[2024-11-01T14:11:25.564+0000] {spark_submit.py:634} INFO - 24/11/01 14:11:25 INFO Executor: Fetching file:///home/***/.ivy2/jars/org.checkerframework_checker-qual-3.5.0.jar with timestamp 1730470284735
[2024-11-01T14:11:25.580+0000] {spark_submit.py:634} INFO - 24/11/01 14:11:25 INFO Utils: /home/***/.ivy2/jars/org.checkerframework_checker-qual-3.5.0.jar has been previously copied to /tmp/spark-7d4e6512-54b6-434d-bdd3-462e976ba7ea/userFiles-60b16c7d-f08c-49ce-9480-42af56997dfa/org.checkerframework_checker-qual-3.5.0.jar
[2024-11-01T14:11:25.585+0000] {spark_submit.py:634} INFO - 24/11/01 14:11:25 INFO Executor: Fetching file:///home/***/.ivy2/jars/org.postgresql_postgresql-42.5.0.jar with timestamp 1730470284735
[2024-11-01T14:11:25.589+0000] {spark_submit.py:634} INFO - 24/11/01 14:11:25 INFO Utils: /home/***/.ivy2/jars/org.postgresql_postgresql-42.5.0.jar has been previously copied to /tmp/spark-7d4e6512-54b6-434d-bdd3-462e976ba7ea/userFiles-60b16c7d-f08c-49ce-9480-42af56997dfa/org.postgresql_postgresql-42.5.0.jar
[2024-11-01T14:11:25.605+0000] {spark_submit.py:634} INFO - 24/11/01 14:11:25 INFO Utils: Successfully started service 'org.apache.spark.network.netty.NettyBlockTransferService' on port 45391.
[2024-11-01T14:11:25.605+0000] {spark_submit.py:634} INFO - 24/11/01 14:11:25 INFO NettyBlockTransferService: Server created on b6f3296945ba:45391
[2024-11-01T14:11:25.609+0000] {spark_submit.py:634} INFO - 24/11/01 14:11:25 INFO BlockManager: Using org.apache.spark.storage.RandomBlockReplicationPolicy for block replication policy
[2024-11-01T14:11:25.614+0000] {spark_submit.py:634} INFO - 24/11/01 14:11:25 INFO BlockManagerMaster: Registering BlockManager BlockManagerId(driver, b6f3296945ba, 45391, None)
[2024-11-01T14:11:25.622+0000] {spark_submit.py:634} INFO - 24/11/01 14:11:25 INFO BlockManagerMasterEndpoint: Registering block manager b6f3296945ba:45391 with 434.4 MiB RAM, BlockManagerId(driver, b6f3296945ba, 45391, None)
[2024-11-01T14:11:25.625+0000] {spark_submit.py:634} INFO - 24/11/01 14:11:25 INFO BlockManagerMaster: Registered BlockManager BlockManagerId(driver, b6f3296945ba, 45391, None)
[2024-11-01T14:11:25.627+0000] {spark_submit.py:634} INFO - 24/11/01 14:11:25 INFO BlockManager: Initialized BlockManager: BlockManagerId(driver, b6f3296945ba, 45391, None)
[2024-11-01T14:11:26.018+0000] {spark_submit.py:634} INFO - Traceback (most recent call last):
[2024-11-01T14:11:26.019+0000] {spark_submit.py:634} INFO - File "/opt/bitnami/spark/src/scripts_spark/LoadFileToDB.py", line 29, in <module>
[2024-11-01T14:11:26.020+0000] {spark_submit.py:634} INFO - teste=s3hook.get_bucket('silverzone')
[2024-11-01T14:11:26.021+0000] {spark_submit.py:634} INFO - ^^^^^^^^^^^^^^^^^^^^^^^^^^^^^^^
[2024-11-01T14:11:26.021+0000] {spark_submit.py:634} INFO - File "/home/***/.local/lib/python3.12/site-packages/***/providers/amazon/aws/hooks/s3.py", line 120, in wrapper
[2024-11-01T14:11:26.022+0000] {spark_submit.py:634} INFO - if "bucket_name" in self.service_config:
[2024-11-01T14:11:26.022+0000] {spark_submit.py:634} INFO - ^^^^^^^^^^^^^^^^^^^
[2024-11-01T14:11:26.023+0000] {spark_submit.py:634} INFO - AttributeError: 'str' object has no attribute 'service_config'
[2024-11-01T14:11:26.023+0000] {spark_submit.py:634} INFO - [2024-11-01T14:11:26.021+0000] {clientserver.py:543} INFO - Closing down clientserver connection
[2024-11-01T14:11:26.289+0000] {spark_submit.py:634} INFO - 24/11/01 14:11:26 INFO SparkContext: Invoking stop() from shutdown hook
[2024-11-01T14:11:26.289+0000] {spark_submit.py:634} INFO - 24/11/01 14:11:26 INFO SparkContext: SparkContext is stopping with exitCode 0.
[2024-11-01T14:11:26.299+0000] {spark_submit.py:634} INFO - 24/11/01 14:11:26 INFO SparkUI: Stopped Spark web UI at http://b6f3296945ba:4040
[2024-11-01T14:11:26.308+0000] {spark_submit.py:634} INFO - 24/11/01 14:11:26 INFO MapOutputTrackerMasterEndpoint: MapOutputTrackerMasterEndpoint stopped!
[2024-11-01T14:11:26.317+0000] {spark_submit.py:634} INFO - 24/11/01 14:11:26 INFO MemoryStore: MemoryStore cleared
[2024-11-01T14:11:26.318+0000] {spark_submit.py:634} INFO - 24/11/01 14:11:26 INFO BlockManager: BlockManager stopped
[2024-11-01T14:11:26.322+0000] {spark_submit.py:634} INFO - 24/11/01 14:11:26 INFO BlockManagerMaster: BlockManagerMaster stopped
[2024-11-01T14:11:26.324+0000] {spark_submit.py:634} INFO - 24/11/01 14:11:26 INFO OutputCommitCoordinator$OutputCommitCoordinatorEndpoint: OutputCommitCoordinator stopped!
[2024-11-01T14:11:26.331+0000] {spark_submit.py:634} INFO - 24/11/01 14:11:26 INFO SparkContext: Successfully stopped SparkContext
[2024-11-01T14:11:26.331+0000] {spark_submit.py:634} INFO - 24/11/01 14:11:26 INFO ShutdownHookManager: Shutdown hook called
[2024-11-01T14:11:26.332+0000] {spark_submit.py:634} INFO - 24/11/01 14:11:26 INFO ShutdownHookManager: Deleting directory /tmp/spark-7d4e6512-54b6-434d-bdd3-462e976ba7ea
[2024-11-01T14:11:26.335+0000] {spark_submit.py:634} INFO - 24/11/01 14:11:26 INFO ShutdownHookManager: Deleting directory /tmp/spark-7d4e6512-54b6-434d-bdd3-462e976ba7ea/pyspark-81c81402-70f0-4471-8267-ac68ac7e9623
[2024-11-01T14:11:26.339+0000] {spark_submit.py:634} INFO - 24/11/01 14:11:26 INFO ShutdownHookManager: Deleting directory /tmp/spark-896bf91c-dc83-4adc-bc56-e43583f258b8
[2024-11-01T14:11:26.371+0000] {taskinstance.py:3310} ERROR - Task failed with exception
Traceback (most recent call last):
  File "/home/airflow/.local/lib/python3.12/site-packages/airflow/models/taskinstance.py", line 767, in _execute_task
    result = _execute_callable(context=context, **execute_callable_kwargs)
             ^^^^^^^^^^^^^^^^^^^^^^^^^^^^^^^^^^^^^^^^^^^^^^^^^^^^^^^^^^^^^
  File "/home/airflow/.local/lib/python3.12/site-packages/airflow/models/taskinstance.py", line 733, in _execute_callable
    return ExecutionCallableRunner(
           ^^^^^^^^^^^^^^^^^^^^^^^^
  File "/home/airflow/.local/lib/python3.12/site-packages/airflow/utils/operator_helpers.py", line 252, in run
    return self.func(*args, **kwargs)
           ^^^^^^^^^^^^^^^^^^^^^^^^^^
  File "/home/airflow/.local/lib/python3.12/site-packages/airflow/models/baseoperator.py", line 406, in wrapper
    return func(self, *args, **kwargs)
           ^^^^^^^^^^^^^^^^^^^^^^^^^^^
  File "/home/airflow/.local/lib/python3.12/site-packages/airflow/providers/apache/spark/operators/spark_submit.py", line 176, in execute
    self._hook.submit(self.application)
  File "/home/airflow/.local/lib/python3.12/site-packages/airflow/providers/apache/spark/hooks/spark_submit.py", line 560, in submit
    raise AirflowException(
airflow.exceptions.AirflowException: Cannot execute: spark-submit --master spark://spark:7077 --driver-class-path /opt/***/jars/postgresql-42.5.0.jar --jars /opt/***/jars/postgresql-42.5.0.jar --packages org.postgresql:postgresql:42.5.0 --name arrow-spark --deploy-mode client /opt/bitnami/spark/src/scripts_spark/LoadFileToDB.py. Error code is: 1.
[2024-11-01T14:11:26.375+0000] {taskinstance.py:1225} INFO - Marking task as FAILED. dag_id=LoadWebScraping, task_id=insert, run_id=manual__2024-11-01T14:11:15.548067+00:00, execution_date=20241101T141115, start_date=20241101T141119, end_date=20241101T141126
[2024-11-01T14:11:26.389+0000] {taskinstance.py:340} INFO - ::group::Post task execution logs
[2024-11-01T14:11:26.389+0000] {standard_task_runner.py:124} ERROR - Failed to execute job 94 for task insert (Cannot execute: spark-submit --master spark://spark:7077 --driver-class-path /opt/***/jars/postgresql-42.5.0.jar --jars /opt/***/jars/postgresql-42.5.0.jar --packages org.postgresql:postgresql:42.5.0 --name arrow-spark --deploy-mode client /opt/bitnami/spark/src/scripts_spark/LoadFileToDB.py. Error code is: 1.; 9434)
Traceback (most recent call last):
  File "/home/airflow/.local/lib/python3.12/site-packages/airflow/task/task_runner/standard_task_runner.py", line 117, in _start_by_fork
    ret = args.func(args, dag=self.dag)
          ^^^^^^^^^^^^^^^^^^^^^^^^^^^^^
  File "/home/airflow/.local/lib/python3.12/site-packages/airflow/cli/cli_config.py", line 49, in command
    return func(*args, **kwargs)
           ^^^^^^^^^^^^^^^^^^^^^
  File "/home/airflow/.local/lib/python3.12/site-packages/airflow/utils/cli.py", line 115, in wrapper
    return f(*args, **kwargs)
           ^^^^^^^^^^^^^^^^^^
  File "/home/airflow/.local/lib/python3.12/site-packages/airflow/cli/commands/task_command.py", line 483, in task_run
    task_return_code = _run_task_by_selected_method(args, _dag, ti)
                       ^^^^^^^^^^^^^^^^^^^^^^^^^^^^^^^^^^^^^^^^^^^^
  File "/home/airflow/.local/lib/python3.12/site-packages/airflow/cli/commands/task_command.py", line 256, in _run_task_by_selected_method
    return _run_raw_task(args, ti)
           ^^^^^^^^^^^^^^^^^^^^^^^
  File "/home/airflow/.local/lib/python3.12/site-packages/airflow/cli/commands/task_command.py", line 341, in _run_raw_task
    return ti._run_raw_task(
           ^^^^^^^^^^^^^^^^^
  File "/home/airflow/.local/lib/python3.12/site-packages/airflow/utils/session.py", line 97, in wrapper
    return func(*args, session=session, **kwargs)
           ^^^^^^^^^^^^^^^^^^^^^^^^^^^^^^^^^^^^^^
  File "/home/airflow/.local/lib/python3.12/site-packages/airflow/models/taskinstance.py", line 3004, in _run_raw_task
    return _run_raw_task(
           ^^^^^^^^^^^^^^
  File "/home/airflow/.local/lib/python3.12/site-packages/airflow/models/taskinstance.py", line 273, in _run_raw_task
    TaskInstance._execute_task_with_callbacks(
  File "/home/airflow/.local/lib/python3.12/site-packages/airflow/models/taskinstance.py", line 3158, in _execute_task_with_callbacks
    result = self._execute_task(context, task_orig)
             ^^^^^^^^^^^^^^^^^^^^^^^^^^^^^^^^^^^^^^
  File "/home/airflow/.local/lib/python3.12/site-packages/airflow/models/taskinstance.py", line 3182, in _execute_task
    return _execute_task(self, context, task_orig)
           ^^^^^^^^^^^^^^^^^^^^^^^^^^^^^^^^^^^^^^^
  File "/home/airflow/.local/lib/python3.12/site-packages/airflow/models/taskinstance.py", line 767, in _execute_task
    result = _execute_callable(context=context, **execute_callable_kwargs)
             ^^^^^^^^^^^^^^^^^^^^^^^^^^^^^^^^^^^^^^^^^^^^^^^^^^^^^^^^^^^^^
  File "/home/airflow/.local/lib/python3.12/site-packages/airflow/models/taskinstance.py", line 733, in _execute_callable
    return ExecutionCallableRunner(
           ^^^^^^^^^^^^^^^^^^^^^^^^
  File "/home/airflow/.local/lib/python3.12/site-packages/airflow/utils/operator_helpers.py", line 252, in run
    return self.func(*args, **kwargs)
           ^^^^^^^^^^^^^^^^^^^^^^^^^^
  File "/home/airflow/.local/lib/python3.12/site-packages/airflow/models/baseoperator.py", line 406, in wrapper
    return func(self, *args, **kwargs)
           ^^^^^^^^^^^^^^^^^^^^^^^^^^^
  File "/home/airflow/.local/lib/python3.12/site-packages/airflow/providers/apache/spark/operators/spark_submit.py", line 176, in execute
    self._hook.submit(self.application)
  File "/home/airflow/.local/lib/python3.12/site-packages/airflow/providers/apache/spark/hooks/spark_submit.py", line 560, in submit
    raise AirflowException(
airflow.exceptions.AirflowException: Cannot execute: spark-submit --master spark://spark:7077 --driver-class-path /opt/***/jars/postgresql-42.5.0.jar --jars /opt/***/jars/postgresql-42.5.0.jar --packages org.postgresql:postgresql:42.5.0 --name arrow-spark --deploy-mode client /opt/bitnami/spark/src/scripts_spark/LoadFileToDB.py. Error code is: 1.
[2024-11-01T14:11:26.418+0000] {local_task_job_runner.py:266} INFO - Task exited with return code 1
[2024-11-01T14:11:26.440+0000] {taskinstance.py:3900} INFO - 0 downstream tasks scheduled from follow-on schedule check
[2024-11-01T14:11:26.444+0000] {local_task_job_runner.py:245} INFO - ::endgroup::
