[2024-10-21T12:55:10.097+0000] {local_task_job_runner.py:123} INFO - ::group::Pre task execution logs
[2024-10-21T12:55:10.112+0000] {taskinstance.py:2612} INFO - Dependencies all met for dep_context=non-requeueable deps ti=<TaskInstance: pipeline_webscraping.pichau_tasks.Create_Container_Silver_pichau manual__2024-10-21T12:52:33.065871+00:00 [queued]>
[2024-10-21T12:55:10.120+0000] {taskinstance.py:2612} INFO - Dependencies all met for dep_context=requeueable deps ti=<TaskInstance: pipeline_webscraping.pichau_tasks.Create_Container_Silver_pichau manual__2024-10-21T12:52:33.065871+00:00 [queued]>
[2024-10-21T12:55:10.121+0000] {taskinstance.py:2865} INFO - Starting attempt 1 of 1
[2024-10-21T12:55:10.135+0000] {taskinstance.py:2888} INFO - Executing <Task(CreateContainerInDataLake): pichau_tasks.Create_Container_Silver_pichau> on 2024-10-21 12:52:33.065871+00:00
[2024-10-21T12:55:10.142+0000] {warnings.py:112} WARNING - /home/***/.local/lib/python3.12/site-packages/***/task/task_runner/standard_task_runner.py:70: DeprecationWarning: This process (pid=1007) is multi-threaded, use of fork() may lead to deadlocks in the child.
  pid = os.fork()

[2024-10-21T12:55:10.143+0000] {standard_task_runner.py:72} INFO - Started process 1009 to run task
[2024-10-21T12:55:10.143+0000] {standard_task_runner.py:104} INFO - Running: ['***', 'tasks', 'run', 'pipeline_webscraping', 'pichau_tasks.Create_Container_Silver_pichau', 'manual__2024-10-21T12:52:33.065871+00:00', '--job-id', '287', '--raw', '--subdir', 'DAGS_FOLDER/DagWebScraping.py', '--cfg-path', '/tmp/tmpluspdyja']
[2024-10-21T12:55:10.146+0000] {standard_task_runner.py:105} INFO - Job 287: Subtask pichau_tasks.Create_Container_Silver_pichau
[2024-10-21T12:55:10.190+0000] {task_command.py:467} INFO - Running <TaskInstance: pipeline_webscraping.pichau_tasks.Create_Container_Silver_pichau manual__2024-10-21T12:52:33.065871+00:00 [running]> on host e2c3a206786d
[2024-10-21T12:55:10.274+0000] {taskinstance.py:3131} INFO - Exporting env vars: AIRFLOW_CTX_DAG_OWNER='***' AIRFLOW_CTX_DAG_ID='pipeline_webscraping' AIRFLOW_CTX_TASK_ID='pichau_tasks.Create_Container_Silver_pichau' AIRFLOW_CTX_EXECUTION_DATE='2024-10-21T12:52:33.065871+00:00' AIRFLOW_CTX_TRY_NUMBER='1' AIRFLOW_CTX_DAG_RUN_ID='manual__2024-10-21T12:52:33.065871+00:00'
[2024-10-21T12:55:10.275+0000] {taskinstance.py:731} INFO - ::endgroup::
[2024-10-21T12:55:10.291+0000] {baseoperator.py:405} WARNING - CreateContainerInDataLake.execute cannot be called outside TaskInstance!
[2024-10-21T12:55:10.291+0000] {subprocess.py:63} INFO - Tmp dir root location: /tmp
[2024-10-21T12:55:10.292+0000] {subprocess.py:75} INFO - Running command: ['/usr/bin/bash', '-c', 'mkdir -p /opt/***/datalake/silverzone/pichau_2024-10-21']
[2024-10-21T12:55:10.303+0000] {subprocess.py:86} INFO - Output:
[2024-10-21T12:55:10.308+0000] {subprocess.py:97} INFO - Command exited with return code 0
[2024-10-21T12:55:10.334+0000] {taskinstance.py:340} INFO - ::group::Post task execution logs
[2024-10-21T12:55:10.335+0000] {taskinstance.py:352} INFO - Marking task as SUCCESS. dag_id=pipeline_webscraping, task_id=pichau_tasks.Create_Container_Silver_pichau, run_id=manual__2024-10-21T12:52:33.065871+00:00, execution_date=20241021T125233, start_date=20241021T125510, end_date=20241021T125510
[2024-10-21T12:55:10.358+0000] {local_task_job_runner.py:266} INFO - Task exited with return code 0
[2024-10-21T12:55:10.385+0000] {taskinstance.py:3900} INFO - 1 downstream tasks scheduled from follow-on schedule check
[2024-10-21T12:55:10.391+0000] {local_task_job_runner.py:245} INFO - ::endgroup::
