[2024-10-19T18:48:36.993+0000] {local_task_job_runner.py:123} INFO - ::group::Pre task execution logs
[2024-10-19T18:48:37.007+0000] {taskinstance.py:2612} INFO - Dependencies all met for dep_context=non-requeueable deps ti=<TaskInstance: LoadWebScraping.spark_job manual__2024-10-19T18:48:33.945545+00:00 [queued]>
[2024-10-19T18:48:37.015+0000] {taskinstance.py:2612} INFO - Dependencies all met for dep_context=requeueable deps ti=<TaskInstance: LoadWebScraping.spark_job manual__2024-10-19T18:48:33.945545+00:00 [queued]>
[2024-10-19T18:48:37.016+0000] {taskinstance.py:2865} INFO - Starting attempt 1 of 1
[2024-10-19T18:48:37.031+0000] {taskinstance.py:2888} INFO - Executing <Task(SparkSubmitOperator): spark_job> on 2024-10-19 18:48:33.945545+00:00
[2024-10-19T18:48:37.036+0000] {warnings.py:112} WARNING - /home/***/.local/lib/python3.12/site-packages/***/task/task_runner/standard_task_runner.py:70: DeprecationWarning: This process (pid=2055) is multi-threaded, use of fork() may lead to deadlocks in the child.
  pid = os.fork()

[2024-10-19T18:48:37.038+0000] {standard_task_runner.py:72} INFO - Started process 2057 to run task
[2024-10-19T18:48:37.038+0000] {standard_task_runner.py:104} INFO - Running: ['***', 'tasks', 'run', 'LoadWebScraping', 'spark_job', 'manual__2024-10-19T18:48:33.945545+00:00', '--job-id', '266', '--raw', '--subdir', 'DAGS_FOLDER/LoadWebScraping.py', '--cfg-path', '/tmp/tmp6nrn7_e3']
[2024-10-19T18:48:37.041+0000] {standard_task_runner.py:105} INFO - Job 266: Subtask spark_job
[2024-10-19T18:48:37.080+0000] {task_command.py:467} INFO - Running <TaskInstance: LoadWebScraping.spark_job manual__2024-10-19T18:48:33.945545+00:00 [running]> on host e2c3a206786d
[2024-10-19T18:48:37.342+0000] {taskinstance.py:3131} INFO - Exporting env vars: AIRFLOW_CTX_DAG_OWNER='***' AIRFLOW_CTX_DAG_ID='LoadWebScraping' AIRFLOW_CTX_TASK_ID='spark_job' AIRFLOW_CTX_EXECUTION_DATE='2024-10-19T18:48:33.945545+00:00' AIRFLOW_CTX_TRY_NUMBER='1' AIRFLOW_CTX_DAG_RUN_ID='manual__2024-10-19T18:48:33.945545+00:00'
[2024-10-19T18:48:37.342+0000] {taskinstance.py:731} INFO - ::endgroup::
[2024-10-19T18:48:37.363+0000] {spark_submit.py:304} INFO - Could not load connection string spark_default, defaulting to yarn
[2024-10-19T18:48:37.365+0000] {spark_submit.py:473} INFO - Spark-Submit cmd: spark-submit --master yarn --driver-class-path /opt/***/jars/postgresql-42.5.0.jar --jars /opt/***/jars/postgresql-42.5.0.jar --packages org.postgresql:postgresql:42.5.0 --name arrow-spark /opt/bitnami/spark/src/scripts_spark/LoadFileToDB.py
[2024-10-19T18:48:39.029+0000] {spark_submit.py:634} INFO - :: loading settings :: url = jar:file:/home/***/.local/lib/python3.12/site-packages/pyspark/jars/ivy-2.5.1.jar!/org/apache/ivy/core/settings/ivysettings.xml
[2024-10-19T18:48:39.121+0000] {spark_submit.py:634} INFO - Ivy Default Cache set to: /home/***/.ivy2/cache
[2024-10-19T18:48:39.130+0000] {spark_submit.py:634} INFO - The jars for the packages stored in: /home/***/.ivy2/jars
[2024-10-19T18:48:39.147+0000] {spark_submit.py:634} INFO - org.postgresql#postgresql added as a dependency
[2024-10-19T18:48:39.148+0000] {spark_submit.py:634} INFO - :: resolving dependencies :: org.apache.spark#spark-submit-parent-1f0af27c-3d12-473a-8795-d39ac2cb5388;1.0
[2024-10-19T18:48:39.149+0000] {spark_submit.py:634} INFO - confs: [default]
[2024-10-19T18:48:39.308+0000] {spark_submit.py:634} INFO - found org.postgresql#postgresql;42.5.0 in central
[2024-10-19T18:48:39.325+0000] {spark_submit.py:634} INFO - found org.checkerframework#checker-qual;3.5.0 in central
[2024-10-19T18:48:39.337+0000] {spark_submit.py:634} INFO - :: resolution report :: resolve 186ms :: artifacts dl 5ms
[2024-10-19T18:48:39.338+0000] {spark_submit.py:634} INFO - :: modules in use:
[2024-10-19T18:48:39.339+0000] {spark_submit.py:634} INFO - org.checkerframework#checker-qual;3.5.0 from central in [default]
[2024-10-19T18:48:39.339+0000] {spark_submit.py:634} INFO - org.postgresql#postgresql;42.5.0 from central in [default]
[2024-10-19T18:48:39.339+0000] {spark_submit.py:634} INFO - ---------------------------------------------------------------------
[2024-10-19T18:48:39.340+0000] {spark_submit.py:634} INFO - |                  |            modules            ||   artifacts   |
[2024-10-19T18:48:39.340+0000] {spark_submit.py:634} INFO - |       conf       | number| search|dwnlded|evicted|| number|dwnlded|
[2024-10-19T18:48:39.341+0000] {spark_submit.py:634} INFO - ---------------------------------------------------------------------
[2024-10-19T18:48:39.341+0000] {spark_submit.py:634} INFO - |      default     |   2   |   0   |   0   |   0   ||   2   |   0   |
[2024-10-19T18:48:39.342+0000] {spark_submit.py:634} INFO - ---------------------------------------------------------------------
[2024-10-19T18:48:39.342+0000] {spark_submit.py:634} INFO - :: retrieving :: org.apache.spark#spark-submit-parent-1f0af27c-3d12-473a-8795-d39ac2cb5388
[2024-10-19T18:48:39.342+0000] {spark_submit.py:634} INFO - confs: [default]
[2024-10-19T18:48:39.345+0000] {spark_submit.py:634} INFO - 0 artifacts copied, 2 already retrieved (0kB/4ms)
[2024-10-19T18:48:39.489+0000] {spark_submit.py:634} INFO - 24/10/19 18:48:39 WARN NativeCodeLoader: Unable to load native-hadoop library for your platform... using builtin-java classes where applicable
[2024-10-19T18:48:40.926+0000] {spark_submit.py:634} INFO - 24/10/19 18:48:40 INFO SparkContext: Running Spark version 3.5.2
[2024-10-19T18:48:40.927+0000] {spark_submit.py:634} INFO - 24/10/19 18:48:40 INFO SparkContext: OS info Linux, 5.15.153.1-microsoft-standard-WSL2, amd64
[2024-10-19T18:48:40.927+0000] {spark_submit.py:634} INFO - 24/10/19 18:48:40 INFO SparkContext: Java version 17.0.12
[2024-10-19T18:48:40.964+0000] {spark_submit.py:634} INFO - 24/10/19 18:48:40 INFO ResourceUtils: ==============================================================
[2024-10-19T18:48:40.965+0000] {spark_submit.py:634} INFO - 24/10/19 18:48:40 INFO ResourceUtils: No custom resources configured for spark.driver.
[2024-10-19T18:48:40.966+0000] {spark_submit.py:634} INFO - 24/10/19 18:48:40 INFO ResourceUtils: ==============================================================
[2024-10-19T18:48:40.967+0000] {spark_submit.py:634} INFO - 24/10/19 18:48:40 INFO SparkContext: Submitted application: Exemplo
[2024-10-19T18:48:41.017+0000] {spark_submit.py:634} INFO - 24/10/19 18:48:41 INFO ResourceProfile: Default ResourceProfile created, executor resources: Map(cores -> name: cores, amount: 1, script: , vendor: , memory -> name: memory, amount: 1024, script: , vendor: , offHeap -> name: offHeap, amount: 0, script: , vendor: ), task resources: Map(cpus -> name: cpus, amount: 1.0)
[2024-10-19T18:48:41.053+0000] {spark_submit.py:634} INFO - 24/10/19 18:48:41 INFO ResourceProfile: Limiting resource is cpu
[2024-10-19T18:48:41.056+0000] {spark_submit.py:634} INFO - 24/10/19 18:48:41 INFO ResourceProfileManager: Added ResourceProfile id: 0
[2024-10-19T18:48:41.149+0000] {spark_submit.py:634} INFO - 24/10/19 18:48:41 INFO SecurityManager: Changing view acls to: ***
[2024-10-19T18:48:41.151+0000] {spark_submit.py:634} INFO - 24/10/19 18:48:41 INFO SecurityManager: Changing modify acls to: ***
[2024-10-19T18:48:41.153+0000] {spark_submit.py:634} INFO - 24/10/19 18:48:41 INFO SecurityManager: Changing view acls groups to:
[2024-10-19T18:48:41.154+0000] {spark_submit.py:634} INFO - 24/10/19 18:48:41 INFO SecurityManager: Changing modify acls groups to:
[2024-10-19T18:48:41.155+0000] {spark_submit.py:634} INFO - 24/10/19 18:48:41 INFO SecurityManager: SecurityManager: authentication disabled; ui acls disabled; users with view permissions: ***; groups with view permissions: EMPTY; users with modify permissions: ***; groups with modify permissions: EMPTY
[2024-10-19T18:48:41.359+0000] {spark_submit.py:634} INFO - 24/10/19 18:48:41 INFO Utils: Successfully started service 'sparkDriver' on port 36163.
[2024-10-19T18:48:41.388+0000] {spark_submit.py:634} INFO - 24/10/19 18:48:41 INFO SparkEnv: Registering MapOutputTracker
[2024-10-19T18:48:41.414+0000] {spark_submit.py:634} INFO - 24/10/19 18:48:41 INFO SparkEnv: Registering BlockManagerMaster
[2024-10-19T18:48:41.440+0000] {spark_submit.py:634} INFO - 24/10/19 18:48:41 INFO BlockManagerMasterEndpoint: Using org.apache.spark.storage.DefaultTopologyMapper for getting topology information
[2024-10-19T18:48:41.441+0000] {spark_submit.py:634} INFO - 24/10/19 18:48:41 INFO BlockManagerMasterEndpoint: BlockManagerMasterEndpoint up
[2024-10-19T18:48:41.445+0000] {spark_submit.py:634} INFO - 24/10/19 18:48:41 INFO SparkEnv: Registering BlockManagerMasterHeartbeat
[2024-10-19T18:48:41.462+0000] {spark_submit.py:634} INFO - 24/10/19 18:48:41 INFO DiskBlockManager: Created local directory at /tmp/blockmgr-896fc1a8-b611-49dd-9e4c-8734e0303442
[2024-10-19T18:48:41.473+0000] {spark_submit.py:634} INFO - 24/10/19 18:48:41 INFO MemoryStore: MemoryStore started with capacity 434.4 MiB
[2024-10-19T18:48:41.485+0000] {spark_submit.py:634} INFO - 24/10/19 18:48:41 INFO SparkEnv: Registering OutputCommitCoordinator
[2024-10-19T18:48:41.597+0000] {spark_submit.py:634} INFO - 24/10/19 18:48:41 INFO JettyUtils: Start Jetty 0.0.0.0:4040 for SparkUI
[2024-10-19T18:48:41.649+0000] {spark_submit.py:634} INFO - 24/10/19 18:48:41 INFO Utils: Successfully started service 'SparkUI' on port 4040.
[2024-10-19T18:48:41.686+0000] {spark_submit.py:634} INFO - 24/10/19 18:48:41 INFO SparkContext: Added JAR /opt/bitnami/spark/jars/postgresql-42.5.0.jar at spark://e2c3a206786d:36163/jars/postgresql-42.5.0.jar with timestamp 1729363720918
[2024-10-19T18:48:41.743+0000] {spark_submit.py:634} INFO - 24/10/19 18:48:41 INFO Executor: Starting executor ID driver on host e2c3a206786d
[2024-10-19T18:48:41.744+0000] {spark_submit.py:634} INFO - 24/10/19 18:48:41 INFO Executor: OS info Linux, 5.15.153.1-microsoft-standard-WSL2, amd64
[2024-10-19T18:48:41.744+0000] {spark_submit.py:634} INFO - 24/10/19 18:48:41 INFO Executor: Java version 17.0.12
[2024-10-19T18:48:41.749+0000] {spark_submit.py:634} INFO - 24/10/19 18:48:41 INFO Executor: Starting executor with user classpath (userClassPathFirst = false): ''
[2024-10-19T18:48:41.749+0000] {spark_submit.py:634} INFO - 24/10/19 18:48:41 INFO Executor: Created or updated repl class loader org.apache.spark.util.MutableURLClassLoader@11cf427d for default.
[2024-10-19T18:48:41.758+0000] {spark_submit.py:634} INFO - 24/10/19 18:48:41 INFO Executor: Fetching spark://e2c3a206786d:36163/jars/postgresql-42.5.0.jar with timestamp 1729363720918
[2024-10-19T18:48:41.801+0000] {spark_submit.py:634} INFO - 24/10/19 18:48:41 INFO TransportClientFactory: Successfully created connection to e2c3a206786d/172.18.0.10:36163 after 25 ms (0 ms spent in bootstraps)
[2024-10-19T18:48:41.808+0000] {spark_submit.py:634} INFO - 24/10/19 18:48:41 INFO Utils: Fetching spark://e2c3a206786d:36163/jars/postgresql-42.5.0.jar to /tmp/spark-5b7a6723-83e4-4f1f-8574-a7574029f04b/userFiles-2b19dfd9-1144-4856-8e80-7ae5a861e89b/fetchFileTemp13065249827354808803.tmp
[2024-10-19T18:48:41.839+0000] {spark_submit.py:634} INFO - 24/10/19 18:48:41 INFO Executor: Adding file:/tmp/spark-5b7a6723-83e4-4f1f-8574-a7574029f04b/userFiles-2b19dfd9-1144-4856-8e80-7ae5a861e89b/postgresql-42.5.0.jar to class loader default
[2024-10-19T18:48:41.847+0000] {spark_submit.py:634} INFO - 24/10/19 18:48:41 INFO Utils: Successfully started service 'org.apache.spark.network.netty.NettyBlockTransferService' on port 33521.
[2024-10-19T18:48:41.848+0000] {spark_submit.py:634} INFO - 24/10/19 18:48:41 INFO NettyBlockTransferService: Server created on e2c3a206786d:33521
[2024-10-19T18:48:41.850+0000] {spark_submit.py:634} INFO - 24/10/19 18:48:41 INFO BlockManager: Using org.apache.spark.storage.RandomBlockReplicationPolicy for block replication policy
[2024-10-19T18:48:41.856+0000] {spark_submit.py:634} INFO - 24/10/19 18:48:41 INFO BlockManagerMaster: Registering BlockManager BlockManagerId(driver, e2c3a206786d, 33521, None)
[2024-10-19T18:48:41.859+0000] {spark_submit.py:634} INFO - 24/10/19 18:48:41 INFO BlockManagerMasterEndpoint: Registering block manager e2c3a206786d:33521 with 434.4 MiB RAM, BlockManagerId(driver, e2c3a206786d, 33521, None)
[2024-10-19T18:48:41.862+0000] {spark_submit.py:634} INFO - 24/10/19 18:48:41 INFO BlockManagerMaster: Registered BlockManager BlockManagerId(driver, e2c3a206786d, 33521, None)
[2024-10-19T18:48:41.863+0000] {spark_submit.py:634} INFO - 24/10/19 18:48:41 INFO BlockManager: Initialized BlockManager: BlockManagerId(driver, e2c3a206786d, 33521, None)
[2024-10-19T18:48:42.368+0000] {spark_submit.py:634} INFO - 24/10/19 18:48:42 INFO SharedState: Setting hive.metastore.warehouse.dir ('null') to the value of spark.sql.warehouse.dir.
[2024-10-19T18:48:42.372+0000] {spark_submit.py:634} INFO - 24/10/19 18:48:42 INFO SharedState: Warehouse path is 'file:/opt/***/spark-warehouse'.
[2024-10-19T18:48:43.252+0000] {spark_submit.py:634} INFO - 24/10/19 18:48:43 INFO InMemoryFileIndex: It took 185 ms to list leaf files for 2 paths.
[2024-10-19T18:48:43.646+0000] {spark_submit.py:634} INFO - 24/10/19 18:48:43 INFO SparkContext: Starting job: parquet at NativeMethodAccessorImpl.java:0
[2024-10-19T18:48:43.660+0000] {spark_submit.py:634} INFO - 24/10/19 18:48:43 INFO DAGScheduler: Got job 0 (parquet at NativeMethodAccessorImpl.java:0) with 1 output partitions
[2024-10-19T18:48:43.660+0000] {spark_submit.py:634} INFO - 24/10/19 18:48:43 INFO DAGScheduler: Final stage: ResultStage 0 (parquet at NativeMethodAccessorImpl.java:0)
[2024-10-19T18:48:43.661+0000] {spark_submit.py:634} INFO - 24/10/19 18:48:43 INFO DAGScheduler: Parents of final stage: List()
[2024-10-19T18:48:43.662+0000] {spark_submit.py:634} INFO - 24/10/19 18:48:43 INFO DAGScheduler: Missing parents: List()
[2024-10-19T18:48:43.665+0000] {spark_submit.py:634} INFO - 24/10/19 18:48:43 INFO DAGScheduler: Submitting ResultStage 0 (MapPartitionsRDD[1] at parquet at NativeMethodAccessorImpl.java:0), which has no missing parents
[2024-10-19T18:48:43.721+0000] {spark_submit.py:634} INFO - 24/10/19 18:48:43 INFO MemoryStore: Block broadcast_0 stored as values in memory (estimated size 104.5 KiB, free 434.3 MiB)
[2024-10-19T18:48:43.757+0000] {spark_submit.py:634} INFO - 24/10/19 18:48:43 INFO MemoryStore: Block broadcast_0_piece0 stored as bytes in memory (estimated size 37.7 KiB, free 434.3 MiB)
[2024-10-19T18:48:43.760+0000] {spark_submit.py:634} INFO - 24/10/19 18:48:43 INFO BlockManagerInfo: Added broadcast_0_piece0 in memory on e2c3a206786d:33521 (size: 37.7 KiB, free: 434.4 MiB)
[2024-10-19T18:48:43.764+0000] {spark_submit.py:634} INFO - 24/10/19 18:48:43 INFO SparkContext: Created broadcast 0 from broadcast at DAGScheduler.scala:1585
[2024-10-19T18:48:43.784+0000] {spark_submit.py:634} INFO - 24/10/19 18:48:43 INFO DAGScheduler: Submitting 1 missing tasks from ResultStage 0 (MapPartitionsRDD[1] at parquet at NativeMethodAccessorImpl.java:0) (first 15 tasks are for partitions Vector(0))
[2024-10-19T18:48:43.786+0000] {spark_submit.py:634} INFO - 24/10/19 18:48:43 INFO TaskSchedulerImpl: Adding task set 0.0 with 1 tasks resource profile 0
[2024-10-19T18:48:43.831+0000] {spark_submit.py:634} INFO - 24/10/19 18:48:43 INFO TaskSetManager: Starting task 0.0 in stage 0.0 (TID 0) (e2c3a206786d, executor driver, partition 0, PROCESS_LOCAL, 9381 bytes)
[2024-10-19T18:48:43.841+0000] {spark_submit.py:634} INFO - 24/10/19 18:48:43 INFO Executor: Running task 0.0 in stage 0.0 (TID 0)
[2024-10-19T18:48:44.160+0000] {spark_submit.py:634} INFO - 24/10/19 18:48:44 INFO Executor: Finished task 0.0 in stage 0.0 (TID 0). 2103 bytes result sent to driver
[2024-10-19T18:48:44.169+0000] {spark_submit.py:634} INFO - 24/10/19 18:48:44 INFO TaskSetManager: Finished task 0.0 in stage 0.0 (TID 0) in 356 ms on e2c3a206786d (executor driver) (1/1)
[2024-10-19T18:48:44.171+0000] {spark_submit.py:634} INFO - 24/10/19 18:48:44 INFO TaskSchedulerImpl: Removed TaskSet 0.0, whose tasks have all completed, from pool
[2024-10-19T18:48:44.175+0000] {spark_submit.py:634} INFO - 24/10/19 18:48:44 INFO DAGScheduler: ResultStage 0 (parquet at NativeMethodAccessorImpl.java:0) finished in 0.500 s
[2024-10-19T18:48:44.178+0000] {spark_submit.py:634} INFO - 24/10/19 18:48:44 INFO DAGScheduler: Job 0 is finished. Cancelling potential speculative or zombie tasks for this job
[2024-10-19T18:48:44.179+0000] {spark_submit.py:634} INFO - 24/10/19 18:48:44 INFO TaskSchedulerImpl: Killing all running tasks in stage 0: Stage finished
[2024-10-19T18:48:44.181+0000] {spark_submit.py:634} INFO - 24/10/19 18:48:44 INFO DAGScheduler: Job 0 finished: parquet at NativeMethodAccessorImpl.java:0, took 0.534261 s
[2024-10-19T18:48:44.427+0000] {spark_submit.py:634} INFO - 24/10/19 18:48:44 INFO BlockManagerInfo: Removed broadcast_0_piece0 on e2c3a206786d:33521 in memory (size: 37.7 KiB, free: 434.4 MiB)
[2024-10-19T18:48:45.626+0000] {spark_submit.py:634} INFO - 24/10/19 18:48:45 INFO FileSourceStrategy: Pushed Filters: IsNotNull(marca)
[2024-10-19T18:48:45.628+0000] {spark_submit.py:634} INFO - 24/10/19 18:48:45 INFO FileSourceStrategy: Post-Scan Filters: isnotnull(marca#0)
[2024-10-19T18:48:45.979+0000] {spark_submit.py:634} INFO - 24/10/19 18:48:45 INFO CodeGenerator: Code generated in 193.137726 ms
[2024-10-19T18:48:46.001+0000] {spark_submit.py:634} INFO - 24/10/19 18:48:46 INFO MemoryStore: Block broadcast_1 stored as values in memory (estimated size 203.4 KiB, free 434.2 MiB)
[2024-10-19T18:48:46.009+0000] {spark_submit.py:634} INFO - 24/10/19 18:48:46 INFO MemoryStore: Block broadcast_1_piece0 stored as bytes in memory (estimated size 35.6 KiB, free 434.2 MiB)
[2024-10-19T18:48:46.010+0000] {spark_submit.py:634} INFO - 24/10/19 18:48:46 INFO BlockManagerInfo: Added broadcast_1_piece0 in memory on e2c3a206786d:33521 (size: 35.6 KiB, free: 434.4 MiB)
[2024-10-19T18:48:46.011+0000] {spark_submit.py:634} INFO - 24/10/19 18:48:46 INFO SparkContext: Created broadcast 1 from $anonfun$withThreadLocalCaptured$1 at FutureTask.java:264
[2024-10-19T18:48:46.022+0000] {spark_submit.py:634} INFO - 24/10/19 18:48:46 INFO FileSourceScanExec: Planning scan with bin packing, max size: 8423387 bytes, open cost is considered as scanning 4194304 bytes.
[2024-10-19T18:48:46.078+0000] {spark_submit.py:634} INFO - 24/10/19 18:48:46 INFO SparkContext: Starting job: $anonfun$withThreadLocalCaptured$1 at FutureTask.java:264
[2024-10-19T18:48:46.079+0000] {spark_submit.py:634} INFO - 24/10/19 18:48:46 INFO DAGScheduler: Got job 1 ($anonfun$withThreadLocalCaptured$1 at FutureTask.java:264) with 1 output partitions
[2024-10-19T18:48:46.079+0000] {spark_submit.py:634} INFO - 24/10/19 18:48:46 INFO DAGScheduler: Final stage: ResultStage 1 ($anonfun$withThreadLocalCaptured$1 at FutureTask.java:264)
[2024-10-19T18:48:46.080+0000] {spark_submit.py:634} INFO - 24/10/19 18:48:46 INFO DAGScheduler: Parents of final stage: List()
[2024-10-19T18:48:46.080+0000] {spark_submit.py:634} INFO - 24/10/19 18:48:46 INFO DAGScheduler: Missing parents: List()
[2024-10-19T18:48:46.085+0000] {spark_submit.py:634} INFO - 24/10/19 18:48:46 INFO DAGScheduler: Submitting ResultStage 1 (MapPartitionsRDD[6] at $anonfun$withThreadLocalCaptured$1 at FutureTask.java:264), which has no missing parents
[2024-10-19T18:48:46.085+0000] {spark_submit.py:634} INFO - 24/10/19 18:48:46 INFO MemoryStore: Block broadcast_2 stored as values in memory (estimated size 18.9 KiB, free 434.1 MiB)
[2024-10-19T18:48:46.091+0000] {spark_submit.py:634} INFO - 24/10/19 18:48:46 INFO MemoryStore: Block broadcast_2_piece0 stored as bytes in memory (estimated size 7.3 KiB, free 434.1 MiB)
[2024-10-19T18:48:46.092+0000] {spark_submit.py:634} INFO - 24/10/19 18:48:46 INFO BlockManagerInfo: Added broadcast_2_piece0 in memory on e2c3a206786d:33521 (size: 7.3 KiB, free: 434.4 MiB)
[2024-10-19T18:48:46.093+0000] {spark_submit.py:634} INFO - 24/10/19 18:48:46 INFO SparkContext: Created broadcast 2 from broadcast at DAGScheduler.scala:1585
[2024-10-19T18:48:46.094+0000] {spark_submit.py:634} INFO - 24/10/19 18:48:46 INFO DAGScheduler: Submitting 1 missing tasks from ResultStage 1 (MapPartitionsRDD[6] at $anonfun$withThreadLocalCaptured$1 at FutureTask.java:264) (first 15 tasks are for partitions Vector(0))
[2024-10-19T18:48:46.095+0000] {spark_submit.py:634} INFO - 24/10/19 18:48:46 INFO TaskSchedulerImpl: Adding task set 1.0 with 1 tasks resource profile 0
[2024-10-19T18:48:46.099+0000] {spark_submit.py:634} INFO - 24/10/19 18:48:46 INFO TaskSetManager: Starting task 0.0 in stage 1.0 (TID 1) (e2c3a206786d, executor driver, partition 0, PROCESS_LOCAL, 10092 bytes)
[2024-10-19T18:48:46.099+0000] {spark_submit.py:634} INFO - 24/10/19 18:48:46 INFO Executor: Running task 0.0 in stage 1.0 (TID 1)
[2024-10-19T18:48:46.154+0000] {spark_submit.py:634} INFO - 24/10/19 18:48:46 INFO CodeGenerator: Code generated in 23.543227 ms
[2024-10-19T18:48:46.158+0000] {spark_submit.py:634} INFO - 24/10/19 18:48:46 INFO FileScanRDD: Reading File path: file:///opt/***/datalake/silverzone/kabum_2024-10-17/placa_video_k.parquet/part-00000-ab25495f-62f4-4946-ad7b-598973281d88-c000.snappy.parquet, range: 0-27374, partition values: [empty row]
[2024-10-19T18:48:46.275+0000] {spark_submit.py:634} INFO - 24/10/19 18:48:46 INFO FilterCompat: Filtering using predicate: noteq(marca, null)
[2024-10-19T18:48:46.354+0000] {spark_submit.py:634} INFO - 24/10/19 18:48:46 INFO CodecPool: Got brand-new decompressor [.snappy]
[2024-10-19T18:48:46.473+0000] {spark_submit.py:634} INFO - 24/10/19 18:48:46 INFO FileScanRDD: Reading File path: file:///opt/***/datalake/silverzone/pichau_2024-10-17/placa_video_k.parquet/part-00000-d14ea9a0-7bde-486d-9cc1-5c617eac69c1-c000.snappy.parquet, range: 0-7405, partition values: [empty row]
[2024-10-19T18:48:46.560+0000] {spark_submit.py:634} INFO - 24/10/19 18:48:46 INFO FilterCompat: Filtering using predicate: noteq(marca, null)
[2024-10-19T18:48:46.573+0000] {spark_submit.py:634} INFO - 24/10/19 18:48:46 INFO Executor: Finished task 0.0 in stage 1.0 (TID 1). 49532 bytes result sent to driver
[2024-10-19T18:48:46.575+0000] {spark_submit.py:634} INFO - 24/10/19 18:48:46 INFO TaskSetManager: Finished task 0.0 in stage 1.0 (TID 1) in 479 ms on e2c3a206786d (executor driver) (1/1)
[2024-10-19T18:48:46.576+0000] {spark_submit.py:634} INFO - 24/10/19 18:48:46 INFO TaskSchedulerImpl: Removed TaskSet 1.0, whose tasks have all completed, from pool
[2024-10-19T18:48:46.577+0000] {spark_submit.py:634} INFO - 24/10/19 18:48:46 INFO DAGScheduler: ResultStage 1 ($anonfun$withThreadLocalCaptured$1 at FutureTask.java:264) finished in 0.494 s
[2024-10-19T18:48:46.577+0000] {spark_submit.py:634} INFO - 24/10/19 18:48:46 INFO DAGScheduler: Job 1 is finished. Cancelling potential speculative or zombie tasks for this job
[2024-10-19T18:48:46.578+0000] {spark_submit.py:634} INFO - 24/10/19 18:48:46 INFO TaskSchedulerImpl: Killing all running tasks in stage 1: Stage finished
[2024-10-19T18:48:46.579+0000] {spark_submit.py:634} INFO - 24/10/19 18:48:46 INFO DAGScheduler: Job 1 finished: $anonfun$withThreadLocalCaptured$1 at FutureTask.java:264, took 0.499586 s
[2024-10-19T18:48:46.604+0000] {spark_submit.py:634} INFO - 24/10/19 18:48:46 INFO CodeGenerator: Code generated in 9.002793 ms
[2024-10-19T18:48:46.613+0000] {spark_submit.py:634} INFO - 24/10/19 18:48:46 INFO BlockManagerInfo: Removed broadcast_2_piece0 on e2c3a206786d:33521 in memory (size: 7.3 KiB, free: 434.4 MiB)
[2024-10-19T18:48:46.622+0000] {spark_submit.py:634} INFO - 24/10/19 18:48:46 INFO MemoryStore: Block broadcast_3 stored as values in memory (estimated size 16.0 MiB, free 418.2 MiB)
[2024-10-19T18:48:46.631+0000] {spark_submit.py:634} INFO - 24/10/19 18:48:46 INFO MemoryStore: Block broadcast_3_piece0 stored as bytes in memory (estimated size 53.7 KiB, free 418.1 MiB)
[2024-10-19T18:48:46.632+0000] {spark_submit.py:634} INFO - 24/10/19 18:48:46 INFO BlockManagerInfo: Added broadcast_3_piece0 in memory on e2c3a206786d:33521 (size: 53.7 KiB, free: 434.3 MiB)
[2024-10-19T18:48:46.632+0000] {spark_submit.py:634} INFO - 24/10/19 18:48:46 INFO SparkContext: Created broadcast 3 from $anonfun$withThreadLocalCaptured$1 at FutureTask.java:264
[2024-10-19T18:48:46.710+0000] {spark_submit.py:634} INFO - 24/10/19 18:48:46 INFO CodeGenerator: Code generated in 18.958027 ms
[2024-10-19T18:48:46.753+0000] {spark_submit.py:634} INFO - 24/10/19 18:48:46 INFO SparkContext: Starting job: jdbc at NativeMethodAccessorImpl.java:0
[2024-10-19T18:48:46.754+0000] {spark_submit.py:634} INFO - 24/10/19 18:48:46 INFO DAGScheduler: Got job 2 (jdbc at NativeMethodAccessorImpl.java:0) with 1 output partitions
[2024-10-19T18:48:46.755+0000] {spark_submit.py:634} INFO - 24/10/19 18:48:46 INFO DAGScheduler: Final stage: ResultStage 2 (jdbc at NativeMethodAccessorImpl.java:0)
[2024-10-19T18:48:46.757+0000] {spark_submit.py:634} INFO - 24/10/19 18:48:46 INFO DAGScheduler: Parents of final stage: List()
[2024-10-19T18:48:46.757+0000] {spark_submit.py:634} INFO - 24/10/19 18:48:46 INFO DAGScheduler: Missing parents: List()
[2024-10-19T18:48:46.758+0000] {spark_submit.py:634} INFO - 24/10/19 18:48:46 INFO DAGScheduler: Submitting ResultStage 2 (MapPartitionsRDD[11] at jdbc at NativeMethodAccessorImpl.java:0), which has no missing parents
[2024-10-19T18:48:46.802+0000] {spark_submit.py:634} INFO - 24/10/19 18:48:46 INFO MemoryStore: Block broadcast_4 stored as values in memory (estimated size 47.2 KiB, free 418.1 MiB)
[2024-10-19T18:48:46.808+0000] {spark_submit.py:634} INFO - 24/10/19 18:48:46 INFO MemoryStore: Block broadcast_4_piece0 stored as bytes in memory (estimated size 21.5 KiB, free 418.0 MiB)
[2024-10-19T18:48:46.816+0000] {spark_submit.py:634} INFO - 24/10/19 18:48:46 INFO BlockManagerInfo: Added broadcast_4_piece0 in memory on e2c3a206786d:33521 (size: 21.5 KiB, free: 434.3 MiB)
[2024-10-19T18:48:46.816+0000] {spark_submit.py:634} INFO - 24/10/19 18:48:46 INFO SparkContext: Created broadcast 4 from broadcast at DAGScheduler.scala:1585
[2024-10-19T18:48:46.817+0000] {spark_submit.py:634} INFO - 24/10/19 18:48:46 INFO DAGScheduler: Submitting 1 missing tasks from ResultStage 2 (MapPartitionsRDD[11] at jdbc at NativeMethodAccessorImpl.java:0) (first 15 tasks are for partitions Vector(0))
[2024-10-19T18:48:46.817+0000] {spark_submit.py:634} INFO - 24/10/19 18:48:46 INFO TaskSchedulerImpl: Adding task set 2.0 with 1 tasks resource profile 0
[2024-10-19T18:48:46.818+0000] {spark_submit.py:634} INFO - 24/10/19 18:48:46 INFO TaskSetManager: Starting task 0.0 in stage 2.0 (TID 2) (e2c3a206786d, executor driver, partition 0, PROCESS_LOCAL, 9025 bytes)
[2024-10-19T18:48:46.818+0000] {spark_submit.py:634} INFO - 24/10/19 18:48:46 INFO Executor: Running task 0.0 in stage 2.0 (TID 2)
[2024-10-19T18:48:46.892+0000] {spark_submit.py:634} INFO - 24/10/19 18:48:46 INFO CodeGenerator: Code generated in 15.14506 ms
[2024-10-19T18:48:47.691+0000] {spark_submit.py:634} INFO - 24/10/19 18:48:47 INFO CodeGenerator: Code generated in 18.846022 ms
[2024-10-19T18:48:47.809+0000] {spark_submit.py:634} INFO - 24/10/19 18:48:47 INFO JDBCRDD: closed connection
[2024-10-19T18:48:47.861+0000] {spark_submit.py:634} INFO - 24/10/19 18:48:47 INFO Executor: Finished task 0.0 in stage 2.0 (TID 2). 2417 bytes result sent to driver
[2024-10-19T18:48:47.872+0000] {spark_submit.py:634} INFO - 24/10/19 18:48:47 INFO TaskSetManager: Finished task 0.0 in stage 2.0 (TID 2) in 1052 ms on e2c3a206786d (executor driver) (1/1)
[2024-10-19T18:48:47.872+0000] {spark_submit.py:634} INFO - 24/10/19 18:48:47 INFO TaskSchedulerImpl: Removed TaskSet 2.0, whose tasks have all completed, from pool
[2024-10-19T18:48:47.873+0000] {spark_submit.py:634} INFO - 24/10/19 18:48:47 INFO DAGScheduler: ResultStage 2 (jdbc at NativeMethodAccessorImpl.java:0) finished in 1.107 s
[2024-10-19T18:48:47.873+0000] {spark_submit.py:634} INFO - 24/10/19 18:48:47 INFO DAGScheduler: Job 2 is finished. Cancelling potential speculative or zombie tasks for this job
[2024-10-19T18:48:47.874+0000] {spark_submit.py:634} INFO - 24/10/19 18:48:47 INFO TaskSchedulerImpl: Killing all running tasks in stage 2: Stage finished
[2024-10-19T18:48:47.874+0000] {spark_submit.py:634} INFO - 24/10/19 18:48:47 INFO DAGScheduler: Job 2 finished: jdbc at NativeMethodAccessorImpl.java:0, took 1.113194 s
[2024-10-19T18:48:47.984+0000] {spark_submit.py:634} INFO - 24/10/19 18:48:47 INFO SparkContext: Invoking stop() from shutdown hook
[2024-10-19T18:48:47.985+0000] {spark_submit.py:634} INFO - 24/10/19 18:48:47 INFO SparkContext: SparkContext is stopping with exitCode 0.
[2024-10-19T18:48:47.994+0000] {spark_submit.py:634} INFO - 24/10/19 18:48:47 INFO SparkUI: Stopped Spark web UI at http://e2c3a206786d:4040
[2024-10-19T18:48:48.005+0000] {spark_submit.py:634} INFO - 24/10/19 18:48:48 INFO MapOutputTrackerMasterEndpoint: MapOutputTrackerMasterEndpoint stopped!
[2024-10-19T18:48:48.017+0000] {spark_submit.py:634} INFO - 24/10/19 18:48:48 INFO MemoryStore: MemoryStore cleared
[2024-10-19T18:48:48.018+0000] {spark_submit.py:634} INFO - 24/10/19 18:48:48 INFO BlockManager: BlockManager stopped
[2024-10-19T18:48:48.020+0000] {spark_submit.py:634} INFO - 24/10/19 18:48:48 INFO BlockManagerMaster: BlockManagerMaster stopped
[2024-10-19T18:48:48.022+0000] {spark_submit.py:634} INFO - 24/10/19 18:48:48 INFO OutputCommitCoordinator$OutputCommitCoordinatorEndpoint: OutputCommitCoordinator stopped!
[2024-10-19T18:48:48.027+0000] {spark_submit.py:634} INFO - 24/10/19 18:48:48 INFO SparkContext: Successfully stopped SparkContext
[2024-10-19T18:48:48.028+0000] {spark_submit.py:634} INFO - 24/10/19 18:48:48 INFO ShutdownHookManager: Shutdown hook called
[2024-10-19T18:48:48.028+0000] {spark_submit.py:634} INFO - 24/10/19 18:48:48 INFO ShutdownHookManager: Deleting directory /tmp/spark-5b7a6723-83e4-4f1f-8574-a7574029f04b/pyspark-6b97d0c4-ba6a-424a-9e02-9aac5d2b8dd7
[2024-10-19T18:48:48.032+0000] {spark_submit.py:634} INFO - 24/10/19 18:48:48 INFO ShutdownHookManager: Deleting directory /tmp/spark-5b7a6723-83e4-4f1f-8574-a7574029f04b
[2024-10-19T18:48:48.036+0000] {spark_submit.py:634} INFO - 24/10/19 18:48:48 INFO ShutdownHookManager: Deleting directory /tmp/spark-0ffe3760-1cb1-40ab-980f-73377c70f990
[2024-10-19T18:48:48.073+0000] {taskinstance.py:340} INFO - ::group::Post task execution logs
[2024-10-19T18:48:48.074+0000] {taskinstance.py:352} INFO - Marking task as SUCCESS. dag_id=LoadWebScraping, task_id=spark_job, run_id=manual__2024-10-19T18:48:33.945545+00:00, execution_date=20241019T184833, start_date=20241019T184837, end_date=20241019T184848
[2024-10-19T18:48:48.131+0000] {local_task_job_runner.py:266} INFO - Task exited with return code 0
[2024-10-19T18:48:48.159+0000] {taskinstance.py:3900} INFO - 0 downstream tasks scheduled from follow-on schedule check
[2024-10-19T18:48:48.165+0000] {local_task_job_runner.py:245} INFO - ::endgroup::
