[2024-11-03T01:10:49.070+0000] {local_task_job_runner.py:123} INFO - ::group::Pre task execution logs
[2024-11-03T01:10:49.084+0000] {taskinstance.py:2612} INFO - Dependencies all met for dep_context=non-requeueable deps ti=<TaskInstance: LoadWebScraping.insert manual__2024-11-03T01:10:45.912608+00:00 [queued]>
[2024-11-03T01:10:49.095+0000] {taskinstance.py:2612} INFO - Dependencies all met for dep_context=requeueable deps ti=<TaskInstance: LoadWebScraping.insert manual__2024-11-03T01:10:45.912608+00:00 [queued]>
[2024-11-03T01:10:49.096+0000] {taskinstance.py:2865} INFO - Starting attempt 1 of 1
[2024-11-03T01:10:49.110+0000] {taskinstance.py:2888} INFO - Executing <Task(SparkSubmitOperator): insert> on 2024-11-03 01:10:45.912608+00:00
[2024-11-03T01:10:49.115+0000] {warnings.py:112} WARNING - /home/***/.local/lib/python3.12/site-packages/***/task/task_runner/standard_task_runner.py:70: DeprecationWarning: This process (pid=907) is multi-threaded, use of fork() may lead to deadlocks in the child.
  pid = os.fork()

[2024-11-03T01:10:49.116+0000] {standard_task_runner.py:72} INFO - Started process 916 to run task
[2024-11-03T01:10:49.117+0000] {standard_task_runner.py:104} INFO - Running: ['***', 'tasks', 'run', 'LoadWebScraping', 'insert', 'manual__2024-11-03T01:10:45.912608+00:00', '--job-id', '242', '--raw', '--subdir', 'DAGS_FOLDER/LoadWebScraping.py', '--cfg-path', '/tmp/tmpk29956jq']
[2024-11-03T01:10:49.119+0000] {standard_task_runner.py:105} INFO - Job 242: Subtask insert
[2024-11-03T01:10:49.162+0000] {task_command.py:467} INFO - Running <TaskInstance: LoadWebScraping.insert manual__2024-11-03T01:10:45.912608+00:00 [running]> on host c9f99735a600
[2024-11-03T01:10:49.243+0000] {taskinstance.py:3131} INFO - Exporting env vars: AIRFLOW_CTX_DAG_OWNER='***' AIRFLOW_CTX_DAG_ID='LoadWebScraping' AIRFLOW_CTX_TASK_ID='insert' AIRFLOW_CTX_EXECUTION_DATE='2024-11-03T01:10:45.912608+00:00' AIRFLOW_CTX_TRY_NUMBER='1' AIRFLOW_CTX_DAG_RUN_ID='manual__2024-11-03T01:10:45.912608+00:00'
[2024-11-03T01:10:49.244+0000] {taskinstance.py:731} INFO - ::endgroup::
[2024-11-03T01:10:49.265+0000] {base.py:84} INFO - Retrieving connection 'spark_default'
[2024-11-03T01:10:49.266+0000] {spark_submit.py:327} ERROR - Failed to decode base64 keytab: Incorrect padding
[2024-11-03T01:10:49.266+0000] {spark_submit.py:304} INFO - Could not load connection string spark_default, defaulting to spark://spark:7077
[2024-11-03T01:10:49.268+0000] {spark_submit.py:473} INFO - Spark-Submit cmd: spark-submit --master spark://spark:7077 --driver-class-path /opt/***/jars/postgresql-42.5.0.jar --jars /opt/***/jars/postgresql-42.5.0.jar --packages org.postgresql:postgresql:42.5.0 --name arrow-spark --deploy-mode client /opt/bitnami/spark/src/scripts_spark/LoadFileToDB.py
[2024-11-03T01:10:50.866+0000] {spark_submit.py:634} INFO - :: loading settings :: url = jar:file:/home/***/.local/lib/python3.12/site-packages/pyspark/jars/ivy-2.5.1.jar!/org/apache/ivy/core/settings/ivysettings.xml
[2024-11-03T01:10:50.938+0000] {spark_submit.py:634} INFO - Ivy Default Cache set to: /home/***/.ivy2/cache
[2024-11-03T01:10:50.938+0000] {spark_submit.py:634} INFO - The jars for the packages stored in: /home/***/.ivy2/jars
[2024-11-03T01:10:50.949+0000] {spark_submit.py:634} INFO - org.postgresql#postgresql added as a dependency
[2024-11-03T01:10:50.950+0000] {spark_submit.py:634} INFO - :: resolving dependencies :: org.apache.spark#spark-submit-parent-93ec0088-a405-4166-8535-8e0b490e32b1;1.0
[2024-11-03T01:10:50.950+0000] {spark_submit.py:634} INFO - confs: [default]
[2024-11-03T01:10:51.050+0000] {spark_submit.py:634} INFO - found org.postgresql#postgresql;42.5.0 in central
[2024-11-03T01:10:51.071+0000] {spark_submit.py:634} INFO - found org.checkerframework#checker-qual;3.5.0 in central
[2024-11-03T01:10:51.087+0000] {spark_submit.py:634} INFO - :: resolution report :: resolve 132ms :: artifacts dl 5ms
[2024-11-03T01:10:51.088+0000] {spark_submit.py:634} INFO - :: modules in use:
[2024-11-03T01:10:51.090+0000] {spark_submit.py:634} INFO - org.checkerframework#checker-qual;3.5.0 from central in [default]
[2024-11-03T01:10:51.090+0000] {spark_submit.py:634} INFO - org.postgresql#postgresql;42.5.0 from central in [default]
[2024-11-03T01:10:51.091+0000] {spark_submit.py:634} INFO - ---------------------------------------------------------------------
[2024-11-03T01:10:51.092+0000] {spark_submit.py:634} INFO - |                  |            modules            ||   artifacts   |
[2024-11-03T01:10:51.092+0000] {spark_submit.py:634} INFO - |       conf       | number| search|dwnlded|evicted|| number|dwnlded|
[2024-11-03T01:10:51.095+0000] {spark_submit.py:634} INFO - ---------------------------------------------------------------------
[2024-11-03T01:10:51.095+0000] {spark_submit.py:634} INFO - |      default     |   2   |   0   |   0   |   0   ||   2   |   0   |
[2024-11-03T01:10:51.096+0000] {spark_submit.py:634} INFO - ---------------------------------------------------------------------
[2024-11-03T01:10:51.096+0000] {spark_submit.py:634} INFO - :: retrieving :: org.apache.spark#spark-submit-parent-93ec0088-a405-4166-8535-8e0b490e32b1
[2024-11-03T01:10:51.097+0000] {spark_submit.py:634} INFO - confs: [default]
[2024-11-03T01:10:51.097+0000] {spark_submit.py:634} INFO - 0 artifacts copied, 2 already retrieved (0kB/6ms)
[2024-11-03T01:10:51.262+0000] {spark_submit.py:634} INFO - 24/11/03 01:10:51 WARN NativeCodeLoader: Unable to load native-hadoop library for your platform... using builtin-java classes where applicable
[2024-11-03T01:10:51.426+0000] {spark_submit.py:634} INFO - 24/11/03 01:10:51 WARN DependencyUtils: Local jar /opt/***/jars/postgresql-42.5.0.jar does not exist, skipping.
[2024-11-03T01:10:54.216+0000] {spark_submit.py:634} INFO - 24/11/03 01:10:54 INFO SparkContext: Running Spark version 3.5.2
[2024-11-03T01:10:54.217+0000] {spark_submit.py:634} INFO - 24/11/03 01:10:54 INFO SparkContext: OS info Linux, 5.15.153.1-microsoft-standard-WSL2, amd64
[2024-11-03T01:10:54.217+0000] {spark_submit.py:634} INFO - 24/11/03 01:10:54 INFO SparkContext: Java version 17.0.13
[2024-11-03T01:10:54.235+0000] {spark_submit.py:634} INFO - 24/11/03 01:10:54 INFO ResourceUtils: ==============================================================
[2024-11-03T01:10:54.236+0000] {spark_submit.py:634} INFO - 24/11/03 01:10:54 INFO ResourceUtils: No custom resources configured for spark.driver.
[2024-11-03T01:10:54.237+0000] {spark_submit.py:634} INFO - 24/11/03 01:10:54 INFO ResourceUtils: ==============================================================
[2024-11-03T01:10:54.237+0000] {spark_submit.py:634} INFO - 24/11/03 01:10:54 INFO SparkContext: Submitted application: Insert_data
[2024-11-03T01:10:54.254+0000] {spark_submit.py:634} INFO - 24/11/03 01:10:54 INFO ResourceProfile: Default ResourceProfile created, executor resources: Map(cores -> name: cores, amount: 1, script: , vendor: , memory -> name: memory, amount: 1024, script: , vendor: , offHeap -> name: offHeap, amount: 0, script: , vendor: ), task resources: Map(cpus -> name: cpus, amount: 1.0)
[2024-11-03T01:10:54.261+0000] {spark_submit.py:634} INFO - 24/11/03 01:10:54 INFO ResourceProfile: Limiting resource is cpu
[2024-11-03T01:10:54.262+0000] {spark_submit.py:634} INFO - 24/11/03 01:10:54 INFO ResourceProfileManager: Added ResourceProfile id: 0
[2024-11-03T01:10:54.305+0000] {spark_submit.py:634} INFO - 24/11/03 01:10:54 INFO SecurityManager: Changing view acls to: ***
[2024-11-03T01:10:54.305+0000] {spark_submit.py:634} INFO - 24/11/03 01:10:54 INFO SecurityManager: Changing modify acls to: ***
[2024-11-03T01:10:54.306+0000] {spark_submit.py:634} INFO - 24/11/03 01:10:54 INFO SecurityManager: Changing view acls groups to:
[2024-11-03T01:10:54.307+0000] {spark_submit.py:634} INFO - 24/11/03 01:10:54 INFO SecurityManager: Changing modify acls groups to:
[2024-11-03T01:10:54.307+0000] {spark_submit.py:634} INFO - 24/11/03 01:10:54 INFO SecurityManager: SecurityManager: authentication disabled; ui acls disabled; users with view permissions: ***; groups with view permissions: EMPTY; users with modify permissions: ***; groups with modify permissions: EMPTY
[2024-11-03T01:10:54.481+0000] {spark_submit.py:634} INFO - 24/11/03 01:10:54 INFO Utils: Successfully started service 'sparkDriver' on port 43909.
[2024-11-03T01:10:54.508+0000] {spark_submit.py:634} INFO - 24/11/03 01:10:54 INFO SparkEnv: Registering MapOutputTracker
[2024-11-03T01:10:54.537+0000] {spark_submit.py:634} INFO - 24/11/03 01:10:54 INFO SparkEnv: Registering BlockManagerMaster
[2024-11-03T01:10:54.559+0000] {spark_submit.py:634} INFO - 24/11/03 01:10:54 INFO BlockManagerMasterEndpoint: Using org.apache.spark.storage.DefaultTopologyMapper for getting topology information
[2024-11-03T01:10:54.559+0000] {spark_submit.py:634} INFO - 24/11/03 01:10:54 INFO BlockManagerMasterEndpoint: BlockManagerMasterEndpoint up
[2024-11-03T01:10:54.563+0000] {spark_submit.py:634} INFO - 24/11/03 01:10:54 INFO SparkEnv: Registering BlockManagerMasterHeartbeat
[2024-11-03T01:10:54.580+0000] {spark_submit.py:634} INFO - 24/11/03 01:10:54 INFO DiskBlockManager: Created local directory at /tmp/blockmgr-d7b8334c-42a9-43e1-add9-0600aceb11d1
[2024-11-03T01:10:54.593+0000] {spark_submit.py:634} INFO - 24/11/03 01:10:54 INFO MemoryStore: MemoryStore started with capacity 434.4 MiB
[2024-11-03T01:10:54.605+0000] {spark_submit.py:634} INFO - 24/11/03 01:10:54 INFO SparkEnv: Registering OutputCommitCoordinator
[2024-11-03T01:10:54.705+0000] {spark_submit.py:634} INFO - 24/11/03 01:10:54 INFO JettyUtils: Start Jetty 0.0.0.0:4040 for SparkUI
[2024-11-03T01:10:54.757+0000] {spark_submit.py:634} INFO - 24/11/03 01:10:54 INFO Utils: Successfully started service 'SparkUI' on port 4040.
[2024-11-03T01:10:54.785+0000] {spark_submit.py:634} INFO - 24/11/03 01:10:54 ERROR SparkContext: Failed to add file:/opt/***/jars/postgresql-42.5.0.jar to Spark environment
[2024-11-03T01:10:54.786+0000] {spark_submit.py:634} INFO - java.io.FileNotFoundException: Jar /opt/***/jars/postgresql-42.5.0.jar not found
[2024-11-03T01:10:54.787+0000] {spark_submit.py:634} INFO - at org.apache.spark.SparkContext.addLocalJarFile$1(SparkContext.scala:2095)
[2024-11-03T01:10:54.787+0000] {spark_submit.py:634} INFO - at org.apache.spark.SparkContext.addJar(SparkContext.scala:2151)
[2024-11-03T01:10:54.787+0000] {spark_submit.py:634} INFO - at org.apache.spark.SparkContext.$anonfun$new$15(SparkContext.scala:521)
[2024-11-03T01:10:54.788+0000] {spark_submit.py:634} INFO - at org.apache.spark.SparkContext.$anonfun$new$15$adapted(SparkContext.scala:521)
[2024-11-03T01:10:54.788+0000] {spark_submit.py:634} INFO - at scala.collection.mutable.ResizableArray.foreach(ResizableArray.scala:62)
[2024-11-03T01:10:54.789+0000] {spark_submit.py:634} INFO - at scala.collection.mutable.ResizableArray.foreach$(ResizableArray.scala:55)
[2024-11-03T01:10:54.789+0000] {spark_submit.py:634} INFO - at scala.collection.mutable.ArrayBuffer.foreach(ArrayBuffer.scala:49)
[2024-11-03T01:10:54.790+0000] {spark_submit.py:634} INFO - at org.apache.spark.SparkContext.<init>(SparkContext.scala:521)
[2024-11-03T01:10:54.790+0000] {spark_submit.py:634} INFO - at org.apache.spark.api.java.JavaSparkContext.<init>(JavaSparkContext.scala:58)
[2024-11-03T01:10:54.791+0000] {spark_submit.py:634} INFO - at java.base/jdk.internal.reflect.NativeConstructorAccessorImpl.newInstance0(Native Method)
[2024-11-03T01:10:54.791+0000] {spark_submit.py:634} INFO - at java.base/jdk.internal.reflect.NativeConstructorAccessorImpl.newInstance(NativeConstructorAccessorImpl.java:77)
[2024-11-03T01:10:54.792+0000] {spark_submit.py:634} INFO - at java.base/jdk.internal.reflect.DelegatingConstructorAccessorImpl.newInstance(DelegatingConstructorAccessorImpl.java:45)
[2024-11-03T01:10:54.792+0000] {spark_submit.py:634} INFO - at java.base/java.lang.reflect.Constructor.newInstanceWithCaller(Constructor.java:500)
[2024-11-03T01:10:54.792+0000] {spark_submit.py:634} INFO - at java.base/java.lang.reflect.Constructor.newInstance(Constructor.java:481)
[2024-11-03T01:10:54.793+0000] {spark_submit.py:634} INFO - at py4j.reflection.MethodInvoker.invoke(MethodInvoker.java:247)
[2024-11-03T01:10:54.793+0000] {spark_submit.py:634} INFO - at py4j.reflection.ReflectionEngine.invoke(ReflectionEngine.java:374)
[2024-11-03T01:10:54.794+0000] {spark_submit.py:634} INFO - at py4j.Gateway.invoke(Gateway.java:238)
[2024-11-03T01:10:54.794+0000] {spark_submit.py:634} INFO - at py4j.commands.ConstructorCommand.invokeConstructor(ConstructorCommand.java:80)
[2024-11-03T01:10:54.794+0000] {spark_submit.py:634} INFO - at py4j.commands.ConstructorCommand.execute(ConstructorCommand.java:69)
[2024-11-03T01:10:54.795+0000] {spark_submit.py:634} INFO - at py4j.ClientServerConnection.waitForCommands(ClientServerConnection.java:182)
[2024-11-03T01:10:54.795+0000] {spark_submit.py:634} INFO - at py4j.ClientServerConnection.run(ClientServerConnection.java:106)
[2024-11-03T01:10:54.795+0000] {spark_submit.py:634} INFO - at java.base/java.lang.Thread.run(Thread.java:840)
[2024-11-03T01:10:54.796+0000] {spark_submit.py:634} INFO - 24/11/03 01:10:54 INFO SparkContext: Added JAR file:///home/***/.ivy2/jars/org.postgresql_postgresql-42.5.0.jar at spark://c9f99735a600:43909/jars/org.postgresql_postgresql-42.5.0.jar with timestamp 1730596254211
[2024-11-03T01:10:54.796+0000] {spark_submit.py:634} INFO - 24/11/03 01:10:54 INFO SparkContext: Added JAR file:///home/***/.ivy2/jars/org.checkerframework_checker-qual-3.5.0.jar at spark://c9f99735a600:43909/jars/org.checkerframework_checker-qual-3.5.0.jar with timestamp 1730596254211
[2024-11-03T01:10:54.798+0000] {spark_submit.py:634} INFO - 24/11/03 01:10:54 INFO SparkContext: Added file file:///home/***/.ivy2/jars/org.postgresql_postgresql-42.5.0.jar at file:///home/***/.ivy2/jars/org.postgresql_postgresql-42.5.0.jar with timestamp 1730596254211
[2024-11-03T01:10:54.798+0000] {spark_submit.py:634} INFO - 24/11/03 01:10:54 INFO Utils: Copying /home/***/.ivy2/jars/org.postgresql_postgresql-42.5.0.jar to /tmp/spark-7c168dcc-e8f8-4fd0-ad8d-dbc42e20651d/userFiles-c14002d3-957a-4012-a1e5-92b3a7174dae/org.postgresql_postgresql-42.5.0.jar
[2024-11-03T01:10:54.804+0000] {spark_submit.py:634} INFO - 24/11/03 01:10:54 INFO SparkContext: Added file file:///home/***/.ivy2/jars/org.checkerframework_checker-qual-3.5.0.jar at file:///home/***/.ivy2/jars/org.checkerframework_checker-qual-3.5.0.jar with timestamp 1730596254211
[2024-11-03T01:10:54.804+0000] {spark_submit.py:634} INFO - 24/11/03 01:10:54 INFO Utils: Copying /home/***/.ivy2/jars/org.checkerframework_checker-qual-3.5.0.jar to /tmp/spark-7c168dcc-e8f8-4fd0-ad8d-dbc42e20651d/userFiles-c14002d3-957a-4012-a1e5-92b3a7174dae/org.checkerframework_checker-qual-3.5.0.jar
[2024-11-03T01:10:54.859+0000] {spark_submit.py:634} INFO - 24/11/03 01:10:54 INFO Executor: Starting executor ID driver on host c9f99735a600
[2024-11-03T01:10:54.859+0000] {spark_submit.py:634} INFO - 24/11/03 01:10:54 INFO Executor: OS info Linux, 5.15.153.1-microsoft-standard-WSL2, amd64
[2024-11-03T01:10:54.860+0000] {spark_submit.py:634} INFO - 24/11/03 01:10:54 INFO Executor: Java version 17.0.13
[2024-11-03T01:10:54.866+0000] {spark_submit.py:634} INFO - 24/11/03 01:10:54 INFO Executor: Starting executor with user classpath (userClassPathFirst = false): 'file:/opt/bitnami/spark/jars/hadoop-aws-3.3.4.jar,file:/opt/bitnami/spark/jars/aws-java-sdk-bundle-1.12.262.jar,file:/opt/***/aws-java-sdk-bundle-1.12.262.jar,file:/opt/***/hadoop-aws-3.3.4.jar'
[2024-11-03T01:10:54.867+0000] {spark_submit.py:634} INFO - 24/11/03 01:10:54 INFO Executor: Created or updated repl class loader org.apache.spark.util.MutableURLClassLoader@398f024e for default.
[2024-11-03T01:10:54.877+0000] {spark_submit.py:634} INFO - 24/11/03 01:10:54 INFO Executor: Fetching file:///home/***/.ivy2/jars/org.checkerframework_checker-qual-3.5.0.jar with timestamp 1730596254211
[2024-11-03T01:10:54.891+0000] {spark_submit.py:634} INFO - 24/11/03 01:10:54 INFO Utils: /home/***/.ivy2/jars/org.checkerframework_checker-qual-3.5.0.jar has been previously copied to /tmp/spark-7c168dcc-e8f8-4fd0-ad8d-dbc42e20651d/userFiles-c14002d3-957a-4012-a1e5-92b3a7174dae/org.checkerframework_checker-qual-3.5.0.jar
[2024-11-03T01:10:54.895+0000] {spark_submit.py:634} INFO - 24/11/03 01:10:54 INFO Executor: Fetching file:///home/***/.ivy2/jars/org.postgresql_postgresql-42.5.0.jar with timestamp 1730596254211
[2024-11-03T01:10:54.899+0000] {spark_submit.py:634} INFO - 24/11/03 01:10:54 INFO Utils: /home/***/.ivy2/jars/org.postgresql_postgresql-42.5.0.jar has been previously copied to /tmp/spark-7c168dcc-e8f8-4fd0-ad8d-dbc42e20651d/userFiles-c14002d3-957a-4012-a1e5-92b3a7174dae/org.postgresql_postgresql-42.5.0.jar
[2024-11-03T01:10:54.904+0000] {spark_submit.py:634} INFO - 24/11/03 01:10:54 INFO Executor: Fetching spark://c9f99735a600:43909/jars/org.postgresql_postgresql-42.5.0.jar with timestamp 1730596254211
[2024-11-03T01:10:54.931+0000] {spark_submit.py:634} INFO - 24/11/03 01:10:54 INFO TransportClientFactory: Successfully created connection to c9f99735a600/172.18.0.7:43909 after 19 ms (0 ms spent in bootstraps)
[2024-11-03T01:10:54.936+0000] {spark_submit.py:634} INFO - 24/11/03 01:10:54 INFO Utils: Fetching spark://c9f99735a600:43909/jars/org.postgresql_postgresql-42.5.0.jar to /tmp/spark-7c168dcc-e8f8-4fd0-ad8d-dbc42e20651d/userFiles-c14002d3-957a-4012-a1e5-92b3a7174dae/fetchFileTemp12406832310022588567.tmp
[2024-11-03T01:10:54.959+0000] {spark_submit.py:634} INFO - 24/11/03 01:10:54 INFO Utils: /tmp/spark-7c168dcc-e8f8-4fd0-ad8d-dbc42e20651d/userFiles-c14002d3-957a-4012-a1e5-92b3a7174dae/fetchFileTemp12406832310022588567.tmp has been previously copied to /tmp/spark-7c168dcc-e8f8-4fd0-ad8d-dbc42e20651d/userFiles-c14002d3-957a-4012-a1e5-92b3a7174dae/org.postgresql_postgresql-42.5.0.jar
[2024-11-03T01:10:54.970+0000] {spark_submit.py:634} INFO - 24/11/03 01:10:54 INFO Executor: Adding file:/tmp/spark-7c168dcc-e8f8-4fd0-ad8d-dbc42e20651d/userFiles-c14002d3-957a-4012-a1e5-92b3a7174dae/org.postgresql_postgresql-42.5.0.jar to class loader default
[2024-11-03T01:10:54.970+0000] {spark_submit.py:634} INFO - 24/11/03 01:10:54 INFO Executor: Fetching spark://c9f99735a600:43909/jars/org.checkerframework_checker-qual-3.5.0.jar with timestamp 1730596254211
[2024-11-03T01:10:54.971+0000] {spark_submit.py:634} INFO - 24/11/03 01:10:54 INFO Utils: Fetching spark://c9f99735a600:43909/jars/org.checkerframework_checker-qual-3.5.0.jar to /tmp/spark-7c168dcc-e8f8-4fd0-ad8d-dbc42e20651d/userFiles-c14002d3-957a-4012-a1e5-92b3a7174dae/fetchFileTemp5564164225653182835.tmp
[2024-11-03T01:10:54.973+0000] {spark_submit.py:634} INFO - 24/11/03 01:10:54 INFO Utils: /tmp/spark-7c168dcc-e8f8-4fd0-ad8d-dbc42e20651d/userFiles-c14002d3-957a-4012-a1e5-92b3a7174dae/fetchFileTemp5564164225653182835.tmp has been previously copied to /tmp/spark-7c168dcc-e8f8-4fd0-ad8d-dbc42e20651d/userFiles-c14002d3-957a-4012-a1e5-92b3a7174dae/org.checkerframework_checker-qual-3.5.0.jar
[2024-11-03T01:10:54.977+0000] {spark_submit.py:634} INFO - 24/11/03 01:10:54 INFO Executor: Adding file:/tmp/spark-7c168dcc-e8f8-4fd0-ad8d-dbc42e20651d/userFiles-c14002d3-957a-4012-a1e5-92b3a7174dae/org.checkerframework_checker-qual-3.5.0.jar to class loader default
[2024-11-03T01:10:54.985+0000] {spark_submit.py:634} INFO - 24/11/03 01:10:54 INFO Utils: Successfully started service 'org.apache.spark.network.netty.NettyBlockTransferService' on port 36903.
[2024-11-03T01:10:54.985+0000] {spark_submit.py:634} INFO - 24/11/03 01:10:54 INFO NettyBlockTransferService: Server created on c9f99735a600:36903
[2024-11-03T01:10:54.986+0000] {spark_submit.py:634} INFO - 24/11/03 01:10:54 INFO BlockManager: Using org.apache.spark.storage.RandomBlockReplicationPolicy for block replication policy
[2024-11-03T01:10:54.991+0000] {spark_submit.py:634} INFO - 24/11/03 01:10:54 INFO BlockManagerMaster: Registering BlockManager BlockManagerId(driver, c9f99735a600, 36903, None)
[2024-11-03T01:10:54.994+0000] {spark_submit.py:634} INFO - 24/11/03 01:10:54 INFO BlockManagerMasterEndpoint: Registering block manager c9f99735a600:36903 with 434.4 MiB RAM, BlockManagerId(driver, c9f99735a600, 36903, None)
[2024-11-03T01:10:54.996+0000] {spark_submit.py:634} INFO - 24/11/03 01:10:54 INFO BlockManagerMaster: Registered BlockManager BlockManagerId(driver, c9f99735a600, 36903, None)
[2024-11-03T01:10:54.999+0000] {spark_submit.py:634} INFO - 24/11/03 01:10:54 INFO BlockManager: Initialized BlockManager: BlockManagerId(driver, c9f99735a600, 36903, None)
[2024-11-03T01:10:55.291+0000] {spark_submit.py:634} INFO - 24/11/03 01:10:55 INFO SharedState: Setting hive.metastore.warehouse.dir ('null') to the value of spark.sql.warehouse.dir.
[2024-11-03T01:10:55.293+0000] {spark_submit.py:634} INFO - 24/11/03 01:10:55 INFO SharedState: Warehouse path is 'file:/opt/***/spark-warehouse'.
[2024-11-03T01:10:55.838+0000] {spark_submit.py:634} INFO - 24/11/03 01:10:55 WARN FileStreamSink: Assume no metadata directory. Error while looking for metadata directory in the path: s3a://silverzone/kabum/kabum_2024-11-03/processador_k.parquet/.
[2024-11-03T01:10:55.839+0000] {spark_submit.py:634} INFO - java.lang.RuntimeException: java.lang.ClassNotFoundException: Class org.apache.hadoop.fs.s3a.S3AFileSystem not found
[2024-11-03T01:10:55.839+0000] {spark_submit.py:634} INFO - at org.apache.hadoop.conf.Configuration.getClass(Configuration.java:2688)
[2024-11-03T01:10:55.840+0000] {spark_submit.py:634} INFO - at org.apache.hadoop.fs.FileSystem.getFileSystemClass(FileSystem.java:3431)
[2024-11-03T01:10:55.840+0000] {spark_submit.py:634} INFO - at org.apache.hadoop.fs.FileSystem.createFileSystem(FileSystem.java:3466)
[2024-11-03T01:10:55.841+0000] {spark_submit.py:634} INFO - at org.apache.hadoop.fs.FileSystem.access$300(FileSystem.java:174)
[2024-11-03T01:10:55.841+0000] {spark_submit.py:634} INFO - at org.apache.hadoop.fs.FileSystem$Cache.getInternal(FileSystem.java:3574)
[2024-11-03T01:10:55.841+0000] {spark_submit.py:634} INFO - at org.apache.hadoop.fs.FileSystem$Cache.get(FileSystem.java:3521)
[2024-11-03T01:10:55.842+0000] {spark_submit.py:634} INFO - at org.apache.hadoop.fs.FileSystem.get(FileSystem.java:540)
[2024-11-03T01:10:55.842+0000] {spark_submit.py:634} INFO - at org.apache.hadoop.fs.Path.getFileSystem(Path.java:365)
[2024-11-03T01:10:55.842+0000] {spark_submit.py:634} INFO - at org.apache.spark.sql.execution.streaming.FileStreamSink$.hasMetadata(FileStreamSink.scala:53)
[2024-11-03T01:10:55.843+0000] {spark_submit.py:634} INFO - at org.apache.spark.sql.execution.datasources.DataSource.resolveRelation(DataSource.scala:366)
[2024-11-03T01:10:55.843+0000] {spark_submit.py:634} INFO - at org.apache.spark.sql.DataFrameReader.loadV1Source(DataFrameReader.scala:229)
[2024-11-03T01:10:55.843+0000] {spark_submit.py:634} INFO - at org.apache.spark.sql.DataFrameReader.$anonfun$load$2(DataFrameReader.scala:211)
[2024-11-03T01:10:55.844+0000] {spark_submit.py:634} INFO - at scala.Option.getOrElse(Option.scala:189)
[2024-11-03T01:10:55.844+0000] {spark_submit.py:634} INFO - at org.apache.spark.sql.DataFrameReader.load(DataFrameReader.scala:211)
[2024-11-03T01:10:55.844+0000] {spark_submit.py:634} INFO - at org.apache.spark.sql.DataFrameReader.parquet(DataFrameReader.scala:563)
[2024-11-03T01:10:55.845+0000] {spark_submit.py:634} INFO - at java.base/jdk.internal.reflect.NativeMethodAccessorImpl.invoke0(Native Method)
[2024-11-03T01:10:55.845+0000] {spark_submit.py:634} INFO - at java.base/jdk.internal.reflect.NativeMethodAccessorImpl.invoke(NativeMethodAccessorImpl.java:77)
[2024-11-03T01:10:55.845+0000] {spark_submit.py:634} INFO - at java.base/jdk.internal.reflect.DelegatingMethodAccessorImpl.invoke(DelegatingMethodAccessorImpl.java:43)
[2024-11-03T01:10:55.846+0000] {spark_submit.py:634} INFO - at java.base/java.lang.reflect.Method.invoke(Method.java:569)
[2024-11-03T01:10:55.846+0000] {spark_submit.py:634} INFO - at py4j.reflection.MethodInvoker.invoke(MethodInvoker.java:244)
[2024-11-03T01:10:55.846+0000] {spark_submit.py:634} INFO - at py4j.reflection.ReflectionEngine.invoke(ReflectionEngine.java:374)
[2024-11-03T01:10:55.847+0000] {spark_submit.py:634} INFO - at py4j.Gateway.invoke(Gateway.java:282)
[2024-11-03T01:10:55.847+0000] {spark_submit.py:634} INFO - at py4j.commands.AbstractCommand.invokeMethod(AbstractCommand.java:132)
[2024-11-03T01:10:55.847+0000] {spark_submit.py:634} INFO - at py4j.commands.CallCommand.execute(CallCommand.java:79)
[2024-11-03T01:10:55.848+0000] {spark_submit.py:634} INFO - at py4j.ClientServerConnection.waitForCommands(ClientServerConnection.java:182)
[2024-11-03T01:10:55.848+0000] {spark_submit.py:634} INFO - at py4j.ClientServerConnection.run(ClientServerConnection.java:106)
[2024-11-03T01:10:55.849+0000] {spark_submit.py:634} INFO - at java.base/java.lang.Thread.run(Thread.java:840)
[2024-11-03T01:10:55.849+0000] {spark_submit.py:634} INFO - Caused by: java.lang.ClassNotFoundException: Class org.apache.hadoop.fs.s3a.S3AFileSystem not found
[2024-11-03T01:10:55.850+0000] {spark_submit.py:634} INFO - at org.apache.hadoop.conf.Configuration.getClassByName(Configuration.java:2592)
[2024-11-03T01:10:55.850+0000] {spark_submit.py:634} INFO - at org.apache.hadoop.conf.Configuration.getClass(Configuration.java:2686)
[2024-11-03T01:10:55.851+0000] {spark_submit.py:634} INFO - ... 26 more
[2024-11-03T01:10:55.894+0000] {spark_submit.py:634} INFO - Traceback (most recent call last):
[2024-11-03T01:10:55.894+0000] {spark_submit.py:634} INFO - File "/opt/bitnami/spark/src/scripts_spark/LoadFileToDB.py", line 80, in <module>
[2024-11-03T01:10:55.896+0000] {spark_submit.py:634} INFO - df_processador = spark.read.parquet(local_path)
[2024-11-03T01:10:55.896+0000] {spark_submit.py:634} INFO - ^^^^^^^^^^^^^^^^^^^^^^^^^^^^^^
[2024-11-03T01:10:55.896+0000] {spark_submit.py:634} INFO - File "/home/***/.local/lib/python3.12/site-packages/pyspark/python/lib/pyspark.zip/pyspark/sql/readwriter.py", line 544, in parquet
[2024-11-03T01:10:55.897+0000] {spark_submit.py:634} INFO - File "/home/***/.local/lib/python3.12/site-packages/pyspark/python/lib/py4j-0.10.9.7-src.zip/py4j/java_gateway.py", line 1322, in __call__
[2024-11-03T01:10:55.899+0000] {spark_submit.py:634} INFO - File "/home/***/.local/lib/python3.12/site-packages/pyspark/python/lib/pyspark.zip/pyspark/errors/exceptions/captured.py", line 179, in deco
[2024-11-03T01:10:55.900+0000] {spark_submit.py:634} INFO - File "/home/***/.local/lib/python3.12/site-packages/pyspark/python/lib/py4j-0.10.9.7-src.zip/py4j/protocol.py", line 326, in get_return_value
[2024-11-03T01:10:55.901+0000] {spark_submit.py:634} INFO - py4j.protocol.Py4JJavaError: An error occurred while calling o42.parquet.
[2024-11-03T01:10:55.902+0000] {spark_submit.py:634} INFO - : java.lang.RuntimeException: java.lang.ClassNotFoundException: Class org.apache.hadoop.fs.s3a.S3AFileSystem not found
[2024-11-03T01:10:55.902+0000] {spark_submit.py:634} INFO - at org.apache.hadoop.conf.Configuration.getClass(Configuration.java:2688)
[2024-11-03T01:10:55.903+0000] {spark_submit.py:634} INFO - at org.apache.hadoop.fs.FileSystem.getFileSystemClass(FileSystem.java:3431)
[2024-11-03T01:10:55.903+0000] {spark_submit.py:634} INFO - at org.apache.hadoop.fs.FileSystem.createFileSystem(FileSystem.java:3466)
[2024-11-03T01:10:55.903+0000] {spark_submit.py:634} INFO - at org.apache.hadoop.fs.FileSystem.access$300(FileSystem.java:174)
[2024-11-03T01:10:55.904+0000] {spark_submit.py:634} INFO - at org.apache.hadoop.fs.FileSystem$Cache.getInternal(FileSystem.java:3574)
[2024-11-03T01:10:55.904+0000] {spark_submit.py:634} INFO - at org.apache.hadoop.fs.FileSystem$Cache.get(FileSystem.java:3521)
[2024-11-03T01:10:55.905+0000] {spark_submit.py:634} INFO - at org.apache.hadoop.fs.FileSystem.get(FileSystem.java:540)
[2024-11-03T01:10:55.905+0000] {spark_submit.py:634} INFO - at org.apache.hadoop.fs.Path.getFileSystem(Path.java:365)
[2024-11-03T01:10:55.905+0000] {spark_submit.py:634} INFO - at org.apache.spark.sql.execution.datasources.DataSource$.$anonfun$checkAndGlobPathIfNecessary$1(DataSource.scala:724)
[2024-11-03T01:10:55.906+0000] {spark_submit.py:634} INFO - at scala.collection.immutable.List.map(List.scala:293)
[2024-11-03T01:10:55.906+0000] {spark_submit.py:634} INFO - at org.apache.spark.sql.execution.datasources.DataSource$.checkAndGlobPathIfNecessary(DataSource.scala:722)
[2024-11-03T01:10:55.906+0000] {spark_submit.py:634} INFO - at org.apache.spark.sql.execution.datasources.DataSource.checkAndGlobPathIfNecessary(DataSource.scala:551)
[2024-11-03T01:10:55.906+0000] {spark_submit.py:634} INFO - at org.apache.spark.sql.execution.datasources.DataSource.resolveRelation(DataSource.scala:404)
[2024-11-03T01:10:55.907+0000] {spark_submit.py:634} INFO - at org.apache.spark.sql.DataFrameReader.loadV1Source(DataFrameReader.scala:229)
[2024-11-03T01:10:55.907+0000] {spark_submit.py:634} INFO - at org.apache.spark.sql.DataFrameReader.$anonfun$load$2(DataFrameReader.scala:211)
[2024-11-03T01:10:55.907+0000] {spark_submit.py:634} INFO - at scala.Option.getOrElse(Option.scala:189)
[2024-11-03T01:10:55.908+0000] {spark_submit.py:634} INFO - at org.apache.spark.sql.DataFrameReader.load(DataFrameReader.scala:211)
[2024-11-03T01:10:55.908+0000] {spark_submit.py:634} INFO - at org.apache.spark.sql.DataFrameReader.parquet(DataFrameReader.scala:563)
[2024-11-03T01:10:55.908+0000] {spark_submit.py:634} INFO - at java.base/jdk.internal.reflect.NativeMethodAccessorImpl.invoke0(Native Method)
[2024-11-03T01:10:55.909+0000] {spark_submit.py:634} INFO - at java.base/jdk.internal.reflect.NativeMethodAccessorImpl.invoke(NativeMethodAccessorImpl.java:77)
[2024-11-03T01:10:55.909+0000] {spark_submit.py:634} INFO - at java.base/jdk.internal.reflect.DelegatingMethodAccessorImpl.invoke(DelegatingMethodAccessorImpl.java:43)
[2024-11-03T01:10:55.909+0000] {spark_submit.py:634} INFO - at java.base/java.lang.reflect.Method.invoke(Method.java:569)
[2024-11-03T01:10:55.910+0000] {spark_submit.py:634} INFO - at py4j.reflection.MethodInvoker.invoke(MethodInvoker.java:244)
[2024-11-03T01:10:55.910+0000] {spark_submit.py:634} INFO - at py4j.reflection.ReflectionEngine.invoke(ReflectionEngine.java:374)
[2024-11-03T01:10:55.910+0000] {spark_submit.py:634} INFO - at py4j.Gateway.invoke(Gateway.java:282)
[2024-11-03T01:10:55.911+0000] {spark_submit.py:634} INFO - at py4j.commands.AbstractCommand.invokeMethod(AbstractCommand.java:132)
[2024-11-03T01:10:55.911+0000] {spark_submit.py:634} INFO - at py4j.commands.CallCommand.execute(CallCommand.java:79)
[2024-11-03T01:10:55.911+0000] {spark_submit.py:634} INFO - at py4j.ClientServerConnection.waitForCommands(ClientServerConnection.java:182)
[2024-11-03T01:10:55.912+0000] {spark_submit.py:634} INFO - at py4j.ClientServerConnection.run(ClientServerConnection.java:106)
[2024-11-03T01:10:55.912+0000] {spark_submit.py:634} INFO - at java.base/java.lang.Thread.run(Thread.java:840)
[2024-11-03T01:10:55.912+0000] {spark_submit.py:634} INFO - Caused by: java.lang.ClassNotFoundException: Class org.apache.hadoop.fs.s3a.S3AFileSystem not found
[2024-11-03T01:10:55.913+0000] {spark_submit.py:634} INFO - at org.apache.hadoop.conf.Configuration.getClassByName(Configuration.java:2592)
[2024-11-03T01:10:55.913+0000] {spark_submit.py:634} INFO - at org.apache.hadoop.conf.Configuration.getClass(Configuration.java:2686)
[2024-11-03T01:10:55.913+0000] {spark_submit.py:634} INFO - ... 29 more
[2024-11-03T01:10:55.913+0000] {spark_submit.py:634} INFO - 
[2024-11-03T01:10:55.914+0000] {spark_submit.py:634} INFO - [2024-11-03T01:10:55.902+0000] {clientserver.py:543} INFO - Closing down clientserver connection
[2024-11-03T01:10:56.129+0000] {spark_submit.py:634} INFO - 24/11/03 01:10:56 INFO SparkContext: Invoking stop() from shutdown hook
[2024-11-03T01:10:56.129+0000] {spark_submit.py:634} INFO - 24/11/03 01:10:56 INFO SparkContext: SparkContext is stopping with exitCode 0.
[2024-11-03T01:10:56.139+0000] {spark_submit.py:634} INFO - 24/11/03 01:10:56 INFO SparkUI: Stopped Spark web UI at http://c9f99735a600:4040
[2024-11-03T01:10:56.147+0000] {spark_submit.py:634} INFO - 24/11/03 01:10:56 INFO MapOutputTrackerMasterEndpoint: MapOutputTrackerMasterEndpoint stopped!
[2024-11-03T01:10:56.157+0000] {spark_submit.py:634} INFO - 24/11/03 01:10:56 INFO MemoryStore: MemoryStore cleared
[2024-11-03T01:10:56.157+0000] {spark_submit.py:634} INFO - 24/11/03 01:10:56 INFO BlockManager: BlockManager stopped
[2024-11-03T01:10:56.162+0000] {spark_submit.py:634} INFO - 24/11/03 01:10:56 INFO BlockManagerMaster: BlockManagerMaster stopped
[2024-11-03T01:10:56.165+0000] {spark_submit.py:634} INFO - 24/11/03 01:10:56 INFO OutputCommitCoordinator$OutputCommitCoordinatorEndpoint: OutputCommitCoordinator stopped!
[2024-11-03T01:10:56.172+0000] {spark_submit.py:634} INFO - 24/11/03 01:10:56 INFO SparkContext: Successfully stopped SparkContext
[2024-11-03T01:10:56.173+0000] {spark_submit.py:634} INFO - 24/11/03 01:10:56 INFO ShutdownHookManager: Shutdown hook called
[2024-11-03T01:10:56.173+0000] {spark_submit.py:634} INFO - 24/11/03 01:10:56 INFO ShutdownHookManager: Deleting directory /tmp/spark-7c168dcc-e8f8-4fd0-ad8d-dbc42e20651d/pyspark-560cb001-69fd-4691-9c80-1d6d8f19e86e
[2024-11-03T01:10:56.176+0000] {spark_submit.py:634} INFO - 24/11/03 01:10:56 INFO ShutdownHookManager: Deleting directory /tmp/spark-45bc767e-9cc9-4d6e-955a-83f196fa7476
[2024-11-03T01:10:56.180+0000] {spark_submit.py:634} INFO - 24/11/03 01:10:56 INFO ShutdownHookManager: Deleting directory /tmp/spark-7c168dcc-e8f8-4fd0-ad8d-dbc42e20651d
[2024-11-03T01:10:56.214+0000] {taskinstance.py:3310} ERROR - Task failed with exception
Traceback (most recent call last):
  File "/home/airflow/.local/lib/python3.12/site-packages/airflow/models/taskinstance.py", line 767, in _execute_task
    result = _execute_callable(context=context, **execute_callable_kwargs)
             ^^^^^^^^^^^^^^^^^^^^^^^^^^^^^^^^^^^^^^^^^^^^^^^^^^^^^^^^^^^^^
  File "/home/airflow/.local/lib/python3.12/site-packages/airflow/models/taskinstance.py", line 733, in _execute_callable
    return ExecutionCallableRunner(
           ^^^^^^^^^^^^^^^^^^^^^^^^
  File "/home/airflow/.local/lib/python3.12/site-packages/airflow/utils/operator_helpers.py", line 252, in run
    return self.func(*args, **kwargs)
           ^^^^^^^^^^^^^^^^^^^^^^^^^^
  File "/home/airflow/.local/lib/python3.12/site-packages/airflow/models/baseoperator.py", line 406, in wrapper
    return func(self, *args, **kwargs)
           ^^^^^^^^^^^^^^^^^^^^^^^^^^^
  File "/home/airflow/.local/lib/python3.12/site-packages/airflow/providers/apache/spark/operators/spark_submit.py", line 176, in execute
    self._hook.submit(self.application)
  File "/home/airflow/.local/lib/python3.12/site-packages/airflow/providers/apache/spark/hooks/spark_submit.py", line 560, in submit
    raise AirflowException(
airflow.exceptions.AirflowException: Cannot execute: spark-submit --master spark://spark:7077 --driver-class-path /opt/***/jars/postgresql-42.5.0.jar --jars /opt/***/jars/postgresql-42.5.0.jar --packages org.postgresql:postgresql:42.5.0 --name arrow-spark --deploy-mode client /opt/bitnami/spark/src/scripts_spark/LoadFileToDB.py. Error code is: 1.
[2024-11-03T01:10:56.219+0000] {taskinstance.py:1225} INFO - Marking task as FAILED. dag_id=LoadWebScraping, task_id=insert, run_id=manual__2024-11-03T01:10:45.912608+00:00, execution_date=20241103T011045, start_date=20241103T011049, end_date=20241103T011056
[2024-11-03T01:10:56.232+0000] {taskinstance.py:340} INFO - ::group::Post task execution logs
[2024-11-03T01:10:56.232+0000] {standard_task_runner.py:124} ERROR - Failed to execute job 242 for task insert (Cannot execute: spark-submit --master spark://spark:7077 --driver-class-path /opt/***/jars/postgresql-42.5.0.jar --jars /opt/***/jars/postgresql-42.5.0.jar --packages org.postgresql:postgresql:42.5.0 --name arrow-spark --deploy-mode client /opt/bitnami/spark/src/scripts_spark/LoadFileToDB.py. Error code is: 1.; 916)
Traceback (most recent call last):
  File "/home/airflow/.local/lib/python3.12/site-packages/airflow/task/task_runner/standard_task_runner.py", line 117, in _start_by_fork
    ret = args.func(args, dag=self.dag)
          ^^^^^^^^^^^^^^^^^^^^^^^^^^^^^
  File "/home/airflow/.local/lib/python3.12/site-packages/airflow/cli/cli_config.py", line 49, in command
    return func(*args, **kwargs)
           ^^^^^^^^^^^^^^^^^^^^^
  File "/home/airflow/.local/lib/python3.12/site-packages/airflow/utils/cli.py", line 115, in wrapper
    return f(*args, **kwargs)
           ^^^^^^^^^^^^^^^^^^
  File "/home/airflow/.local/lib/python3.12/site-packages/airflow/cli/commands/task_command.py", line 483, in task_run
    task_return_code = _run_task_by_selected_method(args, _dag, ti)
                       ^^^^^^^^^^^^^^^^^^^^^^^^^^^^^^^^^^^^^^^^^^^^
  File "/home/airflow/.local/lib/python3.12/site-packages/airflow/cli/commands/task_command.py", line 256, in _run_task_by_selected_method
    return _run_raw_task(args, ti)
           ^^^^^^^^^^^^^^^^^^^^^^^
  File "/home/airflow/.local/lib/python3.12/site-packages/airflow/cli/commands/task_command.py", line 341, in _run_raw_task
    return ti._run_raw_task(
           ^^^^^^^^^^^^^^^^^
  File "/home/airflow/.local/lib/python3.12/site-packages/airflow/utils/session.py", line 97, in wrapper
    return func(*args, session=session, **kwargs)
           ^^^^^^^^^^^^^^^^^^^^^^^^^^^^^^^^^^^^^^
  File "/home/airflow/.local/lib/python3.12/site-packages/airflow/models/taskinstance.py", line 3004, in _run_raw_task
    return _run_raw_task(
           ^^^^^^^^^^^^^^
  File "/home/airflow/.local/lib/python3.12/site-packages/airflow/models/taskinstance.py", line 273, in _run_raw_task
    TaskInstance._execute_task_with_callbacks(
  File "/home/airflow/.local/lib/python3.12/site-packages/airflow/models/taskinstance.py", line 3158, in _execute_task_with_callbacks
    result = self._execute_task(context, task_orig)
             ^^^^^^^^^^^^^^^^^^^^^^^^^^^^^^^^^^^^^^
  File "/home/airflow/.local/lib/python3.12/site-packages/airflow/models/taskinstance.py", line 3182, in _execute_task
    return _execute_task(self, context, task_orig)
           ^^^^^^^^^^^^^^^^^^^^^^^^^^^^^^^^^^^^^^^
  File "/home/airflow/.local/lib/python3.12/site-packages/airflow/models/taskinstance.py", line 767, in _execute_task
    result = _execute_callable(context=context, **execute_callable_kwargs)
             ^^^^^^^^^^^^^^^^^^^^^^^^^^^^^^^^^^^^^^^^^^^^^^^^^^^^^^^^^^^^^
  File "/home/airflow/.local/lib/python3.12/site-packages/airflow/models/taskinstance.py", line 733, in _execute_callable
    return ExecutionCallableRunner(
           ^^^^^^^^^^^^^^^^^^^^^^^^
  File "/home/airflow/.local/lib/python3.12/site-packages/airflow/utils/operator_helpers.py", line 252, in run
    return self.func(*args, **kwargs)
           ^^^^^^^^^^^^^^^^^^^^^^^^^^
  File "/home/airflow/.local/lib/python3.12/site-packages/airflow/models/baseoperator.py", line 406, in wrapper
    return func(self, *args, **kwargs)
           ^^^^^^^^^^^^^^^^^^^^^^^^^^^
  File "/home/airflow/.local/lib/python3.12/site-packages/airflow/providers/apache/spark/operators/spark_submit.py", line 176, in execute
    self._hook.submit(self.application)
  File "/home/airflow/.local/lib/python3.12/site-packages/airflow/providers/apache/spark/hooks/spark_submit.py", line 560, in submit
    raise AirflowException(
airflow.exceptions.AirflowException: Cannot execute: spark-submit --master spark://spark:7077 --driver-class-path /opt/***/jars/postgresql-42.5.0.jar --jars /opt/***/jars/postgresql-42.5.0.jar --packages org.postgresql:postgresql:42.5.0 --name arrow-spark --deploy-mode client /opt/bitnami/spark/src/scripts_spark/LoadFileToDB.py. Error code is: 1.
[2024-11-03T01:10:56.273+0000] {local_task_job_runner.py:266} INFO - Task exited with return code 1
[2024-11-03T01:10:56.307+0000] {taskinstance.py:3900} INFO - 0 downstream tasks scheduled from follow-on schedule check
[2024-11-03T01:10:56.385+0000] {local_task_job_runner.py:245} INFO - ::endgroup::
