[2024-09-28T18:55:10.644+0000] {local_task_job_runner.py:123} INFO - ::group::Pre task execution logs
[2024-09-28T18:55:10.660+0000] {taskinstance.py:2612} INFO - Dependencies all met for dep_context=non-requeueable deps ti=<TaskInstance: SitesWebScraping.create_container_kabum_1 manual__2024-09-28T18:55:09.508628+00:00 [queued]>
[2024-09-28T18:55:10.669+0000] {taskinstance.py:2612} INFO - Dependencies all met for dep_context=requeueable deps ti=<TaskInstance: SitesWebScraping.create_container_kabum_1 manual__2024-09-28T18:55:09.508628+00:00 [queued]>
[2024-09-28T18:55:10.670+0000] {taskinstance.py:2865} INFO - Starting attempt 1 of 1
[2024-09-28T18:55:10.686+0000] {taskinstance.py:2888} INFO - Executing <Task(CreateContainerInDataLake): create_container_kabum_1> on 2024-09-28 18:55:09.508628+00:00
[2024-09-28T18:55:10.691+0000] {warnings.py:112} WARNING - /home/***/.local/lib/python3.12/site-packages/***/task/task_runner/standard_task_runner.py:70: DeprecationWarning: This process (pid=4232) is multi-threaded, use of fork() may lead to deadlocks in the child.
  pid = os.fork()

[2024-09-28T18:55:10.693+0000] {standard_task_runner.py:72} INFO - Started process 4233 to run task
[2024-09-28T18:55:10.693+0000] {standard_task_runner.py:104} INFO - Running: ['***', 'tasks', 'run', 'SitesWebScraping', 'create_container_kabum_1', 'manual__2024-09-28T18:55:09.508628+00:00', '--job-id', '250', '--raw', '--subdir', 'DAGS_FOLDER/DagWebScraping.py', '--cfg-path', '/tmp/tmpfmbvk6o6']
[2024-09-28T18:55:10.696+0000] {standard_task_runner.py:105} INFO - Job 250: Subtask create_container_kabum_1
[2024-09-28T18:55:10.743+0000] {task_command.py:467} INFO - Running <TaskInstance: SitesWebScraping.create_container_kabum_1 manual__2024-09-28T18:55:09.508628+00:00 [running]> on host 195e9906c829
[2024-09-28T18:55:10.826+0000] {taskinstance.py:3131} INFO - Exporting env vars: AIRFLOW_CTX_DAG_OWNER='***' AIRFLOW_CTX_DAG_ID='SitesWebScraping' AIRFLOW_CTX_TASK_ID='create_container_kabum_1' AIRFLOW_CTX_EXECUTION_DATE='2024-09-28T18:55:09.508628+00:00' AIRFLOW_CTX_TRY_NUMBER='1' AIRFLOW_CTX_DAG_RUN_ID='manual__2024-09-28T18:55:09.508628+00:00'
[2024-09-28T18:55:10.828+0000] {taskinstance.py:731} INFO - ::endgroup::
[2024-09-28T18:55:10.845+0000] {baseoperator.py:405} WARNING - CreateContainerInDataLake.execute cannot be called outside TaskInstance!
[2024-09-28T18:55:10.846+0000] {subprocess.py:63} INFO - Tmp dir root location: /tmp
[2024-09-28T18:55:10.847+0000] {subprocess.py:75} INFO - Running command: ['/usr/bin/bash', '-c', 'mkdir -p /opt/***/datalake/rawzone/kabum=2024-09-28']
[2024-09-28T18:55:10.860+0000] {subprocess.py:86} INFO - Output:
[2024-09-28T18:55:10.866+0000] {subprocess.py:97} INFO - Command exited with return code 0
[2024-09-28T18:55:10.901+0000] {taskinstance.py:340} INFO - ::group::Post task execution logs
[2024-09-28T18:55:10.902+0000] {taskinstance.py:352} INFO - Marking task as SUCCESS. dag_id=SitesWebScraping, task_id=create_container_kabum_1, run_id=manual__2024-09-28T18:55:09.508628+00:00, execution_date=20240928T185509, start_date=20240928T185510, end_date=20240928T185510
[2024-09-28T18:55:10.949+0000] {local_task_job_runner.py:266} INFO - Task exited with return code 0
[2024-09-28T18:55:10.969+0000] {taskinstance.py:3900} INFO - 1 downstream tasks scheduled from follow-on schedule check
[2024-09-28T18:55:10.974+0000] {local_task_job_runner.py:245} INFO - ::endgroup::
