[2024-11-02T02:10:23.742+0000] {local_task_job_runner.py:123} INFO - ::group::Pre task execution logs
[2024-11-02T02:10:23.756+0000] {taskinstance.py:2612} INFO - Dependencies all met for dep_context=non-requeueable deps ti=<TaskInstance: LoadWebScraping.insert manual__2024-11-02T02:10:20.057676+00:00 [queued]>
[2024-11-02T02:10:23.763+0000] {taskinstance.py:2612} INFO - Dependencies all met for dep_context=requeueable deps ti=<TaskInstance: LoadWebScraping.insert manual__2024-11-02T02:10:20.057676+00:00 [queued]>
[2024-11-02T02:10:23.763+0000] {taskinstance.py:2865} INFO - Starting attempt 1 of 1
[2024-11-02T02:10:23.776+0000] {taskinstance.py:2888} INFO - Executing <Task(SparkSubmitOperator): insert> on 2024-11-02 02:10:20.057676+00:00
[2024-11-02T02:10:23.781+0000] {warnings.py:112} WARNING - /home/***/.local/lib/python3.12/site-packages/***/task/task_runner/standard_task_runner.py:70: DeprecationWarning: This process (pid=4046) is multi-threaded, use of fork() may lead to deadlocks in the child.
  pid = os.fork()

[2024-11-02T02:10:23.783+0000] {standard_task_runner.py:72} INFO - Started process 4048 to run task
[2024-11-02T02:10:23.783+0000] {standard_task_runner.py:104} INFO - Running: ['***', 'tasks', 'run', 'LoadWebScraping', 'insert', 'manual__2024-11-02T02:10:20.057676+00:00', '--job-id', '138', '--raw', '--subdir', 'DAGS_FOLDER/LoadWebScraping.py', '--cfg-path', '/tmp/tmpz6f8sb8o']
[2024-11-02T02:10:23.786+0000] {standard_task_runner.py:105} INFO - Job 138: Subtask insert
[2024-11-02T02:10:23.829+0000] {task_command.py:467} INFO - Running <TaskInstance: LoadWebScraping.insert manual__2024-11-02T02:10:20.057676+00:00 [running]> on host c9f99735a600
[2024-11-02T02:10:23.907+0000] {taskinstance.py:3131} INFO - Exporting env vars: AIRFLOW_CTX_DAG_OWNER='***' AIRFLOW_CTX_DAG_ID='LoadWebScraping' AIRFLOW_CTX_TASK_ID='insert' AIRFLOW_CTX_EXECUTION_DATE='2024-11-02T02:10:20.057676+00:00' AIRFLOW_CTX_TRY_NUMBER='1' AIRFLOW_CTX_DAG_RUN_ID='manual__2024-11-02T02:10:20.057676+00:00'
[2024-11-02T02:10:23.908+0000] {taskinstance.py:731} INFO - ::endgroup::
[2024-11-02T02:10:23.928+0000] {base.py:84} INFO - Retrieving connection 'spark_default'
[2024-11-02T02:10:23.930+0000] {spark_submit.py:327} ERROR - Failed to decode base64 keytab: Incorrect padding
[2024-11-02T02:10:23.930+0000] {spark_submit.py:304} INFO - Could not load connection string spark_default, defaulting to spark://spark:7077
[2024-11-02T02:10:23.932+0000] {spark_submit.py:473} INFO - Spark-Submit cmd: spark-submit --master spark://spark:7077 --driver-class-path /opt/***/jars/postgresql-42.5.0.jar --jars /opt/***/jars/postgresql-42.5.0.jar --packages org.postgresql:postgresql:42.5.0 --name arrow-spark --deploy-mode client /opt/bitnami/spark/src/scripts_spark/LoadFileToDB.py
[2024-11-02T02:10:25.223+0000] {spark_submit.py:634} INFO - :: loading settings :: url = jar:file:/home/***/.local/lib/python3.12/site-packages/pyspark/jars/ivy-2.5.1.jar!/org/apache/ivy/core/settings/ivysettings.xml
[2024-11-02T02:10:25.273+0000] {spark_submit.py:634} INFO - Ivy Default Cache set to: /home/***/.ivy2/cache
[2024-11-02T02:10:25.274+0000] {spark_submit.py:634} INFO - The jars for the packages stored in: /home/***/.ivy2/jars
[2024-11-02T02:10:25.284+0000] {spark_submit.py:634} INFO - org.postgresql#postgresql added as a dependency
[2024-11-02T02:10:25.284+0000] {spark_submit.py:634} INFO - :: resolving dependencies :: org.apache.spark#spark-submit-parent-79486c26-bb42-4d7c-b53d-2481dd3ae3f9;1.0
[2024-11-02T02:10:25.285+0000] {spark_submit.py:634} INFO - confs: [default]
[2024-11-02T02:10:25.361+0000] {spark_submit.py:634} INFO - found org.postgresql#postgresql;42.5.0 in central
[2024-11-02T02:10:25.377+0000] {spark_submit.py:634} INFO - found org.checkerframework#checker-qual;3.5.0 in central
[2024-11-02T02:10:25.389+0000] {spark_submit.py:634} INFO - :: resolution report :: resolve 100ms :: artifacts dl 4ms
[2024-11-02T02:10:25.389+0000] {spark_submit.py:634} INFO - :: modules in use:
[2024-11-02T02:10:25.390+0000] {spark_submit.py:634} INFO - org.checkerframework#checker-qual;3.5.0 from central in [default]
[2024-11-02T02:10:25.390+0000] {spark_submit.py:634} INFO - org.postgresql#postgresql;42.5.0 from central in [default]
[2024-11-02T02:10:25.391+0000] {spark_submit.py:634} INFO - ---------------------------------------------------------------------
[2024-11-02T02:10:25.391+0000] {spark_submit.py:634} INFO - |                  |            modules            ||   artifacts   |
[2024-11-02T02:10:25.392+0000] {spark_submit.py:634} INFO - |       conf       | number| search|dwnlded|evicted|| number|dwnlded|
[2024-11-02T02:10:25.392+0000] {spark_submit.py:634} INFO - ---------------------------------------------------------------------
[2024-11-02T02:10:25.393+0000] {spark_submit.py:634} INFO - |      default     |   2   |   0   |   0   |   0   ||   2   |   0   |
[2024-11-02T02:10:25.393+0000] {spark_submit.py:634} INFO - ---------------------------------------------------------------------
[2024-11-02T02:10:25.394+0000] {spark_submit.py:634} INFO - :: retrieving :: org.apache.spark#spark-submit-parent-79486c26-bb42-4d7c-b53d-2481dd3ae3f9
[2024-11-02T02:10:25.394+0000] {spark_submit.py:634} INFO - confs: [default]
[2024-11-02T02:10:25.395+0000] {spark_submit.py:634} INFO - 0 artifacts copied, 2 already retrieved (0kB/4ms)
[2024-11-02T02:10:25.535+0000] {spark_submit.py:634} INFO - 24/11/02 02:10:25 WARN NativeCodeLoader: Unable to load native-hadoop library for your platform... using builtin-java classes where applicable
[2024-11-02T02:10:25.667+0000] {spark_submit.py:634} INFO - 24/11/02 02:10:25 WARN DependencyUtils: Local jar /opt/***/jars/postgresql-42.5.0.jar does not exist, skipping.
[2024-11-02T02:10:28.247+0000] {spark_submit.py:634} INFO - 24/11/02 02:10:28 INFO SparkContext: Running Spark version 3.5.2
[2024-11-02T02:10:28.247+0000] {spark_submit.py:634} INFO - 24/11/02 02:10:28 INFO SparkContext: OS info Linux, 5.15.153.1-microsoft-standard-WSL2, amd64
[2024-11-02T02:10:28.248+0000] {spark_submit.py:634} INFO - 24/11/02 02:10:28 INFO SparkContext: Java version 17.0.13
[2024-11-02T02:10:28.266+0000] {spark_submit.py:634} INFO - 24/11/02 02:10:28 INFO ResourceUtils: ==============================================================
[2024-11-02T02:10:28.267+0000] {spark_submit.py:634} INFO - 24/11/02 02:10:28 INFO ResourceUtils: No custom resources configured for spark.driver.
[2024-11-02T02:10:28.268+0000] {spark_submit.py:634} INFO - 24/11/02 02:10:28 INFO ResourceUtils: ==============================================================
[2024-11-02T02:10:28.268+0000] {spark_submit.py:634} INFO - 24/11/02 02:10:28 INFO SparkContext: Submitted application: Insert_data
[2024-11-02T02:10:28.286+0000] {spark_submit.py:634} INFO - 24/11/02 02:10:28 INFO ResourceProfile: Default ResourceProfile created, executor resources: Map(cores -> name: cores, amount: 1, script: , vendor: , memory -> name: memory, amount: 1024, script: , vendor: , offHeap -> name: offHeap, amount: 0, script: , vendor: ), task resources: Map(cpus -> name: cpus, amount: 1.0)
[2024-11-02T02:10:28.293+0000] {spark_submit.py:634} INFO - 24/11/02 02:10:28 INFO ResourceProfile: Limiting resource is cpu
[2024-11-02T02:10:28.294+0000] {spark_submit.py:634} INFO - 24/11/02 02:10:28 INFO ResourceProfileManager: Added ResourceProfile id: 0
[2024-11-02T02:10:28.334+0000] {spark_submit.py:634} INFO - 24/11/02 02:10:28 INFO SecurityManager: Changing view acls to: ***
[2024-11-02T02:10:28.335+0000] {spark_submit.py:634} INFO - 24/11/02 02:10:28 INFO SecurityManager: Changing modify acls to: ***
[2024-11-02T02:10:28.336+0000] {spark_submit.py:634} INFO - 24/11/02 02:10:28 INFO SecurityManager: Changing view acls groups to:
[2024-11-02T02:10:28.336+0000] {spark_submit.py:634} INFO - 24/11/02 02:10:28 INFO SecurityManager: Changing modify acls groups to:
[2024-11-02T02:10:28.336+0000] {spark_submit.py:634} INFO - 24/11/02 02:10:28 INFO SecurityManager: SecurityManager: authentication disabled; ui acls disabled; users with view permissions: ***; groups with view permissions: EMPTY; users with modify permissions: ***; groups with modify permissions: EMPTY
[2024-11-02T02:10:28.513+0000] {spark_submit.py:634} INFO - 24/11/02 02:10:28 INFO Utils: Successfully started service 'sparkDriver' on port 40263.
[2024-11-02T02:10:28.545+0000] {spark_submit.py:634} INFO - 24/11/02 02:10:28 INFO SparkEnv: Registering MapOutputTracker
[2024-11-02T02:10:28.573+0000] {spark_submit.py:634} INFO - 24/11/02 02:10:28 INFO SparkEnv: Registering BlockManagerMaster
[2024-11-02T02:10:28.585+0000] {spark_submit.py:634} INFO - 24/11/02 02:10:28 INFO BlockManagerMasterEndpoint: Using org.apache.spark.storage.DefaultTopologyMapper for getting topology information
[2024-11-02T02:10:28.586+0000] {spark_submit.py:634} INFO - 24/11/02 02:10:28 INFO BlockManagerMasterEndpoint: BlockManagerMasterEndpoint up
[2024-11-02T02:10:28.589+0000] {spark_submit.py:634} INFO - 24/11/02 02:10:28 INFO SparkEnv: Registering BlockManagerMasterHeartbeat
[2024-11-02T02:10:28.615+0000] {spark_submit.py:634} INFO - 24/11/02 02:10:28 INFO DiskBlockManager: Created local directory at /tmp/blockmgr-929dd5cd-3193-446a-8599-94fe19c2ba3c
[2024-11-02T02:10:28.626+0000] {spark_submit.py:634} INFO - 24/11/02 02:10:28 INFO MemoryStore: MemoryStore started with capacity 434.4 MiB
[2024-11-02T02:10:28.637+0000] {spark_submit.py:634} INFO - 24/11/02 02:10:28 INFO SparkEnv: Registering OutputCommitCoordinator
[2024-11-02T02:10:28.731+0000] {spark_submit.py:634} INFO - 24/11/02 02:10:28 INFO JettyUtils: Start Jetty 0.0.0.0:4040 for SparkUI
[2024-11-02T02:10:28.779+0000] {spark_submit.py:634} INFO - 24/11/02 02:10:28 INFO Utils: Successfully started service 'SparkUI' on port 4040.
[2024-11-02T02:10:28.807+0000] {spark_submit.py:634} INFO - 24/11/02 02:10:28 ERROR SparkContext: Failed to add /opt/bitnami/spark/jars/postgresql-42.5.0.jar to Spark environment
[2024-11-02T02:10:28.808+0000] {spark_submit.py:634} INFO - java.io.FileNotFoundException: Jar /opt/bitnami/spark/jars/postgresql-42.5.0.jar not found
[2024-11-02T02:10:28.808+0000] {spark_submit.py:634} INFO - at org.apache.spark.SparkContext.addLocalJarFile$1(SparkContext.scala:2095)
[2024-11-02T02:10:28.809+0000] {spark_submit.py:634} INFO - at org.apache.spark.SparkContext.addJar(SparkContext.scala:2151)
[2024-11-02T02:10:28.809+0000] {spark_submit.py:634} INFO - at org.apache.spark.SparkContext.$anonfun$new$15(SparkContext.scala:521)
[2024-11-02T02:10:28.810+0000] {spark_submit.py:634} INFO - at org.apache.spark.SparkContext.$anonfun$new$15$adapted(SparkContext.scala:521)
[2024-11-02T02:10:28.810+0000] {spark_submit.py:634} INFO - at scala.collection.mutable.ResizableArray.foreach(ResizableArray.scala:62)
[2024-11-02T02:10:28.810+0000] {spark_submit.py:634} INFO - at scala.collection.mutable.ResizableArray.foreach$(ResizableArray.scala:55)
[2024-11-02T02:10:28.811+0000] {spark_submit.py:634} INFO - at scala.collection.mutable.ArrayBuffer.foreach(ArrayBuffer.scala:49)
[2024-11-02T02:10:28.811+0000] {spark_submit.py:634} INFO - at org.apache.spark.SparkContext.<init>(SparkContext.scala:521)
[2024-11-02T02:10:28.812+0000] {spark_submit.py:634} INFO - at org.apache.spark.api.java.JavaSparkContext.<init>(JavaSparkContext.scala:58)
[2024-11-02T02:10:28.812+0000] {spark_submit.py:634} INFO - at java.base/jdk.internal.reflect.NativeConstructorAccessorImpl.newInstance0(Native Method)
[2024-11-02T02:10:28.813+0000] {spark_submit.py:634} INFO - at java.base/jdk.internal.reflect.NativeConstructorAccessorImpl.newInstance(NativeConstructorAccessorImpl.java:77)
[2024-11-02T02:10:28.813+0000] {spark_submit.py:634} INFO - at java.base/jdk.internal.reflect.DelegatingConstructorAccessorImpl.newInstance(DelegatingConstructorAccessorImpl.java:45)
[2024-11-02T02:10:28.813+0000] {spark_submit.py:634} INFO - at java.base/java.lang.reflect.Constructor.newInstanceWithCaller(Constructor.java:500)
[2024-11-02T02:10:28.814+0000] {spark_submit.py:634} INFO - at java.base/java.lang.reflect.Constructor.newInstance(Constructor.java:481)
[2024-11-02T02:10:28.814+0000] {spark_submit.py:634} INFO - at py4j.reflection.MethodInvoker.invoke(MethodInvoker.java:247)
[2024-11-02T02:10:28.815+0000] {spark_submit.py:634} INFO - at py4j.reflection.ReflectionEngine.invoke(ReflectionEngine.java:374)
[2024-11-02T02:10:28.815+0000] {spark_submit.py:634} INFO - at py4j.Gateway.invoke(Gateway.java:238)
[2024-11-02T02:10:28.816+0000] {spark_submit.py:634} INFO - at py4j.commands.ConstructorCommand.invokeConstructor(ConstructorCommand.java:80)
[2024-11-02T02:10:28.816+0000] {spark_submit.py:634} INFO - at py4j.commands.ConstructorCommand.execute(ConstructorCommand.java:69)
[2024-11-02T02:10:28.817+0000] {spark_submit.py:634} INFO - at py4j.ClientServerConnection.waitForCommands(ClientServerConnection.java:182)
[2024-11-02T02:10:28.817+0000] {spark_submit.py:634} INFO - at py4j.ClientServerConnection.run(ClientServerConnection.java:106)
[2024-11-02T02:10:28.818+0000] {spark_submit.py:634} INFO - at java.base/java.lang.Thread.run(Thread.java:840)
[2024-11-02T02:10:28.818+0000] {spark_submit.py:634} INFO - 24/11/02 02:10:28 INFO SparkContext: Added file file:///home/***/.ivy2/jars/org.postgresql_postgresql-42.5.0.jar at file:///home/***/.ivy2/jars/org.postgresql_postgresql-42.5.0.jar with timestamp 1730513428242
[2024-11-02T02:10:28.819+0000] {spark_submit.py:634} INFO - 24/11/02 02:10:28 INFO Utils: Copying /home/***/.ivy2/jars/org.postgresql_postgresql-42.5.0.jar to /tmp/spark-c287a72b-51d9-496d-b262-8214ea3f82d1/userFiles-4e4f3685-dcc9-4379-ab24-fa9181900cc9/org.postgresql_postgresql-42.5.0.jar
[2024-11-02T02:10:28.822+0000] {spark_submit.py:634} INFO - 24/11/02 02:10:28 INFO SparkContext: Added file file:///home/***/.ivy2/jars/org.checkerframework_checker-qual-3.5.0.jar at file:///home/***/.ivy2/jars/org.checkerframework_checker-qual-3.5.0.jar with timestamp 1730513428242
[2024-11-02T02:10:28.823+0000] {spark_submit.py:634} INFO - 24/11/02 02:10:28 INFO Utils: Copying /home/***/.ivy2/jars/org.checkerframework_checker-qual-3.5.0.jar to /tmp/spark-c287a72b-51d9-496d-b262-8214ea3f82d1/userFiles-4e4f3685-dcc9-4379-ab24-fa9181900cc9/org.checkerframework_checker-qual-3.5.0.jar
[2024-11-02T02:10:28.874+0000] {spark_submit.py:634} INFO - 24/11/02 02:10:28 INFO Executor: Starting executor ID driver on host c9f99735a600
[2024-11-02T02:10:28.875+0000] {spark_submit.py:634} INFO - 24/11/02 02:10:28 INFO Executor: OS info Linux, 5.15.153.1-microsoft-standard-WSL2, amd64
[2024-11-02T02:10:28.875+0000] {spark_submit.py:634} INFO - 24/11/02 02:10:28 INFO Executor: Java version 17.0.13
[2024-11-02T02:10:28.880+0000] {spark_submit.py:634} INFO - 24/11/02 02:10:28 INFO Executor: Starting executor with user classpath (userClassPathFirst = false): ''
[2024-11-02T02:10:28.881+0000] {spark_submit.py:634} INFO - 24/11/02 02:10:28 INFO Executor: Created or updated repl class loader org.apache.spark.util.MutableURLClassLoader@165a4aa9 for default.
[2024-11-02T02:10:28.889+0000] {spark_submit.py:634} INFO - 24/11/02 02:10:28 INFO Executor: Fetching file:///home/***/.ivy2/jars/org.checkerframework_checker-qual-3.5.0.jar with timestamp 1730513428242
[2024-11-02T02:10:28.903+0000] {spark_submit.py:634} INFO - 24/11/02 02:10:28 INFO Utils: /home/***/.ivy2/jars/org.checkerframework_checker-qual-3.5.0.jar has been previously copied to /tmp/spark-c287a72b-51d9-496d-b262-8214ea3f82d1/userFiles-4e4f3685-dcc9-4379-ab24-fa9181900cc9/org.checkerframework_checker-qual-3.5.0.jar
[2024-11-02T02:10:28.908+0000] {spark_submit.py:634} INFO - 24/11/02 02:10:28 INFO Executor: Fetching file:///home/***/.ivy2/jars/org.postgresql_postgresql-42.5.0.jar with timestamp 1730513428242
[2024-11-02T02:10:28.912+0000] {spark_submit.py:634} INFO - 24/11/02 02:10:28 INFO Utils: /home/***/.ivy2/jars/org.postgresql_postgresql-42.5.0.jar has been previously copied to /tmp/spark-c287a72b-51d9-496d-b262-8214ea3f82d1/userFiles-4e4f3685-dcc9-4379-ab24-fa9181900cc9/org.postgresql_postgresql-42.5.0.jar
[2024-11-02T02:10:28.929+0000] {spark_submit.py:634} INFO - 24/11/02 02:10:28 INFO Utils: Successfully started service 'org.apache.spark.network.netty.NettyBlockTransferService' on port 33597.
[2024-11-02T02:10:28.929+0000] {spark_submit.py:634} INFO - 24/11/02 02:10:28 INFO NettyBlockTransferService: Server created on c9f99735a600:33597
[2024-11-02T02:10:28.931+0000] {spark_submit.py:634} INFO - 24/11/02 02:10:28 INFO BlockManager: Using org.apache.spark.storage.RandomBlockReplicationPolicy for block replication policy
[2024-11-02T02:10:28.938+0000] {spark_submit.py:634} INFO - 24/11/02 02:10:28 INFO BlockManagerMaster: Registering BlockManager BlockManagerId(driver, c9f99735a600, 33597, None)
[2024-11-02T02:10:28.942+0000] {spark_submit.py:634} INFO - 24/11/02 02:10:28 INFO BlockManagerMasterEndpoint: Registering block manager c9f99735a600:33597 with 434.4 MiB RAM, BlockManagerId(driver, c9f99735a600, 33597, None)
[2024-11-02T02:10:28.944+0000] {spark_submit.py:634} INFO - 24/11/02 02:10:28 INFO BlockManagerMaster: Registered BlockManager BlockManagerId(driver, c9f99735a600, 33597, None)
[2024-11-02T02:10:28.945+0000] {spark_submit.py:634} INFO - 24/11/02 02:10:28 INFO BlockManager: Initialized BlockManager: BlockManagerId(driver, c9f99735a600, 33597, None)
[2024-11-02T02:10:29.824+0000] {spark_submit.py:634} INFO - [2024-11-02T02:10:29.823+0000] {base.py:84} INFO - Retrieving connection 's3_connect'
[2024-11-02T02:10:29.825+0000] {spark_submit.py:634} INFO - [2024-11-02T02:10:29.824+0000] {connection_wrapper.py:388} INFO - AWS Connection (conn_id='s3_connect', conn_type='aws') credentials retrieved from login and password.
[2024-11-02T02:10:33.797+0000] {spark_submit.py:634} INFO - 24/11/02 02:10:33 INFO SharedState: Setting hive.metastore.warehouse.dir ('null') to the value of spark.sql.warehouse.dir.
[2024-11-02T02:10:33.799+0000] {spark_submit.py:634} INFO - 24/11/02 02:10:33 INFO SharedState: Warehouse path is 'file:/opt/***/spark-warehouse'.
[2024-11-02T02:10:34.393+0000] {spark_submit.py:634} INFO - 24/11/02 02:10:34 INFO InMemoryFileIndex: It took 62 ms to list leaf files for 1 paths.
[2024-11-02T02:10:34.703+0000] {spark_submit.py:634} INFO - 24/11/02 02:10:34 INFO SparkContext: Starting job: parquet at NativeMethodAccessorImpl.java:0
[2024-11-02T02:10:34.716+0000] {spark_submit.py:634} INFO - 24/11/02 02:10:34 INFO DAGScheduler: Got job 0 (parquet at NativeMethodAccessorImpl.java:0) with 1 output partitions
[2024-11-02T02:10:34.717+0000] {spark_submit.py:634} INFO - 24/11/02 02:10:34 INFO DAGScheduler: Final stage: ResultStage 0 (parquet at NativeMethodAccessorImpl.java:0)
[2024-11-02T02:10:34.717+0000] {spark_submit.py:634} INFO - 24/11/02 02:10:34 INFO DAGScheduler: Parents of final stage: List()
[2024-11-02T02:10:34.718+0000] {spark_submit.py:634} INFO - 24/11/02 02:10:34 INFO DAGScheduler: Missing parents: List()
[2024-11-02T02:10:34.721+0000] {spark_submit.py:634} INFO - 24/11/02 02:10:34 INFO DAGScheduler: Submitting ResultStage 0 (MapPartitionsRDD[1] at parquet at NativeMethodAccessorImpl.java:0), which has no missing parents
[2024-11-02T02:10:34.768+0000] {spark_submit.py:634} INFO - 24/11/02 02:10:34 INFO MemoryStore: Block broadcast_0 stored as values in memory (estimated size 104.2 KiB, free 434.3 MiB)
[2024-11-02T02:10:34.789+0000] {spark_submit.py:634} INFO - 24/11/02 02:10:34 INFO MemoryStore: Block broadcast_0_piece0 stored as bytes in memory (estimated size 37.6 KiB, free 434.3 MiB)
[2024-11-02T02:10:34.792+0000] {spark_submit.py:634} INFO - 24/11/02 02:10:34 INFO BlockManagerInfo: Added broadcast_0_piece0 in memory on c9f99735a600:33597 (size: 37.6 KiB, free: 434.4 MiB)
[2024-11-02T02:10:34.795+0000] {spark_submit.py:634} INFO - 24/11/02 02:10:34 INFO SparkContext: Created broadcast 0 from broadcast at DAGScheduler.scala:1585
[2024-11-02T02:10:34.808+0000] {spark_submit.py:634} INFO - 24/11/02 02:10:34 INFO DAGScheduler: Submitting 1 missing tasks from ResultStage 0 (MapPartitionsRDD[1] at parquet at NativeMethodAccessorImpl.java:0) (first 15 tasks are for partitions Vector(0))
[2024-11-02T02:10:34.809+0000] {spark_submit.py:634} INFO - 24/11/02 02:10:34 INFO TaskSchedulerImpl: Adding task set 0.0 with 1 tasks resource profile 0
[2024-11-02T02:10:34.847+0000] {spark_submit.py:634} INFO - 24/11/02 02:10:34 INFO TaskSetManager: Starting task 0.0 in stage 0.0 (TID 0) (c9f99735a600, executor driver, partition 0, PROCESS_LOCAL, 9509 bytes)
[2024-11-02T02:10:34.857+0000] {spark_submit.py:634} INFO - 24/11/02 02:10:34 INFO Executor: Running task 0.0 in stage 0.0 (TID 0)
[2024-11-02T02:10:35.122+0000] {spark_submit.py:634} INFO - 24/11/02 02:10:35 INFO Executor: Finished task 0.0 in stage 0.0 (TID 0). 1791 bytes result sent to driver
[2024-11-02T02:10:35.130+0000] {spark_submit.py:634} INFO - 24/11/02 02:10:35 INFO TaskSetManager: Finished task 0.0 in stage 0.0 (TID 0) in 298 ms on c9f99735a600 (executor driver) (1/1)
[2024-11-02T02:10:35.132+0000] {spark_submit.py:634} INFO - 24/11/02 02:10:35 INFO TaskSchedulerImpl: Removed TaskSet 0.0, whose tasks have all completed, from pool
[2024-11-02T02:10:35.136+0000] {spark_submit.py:634} INFO - 24/11/02 02:10:35 INFO DAGScheduler: ResultStage 0 (parquet at NativeMethodAccessorImpl.java:0) finished in 0.405 s
[2024-11-02T02:10:35.140+0000] {spark_submit.py:634} INFO - 24/11/02 02:10:35 INFO DAGScheduler: Job 0 is finished. Cancelling potential speculative or zombie tasks for this job
[2024-11-02T02:10:35.141+0000] {spark_submit.py:634} INFO - 24/11/02 02:10:35 INFO TaskSchedulerImpl: Killing all running tasks in stage 0: Stage finished
[2024-11-02T02:10:35.142+0000] {spark_submit.py:634} INFO - 24/11/02 02:10:35 INFO DAGScheduler: Job 0 finished: parquet at NativeMethodAccessorImpl.java:0, took 0.436887 s
[2024-11-02T02:10:35.452+0000] {spark_submit.py:634} INFO - 24/11/02 02:10:35 INFO BlockManagerInfo: Removed broadcast_0_piece0 on c9f99735a600:33597 in memory (size: 37.6 KiB, free: 434.4 MiB)
[2024-11-02T02:10:35.853+0000] {spark_submit.py:634} INFO - 24/11/02 02:10:35 INFO FileSourceStrategy: Pushed Filters:
[2024-11-02T02:10:35.858+0000] {spark_submit.py:634} INFO - 24/11/02 02:10:35 INFO FileSourceStrategy: Post-Scan Filters:
[2024-11-02T02:10:36.141+0000] {spark_submit.py:634} INFO - 24/11/02 02:10:36 INFO CodeGenerator: Code generated in 156.74622 ms
[2024-11-02T02:10:36.159+0000] {spark_submit.py:634} INFO - 24/11/02 02:10:36 INFO MemoryStore: Block broadcast_1 stored as values in memory (estimated size 202.3 KiB, free 434.2 MiB)
[2024-11-02T02:10:36.172+0000] {spark_submit.py:634} INFO - 24/11/02 02:10:36 INFO MemoryStore: Block broadcast_1_piece0 stored as bytes in memory (estimated size 35.4 KiB, free 434.2 MiB)
[2024-11-02T02:10:36.173+0000] {spark_submit.py:634} INFO - 24/11/02 02:10:36 INFO BlockManagerInfo: Added broadcast_1_piece0 in memory on c9f99735a600:33597 (size: 35.4 KiB, free: 434.4 MiB)
[2024-11-02T02:10:36.174+0000] {spark_submit.py:634} INFO - 24/11/02 02:10:36 INFO SparkContext: Created broadcast 1 from showString at NativeMethodAccessorImpl.java:0
[2024-11-02T02:10:36.190+0000] {spark_submit.py:634} INFO - 24/11/02 02:10:36 INFO FileSourceScanExec: Planning scan with bin packing, max size: 4195044 bytes, open cost is considered as scanning 4194304 bytes.
[2024-11-02T02:10:36.222+0000] {spark_submit.py:634} INFO - 24/11/02 02:10:36 INFO SparkContext: Starting job: showString at NativeMethodAccessorImpl.java:0
[2024-11-02T02:10:36.223+0000] {spark_submit.py:634} INFO - 24/11/02 02:10:36 INFO DAGScheduler: Got job 1 (showString at NativeMethodAccessorImpl.java:0) with 1 output partitions
[2024-11-02T02:10:36.223+0000] {spark_submit.py:634} INFO - 24/11/02 02:10:36 INFO DAGScheduler: Final stage: ResultStage 1 (showString at NativeMethodAccessorImpl.java:0)
[2024-11-02T02:10:36.224+0000] {spark_submit.py:634} INFO - 24/11/02 02:10:36 INFO DAGScheduler: Parents of final stage: List()
[2024-11-02T02:10:36.224+0000] {spark_submit.py:634} INFO - 24/11/02 02:10:36 INFO DAGScheduler: Missing parents: List()
[2024-11-02T02:10:36.225+0000] {spark_submit.py:634} INFO - 24/11/02 02:10:36 INFO DAGScheduler: Submitting ResultStage 1 (MapPartitionsRDD[5] at showString at NativeMethodAccessorImpl.java:0), which has no missing parents
[2024-11-02T02:10:36.243+0000] {spark_submit.py:634} INFO - 24/11/02 02:10:36 INFO MemoryStore: Block broadcast_2 stored as values in memory (estimated size 14.8 KiB, free 434.2 MiB)
[2024-11-02T02:10:36.249+0000] {spark_submit.py:634} INFO - 24/11/02 02:10:36 INFO MemoryStore: Block broadcast_2_piece0 stored as bytes in memory (estimated size 6.4 KiB, free 434.1 MiB)
[2024-11-02T02:10:36.250+0000] {spark_submit.py:634} INFO - 24/11/02 02:10:36 INFO BlockManagerInfo: Added broadcast_2_piece0 in memory on c9f99735a600:33597 (size: 6.4 KiB, free: 434.4 MiB)
[2024-11-02T02:10:36.251+0000] {spark_submit.py:634} INFO - 24/11/02 02:10:36 INFO SparkContext: Created broadcast 2 from broadcast at DAGScheduler.scala:1585
[2024-11-02T02:10:36.251+0000] {spark_submit.py:634} INFO - 24/11/02 02:10:36 INFO DAGScheduler: Submitting 1 missing tasks from ResultStage 1 (MapPartitionsRDD[5] at showString at NativeMethodAccessorImpl.java:0) (first 15 tasks are for partitions Vector(0))
[2024-11-02T02:10:36.252+0000] {spark_submit.py:634} INFO - 24/11/02 02:10:36 INFO TaskSchedulerImpl: Adding task set 1.0 with 1 tasks resource profile 0
[2024-11-02T02:10:36.255+0000] {spark_submit.py:634} INFO - 24/11/02 02:10:36 INFO TaskSetManager: Starting task 0.0 in stage 1.0 (TID 1) (c9f99735a600, executor driver, partition 0, PROCESS_LOCAL, 10016 bytes)
[2024-11-02T02:10:36.256+0000] {spark_submit.py:634} INFO - 24/11/02 02:10:36 INFO Executor: Running task 0.0 in stage 1.0 (TID 1)
[2024-11-02T02:10:36.302+0000] {spark_submit.py:634} INFO - 24/11/02 02:10:36 INFO CodeGenerator: Code generated in 14.126256 ms
[2024-11-02T02:10:36.305+0000] {spark_submit.py:634} INFO - 24/11/02 02:10:36 INFO FileScanRDD: Reading File path: file:///opt/***/datalake/silverzone/kabum_2024-10-08/dim_site.parquet/part-00000-e2e21c6f-e086-45e0-ad06-06c77ff2f016-c000.snappy.parquet, range: 0-740, partition values: [empty row]
[2024-11-02T02:10:36.428+0000] {spark_submit.py:634} INFO - 24/11/02 02:10:36 INFO CodecPool: Got brand-new decompressor [.snappy]
[2024-11-02T02:10:36.541+0000] {spark_submit.py:634} INFO - 24/11/02 02:10:36 INFO Executor: Finished task 0.0 in stage 1.0 (TID 1). 1851 bytes result sent to driver
[2024-11-02T02:10:36.543+0000] {spark_submit.py:634} INFO - 24/11/02 02:10:36 INFO TaskSetManager: Finished task 0.0 in stage 1.0 (TID 1) in 291 ms on c9f99735a600 (executor driver) (1/1)
[2024-11-02T02:10:36.543+0000] {spark_submit.py:634} INFO - 24/11/02 02:10:36 INFO TaskSchedulerImpl: Removed TaskSet 1.0, whose tasks have all completed, from pool
[2024-11-02T02:10:36.545+0000] {spark_submit.py:634} INFO - 24/11/02 02:10:36 INFO DAGScheduler: ResultStage 1 (showString at NativeMethodAccessorImpl.java:0) finished in 0.318 s
[2024-11-02T02:10:36.546+0000] {spark_submit.py:634} INFO - 24/11/02 02:10:36 INFO DAGScheduler: Job 1 is finished. Cancelling potential speculative or zombie tasks for this job
[2024-11-02T02:10:36.546+0000] {spark_submit.py:634} INFO - 24/11/02 02:10:36 INFO TaskSchedulerImpl: Killing all running tasks in stage 1: Stage finished
[2024-11-02T02:10:36.547+0000] {spark_submit.py:634} INFO - 24/11/02 02:10:36 INFO DAGScheduler: Job 1 finished: showString at NativeMethodAccessorImpl.java:0, took 0.323292 s
[2024-11-02T02:10:37.103+0000] {spark_submit.py:634} INFO - 24/11/02 02:10:37 INFO BlockManagerInfo: Removed broadcast_2_piece0 on c9f99735a600:33597 in memory (size: 6.4 KiB, free: 434.4 MiB)
[2024-11-02T02:10:37.289+0000] {spark_submit.py:634} INFO - 24/11/02 02:10:37 INFO CodeGenerator: Code generated in 10.502085 ms
[2024-11-02T02:10:37.295+0000] {spark_submit.py:634} INFO - +---------+-------+
[2024-11-02T02:10:37.296+0000] {spark_submit.py:634} INFO - |name_site|id_site|
[2024-11-02T02:10:37.296+0000] {spark_submit.py:634} INFO - +---------+-------+
[2024-11-02T02:10:37.296+0000] {spark_submit.py:634} INFO - |    kabum|      1|
[2024-11-02T02:10:37.297+0000] {spark_submit.py:634} INFO - |   pichau|      2|
[2024-11-02T02:10:37.297+0000] {spark_submit.py:634} INFO - +---------+-------+
[2024-11-02T02:10:37.298+0000] {spark_submit.py:634} INFO - 
[2024-11-02T02:10:37.470+0000] {spark_submit.py:634} INFO - 24/11/02 02:10:37 INFO FileSourceStrategy: Pushed Filters:
[2024-11-02T02:10:37.471+0000] {spark_submit.py:634} INFO - 24/11/02 02:10:37 INFO FileSourceStrategy: Post-Scan Filters:
[2024-11-02T02:10:37.493+0000] {spark_submit.py:634} INFO - 24/11/02 02:10:37 INFO CodeGenerator: Code generated in 11.842486 ms
[2024-11-02T02:10:37.497+0000] {spark_submit.py:634} INFO - 24/11/02 02:10:37 INFO MemoryStore: Block broadcast_3 stored as values in memory (estimated size 202.3 KiB, free 434.0 MiB)
[2024-11-02T02:10:37.512+0000] {spark_submit.py:634} INFO - 24/11/02 02:10:37 INFO MemoryStore: Block broadcast_3_piece0 stored as bytes in memory (estimated size 35.4 KiB, free 433.9 MiB)
[2024-11-02T02:10:37.515+0000] {spark_submit.py:634} INFO - 24/11/02 02:10:37 INFO BlockManagerInfo: Added broadcast_3_piece0 in memory on c9f99735a600:33597 (size: 35.4 KiB, free: 434.3 MiB)
[2024-11-02T02:10:37.527+0000] {spark_submit.py:634} INFO - 24/11/02 02:10:37 INFO SparkContext: Created broadcast 3 from jdbc at NativeMethodAccessorImpl.java:0
[2024-11-02T02:10:37.528+0000] {spark_submit.py:634} INFO - 24/11/02 02:10:37 INFO FileSourceScanExec: Planning scan with bin packing, max size: 4195044 bytes, open cost is considered as scanning 4194304 bytes.
[2024-11-02T02:10:37.563+0000] {spark_submit.py:634} INFO - 24/11/02 02:10:37 INFO SparkContext: Starting job: jdbc at NativeMethodAccessorImpl.java:0
[2024-11-02T02:10:37.570+0000] {spark_submit.py:634} INFO - 24/11/02 02:10:37 INFO DAGScheduler: Got job 2 (jdbc at NativeMethodAccessorImpl.java:0) with 1 output partitions
[2024-11-02T02:10:37.571+0000] {spark_submit.py:634} INFO - 24/11/02 02:10:37 INFO DAGScheduler: Final stage: ResultStage 2 (jdbc at NativeMethodAccessorImpl.java:0)
[2024-11-02T02:10:37.571+0000] {spark_submit.py:634} INFO - 24/11/02 02:10:37 INFO DAGScheduler: Parents of final stage: List()
[2024-11-02T02:10:37.571+0000] {spark_submit.py:634} INFO - 24/11/02 02:10:37 INFO DAGScheduler: Missing parents: List()
[2024-11-02T02:10:37.572+0000] {spark_submit.py:634} INFO - 24/11/02 02:10:37 INFO DAGScheduler: Submitting ResultStage 2 (MapPartitionsRDD[11] at jdbc at NativeMethodAccessorImpl.java:0), which has no missing parents
[2024-11-02T02:10:37.587+0000] {spark_submit.py:634} INFO - 24/11/02 02:10:37 INFO MemoryStore: Block broadcast_4 stored as values in memory (estimated size 33.4 KiB, free 433.9 MiB)
[2024-11-02T02:10:37.593+0000] {spark_submit.py:634} INFO - 24/11/02 02:10:37 INFO MemoryStore: Block broadcast_4_piece0 stored as bytes in memory (estimated size 14.9 KiB, free 433.9 MiB)
[2024-11-02T02:10:37.595+0000] {spark_submit.py:634} INFO - 24/11/02 02:10:37 INFO BlockManagerInfo: Added broadcast_4_piece0 in memory on c9f99735a600:33597 (size: 14.9 KiB, free: 434.3 MiB)
[2024-11-02T02:10:37.609+0000] {spark_submit.py:634} INFO - 24/11/02 02:10:37 INFO SparkContext: Created broadcast 4 from broadcast at DAGScheduler.scala:1585
[2024-11-02T02:10:37.610+0000] {spark_submit.py:634} INFO - 24/11/02 02:10:37 INFO DAGScheduler: Submitting 1 missing tasks from ResultStage 2 (MapPartitionsRDD[11] at jdbc at NativeMethodAccessorImpl.java:0) (first 15 tasks are for partitions Vector(0))
[2024-11-02T02:10:37.611+0000] {spark_submit.py:634} INFO - 24/11/02 02:10:37 INFO TaskSchedulerImpl: Adding task set 2.0 with 1 tasks resource profile 0
[2024-11-02T02:10:37.615+0000] {spark_submit.py:634} INFO - 24/11/02 02:10:37 INFO TaskSetManager: Starting task 0.0 in stage 2.0 (TID 2) (c9f99735a600, executor driver, partition 0, PROCESS_LOCAL, 10016 bytes)
[2024-11-02T02:10:37.619+0000] {spark_submit.py:634} INFO - 24/11/02 02:10:37 INFO Executor: Running task 0.0 in stage 2.0 (TID 2)
[2024-11-02T02:10:37.630+0000] {spark_submit.py:634} INFO - 24/11/02 02:10:37 INFO BlockManagerInfo: Removed broadcast_1_piece0 on c9f99735a600:33597 in memory (size: 35.4 KiB, free: 434.4 MiB)
[2024-11-02T02:10:37.655+0000] {spark_submit.py:634} INFO - 24/11/02 02:10:37 INFO CodeGenerator: Code generated in 10.680998 ms
[2024-11-02T02:10:37.669+0000] {spark_submit.py:634} INFO - 24/11/02 02:10:37 INFO CodeGenerator: Code generated in 7.834086 ms
[2024-11-02T02:10:37.670+0000] {spark_submit.py:634} INFO - 24/11/02 02:10:37 INFO FileScanRDD: Reading File path: file:///opt/***/datalake/silverzone/kabum_2024-10-08/dim_site.parquet/part-00000-e2e21c6f-e086-45e0-ad06-06c77ff2f016-c000.snappy.parquet, range: 0-740, partition values: [empty row]
[2024-11-02T02:10:37.766+0000] {spark_submit.py:634} INFO - 24/11/02 02:10:37 INFO Executor: Finished task 0.0 in stage 2.0 (TID 2). 1843 bytes result sent to driver
[2024-11-02T02:10:37.768+0000] {spark_submit.py:634} INFO - 24/11/02 02:10:37 INFO TaskSetManager: Finished task 0.0 in stage 2.0 (TID 2) in 157 ms on c9f99735a600 (executor driver) (1/1)
[2024-11-02T02:10:37.781+0000] {spark_submit.py:634} INFO - 24/11/02 02:10:37 INFO TaskSchedulerImpl: Removed TaskSet 2.0, whose tasks have all completed, from pool
[2024-11-02T02:10:37.787+0000] {spark_submit.py:634} INFO - 24/11/02 02:10:37 INFO DAGScheduler: ResultStage 2 (jdbc at NativeMethodAccessorImpl.java:0) finished in 0.204 s
[2024-11-02T02:10:37.788+0000] {spark_submit.py:634} INFO - 24/11/02 02:10:37 INFO DAGScheduler: Job 2 is finished. Cancelling potential speculative or zombie tasks for this job
[2024-11-02T02:10:37.788+0000] {spark_submit.py:634} INFO - 24/11/02 02:10:37 INFO TaskSchedulerImpl: Killing all running tasks in stage 2: Stage finished
[2024-11-02T02:10:37.788+0000] {spark_submit.py:634} INFO - 24/11/02 02:10:37 INFO DAGScheduler: Job 2 finished: jdbc at NativeMethodAccessorImpl.java:0, took 0.207653 s
[2024-11-02T02:10:37.810+0000] {spark_submit.py:634} INFO - [2024-11-02T02:10:37.808+0000] {clientserver.py:543} INFO - Closing down clientserver connection
[2024-11-02T02:10:38.180+0000] {spark_submit.py:634} INFO - 24/11/02 02:10:38 INFO SparkContext: Invoking stop() from shutdown hook
[2024-11-02T02:10:38.181+0000] {spark_submit.py:634} INFO - 24/11/02 02:10:38 INFO SparkContext: SparkContext is stopping with exitCode 0.
[2024-11-02T02:10:38.190+0000] {spark_submit.py:634} INFO - 24/11/02 02:10:38 INFO SparkUI: Stopped Spark web UI at http://c9f99735a600:4040
[2024-11-02T02:10:38.201+0000] {spark_submit.py:634} INFO - 24/11/02 02:10:38 INFO MapOutputTrackerMasterEndpoint: MapOutputTrackerMasterEndpoint stopped!
[2024-11-02T02:10:38.210+0000] {spark_submit.py:634} INFO - 24/11/02 02:10:38 INFO MemoryStore: MemoryStore cleared
[2024-11-02T02:10:38.211+0000] {spark_submit.py:634} INFO - 24/11/02 02:10:38 INFO BlockManager: BlockManager stopped
[2024-11-02T02:10:38.214+0000] {spark_submit.py:634} INFO - 24/11/02 02:10:38 INFO BlockManagerMaster: BlockManagerMaster stopped
[2024-11-02T02:10:38.216+0000] {spark_submit.py:634} INFO - 24/11/02 02:10:38 INFO OutputCommitCoordinator$OutputCommitCoordinatorEndpoint: OutputCommitCoordinator stopped!
[2024-11-02T02:10:38.225+0000] {spark_submit.py:634} INFO - 24/11/02 02:10:38 INFO SparkContext: Successfully stopped SparkContext
[2024-11-02T02:10:38.225+0000] {spark_submit.py:634} INFO - 24/11/02 02:10:38 INFO ShutdownHookManager: Shutdown hook called
[2024-11-02T02:10:38.226+0000] {spark_submit.py:634} INFO - 24/11/02 02:10:38 INFO ShutdownHookManager: Deleting directory /tmp/spark-c287a72b-51d9-496d-b262-8214ea3f82d1/pyspark-1bc8a6f5-7486-4bc3-9946-28f664ed045e
[2024-11-02T02:10:38.229+0000] {spark_submit.py:634} INFO - 24/11/02 02:10:38 INFO ShutdownHookManager: Deleting directory /tmp/spark-f35efb36-c7f2-4a5c-84c7-e8de633894b7
[2024-11-02T02:10:38.233+0000] {spark_submit.py:634} INFO - 24/11/02 02:10:38 INFO ShutdownHookManager: Deleting directory /tmp/spark-c287a72b-51d9-496d-b262-8214ea3f82d1
[2024-11-02T02:10:38.281+0000] {taskinstance.py:340} INFO - ::group::Post task execution logs
[2024-11-02T02:10:38.282+0000] {taskinstance.py:352} INFO - Marking task as SUCCESS. dag_id=LoadWebScraping, task_id=insert, run_id=manual__2024-11-02T02:10:20.057676+00:00, execution_date=20241102T021020, start_date=20241102T021023, end_date=20241102T021038
[2024-11-02T02:10:38.310+0000] {local_task_job_runner.py:266} INFO - Task exited with return code 0
[2024-11-02T02:10:38.323+0000] {taskinstance.py:3900} INFO - 0 downstream tasks scheduled from follow-on schedule check
[2024-11-02T02:10:38.327+0000] {local_task_job_runner.py:245} INFO - ::endgroup::
