[2024-09-21T00:21:19.951+0000] {local_task_job_runner.py:123} INFO - ::group::Pre task execution logs
[2024-09-21T00:21:19.972+0000] {taskinstance.py:2612} INFO - Dependencies all met for dep_context=non-requeueable deps ti=<TaskInstance: spark_example.spark_submit_job manual__2024-09-21T00:21:18.684588+00:00 [queued]>
[2024-09-21T00:21:19.982+0000] {taskinstance.py:2612} INFO - Dependencies all met for dep_context=requeueable deps ti=<TaskInstance: spark_example.spark_submit_job manual__2024-09-21T00:21:18.684588+00:00 [queued]>
[2024-09-21T00:21:19.983+0000] {taskinstance.py:2865} INFO - Starting attempt 1 of 1
[2024-09-21T00:21:19.998+0000] {taskinstance.py:2888} INFO - Executing <Task(SparkSubmitOperator): spark_submit_job> on 2024-09-21 00:21:18.684588+00:00
[2024-09-21T00:21:20.005+0000] {warnings.py:112} WARNING - /home/***/.local/lib/python3.12/site-packages/***/task/task_runner/standard_task_runner.py:70: DeprecationWarning: This process (pid=60) is multi-threaded, use of fork() may lead to deadlocks in the child.
  pid = os.fork()

[2024-09-21T00:21:20.007+0000] {standard_task_runner.py:72} INFO - Started process 61 to run task
[2024-09-21T00:21:20.007+0000] {standard_task_runner.py:104} INFO - Running: ['***', 'tasks', 'run', 'spark_example', 'spark_submit_job', 'manual__2024-09-21T00:21:18.684588+00:00', '--job-id', '133', '--raw', '--subdir', 'DAGS_FOLDER/jobsSpark.py', '--cfg-path', '/tmp/tmp259b8r6t']
[2024-09-21T00:21:20.009+0000] {standard_task_runner.py:105} INFO - Job 133: Subtask spark_submit_job
[2024-09-21T00:21:20.059+0000] {task_command.py:467} INFO - Running <TaskInstance: spark_example.spark_submit_job manual__2024-09-21T00:21:18.684588+00:00 [running]> on host ee76db379969
[2024-09-21T00:21:20.149+0000] {taskinstance.py:3131} INFO - Exporting env vars: AIRFLOW_CTX_DAG_OWNER='***' AIRFLOW_CTX_DAG_ID='spark_example' AIRFLOW_CTX_TASK_ID='spark_submit_job' AIRFLOW_CTX_EXECUTION_DATE='2024-09-21T00:21:18.684588+00:00' AIRFLOW_CTX_TRY_NUMBER='1' AIRFLOW_CTX_DAG_RUN_ID='manual__2024-09-21T00:21:18.684588+00:00'
[2024-09-21T00:21:20.150+0000] {taskinstance.py:731} INFO - ::endgroup::
[2024-09-21T00:21:20.175+0000] {spark_submit.py:273} INFO - Could not load connection string spark_default, defaulting to yarn
[2024-09-21T00:21:20.177+0000] {spark_submit.py:403} INFO - Spark-Submit cmd: spark-submit --master yarn --conf spark.master=spark://spark:7077 --name arrow-spark --verbose /opt/***/dags/my_spark_app.py
[2024-09-21T00:21:20.233+0000] {spark_submit.py:579} INFO - /home/***/.local/lib/python3.12/site-packages/pyspark/bin/spark-class: line 71: /usr/lib/jvm/java-11-openjdk-amd64/bin/java: No such file or directory
[2024-09-21T00:21:20.234+0000] {spark_submit.py:579} INFO - /home/***/.local/lib/python3.12/site-packages/pyspark/bin/spark-class: line 97: CMD: bad array subscript
[2024-09-21T00:21:20.246+0000] {taskinstance.py:3310} ERROR - Task failed with exception
Traceback (most recent call last):
  File "/home/airflow/.local/lib/python3.12/site-packages/airflow/models/taskinstance.py", line 767, in _execute_task
    result = _execute_callable(context=context, **execute_callable_kwargs)
             ^^^^^^^^^^^^^^^^^^^^^^^^^^^^^^^^^^^^^^^^^^^^^^^^^^^^^^^^^^^^^
  File "/home/airflow/.local/lib/python3.12/site-packages/airflow/models/taskinstance.py", line 733, in _execute_callable
    return ExecutionCallableRunner(
           ^^^^^^^^^^^^^^^^^^^^^^^^
  File "/home/airflow/.local/lib/python3.12/site-packages/airflow/utils/operator_helpers.py", line 252, in run
    return self.func(*args, **kwargs)
           ^^^^^^^^^^^^^^^^^^^^^^^^^^
  File "/home/airflow/.local/lib/python3.12/site-packages/airflow/models/baseoperator.py", line 406, in wrapper
    return func(self, *args, **kwargs)
           ^^^^^^^^^^^^^^^^^^^^^^^^^^^
  File "/home/airflow/.local/lib/python3.12/site-packages/airflow/providers/apache/spark/operators/spark_submit.py", line 174, in execute
    self._hook.submit(self.application)
  File "/home/airflow/.local/lib/python3.12/site-packages/airflow/providers/apache/spark/hooks/spark_submit.py", line 505, in submit
    raise AirflowException(
airflow.exceptions.AirflowException: Cannot execute: spark-submit --master yarn --conf spark.master=spark://spark:7077 --name arrow-spark --verbose /opt/***/dags/my_spark_app.py. Error code is: 1.
[2024-09-21T00:21:20.251+0000] {taskinstance.py:1225} INFO - Marking task as FAILED. dag_id=spark_example, task_id=spark_submit_job, run_id=manual__2024-09-21T00:21:18.684588+00:00, execution_date=20240921T002118, start_date=20240921T002119, end_date=20240921T002120
[2024-09-21T00:21:20.263+0000] {taskinstance.py:340} INFO - ::group::Post task execution logs
[2024-09-21T00:21:20.264+0000] {standard_task_runner.py:124} ERROR - Failed to execute job 133 for task spark_submit_job (Cannot execute: spark-submit --master yarn --conf spark.master=spark://spark:7077 --name arrow-spark --verbose /opt/***/dags/my_spark_app.py. Error code is: 1.; 61)
Traceback (most recent call last):
  File "/home/airflow/.local/lib/python3.12/site-packages/airflow/task/task_runner/standard_task_runner.py", line 117, in _start_by_fork
    ret = args.func(args, dag=self.dag)
          ^^^^^^^^^^^^^^^^^^^^^^^^^^^^^
  File "/home/airflow/.local/lib/python3.12/site-packages/airflow/cli/cli_config.py", line 49, in command
    return func(*args, **kwargs)
           ^^^^^^^^^^^^^^^^^^^^^
  File "/home/airflow/.local/lib/python3.12/site-packages/airflow/utils/cli.py", line 115, in wrapper
    return f(*args, **kwargs)
           ^^^^^^^^^^^^^^^^^^
  File "/home/airflow/.local/lib/python3.12/site-packages/airflow/cli/commands/task_command.py", line 483, in task_run
    task_return_code = _run_task_by_selected_method(args, _dag, ti)
                       ^^^^^^^^^^^^^^^^^^^^^^^^^^^^^^^^^^^^^^^^^^^^
  File "/home/airflow/.local/lib/python3.12/site-packages/airflow/cli/commands/task_command.py", line 256, in _run_task_by_selected_method
    return _run_raw_task(args, ti)
           ^^^^^^^^^^^^^^^^^^^^^^^
  File "/home/airflow/.local/lib/python3.12/site-packages/airflow/cli/commands/task_command.py", line 341, in _run_raw_task
    return ti._run_raw_task(
           ^^^^^^^^^^^^^^^^^
  File "/home/airflow/.local/lib/python3.12/site-packages/airflow/utils/session.py", line 97, in wrapper
    return func(*args, session=session, **kwargs)
           ^^^^^^^^^^^^^^^^^^^^^^^^^^^^^^^^^^^^^^
  File "/home/airflow/.local/lib/python3.12/site-packages/airflow/models/taskinstance.py", line 3004, in _run_raw_task
    return _run_raw_task(
           ^^^^^^^^^^^^^^
  File "/home/airflow/.local/lib/python3.12/site-packages/airflow/models/taskinstance.py", line 273, in _run_raw_task
    TaskInstance._execute_task_with_callbacks(
  File "/home/airflow/.local/lib/python3.12/site-packages/airflow/models/taskinstance.py", line 3158, in _execute_task_with_callbacks
    result = self._execute_task(context, task_orig)
             ^^^^^^^^^^^^^^^^^^^^^^^^^^^^^^^^^^^^^^
  File "/home/airflow/.local/lib/python3.12/site-packages/airflow/models/taskinstance.py", line 3182, in _execute_task
    return _execute_task(self, context, task_orig)
           ^^^^^^^^^^^^^^^^^^^^^^^^^^^^^^^^^^^^^^^
  File "/home/airflow/.local/lib/python3.12/site-packages/airflow/models/taskinstance.py", line 767, in _execute_task
    result = _execute_callable(context=context, **execute_callable_kwargs)
             ^^^^^^^^^^^^^^^^^^^^^^^^^^^^^^^^^^^^^^^^^^^^^^^^^^^^^^^^^^^^^
  File "/home/airflow/.local/lib/python3.12/site-packages/airflow/models/taskinstance.py", line 733, in _execute_callable
    return ExecutionCallableRunner(
           ^^^^^^^^^^^^^^^^^^^^^^^^
  File "/home/airflow/.local/lib/python3.12/site-packages/airflow/utils/operator_helpers.py", line 252, in run
    return self.func(*args, **kwargs)
           ^^^^^^^^^^^^^^^^^^^^^^^^^^
  File "/home/airflow/.local/lib/python3.12/site-packages/airflow/models/baseoperator.py", line 406, in wrapper
    return func(self, *args, **kwargs)
           ^^^^^^^^^^^^^^^^^^^^^^^^^^^
  File "/home/airflow/.local/lib/python3.12/site-packages/airflow/providers/apache/spark/operators/spark_submit.py", line 174, in execute
    self._hook.submit(self.application)
  File "/home/airflow/.local/lib/python3.12/site-packages/airflow/providers/apache/spark/hooks/spark_submit.py", line 505, in submit
    raise AirflowException(
airflow.exceptions.AirflowException: Cannot execute: spark-submit --master yarn --conf spark.master=spark://spark:7077 --name arrow-spark --verbose /opt/***/dags/my_spark_app.py. Error code is: 1.
[2024-09-21T00:21:20.303+0000] {local_task_job_runner.py:266} INFO - Task exited with return code 1
[2024-09-21T00:21:20.317+0000] {taskinstance.py:3900} INFO - 0 downstream tasks scheduled from follow-on schedule check
[2024-09-21T00:21:20.321+0000] {local_task_job_runner.py:245} INFO - ::endgroup::
