[2024-10-01T18:33:16.320+0000] {local_task_job_runner.py:123} INFO - ::group::Pre task execution logs
[2024-10-01T18:33:16.344+0000] {taskinstance.py:2612} INFO - Dependencies all met for dep_context=non-requeueable deps ti=<TaskInstance: SitesWebScraping.Await_file_Transformed manual__2024-10-01T18:33:14.158331+00:00 [queued]>
[2024-10-01T18:33:16.354+0000] {taskinstance.py:2612} INFO - Dependencies all met for dep_context=requeueable deps ti=<TaskInstance: SitesWebScraping.Await_file_Transformed manual__2024-10-01T18:33:14.158331+00:00 [queued]>
[2024-10-01T18:33:16.355+0000] {taskinstance.py:2865} INFO - Starting attempt 1 of 1
[2024-10-01T18:33:16.370+0000] {taskinstance.py:2888} INFO - Executing <Task(OperatorFileSensor): Await_file_Transformed> on 2024-10-01 18:33:14.158331+00:00
[2024-10-01T18:33:16.378+0000] {warnings.py:112} WARNING - /home/***/.local/lib/python3.12/site-packages/***/task/task_runner/standard_task_runner.py:70: DeprecationWarning: This process (pid=352) is multi-threaded, use of fork() may lead to deadlocks in the child.
  pid = os.fork()

[2024-10-01T18:33:16.380+0000] {standard_task_runner.py:72} INFO - Started process 353 to run task
[2024-10-01T18:33:16.380+0000] {standard_task_runner.py:104} INFO - Running: ['***', 'tasks', 'run', 'SitesWebScraping', 'Await_file_Transformed', 'manual__2024-10-01T18:33:14.158331+00:00', '--job-id', '605', '--raw', '--subdir', 'DAGS_FOLDER/DagWebScraping.py', '--cfg-path', '/tmp/tmpxs6_ztaa']
[2024-10-01T18:33:16.383+0000] {standard_task_runner.py:105} INFO - Job 605: Subtask Await_file_Transformed
[2024-10-01T18:33:16.440+0000] {task_command.py:467} INFO - Running <TaskInstance: SitesWebScraping.Await_file_Transformed manual__2024-10-01T18:33:14.158331+00:00 [running]> on host eb305769d48a
[2024-10-01T18:33:16.625+0000] {taskinstance.py:3131} INFO - Exporting env vars: AIRFLOW_CTX_DAG_OWNER='***' AIRFLOW_CTX_DAG_ID='SitesWebScraping' AIRFLOW_CTX_TASK_ID='Await_file_Transformed' AIRFLOW_CTX_EXECUTION_DATE='2024-10-01T18:33:14.158331+00:00' AIRFLOW_CTX_TRY_NUMBER='1' AIRFLOW_CTX_DAG_RUN_ID='manual__2024-10-01T18:33:14.158331+00:00'
[2024-10-01T18:33:16.627+0000] {taskinstance.py:731} INFO - ::endgroup::
[2024-10-01T18:33:16.651+0000] {baseoperator.py:405} WARNING - OperatorFileSensor.execute cannot be called outside TaskInstance!
[2024-10-01T18:33:16.662+0000] {logging_mixin.py:190} INFO - ['memoria_k.parquet', 'placa_mae.parquet', 'placa_video_k.parquet', 'processador_k.parquet']
[2024-10-01T18:33:16.662+0000] {logging_mixin.py:190} INFO - TRUE
[2024-10-01T18:33:16.663+0000] {base.py:336} INFO - Success criteria met. Exiting.
[2024-10-01T18:33:16.671+0000] {logging_mixin.py:190} INFO - ['memoria_k.parquet', 'placa_mae.parquet', 'placa_video_k.parquet', 'processador_k.parquet']
[2024-10-01T18:33:16.672+0000] {logging_mixin.py:190} INFO - TRUE
[2024-10-01T18:33:16.680+0000] {taskinstance.py:340} INFO - ::group::Post task execution logs
[2024-10-01T18:33:16.681+0000] {taskinstance.py:352} INFO - Marking task as SUCCESS. dag_id=SitesWebScraping, task_id=Await_file_Transformed, run_id=manual__2024-10-01T18:33:14.158331+00:00, execution_date=20241001T183314, start_date=20241001T183316, end_date=20241001T183316
[2024-10-01T18:33:16.723+0000] {local_task_job_runner.py:266} INFO - Task exited with return code 0
[2024-10-01T18:33:16.745+0000] {taskinstance.py:3900} INFO - 0 downstream tasks scheduled from follow-on schedule check
[2024-10-01T18:33:16.750+0000] {local_task_job_runner.py:245} INFO - ::endgroup::
