[2024-10-15T23:23:20.262+0000] {local_task_job_runner.py:123} INFO - ::group::Pre task execution logs
[2024-10-15T23:23:20.278+0000] {taskinstance.py:2612} INFO - Dependencies all met for dep_context=non-requeueable deps ti=<TaskInstance: LoadWebScraping.spark_submit_task manual__2024-10-15T23:23:18.682513+00:00 [queued]>
[2024-10-15T23:23:20.287+0000] {taskinstance.py:2612} INFO - Dependencies all met for dep_context=requeueable deps ti=<TaskInstance: LoadWebScraping.spark_submit_task manual__2024-10-15T23:23:18.682513+00:00 [queued]>
[2024-10-15T23:23:20.288+0000] {taskinstance.py:2865} INFO - Starting attempt 1 of 1
[2024-10-15T23:23:20.303+0000] {taskinstance.py:2888} INFO - Executing <Task(SparkSubmitOperator): spark_submit_task> on 2024-10-15 23:23:18.682513+00:00
[2024-10-15T23:23:20.308+0000] {warnings.py:112} WARNING - /home/***/.local/lib/python3.12/site-packages/***/task/task_runner/standard_task_runner.py:70: DeprecationWarning: This process (pid=671) is multi-threaded, use of fork() may lead to deadlocks in the child.
  pid = os.fork()

[2024-10-15T23:23:20.310+0000] {standard_task_runner.py:72} INFO - Started process 673 to run task
[2024-10-15T23:23:20.310+0000] {standard_task_runner.py:104} INFO - Running: ['***', 'tasks', 'run', 'LoadWebScraping', 'spark_submit_task', 'manual__2024-10-15T23:23:18.682513+00:00', '--job-id', '68', '--raw', '--subdir', 'DAGS_FOLDER/LoadWebScraping.py', '--cfg-path', '/tmp/tmp_2mngafv']
[2024-10-15T23:23:20.313+0000] {standard_task_runner.py:105} INFO - Job 68: Subtask spark_submit_task
[2024-10-15T23:23:20.361+0000] {task_command.py:467} INFO - Running <TaskInstance: LoadWebScraping.spark_submit_task manual__2024-10-15T23:23:18.682513+00:00 [running]> on host d729c3258121
[2024-10-15T23:23:20.638+0000] {taskinstance.py:3131} INFO - Exporting env vars: AIRFLOW_CTX_DAG_OWNER='***' AIRFLOW_CTX_DAG_ID='LoadWebScraping' AIRFLOW_CTX_TASK_ID='spark_submit_task' AIRFLOW_CTX_EXECUTION_DATE='2024-10-15T23:23:18.682513+00:00' AIRFLOW_CTX_TRY_NUMBER='1' AIRFLOW_CTX_DAG_RUN_ID='manual__2024-10-15T23:23:18.682513+00:00'
[2024-10-15T23:23:20.639+0000] {taskinstance.py:731} INFO - ::endgroup::
[2024-10-15T23:23:20.657+0000] {base.py:84} INFO - Retrieving connection 'spark_default'
[2024-10-15T23:23:20.658+0000] {spark_submit.py:327} ERROR - Failed to decode base64 keytab: Incorrect padding
[2024-10-15T23:23:20.658+0000] {spark_submit.py:304} INFO - Could not load connection string spark_default, defaulting to spark://spark:7077
[2024-10-15T23:23:20.660+0000] {spark_submit.py:473} INFO - Spark-Submit cmd: spark-submit --master spark://spark:7077 --driver-class-path /opt/bitnami/spark/jars/postgresql-42.5.0.jar --jars /opt/bitnami/spark/jars/postgresql-42.5.0.jar --name arrow-spark --verbose --deploy-mode client /opt/bitnami/spark/src/scripts_spark/LoadFileToDB.py
[2024-10-15T23:23:22.096+0000] {spark_submit.py:649} INFO - Using properties file: null
[2024-10-15T23:23:22.206+0000] {spark_submit.py:649} INFO - Parsed arguments:
[2024-10-15T23:23:22.208+0000] {spark_submit.py:649} INFO - master                  spark://spark:7077
[2024-10-15T23:23:22.209+0000] {spark_submit.py:649} INFO - remote                  null
[2024-10-15T23:23:22.210+0000] {spark_submit.py:649} INFO - deployMode              client
[2024-10-15T23:23:22.212+0000] {spark_submit.py:649} INFO - executorMemory          null
[2024-10-15T23:23:22.213+0000] {spark_submit.py:649} INFO - executorCores           null
[2024-10-15T23:23:22.213+0000] {spark_submit.py:649} INFO - totalExecutorCores      null
[2024-10-15T23:23:22.214+0000] {spark_submit.py:649} INFO - propertiesFile          null
[2024-10-15T23:23:22.214+0000] {spark_submit.py:649} INFO - driverMemory            null
[2024-10-15T23:23:22.215+0000] {spark_submit.py:649} INFO - driverCores             null
[2024-10-15T23:23:22.215+0000] {spark_submit.py:649} INFO - driverExtraClassPath    /opt/bitnami/spark/jars/postgresql-42.5.0.jar
[2024-10-15T23:23:22.216+0000] {spark_submit.py:649} INFO - driverExtraLibraryPath  null
[2024-10-15T23:23:22.216+0000] {spark_submit.py:649} INFO - driverExtraJavaOptions  null
[2024-10-15T23:23:22.217+0000] {spark_submit.py:649} INFO - supervise               false
[2024-10-15T23:23:22.222+0000] {spark_submit.py:649} INFO - queue                   null
[2024-10-15T23:23:22.224+0000] {spark_submit.py:649} INFO - numExecutors            null
[2024-10-15T23:23:22.224+0000] {spark_submit.py:649} INFO - files                   null
[2024-10-15T23:23:22.225+0000] {spark_submit.py:649} INFO - pyFiles                 null
[2024-10-15T23:23:22.227+0000] {spark_submit.py:649} INFO - archives                null
[2024-10-15T23:23:22.227+0000] {spark_submit.py:649} INFO - mainClass               null
[2024-10-15T23:23:22.228+0000] {spark_submit.py:649} INFO - primaryResource         file:/opt/bitnami/spark/src/scripts_spark/LoadFileToDB.py
[2024-10-15T23:23:22.228+0000] {spark_submit.py:649} INFO - name                    arrow-spark
[2024-10-15T23:23:22.228+0000] {spark_submit.py:649} INFO - childArgs               []
[2024-10-15T23:23:22.229+0000] {spark_submit.py:649} INFO - jars                    file:/opt/bitnami/spark/jars/postgresql-42.5.0.jar
[2024-10-15T23:23:22.229+0000] {spark_submit.py:649} INFO - packages                null
[2024-10-15T23:23:22.231+0000] {spark_submit.py:649} INFO - packagesExclusions      null
[2024-10-15T23:23:22.232+0000] {spark_submit.py:649} INFO - repositories            null
[2024-10-15T23:23:22.235+0000] {spark_submit.py:649} INFO - verbose                 true
[2024-10-15T23:23:22.237+0000] {spark_submit.py:649} INFO - 
[2024-10-15T23:23:22.237+0000] {spark_submit.py:649} INFO - Spark properties used, including those specified through
[2024-10-15T23:23:22.239+0000] {spark_submit.py:649} INFO - --conf and those from the properties file null:
[2024-10-15T23:23:22.240+0000] {spark_submit.py:649} INFO - (spark.driver.extraClassPath,/opt/bitnami/spark/jars/postgresql-42.5.0.jar)
[2024-10-15T23:23:22.241+0000] {spark_submit.py:649} INFO - 
[2024-10-15T23:23:22.244+0000] {spark_submit.py:649} INFO - 
[2024-10-15T23:23:22.601+0000] {spark_submit.py:649} INFO - 24/10/15 23:23:22 WARN NativeCodeLoader: Unable to load native-hadoop library for your platform... using builtin-java classes where applicable
[2024-10-15T23:23:22.747+0000] {spark_submit.py:649} INFO - Main class:
[2024-10-15T23:23:22.748+0000] {spark_submit.py:649} INFO - org.apache.spark.deploy.PythonRunner
[2024-10-15T23:23:22.748+0000] {spark_submit.py:649} INFO - Arguments:
[2024-10-15T23:23:22.749+0000] {spark_submit.py:649} INFO - file:/opt/bitnami/spark/src/scripts_spark/LoadFileToDB.py
[2024-10-15T23:23:22.749+0000] {spark_submit.py:649} INFO - null
[2024-10-15T23:23:22.750+0000] {spark_submit.py:649} INFO - Spark config:
[2024-10-15T23:23:22.751+0000] {spark_submit.py:649} INFO - (spark.app.name,arrow-spark)
[2024-10-15T23:23:22.751+0000] {spark_submit.py:649} INFO - (spark.app.submitTime,1729034602733)
[2024-10-15T23:23:22.752+0000] {spark_submit.py:649} INFO - (spark.driver.extraClassPath,/opt/bitnami/spark/jars/postgresql-42.5.0.jar)
[2024-10-15T23:23:22.752+0000] {spark_submit.py:649} INFO - (spark.jars,file:/opt/bitnami/spark/jars/postgresql-42.5.0.jar)
[2024-10-15T23:23:22.752+0000] {spark_submit.py:649} INFO - (spark.master,spark://spark:7077)
[2024-10-15T23:23:22.753+0000] {spark_submit.py:649} INFO - (spark.repl.local.jars,file:/opt/bitnami/spark/jars/postgresql-42.5.0.jar)
[2024-10-15T23:23:22.753+0000] {spark_submit.py:649} INFO - (spark.submit.deployMode,client)
[2024-10-15T23:23:22.754+0000] {spark_submit.py:649} INFO - (spark.submit.pyFiles,)
[2024-10-15T23:23:22.754+0000] {spark_submit.py:649} INFO - Classpath elements:
[2024-10-15T23:23:22.754+0000] {spark_submit.py:649} INFO - file:/opt/bitnami/spark/jars/postgresql-42.5.0.jar
[2024-10-15T23:23:22.755+0000] {spark_submit.py:649} INFO - 
[2024-10-15T23:23:22.755+0000] {spark_submit.py:649} INFO - 
[2024-10-15T23:23:22.756+0000] {spark_submit.py:649} INFO - 24/10/15 23:23:22 WARN DependencyUtils: Local jar /opt/bitnami/spark/jars/postgresql-42.5.0.jar does not exist, skipping.
[2024-10-15T23:23:23.885+0000] {spark_submit.py:649} INFO - 24/10/15 23:23:23 INFO SparkContext: Running Spark version 3.5.2
[2024-10-15T23:23:23.886+0000] {spark_submit.py:649} INFO - 24/10/15 23:23:23 INFO SparkContext: OS info Linux, 5.15.153.1-microsoft-standard-WSL2, amd64
[2024-10-15T23:23:23.886+0000] {spark_submit.py:649} INFO - 24/10/15 23:23:23 INFO SparkContext: Java version 17.0.12
[2024-10-15T23:23:23.908+0000] {spark_submit.py:649} INFO - 24/10/15 23:23:23 INFO ResourceUtils: ==============================================================
[2024-10-15T23:23:23.909+0000] {spark_submit.py:649} INFO - 24/10/15 23:23:23 INFO ResourceUtils: No custom resources configured for spark.driver.
[2024-10-15T23:23:23.909+0000] {spark_submit.py:649} INFO - 24/10/15 23:23:23 INFO ResourceUtils: ==============================================================
[2024-10-15T23:23:23.910+0000] {spark_submit.py:649} INFO - 24/10/15 23:23:23 INFO SparkContext: Submitted application: Test PostgreSQL Connection
[2024-10-15T23:23:23.926+0000] {spark_submit.py:649} INFO - 24/10/15 23:23:23 INFO ResourceProfile: Default ResourceProfile created, executor resources: Map(memory -> name: memory, amount: 1024, script: , vendor: , offHeap -> name: offHeap, amount: 0, script: , vendor: ), task resources: Map(cpus -> name: cpus, amount: 1.0)
[2024-10-15T23:23:23.934+0000] {spark_submit.py:649} INFO - 24/10/15 23:23:23 INFO ResourceProfile: Limiting resource is cpu
[2024-10-15T23:23:23.934+0000] {spark_submit.py:649} INFO - 24/10/15 23:23:23 INFO ResourceProfileManager: Added ResourceProfile id: 0
[2024-10-15T23:23:23.974+0000] {spark_submit.py:649} INFO - 24/10/15 23:23:23 INFO SecurityManager: Changing view acls to: ***
[2024-10-15T23:23:23.975+0000] {spark_submit.py:649} INFO - 24/10/15 23:23:23 INFO SecurityManager: Changing modify acls to: ***
[2024-10-15T23:23:23.975+0000] {spark_submit.py:649} INFO - 24/10/15 23:23:23 INFO SecurityManager: Changing view acls groups to:
[2024-10-15T23:23:23.976+0000] {spark_submit.py:649} INFO - 24/10/15 23:23:23 INFO SecurityManager: Changing modify acls groups to:
[2024-10-15T23:23:23.977+0000] {spark_submit.py:649} INFO - 24/10/15 23:23:23 INFO SecurityManager: SecurityManager: authentication disabled; ui acls disabled; users with view permissions: ***; groups with view permissions: EMPTY; users with modify permissions: ***; groups with modify permissions: EMPTY
[2024-10-15T23:23:24.138+0000] {spark_submit.py:649} INFO - 24/10/15 23:23:24 INFO Utils: Successfully started service 'sparkDriver' on port 41447.
[2024-10-15T23:23:24.160+0000] {spark_submit.py:649} INFO - 24/10/15 23:23:24 INFO SparkEnv: Registering MapOutputTracker
[2024-10-15T23:23:24.187+0000] {spark_submit.py:649} INFO - 24/10/15 23:23:24 INFO SparkEnv: Registering BlockManagerMaster
[2024-10-15T23:23:24.199+0000] {spark_submit.py:649} INFO - 24/10/15 23:23:24 INFO BlockManagerMasterEndpoint: Using org.apache.spark.storage.DefaultTopologyMapper for getting topology information
[2024-10-15T23:23:24.200+0000] {spark_submit.py:649} INFO - 24/10/15 23:23:24 INFO BlockManagerMasterEndpoint: BlockManagerMasterEndpoint up
[2024-10-15T23:23:24.203+0000] {spark_submit.py:649} INFO - 24/10/15 23:23:24 INFO SparkEnv: Registering BlockManagerMasterHeartbeat
[2024-10-15T23:23:24.219+0000] {spark_submit.py:649} INFO - 24/10/15 23:23:24 INFO DiskBlockManager: Created local directory at /tmp/blockmgr-c5e496c7-75f7-4228-a98a-55ad4ef51eaa
[2024-10-15T23:23:24.229+0000] {spark_submit.py:649} INFO - 24/10/15 23:23:24 INFO MemoryStore: MemoryStore started with capacity 434.4 MiB
[2024-10-15T23:23:24.248+0000] {spark_submit.py:649} INFO - 24/10/15 23:23:24 INFO SparkEnv: Registering OutputCommitCoordinator
[2024-10-15T23:23:24.341+0000] {spark_submit.py:649} INFO - 24/10/15 23:23:24 INFO JettyUtils: Start Jetty 0.0.0.0:4040 for SparkUI
[2024-10-15T23:23:24.398+0000] {spark_submit.py:649} INFO - 24/10/15 23:23:24 INFO Utils: Successfully started service 'SparkUI' on port 4040.
[2024-10-15T23:23:24.430+0000] {spark_submit.py:649} INFO - 24/10/15 23:23:24 ERROR SparkContext: Failed to add /opt/bitnami/spark/jars/postgresql-42.5.0.jar to Spark environment
[2024-10-15T23:23:24.430+0000] {spark_submit.py:649} INFO - java.io.FileNotFoundException: Jar /opt/bitnami/spark/jars/postgresql-42.5.0.jar not found
[2024-10-15T23:23:24.431+0000] {spark_submit.py:649} INFO - at org.apache.spark.SparkContext.addLocalJarFile$1(SparkContext.scala:2095)
[2024-10-15T23:23:24.431+0000] {spark_submit.py:649} INFO - at org.apache.spark.SparkContext.addJar(SparkContext.scala:2151)
[2024-10-15T23:23:24.431+0000] {spark_submit.py:649} INFO - at org.apache.spark.SparkContext.$anonfun$new$15(SparkContext.scala:521)
[2024-10-15T23:23:24.432+0000] {spark_submit.py:649} INFO - at org.apache.spark.SparkContext.$anonfun$new$15$adapted(SparkContext.scala:521)
[2024-10-15T23:23:24.432+0000] {spark_submit.py:649} INFO - at scala.collection.mutable.ResizableArray.foreach(ResizableArray.scala:62)
[2024-10-15T23:23:24.432+0000] {spark_submit.py:649} INFO - at scala.collection.mutable.ResizableArray.foreach$(ResizableArray.scala:55)
[2024-10-15T23:23:24.433+0000] {spark_submit.py:649} INFO - at scala.collection.mutable.ArrayBuffer.foreach(ArrayBuffer.scala:49)
[2024-10-15T23:23:24.433+0000] {spark_submit.py:649} INFO - at org.apache.spark.SparkContext.<init>(SparkContext.scala:521)
[2024-10-15T23:23:24.433+0000] {spark_submit.py:649} INFO - at org.apache.spark.api.java.JavaSparkContext.<init>(JavaSparkContext.scala:58)
[2024-10-15T23:23:24.434+0000] {spark_submit.py:649} INFO - at java.base/jdk.internal.reflect.NativeConstructorAccessorImpl.newInstance0(Native Method)
[2024-10-15T23:23:24.434+0000] {spark_submit.py:649} INFO - at java.base/jdk.internal.reflect.NativeConstructorAccessorImpl.newInstance(NativeConstructorAccessorImpl.java:77)
[2024-10-15T23:23:24.434+0000] {spark_submit.py:649} INFO - at java.base/jdk.internal.reflect.DelegatingConstructorAccessorImpl.newInstance(DelegatingConstructorAccessorImpl.java:45)
[2024-10-15T23:23:24.435+0000] {spark_submit.py:649} INFO - at java.base/java.lang.reflect.Constructor.newInstanceWithCaller(Constructor.java:500)
[2024-10-15T23:23:24.435+0000] {spark_submit.py:649} INFO - at java.base/java.lang.reflect.Constructor.newInstance(Constructor.java:481)
[2024-10-15T23:23:24.435+0000] {spark_submit.py:649} INFO - at py4j.reflection.MethodInvoker.invoke(MethodInvoker.java:247)
[2024-10-15T23:23:24.436+0000] {spark_submit.py:649} INFO - at py4j.reflection.ReflectionEngine.invoke(ReflectionEngine.java:374)
[2024-10-15T23:23:24.436+0000] {spark_submit.py:649} INFO - at py4j.Gateway.invoke(Gateway.java:238)
[2024-10-15T23:23:24.437+0000] {spark_submit.py:649} INFO - at py4j.commands.ConstructorCommand.invokeConstructor(ConstructorCommand.java:80)
[2024-10-15T23:23:24.437+0000] {spark_submit.py:649} INFO - at py4j.commands.ConstructorCommand.execute(ConstructorCommand.java:69)
[2024-10-15T23:23:24.437+0000] {spark_submit.py:649} INFO - at py4j.ClientServerConnection.waitForCommands(ClientServerConnection.java:182)
[2024-10-15T23:23:24.437+0000] {spark_submit.py:649} INFO - at py4j.ClientServerConnection.run(ClientServerConnection.java:106)
[2024-10-15T23:23:24.438+0000] {spark_submit.py:649} INFO - at java.base/java.lang.Thread.run(Thread.java:840)
[2024-10-15T23:23:24.536+0000] {spark_submit.py:649} INFO - 24/10/15 23:23:24 INFO StandaloneAppClient$ClientEndpoint: Connecting to master spark://spark:7077...
[2024-10-15T23:23:24.578+0000] {spark_submit.py:649} INFO - 24/10/15 23:23:24 INFO TransportClientFactory: Successfully created connection to spark/172.18.0.4:7077 after 23 ms (0 ms spent in bootstraps)
[2024-10-15T23:23:24.656+0000] {spark_submit.py:649} INFO - 24/10/15 23:23:24 INFO StandaloneSchedulerBackend: Connected to Spark cluster with app ID app-20241015232324-0007
[2024-10-15T23:23:24.657+0000] {spark_submit.py:649} INFO - 24/10/15 23:23:24 INFO StandaloneAppClient$ClientEndpoint: Executor added: app-20241015232324-0007/0 on worker-20241015230947-172.18.0.6-33069 (172.18.0.6:33069) with 6 core(s)
[2024-10-15T23:23:24.660+0000] {spark_submit.py:649} INFO - 24/10/15 23:23:24 INFO StandaloneSchedulerBackend: Granted executor ID app-20241015232324-0007/0 on hostPort 172.18.0.6:33069 with 6 core(s), 1024.0 MiB RAM
[2024-10-15T23:23:24.667+0000] {spark_submit.py:649} INFO - 24/10/15 23:23:24 INFO Utils: Successfully started service 'org.apache.spark.network.netty.NettyBlockTransferService' on port 36951.
[2024-10-15T23:23:24.667+0000] {spark_submit.py:649} INFO - 24/10/15 23:23:24 INFO NettyBlockTransferService: Server created on d729c3258121:36951
[2024-10-15T23:23:24.669+0000] {spark_submit.py:649} INFO - 24/10/15 23:23:24 INFO BlockManager: Using org.apache.spark.storage.RandomBlockReplicationPolicy for block replication policy
[2024-10-15T23:23:24.675+0000] {spark_submit.py:649} INFO - 24/10/15 23:23:24 INFO BlockManagerMaster: Registering BlockManager BlockManagerId(driver, d729c3258121, 36951, None)
[2024-10-15T23:23:24.681+0000] {spark_submit.py:649} INFO - 24/10/15 23:23:24 INFO BlockManagerMasterEndpoint: Registering block manager d729c3258121:36951 with 434.4 MiB RAM, BlockManagerId(driver, d729c3258121, 36951, None)
[2024-10-15T23:23:24.683+0000] {spark_submit.py:649} INFO - 24/10/15 23:23:24 INFO BlockManagerMaster: Registered BlockManager BlockManagerId(driver, d729c3258121, 36951, None)
[2024-10-15T23:23:24.691+0000] {spark_submit.py:649} INFO - 24/10/15 23:23:24 INFO BlockManager: Initialized BlockManager: BlockManagerId(driver, d729c3258121, 36951, None)
[2024-10-15T23:23:24.700+0000] {spark_submit.py:649} INFO - 24/10/15 23:23:24 INFO StandaloneAppClient$ClientEndpoint: Executor updated: app-20241015232324-0007/0 is now RUNNING
[2024-10-15T23:23:24.879+0000] {spark_submit.py:649} INFO - 24/10/15 23:23:24 INFO StandaloneSchedulerBackend: SchedulerBackend is ready for scheduling beginning after reached minRegisteredResourcesRatio: 0.0
[2024-10-15T23:23:25.085+0000] {spark_submit.py:649} INFO - 24/10/15 23:23:25 INFO SharedState: Setting hive.metastore.warehouse.dir ('null') to the value of spark.sql.warehouse.dir.
[2024-10-15T23:23:25.086+0000] {spark_submit.py:649} INFO - 24/10/15 23:23:25 INFO SharedState: Warehouse path is 'file:/opt/***/spark-warehouse'.
[2024-10-15T23:23:25.991+0000] {spark_submit.py:649} INFO - Traceback (most recent call last):
[2024-10-15T23:23:25.992+0000] {spark_submit.py:649} INFO - File "/opt/bitnami/spark/src/scripts_spark/LoadFileToDB.py", line 22, in <module>
[2024-10-15T23:23:25.993+0000] {spark_submit.py:649} INFO - .load()
[2024-10-15T23:23:25.994+0000] {spark_submit.py:649} INFO - ^^^^^^
[2024-10-15T23:23:25.994+0000] {spark_submit.py:649} INFO - File "/home/***/.local/lib/python3.12/site-packages/pyspark/python/lib/pyspark.zip/pyspark/sql/readwriter.py", line 314, in load
[2024-10-15T23:23:25.995+0000] {spark_submit.py:649} INFO - File "/home/***/.local/lib/python3.12/site-packages/pyspark/python/lib/py4j-0.10.9.7-src.zip/py4j/java_gateway.py", line 1322, in __call__
[2024-10-15T23:23:25.996+0000] {spark_submit.py:649} INFO - File "/home/***/.local/lib/python3.12/site-packages/pyspark/python/lib/pyspark.zip/pyspark/errors/exceptions/captured.py", line 179, in deco
[2024-10-15T23:23:25.996+0000] {spark_submit.py:649} INFO - File "/home/***/.local/lib/python3.12/site-packages/pyspark/python/lib/py4j-0.10.9.7-src.zip/py4j/protocol.py", line 326, in get_return_value
[2024-10-15T23:23:26.011+0000] {spark_submit.py:649} INFO - py4j.protocol.Py4JJavaError: An error occurred while calling o33.load.
[2024-10-15T23:23:26.011+0000] {spark_submit.py:649} INFO - : java.sql.SQLException: No suitable driver
[2024-10-15T23:23:26.012+0000] {spark_submit.py:649} INFO - at java.sql/java.sql.DriverManager.getDriver(DriverManager.java:299)
[2024-10-15T23:23:26.012+0000] {spark_submit.py:649} INFO - at org.apache.spark.sql.execution.datasources.jdbc.JDBCOptions.$anonfun$driverClass$2(JDBCOptions.scala:109)
[2024-10-15T23:23:26.013+0000] {spark_submit.py:649} INFO - at scala.Option.getOrElse(Option.scala:189)
[2024-10-15T23:23:26.013+0000] {spark_submit.py:649} INFO - at org.apache.spark.sql.execution.datasources.jdbc.JDBCOptions.<init>(JDBCOptions.scala:109)
[2024-10-15T23:23:26.013+0000] {spark_submit.py:649} INFO - at org.apache.spark.sql.execution.datasources.jdbc.JDBCOptions.<init>(JDBCOptions.scala:41)
[2024-10-15T23:23:26.014+0000] {spark_submit.py:649} INFO - at org.apache.spark.sql.execution.datasources.jdbc.JdbcRelationProvider.createRelation(JdbcRelationProvider.scala:34)
[2024-10-15T23:23:26.015+0000] {spark_submit.py:649} INFO - at org.apache.spark.sql.execution.datasources.DataSource.resolveRelation(DataSource.scala:346)
[2024-10-15T23:23:26.015+0000] {spark_submit.py:649} INFO - at org.apache.spark.sql.DataFrameReader.loadV1Source(DataFrameReader.scala:229)
[2024-10-15T23:23:26.016+0000] {spark_submit.py:649} INFO - at org.apache.spark.sql.DataFrameReader.$anonfun$load$2(DataFrameReader.scala:211)
[2024-10-15T23:23:26.016+0000] {spark_submit.py:649} INFO - at scala.Option.getOrElse(Option.scala:189)
[2024-10-15T23:23:26.017+0000] {spark_submit.py:649} INFO - at org.apache.spark.sql.DataFrameReader.load(DataFrameReader.scala:211)
[2024-10-15T23:23:26.017+0000] {spark_submit.py:649} INFO - at org.apache.spark.sql.DataFrameReader.load(DataFrameReader.scala:172)
[2024-10-15T23:23:26.018+0000] {spark_submit.py:649} INFO - at java.base/jdk.internal.reflect.NativeMethodAccessorImpl.invoke0(Native Method)
[2024-10-15T23:23:26.019+0000] {spark_submit.py:649} INFO - at java.base/jdk.internal.reflect.NativeMethodAccessorImpl.invoke(NativeMethodAccessorImpl.java:77)
[2024-10-15T23:23:26.020+0000] {spark_submit.py:649} INFO - at java.base/jdk.internal.reflect.DelegatingMethodAccessorImpl.invoke(DelegatingMethodAccessorImpl.java:43)
[2024-10-15T23:23:26.020+0000] {spark_submit.py:649} INFO - at java.base/java.lang.reflect.Method.invoke(Method.java:569)
[2024-10-15T23:23:26.021+0000] {spark_submit.py:649} INFO - at py4j.reflection.MethodInvoker.invoke(MethodInvoker.java:244)
[2024-10-15T23:23:26.021+0000] {spark_submit.py:649} INFO - at py4j.reflection.ReflectionEngine.invoke(ReflectionEngine.java:374)
[2024-10-15T23:23:26.022+0000] {spark_submit.py:649} INFO - at py4j.Gateway.invoke(Gateway.java:282)
[2024-10-15T23:23:26.023+0000] {spark_submit.py:649} INFO - at py4j.commands.AbstractCommand.invokeMethod(AbstractCommand.java:132)
[2024-10-15T23:23:26.023+0000] {spark_submit.py:649} INFO - at py4j.commands.CallCommand.execute(CallCommand.java:79)
[2024-10-15T23:23:26.024+0000] {spark_submit.py:649} INFO - at py4j.ClientServerConnection.waitForCommands(ClientServerConnection.java:182)
[2024-10-15T23:23:26.025+0000] {spark_submit.py:649} INFO - at py4j.ClientServerConnection.run(ClientServerConnection.java:106)
[2024-10-15T23:23:26.026+0000] {spark_submit.py:649} INFO - at java.base/java.lang.Thread.run(Thread.java:840)
[2024-10-15T23:23:26.026+0000] {spark_submit.py:649} INFO - 
[2024-10-15T23:23:26.064+0000] {spark_submit.py:649} INFO - 24/10/15 23:23:26 INFO SparkContext: Invoking stop() from shutdown hook
[2024-10-15T23:23:26.065+0000] {spark_submit.py:649} INFO - 24/10/15 23:23:26 INFO SparkContext: SparkContext is stopping with exitCode 0.
[2024-10-15T23:23:26.076+0000] {spark_submit.py:649} INFO - 24/10/15 23:23:26 INFO SparkUI: Stopped Spark web UI at http://d729c3258121:4040
[2024-10-15T23:23:26.089+0000] {spark_submit.py:649} INFO - 24/10/15 23:23:26 INFO StandaloneSchedulerBackend: Shutting down all executors
[2024-10-15T23:23:26.090+0000] {spark_submit.py:649} INFO - 24/10/15 23:23:26 INFO StandaloneSchedulerBackend$StandaloneDriverEndpoint: Asking each executor to shut down
[2024-10-15T23:23:26.114+0000] {spark_submit.py:649} INFO - 24/10/15 23:23:26 INFO MapOutputTrackerMasterEndpoint: MapOutputTrackerMasterEndpoint stopped!
[2024-10-15T23:23:26.127+0000] {spark_submit.py:649} INFO - 24/10/15 23:23:26 INFO MemoryStore: MemoryStore cleared
[2024-10-15T23:23:26.128+0000] {spark_submit.py:649} INFO - 24/10/15 23:23:26 INFO BlockManager: BlockManager stopped
[2024-10-15T23:23:26.132+0000] {spark_submit.py:649} INFO - 24/10/15 23:23:26 INFO BlockManagerMaster: BlockManagerMaster stopped
[2024-10-15T23:23:26.134+0000] {spark_submit.py:649} INFO - 24/10/15 23:23:26 INFO OutputCommitCoordinator$OutputCommitCoordinatorEndpoint: OutputCommitCoordinator stopped!
[2024-10-15T23:23:26.143+0000] {spark_submit.py:649} INFO - 24/10/15 23:23:26 INFO SparkContext: Successfully stopped SparkContext
[2024-10-15T23:23:26.143+0000] {spark_submit.py:649} INFO - 24/10/15 23:23:26 INFO ShutdownHookManager: Shutdown hook called
[2024-10-15T23:23:26.144+0000] {spark_submit.py:649} INFO - 24/10/15 23:23:26 INFO ShutdownHookManager: Deleting directory /tmp/spark-435db717-8776-499f-a521-183ac1adbd66
[2024-10-15T23:23:26.148+0000] {spark_submit.py:649} INFO - 24/10/15 23:23:26 INFO ShutdownHookManager: Deleting directory /tmp/spark-aed1dbfa-a51c-4ccc-a12a-11bc59596faf/pyspark-eb268a1d-c8cf-4752-bbc2-dd3326b880cb
[2024-10-15T23:23:26.153+0000] {spark_submit.py:649} INFO - 24/10/15 23:23:26 INFO ShutdownHookManager: Deleting directory /tmp/spark-aed1dbfa-a51c-4ccc-a12a-11bc59596faf
[2024-10-15T23:23:26.183+0000] {taskinstance.py:3310} ERROR - Task failed with exception
Traceback (most recent call last):
  File "/home/airflow/.local/lib/python3.12/site-packages/airflow/models/taskinstance.py", line 767, in _execute_task
    result = _execute_callable(context=context, **execute_callable_kwargs)
             ^^^^^^^^^^^^^^^^^^^^^^^^^^^^^^^^^^^^^^^^^^^^^^^^^^^^^^^^^^^^^
  File "/home/airflow/.local/lib/python3.12/site-packages/airflow/models/taskinstance.py", line 733, in _execute_callable
    return ExecutionCallableRunner(
           ^^^^^^^^^^^^^^^^^^^^^^^^
  File "/home/airflow/.local/lib/python3.12/site-packages/airflow/utils/operator_helpers.py", line 252, in run
    return self.func(*args, **kwargs)
           ^^^^^^^^^^^^^^^^^^^^^^^^^^
  File "/home/airflow/.local/lib/python3.12/site-packages/airflow/models/baseoperator.py", line 406, in wrapper
    return func(self, *args, **kwargs)
           ^^^^^^^^^^^^^^^^^^^^^^^^^^^
  File "/home/airflow/.local/lib/python3.12/site-packages/airflow/providers/apache/spark/operators/spark_submit.py", line 176, in execute
    self._hook.submit(self.application)
  File "/home/airflow/.local/lib/python3.12/site-packages/airflow/providers/apache/spark/hooks/spark_submit.py", line 575, in submit
    raise AirflowException(
airflow.exceptions.AirflowException: Cannot execute: spark-submit --master spark://spark:7077 --driver-class-path /opt/bitnami/spark/jars/postgresql-42.5.0.jar --jars /opt/bitnami/spark/jars/postgresql-42.5.0.jar --name arrow-spark --verbose --deploy-mode client /opt/bitnami/spark/src/scripts_spark/LoadFileToDB.py. Error code is: 1.
[2024-10-15T23:23:26.187+0000] {taskinstance.py:1225} INFO - Marking task as FAILED. dag_id=LoadWebScraping, task_id=spark_submit_task, run_id=manual__2024-10-15T23:23:18.682513+00:00, execution_date=20241015T232318, start_date=20241015T232320, end_date=20241015T232326
[2024-10-15T23:23:26.200+0000] {taskinstance.py:340} INFO - ::group::Post task execution logs
[2024-10-15T23:23:26.200+0000] {standard_task_runner.py:124} ERROR - Failed to execute job 68 for task spark_submit_task (Cannot execute: spark-submit --master spark://spark:7077 --driver-class-path /opt/bitnami/spark/jars/postgresql-42.5.0.jar --jars /opt/bitnami/spark/jars/postgresql-42.5.0.jar --name arrow-spark --verbose --deploy-mode client /opt/bitnami/spark/src/scripts_spark/LoadFileToDB.py. Error code is: 1.; 673)
Traceback (most recent call last):
  File "/home/airflow/.local/lib/python3.12/site-packages/airflow/task/task_runner/standard_task_runner.py", line 117, in _start_by_fork
    ret = args.func(args, dag=self.dag)
          ^^^^^^^^^^^^^^^^^^^^^^^^^^^^^
  File "/home/airflow/.local/lib/python3.12/site-packages/airflow/cli/cli_config.py", line 49, in command
    return func(*args, **kwargs)
           ^^^^^^^^^^^^^^^^^^^^^
  File "/home/airflow/.local/lib/python3.12/site-packages/airflow/utils/cli.py", line 115, in wrapper
    return f(*args, **kwargs)
           ^^^^^^^^^^^^^^^^^^
  File "/home/airflow/.local/lib/python3.12/site-packages/airflow/cli/commands/task_command.py", line 483, in task_run
    task_return_code = _run_task_by_selected_method(args, _dag, ti)
                       ^^^^^^^^^^^^^^^^^^^^^^^^^^^^^^^^^^^^^^^^^^^^
  File "/home/airflow/.local/lib/python3.12/site-packages/airflow/cli/commands/task_command.py", line 256, in _run_task_by_selected_method
    return _run_raw_task(args, ti)
           ^^^^^^^^^^^^^^^^^^^^^^^
  File "/home/airflow/.local/lib/python3.12/site-packages/airflow/cli/commands/task_command.py", line 341, in _run_raw_task
    return ti._run_raw_task(
           ^^^^^^^^^^^^^^^^^
  File "/home/airflow/.local/lib/python3.12/site-packages/airflow/utils/session.py", line 97, in wrapper
    return func(*args, session=session, **kwargs)
           ^^^^^^^^^^^^^^^^^^^^^^^^^^^^^^^^^^^^^^
  File "/home/airflow/.local/lib/python3.12/site-packages/airflow/models/taskinstance.py", line 3004, in _run_raw_task
    return _run_raw_task(
           ^^^^^^^^^^^^^^
  File "/home/airflow/.local/lib/python3.12/site-packages/airflow/models/taskinstance.py", line 273, in _run_raw_task
    TaskInstance._execute_task_with_callbacks(
  File "/home/airflow/.local/lib/python3.12/site-packages/airflow/models/taskinstance.py", line 3158, in _execute_task_with_callbacks
    result = self._execute_task(context, task_orig)
             ^^^^^^^^^^^^^^^^^^^^^^^^^^^^^^^^^^^^^^
  File "/home/airflow/.local/lib/python3.12/site-packages/airflow/models/taskinstance.py", line 3182, in _execute_task
    return _execute_task(self, context, task_orig)
           ^^^^^^^^^^^^^^^^^^^^^^^^^^^^^^^^^^^^^^^
  File "/home/airflow/.local/lib/python3.12/site-packages/airflow/models/taskinstance.py", line 767, in _execute_task
    result = _execute_callable(context=context, **execute_callable_kwargs)
             ^^^^^^^^^^^^^^^^^^^^^^^^^^^^^^^^^^^^^^^^^^^^^^^^^^^^^^^^^^^^^
  File "/home/airflow/.local/lib/python3.12/site-packages/airflow/models/taskinstance.py", line 733, in _execute_callable
    return ExecutionCallableRunner(
           ^^^^^^^^^^^^^^^^^^^^^^^^
  File "/home/airflow/.local/lib/python3.12/site-packages/airflow/utils/operator_helpers.py", line 252, in run
    return self.func(*args, **kwargs)
           ^^^^^^^^^^^^^^^^^^^^^^^^^^
  File "/home/airflow/.local/lib/python3.12/site-packages/airflow/models/baseoperator.py", line 406, in wrapper
    return func(self, *args, **kwargs)
           ^^^^^^^^^^^^^^^^^^^^^^^^^^^
  File "/home/airflow/.local/lib/python3.12/site-packages/airflow/providers/apache/spark/operators/spark_submit.py", line 176, in execute
    self._hook.submit(self.application)
  File "/home/airflow/.local/lib/python3.12/site-packages/airflow/providers/apache/spark/hooks/spark_submit.py", line 575, in submit
    raise AirflowException(
airflow.exceptions.AirflowException: Cannot execute: spark-submit --master spark://spark:7077 --driver-class-path /opt/bitnami/spark/jars/postgresql-42.5.0.jar --jars /opt/bitnami/spark/jars/postgresql-42.5.0.jar --name arrow-spark --verbose --deploy-mode client /opt/bitnami/spark/src/scripts_spark/LoadFileToDB.py. Error code is: 1.
[2024-10-15T23:23:26.235+0000] {local_task_job_runner.py:266} INFO - Task exited with return code 1
[2024-10-15T23:23:26.294+0000] {taskinstance.py:3900} INFO - 0 downstream tasks scheduled from follow-on schedule check
[2024-10-15T23:23:26.303+0000] {local_task_job_runner.py:245} INFO - ::endgroup::
