[2024-10-19T18:44:47.613+0000] {local_task_job_runner.py:123} INFO - ::group::Pre task execution logs
[2024-10-19T18:44:47.627+0000] {taskinstance.py:2612} INFO - Dependencies all met for dep_context=non-requeueable deps ti=<TaskInstance: LoadWebScraping.spark_job manual__2024-10-19T18:44:44.515308+00:00 [queued]>
[2024-10-19T18:44:47.634+0000] {taskinstance.py:2612} INFO - Dependencies all met for dep_context=requeueable deps ti=<TaskInstance: LoadWebScraping.spark_job manual__2024-10-19T18:44:44.515308+00:00 [queued]>
[2024-10-19T18:44:47.635+0000] {taskinstance.py:2865} INFO - Starting attempt 1 of 1
[2024-10-19T18:44:47.649+0000] {taskinstance.py:2888} INFO - Executing <Task(SparkSubmitOperator): spark_job> on 2024-10-19 18:44:44.515308+00:00
[2024-10-19T18:44:47.654+0000] {warnings.py:112} WARNING - /home/***/.local/lib/python3.12/site-packages/***/task/task_runner/standard_task_runner.py:70: DeprecationWarning: This process (pid=1552) is multi-threaded, use of fork() may lead to deadlocks in the child.
  pid = os.fork()

[2024-10-19T18:44:47.655+0000] {standard_task_runner.py:72} INFO - Started process 1554 to run task
[2024-10-19T18:44:47.655+0000] {standard_task_runner.py:104} INFO - Running: ['***', 'tasks', 'run', 'LoadWebScraping', 'spark_job', 'manual__2024-10-19T18:44:44.515308+00:00', '--job-id', '260', '--raw', '--subdir', 'DAGS_FOLDER/LoadWebScraping.py', '--cfg-path', '/tmp/tmpnqfc1i1q']
[2024-10-19T18:44:47.658+0000] {standard_task_runner.py:105} INFO - Job 260: Subtask spark_job
[2024-10-19T18:44:47.700+0000] {task_command.py:467} INFO - Running <TaskInstance: LoadWebScraping.spark_job manual__2024-10-19T18:44:44.515308+00:00 [running]> on host e2c3a206786d
[2024-10-19T18:44:47.973+0000] {taskinstance.py:3131} INFO - Exporting env vars: AIRFLOW_CTX_DAG_OWNER='***' AIRFLOW_CTX_DAG_ID='LoadWebScraping' AIRFLOW_CTX_TASK_ID='spark_job' AIRFLOW_CTX_EXECUTION_DATE='2024-10-19T18:44:44.515308+00:00' AIRFLOW_CTX_TRY_NUMBER='1' AIRFLOW_CTX_DAG_RUN_ID='manual__2024-10-19T18:44:44.515308+00:00'
[2024-10-19T18:44:47.975+0000] {taskinstance.py:731} INFO - ::endgroup::
[2024-10-19T18:44:48.006+0000] {spark_submit.py:304} INFO - Could not load connection string spark_default, defaulting to yarn
[2024-10-19T18:44:48.007+0000] {spark_submit.py:473} INFO - Spark-Submit cmd: spark-submit --master yarn --driver-class-path /opt/***/jars/postgresql-42.5.0.jar --jars /opt/***/jars/postgresql-42.5.0.jar --packages org.postgresql:postgresql:42.5.0 --name arrow-spark /opt/bitnami/spark/src/scripts_spark/LoadFileToDB.py
[2024-10-19T18:44:49.710+0000] {spark_submit.py:634} INFO - :: loading settings :: url = jar:file:/home/***/.local/lib/python3.12/site-packages/pyspark/jars/ivy-2.5.1.jar!/org/apache/ivy/core/settings/ivysettings.xml
[2024-10-19T18:44:49.807+0000] {spark_submit.py:634} INFO - Ivy Default Cache set to: /home/***/.ivy2/cache
[2024-10-19T18:44:49.808+0000] {spark_submit.py:634} INFO - The jars for the packages stored in: /home/***/.ivy2/jars
[2024-10-19T18:44:49.821+0000] {spark_submit.py:634} INFO - org.postgresql#postgresql added as a dependency
[2024-10-19T18:44:49.824+0000] {spark_submit.py:634} INFO - :: resolving dependencies :: org.apache.spark#spark-submit-parent-44faddf3-051a-4f7a-8338-be17578a090e;1.0
[2024-10-19T18:44:49.825+0000] {spark_submit.py:634} INFO - confs: [default]
[2024-10-19T18:44:49.975+0000] {spark_submit.py:634} INFO - found org.postgresql#postgresql;42.5.0 in central
[2024-10-19T18:44:49.993+0000] {spark_submit.py:634} INFO - found org.checkerframework#checker-qual;3.5.0 in central
[2024-10-19T18:44:50.005+0000] {spark_submit.py:634} INFO - :: resolution report :: resolve 177ms :: artifacts dl 5ms
[2024-10-19T18:44:50.006+0000] {spark_submit.py:634} INFO - :: modules in use:
[2024-10-19T18:44:50.006+0000] {spark_submit.py:634} INFO - org.checkerframework#checker-qual;3.5.0 from central in [default]
[2024-10-19T18:44:50.007+0000] {spark_submit.py:634} INFO - org.postgresql#postgresql;42.5.0 from central in [default]
[2024-10-19T18:44:50.007+0000] {spark_submit.py:634} INFO - ---------------------------------------------------------------------
[2024-10-19T18:44:50.008+0000] {spark_submit.py:634} INFO - |                  |            modules            ||   artifacts   |
[2024-10-19T18:44:50.008+0000] {spark_submit.py:634} INFO - |       conf       | number| search|dwnlded|evicted|| number|dwnlded|
[2024-10-19T18:44:50.009+0000] {spark_submit.py:634} INFO - ---------------------------------------------------------------------
[2024-10-19T18:44:50.009+0000] {spark_submit.py:634} INFO - |      default     |   2   |   0   |   0   |   0   ||   2   |   0   |
[2024-10-19T18:44:50.010+0000] {spark_submit.py:634} INFO - ---------------------------------------------------------------------
[2024-10-19T18:44:50.010+0000] {spark_submit.py:634} INFO - :: retrieving :: org.apache.spark#spark-submit-parent-44faddf3-051a-4f7a-8338-be17578a090e
[2024-10-19T18:44:50.011+0000] {spark_submit.py:634} INFO - confs: [default]
[2024-10-19T18:44:50.013+0000] {spark_submit.py:634} INFO - 0 artifacts copied, 2 already retrieved (0kB/4ms)
[2024-10-19T18:44:50.179+0000] {spark_submit.py:634} INFO - 24/10/19 18:44:50 WARN NativeCodeLoader: Unable to load native-hadoop library for your platform... using builtin-java classes where applicable
[2024-10-19T18:44:51.628+0000] {spark_submit.py:634} INFO - 24/10/19 18:44:51 INFO SparkContext: Running Spark version 3.5.2
[2024-10-19T18:44:51.629+0000] {spark_submit.py:634} INFO - 24/10/19 18:44:51 INFO SparkContext: OS info Linux, 5.15.153.1-microsoft-standard-WSL2, amd64
[2024-10-19T18:44:51.629+0000] {spark_submit.py:634} INFO - 24/10/19 18:44:51 INFO SparkContext: Java version 17.0.12
[2024-10-19T18:44:51.651+0000] {spark_submit.py:634} INFO - 24/10/19 18:44:51 INFO ResourceUtils: ==============================================================
[2024-10-19T18:44:51.651+0000] {spark_submit.py:634} INFO - 24/10/19 18:44:51 INFO ResourceUtils: No custom resources configured for spark.driver.
[2024-10-19T18:44:51.652+0000] {spark_submit.py:634} INFO - 24/10/19 18:44:51 INFO ResourceUtils: ==============================================================
[2024-10-19T18:44:51.653+0000] {spark_submit.py:634} INFO - 24/10/19 18:44:51 INFO SparkContext: Submitted application: Exemplo
[2024-10-19T18:44:51.672+0000] {spark_submit.py:634} INFO - 24/10/19 18:44:51 INFO ResourceProfile: Default ResourceProfile created, executor resources: Map(cores -> name: cores, amount: 1, script: , vendor: , memory -> name: memory, amount: 1024, script: , vendor: , offHeap -> name: offHeap, amount: 0, script: , vendor: ), task resources: Map(cpus -> name: cpus, amount: 1.0)
[2024-10-19T18:44:51.679+0000] {spark_submit.py:634} INFO - 24/10/19 18:44:51 INFO ResourceProfile: Limiting resource is cpu
[2024-10-19T18:44:51.681+0000] {spark_submit.py:634} INFO - 24/10/19 18:44:51 INFO ResourceProfileManager: Added ResourceProfile id: 0
[2024-10-19T18:44:51.725+0000] {spark_submit.py:634} INFO - 24/10/19 18:44:51 INFO SecurityManager: Changing view acls to: ***
[2024-10-19T18:44:51.726+0000] {spark_submit.py:634} INFO - 24/10/19 18:44:51 INFO SecurityManager: Changing modify acls to: ***
[2024-10-19T18:44:51.726+0000] {spark_submit.py:634} INFO - 24/10/19 18:44:51 INFO SecurityManager: Changing view acls groups to:
[2024-10-19T18:44:51.727+0000] {spark_submit.py:634} INFO - 24/10/19 18:44:51 INFO SecurityManager: Changing modify acls groups to:
[2024-10-19T18:44:51.727+0000] {spark_submit.py:634} INFO - 24/10/19 18:44:51 INFO SecurityManager: SecurityManager: authentication disabled; ui acls disabled; users with view permissions: ***; groups with view permissions: EMPTY; users with modify permissions: ***; groups with modify permissions: EMPTY
[2024-10-19T18:44:51.918+0000] {spark_submit.py:634} INFO - 24/10/19 18:44:51 INFO Utils: Successfully started service 'sparkDriver' on port 42393.
[2024-10-19T18:44:51.950+0000] {spark_submit.py:634} INFO - 24/10/19 18:44:51 INFO SparkEnv: Registering MapOutputTracker
[2024-10-19T18:44:51.991+0000] {spark_submit.py:634} INFO - 24/10/19 18:44:51 INFO SparkEnv: Registering BlockManagerMaster
[2024-10-19T18:44:52.020+0000] {spark_submit.py:634} INFO - 24/10/19 18:44:52 INFO BlockManagerMasterEndpoint: Using org.apache.spark.storage.DefaultTopologyMapper for getting topology information
[2024-10-19T18:44:52.023+0000] {spark_submit.py:634} INFO - 24/10/19 18:44:52 INFO BlockManagerMasterEndpoint: BlockManagerMasterEndpoint up
[2024-10-19T18:44:52.030+0000] {spark_submit.py:634} INFO - 24/10/19 18:44:52 INFO SparkEnv: Registering BlockManagerMasterHeartbeat
[2024-10-19T18:44:52.049+0000] {spark_submit.py:634} INFO - 24/10/19 18:44:52 INFO DiskBlockManager: Created local directory at /tmp/blockmgr-0f178920-9e82-4ee4-9046-6ab1ae7b3a49
[2024-10-19T18:44:52.062+0000] {spark_submit.py:634} INFO - 24/10/19 18:44:52 INFO MemoryStore: MemoryStore started with capacity 434.4 MiB
[2024-10-19T18:44:52.076+0000] {spark_submit.py:634} INFO - 24/10/19 18:44:52 INFO SparkEnv: Registering OutputCommitCoordinator
[2024-10-19T18:44:52.203+0000] {spark_submit.py:634} INFO - 24/10/19 18:44:52 INFO JettyUtils: Start Jetty 0.0.0.0:4040 for SparkUI
[2024-10-19T18:44:52.259+0000] {spark_submit.py:634} INFO - 24/10/19 18:44:52 INFO Utils: Successfully started service 'SparkUI' on port 4040.
[2024-10-19T18:44:52.296+0000] {spark_submit.py:634} INFO - 24/10/19 18:44:52 INFO SparkContext: Added JAR /opt/bitnami/spark/jars/postgresql-42.5.0.jar at spark://e2c3a206786d:42393/jars/postgresql-42.5.0.jar with timestamp 1729363491622
[2024-10-19T18:44:52.359+0000] {spark_submit.py:634} INFO - 24/10/19 18:44:52 INFO Executor: Starting executor ID driver on host e2c3a206786d
[2024-10-19T18:44:52.360+0000] {spark_submit.py:634} INFO - 24/10/19 18:44:52 INFO Executor: OS info Linux, 5.15.153.1-microsoft-standard-WSL2, amd64
[2024-10-19T18:44:52.360+0000] {spark_submit.py:634} INFO - 24/10/19 18:44:52 INFO Executor: Java version 17.0.12
[2024-10-19T18:44:52.367+0000] {spark_submit.py:634} INFO - 24/10/19 18:44:52 INFO Executor: Starting executor with user classpath (userClassPathFirst = false): ''
[2024-10-19T18:44:52.368+0000] {spark_submit.py:634} INFO - 24/10/19 18:44:52 INFO Executor: Created or updated repl class loader org.apache.spark.util.MutableURLClassLoader@44295aad for default.
[2024-10-19T18:44:52.379+0000] {spark_submit.py:634} INFO - 24/10/19 18:44:52 INFO Executor: Fetching spark://e2c3a206786d:42393/jars/postgresql-42.5.0.jar with timestamp 1729363491622
[2024-10-19T18:44:52.421+0000] {spark_submit.py:634} INFO - 24/10/19 18:44:52 INFO TransportClientFactory: Successfully created connection to e2c3a206786d/172.18.0.10:42393 after 23 ms (0 ms spent in bootstraps)
[2024-10-19T18:44:52.426+0000] {spark_submit.py:634} INFO - 24/10/19 18:44:52 INFO Utils: Fetching spark://e2c3a206786d:42393/jars/postgresql-42.5.0.jar to /tmp/spark-60ed506a-0710-41ba-b405-7c7ca44955cd/userFiles-db843431-a9a2-4f75-a7ac-6b69c91f03a6/fetchFileTemp1449639194886364276.tmp
[2024-10-19T18:44:52.455+0000] {spark_submit.py:634} INFO - 24/10/19 18:44:52 INFO Executor: Adding file:/tmp/spark-60ed506a-0710-41ba-b405-7c7ca44955cd/userFiles-db843431-a9a2-4f75-a7ac-6b69c91f03a6/postgresql-42.5.0.jar to class loader default
[2024-10-19T18:44:52.462+0000] {spark_submit.py:634} INFO - 24/10/19 18:44:52 INFO Utils: Successfully started service 'org.apache.spark.network.netty.NettyBlockTransferService' on port 33101.
[2024-10-19T18:44:52.462+0000] {spark_submit.py:634} INFO - 24/10/19 18:44:52 INFO NettyBlockTransferService: Server created on e2c3a206786d:33101
[2024-10-19T18:44:52.463+0000] {spark_submit.py:634} INFO - 24/10/19 18:44:52 INFO BlockManager: Using org.apache.spark.storage.RandomBlockReplicationPolicy for block replication policy
[2024-10-19T18:44:52.469+0000] {spark_submit.py:634} INFO - 24/10/19 18:44:52 INFO BlockManagerMaster: Registering BlockManager BlockManagerId(driver, e2c3a206786d, 33101, None)
[2024-10-19T18:44:52.472+0000] {spark_submit.py:634} INFO - 24/10/19 18:44:52 INFO BlockManagerMasterEndpoint: Registering block manager e2c3a206786d:33101 with 434.4 MiB RAM, BlockManagerId(driver, e2c3a206786d, 33101, None)
[2024-10-19T18:44:52.474+0000] {spark_submit.py:634} INFO - 24/10/19 18:44:52 INFO BlockManagerMaster: Registered BlockManager BlockManagerId(driver, e2c3a206786d, 33101, None)
[2024-10-19T18:44:52.476+0000] {spark_submit.py:634} INFO - 24/10/19 18:44:52 INFO BlockManager: Initialized BlockManager: BlockManagerId(driver, e2c3a206786d, 33101, None)
[2024-10-19T18:44:52.787+0000] {spark_submit.py:634} INFO - 24/10/19 18:44:52 INFO SharedState: Setting hive.metastore.warehouse.dir ('null') to the value of spark.sql.warehouse.dir.
[2024-10-19T18:44:52.789+0000] {spark_submit.py:634} INFO - 24/10/19 18:44:52 INFO SharedState: Warehouse path is 'file:/opt/***/spark-warehouse'.
[2024-10-19T18:44:53.631+0000] {spark_submit.py:634} INFO - 24/10/19 18:44:53 INFO InMemoryFileIndex: It took 194 ms to list leaf files for 1 paths.
[2024-10-19T18:44:54.103+0000] {spark_submit.py:634} INFO - 24/10/19 18:44:54 INFO SparkContext: Starting job: parquet at NativeMethodAccessorImpl.java:0
[2024-10-19T18:44:54.116+0000] {spark_submit.py:634} INFO - 24/10/19 18:44:54 INFO DAGScheduler: Got job 0 (parquet at NativeMethodAccessorImpl.java:0) with 1 output partitions
[2024-10-19T18:44:54.117+0000] {spark_submit.py:634} INFO - 24/10/19 18:44:54 INFO DAGScheduler: Final stage: ResultStage 0 (parquet at NativeMethodAccessorImpl.java:0)
[2024-10-19T18:44:54.117+0000] {spark_submit.py:634} INFO - 24/10/19 18:44:54 INFO DAGScheduler: Parents of final stage: List()
[2024-10-19T18:44:54.119+0000] {spark_submit.py:634} INFO - 24/10/19 18:44:54 INFO DAGScheduler: Missing parents: List()
[2024-10-19T18:44:54.122+0000] {spark_submit.py:634} INFO - 24/10/19 18:44:54 INFO DAGScheduler: Submitting ResultStage 0 (MapPartitionsRDD[1] at parquet at NativeMethodAccessorImpl.java:0), which has no missing parents
[2024-10-19T18:44:54.200+0000] {spark_submit.py:634} INFO - 24/10/19 18:44:54 INFO MemoryStore: Block broadcast_0 stored as values in memory (estimated size 104.5 KiB, free 434.3 MiB)
[2024-10-19T18:44:54.244+0000] {spark_submit.py:634} INFO - 24/10/19 18:44:54 INFO MemoryStore: Block broadcast_0_piece0 stored as bytes in memory (estimated size 37.7 KiB, free 434.3 MiB)
[2024-10-19T18:44:54.247+0000] {spark_submit.py:634} INFO - 24/10/19 18:44:54 INFO BlockManagerInfo: Added broadcast_0_piece0 in memory on e2c3a206786d:33101 (size: 37.7 KiB, free: 434.4 MiB)
[2024-10-19T18:44:54.255+0000] {spark_submit.py:634} INFO - 24/10/19 18:44:54 INFO SparkContext: Created broadcast 0 from broadcast at DAGScheduler.scala:1585
[2024-10-19T18:44:54.275+0000] {spark_submit.py:634} INFO - 24/10/19 18:44:54 INFO DAGScheduler: Submitting 1 missing tasks from ResultStage 0 (MapPartitionsRDD[1] at parquet at NativeMethodAccessorImpl.java:0) (first 15 tasks are for partitions Vector(0))
[2024-10-19T18:44:54.277+0000] {spark_submit.py:634} INFO - 24/10/19 18:44:54 INFO TaskSchedulerImpl: Adding task set 0.0 with 1 tasks resource profile 0
[2024-10-19T18:44:54.342+0000] {spark_submit.py:634} INFO - 24/10/19 18:44:54 INFO TaskSetManager: Starting task 0.0 in stage 0.0 (TID 0) (e2c3a206786d, executor driver, partition 0, PROCESS_LOCAL, 9381 bytes)
[2024-10-19T18:44:54.356+0000] {spark_submit.py:634} INFO - 24/10/19 18:44:54 INFO Executor: Running task 0.0 in stage 0.0 (TID 0)
[2024-10-19T18:44:54.842+0000] {spark_submit.py:634} INFO - 24/10/19 18:44:54 INFO Executor: Finished task 0.0 in stage 0.0 (TID 0). 2103 bytes result sent to driver
[2024-10-19T18:44:54.851+0000] {spark_submit.py:634} INFO - 24/10/19 18:44:54 INFO TaskSetManager: Finished task 0.0 in stage 0.0 (TID 0) in 536 ms on e2c3a206786d (executor driver) (1/1)
[2024-10-19T18:44:54.853+0000] {spark_submit.py:634} INFO - 24/10/19 18:44:54 INFO TaskSchedulerImpl: Removed TaskSet 0.0, whose tasks have all completed, from pool
[2024-10-19T18:44:54.857+0000] {spark_submit.py:634} INFO - 24/10/19 18:44:54 INFO DAGScheduler: ResultStage 0 (parquet at NativeMethodAccessorImpl.java:0) finished in 0.722 s
[2024-10-19T18:44:54.859+0000] {spark_submit.py:634} INFO - 24/10/19 18:44:54 INFO DAGScheduler: Job 0 is finished. Cancelling potential speculative or zombie tasks for this job
[2024-10-19T18:44:54.860+0000] {spark_submit.py:634} INFO - 24/10/19 18:44:54 INFO TaskSchedulerImpl: Killing all running tasks in stage 0: Stage finished
[2024-10-19T18:44:54.862+0000] {spark_submit.py:634} INFO - 24/10/19 18:44:54 INFO DAGScheduler: Job 0 finished: parquet at NativeMethodAccessorImpl.java:0, took 0.758506 s
[2024-10-19T18:44:54.920+0000] {spark_submit.py:634} INFO - 24/10/19 18:44:54 INFO BlockManagerInfo: Removed broadcast_0_piece0 on e2c3a206786d:33101 in memory (size: 37.7 KiB, free: 434.4 MiB)
[2024-10-19T18:44:55.990+0000] {spark_submit.py:634} INFO - 24/10/19 18:44:55 INFO FileSourceStrategy: Pushed Filters:
[2024-10-19T18:44:55.991+0000] {spark_submit.py:634} INFO - 24/10/19 18:44:55 INFO FileSourceStrategy: Post-Scan Filters:
[2024-10-19T18:44:56.345+0000] {spark_submit.py:634} INFO - 24/10/19 18:44:56 INFO CodeGenerator: Code generated in 193.618702 ms
[2024-10-19T18:44:56.368+0000] {spark_submit.py:634} INFO - 24/10/19 18:44:56 INFO MemoryStore: Block broadcast_1 stored as values in memory (estimated size 203.5 KiB, free 434.2 MiB)
[2024-10-19T18:44:56.377+0000] {spark_submit.py:634} INFO - 24/10/19 18:44:56 INFO MemoryStore: Block broadcast_1_piece0 stored as bytes in memory (estimated size 35.6 KiB, free 434.2 MiB)
[2024-10-19T18:44:56.379+0000] {spark_submit.py:634} INFO - 24/10/19 18:44:56 INFO BlockManagerInfo: Added broadcast_1_piece0 in memory on e2c3a206786d:33101 (size: 35.6 KiB, free: 434.4 MiB)
[2024-10-19T18:44:56.380+0000] {spark_submit.py:634} INFO - 24/10/19 18:44:56 INFO SparkContext: Created broadcast 1 from showString at NativeMethodAccessorImpl.java:0
[2024-10-19T18:44:56.391+0000] {spark_submit.py:634} INFO - 24/10/19 18:44:56 INFO FileSourceScanExec: Planning scan with bin packing, max size: 4221594 bytes, open cost is considered as scanning 4194304 bytes.
[2024-10-19T18:44:56.435+0000] {spark_submit.py:634} INFO - 24/10/19 18:44:56 INFO SparkContext: Starting job: showString at NativeMethodAccessorImpl.java:0
[2024-10-19T18:44:56.437+0000] {spark_submit.py:634} INFO - 24/10/19 18:44:56 INFO DAGScheduler: Got job 1 (showString at NativeMethodAccessorImpl.java:0) with 1 output partitions
[2024-10-19T18:44:56.438+0000] {spark_submit.py:634} INFO - 24/10/19 18:44:56 INFO DAGScheduler: Final stage: ResultStage 1 (showString at NativeMethodAccessorImpl.java:0)
[2024-10-19T18:44:56.438+0000] {spark_submit.py:634} INFO - 24/10/19 18:44:56 INFO DAGScheduler: Parents of final stage: List()
[2024-10-19T18:44:56.439+0000] {spark_submit.py:634} INFO - 24/10/19 18:44:56 INFO DAGScheduler: Missing parents: List()
[2024-10-19T18:44:56.440+0000] {spark_submit.py:634} INFO - 24/10/19 18:44:56 INFO DAGScheduler: Submitting ResultStage 1 (MapPartitionsRDD[5] at showString at NativeMethodAccessorImpl.java:0), which has no missing parents
[2024-10-19T18:44:56.466+0000] {spark_submit.py:634} INFO - 24/10/19 18:44:56 INFO MemoryStore: Block broadcast_2 stored as values in memory (estimated size 20.6 KiB, free 434.1 MiB)
[2024-10-19T18:44:56.477+0000] {spark_submit.py:634} INFO - 24/10/19 18:44:56 INFO MemoryStore: Block broadcast_2_piece0 stored as bytes in memory (estimated size 7.9 KiB, free 434.1 MiB)
[2024-10-19T18:44:56.478+0000] {spark_submit.py:634} INFO - 24/10/19 18:44:56 INFO BlockManagerInfo: Added broadcast_2_piece0 in memory on e2c3a206786d:33101 (size: 7.9 KiB, free: 434.4 MiB)
[2024-10-19T18:44:56.485+0000] {spark_submit.py:634} INFO - 24/10/19 18:44:56 INFO SparkContext: Created broadcast 2 from broadcast at DAGScheduler.scala:1585
[2024-10-19T18:44:56.487+0000] {spark_submit.py:634} INFO - 24/10/19 18:44:56 INFO DAGScheduler: Submitting 1 missing tasks from ResultStage 1 (MapPartitionsRDD[5] at showString at NativeMethodAccessorImpl.java:0) (first 15 tasks are for partitions Vector(0))
[2024-10-19T18:44:56.487+0000] {spark_submit.py:634} INFO - 24/10/19 18:44:56 INFO TaskSchedulerImpl: Adding task set 1.0 with 1 tasks resource profile 0
[2024-10-19T18:44:56.492+0000] {spark_submit.py:634} INFO - 24/10/19 18:44:56 INFO TaskSetManager: Starting task 0.0 in stage 1.0 (TID 1) (e2c3a206786d, executor driver, partition 0, PROCESS_LOCAL, 9888 bytes)
[2024-10-19T18:44:56.493+0000] {spark_submit.py:634} INFO - 24/10/19 18:44:56 INFO Executor: Running task 0.0 in stage 1.0 (TID 1)
[2024-10-19T18:44:56.578+0000] {spark_submit.py:634} INFO - 24/10/19 18:44:56 INFO CodeGenerator: Code generated in 40.987042 ms
[2024-10-19T18:44:56.579+0000] {spark_submit.py:634} INFO - 24/10/19 18:44:56 INFO FileScanRDD: Reading File path: file:///opt/***/datalake/silverzone/kabum_2024-10-19/placa_video_k.parquet/part-00000-24fd5e83-4312-4776-acea-1cfc159e76de-c000.snappy.parquet, range: 0-27290, partition values: [empty row]
[2024-10-19T18:44:56.748+0000] {spark_submit.py:634} INFO - 24/10/19 18:44:56 INFO CodecPool: Got brand-new decompressor [.snappy]
[2024-10-19T18:44:56.929+0000] {spark_submit.py:634} INFO - 24/10/19 18:44:56 INFO Executor: Finished task 0.0 in stage 1.0 (TID 1). 3894 bytes result sent to driver
[2024-10-19T18:44:56.932+0000] {spark_submit.py:634} INFO - 24/10/19 18:44:56 INFO TaskSetManager: Finished task 0.0 in stage 1.0 (TID 1) in 443 ms on e2c3a206786d (executor driver) (1/1)
[2024-10-19T18:44:56.932+0000] {spark_submit.py:634} INFO - 24/10/19 18:44:56 INFO TaskSchedulerImpl: Removed TaskSet 1.0, whose tasks have all completed, from pool
[2024-10-19T18:44:56.935+0000] {spark_submit.py:634} INFO - 24/10/19 18:44:56 INFO DAGScheduler: ResultStage 1 (showString at NativeMethodAccessorImpl.java:0) finished in 0.494 s
[2024-10-19T18:44:56.936+0000] {spark_submit.py:634} INFO - 24/10/19 18:44:56 INFO DAGScheduler: Job 1 is finished. Cancelling potential speculative or zombie tasks for this job
[2024-10-19T18:44:56.939+0000] {spark_submit.py:634} INFO - 24/10/19 18:44:56 INFO TaskSchedulerImpl: Killing all running tasks in stage 1: Stage finished
[2024-10-19T18:44:56.940+0000] {spark_submit.py:634} INFO - 24/10/19 18:44:56 INFO DAGScheduler: Job 1 finished: showString at NativeMethodAccessorImpl.java:0, took 0.498734 s
[2024-10-19T18:44:57.779+0000] {spark_submit.py:634} INFO - 24/10/19 18:44:57 INFO CodeGenerator: Code generated in 19.206163 ms
[2024-10-19T18:44:57.795+0000] {spark_submit.py:634} INFO - 24/10/19 18:44:57 INFO BlockManagerInfo: Removed broadcast_2_piece0 on e2c3a206786d:33101 in memory (size: 7.9 KiB, free: 434.4 MiB)
[2024-10-19T18:44:57.800+0000] {spark_submit.py:634} INFO - +---------+---------+---+--------+-------+--------------------+------------+------------------+--------------+----------+
[2024-10-19T18:44:57.801+0000] {spark_submit.py:634} INFO - |name_mark|    model| GB|  memory|  value|                 uri|data_collect|          category|ID_CATEGORY_FK|ID_SITE_FK|
[2024-10-19T18:44:57.802+0000] {spark_submit.py:634} INFO - +---------+---------+---+--------+-------+--------------------+------------+------------------+--------------+----------+
[2024-10-19T18:44:57.802+0000] {spark_submit.py:634} INFO - |   NVIDIA| RTX 4060|  8|   GDDR6|1969.99|https://www.kabum...|  2024-10-19|placa-de-video-vga|             3|         1|
[2024-10-19T18:44:57.803+0000] {spark_submit.py:634} INFO - |   ASROCK|  RX 6600|  8|   GDDR6|1399.99|https://www.kabum...|  2024-10-19|placa-de-video-vga|             3|         1|
[2024-10-19T18:44:57.806+0000] {spark_submit.py:634} INFO - |   NVIDIA|  RTX4060|  8|   GDDR6|1959.99|https://www.kabum...|  2024-10-19|placa-de-video-vga|             3|         1|
[2024-10-19T18:44:57.807+0000] {spark_submit.py:634} INFO - |      AMD|RX 6650XT|  8|   GDDR6|1649.99|https://www.kabum...|  2024-10-19|placa-de-video-vga|             3|         1|
[2024-10-19T18:44:57.807+0000] {spark_submit.py:634} INFO - |      AMD|  RX 6600|  8|   GDDR6|1499.99|https://www.kabum...|  2024-10-19|placa-de-video-vga|             3|         1|
[2024-10-19T18:44:57.808+0000] {spark_submit.py:634} INFO - |   NVIDIA| RTX 4060|  8|   GDDR6|2499.99|https://www.kabum...|  2024-10-19|placa-de-video-vga|             3|         1|
[2024-10-19T18:44:57.808+0000] {spark_submit.py:634} INFO - |      AMD|RX 6750XT| 12|   GDDR6|2249.99|https://www.kabum...|  2024-10-19|placa-de-video-vga|             3|         1|
[2024-10-19T18:44:57.809+0000] {spark_submit.py:634} INFO - |   NVIDIA| RTX 4060|  8|   GDDR6|2139.99|https://www.kabum...|  2024-10-19|placa-de-video-vga|             3|         1|
[2024-10-19T18:44:57.809+0000] {spark_submit.py:634} INFO - |   NVIDIA| RTX 3050|  6|   GDDR6|1119.99|https://www.kabum...|  2024-10-19|placa-de-video-vga|             3|         1|
[2024-10-19T18:44:57.809+0000] {spark_submit.py:634} INFO - |   NVIDIA| RTX 3060| 12|   GDDR6|1899.99|https://www.kabum...|  2024-10-19|placa-de-video-vga|             3|         1|
[2024-10-19T18:44:57.810+0000] {spark_submit.py:634} INFO - |   NVIDIA| RTX 3060| 12|   GDDR6|1779.99|https://www.kabum...|  2024-10-19|placa-de-video-vga|             3|         1|
[2024-10-19T18:44:57.810+0000] {spark_submit.py:634} INFO - |      AMD|  RX 7600|  8|   GDDR6|1799.99|https://www.kabum...|  2024-10-19|placa-de-video-vga|             3|         1|
[2024-10-19T18:44:57.810+0000] {spark_submit.py:634} INFO - |   NVIDIA| RTX 4060|  8|   GDDR6|2199.99|https://www.kabum...|  2024-10-19|placa-de-video-vga|             3|         1|
[2024-10-19T18:44:57.811+0000] {spark_submit.py:634} INFO - |   NVIDIA| RTX 4060|  8|   GDDR6|2441.41|https://www.kabum...|  2024-10-19|placa-de-video-vga|             3|         1|
[2024-10-19T18:44:57.811+0000] {spark_submit.py:634} INFO - |      AMD|  RX 6600|  8|   GDDR6|1459.99|https://www.kabum...|  2024-10-19|placa-de-video-vga|             3|         1|
[2024-10-19T18:44:57.811+0000] {spark_submit.py:634} INFO - |   NVIDIA| RTX 4060|  0|   GDDR6|2649.99|https://www.kabum...|  2024-10-19|placa-de-video-vga|             3|         1|
[2024-10-19T18:44:57.812+0000] {spark_submit.py:634} INFO - |      AMD|  RX 6600|  8|   GDDR6|1399.99|https://www.kabum...|  2024-10-19|placa-de-video-vga|             3|         1|
[2024-10-19T18:44:57.812+0000] {spark_submit.py:634} INFO - |   NVIDIA| RTX 3060| 12|   GDDR6|1739.99|https://www.kabum...|  2024-10-19|placa-de-video-vga|             3|         1|
[2024-10-19T18:44:57.812+0000] {spark_submit.py:634} INFO - |   NVIDIA| RTX 4070| 12|  GDDR6X|4199.99|https://www.kabum...|  2024-10-19|placa-de-video-vga|             3|         1|
[2024-10-19T18:44:57.813+0000] {spark_submit.py:634} INFO - |   ASROCK|   RX 570|  8|NOT_INFO| 799.99|https://www.kabum...|  2024-10-19|placa-de-video-vga|             3|         1|
[2024-10-19T18:44:57.813+0000] {spark_submit.py:634} INFO - +---------+---------+---+--------+-------+--------------------+------------+------------------+--------------+----------+
[2024-10-19T18:44:57.813+0000] {spark_submit.py:634} INFO - only showing top 20 rows
[2024-10-19T18:44:57.814+0000] {spark_submit.py:634} INFO - 
[2024-10-19T18:44:57.855+0000] {spark_submit.py:634} INFO - 24/10/19 18:44:57 INFO SparkContext: Invoking stop() from shutdown hook
[2024-10-19T18:44:57.856+0000] {spark_submit.py:634} INFO - 24/10/19 18:44:57 INFO SparkContext: SparkContext is stopping with exitCode 0.
[2024-10-19T18:44:57.864+0000] {spark_submit.py:634} INFO - 24/10/19 18:44:57 INFO SparkUI: Stopped Spark web UI at http://e2c3a206786d:4040
[2024-10-19T18:44:57.875+0000] {spark_submit.py:634} INFO - 24/10/19 18:44:57 INFO MapOutputTrackerMasterEndpoint: MapOutputTrackerMasterEndpoint stopped!
[2024-10-19T18:44:57.883+0000] {spark_submit.py:634} INFO - 24/10/19 18:44:57 INFO MemoryStore: MemoryStore cleared
[2024-10-19T18:44:57.884+0000] {spark_submit.py:634} INFO - 24/10/19 18:44:57 INFO BlockManager: BlockManager stopped
[2024-10-19T18:44:57.886+0000] {spark_submit.py:634} INFO - 24/10/19 18:44:57 INFO BlockManagerMaster: BlockManagerMaster stopped
[2024-10-19T18:44:57.890+0000] {spark_submit.py:634} INFO - 24/10/19 18:44:57 INFO OutputCommitCoordinator$OutputCommitCoordinatorEndpoint: OutputCommitCoordinator stopped!
[2024-10-19T18:44:57.897+0000] {spark_submit.py:634} INFO - 24/10/19 18:44:57 INFO SparkContext: Successfully stopped SparkContext
[2024-10-19T18:44:57.897+0000] {spark_submit.py:634} INFO - 24/10/19 18:44:57 INFO ShutdownHookManager: Shutdown hook called
[2024-10-19T18:44:57.898+0000] {spark_submit.py:634} INFO - 24/10/19 18:44:57 INFO ShutdownHookManager: Deleting directory /tmp/spark-53207f77-645e-4fa4-b268-36c4203f454f
[2024-10-19T18:44:57.901+0000] {spark_submit.py:634} INFO - 24/10/19 18:44:57 INFO ShutdownHookManager: Deleting directory /tmp/spark-60ed506a-0710-41ba-b405-7c7ca44955cd/pyspark-ce713171-fdca-4e77-bf60-83f52e64b150
[2024-10-19T18:44:57.906+0000] {spark_submit.py:634} INFO - 24/10/19 18:44:57 INFO ShutdownHookManager: Deleting directory /tmp/spark-60ed506a-0710-41ba-b405-7c7ca44955cd
[2024-10-19T18:44:57.944+0000] {taskinstance.py:340} INFO - ::group::Post task execution logs
[2024-10-19T18:44:57.945+0000] {taskinstance.py:352} INFO - Marking task as SUCCESS. dag_id=LoadWebScraping, task_id=spark_job, run_id=manual__2024-10-19T18:44:44.515308+00:00, execution_date=20241019T184444, start_date=20241019T184447, end_date=20241019T184457
[2024-10-19T18:44:57.999+0000] {local_task_job_runner.py:266} INFO - Task exited with return code 0
[2024-10-19T18:44:58.014+0000] {taskinstance.py:3900} INFO - 0 downstream tasks scheduled from follow-on schedule check
[2024-10-19T18:44:58.019+0000] {local_task_job_runner.py:245} INFO - ::endgroup::
