[2024-11-01T11:41:13.259+0000] {local_task_job_runner.py:123} INFO - ::group::Pre task execution logs
[2024-11-01T11:41:13.284+0000] {taskinstance.py:2612} INFO - Dependencies all met for dep_context=non-requeueable deps ti=<TaskInstance: pipeline_webscraping.pichau_tasks.spark_submit_job manual__2024-11-01T11:41:09.767612+00:00 [queued]>
[2024-11-01T11:41:13.302+0000] {taskinstance.py:2612} INFO - Dependencies all met for dep_context=requeueable deps ti=<TaskInstance: pipeline_webscraping.pichau_tasks.spark_submit_job manual__2024-11-01T11:41:09.767612+00:00 [queued]>
[2024-11-01T11:41:13.303+0000] {taskinstance.py:2865} INFO - Starting attempt 1 of 1
[2024-11-01T11:41:13.325+0000] {taskinstance.py:2888} INFO - Executing <Task(SparkSubmitOperator): pichau_tasks.spark_submit_job> on 2024-11-01 11:41:09.767612+00:00
[2024-11-01T11:41:13.338+0000] {warnings.py:112} WARNING - /home/***/.local/lib/python3.12/site-packages/***/task/task_runner/standard_task_runner.py:70: DeprecationWarning: This process (pid=1937) is multi-threaded, use of fork() may lead to deadlocks in the child.
  pid = os.fork()

[2024-11-01T11:41:13.346+0000] {standard_task_runner.py:72} INFO - Started process 1946 to run task
[2024-11-01T11:41:13.348+0000] {standard_task_runner.py:104} INFO - Running: ['***', 'tasks', 'run', 'pipeline_webscraping', 'pichau_tasks.spark_submit_job', 'manual__2024-11-01T11:41:09.767612+00:00', '--job-id', '42', '--raw', '--subdir', 'DAGS_FOLDER/DagWebScraping.py', '--cfg-path', '/tmp/tmp0ps3gt56']
[2024-11-01T11:41:13.356+0000] {standard_task_runner.py:105} INFO - Job 42: Subtask pichau_tasks.spark_submit_job
[2024-11-01T11:41:13.481+0000] {task_command.py:467} INFO - Running <TaskInstance: pipeline_webscraping.pichau_tasks.spark_submit_job manual__2024-11-01T11:41:09.767612+00:00 [running]> on host b6f3296945ba
[2024-11-01T11:41:13.615+0000] {taskinstance.py:3131} INFO - Exporting env vars: AIRFLOW_CTX_DAG_OWNER='***' AIRFLOW_CTX_DAG_ID='pipeline_webscraping' AIRFLOW_CTX_TASK_ID='pichau_tasks.spark_submit_job' AIRFLOW_CTX_EXECUTION_DATE='2024-11-01T11:41:09.767612+00:00' AIRFLOW_CTX_TRY_NUMBER='1' AIRFLOW_CTX_DAG_RUN_ID='manual__2024-11-01T11:41:09.767612+00:00'
[2024-11-01T11:41:13.617+0000] {taskinstance.py:731} INFO - ::endgroup::
[2024-11-01T11:41:13.641+0000] {base.py:84} INFO - Retrieving connection 'spark_default'
[2024-11-01T11:41:13.642+0000] {spark_submit.py:327} ERROR - Failed to decode base64 keytab: Incorrect padding
[2024-11-01T11:41:13.642+0000] {spark_submit.py:304} INFO - Could not load connection string spark_default, defaulting to spark://spark:7077
[2024-11-01T11:41:13.644+0000] {spark_submit.py:473} INFO - Spark-Submit cmd: spark-submit --master spark://spark:7077 --conf spark.executor.memory=2g --conf spark.driver.memory=2g --conf spark.executor.instances=1 --conf spark.executor.cores=1 --conf fs.s3a.endpoint=http://minio:9000 --conf fs.s3a.access.key=AVcyU1dIcrfI88EqIa7p --conf fs.s3a.secret.key=****** --conf fs.s3a.path.style.access=true --packages org.apache.hadoop:hadoop-aws:3.3.1 --name arrow-spark --verbose --deploy-mode client /opt/bitnami/spark/src/scripts_spark/WebScraping_Transformation.py --json_file_path s3a://rawzone/pichau/pichau_2024-10-27/data.json
[2024-11-01T11:41:15.224+0000] {spark_submit.py:634} INFO - Using properties file: null
[2024-11-01T11:41:15.228+0000] {spark_submit.py:634} INFO - Warning: Ignoring non-Spark config property: fs.s3a.endpoint
[2024-11-01T11:41:15.228+0000] {spark_submit.py:634} INFO - Warning: Ignoring non-Spark config property: fs.s3a.access.key
[2024-11-01T11:41:15.229+0000] {spark_submit.py:634} INFO - Warning: Ignoring non-Spark config property: fs.s3a.path.style.access
[2024-11-01T11:41:15.230+0000] {spark_submit.py:634} INFO - Warning: Ignoring non-Spark config property: fs.s3a.secret.key
[2024-11-01T11:41:15.341+0000] {spark_submit.py:634} INFO - Parsed arguments:
[2024-11-01T11:41:15.342+0000] {spark_submit.py:634} INFO - master                  spark://spark:7077
[2024-11-01T11:41:15.342+0000] {spark_submit.py:634} INFO - remote                  null
[2024-11-01T11:41:15.343+0000] {spark_submit.py:634} INFO - deployMode              client
[2024-11-01T11:41:15.343+0000] {spark_submit.py:634} INFO - executorMemory          2g
[2024-11-01T11:41:15.343+0000] {spark_submit.py:634} INFO - executorCores           1
[2024-11-01T11:41:15.344+0000] {spark_submit.py:634} INFO - totalExecutorCores      null
[2024-11-01T11:41:15.344+0000] {spark_submit.py:634} INFO - propertiesFile          null
[2024-11-01T11:41:15.345+0000] {spark_submit.py:634} INFO - driverMemory            2g
[2024-11-01T11:41:15.345+0000] {spark_submit.py:634} INFO - driverCores             null
[2024-11-01T11:41:15.345+0000] {spark_submit.py:634} INFO - driverExtraClassPath    null
[2024-11-01T11:41:15.346+0000] {spark_submit.py:634} INFO - driverExtraLibraryPath  null
[2024-11-01T11:41:15.346+0000] {spark_submit.py:634} INFO - driverExtraJavaOptions  null
[2024-11-01T11:41:15.346+0000] {spark_submit.py:634} INFO - supervise               false
[2024-11-01T11:41:15.347+0000] {spark_submit.py:634} INFO - queue                   null
[2024-11-01T11:41:15.347+0000] {spark_submit.py:634} INFO - numExecutors            1
[2024-11-01T11:41:15.347+0000] {spark_submit.py:634} INFO - files                   null
[2024-11-01T11:41:15.348+0000] {spark_submit.py:634} INFO - pyFiles                 null
[2024-11-01T11:41:15.348+0000] {spark_submit.py:634} INFO - archives                null
[2024-11-01T11:41:15.348+0000] {spark_submit.py:634} INFO - mainClass               null
[2024-11-01T11:41:15.349+0000] {spark_submit.py:634} INFO - primaryResource         file:/opt/bitnami/spark/src/scripts_spark/WebScraping_Transformation.py
[2024-11-01T11:41:15.349+0000] {spark_submit.py:634} INFO - name                    arrow-spark
[2024-11-01T11:41:15.349+0000] {spark_submit.py:634} INFO - childArgs               [--json_file_path s3a://rawzone/pichau/pichau_2024-10-27/data.json]
[2024-11-01T11:41:15.350+0000] {spark_submit.py:634} INFO - jars                    null
[2024-11-01T11:41:15.350+0000] {spark_submit.py:634} INFO - packages                org.apache.hadoop:hadoop-aws:3.3.1
[2024-11-01T11:41:15.350+0000] {spark_submit.py:634} INFO - packagesExclusions      null
[2024-11-01T11:41:15.351+0000] {spark_submit.py:634} INFO - repositories            null
[2024-11-01T11:41:15.351+0000] {spark_submit.py:634} INFO - verbose                 true
[2024-11-01T11:41:15.351+0000] {spark_submit.py:634} INFO - 
[2024-11-01T11:41:15.352+0000] {spark_submit.py:634} INFO - Spark properties used, including those specified through
[2024-11-01T11:41:15.352+0000] {spark_submit.py:634} INFO - --conf and those from the properties file null:
[2024-11-01T11:41:15.352+0000] {spark_submit.py:634} INFO - (spark.driver.memory,2g)
[2024-11-01T11:41:15.353+0000] {spark_submit.py:634} INFO - (spark.executor.cores,1)
[2024-11-01T11:41:15.353+0000] {spark_submit.py:634} INFO - (spark.executor.instances,1)
[2024-11-01T11:41:15.353+0000] {spark_submit.py:634} INFO - (spark.executor.memory,2g)
[2024-11-01T11:41:15.354+0000] {spark_submit.py:634} INFO - 
[2024-11-01T11:41:15.354+0000] {spark_submit.py:634} INFO - 
[2024-11-01T11:41:15.469+0000] {spark_submit.py:634} INFO - :: loading settings :: url = jar:file:/home/***/.local/lib/python3.12/site-packages/pyspark/jars/ivy-2.5.1.jar!/org/apache/ivy/core/settings/ivysettings.xml
[2024-11-01T11:41:15.592+0000] {spark_submit.py:634} INFO - Ivy Default Cache set to: /home/***/.ivy2/cache
[2024-11-01T11:41:15.593+0000] {spark_submit.py:634} INFO - The jars for the packages stored in: /home/***/.ivy2/jars
[2024-11-01T11:41:15.599+0000] {spark_submit.py:634} INFO - org.apache.hadoop#hadoop-aws added as a dependency
[2024-11-01T11:41:15.613+0000] {spark_submit.py:634} INFO - :: resolving dependencies :: org.apache.spark#spark-submit-parent-51514677-338e-4836-a297-a5a7dde20c13;1.0
[2024-11-01T11:41:15.614+0000] {spark_submit.py:634} INFO - confs: [default]
[2024-11-01T11:41:15.921+0000] {spark_submit.py:634} INFO - found org.apache.hadoop#hadoop-aws;3.3.1 in central
[2024-11-01T11:41:15.965+0000] {spark_submit.py:634} INFO - found com.amazonaws#aws-java-sdk-bundle;1.11.901 in central
[2024-11-01T11:41:16.040+0000] {spark_submit.py:634} INFO - found org.wildfly.openssl#wildfly-openssl;1.0.7.Final in central
[2024-11-01T11:41:16.073+0000] {spark_submit.py:634} INFO - :: resolution report :: resolve 449ms :: artifacts dl 15ms
[2024-11-01T11:41:16.078+0000] {spark_submit.py:634} INFO - :: modules in use:
[2024-11-01T11:41:16.079+0000] {spark_submit.py:634} INFO - com.amazonaws#aws-java-sdk-bundle;1.11.901 from central in [default]
[2024-11-01T11:41:16.080+0000] {spark_submit.py:634} INFO - org.apache.hadoop#hadoop-aws;3.3.1 from central in [default]
[2024-11-01T11:41:16.085+0000] {spark_submit.py:634} INFO - org.wildfly.openssl#wildfly-openssl;1.0.7.Final from central in [default]
[2024-11-01T11:41:16.086+0000] {spark_submit.py:634} INFO - ---------------------------------------------------------------------
[2024-11-01T11:41:16.088+0000] {spark_submit.py:634} INFO - |                  |            modules            ||   artifacts   |
[2024-11-01T11:41:16.090+0000] {spark_submit.py:634} INFO - |       conf       | number| search|dwnlded|evicted|| number|dwnlded|
[2024-11-01T11:41:16.094+0000] {spark_submit.py:634} INFO - ---------------------------------------------------------------------
[2024-11-01T11:41:16.096+0000] {spark_submit.py:634} INFO - |      default     |   3   |   0   |   0   |   0   ||   3   |   0   |
[2024-11-01T11:41:16.097+0000] {spark_submit.py:634} INFO - ---------------------------------------------------------------------
[2024-11-01T11:41:16.098+0000] {spark_submit.py:634} INFO - :: retrieving :: org.apache.spark#spark-submit-parent-51514677-338e-4836-a297-a5a7dde20c13
[2024-11-01T11:41:16.098+0000] {spark_submit.py:634} INFO - confs: [default]
[2024-11-01T11:41:16.099+0000] {spark_submit.py:634} INFO - 0 artifacts copied, 3 already retrieved (0kB/8ms)
[2024-11-01T11:41:16.364+0000] {spark_submit.py:634} INFO - 24/11/01 11:41:16 WARN NativeCodeLoader: Unable to load native-hadoop library for your platform... using builtin-java classes where applicable
[2024-11-01T11:41:16.552+0000] {spark_submit.py:634} INFO - Main class:
[2024-11-01T11:41:16.553+0000] {spark_submit.py:634} INFO - org.apache.spark.deploy.PythonRunner
[2024-11-01T11:41:16.554+0000] {spark_submit.py:634} INFO - Arguments:
[2024-11-01T11:41:16.555+0000] {spark_submit.py:634} INFO - file:/opt/bitnami/spark/src/scripts_spark/WebScraping_Transformation.py
[2024-11-01T11:41:16.555+0000] {spark_submit.py:634} INFO - file:///home/***/.ivy2/jars/org.apache.hadoop_hadoop-aws-3.3.1.jar,file:///home/***/.ivy2/jars/com.amazonaws_aws-java-sdk-bundle-1.11.901.jar,file:///home/***/.ivy2/jars/org.wildfly.openssl_wildfly-openssl-1.0.7.Final.jar
[2024-11-01T11:41:16.556+0000] {spark_submit.py:634} INFO - --json_file_path
[2024-11-01T11:41:16.557+0000] {spark_submit.py:634} INFO - s3a://rawzone/pichau/pichau_2024-10-27/data.json
[2024-11-01T11:41:16.558+0000] {spark_submit.py:634} INFO - Spark config:
[2024-11-01T11:41:16.558+0000] {spark_submit.py:634} INFO - (spark.app.name,arrow-spark)
[2024-11-01T11:41:16.559+0000] {spark_submit.py:634} INFO - (spark.app.submitTime,1730461276536)
[2024-11-01T11:41:16.559+0000] {spark_submit.py:634} INFO - (spark.driver.memory,2g)
[2024-11-01T11:41:16.560+0000] {spark_submit.py:634} INFO - (spark.executor.cores,1)
[2024-11-01T11:41:16.560+0000] {spark_submit.py:634} INFO - (spark.executor.instances,1)
[2024-11-01T11:41:16.561+0000] {spark_submit.py:634} INFO - (spark.executor.memory,2g)
[2024-11-01T11:41:16.561+0000] {spark_submit.py:634} INFO - (spark.files,file:///home/***/.ivy2/jars/org.apache.hadoop_hadoop-aws-3.3.1.jar,file:///home/***/.ivy2/jars/com.amazonaws_aws-java-sdk-bundle-1.11.901.jar,file:///home/***/.ivy2/jars/org.wildfly.openssl_wildfly-openssl-1.0.7.Final.jar)
[2024-11-01T11:41:16.562+0000] {spark_submit.py:634} INFO - (spark.jars,file:///home/***/.ivy2/jars/org.apache.hadoop_hadoop-aws-3.3.1.jar,file:///home/***/.ivy2/jars/com.amazonaws_aws-java-sdk-bundle-1.11.901.jar,file:///home/***/.ivy2/jars/org.wildfly.openssl_wildfly-openssl-1.0.7.Final.jar)
[2024-11-01T11:41:16.562+0000] {spark_submit.py:634} INFO - (spark.master,spark://spark:7077)
[2024-11-01T11:41:16.562+0000] {spark_submit.py:634} INFO - (spark.repl.local.jars,file:///home/***/.ivy2/jars/org.apache.hadoop_hadoop-aws-3.3.1.jar,file:///home/***/.ivy2/jars/com.amazonaws_aws-java-sdk-bundle-1.11.901.jar,file:///home/***/.ivy2/jars/org.wildfly.openssl_wildfly-openssl-1.0.7.Final.jar)
[2024-11-01T11:41:16.563+0000] {spark_submit.py:634} INFO - (spark.submit.deployMode,client)
[2024-11-01T11:41:16.563+0000] {spark_submit.py:634} INFO - (spark.submit.pyFiles,/home/***/.ivy2/jars/org.apache.hadoop_hadoop-aws-3.3.1.jar,/home/***/.ivy2/jars/com.amazonaws_aws-java-sdk-bundle-1.11.901.jar,/home/***/.ivy2/jars/org.wildfly.openssl_wildfly-openssl-1.0.7.Final.jar)
[2024-11-01T11:41:16.564+0000] {spark_submit.py:634} INFO - Classpath elements:
[2024-11-01T11:41:16.564+0000] {spark_submit.py:634} INFO - file:///home/***/.ivy2/jars/org.apache.hadoop_hadoop-aws-3.3.1.jar
[2024-11-01T11:41:16.565+0000] {spark_submit.py:634} INFO - file:///home/***/.ivy2/jars/com.amazonaws_aws-java-sdk-bundle-1.11.901.jar
[2024-11-01T11:41:16.565+0000] {spark_submit.py:634} INFO - file:///home/***/.ivy2/jars/org.wildfly.openssl_wildfly-openssl-1.0.7.Final.jar
[2024-11-01T11:41:16.566+0000] {spark_submit.py:634} INFO - 
[2024-11-01T11:41:16.566+0000] {spark_submit.py:634} INFO - 
[2024-11-01T11:41:18.083+0000] {spark_submit.py:634} INFO - 24/11/01 11:41:18 INFO SparkContext: Running Spark version 3.5.2
[2024-11-01T11:41:18.083+0000] {spark_submit.py:634} INFO - 24/11/01 11:41:18 INFO SparkContext: OS info Linux, 5.15.153.1-microsoft-standard-WSL2, amd64
[2024-11-01T11:41:18.084+0000] {spark_submit.py:634} INFO - 24/11/01 11:41:18 INFO SparkContext: Java version 17.0.13
[2024-11-01T11:41:18.115+0000] {spark_submit.py:634} INFO - 24/11/01 11:41:18 INFO ResourceUtils: ==============================================================
[2024-11-01T11:41:18.116+0000] {spark_submit.py:634} INFO - 24/11/01 11:41:18 INFO ResourceUtils: No custom resources configured for spark.driver.
[2024-11-01T11:41:18.116+0000] {spark_submit.py:634} INFO - 24/11/01 11:41:18 INFO ResourceUtils: ==============================================================
[2024-11-01T11:41:18.117+0000] {spark_submit.py:634} INFO - 24/11/01 11:41:18 INFO SparkContext: Submitted application: arrow-spark
[2024-11-01T11:41:18.144+0000] {spark_submit.py:634} INFO - 24/11/01 11:41:18 INFO ResourceProfile: Default ResourceProfile created, executor resources: Map(cores -> name: cores, amount: 1, script: , vendor: , memory -> name: memory, amount: 2048, script: , vendor: , offHeap -> name: offHeap, amount: 0, script: , vendor: ), task resources: Map(cpus -> name: cpus, amount: 1.0)
[2024-11-01T11:41:18.162+0000] {spark_submit.py:634} INFO - 24/11/01 11:41:18 INFO ResourceProfile: Limiting resource is cpus at 1 tasks per executor
[2024-11-01T11:41:18.168+0000] {spark_submit.py:634} INFO - 24/11/01 11:41:18 INFO ResourceProfileManager: Added ResourceProfile id: 0
[2024-11-01T11:41:18.240+0000] {spark_submit.py:634} INFO - 24/11/01 11:41:18 INFO SecurityManager: Changing view acls to: ***
[2024-11-01T11:41:18.243+0000] {spark_submit.py:634} INFO - 24/11/01 11:41:18 INFO SecurityManager: Changing modify acls to: ***
[2024-11-01T11:41:18.245+0000] {spark_submit.py:634} INFO - 24/11/01 11:41:18 INFO SecurityManager: Changing view acls groups to:
[2024-11-01T11:41:18.245+0000] {spark_submit.py:634} INFO - 24/11/01 11:41:18 INFO SecurityManager: Changing modify acls groups to:
[2024-11-01T11:41:18.246+0000] {spark_submit.py:634} INFO - 24/11/01 11:41:18 INFO SecurityManager: SecurityManager: authentication disabled; ui acls disabled; users with view permissions: ***; groups with view permissions: EMPTY; users with modify permissions: ***; groups with modify permissions: EMPTY
[2024-11-01T11:41:18.513+0000] {spark_submit.py:634} INFO - 24/11/01 11:41:18 INFO Utils: Successfully started service 'sparkDriver' on port 42087.
[2024-11-01T11:41:18.536+0000] {spark_submit.py:634} INFO - 24/11/01 11:41:18 INFO SparkEnv: Registering MapOutputTracker
[2024-11-01T11:41:18.575+0000] {spark_submit.py:634} INFO - 24/11/01 11:41:18 INFO SparkEnv: Registering BlockManagerMaster
[2024-11-01T11:41:18.601+0000] {spark_submit.py:634} INFO - 24/11/01 11:41:18 INFO BlockManagerMasterEndpoint: Using org.apache.spark.storage.DefaultTopologyMapper for getting topology information
[2024-11-01T11:41:18.602+0000] {spark_submit.py:634} INFO - 24/11/01 11:41:18 INFO BlockManagerMasterEndpoint: BlockManagerMasterEndpoint up
[2024-11-01T11:41:18.610+0000] {spark_submit.py:634} INFO - 24/11/01 11:41:18 INFO SparkEnv: Registering BlockManagerMasterHeartbeat
[2024-11-01T11:41:18.648+0000] {spark_submit.py:634} INFO - 24/11/01 11:41:18 INFO DiskBlockManager: Created local directory at /tmp/blockmgr-b22cafd4-5c33-4359-aea0-6e301cb4ee9a
[2024-11-01T11:41:18.663+0000] {spark_submit.py:634} INFO - 24/11/01 11:41:18 INFO MemoryStore: MemoryStore started with capacity 1048.8 MiB
[2024-11-01T11:41:18.686+0000] {spark_submit.py:634} INFO - 24/11/01 11:41:18 INFO SparkEnv: Registering OutputCommitCoordinator
[2024-11-01T11:41:18.877+0000] {spark_submit.py:634} INFO - 24/11/01 11:41:18 INFO JettyUtils: Start Jetty 0.0.0.0:4040 for SparkUI
[2024-11-01T11:41:18.993+0000] {spark_submit.py:634} INFO - 24/11/01 11:41:18 INFO Utils: Successfully started service 'SparkUI' on port 4040.
[2024-11-01T11:41:19.038+0000] {spark_submit.py:634} INFO - 24/11/01 11:41:19 INFO SparkContext: Added JAR file:///home/***/.ivy2/jars/org.apache.hadoop_hadoop-aws-3.3.1.jar at spark://b6f3296945ba:42087/jars/org.apache.hadoop_hadoop-aws-3.3.1.jar with timestamp 1730461278069
[2024-11-01T11:41:19.039+0000] {spark_submit.py:634} INFO - 24/11/01 11:41:19 INFO SparkContext: Added JAR file:///home/***/.ivy2/jars/com.amazonaws_aws-java-sdk-bundle-1.11.901.jar at spark://b6f3296945ba:42087/jars/com.amazonaws_aws-java-sdk-bundle-1.11.901.jar with timestamp 1730461278069
[2024-11-01T11:41:19.039+0000] {spark_submit.py:634} INFO - 24/11/01 11:41:19 INFO SparkContext: Added JAR file:///home/***/.ivy2/jars/org.wildfly.openssl_wildfly-openssl-1.0.7.Final.jar at spark://b6f3296945ba:42087/jars/org.wildfly.openssl_wildfly-openssl-1.0.7.Final.jar with timestamp 1730461278069
[2024-11-01T11:41:19.042+0000] {spark_submit.py:634} INFO - 24/11/01 11:41:19 INFO SparkContext: Added file file:///home/***/.ivy2/jars/org.apache.hadoop_hadoop-aws-3.3.1.jar at file:///home/***/.ivy2/jars/org.apache.hadoop_hadoop-aws-3.3.1.jar with timestamp 1730461278069
[2024-11-01T11:41:19.050+0000] {spark_submit.py:634} INFO - 24/11/01 11:41:19 INFO Utils: Copying /home/***/.ivy2/jars/org.apache.hadoop_hadoop-aws-3.3.1.jar to /tmp/spark-9b8de2c6-5ecf-45fd-8a15-bf216af2f536/userFiles-ff9c8029-7d1a-4a4d-9c7f-d7d2557726e9/org.apache.hadoop_hadoop-aws-3.3.1.jar
[2024-11-01T11:41:19.066+0000] {spark_submit.py:634} INFO - 24/11/01 11:41:19 INFO SparkContext: Added file file:///home/***/.ivy2/jars/com.amazonaws_aws-java-sdk-bundle-1.11.901.jar at file:///home/***/.ivy2/jars/com.amazonaws_aws-java-sdk-bundle-1.11.901.jar with timestamp 1730461278069
[2024-11-01T11:41:19.067+0000] {spark_submit.py:634} INFO - 24/11/01 11:41:19 INFO Utils: Copying /home/***/.ivy2/jars/com.amazonaws_aws-java-sdk-bundle-1.11.901.jar to /tmp/spark-9b8de2c6-5ecf-45fd-8a15-bf216af2f536/userFiles-ff9c8029-7d1a-4a4d-9c7f-d7d2557726e9/com.amazonaws_aws-java-sdk-bundle-1.11.901.jar
[2024-11-01T11:41:19.202+0000] {spark_submit.py:634} INFO - 24/11/01 11:41:19 INFO SparkContext: Added file file:///home/***/.ivy2/jars/org.wildfly.openssl_wildfly-openssl-1.0.7.Final.jar at file:///home/***/.ivy2/jars/org.wildfly.openssl_wildfly-openssl-1.0.7.Final.jar with timestamp 1730461278069
[2024-11-01T11:41:19.203+0000] {spark_submit.py:634} INFO - 24/11/01 11:41:19 INFO Utils: Copying /home/***/.ivy2/jars/org.wildfly.openssl_wildfly-openssl-1.0.7.Final.jar to /tmp/spark-9b8de2c6-5ecf-45fd-8a15-bf216af2f536/userFiles-ff9c8029-7d1a-4a4d-9c7f-d7d2557726e9/org.wildfly.openssl_wildfly-openssl-1.0.7.Final.jar
[2024-11-01T11:41:19.255+0000] {spark_submit.py:634} INFO - 24/11/01 11:41:19 INFO Executor: Starting executor ID driver on host b6f3296945ba
[2024-11-01T11:41:19.255+0000] {spark_submit.py:634} INFO - 24/11/01 11:41:19 INFO Executor: OS info Linux, 5.15.153.1-microsoft-standard-WSL2, amd64
[2024-11-01T11:41:19.256+0000] {spark_submit.py:634} INFO - 24/11/01 11:41:19 INFO Executor: Java version 17.0.13
[2024-11-01T11:41:19.262+0000] {spark_submit.py:634} INFO - 24/11/01 11:41:19 INFO Executor: Starting executor with user classpath (userClassPathFirst = false): ''
[2024-11-01T11:41:19.263+0000] {spark_submit.py:634} INFO - 24/11/01 11:41:19 INFO Executor: Created or updated repl class loader org.apache.spark.util.MutableURLClassLoader@6a1f1dd3 for default.
[2024-11-01T11:41:19.272+0000] {spark_submit.py:634} INFO - 24/11/01 11:41:19 INFO Executor: Fetching file:///home/***/.ivy2/jars/com.amazonaws_aws-java-sdk-bundle-1.11.901.jar with timestamp 1730461278069
[2024-11-01T11:41:19.427+0000] {spark_submit.py:634} INFO - 24/11/01 11:41:19 INFO Utils: /home/***/.ivy2/jars/com.amazonaws_aws-java-sdk-bundle-1.11.901.jar has been previously copied to /tmp/spark-9b8de2c6-5ecf-45fd-8a15-bf216af2f536/userFiles-ff9c8029-7d1a-4a4d-9c7f-d7d2557726e9/com.amazonaws_aws-java-sdk-bundle-1.11.901.jar
[2024-11-01T11:41:19.431+0000] {spark_submit.py:634} INFO - 24/11/01 11:41:19 INFO Executor: Fetching file:///home/***/.ivy2/jars/org.wildfly.openssl_wildfly-openssl-1.0.7.Final.jar with timestamp 1730461278069
[2024-11-01T11:41:19.431+0000] {spark_submit.py:634} INFO - 24/11/01 11:41:19 INFO Utils: /home/***/.ivy2/jars/org.wildfly.openssl_wildfly-openssl-1.0.7.Final.jar has been previously copied to /tmp/spark-9b8de2c6-5ecf-45fd-8a15-bf216af2f536/userFiles-ff9c8029-7d1a-4a4d-9c7f-d7d2557726e9/org.wildfly.openssl_wildfly-openssl-1.0.7.Final.jar
[2024-11-01T11:41:19.435+0000] {spark_submit.py:634} INFO - 24/11/01 11:41:19 INFO Executor: Fetching file:///home/***/.ivy2/jars/org.apache.hadoop_hadoop-aws-3.3.1.jar with timestamp 1730461278069
[2024-11-01T11:41:19.436+0000] {spark_submit.py:634} INFO - 24/11/01 11:41:19 INFO Utils: /home/***/.ivy2/jars/org.apache.hadoop_hadoop-aws-3.3.1.jar has been previously copied to /tmp/spark-9b8de2c6-5ecf-45fd-8a15-bf216af2f536/userFiles-ff9c8029-7d1a-4a4d-9c7f-d7d2557726e9/org.apache.hadoop_hadoop-aws-3.3.1.jar
[2024-11-01T11:41:19.442+0000] {spark_submit.py:634} INFO - 24/11/01 11:41:19 INFO Executor: Fetching spark://b6f3296945ba:42087/jars/org.wildfly.openssl_wildfly-openssl-1.0.7.Final.jar with timestamp 1730461278069
[2024-11-01T11:41:19.469+0000] {spark_submit.py:634} INFO - 24/11/01 11:41:19 INFO TransportClientFactory: Successfully created connection to b6f3296945ba/172.18.0.6:42087 after 19 ms (0 ms spent in bootstraps)
[2024-11-01T11:41:19.475+0000] {spark_submit.py:634} INFO - 24/11/01 11:41:19 INFO Utils: Fetching spark://b6f3296945ba:42087/jars/org.wildfly.openssl_wildfly-openssl-1.0.7.Final.jar to /tmp/spark-9b8de2c6-5ecf-45fd-8a15-bf216af2f536/userFiles-ff9c8029-7d1a-4a4d-9c7f-d7d2557726e9/fetchFileTemp14980552291581920753.tmp
[2024-11-01T11:41:19.492+0000] {spark_submit.py:634} INFO - 24/11/01 11:41:19 INFO Utils: /tmp/spark-9b8de2c6-5ecf-45fd-8a15-bf216af2f536/userFiles-ff9c8029-7d1a-4a4d-9c7f-d7d2557726e9/fetchFileTemp14980552291581920753.tmp has been previously copied to /tmp/spark-9b8de2c6-5ecf-45fd-8a15-bf216af2f536/userFiles-ff9c8029-7d1a-4a4d-9c7f-d7d2557726e9/org.wildfly.openssl_wildfly-openssl-1.0.7.Final.jar
[2024-11-01T11:41:19.497+0000] {spark_submit.py:634} INFO - 24/11/01 11:41:19 INFO Executor: Adding file:/tmp/spark-9b8de2c6-5ecf-45fd-8a15-bf216af2f536/userFiles-ff9c8029-7d1a-4a4d-9c7f-d7d2557726e9/org.wildfly.openssl_wildfly-openssl-1.0.7.Final.jar to class loader default
[2024-11-01T11:41:19.498+0000] {spark_submit.py:634} INFO - 24/11/01 11:41:19 INFO Executor: Fetching spark://b6f3296945ba:42087/jars/org.apache.hadoop_hadoop-aws-3.3.1.jar with timestamp 1730461278069
[2024-11-01T11:41:19.498+0000] {spark_submit.py:634} INFO - 24/11/01 11:41:19 INFO Utils: Fetching spark://b6f3296945ba:42087/jars/org.apache.hadoop_hadoop-aws-3.3.1.jar to /tmp/spark-9b8de2c6-5ecf-45fd-8a15-bf216af2f536/userFiles-ff9c8029-7d1a-4a4d-9c7f-d7d2557726e9/fetchFileTemp6481715695058158826.tmp
[2024-11-01T11:41:19.504+0000] {spark_submit.py:634} INFO - 24/11/01 11:41:19 INFO Utils: /tmp/spark-9b8de2c6-5ecf-45fd-8a15-bf216af2f536/userFiles-ff9c8029-7d1a-4a4d-9c7f-d7d2557726e9/fetchFileTemp6481715695058158826.tmp has been previously copied to /tmp/spark-9b8de2c6-5ecf-45fd-8a15-bf216af2f536/userFiles-ff9c8029-7d1a-4a4d-9c7f-d7d2557726e9/org.apache.hadoop_hadoop-aws-3.3.1.jar
[2024-11-01T11:41:19.527+0000] {spark_submit.py:634} INFO - 24/11/01 11:41:19 INFO Executor: Adding file:/tmp/spark-9b8de2c6-5ecf-45fd-8a15-bf216af2f536/userFiles-ff9c8029-7d1a-4a4d-9c7f-d7d2557726e9/org.apache.hadoop_hadoop-aws-3.3.1.jar to class loader default
[2024-11-01T11:41:19.529+0000] {spark_submit.py:634} INFO - 24/11/01 11:41:19 INFO Executor: Fetching spark://b6f3296945ba:42087/jars/com.amazonaws_aws-java-sdk-bundle-1.11.901.jar with timestamp 1730461278069
[2024-11-01T11:41:19.529+0000] {spark_submit.py:634} INFO - 24/11/01 11:41:19 INFO Utils: Fetching spark://b6f3296945ba:42087/jars/com.amazonaws_aws-java-sdk-bundle-1.11.901.jar to /tmp/spark-9b8de2c6-5ecf-45fd-8a15-bf216af2f536/userFiles-ff9c8029-7d1a-4a4d-9c7f-d7d2557726e9/fetchFileTemp15174290912486328079.tmp
[2024-11-01T11:41:21.479+0000] {spark_submit.py:634} INFO - 24/11/01 11:41:21 INFO Utils: /tmp/spark-9b8de2c6-5ecf-45fd-8a15-bf216af2f536/userFiles-ff9c8029-7d1a-4a4d-9c7f-d7d2557726e9/fetchFileTemp15174290912486328079.tmp has been previously copied to /tmp/spark-9b8de2c6-5ecf-45fd-8a15-bf216af2f536/userFiles-ff9c8029-7d1a-4a4d-9c7f-d7d2557726e9/com.amazonaws_aws-java-sdk-bundle-1.11.901.jar
[2024-11-01T11:41:21.552+0000] {spark_submit.py:634} INFO - 24/11/01 11:41:21 INFO Executor: Adding file:/tmp/spark-9b8de2c6-5ecf-45fd-8a15-bf216af2f536/userFiles-ff9c8029-7d1a-4a4d-9c7f-d7d2557726e9/com.amazonaws_aws-java-sdk-bundle-1.11.901.jar to class loader default
[2024-11-01T11:41:21.566+0000] {spark_submit.py:634} INFO - 24/11/01 11:41:21 INFO Utils: Successfully started service 'org.apache.spark.network.netty.NettyBlockTransferService' on port 32775.
[2024-11-01T11:41:21.568+0000] {spark_submit.py:634} INFO - 24/11/01 11:41:21 INFO NettyBlockTransferService: Server created on b6f3296945ba:32775
[2024-11-01T11:41:21.571+0000] {spark_submit.py:634} INFO - 24/11/01 11:41:21 INFO BlockManager: Using org.apache.spark.storage.RandomBlockReplicationPolicy for block replication policy
[2024-11-01T11:41:21.579+0000] {spark_submit.py:634} INFO - 24/11/01 11:41:21 INFO BlockManagerMaster: Registering BlockManager BlockManagerId(driver, b6f3296945ba, 32775, None)
[2024-11-01T11:41:21.585+0000] {spark_submit.py:634} INFO - 24/11/01 11:41:21 INFO BlockManagerMasterEndpoint: Registering block manager b6f3296945ba:32775 with 1048.8 MiB RAM, BlockManagerId(driver, b6f3296945ba, 32775, None)
[2024-11-01T11:41:21.587+0000] {spark_submit.py:634} INFO - 24/11/01 11:41:21 INFO BlockManagerMaster: Registered BlockManager BlockManagerId(driver, b6f3296945ba, 32775, None)
[2024-11-01T11:41:21.593+0000] {spark_submit.py:634} INFO - 24/11/01 11:41:21 INFO BlockManager: Initialized BlockManager: BlockManagerId(driver, b6f3296945ba, 32775, None)
[2024-11-01T11:41:22.231+0000] {spark_submit.py:634} INFO - Traceback (most recent call last):
[2024-11-01T11:41:22.231+0000] {spark_submit.py:634} INFO - File "/opt/bitnami/spark/src/scripts_spark/WebScraping_Transformation.py", line 243, in <module>
[2024-11-01T11:41:22.233+0000] {spark_submit.py:634} INFO - transformation_data(spark,path)
[2024-11-01T11:41:22.233+0000] {spark_submit.py:634} INFO - File "/opt/bitnami/spark/src/scripts_spark/WebScraping_Transformation.py", line 75, in transformation_data
[2024-11-01T11:41:22.234+0000] {spark_submit.py:634} INFO - df=df.withColumn('name',f.upper(df['name']))
[2024-11-01T11:41:22.235+0000] {spark_submit.py:634} INFO - ^^
[2024-11-01T11:41:22.235+0000] {spark_submit.py:634} INFO - UnboundLocalError: cannot access local variable 'df' where it is not associated with a value
[2024-11-01T11:41:22.292+0000] {spark_submit.py:634} INFO - 24/11/01 11:41:22 INFO SparkContext: Invoking stop() from shutdown hook
[2024-11-01T11:41:22.293+0000] {spark_submit.py:634} INFO - 24/11/01 11:41:22 INFO SparkContext: SparkContext is stopping with exitCode 0.
[2024-11-01T11:41:22.304+0000] {spark_submit.py:634} INFO - 24/11/01 11:41:22 INFO SparkUI: Stopped Spark web UI at http://b6f3296945ba:4040
[2024-11-01T11:41:22.314+0000] {spark_submit.py:634} INFO - 24/11/01 11:41:22 INFO MapOutputTrackerMasterEndpoint: MapOutputTrackerMasterEndpoint stopped!
[2024-11-01T11:41:22.326+0000] {spark_submit.py:634} INFO - 24/11/01 11:41:22 INFO MemoryStore: MemoryStore cleared
[2024-11-01T11:41:22.327+0000] {spark_submit.py:634} INFO - 24/11/01 11:41:22 INFO BlockManager: BlockManager stopped
[2024-11-01T11:41:22.334+0000] {spark_submit.py:634} INFO - 24/11/01 11:41:22 INFO BlockManagerMaster: BlockManagerMaster stopped
[2024-11-01T11:41:22.338+0000] {spark_submit.py:634} INFO - 24/11/01 11:41:22 INFO OutputCommitCoordinator$OutputCommitCoordinatorEndpoint: OutputCommitCoordinator stopped!
[2024-11-01T11:41:22.380+0000] {spark_submit.py:634} INFO - 24/11/01 11:41:22 INFO SparkContext: Successfully stopped SparkContext
[2024-11-01T11:41:22.381+0000] {spark_submit.py:634} INFO - 24/11/01 11:41:22 INFO ShutdownHookManager: Shutdown hook called
[2024-11-01T11:41:22.381+0000] {spark_submit.py:634} INFO - 24/11/01 11:41:22 INFO ShutdownHookManager: Deleting directory /tmp/spark-9b8de2c6-5ecf-45fd-8a15-bf216af2f536/pyspark-d40c7dd7-6215-4b24-aa01-6d3722c40d6a
[2024-11-01T11:41:22.390+0000] {spark_submit.py:634} INFO - 24/11/01 11:41:22 INFO ShutdownHookManager: Deleting directory /tmp/spark-96424c23-387d-4fdf-90dc-b6e86992020c
[2024-11-01T11:41:22.399+0000] {spark_submit.py:634} INFO - 24/11/01 11:41:22 INFO ShutdownHookManager: Deleting directory /tmp/spark-9b8de2c6-5ecf-45fd-8a15-bf216af2f536
[2024-11-01T11:41:22.454+0000] {taskinstance.py:3310} ERROR - Task failed with exception
Traceback (most recent call last):
  File "/home/airflow/.local/lib/python3.12/site-packages/airflow/models/taskinstance.py", line 767, in _execute_task
    result = _execute_callable(context=context, **execute_callable_kwargs)
             ^^^^^^^^^^^^^^^^^^^^^^^^^^^^^^^^^^^^^^^^^^^^^^^^^^^^^^^^^^^^^
  File "/home/airflow/.local/lib/python3.12/site-packages/airflow/models/taskinstance.py", line 733, in _execute_callable
    return ExecutionCallableRunner(
           ^^^^^^^^^^^^^^^^^^^^^^^^
  File "/home/airflow/.local/lib/python3.12/site-packages/airflow/utils/operator_helpers.py", line 252, in run
    return self.func(*args, **kwargs)
           ^^^^^^^^^^^^^^^^^^^^^^^^^^
  File "/home/airflow/.local/lib/python3.12/site-packages/airflow/models/baseoperator.py", line 406, in wrapper
    return func(self, *args, **kwargs)
           ^^^^^^^^^^^^^^^^^^^^^^^^^^^
  File "/home/airflow/.local/lib/python3.12/site-packages/airflow/providers/apache/spark/operators/spark_submit.py", line 176, in execute
    self._hook.submit(self.application)
  File "/home/airflow/.local/lib/python3.12/site-packages/airflow/providers/apache/spark/hooks/spark_submit.py", line 560, in submit
    raise AirflowException(
airflow.exceptions.AirflowException: Cannot execute: spark-submit --master spark://spark:7077 --conf spark.executor.memory=2g --conf spark.driver.memory=2g --conf spark.executor.instances=1 --conf spark.executor.cores=1 --conf fs.s3a.endpoint=http://minio:9000 --conf fs.s3a.access.key=AVcyU1dIcrfI88EqIa7p --conf fs.s3a.secret.key=****** --conf fs.s3a.path.style.access=true --packages org.apache.hadoop:hadoop-aws:3.3.1 --name arrow-spark --verbose --deploy-mode client /opt/bitnami/spark/src/scripts_spark/WebScraping_Transformation.py --json_file_path s3a://rawzone/pichau/pichau_2024-10-27/data.json. Error code is: 1.
[2024-11-01T11:41:22.458+0000] {taskinstance.py:1225} INFO - Marking task as FAILED. dag_id=pipeline_webscraping, task_id=pichau_tasks.spark_submit_job, run_id=manual__2024-11-01T11:41:09.767612+00:00, execution_date=20241101T114109, start_date=20241101T114113, end_date=20241101T114122
[2024-11-01T11:41:22.474+0000] {taskinstance.py:340} INFO - ::group::Post task execution logs
[2024-11-01T11:41:22.479+0000] {standard_task_runner.py:124} ERROR - Failed to execute job 42 for task pichau_tasks.spark_submit_job (Cannot execute: spark-submit --master spark://spark:7077 --conf spark.executor.memory=2g --conf spark.driver.memory=2g --conf spark.executor.instances=1 --conf spark.executor.cores=1 --conf fs.s3a.endpoint=http://minio:9000 --conf fs.s3a.access.key=AVcyU1dIcrfI88EqIa7p --conf fs.s3a.secret.key=****** --conf fs.s3a.path.style.access=true --packages org.apache.hadoop:hadoop-aws:3.3.1 --name arrow-spark --verbose --deploy-mode client /opt/bitnami/spark/src/scripts_spark/WebScraping_Transformation.py --json_file_path s3a://rawzone/pichau/pichau_2024-10-27/data.json. Error code is: 1.; 1946)
Traceback (most recent call last):
  File "/home/airflow/.local/lib/python3.12/site-packages/airflow/task/task_runner/standard_task_runner.py", line 117, in _start_by_fork
    ret = args.func(args, dag=self.dag)
          ^^^^^^^^^^^^^^^^^^^^^^^^^^^^^
  File "/home/airflow/.local/lib/python3.12/site-packages/airflow/cli/cli_config.py", line 49, in command
    return func(*args, **kwargs)
           ^^^^^^^^^^^^^^^^^^^^^
  File "/home/airflow/.local/lib/python3.12/site-packages/airflow/utils/cli.py", line 115, in wrapper
    return f(*args, **kwargs)
           ^^^^^^^^^^^^^^^^^^
  File "/home/airflow/.local/lib/python3.12/site-packages/airflow/cli/commands/task_command.py", line 483, in task_run
    task_return_code = _run_task_by_selected_method(args, _dag, ti)
                       ^^^^^^^^^^^^^^^^^^^^^^^^^^^^^^^^^^^^^^^^^^^^
  File "/home/airflow/.local/lib/python3.12/site-packages/airflow/cli/commands/task_command.py", line 256, in _run_task_by_selected_method
    return _run_raw_task(args, ti)
           ^^^^^^^^^^^^^^^^^^^^^^^
  File "/home/airflow/.local/lib/python3.12/site-packages/airflow/cli/commands/task_command.py", line 341, in _run_raw_task
    return ti._run_raw_task(
           ^^^^^^^^^^^^^^^^^
  File "/home/airflow/.local/lib/python3.12/site-packages/airflow/utils/session.py", line 97, in wrapper
    return func(*args, session=session, **kwargs)
           ^^^^^^^^^^^^^^^^^^^^^^^^^^^^^^^^^^^^^^
  File "/home/airflow/.local/lib/python3.12/site-packages/airflow/models/taskinstance.py", line 3004, in _run_raw_task
    return _run_raw_task(
           ^^^^^^^^^^^^^^
  File "/home/airflow/.local/lib/python3.12/site-packages/airflow/models/taskinstance.py", line 273, in _run_raw_task
    TaskInstance._execute_task_with_callbacks(
  File "/home/airflow/.local/lib/python3.12/site-packages/airflow/models/taskinstance.py", line 3158, in _execute_task_with_callbacks
    result = self._execute_task(context, task_orig)
             ^^^^^^^^^^^^^^^^^^^^^^^^^^^^^^^^^^^^^^
  File "/home/airflow/.local/lib/python3.12/site-packages/airflow/models/taskinstance.py", line 3182, in _execute_task
    return _execute_task(self, context, task_orig)
           ^^^^^^^^^^^^^^^^^^^^^^^^^^^^^^^^^^^^^^^
  File "/home/airflow/.local/lib/python3.12/site-packages/airflow/models/taskinstance.py", line 767, in _execute_task
    result = _execute_callable(context=context, **execute_callable_kwargs)
             ^^^^^^^^^^^^^^^^^^^^^^^^^^^^^^^^^^^^^^^^^^^^^^^^^^^^^^^^^^^^^
  File "/home/airflow/.local/lib/python3.12/site-packages/airflow/models/taskinstance.py", line 733, in _execute_callable
    return ExecutionCallableRunner(
           ^^^^^^^^^^^^^^^^^^^^^^^^
  File "/home/airflow/.local/lib/python3.12/site-packages/airflow/utils/operator_helpers.py", line 252, in run
    return self.func(*args, **kwargs)
           ^^^^^^^^^^^^^^^^^^^^^^^^^^
  File "/home/airflow/.local/lib/python3.12/site-packages/airflow/models/baseoperator.py", line 406, in wrapper
    return func(self, *args, **kwargs)
           ^^^^^^^^^^^^^^^^^^^^^^^^^^^
  File "/home/airflow/.local/lib/python3.12/site-packages/airflow/providers/apache/spark/operators/spark_submit.py", line 176, in execute
    self._hook.submit(self.application)
  File "/home/airflow/.local/lib/python3.12/site-packages/airflow/providers/apache/spark/hooks/spark_submit.py", line 560, in submit
    raise AirflowException(
airflow.exceptions.AirflowException: Cannot execute: spark-submit --master spark://spark:7077 --conf spark.executor.memory=2g --conf spark.driver.memory=2g --conf spark.executor.instances=1 --conf spark.executor.cores=1 --conf fs.s3a.endpoint=http://minio:9000 --conf fs.s3a.access.key=AVcyU1dIcrfI88EqIa7p --conf fs.s3a.secret.key=****** --conf fs.s3a.path.style.access=true --packages org.apache.hadoop:hadoop-aws:3.3.1 --name arrow-spark --verbose --deploy-mode client /opt/bitnami/spark/src/scripts_spark/WebScraping_Transformation.py --json_file_path s3a://rawzone/pichau/pichau_2024-10-27/data.json. Error code is: 1.
[2024-11-01T11:41:22.517+0000] {local_task_job_runner.py:266} INFO - Task exited with return code 1
[2024-11-01T11:41:22.542+0000] {taskinstance.py:3900} INFO - 0 downstream tasks scheduled from follow-on schedule check
[2024-11-01T11:41:22.551+0000] {local_task_job_runner.py:245} INFO - ::endgroup::
