[2024-10-03T23:43:22.283+0000] {local_task_job_runner.py:123} INFO - ::group::Pre task execution logs
[2024-10-03T23:43:22.299+0000] {taskinstance.py:2612} INFO - Dependencies all met for dep_context=non-requeueable deps ti=<TaskInstance: SitesWebScraping.Check_for_file manual__2024-10-03T23:40:41.225098+00:00 [queued]>
[2024-10-03T23:43:22.307+0000] {taskinstance.py:2612} INFO - Dependencies all met for dep_context=requeueable deps ti=<TaskInstance: SitesWebScraping.Check_for_file manual__2024-10-03T23:40:41.225098+00:00 [queued]>
[2024-10-03T23:43:22.308+0000] {taskinstance.py:2865} INFO - Starting attempt 1 of 1
[2024-10-03T23:43:22.321+0000] {taskinstance.py:2888} INFO - Executing <Task(OperatorFileSensor): Check_for_file> on 2024-10-03 23:40:41.225098+00:00
[2024-10-03T23:43:22.326+0000] {warnings.py:112} WARNING - /home/***/.local/lib/python3.12/site-packages/***/task/task_runner/standard_task_runner.py:70: DeprecationWarning: This process (pid=8708) is multi-threaded, use of fork() may lead to deadlocks in the child.
  pid = os.fork()

[2024-10-03T23:43:22.328+0000] {standard_task_runner.py:72} INFO - Started process 8709 to run task
[2024-10-03T23:43:22.328+0000] {standard_task_runner.py:104} INFO - Running: ['***', 'tasks', 'run', 'SitesWebScraping', 'Check_for_file', 'manual__2024-10-03T23:40:41.225098+00:00', '--job-id', '1036', '--raw', '--subdir', 'DAGS_FOLDER/DagWebScraping.py', '--cfg-path', '/tmp/tmprrr_4t48']
[2024-10-03T23:43:22.330+0000] {standard_task_runner.py:105} INFO - Job 1036: Subtask Check_for_file
[2024-10-03T23:43:22.374+0000] {task_command.py:467} INFO - Running <TaskInstance: SitesWebScraping.Check_for_file manual__2024-10-03T23:40:41.225098+00:00 [running]> on host f8603ea05473
[2024-10-03T23:43:22.443+0000] {taskinstance.py:3131} INFO - Exporting env vars: AIRFLOW_CTX_DAG_OWNER='***' AIRFLOW_CTX_DAG_ID='SitesWebScraping' AIRFLOW_CTX_TASK_ID='Check_for_file' AIRFLOW_CTX_EXECUTION_DATE='2024-10-03T23:40:41.225098+00:00' AIRFLOW_CTX_TRY_NUMBER='1' AIRFLOW_CTX_DAG_RUN_ID='manual__2024-10-03T23:40:41.225098+00:00'
[2024-10-03T23:43:22.445+0000] {taskinstance.py:731} INFO - ::endgroup::
[2024-10-03T23:43:22.457+0000] {baseoperator.py:405} WARNING - OperatorFileSensor.execute cannot be called outside TaskInstance!
[2024-10-03T23:43:22.482+0000] {base.py:336} INFO - Success criteria met. Exiting.
[2024-10-03T23:43:22.526+0000] {taskinstance.py:340} INFO - ::group::Post task execution logs
[2024-10-03T23:43:22.527+0000] {taskinstance.py:352} INFO - Marking task as SUCCESS. dag_id=SitesWebScraping, task_id=Check_for_file, run_id=manual__2024-10-03T23:40:41.225098+00:00, execution_date=20241003T234041, start_date=20241003T234322, end_date=20241003T234322
[2024-10-03T23:43:22.583+0000] {local_task_job_runner.py:266} INFO - Task exited with return code 0
[2024-10-03T23:43:22.614+0000] {taskinstance.py:3900} INFO - 1 downstream tasks scheduled from follow-on schedule check
[2024-10-03T23:43:22.618+0000] {local_task_job_runner.py:245} INFO - ::endgroup::
