[2024-11-02T13:06:17.058+0000] {local_task_job_runner.py:123} INFO - ::group::Pre task execution logs
[2024-11-02T13:06:17.072+0000] {taskinstance.py:2612} INFO - Dependencies all met for dep_context=non-requeueable deps ti=<TaskInstance: LoadWebScraping.insert manual__2024-11-02T13:06:12.981428+00:00 [queued]>
[2024-11-02T13:06:17.079+0000] {taskinstance.py:2612} INFO - Dependencies all met for dep_context=requeueable deps ti=<TaskInstance: LoadWebScraping.insert manual__2024-11-02T13:06:12.981428+00:00 [queued]>
[2024-11-02T13:06:17.080+0000] {taskinstance.py:2865} INFO - Starting attempt 1 of 1
[2024-11-02T13:06:17.093+0000] {taskinstance.py:2888} INFO - Executing <Task(SparkSubmitOperator): insert> on 2024-11-02 13:06:12.981428+00:00
[2024-11-02T13:06:17.098+0000] {warnings.py:112} WARNING - /home/***/.local/lib/python3.12/site-packages/***/task/task_runner/standard_task_runner.py:70: DeprecationWarning: This process (pid=8763) is multi-threaded, use of fork() may lead to deadlocks in the child.
  pid = os.fork()

[2024-11-02T13:06:17.100+0000] {standard_task_runner.py:72} INFO - Started process 8765 to run task
[2024-11-02T13:06:17.100+0000] {standard_task_runner.py:104} INFO - Running: ['***', 'tasks', 'run', 'LoadWebScraping', 'insert', 'manual__2024-11-02T13:06:12.981428+00:00', '--job-id', '208', '--raw', '--subdir', 'DAGS_FOLDER/LoadWebScraping.py', '--cfg-path', '/tmp/tmpkji_j0rz']
[2024-11-02T13:06:17.103+0000] {standard_task_runner.py:105} INFO - Job 208: Subtask insert
[2024-11-02T13:06:17.146+0000] {task_command.py:467} INFO - Running <TaskInstance: LoadWebScraping.insert manual__2024-11-02T13:06:12.981428+00:00 [running]> on host c9f99735a600
[2024-11-02T13:06:17.221+0000] {taskinstance.py:3131} INFO - Exporting env vars: AIRFLOW_CTX_DAG_OWNER='***' AIRFLOW_CTX_DAG_ID='LoadWebScraping' AIRFLOW_CTX_TASK_ID='insert' AIRFLOW_CTX_EXECUTION_DATE='2024-11-02T13:06:12.981428+00:00' AIRFLOW_CTX_TRY_NUMBER='1' AIRFLOW_CTX_DAG_RUN_ID='manual__2024-11-02T13:06:12.981428+00:00'
[2024-11-02T13:06:17.222+0000] {taskinstance.py:731} INFO - ::endgroup::
[2024-11-02T13:06:17.241+0000] {base.py:84} INFO - Retrieving connection 'spark_default'
[2024-11-02T13:06:17.242+0000] {spark_submit.py:327} ERROR - Failed to decode base64 keytab: Incorrect padding
[2024-11-02T13:06:17.242+0000] {spark_submit.py:304} INFO - Could not load connection string spark_default, defaulting to spark://spark:7077
[2024-11-02T13:06:17.244+0000] {spark_submit.py:473} INFO - Spark-Submit cmd: spark-submit --master spark://spark:7077 --driver-class-path /opt/***/jars/postgresql-42.5.0.jar --jars /opt/***/jars/postgresql-42.5.0.jar --packages org.postgresql:postgresql:42.5.0 --name arrow-spark --deploy-mode client /opt/bitnami/spark/src/scripts_spark/LoadFileToDB.py
[2024-11-02T13:06:18.617+0000] {spark_submit.py:634} INFO - :: loading settings :: url = jar:file:/home/***/.local/lib/python3.12/site-packages/pyspark/jars/ivy-2.5.1.jar!/org/apache/ivy/core/settings/ivysettings.xml
[2024-11-02T13:06:18.667+0000] {spark_submit.py:634} INFO - Ivy Default Cache set to: /home/***/.ivy2/cache
[2024-11-02T13:06:18.667+0000] {spark_submit.py:634} INFO - The jars for the packages stored in: /home/***/.ivy2/jars
[2024-11-02T13:06:18.675+0000] {spark_submit.py:634} INFO - org.postgresql#postgresql added as a dependency
[2024-11-02T13:06:18.676+0000] {spark_submit.py:634} INFO - :: resolving dependencies :: org.apache.spark#spark-submit-parent-6d6f233c-a9da-41bb-acf2-e238a39a1b72;1.0
[2024-11-02T13:06:18.677+0000] {spark_submit.py:634} INFO - confs: [default]
[2024-11-02T13:06:18.749+0000] {spark_submit.py:634} INFO - found org.postgresql#postgresql;42.5.0 in central
[2024-11-02T13:06:18.766+0000] {spark_submit.py:634} INFO - found org.checkerframework#checker-qual;3.5.0 in central
[2024-11-02T13:06:18.776+0000] {spark_submit.py:634} INFO - :: resolution report :: resolve 96ms :: artifacts dl 4ms
[2024-11-02T13:06:18.777+0000] {spark_submit.py:634} INFO - :: modules in use:
[2024-11-02T13:06:18.777+0000] {spark_submit.py:634} INFO - org.checkerframework#checker-qual;3.5.0 from central in [default]
[2024-11-02T13:06:18.778+0000] {spark_submit.py:634} INFO - org.postgresql#postgresql;42.5.0 from central in [default]
[2024-11-02T13:06:18.778+0000] {spark_submit.py:634} INFO - ---------------------------------------------------------------------
[2024-11-02T13:06:18.779+0000] {spark_submit.py:634} INFO - |                  |            modules            ||   artifacts   |
[2024-11-02T13:06:18.779+0000] {spark_submit.py:634} INFO - |       conf       | number| search|dwnlded|evicted|| number|dwnlded|
[2024-11-02T13:06:18.780+0000] {spark_submit.py:634} INFO - ---------------------------------------------------------------------
[2024-11-02T13:06:18.780+0000] {spark_submit.py:634} INFO - |      default     |   2   |   0   |   0   |   0   ||   2   |   0   |
[2024-11-02T13:06:18.781+0000] {spark_submit.py:634} INFO - ---------------------------------------------------------------------
[2024-11-02T13:06:18.781+0000] {spark_submit.py:634} INFO - :: retrieving :: org.apache.spark#spark-submit-parent-6d6f233c-a9da-41bb-acf2-e238a39a1b72
[2024-11-02T13:06:18.782+0000] {spark_submit.py:634} INFO - confs: [default]
[2024-11-02T13:06:18.783+0000] {spark_submit.py:634} INFO - 0 artifacts copied, 2 already retrieved (0kB/4ms)
[2024-11-02T13:06:18.913+0000] {spark_submit.py:634} INFO - 24/11/02 13:06:18 WARN NativeCodeLoader: Unable to load native-hadoop library for your platform... using builtin-java classes where applicable
[2024-11-02T13:06:19.036+0000] {spark_submit.py:634} INFO - 24/11/02 13:06:19 WARN DependencyUtils: Local jar /opt/***/jars/postgresql-42.5.0.jar does not exist, skipping.
[2024-11-02T13:06:21.591+0000] {spark_submit.py:634} INFO - 24/11/02 13:06:21 INFO SparkContext: Running Spark version 3.5.2
[2024-11-02T13:06:21.592+0000] {spark_submit.py:634} INFO - 24/11/02 13:06:21 INFO SparkContext: OS info Linux, 5.15.153.1-microsoft-standard-WSL2, amd64
[2024-11-02T13:06:21.592+0000] {spark_submit.py:634} INFO - 24/11/02 13:06:21 INFO SparkContext: Java version 17.0.13
[2024-11-02T13:06:21.610+0000] {spark_submit.py:634} INFO - 24/11/02 13:06:21 INFO ResourceUtils: ==============================================================
[2024-11-02T13:06:21.610+0000] {spark_submit.py:634} INFO - 24/11/02 13:06:21 INFO ResourceUtils: No custom resources configured for spark.driver.
[2024-11-02T13:06:21.611+0000] {spark_submit.py:634} INFO - 24/11/02 13:06:21 INFO ResourceUtils: ==============================================================
[2024-11-02T13:06:21.612+0000] {spark_submit.py:634} INFO - 24/11/02 13:06:21 INFO SparkContext: Submitted application: Insert_data
[2024-11-02T13:06:21.627+0000] {spark_submit.py:634} INFO - 24/11/02 13:06:21 INFO ResourceProfile: Default ResourceProfile created, executor resources: Map(cores -> name: cores, amount: 1, script: , vendor: , memory -> name: memory, amount: 1024, script: , vendor: , offHeap -> name: offHeap, amount: 0, script: , vendor: ), task resources: Map(cpus -> name: cpus, amount: 1.0)
[2024-11-02T13:06:21.635+0000] {spark_submit.py:634} INFO - 24/11/02 13:06:21 INFO ResourceProfile: Limiting resource is cpu
[2024-11-02T13:06:21.636+0000] {spark_submit.py:634} INFO - 24/11/02 13:06:21 INFO ResourceProfileManager: Added ResourceProfile id: 0
[2024-11-02T13:06:21.674+0000] {spark_submit.py:634} INFO - 24/11/02 13:06:21 INFO SecurityManager: Changing view acls to: ***
[2024-11-02T13:06:21.675+0000] {spark_submit.py:634} INFO - 24/11/02 13:06:21 INFO SecurityManager: Changing modify acls to: ***
[2024-11-02T13:06:21.676+0000] {spark_submit.py:634} INFO - 24/11/02 13:06:21 INFO SecurityManager: Changing view acls groups to:
[2024-11-02T13:06:21.677+0000] {spark_submit.py:634} INFO - 24/11/02 13:06:21 INFO SecurityManager: Changing modify acls groups to:
[2024-11-02T13:06:21.677+0000] {spark_submit.py:634} INFO - 24/11/02 13:06:21 INFO SecurityManager: SecurityManager: authentication disabled; ui acls disabled; users with view permissions: ***; groups with view permissions: EMPTY; users with modify permissions: ***; groups with modify permissions: EMPTY
[2024-11-02T13:06:21.833+0000] {spark_submit.py:634} INFO - 24/11/02 13:06:21 INFO Utils: Successfully started service 'sparkDriver' on port 33429.
[2024-11-02T13:06:21.859+0000] {spark_submit.py:634} INFO - 24/11/02 13:06:21 INFO SparkEnv: Registering MapOutputTracker
[2024-11-02T13:06:21.886+0000] {spark_submit.py:634} INFO - 24/11/02 13:06:21 INFO SparkEnv: Registering BlockManagerMaster
[2024-11-02T13:06:21.908+0000] {spark_submit.py:634} INFO - 24/11/02 13:06:21 INFO BlockManagerMasterEndpoint: Using org.apache.spark.storage.DefaultTopologyMapper for getting topology information
[2024-11-02T13:06:21.908+0000] {spark_submit.py:634} INFO - 24/11/02 13:06:21 INFO BlockManagerMasterEndpoint: BlockManagerMasterEndpoint up
[2024-11-02T13:06:21.914+0000] {spark_submit.py:634} INFO - 24/11/02 13:06:21 INFO SparkEnv: Registering BlockManagerMasterHeartbeat
[2024-11-02T13:06:21.937+0000] {spark_submit.py:634} INFO - 24/11/02 13:06:21 INFO DiskBlockManager: Created local directory at /tmp/blockmgr-105691cc-65e1-44e1-b8a9-10e0919d21e7
[2024-11-02T13:06:21.957+0000] {spark_submit.py:634} INFO - 24/11/02 13:06:21 INFO MemoryStore: MemoryStore started with capacity 434.4 MiB
[2024-11-02T13:06:21.974+0000] {spark_submit.py:634} INFO - 24/11/02 13:06:21 INFO SparkEnv: Registering OutputCommitCoordinator
[2024-11-02T13:06:22.113+0000] {spark_submit.py:634} INFO - 24/11/02 13:06:22 INFO JettyUtils: Start Jetty 0.0.0.0:4040 for SparkUI
[2024-11-02T13:06:22.178+0000] {spark_submit.py:634} INFO - 24/11/02 13:06:22 INFO Utils: Successfully started service 'SparkUI' on port 4040.
[2024-11-02T13:06:22.218+0000] {spark_submit.py:634} INFO - 24/11/02 13:06:22 ERROR SparkContext: Failed to add /opt/bitnami/spark/jars/postgresql-42.5.0.jar to Spark environment
[2024-11-02T13:06:22.219+0000] {spark_submit.py:634} INFO - java.io.FileNotFoundException: Jar /opt/bitnami/spark/jars/postgresql-42.5.0.jar not found
[2024-11-02T13:06:22.219+0000] {spark_submit.py:634} INFO - at org.apache.spark.SparkContext.addLocalJarFile$1(SparkContext.scala:2095)
[2024-11-02T13:06:22.220+0000] {spark_submit.py:634} INFO - at org.apache.spark.SparkContext.addJar(SparkContext.scala:2151)
[2024-11-02T13:06:22.220+0000] {spark_submit.py:634} INFO - at org.apache.spark.SparkContext.$anonfun$new$15(SparkContext.scala:521)
[2024-11-02T13:06:22.221+0000] {spark_submit.py:634} INFO - at org.apache.spark.SparkContext.$anonfun$new$15$adapted(SparkContext.scala:521)
[2024-11-02T13:06:22.221+0000] {spark_submit.py:634} INFO - at scala.collection.mutable.ResizableArray.foreach(ResizableArray.scala:62)
[2024-11-02T13:06:22.222+0000] {spark_submit.py:634} INFO - at scala.collection.mutable.ResizableArray.foreach$(ResizableArray.scala:55)
[2024-11-02T13:06:22.223+0000] {spark_submit.py:634} INFO - at scala.collection.mutable.ArrayBuffer.foreach(ArrayBuffer.scala:49)
[2024-11-02T13:06:22.223+0000] {spark_submit.py:634} INFO - at org.apache.spark.SparkContext.<init>(SparkContext.scala:521)
[2024-11-02T13:06:22.224+0000] {spark_submit.py:634} INFO - at org.apache.spark.api.java.JavaSparkContext.<init>(JavaSparkContext.scala:58)
[2024-11-02T13:06:22.224+0000] {spark_submit.py:634} INFO - at java.base/jdk.internal.reflect.NativeConstructorAccessorImpl.newInstance0(Native Method)
[2024-11-02T13:06:22.225+0000] {spark_submit.py:634} INFO - at java.base/jdk.internal.reflect.NativeConstructorAccessorImpl.newInstance(NativeConstructorAccessorImpl.java:77)
[2024-11-02T13:06:22.225+0000] {spark_submit.py:634} INFO - at java.base/jdk.internal.reflect.DelegatingConstructorAccessorImpl.newInstance(DelegatingConstructorAccessorImpl.java:45)
[2024-11-02T13:06:22.226+0000] {spark_submit.py:634} INFO - at java.base/java.lang.reflect.Constructor.newInstanceWithCaller(Constructor.java:500)
[2024-11-02T13:06:22.226+0000] {spark_submit.py:634} INFO - at java.base/java.lang.reflect.Constructor.newInstance(Constructor.java:481)
[2024-11-02T13:06:22.227+0000] {spark_submit.py:634} INFO - at py4j.reflection.MethodInvoker.invoke(MethodInvoker.java:247)
[2024-11-02T13:06:22.228+0000] {spark_submit.py:634} INFO - at py4j.reflection.ReflectionEngine.invoke(ReflectionEngine.java:374)
[2024-11-02T13:06:22.228+0000] {spark_submit.py:634} INFO - at py4j.Gateway.invoke(Gateway.java:238)
[2024-11-02T13:06:22.229+0000] {spark_submit.py:634} INFO - at py4j.commands.ConstructorCommand.invokeConstructor(ConstructorCommand.java:80)
[2024-11-02T13:06:22.229+0000] {spark_submit.py:634} INFO - at py4j.commands.ConstructorCommand.execute(ConstructorCommand.java:69)
[2024-11-02T13:06:22.230+0000] {spark_submit.py:634} INFO - at py4j.ClientServerConnection.waitForCommands(ClientServerConnection.java:182)
[2024-11-02T13:06:22.230+0000] {spark_submit.py:634} INFO - at py4j.ClientServerConnection.run(ClientServerConnection.java:106)
[2024-11-02T13:06:22.230+0000] {spark_submit.py:634} INFO - at java.base/java.lang.Thread.run(Thread.java:840)
[2024-11-02T13:06:22.231+0000] {spark_submit.py:634} INFO - 24/11/02 13:06:22 INFO SparkContext: Added file file:///home/***/.ivy2/jars/org.postgresql_postgresql-42.5.0.jar at file:///home/***/.ivy2/jars/org.postgresql_postgresql-42.5.0.jar with timestamp 1730552781586
[2024-11-02T13:06:22.232+0000] {spark_submit.py:634} INFO - 24/11/02 13:06:22 INFO Utils: Copying /home/***/.ivy2/jars/org.postgresql_postgresql-42.5.0.jar to /tmp/spark-c54df72c-7225-4139-9622-57afc5c7012c/userFiles-9b4c8c8c-183b-40d6-aedd-25cb0214ea5a/org.postgresql_postgresql-42.5.0.jar
[2024-11-02T13:06:22.234+0000] {spark_submit.py:634} INFO - 24/11/02 13:06:22 INFO SparkContext: Added file file:///home/***/.ivy2/jars/org.checkerframework_checker-qual-3.5.0.jar at file:///home/***/.ivy2/jars/org.checkerframework_checker-qual-3.5.0.jar with timestamp 1730552781586
[2024-11-02T13:06:22.235+0000] {spark_submit.py:634} INFO - 24/11/02 13:06:22 INFO Utils: Copying /home/***/.ivy2/jars/org.checkerframework_checker-qual-3.5.0.jar to /tmp/spark-c54df72c-7225-4139-9622-57afc5c7012c/userFiles-9b4c8c8c-183b-40d6-aedd-25cb0214ea5a/org.checkerframework_checker-qual-3.5.0.jar
[2024-11-02T13:06:22.291+0000] {spark_submit.py:634} INFO - 24/11/02 13:06:22 INFO Executor: Starting executor ID driver on host c9f99735a600
[2024-11-02T13:06:22.292+0000] {spark_submit.py:634} INFO - 24/11/02 13:06:22 INFO Executor: OS info Linux, 5.15.153.1-microsoft-standard-WSL2, amd64
[2024-11-02T13:06:22.292+0000] {spark_submit.py:634} INFO - 24/11/02 13:06:22 INFO Executor: Java version 17.0.13
[2024-11-02T13:06:22.297+0000] {spark_submit.py:634} INFO - 24/11/02 13:06:22 INFO Executor: Starting executor with user classpath (userClassPathFirst = false): ''
[2024-11-02T13:06:22.298+0000] {spark_submit.py:634} INFO - 24/11/02 13:06:22 INFO Executor: Created or updated repl class loader org.apache.spark.util.MutableURLClassLoader@6efb5fc5 for default.
[2024-11-02T13:06:22.307+0000] {spark_submit.py:634} INFO - 24/11/02 13:06:22 INFO Executor: Fetching file:///home/***/.ivy2/jars/org.checkerframework_checker-qual-3.5.0.jar with timestamp 1730552781586
[2024-11-02T13:06:22.320+0000] {spark_submit.py:634} INFO - 24/11/02 13:06:22 INFO Utils: /home/***/.ivy2/jars/org.checkerframework_checker-qual-3.5.0.jar has been previously copied to /tmp/spark-c54df72c-7225-4139-9622-57afc5c7012c/userFiles-9b4c8c8c-183b-40d6-aedd-25cb0214ea5a/org.checkerframework_checker-qual-3.5.0.jar
[2024-11-02T13:06:22.324+0000] {spark_submit.py:634} INFO - 24/11/02 13:06:22 INFO Executor: Fetching file:///home/***/.ivy2/jars/org.postgresql_postgresql-42.5.0.jar with timestamp 1730552781586
[2024-11-02T13:06:22.328+0000] {spark_submit.py:634} INFO - 24/11/02 13:06:22 INFO Utils: /home/***/.ivy2/jars/org.postgresql_postgresql-42.5.0.jar has been previously copied to /tmp/spark-c54df72c-7225-4139-9622-57afc5c7012c/userFiles-9b4c8c8c-183b-40d6-aedd-25cb0214ea5a/org.postgresql_postgresql-42.5.0.jar
[2024-11-02T13:06:22.340+0000] {spark_submit.py:634} INFO - 24/11/02 13:06:22 INFO Utils: Successfully started service 'org.apache.spark.network.netty.NettyBlockTransferService' on port 35817.
[2024-11-02T13:06:22.340+0000] {spark_submit.py:634} INFO - 24/11/02 13:06:22 INFO NettyBlockTransferService: Server created on c9f99735a600:35817
[2024-11-02T13:06:22.342+0000] {spark_submit.py:634} INFO - 24/11/02 13:06:22 INFO BlockManager: Using org.apache.spark.storage.RandomBlockReplicationPolicy for block replication policy
[2024-11-02T13:06:22.346+0000] {spark_submit.py:634} INFO - 24/11/02 13:06:22 INFO BlockManagerMaster: Registering BlockManager BlockManagerId(driver, c9f99735a600, 35817, None)
[2024-11-02T13:06:22.350+0000] {spark_submit.py:634} INFO - 24/11/02 13:06:22 INFO BlockManagerMasterEndpoint: Registering block manager c9f99735a600:35817 with 434.4 MiB RAM, BlockManagerId(driver, c9f99735a600, 35817, None)
[2024-11-02T13:06:22.352+0000] {spark_submit.py:634} INFO - 24/11/02 13:06:22 INFO BlockManagerMaster: Registered BlockManager BlockManagerId(driver, c9f99735a600, 35817, None)
[2024-11-02T13:06:22.354+0000] {spark_submit.py:634} INFO - 24/11/02 13:06:22 INFO BlockManager: Initialized BlockManager: BlockManagerId(driver, c9f99735a600, 35817, None)
[2024-11-02T13:06:22.619+0000] {spark_submit.py:634} INFO - 24/11/02 13:06:22 INFO SharedState: Setting hive.metastore.warehouse.dir ('null') to the value of spark.sql.warehouse.dir.
[2024-11-02T13:06:22.621+0000] {spark_submit.py:634} INFO - 24/11/02 13:06:22 INFO SharedState: Warehouse path is 'file:/opt/***/spark-warehouse'.
[2024-11-02T13:06:23.119+0000] {spark_submit.py:634} INFO - 24/11/02 13:06:23 WARN FileStreamSink: Assume no metadata directory. Error while looking for metadata directory in the path: s3a://silverzone/kabum/kabum_2024-11-02/memoria_k.parquet.
[2024-11-02T13:06:23.120+0000] {spark_submit.py:634} INFO - java.lang.RuntimeException: java.lang.ClassNotFoundException: Class org.apache.hadoop.fs.s3a.S3AFileSystem not found
[2024-11-02T13:06:23.120+0000] {spark_submit.py:634} INFO - at org.apache.hadoop.conf.Configuration.getClass(Configuration.java:2688)
[2024-11-02T13:06:23.121+0000] {spark_submit.py:634} INFO - at org.apache.hadoop.fs.FileSystem.getFileSystemClass(FileSystem.java:3431)
[2024-11-02T13:06:23.120+0000] {spark_submit.py:634} INFO - at org.apache.hadoop.fs.FileSystem.createFileSystem(FileSystem.java:3466)
[2024-11-02T13:06:23.121+0000] {spark_submit.py:634} INFO - at org.apache.hadoop.fs.FileSystem.access$300(FileSystem.java:174)
[2024-11-02T13:06:23.121+0000] {spark_submit.py:634} INFO - at org.apache.hadoop.fs.FileSystem$Cache.getInternal(FileSystem.java:3574)
[2024-11-02T13:06:23.122+0000] {spark_submit.py:634} INFO - at org.apache.hadoop.fs.FileSystem$Cache.get(FileSystem.java:3521)
[2024-11-02T13:06:23.122+0000] {spark_submit.py:634} INFO - at org.apache.hadoop.fs.FileSystem.get(FileSystem.java:540)
[2024-11-02T13:06:23.123+0000] {spark_submit.py:634} INFO - at org.apache.hadoop.fs.Path.getFileSystem(Path.java:365)
[2024-11-02T13:06:23.124+0000] {spark_submit.py:634} INFO - at org.apache.spark.sql.execution.streaming.FileStreamSink$.hasMetadata(FileStreamSink.scala:53)
[2024-11-02T13:06:23.124+0000] {spark_submit.py:634} INFO - at org.apache.spark.sql.execution.datasources.DataSource.resolveRelation(DataSource.scala:366)
[2024-11-02T13:06:23.125+0000] {spark_submit.py:634} INFO - at org.apache.spark.sql.DataFrameReader.loadV1Source(DataFrameReader.scala:229)
[2024-11-02T13:06:23.125+0000] {spark_submit.py:634} INFO - at org.apache.spark.sql.DataFrameReader.$anonfun$load$2(DataFrameReader.scala:211)
[2024-11-02T13:06:23.126+0000] {spark_submit.py:634} INFO - at scala.Option.getOrElse(Option.scala:189)
[2024-11-02T13:06:23.126+0000] {spark_submit.py:634} INFO - at org.apache.spark.sql.DataFrameReader.load(DataFrameReader.scala:211)
[2024-11-02T13:06:23.127+0000] {spark_submit.py:634} INFO - at org.apache.spark.sql.DataFrameReader.parquet(DataFrameReader.scala:563)
[2024-11-02T13:06:23.127+0000] {spark_submit.py:634} INFO - at java.base/jdk.internal.reflect.NativeMethodAccessorImpl.invoke0(Native Method)
[2024-11-02T13:06:23.128+0000] {spark_submit.py:634} INFO - at java.base/jdk.internal.reflect.NativeMethodAccessorImpl.invoke(NativeMethodAccessorImpl.java:77)
[2024-11-02T13:06:23.128+0000] {spark_submit.py:634} INFO - at java.base/jdk.internal.reflect.DelegatingMethodAccessorImpl.invoke(DelegatingMethodAccessorImpl.java:43)
[2024-11-02T13:06:23.129+0000] {spark_submit.py:634} INFO - at java.base/java.lang.reflect.Method.invoke(Method.java:569)
[2024-11-02T13:06:23.129+0000] {spark_submit.py:634} INFO - at py4j.reflection.MethodInvoker.invoke(MethodInvoker.java:244)
[2024-11-02T13:06:23.130+0000] {spark_submit.py:634} INFO - at py4j.reflection.ReflectionEngine.invoke(ReflectionEngine.java:374)
[2024-11-02T13:06:23.130+0000] {spark_submit.py:634} INFO - at py4j.Gateway.invoke(Gateway.java:282)
[2024-11-02T13:06:23.131+0000] {spark_submit.py:634} INFO - at py4j.commands.AbstractCommand.invokeMethod(AbstractCommand.java:132)
[2024-11-02T13:06:23.131+0000] {spark_submit.py:634} INFO - at py4j.commands.CallCommand.execute(CallCommand.java:79)
[2024-11-02T13:06:23.131+0000] {spark_submit.py:634} INFO - at py4j.ClientServerConnection.waitForCommands(ClientServerConnection.java:182)
[2024-11-02T13:06:23.132+0000] {spark_submit.py:634} INFO - at py4j.ClientServerConnection.run(ClientServerConnection.java:106)
[2024-11-02T13:06:23.132+0000] {spark_submit.py:634} INFO - at java.base/java.lang.Thread.run(Thread.java:840)
[2024-11-02T13:06:23.132+0000] {spark_submit.py:634} INFO - Caused by: java.lang.ClassNotFoundException: Class org.apache.hadoop.fs.s3a.S3AFileSystem not found
[2024-11-02T13:06:23.133+0000] {spark_submit.py:634} INFO - at org.apache.hadoop.conf.Configuration.getClassByName(Configuration.java:2592)
[2024-11-02T13:06:23.133+0000] {spark_submit.py:634} INFO - at org.apache.hadoop.conf.Configuration.getClass(Configuration.java:2686)
[2024-11-02T13:06:23.134+0000] {spark_submit.py:634} INFO - ... 26 more
[2024-11-02T13:06:23.166+0000] {spark_submit.py:634} INFO - Traceback (most recent call last):
[2024-11-02T13:06:23.166+0000] {spark_submit.py:634} INFO - File "/opt/bitnami/spark/src/scripts_spark/LoadFileToDB.py", line 43, in <module>
[2024-11-02T13:06:23.168+0000] {spark_submit.py:634} INFO - df_memoria = spark.read.parquet(local_path)
[2024-11-02T13:06:23.168+0000] {spark_submit.py:634} INFO - ^^^^^^^^^^^^^^^^^^^^^^^^^^^^^^
[2024-11-02T13:06:23.168+0000] {spark_submit.py:634} INFO - File "/home/***/.local/lib/python3.12/site-packages/pyspark/python/lib/pyspark.zip/pyspark/sql/readwriter.py", line 544, in parquet
[2024-11-02T13:06:23.169+0000] {spark_submit.py:634} INFO - File "/home/***/.local/lib/python3.12/site-packages/pyspark/python/lib/py4j-0.10.9.7-src.zip/py4j/java_gateway.py", line 1322, in __call__
[2024-11-02T13:06:23.170+0000] {spark_submit.py:634} INFO - File "/home/***/.local/lib/python3.12/site-packages/pyspark/python/lib/pyspark.zip/pyspark/errors/exceptions/captured.py", line 179, in deco
[2024-11-02T13:06:23.171+0000] {spark_submit.py:634} INFO - File "/home/***/.local/lib/python3.12/site-packages/pyspark/python/lib/py4j-0.10.9.7-src.zip/py4j/protocol.py", line 326, in get_return_value
[2024-11-02T13:06:23.173+0000] {spark_submit.py:634} INFO - py4j.protocol.Py4JJavaError: An error occurred while calling o40.parquet.
[2024-11-02T13:06:23.173+0000] {spark_submit.py:634} INFO - : java.lang.RuntimeException: java.lang.ClassNotFoundException: Class org.apache.hadoop.fs.s3a.S3AFileSystem not found
[2024-11-02T13:06:23.173+0000] {spark_submit.py:634} INFO - at org.apache.hadoop.conf.Configuration.getClass(Configuration.java:2688)
[2024-11-02T13:06:23.174+0000] {spark_submit.py:634} INFO - at org.apache.hadoop.fs.FileSystem.getFileSystemClass(FileSystem.java:3431)
[2024-11-02T13:06:23.174+0000] {spark_submit.py:634} INFO - at org.apache.hadoop.fs.FileSystem.createFileSystem(FileSystem.java:3466)
[2024-11-02T13:06:23.174+0000] {spark_submit.py:634} INFO - at org.apache.hadoop.fs.FileSystem.access$300(FileSystem.java:174)
[2024-11-02T13:06:23.175+0000] {spark_submit.py:634} INFO - at org.apache.hadoop.fs.FileSystem$Cache.getInternal(FileSystem.java:3574)
[2024-11-02T13:06:23.175+0000] {spark_submit.py:634} INFO - at org.apache.hadoop.fs.FileSystem$Cache.get(FileSystem.java:3521)
[2024-11-02T13:06:23.175+0000] {spark_submit.py:634} INFO - at org.apache.hadoop.fs.FileSystem.get(FileSystem.java:540)
[2024-11-02T13:06:23.176+0000] {spark_submit.py:634} INFO - at org.apache.hadoop.fs.Path.getFileSystem(Path.java:365)
[2024-11-02T13:06:23.176+0000] {spark_submit.py:634} INFO - at org.apache.spark.sql.execution.datasources.DataSource$.$anonfun$checkAndGlobPathIfNecessary$1(DataSource.scala:724)
[2024-11-02T13:06:23.176+0000] {spark_submit.py:634} INFO - at scala.collection.immutable.List.map(List.scala:293)
[2024-11-02T13:06:23.177+0000] {spark_submit.py:634} INFO - at org.apache.spark.sql.execution.datasources.DataSource$.checkAndGlobPathIfNecessary(DataSource.scala:722)
[2024-11-02T13:06:23.177+0000] {spark_submit.py:634} INFO - at org.apache.spark.sql.execution.datasources.DataSource.checkAndGlobPathIfNecessary(DataSource.scala:551)
[2024-11-02T13:06:23.177+0000] {spark_submit.py:634} INFO - at org.apache.spark.sql.execution.datasources.DataSource.resolveRelation(DataSource.scala:404)
[2024-11-02T13:06:23.178+0000] {spark_submit.py:634} INFO - at org.apache.spark.sql.DataFrameReader.loadV1Source(DataFrameReader.scala:229)
[2024-11-02T13:06:23.178+0000] {spark_submit.py:634} INFO - at org.apache.spark.sql.DataFrameReader.$anonfun$load$2(DataFrameReader.scala:211)
[2024-11-02T13:06:23.178+0000] {spark_submit.py:634} INFO - at scala.Option.getOrElse(Option.scala:189)
[2024-11-02T13:06:23.179+0000] {spark_submit.py:634} INFO - at org.apache.spark.sql.DataFrameReader.load(DataFrameReader.scala:211)
[2024-11-02T13:06:23.179+0000] {spark_submit.py:634} INFO - at org.apache.spark.sql.DataFrameReader.parquet(DataFrameReader.scala:563)
[2024-11-02T13:06:23.179+0000] {spark_submit.py:634} INFO - at java.base/jdk.internal.reflect.NativeMethodAccessorImpl.invoke0(Native Method)
[2024-11-02T13:06:23.179+0000] {spark_submit.py:634} INFO - at java.base/jdk.internal.reflect.NativeMethodAccessorImpl.invoke(NativeMethodAccessorImpl.java:77)
[2024-11-02T13:06:23.180+0000] {spark_submit.py:634} INFO - at java.base/jdk.internal.reflect.DelegatingMethodAccessorImpl.invoke(DelegatingMethodAccessorImpl.java:43)
[2024-11-02T13:06:23.180+0000] {spark_submit.py:634} INFO - at java.base/java.lang.reflect.Method.invoke(Method.java:569)
[2024-11-02T13:06:23.180+0000] {spark_submit.py:634} INFO - at py4j.reflection.MethodInvoker.invoke(MethodInvoker.java:244)
[2024-11-02T13:06:23.181+0000] {spark_submit.py:634} INFO - at py4j.reflection.ReflectionEngine.invoke(ReflectionEngine.java:374)
[2024-11-02T13:06:23.181+0000] {spark_submit.py:634} INFO - at py4j.Gateway.invoke(Gateway.java:282)
[2024-11-02T13:06:23.181+0000] {spark_submit.py:634} INFO - at py4j.commands.AbstractCommand.invokeMethod(AbstractCommand.java:132)
[2024-11-02T13:06:23.182+0000] {spark_submit.py:634} INFO - at py4j.commands.CallCommand.execute(CallCommand.java:79)
[2024-11-02T13:06:23.182+0000] {spark_submit.py:634} INFO - at py4j.ClientServerConnection.waitForCommands(ClientServerConnection.java:182)
[2024-11-02T13:06:23.182+0000] {spark_submit.py:634} INFO - at py4j.ClientServerConnection.run(ClientServerConnection.java:106)
[2024-11-02T13:06:23.183+0000] {spark_submit.py:634} INFO - at java.base/java.lang.Thread.run(Thread.java:840)
[2024-11-02T13:06:23.183+0000] {spark_submit.py:634} INFO - Caused by: java.lang.ClassNotFoundException: Class org.apache.hadoop.fs.s3a.S3AFileSystem not found
[2024-11-02T13:06:23.183+0000] {spark_submit.py:634} INFO - at org.apache.hadoop.conf.Configuration.getClassByName(Configuration.java:2592)
[2024-11-02T13:06:23.184+0000] {spark_submit.py:634} INFO - at org.apache.hadoop.conf.Configuration.getClass(Configuration.java:2686)
[2024-11-02T13:06:23.184+0000] {spark_submit.py:634} INFO - ... 29 more
[2024-11-02T13:06:23.184+0000] {spark_submit.py:634} INFO - 
[2024-11-02T13:06:23.184+0000] {spark_submit.py:634} INFO - [2024-11-02T13:06:23.173+0000] {clientserver.py:543} INFO - Closing down clientserver connection
[2024-11-02T13:06:23.463+0000] {spark_submit.py:634} INFO - 24/11/02 13:06:23 INFO SparkContext: Invoking stop() from shutdown hook
[2024-11-02T13:06:23.465+0000] {spark_submit.py:634} INFO - 24/11/02 13:06:23 INFO SparkContext: SparkContext is stopping with exitCode 0.
[2024-11-02T13:06:23.476+0000] {spark_submit.py:634} INFO - 24/11/02 13:06:23 INFO SparkUI: Stopped Spark web UI at http://c9f99735a600:4040
[2024-11-02T13:06:23.491+0000] {spark_submit.py:634} INFO - 24/11/02 13:06:23 INFO MapOutputTrackerMasterEndpoint: MapOutputTrackerMasterEndpoint stopped!
[2024-11-02T13:06:23.511+0000] {spark_submit.py:634} INFO - 24/11/02 13:06:23 INFO MemoryStore: MemoryStore cleared
[2024-11-02T13:06:23.512+0000] {spark_submit.py:634} INFO - 24/11/02 13:06:23 INFO BlockManager: BlockManager stopped
[2024-11-02T13:06:23.516+0000] {spark_submit.py:634} INFO - 24/11/02 13:06:23 INFO BlockManagerMaster: BlockManagerMaster stopped
[2024-11-02T13:06:23.521+0000] {spark_submit.py:634} INFO - 24/11/02 13:06:23 INFO OutputCommitCoordinator$OutputCommitCoordinatorEndpoint: OutputCommitCoordinator stopped!
[2024-11-02T13:06:23.530+0000] {spark_submit.py:634} INFO - 24/11/02 13:06:23 INFO SparkContext: Successfully stopped SparkContext
[2024-11-02T13:06:23.531+0000] {spark_submit.py:634} INFO - 24/11/02 13:06:23 INFO ShutdownHookManager: Shutdown hook called
[2024-11-02T13:06:23.532+0000] {spark_submit.py:634} INFO - 24/11/02 13:06:23 INFO ShutdownHookManager: Deleting directory /tmp/spark-3350e19f-cecf-4b04-9164-4cb043946813
[2024-11-02T13:06:23.536+0000] {spark_submit.py:634} INFO - 24/11/02 13:06:23 INFO ShutdownHookManager: Deleting directory /tmp/spark-c54df72c-7225-4139-9622-57afc5c7012c
[2024-11-02T13:06:23.541+0000] {spark_submit.py:634} INFO - 24/11/02 13:06:23 INFO ShutdownHookManager: Deleting directory /tmp/spark-c54df72c-7225-4139-9622-57afc5c7012c/pyspark-0d655335-eee1-41f7-83d1-fd3e05c2c386
[2024-11-02T13:06:23.575+0000] {taskinstance.py:3310} ERROR - Task failed with exception
Traceback (most recent call last):
  File "/home/airflow/.local/lib/python3.12/site-packages/airflow/models/taskinstance.py", line 767, in _execute_task
    result = _execute_callable(context=context, **execute_callable_kwargs)
             ^^^^^^^^^^^^^^^^^^^^^^^^^^^^^^^^^^^^^^^^^^^^^^^^^^^^^^^^^^^^^
  File "/home/airflow/.local/lib/python3.12/site-packages/airflow/models/taskinstance.py", line 733, in _execute_callable
    return ExecutionCallableRunner(
           ^^^^^^^^^^^^^^^^^^^^^^^^
  File "/home/airflow/.local/lib/python3.12/site-packages/airflow/utils/operator_helpers.py", line 252, in run
    return self.func(*args, **kwargs)
           ^^^^^^^^^^^^^^^^^^^^^^^^^^
  File "/home/airflow/.local/lib/python3.12/site-packages/airflow/models/baseoperator.py", line 406, in wrapper
    return func(self, *args, **kwargs)
           ^^^^^^^^^^^^^^^^^^^^^^^^^^^
  File "/home/airflow/.local/lib/python3.12/site-packages/airflow/providers/apache/spark/operators/spark_submit.py", line 176, in execute
    self._hook.submit(self.application)
  File "/home/airflow/.local/lib/python3.12/site-packages/airflow/providers/apache/spark/hooks/spark_submit.py", line 560, in submit
    raise AirflowException(
airflow.exceptions.AirflowException: Cannot execute: spark-submit --master spark://spark:7077 --driver-class-path /opt/***/jars/postgresql-42.5.0.jar --jars /opt/***/jars/postgresql-42.5.0.jar --packages org.postgresql:postgresql:42.5.0 --name arrow-spark --deploy-mode client /opt/bitnami/spark/src/scripts_spark/LoadFileToDB.py. Error code is: 1.
[2024-11-02T13:06:23.580+0000] {taskinstance.py:1225} INFO - Marking task as FAILED. dag_id=LoadWebScraping, task_id=insert, run_id=manual__2024-11-02T13:06:12.981428+00:00, execution_date=20241102T130612, start_date=20241102T130617, end_date=20241102T130623
[2024-11-02T13:06:23.595+0000] {taskinstance.py:340} INFO - ::group::Post task execution logs
[2024-11-02T13:06:23.595+0000] {standard_task_runner.py:124} ERROR - Failed to execute job 208 for task insert (Cannot execute: spark-submit --master spark://spark:7077 --driver-class-path /opt/***/jars/postgresql-42.5.0.jar --jars /opt/***/jars/postgresql-42.5.0.jar --packages org.postgresql:postgresql:42.5.0 --name arrow-spark --deploy-mode client /opt/bitnami/spark/src/scripts_spark/LoadFileToDB.py. Error code is: 1.; 8765)
Traceback (most recent call last):
  File "/home/airflow/.local/lib/python3.12/site-packages/airflow/task/task_runner/standard_task_runner.py", line 117, in _start_by_fork
    ret = args.func(args, dag=self.dag)
          ^^^^^^^^^^^^^^^^^^^^^^^^^^^^^
  File "/home/airflow/.local/lib/python3.12/site-packages/airflow/cli/cli_config.py", line 49, in command
    return func(*args, **kwargs)
           ^^^^^^^^^^^^^^^^^^^^^
  File "/home/airflow/.local/lib/python3.12/site-packages/airflow/utils/cli.py", line 115, in wrapper
    return f(*args, **kwargs)
           ^^^^^^^^^^^^^^^^^^
  File "/home/airflow/.local/lib/python3.12/site-packages/airflow/cli/commands/task_command.py", line 483, in task_run
    task_return_code = _run_task_by_selected_method(args, _dag, ti)
                       ^^^^^^^^^^^^^^^^^^^^^^^^^^^^^^^^^^^^^^^^^^^^
  File "/home/airflow/.local/lib/python3.12/site-packages/airflow/cli/commands/task_command.py", line 256, in _run_task_by_selected_method
    return _run_raw_task(args, ti)
           ^^^^^^^^^^^^^^^^^^^^^^^
  File "/home/airflow/.local/lib/python3.12/site-packages/airflow/cli/commands/task_command.py", line 341, in _run_raw_task
    return ti._run_raw_task(
           ^^^^^^^^^^^^^^^^^
  File "/home/airflow/.local/lib/python3.12/site-packages/airflow/utils/session.py", line 97, in wrapper
    return func(*args, session=session, **kwargs)
           ^^^^^^^^^^^^^^^^^^^^^^^^^^^^^^^^^^^^^^
  File "/home/airflow/.local/lib/python3.12/site-packages/airflow/models/taskinstance.py", line 3004, in _run_raw_task
    return _run_raw_task(
           ^^^^^^^^^^^^^^
  File "/home/airflow/.local/lib/python3.12/site-packages/airflow/models/taskinstance.py", line 273, in _run_raw_task
    TaskInstance._execute_task_with_callbacks(
  File "/home/airflow/.local/lib/python3.12/site-packages/airflow/models/taskinstance.py", line 3158, in _execute_task_with_callbacks
    result = self._execute_task(context, task_orig)
             ^^^^^^^^^^^^^^^^^^^^^^^^^^^^^^^^^^^^^^
  File "/home/airflow/.local/lib/python3.12/site-packages/airflow/models/taskinstance.py", line 3182, in _execute_task
    return _execute_task(self, context, task_orig)
           ^^^^^^^^^^^^^^^^^^^^^^^^^^^^^^^^^^^^^^^
  File "/home/airflow/.local/lib/python3.12/site-packages/airflow/models/taskinstance.py", line 767, in _execute_task
    result = _execute_callable(context=context, **execute_callable_kwargs)
             ^^^^^^^^^^^^^^^^^^^^^^^^^^^^^^^^^^^^^^^^^^^^^^^^^^^^^^^^^^^^^
  File "/home/airflow/.local/lib/python3.12/site-packages/airflow/models/taskinstance.py", line 733, in _execute_callable
    return ExecutionCallableRunner(
           ^^^^^^^^^^^^^^^^^^^^^^^^
  File "/home/airflow/.local/lib/python3.12/site-packages/airflow/utils/operator_helpers.py", line 252, in run
    return self.func(*args, **kwargs)
           ^^^^^^^^^^^^^^^^^^^^^^^^^^
  File "/home/airflow/.local/lib/python3.12/site-packages/airflow/models/baseoperator.py", line 406, in wrapper
    return func(self, *args, **kwargs)
           ^^^^^^^^^^^^^^^^^^^^^^^^^^^
  File "/home/airflow/.local/lib/python3.12/site-packages/airflow/providers/apache/spark/operators/spark_submit.py", line 176, in execute
    self._hook.submit(self.application)
  File "/home/airflow/.local/lib/python3.12/site-packages/airflow/providers/apache/spark/hooks/spark_submit.py", line 560, in submit
    raise AirflowException(
airflow.exceptions.AirflowException: Cannot execute: spark-submit --master spark://spark:7077 --driver-class-path /opt/***/jars/postgresql-42.5.0.jar --jars /opt/***/jars/postgresql-42.5.0.jar --packages org.postgresql:postgresql:42.5.0 --name arrow-spark --deploy-mode client /opt/bitnami/spark/src/scripts_spark/LoadFileToDB.py. Error code is: 1.
[2024-11-02T13:06:23.627+0000] {local_task_job_runner.py:266} INFO - Task exited with return code 1
[2024-11-02T13:06:23.641+0000] {taskinstance.py:3900} INFO - 0 downstream tasks scheduled from follow-on schedule check
[2024-11-02T13:06:23.646+0000] {local_task_job_runner.py:245} INFO - ::endgroup::
