[2024-10-15T21:16:35.691+0000] {local_task_job_runner.py:123} INFO - ::group::Pre task execution logs
[2024-10-15T21:16:35.713+0000] {taskinstance.py:2612} INFO - Dependencies all met for dep_context=non-requeueable deps ti=<TaskInstance: LoadWebScraping.submit_job manual__2024-10-15T21:16:34.051904+00:00 [queued]>
[2024-10-15T21:16:35.724+0000] {taskinstance.py:2612} INFO - Dependencies all met for dep_context=requeueable deps ti=<TaskInstance: LoadWebScraping.submit_job manual__2024-10-15T21:16:34.051904+00:00 [queued]>
[2024-10-15T21:16:35.725+0000] {taskinstance.py:2865} INFO - Starting attempt 1 of 1
[2024-10-15T21:16:35.745+0000] {taskinstance.py:2888} INFO - Executing <Task(SparkSubmitOperator): submit_job> on 2024-10-15 21:16:34.051904+00:00
[2024-10-15T21:16:35.752+0000] {warnings.py:112} WARNING - /home/***/.local/lib/python3.12/site-packages/***/task/task_runner/standard_task_runner.py:70: DeprecationWarning: This process (pid=218) is multi-threaded, use of fork() may lead to deadlocks in the child.
  pid = os.fork()

[2024-10-15T21:16:35.754+0000] {standard_task_runner.py:72} INFO - Started process 220 to run task
[2024-10-15T21:16:35.754+0000] {standard_task_runner.py:104} INFO - Running: ['***', 'tasks', 'run', 'LoadWebScraping', 'submit_job', 'manual__2024-10-15T21:16:34.051904+00:00', '--job-id', '36', '--raw', '--subdir', 'DAGS_FOLDER/LoadWebScraping.py', '--cfg-path', '/tmp/tmppx6fmkvg']
[2024-10-15T21:16:35.758+0000] {standard_task_runner.py:105} INFO - Job 36: Subtask submit_job
[2024-10-15T21:16:35.810+0000] {task_command.py:467} INFO - Running <TaskInstance: LoadWebScraping.submit_job manual__2024-10-15T21:16:34.051904+00:00 [running]> on host eeedff29a94a
[2024-10-15T21:16:36.049+0000] {taskinstance.py:3131} INFO - Exporting env vars: AIRFLOW_CTX_DAG_OWNER='***' AIRFLOW_CTX_DAG_ID='LoadWebScraping' AIRFLOW_CTX_TASK_ID='submit_job' AIRFLOW_CTX_EXECUTION_DATE='2024-10-15T21:16:34.051904+00:00' AIRFLOW_CTX_TRY_NUMBER='1' AIRFLOW_CTX_DAG_RUN_ID='manual__2024-10-15T21:16:34.051904+00:00'
[2024-10-15T21:16:36.050+0000] {taskinstance.py:731} INFO - ::endgroup::
[2024-10-15T21:16:36.069+0000] {base.py:84} INFO - Retrieving connection 'spark_default'
[2024-10-15T21:16:36.070+0000] {spark_submit.py:327} ERROR - Failed to decode base64 keytab: Incorrect padding
[2024-10-15T21:16:36.070+0000] {spark_submit.py:304} INFO - Could not load connection string spark_default, defaulting to spark://spark:7077
[2024-10-15T21:16:36.073+0000] {spark_submit.py:473} INFO - Spark-Submit cmd: spark-submit --master spark://spark:7077 --name arrow-spark --verbose --deploy-mode client /opt/bitnami/spark/src/scripts_spark/LoadFileToDB.py
[2024-10-15T21:16:37.480+0000] {spark_submit.py:649} INFO - Using properties file: null
[2024-10-15T21:16:37.575+0000] {spark_submit.py:649} INFO - Parsed arguments:
[2024-10-15T21:16:37.576+0000] {spark_submit.py:649} INFO - master                  spark://spark:7077
[2024-10-15T21:16:37.576+0000] {spark_submit.py:649} INFO - remote                  null
[2024-10-15T21:16:37.579+0000] {spark_submit.py:649} INFO - deployMode              client
[2024-10-15T21:16:37.580+0000] {spark_submit.py:649} INFO - executorMemory          null
[2024-10-15T21:16:37.581+0000] {spark_submit.py:649} INFO - executorCores           null
[2024-10-15T21:16:37.581+0000] {spark_submit.py:649} INFO - totalExecutorCores      null
[2024-10-15T21:16:37.582+0000] {spark_submit.py:649} INFO - propertiesFile          null
[2024-10-15T21:16:37.583+0000] {spark_submit.py:649} INFO - driverMemory            null
[2024-10-15T21:16:37.583+0000] {spark_submit.py:649} INFO - driverCores             null
[2024-10-15T21:16:37.584+0000] {spark_submit.py:649} INFO - driverExtraClassPath    null
[2024-10-15T21:16:37.584+0000] {spark_submit.py:649} INFO - driverExtraLibraryPath  null
[2024-10-15T21:16:37.585+0000] {spark_submit.py:649} INFO - driverExtraJavaOptions  null
[2024-10-15T21:16:37.588+0000] {spark_submit.py:649} INFO - supervise               false
[2024-10-15T21:16:37.589+0000] {spark_submit.py:649} INFO - queue                   null
[2024-10-15T21:16:37.592+0000] {spark_submit.py:649} INFO - numExecutors            null
[2024-10-15T21:16:37.592+0000] {spark_submit.py:649} INFO - files                   null
[2024-10-15T21:16:37.593+0000] {spark_submit.py:649} INFO - pyFiles                 null
[2024-10-15T21:16:37.593+0000] {spark_submit.py:649} INFO - archives                null
[2024-10-15T21:16:37.594+0000] {spark_submit.py:649} INFO - mainClass               null
[2024-10-15T21:16:37.595+0000] {spark_submit.py:649} INFO - primaryResource         file:/opt/bitnami/spark/src/scripts_spark/LoadFileToDB.py
[2024-10-15T21:16:37.595+0000] {spark_submit.py:649} INFO - name                    arrow-spark
[2024-10-15T21:16:37.596+0000] {spark_submit.py:649} INFO - childArgs               []
[2024-10-15T21:16:37.596+0000] {spark_submit.py:649} INFO - jars                    null
[2024-10-15T21:16:37.597+0000] {spark_submit.py:649} INFO - packages                null
[2024-10-15T21:16:37.598+0000] {spark_submit.py:649} INFO - packagesExclusions      null
[2024-10-15T21:16:37.599+0000] {spark_submit.py:649} INFO - repositories            null
[2024-10-15T21:16:37.599+0000] {spark_submit.py:649} INFO - verbose                 true
[2024-10-15T21:16:37.600+0000] {spark_submit.py:649} INFO - 
[2024-10-15T21:16:37.600+0000] {spark_submit.py:649} INFO - Spark properties used, including those specified through
[2024-10-15T21:16:37.601+0000] {spark_submit.py:649} INFO - --conf and those from the properties file null:
[2024-10-15T21:16:37.602+0000] {spark_submit.py:649} INFO - 
[2024-10-15T21:16:37.604+0000] {spark_submit.py:649} INFO - 
[2024-10-15T21:16:37.606+0000] {spark_submit.py:649} INFO - 
[2024-10-15T21:16:37.904+0000] {spark_submit.py:649} INFO - Main class:
[2024-10-15T21:16:37.905+0000] {spark_submit.py:649} INFO - org.apache.spark.deploy.PythonRunner
[2024-10-15T21:16:37.905+0000] {spark_submit.py:649} INFO - Arguments:
[2024-10-15T21:16:37.906+0000] {spark_submit.py:649} INFO - file:/opt/bitnami/spark/src/scripts_spark/LoadFileToDB.py
[2024-10-15T21:16:37.906+0000] {spark_submit.py:649} INFO - null
[2024-10-15T21:16:37.909+0000] {spark_submit.py:649} INFO - Spark config:
[2024-10-15T21:16:37.909+0000] {spark_submit.py:649} INFO - (spark.app.name,arrow-spark)
[2024-10-15T21:16:37.910+0000] {spark_submit.py:649} INFO - (spark.app.submitTime,1729026997889)
[2024-10-15T21:16:37.910+0000] {spark_submit.py:649} INFO - (spark.master,spark://spark:7077)
[2024-10-15T21:16:37.911+0000] {spark_submit.py:649} INFO - (spark.submit.deployMode,client)
[2024-10-15T21:16:37.911+0000] {spark_submit.py:649} INFO - (spark.submit.pyFiles,)
[2024-10-15T21:16:37.912+0000] {spark_submit.py:649} INFO - Classpath elements:
[2024-10-15T21:16:37.912+0000] {spark_submit.py:649} INFO - 
[2024-10-15T21:16:37.913+0000] {spark_submit.py:649} INFO - 
[2024-10-15T21:16:37.913+0000] {spark_submit.py:649} INFO - 
[2024-10-15T21:16:39.191+0000] {spark_submit.py:649} INFO - 24/10/15 21:16:39 INFO SparkContext: Running Spark version 3.5.2
[2024-10-15T21:16:39.192+0000] {spark_submit.py:649} INFO - 24/10/15 21:16:39 INFO SparkContext: OS info Linux, 5.15.153.1-microsoft-standard-WSL2, amd64
[2024-10-15T21:16:39.193+0000] {spark_submit.py:649} INFO - 24/10/15 21:16:39 INFO SparkContext: Java version 17.0.12
[2024-10-15T21:16:39.236+0000] {spark_submit.py:649} INFO - 24/10/15 21:16:39 WARN NativeCodeLoader: Unable to load native-hadoop library for your platform... using builtin-java classes where applicable
[2024-10-15T21:16:39.301+0000] {spark_submit.py:649} INFO - 24/10/15 21:16:39 INFO ResourceUtils: ==============================================================
[2024-10-15T21:16:39.302+0000] {spark_submit.py:649} INFO - 24/10/15 21:16:39 INFO ResourceUtils: No custom resources configured for spark.driver.
[2024-10-15T21:16:39.302+0000] {spark_submit.py:649} INFO - 24/10/15 21:16:39 INFO ResourceUtils: ==============================================================
[2024-10-15T21:16:39.303+0000] {spark_submit.py:649} INFO - 24/10/15 21:16:39 INFO SparkContext: Submitted application: Test PostgreSQL Connection
[2024-10-15T21:16:39.319+0000] {spark_submit.py:649} INFO - 24/10/15 21:16:39 INFO ResourceProfile: Default ResourceProfile created, executor resources: Map(memory -> name: memory, amount: 1024, script: , vendor: , offHeap -> name: offHeap, amount: 0, script: , vendor: ), task resources: Map(cpus -> name: cpus, amount: 1.0)
[2024-10-15T21:16:39.326+0000] {spark_submit.py:649} INFO - 24/10/15 21:16:39 INFO ResourceProfile: Limiting resource is cpu
[2024-10-15T21:16:39.327+0000] {spark_submit.py:649} INFO - 24/10/15 21:16:39 INFO ResourceProfileManager: Added ResourceProfile id: 0
[2024-10-15T21:16:39.365+0000] {spark_submit.py:649} INFO - 24/10/15 21:16:39 INFO SecurityManager: Changing view acls to: ***
[2024-10-15T21:16:39.366+0000] {spark_submit.py:649} INFO - 24/10/15 21:16:39 INFO SecurityManager: Changing modify acls to: ***
[2024-10-15T21:16:39.366+0000] {spark_submit.py:649} INFO - 24/10/15 21:16:39 INFO SecurityManager: Changing view acls groups to:
[2024-10-15T21:16:39.367+0000] {spark_submit.py:649} INFO - 24/10/15 21:16:39 INFO SecurityManager: Changing modify acls groups to:
[2024-10-15T21:16:39.368+0000] {spark_submit.py:649} INFO - 24/10/15 21:16:39 INFO SecurityManager: SecurityManager: authentication disabled; ui acls disabled; users with view permissions: ***; groups with view permissions: EMPTY; users with modify permissions: ***; groups with modify permissions: EMPTY
[2024-10-15T21:16:39.553+0000] {spark_submit.py:649} INFO - 24/10/15 21:16:39 INFO Utils: Successfully started service 'sparkDriver' on port 44663.
[2024-10-15T21:16:39.574+0000] {spark_submit.py:649} INFO - 24/10/15 21:16:39 INFO SparkEnv: Registering MapOutputTracker
[2024-10-15T21:16:39.601+0000] {spark_submit.py:649} INFO - 24/10/15 21:16:39 INFO SparkEnv: Registering BlockManagerMaster
[2024-10-15T21:16:39.615+0000] {spark_submit.py:649} INFO - 24/10/15 21:16:39 INFO BlockManagerMasterEndpoint: Using org.apache.spark.storage.DefaultTopologyMapper for getting topology information
[2024-10-15T21:16:39.615+0000] {spark_submit.py:649} INFO - 24/10/15 21:16:39 INFO BlockManagerMasterEndpoint: BlockManagerMasterEndpoint up
[2024-10-15T21:16:39.618+0000] {spark_submit.py:649} INFO - 24/10/15 21:16:39 INFO SparkEnv: Registering BlockManagerMasterHeartbeat
[2024-10-15T21:16:39.635+0000] {spark_submit.py:649} INFO - 24/10/15 21:16:39 INFO DiskBlockManager: Created local directory at /tmp/blockmgr-f3f050c6-bf7a-4352-bbf9-c8d1132d24c3
[2024-10-15T21:16:39.647+0000] {spark_submit.py:649} INFO - 24/10/15 21:16:39 INFO MemoryStore: MemoryStore started with capacity 434.4 MiB
[2024-10-15T21:16:39.660+0000] {spark_submit.py:649} INFO - 24/10/15 21:16:39 INFO SparkEnv: Registering OutputCommitCoordinator
[2024-10-15T21:16:39.804+0000] {spark_submit.py:649} INFO - 24/10/15 21:16:39 INFO JettyUtils: Start Jetty 0.0.0.0:4040 for SparkUI
[2024-10-15T21:16:39.891+0000] {spark_submit.py:649} INFO - 24/10/15 21:16:39 INFO Utils: Successfully started service 'SparkUI' on port 4040.
[2024-10-15T21:16:40.031+0000] {spark_submit.py:649} INFO - 24/10/15 21:16:40 INFO StandaloneAppClient$ClientEndpoint: Connecting to master spark://spark:7077...
[2024-10-15T21:16:40.085+0000] {spark_submit.py:649} INFO - 24/10/15 21:16:40 INFO TransportClientFactory: Successfully created connection to spark/172.18.0.4:7077 after 31 ms (0 ms spent in bootstraps)
[2024-10-15T21:16:40.161+0000] {spark_submit.py:649} INFO - 24/10/15 21:16:40 INFO StandaloneSchedulerBackend: Connected to Spark cluster with app ID app-20241015211640-0001
[2024-10-15T21:16:40.174+0000] {spark_submit.py:649} INFO - 24/10/15 21:16:40 INFO StandaloneAppClient$ClientEndpoint: Executor added: app-20241015211640-0001/0 on worker-20241015211326-172.18.0.2-36469 (172.18.0.2:36469) with 6 core(s)
[2024-10-15T21:16:40.176+0000] {spark_submit.py:649} INFO - 24/10/15 21:16:40 INFO StandaloneSchedulerBackend: Granted executor ID app-20241015211640-0001/0 on hostPort 172.18.0.2:36469 with 6 core(s), 1024.0 MiB RAM
[2024-10-15T21:16:40.184+0000] {spark_submit.py:649} INFO - 24/10/15 21:16:40 INFO Utils: Successfully started service 'org.apache.spark.network.netty.NettyBlockTransferService' on port 37907.
[2024-10-15T21:16:40.191+0000] {spark_submit.py:649} INFO - 24/10/15 21:16:40 INFO NettyBlockTransferService: Server created on eeedff29a94a:37907
[2024-10-15T21:16:40.193+0000] {spark_submit.py:649} INFO - 24/10/15 21:16:40 INFO BlockManager: Using org.apache.spark.storage.RandomBlockReplicationPolicy for block replication policy
[2024-10-15T21:16:40.194+0000] {spark_submit.py:649} INFO - 24/10/15 21:16:40 INFO BlockManagerMaster: Registering BlockManager BlockManagerId(driver, eeedff29a94a, 37907, None)
[2024-10-15T21:16:40.194+0000] {spark_submit.py:649} INFO - 24/10/15 21:16:40 INFO BlockManagerMasterEndpoint: Registering block manager eeedff29a94a:37907 with 434.4 MiB RAM, BlockManagerId(driver, eeedff29a94a, 37907, None)
[2024-10-15T21:16:40.195+0000] {spark_submit.py:649} INFO - 24/10/15 21:16:40 INFO BlockManagerMaster: Registered BlockManager BlockManagerId(driver, eeedff29a94a, 37907, None)
[2024-10-15T21:16:40.205+0000] {spark_submit.py:649} INFO - 24/10/15 21:16:40 INFO BlockManager: Initialized BlockManager: BlockManagerId(driver, eeedff29a94a, 37907, None)
[2024-10-15T21:16:40.214+0000] {spark_submit.py:649} INFO - 24/10/15 21:16:40 INFO StandaloneAppClient$ClientEndpoint: Executor updated: app-20241015211640-0001/0 is now RUNNING
[2024-10-15T21:16:40.418+0000] {spark_submit.py:649} INFO - 24/10/15 21:16:40 INFO StandaloneSchedulerBackend: SchedulerBackend is ready for scheduling beginning after reached minRegisteredResourcesRatio: 0.0
[2024-10-15T21:16:40.650+0000] {spark_submit.py:649} INFO - <pyspark.sql.session.SparkSession object at 0x7fec53520fe0>
[2024-10-15T21:16:40.754+0000] {spark_submit.py:649} INFO - 24/10/15 21:16:40 INFO SharedState: Setting hive.metastore.warehouse.dir ('null') to the value of spark.sql.warehouse.dir.
[2024-10-15T21:16:40.787+0000] {spark_submit.py:649} INFO - 24/10/15 21:16:40 INFO SharedState: Warehouse path is 'file:/opt/***/spark-warehouse'.
[2024-10-15T21:16:41.830+0000] {spark_submit.py:649} INFO - Traceback (most recent call last):
[2024-10-15T21:16:41.832+0000] {spark_submit.py:649} INFO - File "/opt/bitnami/spark/src/scripts_spark/LoadFileToDB.py", line 24, in <module>
[2024-10-15T21:16:41.857+0000] {spark_submit.py:649} INFO - .load()
[2024-10-15T21:16:41.860+0000] {spark_submit.py:649} INFO - ^^^^^^
[2024-10-15T21:16:41.866+0000] {spark_submit.py:649} INFO - File "/home/***/.local/lib/python3.12/site-packages/pyspark/python/lib/pyspark.zip/pyspark/sql/readwriter.py", line 314, in load
[2024-10-15T21:16:41.872+0000] {spark_submit.py:649} INFO - File "/home/***/.local/lib/python3.12/site-packages/pyspark/python/lib/py4j-0.10.9.7-src.zip/py4j/java_gateway.py", line 1322, in __call__
[2024-10-15T21:16:41.883+0000] {spark_submit.py:649} INFO - File "/home/***/.local/lib/python3.12/site-packages/pyspark/python/lib/pyspark.zip/pyspark/errors/exceptions/captured.py", line 179, in deco
[2024-10-15T21:16:41.895+0000] {spark_submit.py:649} INFO - File "/home/***/.local/lib/python3.12/site-packages/pyspark/python/lib/py4j-0.10.9.7-src.zip/py4j/protocol.py", line 326, in get_return_value
[2024-10-15T21:16:41.912+0000] {spark_submit.py:649} INFO - py4j.protocol.Py4JJavaError: An error occurred while calling o31.load.
[2024-10-15T21:16:41.913+0000] {spark_submit.py:649} INFO - : java.sql.SQLException: No suitable driver
[2024-10-15T21:16:41.919+0000] {spark_submit.py:649} INFO - at java.sql/java.sql.DriverManager.getDriver(DriverManager.java:299)
[2024-10-15T21:16:41.919+0000] {spark_submit.py:649} INFO - at org.apache.spark.sql.execution.datasources.jdbc.JDBCOptions.$anonfun$driverClass$2(JDBCOptions.scala:109)
[2024-10-15T21:16:41.920+0000] {spark_submit.py:649} INFO - at scala.Option.getOrElse(Option.scala:189)
[2024-10-15T21:16:41.920+0000] {spark_submit.py:649} INFO - at org.apache.spark.sql.execution.datasources.jdbc.JDBCOptions.<init>(JDBCOptions.scala:109)
[2024-10-15T21:16:41.921+0000] {spark_submit.py:649} INFO - at org.apache.spark.sql.execution.datasources.jdbc.JDBCOptions.<init>(JDBCOptions.scala:41)
[2024-10-15T21:16:41.921+0000] {spark_submit.py:649} INFO - at org.apache.spark.sql.execution.datasources.jdbc.JdbcRelationProvider.createRelation(JdbcRelationProvider.scala:34)
[2024-10-15T21:16:41.922+0000] {spark_submit.py:649} INFO - at org.apache.spark.sql.execution.datasources.DataSource.resolveRelation(DataSource.scala:346)
[2024-10-15T21:16:41.923+0000] {spark_submit.py:649} INFO - at org.apache.spark.sql.DataFrameReader.loadV1Source(DataFrameReader.scala:229)
[2024-10-15T21:16:41.923+0000] {spark_submit.py:649} INFO - at org.apache.spark.sql.DataFrameReader.$anonfun$load$2(DataFrameReader.scala:211)
[2024-10-15T21:16:41.927+0000] {spark_submit.py:649} INFO - at scala.Option.getOrElse(Option.scala:189)
[2024-10-15T21:16:41.928+0000] {spark_submit.py:649} INFO - at org.apache.spark.sql.DataFrameReader.load(DataFrameReader.scala:211)
[2024-10-15T21:16:41.929+0000] {spark_submit.py:649} INFO - at org.apache.spark.sql.DataFrameReader.load(DataFrameReader.scala:172)
[2024-10-15T21:16:41.929+0000] {spark_submit.py:649} INFO - at java.base/jdk.internal.reflect.NativeMethodAccessorImpl.invoke0(Native Method)
[2024-10-15T21:16:41.930+0000] {spark_submit.py:649} INFO - at java.base/jdk.internal.reflect.NativeMethodAccessorImpl.invoke(NativeMethodAccessorImpl.java:77)
[2024-10-15T21:16:41.930+0000] {spark_submit.py:649} INFO - at java.base/jdk.internal.reflect.DelegatingMethodAccessorImpl.invoke(DelegatingMethodAccessorImpl.java:43)
[2024-10-15T21:16:41.931+0000] {spark_submit.py:649} INFO - at java.base/java.lang.reflect.Method.invoke(Method.java:569)
[2024-10-15T21:16:41.931+0000] {spark_submit.py:649} INFO - at py4j.reflection.MethodInvoker.invoke(MethodInvoker.java:244)
[2024-10-15T21:16:41.932+0000] {spark_submit.py:649} INFO - at py4j.reflection.ReflectionEngine.invoke(ReflectionEngine.java:374)
[2024-10-15T21:16:41.932+0000] {spark_submit.py:649} INFO - at py4j.Gateway.invoke(Gateway.java:282)
[2024-10-15T21:16:41.933+0000] {spark_submit.py:649} INFO - at py4j.commands.AbstractCommand.invokeMethod(AbstractCommand.java:132)
[2024-10-15T21:16:41.933+0000] {spark_submit.py:649} INFO - at py4j.commands.CallCommand.execute(CallCommand.java:79)
[2024-10-15T21:16:41.934+0000] {spark_submit.py:649} INFO - at py4j.ClientServerConnection.waitForCommands(ClientServerConnection.java:182)
[2024-10-15T21:16:41.934+0000] {spark_submit.py:649} INFO - at py4j.ClientServerConnection.run(ClientServerConnection.java:106)
[2024-10-15T21:16:41.935+0000] {spark_submit.py:649} INFO - at java.base/java.lang.Thread.run(Thread.java:840)
[2024-10-15T21:16:41.936+0000] {spark_submit.py:649} INFO - 
[2024-10-15T21:16:42.028+0000] {spark_submit.py:649} INFO - 24/10/15 21:16:42 INFO SparkContext: Invoking stop() from shutdown hook
[2024-10-15T21:16:42.029+0000] {spark_submit.py:649} INFO - 24/10/15 21:16:42 INFO SparkContext: SparkContext is stopping with exitCode 0.
[2024-10-15T21:16:42.039+0000] {spark_submit.py:649} INFO - 24/10/15 21:16:42 INFO SparkUI: Stopped Spark web UI at http://eeedff29a94a:4040
[2024-10-15T21:16:42.045+0000] {spark_submit.py:649} INFO - 24/10/15 21:16:42 INFO StandaloneSchedulerBackend: Shutting down all executors
[2024-10-15T21:16:42.049+0000] {spark_submit.py:649} INFO - 24/10/15 21:16:42 INFO StandaloneSchedulerBackend$StandaloneDriverEndpoint: Asking each executor to shut down
[2024-10-15T21:16:42.073+0000] {spark_submit.py:649} INFO - 24/10/15 21:16:42 INFO MapOutputTrackerMasterEndpoint: MapOutputTrackerMasterEndpoint stopped!
[2024-10-15T21:16:42.170+0000] {spark_submit.py:649} INFO - 24/10/15 21:16:42 INFO MemoryStore: MemoryStore cleared
[2024-10-15T21:16:42.172+0000] {spark_submit.py:649} INFO - 24/10/15 21:16:42 INFO BlockManager: BlockManager stopped
[2024-10-15T21:16:42.210+0000] {spark_submit.py:649} INFO - 24/10/15 21:16:42 INFO BlockManagerMaster: BlockManagerMaster stopped
[2024-10-15T21:16:42.218+0000] {spark_submit.py:649} INFO - 24/10/15 21:16:42 INFO OutputCommitCoordinator$OutputCommitCoordinatorEndpoint: OutputCommitCoordinator stopped!
[2024-10-15T21:16:42.237+0000] {spark_submit.py:649} INFO - 24/10/15 21:16:42 INFO SparkContext: Successfully stopped SparkContext
[2024-10-15T21:16:42.237+0000] {spark_submit.py:649} INFO - 24/10/15 21:16:42 INFO ShutdownHookManager: Shutdown hook called
[2024-10-15T21:16:42.238+0000] {spark_submit.py:649} INFO - 24/10/15 21:16:42 INFO ShutdownHookManager: Deleting directory /tmp/spark-2826b53b-be61-44c9-8f1f-c04aa4006575
[2024-10-15T21:16:42.242+0000] {spark_submit.py:649} INFO - 24/10/15 21:16:42 INFO ShutdownHookManager: Deleting directory /tmp/spark-950f9ac9-e835-4561-baf0-4c379873feb4
[2024-10-15T21:16:42.247+0000] {spark_submit.py:649} INFO - 24/10/15 21:16:42 INFO ShutdownHookManager: Deleting directory /tmp/spark-950f9ac9-e835-4561-baf0-4c379873feb4/pyspark-da6abd37-1539-4919-905b-372a7d80e7a2
[2024-10-15T21:16:42.342+0000] {taskinstance.py:3310} ERROR - Task failed with exception
Traceback (most recent call last):
  File "/home/airflow/.local/lib/python3.12/site-packages/airflow/models/taskinstance.py", line 767, in _execute_task
    result = _execute_callable(context=context, **execute_callable_kwargs)
             ^^^^^^^^^^^^^^^^^^^^^^^^^^^^^^^^^^^^^^^^^^^^^^^^^^^^^^^^^^^^^
  File "/home/airflow/.local/lib/python3.12/site-packages/airflow/models/taskinstance.py", line 733, in _execute_callable
    return ExecutionCallableRunner(
           ^^^^^^^^^^^^^^^^^^^^^^^^
  File "/home/airflow/.local/lib/python3.12/site-packages/airflow/utils/operator_helpers.py", line 252, in run
    return self.func(*args, **kwargs)
           ^^^^^^^^^^^^^^^^^^^^^^^^^^
  File "/home/airflow/.local/lib/python3.12/site-packages/airflow/models/baseoperator.py", line 406, in wrapper
    return func(self, *args, **kwargs)
           ^^^^^^^^^^^^^^^^^^^^^^^^^^^
  File "/home/airflow/.local/lib/python3.12/site-packages/airflow/providers/apache/spark/operators/spark_submit.py", line 176, in execute
    self._hook.submit(self.application)
  File "/home/airflow/.local/lib/python3.12/site-packages/airflow/providers/apache/spark/hooks/spark_submit.py", line 575, in submit
    raise AirflowException(
airflow.exceptions.AirflowException: Cannot execute: spark-submit --master spark://spark:7077 --name arrow-spark --verbose --deploy-mode client /opt/bitnami/spark/src/scripts_spark/LoadFileToDB.py. Error code is: 1.
[2024-10-15T21:16:42.359+0000] {taskinstance.py:1225} INFO - Marking task as FAILED. dag_id=LoadWebScraping, task_id=submit_job, run_id=manual__2024-10-15T21:16:34.051904+00:00, execution_date=20241015T211634, start_date=20241015T211635, end_date=20241015T211642
[2024-10-15T21:16:42.394+0000] {taskinstance.py:340} INFO - ::group::Post task execution logs
[2024-10-15T21:16:42.396+0000] {standard_task_runner.py:124} ERROR - Failed to execute job 36 for task submit_job (Cannot execute: spark-submit --master spark://spark:7077 --name arrow-spark --verbose --deploy-mode client /opt/bitnami/spark/src/scripts_spark/LoadFileToDB.py. Error code is: 1.; 220)
Traceback (most recent call last):
  File "/home/airflow/.local/lib/python3.12/site-packages/airflow/task/task_runner/standard_task_runner.py", line 117, in _start_by_fork
    ret = args.func(args, dag=self.dag)
          ^^^^^^^^^^^^^^^^^^^^^^^^^^^^^
  File "/home/airflow/.local/lib/python3.12/site-packages/airflow/cli/cli_config.py", line 49, in command
    return func(*args, **kwargs)
           ^^^^^^^^^^^^^^^^^^^^^
  File "/home/airflow/.local/lib/python3.12/site-packages/airflow/utils/cli.py", line 115, in wrapper
    return f(*args, **kwargs)
           ^^^^^^^^^^^^^^^^^^
  File "/home/airflow/.local/lib/python3.12/site-packages/airflow/cli/commands/task_command.py", line 483, in task_run
    task_return_code = _run_task_by_selected_method(args, _dag, ti)
                       ^^^^^^^^^^^^^^^^^^^^^^^^^^^^^^^^^^^^^^^^^^^^
  File "/home/airflow/.local/lib/python3.12/site-packages/airflow/cli/commands/task_command.py", line 256, in _run_task_by_selected_method
    return _run_raw_task(args, ti)
           ^^^^^^^^^^^^^^^^^^^^^^^
  File "/home/airflow/.local/lib/python3.12/site-packages/airflow/cli/commands/task_command.py", line 341, in _run_raw_task
    return ti._run_raw_task(
           ^^^^^^^^^^^^^^^^^
  File "/home/airflow/.local/lib/python3.12/site-packages/airflow/utils/session.py", line 97, in wrapper
    return func(*args, session=session, **kwargs)
           ^^^^^^^^^^^^^^^^^^^^^^^^^^^^^^^^^^^^^^
  File "/home/airflow/.local/lib/python3.12/site-packages/airflow/models/taskinstance.py", line 3004, in _run_raw_task
    return _run_raw_task(
           ^^^^^^^^^^^^^^
  File "/home/airflow/.local/lib/python3.12/site-packages/airflow/models/taskinstance.py", line 273, in _run_raw_task
    TaskInstance._execute_task_with_callbacks(
  File "/home/airflow/.local/lib/python3.12/site-packages/airflow/models/taskinstance.py", line 3158, in _execute_task_with_callbacks
    result = self._execute_task(context, task_orig)
             ^^^^^^^^^^^^^^^^^^^^^^^^^^^^^^^^^^^^^^
  File "/home/airflow/.local/lib/python3.12/site-packages/airflow/models/taskinstance.py", line 3182, in _execute_task
    return _execute_task(self, context, task_orig)
           ^^^^^^^^^^^^^^^^^^^^^^^^^^^^^^^^^^^^^^^
  File "/home/airflow/.local/lib/python3.12/site-packages/airflow/models/taskinstance.py", line 767, in _execute_task
    result = _execute_callable(context=context, **execute_callable_kwargs)
             ^^^^^^^^^^^^^^^^^^^^^^^^^^^^^^^^^^^^^^^^^^^^^^^^^^^^^^^^^^^^^
  File "/home/airflow/.local/lib/python3.12/site-packages/airflow/models/taskinstance.py", line 733, in _execute_callable
    return ExecutionCallableRunner(
           ^^^^^^^^^^^^^^^^^^^^^^^^
  File "/home/airflow/.local/lib/python3.12/site-packages/airflow/utils/operator_helpers.py", line 252, in run
    return self.func(*args, **kwargs)
           ^^^^^^^^^^^^^^^^^^^^^^^^^^
  File "/home/airflow/.local/lib/python3.12/site-packages/airflow/models/baseoperator.py", line 406, in wrapper
    return func(self, *args, **kwargs)
           ^^^^^^^^^^^^^^^^^^^^^^^^^^^
  File "/home/airflow/.local/lib/python3.12/site-packages/airflow/providers/apache/spark/operators/spark_submit.py", line 176, in execute
    self._hook.submit(self.application)
  File "/home/airflow/.local/lib/python3.12/site-packages/airflow/providers/apache/spark/hooks/spark_submit.py", line 575, in submit
    raise AirflowException(
airflow.exceptions.AirflowException: Cannot execute: spark-submit --master spark://spark:7077 --name arrow-spark --verbose --deploy-mode client /opt/bitnami/spark/src/scripts_spark/LoadFileToDB.py. Error code is: 1.
[2024-10-15T21:16:42.468+0000] {local_task_job_runner.py:266} INFO - Task exited with return code 1
[2024-10-15T21:16:42.512+0000] {taskinstance.py:3900} INFO - 0 downstream tasks scheduled from follow-on schedule check
[2024-10-15T21:16:42.620+0000] {local_task_job_runner.py:245} INFO - ::endgroup::
