[2024-09-07T00:00:11.035+0000] {processor.py:186} INFO - Started process (PID=129) to work on /home/airflow/.local/lib/python3.12/site-packages/airflow/example_dags/example_xcomargs.py
[2024-09-07T00:00:11.036+0000] {processor.py:914} INFO - Processing file /home/airflow/.local/lib/python3.12/site-packages/airflow/example_dags/example_xcomargs.py for tasks to queue
[2024-09-07T00:00:11.039+0000] {logging_mixin.py:190} INFO - [2024-09-07T00:00:11.038+0000] {dagbag.py:587} INFO - Filling up the DagBag from /home/airflow/.local/lib/python3.12/site-packages/airflow/example_dags/example_xcomargs.py
[2024-09-07T00:00:11.048+0000] {processor.py:925} INFO - DAG(s) 'example_xcom_args_with_operators', 'example_xcom_args' retrieved from /home/airflow/.local/lib/python3.12/site-packages/airflow/example_dags/example_xcomargs.py
[2024-09-07T00:00:11.067+0000] {logging_mixin.py:190} INFO - [2024-09-07T00:00:11.067+0000] {dag.py:3229} INFO - Sync 2 DAGs
[2024-09-07T00:00:11.080+0000] {logging_mixin.py:190} INFO - [2024-09-07T00:00:11.079+0000] {dag.py:4156} INFO - Setting next_dagrun for example_xcom_args to None, run_after=None
[2024-09-07T00:00:11.083+0000] {logging_mixin.py:190} INFO - [2024-09-07T00:00:11.083+0000] {dag.py:4156} INFO - Setting next_dagrun for example_xcom_args_with_operators to None, run_after=None
[2024-09-07T00:00:11.099+0000] {processor.py:208} INFO - Processing /home/airflow/.local/lib/python3.12/site-packages/airflow/example_dags/example_xcomargs.py took 0.069 seconds
[2024-09-07T00:00:41.315+0000] {processor.py:186} INFO - Started process (PID=197) to work on /home/airflow/.local/lib/python3.12/site-packages/airflow/example_dags/example_xcomargs.py
[2024-09-07T00:00:41.316+0000] {processor.py:914} INFO - Processing file /home/airflow/.local/lib/python3.12/site-packages/airflow/example_dags/example_xcomargs.py for tasks to queue
[2024-09-07T00:00:41.318+0000] {logging_mixin.py:190} INFO - [2024-09-07T00:00:41.318+0000] {dagbag.py:587} INFO - Filling up the DagBag from /home/airflow/.local/lib/python3.12/site-packages/airflow/example_dags/example_xcomargs.py
[2024-09-07T00:00:41.327+0000] {processor.py:925} INFO - DAG(s) 'example_xcom_args', 'example_xcom_args_with_operators' retrieved from /home/airflow/.local/lib/python3.12/site-packages/airflow/example_dags/example_xcomargs.py
[2024-09-07T00:00:41.346+0000] {logging_mixin.py:190} INFO - [2024-09-07T00:00:41.345+0000] {dag.py:3229} INFO - Sync 2 DAGs
[2024-09-07T00:00:41.358+0000] {logging_mixin.py:190} INFO - [2024-09-07T00:00:41.358+0000] {dag.py:4156} INFO - Setting next_dagrun for example_xcom_args to None, run_after=None
[2024-09-07T00:00:41.361+0000] {logging_mixin.py:190} INFO - [2024-09-07T00:00:41.361+0000] {dag.py:4156} INFO - Setting next_dagrun for example_xcom_args_with_operators to None, run_after=None
[2024-09-07T00:00:41.377+0000] {processor.py:208} INFO - Processing /home/airflow/.local/lib/python3.12/site-packages/airflow/example_dags/example_xcomargs.py took 0.067 seconds
[2024-09-07T00:01:11.480+0000] {processor.py:186} INFO - Started process (PID=265) to work on /home/airflow/.local/lib/python3.12/site-packages/airflow/example_dags/example_xcomargs.py
[2024-09-07T00:01:11.481+0000] {processor.py:914} INFO - Processing file /home/airflow/.local/lib/python3.12/site-packages/airflow/example_dags/example_xcomargs.py for tasks to queue
[2024-09-07T00:01:11.483+0000] {logging_mixin.py:190} INFO - [2024-09-07T00:01:11.483+0000] {dagbag.py:587} INFO - Filling up the DagBag from /home/airflow/.local/lib/python3.12/site-packages/airflow/example_dags/example_xcomargs.py
[2024-09-07T00:01:11.492+0000] {processor.py:925} INFO - DAG(s) 'example_xcom_args_with_operators', 'example_xcom_args' retrieved from /home/airflow/.local/lib/python3.12/site-packages/airflow/example_dags/example_xcomargs.py
[2024-09-07T00:01:11.511+0000] {logging_mixin.py:190} INFO - [2024-09-07T00:01:11.511+0000] {dag.py:3229} INFO - Sync 2 DAGs
[2024-09-07T00:01:11.524+0000] {logging_mixin.py:190} INFO - [2024-09-07T00:01:11.524+0000] {dag.py:4156} INFO - Setting next_dagrun for example_xcom_args to None, run_after=None
[2024-09-07T00:01:11.527+0000] {logging_mixin.py:190} INFO - [2024-09-07T00:01:11.527+0000] {dag.py:4156} INFO - Setting next_dagrun for example_xcom_args_with_operators to None, run_after=None
[2024-09-07T00:01:11.545+0000] {processor.py:208} INFO - Processing /home/airflow/.local/lib/python3.12/site-packages/airflow/example_dags/example_xcomargs.py took 0.069 seconds
[2024-09-07T00:01:41.594+0000] {processor.py:186} INFO - Started process (PID=332) to work on /home/airflow/.local/lib/python3.12/site-packages/airflow/example_dags/example_xcomargs.py
[2024-09-07T00:01:41.595+0000] {processor.py:914} INFO - Processing file /home/airflow/.local/lib/python3.12/site-packages/airflow/example_dags/example_xcomargs.py for tasks to queue
[2024-09-07T00:01:41.597+0000] {logging_mixin.py:190} INFO - [2024-09-07T00:01:41.597+0000] {dagbag.py:587} INFO - Filling up the DagBag from /home/airflow/.local/lib/python3.12/site-packages/airflow/example_dags/example_xcomargs.py
[2024-09-07T00:01:41.605+0000] {processor.py:925} INFO - DAG(s) 'example_xcom_args', 'example_xcom_args_with_operators' retrieved from /home/airflow/.local/lib/python3.12/site-packages/airflow/example_dags/example_xcomargs.py
[2024-09-07T00:01:41.625+0000] {logging_mixin.py:190} INFO - [2024-09-07T00:01:41.625+0000] {dag.py:3229} INFO - Sync 2 DAGs
[2024-09-07T00:01:41.638+0000] {logging_mixin.py:190} INFO - [2024-09-07T00:01:41.637+0000] {dag.py:4156} INFO - Setting next_dagrun for example_xcom_args to None, run_after=None
[2024-09-07T00:01:41.641+0000] {logging_mixin.py:190} INFO - [2024-09-07T00:01:41.641+0000] {dag.py:4156} INFO - Setting next_dagrun for example_xcom_args_with_operators to None, run_after=None
[2024-09-07T00:01:41.656+0000] {processor.py:208} INFO - Processing /home/airflow/.local/lib/python3.12/site-packages/airflow/example_dags/example_xcomargs.py took 0.067 seconds
[2024-09-07T00:02:11.793+0000] {processor.py:186} INFO - Started process (PID=400) to work on /home/airflow/.local/lib/python3.12/site-packages/airflow/example_dags/example_xcomargs.py
[2024-09-07T00:02:11.794+0000] {processor.py:914} INFO - Processing file /home/airflow/.local/lib/python3.12/site-packages/airflow/example_dags/example_xcomargs.py for tasks to queue
[2024-09-07T00:02:11.796+0000] {logging_mixin.py:190} INFO - [2024-09-07T00:02:11.796+0000] {dagbag.py:587} INFO - Filling up the DagBag from /home/airflow/.local/lib/python3.12/site-packages/airflow/example_dags/example_xcomargs.py
[2024-09-07T00:02:11.805+0000] {processor.py:925} INFO - DAG(s) 'example_xcom_args', 'example_xcom_args_with_operators' retrieved from /home/airflow/.local/lib/python3.12/site-packages/airflow/example_dags/example_xcomargs.py
[2024-09-07T00:02:11.825+0000] {logging_mixin.py:190} INFO - [2024-09-07T00:02:11.825+0000] {dag.py:3229} INFO - Sync 2 DAGs
[2024-09-07T00:02:11.837+0000] {logging_mixin.py:190} INFO - [2024-09-07T00:02:11.837+0000] {dag.py:4156} INFO - Setting next_dagrun for example_xcom_args to None, run_after=None
[2024-09-07T00:02:11.841+0000] {logging_mixin.py:190} INFO - [2024-09-07T00:02:11.840+0000] {dag.py:4156} INFO - Setting next_dagrun for example_xcom_args_with_operators to None, run_after=None
[2024-09-07T00:02:11.857+0000] {processor.py:208} INFO - Processing /home/airflow/.local/lib/python3.12/site-packages/airflow/example_dags/example_xcomargs.py took 0.068 seconds
[2024-09-07T00:02:42.882+0000] {processor.py:186} INFO - Started process (PID=474) to work on /home/airflow/.local/lib/python3.12/site-packages/airflow/example_dags/example_xcomargs.py
[2024-09-07T00:02:42.883+0000] {processor.py:914} INFO - Processing file /home/airflow/.local/lib/python3.12/site-packages/airflow/example_dags/example_xcomargs.py for tasks to queue
[2024-09-07T00:02:42.885+0000] {logging_mixin.py:190} INFO - [2024-09-07T00:02:42.885+0000] {dagbag.py:587} INFO - Filling up the DagBag from /home/airflow/.local/lib/python3.12/site-packages/airflow/example_dags/example_xcomargs.py
[2024-09-07T00:02:42.894+0000] {processor.py:925} INFO - DAG(s) 'example_xcom_args_with_operators', 'example_xcom_args' retrieved from /home/airflow/.local/lib/python3.12/site-packages/airflow/example_dags/example_xcomargs.py
[2024-09-07T00:02:42.914+0000] {logging_mixin.py:190} INFO - [2024-09-07T00:02:42.914+0000] {dag.py:3229} INFO - Sync 2 DAGs
[2024-09-07T00:02:42.926+0000] {logging_mixin.py:190} INFO - [2024-09-07T00:02:42.926+0000] {dag.py:4156} INFO - Setting next_dagrun for example_xcom_args to None, run_after=None
[2024-09-07T00:02:42.930+0000] {logging_mixin.py:190} INFO - [2024-09-07T00:02:42.930+0000] {dag.py:4156} INFO - Setting next_dagrun for example_xcom_args_with_operators to None, run_after=None
[2024-09-07T00:02:42.945+0000] {processor.py:208} INFO - Processing /home/airflow/.local/lib/python3.12/site-packages/airflow/example_dags/example_xcomargs.py took 0.068 seconds
[2024-09-07T00:03:13.143+0000] {processor.py:186} INFO - Started process (PID=542) to work on /home/airflow/.local/lib/python3.12/site-packages/airflow/example_dags/example_xcomargs.py
[2024-09-07T00:03:13.144+0000] {processor.py:914} INFO - Processing file /home/airflow/.local/lib/python3.12/site-packages/airflow/example_dags/example_xcomargs.py for tasks to queue
[2024-09-07T00:03:13.146+0000] {logging_mixin.py:190} INFO - [2024-09-07T00:03:13.145+0000] {dagbag.py:587} INFO - Filling up the DagBag from /home/airflow/.local/lib/python3.12/site-packages/airflow/example_dags/example_xcomargs.py
[2024-09-07T00:03:13.155+0000] {processor.py:925} INFO - DAG(s) 'example_xcom_args', 'example_xcom_args_with_operators' retrieved from /home/airflow/.local/lib/python3.12/site-packages/airflow/example_dags/example_xcomargs.py
[2024-09-07T00:03:13.176+0000] {logging_mixin.py:190} INFO - [2024-09-07T00:03:13.175+0000] {dag.py:3229} INFO - Sync 2 DAGs
[2024-09-07T00:03:13.189+0000] {logging_mixin.py:190} INFO - [2024-09-07T00:03:13.189+0000] {dag.py:4156} INFO - Setting next_dagrun for example_xcom_args to None, run_after=None
[2024-09-07T00:03:13.192+0000] {logging_mixin.py:190} INFO - [2024-09-07T00:03:13.192+0000] {dag.py:4156} INFO - Setting next_dagrun for example_xcom_args_with_operators to None, run_after=None
[2024-09-07T00:03:13.228+0000] {processor.py:208} INFO - Processing /home/airflow/.local/lib/python3.12/site-packages/airflow/example_dags/example_xcomargs.py took 0.090 seconds
[2024-09-07T00:03:44.202+0000] {processor.py:186} INFO - Started process (PID=610) to work on /home/airflow/.local/lib/python3.12/site-packages/airflow/example_dags/example_xcomargs.py
[2024-09-07T00:03:44.203+0000] {processor.py:914} INFO - Processing file /home/airflow/.local/lib/python3.12/site-packages/airflow/example_dags/example_xcomargs.py for tasks to queue
[2024-09-07T00:03:44.205+0000] {logging_mixin.py:190} INFO - [2024-09-07T00:03:44.204+0000] {dagbag.py:587} INFO - Filling up the DagBag from /home/airflow/.local/lib/python3.12/site-packages/airflow/example_dags/example_xcomargs.py
[2024-09-07T00:03:44.214+0000] {processor.py:925} INFO - DAG(s) 'example_xcom_args_with_operators', 'example_xcom_args' retrieved from /home/airflow/.local/lib/python3.12/site-packages/airflow/example_dags/example_xcomargs.py
[2024-09-07T00:03:44.233+0000] {logging_mixin.py:190} INFO - [2024-09-07T00:03:44.233+0000] {dag.py:3229} INFO - Sync 2 DAGs
[2024-09-07T00:03:44.246+0000] {logging_mixin.py:190} INFO - [2024-09-07T00:03:44.246+0000] {dag.py:4156} INFO - Setting next_dagrun for example_xcom_args to None, run_after=None
[2024-09-07T00:03:44.249+0000] {logging_mixin.py:190} INFO - [2024-09-07T00:03:44.249+0000] {dag.py:4156} INFO - Setting next_dagrun for example_xcom_args_with_operators to None, run_after=None
[2024-09-07T00:03:44.263+0000] {processor.py:208} INFO - Processing /home/airflow/.local/lib/python3.12/site-packages/airflow/example_dags/example_xcomargs.py took 0.067 seconds
[2024-09-07T00:04:15.202+0000] {processor.py:186} INFO - Started process (PID=678) to work on /home/airflow/.local/lib/python3.12/site-packages/airflow/example_dags/example_xcomargs.py
[2024-09-07T00:04:15.203+0000] {processor.py:914} INFO - Processing file /home/airflow/.local/lib/python3.12/site-packages/airflow/example_dags/example_xcomargs.py for tasks to queue
[2024-09-07T00:04:15.205+0000] {logging_mixin.py:190} INFO - [2024-09-07T00:04:15.205+0000] {dagbag.py:587} INFO - Filling up the DagBag from /home/airflow/.local/lib/python3.12/site-packages/airflow/example_dags/example_xcomargs.py
[2024-09-07T00:04:15.214+0000] {processor.py:925} INFO - DAG(s) 'example_xcom_args', 'example_xcom_args_with_operators' retrieved from /home/airflow/.local/lib/python3.12/site-packages/airflow/example_dags/example_xcomargs.py
[2024-09-07T00:04:15.234+0000] {logging_mixin.py:190} INFO - [2024-09-07T00:04:15.234+0000] {dag.py:3229} INFO - Sync 2 DAGs
[2024-09-07T00:04:15.248+0000] {logging_mixin.py:190} INFO - [2024-09-07T00:04:15.247+0000] {dag.py:4156} INFO - Setting next_dagrun for example_xcom_args to None, run_after=None
[2024-09-07T00:04:15.251+0000] {logging_mixin.py:190} INFO - [2024-09-07T00:04:15.251+0000] {dag.py:4156} INFO - Setting next_dagrun for example_xcom_args_with_operators to None, run_after=None
[2024-09-07T00:04:15.266+0000] {processor.py:208} INFO - Processing /home/airflow/.local/lib/python3.12/site-packages/airflow/example_dags/example_xcomargs.py took 0.069 seconds
[2024-09-07T00:04:46.076+0000] {processor.py:186} INFO - Started process (PID=746) to work on /home/airflow/.local/lib/python3.12/site-packages/airflow/example_dags/example_xcomargs.py
[2024-09-07T00:04:46.077+0000] {processor.py:914} INFO - Processing file /home/airflow/.local/lib/python3.12/site-packages/airflow/example_dags/example_xcomargs.py for tasks to queue
[2024-09-07T00:04:46.079+0000] {logging_mixin.py:190} INFO - [2024-09-07T00:04:46.079+0000] {dagbag.py:587} INFO - Filling up the DagBag from /home/airflow/.local/lib/python3.12/site-packages/airflow/example_dags/example_xcomargs.py
[2024-09-07T00:04:46.088+0000] {processor.py:925} INFO - DAG(s) 'example_xcom_args_with_operators', 'example_xcom_args' retrieved from /home/airflow/.local/lib/python3.12/site-packages/airflow/example_dags/example_xcomargs.py
[2024-09-07T00:04:46.109+0000] {logging_mixin.py:190} INFO - [2024-09-07T00:04:46.109+0000] {dag.py:3229} INFO - Sync 2 DAGs
[2024-09-07T00:04:46.122+0000] {logging_mixin.py:190} INFO - [2024-09-07T00:04:46.122+0000] {dag.py:4156} INFO - Setting next_dagrun for example_xcom_args to None, run_after=None
[2024-09-07T00:04:46.125+0000] {logging_mixin.py:190} INFO - [2024-09-07T00:04:46.125+0000] {dag.py:4156} INFO - Setting next_dagrun for example_xcom_args_with_operators to None, run_after=None
[2024-09-07T00:04:46.140+0000] {processor.py:208} INFO - Processing /home/airflow/.local/lib/python3.12/site-packages/airflow/example_dags/example_xcomargs.py took 0.069 seconds
[2024-09-07T00:05:16.975+0000] {processor.py:186} INFO - Started process (PID=815) to work on /home/airflow/.local/lib/python3.12/site-packages/airflow/example_dags/example_xcomargs.py
[2024-09-07T00:05:16.975+0000] {processor.py:914} INFO - Processing file /home/airflow/.local/lib/python3.12/site-packages/airflow/example_dags/example_xcomargs.py for tasks to queue
[2024-09-07T00:05:16.977+0000] {logging_mixin.py:190} INFO - [2024-09-07T00:05:16.977+0000] {dagbag.py:587} INFO - Filling up the DagBag from /home/airflow/.local/lib/python3.12/site-packages/airflow/example_dags/example_xcomargs.py
[2024-09-07T00:05:16.986+0000] {processor.py:925} INFO - DAG(s) 'example_xcom_args', 'example_xcom_args_with_operators' retrieved from /home/airflow/.local/lib/python3.12/site-packages/airflow/example_dags/example_xcomargs.py
[2024-09-07T00:05:17.005+0000] {logging_mixin.py:190} INFO - [2024-09-07T00:05:17.005+0000] {dag.py:3229} INFO - Sync 2 DAGs
[2024-09-07T00:05:17.018+0000] {logging_mixin.py:190} INFO - [2024-09-07T00:05:17.018+0000] {dag.py:4156} INFO - Setting next_dagrun for example_xcom_args to None, run_after=None
[2024-09-07T00:05:17.021+0000] {logging_mixin.py:190} INFO - [2024-09-07T00:05:17.021+0000] {dag.py:4156} INFO - Setting next_dagrun for example_xcom_args_with_operators to None, run_after=None
[2024-09-07T00:05:17.038+0000] {processor.py:208} INFO - Processing /home/airflow/.local/lib/python3.12/site-packages/airflow/example_dags/example_xcomargs.py took 0.068 seconds
[2024-09-07T00:05:47.793+0000] {processor.py:186} INFO - Started process (PID=883) to work on /home/airflow/.local/lib/python3.12/site-packages/airflow/example_dags/example_xcomargs.py
[2024-09-07T00:05:47.794+0000] {processor.py:914} INFO - Processing file /home/airflow/.local/lib/python3.12/site-packages/airflow/example_dags/example_xcomargs.py for tasks to queue
[2024-09-07T00:05:47.796+0000] {logging_mixin.py:190} INFO - [2024-09-07T00:05:47.796+0000] {dagbag.py:587} INFO - Filling up the DagBag from /home/airflow/.local/lib/python3.12/site-packages/airflow/example_dags/example_xcomargs.py
[2024-09-07T00:05:47.805+0000] {processor.py:925} INFO - DAG(s) 'example_xcom_args_with_operators', 'example_xcom_args' retrieved from /home/airflow/.local/lib/python3.12/site-packages/airflow/example_dags/example_xcomargs.py
[2024-09-07T00:05:47.823+0000] {logging_mixin.py:190} INFO - [2024-09-07T00:05:47.823+0000] {dag.py:3229} INFO - Sync 2 DAGs
[2024-09-07T00:05:47.835+0000] {logging_mixin.py:190} INFO - [2024-09-07T00:05:47.835+0000] {dag.py:4156} INFO - Setting next_dagrun for example_xcom_args to None, run_after=None
[2024-09-07T00:05:47.838+0000] {logging_mixin.py:190} INFO - [2024-09-07T00:05:47.838+0000] {dag.py:4156} INFO - Setting next_dagrun for example_xcom_args_with_operators to None, run_after=None
[2024-09-07T00:05:47.854+0000] {processor.py:208} INFO - Processing /home/airflow/.local/lib/python3.12/site-packages/airflow/example_dags/example_xcomargs.py took 0.066 seconds
[2024-09-07T00:06:18.750+0000] {processor.py:186} INFO - Started process (PID=951) to work on /home/airflow/.local/lib/python3.12/site-packages/airflow/example_dags/example_xcomargs.py
[2024-09-07T00:06:18.751+0000] {processor.py:914} INFO - Processing file /home/airflow/.local/lib/python3.12/site-packages/airflow/example_dags/example_xcomargs.py for tasks to queue
[2024-09-07T00:06:18.753+0000] {logging_mixin.py:190} INFO - [2024-09-07T00:06:18.752+0000] {dagbag.py:587} INFO - Filling up the DagBag from /home/airflow/.local/lib/python3.12/site-packages/airflow/example_dags/example_xcomargs.py
[2024-09-07T00:06:18.761+0000] {processor.py:925} INFO - DAG(s) 'example_xcom_args', 'example_xcom_args_with_operators' retrieved from /home/airflow/.local/lib/python3.12/site-packages/airflow/example_dags/example_xcomargs.py
[2024-09-07T00:06:18.781+0000] {logging_mixin.py:190} INFO - [2024-09-07T00:06:18.781+0000] {dag.py:3229} INFO - Sync 2 DAGs
[2024-09-07T00:06:18.793+0000] {logging_mixin.py:190} INFO - [2024-09-07T00:06:18.793+0000] {dag.py:4156} INFO - Setting next_dagrun for example_xcom_args to None, run_after=None
[2024-09-07T00:06:18.797+0000] {logging_mixin.py:190} INFO - [2024-09-07T00:06:18.796+0000] {dag.py:4156} INFO - Setting next_dagrun for example_xcom_args_with_operators to None, run_after=None
[2024-09-07T00:06:18.810+0000] {processor.py:208} INFO - Processing /home/airflow/.local/lib/python3.12/site-packages/airflow/example_dags/example_xcomargs.py took 0.066 seconds
[2024-09-07T00:06:49.656+0000] {processor.py:186} INFO - Started process (PID=1019) to work on /home/airflow/.local/lib/python3.12/site-packages/airflow/example_dags/example_xcomargs.py
[2024-09-07T00:06:49.657+0000] {processor.py:914} INFO - Processing file /home/airflow/.local/lib/python3.12/site-packages/airflow/example_dags/example_xcomargs.py for tasks to queue
[2024-09-07T00:06:49.660+0000] {logging_mixin.py:190} INFO - [2024-09-07T00:06:49.659+0000] {dagbag.py:587} INFO - Filling up the DagBag from /home/airflow/.local/lib/python3.12/site-packages/airflow/example_dags/example_xcomargs.py
[2024-09-07T00:06:49.668+0000] {processor.py:925} INFO - DAG(s) 'example_xcom_args_with_operators', 'example_xcom_args' retrieved from /home/airflow/.local/lib/python3.12/site-packages/airflow/example_dags/example_xcomargs.py
[2024-09-07T00:06:49.688+0000] {logging_mixin.py:190} INFO - [2024-09-07T00:06:49.688+0000] {dag.py:3229} INFO - Sync 2 DAGs
[2024-09-07T00:06:49.700+0000] {logging_mixin.py:190} INFO - [2024-09-07T00:06:49.700+0000] {dag.py:4156} INFO - Setting next_dagrun for example_xcom_args to None, run_after=None
[2024-09-07T00:06:49.703+0000] {logging_mixin.py:190} INFO - [2024-09-07T00:06:49.703+0000] {dag.py:4156} INFO - Setting next_dagrun for example_xcom_args_with_operators to None, run_after=None
[2024-09-07T00:06:49.727+0000] {processor.py:208} INFO - Processing /home/airflow/.local/lib/python3.12/site-packages/airflow/example_dags/example_xcomargs.py took 0.075 seconds
[2024-09-07T00:07:20.421+0000] {processor.py:186} INFO - Started process (PID=1087) to work on /home/airflow/.local/lib/python3.12/site-packages/airflow/example_dags/example_xcomargs.py
[2024-09-07T00:07:20.422+0000] {processor.py:914} INFO - Processing file /home/airflow/.local/lib/python3.12/site-packages/airflow/example_dags/example_xcomargs.py for tasks to queue
[2024-09-07T00:07:20.424+0000] {logging_mixin.py:190} INFO - [2024-09-07T00:07:20.424+0000] {dagbag.py:587} INFO - Filling up the DagBag from /home/airflow/.local/lib/python3.12/site-packages/airflow/example_dags/example_xcomargs.py
[2024-09-07T00:07:20.433+0000] {processor.py:925} INFO - DAG(s) 'example_xcom_args', 'example_xcom_args_with_operators' retrieved from /home/airflow/.local/lib/python3.12/site-packages/airflow/example_dags/example_xcomargs.py
[2024-09-07T00:07:20.452+0000] {logging_mixin.py:190} INFO - [2024-09-07T00:07:20.452+0000] {dag.py:3229} INFO - Sync 2 DAGs
[2024-09-07T00:07:20.465+0000] {logging_mixin.py:190} INFO - [2024-09-07T00:07:20.465+0000] {dag.py:4156} INFO - Setting next_dagrun for example_xcom_args to None, run_after=None
[2024-09-07T00:07:20.468+0000] {logging_mixin.py:190} INFO - [2024-09-07T00:07:20.468+0000] {dag.py:4156} INFO - Setting next_dagrun for example_xcom_args_with_operators to None, run_after=None
[2024-09-07T00:07:20.492+0000] {processor.py:208} INFO - Processing /home/airflow/.local/lib/python3.12/site-packages/airflow/example_dags/example_xcomargs.py took 0.076 seconds
[2024-09-07T00:07:51.240+0000] {processor.py:186} INFO - Started process (PID=1155) to work on /home/airflow/.local/lib/python3.12/site-packages/airflow/example_dags/example_xcomargs.py
[2024-09-07T00:07:51.241+0000] {processor.py:914} INFO - Processing file /home/airflow/.local/lib/python3.12/site-packages/airflow/example_dags/example_xcomargs.py for tasks to queue
[2024-09-07T00:07:51.243+0000] {logging_mixin.py:190} INFO - [2024-09-07T00:07:51.243+0000] {dagbag.py:587} INFO - Filling up the DagBag from /home/airflow/.local/lib/python3.12/site-packages/airflow/example_dags/example_xcomargs.py
[2024-09-07T00:07:51.252+0000] {processor.py:925} INFO - DAG(s) 'example_xcom_args', 'example_xcom_args_with_operators' retrieved from /home/airflow/.local/lib/python3.12/site-packages/airflow/example_dags/example_xcomargs.py
[2024-09-07T00:07:51.272+0000] {logging_mixin.py:190} INFO - [2024-09-07T00:07:51.272+0000] {dag.py:3229} INFO - Sync 2 DAGs
[2024-09-07T00:07:51.284+0000] {logging_mixin.py:190} INFO - [2024-09-07T00:07:51.284+0000] {dag.py:4156} INFO - Setting next_dagrun for example_xcom_args to None, run_after=None
[2024-09-07T00:07:51.287+0000] {logging_mixin.py:190} INFO - [2024-09-07T00:07:51.287+0000] {dag.py:4156} INFO - Setting next_dagrun for example_xcom_args_with_operators to None, run_after=None
[2024-09-07T00:07:51.310+0000] {processor.py:208} INFO - Processing /home/airflow/.local/lib/python3.12/site-packages/airflow/example_dags/example_xcomargs.py took 0.075 seconds
[2024-09-07T00:08:22.027+0000] {processor.py:186} INFO - Started process (PID=1223) to work on /home/airflow/.local/lib/python3.12/site-packages/airflow/example_dags/example_xcomargs.py
[2024-09-07T00:08:22.028+0000] {processor.py:914} INFO - Processing file /home/airflow/.local/lib/python3.12/site-packages/airflow/example_dags/example_xcomargs.py for tasks to queue
[2024-09-07T00:08:22.030+0000] {logging_mixin.py:190} INFO - [2024-09-07T00:08:22.030+0000] {dagbag.py:587} INFO - Filling up the DagBag from /home/airflow/.local/lib/python3.12/site-packages/airflow/example_dags/example_xcomargs.py
[2024-09-07T00:08:22.039+0000] {processor.py:925} INFO - DAG(s) 'example_xcom_args', 'example_xcom_args_with_operators' retrieved from /home/airflow/.local/lib/python3.12/site-packages/airflow/example_dags/example_xcomargs.py
[2024-09-07T00:08:22.059+0000] {logging_mixin.py:190} INFO - [2024-09-07T00:08:22.058+0000] {dag.py:3229} INFO - Sync 2 DAGs
[2024-09-07T00:08:22.071+0000] {logging_mixin.py:190} INFO - [2024-09-07T00:08:22.071+0000] {dag.py:4156} INFO - Setting next_dagrun for example_xcom_args to None, run_after=None
[2024-09-07T00:08:22.074+0000] {logging_mixin.py:190} INFO - [2024-09-07T00:08:22.074+0000] {dag.py:4156} INFO - Setting next_dagrun for example_xcom_args_with_operators to None, run_after=None
[2024-09-07T00:08:22.089+0000] {processor.py:208} INFO - Processing /home/airflow/.local/lib/python3.12/site-packages/airflow/example_dags/example_xcomargs.py took 0.067 seconds
[2024-09-07T00:08:52.863+0000] {processor.py:186} INFO - Started process (PID=1291) to work on /home/airflow/.local/lib/python3.12/site-packages/airflow/example_dags/example_xcomargs.py
[2024-09-07T00:08:52.863+0000] {processor.py:914} INFO - Processing file /home/airflow/.local/lib/python3.12/site-packages/airflow/example_dags/example_xcomargs.py for tasks to queue
[2024-09-07T00:08:52.866+0000] {logging_mixin.py:190} INFO - [2024-09-07T00:08:52.865+0000] {dagbag.py:587} INFO - Filling up the DagBag from /home/airflow/.local/lib/python3.12/site-packages/airflow/example_dags/example_xcomargs.py
[2024-09-07T00:08:52.874+0000] {processor.py:925} INFO - DAG(s) 'example_xcom_args_with_operators', 'example_xcom_args' retrieved from /home/airflow/.local/lib/python3.12/site-packages/airflow/example_dags/example_xcomargs.py
[2024-09-07T00:08:52.893+0000] {logging_mixin.py:190} INFO - [2024-09-07T00:08:52.893+0000] {dag.py:3229} INFO - Sync 2 DAGs
[2024-09-07T00:08:52.906+0000] {logging_mixin.py:190} INFO - [2024-09-07T00:08:52.906+0000] {dag.py:4156} INFO - Setting next_dagrun for example_xcom_args to None, run_after=None
[2024-09-07T00:08:52.909+0000] {logging_mixin.py:190} INFO - [2024-09-07T00:08:52.909+0000] {dag.py:4156} INFO - Setting next_dagrun for example_xcom_args_with_operators to None, run_after=None
[2024-09-07T00:08:52.925+0000] {processor.py:208} INFO - Processing /home/airflow/.local/lib/python3.12/site-packages/airflow/example_dags/example_xcomargs.py took 0.068 seconds
[2024-09-07T00:09:23.751+0000] {processor.py:186} INFO - Started process (PID=1359) to work on /home/airflow/.local/lib/python3.12/site-packages/airflow/example_dags/example_xcomargs.py
[2024-09-07T00:09:23.752+0000] {processor.py:914} INFO - Processing file /home/airflow/.local/lib/python3.12/site-packages/airflow/example_dags/example_xcomargs.py for tasks to queue
[2024-09-07T00:09:23.754+0000] {logging_mixin.py:190} INFO - [2024-09-07T00:09:23.754+0000] {dagbag.py:587} INFO - Filling up the DagBag from /home/airflow/.local/lib/python3.12/site-packages/airflow/example_dags/example_xcomargs.py
[2024-09-07T00:09:23.763+0000] {processor.py:925} INFO - DAG(s) 'example_xcom_args_with_operators', 'example_xcom_args' retrieved from /home/airflow/.local/lib/python3.12/site-packages/airflow/example_dags/example_xcomargs.py
[2024-09-07T00:09:23.781+0000] {logging_mixin.py:190} INFO - [2024-09-07T00:09:23.781+0000] {dag.py:3229} INFO - Sync 2 DAGs
[2024-09-07T00:09:23.794+0000] {logging_mixin.py:190} INFO - [2024-09-07T00:09:23.794+0000] {dag.py:4156} INFO - Setting next_dagrun for example_xcom_args to None, run_after=None
[2024-09-07T00:09:23.797+0000] {logging_mixin.py:190} INFO - [2024-09-07T00:09:23.797+0000] {dag.py:4156} INFO - Setting next_dagrun for example_xcom_args_with_operators to None, run_after=None
[2024-09-07T00:09:23.812+0000] {processor.py:208} INFO - Processing /home/airflow/.local/lib/python3.12/site-packages/airflow/example_dags/example_xcomargs.py took 0.066 seconds
[2024-09-07T00:09:54.801+0000] {processor.py:186} INFO - Started process (PID=1427) to work on /home/airflow/.local/lib/python3.12/site-packages/airflow/example_dags/example_xcomargs.py
[2024-09-07T00:09:54.802+0000] {processor.py:914} INFO - Processing file /home/airflow/.local/lib/python3.12/site-packages/airflow/example_dags/example_xcomargs.py for tasks to queue
[2024-09-07T00:09:54.804+0000] {logging_mixin.py:190} INFO - [2024-09-07T00:09:54.803+0000] {dagbag.py:587} INFO - Filling up the DagBag from /home/airflow/.local/lib/python3.12/site-packages/airflow/example_dags/example_xcomargs.py
[2024-09-07T00:09:54.813+0000] {processor.py:925} INFO - DAG(s) 'example_xcom_args_with_operators', 'example_xcom_args' retrieved from /home/airflow/.local/lib/python3.12/site-packages/airflow/example_dags/example_xcomargs.py
[2024-09-07T00:09:54.832+0000] {logging_mixin.py:190} INFO - [2024-09-07T00:09:54.832+0000] {dag.py:3229} INFO - Sync 2 DAGs
[2024-09-07T00:09:54.845+0000] {logging_mixin.py:190} INFO - [2024-09-07T00:09:54.845+0000] {dag.py:4156} INFO - Setting next_dagrun for example_xcom_args to None, run_after=None
[2024-09-07T00:09:54.849+0000] {logging_mixin.py:190} INFO - [2024-09-07T00:09:54.849+0000] {dag.py:4156} INFO - Setting next_dagrun for example_xcom_args_with_operators to None, run_after=None
[2024-09-07T00:09:54.863+0000] {processor.py:208} INFO - Processing /home/airflow/.local/lib/python3.12/site-packages/airflow/example_dags/example_xcomargs.py took 0.068 seconds
[2024-09-07T00:10:25.034+0000] {processor.py:186} INFO - Started process (PID=1495) to work on /home/airflow/.local/lib/python3.12/site-packages/airflow/example_dags/example_xcomargs.py
[2024-09-07T00:10:25.035+0000] {processor.py:914} INFO - Processing file /home/airflow/.local/lib/python3.12/site-packages/airflow/example_dags/example_xcomargs.py for tasks to queue
[2024-09-07T00:10:25.037+0000] {logging_mixin.py:190} INFO - [2024-09-07T00:10:25.036+0000] {dagbag.py:587} INFO - Filling up the DagBag from /home/airflow/.local/lib/python3.12/site-packages/airflow/example_dags/example_xcomargs.py
[2024-09-07T00:10:25.046+0000] {processor.py:925} INFO - DAG(s) 'example_xcom_args_with_operators', 'example_xcom_args' retrieved from /home/airflow/.local/lib/python3.12/site-packages/airflow/example_dags/example_xcomargs.py
[2024-09-07T00:10:25.066+0000] {logging_mixin.py:190} INFO - [2024-09-07T00:10:25.066+0000] {dag.py:3229} INFO - Sync 2 DAGs
[2024-09-07T00:10:25.078+0000] {logging_mixin.py:190} INFO - [2024-09-07T00:10:25.078+0000] {dag.py:4156} INFO - Setting next_dagrun for example_xcom_args to None, run_after=None
[2024-09-07T00:10:25.081+0000] {logging_mixin.py:190} INFO - [2024-09-07T00:10:25.081+0000] {dag.py:4156} INFO - Setting next_dagrun for example_xcom_args_with_operators to None, run_after=None
[2024-09-07T00:10:25.096+0000] {processor.py:208} INFO - Processing /home/airflow/.local/lib/python3.12/site-packages/airflow/example_dags/example_xcomargs.py took 0.068 seconds
[2024-09-07T00:10:55.985+0000] {processor.py:186} INFO - Started process (PID=1563) to work on /home/airflow/.local/lib/python3.12/site-packages/airflow/example_dags/example_xcomargs.py
[2024-09-07T00:10:55.986+0000] {processor.py:914} INFO - Processing file /home/airflow/.local/lib/python3.12/site-packages/airflow/example_dags/example_xcomargs.py for tasks to queue
[2024-09-07T00:10:55.988+0000] {logging_mixin.py:190} INFO - [2024-09-07T00:10:55.987+0000] {dagbag.py:587} INFO - Filling up the DagBag from /home/airflow/.local/lib/python3.12/site-packages/airflow/example_dags/example_xcomargs.py
[2024-09-07T00:10:55.997+0000] {processor.py:925} INFO - DAG(s) 'example_xcom_args_with_operators', 'example_xcom_args' retrieved from /home/airflow/.local/lib/python3.12/site-packages/airflow/example_dags/example_xcomargs.py
[2024-09-07T00:10:56.019+0000] {logging_mixin.py:190} INFO - [2024-09-07T00:10:56.019+0000] {dag.py:3229} INFO - Sync 2 DAGs
[2024-09-07T00:10:56.032+0000] {logging_mixin.py:190} INFO - [2024-09-07T00:10:56.032+0000] {dag.py:4156} INFO - Setting next_dagrun for example_xcom_args to None, run_after=None
[2024-09-07T00:10:56.036+0000] {logging_mixin.py:190} INFO - [2024-09-07T00:10:56.036+0000] {dag.py:4156} INFO - Setting next_dagrun for example_xcom_args_with_operators to None, run_after=None
[2024-09-07T00:10:56.052+0000] {processor.py:208} INFO - Processing /home/airflow/.local/lib/python3.12/site-packages/airflow/example_dags/example_xcomargs.py took 0.072 seconds
[2024-09-07T00:11:26.217+0000] {processor.py:186} INFO - Started process (PID=1631) to work on /home/airflow/.local/lib/python3.12/site-packages/airflow/example_dags/example_xcomargs.py
[2024-09-07T00:11:26.218+0000] {processor.py:914} INFO - Processing file /home/airflow/.local/lib/python3.12/site-packages/airflow/example_dags/example_xcomargs.py for tasks to queue
[2024-09-07T00:11:26.220+0000] {logging_mixin.py:190} INFO - [2024-09-07T00:11:26.220+0000] {dagbag.py:587} INFO - Filling up the DagBag from /home/airflow/.local/lib/python3.12/site-packages/airflow/example_dags/example_xcomargs.py
[2024-09-07T00:11:26.229+0000] {processor.py:925} INFO - DAG(s) 'example_xcom_args_with_operators', 'example_xcom_args' retrieved from /home/airflow/.local/lib/python3.12/site-packages/airflow/example_dags/example_xcomargs.py
[2024-09-07T00:11:26.248+0000] {logging_mixin.py:190} INFO - [2024-09-07T00:11:26.248+0000] {dag.py:3229} INFO - Sync 2 DAGs
[2024-09-07T00:11:26.261+0000] {logging_mixin.py:190} INFO - [2024-09-07T00:11:26.260+0000] {dag.py:4156} INFO - Setting next_dagrun for example_xcom_args to None, run_after=None
[2024-09-07T00:11:26.264+0000] {logging_mixin.py:190} INFO - [2024-09-07T00:11:26.264+0000] {dag.py:4156} INFO - Setting next_dagrun for example_xcom_args_with_operators to None, run_after=None
[2024-09-07T00:11:26.278+0000] {processor.py:208} INFO - Processing /home/airflow/.local/lib/python3.12/site-packages/airflow/example_dags/example_xcomargs.py took 0.066 seconds
[2024-09-07T00:11:56.382+0000] {processor.py:186} INFO - Started process (PID=1699) to work on /home/airflow/.local/lib/python3.12/site-packages/airflow/example_dags/example_xcomargs.py
[2024-09-07T00:11:56.383+0000] {processor.py:914} INFO - Processing file /home/airflow/.local/lib/python3.12/site-packages/airflow/example_dags/example_xcomargs.py for tasks to queue
[2024-09-07T00:11:56.385+0000] {logging_mixin.py:190} INFO - [2024-09-07T00:11:56.384+0000] {dagbag.py:587} INFO - Filling up the DagBag from /home/airflow/.local/lib/python3.12/site-packages/airflow/example_dags/example_xcomargs.py
[2024-09-07T00:11:56.393+0000] {processor.py:925} INFO - DAG(s) 'example_xcom_args_with_operators', 'example_xcom_args' retrieved from /home/airflow/.local/lib/python3.12/site-packages/airflow/example_dags/example_xcomargs.py
[2024-09-07T00:11:56.413+0000] {logging_mixin.py:190} INFO - [2024-09-07T00:11:56.413+0000] {dag.py:3229} INFO - Sync 2 DAGs
[2024-09-07T00:11:56.427+0000] {logging_mixin.py:190} INFO - [2024-09-07T00:11:56.427+0000] {dag.py:4156} INFO - Setting next_dagrun for example_xcom_args to None, run_after=None
[2024-09-07T00:11:56.431+0000] {logging_mixin.py:190} INFO - [2024-09-07T00:11:56.430+0000] {dag.py:4156} INFO - Setting next_dagrun for example_xcom_args_with_operators to None, run_after=None
[2024-09-07T00:11:56.448+0000] {processor.py:208} INFO - Processing /home/airflow/.local/lib/python3.12/site-packages/airflow/example_dags/example_xcomargs.py took 0.071 seconds
