[2024-09-07T00:00:18.277+0000] {processor.py:186} INFO - Started process (PID=171) to work on /home/airflow/.local/lib/python3.12/site-packages/airflow/example_dags/example_latest_only_with_trigger.py
[2024-09-07T00:00:18.278+0000] {processor.py:914} INFO - Processing file /home/airflow/.local/lib/python3.12/site-packages/airflow/example_dags/example_latest_only_with_trigger.py for tasks to queue
[2024-09-07T00:00:18.280+0000] {logging_mixin.py:190} INFO - [2024-09-07T00:00:18.280+0000] {dagbag.py:587} INFO - Filling up the DagBag from /home/airflow/.local/lib/python3.12/site-packages/airflow/example_dags/example_latest_only_with_trigger.py
[2024-09-07T00:00:18.287+0000] {processor.py:925} INFO - DAG(s) 'latest_only_with_trigger' retrieved from /home/airflow/.local/lib/python3.12/site-packages/airflow/example_dags/example_latest_only_with_trigger.py
[2024-09-07T00:00:18.304+0000] {logging_mixin.py:190} INFO - [2024-09-07T00:00:18.304+0000] {dag.py:3229} INFO - Sync 1 DAGs
[2024-09-07T00:00:18.325+0000] {logging_mixin.py:190} INFO - [2024-09-07T00:00:18.324+0000] {dag.py:4156} INFO - Setting next_dagrun for latest_only_with_trigger to 2024-09-06 20:00:00+00:00, run_after=2024-09-07 00:00:00+00:00
[2024-09-07T00:00:18.343+0000] {processor.py:208} INFO - Processing /home/airflow/.local/lib/python3.12/site-packages/airflow/example_dags/example_latest_only_with_trigger.py took 0.071 seconds
[2024-09-07T00:00:48.429+0000] {processor.py:186} INFO - Started process (PID=239) to work on /home/airflow/.local/lib/python3.12/site-packages/airflow/example_dags/example_latest_only_with_trigger.py
[2024-09-07T00:00:48.430+0000] {processor.py:914} INFO - Processing file /home/airflow/.local/lib/python3.12/site-packages/airflow/example_dags/example_latest_only_with_trigger.py for tasks to queue
[2024-09-07T00:00:48.432+0000] {logging_mixin.py:190} INFO - [2024-09-07T00:00:48.431+0000] {dagbag.py:587} INFO - Filling up the DagBag from /home/airflow/.local/lib/python3.12/site-packages/airflow/example_dags/example_latest_only_with_trigger.py
[2024-09-07T00:00:48.438+0000] {processor.py:925} INFO - DAG(s) 'latest_only_with_trigger' retrieved from /home/airflow/.local/lib/python3.12/site-packages/airflow/example_dags/example_latest_only_with_trigger.py
[2024-09-07T00:00:48.454+0000] {logging_mixin.py:190} INFO - [2024-09-07T00:00:48.454+0000] {dag.py:3229} INFO - Sync 1 DAGs
[2024-09-07T00:00:48.474+0000] {logging_mixin.py:190} INFO - [2024-09-07T00:00:48.473+0000] {dag.py:4156} INFO - Setting next_dagrun for latest_only_with_trigger to 2024-09-06 20:00:00+00:00, run_after=2024-09-07 00:00:00+00:00
[2024-09-07T00:00:48.491+0000] {processor.py:208} INFO - Processing /home/airflow/.local/lib/python3.12/site-packages/airflow/example_dags/example_latest_only_with_trigger.py took 0.068 seconds
[2024-09-07T00:01:18.938+0000] {processor.py:186} INFO - Started process (PID=307) to work on /home/airflow/.local/lib/python3.12/site-packages/airflow/example_dags/example_latest_only_with_trigger.py
[2024-09-07T00:01:18.939+0000] {processor.py:914} INFO - Processing file /home/airflow/.local/lib/python3.12/site-packages/airflow/example_dags/example_latest_only_with_trigger.py for tasks to queue
[2024-09-07T00:01:18.941+0000] {logging_mixin.py:190} INFO - [2024-09-07T00:01:18.941+0000] {dagbag.py:587} INFO - Filling up the DagBag from /home/airflow/.local/lib/python3.12/site-packages/airflow/example_dags/example_latest_only_with_trigger.py
[2024-09-07T00:01:18.948+0000] {processor.py:925} INFO - DAG(s) 'latest_only_with_trigger' retrieved from /home/airflow/.local/lib/python3.12/site-packages/airflow/example_dags/example_latest_only_with_trigger.py
[2024-09-07T00:01:18.965+0000] {logging_mixin.py:190} INFO - [2024-09-07T00:01:18.965+0000] {dag.py:3229} INFO - Sync 1 DAGs
[2024-09-07T00:01:18.985+0000] {logging_mixin.py:190} INFO - [2024-09-07T00:01:18.985+0000] {dag.py:4156} INFO - Setting next_dagrun for latest_only_with_trigger to 2024-09-06 20:00:00+00:00, run_after=2024-09-07 00:00:00+00:00
[2024-09-07T00:01:19.003+0000] {processor.py:208} INFO - Processing /home/airflow/.local/lib/python3.12/site-packages/airflow/example_dags/example_latest_only_with_trigger.py took 0.070 seconds
[2024-09-07T00:01:49.153+0000] {processor.py:186} INFO - Started process (PID=375) to work on /home/airflow/.local/lib/python3.12/site-packages/airflow/example_dags/example_latest_only_with_trigger.py
[2024-09-07T00:01:49.154+0000] {processor.py:914} INFO - Processing file /home/airflow/.local/lib/python3.12/site-packages/airflow/example_dags/example_latest_only_with_trigger.py for tasks to queue
[2024-09-07T00:01:49.156+0000] {logging_mixin.py:190} INFO - [2024-09-07T00:01:49.156+0000] {dagbag.py:587} INFO - Filling up the DagBag from /home/airflow/.local/lib/python3.12/site-packages/airflow/example_dags/example_latest_only_with_trigger.py
[2024-09-07T00:01:49.163+0000] {processor.py:925} INFO - DAG(s) 'latest_only_with_trigger' retrieved from /home/airflow/.local/lib/python3.12/site-packages/airflow/example_dags/example_latest_only_with_trigger.py
[2024-09-07T00:01:49.181+0000] {logging_mixin.py:190} INFO - [2024-09-07T00:01:49.181+0000] {dag.py:3229} INFO - Sync 1 DAGs
[2024-09-07T00:01:49.203+0000] {logging_mixin.py:190} INFO - [2024-09-07T00:01:49.202+0000] {dag.py:4156} INFO - Setting next_dagrun for latest_only_with_trigger to 2024-09-06 20:00:00+00:00, run_after=2024-09-07 00:00:00+00:00
[2024-09-07T00:01:49.222+0000] {processor.py:208} INFO - Processing /home/airflow/.local/lib/python3.12/site-packages/airflow/example_dags/example_latest_only_with_trigger.py took 0.073 seconds
[2024-09-07T00:02:19.370+0000] {processor.py:186} INFO - Started process (PID=443) to work on /home/airflow/.local/lib/python3.12/site-packages/airflow/example_dags/example_latest_only_with_trigger.py
[2024-09-07T00:02:19.371+0000] {processor.py:914} INFO - Processing file /home/airflow/.local/lib/python3.12/site-packages/airflow/example_dags/example_latest_only_with_trigger.py for tasks to queue
[2024-09-07T00:02:19.373+0000] {logging_mixin.py:190} INFO - [2024-09-07T00:02:19.373+0000] {dagbag.py:587} INFO - Filling up the DagBag from /home/airflow/.local/lib/python3.12/site-packages/airflow/example_dags/example_latest_only_with_trigger.py
[2024-09-07T00:02:19.380+0000] {processor.py:925} INFO - DAG(s) 'latest_only_with_trigger' retrieved from /home/airflow/.local/lib/python3.12/site-packages/airflow/example_dags/example_latest_only_with_trigger.py
[2024-09-07T00:02:19.397+0000] {logging_mixin.py:190} INFO - [2024-09-07T00:02:19.396+0000] {dag.py:3229} INFO - Sync 1 DAGs
[2024-09-07T00:02:19.418+0000] {logging_mixin.py:190} INFO - [2024-09-07T00:02:19.417+0000] {dag.py:4156} INFO - Setting next_dagrun for latest_only_with_trigger to 2024-09-06 20:00:00+00:00, run_after=2024-09-07 00:00:00+00:00
[2024-09-07T00:02:19.438+0000] {processor.py:208} INFO - Processing /home/airflow/.local/lib/python3.12/site-packages/airflow/example_dags/example_latest_only_with_trigger.py took 0.072 seconds
[2024-09-07T00:02:49.738+0000] {processor.py:186} INFO - Started process (PID=511) to work on /home/airflow/.local/lib/python3.12/site-packages/airflow/example_dags/example_latest_only_with_trigger.py
[2024-09-07T00:02:49.739+0000] {processor.py:914} INFO - Processing file /home/airflow/.local/lib/python3.12/site-packages/airflow/example_dags/example_latest_only_with_trigger.py for tasks to queue
[2024-09-07T00:02:49.741+0000] {logging_mixin.py:190} INFO - [2024-09-07T00:02:49.741+0000] {dagbag.py:587} INFO - Filling up the DagBag from /home/airflow/.local/lib/python3.12/site-packages/airflow/example_dags/example_latest_only_with_trigger.py
[2024-09-07T00:02:49.747+0000] {processor.py:925} INFO - DAG(s) 'latest_only_with_trigger' retrieved from /home/airflow/.local/lib/python3.12/site-packages/airflow/example_dags/example_latest_only_with_trigger.py
[2024-09-07T00:02:49.766+0000] {logging_mixin.py:190} INFO - [2024-09-07T00:02:49.765+0000] {dag.py:3229} INFO - Sync 1 DAGs
[2024-09-07T00:02:49.787+0000] {logging_mixin.py:190} INFO - [2024-09-07T00:02:49.787+0000] {dag.py:4156} INFO - Setting next_dagrun for latest_only_with_trigger to 2024-09-06 20:00:00+00:00, run_after=2024-09-07 00:00:00+00:00
[2024-09-07T00:02:49.808+0000] {processor.py:208} INFO - Processing /home/airflow/.local/lib/python3.12/site-packages/airflow/example_dags/example_latest_only_with_trigger.py took 0.075 seconds
[2024-09-07T00:03:20.526+0000] {processor.py:186} INFO - Started process (PID=579) to work on /home/airflow/.local/lib/python3.12/site-packages/airflow/example_dags/example_latest_only_with_trigger.py
[2024-09-07T00:03:20.526+0000] {processor.py:914} INFO - Processing file /home/airflow/.local/lib/python3.12/site-packages/airflow/example_dags/example_latest_only_with_trigger.py for tasks to queue
[2024-09-07T00:03:20.529+0000] {logging_mixin.py:190} INFO - [2024-09-07T00:03:20.528+0000] {dagbag.py:587} INFO - Filling up the DagBag from /home/airflow/.local/lib/python3.12/site-packages/airflow/example_dags/example_latest_only_with_trigger.py
[2024-09-07T00:03:20.536+0000] {processor.py:925} INFO - DAG(s) 'latest_only_with_trigger' retrieved from /home/airflow/.local/lib/python3.12/site-packages/airflow/example_dags/example_latest_only_with_trigger.py
[2024-09-07T00:03:20.552+0000] {logging_mixin.py:190} INFO - [2024-09-07T00:03:20.552+0000] {dag.py:3229} INFO - Sync 1 DAGs
[2024-09-07T00:03:20.572+0000] {logging_mixin.py:190} INFO - [2024-09-07T00:03:20.572+0000] {dag.py:4156} INFO - Setting next_dagrun for latest_only_with_trigger to 2024-09-06 20:00:00+00:00, run_after=2024-09-07 00:00:00+00:00
[2024-09-07T00:03:20.591+0000] {processor.py:208} INFO - Processing /home/airflow/.local/lib/python3.12/site-packages/airflow/example_dags/example_latest_only_with_trigger.py took 0.070 seconds
[2024-09-07T00:03:51.589+0000] {processor.py:186} INFO - Started process (PID=647) to work on /home/airflow/.local/lib/python3.12/site-packages/airflow/example_dags/example_latest_only_with_trigger.py
[2024-09-07T00:03:51.590+0000] {processor.py:914} INFO - Processing file /home/airflow/.local/lib/python3.12/site-packages/airflow/example_dags/example_latest_only_with_trigger.py for tasks to queue
[2024-09-07T00:03:51.592+0000] {logging_mixin.py:190} INFO - [2024-09-07T00:03:51.592+0000] {dagbag.py:587} INFO - Filling up the DagBag from /home/airflow/.local/lib/python3.12/site-packages/airflow/example_dags/example_latest_only_with_trigger.py
[2024-09-07T00:03:51.598+0000] {processor.py:925} INFO - DAG(s) 'latest_only_with_trigger' retrieved from /home/airflow/.local/lib/python3.12/site-packages/airflow/example_dags/example_latest_only_with_trigger.py
[2024-09-07T00:03:51.615+0000] {logging_mixin.py:190} INFO - [2024-09-07T00:03:51.615+0000] {dag.py:3229} INFO - Sync 1 DAGs
[2024-09-07T00:03:51.634+0000] {logging_mixin.py:190} INFO - [2024-09-07T00:03:51.634+0000] {dag.py:4156} INFO - Setting next_dagrun for latest_only_with_trigger to 2024-09-06 20:00:00+00:00, run_after=2024-09-07 00:00:00+00:00
[2024-09-07T00:03:51.652+0000] {processor.py:208} INFO - Processing /home/airflow/.local/lib/python3.12/site-packages/airflow/example_dags/example_latest_only_with_trigger.py took 0.068 seconds
[2024-09-07T00:04:22.488+0000] {processor.py:186} INFO - Started process (PID=715) to work on /home/airflow/.local/lib/python3.12/site-packages/airflow/example_dags/example_latest_only_with_trigger.py
[2024-09-07T00:04:22.489+0000] {processor.py:914} INFO - Processing file /home/airflow/.local/lib/python3.12/site-packages/airflow/example_dags/example_latest_only_with_trigger.py for tasks to queue
[2024-09-07T00:04:22.491+0000] {logging_mixin.py:190} INFO - [2024-09-07T00:04:22.491+0000] {dagbag.py:587} INFO - Filling up the DagBag from /home/airflow/.local/lib/python3.12/site-packages/airflow/example_dags/example_latest_only_with_trigger.py
[2024-09-07T00:04:22.498+0000] {processor.py:925} INFO - DAG(s) 'latest_only_with_trigger' retrieved from /home/airflow/.local/lib/python3.12/site-packages/airflow/example_dags/example_latest_only_with_trigger.py
[2024-09-07T00:04:22.515+0000] {logging_mixin.py:190} INFO - [2024-09-07T00:04:22.515+0000] {dag.py:3229} INFO - Sync 1 DAGs
[2024-09-07T00:04:22.534+0000] {logging_mixin.py:190} INFO - [2024-09-07T00:04:22.534+0000] {dag.py:4156} INFO - Setting next_dagrun for latest_only_with_trigger to 2024-09-06 20:00:00+00:00, run_after=2024-09-07 00:00:00+00:00
[2024-09-07T00:04:22.551+0000] {processor.py:208} INFO - Processing /home/airflow/.local/lib/python3.12/site-packages/airflow/example_dags/example_latest_only_with_trigger.py took 0.068 seconds
[2024-09-07T00:04:53.380+0000] {processor.py:186} INFO - Started process (PID=783) to work on /home/airflow/.local/lib/python3.12/site-packages/airflow/example_dags/example_latest_only_with_trigger.py
[2024-09-07T00:04:53.380+0000] {processor.py:914} INFO - Processing file /home/airflow/.local/lib/python3.12/site-packages/airflow/example_dags/example_latest_only_with_trigger.py for tasks to queue
[2024-09-07T00:04:53.382+0000] {logging_mixin.py:190} INFO - [2024-09-07T00:04:53.382+0000] {dagbag.py:587} INFO - Filling up the DagBag from /home/airflow/.local/lib/python3.12/site-packages/airflow/example_dags/example_latest_only_with_trigger.py
[2024-09-07T00:04:53.389+0000] {processor.py:925} INFO - DAG(s) 'latest_only_with_trigger' retrieved from /home/airflow/.local/lib/python3.12/site-packages/airflow/example_dags/example_latest_only_with_trigger.py
[2024-09-07T00:04:53.405+0000] {logging_mixin.py:190} INFO - [2024-09-07T00:04:53.405+0000] {dag.py:3229} INFO - Sync 1 DAGs
[2024-09-07T00:04:53.425+0000] {logging_mixin.py:190} INFO - [2024-09-07T00:04:53.424+0000] {dag.py:4156} INFO - Setting next_dagrun for latest_only_with_trigger to 2024-09-06 20:00:00+00:00, run_after=2024-09-07 00:00:00+00:00
[2024-09-07T00:04:53.443+0000] {processor.py:208} INFO - Processing /home/airflow/.local/lib/python3.12/site-packages/airflow/example_dags/example_latest_only_with_trigger.py took 0.068 seconds
[2024-09-07T00:05:24.258+0000] {processor.py:186} INFO - Started process (PID=852) to work on /home/airflow/.local/lib/python3.12/site-packages/airflow/example_dags/example_latest_only_with_trigger.py
[2024-09-07T00:05:24.259+0000] {processor.py:914} INFO - Processing file /home/airflow/.local/lib/python3.12/site-packages/airflow/example_dags/example_latest_only_with_trigger.py for tasks to queue
[2024-09-07T00:05:24.261+0000] {logging_mixin.py:190} INFO - [2024-09-07T00:05:24.261+0000] {dagbag.py:587} INFO - Filling up the DagBag from /home/airflow/.local/lib/python3.12/site-packages/airflow/example_dags/example_latest_only_with_trigger.py
[2024-09-07T00:05:24.268+0000] {processor.py:925} INFO - DAG(s) 'latest_only_with_trigger' retrieved from /home/airflow/.local/lib/python3.12/site-packages/airflow/example_dags/example_latest_only_with_trigger.py
[2024-09-07T00:05:24.285+0000] {logging_mixin.py:190} INFO - [2024-09-07T00:05:24.285+0000] {dag.py:3229} INFO - Sync 1 DAGs
[2024-09-07T00:05:24.304+0000] {logging_mixin.py:190} INFO - [2024-09-07T00:05:24.304+0000] {dag.py:4156} INFO - Setting next_dagrun for latest_only_with_trigger to 2024-09-06 20:00:00+00:00, run_after=2024-09-07 00:00:00+00:00
[2024-09-07T00:05:24.325+0000] {processor.py:208} INFO - Processing /home/airflow/.local/lib/python3.12/site-packages/airflow/example_dags/example_latest_only_with_trigger.py took 0.071 seconds
[2024-09-07T00:05:55.135+0000] {processor.py:186} INFO - Started process (PID=920) to work on /home/airflow/.local/lib/python3.12/site-packages/airflow/example_dags/example_latest_only_with_trigger.py
[2024-09-07T00:05:55.136+0000] {processor.py:914} INFO - Processing file /home/airflow/.local/lib/python3.12/site-packages/airflow/example_dags/example_latest_only_with_trigger.py for tasks to queue
[2024-09-07T00:05:55.138+0000] {logging_mixin.py:190} INFO - [2024-09-07T00:05:55.137+0000] {dagbag.py:587} INFO - Filling up the DagBag from /home/airflow/.local/lib/python3.12/site-packages/airflow/example_dags/example_latest_only_with_trigger.py
[2024-09-07T00:05:55.144+0000] {processor.py:925} INFO - DAG(s) 'latest_only_with_trigger' retrieved from /home/airflow/.local/lib/python3.12/site-packages/airflow/example_dags/example_latest_only_with_trigger.py
[2024-09-07T00:05:55.161+0000] {logging_mixin.py:190} INFO - [2024-09-07T00:05:55.160+0000] {dag.py:3229} INFO - Sync 1 DAGs
[2024-09-07T00:05:55.180+0000] {logging_mixin.py:190} INFO - [2024-09-07T00:05:55.180+0000] {dag.py:4156} INFO - Setting next_dagrun for latest_only_with_trigger to 2024-09-06 20:00:00+00:00, run_after=2024-09-07 00:00:00+00:00
[2024-09-07T00:05:55.196+0000] {processor.py:208} INFO - Processing /home/airflow/.local/lib/python3.12/site-packages/airflow/example_dags/example_latest_only_with_trigger.py took 0.067 seconds
[2024-09-07T00:06:26.075+0000] {processor.py:186} INFO - Started process (PID=988) to work on /home/airflow/.local/lib/python3.12/site-packages/airflow/example_dags/example_latest_only_with_trigger.py
[2024-09-07T00:06:26.076+0000] {processor.py:914} INFO - Processing file /home/airflow/.local/lib/python3.12/site-packages/airflow/example_dags/example_latest_only_with_trigger.py for tasks to queue
[2024-09-07T00:06:26.078+0000] {logging_mixin.py:190} INFO - [2024-09-07T00:06:26.078+0000] {dagbag.py:587} INFO - Filling up the DagBag from /home/airflow/.local/lib/python3.12/site-packages/airflow/example_dags/example_latest_only_with_trigger.py
[2024-09-07T00:06:26.084+0000] {processor.py:925} INFO - DAG(s) 'latest_only_with_trigger' retrieved from /home/airflow/.local/lib/python3.12/site-packages/airflow/example_dags/example_latest_only_with_trigger.py
[2024-09-07T00:06:26.101+0000] {logging_mixin.py:190} INFO - [2024-09-07T00:06:26.101+0000] {dag.py:3229} INFO - Sync 1 DAGs
[2024-09-07T00:06:26.121+0000] {logging_mixin.py:190} INFO - [2024-09-07T00:06:26.121+0000] {dag.py:4156} INFO - Setting next_dagrun for latest_only_with_trigger to 2024-09-06 20:00:00+00:00, run_after=2024-09-07 00:00:00+00:00
[2024-09-07T00:06:26.138+0000] {processor.py:208} INFO - Processing /home/airflow/.local/lib/python3.12/site-packages/airflow/example_dags/example_latest_only_with_trigger.py took 0.068 seconds
[2024-09-07T00:06:56.930+0000] {processor.py:186} INFO - Started process (PID=1056) to work on /home/airflow/.local/lib/python3.12/site-packages/airflow/example_dags/example_latest_only_with_trigger.py
[2024-09-07T00:06:56.931+0000] {processor.py:914} INFO - Processing file /home/airflow/.local/lib/python3.12/site-packages/airflow/example_dags/example_latest_only_with_trigger.py for tasks to queue
[2024-09-07T00:06:56.933+0000] {logging_mixin.py:190} INFO - [2024-09-07T00:06:56.932+0000] {dagbag.py:587} INFO - Filling up the DagBag from /home/airflow/.local/lib/python3.12/site-packages/airflow/example_dags/example_latest_only_with_trigger.py
[2024-09-07T00:06:56.939+0000] {processor.py:925} INFO - DAG(s) 'latest_only_with_trigger' retrieved from /home/airflow/.local/lib/python3.12/site-packages/airflow/example_dags/example_latest_only_with_trigger.py
[2024-09-07T00:06:56.956+0000] {logging_mixin.py:190} INFO - [2024-09-07T00:06:56.956+0000] {dag.py:3229} INFO - Sync 1 DAGs
[2024-09-07T00:06:56.975+0000] {logging_mixin.py:190} INFO - [2024-09-07T00:06:56.975+0000] {dag.py:4156} INFO - Setting next_dagrun for latest_only_with_trigger to 2024-09-06 20:00:00+00:00, run_after=2024-09-07 00:00:00+00:00
[2024-09-07T00:06:56.992+0000] {processor.py:208} INFO - Processing /home/airflow/.local/lib/python3.12/site-packages/airflow/example_dags/example_latest_only_with_trigger.py took 0.067 seconds
[2024-09-07T00:07:27.674+0000] {processor.py:186} INFO - Started process (PID=1124) to work on /home/airflow/.local/lib/python3.12/site-packages/airflow/example_dags/example_latest_only_with_trigger.py
[2024-09-07T00:07:27.675+0000] {processor.py:914} INFO - Processing file /home/airflow/.local/lib/python3.12/site-packages/airflow/example_dags/example_latest_only_with_trigger.py for tasks to queue
[2024-09-07T00:07:27.677+0000] {logging_mixin.py:190} INFO - [2024-09-07T00:07:27.676+0000] {dagbag.py:587} INFO - Filling up the DagBag from /home/airflow/.local/lib/python3.12/site-packages/airflow/example_dags/example_latest_only_with_trigger.py
[2024-09-07T00:07:27.683+0000] {processor.py:925} INFO - DAG(s) 'latest_only_with_trigger' retrieved from /home/airflow/.local/lib/python3.12/site-packages/airflow/example_dags/example_latest_only_with_trigger.py
[2024-09-07T00:07:27.700+0000] {logging_mixin.py:190} INFO - [2024-09-07T00:07:27.700+0000] {dag.py:3229} INFO - Sync 1 DAGs
[2024-09-07T00:07:27.720+0000] {logging_mixin.py:190} INFO - [2024-09-07T00:07:27.720+0000] {dag.py:4156} INFO - Setting next_dagrun for latest_only_with_trigger to 2024-09-06 20:00:00+00:00, run_after=2024-09-07 00:00:00+00:00
[2024-09-07T00:07:27.737+0000] {processor.py:208} INFO - Processing /home/airflow/.local/lib/python3.12/site-packages/airflow/example_dags/example_latest_only_with_trigger.py took 0.068 seconds
[2024-09-07T00:07:58.492+0000] {processor.py:186} INFO - Started process (PID=1192) to work on /home/airflow/.local/lib/python3.12/site-packages/airflow/example_dags/example_latest_only_with_trigger.py
[2024-09-07T00:07:58.493+0000] {processor.py:914} INFO - Processing file /home/airflow/.local/lib/python3.12/site-packages/airflow/example_dags/example_latest_only_with_trigger.py for tasks to queue
[2024-09-07T00:07:58.495+0000] {logging_mixin.py:190} INFO - [2024-09-07T00:07:58.495+0000] {dagbag.py:587} INFO - Filling up the DagBag from /home/airflow/.local/lib/python3.12/site-packages/airflow/example_dags/example_latest_only_with_trigger.py
[2024-09-07T00:07:58.501+0000] {processor.py:925} INFO - DAG(s) 'latest_only_with_trigger' retrieved from /home/airflow/.local/lib/python3.12/site-packages/airflow/example_dags/example_latest_only_with_trigger.py
[2024-09-07T00:07:58.518+0000] {logging_mixin.py:190} INFO - [2024-09-07T00:07:58.518+0000] {dag.py:3229} INFO - Sync 1 DAGs
[2024-09-07T00:07:58.539+0000] {logging_mixin.py:190} INFO - [2024-09-07T00:07:58.539+0000] {dag.py:4156} INFO - Setting next_dagrun for latest_only_with_trigger to 2024-09-06 20:00:00+00:00, run_after=2024-09-07 00:00:00+00:00
[2024-09-07T00:07:58.558+0000] {processor.py:208} INFO - Processing /home/airflow/.local/lib/python3.12/site-packages/airflow/example_dags/example_latest_only_with_trigger.py took 0.071 seconds
[2024-09-07T00:08:29.337+0000] {processor.py:186} INFO - Started process (PID=1260) to work on /home/airflow/.local/lib/python3.12/site-packages/airflow/example_dags/example_latest_only_with_trigger.py
[2024-09-07T00:08:29.338+0000] {processor.py:914} INFO - Processing file /home/airflow/.local/lib/python3.12/site-packages/airflow/example_dags/example_latest_only_with_trigger.py for tasks to queue
[2024-09-07T00:08:29.340+0000] {logging_mixin.py:190} INFO - [2024-09-07T00:08:29.340+0000] {dagbag.py:587} INFO - Filling up the DagBag from /home/airflow/.local/lib/python3.12/site-packages/airflow/example_dags/example_latest_only_with_trigger.py
[2024-09-07T00:08:29.346+0000] {processor.py:925} INFO - DAG(s) 'latest_only_with_trigger' retrieved from /home/airflow/.local/lib/python3.12/site-packages/airflow/example_dags/example_latest_only_with_trigger.py
[2024-09-07T00:08:29.363+0000] {logging_mixin.py:190} INFO - [2024-09-07T00:08:29.363+0000] {dag.py:3229} INFO - Sync 1 DAGs
[2024-09-07T00:08:29.382+0000] {logging_mixin.py:190} INFO - [2024-09-07T00:08:29.382+0000] {dag.py:4156} INFO - Setting next_dagrun for latest_only_with_trigger to 2024-09-06 20:00:00+00:00, run_after=2024-09-07 00:00:00+00:00
[2024-09-07T00:08:29.400+0000] {processor.py:208} INFO - Processing /home/airflow/.local/lib/python3.12/site-packages/airflow/example_dags/example_latest_only_with_trigger.py took 0.068 seconds
[2024-09-07T00:09:00.117+0000] {processor.py:186} INFO - Started process (PID=1328) to work on /home/airflow/.local/lib/python3.12/site-packages/airflow/example_dags/example_latest_only_with_trigger.py
[2024-09-07T00:09:00.118+0000] {processor.py:914} INFO - Processing file /home/airflow/.local/lib/python3.12/site-packages/airflow/example_dags/example_latest_only_with_trigger.py for tasks to queue
[2024-09-07T00:09:00.120+0000] {logging_mixin.py:190} INFO - [2024-09-07T00:09:00.120+0000] {dagbag.py:587} INFO - Filling up the DagBag from /home/airflow/.local/lib/python3.12/site-packages/airflow/example_dags/example_latest_only_with_trigger.py
[2024-09-07T00:09:00.126+0000] {processor.py:925} INFO - DAG(s) 'latest_only_with_trigger' retrieved from /home/airflow/.local/lib/python3.12/site-packages/airflow/example_dags/example_latest_only_with_trigger.py
[2024-09-07T00:09:00.143+0000] {logging_mixin.py:190} INFO - [2024-09-07T00:09:00.143+0000] {dag.py:3229} INFO - Sync 1 DAGs
[2024-09-07T00:09:00.162+0000] {logging_mixin.py:190} INFO - [2024-09-07T00:09:00.162+0000] {dag.py:4156} INFO - Setting next_dagrun for latest_only_with_trigger to 2024-09-06 20:00:00+00:00, run_after=2024-09-07 00:00:00+00:00
[2024-09-07T00:09:00.181+0000] {processor.py:208} INFO - Processing /home/airflow/.local/lib/python3.12/site-packages/airflow/example_dags/example_latest_only_with_trigger.py took 0.069 seconds
[2024-09-07T00:09:31.083+0000] {processor.py:186} INFO - Started process (PID=1396) to work on /home/airflow/.local/lib/python3.12/site-packages/airflow/example_dags/example_latest_only_with_trigger.py
[2024-09-07T00:09:31.084+0000] {processor.py:914} INFO - Processing file /home/airflow/.local/lib/python3.12/site-packages/airflow/example_dags/example_latest_only_with_trigger.py for tasks to queue
[2024-09-07T00:09:31.086+0000] {logging_mixin.py:190} INFO - [2024-09-07T00:09:31.086+0000] {dagbag.py:587} INFO - Filling up the DagBag from /home/airflow/.local/lib/python3.12/site-packages/airflow/example_dags/example_latest_only_with_trigger.py
[2024-09-07T00:09:31.092+0000] {processor.py:925} INFO - DAG(s) 'latest_only_with_trigger' retrieved from /home/airflow/.local/lib/python3.12/site-packages/airflow/example_dags/example_latest_only_with_trigger.py
[2024-09-07T00:09:31.109+0000] {logging_mixin.py:190} INFO - [2024-09-07T00:09:31.108+0000] {dag.py:3229} INFO - Sync 1 DAGs
[2024-09-07T00:09:31.128+0000] {logging_mixin.py:190} INFO - [2024-09-07T00:09:31.128+0000] {dag.py:4156} INFO - Setting next_dagrun for latest_only_with_trigger to 2024-09-06 20:00:00+00:00, run_after=2024-09-07 00:00:00+00:00
[2024-09-07T00:09:31.145+0000] {processor.py:208} INFO - Processing /home/airflow/.local/lib/python3.12/site-packages/airflow/example_dags/example_latest_only_with_trigger.py took 0.067 seconds
[2024-09-07T00:10:02.129+0000] {processor.py:186} INFO - Started process (PID=1464) to work on /home/airflow/.local/lib/python3.12/site-packages/airflow/example_dags/example_latest_only_with_trigger.py
[2024-09-07T00:10:02.130+0000] {processor.py:914} INFO - Processing file /home/airflow/.local/lib/python3.12/site-packages/airflow/example_dags/example_latest_only_with_trigger.py for tasks to queue
[2024-09-07T00:10:02.133+0000] {logging_mixin.py:190} INFO - [2024-09-07T00:10:02.132+0000] {dagbag.py:587} INFO - Filling up the DagBag from /home/airflow/.local/lib/python3.12/site-packages/airflow/example_dags/example_latest_only_with_trigger.py
[2024-09-07T00:10:02.139+0000] {processor.py:925} INFO - DAG(s) 'latest_only_with_trigger' retrieved from /home/airflow/.local/lib/python3.12/site-packages/airflow/example_dags/example_latest_only_with_trigger.py
[2024-09-07T00:10:02.158+0000] {logging_mixin.py:190} INFO - [2024-09-07T00:10:02.158+0000] {dag.py:3229} INFO - Sync 1 DAGs
[2024-09-07T00:10:02.181+0000] {logging_mixin.py:190} INFO - [2024-09-07T00:10:02.181+0000] {dag.py:4156} INFO - Setting next_dagrun for latest_only_with_trigger to 2024-09-06 20:00:00+00:00, run_after=2024-09-07 00:00:00+00:00
[2024-09-07T00:10:02.201+0000] {processor.py:208} INFO - Processing /home/airflow/.local/lib/python3.12/site-packages/airflow/example_dags/example_latest_only_with_trigger.py took 0.077 seconds
[2024-09-07T00:10:32.384+0000] {processor.py:186} INFO - Started process (PID=1532) to work on /home/airflow/.local/lib/python3.12/site-packages/airflow/example_dags/example_latest_only_with_trigger.py
[2024-09-07T00:10:32.385+0000] {processor.py:914} INFO - Processing file /home/airflow/.local/lib/python3.12/site-packages/airflow/example_dags/example_latest_only_with_trigger.py for tasks to queue
[2024-09-07T00:10:32.387+0000] {logging_mixin.py:190} INFO - [2024-09-07T00:10:32.386+0000] {dagbag.py:587} INFO - Filling up the DagBag from /home/airflow/.local/lib/python3.12/site-packages/airflow/example_dags/example_latest_only_with_trigger.py
[2024-09-07T00:10:32.393+0000] {processor.py:925} INFO - DAG(s) 'latest_only_with_trigger' retrieved from /home/airflow/.local/lib/python3.12/site-packages/airflow/example_dags/example_latest_only_with_trigger.py
[2024-09-07T00:10:32.410+0000] {logging_mixin.py:190} INFO - [2024-09-07T00:10:32.410+0000] {dag.py:3229} INFO - Sync 1 DAGs
[2024-09-07T00:10:32.430+0000] {logging_mixin.py:190} INFO - [2024-09-07T00:10:32.430+0000] {dag.py:4156} INFO - Setting next_dagrun for latest_only_with_trigger to 2024-09-06 20:00:00+00:00, run_after=2024-09-07 00:00:00+00:00
[2024-09-07T00:10:32.447+0000] {processor.py:208} INFO - Processing /home/airflow/.local/lib/python3.12/site-packages/airflow/example_dags/example_latest_only_with_trigger.py took 0.068 seconds
[2024-09-07T00:11:03.404+0000] {processor.py:186} INFO - Started process (PID=1600) to work on /home/airflow/.local/lib/python3.12/site-packages/airflow/example_dags/example_latest_only_with_trigger.py
[2024-09-07T00:11:03.405+0000] {processor.py:914} INFO - Processing file /home/airflow/.local/lib/python3.12/site-packages/airflow/example_dags/example_latest_only_with_trigger.py for tasks to queue
[2024-09-07T00:11:03.407+0000] {logging_mixin.py:190} INFO - [2024-09-07T00:11:03.407+0000] {dagbag.py:587} INFO - Filling up the DagBag from /home/airflow/.local/lib/python3.12/site-packages/airflow/example_dags/example_latest_only_with_trigger.py
[2024-09-07T00:11:03.413+0000] {processor.py:925} INFO - DAG(s) 'latest_only_with_trigger' retrieved from /home/airflow/.local/lib/python3.12/site-packages/airflow/example_dags/example_latest_only_with_trigger.py
[2024-09-07T00:11:03.431+0000] {logging_mixin.py:190} INFO - [2024-09-07T00:11:03.430+0000] {dag.py:3229} INFO - Sync 1 DAGs
[2024-09-07T00:11:03.451+0000] {logging_mixin.py:190} INFO - [2024-09-07T00:11:03.451+0000] {dag.py:4156} INFO - Setting next_dagrun for latest_only_with_trigger to 2024-09-06 20:00:00+00:00, run_after=2024-09-07 00:00:00+00:00
[2024-09-07T00:11:03.470+0000] {processor.py:208} INFO - Processing /home/airflow/.local/lib/python3.12/site-packages/airflow/example_dags/example_latest_only_with_trigger.py took 0.071 seconds
[2024-09-07T00:11:33.737+0000] {processor.py:186} INFO - Started process (PID=1668) to work on /home/airflow/.local/lib/python3.12/site-packages/airflow/example_dags/example_latest_only_with_trigger.py
[2024-09-07T00:11:33.738+0000] {processor.py:914} INFO - Processing file /home/airflow/.local/lib/python3.12/site-packages/airflow/example_dags/example_latest_only_with_trigger.py for tasks to queue
[2024-09-07T00:11:33.740+0000] {logging_mixin.py:190} INFO - [2024-09-07T00:11:33.740+0000] {dagbag.py:587} INFO - Filling up the DagBag from /home/airflow/.local/lib/python3.12/site-packages/airflow/example_dags/example_latest_only_with_trigger.py
[2024-09-07T00:11:33.746+0000] {processor.py:925} INFO - DAG(s) 'latest_only_with_trigger' retrieved from /home/airflow/.local/lib/python3.12/site-packages/airflow/example_dags/example_latest_only_with_trigger.py
[2024-09-07T00:11:33.763+0000] {logging_mixin.py:190} INFO - [2024-09-07T00:11:33.763+0000] {dag.py:3229} INFO - Sync 1 DAGs
[2024-09-07T00:11:33.783+0000] {logging_mixin.py:190} INFO - [2024-09-07T00:11:33.782+0000] {dag.py:4156} INFO - Setting next_dagrun for latest_only_with_trigger to 2024-09-06 20:00:00+00:00, run_after=2024-09-07 00:00:00+00:00
[2024-09-07T00:11:33.799+0000] {processor.py:208} INFO - Processing /home/airflow/.local/lib/python3.12/site-packages/airflow/example_dags/example_latest_only_with_trigger.py took 0.067 seconds
