[2024-09-07T00:00:15.009+0000] {processor.py:186} INFO - Started process (PID=152) to work on /home/airflow/.local/lib/python3.12/site-packages/airflow/example_dags/tutorial_taskflow_api_virtualenv.py
[2024-09-07T00:00:15.010+0000] {processor.py:914} INFO - Processing file /home/airflow/.local/lib/python3.12/site-packages/airflow/example_dags/tutorial_taskflow_api_virtualenv.py for tasks to queue
[2024-09-07T00:00:15.012+0000] {logging_mixin.py:190} INFO - [2024-09-07T00:00:15.011+0000] {dagbag.py:587} INFO - Filling up the DagBag from /home/airflow/.local/lib/python3.12/site-packages/airflow/example_dags/tutorial_taskflow_api_virtualenv.py
[2024-09-07T00:00:15.022+0000] {processor.py:925} INFO - DAG(s) 'tutorial_taskflow_api_virtualenv' retrieved from /home/airflow/.local/lib/python3.12/site-packages/airflow/example_dags/tutorial_taskflow_api_virtualenv.py
[2024-09-07T00:00:15.038+0000] {logging_mixin.py:190} INFO - [2024-09-07T00:00:15.038+0000] {dag.py:3229} INFO - Sync 1 DAGs
[2024-09-07T00:00:15.051+0000] {logging_mixin.py:190} INFO - [2024-09-07T00:00:15.051+0000] {dag.py:4156} INFO - Setting next_dagrun for tutorial_taskflow_api_virtualenv to None, run_after=None
[2024-09-07T00:00:15.181+0000] {processor.py:208} INFO - Processing /home/airflow/.local/lib/python3.12/site-packages/airflow/example_dags/tutorial_taskflow_api_virtualenv.py took 0.177 seconds
[2024-09-07T00:00:45.274+0000] {processor.py:186} INFO - Started process (PID=220) to work on /home/airflow/.local/lib/python3.12/site-packages/airflow/example_dags/tutorial_taskflow_api_virtualenv.py
[2024-09-07T00:00:45.275+0000] {processor.py:914} INFO - Processing file /home/airflow/.local/lib/python3.12/site-packages/airflow/example_dags/tutorial_taskflow_api_virtualenv.py for tasks to queue
[2024-09-07T00:00:45.277+0000] {logging_mixin.py:190} INFO - [2024-09-07T00:00:45.277+0000] {dagbag.py:587} INFO - Filling up the DagBag from /home/airflow/.local/lib/python3.12/site-packages/airflow/example_dags/tutorial_taskflow_api_virtualenv.py
[2024-09-07T00:00:45.287+0000] {processor.py:925} INFO - DAG(s) 'tutorial_taskflow_api_virtualenv' retrieved from /home/airflow/.local/lib/python3.12/site-packages/airflow/example_dags/tutorial_taskflow_api_virtualenv.py
[2024-09-07T00:00:45.304+0000] {logging_mixin.py:190} INFO - [2024-09-07T00:00:45.304+0000] {dag.py:3229} INFO - Sync 1 DAGs
[2024-09-07T00:00:45.317+0000] {logging_mixin.py:190} INFO - [2024-09-07T00:00:45.316+0000] {dag.py:4156} INFO - Setting next_dagrun for tutorial_taskflow_api_virtualenv to None, run_after=None
[2024-09-07T00:00:45.333+0000] {processor.py:208} INFO - Processing /home/airflow/.local/lib/python3.12/site-packages/airflow/example_dags/tutorial_taskflow_api_virtualenv.py took 0.064 seconds
[2024-09-07T00:01:15.649+0000] {processor.py:186} INFO - Started process (PID=288) to work on /home/airflow/.local/lib/python3.12/site-packages/airflow/example_dags/tutorial_taskflow_api_virtualenv.py
[2024-09-07T00:01:15.649+0000] {processor.py:914} INFO - Processing file /home/airflow/.local/lib/python3.12/site-packages/airflow/example_dags/tutorial_taskflow_api_virtualenv.py for tasks to queue
[2024-09-07T00:01:15.651+0000] {logging_mixin.py:190} INFO - [2024-09-07T00:01:15.651+0000] {dagbag.py:587} INFO - Filling up the DagBag from /home/airflow/.local/lib/python3.12/site-packages/airflow/example_dags/tutorial_taskflow_api_virtualenv.py
[2024-09-07T00:01:15.661+0000] {processor.py:925} INFO - DAG(s) 'tutorial_taskflow_api_virtualenv' retrieved from /home/airflow/.local/lib/python3.12/site-packages/airflow/example_dags/tutorial_taskflow_api_virtualenv.py
[2024-09-07T00:01:15.678+0000] {logging_mixin.py:190} INFO - [2024-09-07T00:01:15.678+0000] {dag.py:3229} INFO - Sync 1 DAGs
[2024-09-07T00:01:15.691+0000] {logging_mixin.py:190} INFO - [2024-09-07T00:01:15.691+0000] {dag.py:4156} INFO - Setting next_dagrun for tutorial_taskflow_api_virtualenv to None, run_after=None
[2024-09-07T00:01:15.709+0000] {processor.py:208} INFO - Processing /home/airflow/.local/lib/python3.12/site-packages/airflow/example_dags/tutorial_taskflow_api_virtualenv.py took 0.065 seconds
[2024-09-07T00:01:45.887+0000] {processor.py:186} INFO - Started process (PID=356) to work on /home/airflow/.local/lib/python3.12/site-packages/airflow/example_dags/tutorial_taskflow_api_virtualenv.py
[2024-09-07T00:01:45.888+0000] {processor.py:914} INFO - Processing file /home/airflow/.local/lib/python3.12/site-packages/airflow/example_dags/tutorial_taskflow_api_virtualenv.py for tasks to queue
[2024-09-07T00:01:45.890+0000] {logging_mixin.py:190} INFO - [2024-09-07T00:01:45.890+0000] {dagbag.py:587} INFO - Filling up the DagBag from /home/airflow/.local/lib/python3.12/site-packages/airflow/example_dags/tutorial_taskflow_api_virtualenv.py
[2024-09-07T00:01:45.901+0000] {processor.py:925} INFO - DAG(s) 'tutorial_taskflow_api_virtualenv' retrieved from /home/airflow/.local/lib/python3.12/site-packages/airflow/example_dags/tutorial_taskflow_api_virtualenv.py
[2024-09-07T00:01:45.919+0000] {logging_mixin.py:190} INFO - [2024-09-07T00:01:45.918+0000] {dag.py:3229} INFO - Sync 1 DAGs
[2024-09-07T00:01:45.932+0000] {logging_mixin.py:190} INFO - [2024-09-07T00:01:45.931+0000] {dag.py:4156} INFO - Setting next_dagrun for tutorial_taskflow_api_virtualenv to None, run_after=None
[2024-09-07T00:01:45.949+0000] {processor.py:208} INFO - Processing /home/airflow/.local/lib/python3.12/site-packages/airflow/example_dags/tutorial_taskflow_api_virtualenv.py took 0.067 seconds
[2024-09-07T00:02:16.086+0000] {processor.py:186} INFO - Started process (PID=424) to work on /home/airflow/.local/lib/python3.12/site-packages/airflow/example_dags/tutorial_taskflow_api_virtualenv.py
[2024-09-07T00:02:16.087+0000] {processor.py:914} INFO - Processing file /home/airflow/.local/lib/python3.12/site-packages/airflow/example_dags/tutorial_taskflow_api_virtualenv.py for tasks to queue
[2024-09-07T00:02:16.089+0000] {logging_mixin.py:190} INFO - [2024-09-07T00:02:16.089+0000] {dagbag.py:587} INFO - Filling up the DagBag from /home/airflow/.local/lib/python3.12/site-packages/airflow/example_dags/tutorial_taskflow_api_virtualenv.py
[2024-09-07T00:02:16.100+0000] {processor.py:925} INFO - DAG(s) 'tutorial_taskflow_api_virtualenv' retrieved from /home/airflow/.local/lib/python3.12/site-packages/airflow/example_dags/tutorial_taskflow_api_virtualenv.py
[2024-09-07T00:02:16.118+0000] {logging_mixin.py:190} INFO - [2024-09-07T00:02:16.118+0000] {dag.py:3229} INFO - Sync 1 DAGs
[2024-09-07T00:02:16.131+0000] {logging_mixin.py:190} INFO - [2024-09-07T00:02:16.131+0000] {dag.py:4156} INFO - Setting next_dagrun for tutorial_taskflow_api_virtualenv to None, run_after=None
[2024-09-07T00:02:16.151+0000] {processor.py:208} INFO - Processing /home/airflow/.local/lib/python3.12/site-packages/airflow/example_dags/tutorial_taskflow_api_virtualenv.py took 0.070 seconds
[2024-09-07T00:02:46.398+0000] {processor.py:186} INFO - Started process (PID=492) to work on /home/airflow/.local/lib/python3.12/site-packages/airflow/example_dags/tutorial_taskflow_api_virtualenv.py
[2024-09-07T00:02:46.399+0000] {processor.py:914} INFO - Processing file /home/airflow/.local/lib/python3.12/site-packages/airflow/example_dags/tutorial_taskflow_api_virtualenv.py for tasks to queue
[2024-09-07T00:02:46.401+0000] {logging_mixin.py:190} INFO - [2024-09-07T00:02:46.401+0000] {dagbag.py:587} INFO - Filling up the DagBag from /home/airflow/.local/lib/python3.12/site-packages/airflow/example_dags/tutorial_taskflow_api_virtualenv.py
[2024-09-07T00:02:46.412+0000] {processor.py:925} INFO - DAG(s) 'tutorial_taskflow_api_virtualenv' retrieved from /home/airflow/.local/lib/python3.12/site-packages/airflow/example_dags/tutorial_taskflow_api_virtualenv.py
[2024-09-07T00:02:46.429+0000] {logging_mixin.py:190} INFO - [2024-09-07T00:02:46.429+0000] {dag.py:3229} INFO - Sync 1 DAGs
[2024-09-07T00:02:46.443+0000] {logging_mixin.py:190} INFO - [2024-09-07T00:02:46.443+0000] {dag.py:4156} INFO - Setting next_dagrun for tutorial_taskflow_api_virtualenv to None, run_after=None
[2024-09-07T00:02:46.463+0000] {processor.py:208} INFO - Processing /home/airflow/.local/lib/python3.12/site-packages/airflow/example_dags/tutorial_taskflow_api_virtualenv.py took 0.070 seconds
[2024-09-07T00:03:17.473+0000] {processor.py:186} INFO - Started process (PID=560) to work on /home/airflow/.local/lib/python3.12/site-packages/airflow/example_dags/tutorial_taskflow_api_virtualenv.py
[2024-09-07T00:03:17.474+0000] {processor.py:914} INFO - Processing file /home/airflow/.local/lib/python3.12/site-packages/airflow/example_dags/tutorial_taskflow_api_virtualenv.py for tasks to queue
[2024-09-07T00:03:17.476+0000] {logging_mixin.py:190} INFO - [2024-09-07T00:03:17.475+0000] {dagbag.py:587} INFO - Filling up the DagBag from /home/airflow/.local/lib/python3.12/site-packages/airflow/example_dags/tutorial_taskflow_api_virtualenv.py
[2024-09-07T00:03:17.485+0000] {processor.py:925} INFO - DAG(s) 'tutorial_taskflow_api_virtualenv' retrieved from /home/airflow/.local/lib/python3.12/site-packages/airflow/example_dags/tutorial_taskflow_api_virtualenv.py
[2024-09-07T00:03:17.502+0000] {logging_mixin.py:190} INFO - [2024-09-07T00:03:17.502+0000] {dag.py:3229} INFO - Sync 1 DAGs
[2024-09-07T00:03:17.514+0000] {logging_mixin.py:190} INFO - [2024-09-07T00:03:17.514+0000] {dag.py:4156} INFO - Setting next_dagrun for tutorial_taskflow_api_virtualenv to None, run_after=None
[2024-09-07T00:03:17.530+0000] {processor.py:208} INFO - Processing /home/airflow/.local/lib/python3.12/site-packages/airflow/example_dags/tutorial_taskflow_api_virtualenv.py took 0.062 seconds
[2024-09-07T00:03:48.489+0000] {processor.py:186} INFO - Started process (PID=628) to work on /home/airflow/.local/lib/python3.12/site-packages/airflow/example_dags/tutorial_taskflow_api_virtualenv.py
[2024-09-07T00:03:48.490+0000] {processor.py:914} INFO - Processing file /home/airflow/.local/lib/python3.12/site-packages/airflow/example_dags/tutorial_taskflow_api_virtualenv.py for tasks to queue
[2024-09-07T00:03:48.492+0000] {logging_mixin.py:190} INFO - [2024-09-07T00:03:48.492+0000] {dagbag.py:587} INFO - Filling up the DagBag from /home/airflow/.local/lib/python3.12/site-packages/airflow/example_dags/tutorial_taskflow_api_virtualenv.py
[2024-09-07T00:03:48.502+0000] {processor.py:925} INFO - DAG(s) 'tutorial_taskflow_api_virtualenv' retrieved from /home/airflow/.local/lib/python3.12/site-packages/airflow/example_dags/tutorial_taskflow_api_virtualenv.py
[2024-09-07T00:03:48.518+0000] {logging_mixin.py:190} INFO - [2024-09-07T00:03:48.518+0000] {dag.py:3229} INFO - Sync 1 DAGs
[2024-09-07T00:03:48.531+0000] {logging_mixin.py:190} INFO - [2024-09-07T00:03:48.530+0000] {dag.py:4156} INFO - Setting next_dagrun for tutorial_taskflow_api_virtualenv to None, run_after=None
[2024-09-07T00:03:48.549+0000] {processor.py:208} INFO - Processing /home/airflow/.local/lib/python3.12/site-packages/airflow/example_dags/tutorial_taskflow_api_virtualenv.py took 0.065 seconds
[2024-09-07T00:04:19.417+0000] {processor.py:186} INFO - Started process (PID=696) to work on /home/airflow/.local/lib/python3.12/site-packages/airflow/example_dags/tutorial_taskflow_api_virtualenv.py
[2024-09-07T00:04:19.418+0000] {processor.py:914} INFO - Processing file /home/airflow/.local/lib/python3.12/site-packages/airflow/example_dags/tutorial_taskflow_api_virtualenv.py for tasks to queue
[2024-09-07T00:04:19.420+0000] {logging_mixin.py:190} INFO - [2024-09-07T00:04:19.420+0000] {dagbag.py:587} INFO - Filling up the DagBag from /home/airflow/.local/lib/python3.12/site-packages/airflow/example_dags/tutorial_taskflow_api_virtualenv.py
[2024-09-07T00:04:19.430+0000] {processor.py:925} INFO - DAG(s) 'tutorial_taskflow_api_virtualenv' retrieved from /home/airflow/.local/lib/python3.12/site-packages/airflow/example_dags/tutorial_taskflow_api_virtualenv.py
[2024-09-07T00:04:19.447+0000] {logging_mixin.py:190} INFO - [2024-09-07T00:04:19.447+0000] {dag.py:3229} INFO - Sync 1 DAGs
[2024-09-07T00:04:19.459+0000] {logging_mixin.py:190} INFO - [2024-09-07T00:04:19.459+0000] {dag.py:4156} INFO - Setting next_dagrun for tutorial_taskflow_api_virtualenv to None, run_after=None
[2024-09-07T00:04:19.476+0000] {processor.py:208} INFO - Processing /home/airflow/.local/lib/python3.12/site-packages/airflow/example_dags/tutorial_taskflow_api_virtualenv.py took 0.064 seconds
[2024-09-07T00:04:50.303+0000] {processor.py:186} INFO - Started process (PID=764) to work on /home/airflow/.local/lib/python3.12/site-packages/airflow/example_dags/tutorial_taskflow_api_virtualenv.py
[2024-09-07T00:04:50.304+0000] {processor.py:914} INFO - Processing file /home/airflow/.local/lib/python3.12/site-packages/airflow/example_dags/tutorial_taskflow_api_virtualenv.py for tasks to queue
[2024-09-07T00:04:50.306+0000] {logging_mixin.py:190} INFO - [2024-09-07T00:04:50.306+0000] {dagbag.py:587} INFO - Filling up the DagBag from /home/airflow/.local/lib/python3.12/site-packages/airflow/example_dags/tutorial_taskflow_api_virtualenv.py
[2024-09-07T00:04:50.316+0000] {processor.py:925} INFO - DAG(s) 'tutorial_taskflow_api_virtualenv' retrieved from /home/airflow/.local/lib/python3.12/site-packages/airflow/example_dags/tutorial_taskflow_api_virtualenv.py
[2024-09-07T00:04:50.332+0000] {logging_mixin.py:190} INFO - [2024-09-07T00:04:50.332+0000] {dag.py:3229} INFO - Sync 1 DAGs
[2024-09-07T00:04:50.344+0000] {logging_mixin.py:190} INFO - [2024-09-07T00:04:50.344+0000] {dag.py:4156} INFO - Setting next_dagrun for tutorial_taskflow_api_virtualenv to None, run_after=None
[2024-09-07T00:04:50.370+0000] {processor.py:208} INFO - Processing /home/airflow/.local/lib/python3.12/site-packages/airflow/example_dags/tutorial_taskflow_api_virtualenv.py took 0.071 seconds
[2024-09-07T00:05:21.058+0000] {processor.py:186} INFO - Started process (PID=833) to work on /home/airflow/.local/lib/python3.12/site-packages/airflow/example_dags/tutorial_taskflow_api_virtualenv.py
[2024-09-07T00:05:21.059+0000] {processor.py:914} INFO - Processing file /home/airflow/.local/lib/python3.12/site-packages/airflow/example_dags/tutorial_taskflow_api_virtualenv.py for tasks to queue
[2024-09-07T00:05:21.061+0000] {logging_mixin.py:190} INFO - [2024-09-07T00:05:21.061+0000] {dagbag.py:587} INFO - Filling up the DagBag from /home/airflow/.local/lib/python3.12/site-packages/airflow/example_dags/tutorial_taskflow_api_virtualenv.py
[2024-09-07T00:05:21.071+0000] {processor.py:925} INFO - DAG(s) 'tutorial_taskflow_api_virtualenv' retrieved from /home/airflow/.local/lib/python3.12/site-packages/airflow/example_dags/tutorial_taskflow_api_virtualenv.py
[2024-09-07T00:05:21.087+0000] {logging_mixin.py:190} INFO - [2024-09-07T00:05:21.087+0000] {dag.py:3229} INFO - Sync 1 DAGs
[2024-09-07T00:05:21.100+0000] {logging_mixin.py:190} INFO - [2024-09-07T00:05:21.099+0000] {dag.py:4156} INFO - Setting next_dagrun for tutorial_taskflow_api_virtualenv to None, run_after=None
[2024-09-07T00:05:21.118+0000] {processor.py:208} INFO - Processing /home/airflow/.local/lib/python3.12/site-packages/airflow/example_dags/tutorial_taskflow_api_virtualenv.py took 0.065 seconds
[2024-09-07T00:05:51.959+0000] {processor.py:186} INFO - Started process (PID=901) to work on /home/airflow/.local/lib/python3.12/site-packages/airflow/example_dags/tutorial_taskflow_api_virtualenv.py
[2024-09-07T00:05:51.960+0000] {processor.py:914} INFO - Processing file /home/airflow/.local/lib/python3.12/site-packages/airflow/example_dags/tutorial_taskflow_api_virtualenv.py for tasks to queue
[2024-09-07T00:05:51.981+0000] {logging_mixin.py:190} INFO - [2024-09-07T00:05:51.981+0000] {dagbag.py:587} INFO - Filling up the DagBag from /home/airflow/.local/lib/python3.12/site-packages/airflow/example_dags/tutorial_taskflow_api_virtualenv.py
[2024-09-07T00:05:51.992+0000] {processor.py:925} INFO - DAG(s) 'tutorial_taskflow_api_virtualenv' retrieved from /home/airflow/.local/lib/python3.12/site-packages/airflow/example_dags/tutorial_taskflow_api_virtualenv.py
[2024-09-07T00:05:52.008+0000] {logging_mixin.py:190} INFO - [2024-09-07T00:05:52.008+0000] {dag.py:3229} INFO - Sync 1 DAGs
[2024-09-07T00:05:52.020+0000] {logging_mixin.py:190} INFO - [2024-09-07T00:05:52.020+0000] {dag.py:4156} INFO - Setting next_dagrun for tutorial_taskflow_api_virtualenv to None, run_after=None
[2024-09-07T00:05:52.038+0000] {processor.py:208} INFO - Processing /home/airflow/.local/lib/python3.12/site-packages/airflow/example_dags/tutorial_taskflow_api_virtualenv.py took 0.084 seconds
[2024-09-07T00:06:22.968+0000] {processor.py:186} INFO - Started process (PID=969) to work on /home/airflow/.local/lib/python3.12/site-packages/airflow/example_dags/tutorial_taskflow_api_virtualenv.py
[2024-09-07T00:06:22.969+0000] {processor.py:914} INFO - Processing file /home/airflow/.local/lib/python3.12/site-packages/airflow/example_dags/tutorial_taskflow_api_virtualenv.py for tasks to queue
[2024-09-07T00:06:22.971+0000] {logging_mixin.py:190} INFO - [2024-09-07T00:06:22.970+0000] {dagbag.py:587} INFO - Filling up the DagBag from /home/airflow/.local/lib/python3.12/site-packages/airflow/example_dags/tutorial_taskflow_api_virtualenv.py
[2024-09-07T00:06:22.980+0000] {processor.py:925} INFO - DAG(s) 'tutorial_taskflow_api_virtualenv' retrieved from /home/airflow/.local/lib/python3.12/site-packages/airflow/example_dags/tutorial_taskflow_api_virtualenv.py
[2024-09-07T00:06:22.997+0000] {logging_mixin.py:190} INFO - [2024-09-07T00:06:22.997+0000] {dag.py:3229} INFO - Sync 1 DAGs
[2024-09-07T00:06:23.009+0000] {logging_mixin.py:190} INFO - [2024-09-07T00:06:23.009+0000] {dag.py:4156} INFO - Setting next_dagrun for tutorial_taskflow_api_virtualenv to None, run_after=None
[2024-09-07T00:06:23.027+0000] {processor.py:208} INFO - Processing /home/airflow/.local/lib/python3.12/site-packages/airflow/example_dags/tutorial_taskflow_api_virtualenv.py took 0.064 seconds
[2024-09-07T00:06:53.862+0000] {processor.py:186} INFO - Started process (PID=1037) to work on /home/airflow/.local/lib/python3.12/site-packages/airflow/example_dags/tutorial_taskflow_api_virtualenv.py
[2024-09-07T00:06:53.863+0000] {processor.py:914} INFO - Processing file /home/airflow/.local/lib/python3.12/site-packages/airflow/example_dags/tutorial_taskflow_api_virtualenv.py for tasks to queue
[2024-09-07T00:06:53.865+0000] {logging_mixin.py:190} INFO - [2024-09-07T00:06:53.864+0000] {dagbag.py:587} INFO - Filling up the DagBag from /home/airflow/.local/lib/python3.12/site-packages/airflow/example_dags/tutorial_taskflow_api_virtualenv.py
[2024-09-07T00:06:53.874+0000] {processor.py:925} INFO - DAG(s) 'tutorial_taskflow_api_virtualenv' retrieved from /home/airflow/.local/lib/python3.12/site-packages/airflow/example_dags/tutorial_taskflow_api_virtualenv.py
[2024-09-07T00:06:53.891+0000] {logging_mixin.py:190} INFO - [2024-09-07T00:06:53.891+0000] {dag.py:3229} INFO - Sync 1 DAGs
[2024-09-07T00:06:53.903+0000] {logging_mixin.py:190} INFO - [2024-09-07T00:06:53.902+0000] {dag.py:4156} INFO - Setting next_dagrun for tutorial_taskflow_api_virtualenv to None, run_after=None
[2024-09-07T00:06:53.919+0000] {processor.py:208} INFO - Processing /home/airflow/.local/lib/python3.12/site-packages/airflow/example_dags/tutorial_taskflow_api_virtualenv.py took 0.062 seconds
[2024-09-07T00:07:24.648+0000] {processor.py:186} INFO - Started process (PID=1105) to work on /home/airflow/.local/lib/python3.12/site-packages/airflow/example_dags/tutorial_taskflow_api_virtualenv.py
[2024-09-07T00:07:24.649+0000] {processor.py:914} INFO - Processing file /home/airflow/.local/lib/python3.12/site-packages/airflow/example_dags/tutorial_taskflow_api_virtualenv.py for tasks to queue
[2024-09-07T00:07:24.651+0000] {logging_mixin.py:190} INFO - [2024-09-07T00:07:24.650+0000] {dagbag.py:587} INFO - Filling up the DagBag from /home/airflow/.local/lib/python3.12/site-packages/airflow/example_dags/tutorial_taskflow_api_virtualenv.py
[2024-09-07T00:07:24.660+0000] {processor.py:925} INFO - DAG(s) 'tutorial_taskflow_api_virtualenv' retrieved from /home/airflow/.local/lib/python3.12/site-packages/airflow/example_dags/tutorial_taskflow_api_virtualenv.py
[2024-09-07T00:07:24.676+0000] {logging_mixin.py:190} INFO - [2024-09-07T00:07:24.675+0000] {dag.py:3229} INFO - Sync 1 DAGs
[2024-09-07T00:07:24.687+0000] {logging_mixin.py:190} INFO - [2024-09-07T00:07:24.687+0000] {dag.py:4156} INFO - Setting next_dagrun for tutorial_taskflow_api_virtualenv to None, run_after=None
[2024-09-07T00:07:24.704+0000] {processor.py:208} INFO - Processing /home/airflow/.local/lib/python3.12/site-packages/airflow/example_dags/tutorial_taskflow_api_virtualenv.py took 0.061 seconds
[2024-09-07T00:07:55.395+0000] {processor.py:186} INFO - Started process (PID=1173) to work on /home/airflow/.local/lib/python3.12/site-packages/airflow/example_dags/tutorial_taskflow_api_virtualenv.py
[2024-09-07T00:07:55.396+0000] {processor.py:914} INFO - Processing file /home/airflow/.local/lib/python3.12/site-packages/airflow/example_dags/tutorial_taskflow_api_virtualenv.py for tasks to queue
[2024-09-07T00:07:55.398+0000] {logging_mixin.py:190} INFO - [2024-09-07T00:07:55.398+0000] {dagbag.py:587} INFO - Filling up the DagBag from /home/airflow/.local/lib/python3.12/site-packages/airflow/example_dags/tutorial_taskflow_api_virtualenv.py
[2024-09-07T00:07:55.408+0000] {processor.py:925} INFO - DAG(s) 'tutorial_taskflow_api_virtualenv' retrieved from /home/airflow/.local/lib/python3.12/site-packages/airflow/example_dags/tutorial_taskflow_api_virtualenv.py
[2024-09-07T00:07:55.424+0000] {logging_mixin.py:190} INFO - [2024-09-07T00:07:55.424+0000] {dag.py:3229} INFO - Sync 1 DAGs
[2024-09-07T00:07:55.436+0000] {logging_mixin.py:190} INFO - [2024-09-07T00:07:55.435+0000] {dag.py:4156} INFO - Setting next_dagrun for tutorial_taskflow_api_virtualenv to None, run_after=None
[2024-09-07T00:07:55.453+0000] {processor.py:208} INFO - Processing /home/airflow/.local/lib/python3.12/site-packages/airflow/example_dags/tutorial_taskflow_api_virtualenv.py took 0.063 seconds
[2024-09-07T00:08:26.243+0000] {processor.py:186} INFO - Started process (PID=1241) to work on /home/airflow/.local/lib/python3.12/site-packages/airflow/example_dags/tutorial_taskflow_api_virtualenv.py
[2024-09-07T00:08:26.244+0000] {processor.py:914} INFO - Processing file /home/airflow/.local/lib/python3.12/site-packages/airflow/example_dags/tutorial_taskflow_api_virtualenv.py for tasks to queue
[2024-09-07T00:08:26.246+0000] {logging_mixin.py:190} INFO - [2024-09-07T00:08:26.245+0000] {dagbag.py:587} INFO - Filling up the DagBag from /home/airflow/.local/lib/python3.12/site-packages/airflow/example_dags/tutorial_taskflow_api_virtualenv.py
[2024-09-07T00:08:26.255+0000] {processor.py:925} INFO - DAG(s) 'tutorial_taskflow_api_virtualenv' retrieved from /home/airflow/.local/lib/python3.12/site-packages/airflow/example_dags/tutorial_taskflow_api_virtualenv.py
[2024-09-07T00:08:26.271+0000] {logging_mixin.py:190} INFO - [2024-09-07T00:08:26.271+0000] {dag.py:3229} INFO - Sync 1 DAGs
[2024-09-07T00:08:26.283+0000] {logging_mixin.py:190} INFO - [2024-09-07T00:08:26.283+0000] {dag.py:4156} INFO - Setting next_dagrun for tutorial_taskflow_api_virtualenv to None, run_after=None
[2024-09-07T00:08:26.299+0000] {processor.py:208} INFO - Processing /home/airflow/.local/lib/python3.12/site-packages/airflow/example_dags/tutorial_taskflow_api_virtualenv.py took 0.061 seconds
[2024-09-07T00:08:57.061+0000] {processor.py:186} INFO - Started process (PID=1309) to work on /home/airflow/.local/lib/python3.12/site-packages/airflow/example_dags/tutorial_taskflow_api_virtualenv.py
[2024-09-07T00:08:57.061+0000] {processor.py:914} INFO - Processing file /home/airflow/.local/lib/python3.12/site-packages/airflow/example_dags/tutorial_taskflow_api_virtualenv.py for tasks to queue
[2024-09-07T00:08:57.063+0000] {logging_mixin.py:190} INFO - [2024-09-07T00:08:57.063+0000] {dagbag.py:587} INFO - Filling up the DagBag from /home/airflow/.local/lib/python3.12/site-packages/airflow/example_dags/tutorial_taskflow_api_virtualenv.py
[2024-09-07T00:08:57.073+0000] {processor.py:925} INFO - DAG(s) 'tutorial_taskflow_api_virtualenv' retrieved from /home/airflow/.local/lib/python3.12/site-packages/airflow/example_dags/tutorial_taskflow_api_virtualenv.py
[2024-09-07T00:08:57.089+0000] {logging_mixin.py:190} INFO - [2024-09-07T00:08:57.089+0000] {dag.py:3229} INFO - Sync 1 DAGs
[2024-09-07T00:08:57.101+0000] {logging_mixin.py:190} INFO - [2024-09-07T00:08:57.101+0000] {dag.py:4156} INFO - Setting next_dagrun for tutorial_taskflow_api_virtualenv to None, run_after=None
[2024-09-07T00:08:57.118+0000] {processor.py:208} INFO - Processing /home/airflow/.local/lib/python3.12/site-packages/airflow/example_dags/tutorial_taskflow_api_virtualenv.py took 0.063 seconds
[2024-09-07T00:09:27.974+0000] {processor.py:186} INFO - Started process (PID=1377) to work on /home/airflow/.local/lib/python3.12/site-packages/airflow/example_dags/tutorial_taskflow_api_virtualenv.py
[2024-09-07T00:09:27.975+0000] {processor.py:914} INFO - Processing file /home/airflow/.local/lib/python3.12/site-packages/airflow/example_dags/tutorial_taskflow_api_virtualenv.py for tasks to queue
[2024-09-07T00:09:27.977+0000] {logging_mixin.py:190} INFO - [2024-09-07T00:09:27.977+0000] {dagbag.py:587} INFO - Filling up the DagBag from /home/airflow/.local/lib/python3.12/site-packages/airflow/example_dags/tutorial_taskflow_api_virtualenv.py
[2024-09-07T00:09:27.987+0000] {processor.py:925} INFO - DAG(s) 'tutorial_taskflow_api_virtualenv' retrieved from /home/airflow/.local/lib/python3.12/site-packages/airflow/example_dags/tutorial_taskflow_api_virtualenv.py
[2024-09-07T00:09:28.003+0000] {logging_mixin.py:190} INFO - [2024-09-07T00:09:28.003+0000] {dag.py:3229} INFO - Sync 1 DAGs
[2024-09-07T00:09:28.015+0000] {logging_mixin.py:190} INFO - [2024-09-07T00:09:28.014+0000] {dag.py:4156} INFO - Setting next_dagrun for tutorial_taskflow_api_virtualenv to None, run_after=None
[2024-09-07T00:09:28.032+0000] {processor.py:208} INFO - Processing /home/airflow/.local/lib/python3.12/site-packages/airflow/example_dags/tutorial_taskflow_api_virtualenv.py took 0.063 seconds
[2024-09-07T00:09:59.001+0000] {processor.py:186} INFO - Started process (PID=1445) to work on /home/airflow/.local/lib/python3.12/site-packages/airflow/example_dags/tutorial_taskflow_api_virtualenv.py
[2024-09-07T00:09:59.002+0000] {processor.py:914} INFO - Processing file /home/airflow/.local/lib/python3.12/site-packages/airflow/example_dags/tutorial_taskflow_api_virtualenv.py for tasks to queue
[2024-09-07T00:09:59.004+0000] {logging_mixin.py:190} INFO - [2024-09-07T00:09:59.003+0000] {dagbag.py:587} INFO - Filling up the DagBag from /home/airflow/.local/lib/python3.12/site-packages/airflow/example_dags/tutorial_taskflow_api_virtualenv.py
[2024-09-07T00:09:59.014+0000] {processor.py:925} INFO - DAG(s) 'tutorial_taskflow_api_virtualenv' retrieved from /home/airflow/.local/lib/python3.12/site-packages/airflow/example_dags/tutorial_taskflow_api_virtualenv.py
[2024-09-07T00:09:59.030+0000] {logging_mixin.py:190} INFO - [2024-09-07T00:09:59.030+0000] {dag.py:3229} INFO - Sync 1 DAGs
[2024-09-07T00:09:59.044+0000] {logging_mixin.py:190} INFO - [2024-09-07T00:09:59.043+0000] {dag.py:4156} INFO - Setting next_dagrun for tutorial_taskflow_api_virtualenv to None, run_after=None
[2024-09-07T00:09:59.061+0000] {processor.py:208} INFO - Processing /home/airflow/.local/lib/python3.12/site-packages/airflow/example_dags/tutorial_taskflow_api_virtualenv.py took 0.065 seconds
[2024-09-07T00:10:29.315+0000] {processor.py:186} INFO - Started process (PID=1513) to work on /home/airflow/.local/lib/python3.12/site-packages/airflow/example_dags/tutorial_taskflow_api_virtualenv.py
[2024-09-07T00:10:29.316+0000] {processor.py:914} INFO - Processing file /home/airflow/.local/lib/python3.12/site-packages/airflow/example_dags/tutorial_taskflow_api_virtualenv.py for tasks to queue
[2024-09-07T00:10:29.318+0000] {logging_mixin.py:190} INFO - [2024-09-07T00:10:29.318+0000] {dagbag.py:587} INFO - Filling up the DagBag from /home/airflow/.local/lib/python3.12/site-packages/airflow/example_dags/tutorial_taskflow_api_virtualenv.py
[2024-09-07T00:10:29.328+0000] {processor.py:925} INFO - DAG(s) 'tutorial_taskflow_api_virtualenv' retrieved from /home/airflow/.local/lib/python3.12/site-packages/airflow/example_dags/tutorial_taskflow_api_virtualenv.py
[2024-09-07T00:10:29.345+0000] {logging_mixin.py:190} INFO - [2024-09-07T00:10:29.345+0000] {dag.py:3229} INFO - Sync 1 DAGs
[2024-09-07T00:10:29.357+0000] {logging_mixin.py:190} INFO - [2024-09-07T00:10:29.357+0000] {dag.py:4156} INFO - Setting next_dagrun for tutorial_taskflow_api_virtualenv to None, run_after=None
[2024-09-07T00:10:29.374+0000] {processor.py:208} INFO - Processing /home/airflow/.local/lib/python3.12/site-packages/airflow/example_dags/tutorial_taskflow_api_virtualenv.py took 0.064 seconds
[2024-09-07T00:11:00.303+0000] {processor.py:186} INFO - Started process (PID=1581) to work on /home/airflow/.local/lib/python3.12/site-packages/airflow/example_dags/tutorial_taskflow_api_virtualenv.py
[2024-09-07T00:11:00.304+0000] {processor.py:914} INFO - Processing file /home/airflow/.local/lib/python3.12/site-packages/airflow/example_dags/tutorial_taskflow_api_virtualenv.py for tasks to queue
[2024-09-07T00:11:00.306+0000] {logging_mixin.py:190} INFO - [2024-09-07T00:11:00.306+0000] {dagbag.py:587} INFO - Filling up the DagBag from /home/airflow/.local/lib/python3.12/site-packages/airflow/example_dags/tutorial_taskflow_api_virtualenv.py
[2024-09-07T00:11:00.317+0000] {processor.py:925} INFO - DAG(s) 'tutorial_taskflow_api_virtualenv' retrieved from /home/airflow/.local/lib/python3.12/site-packages/airflow/example_dags/tutorial_taskflow_api_virtualenv.py
[2024-09-07T00:11:00.334+0000] {logging_mixin.py:190} INFO - [2024-09-07T00:11:00.334+0000] {dag.py:3229} INFO - Sync 1 DAGs
[2024-09-07T00:11:00.346+0000] {logging_mixin.py:190} INFO - [2024-09-07T00:11:00.346+0000] {dag.py:4156} INFO - Setting next_dagrun for tutorial_taskflow_api_virtualenv to None, run_after=None
[2024-09-07T00:11:00.368+0000] {processor.py:208} INFO - Processing /home/airflow/.local/lib/python3.12/site-packages/airflow/example_dags/tutorial_taskflow_api_virtualenv.py took 0.070 seconds
[2024-09-07T00:11:30.640+0000] {processor.py:186} INFO - Started process (PID=1649) to work on /home/airflow/.local/lib/python3.12/site-packages/airflow/example_dags/tutorial_taskflow_api_virtualenv.py
[2024-09-07T00:11:30.641+0000] {processor.py:914} INFO - Processing file /home/airflow/.local/lib/python3.12/site-packages/airflow/example_dags/tutorial_taskflow_api_virtualenv.py for tasks to queue
[2024-09-07T00:11:30.643+0000] {logging_mixin.py:190} INFO - [2024-09-07T00:11:30.643+0000] {dagbag.py:587} INFO - Filling up the DagBag from /home/airflow/.local/lib/python3.12/site-packages/airflow/example_dags/tutorial_taskflow_api_virtualenv.py
[2024-09-07T00:11:30.653+0000] {processor.py:925} INFO - DAG(s) 'tutorial_taskflow_api_virtualenv' retrieved from /home/airflow/.local/lib/python3.12/site-packages/airflow/example_dags/tutorial_taskflow_api_virtualenv.py
[2024-09-07T00:11:30.670+0000] {logging_mixin.py:190} INFO - [2024-09-07T00:11:30.669+0000] {dag.py:3229} INFO - Sync 1 DAGs
[2024-09-07T00:11:30.682+0000] {logging_mixin.py:190} INFO - [2024-09-07T00:11:30.682+0000] {dag.py:4156} INFO - Setting next_dagrun for tutorial_taskflow_api_virtualenv to None, run_after=None
[2024-09-07T00:11:30.700+0000] {processor.py:208} INFO - Processing /home/airflow/.local/lib/python3.12/site-packages/airflow/example_dags/tutorial_taskflow_api_virtualenv.py took 0.065 seconds
