[2024-10-21T12:36:45.545+0000] {local_task_job_runner.py:123} INFO - ::group::Pre task execution logs
[2024-10-21T12:36:45.563+0000] {taskinstance.py:2612} INFO - Dependencies all met for dep_context=non-requeueable deps ti=<TaskInstance: pipeline_webscraping.Task_Submission_With_Error manual__2024-10-21T12:33:48.093309+00:00 [queued]>
[2024-10-21T12:36:45.572+0000] {taskinstance.py:2612} INFO - Dependencies all met for dep_context=requeueable deps ti=<TaskInstance: pipeline_webscraping.Task_Submission_With_Error manual__2024-10-21T12:33:48.093309+00:00 [queued]>
[2024-10-21T12:36:45.572+0000] {taskinstance.py:2865} INFO - Starting attempt 1 of 1
[2024-10-21T12:36:45.586+0000] {taskinstance.py:2888} INFO - Executing <Task(EmailOperator): Task_Submission_With_Error> on 2024-10-21 12:33:48.093309+00:00
[2024-10-21T12:36:45.592+0000] {warnings.py:112} WARNING - /home/***/.local/lib/python3.12/site-packages/***/task/task_runner/standard_task_runner.py:70: DeprecationWarning: This process (pid=387) is multi-threaded, use of fork() may lead to deadlocks in the child.
  pid = os.fork()

[2024-10-21T12:36:45.594+0000] {standard_task_runner.py:72} INFO - Started process 389 to run task
[2024-10-21T12:36:45.594+0000] {standard_task_runner.py:104} INFO - Running: ['***', 'tasks', 'run', 'pipeline_webscraping', 'Task_Submission_With_Error', 'manual__2024-10-21T12:33:48.093309+00:00', '--job-id', '275', '--raw', '--subdir', 'DAGS_FOLDER/DagWebScraping.py', '--cfg-path', '/tmp/tmpcsbnteev']
[2024-10-21T12:36:45.596+0000] {standard_task_runner.py:105} INFO - Job 275: Subtask Task_Submission_With_Error
[2024-10-21T12:36:45.648+0000] {task_command.py:467} INFO - Running <TaskInstance: pipeline_webscraping.Task_Submission_With_Error manual__2024-10-21T12:33:48.093309+00:00 [running]> on host e2c3a206786d
[2024-10-21T12:36:45.737+0000] {taskinstance.py:3131} INFO - Exporting env vars: AIRFLOW_CTX_DAG_OWNER='***' AIRFLOW_CTX_DAG_ID='pipeline_webscraping' AIRFLOW_CTX_TASK_ID='Task_Submission_With_Error' AIRFLOW_CTX_EXECUTION_DATE='2024-10-21T12:33:48.093309+00:00' AIRFLOW_CTX_TRY_NUMBER='1' AIRFLOW_CTX_DAG_RUN_ID='manual__2024-10-21T12:33:48.093309+00:00'
[2024-10-21T12:36:45.739+0000] {taskinstance.py:731} INFO - ::endgroup::
[2024-10-21T12:36:45.761+0000] {warnings.py:112} WARNING - /home/***/.local/lib/python3.12/site-packages/***/utils/email.py:155: RemovedInAirflow3Warning: Fetching SMTP credentials from configuration variables will be deprecated in a future release. Please set credentials using a connection instead.
  send_mime_email(e_from=mail_from, e_to=recipients, mime_msg=msg, conn_id=conn_id, dryrun=dryrun)

[2024-10-21T12:36:45.761+0000] {email.py:272} INFO - Email alerting: attempt 1
[2024-10-21T12:36:47.359+0000] {email.py:283} INFO - Sent an alert email to ['alves.lucas896@gmail.com']
[2024-10-21T12:36:49.220+0000] {taskinstance.py:340} INFO - ::group::Post task execution logs
[2024-10-21T12:36:49.221+0000] {taskinstance.py:352} INFO - Marking task as SUCCESS. dag_id=pipeline_webscraping, task_id=Task_Submission_With_Error, run_id=manual__2024-10-21T12:33:48.093309+00:00, execution_date=20241021T123348, start_date=20241021T123645, end_date=20241021T123649
[2024-10-21T12:36:49.269+0000] {local_task_job_runner.py:266} INFO - Task exited with return code 0
[2024-10-21T12:36:49.283+0000] {taskinstance.py:3900} INFO - 0 downstream tasks scheduled from follow-on schedule check
[2024-10-21T12:36:49.288+0000] {local_task_job_runner.py:245} INFO - ::endgroup::
