[2024-10-27T19:15:39.718+0000] {local_task_job_runner.py:123} INFO - ::group::Pre task execution logs
[2024-10-27T19:15:39.733+0000] {taskinstance.py:2612} INFO - Dependencies all met for dep_context=non-requeueable deps ti=<TaskInstance: pipeline_webscraping.pichau_tasks.Web_Extraction_pichau manual__2024-10-27T19:15:36.680385+00:00 [queued]>
[2024-10-27T19:15:39.742+0000] {taskinstance.py:2612} INFO - Dependencies all met for dep_context=requeueable deps ti=<TaskInstance: pipeline_webscraping.pichau_tasks.Web_Extraction_pichau manual__2024-10-27T19:15:36.680385+00:00 [queued]>
[2024-10-27T19:15:39.743+0000] {taskinstance.py:2865} INFO - Starting attempt 1 of 1
[2024-10-27T19:15:39.759+0000] {taskinstance.py:2888} INFO - Executing <Task(OperatorSiteA): pichau_tasks.Web_Extraction_pichau> on 2024-10-27 19:15:36.680385+00:00
[2024-10-27T19:15:39.765+0000] {warnings.py:112} WARNING - /home/***/.local/lib/python3.12/site-packages/***/task/task_runner/standard_task_runner.py:70: DeprecationWarning: This process (pid=5679) is multi-threaded, use of fork() may lead to deadlocks in the child.
  pid = os.fork()

[2024-10-27T19:15:39.766+0000] {standard_task_runner.py:72} INFO - Started process 5681 to run task
[2024-10-27T19:15:39.767+0000] {standard_task_runner.py:104} INFO - Running: ['***', 'tasks', 'run', 'pipeline_webscraping', 'pichau_tasks.Web_Extraction_pichau', 'manual__2024-10-27T19:15:36.680385+00:00', '--job-id', '91', '--raw', '--subdir', 'DAGS_FOLDER/DagWebScraping.py', '--cfg-path', '/tmp/tmpdc615n7n']
[2024-10-27T19:15:39.769+0000] {standard_task_runner.py:105} INFO - Job 91: Subtask pichau_tasks.Web_Extraction_pichau
[2024-10-27T19:15:39.816+0000] {task_command.py:467} INFO - Running <TaskInstance: pipeline_webscraping.pichau_tasks.Web_Extraction_pichau manual__2024-10-27T19:15:36.680385+00:00 [running]> on host 1b1aed1d19c5
[2024-10-27T19:15:39.891+0000] {taskinstance.py:3131} INFO - Exporting env vars: AIRFLOW_CTX_DAG_OWNER='***' AIRFLOW_CTX_DAG_ID='pipeline_webscraping' AIRFLOW_CTX_TASK_ID='pichau_tasks.Web_Extraction_pichau' AIRFLOW_CTX_EXECUTION_DATE='2024-10-27T19:15:36.680385+00:00' AIRFLOW_CTX_TRY_NUMBER='1' AIRFLOW_CTX_DAG_RUN_ID='manual__2024-10-27T19:15:36.680385+00:00'
[2024-10-27T19:15:39.893+0000] {taskinstance.py:731} INFO - ::endgroup::
[2024-10-27T19:18:05.208+0000] {logging_mixin.py:190} INFO - teste
[2024-10-27T19:18:05.209+0000] {logging_mixin.py:190} INFO - pichau_2024-10-27/data.json
[2024-10-27T19:18:05.218+0000] {base.py:84} INFO - Retrieving connection 's3_connect'
[2024-10-27T19:18:05.219+0000] {connection_wrapper.py:388} INFO - AWS Connection (conn_id='s3_connect', conn_type='aws') credentials retrieved from login and password.
[2024-10-27T19:18:05.669+0000] {taskinstance.py:340} INFO - ::group::Post task execution logs
[2024-10-27T19:18:05.669+0000] {taskinstance.py:352} INFO - Marking task as SUCCESS. dag_id=pipeline_webscraping, task_id=pichau_tasks.Web_Extraction_pichau, run_id=manual__2024-10-27T19:15:36.680385+00:00, execution_date=20241027T191536, start_date=20241027T191539, end_date=20241027T191805
[2024-10-27T19:18:05.710+0000] {local_task_job_runner.py:266} INFO - Task exited with return code 0
[2024-10-27T19:18:05.735+0000] {taskinstance.py:3900} INFO - 1 downstream tasks scheduled from follow-on schedule check
[2024-10-27T19:18:05.739+0000] {local_task_job_runner.py:245} INFO - ::endgroup::
