[2024-10-17T18:38:15.113+0000] {local_task_job_runner.py:123} INFO - ::group::Pre task execution logs
[2024-10-17T18:38:15.129+0000] {taskinstance.py:2612} INFO - Dependencies all met for dep_context=non-requeueable deps ti=<TaskInstance: LoadWebScraping.spark_job manual__2024-10-17T18:38:14.103549+00:00 [queued]>
[2024-10-17T18:38:15.137+0000] {taskinstance.py:2612} INFO - Dependencies all met for dep_context=requeueable deps ti=<TaskInstance: LoadWebScraping.spark_job manual__2024-10-17T18:38:14.103549+00:00 [queued]>
[2024-10-17T18:38:15.138+0000] {taskinstance.py:2865} INFO - Starting attempt 1 of 1
[2024-10-17T18:38:15.150+0000] {taskinstance.py:2888} INFO - Executing <Task(SparkSubmitOperator): spark_job> on 2024-10-17 18:38:14.103549+00:00
[2024-10-17T18:38:15.156+0000] {warnings.py:112} WARNING - /home/***/.local/lib/python3.12/site-packages/***/task/task_runner/standard_task_runner.py:70: DeprecationWarning: This process (pid=1370) is multi-threaded, use of fork() may lead to deadlocks in the child.
  pid = os.fork()

[2024-10-17T18:38:15.157+0000] {standard_task_runner.py:72} INFO - Started process 1375 to run task
[2024-10-17T18:38:15.158+0000] {standard_task_runner.py:104} INFO - Running: ['***', 'tasks', 'run', 'LoadWebScraping', 'spark_job', 'manual__2024-10-17T18:38:14.103549+00:00', '--job-id', '91', '--raw', '--subdir', 'DAGS_FOLDER/LoadWebScraping.py', '--cfg-path', '/tmp/tmplqldivht']
[2024-10-17T18:38:15.160+0000] {standard_task_runner.py:105} INFO - Job 91: Subtask spark_job
[2024-10-17T18:38:15.205+0000] {task_command.py:467} INFO - Running <TaskInstance: LoadWebScraping.spark_job manual__2024-10-17T18:38:14.103549+00:00 [running]> on host cc66b6895e01
[2024-10-17T18:38:15.457+0000] {taskinstance.py:3131} INFO - Exporting env vars: AIRFLOW_CTX_DAG_OWNER='***' AIRFLOW_CTX_DAG_ID='LoadWebScraping' AIRFLOW_CTX_TASK_ID='spark_job' AIRFLOW_CTX_EXECUTION_DATE='2024-10-17T18:38:14.103549+00:00' AIRFLOW_CTX_TRY_NUMBER='1' AIRFLOW_CTX_DAG_RUN_ID='manual__2024-10-17T18:38:14.103549+00:00'
[2024-10-17T18:38:15.458+0000] {taskinstance.py:731} INFO - ::endgroup::
[2024-10-17T18:38:15.475+0000] {spark_submit.py:304} INFO - Could not load connection string spark_default, defaulting to yarn
[2024-10-17T18:38:15.476+0000] {spark_submit.py:473} INFO - Spark-Submit cmd: spark-submit --master yarn --driver-class-path /opt/***/jars/postgresql-42.5.0.jar --jars /opt/***/jars/postgresql-42.5.0.jar --packages org.postgresql:postgresql:42.5.0 --name arrow-spark /opt/bitnami/spark/src/scripts_spark/LoadFileToDB.py
[2024-10-17T18:38:17.039+0000] {spark_submit.py:634} INFO - :: loading settings :: url = jar:file:/home/***/.local/lib/python3.12/site-packages/pyspark/jars/ivy-2.5.1.jar!/org/apache/ivy/core/settings/ivysettings.xml
[2024-10-17T18:38:17.091+0000] {spark_submit.py:634} INFO - Ivy Default Cache set to: /home/***/.ivy2/cache
[2024-10-17T18:38:17.092+0000] {spark_submit.py:634} INFO - The jars for the packages stored in: /home/***/.ivy2/jars
[2024-10-17T18:38:17.099+0000] {spark_submit.py:634} INFO - org.postgresql#postgresql added as a dependency
[2024-10-17T18:38:17.100+0000] {spark_submit.py:634} INFO - :: resolving dependencies :: org.apache.spark#spark-submit-parent-9fe8fed4-e1e9-4750-9d24-c0c7c2628200;1.0
[2024-10-17T18:38:17.101+0000] {spark_submit.py:634} INFO - confs: [default]
[2024-10-17T18:38:17.178+0000] {spark_submit.py:634} INFO - found org.postgresql#postgresql;42.5.0 in central
[2024-10-17T18:38:17.194+0000] {spark_submit.py:634} INFO - found org.checkerframework#checker-qual;3.5.0 in central
[2024-10-17T18:38:17.205+0000] {spark_submit.py:634} INFO - :: resolution report :: resolve 101ms :: artifacts dl 4ms
[2024-10-17T18:38:17.206+0000] {spark_submit.py:634} INFO - :: modules in use:
[2024-10-17T18:38:17.207+0000] {spark_submit.py:634} INFO - org.checkerframework#checker-qual;3.5.0 from central in [default]
[2024-10-17T18:38:17.207+0000] {spark_submit.py:634} INFO - org.postgresql#postgresql;42.5.0 from central in [default]
[2024-10-17T18:38:17.208+0000] {spark_submit.py:634} INFO - ---------------------------------------------------------------------
[2024-10-17T18:38:17.208+0000] {spark_submit.py:634} INFO - |                  |            modules            ||   artifacts   |
[2024-10-17T18:38:17.209+0000] {spark_submit.py:634} INFO - |       conf       | number| search|dwnlded|evicted|| number|dwnlded|
[2024-10-17T18:38:17.209+0000] {spark_submit.py:634} INFO - ---------------------------------------------------------------------
[2024-10-17T18:38:17.210+0000] {spark_submit.py:634} INFO - |      default     |   2   |   0   |   0   |   0   ||   2   |   0   |
[2024-10-17T18:38:17.210+0000] {spark_submit.py:634} INFO - ---------------------------------------------------------------------
[2024-10-17T18:38:17.211+0000] {spark_submit.py:634} INFO - :: retrieving :: org.apache.spark#spark-submit-parent-9fe8fed4-e1e9-4750-9d24-c0c7c2628200
[2024-10-17T18:38:17.211+0000] {spark_submit.py:634} INFO - confs: [default]
[2024-10-17T18:38:17.212+0000] {spark_submit.py:634} INFO - 0 artifacts copied, 2 already retrieved (0kB/4ms)
[2024-10-17T18:38:17.357+0000] {spark_submit.py:634} INFO - 24/10/17 18:38:17 WARN NativeCodeLoader: Unable to load native-hadoop library for your platform... using builtin-java classes where applicable
[2024-10-17T18:38:18.776+0000] {spark_submit.py:634} INFO - 24/10/17 18:38:18 INFO SparkContext: Running Spark version 3.5.2
[2024-10-17T18:38:18.778+0000] {spark_submit.py:634} INFO - 24/10/17 18:38:18 INFO SparkContext: OS info Linux, 5.15.153.1-microsoft-standard-WSL2, amd64
[2024-10-17T18:38:18.778+0000] {spark_submit.py:634} INFO - 24/10/17 18:38:18 INFO SparkContext: Java version 17.0.12
[2024-10-17T18:38:18.797+0000] {spark_submit.py:634} INFO - 24/10/17 18:38:18 INFO ResourceUtils: ==============================================================
[2024-10-17T18:38:18.798+0000] {spark_submit.py:634} INFO - 24/10/17 18:38:18 INFO ResourceUtils: No custom resources configured for spark.driver.
[2024-10-17T18:38:18.798+0000] {spark_submit.py:634} INFO - 24/10/17 18:38:18 INFO ResourceUtils: ==============================================================
[2024-10-17T18:38:18.799+0000] {spark_submit.py:634} INFO - 24/10/17 18:38:18 INFO SparkContext: Submitted application: Exemplo
[2024-10-17T18:38:18.817+0000] {spark_submit.py:634} INFO - 24/10/17 18:38:18 INFO ResourceProfile: Default ResourceProfile created, executor resources: Map(cores -> name: cores, amount: 1, script: , vendor: , memory -> name: memory, amount: 1024, script: , vendor: , offHeap -> name: offHeap, amount: 0, script: , vendor: ), task resources: Map(cpus -> name: cpus, amount: 1.0)
[2024-10-17T18:38:18.824+0000] {spark_submit.py:634} INFO - 24/10/17 18:38:18 INFO ResourceProfile: Limiting resource is cpu
[2024-10-17T18:38:18.825+0000] {spark_submit.py:634} INFO - 24/10/17 18:38:18 INFO ResourceProfileManager: Added ResourceProfile id: 0
[2024-10-17T18:38:18.864+0000] {spark_submit.py:634} INFO - 24/10/17 18:38:18 INFO SecurityManager: Changing view acls to: ***
[2024-10-17T18:38:18.864+0000] {spark_submit.py:634} INFO - 24/10/17 18:38:18 INFO SecurityManager: Changing modify acls to: ***
[2024-10-17T18:38:18.865+0000] {spark_submit.py:634} INFO - 24/10/17 18:38:18 INFO SecurityManager: Changing view acls groups to:
[2024-10-17T18:38:18.865+0000] {spark_submit.py:634} INFO - 24/10/17 18:38:18 INFO SecurityManager: Changing modify acls groups to:
[2024-10-17T18:38:18.866+0000] {spark_submit.py:634} INFO - 24/10/17 18:38:18 INFO SecurityManager: SecurityManager: authentication disabled; ui acls disabled; users with view permissions: ***; groups with view permissions: EMPTY; users with modify permissions: ***; groups with modify permissions: EMPTY
[2024-10-17T18:38:19.064+0000] {spark_submit.py:634} INFO - 24/10/17 18:38:19 INFO Utils: Successfully started service 'sparkDriver' on port 37329.
[2024-10-17T18:38:19.090+0000] {spark_submit.py:634} INFO - 24/10/17 18:38:19 INFO SparkEnv: Registering MapOutputTracker
[2024-10-17T18:38:19.120+0000] {spark_submit.py:634} INFO - 24/10/17 18:38:19 INFO SparkEnv: Registering BlockManagerMaster
[2024-10-17T18:38:19.134+0000] {spark_submit.py:634} INFO - 24/10/17 18:38:19 INFO BlockManagerMasterEndpoint: Using org.apache.spark.storage.DefaultTopologyMapper for getting topology information
[2024-10-17T18:38:19.135+0000] {spark_submit.py:634} INFO - 24/10/17 18:38:19 INFO BlockManagerMasterEndpoint: BlockManagerMasterEndpoint up
[2024-10-17T18:38:19.140+0000] {spark_submit.py:634} INFO - 24/10/17 18:38:19 INFO SparkEnv: Registering BlockManagerMasterHeartbeat
[2024-10-17T18:38:19.158+0000] {spark_submit.py:634} INFO - 24/10/17 18:38:19 INFO DiskBlockManager: Created local directory at /tmp/blockmgr-63c5069e-58d7-46bb-a904-00fa600ada82
[2024-10-17T18:38:19.169+0000] {spark_submit.py:634} INFO - 24/10/17 18:38:19 INFO MemoryStore: MemoryStore started with capacity 434.4 MiB
[2024-10-17T18:38:19.179+0000] {spark_submit.py:634} INFO - 24/10/17 18:38:19 INFO SparkEnv: Registering OutputCommitCoordinator
[2024-10-17T18:38:19.267+0000] {spark_submit.py:634} INFO - 24/10/17 18:38:19 INFO JettyUtils: Start Jetty 0.0.0.0:4040 for SparkUI
[2024-10-17T18:38:19.313+0000] {spark_submit.py:634} INFO - 24/10/17 18:38:19 INFO Utils: Successfully started service 'SparkUI' on port 4040.
[2024-10-17T18:38:19.342+0000] {spark_submit.py:634} INFO - 24/10/17 18:38:19 INFO SparkContext: Added JAR /opt/bitnami/spark/jars/postgresql-42.5.0.jar at spark://cc66b6895e01:37329/jars/postgresql-42.5.0.jar with timestamp 1729190298767
[2024-10-17T18:38:19.390+0000] {spark_submit.py:634} INFO - 24/10/17 18:38:19 INFO Executor: Starting executor ID driver on host cc66b6895e01
[2024-10-17T18:38:19.391+0000] {spark_submit.py:634} INFO - 24/10/17 18:38:19 INFO Executor: OS info Linux, 5.15.153.1-microsoft-standard-WSL2, amd64
[2024-10-17T18:38:19.395+0000] {spark_submit.py:634} INFO - 24/10/17 18:38:19 INFO Executor: Java version 17.0.12
[2024-10-17T18:38:19.400+0000] {spark_submit.py:634} INFO - 24/10/17 18:38:19 INFO Executor: Starting executor with user classpath (userClassPathFirst = false): ''
[2024-10-17T18:38:19.401+0000] {spark_submit.py:634} INFO - 24/10/17 18:38:19 INFO Executor: Created or updated repl class loader org.apache.spark.util.MutableURLClassLoader@11cf427d for default.
[2024-10-17T18:38:19.414+0000] {spark_submit.py:634} INFO - 24/10/17 18:38:19 INFO Executor: Fetching spark://cc66b6895e01:37329/jars/postgresql-42.5.0.jar with timestamp 1729190298767
[2024-10-17T18:38:19.472+0000] {spark_submit.py:634} INFO - 24/10/17 18:38:19 INFO TransportClientFactory: Successfully created connection to cc66b6895e01/172.18.0.4:37329 after 39 ms (0 ms spent in bootstraps)
[2024-10-17T18:38:19.488+0000] {spark_submit.py:634} INFO - 24/10/17 18:38:19 INFO Utils: Fetching spark://cc66b6895e01:37329/jars/postgresql-42.5.0.jar to /tmp/spark-5a794fb1-5377-468b-a7e8-b74fbf7a26f4/userFiles-54171474-d424-4f8f-82c8-855d0a08e070/fetchFileTemp15907666301222521619.tmp
[2024-10-17T18:38:19.528+0000] {spark_submit.py:634} INFO - 24/10/17 18:38:19 INFO Executor: Adding file:/tmp/spark-5a794fb1-5377-468b-a7e8-b74fbf7a26f4/userFiles-54171474-d424-4f8f-82c8-855d0a08e070/postgresql-42.5.0.jar to class loader default
[2024-10-17T18:38:19.538+0000] {spark_submit.py:634} INFO - 24/10/17 18:38:19 INFO Utils: Successfully started service 'org.apache.spark.network.netty.NettyBlockTransferService' on port 41079.
[2024-10-17T18:38:19.540+0000] {spark_submit.py:634} INFO - 24/10/17 18:38:19 INFO NettyBlockTransferService: Server created on cc66b6895e01:41079
[2024-10-17T18:38:19.541+0000] {spark_submit.py:634} INFO - 24/10/17 18:38:19 INFO BlockManager: Using org.apache.spark.storage.RandomBlockReplicationPolicy for block replication policy
[2024-10-17T18:38:19.548+0000] {spark_submit.py:634} INFO - 24/10/17 18:38:19 INFO BlockManagerMaster: Registering BlockManager BlockManagerId(driver, cc66b6895e01, 41079, None)
[2024-10-17T18:38:19.551+0000] {spark_submit.py:634} INFO - 24/10/17 18:38:19 INFO BlockManagerMasterEndpoint: Registering block manager cc66b6895e01:41079 with 434.4 MiB RAM, BlockManagerId(driver, cc66b6895e01, 41079, None)
[2024-10-17T18:38:19.553+0000] {spark_submit.py:634} INFO - 24/10/17 18:38:19 INFO BlockManagerMaster: Registered BlockManager BlockManagerId(driver, cc66b6895e01, 41079, None)
[2024-10-17T18:38:19.555+0000] {spark_submit.py:634} INFO - 24/10/17 18:38:19 INFO BlockManager: Initialized BlockManager: BlockManagerId(driver, cc66b6895e01, 41079, None)
[2024-10-17T18:38:19.921+0000] {spark_submit.py:634} INFO - 24/10/17 18:38:19 INFO SharedState: Setting hive.metastore.warehouse.dir ('null') to the value of spark.sql.warehouse.dir.
[2024-10-17T18:38:19.922+0000] {spark_submit.py:634} INFO - 24/10/17 18:38:19 INFO SharedState: Warehouse path is 'file:/opt/***/spark-warehouse'.
[2024-10-17T18:38:20.876+0000] {spark_submit.py:634} INFO - Traceback (most recent call last):
[2024-10-17T18:38:20.877+0000] {spark_submit.py:634} INFO - File "/opt/bitnami/spark/src/scripts_spark/LoadFileToDB.py", line 48, in <module>
[2024-10-17T18:38:20.878+0000] {spark_submit.py:634} INFO - df_memoria = spark.read.parquet('/opt/***/datalake/silverzone/*/dim_memoria.parquet')
[2024-10-17T18:38:20.879+0000] {spark_submit.py:634} INFO - ^^^^^^^^^^^^^^^^^^^^^^^^^^^^^^^^^^^^^^^^^^^^^^^^^^^^^^^^^^^^^^^^^^^^^^^^^^^^
[2024-10-17T18:38:20.879+0000] {spark_submit.py:634} INFO - File "/home/***/.local/lib/python3.12/site-packages/pyspark/python/lib/pyspark.zip/pyspark/sql/readwriter.py", line 544, in parquet
[2024-10-17T18:38:20.879+0000] {spark_submit.py:634} INFO - File "/home/***/.local/lib/python3.12/site-packages/pyspark/python/lib/py4j-0.10.9.7-src.zip/py4j/java_gateway.py", line 1322, in __call__
[2024-10-17T18:38:20.880+0000] {spark_submit.py:634} INFO - File "/home/***/.local/lib/python3.12/site-packages/pyspark/python/lib/pyspark.zip/pyspark/errors/exceptions/captured.py", line 185, in deco
[2024-10-17T18:38:20.887+0000] {spark_submit.py:634} INFO - pyspark.errors.exceptions.captured.AnalysisException: [PATH_NOT_FOUND] Path does not exist: file:/opt/***/datalake/silverzone/*/dim_memoria.parquet.
[2024-10-17T18:38:20.935+0000] {spark_submit.py:634} INFO - 24/10/17 18:38:20 INFO SparkContext: Invoking stop() from shutdown hook
[2024-10-17T18:38:20.936+0000] {spark_submit.py:634} INFO - 24/10/17 18:38:20 INFO SparkContext: SparkContext is stopping with exitCode 0.
[2024-10-17T18:38:20.943+0000] {spark_submit.py:634} INFO - 24/10/17 18:38:20 INFO SparkUI: Stopped Spark web UI at http://cc66b6895e01:4040
[2024-10-17T18:38:20.953+0000] {spark_submit.py:634} INFO - 24/10/17 18:38:20 INFO MapOutputTrackerMasterEndpoint: MapOutputTrackerMasterEndpoint stopped!
[2024-10-17T18:38:20.961+0000] {spark_submit.py:634} INFO - 24/10/17 18:38:20 INFO MemoryStore: MemoryStore cleared
[2024-10-17T18:38:20.962+0000] {spark_submit.py:634} INFO - 24/10/17 18:38:20 INFO BlockManager: BlockManager stopped
[2024-10-17T18:38:20.966+0000] {spark_submit.py:634} INFO - 24/10/17 18:38:20 INFO BlockManagerMaster: BlockManagerMaster stopped
[2024-10-17T18:38:20.968+0000] {spark_submit.py:634} INFO - 24/10/17 18:38:20 INFO OutputCommitCoordinator$OutputCommitCoordinatorEndpoint: OutputCommitCoordinator stopped!
[2024-10-17T18:38:20.974+0000] {spark_submit.py:634} INFO - 24/10/17 18:38:20 INFO SparkContext: Successfully stopped SparkContext
[2024-10-17T18:38:20.975+0000] {spark_submit.py:634} INFO - 24/10/17 18:38:20 INFO ShutdownHookManager: Shutdown hook called
[2024-10-17T18:38:20.975+0000] {spark_submit.py:634} INFO - 24/10/17 18:38:20 INFO ShutdownHookManager: Deleting directory /tmp/spark-5a794fb1-5377-468b-a7e8-b74fbf7a26f4
[2024-10-17T18:38:20.978+0000] {spark_submit.py:634} INFO - 24/10/17 18:38:20 INFO ShutdownHookManager: Deleting directory /tmp/spark-d863e1d1-17b4-4727-8466-124fd4aa3c0f
[2024-10-17T18:38:20.982+0000] {spark_submit.py:634} INFO - 24/10/17 18:38:20 INFO ShutdownHookManager: Deleting directory /tmp/spark-5a794fb1-5377-468b-a7e8-b74fbf7a26f4/pyspark-4513aca6-30bf-49b4-83b8-2ff07264d22e
[2024-10-17T18:38:21.014+0000] {taskinstance.py:3310} ERROR - Task failed with exception
Traceback (most recent call last):
  File "/home/airflow/.local/lib/python3.12/site-packages/airflow/models/taskinstance.py", line 767, in _execute_task
    result = _execute_callable(context=context, **execute_callable_kwargs)
             ^^^^^^^^^^^^^^^^^^^^^^^^^^^^^^^^^^^^^^^^^^^^^^^^^^^^^^^^^^^^^
  File "/home/airflow/.local/lib/python3.12/site-packages/airflow/models/taskinstance.py", line 733, in _execute_callable
    return ExecutionCallableRunner(
           ^^^^^^^^^^^^^^^^^^^^^^^^
  File "/home/airflow/.local/lib/python3.12/site-packages/airflow/utils/operator_helpers.py", line 252, in run
    return self.func(*args, **kwargs)
           ^^^^^^^^^^^^^^^^^^^^^^^^^^
  File "/home/airflow/.local/lib/python3.12/site-packages/airflow/models/baseoperator.py", line 406, in wrapper
    return func(self, *args, **kwargs)
           ^^^^^^^^^^^^^^^^^^^^^^^^^^^
  File "/home/airflow/.local/lib/python3.12/site-packages/airflow/providers/apache/spark/operators/spark_submit.py", line 176, in execute
    self._hook.submit(self.application)
  File "/home/airflow/.local/lib/python3.12/site-packages/airflow/providers/apache/spark/hooks/spark_submit.py", line 560, in submit
    raise AirflowException(
airflow.exceptions.AirflowException: Cannot execute: spark-submit --master yarn --driver-class-path /opt/***/jars/postgresql-42.5.0.jar --jars /opt/***/jars/postgresql-42.5.0.jar --packages org.postgresql:postgresql:42.5.0 --name arrow-spark /opt/bitnami/spark/src/scripts_spark/LoadFileToDB.py. Error code is: 1.
[2024-10-17T18:38:21.018+0000] {taskinstance.py:1225} INFO - Marking task as FAILED. dag_id=LoadWebScraping, task_id=spark_job, run_id=manual__2024-10-17T18:38:14.103549+00:00, execution_date=20241017T183814, start_date=20241017T183815, end_date=20241017T183821
[2024-10-17T18:38:21.032+0000] {taskinstance.py:340} INFO - ::group::Post task execution logs
[2024-10-17T18:38:21.033+0000] {standard_task_runner.py:124} ERROR - Failed to execute job 91 for task spark_job (Cannot execute: spark-submit --master yarn --driver-class-path /opt/***/jars/postgresql-42.5.0.jar --jars /opt/***/jars/postgresql-42.5.0.jar --packages org.postgresql:postgresql:42.5.0 --name arrow-spark /opt/bitnami/spark/src/scripts_spark/LoadFileToDB.py. Error code is: 1.; 1375)
Traceback (most recent call last):
  File "/home/airflow/.local/lib/python3.12/site-packages/airflow/task/task_runner/standard_task_runner.py", line 117, in _start_by_fork
    ret = args.func(args, dag=self.dag)
          ^^^^^^^^^^^^^^^^^^^^^^^^^^^^^
  File "/home/airflow/.local/lib/python3.12/site-packages/airflow/cli/cli_config.py", line 49, in command
    return func(*args, **kwargs)
           ^^^^^^^^^^^^^^^^^^^^^
  File "/home/airflow/.local/lib/python3.12/site-packages/airflow/utils/cli.py", line 115, in wrapper
    return f(*args, **kwargs)
           ^^^^^^^^^^^^^^^^^^
  File "/home/airflow/.local/lib/python3.12/site-packages/airflow/cli/commands/task_command.py", line 483, in task_run
    task_return_code = _run_task_by_selected_method(args, _dag, ti)
                       ^^^^^^^^^^^^^^^^^^^^^^^^^^^^^^^^^^^^^^^^^^^^
  File "/home/airflow/.local/lib/python3.12/site-packages/airflow/cli/commands/task_command.py", line 256, in _run_task_by_selected_method
    return _run_raw_task(args, ti)
           ^^^^^^^^^^^^^^^^^^^^^^^
  File "/home/airflow/.local/lib/python3.12/site-packages/airflow/cli/commands/task_command.py", line 341, in _run_raw_task
    return ti._run_raw_task(
           ^^^^^^^^^^^^^^^^^
  File "/home/airflow/.local/lib/python3.12/site-packages/airflow/utils/session.py", line 97, in wrapper
    return func(*args, session=session, **kwargs)
           ^^^^^^^^^^^^^^^^^^^^^^^^^^^^^^^^^^^^^^
  File "/home/airflow/.local/lib/python3.12/site-packages/airflow/models/taskinstance.py", line 3004, in _run_raw_task
    return _run_raw_task(
           ^^^^^^^^^^^^^^
  File "/home/airflow/.local/lib/python3.12/site-packages/airflow/models/taskinstance.py", line 273, in _run_raw_task
    TaskInstance._execute_task_with_callbacks(
  File "/home/airflow/.local/lib/python3.12/site-packages/airflow/models/taskinstance.py", line 3158, in _execute_task_with_callbacks
    result = self._execute_task(context, task_orig)
             ^^^^^^^^^^^^^^^^^^^^^^^^^^^^^^^^^^^^^^
  File "/home/airflow/.local/lib/python3.12/site-packages/airflow/models/taskinstance.py", line 3182, in _execute_task
    return _execute_task(self, context, task_orig)
           ^^^^^^^^^^^^^^^^^^^^^^^^^^^^^^^^^^^^^^^
  File "/home/airflow/.local/lib/python3.12/site-packages/airflow/models/taskinstance.py", line 767, in _execute_task
    result = _execute_callable(context=context, **execute_callable_kwargs)
             ^^^^^^^^^^^^^^^^^^^^^^^^^^^^^^^^^^^^^^^^^^^^^^^^^^^^^^^^^^^^^
  File "/home/airflow/.local/lib/python3.12/site-packages/airflow/models/taskinstance.py", line 733, in _execute_callable
    return ExecutionCallableRunner(
           ^^^^^^^^^^^^^^^^^^^^^^^^
  File "/home/airflow/.local/lib/python3.12/site-packages/airflow/utils/operator_helpers.py", line 252, in run
    return self.func(*args, **kwargs)
           ^^^^^^^^^^^^^^^^^^^^^^^^^^
  File "/home/airflow/.local/lib/python3.12/site-packages/airflow/models/baseoperator.py", line 406, in wrapper
    return func(self, *args, **kwargs)
           ^^^^^^^^^^^^^^^^^^^^^^^^^^^
  File "/home/airflow/.local/lib/python3.12/site-packages/airflow/providers/apache/spark/operators/spark_submit.py", line 176, in execute
    self._hook.submit(self.application)
  File "/home/airflow/.local/lib/python3.12/site-packages/airflow/providers/apache/spark/hooks/spark_submit.py", line 560, in submit
    raise AirflowException(
airflow.exceptions.AirflowException: Cannot execute: spark-submit --master yarn --driver-class-path /opt/***/jars/postgresql-42.5.0.jar --jars /opt/***/jars/postgresql-42.5.0.jar --packages org.postgresql:postgresql:42.5.0 --name arrow-spark /opt/bitnami/spark/src/scripts_spark/LoadFileToDB.py. Error code is: 1.
[2024-10-17T18:38:21.072+0000] {local_task_job_runner.py:266} INFO - Task exited with return code 1
[2024-10-17T18:38:21.084+0000] {taskinstance.py:3900} INFO - 0 downstream tasks scheduled from follow-on schedule check
[2024-10-17T18:38:21.089+0000] {local_task_job_runner.py:245} INFO - ::endgroup::
