[2024-10-27T21:17:17.580+0000] {local_task_job_runner.py:123} INFO - ::group::Pre task execution logs
[2024-10-27T21:17:17.600+0000] {taskinstance.py:2612} INFO - Dependencies all met for dep_context=non-requeueable deps ti=<TaskInstance: LoadWebScraping.insert manual__2024-10-27T21:17:14.045770+00:00 [queued]>
[2024-10-27T21:17:17.611+0000] {taskinstance.py:2612} INFO - Dependencies all met for dep_context=requeueable deps ti=<TaskInstance: LoadWebScraping.insert manual__2024-10-27T21:17:14.045770+00:00 [queued]>
[2024-10-27T21:17:17.612+0000] {taskinstance.py:2865} INFO - Starting attempt 1 of 1
[2024-10-27T21:17:17.627+0000] {taskinstance.py:2888} INFO - Executing <Task(SparkSubmitOperator): insert> on 2024-10-27 21:17:14.045770+00:00
[2024-10-27T21:17:17.636+0000] {warnings.py:112} WARNING - /home/***/.local/lib/python3.12/site-packages/***/task/task_runner/standard_task_runner.py:70: DeprecationWarning: This process (pid=475) is multi-threaded, use of fork() may lead to deadlocks in the child.
  pid = os.fork()

[2024-10-27T21:17:17.638+0000] {standard_task_runner.py:104} INFO - Running: ['***', 'tasks', 'run', 'LoadWebScraping', 'insert', 'manual__2024-10-27T21:17:14.045770+00:00', '--job-id', '8', '--raw', '--subdir', 'DAGS_FOLDER/LoadWebScraping.py', '--cfg-path', '/tmp/tmpr3bp42pl']
[2024-10-27T21:17:17.642+0000] {standard_task_runner.py:105} INFO - Job 8: Subtask insert
[2024-10-27T21:17:17.640+0000] {standard_task_runner.py:72} INFO - Started process 477 to run task
[2024-10-27T21:17:17.759+0000] {task_command.py:467} INFO - Running <TaskInstance: LoadWebScraping.insert manual__2024-10-27T21:17:14.045770+00:00 [running]> on host 1a0025c3565c
[2024-10-27T21:17:17.856+0000] {taskinstance.py:3131} INFO - Exporting env vars: AIRFLOW_CTX_DAG_OWNER='***' AIRFLOW_CTX_DAG_ID='LoadWebScraping' AIRFLOW_CTX_TASK_ID='insert' AIRFLOW_CTX_EXECUTION_DATE='2024-10-27T21:17:14.045770+00:00' AIRFLOW_CTX_TRY_NUMBER='1' AIRFLOW_CTX_DAG_RUN_ID='manual__2024-10-27T21:17:14.045770+00:00'
[2024-10-27T21:17:17.857+0000] {taskinstance.py:731} INFO - ::endgroup::
[2024-10-27T21:17:17.876+0000] {base.py:84} INFO - Retrieving connection 'spark_default'
[2024-10-27T21:17:17.877+0000] {spark_submit.py:327} ERROR - Failed to decode base64 keytab: Incorrect padding
[2024-10-27T21:17:17.877+0000] {spark_submit.py:304} INFO - Could not load connection string spark_default, defaulting to spark://spark:7077
[2024-10-27T21:17:17.879+0000] {spark_submit.py:473} INFO - Spark-Submit cmd: spark-submit --master spark://spark:7077 --driver-class-path /opt/***/jars/postgresql-42.5.0.jar --jars /opt/***/jars/postgresql-42.5.0.jar --packages org.postgresql:postgresql:42.5.0 --principal *** --name arrow-spark --deploy-mode client /opt/bitnami/spark/src/scripts_spark/LoadFileToDB.py
[2024-10-27T21:17:20.015+0000] {spark_submit.py:634} INFO - :: loading settings :: url = jar:file:/home/***/.local/lib/python3.12/site-packages/pyspark/jars/ivy-2.5.1.jar!/org/apache/ivy/core/settings/ivysettings.xml
[2024-10-27T21:17:20.092+0000] {spark_submit.py:634} INFO - Ivy Default Cache set to: /home/***/.ivy2/cache
[2024-10-27T21:17:20.093+0000] {spark_submit.py:634} INFO - The jars for the packages stored in: /home/***/.ivy2/jars
[2024-10-27T21:17:20.102+0000] {spark_submit.py:634} INFO - org.postgresql#postgresql added as a dependency
[2024-10-27T21:17:20.103+0000] {spark_submit.py:634} INFO - :: resolving dependencies :: org.apache.spark#spark-submit-parent-6f1a73be-573e-48e9-bfaa-67b733c703e2;1.0
[2024-10-27T21:17:20.104+0000] {spark_submit.py:634} INFO - confs: [default]
[2024-10-27T21:17:21.276+0000] {spark_submit.py:634} INFO - found org.postgresql#postgresql;42.5.0 in central
[2024-10-27T21:17:21.580+0000] {spark_submit.py:634} INFO - found org.checkerframework#checker-qual;3.5.0 in central
[2024-10-27T21:17:21.727+0000] {spark_submit.py:634} INFO - downloading https://repo1.maven.org/maven2/org/postgresql/postgresql/42.5.0/postgresql-42.5.0.jar ...
[2024-10-27T21:17:22.536+0000] {spark_submit.py:634} INFO - [SUCCESSFUL ] org.postgresql#postgresql;42.5.0!postgresql.jar (946ms)
[2024-10-27T21:17:22.680+0000] {spark_submit.py:634} INFO - downloading https://repo1.maven.org/maven2/org/checkerframework/checker-qual/3.5.0/checker-qual-3.5.0.jar ...
[2024-10-27T21:17:22.989+0000] {spark_submit.py:634} INFO - [SUCCESSFUL ] org.checkerframework#checker-qual;3.5.0!checker-qual.jar (447ms)
[2024-10-27T21:17:22.992+0000] {spark_submit.py:634} INFO - :: resolution report :: resolve 1484ms :: artifacts dl 1404ms
[2024-10-27T21:17:22.994+0000] {spark_submit.py:634} INFO - :: modules in use:
[2024-10-27T21:17:22.995+0000] {spark_submit.py:634} INFO - org.checkerframework#checker-qual;3.5.0 from central in [default]
[2024-10-27T21:17:22.996+0000] {spark_submit.py:634} INFO - org.postgresql#postgresql;42.5.0 from central in [default]
[2024-10-27T21:17:22.998+0000] {spark_submit.py:634} INFO - ---------------------------------------------------------------------
[2024-10-27T21:17:22.999+0000] {spark_submit.py:634} INFO - |                  |            modules            ||   artifacts   |
[2024-10-27T21:17:23.000+0000] {spark_submit.py:634} INFO - |       conf       | number| search|dwnlded|evicted|| number|dwnlded|
[2024-10-27T21:17:23.001+0000] {spark_submit.py:634} INFO - ---------------------------------------------------------------------
[2024-10-27T21:17:23.002+0000] {spark_submit.py:634} INFO - |      default     |   2   |   2   |   2   |   0   ||   2   |   2   |
[2024-10-27T21:17:23.002+0000] {spark_submit.py:634} INFO - ---------------------------------------------------------------------
[2024-10-27T21:17:23.003+0000] {spark_submit.py:634} INFO - :: retrieving :: org.apache.spark#spark-submit-parent-6f1a73be-573e-48e9-bfaa-67b733c703e2
[2024-10-27T21:17:23.004+0000] {spark_submit.py:634} INFO - confs: [default]
[2024-10-27T21:17:23.012+0000] {spark_submit.py:634} INFO - 2 artifacts copied, 0 already retrieved (1231kB/12ms)
[2024-10-27T21:17:23.207+0000] {spark_submit.py:634} INFO - 24/10/27 21:17:23 WARN NativeCodeLoader: Unable to load native-hadoop library for your platform... using builtin-java classes where applicable
[2024-10-27T21:17:24.574+0000] {spark_submit.py:634} INFO - 24/10/27 21:17:24 INFO SparkContext: Running Spark version 3.5.2
[2024-10-27T21:17:24.574+0000] {spark_submit.py:634} INFO - 24/10/27 21:17:24 INFO SparkContext: OS info Linux, 5.15.153.1-microsoft-standard-WSL2, amd64
[2024-10-27T21:17:24.575+0000] {spark_submit.py:634} INFO - 24/10/27 21:17:24 INFO SparkContext: Java version 17.0.13
[2024-10-27T21:17:24.594+0000] {spark_submit.py:634} INFO - 24/10/27 21:17:24 INFO ResourceUtils: ==============================================================
[2024-10-27T21:17:24.594+0000] {spark_submit.py:634} INFO - 24/10/27 21:17:24 INFO ResourceUtils: No custom resources configured for spark.driver.
[2024-10-27T21:17:24.595+0000] {spark_submit.py:634} INFO - 24/10/27 21:17:24 INFO ResourceUtils: ==============================================================
[2024-10-27T21:17:24.595+0000] {spark_submit.py:634} INFO - 24/10/27 21:17:24 INFO SparkContext: Submitted application: Exemplo
[2024-10-27T21:17:24.614+0000] {spark_submit.py:634} INFO - 24/10/27 21:17:24 INFO ResourceProfile: Default ResourceProfile created, executor resources: Map(cores -> name: cores, amount: 1, script: , vendor: , memory -> name: memory, amount: 1024, script: , vendor: , offHeap -> name: offHeap, amount: 0, script: , vendor: ), task resources: Map(cpus -> name: cpus, amount: 1.0)
[2024-10-27T21:17:24.621+0000] {spark_submit.py:634} INFO - 24/10/27 21:17:24 INFO ResourceProfile: Limiting resource is cpu
[2024-10-27T21:17:24.622+0000] {spark_submit.py:634} INFO - 24/10/27 21:17:24 INFO ResourceProfileManager: Added ResourceProfile id: 0
[2024-10-27T21:17:24.684+0000] {spark_submit.py:634} INFO - 24/10/27 21:17:24 INFO SecurityManager: Changing view acls to: ***
[2024-10-27T21:17:24.686+0000] {spark_submit.py:634} INFO - 24/10/27 21:17:24 INFO SecurityManager: Changing modify acls to: ***
[2024-10-27T21:17:24.687+0000] {spark_submit.py:634} INFO - 24/10/27 21:17:24 INFO SecurityManager: Changing view acls groups to:
[2024-10-27T21:17:24.687+0000] {spark_submit.py:634} INFO - 24/10/27 21:17:24 INFO SecurityManager: Changing modify acls groups to:
[2024-10-27T21:17:24.688+0000] {spark_submit.py:634} INFO - 24/10/27 21:17:24 INFO SecurityManager: SecurityManager: authentication disabled; ui acls disabled; users with view permissions: ***; groups with view permissions: EMPTY; users with modify permissions: ***; groups with modify permissions: EMPTY
[2024-10-27T21:17:24.907+0000] {spark_submit.py:634} INFO - 24/10/27 21:17:24 INFO Utils: Successfully started service 'sparkDriver' on port 35689.
[2024-10-27T21:17:24.946+0000] {spark_submit.py:634} INFO - 24/10/27 21:17:24 INFO SparkEnv: Registering MapOutputTracker
[2024-10-27T21:17:24.978+0000] {spark_submit.py:634} INFO - 24/10/27 21:17:24 INFO SparkEnv: Registering BlockManagerMaster
[2024-10-27T21:17:24.994+0000] {spark_submit.py:634} INFO - 24/10/27 21:17:24 INFO BlockManagerMasterEndpoint: Using org.apache.spark.storage.DefaultTopologyMapper for getting topology information
[2024-10-27T21:17:24.994+0000] {spark_submit.py:634} INFO - 24/10/27 21:17:24 INFO BlockManagerMasterEndpoint: BlockManagerMasterEndpoint up
[2024-10-27T21:17:24.999+0000] {spark_submit.py:634} INFO - 24/10/27 21:17:24 INFO SparkEnv: Registering BlockManagerMasterHeartbeat
[2024-10-27T21:17:25.020+0000] {spark_submit.py:634} INFO - 24/10/27 21:17:25 INFO DiskBlockManager: Created local directory at /tmp/blockmgr-ab732338-4881-4ea6-84f3-81df7f8b619f
[2024-10-27T21:17:25.035+0000] {spark_submit.py:634} INFO - 24/10/27 21:17:25 INFO MemoryStore: MemoryStore started with capacity 434.4 MiB
[2024-10-27T21:17:25.049+0000] {spark_submit.py:634} INFO - 24/10/27 21:17:25 INFO SparkEnv: Registering OutputCommitCoordinator
[2024-10-27T21:17:25.174+0000] {spark_submit.py:634} INFO - 24/10/27 21:17:25 INFO JettyUtils: Start Jetty 0.0.0.0:4040 for SparkUI
[2024-10-27T21:17:25.244+0000] {spark_submit.py:634} INFO - 24/10/27 21:17:25 INFO Utils: Successfully started service 'SparkUI' on port 4040.
[2024-10-27T21:17:25.275+0000] {spark_submit.py:634} INFO - 24/10/27 21:17:25 ERROR SparkContext: Failed to add /opt/bitnami/spark/jars/postgresql-42.5.0.jar to Spark environment
[2024-10-27T21:17:25.276+0000] {spark_submit.py:634} INFO - java.io.FileNotFoundException: Jar /opt/bitnami/spark/jars/postgresql-42.5.0.jar not found
[2024-10-27T21:17:25.276+0000] {spark_submit.py:634} INFO - at org.apache.spark.SparkContext.addLocalJarFile$1(SparkContext.scala:2095)
[2024-10-27T21:17:25.277+0000] {spark_submit.py:634} INFO - at org.apache.spark.SparkContext.addJar(SparkContext.scala:2151)
[2024-10-27T21:17:25.277+0000] {spark_submit.py:634} INFO - at org.apache.spark.SparkContext.$anonfun$new$15(SparkContext.scala:521)
[2024-10-27T21:17:25.278+0000] {spark_submit.py:634} INFO - at org.apache.spark.SparkContext.$anonfun$new$15$adapted(SparkContext.scala:521)
[2024-10-27T21:17:25.278+0000] {spark_submit.py:634} INFO - at scala.collection.mutable.ResizableArray.foreach(ResizableArray.scala:62)
[2024-10-27T21:17:25.278+0000] {spark_submit.py:634} INFO - at scala.collection.mutable.ResizableArray.foreach$(ResizableArray.scala:55)
[2024-10-27T21:17:25.279+0000] {spark_submit.py:634} INFO - at scala.collection.mutable.ArrayBuffer.foreach(ArrayBuffer.scala:49)
[2024-10-27T21:17:25.279+0000] {spark_submit.py:634} INFO - at org.apache.spark.SparkContext.<init>(SparkContext.scala:521)
[2024-10-27T21:17:25.280+0000] {spark_submit.py:634} INFO - at org.apache.spark.api.java.JavaSparkContext.<init>(JavaSparkContext.scala:58)
[2024-10-27T21:17:25.280+0000] {spark_submit.py:634} INFO - at java.base/jdk.internal.reflect.NativeConstructorAccessorImpl.newInstance0(Native Method)
[2024-10-27T21:17:25.280+0000] {spark_submit.py:634} INFO - at java.base/jdk.internal.reflect.NativeConstructorAccessorImpl.newInstance(NativeConstructorAccessorImpl.java:77)
[2024-10-27T21:17:25.281+0000] {spark_submit.py:634} INFO - at java.base/jdk.internal.reflect.DelegatingConstructorAccessorImpl.newInstance(DelegatingConstructorAccessorImpl.java:45)
[2024-10-27T21:17:25.281+0000] {spark_submit.py:634} INFO - at java.base/java.lang.reflect.Constructor.newInstanceWithCaller(Constructor.java:500)
[2024-10-27T21:17:25.282+0000] {spark_submit.py:634} INFO - at java.base/java.lang.reflect.Constructor.newInstance(Constructor.java:481)
[2024-10-27T21:17:25.282+0000] {spark_submit.py:634} INFO - at py4j.reflection.MethodInvoker.invoke(MethodInvoker.java:247)
[2024-10-27T21:17:25.282+0000] {spark_submit.py:634} INFO - at py4j.reflection.ReflectionEngine.invoke(ReflectionEngine.java:374)
[2024-10-27T21:17:25.283+0000] {spark_submit.py:634} INFO - at py4j.Gateway.invoke(Gateway.java:238)
[2024-10-27T21:17:25.283+0000] {spark_submit.py:634} INFO - at py4j.commands.ConstructorCommand.invokeConstructor(ConstructorCommand.java:80)
[2024-10-27T21:17:25.284+0000] {spark_submit.py:634} INFO - at py4j.commands.ConstructorCommand.execute(ConstructorCommand.java:69)
[2024-10-27T21:17:25.284+0000] {spark_submit.py:634} INFO - at py4j.ClientServerConnection.waitForCommands(ClientServerConnection.java:182)
[2024-10-27T21:17:25.285+0000] {spark_submit.py:634} INFO - at py4j.ClientServerConnection.run(ClientServerConnection.java:106)
[2024-10-27T21:17:25.285+0000] {spark_submit.py:634} INFO - at java.base/java.lang.Thread.run(Thread.java:840)
[2024-10-27T21:17:25.286+0000] {spark_submit.py:634} INFO - 24/10/27 21:17:25 INFO SparkContext: Added file file:///home/***/.ivy2/jars/org.postgresql_postgresql-42.5.0.jar at file:///home/***/.ivy2/jars/org.postgresql_postgresql-42.5.0.jar with timestamp 1730063844568
[2024-10-27T21:17:25.286+0000] {spark_submit.py:634} INFO - 24/10/27 21:17:25 INFO Utils: Copying /home/***/.ivy2/jars/org.postgresql_postgresql-42.5.0.jar to /tmp/spark-4b937995-7a64-4658-8044-f1987adec412/userFiles-e34bbe13-55e3-470c-b947-155ccd97bd47/org.postgresql_postgresql-42.5.0.jar
[2024-10-27T21:17:25.293+0000] {spark_submit.py:634} INFO - 24/10/27 21:17:25 INFO SparkContext: Added file file:///home/***/.ivy2/jars/org.checkerframework_checker-qual-3.5.0.jar at file:///home/***/.ivy2/jars/org.checkerframework_checker-qual-3.5.0.jar with timestamp 1730063844568
[2024-10-27T21:17:25.294+0000] {spark_submit.py:634} INFO - 24/10/27 21:17:25 INFO Utils: Copying /home/***/.ivy2/jars/org.checkerframework_checker-qual-3.5.0.jar to /tmp/spark-4b937995-7a64-4658-8044-f1987adec412/userFiles-e34bbe13-55e3-470c-b947-155ccd97bd47/org.checkerframework_checker-qual-3.5.0.jar
[2024-10-27T21:17:25.357+0000] {spark_submit.py:634} INFO - 24/10/27 21:17:25 INFO Executor: Starting executor ID driver on host 1a0025c3565c
[2024-10-27T21:17:25.358+0000] {spark_submit.py:634} INFO - 24/10/27 21:17:25 INFO Executor: OS info Linux, 5.15.153.1-microsoft-standard-WSL2, amd64
[2024-10-27T21:17:25.358+0000] {spark_submit.py:634} INFO - 24/10/27 21:17:25 INFO Executor: Java version 17.0.13
[2024-10-27T21:17:25.363+0000] {spark_submit.py:634} INFO - 24/10/27 21:17:25 INFO Executor: Starting executor with user classpath (userClassPathFirst = false): ''
[2024-10-27T21:17:25.364+0000] {spark_submit.py:634} INFO - 24/10/27 21:17:25 INFO Executor: Created or updated repl class loader org.apache.spark.util.MutableURLClassLoader@5bd4939f for default.
[2024-10-27T21:17:25.372+0000] {spark_submit.py:634} INFO - 24/10/27 21:17:25 INFO Executor: Fetching file:///home/***/.ivy2/jars/org.checkerframework_checker-qual-3.5.0.jar with timestamp 1730063844568
[2024-10-27T21:17:25.387+0000] {spark_submit.py:634} INFO - 24/10/27 21:17:25 INFO Utils: /home/***/.ivy2/jars/org.checkerframework_checker-qual-3.5.0.jar has been previously copied to /tmp/spark-4b937995-7a64-4658-8044-f1987adec412/userFiles-e34bbe13-55e3-470c-b947-155ccd97bd47/org.checkerframework_checker-qual-3.5.0.jar
[2024-10-27T21:17:25.390+0000] {spark_submit.py:634} INFO - 24/10/27 21:17:25 INFO Executor: Fetching file:///home/***/.ivy2/jars/org.postgresql_postgresql-42.5.0.jar with timestamp 1730063844568
[2024-10-27T21:17:25.392+0000] {spark_submit.py:634} INFO - 24/10/27 21:17:25 INFO Utils: /home/***/.ivy2/jars/org.postgresql_postgresql-42.5.0.jar has been previously copied to /tmp/spark-4b937995-7a64-4658-8044-f1987adec412/userFiles-e34bbe13-55e3-470c-b947-155ccd97bd47/org.postgresql_postgresql-42.5.0.jar
[2024-10-27T21:17:25.405+0000] {spark_submit.py:634} INFO - 24/10/27 21:17:25 INFO Utils: Successfully started service 'org.apache.spark.network.netty.NettyBlockTransferService' on port 45391.
[2024-10-27T21:17:25.405+0000] {spark_submit.py:634} INFO - 24/10/27 21:17:25 INFO NettyBlockTransferService: Server created on 1a0025c3565c:45391
[2024-10-27T21:17:25.407+0000] {spark_submit.py:634} INFO - 24/10/27 21:17:25 INFO BlockManager: Using org.apache.spark.storage.RandomBlockReplicationPolicy for block replication policy
[2024-10-27T21:17:25.412+0000] {spark_submit.py:634} INFO - 24/10/27 21:17:25 INFO BlockManagerMaster: Registering BlockManager BlockManagerId(driver, 1a0025c3565c, 45391, None)
[2024-10-27T21:17:25.415+0000] {spark_submit.py:634} INFO - 24/10/27 21:17:25 INFO BlockManagerMasterEndpoint: Registering block manager 1a0025c3565c:45391 with 434.4 MiB RAM, BlockManagerId(driver, 1a0025c3565c, 45391, None)
[2024-10-27T21:17:25.417+0000] {spark_submit.py:634} INFO - 24/10/27 21:17:25 INFO BlockManagerMaster: Registered BlockManager BlockManagerId(driver, 1a0025c3565c, 45391, None)
[2024-10-27T21:17:25.417+0000] {spark_submit.py:634} INFO - 24/10/27 21:17:25 INFO BlockManager: Initialized BlockManager: BlockManagerId(driver, 1a0025c3565c, 45391, None)
[2024-10-27T21:17:25.741+0000] {spark_submit.py:634} INFO - 24/10/27 21:17:25 INFO SharedState: Setting hive.metastore.warehouse.dir ('null') to the value of spark.sql.warehouse.dir.
[2024-10-27T21:17:25.743+0000] {spark_submit.py:634} INFO - 24/10/27 21:17:25 INFO SharedState: Warehouse path is 'file:/opt/***/spark-warehouse'.
[2024-10-27T21:17:26.809+0000] {spark_submit.py:634} INFO - Traceback (most recent call last):
[2024-10-27T21:17:26.810+0000] {spark_submit.py:634} INFO - File "/opt/bitnami/spark/src/scripts_spark/LoadFileToDB.py", line 59, in <module>
[2024-10-27T21:17:26.812+0000] {spark_submit.py:634} INFO - df_processador = spark.read.parquet(local_path)
[2024-10-27T21:17:26.812+0000] {spark_submit.py:634} INFO - ^^^^^^^^^^^^^^^^^^^^^^^^^^^^^^
[2024-10-27T21:17:26.813+0000] {spark_submit.py:634} INFO - File "/home/***/.local/lib/python3.12/site-packages/pyspark/python/lib/pyspark.zip/pyspark/sql/readwriter.py", line 544, in parquet
[2024-10-27T21:17:26.813+0000] {spark_submit.py:634} INFO - File "/home/***/.local/lib/python3.12/site-packages/pyspark/python/lib/py4j-0.10.9.7-src.zip/py4j/java_gateway.py", line 1322, in __call__
[2024-10-27T21:17:26.814+0000] {spark_submit.py:634} INFO - File "/home/***/.local/lib/python3.12/site-packages/pyspark/python/lib/pyspark.zip/pyspark/errors/exceptions/captured.py", line 185, in deco
[2024-10-27T21:17:26.820+0000] {spark_submit.py:634} INFO - pyspark.errors.exceptions.captured.AnalysisException: [PATH_NOT_FOUND] Path does not exist: file:/opt/***/datalake/silverzone/*_2024-10-27/processador_k.parquet.
[2024-10-27T21:17:26.859+0000] {spark_submit.py:634} INFO - 24/10/27 21:17:26 INFO SparkContext: Invoking stop() from shutdown hook
[2024-10-27T21:17:26.860+0000] {spark_submit.py:634} INFO - 24/10/27 21:17:26 INFO SparkContext: SparkContext is stopping with exitCode 0.
[2024-10-27T21:17:26.868+0000] {spark_submit.py:634} INFO - 24/10/27 21:17:26 INFO SparkUI: Stopped Spark web UI at http://1a0025c3565c:4040
[2024-10-27T21:17:26.878+0000] {spark_submit.py:634} INFO - 24/10/27 21:17:26 INFO MapOutputTrackerMasterEndpoint: MapOutputTrackerMasterEndpoint stopped!
[2024-10-27T21:17:26.886+0000] {spark_submit.py:634} INFO - 24/10/27 21:17:26 INFO MemoryStore: MemoryStore cleared
[2024-10-27T21:17:26.887+0000] {spark_submit.py:634} INFO - 24/10/27 21:17:26 INFO BlockManager: BlockManager stopped
[2024-10-27T21:17:26.891+0000] {spark_submit.py:634} INFO - 24/10/27 21:17:26 INFO BlockManagerMaster: BlockManagerMaster stopped
[2024-10-27T21:17:26.893+0000] {spark_submit.py:634} INFO - 24/10/27 21:17:26 INFO OutputCommitCoordinator$OutputCommitCoordinatorEndpoint: OutputCommitCoordinator stopped!
[2024-10-27T21:17:26.899+0000] {spark_submit.py:634} INFO - 24/10/27 21:17:26 INFO SparkContext: Successfully stopped SparkContext
[2024-10-27T21:17:26.899+0000] {spark_submit.py:634} INFO - 24/10/27 21:17:26 INFO ShutdownHookManager: Shutdown hook called
[2024-10-27T21:17:26.900+0000] {spark_submit.py:634} INFO - 24/10/27 21:17:26 INFO ShutdownHookManager: Deleting directory /tmp/spark-4b937995-7a64-4658-8044-f1987adec412
[2024-10-27T21:17:26.903+0000] {spark_submit.py:634} INFO - 24/10/27 21:17:26 INFO ShutdownHookManager: Deleting directory /tmp/spark-7d8f76a5-a29e-428c-b651-4df6b4203540
[2024-10-27T21:17:26.907+0000] {spark_submit.py:634} INFO - 24/10/27 21:17:26 INFO ShutdownHookManager: Deleting directory /tmp/spark-4b937995-7a64-4658-8044-f1987adec412/pyspark-a91831b7-9885-461e-95f8-019aaf7032ad
[2024-10-27T21:17:26.956+0000] {taskinstance.py:3310} ERROR - Task failed with exception
Traceback (most recent call last):
  File "/home/airflow/.local/lib/python3.12/site-packages/airflow/models/taskinstance.py", line 767, in _execute_task
    result = _execute_callable(context=context, **execute_callable_kwargs)
             ^^^^^^^^^^^^^^^^^^^^^^^^^^^^^^^^^^^^^^^^^^^^^^^^^^^^^^^^^^^^^
  File "/home/airflow/.local/lib/python3.12/site-packages/airflow/models/taskinstance.py", line 733, in _execute_callable
    return ExecutionCallableRunner(
           ^^^^^^^^^^^^^^^^^^^^^^^^
  File "/home/airflow/.local/lib/python3.12/site-packages/airflow/utils/operator_helpers.py", line 252, in run
    return self.func(*args, **kwargs)
           ^^^^^^^^^^^^^^^^^^^^^^^^^^
  File "/home/airflow/.local/lib/python3.12/site-packages/airflow/models/baseoperator.py", line 406, in wrapper
    return func(self, *args, **kwargs)
           ^^^^^^^^^^^^^^^^^^^^^^^^^^^
  File "/home/airflow/.local/lib/python3.12/site-packages/airflow/providers/apache/spark/operators/spark_submit.py", line 176, in execute
    self._hook.submit(self.application)
  File "/home/airflow/.local/lib/python3.12/site-packages/airflow/providers/apache/spark/hooks/spark_submit.py", line 560, in submit
    raise AirflowException(
airflow.exceptions.AirflowException: Cannot execute: spark-submit --master spark://spark:7077 --driver-class-path /opt/***/jars/postgresql-42.5.0.jar --jars /opt/***/jars/postgresql-42.5.0.jar --packages org.postgresql:postgresql:42.5.0 --principal *** --name arrow-spark --deploy-mode client /opt/bitnami/spark/src/scripts_spark/LoadFileToDB.py. Error code is: 1.
[2024-10-27T21:17:26.959+0000] {taskinstance.py:1225} INFO - Marking task as FAILED. dag_id=LoadWebScraping, task_id=insert, run_id=manual__2024-10-27T21:17:14.045770+00:00, execution_date=20241027T211714, start_date=20241027T211717, end_date=20241027T211726
[2024-10-27T21:17:26.971+0000] {taskinstance.py:340} INFO - ::group::Post task execution logs
[2024-10-27T21:17:26.972+0000] {standard_task_runner.py:124} ERROR - Failed to execute job 8 for task insert (Cannot execute: spark-submit --master spark://spark:7077 --driver-class-path /opt/***/jars/postgresql-42.5.0.jar --jars /opt/***/jars/postgresql-42.5.0.jar --packages org.postgresql:postgresql:42.5.0 --principal *** --name arrow-spark --deploy-mode client /opt/bitnami/spark/src/scripts_spark/LoadFileToDB.py. Error code is: 1.; 477)
Traceback (most recent call last):
  File "/home/airflow/.local/lib/python3.12/site-packages/airflow/task/task_runner/standard_task_runner.py", line 117, in _start_by_fork
    ret = args.func(args, dag=self.dag)
          ^^^^^^^^^^^^^^^^^^^^^^^^^^^^^
  File "/home/airflow/.local/lib/python3.12/site-packages/airflow/cli/cli_config.py", line 49, in command
    return func(*args, **kwargs)
           ^^^^^^^^^^^^^^^^^^^^^
  File "/home/airflow/.local/lib/python3.12/site-packages/airflow/utils/cli.py", line 115, in wrapper
    return f(*args, **kwargs)
           ^^^^^^^^^^^^^^^^^^
  File "/home/airflow/.local/lib/python3.12/site-packages/airflow/cli/commands/task_command.py", line 483, in task_run
    task_return_code = _run_task_by_selected_method(args, _dag, ti)
                       ^^^^^^^^^^^^^^^^^^^^^^^^^^^^^^^^^^^^^^^^^^^^
  File "/home/airflow/.local/lib/python3.12/site-packages/airflow/cli/commands/task_command.py", line 256, in _run_task_by_selected_method
    return _run_raw_task(args, ti)
           ^^^^^^^^^^^^^^^^^^^^^^^
  File "/home/airflow/.local/lib/python3.12/site-packages/airflow/cli/commands/task_command.py", line 341, in _run_raw_task
    return ti._run_raw_task(
           ^^^^^^^^^^^^^^^^^
  File "/home/airflow/.local/lib/python3.12/site-packages/airflow/utils/session.py", line 97, in wrapper
    return func(*args, session=session, **kwargs)
           ^^^^^^^^^^^^^^^^^^^^^^^^^^^^^^^^^^^^^^
  File "/home/airflow/.local/lib/python3.12/site-packages/airflow/models/taskinstance.py", line 3004, in _run_raw_task
    return _run_raw_task(
           ^^^^^^^^^^^^^^
  File "/home/airflow/.local/lib/python3.12/site-packages/airflow/models/taskinstance.py", line 273, in _run_raw_task
    TaskInstance._execute_task_with_callbacks(
  File "/home/airflow/.local/lib/python3.12/site-packages/airflow/models/taskinstance.py", line 3158, in _execute_task_with_callbacks
    result = self._execute_task(context, task_orig)
             ^^^^^^^^^^^^^^^^^^^^^^^^^^^^^^^^^^^^^^
  File "/home/airflow/.local/lib/python3.12/site-packages/airflow/models/taskinstance.py", line 3182, in _execute_task
    return _execute_task(self, context, task_orig)
           ^^^^^^^^^^^^^^^^^^^^^^^^^^^^^^^^^^^^^^^
  File "/home/airflow/.local/lib/python3.12/site-packages/airflow/models/taskinstance.py", line 767, in _execute_task
    result = _execute_callable(context=context, **execute_callable_kwargs)
             ^^^^^^^^^^^^^^^^^^^^^^^^^^^^^^^^^^^^^^^^^^^^^^^^^^^^^^^^^^^^^
  File "/home/airflow/.local/lib/python3.12/site-packages/airflow/models/taskinstance.py", line 733, in _execute_callable
    return ExecutionCallableRunner(
           ^^^^^^^^^^^^^^^^^^^^^^^^
  File "/home/airflow/.local/lib/python3.12/site-packages/airflow/utils/operator_helpers.py", line 252, in run
    return self.func(*args, **kwargs)
           ^^^^^^^^^^^^^^^^^^^^^^^^^^
  File "/home/airflow/.local/lib/python3.12/site-packages/airflow/models/baseoperator.py", line 406, in wrapper
    return func(self, *args, **kwargs)
           ^^^^^^^^^^^^^^^^^^^^^^^^^^^
  File "/home/airflow/.local/lib/python3.12/site-packages/airflow/providers/apache/spark/operators/spark_submit.py", line 176, in execute
    self._hook.submit(self.application)
  File "/home/airflow/.local/lib/python3.12/site-packages/airflow/providers/apache/spark/hooks/spark_submit.py", line 560, in submit
    raise AirflowException(
airflow.exceptions.AirflowException: Cannot execute: spark-submit --master spark://spark:7077 --driver-class-path /opt/***/jars/postgresql-42.5.0.jar --jars /opt/***/jars/postgresql-42.5.0.jar --packages org.postgresql:postgresql:42.5.0 --principal *** --name arrow-spark --deploy-mode client /opt/bitnami/spark/src/scripts_spark/LoadFileToDB.py. Error code is: 1.
[2024-10-27T21:17:27.017+0000] {local_task_job_runner.py:266} INFO - Task exited with return code 1
[2024-10-27T21:17:27.030+0000] {taskinstance.py:3900} INFO - 0 downstream tasks scheduled from follow-on schedule check
[2024-10-27T21:17:27.034+0000] {local_task_job_runner.py:245} INFO - ::endgroup::
