[2024-11-02T12:40:54.686+0000] {local_task_job_runner.py:123} INFO - ::group::Pre task execution logs
[2024-11-02T12:40:54.701+0000] {taskinstance.py:2612} INFO - Dependencies all met for dep_context=non-requeueable deps ti=<TaskInstance: pipeline_webscraping.Check_for_file_pichau manual__2024-11-02T12:33:52.785370+00:00 [queued]>
[2024-11-02T12:40:54.710+0000] {taskinstance.py:2612} INFO - Dependencies all met for dep_context=requeueable deps ti=<TaskInstance: pipeline_webscraping.Check_for_file_pichau manual__2024-11-02T12:33:52.785370+00:00 [queued]>
[2024-11-02T12:40:54.710+0000] {taskinstance.py:2865} INFO - Starting attempt 1 of 1
[2024-11-02T12:40:54.724+0000] {taskinstance.py:2888} INFO - Executing <Task(OperatorFileSensor): Check_for_file_pichau> on 2024-11-02 12:33:52.785370+00:00
[2024-11-02T12:40:54.731+0000] {warnings.py:112} WARNING - /home/***/.local/lib/python3.12/site-packages/***/task/task_runner/standard_task_runner.py:70: DeprecationWarning: This process (pid=7869) is multi-threaded, use of fork() may lead to deadlocks in the child.
  pid = os.fork()

[2024-11-02T12:40:54.733+0000] {standard_task_runner.py:72} INFO - Started process 7873 to run task
[2024-11-02T12:40:54.734+0000] {standard_task_runner.py:104} INFO - Running: ['***', 'tasks', 'run', 'pipeline_webscraping', 'Check_for_file_pichau', 'manual__2024-11-02T12:33:52.785370+00:00', '--job-id', '195', '--raw', '--subdir', 'DAGS_FOLDER/DagWebScraping.py', '--cfg-path', '/tmp/tmpj8wnsjj7']
[2024-11-02T12:40:54.736+0000] {standard_task_runner.py:105} INFO - Job 195: Subtask Check_for_file_pichau
[2024-11-02T12:40:54.781+0000] {task_command.py:467} INFO - Running <TaskInstance: pipeline_webscraping.Check_for_file_pichau manual__2024-11-02T12:33:52.785370+00:00 [running]> on host c9f99735a600
[2024-11-02T12:40:54.854+0000] {taskinstance.py:3131} INFO - Exporting env vars: AIRFLOW_CTX_DAG_OWNER='***' AIRFLOW_CTX_DAG_ID='pipeline_webscraping' AIRFLOW_CTX_TASK_ID='Check_for_file_pichau' AIRFLOW_CTX_EXECUTION_DATE='2024-11-02T12:33:52.785370+00:00' AIRFLOW_CTX_TRY_NUMBER='1' AIRFLOW_CTX_DAG_RUN_ID='manual__2024-11-02T12:33:52.785370+00:00'
[2024-11-02T12:40:54.855+0000] {taskinstance.py:731} INFO - ::endgroup::
[2024-11-02T12:40:54.869+0000] {baseoperator.py:405} WARNING - OperatorFileSensor.execute cannot be called outside TaskInstance!
[2024-11-02T12:40:54.885+0000] {base.py:84} INFO - Retrieving connection 's3_connect'
[2024-11-02T12:40:54.886+0000] {connection_wrapper.py:388} INFO - AWS Connection (conn_id='s3_connect', conn_type='aws') credentials retrieved from login and password.
[2024-11-02T12:40:55.558+0000] {logging_mixin.py:190} INFO - pichau
[2024-11-02T12:40:55.558+0000] {logging_mixin.py:190} INFO - ['pichau/pichau_2024-11-02/dim_categoria.parquet/_SUCCESS', 'pichau/pichau_2024-11-02/dim_categoria.parquet/part-00000-2eef6db3-e7cb-42f5-8277-7151976364e1-c000.snappy.parquet', 'pichau/pichau_2024-11-02/dim_marca.parquet/_SUCCESS', 'pichau/pichau_2024-11-02/dim_marca.parquet/part-00000-b5d09766-8ace-4d86-929a-55fcaeaac054-c000.snappy.parquet', 'pichau/pichau_2024-11-02/dim_site.parquet/_SUCCESS', 'pichau/pichau_2024-11-02/dim_site.parquet/part-00000-ad3d35c7-d389-4f87-9557-2f4d47abec44-c000.snappy.parquet', 'pichau/pichau_2024-11-02/dim_site.parquet/part-00002-ad3d35c7-d389-4f87-9557-2f4d47abec44-c000.snappy.parquet', 'pichau/pichau_2024-11-02/dim_site.parquet/part-00005-ad3d35c7-d389-4f87-9557-2f4d47abec44-c000.snappy.parquet', 'pichau/pichau_2024-11-02/memoria_k.parquet/_SUCCESS', 'pichau/pichau_2024-11-02/memoria_k.parquet/part-00000-141d996e-bb30-4934-810c-133492426e1b-c000.snappy.parquet', 'pichau/pichau_2024-11-02/placa_mae.parquet/_SUCCESS', 'pichau/pichau_2024-11-02/placa_mae.parquet/part-00000-a85d7c8c-06ac-4127-9d9c-e53225323832-c000.snappy.parquet', 'pichau/pichau_2024-11-02/placa_video_k.parquet/_SUCCESS', 'pichau/pichau_2024-11-02/placa_video_k.parquet/part-00000-2d88295f-e3e7-4058-9f4a-17d3d7d8f235-c000.snappy.parquet', 'pichau/pichau_2024-11-02/processador_k.parquet/_SUCCESS', 'pichau/pichau_2024-11-02/processador_k.parquet/part-00000-6420ef87-ef61-4ec2-bb59-16e138832e4e-c000.snappy.parquet']
[2024-11-02T12:40:55.584+0000] {base.py:336} INFO - Success criteria met. Exiting.
[2024-11-02T12:40:55.597+0000] {base.py:84} INFO - Retrieving connection 's3_connect'
[2024-11-02T12:40:55.598+0000] {connection_wrapper.py:388} INFO - AWS Connection (conn_id='s3_connect', conn_type='aws') credentials retrieved from login and password.
[2024-11-02T12:40:55.769+0000] {logging_mixin.py:190} INFO - pichau
[2024-11-02T12:40:55.769+0000] {logging_mixin.py:190} INFO - ['pichau/pichau_2024-11-02/dim_categoria.parquet/_SUCCESS', 'pichau/pichau_2024-11-02/dim_categoria.parquet/part-00000-2eef6db3-e7cb-42f5-8277-7151976364e1-c000.snappy.parquet', 'pichau/pichau_2024-11-02/dim_marca.parquet/_SUCCESS', 'pichau/pichau_2024-11-02/dim_marca.parquet/part-00000-b5d09766-8ace-4d86-929a-55fcaeaac054-c000.snappy.parquet', 'pichau/pichau_2024-11-02/dim_site.parquet/_SUCCESS', 'pichau/pichau_2024-11-02/dim_site.parquet/part-00000-ad3d35c7-d389-4f87-9557-2f4d47abec44-c000.snappy.parquet', 'pichau/pichau_2024-11-02/dim_site.parquet/part-00002-ad3d35c7-d389-4f87-9557-2f4d47abec44-c000.snappy.parquet', 'pichau/pichau_2024-11-02/dim_site.parquet/part-00005-ad3d35c7-d389-4f87-9557-2f4d47abec44-c000.snappy.parquet', 'pichau/pichau_2024-11-02/memoria_k.parquet/_SUCCESS', 'pichau/pichau_2024-11-02/memoria_k.parquet/part-00000-141d996e-bb30-4934-810c-133492426e1b-c000.snappy.parquet', 'pichau/pichau_2024-11-02/placa_mae.parquet/_SUCCESS', 'pichau/pichau_2024-11-02/placa_mae.parquet/part-00000-a85d7c8c-06ac-4127-9d9c-e53225323832-c000.snappy.parquet', 'pichau/pichau_2024-11-02/placa_video_k.parquet/_SUCCESS', 'pichau/pichau_2024-11-02/placa_video_k.parquet/part-00000-2d88295f-e3e7-4058-9f4a-17d3d7d8f235-c000.snappy.parquet', 'pichau/pichau_2024-11-02/processador_k.parquet/_SUCCESS', 'pichau/pichau_2024-11-02/processador_k.parquet/part-00000-6420ef87-ef61-4ec2-bb59-16e138832e4e-c000.snappy.parquet']
[2024-11-02T12:40:55.789+0000] {taskinstance.py:340} INFO - ::group::Post task execution logs
[2024-11-02T12:40:55.790+0000] {taskinstance.py:352} INFO - Marking task as SUCCESS. dag_id=pipeline_webscraping, task_id=Check_for_file_pichau, run_id=manual__2024-11-02T12:33:52.785370+00:00, execution_date=20241102T123352, start_date=20241102T124054, end_date=20241102T124055
[2024-11-02T12:40:55.831+0000] {local_task_job_runner.py:266} INFO - Task exited with return code 0
[2024-11-02T12:40:55.856+0000] {taskinstance.py:3900} INFO - 0 downstream tasks scheduled from follow-on schedule check
[2024-11-02T12:40:55.861+0000] {local_task_job_runner.py:245} INFO - ::endgroup::
