[2024-09-26T00:00:00.923+0000] {local_task_job_runner.py:123} INFO - ::group::Pre task execution logs
[2024-09-26T00:00:00.940+0000] {taskinstance.py:2612} INFO - Dependencies all met for dep_context=non-requeueable deps ti=<TaskInstance: spark_job_dag.submit_spark_job scheduled__2024-09-25T00:00:00+00:00 [queued]>
[2024-09-26T00:00:00.948+0000] {taskinstance.py:2612} INFO - Dependencies all met for dep_context=requeueable deps ti=<TaskInstance: spark_job_dag.submit_spark_job scheduled__2024-09-25T00:00:00+00:00 [queued]>
[2024-09-26T00:00:00.949+0000] {taskinstance.py:2865} INFO - Starting attempt 1 of 2
[2024-09-26T00:00:00.964+0000] {taskinstance.py:2888} INFO - Executing <Task(SparkSubmitOperator): submit_spark_job> on 2024-09-25 00:00:00+00:00
[2024-09-26T00:00:00.968+0000] {warnings.py:112} WARNING - /home/***/.local/lib/python3.12/site-packages/***/task/task_runner/standard_task_runner.py:70: DeprecationWarning: This process (pid=4862) is multi-threaded, use of fork() may lead to deadlocks in the child.
  pid = os.fork()

[2024-09-26T00:00:00.970+0000] {standard_task_runner.py:72} INFO - Started process 4863 to run task
[2024-09-26T00:00:00.971+0000] {standard_task_runner.py:104} INFO - Running: ['***', 'tasks', 'run', 'spark_job_dag', 'submit_spark_job', 'scheduled__2024-09-25T00:00:00+00:00', '--job-id', '127', '--raw', '--subdir', 'DAGS_FOLDER/jobsSpark.py', '--cfg-path', '/tmp/tmphb5y6e44']
[2024-09-26T00:00:00.972+0000] {standard_task_runner.py:105} INFO - Job 127: Subtask submit_spark_job
[2024-09-26T00:00:01.022+0000] {task_command.py:467} INFO - Running <TaskInstance: spark_job_dag.submit_spark_job scheduled__2024-09-25T00:00:00+00:00 [running]> on host ede4b72e87e0
[2024-09-26T00:00:01.181+0000] {taskinstance.py:3131} INFO - Exporting env vars: AIRFLOW_CTX_DAG_OWNER='***' AIRFLOW_CTX_DAG_ID='spark_job_dag' AIRFLOW_CTX_TASK_ID='submit_spark_job' AIRFLOW_CTX_EXECUTION_DATE='2024-09-25T00:00:00+00:00' AIRFLOW_CTX_TRY_NUMBER='1' AIRFLOW_CTX_DAG_RUN_ID='scheduled__2024-09-25T00:00:00+00:00'
[2024-09-26T00:00:01.186+0000] {taskinstance.py:731} INFO - ::endgroup::
[2024-09-26T00:00:01.225+0000] {base.py:84} INFO - Retrieving connection 'spark_default'
[2024-09-26T00:00:01.228+0000] {spark_submit.py:403} INFO - Spark-Submit cmd: spark-submit --master spark://spark:7077 --num-executors 2 --executor-memory 1G --driver-memory 512M --name arrow-spark --deploy-mode client /opt/bitnami/spark/dags/my_spark_app.py
[2024-09-26T00:00:04.158+0000] {spark_submit.py:579} INFO - 24/09/26 00:00:04 INFO SparkContext: Running Spark version 3.5.2
[2024-09-26T00:00:04.160+0000] {spark_submit.py:579} INFO - 24/09/26 00:00:04 INFO SparkContext: OS info Linux, 5.15.153.1-microsoft-standard-WSL2, amd64
[2024-09-26T00:00:04.161+0000] {spark_submit.py:579} INFO - 24/09/26 00:00:04 INFO SparkContext: Java version 17.0.12
[2024-09-26T00:00:04.203+0000] {spark_submit.py:579} INFO - 24/09/26 00:00:04 WARN NativeCodeLoader: Unable to load native-hadoop library for your platform... using builtin-java classes where applicable
[2024-09-26T00:00:04.279+0000] {spark_submit.py:579} INFO - 24/09/26 00:00:04 INFO ResourceUtils: ==============================================================
[2024-09-26T00:00:04.280+0000] {spark_submit.py:579} INFO - 24/09/26 00:00:04 INFO ResourceUtils: No custom resources configured for spark.driver.
[2024-09-26T00:00:04.280+0000] {spark_submit.py:579} INFO - 24/09/26 00:00:04 INFO ResourceUtils: ==============================================================
[2024-09-26T00:00:04.281+0000] {spark_submit.py:579} INFO - 24/09/26 00:00:04 INFO SparkContext: Submitted application: Airflow Spark Example
[2024-09-26T00:00:04.301+0000] {spark_submit.py:579} INFO - 24/09/26 00:00:04 INFO ResourceProfile: Default ResourceProfile created, executor resources: Map(memory -> name: memory, amount: 1024, script: , vendor: , offHeap -> name: offHeap, amount: 0, script: , vendor: ), task resources: Map(cpus -> name: cpus, amount: 1.0)
[2024-09-26T00:00:04.309+0000] {spark_submit.py:579} INFO - 24/09/26 00:00:04 INFO ResourceProfile: Limiting resource is cpu
[2024-09-26T00:00:04.310+0000] {spark_submit.py:579} INFO - 24/09/26 00:00:04 INFO ResourceProfileManager: Added ResourceProfile id: 0
[2024-09-26T00:00:04.354+0000] {spark_submit.py:579} INFO - 24/09/26 00:00:04 INFO SecurityManager: Changing view acls to: ***
[2024-09-26T00:00:04.354+0000] {spark_submit.py:579} INFO - 24/09/26 00:00:04 INFO SecurityManager: Changing modify acls to: ***
[2024-09-26T00:00:04.355+0000] {spark_submit.py:579} INFO - 24/09/26 00:00:04 INFO SecurityManager: Changing view acls groups to:
[2024-09-26T00:00:04.357+0000] {spark_submit.py:579} INFO - 24/09/26 00:00:04 INFO SecurityManager: Changing modify acls groups to:
[2024-09-26T00:00:04.357+0000] {spark_submit.py:579} INFO - 24/09/26 00:00:04 INFO SecurityManager: SecurityManager: authentication disabled; ui acls disabled; users with view permissions: ***; groups with view permissions: EMPTY; users with modify permissions: ***; groups with modify permissions: EMPTY
[2024-09-26T00:00:04.541+0000] {spark_submit.py:579} INFO - 24/09/26 00:00:04 INFO Utils: Successfully started service 'sparkDriver' on port 44855.
[2024-09-26T00:00:04.570+0000] {spark_submit.py:579} INFO - 24/09/26 00:00:04 INFO SparkEnv: Registering MapOutputTracker
[2024-09-26T00:00:04.600+0000] {spark_submit.py:579} INFO - 24/09/26 00:00:04 INFO SparkEnv: Registering BlockManagerMaster
[2024-09-26T00:00:04.614+0000] {spark_submit.py:579} INFO - 24/09/26 00:00:04 INFO BlockManagerMasterEndpoint: Using org.apache.spark.storage.DefaultTopologyMapper for getting topology information
[2024-09-26T00:00:04.615+0000] {spark_submit.py:579} INFO - 24/09/26 00:00:04 INFO BlockManagerMasterEndpoint: BlockManagerMasterEndpoint up
[2024-09-26T00:00:04.618+0000] {spark_submit.py:579} INFO - 24/09/26 00:00:04 INFO SparkEnv: Registering BlockManagerMasterHeartbeat
[2024-09-26T00:00:04.638+0000] {spark_submit.py:579} INFO - 24/09/26 00:00:04 INFO DiskBlockManager: Created local directory at /tmp/blockmgr-830dc205-3e78-40a3-8360-49c24572884e
[2024-09-26T00:00:04.651+0000] {spark_submit.py:579} INFO - 24/09/26 00:00:04 INFO MemoryStore: MemoryStore started with capacity 127.2 MiB
[2024-09-26T00:00:04.667+0000] {spark_submit.py:579} INFO - 24/09/26 00:00:04 INFO SparkEnv: Registering OutputCommitCoordinator
[2024-09-26T00:00:04.779+0000] {spark_submit.py:579} INFO - 24/09/26 00:00:04 INFO JettyUtils: Start Jetty 0.0.0.0:4040 for SparkUI
[2024-09-26T00:00:04.853+0000] {spark_submit.py:579} INFO - 24/09/26 00:00:04 INFO Utils: Successfully started service 'SparkUI' on port 4040.
[2024-09-26T00:00:04.974+0000] {spark_submit.py:579} INFO - 24/09/26 00:00:04 INFO StandaloneAppClient$ClientEndpoint: Connecting to master spark://spark:7077...
[2024-09-26T00:00:05.019+0000] {spark_submit.py:579} INFO - 24/09/26 00:00:05 INFO TransportClientFactory: Successfully created connection to spark/172.18.0.5:7077 after 26 ms (0 ms spent in bootstraps)
[2024-09-26T00:00:05.109+0000] {spark_submit.py:579} INFO - 24/09/26 00:00:05 INFO StandaloneSchedulerBackend: Connected to Spark cluster with app ID app-20240926000005-0020
[2024-09-26T00:00:05.112+0000] {spark_submit.py:579} INFO - 24/09/26 00:00:05 INFO StandaloneAppClient$ClientEndpoint: Executor added: app-20240926000005-0020/0 on worker-20240925215139-172.18.0.4-45621 (172.18.0.4:45621) with 6 core(s)
[2024-09-26T00:00:05.114+0000] {spark_submit.py:579} INFO - 24/09/26 00:00:05 INFO StandaloneSchedulerBackend: Granted executor ID app-20240926000005-0020/0 on hostPort 172.18.0.4:45621 with 6 core(s), 1024.0 MiB RAM
[2024-09-26T00:00:05.120+0000] {spark_submit.py:579} INFO - 24/09/26 00:00:05 INFO Utils: Successfully started service 'org.apache.spark.network.netty.NettyBlockTransferService' on port 43369.
[2024-09-26T00:00:05.121+0000] {spark_submit.py:579} INFO - 24/09/26 00:00:05 INFO NettyBlockTransferService: Server created on ede4b72e87e0:43369
[2024-09-26T00:00:05.128+0000] {spark_submit.py:579} INFO - 24/09/26 00:00:05 INFO BlockManager: Using org.apache.spark.storage.RandomBlockReplicationPolicy for block replication policy
[2024-09-26T00:00:05.135+0000] {spark_submit.py:579} INFO - 24/09/26 00:00:05 INFO BlockManagerMaster: Registering BlockManager BlockManagerId(driver, ede4b72e87e0, 43369, None)
[2024-09-26T00:00:05.138+0000] {spark_submit.py:579} INFO - 24/09/26 00:00:05 INFO BlockManagerMasterEndpoint: Registering block manager ede4b72e87e0:43369 with 127.2 MiB RAM, BlockManagerId(driver, ede4b72e87e0, 43369, None)
[2024-09-26T00:00:05.141+0000] {spark_submit.py:579} INFO - 24/09/26 00:00:05 INFO BlockManagerMaster: Registered BlockManager BlockManagerId(driver, ede4b72e87e0, 43369, None)
[2024-09-26T00:00:05.144+0000] {spark_submit.py:579} INFO - 24/09/26 00:00:05 INFO BlockManager: Initialized BlockManager: BlockManagerId(driver, ede4b72e87e0, 43369, None)
[2024-09-26T00:00:05.155+0000] {spark_submit.py:579} INFO - 24/09/26 00:00:05 INFO StandaloneAppClient$ClientEndpoint: Executor updated: app-20240926000005-0020/0 is now RUNNING
[2024-09-26T00:00:05.405+0000] {spark_submit.py:579} INFO - 24/09/26 00:00:05 INFO StandaloneSchedulerBackend: SchedulerBackend is ready for scheduling beginning after reached minRegisteredResourcesRatio: 0.0
[2024-09-26T00:00:05.609+0000] {spark_submit.py:579} INFO - Traceback (most recent call last):
[2024-09-26T00:00:05.611+0000] {spark_submit.py:579} INFO - File "/opt/bitnami/spark/dags/my_spark_app.py", line 103, in <module>
[2024-09-26T00:00:05.630+0000] {spark_submit.py:579} INFO - teste=os.listdir('datalake/rawzone/kabum=2024-09-23/data.json')
[2024-09-26T00:00:05.631+0000] {spark_submit.py:579} INFO - ^^^^^^^^^^^^^^^^^^^^^^^^^^^^^^^^^^^^^^^^^^^^^^^^^^^^^^^^^
[2024-09-26T00:00:05.635+0000] {spark_submit.py:579} INFO - NotADirectoryError: [Errno 20] Not a directory: 'datalake/rawzone/kabum=2024-09-23/data.json'
[2024-09-26T00:00:05.691+0000] {spark_submit.py:579} INFO - 24/09/26 00:00:05 INFO SparkContext: Invoking stop() from shutdown hook
[2024-09-26T00:00:05.692+0000] {spark_submit.py:579} INFO - 24/09/26 00:00:05 INFO SparkContext: SparkContext is stopping with exitCode 0.
[2024-09-26T00:00:05.702+0000] {spark_submit.py:579} INFO - 24/09/26 00:00:05 INFO SparkUI: Stopped Spark web UI at http://ede4b72e87e0:4040
[2024-09-26T00:00:05.711+0000] {spark_submit.py:579} INFO - 24/09/26 00:00:05 INFO StandaloneSchedulerBackend: Shutting down all executors
[2024-09-26T00:00:05.714+0000] {spark_submit.py:579} INFO - 24/09/26 00:00:05 INFO StandaloneSchedulerBackend$StandaloneDriverEndpoint: Asking each executor to shut down
[2024-09-26T00:00:05.743+0000] {spark_submit.py:579} INFO - 24/09/26 00:00:05 INFO MapOutputTrackerMasterEndpoint: MapOutputTrackerMasterEndpoint stopped!
[2024-09-26T00:00:05.777+0000] {spark_submit.py:579} INFO - 24/09/26 00:00:05 INFO MemoryStore: MemoryStore cleared
[2024-09-26T00:00:05.778+0000] {spark_submit.py:579} INFO - 24/09/26 00:00:05 INFO BlockManager: BlockManager stopped
[2024-09-26T00:00:05.783+0000] {spark_submit.py:579} INFO - 24/09/26 00:00:05 INFO BlockManagerMaster: BlockManagerMaster stopped
[2024-09-26T00:00:05.785+0000] {spark_submit.py:579} INFO - 24/09/26 00:00:05 INFO OutputCommitCoordinator$OutputCommitCoordinatorEndpoint: OutputCommitCoordinator stopped!
[2024-09-26T00:00:05.797+0000] {spark_submit.py:579} INFO - 24/09/26 00:00:05 INFO SparkContext: Successfully stopped SparkContext
[2024-09-26T00:00:05.798+0000] {spark_submit.py:579} INFO - 24/09/26 00:00:05 INFO ShutdownHookManager: Shutdown hook called
[2024-09-26T00:00:05.799+0000] {spark_submit.py:579} INFO - 24/09/26 00:00:05 INFO ShutdownHookManager: Deleting directory /tmp/spark-ed04e0c9-c6fe-474b-9e8f-de4863a37dc8
[2024-09-26T00:00:05.804+0000] {spark_submit.py:579} INFO - 24/09/26 00:00:05 INFO ShutdownHookManager: Deleting directory /tmp/spark-ed04e0c9-c6fe-474b-9e8f-de4863a37dc8/pyspark-eb6ae17f-b4c6-49b6-bfda-4f2be76550be
[2024-09-26T00:00:05.809+0000] {spark_submit.py:579} INFO - 24/09/26 00:00:05 INFO ShutdownHookManager: Deleting directory /tmp/spark-b8cd2d7f-08c9-4a15-823a-16c835b57401
[2024-09-26T00:00:05.848+0000] {taskinstance.py:3310} ERROR - Task failed with exception
Traceback (most recent call last):
  File "/home/airflow/.local/lib/python3.12/site-packages/airflow/models/taskinstance.py", line 767, in _execute_task
    result = _execute_callable(context=context, **execute_callable_kwargs)
             ^^^^^^^^^^^^^^^^^^^^^^^^^^^^^^^^^^^^^^^^^^^^^^^^^^^^^^^^^^^^^
  File "/home/airflow/.local/lib/python3.12/site-packages/airflow/models/taskinstance.py", line 733, in _execute_callable
    return ExecutionCallableRunner(
           ^^^^^^^^^^^^^^^^^^^^^^^^
  File "/home/airflow/.local/lib/python3.12/site-packages/airflow/utils/operator_helpers.py", line 252, in run
    return self.func(*args, **kwargs)
           ^^^^^^^^^^^^^^^^^^^^^^^^^^
  File "/home/airflow/.local/lib/python3.12/site-packages/airflow/models/baseoperator.py", line 406, in wrapper
    return func(self, *args, **kwargs)
           ^^^^^^^^^^^^^^^^^^^^^^^^^^^
  File "/home/airflow/.local/lib/python3.12/site-packages/airflow/providers/apache/spark/operators/spark_submit.py", line 174, in execute
    self._hook.submit(self.application)
  File "/home/airflow/.local/lib/python3.12/site-packages/airflow/providers/apache/spark/hooks/spark_submit.py", line 505, in submit
    raise AirflowException(
airflow.exceptions.AirflowException: Cannot execute: spark-submit --master spark://spark:7077 --num-executors 2 --executor-memory 1G --driver-memory 512M --name arrow-spark --deploy-mode client /opt/bitnami/spark/dags/my_spark_app.py. Error code is: 1.
[2024-09-26T00:00:05.856+0000] {taskinstance.py:1225} INFO - Marking task as UP_FOR_RETRY. dag_id=spark_job_dag, task_id=submit_spark_job, run_id=scheduled__2024-09-25T00:00:00+00:00, execution_date=20240925T000000, start_date=20240926T000000, end_date=20240926T000005
[2024-09-26T00:00:05.872+0000] {taskinstance.py:340} INFO - ::group::Post task execution logs
[2024-09-26T00:00:05.873+0000] {standard_task_runner.py:124} ERROR - Failed to execute job 127 for task submit_spark_job (Cannot execute: spark-submit --master spark://spark:7077 --num-executors 2 --executor-memory 1G --driver-memory 512M --name arrow-spark --deploy-mode client /opt/bitnami/spark/dags/my_spark_app.py. Error code is: 1.; 4863)
Traceback (most recent call last):
  File "/home/airflow/.local/lib/python3.12/site-packages/airflow/task/task_runner/standard_task_runner.py", line 117, in _start_by_fork
    ret = args.func(args, dag=self.dag)
          ^^^^^^^^^^^^^^^^^^^^^^^^^^^^^
  File "/home/airflow/.local/lib/python3.12/site-packages/airflow/cli/cli_config.py", line 49, in command
    return func(*args, **kwargs)
           ^^^^^^^^^^^^^^^^^^^^^
  File "/home/airflow/.local/lib/python3.12/site-packages/airflow/utils/cli.py", line 115, in wrapper
    return f(*args, **kwargs)
           ^^^^^^^^^^^^^^^^^^
  File "/home/airflow/.local/lib/python3.12/site-packages/airflow/cli/commands/task_command.py", line 483, in task_run
    task_return_code = _run_task_by_selected_method(args, _dag, ti)
                       ^^^^^^^^^^^^^^^^^^^^^^^^^^^^^^^^^^^^^^^^^^^^
  File "/home/airflow/.local/lib/python3.12/site-packages/airflow/cli/commands/task_command.py", line 256, in _run_task_by_selected_method
    return _run_raw_task(args, ti)
           ^^^^^^^^^^^^^^^^^^^^^^^
  File "/home/airflow/.local/lib/python3.12/site-packages/airflow/cli/commands/task_command.py", line 341, in _run_raw_task
    return ti._run_raw_task(
           ^^^^^^^^^^^^^^^^^
  File "/home/airflow/.local/lib/python3.12/site-packages/airflow/utils/session.py", line 97, in wrapper
    return func(*args, session=session, **kwargs)
           ^^^^^^^^^^^^^^^^^^^^^^^^^^^^^^^^^^^^^^
  File "/home/airflow/.local/lib/python3.12/site-packages/airflow/models/taskinstance.py", line 3004, in _run_raw_task
    return _run_raw_task(
           ^^^^^^^^^^^^^^
  File "/home/airflow/.local/lib/python3.12/site-packages/airflow/models/taskinstance.py", line 273, in _run_raw_task
    TaskInstance._execute_task_with_callbacks(
  File "/home/airflow/.local/lib/python3.12/site-packages/airflow/models/taskinstance.py", line 3158, in _execute_task_with_callbacks
    result = self._execute_task(context, task_orig)
             ^^^^^^^^^^^^^^^^^^^^^^^^^^^^^^^^^^^^^^
  File "/home/airflow/.local/lib/python3.12/site-packages/airflow/models/taskinstance.py", line 3182, in _execute_task
    return _execute_task(self, context, task_orig)
           ^^^^^^^^^^^^^^^^^^^^^^^^^^^^^^^^^^^^^^^
  File "/home/airflow/.local/lib/python3.12/site-packages/airflow/models/taskinstance.py", line 767, in _execute_task
    result = _execute_callable(context=context, **execute_callable_kwargs)
             ^^^^^^^^^^^^^^^^^^^^^^^^^^^^^^^^^^^^^^^^^^^^^^^^^^^^^^^^^^^^^
  File "/home/airflow/.local/lib/python3.12/site-packages/airflow/models/taskinstance.py", line 733, in _execute_callable
    return ExecutionCallableRunner(
           ^^^^^^^^^^^^^^^^^^^^^^^^
  File "/home/airflow/.local/lib/python3.12/site-packages/airflow/utils/operator_helpers.py", line 252, in run
    return self.func(*args, **kwargs)
           ^^^^^^^^^^^^^^^^^^^^^^^^^^
  File "/home/airflow/.local/lib/python3.12/site-packages/airflow/models/baseoperator.py", line 406, in wrapper
    return func(self, *args, **kwargs)
           ^^^^^^^^^^^^^^^^^^^^^^^^^^^
  File "/home/airflow/.local/lib/python3.12/site-packages/airflow/providers/apache/spark/operators/spark_submit.py", line 174, in execute
    self._hook.submit(self.application)
  File "/home/airflow/.local/lib/python3.12/site-packages/airflow/providers/apache/spark/hooks/spark_submit.py", line 505, in submit
    raise AirflowException(
airflow.exceptions.AirflowException: Cannot execute: spark-submit --master spark://spark:7077 --num-executors 2 --executor-memory 1G --driver-memory 512M --name arrow-spark --deploy-mode client /opt/bitnami/spark/dags/my_spark_app.py. Error code is: 1.
[2024-09-26T00:00:05.902+0000] {local_task_job_runner.py:266} INFO - Task exited with return code 1
[2024-09-26T00:00:05.920+0000] {taskinstance.py:3900} INFO - 0 downstream tasks scheduled from follow-on schedule check
[2024-09-26T00:00:05.926+0000] {local_task_job_runner.py:245} INFO - ::endgroup::
[2024-09-26T20:25:25.303+0000] {local_task_job_runner.py:123} INFO - ::group::Pre task execution logs
[2024-09-26T20:25:25.319+0000] {taskinstance.py:2612} INFO - Dependencies all met for dep_context=non-requeueable deps ti=<TaskInstance: spark_job_dag.submit_spark_job scheduled__2024-09-25T00:00:00+00:00 [queued]>
[2024-09-26T20:25:25.326+0000] {taskinstance.py:2612} INFO - Dependencies all met for dep_context=requeueable deps ti=<TaskInstance: spark_job_dag.submit_spark_job scheduled__2024-09-25T00:00:00+00:00 [queued]>
[2024-09-26T20:25:25.326+0000] {taskinstance.py:2865} INFO - Starting attempt 1 of 2
[2024-09-26T20:25:25.341+0000] {taskinstance.py:2888} INFO - Executing <Task(SparkSubmitOperator): submit_spark_job> on 2024-09-25 00:00:00+00:00
[2024-09-26T20:25:25.345+0000] {warnings.py:112} WARNING - /home/***/.local/lib/python3.12/site-packages/***/task/task_runner/standard_task_runner.py:70: DeprecationWarning: This process (pid=166) is multi-threaded, use of fork() may lead to deadlocks in the child.
  pid = os.fork()

[2024-09-26T20:25:25.347+0000] {standard_task_runner.py:72} INFO - Started process 167 to run task
[2024-09-26T20:25:25.347+0000] {standard_task_runner.py:104} INFO - Running: ['***', 'tasks', 'run', 'spark_job_dag', 'submit_spark_job', 'scheduled__2024-09-25T00:00:00+00:00', '--job-id', '135', '--raw', '--subdir', 'DAGS_FOLDER/jobsSpark.py', '--cfg-path', '/tmp/tmpdw2a583l']
[2024-09-26T20:25:25.348+0000] {standard_task_runner.py:105} INFO - Job 135: Subtask submit_spark_job
[2024-09-26T20:25:25.392+0000] {task_command.py:467} INFO - Running <TaskInstance: spark_job_dag.submit_spark_job scheduled__2024-09-25T00:00:00+00:00 [running]> on host 4ff41ebff151
[2024-09-26T20:25:25.473+0000] {taskinstance.py:3131} INFO - Exporting env vars: AIRFLOW_CTX_DAG_OWNER='***' AIRFLOW_CTX_DAG_ID='spark_job_dag' AIRFLOW_CTX_TASK_ID='submit_spark_job' AIRFLOW_CTX_EXECUTION_DATE='2024-09-25T00:00:00+00:00' AIRFLOW_CTX_TRY_NUMBER='1' AIRFLOW_CTX_DAG_RUN_ID='scheduled__2024-09-25T00:00:00+00:00'
[2024-09-26T20:25:25.473+0000] {taskinstance.py:731} INFO - ::endgroup::
[2024-09-26T20:25:25.512+0000] {base.py:84} INFO - Retrieving connection 'spark_default'
[2024-09-26T20:25:25.514+0000] {spark_submit.py:403} INFO - Spark-Submit cmd: spark-submit --master spark://spark:7077 --num-executors 2 --executor-memory 1G --driver-memory 512M --name arrow-spark --deploy-mode client /opt/bitnami/spark/dags/my_spark_app.py
[2024-09-26T20:25:28.237+0000] {spark_submit.py:579} INFO - 24/09/26 20:25:28 INFO SparkContext: Running Spark version 3.5.2
[2024-09-26T20:25:28.239+0000] {spark_submit.py:579} INFO - 24/09/26 20:25:28 INFO SparkContext: OS info Linux, 5.15.153.1-microsoft-standard-WSL2, amd64
[2024-09-26T20:25:28.239+0000] {spark_submit.py:579} INFO - 24/09/26 20:25:28 INFO SparkContext: Java version 17.0.12
[2024-09-26T20:25:28.284+0000] {spark_submit.py:579} INFO - 24/09/26 20:25:28 WARN NativeCodeLoader: Unable to load native-hadoop library for your platform... using builtin-java classes where applicable
[2024-09-26T20:25:28.354+0000] {spark_submit.py:579} INFO - 24/09/26 20:25:28 INFO ResourceUtils: ==============================================================
[2024-09-26T20:25:28.354+0000] {spark_submit.py:579} INFO - 24/09/26 20:25:28 INFO ResourceUtils: No custom resources configured for spark.driver.
[2024-09-26T20:25:28.355+0000] {spark_submit.py:579} INFO - 24/09/26 20:25:28 INFO ResourceUtils: ==============================================================
[2024-09-26T20:25:28.355+0000] {spark_submit.py:579} INFO - 24/09/26 20:25:28 INFO SparkContext: Submitted application: Airflow Spark Example
[2024-09-26T20:25:28.371+0000] {spark_submit.py:579} INFO - 24/09/26 20:25:28 INFO ResourceProfile: Default ResourceProfile created, executor resources: Map(memory -> name: memory, amount: 1024, script: , vendor: , offHeap -> name: offHeap, amount: 0, script: , vendor: ), task resources: Map(cpus -> name: cpus, amount: 1.0)
[2024-09-26T20:25:28.379+0000] {spark_submit.py:579} INFO - 24/09/26 20:25:28 INFO ResourceProfile: Limiting resource is cpu
[2024-09-26T20:25:28.379+0000] {spark_submit.py:579} INFO - 24/09/26 20:25:28 INFO ResourceProfileManager: Added ResourceProfile id: 0
[2024-09-26T20:25:28.419+0000] {spark_submit.py:579} INFO - 24/09/26 20:25:28 INFO SecurityManager: Changing view acls to: ***
[2024-09-26T20:25:28.420+0000] {spark_submit.py:579} INFO - 24/09/26 20:25:28 INFO SecurityManager: Changing modify acls to: ***
[2024-09-26T20:25:28.420+0000] {spark_submit.py:579} INFO - 24/09/26 20:25:28 INFO SecurityManager: Changing view acls groups to:
[2024-09-26T20:25:28.421+0000] {spark_submit.py:579} INFO - 24/09/26 20:25:28 INFO SecurityManager: Changing modify acls groups to:
[2024-09-26T20:25:28.421+0000] {spark_submit.py:579} INFO - 24/09/26 20:25:28 INFO SecurityManager: SecurityManager: authentication disabled; ui acls disabled; users with view permissions: ***; groups with view permissions: EMPTY; users with modify permissions: ***; groups with modify permissions: EMPTY
[2024-09-26T20:25:28.607+0000] {spark_submit.py:579} INFO - 24/09/26 20:25:28 INFO Utils: Successfully started service 'sparkDriver' on port 36135.
[2024-09-26T20:25:28.628+0000] {spark_submit.py:579} INFO - 24/09/26 20:25:28 INFO SparkEnv: Registering MapOutputTracker
[2024-09-26T20:25:28.652+0000] {spark_submit.py:579} INFO - 24/09/26 20:25:28 INFO SparkEnv: Registering BlockManagerMaster
[2024-09-26T20:25:28.665+0000] {spark_submit.py:579} INFO - 24/09/26 20:25:28 INFO BlockManagerMasterEndpoint: Using org.apache.spark.storage.DefaultTopologyMapper for getting topology information
[2024-09-26T20:25:28.666+0000] {spark_submit.py:579} INFO - 24/09/26 20:25:28 INFO BlockManagerMasterEndpoint: BlockManagerMasterEndpoint up
[2024-09-26T20:25:28.669+0000] {spark_submit.py:579} INFO - 24/09/26 20:25:28 INFO SparkEnv: Registering BlockManagerMasterHeartbeat
[2024-09-26T20:25:28.693+0000] {spark_submit.py:579} INFO - 24/09/26 20:25:28 INFO DiskBlockManager: Created local directory at /tmp/blockmgr-ef1faa90-9d52-45f7-a2a7-8ba8b68e7fcf
[2024-09-26T20:25:28.704+0000] {spark_submit.py:579} INFO - 24/09/26 20:25:28 INFO MemoryStore: MemoryStore started with capacity 127.2 MiB
[2024-09-26T20:25:28.718+0000] {spark_submit.py:579} INFO - 24/09/26 20:25:28 INFO SparkEnv: Registering OutputCommitCoordinator
[2024-09-26T20:25:28.823+0000] {spark_submit.py:579} INFO - 24/09/26 20:25:28 INFO JettyUtils: Start Jetty 0.0.0.0:4040 for SparkUI
[2024-09-26T20:25:28.876+0000] {spark_submit.py:579} INFO - 24/09/26 20:25:28 INFO Utils: Successfully started service 'SparkUI' on port 4040.
[2024-09-26T20:25:28.998+0000] {spark_submit.py:579} INFO - 24/09/26 20:25:28 INFO StandaloneAppClient$ClientEndpoint: Connecting to master spark://spark:7077...
[2024-09-26T20:25:29.036+0000] {spark_submit.py:579} INFO - 24/09/26 20:25:29 INFO TransportClientFactory: Successfully created connection to spark/172.18.0.6:7077 after 22 ms (0 ms spent in bootstraps)
[2024-09-26T20:25:29.113+0000] {spark_submit.py:579} INFO - 24/09/26 20:25:29 INFO StandaloneSchedulerBackend: Connected to Spark cluster with app ID app-20240926202529-0002
[2024-09-26T20:25:29.121+0000] {spark_submit.py:579} INFO - 24/09/26 20:25:29 INFO StandaloneAppClient$ClientEndpoint: Executor added: app-20240926202529-0002/0 on worker-20240926201602-172.18.0.2-40063 (172.18.0.2:40063) with 6 core(s)
[2024-09-26T20:25:29.124+0000] {spark_submit.py:579} INFO - 24/09/26 20:25:29 INFO StandaloneSchedulerBackend: Granted executor ID app-20240926202529-0002/0 on hostPort 172.18.0.2:40063 with 6 core(s), 1024.0 MiB RAM
[2024-09-26T20:25:29.136+0000] {spark_submit.py:579} INFO - 24/09/26 20:25:29 INFO Utils: Successfully started service 'org.apache.spark.network.netty.NettyBlockTransferService' on port 46123.
[2024-09-26T20:25:29.139+0000] {spark_submit.py:579} INFO - 24/09/26 20:25:29 INFO NettyBlockTransferService: Server created on 4ff41ebff151:46123
[2024-09-26T20:25:29.140+0000] {spark_submit.py:579} INFO - 24/09/26 20:25:29 INFO BlockManager: Using org.apache.spark.storage.RandomBlockReplicationPolicy for block replication policy
[2024-09-26T20:25:29.149+0000] {spark_submit.py:579} INFO - 24/09/26 20:25:29 INFO BlockManagerMaster: Registering BlockManager BlockManagerId(driver, 4ff41ebff151, 46123, None)
[2024-09-26T20:25:29.153+0000] {spark_submit.py:579} INFO - 24/09/26 20:25:29 INFO BlockManagerMasterEndpoint: Registering block manager 4ff41ebff151:46123 with 127.2 MiB RAM, BlockManagerId(driver, 4ff41ebff151, 46123, None)
[2024-09-26T20:25:29.156+0000] {spark_submit.py:579} INFO - 24/09/26 20:25:29 INFO BlockManagerMaster: Registered BlockManager BlockManagerId(driver, 4ff41ebff151, 46123, None)
[2024-09-26T20:25:29.158+0000] {spark_submit.py:579} INFO - 24/09/26 20:25:29 INFO BlockManager: Initialized BlockManager: BlockManagerId(driver, 4ff41ebff151, 46123, None)
[2024-09-26T20:25:29.161+0000] {spark_submit.py:579} INFO - 24/09/26 20:25:29 INFO StandaloneAppClient$ClientEndpoint: Executor updated: app-20240926202529-0002/0 is now RUNNING
[2024-09-26T20:25:29.389+0000] {spark_submit.py:579} INFO - 24/09/26 20:25:29 INFO StandaloneSchedulerBackend: SchedulerBackend is ready for scheduling beginning after reached minRegisteredResourcesRatio: 0.0
[2024-09-26T20:25:29.629+0000] {spark_submit.py:579} INFO - 24/09/26 20:25:29 INFO SharedState: Setting hive.metastore.warehouse.dir ('null') to the value of spark.sql.warehouse.dir.
[2024-09-26T20:25:29.635+0000] {spark_submit.py:579} INFO - 24/09/26 20:25:29 INFO SharedState: Warehouse path is 'file:/opt/***/spark-warehouse'.
[2024-09-26T20:25:30.571+0000] {spark_submit.py:579} INFO - 24/09/26 20:25:30 INFO InMemoryFileIndex: It took 56 ms to list leaf files for 1 paths.
[2024-09-26T20:25:30.644+0000] {spark_submit.py:579} INFO - 24/09/26 20:25:30 INFO InMemoryFileIndex: It took 17 ms to list leaf files for 1 paths.
[2024-09-26T20:25:31.862+0000] {spark_submit.py:579} INFO - 24/09/26 20:25:31 INFO StandaloneSchedulerBackend$StandaloneDriverEndpoint: Registered executor NettyRpcEndpointRef(spark-client://Executor) (172.18.0.2:52062) with ID 0,  ResourceProfileId 0
[2024-09-26T20:25:31.976+0000] {spark_submit.py:579} INFO - 24/09/26 20:25:31 INFO BlockManagerMasterEndpoint: Registering block manager 172.18.0.2:32807 with 434.4 MiB RAM, BlockManagerId(0, 172.18.0.2, 32807, None)
[2024-09-26T20:25:32.585+0000] {spark_submit.py:579} INFO - 24/09/26 20:25:32 INFO FileSourceStrategy: Pushed Filters:
[2024-09-26T20:25:32.586+0000] {spark_submit.py:579} INFO - 24/09/26 20:25:32 INFO FileSourceStrategy: Post-Scan Filters:
[2024-09-26T20:25:32.767+0000] {spark_submit.py:579} INFO - 24/09/26 20:25:32 INFO MemoryStore: Block broadcast_0 stored as values in memory (estimated size 199.6 KiB, free 127.0 MiB)
[2024-09-26T20:25:32.807+0000] {spark_submit.py:579} INFO - 24/09/26 20:25:32 INFO MemoryStore: Block broadcast_0_piece0 stored as bytes in memory (estimated size 34.3 KiB, free 127.0 MiB)
[2024-09-26T20:25:32.812+0000] {spark_submit.py:579} INFO - 24/09/26 20:25:32 INFO BlockManagerInfo: Added broadcast_0_piece0 in memory on 4ff41ebff151:46123 (size: 34.3 KiB, free: 127.2 MiB)
[2024-09-26T20:25:32.815+0000] {spark_submit.py:579} INFO - 24/09/26 20:25:32 INFO SparkContext: Created broadcast 0 from json at NativeMethodAccessorImpl.java:0
[2024-09-26T20:25:32.823+0000] {spark_submit.py:579} INFO - 24/09/26 20:25:32 INFO FileSourceScanExec: Planning scan with bin packing, max size: 4194304 bytes, open cost is considered as scanning 4194304 bytes.
[2024-09-26T20:25:32.910+0000] {spark_submit.py:579} INFO - 24/09/26 20:25:32 INFO SparkContext: Starting job: json at NativeMethodAccessorImpl.java:0
[2024-09-26T20:25:32.922+0000] {spark_submit.py:579} INFO - 24/09/26 20:25:32 INFO DAGScheduler: Got job 0 (json at NativeMethodAccessorImpl.java:0) with 1 output partitions
[2024-09-26T20:25:32.923+0000] {spark_submit.py:579} INFO - 24/09/26 20:25:32 INFO DAGScheduler: Final stage: ResultStage 0 (json at NativeMethodAccessorImpl.java:0)
[2024-09-26T20:25:32.923+0000] {spark_submit.py:579} INFO - 24/09/26 20:25:32 INFO DAGScheduler: Parents of final stage: List()
[2024-09-26T20:25:32.924+0000] {spark_submit.py:579} INFO - 24/09/26 20:25:32 INFO DAGScheduler: Missing parents: List()
[2024-09-26T20:25:32.926+0000] {spark_submit.py:579} INFO - 24/09/26 20:25:32 INFO DAGScheduler: Submitting ResultStage 0 (MapPartitionsRDD[3] at json at NativeMethodAccessorImpl.java:0), which has no missing parents
[2024-09-26T20:25:32.993+0000] {spark_submit.py:579} INFO - 24/09/26 20:25:32 INFO MemoryStore: Block broadcast_1 stored as values in memory (estimated size 16.2 KiB, free 127.0 MiB)
[2024-09-26T20:25:32.998+0000] {spark_submit.py:579} INFO - 24/09/26 20:25:32 INFO MemoryStore: Block broadcast_1_piece0 stored as bytes in memory (estimated size 7.6 KiB, free 126.9 MiB)
[2024-09-26T20:25:32.999+0000] {spark_submit.py:579} INFO - 24/09/26 20:25:32 INFO BlockManagerInfo: Added broadcast_1_piece0 in memory on 4ff41ebff151:46123 (size: 7.6 KiB, free: 127.2 MiB)
[2024-09-26T20:25:33.000+0000] {spark_submit.py:579} INFO - 24/09/26 20:25:33 INFO SparkContext: Created broadcast 1 from broadcast at DAGScheduler.scala:1585
[2024-09-26T20:25:33.015+0000] {spark_submit.py:579} INFO - 24/09/26 20:25:33 INFO DAGScheduler: Submitting 1 missing tasks from ResultStage 0 (MapPartitionsRDD[3] at json at NativeMethodAccessorImpl.java:0) (first 15 tasks are for partitions Vector(0))
[2024-09-26T20:25:33.017+0000] {spark_submit.py:579} INFO - 24/09/26 20:25:33 INFO TaskSchedulerImpl: Adding task set 0.0 with 1 tasks resource profile 0
[2024-09-26T20:25:33.041+0000] {spark_submit.py:579} INFO - 24/09/26 20:25:33 INFO TaskSetManager: Starting task 0.0 in stage 0.0 (TID 0) (172.18.0.2, executor 0, partition 0, PROCESS_LOCAL, 9629 bytes)
[2024-09-26T20:25:33.219+0000] {spark_submit.py:579} INFO - 24/09/26 20:25:33 INFO BlockManagerInfo: Added broadcast_1_piece0 in memory on 172.18.0.2:32807 (size: 7.6 KiB, free: 434.4 MiB)
[2024-09-26T20:25:33.824+0000] {spark_submit.py:579} INFO - 24/09/26 20:25:33 INFO BlockManagerInfo: Added broadcast_0_piece0 in memory on 172.18.0.2:32807 (size: 34.3 KiB, free: 434.4 MiB)
[2024-09-26T20:25:34.058+0000] {spark_submit.py:579} INFO - 24/09/26 20:25:34 INFO TaskSetManager: Finished task 0.0 in stage 0.0 (TID 0) in 1024 ms on 172.18.0.2 (executor 0) (1/1)
[2024-09-26T20:25:34.059+0000] {spark_submit.py:579} INFO - 24/09/26 20:25:34 INFO TaskSchedulerImpl: Removed TaskSet 0.0, whose tasks have all completed, from pool
[2024-09-26T20:25:34.063+0000] {spark_submit.py:579} INFO - 24/09/26 20:25:34 INFO DAGScheduler: ResultStage 0 (json at NativeMethodAccessorImpl.java:0) finished in 1.127 s
[2024-09-26T20:25:34.065+0000] {spark_submit.py:579} INFO - 24/09/26 20:25:34 INFO DAGScheduler: Job 0 is finished. Cancelling potential speculative or zombie tasks for this job
[2024-09-26T20:25:34.066+0000] {spark_submit.py:579} INFO - 24/09/26 20:25:34 INFO TaskSchedulerImpl: Killing all running tasks in stage 0: Stage finished
[2024-09-26T20:25:34.068+0000] {spark_submit.py:579} INFO - 24/09/26 20:25:34 INFO DAGScheduler: Job 0 finished: json at NativeMethodAccessorImpl.java:0, took 1.157469 s
[2024-09-26T20:25:34.508+0000] {spark_submit.py:579} INFO - 24/09/26 20:25:34 INFO BlockManagerInfo: Removed broadcast_1_piece0 on 4ff41ebff151:46123 in memory (size: 7.6 KiB, free: 127.2 MiB)
[2024-09-26T20:25:34.527+0000] {spark_submit.py:579} INFO - 24/09/26 20:25:34 INFO BlockManagerInfo: Removed broadcast_1_piece0 on 172.18.0.2:32807 in memory (size: 7.6 KiB, free: 434.4 MiB)
[2024-09-26T20:25:34.879+0000] {spark_submit.py:579} INFO - DataFrame[id_placa_mae: bigint, name: string, marca: string, modelo: string, socket: string, DDR: bigint, value: double, link: string]
[2024-09-26T20:25:34.879+0000] {spark_submit.py:579} INFO - TESTE
[2024-09-26T20:25:34.880+0000] {spark_submit.py:579} INFO - 24/09/26 20:25:34 INFO SparkContext: SparkContext is stopping with exitCode 0.
[2024-09-26T20:25:34.889+0000] {spark_submit.py:579} INFO - 24/09/26 20:25:34 INFO SparkUI: Stopped Spark web UI at http://4ff41ebff151:4040
[2024-09-26T20:25:34.892+0000] {spark_submit.py:579} INFO - 24/09/26 20:25:34 INFO StandaloneSchedulerBackend: Shutting down all executors
[2024-09-26T20:25:34.892+0000] {spark_submit.py:579} INFO - 24/09/26 20:25:34 INFO StandaloneSchedulerBackend$StandaloneDriverEndpoint: Asking each executor to shut down
[2024-09-26T20:25:34.939+0000] {spark_submit.py:579} INFO - 24/09/26 20:25:34 INFO MapOutputTrackerMasterEndpoint: MapOutputTrackerMasterEndpoint stopped!
[2024-09-26T20:25:34.981+0000] {spark_submit.py:579} INFO - 24/09/26 20:25:34 INFO MemoryStore: MemoryStore cleared
[2024-09-26T20:25:34.982+0000] {spark_submit.py:579} INFO - 24/09/26 20:25:34 INFO BlockManager: BlockManager stopped
[2024-09-26T20:25:34.986+0000] {spark_submit.py:579} INFO - 24/09/26 20:25:34 INFO BlockManagerMaster: BlockManagerMaster stopped
[2024-09-26T20:25:34.988+0000] {spark_submit.py:579} INFO - 24/09/26 20:25:34 INFO OutputCommitCoordinator$OutputCommitCoordinatorEndpoint: OutputCommitCoordinator stopped!
[2024-09-26T20:25:34.997+0000] {spark_submit.py:579} INFO - 24/09/26 20:25:34 INFO SparkContext: Successfully stopped SparkContext
[2024-09-26T20:25:35.503+0000] {spark_submit.py:579} INFO - 24/09/26 20:25:35 INFO ShutdownHookManager: Shutdown hook called
[2024-09-26T20:25:35.503+0000] {spark_submit.py:579} INFO - 24/09/26 20:25:35 INFO ShutdownHookManager: Deleting directory /tmp/spark-5a9a5c61-36d7-4076-9d0f-8c4b45107e9f
[2024-09-26T20:25:35.507+0000] {spark_submit.py:579} INFO - 24/09/26 20:25:35 INFO ShutdownHookManager: Deleting directory /tmp/spark-d4cf6642-a4e5-4d62-86ea-8cd26e489d09
[2024-09-26T20:25:35.513+0000] {spark_submit.py:579} INFO - 24/09/26 20:25:35 INFO ShutdownHookManager: Deleting directory /tmp/spark-d4cf6642-a4e5-4d62-86ea-8cd26e489d09/pyspark-9a2c9868-e97e-4efa-a07b-65dde8d0c4e2
[2024-09-26T20:25:35.554+0000] {taskinstance.py:340} INFO - ::group::Post task execution logs
[2024-09-26T20:25:35.554+0000] {taskinstance.py:352} INFO - Marking task as SUCCESS. dag_id=spark_job_dag, task_id=submit_spark_job, run_id=scheduled__2024-09-25T00:00:00+00:00, execution_date=20240925T000000, start_date=20240926T202525, end_date=20240926T202535
[2024-09-26T20:25:35.580+0000] {local_task_job_runner.py:266} INFO - Task exited with return code 0
[2024-09-26T20:25:35.600+0000] {taskinstance.py:3900} INFO - 0 downstream tasks scheduled from follow-on schedule check
[2024-09-26T20:25:35.606+0000] {local_task_job_runner.py:245} INFO - ::endgroup::
[2024-09-26T21:04:13.627+0000] {local_task_job_runner.py:123} INFO - ::group::Pre task execution logs
[2024-09-26T21:04:13.649+0000] {taskinstance.py:2612} INFO - Dependencies all met for dep_context=non-requeueable deps ti=<TaskInstance: spark_job_dag.submit_spark_job scheduled__2024-09-25T00:00:00+00:00 [queued]>
[2024-09-26T21:04:13.662+0000] {taskinstance.py:2612} INFO - Dependencies all met for dep_context=requeueable deps ti=<TaskInstance: spark_job_dag.submit_spark_job scheduled__2024-09-25T00:00:00+00:00 [queued]>
[2024-09-26T21:04:13.663+0000] {taskinstance.py:2865} INFO - Starting attempt 1 of 2
[2024-09-26T21:04:13.691+0000] {taskinstance.py:2888} INFO - Executing <Task(SparkSubmitOperator): submit_spark_job> on 2024-09-25 00:00:00+00:00
[2024-09-26T21:04:13.697+0000] {warnings.py:112} WARNING - /home/***/.local/lib/python3.12/site-packages/***/task/task_runner/standard_task_runner.py:70: DeprecationWarning: This process (pid=158) is multi-threaded, use of fork() may lead to deadlocks in the child.
  pid = os.fork()

[2024-09-26T21:04:13.699+0000] {standard_task_runner.py:72} INFO - Started process 161 to run task
[2024-09-26T21:04:13.700+0000] {standard_task_runner.py:104} INFO - Running: ['***', 'tasks', 'run', 'spark_job_dag', 'submit_spark_job', 'scheduled__2024-09-25T00:00:00+00:00', '--job-id', '144', '--raw', '--subdir', 'DAGS_FOLDER/jobsSpark.py', '--cfg-path', '/tmp/tmp0em267rh']
[2024-09-26T21:04:13.701+0000] {standard_task_runner.py:105} INFO - Job 144: Subtask submit_spark_job
[2024-09-26T21:04:13.776+0000] {task_command.py:467} INFO - Running <TaskInstance: spark_job_dag.submit_spark_job scheduled__2024-09-25T00:00:00+00:00 [running]> on host 4319f5773323
[2024-09-26T21:04:14.045+0000] {taskinstance.py:3131} INFO - Exporting env vars: AIRFLOW_CTX_DAG_OWNER='***' AIRFLOW_CTX_DAG_ID='spark_job_dag' AIRFLOW_CTX_TASK_ID='submit_spark_job' AIRFLOW_CTX_EXECUTION_DATE='2024-09-25T00:00:00+00:00' AIRFLOW_CTX_TRY_NUMBER='1' AIRFLOW_CTX_DAG_RUN_ID='scheduled__2024-09-25T00:00:00+00:00'
[2024-09-26T21:04:14.047+0000] {taskinstance.py:731} INFO - ::endgroup::
[2024-09-26T21:04:14.085+0000] {base.py:84} INFO - Retrieving connection 'spark_default'
[2024-09-26T21:04:14.087+0000] {spark_submit.py:403} INFO - Spark-Submit cmd: spark-submit --master spark://spark:7077 --num-executors 2 --executor-memory 1G --driver-memory 512M --name arrow-spark --deploy-mode client /opt/bitnami/spark/src/scripts_spark/WebScraping_Transformation.py
[2024-09-26T21:04:16.285+0000] {spark_submit.py:579} INFO - python3: can't open file '/opt/bitnami/spark/src/scripts_spark/WebScraping_Transformation.py': [Errno 2] No such file or directory
[2024-09-26T21:04:16.295+0000] {spark_submit.py:579} INFO - 24/09/26 21:04:16 INFO ShutdownHookManager: Shutdown hook called
[2024-09-26T21:04:16.298+0000] {spark_submit.py:579} INFO - 24/09/26 21:04:16 INFO ShutdownHookManager: Deleting directory /tmp/spark-a8b2e293-858f-43a5-ac54-30bb07fe18d3
[2024-09-26T21:04:16.342+0000] {taskinstance.py:3310} ERROR - Task failed with exception
Traceback (most recent call last):
  File "/home/airflow/.local/lib/python3.12/site-packages/airflow/models/taskinstance.py", line 767, in _execute_task
    result = _execute_callable(context=context, **execute_callable_kwargs)
             ^^^^^^^^^^^^^^^^^^^^^^^^^^^^^^^^^^^^^^^^^^^^^^^^^^^^^^^^^^^^^
  File "/home/airflow/.local/lib/python3.12/site-packages/airflow/models/taskinstance.py", line 733, in _execute_callable
    return ExecutionCallableRunner(
           ^^^^^^^^^^^^^^^^^^^^^^^^
  File "/home/airflow/.local/lib/python3.12/site-packages/airflow/utils/operator_helpers.py", line 252, in run
    return self.func(*args, **kwargs)
           ^^^^^^^^^^^^^^^^^^^^^^^^^^
  File "/home/airflow/.local/lib/python3.12/site-packages/airflow/models/baseoperator.py", line 406, in wrapper
    return func(self, *args, **kwargs)
           ^^^^^^^^^^^^^^^^^^^^^^^^^^^
  File "/home/airflow/.local/lib/python3.12/site-packages/airflow/providers/apache/spark/operators/spark_submit.py", line 174, in execute
    self._hook.submit(self.application)
  File "/home/airflow/.local/lib/python3.12/site-packages/airflow/providers/apache/spark/hooks/spark_submit.py", line 505, in submit
    raise AirflowException(
airflow.exceptions.AirflowException: Cannot execute: spark-submit --master spark://spark:7077 --num-executors 2 --executor-memory 1G --driver-memory 512M --name arrow-spark --deploy-mode client /opt/bitnami/spark/src/scripts_spark/WebScraping_Transformation.py. Error code is: 2.
[2024-09-26T21:04:16.351+0000] {taskinstance.py:1225} INFO - Marking task as UP_FOR_RETRY. dag_id=spark_job_dag, task_id=submit_spark_job, run_id=scheduled__2024-09-25T00:00:00+00:00, execution_date=20240925T000000, start_date=20240926T210413, end_date=20240926T210416
[2024-09-26T21:04:16.368+0000] {taskinstance.py:340} INFO - ::group::Post task execution logs
[2024-09-26T21:04:16.369+0000] {standard_task_runner.py:124} ERROR - Failed to execute job 144 for task submit_spark_job (Cannot execute: spark-submit --master spark://spark:7077 --num-executors 2 --executor-memory 1G --driver-memory 512M --name arrow-spark --deploy-mode client /opt/bitnami/spark/src/scripts_spark/WebScraping_Transformation.py. Error code is: 2.; 161)
Traceback (most recent call last):
  File "/home/airflow/.local/lib/python3.12/site-packages/airflow/task/task_runner/standard_task_runner.py", line 117, in _start_by_fork
    ret = args.func(args, dag=self.dag)
          ^^^^^^^^^^^^^^^^^^^^^^^^^^^^^
  File "/home/airflow/.local/lib/python3.12/site-packages/airflow/cli/cli_config.py", line 49, in command
    return func(*args, **kwargs)
           ^^^^^^^^^^^^^^^^^^^^^
  File "/home/airflow/.local/lib/python3.12/site-packages/airflow/utils/cli.py", line 115, in wrapper
    return f(*args, **kwargs)
           ^^^^^^^^^^^^^^^^^^
  File "/home/airflow/.local/lib/python3.12/site-packages/airflow/cli/commands/task_command.py", line 483, in task_run
    task_return_code = _run_task_by_selected_method(args, _dag, ti)
                       ^^^^^^^^^^^^^^^^^^^^^^^^^^^^^^^^^^^^^^^^^^^^
  File "/home/airflow/.local/lib/python3.12/site-packages/airflow/cli/commands/task_command.py", line 256, in _run_task_by_selected_method
    return _run_raw_task(args, ti)
           ^^^^^^^^^^^^^^^^^^^^^^^
  File "/home/airflow/.local/lib/python3.12/site-packages/airflow/cli/commands/task_command.py", line 341, in _run_raw_task
    return ti._run_raw_task(
           ^^^^^^^^^^^^^^^^^
  File "/home/airflow/.local/lib/python3.12/site-packages/airflow/utils/session.py", line 97, in wrapper
    return func(*args, session=session, **kwargs)
           ^^^^^^^^^^^^^^^^^^^^^^^^^^^^^^^^^^^^^^
  File "/home/airflow/.local/lib/python3.12/site-packages/airflow/models/taskinstance.py", line 3004, in _run_raw_task
    return _run_raw_task(
           ^^^^^^^^^^^^^^
  File "/home/airflow/.local/lib/python3.12/site-packages/airflow/models/taskinstance.py", line 273, in _run_raw_task
    TaskInstance._execute_task_with_callbacks(
  File "/home/airflow/.local/lib/python3.12/site-packages/airflow/models/taskinstance.py", line 3158, in _execute_task_with_callbacks
    result = self._execute_task(context, task_orig)
             ^^^^^^^^^^^^^^^^^^^^^^^^^^^^^^^^^^^^^^
  File "/home/airflow/.local/lib/python3.12/site-packages/airflow/models/taskinstance.py", line 3182, in _execute_task
    return _execute_task(self, context, task_orig)
           ^^^^^^^^^^^^^^^^^^^^^^^^^^^^^^^^^^^^^^^
  File "/home/airflow/.local/lib/python3.12/site-packages/airflow/models/taskinstance.py", line 767, in _execute_task
    result = _execute_callable(context=context, **execute_callable_kwargs)
             ^^^^^^^^^^^^^^^^^^^^^^^^^^^^^^^^^^^^^^^^^^^^^^^^^^^^^^^^^^^^^
  File "/home/airflow/.local/lib/python3.12/site-packages/airflow/models/taskinstance.py", line 733, in _execute_callable
    return ExecutionCallableRunner(
           ^^^^^^^^^^^^^^^^^^^^^^^^
  File "/home/airflow/.local/lib/python3.12/site-packages/airflow/utils/operator_helpers.py", line 252, in run
    return self.func(*args, **kwargs)
           ^^^^^^^^^^^^^^^^^^^^^^^^^^
  File "/home/airflow/.local/lib/python3.12/site-packages/airflow/models/baseoperator.py", line 406, in wrapper
    return func(self, *args, **kwargs)
           ^^^^^^^^^^^^^^^^^^^^^^^^^^^
  File "/home/airflow/.local/lib/python3.12/site-packages/airflow/providers/apache/spark/operators/spark_submit.py", line 174, in execute
    self._hook.submit(self.application)
  File "/home/airflow/.local/lib/python3.12/site-packages/airflow/providers/apache/spark/hooks/spark_submit.py", line 505, in submit
    raise AirflowException(
airflow.exceptions.AirflowException: Cannot execute: spark-submit --master spark://spark:7077 --num-executors 2 --executor-memory 1G --driver-memory 512M --name arrow-spark --deploy-mode client /opt/bitnami/spark/src/scripts_spark/WebScraping_Transformation.py. Error code is: 2.
[2024-09-26T21:04:16.390+0000] {local_task_job_runner.py:266} INFO - Task exited with return code 1
[2024-09-26T21:04:16.408+0000] {taskinstance.py:3900} INFO - 0 downstream tasks scheduled from follow-on schedule check
[2024-09-26T21:04:16.414+0000] {local_task_job_runner.py:245} INFO - ::endgroup::
[2024-09-26T21:09:11.795+0000] {local_task_job_runner.py:123} INFO - ::group::Pre task execution logs
[2024-09-26T21:09:11.813+0000] {taskinstance.py:2612} INFO - Dependencies all met for dep_context=non-requeueable deps ti=<TaskInstance: spark_job_dag.submit_spark_job scheduled__2024-09-25T00:00:00+00:00 [queued]>
[2024-09-26T21:09:11.821+0000] {taskinstance.py:2612} INFO - Dependencies all met for dep_context=requeueable deps ti=<TaskInstance: spark_job_dag.submit_spark_job scheduled__2024-09-25T00:00:00+00:00 [queued]>
[2024-09-26T21:09:11.822+0000] {taskinstance.py:2865} INFO - Starting attempt 1 of 2
[2024-09-26T21:09:11.839+0000] {taskinstance.py:2888} INFO - Executing <Task(SparkSubmitOperator): submit_spark_job> on 2024-09-25 00:00:00+00:00
[2024-09-26T21:09:11.843+0000] {warnings.py:112} WARNING - /home/***/.local/lib/python3.12/site-packages/***/task/task_runner/standard_task_runner.py:70: DeprecationWarning: This process (pid=61) is multi-threaded, use of fork() may lead to deadlocks in the child.
  pid = os.fork()

[2024-09-26T21:09:11.845+0000] {standard_task_runner.py:72} INFO - Started process 62 to run task
[2024-09-26T21:09:11.845+0000] {standard_task_runner.py:104} INFO - Running: ['***', 'tasks', 'run', 'spark_job_dag', 'submit_spark_job', 'scheduled__2024-09-25T00:00:00+00:00', '--job-id', '147', '--raw', '--subdir', 'DAGS_FOLDER/jobsSpark.py', '--cfg-path', '/tmp/tmpghtp8cfa']
[2024-09-26T21:09:11.846+0000] {standard_task_runner.py:105} INFO - Job 147: Subtask submit_spark_job
[2024-09-26T21:09:11.891+0000] {task_command.py:467} INFO - Running <TaskInstance: spark_job_dag.submit_spark_job scheduled__2024-09-25T00:00:00+00:00 [running]> on host b72de3411d96
[2024-09-26T21:09:12.026+0000] {taskinstance.py:3131} INFO - Exporting env vars: AIRFLOW_CTX_DAG_OWNER='***' AIRFLOW_CTX_DAG_ID='spark_job_dag' AIRFLOW_CTX_TASK_ID='submit_spark_job' AIRFLOW_CTX_EXECUTION_DATE='2024-09-25T00:00:00+00:00' AIRFLOW_CTX_TRY_NUMBER='1' AIRFLOW_CTX_DAG_RUN_ID='scheduled__2024-09-25T00:00:00+00:00'
[2024-09-26T21:09:12.027+0000] {taskinstance.py:731} INFO - ::endgroup::
[2024-09-26T21:09:12.060+0000] {base.py:84} INFO - Retrieving connection 'spark_default'
[2024-09-26T21:09:12.062+0000] {spark_submit.py:403} INFO - Spark-Submit cmd: spark-submit --master spark://spark:7077 --num-executors 2 --executor-memory 1G --driver-memory 512M --name arrow-spark --deploy-mode client /opt/bitnami/spark/src/scripts_spark/WebScraping_Transformation.py
[2024-09-26T21:09:13.687+0000] {spark_submit.py:579} INFO - python3: can't open file '/opt/bitnami/spark/src/scripts_spark/WebScraping_Transformation.py': [Errno 2] No such file or directory
[2024-09-26T21:09:13.698+0000] {spark_submit.py:579} INFO - 24/09/26 21:09:13 INFO ShutdownHookManager: Shutdown hook called
[2024-09-26T21:09:13.706+0000] {spark_submit.py:579} INFO - 24/09/26 21:09:13 INFO ShutdownHookManager: Deleting directory /tmp/spark-8e80a38c-a48e-4eec-a68f-fac29497aeff
[2024-09-26T21:09:13.749+0000] {taskinstance.py:3310} ERROR - Task failed with exception
Traceback (most recent call last):
  File "/home/airflow/.local/lib/python3.12/site-packages/airflow/models/taskinstance.py", line 767, in _execute_task
    result = _execute_callable(context=context, **execute_callable_kwargs)
             ^^^^^^^^^^^^^^^^^^^^^^^^^^^^^^^^^^^^^^^^^^^^^^^^^^^^^^^^^^^^^
  File "/home/airflow/.local/lib/python3.12/site-packages/airflow/models/taskinstance.py", line 733, in _execute_callable
    return ExecutionCallableRunner(
           ^^^^^^^^^^^^^^^^^^^^^^^^
  File "/home/airflow/.local/lib/python3.12/site-packages/airflow/utils/operator_helpers.py", line 252, in run
    return self.func(*args, **kwargs)
           ^^^^^^^^^^^^^^^^^^^^^^^^^^
  File "/home/airflow/.local/lib/python3.12/site-packages/airflow/models/baseoperator.py", line 406, in wrapper
    return func(self, *args, **kwargs)
           ^^^^^^^^^^^^^^^^^^^^^^^^^^^
  File "/home/airflow/.local/lib/python3.12/site-packages/airflow/providers/apache/spark/operators/spark_submit.py", line 174, in execute
    self._hook.submit(self.application)
  File "/home/airflow/.local/lib/python3.12/site-packages/airflow/providers/apache/spark/hooks/spark_submit.py", line 505, in submit
    raise AirflowException(
airflow.exceptions.AirflowException: Cannot execute: spark-submit --master spark://spark:7077 --num-executors 2 --executor-memory 1G --driver-memory 512M --name arrow-spark --deploy-mode client /opt/bitnami/spark/src/scripts_spark/WebScraping_Transformation.py. Error code is: 2.
[2024-09-26T21:09:13.756+0000] {taskinstance.py:1225} INFO - Marking task as UP_FOR_RETRY. dag_id=spark_job_dag, task_id=submit_spark_job, run_id=scheduled__2024-09-25T00:00:00+00:00, execution_date=20240925T000000, start_date=20240926T210911, end_date=20240926T210913
[2024-09-26T21:09:13.773+0000] {taskinstance.py:340} INFO - ::group::Post task execution logs
[2024-09-26T21:09:13.774+0000] {standard_task_runner.py:124} ERROR - Failed to execute job 147 for task submit_spark_job (Cannot execute: spark-submit --master spark://spark:7077 --num-executors 2 --executor-memory 1G --driver-memory 512M --name arrow-spark --deploy-mode client /opt/bitnami/spark/src/scripts_spark/WebScraping_Transformation.py. Error code is: 2.; 62)
Traceback (most recent call last):
  File "/home/airflow/.local/lib/python3.12/site-packages/airflow/task/task_runner/standard_task_runner.py", line 117, in _start_by_fork
    ret = args.func(args, dag=self.dag)
          ^^^^^^^^^^^^^^^^^^^^^^^^^^^^^
  File "/home/airflow/.local/lib/python3.12/site-packages/airflow/cli/cli_config.py", line 49, in command
    return func(*args, **kwargs)
           ^^^^^^^^^^^^^^^^^^^^^
  File "/home/airflow/.local/lib/python3.12/site-packages/airflow/utils/cli.py", line 115, in wrapper
    return f(*args, **kwargs)
           ^^^^^^^^^^^^^^^^^^
  File "/home/airflow/.local/lib/python3.12/site-packages/airflow/cli/commands/task_command.py", line 483, in task_run
    task_return_code = _run_task_by_selected_method(args, _dag, ti)
                       ^^^^^^^^^^^^^^^^^^^^^^^^^^^^^^^^^^^^^^^^^^^^
  File "/home/airflow/.local/lib/python3.12/site-packages/airflow/cli/commands/task_command.py", line 256, in _run_task_by_selected_method
    return _run_raw_task(args, ti)
           ^^^^^^^^^^^^^^^^^^^^^^^
  File "/home/airflow/.local/lib/python3.12/site-packages/airflow/cli/commands/task_command.py", line 341, in _run_raw_task
    return ti._run_raw_task(
           ^^^^^^^^^^^^^^^^^
  File "/home/airflow/.local/lib/python3.12/site-packages/airflow/utils/session.py", line 97, in wrapper
    return func(*args, session=session, **kwargs)
           ^^^^^^^^^^^^^^^^^^^^^^^^^^^^^^^^^^^^^^
  File "/home/airflow/.local/lib/python3.12/site-packages/airflow/models/taskinstance.py", line 3004, in _run_raw_task
    return _run_raw_task(
           ^^^^^^^^^^^^^^
  File "/home/airflow/.local/lib/python3.12/site-packages/airflow/models/taskinstance.py", line 273, in _run_raw_task
    TaskInstance._execute_task_with_callbacks(
  File "/home/airflow/.local/lib/python3.12/site-packages/airflow/models/taskinstance.py", line 3158, in _execute_task_with_callbacks
    result = self._execute_task(context, task_orig)
             ^^^^^^^^^^^^^^^^^^^^^^^^^^^^^^^^^^^^^^
  File "/home/airflow/.local/lib/python3.12/site-packages/airflow/models/taskinstance.py", line 3182, in _execute_task
    return _execute_task(self, context, task_orig)
           ^^^^^^^^^^^^^^^^^^^^^^^^^^^^^^^^^^^^^^^
  File "/home/airflow/.local/lib/python3.12/site-packages/airflow/models/taskinstance.py", line 767, in _execute_task
    result = _execute_callable(context=context, **execute_callable_kwargs)
             ^^^^^^^^^^^^^^^^^^^^^^^^^^^^^^^^^^^^^^^^^^^^^^^^^^^^^^^^^^^^^
  File "/home/airflow/.local/lib/python3.12/site-packages/airflow/models/taskinstance.py", line 733, in _execute_callable
    return ExecutionCallableRunner(
           ^^^^^^^^^^^^^^^^^^^^^^^^
  File "/home/airflow/.local/lib/python3.12/site-packages/airflow/utils/operator_helpers.py", line 252, in run
    return self.func(*args, **kwargs)
           ^^^^^^^^^^^^^^^^^^^^^^^^^^
  File "/home/airflow/.local/lib/python3.12/site-packages/airflow/models/baseoperator.py", line 406, in wrapper
    return func(self, *args, **kwargs)
           ^^^^^^^^^^^^^^^^^^^^^^^^^^^
  File "/home/airflow/.local/lib/python3.12/site-packages/airflow/providers/apache/spark/operators/spark_submit.py", line 174, in execute
    self._hook.submit(self.application)
  File "/home/airflow/.local/lib/python3.12/site-packages/airflow/providers/apache/spark/hooks/spark_submit.py", line 505, in submit
    raise AirflowException(
airflow.exceptions.AirflowException: Cannot execute: spark-submit --master spark://spark:7077 --num-executors 2 --executor-memory 1G --driver-memory 512M --name arrow-spark --deploy-mode client /opt/bitnami/spark/src/scripts_spark/WebScraping_Transformation.py. Error code is: 2.
[2024-09-26T21:09:13.786+0000] {local_task_job_runner.py:266} INFO - Task exited with return code 1
[2024-09-26T21:09:13.800+0000] {taskinstance.py:3900} INFO - 0 downstream tasks scheduled from follow-on schedule check
[2024-09-26T21:09:13.804+0000] {local_task_job_runner.py:245} INFO - ::endgroup::
[2024-09-26T21:13:32.448+0000] {local_task_job_runner.py:123} INFO - ::group::Pre task execution logs
[2024-09-26T21:13:32.464+0000] {taskinstance.py:2612} INFO - Dependencies all met for dep_context=non-requeueable deps ti=<TaskInstance: spark_job_dag.submit_spark_job scheduled__2024-09-25T00:00:00+00:00 [queued]>
[2024-09-26T21:13:32.473+0000] {taskinstance.py:2612} INFO - Dependencies all met for dep_context=requeueable deps ti=<TaskInstance: spark_job_dag.submit_spark_job scheduled__2024-09-25T00:00:00+00:00 [queued]>
[2024-09-26T21:13:32.474+0000] {taskinstance.py:2865} INFO - Starting attempt 1 of 2
[2024-09-26T21:13:32.489+0000] {taskinstance.py:2888} INFO - Executing <Task(SparkSubmitOperator): submit_spark_job> on 2024-09-25 00:00:00+00:00
[2024-09-26T21:13:32.498+0000] {warnings.py:112} WARNING - /home/***/.local/lib/python3.12/site-packages/***/task/task_runner/standard_task_runner.py:70: DeprecationWarning: This process (pid=250) is multi-threaded, use of fork() may lead to deadlocks in the child.
  pid = os.fork()

[2024-09-26T21:13:32.501+0000] {standard_task_runner.py:72} INFO - Started process 251 to run task
[2024-09-26T21:13:32.501+0000] {standard_task_runner.py:104} INFO - Running: ['***', 'tasks', 'run', 'spark_job_dag', 'submit_spark_job', 'scheduled__2024-09-25T00:00:00+00:00', '--job-id', '149', '--raw', '--subdir', 'DAGS_FOLDER/jobsSpark.py', '--cfg-path', '/tmp/tmpa2jaiaas']
[2024-09-26T21:13:32.503+0000] {standard_task_runner.py:105} INFO - Job 149: Subtask submit_spark_job
[2024-09-26T21:13:32.551+0000] {task_command.py:467} INFO - Running <TaskInstance: spark_job_dag.submit_spark_job scheduled__2024-09-25T00:00:00+00:00 [running]> on host b72de3411d96
[2024-09-26T21:13:32.625+0000] {taskinstance.py:3131} INFO - Exporting env vars: AIRFLOW_CTX_DAG_OWNER='***' AIRFLOW_CTX_DAG_ID='spark_job_dag' AIRFLOW_CTX_TASK_ID='submit_spark_job' AIRFLOW_CTX_EXECUTION_DATE='2024-09-25T00:00:00+00:00' AIRFLOW_CTX_TRY_NUMBER='1' AIRFLOW_CTX_DAG_RUN_ID='scheduled__2024-09-25T00:00:00+00:00'
[2024-09-26T21:13:32.626+0000] {taskinstance.py:731} INFO - ::endgroup::
[2024-09-26T21:13:32.648+0000] {base.py:84} INFO - Retrieving connection 'spark_default'
[2024-09-26T21:13:32.650+0000] {spark_submit.py:403} INFO - Spark-Submit cmd: spark-submit --master spark://spark:7077 --num-executors 2 --executor-memory 1G --driver-memory 512M --name arrow-spark --deploy-mode client /opt/bitnami/spark/src/scripts_spark/WebScraping_Transformation.py
[2024-09-26T21:13:34.478+0000] {spark_submit.py:579} INFO - python3: can't open file '/opt/bitnami/spark/src/scripts_spark/WebScraping_Transformation.py': [Errno 2] No such file or directory
[2024-09-26T21:13:34.489+0000] {spark_submit.py:579} INFO - 24/09/26 21:13:34 INFO ShutdownHookManager: Shutdown hook called
[2024-09-26T21:13:34.503+0000] {spark_submit.py:579} INFO - 24/09/26 21:13:34 INFO ShutdownHookManager: Deleting directory /tmp/spark-54ce7657-149b-40bd-9219-35db77f2ab94
[2024-09-26T21:13:34.548+0000] {taskinstance.py:3310} ERROR - Task failed with exception
Traceback (most recent call last):
  File "/home/airflow/.local/lib/python3.12/site-packages/airflow/models/taskinstance.py", line 767, in _execute_task
    result = _execute_callable(context=context, **execute_callable_kwargs)
             ^^^^^^^^^^^^^^^^^^^^^^^^^^^^^^^^^^^^^^^^^^^^^^^^^^^^^^^^^^^^^
  File "/home/airflow/.local/lib/python3.12/site-packages/airflow/models/taskinstance.py", line 733, in _execute_callable
    return ExecutionCallableRunner(
           ^^^^^^^^^^^^^^^^^^^^^^^^
  File "/home/airflow/.local/lib/python3.12/site-packages/airflow/utils/operator_helpers.py", line 252, in run
    return self.func(*args, **kwargs)
           ^^^^^^^^^^^^^^^^^^^^^^^^^^
  File "/home/airflow/.local/lib/python3.12/site-packages/airflow/models/baseoperator.py", line 406, in wrapper
    return func(self, *args, **kwargs)
           ^^^^^^^^^^^^^^^^^^^^^^^^^^^
  File "/home/airflow/.local/lib/python3.12/site-packages/airflow/providers/apache/spark/operators/spark_submit.py", line 174, in execute
    self._hook.submit(self.application)
  File "/home/airflow/.local/lib/python3.12/site-packages/airflow/providers/apache/spark/hooks/spark_submit.py", line 505, in submit
    raise AirflowException(
airflow.exceptions.AirflowException: Cannot execute: spark-submit --master spark://spark:7077 --num-executors 2 --executor-memory 1G --driver-memory 512M --name arrow-spark --deploy-mode client /opt/bitnami/spark/src/scripts_spark/WebScraping_Transformation.py. Error code is: 2.
[2024-09-26T21:13:34.555+0000] {taskinstance.py:1225} INFO - Marking task as UP_FOR_RETRY. dag_id=spark_job_dag, task_id=submit_spark_job, run_id=scheduled__2024-09-25T00:00:00+00:00, execution_date=20240925T000000, start_date=20240926T211332, end_date=20240926T211334
[2024-09-26T21:13:34.573+0000] {taskinstance.py:340} INFO - ::group::Post task execution logs
[2024-09-26T21:13:34.573+0000] {standard_task_runner.py:124} ERROR - Failed to execute job 149 for task submit_spark_job (Cannot execute: spark-submit --master spark://spark:7077 --num-executors 2 --executor-memory 1G --driver-memory 512M --name arrow-spark --deploy-mode client /opt/bitnami/spark/src/scripts_spark/WebScraping_Transformation.py. Error code is: 2.; 251)
Traceback (most recent call last):
  File "/home/airflow/.local/lib/python3.12/site-packages/airflow/task/task_runner/standard_task_runner.py", line 117, in _start_by_fork
    ret = args.func(args, dag=self.dag)
          ^^^^^^^^^^^^^^^^^^^^^^^^^^^^^
  File "/home/airflow/.local/lib/python3.12/site-packages/airflow/cli/cli_config.py", line 49, in command
    return func(*args, **kwargs)
           ^^^^^^^^^^^^^^^^^^^^^
  File "/home/airflow/.local/lib/python3.12/site-packages/airflow/utils/cli.py", line 115, in wrapper
    return f(*args, **kwargs)
           ^^^^^^^^^^^^^^^^^^
  File "/home/airflow/.local/lib/python3.12/site-packages/airflow/cli/commands/task_command.py", line 483, in task_run
    task_return_code = _run_task_by_selected_method(args, _dag, ti)
                       ^^^^^^^^^^^^^^^^^^^^^^^^^^^^^^^^^^^^^^^^^^^^
  File "/home/airflow/.local/lib/python3.12/site-packages/airflow/cli/commands/task_command.py", line 256, in _run_task_by_selected_method
    return _run_raw_task(args, ti)
           ^^^^^^^^^^^^^^^^^^^^^^^
  File "/home/airflow/.local/lib/python3.12/site-packages/airflow/cli/commands/task_command.py", line 341, in _run_raw_task
    return ti._run_raw_task(
           ^^^^^^^^^^^^^^^^^
  File "/home/airflow/.local/lib/python3.12/site-packages/airflow/utils/session.py", line 97, in wrapper
    return func(*args, session=session, **kwargs)
           ^^^^^^^^^^^^^^^^^^^^^^^^^^^^^^^^^^^^^^
  File "/home/airflow/.local/lib/python3.12/site-packages/airflow/models/taskinstance.py", line 3004, in _run_raw_task
    return _run_raw_task(
           ^^^^^^^^^^^^^^
  File "/home/airflow/.local/lib/python3.12/site-packages/airflow/models/taskinstance.py", line 273, in _run_raw_task
    TaskInstance._execute_task_with_callbacks(
  File "/home/airflow/.local/lib/python3.12/site-packages/airflow/models/taskinstance.py", line 3158, in _execute_task_with_callbacks
    result = self._execute_task(context, task_orig)
             ^^^^^^^^^^^^^^^^^^^^^^^^^^^^^^^^^^^^^^
  File "/home/airflow/.local/lib/python3.12/site-packages/airflow/models/taskinstance.py", line 3182, in _execute_task
    return _execute_task(self, context, task_orig)
           ^^^^^^^^^^^^^^^^^^^^^^^^^^^^^^^^^^^^^^^
  File "/home/airflow/.local/lib/python3.12/site-packages/airflow/models/taskinstance.py", line 767, in _execute_task
    result = _execute_callable(context=context, **execute_callable_kwargs)
             ^^^^^^^^^^^^^^^^^^^^^^^^^^^^^^^^^^^^^^^^^^^^^^^^^^^^^^^^^^^^^
  File "/home/airflow/.local/lib/python3.12/site-packages/airflow/models/taskinstance.py", line 733, in _execute_callable
    return ExecutionCallableRunner(
           ^^^^^^^^^^^^^^^^^^^^^^^^
  File "/home/airflow/.local/lib/python3.12/site-packages/airflow/utils/operator_helpers.py", line 252, in run
    return self.func(*args, **kwargs)
           ^^^^^^^^^^^^^^^^^^^^^^^^^^
  File "/home/airflow/.local/lib/python3.12/site-packages/airflow/models/baseoperator.py", line 406, in wrapper
    return func(self, *args, **kwargs)
           ^^^^^^^^^^^^^^^^^^^^^^^^^^^
  File "/home/airflow/.local/lib/python3.12/site-packages/airflow/providers/apache/spark/operators/spark_submit.py", line 174, in execute
    self._hook.submit(self.application)
  File "/home/airflow/.local/lib/python3.12/site-packages/airflow/providers/apache/spark/hooks/spark_submit.py", line 505, in submit
    raise AirflowException(
airflow.exceptions.AirflowException: Cannot execute: spark-submit --master spark://spark:7077 --num-executors 2 --executor-memory 1G --driver-memory 512M --name arrow-spark --deploy-mode client /opt/bitnami/spark/src/scripts_spark/WebScraping_Transformation.py. Error code is: 2.
[2024-09-26T21:13:34.614+0000] {local_task_job_runner.py:266} INFO - Task exited with return code 1
[2024-09-26T21:13:34.629+0000] {taskinstance.py:3900} INFO - 0 downstream tasks scheduled from follow-on schedule check
[2024-09-26T21:13:34.632+0000] {local_task_job_runner.py:245} INFO - ::endgroup::
