[2024-09-28T12:50:05.400+0000] {local_task_job_runner.py:123} INFO - ::group::Pre task execution logs
[2024-09-28T12:50:05.418+0000] {taskinstance.py:2612} INFO - Dependencies all met for dep_context=non-requeueable deps ti=<TaskInstance: EmailDag.tsk1 manual__2024-09-28T12:50:03.734595+00:00 [queued]>
[2024-09-28T12:50:05.425+0000] {taskinstance.py:2612} INFO - Dependencies all met for dep_context=requeueable deps ti=<TaskInstance: EmailDag.tsk1 manual__2024-09-28T12:50:03.734595+00:00 [queued]>
[2024-09-28T12:50:05.426+0000] {taskinstance.py:2865} INFO - Starting attempt 1 of 2
[2024-09-28T12:50:05.442+0000] {taskinstance.py:2888} INFO - Executing <Task(BashOperator): tsk1> on 2024-09-28 12:50:03.734595+00:00
[2024-09-28T12:50:05.447+0000] {warnings.py:112} WARNING - /home/***/.local/lib/python3.12/site-packages/***/task/task_runner/standard_task_runner.py:70: DeprecationWarning: This process (pid=392) is multi-threaded, use of fork() may lead to deadlocks in the child.
  pid = os.fork()

[2024-09-28T12:50:05.448+0000] {standard_task_runner.py:72} INFO - Started process 393 to run task
[2024-09-28T12:50:05.449+0000] {standard_task_runner.py:104} INFO - Running: ['***', 'tasks', 'run', 'EmailDag', 'tsk1', 'manual__2024-09-28T12:50:03.734595+00:00', '--job-id', '201', '--raw', '--subdir', 'DAGS_FOLDER/EmailDag.py', '--cfg-path', '/tmp/tmpobnshb8p']
[2024-09-28T12:50:05.450+0000] {standard_task_runner.py:105} INFO - Job 201: Subtask tsk1
[2024-09-28T12:50:05.495+0000] {task_command.py:467} INFO - Running <TaskInstance: EmailDag.tsk1 manual__2024-09-28T12:50:03.734595+00:00 [running]> on host c65b2842f56b
[2024-09-28T12:50:05.584+0000] {taskinstance.py:3131} INFO - Exporting env vars: AIRFLOW_CTX_DAG_EMAIL='alves.lucas896@gmail.com' AIRFLOW_CTX_DAG_OWNER='***' AIRFLOW_CTX_DAG_ID='EmailDag' AIRFLOW_CTX_TASK_ID='tsk1' AIRFLOW_CTX_EXECUTION_DATE='2024-09-28T12:50:03.734595+00:00' AIRFLOW_CTX_TRY_NUMBER='1' AIRFLOW_CTX_DAG_RUN_ID='manual__2024-09-28T12:50:03.734595+00:00'
[2024-09-28T12:50:05.585+0000] {taskinstance.py:731} INFO - ::endgroup::
[2024-09-28T12:50:05.618+0000] {subprocess.py:63} INFO - Tmp dir root location: /tmp
[2024-09-28T12:50:05.619+0000] {subprocess.py:75} INFO - Running command: ['/usr/bin/bash', '-c', 'sleep 1']
[2024-09-28T12:50:05.628+0000] {subprocess.py:86} INFO - Output:
[2024-09-28T12:50:06.633+0000] {subprocess.py:97} INFO - Command exited with return code 0
[2024-09-28T12:50:06.663+0000] {taskinstance.py:340} INFO - ::group::Post task execution logs
[2024-09-28T12:50:06.664+0000] {taskinstance.py:352} INFO - Marking task as SUCCESS. dag_id=EmailDag, task_id=tsk1, run_id=manual__2024-09-28T12:50:03.734595+00:00, execution_date=20240928T125003, start_date=20240928T125005, end_date=20240928T125006
[2024-09-28T12:50:06.709+0000] {local_task_job_runner.py:266} INFO - Task exited with return code 0
[2024-09-28T12:50:06.732+0000] {taskinstance.py:3900} INFO - 0 downstream tasks scheduled from follow-on schedule check
[2024-09-28T12:50:06.738+0000] {local_task_job_runner.py:245} INFO - ::endgroup::
