[2024-10-15T21:16:12.406+0000] {local_task_job_runner.py:123} INFO - ::group::Pre task execution logs
[2024-10-15T21:16:12.420+0000] {taskinstance.py:2612} INFO - Dependencies all met for dep_context=non-requeueable deps ti=<TaskInstance: LoadWebScraping.submit_job manual__2024-10-15T21:16:09.797077+00:00 [queued]>
[2024-10-15T21:16:12.426+0000] {taskinstance.py:2612} INFO - Dependencies all met for dep_context=requeueable deps ti=<TaskInstance: LoadWebScraping.submit_job manual__2024-10-15T21:16:09.797077+00:00 [queued]>
[2024-10-15T21:16:12.426+0000] {taskinstance.py:2865} INFO - Starting attempt 1 of 1
[2024-10-15T21:16:12.440+0000] {taskinstance.py:2888} INFO - Executing <Task(SparkSubmitOperator): submit_job> on 2024-10-15 21:16:09.797077+00:00
[2024-10-15T21:16:12.445+0000] {warnings.py:112} WARNING - /home/***/.local/lib/python3.12/site-packages/***/task/task_runner/standard_task_runner.py:70: DeprecationWarning: This process (pid=61) is multi-threaded, use of fork() may lead to deadlocks in the child.
  pid = os.fork()

[2024-10-15T21:16:12.446+0000] {standard_task_runner.py:72} INFO - Started process 63 to run task
[2024-10-15T21:16:12.447+0000] {standard_task_runner.py:104} INFO - Running: ['***', 'tasks', 'run', 'LoadWebScraping', 'submit_job', 'manual__2024-10-15T21:16:09.797077+00:00', '--job-id', '35', '--raw', '--subdir', 'DAGS_FOLDER/LoadWebScraping.py', '--cfg-path', '/tmp/tmpl_d9j4_1']
[2024-10-15T21:16:12.449+0000] {standard_task_runner.py:105} INFO - Job 35: Subtask submit_job
[2024-10-15T21:16:12.523+0000] {task_command.py:467} INFO - Running <TaskInstance: LoadWebScraping.submit_job manual__2024-10-15T21:16:09.797077+00:00 [running]> on host eeedff29a94a
[2024-10-15T21:16:12.603+0000] {taskinstance.py:3131} INFO - Exporting env vars: AIRFLOW_CTX_DAG_OWNER='***' AIRFLOW_CTX_DAG_ID='LoadWebScraping' AIRFLOW_CTX_TASK_ID='submit_job' AIRFLOW_CTX_EXECUTION_DATE='2024-10-15T21:16:09.797077+00:00' AIRFLOW_CTX_TRY_NUMBER='1' AIRFLOW_CTX_DAG_RUN_ID='manual__2024-10-15T21:16:09.797077+00:00'
[2024-10-15T21:16:12.606+0000] {taskinstance.py:731} INFO - ::endgroup::
[2024-10-15T21:16:12.649+0000] {base.py:84} INFO - Retrieving connection 'spark_default'
[2024-10-15T21:16:12.650+0000] {spark_submit.py:327} ERROR - Failed to decode base64 keytab: Incorrect padding
[2024-10-15T21:16:12.651+0000] {spark_submit.py:304} INFO - Could not load connection string spark_default, defaulting to spark://spark:7077
[2024-10-15T21:16:12.653+0000] {spark_submit.py:473} INFO - Spark-Submit cmd: spark-submit --master spark://spark:7077 --name arrow-spark --verbose --deploy-mode client /opt/bitnami/spark/src/scripts_spark/LoadFileToDB.py
[2024-10-15T21:16:13.862+0000] {spark_submit.py:649} INFO - Using properties file: null
[2024-10-15T21:16:13.951+0000] {spark_submit.py:649} INFO - Parsed arguments:
[2024-10-15T21:16:13.952+0000] {spark_submit.py:649} INFO - master                  spark://spark:7077
[2024-10-15T21:16:13.952+0000] {spark_submit.py:649} INFO - remote                  null
[2024-10-15T21:16:13.953+0000] {spark_submit.py:649} INFO - deployMode              client
[2024-10-15T21:16:13.953+0000] {spark_submit.py:649} INFO - executorMemory          null
[2024-10-15T21:16:13.954+0000] {spark_submit.py:649} INFO - executorCores           null
[2024-10-15T21:16:13.954+0000] {spark_submit.py:649} INFO - totalExecutorCores      null
[2024-10-15T21:16:13.955+0000] {spark_submit.py:649} INFO - propertiesFile          null
[2024-10-15T21:16:13.955+0000] {spark_submit.py:649} INFO - driverMemory            null
[2024-10-15T21:16:13.956+0000] {spark_submit.py:649} INFO - driverCores             null
[2024-10-15T21:16:13.956+0000] {spark_submit.py:649} INFO - driverExtraClassPath    null
[2024-10-15T21:16:13.957+0000] {spark_submit.py:649} INFO - driverExtraLibraryPath  null
[2024-10-15T21:16:13.957+0000] {spark_submit.py:649} INFO - driverExtraJavaOptions  null
[2024-10-15T21:16:13.958+0000] {spark_submit.py:649} INFO - supervise               false
[2024-10-15T21:16:13.958+0000] {spark_submit.py:649} INFO - queue                   null
[2024-10-15T21:16:13.959+0000] {spark_submit.py:649} INFO - numExecutors            null
[2024-10-15T21:16:13.959+0000] {spark_submit.py:649} INFO - files                   null
[2024-10-15T21:16:13.960+0000] {spark_submit.py:649} INFO - pyFiles                 null
[2024-10-15T21:16:13.960+0000] {spark_submit.py:649} INFO - archives                null
[2024-10-15T21:16:13.961+0000] {spark_submit.py:649} INFO - mainClass               null
[2024-10-15T21:16:13.961+0000] {spark_submit.py:649} INFO - primaryResource         file:/opt/bitnami/spark/src/scripts_spark/LoadFileToDB.py
[2024-10-15T21:16:13.962+0000] {spark_submit.py:649} INFO - name                    arrow-spark
[2024-10-15T21:16:13.963+0000] {spark_submit.py:649} INFO - childArgs               []
[2024-10-15T21:16:13.963+0000] {spark_submit.py:649} INFO - jars                    null
[2024-10-15T21:16:13.963+0000] {spark_submit.py:649} INFO - packages                null
[2024-10-15T21:16:13.964+0000] {spark_submit.py:649} INFO - packagesExclusions      null
[2024-10-15T21:16:13.964+0000] {spark_submit.py:649} INFO - repositories            null
[2024-10-15T21:16:13.965+0000] {spark_submit.py:649} INFO - verbose                 true
[2024-10-15T21:16:13.965+0000] {spark_submit.py:649} INFO - 
[2024-10-15T21:16:13.966+0000] {spark_submit.py:649} INFO - Spark properties used, including those specified through
[2024-10-15T21:16:13.966+0000] {spark_submit.py:649} INFO - --conf and those from the properties file null:
[2024-10-15T21:16:13.967+0000] {spark_submit.py:649} INFO - 
[2024-10-15T21:16:13.967+0000] {spark_submit.py:649} INFO - 
[2024-10-15T21:16:13.967+0000] {spark_submit.py:649} INFO - 
[2024-10-15T21:16:14.156+0000] {spark_submit.py:649} INFO - Main class:
[2024-10-15T21:16:14.156+0000] {spark_submit.py:649} INFO - org.apache.spark.deploy.PythonRunner
[2024-10-15T21:16:14.157+0000] {spark_submit.py:649} INFO - Arguments:
[2024-10-15T21:16:14.157+0000] {spark_submit.py:649} INFO - file:/opt/bitnami/spark/src/scripts_spark/LoadFileToDB.py
[2024-10-15T21:16:14.158+0000] {spark_submit.py:649} INFO - null
[2024-10-15T21:16:14.159+0000] {spark_submit.py:649} INFO - Spark config:
[2024-10-15T21:16:14.159+0000] {spark_submit.py:649} INFO - (spark.app.name,arrow-spark)
[2024-10-15T21:16:14.160+0000] {spark_submit.py:649} INFO - (spark.app.submitTime,1729026974143)
[2024-10-15T21:16:14.160+0000] {spark_submit.py:649} INFO - (spark.master,spark://spark:7077)
[2024-10-15T21:16:14.161+0000] {spark_submit.py:649} INFO - (spark.submit.deployMode,client)
[2024-10-15T21:16:14.161+0000] {spark_submit.py:649} INFO - (spark.submit.pyFiles,)
[2024-10-15T21:16:14.162+0000] {spark_submit.py:649} INFO - Classpath elements:
[2024-10-15T21:16:14.162+0000] {spark_submit.py:649} INFO - 
[2024-10-15T21:16:14.163+0000] {spark_submit.py:649} INFO - 
[2024-10-15T21:16:14.163+0000] {spark_submit.py:649} INFO - 
[2024-10-15T21:16:15.334+0000] {spark_submit.py:649} INFO - 24/10/15 21:16:15 INFO SparkContext: Running Spark version 3.5.2
[2024-10-15T21:16:15.335+0000] {spark_submit.py:649} INFO - 24/10/15 21:16:15 INFO SparkContext: OS info Linux, 5.15.153.1-microsoft-standard-WSL2, amd64
[2024-10-15T21:16:15.336+0000] {spark_submit.py:649} INFO - 24/10/15 21:16:15 INFO SparkContext: Java version 17.0.12
[2024-10-15T21:16:15.378+0000] {spark_submit.py:649} INFO - 24/10/15 21:16:15 WARN NativeCodeLoader: Unable to load native-hadoop library for your platform... using builtin-java classes where applicable
[2024-10-15T21:16:15.441+0000] {spark_submit.py:649} INFO - 24/10/15 21:16:15 INFO ResourceUtils: ==============================================================
[2024-10-15T21:16:15.442+0000] {spark_submit.py:649} INFO - 24/10/15 21:16:15 INFO ResourceUtils: No custom resources configured for spark.driver.
[2024-10-15T21:16:15.442+0000] {spark_submit.py:649} INFO - 24/10/15 21:16:15 INFO ResourceUtils: ==============================================================
[2024-10-15T21:16:15.443+0000] {spark_submit.py:649} INFO - 24/10/15 21:16:15 INFO SparkContext: Submitted application: Test PostgreSQL Connection
[2024-10-15T21:16:15.461+0000] {spark_submit.py:649} INFO - 24/10/15 21:16:15 INFO ResourceProfile: Default ResourceProfile created, executor resources: Map(memory -> name: memory, amount: 1024, script: , vendor: , offHeap -> name: offHeap, amount: 0, script: , vendor: ), task resources: Map(cpus -> name: cpus, amount: 1.0)
[2024-10-15T21:16:15.470+0000] {spark_submit.py:649} INFO - 24/10/15 21:16:15 INFO ResourceProfile: Limiting resource is cpu
[2024-10-15T21:16:15.471+0000] {spark_submit.py:649} INFO - 24/10/15 21:16:15 INFO ResourceProfileManager: Added ResourceProfile id: 0
[2024-10-15T21:16:15.515+0000] {spark_submit.py:649} INFO - 24/10/15 21:16:15 INFO SecurityManager: Changing view acls to: ***
[2024-10-15T21:16:15.515+0000] {spark_submit.py:649} INFO - 24/10/15 21:16:15 INFO SecurityManager: Changing modify acls to: ***
[2024-10-15T21:16:15.516+0000] {spark_submit.py:649} INFO - 24/10/15 21:16:15 INFO SecurityManager: Changing view acls groups to:
[2024-10-15T21:16:15.516+0000] {spark_submit.py:649} INFO - 24/10/15 21:16:15 INFO SecurityManager: Changing modify acls groups to:
[2024-10-15T21:16:15.517+0000] {spark_submit.py:649} INFO - 24/10/15 21:16:15 INFO SecurityManager: SecurityManager: authentication disabled; ui acls disabled; users with view permissions: ***; groups with view permissions: EMPTY; users with modify permissions: ***; groups with modify permissions: EMPTY
[2024-10-15T21:16:15.716+0000] {spark_submit.py:649} INFO - 24/10/15 21:16:15 INFO Utils: Successfully started service 'sparkDriver' on port 38379.
[2024-10-15T21:16:15.741+0000] {spark_submit.py:649} INFO - 24/10/15 21:16:15 INFO SparkEnv: Registering MapOutputTracker
[2024-10-15T21:16:15.771+0000] {spark_submit.py:649} INFO - 24/10/15 21:16:15 INFO SparkEnv: Registering BlockManagerMaster
[2024-10-15T21:16:15.786+0000] {spark_submit.py:649} INFO - 24/10/15 21:16:15 INFO BlockManagerMasterEndpoint: Using org.apache.spark.storage.DefaultTopologyMapper for getting topology information
[2024-10-15T21:16:15.787+0000] {spark_submit.py:649} INFO - 24/10/15 21:16:15 INFO BlockManagerMasterEndpoint: BlockManagerMasterEndpoint up
[2024-10-15T21:16:15.790+0000] {spark_submit.py:649} INFO - 24/10/15 21:16:15 INFO SparkEnv: Registering BlockManagerMasterHeartbeat
[2024-10-15T21:16:15.810+0000] {spark_submit.py:649} INFO - 24/10/15 21:16:15 INFO DiskBlockManager: Created local directory at /tmp/blockmgr-5e5f8a6e-308e-4ab4-8599-65a8e3b78d7b
[2024-10-15T21:16:15.822+0000] {spark_submit.py:649} INFO - 24/10/15 21:16:15 INFO MemoryStore: MemoryStore started with capacity 434.4 MiB
[2024-10-15T21:16:15.837+0000] {spark_submit.py:649} INFO - 24/10/15 21:16:15 INFO SparkEnv: Registering OutputCommitCoordinator
[2024-10-15T21:16:15.945+0000] {spark_submit.py:649} INFO - 24/10/15 21:16:15 INFO JettyUtils: Start Jetty 0.0.0.0:4040 for SparkUI
[2024-10-15T21:16:15.996+0000] {spark_submit.py:649} INFO - 24/10/15 21:16:15 INFO Utils: Successfully started service 'SparkUI' on port 4040.
[2024-10-15T21:16:16.091+0000] {spark_submit.py:649} INFO - 24/10/15 21:16:16 INFO StandaloneAppClient$ClientEndpoint: Connecting to master spark://spark:7077...
[2024-10-15T21:16:16.126+0000] {spark_submit.py:649} INFO - 24/10/15 21:16:16 INFO TransportClientFactory: Successfully created connection to spark/172.18.0.4:7077 after 20 ms (0 ms spent in bootstraps)
[2024-10-15T21:16:16.265+0000] {spark_submit.py:649} INFO - 24/10/15 21:16:16 INFO StandaloneSchedulerBackend: Connected to Spark cluster with app ID app-20241015211616-0000
[2024-10-15T21:16:16.276+0000] {spark_submit.py:649} INFO - 24/10/15 21:16:16 INFO Utils: Successfully started service 'org.apache.spark.network.netty.NettyBlockTransferService' on port 40979.
[2024-10-15T21:16:16.277+0000] {spark_submit.py:649} INFO - 24/10/15 21:16:16 INFO NettyBlockTransferService: Server created on eeedff29a94a:40979
[2024-10-15T21:16:16.278+0000] {spark_submit.py:649} INFO - 24/10/15 21:16:16 INFO BlockManager: Using org.apache.spark.storage.RandomBlockReplicationPolicy for block replication policy
[2024-10-15T21:16:16.289+0000] {spark_submit.py:649} INFO - 24/10/15 21:16:16 INFO BlockManagerMaster: Registering BlockManager BlockManagerId(driver, eeedff29a94a, 40979, None)
[2024-10-15T21:16:16.324+0000] {spark_submit.py:649} INFO - 24/10/15 21:16:16 INFO BlockManagerMasterEndpoint: Registering block manager eeedff29a94a:40979 with 434.4 MiB RAM, BlockManagerId(driver, eeedff29a94a, 40979, None)
[2024-10-15T21:16:16.327+0000] {spark_submit.py:649} INFO - 24/10/15 21:16:16 INFO BlockManagerMaster: Registered BlockManager BlockManagerId(driver, eeedff29a94a, 40979, None)
[2024-10-15T21:16:16.328+0000] {spark_submit.py:649} INFO - 24/10/15 21:16:16 INFO BlockManager: Initialized BlockManager: BlockManagerId(driver, eeedff29a94a, 40979, None)
[2024-10-15T21:16:16.343+0000] {spark_submit.py:649} INFO - 24/10/15 21:16:16 INFO StandaloneAppClient$ClientEndpoint: Executor added: app-20241015211616-0000/0 on worker-20241015211326-172.18.0.2-36469 (172.18.0.2:36469) with 6 core(s)
[2024-10-15T21:16:16.353+0000] {spark_submit.py:649} INFO - 24/10/15 21:16:16 INFO StandaloneSchedulerBackend: Granted executor ID app-20241015211616-0000/0 on hostPort 172.18.0.2:36469 with 6 core(s), 1024.0 MiB RAM
[2024-10-15T21:16:16.504+0000] {spark_submit.py:649} INFO - 24/10/15 21:16:16 INFO StandaloneAppClient$ClientEndpoint: Executor updated: app-20241015211616-0000/0 is now RUNNING
[2024-10-15T21:16:16.539+0000] {spark_submit.py:649} INFO - 24/10/15 21:16:16 INFO StandaloneSchedulerBackend: SchedulerBackend is ready for scheduling beginning after reached minRegisteredResourcesRatio: 0.0
[2024-10-15T21:16:16.718+0000] {spark_submit.py:649} INFO - <pyspark.sql.session.SparkSession object at 0x7f2af02404a0>
[2024-10-15T21:16:16.784+0000] {spark_submit.py:649} INFO - 24/10/15 21:16:16 INFO SharedState: Setting hive.metastore.warehouse.dir ('null') to the value of spark.sql.warehouse.dir.
[2024-10-15T21:16:16.792+0000] {spark_submit.py:649} INFO - 24/10/15 21:16:16 INFO SharedState: Warehouse path is 'file:/opt/***/spark-warehouse'.
[2024-10-15T21:16:17.545+0000] {spark_submit.py:649} INFO - Traceback (most recent call last):
[2024-10-15T21:16:17.546+0000] {spark_submit.py:649} INFO - File "/opt/bitnami/spark/src/scripts_spark/LoadFileToDB.py", line 24, in <module>
[2024-10-15T21:16:17.548+0000] {spark_submit.py:649} INFO - .load()
[2024-10-15T21:16:17.549+0000] {spark_submit.py:649} INFO - ^^^^^^
[2024-10-15T21:16:17.550+0000] {spark_submit.py:649} INFO - File "/home/***/.local/lib/python3.12/site-packages/pyspark/python/lib/pyspark.zip/pyspark/sql/readwriter.py", line 314, in load
[2024-10-15T21:16:17.550+0000] {spark_submit.py:649} INFO - File "/home/***/.local/lib/python3.12/site-packages/pyspark/python/lib/py4j-0.10.9.7-src.zip/py4j/java_gateway.py", line 1322, in __call__
[2024-10-15T21:16:17.551+0000] {spark_submit.py:649} INFO - File "/home/***/.local/lib/python3.12/site-packages/pyspark/python/lib/pyspark.zip/pyspark/errors/exceptions/captured.py", line 179, in deco
[2024-10-15T21:16:17.551+0000] {spark_submit.py:649} INFO - File "/home/***/.local/lib/python3.12/site-packages/pyspark/python/lib/py4j-0.10.9.7-src.zip/py4j/protocol.py", line 326, in get_return_value
[2024-10-15T21:16:17.555+0000] {spark_submit.py:649} INFO - py4j.protocol.Py4JJavaError: An error occurred while calling o31.load.
[2024-10-15T21:16:17.567+0000] {spark_submit.py:649} INFO - : java.sql.SQLException: No suitable driver
[2024-10-15T21:16:17.567+0000] {spark_submit.py:649} INFO - at java.sql/java.sql.DriverManager.getDriver(DriverManager.java:299)
[2024-10-15T21:16:17.568+0000] {spark_submit.py:649} INFO - at org.apache.spark.sql.execution.datasources.jdbc.JDBCOptions.$anonfun$driverClass$2(JDBCOptions.scala:109)
[2024-10-15T21:16:17.568+0000] {spark_submit.py:649} INFO - at scala.Option.getOrElse(Option.scala:189)
[2024-10-15T21:16:17.568+0000] {spark_submit.py:649} INFO - at org.apache.spark.sql.execution.datasources.jdbc.JDBCOptions.<init>(JDBCOptions.scala:109)
[2024-10-15T21:16:17.569+0000] {spark_submit.py:649} INFO - at org.apache.spark.sql.execution.datasources.jdbc.JDBCOptions.<init>(JDBCOptions.scala:41)
[2024-10-15T21:16:17.569+0000] {spark_submit.py:649} INFO - at org.apache.spark.sql.execution.datasources.jdbc.JdbcRelationProvider.createRelation(JdbcRelationProvider.scala:34)
[2024-10-15T21:16:17.569+0000] {spark_submit.py:649} INFO - at org.apache.spark.sql.execution.datasources.DataSource.resolveRelation(DataSource.scala:346)
[2024-10-15T21:16:17.570+0000] {spark_submit.py:649} INFO - at org.apache.spark.sql.DataFrameReader.loadV1Source(DataFrameReader.scala:229)
[2024-10-15T21:16:17.570+0000] {spark_submit.py:649} INFO - at org.apache.spark.sql.DataFrameReader.$anonfun$load$2(DataFrameReader.scala:211)
[2024-10-15T21:16:17.570+0000] {spark_submit.py:649} INFO - at scala.Option.getOrElse(Option.scala:189)
[2024-10-15T21:16:17.571+0000] {spark_submit.py:649} INFO - at org.apache.spark.sql.DataFrameReader.load(DataFrameReader.scala:211)
[2024-10-15T21:16:17.571+0000] {spark_submit.py:649} INFO - at org.apache.spark.sql.DataFrameReader.load(DataFrameReader.scala:172)
[2024-10-15T21:16:17.571+0000] {spark_submit.py:649} INFO - at java.base/jdk.internal.reflect.NativeMethodAccessorImpl.invoke0(Native Method)
[2024-10-15T21:16:17.572+0000] {spark_submit.py:649} INFO - at java.base/jdk.internal.reflect.NativeMethodAccessorImpl.invoke(NativeMethodAccessorImpl.java:77)
[2024-10-15T21:16:17.572+0000] {spark_submit.py:649} INFO - at java.base/jdk.internal.reflect.DelegatingMethodAccessorImpl.invoke(DelegatingMethodAccessorImpl.java:43)
[2024-10-15T21:16:17.572+0000] {spark_submit.py:649} INFO - at java.base/java.lang.reflect.Method.invoke(Method.java:569)
[2024-10-15T21:16:17.573+0000] {spark_submit.py:649} INFO - at py4j.reflection.MethodInvoker.invoke(MethodInvoker.java:244)
[2024-10-15T21:16:17.573+0000] {spark_submit.py:649} INFO - at py4j.reflection.ReflectionEngine.invoke(ReflectionEngine.java:374)
[2024-10-15T21:16:17.573+0000] {spark_submit.py:649} INFO - at py4j.Gateway.invoke(Gateway.java:282)
[2024-10-15T21:16:17.574+0000] {spark_submit.py:649} INFO - at py4j.commands.AbstractCommand.invokeMethod(AbstractCommand.java:132)
[2024-10-15T21:16:17.574+0000] {spark_submit.py:649} INFO - at py4j.commands.CallCommand.execute(CallCommand.java:79)
[2024-10-15T21:16:17.574+0000] {spark_submit.py:649} INFO - at py4j.ClientServerConnection.waitForCommands(ClientServerConnection.java:182)
[2024-10-15T21:16:17.575+0000] {spark_submit.py:649} INFO - at py4j.ClientServerConnection.run(ClientServerConnection.java:106)
[2024-10-15T21:16:17.575+0000] {spark_submit.py:649} INFO - at java.base/java.lang.Thread.run(Thread.java:840)
[2024-10-15T21:16:17.575+0000] {spark_submit.py:649} INFO - 
[2024-10-15T21:16:17.626+0000] {spark_submit.py:649} INFO - 24/10/15 21:16:17 INFO SparkContext: Invoking stop() from shutdown hook
[2024-10-15T21:16:17.627+0000] {spark_submit.py:649} INFO - 24/10/15 21:16:17 INFO SparkContext: SparkContext is stopping with exitCode 0.
[2024-10-15T21:16:17.634+0000] {spark_submit.py:649} INFO - 24/10/15 21:16:17 INFO SparkUI: Stopped Spark web UI at http://eeedff29a94a:4040
[2024-10-15T21:16:17.638+0000] {spark_submit.py:649} INFO - 24/10/15 21:16:17 INFO StandaloneSchedulerBackend: Shutting down all executors
[2024-10-15T21:16:17.641+0000] {spark_submit.py:649} INFO - 24/10/15 21:16:17 INFO StandaloneSchedulerBackend$StandaloneDriverEndpoint: Asking each executor to shut down
[2024-10-15T21:16:17.654+0000] {spark_submit.py:649} INFO - 24/10/15 21:16:17 INFO MapOutputTrackerMasterEndpoint: MapOutputTrackerMasterEndpoint stopped!
[2024-10-15T21:16:17.689+0000] {spark_submit.py:649} INFO - 24/10/15 21:16:17 INFO MemoryStore: MemoryStore cleared
[2024-10-15T21:16:17.690+0000] {spark_submit.py:649} INFO - 24/10/15 21:16:17 INFO BlockManager: BlockManager stopped
[2024-10-15T21:16:17.697+0000] {spark_submit.py:649} INFO - 24/10/15 21:16:17 INFO BlockManagerMaster: BlockManagerMaster stopped
[2024-10-15T21:16:17.700+0000] {spark_submit.py:649} INFO - 24/10/15 21:16:17 INFO OutputCommitCoordinator$OutputCommitCoordinatorEndpoint: OutputCommitCoordinator stopped!
[2024-10-15T21:16:17.715+0000] {spark_submit.py:649} INFO - 24/10/15 21:16:17 INFO SparkContext: Successfully stopped SparkContext
[2024-10-15T21:16:17.716+0000] {spark_submit.py:649} INFO - 24/10/15 21:16:17 INFO ShutdownHookManager: Shutdown hook called
[2024-10-15T21:16:17.716+0000] {spark_submit.py:649} INFO - 24/10/15 21:16:17 INFO ShutdownHookManager: Deleting directory /tmp/spark-aa7a9207-b190-4fa4-a555-72febbd1389b
[2024-10-15T21:16:17.720+0000] {spark_submit.py:649} INFO - 24/10/15 21:16:17 INFO ShutdownHookManager: Deleting directory /tmp/spark-ea23027d-c9aa-4b28-8e98-844e6a06d815
[2024-10-15T21:16:17.724+0000] {spark_submit.py:649} INFO - 24/10/15 21:16:17 INFO ShutdownHookManager: Deleting directory /tmp/spark-aa7a9207-b190-4fa4-a555-72febbd1389b/pyspark-1917643e-830b-4ae9-b5cc-4eb3cc643a16
[2024-10-15T21:16:17.756+0000] {taskinstance.py:3310} ERROR - Task failed with exception
Traceback (most recent call last):
  File "/home/airflow/.local/lib/python3.12/site-packages/airflow/models/taskinstance.py", line 767, in _execute_task
    result = _execute_callable(context=context, **execute_callable_kwargs)
             ^^^^^^^^^^^^^^^^^^^^^^^^^^^^^^^^^^^^^^^^^^^^^^^^^^^^^^^^^^^^^
  File "/home/airflow/.local/lib/python3.12/site-packages/airflow/models/taskinstance.py", line 733, in _execute_callable
    return ExecutionCallableRunner(
           ^^^^^^^^^^^^^^^^^^^^^^^^
  File "/home/airflow/.local/lib/python3.12/site-packages/airflow/utils/operator_helpers.py", line 252, in run
    return self.func(*args, **kwargs)
           ^^^^^^^^^^^^^^^^^^^^^^^^^^
  File "/home/airflow/.local/lib/python3.12/site-packages/airflow/models/baseoperator.py", line 406, in wrapper
    return func(self, *args, **kwargs)
           ^^^^^^^^^^^^^^^^^^^^^^^^^^^
  File "/home/airflow/.local/lib/python3.12/site-packages/airflow/providers/apache/spark/operators/spark_submit.py", line 176, in execute
    self._hook.submit(self.application)
  File "/home/airflow/.local/lib/python3.12/site-packages/airflow/providers/apache/spark/hooks/spark_submit.py", line 575, in submit
    raise AirflowException(
airflow.exceptions.AirflowException: Cannot execute: spark-submit --master spark://spark:7077 --name arrow-spark --verbose --deploy-mode client /opt/bitnami/spark/src/scripts_spark/LoadFileToDB.py. Error code is: 1.
[2024-10-15T21:16:17.759+0000] {taskinstance.py:1225} INFO - Marking task as FAILED. dag_id=LoadWebScraping, task_id=submit_job, run_id=manual__2024-10-15T21:16:09.797077+00:00, execution_date=20241015T211609, start_date=20241015T211612, end_date=20241015T211617
[2024-10-15T21:16:17.771+0000] {taskinstance.py:340} INFO - ::group::Post task execution logs
[2024-10-15T21:16:17.771+0000] {standard_task_runner.py:124} ERROR - Failed to execute job 35 for task submit_job (Cannot execute: spark-submit --master spark://spark:7077 --name arrow-spark --verbose --deploy-mode client /opt/bitnami/spark/src/scripts_spark/LoadFileToDB.py. Error code is: 1.; 63)
Traceback (most recent call last):
  File "/home/airflow/.local/lib/python3.12/site-packages/airflow/task/task_runner/standard_task_runner.py", line 117, in _start_by_fork
    ret = args.func(args, dag=self.dag)
          ^^^^^^^^^^^^^^^^^^^^^^^^^^^^^
  File "/home/airflow/.local/lib/python3.12/site-packages/airflow/cli/cli_config.py", line 49, in command
    return func(*args, **kwargs)
           ^^^^^^^^^^^^^^^^^^^^^
  File "/home/airflow/.local/lib/python3.12/site-packages/airflow/utils/cli.py", line 115, in wrapper
    return f(*args, **kwargs)
           ^^^^^^^^^^^^^^^^^^
  File "/home/airflow/.local/lib/python3.12/site-packages/airflow/cli/commands/task_command.py", line 483, in task_run
    task_return_code = _run_task_by_selected_method(args, _dag, ti)
                       ^^^^^^^^^^^^^^^^^^^^^^^^^^^^^^^^^^^^^^^^^^^^
  File "/home/airflow/.local/lib/python3.12/site-packages/airflow/cli/commands/task_command.py", line 256, in _run_task_by_selected_method
    return _run_raw_task(args, ti)
           ^^^^^^^^^^^^^^^^^^^^^^^
  File "/home/airflow/.local/lib/python3.12/site-packages/airflow/cli/commands/task_command.py", line 341, in _run_raw_task
    return ti._run_raw_task(
           ^^^^^^^^^^^^^^^^^
  File "/home/airflow/.local/lib/python3.12/site-packages/airflow/utils/session.py", line 97, in wrapper
    return func(*args, session=session, **kwargs)
           ^^^^^^^^^^^^^^^^^^^^^^^^^^^^^^^^^^^^^^
  File "/home/airflow/.local/lib/python3.12/site-packages/airflow/models/taskinstance.py", line 3004, in _run_raw_task
    return _run_raw_task(
           ^^^^^^^^^^^^^^
  File "/home/airflow/.local/lib/python3.12/site-packages/airflow/models/taskinstance.py", line 273, in _run_raw_task
    TaskInstance._execute_task_with_callbacks(
  File "/home/airflow/.local/lib/python3.12/site-packages/airflow/models/taskinstance.py", line 3158, in _execute_task_with_callbacks
    result = self._execute_task(context, task_orig)
             ^^^^^^^^^^^^^^^^^^^^^^^^^^^^^^^^^^^^^^
  File "/home/airflow/.local/lib/python3.12/site-packages/airflow/models/taskinstance.py", line 3182, in _execute_task
    return _execute_task(self, context, task_orig)
           ^^^^^^^^^^^^^^^^^^^^^^^^^^^^^^^^^^^^^^^
  File "/home/airflow/.local/lib/python3.12/site-packages/airflow/models/taskinstance.py", line 767, in _execute_task
    result = _execute_callable(context=context, **execute_callable_kwargs)
             ^^^^^^^^^^^^^^^^^^^^^^^^^^^^^^^^^^^^^^^^^^^^^^^^^^^^^^^^^^^^^
  File "/home/airflow/.local/lib/python3.12/site-packages/airflow/models/taskinstance.py", line 733, in _execute_callable
    return ExecutionCallableRunner(
           ^^^^^^^^^^^^^^^^^^^^^^^^
  File "/home/airflow/.local/lib/python3.12/site-packages/airflow/utils/operator_helpers.py", line 252, in run
    return self.func(*args, **kwargs)
           ^^^^^^^^^^^^^^^^^^^^^^^^^^
  File "/home/airflow/.local/lib/python3.12/site-packages/airflow/models/baseoperator.py", line 406, in wrapper
    return func(self, *args, **kwargs)
           ^^^^^^^^^^^^^^^^^^^^^^^^^^^
  File "/home/airflow/.local/lib/python3.12/site-packages/airflow/providers/apache/spark/operators/spark_submit.py", line 176, in execute
    self._hook.submit(self.application)
  File "/home/airflow/.local/lib/python3.12/site-packages/airflow/providers/apache/spark/hooks/spark_submit.py", line 575, in submit
    raise AirflowException(
airflow.exceptions.AirflowException: Cannot execute: spark-submit --master spark://spark:7077 --name arrow-spark --verbose --deploy-mode client /opt/bitnami/spark/src/scripts_spark/LoadFileToDB.py. Error code is: 1.
[2024-10-15T21:16:17.799+0000] {local_task_job_runner.py:266} INFO - Task exited with return code 1
[2024-10-15T21:16:17.812+0000] {taskinstance.py:3900} INFO - 0 downstream tasks scheduled from follow-on schedule check
[2024-10-15T21:16:17.817+0000] {local_task_job_runner.py:245} INFO - ::endgroup::
