[2024-10-07T23:14:07.674+0000] {local_task_job_runner.py:123} INFO - ::group::Pre task execution logs
[2024-10-07T23:14:07.696+0000] {taskinstance.py:2612} INFO - Dependencies all met for dep_context=non-requeueable deps ti=<TaskInstance: pipeline_webscraping.Branch manual__2024-10-07T23:07:44.469986+00:00 [queued]>
[2024-10-07T23:14:07.707+0000] {taskinstance.py:2612} INFO - Dependencies all met for dep_context=requeueable deps ti=<TaskInstance: pipeline_webscraping.Branch manual__2024-10-07T23:07:44.469986+00:00 [queued]>
[2024-10-07T23:14:07.708+0000] {taskinstance.py:2865} INFO - Starting attempt 1 of 1
[2024-10-07T23:14:07.723+0000] {taskinstance.py:2888} INFO - Executing <Task(BranchPythonOperator): Branch> on 2024-10-07 23:07:44.469986+00:00
[2024-10-07T23:14:07.729+0000] {warnings.py:112} WARNING - /home/***/.local/lib/python3.12/site-packages/***/task/task_runner/standard_task_runner.py:70: DeprecationWarning: This process (pid=8138) is multi-threaded, use of fork() may lead to deadlocks in the child.
  pid = os.fork()

[2024-10-07T23:14:07.731+0000] {standard_task_runner.py:72} INFO - Started process 8140 to run task
[2024-10-07T23:14:07.731+0000] {standard_task_runner.py:104} INFO - Running: ['***', 'tasks', 'run', 'pipeline_webscraping', 'Branch', 'manual__2024-10-07T23:07:44.469986+00:00', '--job-id', '1366', '--raw', '--subdir', 'DAGS_FOLDER/DagWebScraping.py', '--cfg-path', '/tmp/tmp_0dc4rka']
[2024-10-07T23:14:07.734+0000] {standard_task_runner.py:105} INFO - Job 1366: Subtask Branch
[2024-10-07T23:14:07.780+0000] {task_command.py:467} INFO - Running <TaskInstance: pipeline_webscraping.Branch manual__2024-10-07T23:07:44.469986+00:00 [running]> on host 97b4e38b3eb9
[2024-10-07T23:14:07.865+0000] {taskinstance.py:3131} INFO - Exporting env vars: AIRFLOW_CTX_DAG_OWNER='***' AIRFLOW_CTX_DAG_ID='pipeline_webscraping' AIRFLOW_CTX_TASK_ID='Branch' AIRFLOW_CTX_EXECUTION_DATE='2024-10-07T23:07:44.469986+00:00' AIRFLOW_CTX_TRY_NUMBER='1' AIRFLOW_CTX_DAG_RUN_ID='manual__2024-10-07T23:07:44.469986+00:00'
[2024-10-07T23:14:07.866+0000] {taskinstance.py:731} INFO - ::endgroup::
[2024-10-07T23:14:07.881+0000] {baseoperator.py:405} WARNING - BranchPythonOperator.execute cannot be called outside TaskInstance!
[2024-10-07T23:14:07.896+0000] {python.py:240} INFO - Done. Returned value was: process_file_task
[2024-10-07T23:14:07.897+0000] {branch.py:38} INFO - Branch into process_file_task
[2024-10-07T23:14:07.898+0000] {skipmixin.py:230} INFO - Following branch ('process_file_task',)
[2024-10-07T23:14:07.909+0000] {skipmixin.py:278} INFO - Skipping tasks [('error_task', -1)]
[2024-10-07T23:14:07.943+0000] {taskinstance.py:340} INFO - ::group::Post task execution logs
[2024-10-07T23:14:07.943+0000] {taskinstance.py:352} INFO - Marking task as SUCCESS. dag_id=pipeline_webscraping, task_id=Branch, run_id=manual__2024-10-07T23:07:44.469986+00:00, execution_date=20241007T230744, start_date=20241007T231407, end_date=20241007T231407
[2024-10-07T23:14:07.986+0000] {local_task_job_runner.py:266} INFO - Task exited with return code 0
[2024-10-07T23:14:08.007+0000] {taskinstance.py:3900} INFO - 0 downstream tasks scheduled from follow-on schedule check
[2024-10-07T23:14:08.010+0000] {local_task_job_runner.py:245} INFO - ::endgroup::
