[2024-11-02T10:53:55.301+0000] {local_task_job_runner.py:123} INFO - ::group::Pre task execution logs
[2024-11-02T10:53:55.314+0000] {taskinstance.py:2612} INFO - Dependencies all met for dep_context=non-requeueable deps ti=<TaskInstance: LoadWebScraping.insert manual__2024-11-02T10:53:51.566708+00:00 [queued]>
[2024-11-02T10:53:55.321+0000] {taskinstance.py:2612} INFO - Dependencies all met for dep_context=requeueable deps ti=<TaskInstance: LoadWebScraping.insert manual__2024-11-02T10:53:51.566708+00:00 [queued]>
[2024-11-02T10:53:55.322+0000] {taskinstance.py:2865} INFO - Starting attempt 1 of 1
[2024-11-02T10:53:55.335+0000] {taskinstance.py:2888} INFO - Executing <Task(SparkSubmitOperator): insert> on 2024-11-02 10:53:51.566708+00:00
[2024-11-02T10:53:55.341+0000] {warnings.py:112} WARNING - /home/***/.local/lib/python3.12/site-packages/***/task/task_runner/standard_task_runner.py:70: DeprecationWarning: This process (pid=901) is multi-threaded, use of fork() may lead to deadlocks in the child.
  pid = os.fork()

[2024-11-02T10:53:55.342+0000] {standard_task_runner.py:72} INFO - Started process 903 to run task
[2024-11-02T10:53:55.343+0000] {standard_task_runner.py:104} INFO - Running: ['***', 'tasks', 'run', 'LoadWebScraping', 'insert', 'manual__2024-11-02T10:53:51.566708+00:00', '--job-id', '154', '--raw', '--subdir', 'DAGS_FOLDER/LoadWebScraping.py', '--cfg-path', '/tmp/tmp2wo4zts9']
[2024-11-02T10:53:55.345+0000] {standard_task_runner.py:105} INFO - Job 154: Subtask insert
[2024-11-02T10:53:55.385+0000] {task_command.py:467} INFO - Running <TaskInstance: LoadWebScraping.insert manual__2024-11-02T10:53:51.566708+00:00 [running]> on host c9f99735a600
[2024-11-02T10:53:55.462+0000] {taskinstance.py:3131} INFO - Exporting env vars: AIRFLOW_CTX_DAG_OWNER='***' AIRFLOW_CTX_DAG_ID='LoadWebScraping' AIRFLOW_CTX_TASK_ID='insert' AIRFLOW_CTX_EXECUTION_DATE='2024-11-02T10:53:51.566708+00:00' AIRFLOW_CTX_TRY_NUMBER='1' AIRFLOW_CTX_DAG_RUN_ID='manual__2024-11-02T10:53:51.566708+00:00'
[2024-11-02T10:53:55.463+0000] {taskinstance.py:731} INFO - ::endgroup::
[2024-11-02T10:53:55.482+0000] {base.py:84} INFO - Retrieving connection 'spark_default'
[2024-11-02T10:53:55.483+0000] {spark_submit.py:327} ERROR - Failed to decode base64 keytab: Incorrect padding
[2024-11-02T10:53:55.483+0000] {spark_submit.py:304} INFO - Could not load connection string spark_default, defaulting to spark://spark:7077
[2024-11-02T10:53:55.485+0000] {spark_submit.py:473} INFO - Spark-Submit cmd: spark-submit --master spark://spark:7077 --driver-class-path /opt/***/jars/postgresql-42.5.0.jar --jars /opt/***/jars/postgresql-42.5.0.jar --packages org.postgresql:postgresql:42.5.0 --name arrow-spark --deploy-mode client /opt/bitnami/spark/src/scripts_spark/LoadFileToDB.py
[2024-11-02T10:53:56.848+0000] {spark_submit.py:634} INFO - :: loading settings :: url = jar:file:/home/***/.local/lib/python3.12/site-packages/pyspark/jars/ivy-2.5.1.jar!/org/apache/ivy/core/settings/ivysettings.xml
[2024-11-02T10:53:56.905+0000] {spark_submit.py:634} INFO - Ivy Default Cache set to: /home/***/.ivy2/cache
[2024-11-02T10:53:56.905+0000] {spark_submit.py:634} INFO - The jars for the packages stored in: /home/***/.ivy2/jars
[2024-11-02T10:53:56.908+0000] {spark_submit.py:634} INFO - org.postgresql#postgresql added as a dependency
[2024-11-02T10:53:56.909+0000] {spark_submit.py:634} INFO - :: resolving dependencies :: org.apache.spark#spark-submit-parent-a190055b-2970-4f72-a140-237ee2273176;1.0
[2024-11-02T10:53:56.910+0000] {spark_submit.py:634} INFO - confs: [default]
[2024-11-02T10:53:56.988+0000] {spark_submit.py:634} INFO - found org.postgresql#postgresql;42.5.0 in central
[2024-11-02T10:53:57.004+0000] {spark_submit.py:634} INFO - found org.checkerframework#checker-qual;3.5.0 in central
[2024-11-02T10:53:57.016+0000] {spark_submit.py:634} INFO - :: resolution report :: resolve 102ms :: artifacts dl 5ms
[2024-11-02T10:53:57.017+0000] {spark_submit.py:634} INFO - :: modules in use:
[2024-11-02T10:53:57.017+0000] {spark_submit.py:634} INFO - org.checkerframework#checker-qual;3.5.0 from central in [default]
[2024-11-02T10:53:57.018+0000] {spark_submit.py:634} INFO - org.postgresql#postgresql;42.5.0 from central in [default]
[2024-11-02T10:53:57.018+0000] {spark_submit.py:634} INFO - ---------------------------------------------------------------------
[2024-11-02T10:53:57.019+0000] {spark_submit.py:634} INFO - |                  |            modules            ||   artifacts   |
[2024-11-02T10:53:57.019+0000] {spark_submit.py:634} INFO - |       conf       | number| search|dwnlded|evicted|| number|dwnlded|
[2024-11-02T10:53:57.020+0000] {spark_submit.py:634} INFO - ---------------------------------------------------------------------
[2024-11-02T10:53:57.020+0000] {spark_submit.py:634} INFO - |      default     |   2   |   0   |   0   |   0   ||   2   |   0   |
[2024-11-02T10:53:57.020+0000] {spark_submit.py:634} INFO - ---------------------------------------------------------------------
[2024-11-02T10:53:57.021+0000] {spark_submit.py:634} INFO - :: retrieving :: org.apache.spark#spark-submit-parent-a190055b-2970-4f72-a140-237ee2273176
[2024-11-02T10:53:57.021+0000] {spark_submit.py:634} INFO - confs: [default]
[2024-11-02T10:53:57.022+0000] {spark_submit.py:634} INFO - 0 artifacts copied, 2 already retrieved (0kB/3ms)
[2024-11-02T10:53:57.164+0000] {spark_submit.py:634} INFO - 24/11/02 10:53:57 WARN NativeCodeLoader: Unable to load native-hadoop library for your platform... using builtin-java classes where applicable
[2024-11-02T10:53:57.300+0000] {spark_submit.py:634} INFO - 24/11/02 10:53:57 WARN DependencyUtils: Local jar /opt/***/jars/postgresql-42.5.0.jar does not exist, skipping.
[2024-11-02T10:53:59.945+0000] {spark_submit.py:634} INFO - 24/11/02 10:53:59 INFO SparkContext: Running Spark version 3.5.2
[2024-11-02T10:53:59.946+0000] {spark_submit.py:634} INFO - 24/11/02 10:53:59 INFO SparkContext: OS info Linux, 5.15.153.1-microsoft-standard-WSL2, amd64
[2024-11-02T10:53:59.946+0000] {spark_submit.py:634} INFO - 24/11/02 10:53:59 INFO SparkContext: Java version 17.0.13
[2024-11-02T10:53:59.963+0000] {spark_submit.py:634} INFO - 24/11/02 10:53:59 INFO ResourceUtils: ==============================================================
[2024-11-02T10:53:59.964+0000] {spark_submit.py:634} INFO - 24/11/02 10:53:59 INFO ResourceUtils: No custom resources configured for spark.driver.
[2024-11-02T10:53:59.964+0000] {spark_submit.py:634} INFO - 24/11/02 10:53:59 INFO ResourceUtils: ==============================================================
[2024-11-02T10:53:59.965+0000] {spark_submit.py:634} INFO - 24/11/02 10:53:59 INFO SparkContext: Submitted application: Insert_data
[2024-11-02T10:53:59.981+0000] {spark_submit.py:634} INFO - 24/11/02 10:53:59 INFO ResourceProfile: Default ResourceProfile created, executor resources: Map(cores -> name: cores, amount: 1, script: , vendor: , memory -> name: memory, amount: 1024, script: , vendor: , offHeap -> name: offHeap, amount: 0, script: , vendor: ), task resources: Map(cpus -> name: cpus, amount: 1.0)
[2024-11-02T10:53:59.988+0000] {spark_submit.py:634} INFO - 24/11/02 10:53:59 INFO ResourceProfile: Limiting resource is cpu
[2024-11-02T10:53:59.989+0000] {spark_submit.py:634} INFO - 24/11/02 10:53:59 INFO ResourceProfileManager: Added ResourceProfile id: 0
[2024-11-02T10:54:00.035+0000] {spark_submit.py:634} INFO - 24/11/02 10:54:00 INFO SecurityManager: Changing view acls to: ***
[2024-11-02T10:54:00.036+0000] {spark_submit.py:634} INFO - 24/11/02 10:54:00 INFO SecurityManager: Changing modify acls to: ***
[2024-11-02T10:54:00.036+0000] {spark_submit.py:634} INFO - 24/11/02 10:54:00 INFO SecurityManager: Changing view acls groups to:
[2024-11-02T10:54:00.037+0000] {spark_submit.py:634} INFO - 24/11/02 10:54:00 INFO SecurityManager: Changing modify acls groups to:
[2024-11-02T10:54:00.037+0000] {spark_submit.py:634} INFO - 24/11/02 10:54:00 INFO SecurityManager: SecurityManager: authentication disabled; ui acls disabled; users with view permissions: ***; groups with view permissions: EMPTY; users with modify permissions: ***; groups with modify permissions: EMPTY
[2024-11-02T10:54:00.194+0000] {spark_submit.py:634} INFO - 24/11/02 10:54:00 INFO Utils: Successfully started service 'sparkDriver' on port 44323.
[2024-11-02T10:54:00.225+0000] {spark_submit.py:634} INFO - 24/11/02 10:54:00 INFO SparkEnv: Registering MapOutputTracker
[2024-11-02T10:54:00.262+0000] {spark_submit.py:634} INFO - 24/11/02 10:54:00 INFO SparkEnv: Registering BlockManagerMaster
[2024-11-02T10:54:00.283+0000] {spark_submit.py:634} INFO - 24/11/02 10:54:00 INFO BlockManagerMasterEndpoint: Using org.apache.spark.storage.DefaultTopologyMapper for getting topology information
[2024-11-02T10:54:00.285+0000] {spark_submit.py:634} INFO - 24/11/02 10:54:00 INFO BlockManagerMasterEndpoint: BlockManagerMasterEndpoint up
[2024-11-02T10:54:00.288+0000] {spark_submit.py:634} INFO - 24/11/02 10:54:00 INFO SparkEnv: Registering BlockManagerMasterHeartbeat
[2024-11-02T10:54:00.304+0000] {spark_submit.py:634} INFO - 24/11/02 10:54:00 INFO DiskBlockManager: Created local directory at /tmp/blockmgr-be55c42f-6488-4b61-8531-049687e93150
[2024-11-02T10:54:00.314+0000] {spark_submit.py:634} INFO - 24/11/02 10:54:00 INFO MemoryStore: MemoryStore started with capacity 434.4 MiB
[2024-11-02T10:54:00.326+0000] {spark_submit.py:634} INFO - 24/11/02 10:54:00 INFO SparkEnv: Registering OutputCommitCoordinator
[2024-11-02T10:54:00.422+0000] {spark_submit.py:634} INFO - 24/11/02 10:54:00 INFO JettyUtils: Start Jetty 0.0.0.0:4040 for SparkUI
[2024-11-02T10:54:00.469+0000] {spark_submit.py:634} INFO - 24/11/02 10:54:00 INFO Utils: Successfully started service 'SparkUI' on port 4040.
[2024-11-02T10:54:00.498+0000] {spark_submit.py:634} INFO - 24/11/02 10:54:00 ERROR SparkContext: Failed to add /opt/bitnami/spark/jars/postgresql-42.5.0.jar to Spark environment
[2024-11-02T10:54:00.498+0000] {spark_submit.py:634} INFO - java.io.FileNotFoundException: Jar /opt/bitnami/spark/jars/postgresql-42.5.0.jar not found
[2024-11-02T10:54:00.499+0000] {spark_submit.py:634} INFO - at org.apache.spark.SparkContext.addLocalJarFile$1(SparkContext.scala:2095)
[2024-11-02T10:54:00.499+0000] {spark_submit.py:634} INFO - at org.apache.spark.SparkContext.addJar(SparkContext.scala:2151)
[2024-11-02T10:54:00.500+0000] {spark_submit.py:634} INFO - at org.apache.spark.SparkContext.$anonfun$new$15(SparkContext.scala:521)
[2024-11-02T10:54:00.500+0000] {spark_submit.py:634} INFO - at org.apache.spark.SparkContext.$anonfun$new$15$adapted(SparkContext.scala:521)
[2024-11-02T10:54:00.500+0000] {spark_submit.py:634} INFO - at scala.collection.mutable.ResizableArray.foreach(ResizableArray.scala:62)
[2024-11-02T10:54:00.501+0000] {spark_submit.py:634} INFO - at scala.collection.mutable.ResizableArray.foreach$(ResizableArray.scala:55)
[2024-11-02T10:54:00.501+0000] {spark_submit.py:634} INFO - at scala.collection.mutable.ArrayBuffer.foreach(ArrayBuffer.scala:49)
[2024-11-02T10:54:00.501+0000] {spark_submit.py:634} INFO - at org.apache.spark.SparkContext.<init>(SparkContext.scala:521)
[2024-11-02T10:54:00.502+0000] {spark_submit.py:634} INFO - at org.apache.spark.api.java.JavaSparkContext.<init>(JavaSparkContext.scala:58)
[2024-11-02T10:54:00.502+0000] {spark_submit.py:634} INFO - at java.base/jdk.internal.reflect.NativeConstructorAccessorImpl.newInstance0(Native Method)
[2024-11-02T10:54:00.503+0000] {spark_submit.py:634} INFO - at java.base/jdk.internal.reflect.NativeConstructorAccessorImpl.newInstance(NativeConstructorAccessorImpl.java:77)
[2024-11-02T10:54:00.503+0000] {spark_submit.py:634} INFO - at java.base/jdk.internal.reflect.DelegatingConstructorAccessorImpl.newInstance(DelegatingConstructorAccessorImpl.java:45)
[2024-11-02T10:54:00.503+0000] {spark_submit.py:634} INFO - at java.base/java.lang.reflect.Constructor.newInstanceWithCaller(Constructor.java:500)
[2024-11-02T10:54:00.504+0000] {spark_submit.py:634} INFO - at java.base/java.lang.reflect.Constructor.newInstance(Constructor.java:481)
[2024-11-02T10:54:00.504+0000] {spark_submit.py:634} INFO - at py4j.reflection.MethodInvoker.invoke(MethodInvoker.java:247)
[2024-11-02T10:54:00.505+0000] {spark_submit.py:634} INFO - at py4j.reflection.ReflectionEngine.invoke(ReflectionEngine.java:374)
[2024-11-02T10:54:00.505+0000] {spark_submit.py:634} INFO - at py4j.Gateway.invoke(Gateway.java:238)
[2024-11-02T10:54:00.505+0000] {spark_submit.py:634} INFO - at py4j.commands.ConstructorCommand.invokeConstructor(ConstructorCommand.java:80)
[2024-11-02T10:54:00.506+0000] {spark_submit.py:634} INFO - at py4j.commands.ConstructorCommand.execute(ConstructorCommand.java:69)
[2024-11-02T10:54:00.506+0000] {spark_submit.py:634} INFO - at py4j.ClientServerConnection.waitForCommands(ClientServerConnection.java:182)
[2024-11-02T10:54:00.507+0000] {spark_submit.py:634} INFO - at py4j.ClientServerConnection.run(ClientServerConnection.java:106)
[2024-11-02T10:54:00.507+0000] {spark_submit.py:634} INFO - at java.base/java.lang.Thread.run(Thread.java:840)
[2024-11-02T10:54:00.507+0000] {spark_submit.py:634} INFO - 24/11/02 10:54:00 INFO SparkContext: Added file file:///home/***/.ivy2/jars/org.postgresql_postgresql-42.5.0.jar at file:///home/***/.ivy2/jars/org.postgresql_postgresql-42.5.0.jar with timestamp 1730544839940
[2024-11-02T10:54:00.508+0000] {spark_submit.py:634} INFO - 24/11/02 10:54:00 INFO Utils: Copying /home/***/.ivy2/jars/org.postgresql_postgresql-42.5.0.jar to /tmp/spark-c6e06eb8-6c98-4a14-98e2-6ecaf8dab631/userFiles-e14539a5-4aa4-43e7-a66a-6b68f7941288/org.postgresql_postgresql-42.5.0.jar
[2024-11-02T10:54:00.510+0000] {spark_submit.py:634} INFO - 24/11/02 10:54:00 INFO SparkContext: Added file file:///home/***/.ivy2/jars/org.checkerframework_checker-qual-3.5.0.jar at file:///home/***/.ivy2/jars/org.checkerframework_checker-qual-3.5.0.jar with timestamp 1730544839940
[2024-11-02T10:54:00.511+0000] {spark_submit.py:634} INFO - 24/11/02 10:54:00 INFO Utils: Copying /home/***/.ivy2/jars/org.checkerframework_checker-qual-3.5.0.jar to /tmp/spark-c6e06eb8-6c98-4a14-98e2-6ecaf8dab631/userFiles-e14539a5-4aa4-43e7-a66a-6b68f7941288/org.checkerframework_checker-qual-3.5.0.jar
[2024-11-02T10:54:00.566+0000] {spark_submit.py:634} INFO - 24/11/02 10:54:00 INFO Executor: Starting executor ID driver on host c9f99735a600
[2024-11-02T10:54:00.567+0000] {spark_submit.py:634} INFO - 24/11/02 10:54:00 INFO Executor: OS info Linux, 5.15.153.1-microsoft-standard-WSL2, amd64
[2024-11-02T10:54:00.567+0000] {spark_submit.py:634} INFO - 24/11/02 10:54:00 INFO Executor: Java version 17.0.13
[2024-11-02T10:54:00.572+0000] {spark_submit.py:634} INFO - 24/11/02 10:54:00 INFO Executor: Starting executor with user classpath (userClassPathFirst = false): ''
[2024-11-02T10:54:00.573+0000] {spark_submit.py:634} INFO - 24/11/02 10:54:00 INFO Executor: Created or updated repl class loader org.apache.spark.util.MutableURLClassLoader@165a4aa9 for default.
[2024-11-02T10:54:00.582+0000] {spark_submit.py:634} INFO - 24/11/02 10:54:00 INFO Executor: Fetching file:///home/***/.ivy2/jars/org.checkerframework_checker-qual-3.5.0.jar with timestamp 1730544839940
[2024-11-02T10:54:00.597+0000] {spark_submit.py:634} INFO - 24/11/02 10:54:00 INFO Utils: /home/***/.ivy2/jars/org.checkerframework_checker-qual-3.5.0.jar has been previously copied to /tmp/spark-c6e06eb8-6c98-4a14-98e2-6ecaf8dab631/userFiles-e14539a5-4aa4-43e7-a66a-6b68f7941288/org.checkerframework_checker-qual-3.5.0.jar
[2024-11-02T10:54:00.601+0000] {spark_submit.py:634} INFO - 24/11/02 10:54:00 INFO Executor: Fetching file:///home/***/.ivy2/jars/org.postgresql_postgresql-42.5.0.jar with timestamp 1730544839940
[2024-11-02T10:54:00.604+0000] {spark_submit.py:634} INFO - 24/11/02 10:54:00 INFO Utils: /home/***/.ivy2/jars/org.postgresql_postgresql-42.5.0.jar has been previously copied to /tmp/spark-c6e06eb8-6c98-4a14-98e2-6ecaf8dab631/userFiles-e14539a5-4aa4-43e7-a66a-6b68f7941288/org.postgresql_postgresql-42.5.0.jar
[2024-11-02T10:54:00.616+0000] {spark_submit.py:634} INFO - 24/11/02 10:54:00 INFO Utils: Successfully started service 'org.apache.spark.network.netty.NettyBlockTransferService' on port 36267.
[2024-11-02T10:54:00.617+0000] {spark_submit.py:634} INFO - 24/11/02 10:54:00 INFO NettyBlockTransferService: Server created on c9f99735a600:36267
[2024-11-02T10:54:00.618+0000] {spark_submit.py:634} INFO - 24/11/02 10:54:00 INFO BlockManager: Using org.apache.spark.storage.RandomBlockReplicationPolicy for block replication policy
[2024-11-02T10:54:00.623+0000] {spark_submit.py:634} INFO - 24/11/02 10:54:00 INFO BlockManagerMaster: Registering BlockManager BlockManagerId(driver, c9f99735a600, 36267, None)
[2024-11-02T10:54:00.626+0000] {spark_submit.py:634} INFO - 24/11/02 10:54:00 INFO BlockManagerMasterEndpoint: Registering block manager c9f99735a600:36267 with 434.4 MiB RAM, BlockManagerId(driver, c9f99735a600, 36267, None)
[2024-11-02T10:54:00.629+0000] {spark_submit.py:634} INFO - 24/11/02 10:54:00 INFO BlockManagerMaster: Registered BlockManager BlockManagerId(driver, c9f99735a600, 36267, None)
[2024-11-02T10:54:00.631+0000] {spark_submit.py:634} INFO - 24/11/02 10:54:00 INFO BlockManager: Initialized BlockManager: BlockManagerId(driver, c9f99735a600, 36267, None)
[2024-11-02T10:54:01.542+0000] {spark_submit.py:634} INFO - [2024-11-02T10:54:01.541+0000] {base.py:84} INFO - Retrieving connection 's3_connect'
[2024-11-02T10:54:01.543+0000] {spark_submit.py:634} INFO - [2024-11-02T10:54:01.542+0000] {connection_wrapper.py:388} INFO - AWS Connection (conn_id='s3_connect', conn_type='aws') credentials retrieved from login and password.
[2024-11-02T10:54:05.562+0000] {spark_submit.py:634} INFO - 24/11/02 10:54:05 INFO SharedState: Setting hive.metastore.warehouse.dir ('null') to the value of spark.sql.warehouse.dir.
[2024-11-02T10:54:05.563+0000] {spark_submit.py:634} INFO - 24/11/02 10:54:05 INFO SharedState: Warehouse path is 'file:/opt/***/spark-warehouse'.
[2024-11-02T10:54:07.243+0000] {spark_submit.py:634} INFO - 24/11/02 10:54:07 INFO InMemoryFileIndex: It took 894 ms to list leaf files for 24 paths.
[2024-11-02T10:54:07.568+0000] {spark_submit.py:634} INFO - 24/11/02 10:54:07 INFO SparkContext: Starting job: parquet at NativeMethodAccessorImpl.java:0
[2024-11-02T10:54:07.579+0000] {spark_submit.py:634} INFO - 24/11/02 10:54:07 INFO DAGScheduler: Got job 0 (parquet at NativeMethodAccessorImpl.java:0) with 1 output partitions
[2024-11-02T10:54:07.580+0000] {spark_submit.py:634} INFO - 24/11/02 10:54:07 INFO DAGScheduler: Final stage: ResultStage 0 (parquet at NativeMethodAccessorImpl.java:0)
[2024-11-02T10:54:07.580+0000] {spark_submit.py:634} INFO - 24/11/02 10:54:07 INFO DAGScheduler: Parents of final stage: List()
[2024-11-02T10:54:07.581+0000] {spark_submit.py:634} INFO - 24/11/02 10:54:07 INFO DAGScheduler: Missing parents: List()
[2024-11-02T10:54:07.584+0000] {spark_submit.py:634} INFO - 24/11/02 10:54:07 INFO DAGScheduler: Submitting ResultStage 0 (MapPartitionsRDD[1] at parquet at NativeMethodAccessorImpl.java:0), which has no missing parents
[2024-11-02T10:54:07.639+0000] {spark_submit.py:634} INFO - 24/11/02 10:54:07 INFO MemoryStore: Block broadcast_0 stored as values in memory (estimated size 104.2 KiB, free 434.3 MiB)
[2024-11-02T10:54:07.662+0000] {spark_submit.py:634} INFO - 24/11/02 10:54:07 INFO MemoryStore: Block broadcast_0_piece0 stored as bytes in memory (estimated size 37.6 KiB, free 434.3 MiB)
[2024-11-02T10:54:07.664+0000] {spark_submit.py:634} INFO - 24/11/02 10:54:07 INFO BlockManagerInfo: Added broadcast_0_piece0 in memory on c9f99735a600:36267 (size: 37.6 KiB, free: 434.4 MiB)
[2024-11-02T10:54:07.667+0000] {spark_submit.py:634} INFO - 24/11/02 10:54:07 INFO SparkContext: Created broadcast 0 from broadcast at DAGScheduler.scala:1585
[2024-11-02T10:54:07.682+0000] {spark_submit.py:634} INFO - 24/11/02 10:54:07 INFO DAGScheduler: Submitting 1 missing tasks from ResultStage 0 (MapPartitionsRDD[1] at parquet at NativeMethodAccessorImpl.java:0) (first 15 tasks are for partitions Vector(0))
[2024-11-02T10:54:07.684+0000] {spark_submit.py:634} INFO - 24/11/02 10:54:07 INFO TaskSchedulerImpl: Adding task set 0.0 with 1 tasks resource profile 0
[2024-11-02T10:54:07.725+0000] {spark_submit.py:634} INFO - 24/11/02 10:54:07 INFO TaskSetManager: Starting task 0.0 in stage 0.0 (TID 0) (c9f99735a600, executor driver, partition 0, PROCESS_LOCAL, 9514 bytes)
[2024-11-02T10:54:07.737+0000] {spark_submit.py:634} INFO - 24/11/02 10:54:07 INFO Executor: Running task 0.0 in stage 0.0 (TID 0)
[2024-11-02T10:54:08.020+0000] {spark_submit.py:634} INFO - 24/11/02 10:54:08 INFO Executor: Finished task 0.0 in stage 0.0 (TID 0). 2168 bytes result sent to driver
[2024-11-02T10:54:08.030+0000] {spark_submit.py:634} INFO - 24/11/02 10:54:08 INFO TaskSetManager: Finished task 0.0 in stage 0.0 (TID 0) in 322 ms on c9f99735a600 (executor driver) (1/1)
[2024-11-02T10:54:08.032+0000] {spark_submit.py:634} INFO - 24/11/02 10:54:08 INFO TaskSchedulerImpl: Removed TaskSet 0.0, whose tasks have all completed, from pool
[2024-11-02T10:54:08.036+0000] {spark_submit.py:634} INFO - 24/11/02 10:54:08 INFO DAGScheduler: ResultStage 0 (parquet at NativeMethodAccessorImpl.java:0) finished in 0.441 s
[2024-11-02T10:54:08.038+0000] {spark_submit.py:634} INFO - 24/11/02 10:54:08 INFO DAGScheduler: Job 0 is finished. Cancelling potential speculative or zombie tasks for this job
[2024-11-02T10:54:08.039+0000] {spark_submit.py:634} INFO - 24/11/02 10:54:08 INFO TaskSchedulerImpl: Killing all running tasks in stage 0: Stage finished
[2024-11-02T10:54:08.042+0000] {spark_submit.py:634} INFO - 24/11/02 10:54:08 INFO DAGScheduler: Job 0 finished: parquet at NativeMethodAccessorImpl.java:0, took 0.471212 s
[2024-11-02T10:54:08.107+0000] {spark_submit.py:634} INFO - 24/11/02 10:54:08 INFO BlockManagerInfo: Removed broadcast_0_piece0 on c9f99735a600:36267 in memory (size: 37.6 KiB, free: 434.4 MiB)
[2024-11-02T10:54:08.831+0000] {spark_submit.py:634} INFO - 24/11/02 10:54:08 INFO FileSourceStrategy: Pushed Filters:
[2024-11-02T10:54:08.832+0000] {spark_submit.py:634} INFO - 24/11/02 10:54:08 INFO FileSourceStrategy: Post-Scan Filters:
[2024-11-02T10:54:09.190+0000] {spark_submit.py:634} INFO - 24/11/02 10:54:09 INFO CodeGenerator: Code generated in 186.590996 ms
[2024-11-02T10:54:09.202+0000] {spark_submit.py:634} INFO - 24/11/02 10:54:09 INFO MemoryStore: Block broadcast_1 stored as values in memory (estimated size 203.1 KiB, free 434.2 MiB)
[2024-11-02T10:54:09.211+0000] {spark_submit.py:634} INFO - 24/11/02 10:54:09 INFO MemoryStore: Block broadcast_1_piece0 stored as bytes in memory (estimated size 35.6 KiB, free 434.2 MiB)
[2024-11-02T10:54:09.212+0000] {spark_submit.py:634} INFO - 24/11/02 10:54:09 INFO BlockManagerInfo: Added broadcast_1_piece0 in memory on c9f99735a600:36267 (size: 35.6 KiB, free: 434.4 MiB)
[2024-11-02T10:54:09.213+0000] {spark_submit.py:634} INFO - 24/11/02 10:54:09 INFO SparkContext: Created broadcast 1 from showString at NativeMethodAccessorImpl.java:0
[2024-11-02T10:54:09.236+0000] {spark_submit.py:634} INFO - 24/11/02 10:54:09 INFO FileSourceScanExec: Planning scan with bin packing, max size: 101039239 bytes, open cost is considered as scanning 4194304 bytes.
[2024-11-02T10:54:09.282+0000] {spark_submit.py:634} INFO - 24/11/02 10:54:09 INFO SparkContext: Starting job: showString at NativeMethodAccessorImpl.java:0
[2024-11-02T10:54:09.284+0000] {spark_submit.py:634} INFO - 24/11/02 10:54:09 INFO DAGScheduler: Got job 1 (showString at NativeMethodAccessorImpl.java:0) with 1 output partitions
[2024-11-02T10:54:09.284+0000] {spark_submit.py:634} INFO - 24/11/02 10:54:09 INFO DAGScheduler: Final stage: ResultStage 1 (showString at NativeMethodAccessorImpl.java:0)
[2024-11-02T10:54:09.285+0000] {spark_submit.py:634} INFO - 24/11/02 10:54:09 INFO DAGScheduler: Parents of final stage: List()
[2024-11-02T10:54:09.285+0000] {spark_submit.py:634} INFO - 24/11/02 10:54:09 INFO DAGScheduler: Missing parents: List()
[2024-11-02T10:54:09.286+0000] {spark_submit.py:634} INFO - 24/11/02 10:54:09 INFO DAGScheduler: Submitting ResultStage 1 (MapPartitionsRDD[5] at showString at NativeMethodAccessorImpl.java:0), which has no missing parents
[2024-11-02T10:54:09.315+0000] {spark_submit.py:634} INFO - 24/11/02 10:54:09 INFO MemoryStore: Block broadcast_2 stored as values in memory (estimated size 19.8 KiB, free 434.1 MiB)
[2024-11-02T10:54:09.317+0000] {spark_submit.py:634} INFO - 24/11/02 10:54:09 INFO MemoryStore: Block broadcast_2_piece0 stored as bytes in memory (estimated size 7.6 KiB, free 434.1 MiB)
[2024-11-02T10:54:09.318+0000] {spark_submit.py:634} INFO - 24/11/02 10:54:09 INFO BlockManagerInfo: Added broadcast_2_piece0 in memory on c9f99735a600:36267 (size: 7.6 KiB, free: 434.4 MiB)
[2024-11-02T10:54:09.319+0000] {spark_submit.py:634} INFO - 24/11/02 10:54:09 INFO SparkContext: Created broadcast 2 from broadcast at DAGScheduler.scala:1585
[2024-11-02T10:54:09.320+0000] {spark_submit.py:634} INFO - 24/11/02 10:54:09 INFO DAGScheduler: Submitting 1 missing tasks from ResultStage 1 (MapPartitionsRDD[5] at showString at NativeMethodAccessorImpl.java:0) (first 15 tasks are for partitions Vector(0))
[2024-11-02T10:54:09.321+0000] {spark_submit.py:634} INFO - 24/11/02 10:54:09 INFO TaskSchedulerImpl: Adding task set 1.0 with 1 tasks resource profile 0
[2024-11-02T10:54:09.327+0000] {spark_submit.py:634} INFO - 24/11/02 10:54:09 INFO TaskSetManager: Starting task 0.0 in stage 1.0 (TID 1) (c9f99735a600, executor driver, partition 0, PROCESS_LOCAL, 14702 bytes)
[2024-11-02T10:54:09.329+0000] {spark_submit.py:634} INFO - 24/11/02 10:54:09 INFO Executor: Running task 0.0 in stage 1.0 (TID 1)
[2024-11-02T10:54:09.388+0000] {spark_submit.py:634} INFO - 24/11/02 10:54:09 INFO CodeGenerator: Code generated in 25.890524 ms
[2024-11-02T10:54:09.391+0000] {spark_submit.py:634} INFO - 24/11/02 10:54:09 INFO FileScanRDD: Reading File path: file:///opt/***/datalake/silverzone/kabum_2024-10-08/processador_k.parquet/part-00000-19df25d0-5684-4c80-b499-17fabbef906c-c000.snappy.parquet, range: 0-26931, partition values: [empty row]
[2024-11-02T10:54:09.547+0000] {spark_submit.py:634} INFO - 24/11/02 10:54:09 INFO CodecPool: Got brand-new decompressor [.snappy]
[2024-11-02T10:54:09.664+0000] {spark_submit.py:634} INFO - 24/11/02 10:54:09 INFO Executor: Finished task 0.0 in stage 1.0 (TID 1). 4014 bytes result sent to driver
[2024-11-02T10:54:09.666+0000] {spark_submit.py:634} INFO - 24/11/02 10:54:09 INFO TaskSetManager: Finished task 0.0 in stage 1.0 (TID 1) in 344 ms on c9f99735a600 (executor driver) (1/1)
[2024-11-02T10:54:09.667+0000] {spark_submit.py:634} INFO - 24/11/02 10:54:09 INFO DAGScheduler: ResultStage 1 (showString at NativeMethodAccessorImpl.java:0) finished in 0.373 s
[2024-11-02T10:54:09.667+0000] {spark_submit.py:634} INFO - 24/11/02 10:54:09 INFO DAGScheduler: Job 1 is finished. Cancelling potential speculative or zombie tasks for this job
[2024-11-02T10:54:09.668+0000] {spark_submit.py:634} INFO - 24/11/02 10:54:09 INFO TaskSchedulerImpl: Removed TaskSet 1.0, whose tasks have all completed, from pool
[2024-11-02T10:54:09.668+0000] {spark_submit.py:634} INFO - 24/11/02 10:54:09 INFO TaskSchedulerImpl: Killing all running tasks in stage 1: Stage finished
[2024-11-02T10:54:09.669+0000] {spark_submit.py:634} INFO - 24/11/02 10:54:09 INFO DAGScheduler: Job 1 finished: showString at NativeMethodAccessorImpl.java:0, took 0.385571 s
[2024-11-02T10:54:09.897+0000] {spark_submit.py:634} INFO - 24/11/02 10:54:09 INFO BlockManagerInfo: Removed broadcast_2_piece0 on c9f99735a600:36267 in memory (size: 7.6 KiB, free: 434.4 MiB)
[2024-11-02T10:54:10.437+0000] {spark_submit.py:634} INFO - 24/11/02 10:54:10 INFO CodeGenerator: Code generated in 17.259549 ms
[2024-11-02T10:54:10.451+0000] {spark_submit.py:634} INFO - +--------------+--------------------+-------+---------------+-----+-------+--------------------+----------+
[2024-11-02T10:54:10.452+0000] {spark_submit.py:634} INFO - |id_processador|               marca| modelo|frequencia_base|cache|  value|                link|dataColect|
[2024-11-02T10:54:10.452+0000] {spark_submit.py:634} INFO - +--------------+--------------------+-------+---------------+-----+-------+--------------------+----------+
[2024-11-02T10:54:10.453+0000] {spark_submit.py:634} INFO - |             1|PROCESSADOR AMD R...|RYZEN 7|            4.1|    4|1398.99|https://www.kabum...|2024-10-08|
[2024-11-02T10:54:10.453+0000] {spark_submit.py:634} INFO - |             2|PROCESSADOR AMD R...|RYZEN 5|            4.6|    4| 847.99|https://www.kabum...|2024-10-08|
[2024-11-02T10:54:10.454+0000] {spark_submit.py:634} INFO - |             3|PROCESSADOR AMD R...|RYZEN 7|            3.4|   36|1249.99|https://www.kabum...|2024-10-08|
[2024-11-02T10:54:10.454+0000] {spark_submit.py:634} INFO - |             4|PROCESSADOR INTEL...|CORE I5|            2.5|   18| 669.99|https://www.kabum...|2024-10-08|
[2024-11-02T10:54:10.454+0000] {spark_submit.py:634} INFO - |             5|PROCESSADOR AMD R...|RYZEN 5|            3.5|   35| 859.99|https://www.kabum...|2024-10-08|
[2024-11-02T10:54:10.455+0000] {spark_submit.py:634} INFO - |             6|PROCESSADOR AMD R...|RYZEN 5|            3.7|   35|2093.60|https://www.kabum...|2024-10-08|
[2024-11-02T10:54:10.455+0000] {spark_submit.py:634} INFO - |             7|PROCESSADOR AMD R...|RYZEN 5|            3.6|   19| 698.99|https://www.kabum...|2024-10-08|
[2024-11-02T10:54:10.455+0000] {spark_submit.py:634} INFO - |             8|PROCESSADOR AMD R...|RYZEN 3|            3.6|    4| 398.99|https://www.kabum...|2024-10-08|
[2024-11-02T10:54:10.456+0000] {spark_submit.py:634} INFO - |             9|PROCESSADOR AMD R...|RYZEN 7|            5.0|  104|2897.99|https://www.kabum...|2024-10-08|
[2024-11-02T10:54:10.456+0000] {spark_submit.py:634} INFO - |            10|PROCESSADOR AMD R...|RYZEN 7|            3.8|   20|2299.05|https://www.kabum...|2024-10-08|
[2024-11-02T10:54:10.457+0000] {spark_submit.py:634} INFO - |            11|PROCESSADOR AMD R...|RYZEN 7|            3.8|   36|1399.99|https://www.kabum...|2024-10-08|
[2024-11-02T10:54:10.458+0000] {spark_submit.py:634} INFO - |            12|PROCESSADOR AMD R...|RYZEN 5|            3.7|   11|1255.21|https://www.kabum...|2024-10-08|
[2024-11-02T10:54:10.458+0000] {spark_submit.py:634} INFO - |            13|PROCESSADOR AMD R...|RYZEN 5|            3.6|   11| 569.99|https://www.kabum...|2024-10-08|
[2024-11-02T10:54:10.459+0000] {spark_submit.py:634} INFO - |            14|PROCESSADOR AMD R...|RYZEN 5|            3.6|   16| 600.69|https://www.kabum...|2024-10-08|
[2024-11-02T10:54:10.459+0000] {spark_submit.py:634} INFO - |            15|PROCESSADOR INTEL...|CORE I5|            2.9|   12| 599.99|https://www.kabum...|2024-10-08|
[2024-11-02T10:54:10.460+0000] {spark_submit.py:634} INFO - |            16|PROCESSADOR AMD R...|RYZEN 5|            4.6|   19| 803.45|https://www.kabum...|2024-10-08|
[2024-11-02T10:54:10.460+0000] {spark_submit.py:634} INFO - |            17|PROCESSADOR AMD R...|RYZEN 5|            5.0|   22|1099.99|https://www.kabum...|2024-10-08|
[2024-11-02T10:54:10.461+0000] {spark_submit.py:634} INFO - |            18|PROCESSADOR INTEL...|CORE I3|            3.7|    6| 599.99|https://www.kabum...|2024-10-08|
[2024-11-02T10:54:10.461+0000] {spark_submit.py:634} INFO - |            19|PROCESSADOR INTEL...|CORE I5|            2.5|   18| 899.99|https://www.kabum...|2024-10-08|
[2024-11-02T10:54:10.461+0000] {spark_submit.py:634} INFO - |            20|PROCESSADOR AMD R...|RYZEN 9|            3.7|   70|1999.99|https://www.kabum...|2024-10-08|
[2024-11-02T10:54:10.461+0000] {spark_submit.py:634} INFO - +--------------+--------------------+-------+---------------+-----+-------+--------------------+----------+
[2024-11-02T10:54:10.462+0000] {spark_submit.py:634} INFO - only showing top 20 rows
[2024-11-02T10:54:10.462+0000] {spark_submit.py:634} INFO - 
[2024-11-02T10:54:10.523+0000] {spark_submit.py:634} INFO - Traceback (most recent call last):
[2024-11-02T10:54:10.524+0000] {spark_submit.py:634} INFO - File "/opt/bitnami/spark/src/scripts_spark/LoadFileToDB.py", line 138, in <module>
[2024-11-02T10:54:10.525+0000] {spark_submit.py:634} INFO - .wihtColumnRenamed('modelo','model')\
[2024-11-02T10:54:10.526+0000] {spark_submit.py:634} INFO - ^^^^^^^^^^^^^^^^^
[2024-11-02T10:54:10.526+0000] {spark_submit.py:634} INFO - File "/home/***/.local/lib/python3.12/site-packages/pyspark/python/lib/pyspark.zip/pyspark/sql/dataframe.py", line 3129, in __getattr__
[2024-11-02T10:54:10.527+0000] {spark_submit.py:634} INFO - AttributeError: 'DataFrame' object has no attribute 'wihtColumnRenamed'. Did you mean: 'withColumnRenamed'?
[2024-11-02T10:54:10.529+0000] {spark_submit.py:634} INFO - [2024-11-02T10:54:10.529+0000] {clientserver.py:543} INFO - Closing down clientserver connection
[2024-11-02T10:54:10.958+0000] {spark_submit.py:634} INFO - 24/11/02 10:54:10 INFO SparkContext: Invoking stop() from shutdown hook
[2024-11-02T10:54:10.961+0000] {spark_submit.py:634} INFO - 24/11/02 10:54:10 INFO SparkContext: SparkContext is stopping with exitCode 0.
[2024-11-02T10:54:10.972+0000] {spark_submit.py:634} INFO - 24/11/02 10:54:10 INFO SparkUI: Stopped Spark web UI at http://c9f99735a600:4040
[2024-11-02T10:54:10.989+0000] {spark_submit.py:634} INFO - 24/11/02 10:54:10 INFO MapOutputTrackerMasterEndpoint: MapOutputTrackerMasterEndpoint stopped!
[2024-11-02T10:54:11.008+0000] {spark_submit.py:634} INFO - 24/11/02 10:54:11 INFO MemoryStore: MemoryStore cleared
[2024-11-02T10:54:11.009+0000] {spark_submit.py:634} INFO - 24/11/02 10:54:11 INFO BlockManager: BlockManager stopped
[2024-11-02T10:54:11.016+0000] {spark_submit.py:634} INFO - 24/11/02 10:54:11 INFO BlockManagerMaster: BlockManagerMaster stopped
[2024-11-02T10:54:11.038+0000] {spark_submit.py:634} INFO - 24/11/02 10:54:11 INFO OutputCommitCoordinator$OutputCommitCoordinatorEndpoint: OutputCommitCoordinator stopped!
[2024-11-02T10:54:11.082+0000] {spark_submit.py:634} INFO - 24/11/02 10:54:11 INFO SparkContext: Successfully stopped SparkContext
[2024-11-02T10:54:11.085+0000] {spark_submit.py:634} INFO - 24/11/02 10:54:11 INFO ShutdownHookManager: Shutdown hook called
[2024-11-02T10:54:11.093+0000] {spark_submit.py:634} INFO - 24/11/02 10:54:11 INFO ShutdownHookManager: Deleting directory /tmp/spark-f8187c54-c9a3-40d9-bcd2-fd5766463150
[2024-11-02T10:54:11.102+0000] {spark_submit.py:634} INFO - 24/11/02 10:54:11 INFO ShutdownHookManager: Deleting directory /tmp/spark-c6e06eb8-6c98-4a14-98e2-6ecaf8dab631
[2024-11-02T10:54:11.107+0000] {spark_submit.py:634} INFO - 24/11/02 10:54:11 INFO ShutdownHookManager: Deleting directory /tmp/spark-c6e06eb8-6c98-4a14-98e2-6ecaf8dab631/pyspark-aabe7b15-0369-4f34-8ca6-4ce97c1e8a75
[2024-11-02T10:54:11.158+0000] {taskinstance.py:3310} ERROR - Task failed with exception
Traceback (most recent call last):
  File "/home/airflow/.local/lib/python3.12/site-packages/airflow/models/taskinstance.py", line 767, in _execute_task
    result = _execute_callable(context=context, **execute_callable_kwargs)
             ^^^^^^^^^^^^^^^^^^^^^^^^^^^^^^^^^^^^^^^^^^^^^^^^^^^^^^^^^^^^^
  File "/home/airflow/.local/lib/python3.12/site-packages/airflow/models/taskinstance.py", line 733, in _execute_callable
    return ExecutionCallableRunner(
           ^^^^^^^^^^^^^^^^^^^^^^^^
  File "/home/airflow/.local/lib/python3.12/site-packages/airflow/utils/operator_helpers.py", line 252, in run
    return self.func(*args, **kwargs)
           ^^^^^^^^^^^^^^^^^^^^^^^^^^
  File "/home/airflow/.local/lib/python3.12/site-packages/airflow/models/baseoperator.py", line 406, in wrapper
    return func(self, *args, **kwargs)
           ^^^^^^^^^^^^^^^^^^^^^^^^^^^
  File "/home/airflow/.local/lib/python3.12/site-packages/airflow/providers/apache/spark/operators/spark_submit.py", line 176, in execute
    self._hook.submit(self.application)
  File "/home/airflow/.local/lib/python3.12/site-packages/airflow/providers/apache/spark/hooks/spark_submit.py", line 560, in submit
    raise AirflowException(
airflow.exceptions.AirflowException: Cannot execute: spark-submit --master spark://spark:7077 --driver-class-path /opt/***/jars/postgresql-42.5.0.jar --jars /opt/***/jars/postgresql-42.5.0.jar --packages org.postgresql:postgresql:42.5.0 --name arrow-spark --deploy-mode client /opt/bitnami/spark/src/scripts_spark/LoadFileToDB.py. Error code is: 1.
[2024-11-02T10:54:11.161+0000] {taskinstance.py:1225} INFO - Marking task as FAILED. dag_id=LoadWebScraping, task_id=insert, run_id=manual__2024-11-02T10:53:51.566708+00:00, execution_date=20241102T105351, start_date=20241102T105355, end_date=20241102T105411
[2024-11-02T10:54:11.174+0000] {taskinstance.py:340} INFO - ::group::Post task execution logs
[2024-11-02T10:54:11.175+0000] {standard_task_runner.py:124} ERROR - Failed to execute job 154 for task insert (Cannot execute: spark-submit --master spark://spark:7077 --driver-class-path /opt/***/jars/postgresql-42.5.0.jar --jars /opt/***/jars/postgresql-42.5.0.jar --packages org.postgresql:postgresql:42.5.0 --name arrow-spark --deploy-mode client /opt/bitnami/spark/src/scripts_spark/LoadFileToDB.py. Error code is: 1.; 903)
Traceback (most recent call last):
  File "/home/airflow/.local/lib/python3.12/site-packages/airflow/task/task_runner/standard_task_runner.py", line 117, in _start_by_fork
    ret = args.func(args, dag=self.dag)
          ^^^^^^^^^^^^^^^^^^^^^^^^^^^^^
  File "/home/airflow/.local/lib/python3.12/site-packages/airflow/cli/cli_config.py", line 49, in command
    return func(*args, **kwargs)
           ^^^^^^^^^^^^^^^^^^^^^
  File "/home/airflow/.local/lib/python3.12/site-packages/airflow/utils/cli.py", line 115, in wrapper
    return f(*args, **kwargs)
           ^^^^^^^^^^^^^^^^^^
  File "/home/airflow/.local/lib/python3.12/site-packages/airflow/cli/commands/task_command.py", line 483, in task_run
    task_return_code = _run_task_by_selected_method(args, _dag, ti)
                       ^^^^^^^^^^^^^^^^^^^^^^^^^^^^^^^^^^^^^^^^^^^^
  File "/home/airflow/.local/lib/python3.12/site-packages/airflow/cli/commands/task_command.py", line 256, in _run_task_by_selected_method
    return _run_raw_task(args, ti)
           ^^^^^^^^^^^^^^^^^^^^^^^
  File "/home/airflow/.local/lib/python3.12/site-packages/airflow/cli/commands/task_command.py", line 341, in _run_raw_task
    return ti._run_raw_task(
           ^^^^^^^^^^^^^^^^^
  File "/home/airflow/.local/lib/python3.12/site-packages/airflow/utils/session.py", line 97, in wrapper
    return func(*args, session=session, **kwargs)
           ^^^^^^^^^^^^^^^^^^^^^^^^^^^^^^^^^^^^^^
  File "/home/airflow/.local/lib/python3.12/site-packages/airflow/models/taskinstance.py", line 3004, in _run_raw_task
    return _run_raw_task(
           ^^^^^^^^^^^^^^
  File "/home/airflow/.local/lib/python3.12/site-packages/airflow/models/taskinstance.py", line 273, in _run_raw_task
    TaskInstance._execute_task_with_callbacks(
  File "/home/airflow/.local/lib/python3.12/site-packages/airflow/models/taskinstance.py", line 3158, in _execute_task_with_callbacks
    result = self._execute_task(context, task_orig)
             ^^^^^^^^^^^^^^^^^^^^^^^^^^^^^^^^^^^^^^
  File "/home/airflow/.local/lib/python3.12/site-packages/airflow/models/taskinstance.py", line 3182, in _execute_task
    return _execute_task(self, context, task_orig)
           ^^^^^^^^^^^^^^^^^^^^^^^^^^^^^^^^^^^^^^^
  File "/home/airflow/.local/lib/python3.12/site-packages/airflow/models/taskinstance.py", line 767, in _execute_task
    result = _execute_callable(context=context, **execute_callable_kwargs)
             ^^^^^^^^^^^^^^^^^^^^^^^^^^^^^^^^^^^^^^^^^^^^^^^^^^^^^^^^^^^^^
  File "/home/airflow/.local/lib/python3.12/site-packages/airflow/models/taskinstance.py", line 733, in _execute_callable
    return ExecutionCallableRunner(
           ^^^^^^^^^^^^^^^^^^^^^^^^
  File "/home/airflow/.local/lib/python3.12/site-packages/airflow/utils/operator_helpers.py", line 252, in run
    return self.func(*args, **kwargs)
           ^^^^^^^^^^^^^^^^^^^^^^^^^^
  File "/home/airflow/.local/lib/python3.12/site-packages/airflow/models/baseoperator.py", line 406, in wrapper
    return func(self, *args, **kwargs)
           ^^^^^^^^^^^^^^^^^^^^^^^^^^^
  File "/home/airflow/.local/lib/python3.12/site-packages/airflow/providers/apache/spark/operators/spark_submit.py", line 176, in execute
    self._hook.submit(self.application)
  File "/home/airflow/.local/lib/python3.12/site-packages/airflow/providers/apache/spark/hooks/spark_submit.py", line 560, in submit
    raise AirflowException(
airflow.exceptions.AirflowException: Cannot execute: spark-submit --master spark://spark:7077 --driver-class-path /opt/***/jars/postgresql-42.5.0.jar --jars /opt/***/jars/postgresql-42.5.0.jar --packages org.postgresql:postgresql:42.5.0 --name arrow-spark --deploy-mode client /opt/bitnami/spark/src/scripts_spark/LoadFileToDB.py. Error code is: 1.
[2024-11-02T10:54:11.186+0000] {local_task_job_runner.py:266} INFO - Task exited with return code 1
[2024-11-02T10:54:11.194+0000] {local_task_job_runner.py:245} INFO - ::endgroup::
