[2024-11-01T11:35:41.634+0000] {local_task_job_runner.py:123} INFO - ::group::Pre task execution logs
[2024-11-01T11:35:41.655+0000] {taskinstance.py:2612} INFO - Dependencies all met for dep_context=non-requeueable deps ti=<TaskInstance: pipeline_webscraping.pichau_tasks.spark_submit_job manual__2024-11-01T11:35:38.419872+00:00 [queued]>
[2024-11-01T11:35:41.668+0000] {taskinstance.py:2612} INFO - Dependencies all met for dep_context=requeueable deps ti=<TaskInstance: pipeline_webscraping.pichau_tasks.spark_submit_job manual__2024-11-01T11:35:38.419872+00:00 [queued]>
[2024-11-01T11:35:41.670+0000] {taskinstance.py:2865} INFO - Starting attempt 1 of 1
[2024-11-01T11:35:41.699+0000] {taskinstance.py:2888} INFO - Executing <Task(SparkSubmitOperator): pichau_tasks.spark_submit_job> on 2024-11-01 11:35:38.419872+00:00
[2024-11-01T11:35:41.714+0000] {standard_task_runner.py:104} INFO - Running: ['***', 'tasks', 'run', 'pipeline_webscraping', 'pichau_tasks.spark_submit_job', 'manual__2024-11-01T11:35:38.419872+00:00', '--job-id', '35', '--raw', '--subdir', 'DAGS_FOLDER/DagWebScraping.py', '--cfg-path', '/tmp/tmp_ygo3mk5']
[2024-11-01T11:35:41.718+0000] {standard_task_runner.py:105} INFO - Job 35: Subtask pichau_tasks.spark_submit_job
[2024-11-01T11:35:41.718+0000] {warnings.py:112} WARNING - /home/***/.local/lib/python3.12/site-packages/***/task/task_runner/standard_task_runner.py:70: DeprecationWarning: This process (pid=1485) is multi-threaded, use of fork() may lead to deadlocks in the child.
  pid = os.fork()

[2024-11-01T11:35:41.719+0000] {standard_task_runner.py:72} INFO - Started process 1489 to run task
[2024-11-01T11:35:41.946+0000] {task_command.py:467} INFO - Running <TaskInstance: pipeline_webscraping.pichau_tasks.spark_submit_job manual__2024-11-01T11:35:38.419872+00:00 [running]> on host b6f3296945ba
[2024-11-01T11:35:42.295+0000] {taskinstance.py:3131} INFO - Exporting env vars: AIRFLOW_CTX_DAG_OWNER='***' AIRFLOW_CTX_DAG_ID='pipeline_webscraping' AIRFLOW_CTX_TASK_ID='pichau_tasks.spark_submit_job' AIRFLOW_CTX_EXECUTION_DATE='2024-11-01T11:35:38.419872+00:00' AIRFLOW_CTX_TRY_NUMBER='1' AIRFLOW_CTX_DAG_RUN_ID='manual__2024-11-01T11:35:38.419872+00:00'
[2024-11-01T11:35:42.301+0000] {taskinstance.py:731} INFO - ::endgroup::
[2024-11-01T11:35:42.359+0000] {base.py:84} INFO - Retrieving connection 'spark_default'
[2024-11-01T11:35:42.368+0000] {spark_submit.py:327} ERROR - Failed to decode base64 keytab: Incorrect padding
[2024-11-01T11:35:42.378+0000] {spark_submit.py:304} INFO - Could not load connection string spark_default, defaulting to spark://spark:7077
[2024-11-01T11:35:42.381+0000] {spark_submit.py:473} INFO - Spark-Submit cmd: spark-submit --master spark://spark:7077 --conf spark.executor.memory=2g --conf spark.driver.memory=2g --conf spark.executor.instances=1 --conf spark.executor.cores=1 --conf fs.s3a.endpoint=http://minio:9000 --conf fs.s3a.access.key=AVcyU1dIcrfI88EqIa7p --conf fs.s3a.secret.key=****** --conf fs.s3a.path.style.access=true --packages org.apache.hadoop:hadoop-aws:3.3.1 --name arrow-spark --verbose --deploy-mode client /opt/bitnami/spark/src/scripts_spark/WebScraping_Transformation.py --json_file_path s3a://rawzone/pichau/pichau_2024-10-27/data.json
[2024-11-01T11:35:44.187+0000] {spark_submit.py:634} INFO - Using properties file: null
[2024-11-01T11:35:44.190+0000] {spark_submit.py:634} INFO - Warning: Ignoring non-Spark config property: fs.s3a.endpoint
[2024-11-01T11:35:44.190+0000] {spark_submit.py:634} INFO - Warning: Ignoring non-Spark config property: fs.s3a.access.key
[2024-11-01T11:35:44.191+0000] {spark_submit.py:634} INFO - Warning: Ignoring non-Spark config property: fs.s3a.path.style.access
[2024-11-01T11:35:44.191+0000] {spark_submit.py:634} INFO - Warning: Ignoring non-Spark config property: fs.s3a.secret.key
[2024-11-01T11:35:44.320+0000] {spark_submit.py:634} INFO - Parsed arguments:
[2024-11-01T11:35:44.321+0000] {spark_submit.py:634} INFO - master                  spark://spark:7077
[2024-11-01T11:35:44.321+0000] {spark_submit.py:634} INFO - remote                  null
[2024-11-01T11:35:44.322+0000] {spark_submit.py:634} INFO - deployMode              client
[2024-11-01T11:35:44.322+0000] {spark_submit.py:634} INFO - executorMemory          2g
[2024-11-01T11:35:44.322+0000] {spark_submit.py:634} INFO - executorCores           1
[2024-11-01T11:35:44.323+0000] {spark_submit.py:634} INFO - totalExecutorCores      null
[2024-11-01T11:35:44.323+0000] {spark_submit.py:634} INFO - propertiesFile          null
[2024-11-01T11:35:44.324+0000] {spark_submit.py:634} INFO - driverMemory            2g
[2024-11-01T11:35:44.324+0000] {spark_submit.py:634} INFO - driverCores             null
[2024-11-01T11:35:44.324+0000] {spark_submit.py:634} INFO - driverExtraClassPath    null
[2024-11-01T11:35:44.325+0000] {spark_submit.py:634} INFO - driverExtraLibraryPath  null
[2024-11-01T11:35:44.328+0000] {spark_submit.py:634} INFO - driverExtraJavaOptions  null
[2024-11-01T11:35:44.329+0000] {spark_submit.py:634} INFO - supervise               false
[2024-11-01T11:35:44.329+0000] {spark_submit.py:634} INFO - queue                   null
[2024-11-01T11:35:44.330+0000] {spark_submit.py:634} INFO - numExecutors            1
[2024-11-01T11:35:44.330+0000] {spark_submit.py:634} INFO - files                   null
[2024-11-01T11:35:44.330+0000] {spark_submit.py:634} INFO - pyFiles                 null
[2024-11-01T11:35:44.331+0000] {spark_submit.py:634} INFO - archives                null
[2024-11-01T11:35:44.331+0000] {spark_submit.py:634} INFO - mainClass               null
[2024-11-01T11:35:44.332+0000] {spark_submit.py:634} INFO - primaryResource         file:/opt/bitnami/spark/src/scripts_spark/WebScraping_Transformation.py
[2024-11-01T11:35:44.332+0000] {spark_submit.py:634} INFO - name                    arrow-spark
[2024-11-01T11:35:44.333+0000] {spark_submit.py:634} INFO - childArgs               [--json_file_path s3a://rawzone/pichau/pichau_2024-10-27/data.json]
[2024-11-01T11:35:44.333+0000] {spark_submit.py:634} INFO - jars                    null
[2024-11-01T11:35:44.333+0000] {spark_submit.py:634} INFO - packages                org.apache.hadoop:hadoop-aws:3.3.1
[2024-11-01T11:35:44.334+0000] {spark_submit.py:634} INFO - packagesExclusions      null
[2024-11-01T11:35:44.334+0000] {spark_submit.py:634} INFO - repositories            null
[2024-11-01T11:35:44.335+0000] {spark_submit.py:634} INFO - verbose                 true
[2024-11-01T11:35:44.335+0000] {spark_submit.py:634} INFO - 
[2024-11-01T11:35:44.335+0000] {spark_submit.py:634} INFO - Spark properties used, including those specified through
[2024-11-01T11:35:44.336+0000] {spark_submit.py:634} INFO - --conf and those from the properties file null:
[2024-11-01T11:35:44.336+0000] {spark_submit.py:634} INFO - (spark.driver.memory,2g)
[2024-11-01T11:35:44.337+0000] {spark_submit.py:634} INFO - (spark.executor.cores,1)
[2024-11-01T11:35:44.337+0000] {spark_submit.py:634} INFO - (spark.executor.instances,1)
[2024-11-01T11:35:44.337+0000] {spark_submit.py:634} INFO - (spark.executor.memory,2g)
[2024-11-01T11:35:44.338+0000] {spark_submit.py:634} INFO - 
[2024-11-01T11:35:44.338+0000] {spark_submit.py:634} INFO - 
[2024-11-01T11:35:44.580+0000] {spark_submit.py:634} INFO - :: loading settings :: url = jar:file:/home/***/.local/lib/python3.12/site-packages/pyspark/jars/ivy-2.5.1.jar!/org/apache/ivy/core/settings/ivysettings.xml
[2024-11-01T11:35:44.708+0000] {spark_submit.py:634} INFO - Ivy Default Cache set to: /home/***/.ivy2/cache
[2024-11-01T11:35:44.711+0000] {spark_submit.py:634} INFO - The jars for the packages stored in: /home/***/.ivy2/jars
[2024-11-01T11:35:44.717+0000] {spark_submit.py:634} INFO - org.apache.hadoop#hadoop-aws added as a dependency
[2024-11-01T11:35:44.719+0000] {spark_submit.py:634} INFO - :: resolving dependencies :: org.apache.spark#spark-submit-parent-567417f8-2408-45fb-be8f-7892372eefa3;1.0
[2024-11-01T11:35:44.723+0000] {spark_submit.py:634} INFO - confs: [default]
[2024-11-01T11:35:44.914+0000] {spark_submit.py:634} INFO - found org.apache.hadoop#hadoop-aws;3.3.1 in central
[2024-11-01T11:35:44.935+0000] {spark_submit.py:634} INFO - found com.amazonaws#aws-java-sdk-bundle;1.11.901 in central
[2024-11-01T11:35:44.968+0000] {spark_submit.py:634} INFO - found org.wildfly.openssl#wildfly-openssl;1.0.7.Final in central
[2024-11-01T11:35:44.987+0000] {spark_submit.py:634} INFO - :: resolution report :: resolve 261ms :: artifacts dl 7ms
[2024-11-01T11:35:44.987+0000] {spark_submit.py:634} INFO - :: modules in use:
[2024-11-01T11:35:44.988+0000] {spark_submit.py:634} INFO - com.amazonaws#aws-java-sdk-bundle;1.11.901 from central in [default]
[2024-11-01T11:35:44.988+0000] {spark_submit.py:634} INFO - org.apache.hadoop#hadoop-aws;3.3.1 from central in [default]
[2024-11-01T11:35:44.989+0000] {spark_submit.py:634} INFO - org.wildfly.openssl#wildfly-openssl;1.0.7.Final from central in [default]
[2024-11-01T11:35:44.989+0000] {spark_submit.py:634} INFO - ---------------------------------------------------------------------
[2024-11-01T11:35:44.990+0000] {spark_submit.py:634} INFO - |                  |            modules            ||   artifacts   |
[2024-11-01T11:35:44.990+0000] {spark_submit.py:634} INFO - |       conf       | number| search|dwnlded|evicted|| number|dwnlded|
[2024-11-01T11:35:44.991+0000] {spark_submit.py:634} INFO - ---------------------------------------------------------------------
[2024-11-01T11:35:44.991+0000] {spark_submit.py:634} INFO - |      default     |   3   |   0   |   0   |   0   ||   3   |   0   |
[2024-11-01T11:35:44.992+0000] {spark_submit.py:634} INFO - ---------------------------------------------------------------------
[2024-11-01T11:35:44.995+0000] {spark_submit.py:634} INFO - :: retrieving :: org.apache.spark#spark-submit-parent-567417f8-2408-45fb-be8f-7892372eefa3
[2024-11-01T11:35:44.997+0000] {spark_submit.py:634} INFO - confs: [default]
[2024-11-01T11:35:45.000+0000] {spark_submit.py:634} INFO - 0 artifacts copied, 3 already retrieved (0kB/9ms)
[2024-11-01T11:35:45.347+0000] {spark_submit.py:634} INFO - 24/11/01 11:35:45 WARN NativeCodeLoader: Unable to load native-hadoop library for your platform... using builtin-java classes where applicable
[2024-11-01T11:35:45.693+0000] {spark_submit.py:634} INFO - Main class:
[2024-11-01T11:35:45.698+0000] {spark_submit.py:634} INFO - org.apache.spark.deploy.PythonRunner
[2024-11-01T11:35:45.703+0000] {spark_submit.py:634} INFO - Arguments:
[2024-11-01T11:35:45.717+0000] {spark_submit.py:634} INFO - file:/opt/bitnami/spark/src/scripts_spark/WebScraping_Transformation.py
[2024-11-01T11:35:45.718+0000] {spark_submit.py:634} INFO - file:///home/***/.ivy2/jars/org.apache.hadoop_hadoop-aws-3.3.1.jar,file:///home/***/.ivy2/jars/com.amazonaws_aws-java-sdk-bundle-1.11.901.jar,file:///home/***/.ivy2/jars/org.wildfly.openssl_wildfly-openssl-1.0.7.Final.jar
[2024-11-01T11:35:45.720+0000] {spark_submit.py:634} INFO - --json_file_path
[2024-11-01T11:35:45.727+0000] {spark_submit.py:634} INFO - s3a://rawzone/pichau/pichau_2024-10-27/data.json
[2024-11-01T11:35:45.736+0000] {spark_submit.py:634} INFO - Spark config:
[2024-11-01T11:35:45.739+0000] {spark_submit.py:634} INFO - (spark.app.name,arrow-spark)
[2024-11-01T11:35:45.741+0000] {spark_submit.py:634} INFO - (spark.app.submitTime,1730460945642)
[2024-11-01T11:35:45.754+0000] {spark_submit.py:634} INFO - (spark.driver.memory,2g)
[2024-11-01T11:35:45.757+0000] {spark_submit.py:634} INFO - (spark.executor.cores,1)
[2024-11-01T11:35:45.759+0000] {spark_submit.py:634} INFO - (spark.executor.instances,1)
[2024-11-01T11:35:45.763+0000] {spark_submit.py:634} INFO - (spark.executor.memory,2g)
[2024-11-01T11:35:45.782+0000] {spark_submit.py:634} INFO - (spark.files,file:///home/***/.ivy2/jars/org.apache.hadoop_hadoop-aws-3.3.1.jar,file:///home/***/.ivy2/jars/com.amazonaws_aws-java-sdk-bundle-1.11.901.jar,file:///home/***/.ivy2/jars/org.wildfly.openssl_wildfly-openssl-1.0.7.Final.jar)
[2024-11-01T11:35:45.792+0000] {spark_submit.py:634} INFO - (spark.jars,file:///home/***/.ivy2/jars/org.apache.hadoop_hadoop-aws-3.3.1.jar,file:///home/***/.ivy2/jars/com.amazonaws_aws-java-sdk-bundle-1.11.901.jar,file:///home/***/.ivy2/jars/org.wildfly.openssl_wildfly-openssl-1.0.7.Final.jar)
[2024-11-01T11:35:45.795+0000] {spark_submit.py:634} INFO - (spark.master,spark://spark:7077)
[2024-11-01T11:35:45.797+0000] {spark_submit.py:634} INFO - (spark.repl.local.jars,file:///home/***/.ivy2/jars/org.apache.hadoop_hadoop-aws-3.3.1.jar,file:///home/***/.ivy2/jars/com.amazonaws_aws-java-sdk-bundle-1.11.901.jar,file:///home/***/.ivy2/jars/org.wildfly.openssl_wildfly-openssl-1.0.7.Final.jar)
[2024-11-01T11:35:45.798+0000] {spark_submit.py:634} INFO - (spark.submit.deployMode,client)
[2024-11-01T11:35:45.809+0000] {spark_submit.py:634} INFO - (spark.submit.pyFiles,/home/***/.ivy2/jars/org.apache.hadoop_hadoop-aws-3.3.1.jar,/home/***/.ivy2/jars/com.amazonaws_aws-java-sdk-bundle-1.11.901.jar,/home/***/.ivy2/jars/org.wildfly.openssl_wildfly-openssl-1.0.7.Final.jar)
[2024-11-01T11:35:45.818+0000] {spark_submit.py:634} INFO - Classpath elements:
[2024-11-01T11:35:45.834+0000] {spark_submit.py:634} INFO - file:///home/***/.ivy2/jars/org.apache.hadoop_hadoop-aws-3.3.1.jar
[2024-11-01T11:35:45.839+0000] {spark_submit.py:634} INFO - file:///home/***/.ivy2/jars/com.amazonaws_aws-java-sdk-bundle-1.11.901.jar
[2024-11-01T11:35:45.840+0000] {spark_submit.py:634} INFO - file:///home/***/.ivy2/jars/org.wildfly.openssl_wildfly-openssl-1.0.7.Final.jar
[2024-11-01T11:35:45.841+0000] {spark_submit.py:634} INFO - 
[2024-11-01T11:35:45.842+0000] {spark_submit.py:634} INFO - 
[2024-11-01T11:35:47.467+0000] {spark_submit.py:634} INFO - 24/11/01 11:35:47 INFO SparkContext: Running Spark version 3.5.2
[2024-11-01T11:35:47.467+0000] {spark_submit.py:634} INFO - 24/11/01 11:35:47 INFO SparkContext: OS info Linux, 5.15.153.1-microsoft-standard-WSL2, amd64
[2024-11-01T11:35:47.468+0000] {spark_submit.py:634} INFO - 24/11/01 11:35:47 INFO SparkContext: Java version 17.0.13
[2024-11-01T11:35:47.491+0000] {spark_submit.py:634} INFO - 24/11/01 11:35:47 INFO ResourceUtils: ==============================================================
[2024-11-01T11:35:47.492+0000] {spark_submit.py:634} INFO - 24/11/01 11:35:47 INFO ResourceUtils: No custom resources configured for spark.driver.
[2024-11-01T11:35:47.492+0000] {spark_submit.py:634} INFO - 24/11/01 11:35:47 INFO ResourceUtils: ==============================================================
[2024-11-01T11:35:47.493+0000] {spark_submit.py:634} INFO - 24/11/01 11:35:47 INFO SparkContext: Submitted application: arrow-spark
[2024-11-01T11:35:47.517+0000] {spark_submit.py:634} INFO - 24/11/01 11:35:47 INFO ResourceProfile: Default ResourceProfile created, executor resources: Map(cores -> name: cores, amount: 1, script: , vendor: , memory -> name: memory, amount: 2048, script: , vendor: , offHeap -> name: offHeap, amount: 0, script: , vendor: ), task resources: Map(cpus -> name: cpus, amount: 1.0)
[2024-11-01T11:35:47.527+0000] {spark_submit.py:634} INFO - 24/11/01 11:35:47 INFO ResourceProfile: Limiting resource is cpus at 1 tasks per executor
[2024-11-01T11:35:47.529+0000] {spark_submit.py:634} INFO - 24/11/01 11:35:47 INFO ResourceProfileManager: Added ResourceProfile id: 0
[2024-11-01T11:35:47.583+0000] {spark_submit.py:634} INFO - 24/11/01 11:35:47 INFO SecurityManager: Changing view acls to: ***
[2024-11-01T11:35:47.584+0000] {spark_submit.py:634} INFO - 24/11/01 11:35:47 INFO SecurityManager: Changing modify acls to: ***
[2024-11-01T11:35:47.584+0000] {spark_submit.py:634} INFO - 24/11/01 11:35:47 INFO SecurityManager: Changing view acls groups to:
[2024-11-01T11:35:47.585+0000] {spark_submit.py:634} INFO - 24/11/01 11:35:47 INFO SecurityManager: Changing modify acls groups to:
[2024-11-01T11:35:47.585+0000] {spark_submit.py:634} INFO - 24/11/01 11:35:47 INFO SecurityManager: SecurityManager: authentication disabled; ui acls disabled; users with view permissions: ***; groups with view permissions: EMPTY; users with modify permissions: ***; groups with modify permissions: EMPTY
[2024-11-01T11:35:47.953+0000] {spark_submit.py:634} INFO - 24/11/01 11:35:47 INFO Utils: Successfully started service 'sparkDriver' on port 32951.
[2024-11-01T11:35:47.996+0000] {spark_submit.py:634} INFO - 24/11/01 11:35:47 INFO SparkEnv: Registering MapOutputTracker
[2024-11-01T11:35:48.061+0000] {spark_submit.py:634} INFO - 24/11/01 11:35:48 INFO SparkEnv: Registering BlockManagerMaster
[2024-11-01T11:35:48.090+0000] {spark_submit.py:634} INFO - 24/11/01 11:35:48 INFO BlockManagerMasterEndpoint: Using org.apache.spark.storage.DefaultTopologyMapper for getting topology information
[2024-11-01T11:35:48.098+0000] {spark_submit.py:634} INFO - 24/11/01 11:35:48 INFO BlockManagerMasterEndpoint: BlockManagerMasterEndpoint up
[2024-11-01T11:35:48.101+0000] {spark_submit.py:634} INFO - 24/11/01 11:35:48 INFO SparkEnv: Registering BlockManagerMasterHeartbeat
[2024-11-01T11:35:48.136+0000] {spark_submit.py:634} INFO - 24/11/01 11:35:48 INFO DiskBlockManager: Created local directory at /tmp/blockmgr-b4199669-ae9b-40a7-822c-566d88333319
[2024-11-01T11:35:48.156+0000] {spark_submit.py:634} INFO - 24/11/01 11:35:48 INFO MemoryStore: MemoryStore started with capacity 1048.8 MiB
[2024-11-01T11:35:48.176+0000] {spark_submit.py:634} INFO - 24/11/01 11:35:48 INFO SparkEnv: Registering OutputCommitCoordinator
[2024-11-01T11:35:48.302+0000] {spark_submit.py:634} INFO - 24/11/01 11:35:48 INFO JettyUtils: Start Jetty 0.0.0.0:4040 for SparkUI
[2024-11-01T11:35:48.369+0000] {spark_submit.py:634} INFO - 24/11/01 11:35:48 INFO Utils: Successfully started service 'SparkUI' on port 4040.
[2024-11-01T11:35:48.406+0000] {spark_submit.py:634} INFO - 24/11/01 11:35:48 INFO SparkContext: Added JAR file:///home/***/.ivy2/jars/org.apache.hadoop_hadoop-aws-3.3.1.jar at spark://b6f3296945ba:32951/jars/org.apache.hadoop_hadoop-aws-3.3.1.jar with timestamp 1730460947459
[2024-11-01T11:35:48.407+0000] {spark_submit.py:634} INFO - 24/11/01 11:35:48 INFO SparkContext: Added JAR file:///home/***/.ivy2/jars/com.amazonaws_aws-java-sdk-bundle-1.11.901.jar at spark://b6f3296945ba:32951/jars/com.amazonaws_aws-java-sdk-bundle-1.11.901.jar with timestamp 1730460947459
[2024-11-01T11:35:48.408+0000] {spark_submit.py:634} INFO - 24/11/01 11:35:48 INFO SparkContext: Added JAR file:///home/***/.ivy2/jars/org.wildfly.openssl_wildfly-openssl-1.0.7.Final.jar at spark://b6f3296945ba:32951/jars/org.wildfly.openssl_wildfly-openssl-1.0.7.Final.jar with timestamp 1730460947459
[2024-11-01T11:35:48.410+0000] {spark_submit.py:634} INFO - 24/11/01 11:35:48 INFO SparkContext: Added file file:///home/***/.ivy2/jars/org.apache.hadoop_hadoop-aws-3.3.1.jar at file:///home/***/.ivy2/jars/org.apache.hadoop_hadoop-aws-3.3.1.jar with timestamp 1730460947459
[2024-11-01T11:35:48.411+0000] {spark_submit.py:634} INFO - 24/11/01 11:35:48 INFO Utils: Copying /home/***/.ivy2/jars/org.apache.hadoop_hadoop-aws-3.3.1.jar to /tmp/spark-bb941b4b-f309-49aa-9c3b-4411214a2504/userFiles-b0b56208-3155-47be-ab5c-5a9e1a368b1d/org.apache.hadoop_hadoop-aws-3.3.1.jar
[2024-11-01T11:35:48.422+0000] {spark_submit.py:634} INFO - 24/11/01 11:35:48 INFO SparkContext: Added file file:///home/***/.ivy2/jars/com.amazonaws_aws-java-sdk-bundle-1.11.901.jar at file:///home/***/.ivy2/jars/com.amazonaws_aws-java-sdk-bundle-1.11.901.jar with timestamp 1730460947459
[2024-11-01T11:35:48.423+0000] {spark_submit.py:634} INFO - 24/11/01 11:35:48 INFO Utils: Copying /home/***/.ivy2/jars/com.amazonaws_aws-java-sdk-bundle-1.11.901.jar to /tmp/spark-bb941b4b-f309-49aa-9c3b-4411214a2504/userFiles-b0b56208-3155-47be-ab5c-5a9e1a368b1d/com.amazonaws_aws-java-sdk-bundle-1.11.901.jar
[2024-11-01T11:35:48.545+0000] {spark_submit.py:634} INFO - 24/11/01 11:35:48 INFO SparkContext: Added file file:///home/***/.ivy2/jars/org.wildfly.openssl_wildfly-openssl-1.0.7.Final.jar at file:///home/***/.ivy2/jars/org.wildfly.openssl_wildfly-openssl-1.0.7.Final.jar with timestamp 1730460947459
[2024-11-01T11:35:48.546+0000] {spark_submit.py:634} INFO - 24/11/01 11:35:48 INFO Utils: Copying /home/***/.ivy2/jars/org.wildfly.openssl_wildfly-openssl-1.0.7.Final.jar to /tmp/spark-bb941b4b-f309-49aa-9c3b-4411214a2504/userFiles-b0b56208-3155-47be-ab5c-5a9e1a368b1d/org.wildfly.openssl_wildfly-openssl-1.0.7.Final.jar
[2024-11-01T11:35:48.606+0000] {spark_submit.py:634} INFO - 24/11/01 11:35:48 INFO Executor: Starting executor ID driver on host b6f3296945ba
[2024-11-01T11:35:48.607+0000] {spark_submit.py:634} INFO - 24/11/01 11:35:48 INFO Executor: OS info Linux, 5.15.153.1-microsoft-standard-WSL2, amd64
[2024-11-01T11:35:48.607+0000] {spark_submit.py:634} INFO - 24/11/01 11:35:48 INFO Executor: Java version 17.0.13
[2024-11-01T11:35:48.615+0000] {spark_submit.py:634} INFO - 24/11/01 11:35:48 INFO Executor: Starting executor with user classpath (userClassPathFirst = false): ''
[2024-11-01T11:35:48.616+0000] {spark_submit.py:634} INFO - 24/11/01 11:35:48 INFO Executor: Created or updated repl class loader org.apache.spark.util.MutableURLClassLoader@6953d292 for default.
[2024-11-01T11:35:48.632+0000] {spark_submit.py:634} INFO - 24/11/01 11:35:48 INFO Executor: Fetching file:///home/***/.ivy2/jars/com.amazonaws_aws-java-sdk-bundle-1.11.901.jar with timestamp 1730460947459
[2024-11-01T11:35:48.845+0000] {spark_submit.py:634} INFO - 24/11/01 11:35:48 INFO Utils: /home/***/.ivy2/jars/com.amazonaws_aws-java-sdk-bundle-1.11.901.jar has been previously copied to /tmp/spark-bb941b4b-f309-49aa-9c3b-4411214a2504/userFiles-b0b56208-3155-47be-ab5c-5a9e1a368b1d/com.amazonaws_aws-java-sdk-bundle-1.11.901.jar
[2024-11-01T11:35:48.851+0000] {spark_submit.py:634} INFO - 24/11/01 11:35:48 INFO Executor: Fetching file:///home/***/.ivy2/jars/org.wildfly.openssl_wildfly-openssl-1.0.7.Final.jar with timestamp 1730460947459
[2024-11-01T11:35:48.852+0000] {spark_submit.py:634} INFO - 24/11/01 11:35:48 INFO Utils: /home/***/.ivy2/jars/org.wildfly.openssl_wildfly-openssl-1.0.7.Final.jar has been previously copied to /tmp/spark-bb941b4b-f309-49aa-9c3b-4411214a2504/userFiles-b0b56208-3155-47be-ab5c-5a9e1a368b1d/org.wildfly.openssl_wildfly-openssl-1.0.7.Final.jar
[2024-11-01T11:35:48.857+0000] {spark_submit.py:634} INFO - 24/11/01 11:35:48 INFO Executor: Fetching file:///home/***/.ivy2/jars/org.apache.hadoop_hadoop-aws-3.3.1.jar with timestamp 1730460947459
[2024-11-01T11:35:48.858+0000] {spark_submit.py:634} INFO - 24/11/01 11:35:48 INFO Utils: /home/***/.ivy2/jars/org.apache.hadoop_hadoop-aws-3.3.1.jar has been previously copied to /tmp/spark-bb941b4b-f309-49aa-9c3b-4411214a2504/userFiles-b0b56208-3155-47be-ab5c-5a9e1a368b1d/org.apache.hadoop_hadoop-aws-3.3.1.jar
[2024-11-01T11:35:48.867+0000] {spark_submit.py:634} INFO - 24/11/01 11:35:48 INFO Executor: Fetching spark://b6f3296945ba:32951/jars/com.amazonaws_aws-java-sdk-bundle-1.11.901.jar with timestamp 1730460947459
[2024-11-01T11:35:48.921+0000] {spark_submit.py:634} INFO - 24/11/01 11:35:48 INFO TransportClientFactory: Successfully created connection to b6f3296945ba/172.18.0.6:32951 after 35 ms (0 ms spent in bootstraps)
[2024-11-01T11:35:48.929+0000] {spark_submit.py:634} INFO - 24/11/01 11:35:48 INFO Utils: Fetching spark://b6f3296945ba:32951/jars/com.amazonaws_aws-java-sdk-bundle-1.11.901.jar to /tmp/spark-bb941b4b-f309-49aa-9c3b-4411214a2504/userFiles-b0b56208-3155-47be-ab5c-5a9e1a368b1d/fetchFileTemp4628389666981362901.tmp
[2024-11-01T11:35:50.059+0000] {spark_submit.py:634} INFO - 24/11/01 11:35:50 INFO Utils: /tmp/spark-bb941b4b-f309-49aa-9c3b-4411214a2504/userFiles-b0b56208-3155-47be-ab5c-5a9e1a368b1d/fetchFileTemp4628389666981362901.tmp has been previously copied to /tmp/spark-bb941b4b-f309-49aa-9c3b-4411214a2504/userFiles-b0b56208-3155-47be-ab5c-5a9e1a368b1d/com.amazonaws_aws-java-sdk-bundle-1.11.901.jar
[2024-11-01T11:35:51.275+0000] {spark_submit.py:634} INFO - 24/11/01 11:35:51 INFO Executor: Adding file:/tmp/spark-bb941b4b-f309-49aa-9c3b-4411214a2504/userFiles-b0b56208-3155-47be-ab5c-5a9e1a368b1d/com.amazonaws_aws-java-sdk-bundle-1.11.901.jar to class loader default
[2024-11-01T11:35:51.277+0000] {spark_submit.py:634} INFO - 24/11/01 11:35:51 INFO Executor: Fetching spark://b6f3296945ba:32951/jars/org.wildfly.openssl_wildfly-openssl-1.0.7.Final.jar with timestamp 1730460947459
[2024-11-01T11:35:51.278+0000] {spark_submit.py:634} INFO - 24/11/01 11:35:51 INFO Utils: Fetching spark://b6f3296945ba:32951/jars/org.wildfly.openssl_wildfly-openssl-1.0.7.Final.jar to /tmp/spark-bb941b4b-f309-49aa-9c3b-4411214a2504/userFiles-b0b56208-3155-47be-ab5c-5a9e1a368b1d/fetchFileTemp12524044019925328970.tmp
[2024-11-01T11:35:51.290+0000] {spark_submit.py:634} INFO - 24/11/01 11:35:51 INFO Utils: /tmp/spark-bb941b4b-f309-49aa-9c3b-4411214a2504/userFiles-b0b56208-3155-47be-ab5c-5a9e1a368b1d/fetchFileTemp12524044019925328970.tmp has been previously copied to /tmp/spark-bb941b4b-f309-49aa-9c3b-4411214a2504/userFiles-b0b56208-3155-47be-ab5c-5a9e1a368b1d/org.wildfly.openssl_wildfly-openssl-1.0.7.Final.jar
[2024-11-01T11:35:51.300+0000] {spark_submit.py:634} INFO - 24/11/01 11:35:51 INFO Executor: Adding file:/tmp/spark-bb941b4b-f309-49aa-9c3b-4411214a2504/userFiles-b0b56208-3155-47be-ab5c-5a9e1a368b1d/org.wildfly.openssl_wildfly-openssl-1.0.7.Final.jar to class loader default
[2024-11-01T11:35:51.301+0000] {spark_submit.py:634} INFO - 24/11/01 11:35:51 INFO Executor: Fetching spark://b6f3296945ba:32951/jars/org.apache.hadoop_hadoop-aws-3.3.1.jar with timestamp 1730460947459
[2024-11-01T11:35:51.302+0000] {spark_submit.py:634} INFO - 24/11/01 11:35:51 INFO Utils: Fetching spark://b6f3296945ba:32951/jars/org.apache.hadoop_hadoop-aws-3.3.1.jar to /tmp/spark-bb941b4b-f309-49aa-9c3b-4411214a2504/userFiles-b0b56208-3155-47be-ab5c-5a9e1a368b1d/fetchFileTemp5187901877618913415.tmp
[2024-11-01T11:35:51.306+0000] {spark_submit.py:634} INFO - 24/11/01 11:35:51 INFO Utils: /tmp/spark-bb941b4b-f309-49aa-9c3b-4411214a2504/userFiles-b0b56208-3155-47be-ab5c-5a9e1a368b1d/fetchFileTemp5187901877618913415.tmp has been previously copied to /tmp/spark-bb941b4b-f309-49aa-9c3b-4411214a2504/userFiles-b0b56208-3155-47be-ab5c-5a9e1a368b1d/org.apache.hadoop_hadoop-aws-3.3.1.jar
[2024-11-01T11:35:51.320+0000] {spark_submit.py:634} INFO - 24/11/01 11:35:51 INFO Executor: Adding file:/tmp/spark-bb941b4b-f309-49aa-9c3b-4411214a2504/userFiles-b0b56208-3155-47be-ab5c-5a9e1a368b1d/org.apache.hadoop_hadoop-aws-3.3.1.jar to class loader default
[2024-11-01T11:35:51.345+0000] {spark_submit.py:634} INFO - 24/11/01 11:35:51 INFO Utils: Successfully started service 'org.apache.spark.network.netty.NettyBlockTransferService' on port 46781.
[2024-11-01T11:35:51.346+0000] {spark_submit.py:634} INFO - 24/11/01 11:35:51 INFO NettyBlockTransferService: Server created on b6f3296945ba:46781
[2024-11-01T11:35:51.348+0000] {spark_submit.py:634} INFO - 24/11/01 11:35:51 INFO BlockManager: Using org.apache.spark.storage.RandomBlockReplicationPolicy for block replication policy
[2024-11-01T11:35:51.357+0000] {spark_submit.py:634} INFO - 24/11/01 11:35:51 INFO BlockManagerMaster: Registering BlockManager BlockManagerId(driver, b6f3296945ba, 46781, None)
[2024-11-01T11:35:51.361+0000] {spark_submit.py:634} INFO - 24/11/01 11:35:51 INFO BlockManagerMasterEndpoint: Registering block manager b6f3296945ba:46781 with 1048.8 MiB RAM, BlockManagerId(driver, b6f3296945ba, 46781, None)
[2024-11-01T11:35:51.364+0000] {spark_submit.py:634} INFO - 24/11/01 11:35:51 INFO BlockManagerMaster: Registered BlockManager BlockManagerId(driver, b6f3296945ba, 46781, None)
[2024-11-01T11:35:51.367+0000] {spark_submit.py:634} INFO - 24/11/01 11:35:51 INFO BlockManager: Initialized BlockManager: BlockManagerId(driver, b6f3296945ba, 46781, None)
[2024-11-01T11:35:52.152+0000] {spark_submit.py:634} INFO - 24/11/01 11:35:52 INFO SharedState: Setting hive.metastore.warehouse.dir ('null') to the value of spark.sql.warehouse.dir.
[2024-11-01T11:35:52.158+0000] {spark_submit.py:634} INFO - 24/11/01 11:35:52 INFO SharedState: Warehouse path is 'file:/opt/***/spark-warehouse'.
[2024-11-01T11:35:52.996+0000] {spark_submit.py:634} INFO - 24/11/01 11:35:52 WARN MetricsConfig: Cannot locate configuration: tried hadoop-metrics2-s3a-file-system.properties,hadoop-metrics2.properties
[2024-11-01T11:35:53.008+0000] {spark_submit.py:634} INFO - 24/11/01 11:35:53 INFO MetricsSystemImpl: Scheduled Metric snapshot period at 10 second(s).
[2024-11-01T11:35:53.009+0000] {spark_submit.py:634} INFO - 24/11/01 11:35:53 INFO MetricsSystemImpl: s3a-file-system metrics system started
[2024-11-01T11:35:54.471+0000] {spark_submit.py:634} INFO - 24/11/01 11:35:54 INFO InMemoryFileIndex: It took 91 ms to list leaf files for 1 paths.
[2024-11-01T11:35:54.569+0000] {spark_submit.py:634} INFO - 24/11/01 11:35:54 INFO InMemoryFileIndex: It took 26 ms to list leaf files for 1 paths.
[2024-11-01T11:35:57.023+0000] {spark_submit.py:634} INFO - 24/11/01 11:35:57 INFO FileSourceStrategy: Pushed Filters:
[2024-11-01T11:35:57.025+0000] {spark_submit.py:634} INFO - 24/11/01 11:35:57 INFO FileSourceStrategy: Post-Scan Filters:
[2024-11-01T11:35:57.251+0000] {spark_submit.py:634} INFO - 24/11/01 11:35:57 INFO MemoryStore: Block broadcast_0 stored as values in memory (estimated size 210.4 KiB, free 1048.6 MiB)
[2024-11-01T11:35:57.301+0000] {spark_submit.py:634} INFO - 24/11/01 11:35:57 INFO MemoryStore: Block broadcast_0_piece0 stored as bytes in memory (estimated size 35.3 KiB, free 1048.6 MiB)
[2024-11-01T11:35:57.305+0000] {spark_submit.py:634} INFO - 24/11/01 11:35:57 INFO BlockManagerInfo: Added broadcast_0_piece0 in memory on b6f3296945ba:46781 (size: 35.3 KiB, free: 1048.8 MiB)
[2024-11-01T11:35:57.311+0000] {spark_submit.py:634} INFO - 24/11/01 11:35:57 INFO SparkContext: Created broadcast 0 from json at NativeMethodAccessorImpl.java:0
[2024-11-01T11:35:57.326+0000] {spark_submit.py:634} INFO - 24/11/01 11:35:57 INFO FileSourceScanExec: Planning scan with bin packing, max size: 4194304 bytes, open cost is considered as scanning 4194304 bytes.
[2024-11-01T11:35:57.501+0000] {spark_submit.py:634} INFO - 24/11/01 11:35:57 INFO SparkContext: Starting job: json at NativeMethodAccessorImpl.java:0
[2024-11-01T11:35:57.517+0000] {spark_submit.py:634} INFO - 24/11/01 11:35:57 INFO DAGScheduler: Got job 0 (json at NativeMethodAccessorImpl.java:0) with 1 output partitions
[2024-11-01T11:35:57.518+0000] {spark_submit.py:634} INFO - 24/11/01 11:35:57 INFO DAGScheduler: Final stage: ResultStage 0 (json at NativeMethodAccessorImpl.java:0)
[2024-11-01T11:35:57.518+0000] {spark_submit.py:634} INFO - 24/11/01 11:35:57 INFO DAGScheduler: Parents of final stage: List()
[2024-11-01T11:35:57.520+0000] {spark_submit.py:634} INFO - 24/11/01 11:35:57 INFO DAGScheduler: Missing parents: List()
[2024-11-01T11:35:57.527+0000] {spark_submit.py:634} INFO - 24/11/01 11:35:57 INFO DAGScheduler: Submitting ResultStage 0 (MapPartitionsRDD[3] at json at NativeMethodAccessorImpl.java:0), which has no missing parents
[2024-11-01T11:35:57.620+0000] {spark_submit.py:634} INFO - 24/11/01 11:35:57 INFO MemoryStore: Block broadcast_1 stored as values in memory (estimated size 17.9 KiB, free 1048.5 MiB)
[2024-11-01T11:35:57.624+0000] {spark_submit.py:634} INFO - 24/11/01 11:35:57 INFO MemoryStore: Block broadcast_1_piece0 stored as bytes in memory (estimated size 8.0 KiB, free 1048.5 MiB)
[2024-11-01T11:35:57.625+0000] {spark_submit.py:634} INFO - 24/11/01 11:35:57 INFO BlockManagerInfo: Added broadcast_1_piece0 in memory on b6f3296945ba:46781 (size: 8.0 KiB, free: 1048.8 MiB)
[2024-11-01T11:35:57.626+0000] {spark_submit.py:634} INFO - 24/11/01 11:35:57 INFO SparkContext: Created broadcast 1 from broadcast at DAGScheduler.scala:1585
[2024-11-01T11:35:57.642+0000] {spark_submit.py:634} INFO - 24/11/01 11:35:57 INFO DAGScheduler: Submitting 1 missing tasks from ResultStage 0 (MapPartitionsRDD[3] at json at NativeMethodAccessorImpl.java:0) (first 15 tasks are for partitions Vector(0))
[2024-11-01T11:35:57.644+0000] {spark_submit.py:634} INFO - 24/11/01 11:35:57 INFO TaskSchedulerImpl: Adding task set 0.0 with 1 tasks resource profile 0
[2024-11-01T11:35:57.688+0000] {spark_submit.py:634} INFO - 24/11/01 11:35:57 INFO TaskSetManager: Starting task 0.0 in stage 0.0 (TID 0) (b6f3296945ba, executor driver, partition 0, PROCESS_LOCAL, 10337 bytes)
[2024-11-01T11:35:57.701+0000] {spark_submit.py:634} INFO - 24/11/01 11:35:57 INFO Executor: Running task 0.0 in stage 0.0 (TID 0)
[2024-11-01T11:35:57.798+0000] {spark_submit.py:634} INFO - 24/11/01 11:35:57 INFO FileScanRDD: Reading File path: s3a://rawzone/pichau/pichau_2024-10-27/data.json, range: 0-116267, partition values: [empty row]
[2024-11-01T11:35:58.203+0000] {spark_submit.py:634} INFO - 24/11/01 11:35:58 INFO CodeGenerator: Code generated in 365.919851 ms
[2024-11-01T11:35:58.401+0000] {spark_submit.py:634} INFO - 24/11/01 11:35:58 INFO Executor: Finished task 0.0 in stage 0.0 (TID 0). 2073 bytes result sent to driver
[2024-11-01T11:35:58.420+0000] {spark_submit.py:634} INFO - 24/11/01 11:35:58 INFO TaskSetManager: Finished task 0.0 in stage 0.0 (TID 0) in 742 ms on b6f3296945ba (executor driver) (1/1)
[2024-11-01T11:35:58.436+0000] {spark_submit.py:634} INFO - 24/11/01 11:35:58 INFO TaskSchedulerImpl: Removed TaskSet 0.0, whose tasks have all completed, from pool
[2024-11-01T11:35:58.447+0000] {spark_submit.py:634} INFO - 24/11/01 11:35:58 INFO DAGScheduler: ResultStage 0 (json at NativeMethodAccessorImpl.java:0) finished in 0.894 s
[2024-11-01T11:35:58.465+0000] {spark_submit.py:634} INFO - 24/11/01 11:35:58 INFO DAGScheduler: Job 0 is finished. Cancelling potential speculative or zombie tasks for this job
[2024-11-01T11:35:58.467+0000] {spark_submit.py:634} INFO - 24/11/01 11:35:58 INFO TaskSchedulerImpl: Killing all running tasks in stage 0: Stage finished
[2024-11-01T11:35:58.477+0000] {spark_submit.py:634} INFO - 24/11/01 11:35:58 INFO DAGScheduler: Job 0 finished: json at NativeMethodAccessorImpl.java:0, took 0.976156 s
[2024-11-01T11:35:58.631+0000] {spark_submit.py:634} INFO - 24/11/01 11:35:58 INFO FileSourceStrategy: Pushed Filters:
[2024-11-01T11:35:58.632+0000] {spark_submit.py:634} INFO - 24/11/01 11:35:58 INFO FileSourceStrategy: Post-Scan Filters:
[2024-11-01T11:35:58.794+0000] {spark_submit.py:634} INFO - 24/11/01 11:35:58 INFO CodeGenerator: Code generated in 33.771794 ms
[2024-11-01T11:35:58.802+0000] {spark_submit.py:634} INFO - 24/11/01 11:35:58 INFO MemoryStore: Block broadcast_2 stored as values in memory (estimated size 210.3 KiB, free 1048.3 MiB)
[2024-11-01T11:35:58.844+0000] {spark_submit.py:634} INFO - 24/11/01 11:35:58 INFO MemoryStore: Block broadcast_2_piece0 stored as bytes in memory (estimated size 35.3 KiB, free 1048.3 MiB)
[2024-11-01T11:35:58.846+0000] {spark_submit.py:634} INFO - 24/11/01 11:35:58 INFO BlockManagerInfo: Added broadcast_2_piece0 in memory on b6f3296945ba:46781 (size: 35.3 KiB, free: 1048.7 MiB)
[2024-11-01T11:35:58.848+0000] {spark_submit.py:634} INFO - 24/11/01 11:35:58 INFO SparkContext: Created broadcast 2 from showString at NativeMethodAccessorImpl.java:0
[2024-11-01T11:35:58.852+0000] {spark_submit.py:634} INFO - 24/11/01 11:35:58 INFO FileSourceScanExec: Planning scan with bin packing, max size: 4194304 bytes, open cost is considered as scanning 4194304 bytes.
[2024-11-01T11:35:58.921+0000] {spark_submit.py:634} INFO - 24/11/01 11:35:58 INFO SparkContext: Starting job: showString at NativeMethodAccessorImpl.java:0
[2024-11-01T11:35:58.926+0000] {spark_submit.py:634} INFO - 24/11/01 11:35:58 INFO DAGScheduler: Got job 1 (showString at NativeMethodAccessorImpl.java:0) with 1 output partitions
[2024-11-01T11:35:58.930+0000] {spark_submit.py:634} INFO - 24/11/01 11:35:58 INFO DAGScheduler: Final stage: ResultStage 1 (showString at NativeMethodAccessorImpl.java:0)
[2024-11-01T11:35:58.930+0000] {spark_submit.py:634} INFO - 24/11/01 11:35:58 INFO DAGScheduler: Parents of final stage: List()
[2024-11-01T11:35:58.931+0000] {spark_submit.py:634} INFO - 24/11/01 11:35:58 INFO DAGScheduler: Missing parents: List()
[2024-11-01T11:35:58.938+0000] {spark_submit.py:634} INFO - 24/11/01 11:35:58 INFO BlockManagerInfo: Removed broadcast_0_piece0 on b6f3296945ba:46781 in memory (size: 35.3 KiB, free: 1048.8 MiB)
[2024-11-01T11:35:58.938+0000] {spark_submit.py:634} INFO - 24/11/01 11:35:58 INFO DAGScheduler: Submitting ResultStage 1 (MapPartitionsRDD[7] at showString at NativeMethodAccessorImpl.java:0), which has no missing parents
[2024-11-01T11:35:58.959+0000] {spark_submit.py:634} INFO - 24/11/01 11:35:58 INFO MemoryStore: Block broadcast_3 stored as values in memory (estimated size 15.5 KiB, free 1048.5 MiB)
[2024-11-01T11:35:58.964+0000] {spark_submit.py:634} INFO - 24/11/01 11:35:58 INFO MemoryStore: Block broadcast_3_piece0 stored as bytes in memory (estimated size 7.3 KiB, free 1048.5 MiB)
[2024-11-01T11:35:58.966+0000] {spark_submit.py:634} INFO - 24/11/01 11:35:58 INFO BlockManagerInfo: Added broadcast_3_piece0 in memory on b6f3296945ba:46781 (size: 7.3 KiB, free: 1048.8 MiB)
[2024-11-01T11:35:58.982+0000] {spark_submit.py:634} INFO - 24/11/01 11:35:58 INFO SparkContext: Created broadcast 3 from broadcast at DAGScheduler.scala:1585
[2024-11-01T11:35:58.984+0000] {spark_submit.py:634} INFO - 24/11/01 11:35:58 INFO DAGScheduler: Submitting 1 missing tasks from ResultStage 1 (MapPartitionsRDD[7] at showString at NativeMethodAccessorImpl.java:0) (first 15 tasks are for partitions Vector(0))
[2024-11-01T11:35:58.985+0000] {spark_submit.py:634} INFO - 24/11/01 11:35:58 INFO TaskSchedulerImpl: Adding task set 1.0 with 1 tasks resource profile 0
[2024-11-01T11:35:58.985+0000] {spark_submit.py:634} INFO - 24/11/01 11:35:58 INFO TaskSetManager: Starting task 0.0 in stage 1.0 (TID 1) (b6f3296945ba, executor driver, partition 0, PROCESS_LOCAL, 10337 bytes)
[2024-11-01T11:35:58.986+0000] {spark_submit.py:634} INFO - 24/11/01 11:35:58 INFO Executor: Running task 0.0 in stage 1.0 (TID 1)
[2024-11-01T11:35:59.064+0000] {spark_submit.py:634} INFO - 24/11/01 11:35:59 INFO CodeGenerator: Code generated in 19.171962 ms
[2024-11-01T11:35:59.069+0000] {spark_submit.py:634} INFO - 24/11/01 11:35:59 INFO FileScanRDD: Reading File path: s3a://rawzone/pichau/pichau_2024-10-27/data.json, range: 0-116267, partition values: [empty row]
[2024-11-01T11:35:59.095+0000] {spark_submit.py:634} INFO - 24/11/01 11:35:59 INFO CodeGenerator: Code generated in 13.784291 ms
[2024-11-01T11:35:59.199+0000] {spark_submit.py:634} INFO - 24/11/01 11:35:59 INFO Executor: Finished task 0.0 in stage 1.0 (TID 1). 3472 bytes result sent to driver
[2024-11-01T11:35:59.210+0000] {spark_submit.py:634} INFO - 24/11/01 11:35:59 INFO TaskSetManager: Finished task 0.0 in stage 1.0 (TID 1) in 231 ms on b6f3296945ba (executor driver) (1/1)
[2024-11-01T11:35:59.217+0000] {spark_submit.py:634} INFO - 24/11/01 11:35:59 INFO DAGScheduler: ResultStage 1 (showString at NativeMethodAccessorImpl.java:0) finished in 0.278 s
[2024-11-01T11:35:59.218+0000] {spark_submit.py:634} INFO - 24/11/01 11:35:59 INFO DAGScheduler: Job 1 is finished. Cancelling potential speculative or zombie tasks for this job
[2024-11-01T11:35:59.229+0000] {spark_submit.py:634} INFO - 24/11/01 11:35:59 INFO TaskSchedulerImpl: Removed TaskSet 1.0, whose tasks have all completed, from pool
[2024-11-01T11:35:59.232+0000] {spark_submit.py:634} INFO - 24/11/01 11:35:59 INFO TaskSchedulerImpl: Killing all running tasks in stage 1: Stage finished
[2024-11-01T11:35:59.234+0000] {spark_submit.py:634} INFO - 24/11/01 11:35:59 INFO DAGScheduler: Job 1 finished: showString at NativeMethodAccessorImpl.java:0, took 0.307156 s
[2024-11-01T11:35:59.301+0000] {spark_submit.py:634} INFO - 24/11/01 11:35:59 INFO CodeGenerator: Code generated in 38.953454 ms
[2024-11-01T11:35:59.321+0000] {spark_submit.py:634} INFO - +----------+--------------------+--------------------+-------+
[2024-11-01T11:35:59.321+0000] {spark_submit.py:634} INFO - |  category|                link|                name|  value|
[2024-11-01T11:35:59.322+0000] {spark_submit.py:634} INFO - +----------+--------------------+--------------------+-------+
[2024-11-01T11:35:59.323+0000] {spark_submit.py:634} INFO - |placas-mae|https://www.picha...|Placa Mae Pichau ...| 579.99|
[2024-11-01T11:35:59.329+0000] {spark_submit.py:634} INFO - |placas-mae|https://www.picha...|Placa Mae Pichau ...| 579.99|
[2024-11-01T11:35:59.329+0000] {spark_submit.py:634} INFO - |placas-mae|https://www.picha...|Placa Mae Pichau ...| 579.99|
[2024-11-01T11:35:59.330+0000] {spark_submit.py:634} INFO - |placas-mae|https://www.picha...|Placa Mae Gigabyt...| 589.99|
[2024-11-01T11:35:59.330+0000] {spark_submit.py:634} INFO - |placas-mae|https://www.picha...|Placa Mae Gigabyt...| 829.99|
[2024-11-01T11:35:59.331+0000] {spark_submit.py:634} INFO - |placas-mae|https://www.picha...|Placa Mae ASRock ...| 769.99|
[2024-11-01T11:35:59.331+0000] {spark_submit.py:634} INFO - |placas-mae|https://www.picha...|Placa Mae Mancer ...| 409.99|
[2024-11-01T11:35:59.332+0000] {spark_submit.py:634} INFO - |placas-mae|https://www.picha...|Placa Mae Gigabyt...|1193.99|
[2024-11-01T11:35:59.332+0000] {spark_submit.py:634} INFO - |placas-mae|https://www.picha...|Placa Mae Mancer ...| 449.99|
[2024-11-01T11:35:59.333+0000] {spark_submit.py:634} INFO - |placas-mae|https://www.picha...|Placa Mae Asus TU...| 599.99|
[2024-11-01T11:35:59.333+0000] {spark_submit.py:634} INFO - |placas-mae|https://www.picha...|Placa Mae MSI B45...| 494.99|
[2024-11-01T11:35:59.334+0000] {spark_submit.py:634} INFO - |placas-mae|https://www.picha...|Placa Mae ASRock ...| 809.99|
[2024-11-01T11:35:59.334+0000] {spark_submit.py:634} INFO - |placas-mae|https://www.picha...|Placa Mae MSI Pro...| 844.99|
[2024-11-01T11:35:59.334+0000] {spark_submit.py:634} INFO - |placas-mae|https://www.picha...|Placa Mae Mancer ...| 459.99|
[2024-11-01T11:35:59.335+0000] {spark_submit.py:634} INFO - |placas-mae|https://www.picha...|Placa Mae ASRock ...| 389.99|
[2024-11-01T11:35:59.335+0000] {spark_submit.py:634} INFO - |placas-mae|https://www.picha...|Placa Mae Mancer ...| 369.99|
[2024-11-01T11:35:59.335+0000] {spark_submit.py:634} INFO - |placas-mae|https://www.picha...|Placa Mae Asus TU...|1199.99|
[2024-11-01T11:35:59.336+0000] {spark_submit.py:634} INFO - |placas-mae|https://www.picha...|Placa Mae ASRock ...| 529.99|
[2024-11-01T11:35:59.336+0000] {spark_submit.py:634} INFO - |placas-mae|https://www.picha...|Placa Mae Mancer ...| 479.99|
[2024-11-01T11:35:59.337+0000] {spark_submit.py:634} INFO - |placas-mae|https://www.picha...|Placa Mae ASRock ...| 449.99|
[2024-11-01T11:35:59.338+0000] {spark_submit.py:634} INFO - +----------+--------------------+--------------------+-------+
[2024-11-01T11:35:59.338+0000] {spark_submit.py:634} INFO - only showing top 20 rows
[2024-11-01T11:35:59.338+0000] {spark_submit.py:634} INFO - 
[2024-11-01T11:35:59.339+0000] {spark_submit.py:634} INFO - 24/11/01 11:35:59 INFO SparkContext: SparkContext is stopping with exitCode 0.
[2024-11-01T11:35:59.363+0000] {spark_submit.py:634} INFO - 24/11/01 11:35:59 INFO SparkUI: Stopped Spark web UI at http://b6f3296945ba:4040
[2024-11-01T11:35:59.398+0000] {spark_submit.py:634} INFO - 24/11/01 11:35:59 INFO MapOutputTrackerMasterEndpoint: MapOutputTrackerMasterEndpoint stopped!
[2024-11-01T11:35:59.444+0000] {spark_submit.py:634} INFO - 24/11/01 11:35:59 INFO MemoryStore: MemoryStore cleared
[2024-11-01T11:35:59.445+0000] {spark_submit.py:634} INFO - 24/11/01 11:35:59 INFO BlockManager: BlockManager stopped
[2024-11-01T11:35:59.451+0000] {spark_submit.py:634} INFO - 24/11/01 11:35:59 INFO BlockManagerMaster: BlockManagerMaster stopped
[2024-11-01T11:35:59.463+0000] {spark_submit.py:634} INFO - 24/11/01 11:35:59 INFO OutputCommitCoordinator$OutputCommitCoordinatorEndpoint: OutputCommitCoordinator stopped!
[2024-11-01T11:35:59.488+0000] {spark_submit.py:634} INFO - 24/11/01 11:35:59 INFO SparkContext: Successfully stopped SparkContext
[2024-11-01T11:35:59.963+0000] {spark_submit.py:634} INFO - 24/11/01 11:35:59 INFO ShutdownHookManager: Shutdown hook called
[2024-11-01T11:35:59.964+0000] {spark_submit.py:634} INFO - 24/11/01 11:35:59 INFO ShutdownHookManager: Deleting directory /tmp/spark-bb941b4b-f309-49aa-9c3b-4411214a2504/pyspark-874b7d6c-75f7-48a2-b905-ccf7d681fda2
[2024-11-01T11:35:59.979+0000] {spark_submit.py:634} INFO - 24/11/01 11:35:59 INFO ShutdownHookManager: Deleting directory /tmp/spark-bb941b4b-f309-49aa-9c3b-4411214a2504
[2024-11-01T11:35:59.983+0000] {spark_submit.py:634} INFO - 24/11/01 11:35:59 INFO ShutdownHookManager: Deleting directory /tmp/spark-947a312c-3822-4824-8ce9-cbd267bfc7c5
[2024-11-01T11:35:59.987+0000] {spark_submit.py:634} INFO - 24/11/01 11:35:59 INFO MetricsSystemImpl: Stopping s3a-file-system metrics system...
[2024-11-01T11:35:59.988+0000] {spark_submit.py:634} INFO - 24/11/01 11:35:59 INFO MetricsSystemImpl: s3a-file-system metrics system stopped.
[2024-11-01T11:35:59.989+0000] {spark_submit.py:634} INFO - 24/11/01 11:35:59 INFO MetricsSystemImpl: s3a-file-system metrics system shutdown complete.
[2024-11-01T11:36:00.131+0000] {taskinstance.py:340} INFO - ::group::Post task execution logs
[2024-11-01T11:36:00.132+0000] {taskinstance.py:352} INFO - Marking task as SUCCESS. dag_id=pipeline_webscraping, task_id=pichau_tasks.spark_submit_job, run_id=manual__2024-11-01T11:35:38.419872+00:00, execution_date=20241101T113538, start_date=20241101T113541, end_date=20241101T113600
[2024-11-01T11:36:00.182+0000] {local_task_job_runner.py:266} INFO - Task exited with return code 0
[2024-11-01T11:36:00.206+0000] {taskinstance.py:3900} INFO - 0 downstream tasks scheduled from follow-on schedule check
[2024-11-01T11:36:00.213+0000] {local_task_job_runner.py:245} INFO - ::endgroup::
