[2024-09-29T19:09:34.290+0000] {local_task_job_runner.py:123} INFO - ::group::Pre task execution logs
[2024-09-29T19:09:34.308+0000] {taskinstance.py:2612} INFO - Dependencies all met for dep_context=non-requeueable deps ti=<TaskInstance: SitesWebScraping.Create_Container_Silver manual__2024-09-29T19:08:00.919934+00:00 [queued]>
[2024-09-29T19:09:34.317+0000] {taskinstance.py:2612} INFO - Dependencies all met for dep_context=requeueable deps ti=<TaskInstance: SitesWebScraping.Create_Container_Silver manual__2024-09-29T19:08:00.919934+00:00 [queued]>
[2024-09-29T19:09:34.317+0000] {taskinstance.py:2865} INFO - Starting attempt 1 of 1
[2024-09-29T19:09:34.333+0000] {taskinstance.py:2888} INFO - Executing <Task(CreateContainerInDataLake): Create_Container_Silver> on 2024-09-29 19:08:00.919934+00:00
[2024-09-29T19:09:34.340+0000] {warnings.py:112} WARNING - /home/***/.local/lib/python3.12/site-packages/***/task/task_runner/standard_task_runner.py:70: DeprecationWarning: This process (pid=447) is multi-threaded, use of fork() may lead to deadlocks in the child.
  pid = os.fork()

[2024-09-29T19:09:34.342+0000] {standard_task_runner.py:72} INFO - Started process 448 to run task
[2024-09-29T19:09:34.342+0000] {standard_task_runner.py:104} INFO - Running: ['***', 'tasks', 'run', 'SitesWebScraping', 'Create_Container_Silver', 'manual__2024-09-29T19:08:00.919934+00:00', '--job-id', '533', '--raw', '--subdir', 'DAGS_FOLDER/DagWebScraping.py', '--cfg-path', '/tmp/tmpun7jlqsu']
[2024-09-29T19:09:34.344+0000] {standard_task_runner.py:105} INFO - Job 533: Subtask Create_Container_Silver
[2024-09-29T19:09:34.395+0000] {task_command.py:467} INFO - Running <TaskInstance: SitesWebScraping.Create_Container_Silver manual__2024-09-29T19:08:00.919934+00:00 [running]> on host 0d91a212ec2d
[2024-09-29T19:09:34.486+0000] {taskinstance.py:3131} INFO - Exporting env vars: AIRFLOW_CTX_DAG_OWNER='***' AIRFLOW_CTX_DAG_ID='SitesWebScraping' AIRFLOW_CTX_TASK_ID='Create_Container_Silver' AIRFLOW_CTX_EXECUTION_DATE='2024-09-29T19:08:00.919934+00:00' AIRFLOW_CTX_TRY_NUMBER='1' AIRFLOW_CTX_DAG_RUN_ID='manual__2024-09-29T19:08:00.919934+00:00'
[2024-09-29T19:09:34.487+0000] {taskinstance.py:731} INFO - ::endgroup::
[2024-09-29T19:09:34.501+0000] {baseoperator.py:405} WARNING - CreateContainerInDataLake.execute cannot be called outside TaskInstance!
[2024-09-29T19:09:34.502+0000] {subprocess.py:63} INFO - Tmp dir root location: /tmp
[2024-09-29T19:09:34.503+0000] {subprocess.py:75} INFO - Running command: ['/usr/bin/bash', '-c', 'mkdir -p /opt/***/datalake/silverzone/kabum_2024-09-29']
[2024-09-29T19:09:34.514+0000] {subprocess.py:86} INFO - Output:
[2024-09-29T19:09:34.519+0000] {subprocess.py:97} INFO - Command exited with return code 0
[2024-09-29T19:09:34.545+0000] {taskinstance.py:340} INFO - ::group::Post task execution logs
[2024-09-29T19:09:34.546+0000] {taskinstance.py:352} INFO - Marking task as SUCCESS. dag_id=SitesWebScraping, task_id=Create_Container_Silver, run_id=manual__2024-09-29T19:08:00.919934+00:00, execution_date=20240929T190800, start_date=20240929T190934, end_date=20240929T190934
[2024-09-29T19:09:34.597+0000] {local_task_job_runner.py:266} INFO - Task exited with return code 0
[2024-09-29T19:09:34.618+0000] {taskinstance.py:3900} INFO - 1 downstream tasks scheduled from follow-on schedule check
[2024-09-29T19:09:34.623+0000] {local_task_job_runner.py:245} INFO - ::endgroup::
