[2024-09-29T18:58:52.997+0000] {local_task_job_runner.py:123} INFO - ::group::Pre task execution logs
[2024-09-29T18:58:53.019+0000] {taskinstance.py:2612} INFO - Dependencies all met for dep_context=non-requeueable deps ti=<TaskInstance: SitesWebScraping.Create_Container_Raw manual__2024-09-29T18:58:52.036307+00:00 [queued]>
[2024-09-29T18:58:53.030+0000] {taskinstance.py:2612} INFO - Dependencies all met for dep_context=requeueable deps ti=<TaskInstance: SitesWebScraping.Create_Container_Raw manual__2024-09-29T18:58:52.036307+00:00 [queued]>
[2024-09-29T18:58:53.032+0000] {taskinstance.py:2865} INFO - Starting attempt 1 of 1
[2024-09-29T18:58:53.052+0000] {taskinstance.py:2888} INFO - Executing <Task(CreateContainerInDataLake): Create_Container_Raw> on 2024-09-29 18:58:52.036307+00:00
[2024-09-29T18:58:53.062+0000] {warnings.py:112} WARNING - /home/***/.local/lib/python3.12/site-packages/***/task/task_runner/standard_task_runner.py:70: DeprecationWarning: This process (pid=131) is multi-threaded, use of fork() may lead to deadlocks in the child.
  pid = os.fork()

[2024-09-29T18:58:53.064+0000] {standard_task_runner.py:72} INFO - Started process 132 to run task
[2024-09-29T18:58:53.063+0000] {standard_task_runner.py:104} INFO - Running: ['***', 'tasks', 'run', 'SitesWebScraping', 'Create_Container_Raw', 'manual__2024-09-29T18:58:52.036307+00:00', '--job-id', '527', '--raw', '--subdir', 'DAGS_FOLDER/DagWebScraping.py', '--cfg-path', '/tmp/tmp3w2f_e05']
[2024-09-29T18:58:53.067+0000] {standard_task_runner.py:105} INFO - Job 527: Subtask Create_Container_Raw
[2024-09-29T18:58:53.125+0000] {task_command.py:467} INFO - Running <TaskInstance: SitesWebScraping.Create_Container_Raw manual__2024-09-29T18:58:52.036307+00:00 [running]> on host 0d91a212ec2d
[2024-09-29T18:58:53.215+0000] {taskinstance.py:3131} INFO - Exporting env vars: AIRFLOW_CTX_DAG_OWNER='***' AIRFLOW_CTX_DAG_ID='SitesWebScraping' AIRFLOW_CTX_TASK_ID='Create_Container_Raw' AIRFLOW_CTX_EXECUTION_DATE='2024-09-29T18:58:52.036307+00:00' AIRFLOW_CTX_TRY_NUMBER='1' AIRFLOW_CTX_DAG_RUN_ID='manual__2024-09-29T18:58:52.036307+00:00'
[2024-09-29T18:58:53.217+0000] {taskinstance.py:731} INFO - ::endgroup::
[2024-09-29T18:58:53.231+0000] {baseoperator.py:405} WARNING - CreateContainerInDataLake.execute cannot be called outside TaskInstance!
[2024-09-29T18:58:53.232+0000] {subprocess.py:63} INFO - Tmp dir root location: /tmp
[2024-09-29T18:58:53.233+0000] {subprocess.py:75} INFO - Running command: ['/usr/bin/bash', '-c', 'mkdir -p /opt/***/datalake/rawzone/kabum_2024-09-29']
[2024-09-29T18:58:53.244+0000] {subprocess.py:86} INFO - Output:
[2024-09-29T18:58:53.259+0000] {subprocess.py:97} INFO - Command exited with return code 0
[2024-09-29T18:58:53.288+0000] {taskinstance.py:340} INFO - ::group::Post task execution logs
[2024-09-29T18:58:53.293+0000] {taskinstance.py:352} INFO - Marking task as SUCCESS. dag_id=SitesWebScraping, task_id=Create_Container_Raw, run_id=manual__2024-09-29T18:58:52.036307+00:00, execution_date=20240929T185852, start_date=20240929T185853, end_date=20240929T185853
[2024-09-29T18:58:53.320+0000] {local_task_job_runner.py:266} INFO - Task exited with return code 0
[2024-09-29T18:58:53.359+0000] {taskinstance.py:3900} INFO - 1 downstream tasks scheduled from follow-on schedule check
[2024-09-29T18:58:53.362+0000] {local_task_job_runner.py:245} INFO - ::endgroup::
