[2024-10-05T21:39:43.745+0000] {local_task_job_runner.py:123} INFO - ::group::Pre task execution logs
[2024-10-05T21:39:43.767+0000] {taskinstance.py:2612} INFO - Dependencies all met for dep_context=non-requeueable deps ti=<TaskInstance: pipeline_webscraping.pichau_tasks.Create_Container_Silver_pichau manual__2024-10-05T21:37:13.542807+00:00 [queued]>
[2024-10-05T21:39:43.776+0000] {taskinstance.py:2612} INFO - Dependencies all met for dep_context=requeueable deps ti=<TaskInstance: pipeline_webscraping.pichau_tasks.Create_Container_Silver_pichau manual__2024-10-05T21:37:13.542807+00:00 [queued]>
[2024-10-05T21:39:43.777+0000] {taskinstance.py:2865} INFO - Starting attempt 1 of 1
[2024-10-05T21:39:43.792+0000] {taskinstance.py:2888} INFO - Executing <Task(CreateContainerInDataLake): pichau_tasks.Create_Container_Silver_pichau> on 2024-10-05 21:37:13.542807+00:00
[2024-10-05T21:39:43.798+0000] {warnings.py:112} WARNING - /home/***/.local/lib/python3.12/site-packages/***/task/task_runner/standard_task_runner.py:70: DeprecationWarning: This process (pid=12414) is multi-threaded, use of fork() may lead to deadlocks in the child.
  pid = os.fork()

[2024-10-05T21:39:43.800+0000] {standard_task_runner.py:72} INFO - Started process 12416 to run task
[2024-10-05T21:39:43.800+0000] {standard_task_runner.py:104} INFO - Running: ['***', 'tasks', 'run', 'pipeline_webscraping', 'pichau_tasks.Create_Container_Silver_pichau', 'manual__2024-10-05T21:37:13.542807+00:00', '--job-id', '1245', '--raw', '--subdir', 'DAGS_FOLDER/DagWebScraping.py', '--cfg-path', '/tmp/tmp3wj2y6p2']
[2024-10-05T21:39:43.803+0000] {standard_task_runner.py:105} INFO - Job 1245: Subtask pichau_tasks.Create_Container_Silver_pichau
[2024-10-05T21:39:43.895+0000] {task_command.py:467} INFO - Running <TaskInstance: pipeline_webscraping.pichau_tasks.Create_Container_Silver_pichau manual__2024-10-05T21:37:13.542807+00:00 [running]> on host e823e678f418
[2024-10-05T21:39:43.985+0000] {taskinstance.py:3131} INFO - Exporting env vars: AIRFLOW_CTX_DAG_OWNER='***' AIRFLOW_CTX_DAG_ID='pipeline_webscraping' AIRFLOW_CTX_TASK_ID='pichau_tasks.Create_Container_Silver_pichau' AIRFLOW_CTX_EXECUTION_DATE='2024-10-05T21:37:13.542807+00:00' AIRFLOW_CTX_TRY_NUMBER='1' AIRFLOW_CTX_DAG_RUN_ID='manual__2024-10-05T21:37:13.542807+00:00'
[2024-10-05T21:39:43.986+0000] {taskinstance.py:731} INFO - ::endgroup::
[2024-10-05T21:39:43.998+0000] {baseoperator.py:405} WARNING - CreateContainerInDataLake.execute cannot be called outside TaskInstance!
[2024-10-05T21:39:43.999+0000] {subprocess.py:63} INFO - Tmp dir root location: /tmp
[2024-10-05T21:39:44.000+0000] {subprocess.py:75} INFO - Running command: ['/usr/bin/bash', '-c', 'mkdir -p /opt/***/datalake/silverzone/pichau_2024-10-05']
[2024-10-05T21:39:44.010+0000] {subprocess.py:86} INFO - Output:
[2024-10-05T21:39:44.016+0000] {subprocess.py:97} INFO - Command exited with return code 0
[2024-10-05T21:39:44.043+0000] {taskinstance.py:340} INFO - ::group::Post task execution logs
[2024-10-05T21:39:44.043+0000] {taskinstance.py:352} INFO - Marking task as SUCCESS. dag_id=pipeline_webscraping, task_id=pichau_tasks.Create_Container_Silver_pichau, run_id=manual__2024-10-05T21:37:13.542807+00:00, execution_date=20241005T213713, start_date=20241005T213943, end_date=20241005T213944
[2024-10-05T21:39:44.096+0000] {local_task_job_runner.py:266} INFO - Task exited with return code 0
[2024-10-05T21:39:44.160+0000] {taskinstance.py:3900} INFO - 1 downstream tasks scheduled from follow-on schedule check
[2024-10-05T21:39:44.166+0000] {local_task_job_runner.py:245} INFO - ::endgroup::
