[2024-09-18T20:53:54.562+0000] {local_task_job_runner.py:123} INFO - ::group::Pre task execution logs
[2024-09-18T20:53:54.577+0000] {taskinstance.py:2612} INFO - Dependencies all met for dep_context=non-requeueable deps ti=<TaskInstance: SitesWebScraping.create_container_kabum manual__2024-09-18T20:53:53.730777+00:00 [queued]>
[2024-09-18T20:53:54.584+0000] {taskinstance.py:2612} INFO - Dependencies all met for dep_context=requeueable deps ti=<TaskInstance: SitesWebScraping.create_container_kabum manual__2024-09-18T20:53:53.730777+00:00 [queued]>
[2024-09-18T20:53:54.585+0000] {taskinstance.py:2865} INFO - Starting attempt 1 of 1
[2024-09-18T20:53:54.603+0000] {taskinstance.py:2888} INFO - Executing <Task(CreateContainerInDataLake): create_container_kabum> on 2024-09-18 20:53:53.730777+00:00
[2024-09-18T20:53:54.611+0000] {warnings.py:112} WARNING - /home/***/.local/lib/python3.12/site-packages/***/task/task_runner/standard_task_runner.py:70: DeprecationWarning: This process (pid=99) is multi-threaded, use of fork() may lead to deadlocks in the child.
  pid = os.fork()

[2024-09-18T20:53:54.613+0000] {standard_task_runner.py:72} INFO - Started process 100 to run task
[2024-09-18T20:53:54.614+0000] {standard_task_runner.py:104} INFO - Running: ['***', 'tasks', 'run', 'SitesWebScraping', 'create_container_kabum', 'manual__2024-09-18T20:53:53.730777+00:00', '--job-id', '359', '--raw', '--subdir', 'DAGS_FOLDER/DagWebScraping.py', '--cfg-path', '/tmp/tmptftcuutp']
[2024-09-18T20:53:54.617+0000] {standard_task_runner.py:105} INFO - Job 359: Subtask create_container_kabum
[2024-09-18T20:53:54.663+0000] {task_command.py:467} INFO - Running <TaskInstance: SitesWebScraping.create_container_kabum manual__2024-09-18T20:53:53.730777+00:00 [running]> on host 7c059e7e6b91
[2024-09-18T20:53:54.739+0000] {taskinstance.py:3131} INFO - Exporting env vars: AIRFLOW_CTX_DAG_OWNER='***' AIRFLOW_CTX_DAG_ID='SitesWebScraping' AIRFLOW_CTX_TASK_ID='create_container_kabum' AIRFLOW_CTX_EXECUTION_DATE='2024-09-18T20:53:53.730777+00:00' AIRFLOW_CTX_TRY_NUMBER='1' AIRFLOW_CTX_DAG_RUN_ID='manual__2024-09-18T20:53:53.730777+00:00'
[2024-09-18T20:53:54.740+0000] {taskinstance.py:731} INFO - ::endgroup::
[2024-09-18T20:53:54.756+0000] {baseoperator.py:405} WARNING - CreateContainerInDataLake.execute cannot be called outside TaskInstance!
[2024-09-18T20:53:54.757+0000] {subprocess.py:63} INFO - Tmp dir root location: /tmp
[2024-09-18T20:53:54.758+0000] {subprocess.py:75} INFO - Running command: ['/usr/bin/bash', '-c', 'mkdir -p /opt/***/datalake/rawzone/kabum=2024-09-18']
[2024-09-18T20:53:54.765+0000] {subprocess.py:86} INFO - Output:
[2024-09-18T20:53:54.772+0000] {subprocess.py:97} INFO - Command exited with return code 0
[2024-09-18T20:53:54.797+0000] {taskinstance.py:340} INFO - ::group::Post task execution logs
[2024-09-18T20:53:54.798+0000] {taskinstance.py:352} INFO - Marking task as SUCCESS. dag_id=SitesWebScraping, task_id=create_container_kabum, run_id=manual__2024-09-18T20:53:53.730777+00:00, execution_date=20240918T205353, start_date=20240918T205354, end_date=20240918T205354
[2024-09-18T20:53:54.829+0000] {local_task_job_runner.py:266} INFO - Task exited with return code 0
[2024-09-18T20:53:54.853+0000] {taskinstance.py:3900} INFO - 1 downstream tasks scheduled from follow-on schedule check
[2024-09-18T20:53:54.859+0000] {local_task_job_runner.py:245} INFO - ::endgroup::
