[2024-09-27T21:49:08.118+0000] {local_task_job_runner.py:123} INFO - ::group::Pre task execution logs
[2024-09-27T21:49:08.134+0000] {taskinstance.py:2612} INFO - Dependencies all met for dep_context=non-requeueable deps ti=<TaskInstance: Pararelismo.tsk1 manual__2024-09-27T21:49:06.898905+00:00 [queued]>
[2024-09-27T21:49:08.145+0000] {taskinstance.py:2612} INFO - Dependencies all met for dep_context=requeueable deps ti=<TaskInstance: Pararelismo.tsk1 manual__2024-09-27T21:49:06.898905+00:00 [queued]>
[2024-09-27T21:49:08.146+0000] {taskinstance.py:2865} INFO - Starting attempt 1 of 1
[2024-09-27T21:49:08.165+0000] {taskinstance.py:2888} INFO - Executing <Task(BashOperator): tsk1> on 2024-09-27 21:49:06.898905+00:00
[2024-09-27T21:49:08.171+0000] {warnings.py:112} WARNING - /home/***/.local/lib/python3.12/site-packages/***/task/task_runner/standard_task_runner.py:70: DeprecationWarning: This process (pid=2237) is multi-threaded, use of fork() may lead to deadlocks in the child.
  pid = os.fork()

[2024-09-27T21:49:08.173+0000] {standard_task_runner.py:72} INFO - Started process 2241 to run task
[2024-09-27T21:49:08.173+0000] {standard_task_runner.py:104} INFO - Running: ['***', 'tasks', 'run', 'Pararelismo', 'tsk1', 'manual__2024-09-27T21:49:06.898905+00:00', '--job-id', '185', '--raw', '--subdir', 'DAGS_FOLDER/PararelismoDag.py', '--cfg-path', '/tmp/tmpqm_zbzxq']
[2024-09-27T21:49:08.174+0000] {standard_task_runner.py:105} INFO - Job 185: Subtask tsk1
[2024-09-27T21:49:08.248+0000] {task_command.py:467} INFO - Running <TaskInstance: Pararelismo.tsk1 manual__2024-09-27T21:49:06.898905+00:00 [running]> on host 1ade27d83dc6
[2024-09-27T21:49:08.352+0000] {taskinstance.py:3131} INFO - Exporting env vars: AIRFLOW_CTX_DAG_OWNER='***' AIRFLOW_CTX_DAG_ID='Pararelismo' AIRFLOW_CTX_TASK_ID='tsk1' AIRFLOW_CTX_EXECUTION_DATE='2024-09-27T21:49:06.898905+00:00' AIRFLOW_CTX_TRY_NUMBER='1' AIRFLOW_CTX_DAG_RUN_ID='manual__2024-09-27T21:49:06.898905+00:00'
[2024-09-27T21:49:08.353+0000] {taskinstance.py:731} INFO - ::endgroup::
[2024-09-27T21:49:08.371+0000] {subprocess.py:63} INFO - Tmp dir root location: /tmp
[2024-09-27T21:49:08.373+0000] {subprocess.py:75} INFO - Running command: ['/usr/bin/bash', '-c', 'sleep 5']
[2024-09-27T21:49:08.384+0000] {subprocess.py:86} INFO - Output:
[2024-09-27T21:49:13.386+0000] {subprocess.py:97} INFO - Command exited with return code 0
[2024-09-27T21:49:13.416+0000] {taskinstance.py:340} INFO - ::group::Post task execution logs
[2024-09-27T21:49:13.417+0000] {taskinstance.py:352} INFO - Marking task as SUCCESS. dag_id=Pararelismo, task_id=tsk1, run_id=manual__2024-09-27T21:49:06.898905+00:00, execution_date=20240927T214906, start_date=20240927T214908, end_date=20240927T214913
[2024-09-27T21:49:13.449+0000] {local_task_job_runner.py:266} INFO - Task exited with return code 0
[2024-09-27T21:49:13.457+0000] {local_task_job_runner.py:245} INFO - ::endgroup::
