[2024-10-15T21:01:39.107+0000] {local_task_job_runner.py:123} INFO - ::group::Pre task execution logs
[2024-10-15T21:01:39.122+0000] {taskinstance.py:2612} INFO - Dependencies all met for dep_context=non-requeueable deps ti=<TaskInstance: LoadWebScraping.submit_job manual__2024-10-15T21:01:36.240224+00:00 [queued]>
[2024-10-15T21:01:39.129+0000] {taskinstance.py:2612} INFO - Dependencies all met for dep_context=requeueable deps ti=<TaskInstance: LoadWebScraping.submit_job manual__2024-10-15T21:01:36.240224+00:00 [queued]>
[2024-10-15T21:01:39.130+0000] {taskinstance.py:2865} INFO - Starting attempt 1 of 1
[2024-10-15T21:01:39.144+0000] {taskinstance.py:2888} INFO - Executing <Task(SparkSubmitOperator): submit_job> on 2024-10-15 21:01:36.240224+00:00
[2024-10-15T21:01:39.150+0000] {warnings.py:112} WARNING - /home/***/.local/lib/python3.12/site-packages/***/task/task_runner/standard_task_runner.py:70: DeprecationWarning: This process (pid=76) is multi-threaded, use of fork() may lead to deadlocks in the child.
  pid = os.fork()

[2024-10-15T21:01:39.151+0000] {standard_task_runner.py:72} INFO - Started process 78 to run task
[2024-10-15T21:01:39.151+0000] {standard_task_runner.py:104} INFO - Running: ['***', 'tasks', 'run', 'LoadWebScraping', 'submit_job', 'manual__2024-10-15T21:01:36.240224+00:00', '--job-id', '27', '--raw', '--subdir', 'DAGS_FOLDER/LoadWebScraping.py', '--cfg-path', '/tmp/tmp0a2elq1x']
[2024-10-15T21:01:39.154+0000] {standard_task_runner.py:105} INFO - Job 27: Subtask submit_job
[2024-10-15T21:01:39.200+0000] {task_command.py:467} INFO - Running <TaskInstance: LoadWebScraping.submit_job manual__2024-10-15T21:01:36.240224+00:00 [running]> on host ab6d7c70276f
[2024-10-15T21:01:39.275+0000] {taskinstance.py:3131} INFO - Exporting env vars: AIRFLOW_CTX_DAG_OWNER='***' AIRFLOW_CTX_DAG_ID='LoadWebScraping' AIRFLOW_CTX_TASK_ID='submit_job' AIRFLOW_CTX_EXECUTION_DATE='2024-10-15T21:01:36.240224+00:00' AIRFLOW_CTX_TRY_NUMBER='1' AIRFLOW_CTX_DAG_RUN_ID='manual__2024-10-15T21:01:36.240224+00:00'
[2024-10-15T21:01:39.276+0000] {taskinstance.py:731} INFO - ::endgroup::
[2024-10-15T21:01:39.310+0000] {base.py:84} INFO - Retrieving connection 'spark_default'
[2024-10-15T21:01:39.311+0000] {spark_submit.py:327} ERROR - Failed to decode base64 keytab: Incorrect padding
[2024-10-15T21:01:39.312+0000] {spark_submit.py:304} INFO - Could not load connection string spark_default, defaulting to spark://spark:7077
[2024-10-15T21:01:39.313+0000] {spark_submit.py:473} INFO - Spark-Submit cmd: spark-submit --master spark://spark:7077 --name arrow-spark --verbose --deploy-mode client /opt/bitnami/spark/src/scripts_spark/LoadFileToDB.py
[2024-10-15T21:01:40.618+0000] {spark_submit.py:649} INFO - Using properties file: null
[2024-10-15T21:01:40.713+0000] {spark_submit.py:649} INFO - Parsed arguments:
[2024-10-15T21:01:40.714+0000] {spark_submit.py:649} INFO - master                  spark://spark:7077
[2024-10-15T21:01:40.714+0000] {spark_submit.py:649} INFO - remote                  null
[2024-10-15T21:01:40.715+0000] {spark_submit.py:649} INFO - deployMode              client
[2024-10-15T21:01:40.715+0000] {spark_submit.py:649} INFO - executorMemory          null
[2024-10-15T21:01:40.716+0000] {spark_submit.py:649} INFO - executorCores           null
[2024-10-15T21:01:40.717+0000] {spark_submit.py:649} INFO - totalExecutorCores      null
[2024-10-15T21:01:40.717+0000] {spark_submit.py:649} INFO - propertiesFile          null
[2024-10-15T21:01:40.718+0000] {spark_submit.py:649} INFO - driverMemory            null
[2024-10-15T21:01:40.718+0000] {spark_submit.py:649} INFO - driverCores             null
[2024-10-15T21:01:40.719+0000] {spark_submit.py:649} INFO - driverExtraClassPath    null
[2024-10-15T21:01:40.719+0000] {spark_submit.py:649} INFO - driverExtraLibraryPath  null
[2024-10-15T21:01:40.720+0000] {spark_submit.py:649} INFO - driverExtraJavaOptions  null
[2024-10-15T21:01:40.720+0000] {spark_submit.py:649} INFO - supervise               false
[2024-10-15T21:01:40.720+0000] {spark_submit.py:649} INFO - queue                   null
[2024-10-15T21:01:40.721+0000] {spark_submit.py:649} INFO - numExecutors            null
[2024-10-15T21:01:40.721+0000] {spark_submit.py:649} INFO - files                   null
[2024-10-15T21:01:40.722+0000] {spark_submit.py:649} INFO - pyFiles                 null
[2024-10-15T21:01:40.723+0000] {spark_submit.py:649} INFO - archives                null
[2024-10-15T21:01:40.723+0000] {spark_submit.py:649} INFO - mainClass               null
[2024-10-15T21:01:40.724+0000] {spark_submit.py:649} INFO - primaryResource         file:/opt/bitnami/spark/src/scripts_spark/LoadFileToDB.py
[2024-10-15T21:01:40.724+0000] {spark_submit.py:649} INFO - name                    arrow-spark
[2024-10-15T21:01:40.725+0000] {spark_submit.py:649} INFO - childArgs               []
[2024-10-15T21:01:40.725+0000] {spark_submit.py:649} INFO - jars                    null
[2024-10-15T21:01:40.726+0000] {spark_submit.py:649} INFO - packages                null
[2024-10-15T21:01:40.726+0000] {spark_submit.py:649} INFO - packagesExclusions      null
[2024-10-15T21:01:40.727+0000] {spark_submit.py:649} INFO - repositories            null
[2024-10-15T21:01:40.727+0000] {spark_submit.py:649} INFO - verbose                 true
[2024-10-15T21:01:40.728+0000] {spark_submit.py:649} INFO - 
[2024-10-15T21:01:40.728+0000] {spark_submit.py:649} INFO - Spark properties used, including those specified through
[2024-10-15T21:01:40.729+0000] {spark_submit.py:649} INFO - --conf and those from the properties file null:
[2024-10-15T21:01:40.729+0000] {spark_submit.py:649} INFO - 
[2024-10-15T21:01:40.730+0000] {spark_submit.py:649} INFO - 
[2024-10-15T21:01:40.730+0000] {spark_submit.py:649} INFO - 
[2024-10-15T21:01:40.924+0000] {spark_submit.py:649} INFO - Main class:
[2024-10-15T21:01:40.925+0000] {spark_submit.py:649} INFO - org.apache.spark.deploy.PythonRunner
[2024-10-15T21:01:40.926+0000] {spark_submit.py:649} INFO - Arguments:
[2024-10-15T21:01:40.926+0000] {spark_submit.py:649} INFO - file:/opt/bitnami/spark/src/scripts_spark/LoadFileToDB.py
[2024-10-15T21:01:40.927+0000] {spark_submit.py:649} INFO - null
[2024-10-15T21:01:40.928+0000] {spark_submit.py:649} INFO - Spark config:
[2024-10-15T21:01:40.928+0000] {spark_submit.py:649} INFO - (spark.app.name,arrow-spark)
[2024-10-15T21:01:40.929+0000] {spark_submit.py:649} INFO - (spark.app.submitTime,1729026100912)
[2024-10-15T21:01:40.929+0000] {spark_submit.py:649} INFO - (spark.master,spark://spark:7077)
[2024-10-15T21:01:40.930+0000] {spark_submit.py:649} INFO - (spark.submit.deployMode,client)
[2024-10-15T21:01:40.930+0000] {spark_submit.py:649} INFO - (spark.submit.pyFiles,)
[2024-10-15T21:01:40.930+0000] {spark_submit.py:649} INFO - Classpath elements:
[2024-10-15T21:01:40.931+0000] {spark_submit.py:649} INFO - 
[2024-10-15T21:01:40.931+0000] {spark_submit.py:649} INFO - 
[2024-10-15T21:01:40.932+0000] {spark_submit.py:649} INFO - 
[2024-10-15T21:01:42.077+0000] {spark_submit.py:649} INFO - 24/10/15 21:01:42 INFO SparkContext: Running Spark version 3.5.2
[2024-10-15T21:01:42.079+0000] {spark_submit.py:649} INFO - 24/10/15 21:01:42 INFO SparkContext: OS info Linux, 5.15.153.1-microsoft-standard-WSL2, amd64
[2024-10-15T21:01:42.080+0000] {spark_submit.py:649} INFO - 24/10/15 21:01:42 INFO SparkContext: Java version 17.0.12
[2024-10-15T21:01:42.124+0000] {spark_submit.py:649} INFO - 24/10/15 21:01:42 WARN NativeCodeLoader: Unable to load native-hadoop library for your platform... using builtin-java classes where applicable
[2024-10-15T21:01:42.191+0000] {spark_submit.py:649} INFO - 24/10/15 21:01:42 INFO ResourceUtils: ==============================================================
[2024-10-15T21:01:42.192+0000] {spark_submit.py:649} INFO - 24/10/15 21:01:42 INFO ResourceUtils: No custom resources configured for spark.driver.
[2024-10-15T21:01:42.193+0000] {spark_submit.py:649} INFO - 24/10/15 21:01:42 INFO ResourceUtils: ==============================================================
[2024-10-15T21:01:42.193+0000] {spark_submit.py:649} INFO - 24/10/15 21:01:42 INFO SparkContext: Submitted application: Test PostgreSQL Connection
[2024-10-15T21:01:42.214+0000] {spark_submit.py:649} INFO - 24/10/15 21:01:42 INFO ResourceProfile: Default ResourceProfile created, executor resources: Map(memory -> name: memory, amount: 1024, script: , vendor: , offHeap -> name: offHeap, amount: 0, script: , vendor: ), task resources: Map(cpus -> name: cpus, amount: 1.0)
[2024-10-15T21:01:42.222+0000] {spark_submit.py:649} INFO - 24/10/15 21:01:42 INFO ResourceProfile: Limiting resource is cpu
[2024-10-15T21:01:42.223+0000] {spark_submit.py:649} INFO - 24/10/15 21:01:42 INFO ResourceProfileManager: Added ResourceProfile id: 0
[2024-10-15T21:01:42.268+0000] {spark_submit.py:649} INFO - 24/10/15 21:01:42 INFO SecurityManager: Changing view acls to: ***
[2024-10-15T21:01:42.269+0000] {spark_submit.py:649} INFO - 24/10/15 21:01:42 INFO SecurityManager: Changing modify acls to: ***
[2024-10-15T21:01:42.270+0000] {spark_submit.py:649} INFO - 24/10/15 21:01:42 INFO SecurityManager: Changing view acls groups to:
[2024-10-15T21:01:42.270+0000] {spark_submit.py:649} INFO - 24/10/15 21:01:42 INFO SecurityManager: Changing modify acls groups to:
[2024-10-15T21:01:42.271+0000] {spark_submit.py:649} INFO - 24/10/15 21:01:42 INFO SecurityManager: SecurityManager: authentication disabled; ui acls disabled; users with view permissions: ***; groups with view permissions: EMPTY; users with modify permissions: ***; groups with modify permissions: EMPTY
[2024-10-15T21:01:42.483+0000] {spark_submit.py:649} INFO - 24/10/15 21:01:42 INFO Utils: Successfully started service 'sparkDriver' on port 33189.
[2024-10-15T21:01:42.509+0000] {spark_submit.py:649} INFO - 24/10/15 21:01:42 INFO SparkEnv: Registering MapOutputTracker
[2024-10-15T21:01:42.541+0000] {spark_submit.py:649} INFO - 24/10/15 21:01:42 INFO SparkEnv: Registering BlockManagerMaster
[2024-10-15T21:01:42.554+0000] {spark_submit.py:649} INFO - 24/10/15 21:01:42 INFO BlockManagerMasterEndpoint: Using org.apache.spark.storage.DefaultTopologyMapper for getting topology information
[2024-10-15T21:01:42.555+0000] {spark_submit.py:649} INFO - 24/10/15 21:01:42 INFO BlockManagerMasterEndpoint: BlockManagerMasterEndpoint up
[2024-10-15T21:01:42.558+0000] {spark_submit.py:649} INFO - 24/10/15 21:01:42 INFO SparkEnv: Registering BlockManagerMasterHeartbeat
[2024-10-15T21:01:42.576+0000] {spark_submit.py:649} INFO - 24/10/15 21:01:42 INFO DiskBlockManager: Created local directory at /tmp/blockmgr-c4dc5be1-fbb8-493a-94d7-38639553d3de
[2024-10-15T21:01:42.589+0000] {spark_submit.py:649} INFO - 24/10/15 21:01:42 INFO MemoryStore: MemoryStore started with capacity 434.4 MiB
[2024-10-15T21:01:42.614+0000] {spark_submit.py:649} INFO - 24/10/15 21:01:42 INFO SparkEnv: Registering OutputCommitCoordinator
[2024-10-15T21:01:42.729+0000] {spark_submit.py:649} INFO - 24/10/15 21:01:42 INFO JettyUtils: Start Jetty 0.0.0.0:4040 for SparkUI
[2024-10-15T21:01:42.789+0000] {spark_submit.py:649} INFO - 24/10/15 21:01:42 INFO Utils: Successfully started service 'SparkUI' on port 4040.
[2024-10-15T21:01:42.910+0000] {spark_submit.py:649} INFO - 24/10/15 21:01:42 INFO StandaloneAppClient$ClientEndpoint: Connecting to master spark://spark:7077...
[2024-10-15T21:01:46.688+0000] {spark_submit.py:649} INFO - 24/10/15 21:01:46 WARN TransportClientFactory: DNS resolution failed for spark/<unresolved>:7077 took 3760 ms
[2024-10-15T21:01:46.710+0000] {spark_submit.py:649} INFO - 24/10/15 21:01:46 WARN StandaloneAppClient$ClientEndpoint: Failed to connect to master spark:7077
[2024-10-15T21:01:46.711+0000] {spark_submit.py:649} INFO - org.apache.spark.SparkException: Exception thrown in awaitResult:
[2024-10-15T21:01:46.711+0000] {spark_submit.py:649} INFO - at org.apache.spark.util.SparkThreadUtils$.awaitResult(SparkThreadUtils.scala:56)
[2024-10-15T21:01:46.712+0000] {spark_submit.py:649} INFO - at org.apache.spark.util.ThreadUtils$.awaitResult(ThreadUtils.scala:310)
[2024-10-15T21:01:46.712+0000] {spark_submit.py:649} INFO - at org.apache.spark.rpc.RpcTimeout.awaitResult(RpcTimeout.scala:75)
[2024-10-15T21:01:46.712+0000] {spark_submit.py:649} INFO - at org.apache.spark.rpc.RpcEnv.setupEndpointRefByURI(RpcEnv.scala:102)
[2024-10-15T21:01:46.713+0000] {spark_submit.py:649} INFO - at org.apache.spark.rpc.RpcEnv.setupEndpointRef(RpcEnv.scala:110)
[2024-10-15T21:01:46.713+0000] {spark_submit.py:649} INFO - at org.apache.spark.deploy.client.StandaloneAppClient$ClientEndpoint$$anon$1.run(StandaloneAppClient.scala:108)
[2024-10-15T21:01:46.714+0000] {spark_submit.py:649} INFO - at java.base/java.util.concurrent.Executors$RunnableAdapter.call(Executors.java:539)
[2024-10-15T21:01:46.714+0000] {spark_submit.py:649} INFO - at java.base/java.util.concurrent.FutureTask.run(FutureTask.java:264)
[2024-10-15T21:01:46.715+0000] {spark_submit.py:649} INFO - at java.base/java.util.concurrent.ThreadPoolExecutor.runWorker(ThreadPoolExecutor.java:1136)
[2024-10-15T21:01:46.715+0000] {spark_submit.py:649} INFO - at java.base/java.util.concurrent.ThreadPoolExecutor$Worker.run(ThreadPoolExecutor.java:635)
[2024-10-15T21:01:46.715+0000] {spark_submit.py:649} INFO - at java.base/java.lang.Thread.run(Thread.java:840)
[2024-10-15T21:01:46.716+0000] {spark_submit.py:649} INFO - Caused by: java.io.IOException: Failed to connect to spark/<unresolved>:7077
[2024-10-15T21:01:46.716+0000] {spark_submit.py:649} INFO - at org.apache.spark.network.client.TransportClientFactory.createClient(TransportClientFactory.java:294)
[2024-10-15T21:01:46.717+0000] {spark_submit.py:649} INFO - at org.apache.spark.network.client.TransportClientFactory.createClient(TransportClientFactory.java:214)
[2024-10-15T21:01:46.717+0000] {spark_submit.py:649} INFO - at org.apache.spark.network.client.TransportClientFactory.createClient(TransportClientFactory.java:226)
[2024-10-15T21:01:46.717+0000] {spark_submit.py:649} INFO - at org.apache.spark.rpc.netty.NettyRpcEnv.createClient(NettyRpcEnv.scala:204)
[2024-10-15T21:01:46.718+0000] {spark_submit.py:649} INFO - at org.apache.spark.rpc.netty.Outbox$$anon$1.call(Outbox.scala:202)
[2024-10-15T21:01:46.718+0000] {spark_submit.py:649} INFO - at org.apache.spark.rpc.netty.Outbox$$anon$1.call(Outbox.scala:198)
[2024-10-15T21:01:46.719+0000] {spark_submit.py:649} INFO - ... 4 more
[2024-10-15T21:01:46.719+0000] {spark_submit.py:649} INFO - Caused by: java.net.UnknownHostException: spark
[2024-10-15T21:01:46.720+0000] {spark_submit.py:649} INFO - at java.base/java.net.InetAddress$CachedAddresses.get(InetAddress.java:801)
[2024-10-15T21:01:46.720+0000] {spark_submit.py:649} INFO - at java.base/java.net.InetAddress.getAllByName0(InetAddress.java:1533)
[2024-10-15T21:01:46.720+0000] {spark_submit.py:649} INFO - at java.base/java.net.InetAddress.getAllByName(InetAddress.java:1385)
[2024-10-15T21:01:46.721+0000] {spark_submit.py:649} INFO - at java.base/java.net.InetAddress.getAllByName(InetAddress.java:1306)
[2024-10-15T21:01:46.721+0000] {spark_submit.py:649} INFO - at java.base/java.net.InetAddress.getByName(InetAddress.java:1256)
[2024-10-15T21:01:46.721+0000] {spark_submit.py:649} INFO - at io.netty.util.internal.SocketUtils$8.run(SocketUtils.java:156)
[2024-10-15T21:01:46.722+0000] {spark_submit.py:649} INFO - at io.netty.util.internal.SocketUtils$8.run(SocketUtils.java:153)
[2024-10-15T21:01:46.722+0000] {spark_submit.py:649} INFO - at java.base/java.security.AccessController.doPrivileged(AccessController.java:569)
[2024-10-15T21:01:46.722+0000] {spark_submit.py:649} INFO - at io.netty.util.internal.SocketUtils.addressByName(SocketUtils.java:153)
[2024-10-15T21:01:46.723+0000] {spark_submit.py:649} INFO - at io.netty.resolver.DefaultNameResolver.doResolve(DefaultNameResolver.java:41)
[2024-10-15T21:01:46.723+0000] {spark_submit.py:649} INFO - at io.netty.resolver.SimpleNameResolver.resolve(SimpleNameResolver.java:61)
[2024-10-15T21:01:46.724+0000] {spark_submit.py:649} INFO - at io.netty.resolver.SimpleNameResolver.resolve(SimpleNameResolver.java:53)
[2024-10-15T21:01:46.724+0000] {spark_submit.py:649} INFO - at io.netty.resolver.InetSocketAddressResolver.doResolve(InetSocketAddressResolver.java:55)
[2024-10-15T21:01:46.724+0000] {spark_submit.py:649} INFO - at io.netty.resolver.InetSocketAddressResolver.doResolve(InetSocketAddressResolver.java:31)
[2024-10-15T21:01:46.725+0000] {spark_submit.py:649} INFO - at io.netty.resolver.AbstractAddressResolver.resolve(AbstractAddressResolver.java:106)
[2024-10-15T21:01:46.725+0000] {spark_submit.py:649} INFO - at io.netty.bootstrap.Bootstrap.doResolveAndConnect0(Bootstrap.java:220)
[2024-10-15T21:01:46.725+0000] {spark_submit.py:649} INFO - at io.netty.bootstrap.Bootstrap.access$000(Bootstrap.java:46)
[2024-10-15T21:01:46.726+0000] {spark_submit.py:649} INFO - at io.netty.bootstrap.Bootstrap$1.operationComplete(Bootstrap.java:189)
[2024-10-15T21:01:46.726+0000] {spark_submit.py:649} INFO - at io.netty.bootstrap.Bootstrap$1.operationComplete(Bootstrap.java:175)
[2024-10-15T21:01:46.726+0000] {spark_submit.py:649} INFO - at io.netty.util.concurrent.DefaultPromise.notifyListener0(DefaultPromise.java:590)
[2024-10-15T21:01:46.727+0000] {spark_submit.py:649} INFO - at io.netty.util.concurrent.DefaultPromise.notifyListenersNow(DefaultPromise.java:557)
[2024-10-15T21:01:46.727+0000] {spark_submit.py:649} INFO - at io.netty.util.concurrent.DefaultPromise.notifyListeners(DefaultPromise.java:492)
[2024-10-15T21:01:46.727+0000] {spark_submit.py:649} INFO - at io.netty.util.concurrent.DefaultPromise.setValue0(DefaultPromise.java:636)
[2024-10-15T21:01:46.728+0000] {spark_submit.py:649} INFO - at io.netty.util.concurrent.DefaultPromise.setSuccess0(DefaultPromise.java:625)
[2024-10-15T21:01:46.728+0000] {spark_submit.py:649} INFO - at io.netty.util.concurrent.DefaultPromise.trySuccess(DefaultPromise.java:105)
[2024-10-15T21:01:46.729+0000] {spark_submit.py:649} INFO - at io.netty.channel.DefaultChannelPromise.trySuccess(DefaultChannelPromise.java:84)
[2024-10-15T21:01:46.729+0000] {spark_submit.py:649} INFO - at io.netty.channel.AbstractChannel$AbstractUnsafe.safeSetSuccess(AbstractChannel.java:990)
[2024-10-15T21:01:46.729+0000] {spark_submit.py:649} INFO - at io.netty.channel.AbstractChannel$AbstractUnsafe.register0(AbstractChannel.java:516)
[2024-10-15T21:01:46.730+0000] {spark_submit.py:649} INFO - at io.netty.channel.AbstractChannel$AbstractUnsafe.access$200(AbstractChannel.java:429)
[2024-10-15T21:01:46.730+0000] {spark_submit.py:649} INFO - at io.netty.channel.AbstractChannel$AbstractUnsafe$1.run(AbstractChannel.java:486)
[2024-10-15T21:01:46.730+0000] {spark_submit.py:649} INFO - at io.netty.util.concurrent.AbstractEventExecutor.runTask(AbstractEventExecutor.java:174)
[2024-10-15T21:01:46.731+0000] {spark_submit.py:649} INFO - at io.netty.util.concurrent.AbstractEventExecutor.safeExecute(AbstractEventExecutor.java:167)
[2024-10-15T21:01:46.731+0000] {spark_submit.py:649} INFO - at io.netty.util.concurrent.SingleThreadEventExecutor.runAllTasks(SingleThreadEventExecutor.java:470)
[2024-10-15T21:01:46.732+0000] {spark_submit.py:649} INFO - at io.netty.channel.nio.NioEventLoop.run(NioEventLoop.java:569)
[2024-10-15T21:01:46.732+0000] {spark_submit.py:649} INFO - at io.netty.util.concurrent.SingleThreadEventExecutor$4.run(SingleThreadEventExecutor.java:997)
[2024-10-15T21:01:46.732+0000] {spark_submit.py:649} INFO - at io.netty.util.internal.ThreadExecutorMap$2.run(ThreadExecutorMap.java:74)
[2024-10-15T21:01:46.733+0000] {spark_submit.py:649} INFO - at io.netty.util.concurrent.FastThreadLocalRunnable.run(FastThreadLocalRunnable.java:30)
[2024-10-15T21:01:46.733+0000] {spark_submit.py:649} INFO - ... 1 more
[2024-10-15T21:02:02.911+0000] {spark_submit.py:649} INFO - 24/10/15 21:02:02 INFO StandaloneAppClient$ClientEndpoint: Connecting to master spark://spark:7077...
[2024-10-15T21:02:06.675+0000] {spark_submit.py:649} INFO - 24/10/15 21:02:06 WARN TransportClientFactory: DNS resolution failed for spark/<unresolved>:7077 took 3762 ms
[2024-10-15T21:02:06.678+0000] {spark_submit.py:649} INFO - 24/10/15 21:02:06 WARN StandaloneAppClient$ClientEndpoint: Failed to connect to master spark:7077
[2024-10-15T21:02:06.679+0000] {spark_submit.py:649} INFO - org.apache.spark.SparkException: Exception thrown in awaitResult:
[2024-10-15T21:02:06.680+0000] {spark_submit.py:649} INFO - at org.apache.spark.util.SparkThreadUtils$.awaitResult(SparkThreadUtils.scala:56)
[2024-10-15T21:02:06.680+0000] {spark_submit.py:649} INFO - at org.apache.spark.util.ThreadUtils$.awaitResult(ThreadUtils.scala:310)
[2024-10-15T21:02:06.680+0000] {spark_submit.py:649} INFO - at org.apache.spark.rpc.RpcTimeout.awaitResult(RpcTimeout.scala:75)
[2024-10-15T21:02:06.681+0000] {spark_submit.py:649} INFO - at org.apache.spark.rpc.RpcEnv.setupEndpointRefByURI(RpcEnv.scala:102)
[2024-10-15T21:02:06.681+0000] {spark_submit.py:649} INFO - at org.apache.spark.rpc.RpcEnv.setupEndpointRef(RpcEnv.scala:110)
[2024-10-15T21:02:06.682+0000] {spark_submit.py:649} INFO - at org.apache.spark.deploy.client.StandaloneAppClient$ClientEndpoint$$anon$1.run(StandaloneAppClient.scala:108)
[2024-10-15T21:02:06.682+0000] {spark_submit.py:649} INFO - at java.base/java.util.concurrent.Executors$RunnableAdapter.call(Executors.java:539)
[2024-10-15T21:02:06.683+0000] {spark_submit.py:649} INFO - at java.base/java.util.concurrent.FutureTask.run(FutureTask.java:264)
[2024-10-15T21:02:06.683+0000] {spark_submit.py:649} INFO - at java.base/java.util.concurrent.ThreadPoolExecutor.runWorker(ThreadPoolExecutor.java:1136)
[2024-10-15T21:02:06.684+0000] {spark_submit.py:649} INFO - at java.base/java.util.concurrent.ThreadPoolExecutor$Worker.run(ThreadPoolExecutor.java:635)
[2024-10-15T21:02:06.684+0000] {spark_submit.py:649} INFO - at java.base/java.lang.Thread.run(Thread.java:840)
[2024-10-15T21:02:06.684+0000] {spark_submit.py:649} INFO - Caused by: java.io.IOException: Failed to connect to spark/<unresolved>:7077
[2024-10-15T21:02:06.685+0000] {spark_submit.py:649} INFO - at org.apache.spark.network.client.TransportClientFactory.createClient(TransportClientFactory.java:294)
[2024-10-15T21:02:06.685+0000] {spark_submit.py:649} INFO - at org.apache.spark.network.client.TransportClientFactory.createClient(TransportClientFactory.java:214)
[2024-10-15T21:02:06.685+0000] {spark_submit.py:649} INFO - at org.apache.spark.network.client.TransportClientFactory.createClient(TransportClientFactory.java:226)
[2024-10-15T21:02:06.686+0000] {spark_submit.py:649} INFO - at org.apache.spark.rpc.netty.NettyRpcEnv.createClient(NettyRpcEnv.scala:204)
[2024-10-15T21:02:06.686+0000] {spark_submit.py:649} INFO - at org.apache.spark.rpc.netty.Outbox$$anon$1.call(Outbox.scala:202)
[2024-10-15T21:02:06.687+0000] {spark_submit.py:649} INFO - at org.apache.spark.rpc.netty.Outbox$$anon$1.call(Outbox.scala:198)
[2024-10-15T21:02:06.687+0000] {spark_submit.py:649} INFO - ... 4 more
[2024-10-15T21:02:06.687+0000] {spark_submit.py:649} INFO - Caused by: java.net.UnknownHostException: spark
[2024-10-15T21:02:06.688+0000] {spark_submit.py:649} INFO - at java.base/java.net.InetAddress$CachedAddresses.get(InetAddress.java:801)
[2024-10-15T21:02:06.688+0000] {spark_submit.py:649} INFO - at java.base/java.net.InetAddress.getAllByName0(InetAddress.java:1533)
[2024-10-15T21:02:06.689+0000] {spark_submit.py:649} INFO - at java.base/java.net.InetAddress.getAllByName(InetAddress.java:1385)
[2024-10-15T21:02:06.689+0000] {spark_submit.py:649} INFO - at java.base/java.net.InetAddress.getAllByName(InetAddress.java:1306)
[2024-10-15T21:02:06.690+0000] {spark_submit.py:649} INFO - at java.base/java.net.InetAddress.getByName(InetAddress.java:1256)
[2024-10-15T21:02:06.690+0000] {spark_submit.py:649} INFO - at io.netty.util.internal.SocketUtils$8.run(SocketUtils.java:156)
[2024-10-15T21:02:06.690+0000] {spark_submit.py:649} INFO - at io.netty.util.internal.SocketUtils$8.run(SocketUtils.java:153)
[2024-10-15T21:02:06.691+0000] {spark_submit.py:649} INFO - at java.base/java.security.AccessController.doPrivileged(AccessController.java:569)
[2024-10-15T21:02:06.691+0000] {spark_submit.py:649} INFO - at io.netty.util.internal.SocketUtils.addressByName(SocketUtils.java:153)
[2024-10-15T21:02:06.692+0000] {spark_submit.py:649} INFO - at io.netty.resolver.DefaultNameResolver.doResolve(DefaultNameResolver.java:41)
[2024-10-15T21:02:06.692+0000] {spark_submit.py:649} INFO - at io.netty.resolver.SimpleNameResolver.resolve(SimpleNameResolver.java:61)
[2024-10-15T21:02:06.692+0000] {spark_submit.py:649} INFO - at io.netty.resolver.SimpleNameResolver.resolve(SimpleNameResolver.java:53)
[2024-10-15T21:02:06.693+0000] {spark_submit.py:649} INFO - at io.netty.resolver.InetSocketAddressResolver.doResolve(InetSocketAddressResolver.java:55)
[2024-10-15T21:02:06.693+0000] {spark_submit.py:649} INFO - at io.netty.resolver.InetSocketAddressResolver.doResolve(InetSocketAddressResolver.java:31)
[2024-10-15T21:02:06.694+0000] {spark_submit.py:649} INFO - at io.netty.resolver.AbstractAddressResolver.resolve(AbstractAddressResolver.java:106)
[2024-10-15T21:02:06.694+0000] {spark_submit.py:649} INFO - at io.netty.bootstrap.Bootstrap.doResolveAndConnect0(Bootstrap.java:220)
[2024-10-15T21:02:06.695+0000] {spark_submit.py:649} INFO - at io.netty.bootstrap.Bootstrap.access$000(Bootstrap.java:46)
[2024-10-15T21:02:06.695+0000] {spark_submit.py:649} INFO - at io.netty.bootstrap.Bootstrap$1.operationComplete(Bootstrap.java:189)
[2024-10-15T21:02:06.695+0000] {spark_submit.py:649} INFO - at io.netty.bootstrap.Bootstrap$1.operationComplete(Bootstrap.java:175)
[2024-10-15T21:02:06.696+0000] {spark_submit.py:649} INFO - at io.netty.util.concurrent.DefaultPromise.notifyListener0(DefaultPromise.java:590)
[2024-10-15T21:02:06.696+0000] {spark_submit.py:649} INFO - at io.netty.util.concurrent.DefaultPromise.notifyListenersNow(DefaultPromise.java:557)
[2024-10-15T21:02:06.697+0000] {spark_submit.py:649} INFO - at io.netty.util.concurrent.DefaultPromise.notifyListeners(DefaultPromise.java:492)
[2024-10-15T21:02:06.697+0000] {spark_submit.py:649} INFO - at io.netty.util.concurrent.DefaultPromise.setValue0(DefaultPromise.java:636)
[2024-10-15T21:02:06.697+0000] {spark_submit.py:649} INFO - at io.netty.util.concurrent.DefaultPromise.setSuccess0(DefaultPromise.java:625)
[2024-10-15T21:02:06.698+0000] {spark_submit.py:649} INFO - at io.netty.util.concurrent.DefaultPromise.trySuccess(DefaultPromise.java:105)
[2024-10-15T21:02:06.698+0000] {spark_submit.py:649} INFO - at io.netty.channel.DefaultChannelPromise.trySuccess(DefaultChannelPromise.java:84)
[2024-10-15T21:02:06.699+0000] {spark_submit.py:649} INFO - at io.netty.channel.AbstractChannel$AbstractUnsafe.safeSetSuccess(AbstractChannel.java:990)
[2024-10-15T21:02:06.699+0000] {spark_submit.py:649} INFO - at io.netty.channel.AbstractChannel$AbstractUnsafe.register0(AbstractChannel.java:516)
[2024-10-15T21:02:06.699+0000] {spark_submit.py:649} INFO - at io.netty.channel.AbstractChannel$AbstractUnsafe.access$200(AbstractChannel.java:429)
[2024-10-15T21:02:06.700+0000] {spark_submit.py:649} INFO - at io.netty.channel.AbstractChannel$AbstractUnsafe$1.run(AbstractChannel.java:486)
[2024-10-15T21:02:06.700+0000] {spark_submit.py:649} INFO - at io.netty.util.concurrent.AbstractEventExecutor.runTask(AbstractEventExecutor.java:174)
[2024-10-15T21:02:06.701+0000] {spark_submit.py:649} INFO - at io.netty.util.concurrent.AbstractEventExecutor.safeExecute(AbstractEventExecutor.java:167)
[2024-10-15T21:02:06.701+0000] {spark_submit.py:649} INFO - at io.netty.util.concurrent.SingleThreadEventExecutor.runAllTasks(SingleThreadEventExecutor.java:470)
[2024-10-15T21:02:06.701+0000] {spark_submit.py:649} INFO - at io.netty.channel.nio.NioEventLoop.run(NioEventLoop.java:569)
[2024-10-15T21:02:06.702+0000] {spark_submit.py:649} INFO - at io.netty.util.concurrent.SingleThreadEventExecutor$4.run(SingleThreadEventExecutor.java:997)
[2024-10-15T21:02:06.702+0000] {spark_submit.py:649} INFO - at io.netty.util.internal.ThreadExecutorMap$2.run(ThreadExecutorMap.java:74)
[2024-10-15T21:02:06.703+0000] {spark_submit.py:649} INFO - at io.netty.util.concurrent.FastThreadLocalRunnable.run(FastThreadLocalRunnable.java:30)
[2024-10-15T21:02:06.703+0000] {spark_submit.py:649} INFO - ... 1 more
[2024-10-15T21:02:22.910+0000] {spark_submit.py:649} INFO - 24/10/15 21:02:22 INFO StandaloneAppClient$ClientEndpoint: Connecting to master spark://spark:7077...
[2024-10-15T21:02:26.666+0000] {spark_submit.py:649} INFO - 24/10/15 21:02:26 WARN TransportClientFactory: DNS resolution failed for spark/<unresolved>:7077 took 3754 ms
[2024-10-15T21:02:26.669+0000] {spark_submit.py:649} INFO - 24/10/15 21:02:26 WARN StandaloneAppClient$ClientEndpoint: Failed to connect to master spark:7077
[2024-10-15T21:02:26.670+0000] {spark_submit.py:649} INFO - org.apache.spark.SparkException: Exception thrown in awaitResult:
[2024-10-15T21:02:26.671+0000] {spark_submit.py:649} INFO - at org.apache.spark.util.SparkThreadUtils$.awaitResult(SparkThreadUtils.scala:56)
[2024-10-15T21:02:26.671+0000] {spark_submit.py:649} INFO - at org.apache.spark.util.ThreadUtils$.awaitResult(ThreadUtils.scala:310)
[2024-10-15T21:02:26.672+0000] {spark_submit.py:649} INFO - at org.apache.spark.rpc.RpcTimeout.awaitResult(RpcTimeout.scala:75)
[2024-10-15T21:02:26.672+0000] {spark_submit.py:649} INFO - at org.apache.spark.rpc.RpcEnv.setupEndpointRefByURI(RpcEnv.scala:102)
[2024-10-15T21:02:26.673+0000] {spark_submit.py:649} INFO - at org.apache.spark.rpc.RpcEnv.setupEndpointRef(RpcEnv.scala:110)
[2024-10-15T21:02:26.673+0000] {spark_submit.py:649} INFO - at org.apache.spark.deploy.client.StandaloneAppClient$ClientEndpoint$$anon$1.run(StandaloneAppClient.scala:108)
[2024-10-15T21:02:26.674+0000] {spark_submit.py:649} INFO - at java.base/java.util.concurrent.Executors$RunnableAdapter.call(Executors.java:539)
[2024-10-15T21:02:26.674+0000] {spark_submit.py:649} INFO - at java.base/java.util.concurrent.FutureTask.run(FutureTask.java:264)
[2024-10-15T21:02:26.675+0000] {spark_submit.py:649} INFO - at java.base/java.util.concurrent.ThreadPoolExecutor.runWorker(ThreadPoolExecutor.java:1136)
[2024-10-15T21:02:26.675+0000] {spark_submit.py:649} INFO - at java.base/java.util.concurrent.ThreadPoolExecutor$Worker.run(ThreadPoolExecutor.java:635)
[2024-10-15T21:02:26.676+0000] {spark_submit.py:649} INFO - at java.base/java.lang.Thread.run(Thread.java:840)
[2024-10-15T21:02:26.676+0000] {spark_submit.py:649} INFO - Caused by: java.io.IOException: Failed to connect to spark/<unresolved>:7077
[2024-10-15T21:02:26.677+0000] {spark_submit.py:649} INFO - at org.apache.spark.network.client.TransportClientFactory.createClient(TransportClientFactory.java:294)
[2024-10-15T21:02:26.677+0000] {spark_submit.py:649} INFO - at org.apache.spark.network.client.TransportClientFactory.createClient(TransportClientFactory.java:214)
[2024-10-15T21:02:26.678+0000] {spark_submit.py:649} INFO - at org.apache.spark.network.client.TransportClientFactory.createClient(TransportClientFactory.java:226)
[2024-10-15T21:02:26.678+0000] {spark_submit.py:649} INFO - at org.apache.spark.rpc.netty.NettyRpcEnv.createClient(NettyRpcEnv.scala:204)
[2024-10-15T21:02:26.679+0000] {spark_submit.py:649} INFO - at org.apache.spark.rpc.netty.Outbox$$anon$1.call(Outbox.scala:202)
[2024-10-15T21:02:26.679+0000] {spark_submit.py:649} INFO - at org.apache.spark.rpc.netty.Outbox$$anon$1.call(Outbox.scala:198)
[2024-10-15T21:02:26.680+0000] {spark_submit.py:649} INFO - ... 4 more
[2024-10-15T21:02:26.680+0000] {spark_submit.py:649} INFO - Caused by: java.net.UnknownHostException: spark
[2024-10-15T21:02:26.680+0000] {spark_submit.py:649} INFO - at java.base/java.net.InetAddress$CachedAddresses.get(InetAddress.java:801)
[2024-10-15T21:02:26.681+0000] {spark_submit.py:649} INFO - at java.base/java.net.InetAddress.getAllByName0(InetAddress.java:1533)
[2024-10-15T21:02:26.681+0000] {spark_submit.py:649} INFO - at java.base/java.net.InetAddress.getAllByName(InetAddress.java:1385)
[2024-10-15T21:02:26.682+0000] {spark_submit.py:649} INFO - at java.base/java.net.InetAddress.getAllByName(InetAddress.java:1306)
[2024-10-15T21:02:26.682+0000] {spark_submit.py:649} INFO - at java.base/java.net.InetAddress.getByName(InetAddress.java:1256)
[2024-10-15T21:02:26.683+0000] {spark_submit.py:649} INFO - at io.netty.util.internal.SocketUtils$8.run(SocketUtils.java:156)
[2024-10-15T21:02:26.683+0000] {spark_submit.py:649} INFO - at io.netty.util.internal.SocketUtils$8.run(SocketUtils.java:153)
[2024-10-15T21:02:26.684+0000] {spark_submit.py:649} INFO - at java.base/java.security.AccessController.doPrivileged(AccessController.java:569)
[2024-10-15T21:02:26.684+0000] {spark_submit.py:649} INFO - at io.netty.util.internal.SocketUtils.addressByName(SocketUtils.java:153)
[2024-10-15T21:02:26.684+0000] {spark_submit.py:649} INFO - at io.netty.resolver.DefaultNameResolver.doResolve(DefaultNameResolver.java:41)
[2024-10-15T21:02:26.685+0000] {spark_submit.py:649} INFO - at io.netty.resolver.SimpleNameResolver.resolve(SimpleNameResolver.java:61)
[2024-10-15T21:02:26.685+0000] {spark_submit.py:649} INFO - at io.netty.resolver.SimpleNameResolver.resolve(SimpleNameResolver.java:53)
[2024-10-15T21:02:26.686+0000] {spark_submit.py:649} INFO - at io.netty.resolver.InetSocketAddressResolver.doResolve(InetSocketAddressResolver.java:55)
[2024-10-15T21:02:26.686+0000] {spark_submit.py:649} INFO - at io.netty.resolver.InetSocketAddressResolver.doResolve(InetSocketAddressResolver.java:31)
[2024-10-15T21:02:26.687+0000] {spark_submit.py:649} INFO - at io.netty.resolver.AbstractAddressResolver.resolve(AbstractAddressResolver.java:106)
[2024-10-15T21:02:26.687+0000] {spark_submit.py:649} INFO - at io.netty.bootstrap.Bootstrap.doResolveAndConnect0(Bootstrap.java:220)
[2024-10-15T21:02:26.688+0000] {spark_submit.py:649} INFO - at io.netty.bootstrap.Bootstrap.access$000(Bootstrap.java:46)
[2024-10-15T21:02:26.688+0000] {spark_submit.py:649} INFO - at io.netty.bootstrap.Bootstrap$1.operationComplete(Bootstrap.java:189)
[2024-10-15T21:02:26.688+0000] {spark_submit.py:649} INFO - at io.netty.bootstrap.Bootstrap$1.operationComplete(Bootstrap.java:175)
[2024-10-15T21:02:26.689+0000] {spark_submit.py:649} INFO - at io.netty.util.concurrent.DefaultPromise.notifyListener0(DefaultPromise.java:590)
[2024-10-15T21:02:26.689+0000] {spark_submit.py:649} INFO - at io.netty.util.concurrent.DefaultPromise.notifyListenersNow(DefaultPromise.java:557)
[2024-10-15T21:02:26.690+0000] {spark_submit.py:649} INFO - at io.netty.util.concurrent.DefaultPromise.notifyListeners(DefaultPromise.java:492)
[2024-10-15T21:02:26.690+0000] {spark_submit.py:649} INFO - at io.netty.util.concurrent.DefaultPromise.setValue0(DefaultPromise.java:636)
[2024-10-15T21:02:26.690+0000] {spark_submit.py:649} INFO - at io.netty.util.concurrent.DefaultPromise.setSuccess0(DefaultPromise.java:625)
[2024-10-15T21:02:26.691+0000] {spark_submit.py:649} INFO - at io.netty.util.concurrent.DefaultPromise.trySuccess(DefaultPromise.java:105)
[2024-10-15T21:02:26.691+0000] {spark_submit.py:649} INFO - at io.netty.channel.DefaultChannelPromise.trySuccess(DefaultChannelPromise.java:84)
[2024-10-15T21:02:26.691+0000] {spark_submit.py:649} INFO - at io.netty.channel.AbstractChannel$AbstractUnsafe.safeSetSuccess(AbstractChannel.java:990)
[2024-10-15T21:02:26.692+0000] {spark_submit.py:649} INFO - at io.netty.channel.AbstractChannel$AbstractUnsafe.register0(AbstractChannel.java:516)
[2024-10-15T21:02:26.692+0000] {spark_submit.py:649} INFO - at io.netty.channel.AbstractChannel$AbstractUnsafe.access$200(AbstractChannel.java:429)
[2024-10-15T21:02:26.692+0000] {spark_submit.py:649} INFO - at io.netty.channel.AbstractChannel$AbstractUnsafe$1.run(AbstractChannel.java:486)
[2024-10-15T21:02:26.693+0000] {spark_submit.py:649} INFO - at io.netty.util.concurrent.AbstractEventExecutor.runTask(AbstractEventExecutor.java:174)
[2024-10-15T21:02:26.693+0000] {spark_submit.py:649} INFO - at io.netty.util.concurrent.AbstractEventExecutor.safeExecute(AbstractEventExecutor.java:167)
[2024-10-15T21:02:26.693+0000] {spark_submit.py:649} INFO - at io.netty.util.concurrent.SingleThreadEventExecutor.runAllTasks(SingleThreadEventExecutor.java:470)
[2024-10-15T21:02:26.694+0000] {spark_submit.py:649} INFO - at io.netty.channel.nio.NioEventLoop.run(NioEventLoop.java:569)
[2024-10-15T21:02:26.694+0000] {spark_submit.py:649} INFO - at io.netty.util.concurrent.SingleThreadEventExecutor$4.run(SingleThreadEventExecutor.java:997)
[2024-10-15T21:02:26.695+0000] {spark_submit.py:649} INFO - at io.netty.util.internal.ThreadExecutorMap$2.run(ThreadExecutorMap.java:74)
[2024-10-15T21:02:26.695+0000] {spark_submit.py:649} INFO - at io.netty.util.concurrent.FastThreadLocalRunnable.run(FastThreadLocalRunnable.java:30)
[2024-10-15T21:02:26.695+0000] {spark_submit.py:649} INFO - ... 1 more
[2024-10-15T21:02:42.912+0000] {spark_submit.py:649} INFO - 24/10/15 21:02:42 ERROR StandaloneSchedulerBackend: Application has been killed. Reason: All masters are unresponsive! Giving up.
[2024-10-15T21:02:42.914+0000] {spark_submit.py:649} INFO - 24/10/15 21:02:42 WARN StandaloneSchedulerBackend: Application ID is not initialized yet.
[2024-10-15T21:02:42.943+0000] {spark_submit.py:649} INFO - 24/10/15 21:02:42 INFO Utils: Successfully started service 'org.apache.spark.network.netty.NettyBlockTransferService' on port 41437.
[2024-10-15T21:02:42.943+0000] {spark_submit.py:649} INFO - 24/10/15 21:02:42 INFO NettyBlockTransferService: Server created on ab6d7c70276f:41437
[2024-10-15T21:02:42.945+0000] {spark_submit.py:649} INFO - 24/10/15 21:02:42 INFO BlockManager: Using org.apache.spark.storage.RandomBlockReplicationPolicy for block replication policy
[2024-10-15T21:02:42.950+0000] {spark_submit.py:649} INFO - 24/10/15 21:02:42 INFO BlockManagerMaster: Registering BlockManager BlockManagerId(driver, ab6d7c70276f, 41437, None)
[2024-10-15T21:02:42.953+0000] {spark_submit.py:649} INFO - 24/10/15 21:02:42 INFO BlockManagerMasterEndpoint: Registering block manager ab6d7c70276f:41437 with 434.4 MiB RAM, BlockManagerId(driver, ab6d7c70276f, 41437, None)
[2024-10-15T21:02:42.954+0000] {spark_submit.py:649} INFO - 24/10/15 21:02:42 INFO BlockManagerMaster: Registered BlockManager BlockManagerId(driver, ab6d7c70276f, 41437, None)
[2024-10-15T21:02:42.955+0000] {spark_submit.py:649} INFO - 24/10/15 21:02:42 INFO BlockManager: Initialized BlockManager: BlockManagerId(driver, ab6d7c70276f, 41437, None)
[2024-10-15T21:02:43.096+0000] {spark_submit.py:649} INFO - 24/10/15 21:02:43 INFO StandaloneSchedulerBackend: SchedulerBackend is ready for scheduling beginning after reached minRegisteredResourcesRatio: 0.0
[2024-10-15T21:02:43.246+0000] {spark_submit.py:649} INFO - <pyspark.sql.session.SparkSession object at 0x7f0f090f4740>
[2024-10-15T21:02:43.299+0000] {spark_submit.py:649} INFO - 24/10/15 21:02:43 INFO SharedState: Setting hive.metastore.warehouse.dir ('null') to the value of spark.sql.warehouse.dir.
[2024-10-15T21:02:43.305+0000] {spark_submit.py:649} INFO - 24/10/15 21:02:43 INFO SharedState: Warehouse path is 'file:/opt/***/spark-warehouse'.
[2024-10-15T21:02:43.317+0000] {spark_submit.py:649} INFO - 24/10/15 21:02:43 INFO SparkContext: SparkContext is stopping with exitCode 0.
[2024-10-15T21:02:43.325+0000] {spark_submit.py:649} INFO - 24/10/15 21:02:43 INFO SparkUI: Stopped Spark web UI at http://ab6d7c70276f:4040
[2024-10-15T21:02:43.329+0000] {spark_submit.py:649} INFO - 24/10/15 21:02:43 INFO StandaloneSchedulerBackend: Shutting down all executors
[2024-10-15T21:02:43.332+0000] {spark_submit.py:649} INFO - 24/10/15 21:02:43 INFO StandaloneSchedulerBackend$StandaloneDriverEndpoint: Asking each executor to shut down
[2024-10-15T21:02:43.335+0000] {spark_submit.py:649} INFO - 24/10/15 21:02:43 WARN StandaloneAppClient$ClientEndpoint: Drop UnregisterApplication(null) because has not yet connected to master
[2024-10-15T21:02:43.346+0000] {spark_submit.py:649} INFO - 24/10/15 21:02:43 INFO MapOutputTrackerMasterEndpoint: MapOutputTrackerMasterEndpoint stopped!
[2024-10-15T21:02:43.356+0000] {spark_submit.py:649} INFO - 24/10/15 21:02:43 INFO MemoryStore: MemoryStore cleared
[2024-10-15T21:02:43.356+0000] {spark_submit.py:649} INFO - 24/10/15 21:02:43 INFO BlockManager: BlockManager stopped
[2024-10-15T21:02:43.361+0000] {spark_submit.py:649} INFO - 24/10/15 21:02:43 INFO BlockManagerMaster: BlockManagerMaster stopped
[2024-10-15T21:02:43.363+0000] {spark_submit.py:649} INFO - 24/10/15 21:02:43 INFO OutputCommitCoordinator$OutputCommitCoordinatorEndpoint: OutputCommitCoordinator stopped!
[2024-10-15T21:02:43.375+0000] {spark_submit.py:649} INFO - 24/10/15 21:02:43 INFO SparkContext: Successfully stopped SparkContext
[2024-10-15T21:02:43.880+0000] {spark_submit.py:649} INFO - Traceback (most recent call last):
[2024-10-15T21:02:43.881+0000] {spark_submit.py:649} INFO - File "/opt/bitnami/spark/src/scripts_spark/LoadFileToDB.py", line 24, in <module>
[2024-10-15T21:02:43.883+0000] {spark_submit.py:649} INFO - .load()
[2024-10-15T21:02:43.883+0000] {spark_submit.py:649} INFO - ^^^^^^
[2024-10-15T21:02:43.884+0000] {spark_submit.py:649} INFO - File "/home/***/.local/lib/python3.12/site-packages/pyspark/python/lib/pyspark.zip/pyspark/sql/readwriter.py", line 314, in load
[2024-10-15T21:02:43.884+0000] {spark_submit.py:649} INFO - File "/home/***/.local/lib/python3.12/site-packages/pyspark/python/lib/py4j-0.10.9.7-src.zip/py4j/java_gateway.py", line 1322, in __call__
[2024-10-15T21:02:43.885+0000] {spark_submit.py:649} INFO - File "/home/***/.local/lib/python3.12/site-packages/pyspark/python/lib/pyspark.zip/pyspark/errors/exceptions/captured.py", line 179, in deco
[2024-10-15T21:02:43.885+0000] {spark_submit.py:649} INFO - File "/home/***/.local/lib/python3.12/site-packages/pyspark/python/lib/py4j-0.10.9.7-src.zip/py4j/protocol.py", line 326, in get_return_value
[2024-10-15T21:02:43.886+0000] {spark_submit.py:649} INFO - py4j.protocol.Py4JJavaError: An error occurred while calling o31.load.
[2024-10-15T21:02:43.886+0000] {spark_submit.py:649} INFO - : java.sql.SQLException: No suitable driver
[2024-10-15T21:02:43.887+0000] {spark_submit.py:649} INFO - at java.sql/java.sql.DriverManager.getDriver(DriverManager.java:299)
[2024-10-15T21:02:43.887+0000] {spark_submit.py:649} INFO - at org.apache.spark.sql.execution.datasources.jdbc.JDBCOptions.$anonfun$driverClass$2(JDBCOptions.scala:109)
[2024-10-15T21:02:43.887+0000] {spark_submit.py:649} INFO - at scala.Option.getOrElse(Option.scala:189)
[2024-10-15T21:02:43.888+0000] {spark_submit.py:649} INFO - at org.apache.spark.sql.execution.datasources.jdbc.JDBCOptions.<init>(JDBCOptions.scala:109)
[2024-10-15T21:02:43.888+0000] {spark_submit.py:649} INFO - at org.apache.spark.sql.execution.datasources.jdbc.JDBCOptions.<init>(JDBCOptions.scala:41)
[2024-10-15T21:02:43.888+0000] {spark_submit.py:649} INFO - at org.apache.spark.sql.execution.datasources.jdbc.JdbcRelationProvider.createRelation(JdbcRelationProvider.scala:34)
[2024-10-15T21:02:43.889+0000] {spark_submit.py:649} INFO - at org.apache.spark.sql.execution.datasources.DataSource.resolveRelation(DataSource.scala:346)
[2024-10-15T21:02:43.889+0000] {spark_submit.py:649} INFO - at org.apache.spark.sql.DataFrameReader.loadV1Source(DataFrameReader.scala:229)
[2024-10-15T21:02:43.889+0000] {spark_submit.py:649} INFO - at org.apache.spark.sql.DataFrameReader.$anonfun$load$2(DataFrameReader.scala:211)
[2024-10-15T21:02:43.890+0000] {spark_submit.py:649} INFO - at scala.Option.getOrElse(Option.scala:189)
[2024-10-15T21:02:43.890+0000] {spark_submit.py:649} INFO - at org.apache.spark.sql.DataFrameReader.load(DataFrameReader.scala:211)
[2024-10-15T21:02:43.890+0000] {spark_submit.py:649} INFO - at org.apache.spark.sql.DataFrameReader.load(DataFrameReader.scala:172)
[2024-10-15T21:02:43.891+0000] {spark_submit.py:649} INFO - at java.base/jdk.internal.reflect.NativeMethodAccessorImpl.invoke0(Native Method)
[2024-10-15T21:02:43.891+0000] {spark_submit.py:649} INFO - at java.base/jdk.internal.reflect.NativeMethodAccessorImpl.invoke(NativeMethodAccessorImpl.java:77)
[2024-10-15T21:02:43.891+0000] {spark_submit.py:649} INFO - at java.base/jdk.internal.reflect.DelegatingMethodAccessorImpl.invoke(DelegatingMethodAccessorImpl.java:43)
[2024-10-15T21:02:43.892+0000] {spark_submit.py:649} INFO - at java.base/java.lang.reflect.Method.invoke(Method.java:569)
[2024-10-15T21:02:43.892+0000] {spark_submit.py:649} INFO - at py4j.reflection.MethodInvoker.invoke(MethodInvoker.java:244)
[2024-10-15T21:02:43.892+0000] {spark_submit.py:649} INFO - at py4j.reflection.ReflectionEngine.invoke(ReflectionEngine.java:374)
[2024-10-15T21:02:43.893+0000] {spark_submit.py:649} INFO - at py4j.Gateway.invoke(Gateway.java:282)
[2024-10-15T21:02:43.893+0000] {spark_submit.py:649} INFO - at py4j.commands.AbstractCommand.invokeMethod(AbstractCommand.java:132)
[2024-10-15T21:02:43.893+0000] {spark_submit.py:649} INFO - at py4j.commands.CallCommand.execute(CallCommand.java:79)
[2024-10-15T21:02:43.894+0000] {spark_submit.py:649} INFO - at py4j.ClientServerConnection.waitForCommands(ClientServerConnection.java:182)
[2024-10-15T21:02:43.894+0000] {spark_submit.py:649} INFO - at py4j.ClientServerConnection.run(ClientServerConnection.java:106)
[2024-10-15T21:02:43.894+0000] {spark_submit.py:649} INFO - at java.base/java.lang.Thread.run(Thread.java:840)
[2024-10-15T21:02:43.895+0000] {spark_submit.py:649} INFO - 
[2024-10-15T21:02:43.925+0000] {spark_submit.py:649} INFO - 24/10/15 21:02:43 INFO ShutdownHookManager: Shutdown hook called
[2024-10-15T21:02:43.926+0000] {spark_submit.py:649} INFO - 24/10/15 21:02:43 INFO ShutdownHookManager: Deleting directory /tmp/spark-54d5a1d1-83a3-4d9e-b938-1e1c1e3070ca
[2024-10-15T21:02:43.930+0000] {spark_submit.py:649} INFO - 24/10/15 21:02:43 INFO ShutdownHookManager: Deleting directory /tmp/spark-9af9b979-c48c-4a31-9069-61ec336a90cd
[2024-10-15T21:02:43.934+0000] {spark_submit.py:649} INFO - 24/10/15 21:02:43 INFO ShutdownHookManager: Deleting directory /tmp/spark-9af9b979-c48c-4a31-9069-61ec336a90cd/pyspark-836d4bea-208a-46a9-a673-8ff57944dbaf
[2024-10-15T21:02:43.966+0000] {taskinstance.py:3310} ERROR - Task failed with exception
Traceback (most recent call last):
  File "/home/airflow/.local/lib/python3.12/site-packages/airflow/models/taskinstance.py", line 767, in _execute_task
    result = _execute_callable(context=context, **execute_callable_kwargs)
             ^^^^^^^^^^^^^^^^^^^^^^^^^^^^^^^^^^^^^^^^^^^^^^^^^^^^^^^^^^^^^
  File "/home/airflow/.local/lib/python3.12/site-packages/airflow/models/taskinstance.py", line 733, in _execute_callable
    return ExecutionCallableRunner(
           ^^^^^^^^^^^^^^^^^^^^^^^^
  File "/home/airflow/.local/lib/python3.12/site-packages/airflow/utils/operator_helpers.py", line 252, in run
    return self.func(*args, **kwargs)
           ^^^^^^^^^^^^^^^^^^^^^^^^^^
  File "/home/airflow/.local/lib/python3.12/site-packages/airflow/models/baseoperator.py", line 406, in wrapper
    return func(self, *args, **kwargs)
           ^^^^^^^^^^^^^^^^^^^^^^^^^^^
  File "/home/airflow/.local/lib/python3.12/site-packages/airflow/providers/apache/spark/operators/spark_submit.py", line 176, in execute
    self._hook.submit(self.application)
  File "/home/airflow/.local/lib/python3.12/site-packages/airflow/providers/apache/spark/hooks/spark_submit.py", line 575, in submit
    raise AirflowException(
airflow.exceptions.AirflowException: Cannot execute: spark-submit --master spark://spark:7077 --name arrow-spark --verbose --deploy-mode client /opt/bitnami/spark/src/scripts_spark/LoadFileToDB.py. Error code is: 1.
[2024-10-15T21:02:43.970+0000] {taskinstance.py:1225} INFO - Marking task as FAILED. dag_id=LoadWebScraping, task_id=submit_job, run_id=manual__2024-10-15T21:01:36.240224+00:00, execution_date=20241015T210136, start_date=20241015T210139, end_date=20241015T210243
[2024-10-15T21:02:43.984+0000] {taskinstance.py:340} INFO - ::group::Post task execution logs
[2024-10-15T21:02:43.984+0000] {standard_task_runner.py:124} ERROR - Failed to execute job 27 for task submit_job (Cannot execute: spark-submit --master spark://spark:7077 --name arrow-spark --verbose --deploy-mode client /opt/bitnami/spark/src/scripts_spark/LoadFileToDB.py. Error code is: 1.; 78)
Traceback (most recent call last):
  File "/home/airflow/.local/lib/python3.12/site-packages/airflow/task/task_runner/standard_task_runner.py", line 117, in _start_by_fork
    ret = args.func(args, dag=self.dag)
          ^^^^^^^^^^^^^^^^^^^^^^^^^^^^^
  File "/home/airflow/.local/lib/python3.12/site-packages/airflow/cli/cli_config.py", line 49, in command
    return func(*args, **kwargs)
           ^^^^^^^^^^^^^^^^^^^^^
  File "/home/airflow/.local/lib/python3.12/site-packages/airflow/utils/cli.py", line 115, in wrapper
    return f(*args, **kwargs)
           ^^^^^^^^^^^^^^^^^^
  File "/home/airflow/.local/lib/python3.12/site-packages/airflow/cli/commands/task_command.py", line 483, in task_run
    task_return_code = _run_task_by_selected_method(args, _dag, ti)
                       ^^^^^^^^^^^^^^^^^^^^^^^^^^^^^^^^^^^^^^^^^^^^
  File "/home/airflow/.local/lib/python3.12/site-packages/airflow/cli/commands/task_command.py", line 256, in _run_task_by_selected_method
    return _run_raw_task(args, ti)
           ^^^^^^^^^^^^^^^^^^^^^^^
  File "/home/airflow/.local/lib/python3.12/site-packages/airflow/cli/commands/task_command.py", line 341, in _run_raw_task
    return ti._run_raw_task(
           ^^^^^^^^^^^^^^^^^
  File "/home/airflow/.local/lib/python3.12/site-packages/airflow/utils/session.py", line 97, in wrapper
    return func(*args, session=session, **kwargs)
           ^^^^^^^^^^^^^^^^^^^^^^^^^^^^^^^^^^^^^^
  File "/home/airflow/.local/lib/python3.12/site-packages/airflow/models/taskinstance.py", line 3004, in _run_raw_task
    return _run_raw_task(
           ^^^^^^^^^^^^^^
  File "/home/airflow/.local/lib/python3.12/site-packages/airflow/models/taskinstance.py", line 273, in _run_raw_task
    TaskInstance._execute_task_with_callbacks(
  File "/home/airflow/.local/lib/python3.12/site-packages/airflow/models/taskinstance.py", line 3158, in _execute_task_with_callbacks
    result = self._execute_task(context, task_orig)
             ^^^^^^^^^^^^^^^^^^^^^^^^^^^^^^^^^^^^^^
  File "/home/airflow/.local/lib/python3.12/site-packages/airflow/models/taskinstance.py", line 3182, in _execute_task
    return _execute_task(self, context, task_orig)
           ^^^^^^^^^^^^^^^^^^^^^^^^^^^^^^^^^^^^^^^
  File "/home/airflow/.local/lib/python3.12/site-packages/airflow/models/taskinstance.py", line 767, in _execute_task
    result = _execute_callable(context=context, **execute_callable_kwargs)
             ^^^^^^^^^^^^^^^^^^^^^^^^^^^^^^^^^^^^^^^^^^^^^^^^^^^^^^^^^^^^^
  File "/home/airflow/.local/lib/python3.12/site-packages/airflow/models/taskinstance.py", line 733, in _execute_callable
    return ExecutionCallableRunner(
           ^^^^^^^^^^^^^^^^^^^^^^^^
  File "/home/airflow/.local/lib/python3.12/site-packages/airflow/utils/operator_helpers.py", line 252, in run
    return self.func(*args, **kwargs)
           ^^^^^^^^^^^^^^^^^^^^^^^^^^
  File "/home/airflow/.local/lib/python3.12/site-packages/airflow/models/baseoperator.py", line 406, in wrapper
    return func(self, *args, **kwargs)
           ^^^^^^^^^^^^^^^^^^^^^^^^^^^
  File "/home/airflow/.local/lib/python3.12/site-packages/airflow/providers/apache/spark/operators/spark_submit.py", line 176, in execute
    self._hook.submit(self.application)
  File "/home/airflow/.local/lib/python3.12/site-packages/airflow/providers/apache/spark/hooks/spark_submit.py", line 575, in submit
    raise AirflowException(
airflow.exceptions.AirflowException: Cannot execute: spark-submit --master spark://spark:7077 --name arrow-spark --verbose --deploy-mode client /opt/bitnami/spark/src/scripts_spark/LoadFileToDB.py. Error code is: 1.
[2024-10-15T21:02:44.016+0000] {local_task_job_runner.py:266} INFO - Task exited with return code 1
[2024-10-15T21:02:44.029+0000] {taskinstance.py:3900} INFO - 0 downstream tasks scheduled from follow-on schedule check
[2024-10-15T21:02:44.032+0000] {local_task_job_runner.py:245} INFO - ::endgroup::
