[2024-10-11T23:55:07.257+0000] {local_task_job_runner.py:123} INFO - ::group::Pre task execution logs
[2024-10-11T23:55:07.280+0000] {taskinstance.py:2612} INFO - Dependencies all met for dep_context=non-requeueable deps ti=<TaskInstance: LoadWebScraping.submit_job manual__2024-10-11T23:55:03.848431+00:00 [queued]>
[2024-10-11T23:55:07.289+0000] {taskinstance.py:2612} INFO - Dependencies all met for dep_context=requeueable deps ti=<TaskInstance: LoadWebScraping.submit_job manual__2024-10-11T23:55:03.848431+00:00 [queued]>
[2024-10-11T23:55:07.289+0000] {taskinstance.py:2865} INFO - Starting attempt 1 of 1
[2024-10-11T23:55:07.302+0000] {taskinstance.py:2888} INFO - Executing <Task(SparkSubmitOperator): submit_job> on 2024-10-11 23:55:03.848431+00:00
[2024-10-11T23:55:07.308+0000] {warnings.py:112} WARNING - /home/***/.local/lib/python3.12/site-packages/***/task/task_runner/standard_task_runner.py:70: DeprecationWarning: This process (pid=1509) is multi-threaded, use of fork() may lead to deadlocks in the child.
  pid = os.fork()

[2024-10-11T23:55:07.309+0000] {standard_task_runner.py:72} INFO - Started process 1511 to run task
[2024-10-11T23:55:07.310+0000] {standard_task_runner.py:104} INFO - Running: ['***', 'tasks', 'run', 'LoadWebScraping', 'submit_job', 'manual__2024-10-11T23:55:03.848431+00:00', '--job-id', '25', '--raw', '--subdir', 'DAGS_FOLDER/LoadWebScraping.py', '--cfg-path', '/tmp/tmp4f4k92iq']
[2024-10-11T23:55:07.312+0000] {standard_task_runner.py:105} INFO - Job 25: Subtask submit_job
[2024-10-11T23:55:07.352+0000] {task_command.py:467} INFO - Running <TaskInstance: LoadWebScraping.submit_job manual__2024-10-11T23:55:03.848431+00:00 [running]> on host d29c75c3a94e
[2024-10-11T23:55:07.633+0000] {taskinstance.py:3131} INFO - Exporting env vars: AIRFLOW_CTX_DAG_OWNER='***' AIRFLOW_CTX_DAG_ID='LoadWebScraping' AIRFLOW_CTX_TASK_ID='submit_job' AIRFLOW_CTX_EXECUTION_DATE='2024-10-11T23:55:03.848431+00:00' AIRFLOW_CTX_TRY_NUMBER='1' AIRFLOW_CTX_DAG_RUN_ID='manual__2024-10-11T23:55:03.848431+00:00'
[2024-10-11T23:55:07.634+0000] {taskinstance.py:731} INFO - ::endgroup::
[2024-10-11T23:55:07.658+0000] {base.py:84} INFO - Retrieving connection 'spark_default'
[2024-10-11T23:55:07.659+0000] {spark_submit.py:327} ERROR - Failed to decode base64 keytab: Incorrect padding
[2024-10-11T23:55:07.660+0000] {spark_submit.py:304} INFO - Could not load connection string spark_default, defaulting to spark://spark::7077
[2024-10-11T23:55:07.661+0000] {spark_submit.py:473} INFO - Spark-Submit cmd: spark-submit --master spark://spark::7077 --jars /opt/bitnami/spark/jars/postgresql-42.5.0.jar --name arrow-spark --deploy-mode client /opt/bitnami/spark/src/scripts_spark/LoadFileToDB.py
[2024-10-11T23:55:09.492+0000] {spark_submit.py:649} INFO - 24/10/11 23:55:09 WARN NativeCodeLoader: Unable to load native-hadoop library for your platform... using builtin-java classes where applicable
[2024-10-11T23:55:09.624+0000] {spark_submit.py:649} INFO - 24/10/11 23:55:09 WARN DependencyUtils: Local jar /opt/bitnami/spark/jars/postgresql-42.5.0.jar does not exist, skipping.
[2024-10-11T23:55:10.835+0000] {spark_submit.py:649} INFO - 24/10/11 23:55:10 INFO SparkContext: Running Spark version 3.5.2
[2024-10-11T23:55:10.836+0000] {spark_submit.py:649} INFO - 24/10/11 23:55:10 INFO SparkContext: OS info Linux, 5.15.153.1-microsoft-standard-WSL2, amd64
[2024-10-11T23:55:10.836+0000] {spark_submit.py:649} INFO - 24/10/11 23:55:10 INFO SparkContext: Java version 17.0.12
[2024-10-11T23:55:10.871+0000] {spark_submit.py:649} INFO - 24/10/11 23:55:10 INFO ResourceUtils: ==============================================================
[2024-10-11T23:55:10.873+0000] {spark_submit.py:649} INFO - 24/10/11 23:55:10 INFO ResourceUtils: No custom resources configured for spark.driver.
[2024-10-11T23:55:10.874+0000] {spark_submit.py:649} INFO - 24/10/11 23:55:10 INFO ResourceUtils: ==============================================================
[2024-10-11T23:55:10.875+0000] {spark_submit.py:649} INFO - 24/10/11 23:55:10 INFO SparkContext: Submitted application: Test PostgreSQL Connection
[2024-10-11T23:55:10.902+0000] {spark_submit.py:649} INFO - 24/10/11 23:55:10 INFO ResourceProfile: Default ResourceProfile created, executor resources: Map(memory -> name: memory, amount: 1024, script: , vendor: , offHeap -> name: offHeap, amount: 0, script: , vendor: ), task resources: Map(cpus -> name: cpus, amount: 1.0)
[2024-10-11T23:55:10.912+0000] {spark_submit.py:649} INFO - 24/10/11 23:55:10 INFO ResourceProfile: Limiting resource is cpu
[2024-10-11T23:55:10.913+0000] {spark_submit.py:649} INFO - 24/10/11 23:55:10 INFO ResourceProfileManager: Added ResourceProfile id: 0
[2024-10-11T23:55:10.962+0000] {spark_submit.py:649} INFO - 24/10/11 23:55:10 INFO SecurityManager: Changing view acls to: ***
[2024-10-11T23:55:10.962+0000] {spark_submit.py:649} INFO - 24/10/11 23:55:10 INFO SecurityManager: Changing modify acls to: ***
[2024-10-11T23:55:10.963+0000] {spark_submit.py:649} INFO - 24/10/11 23:55:10 INFO SecurityManager: Changing view acls groups to:
[2024-10-11T23:55:10.963+0000] {spark_submit.py:649} INFO - 24/10/11 23:55:10 INFO SecurityManager: Changing modify acls groups to:
[2024-10-11T23:55:10.964+0000] {spark_submit.py:649} INFO - 24/10/11 23:55:10 INFO SecurityManager: SecurityManager: authentication disabled; ui acls disabled; users with view permissions: ***; groups with view permissions: EMPTY; users with modify permissions: ***; groups with modify permissions: EMPTY
[2024-10-11T23:55:11.131+0000] {spark_submit.py:649} INFO - 24/10/11 23:55:11 INFO Utils: Successfully started service 'sparkDriver' on port 44101.
[2024-10-11T23:55:11.161+0000] {spark_submit.py:649} INFO - 24/10/11 23:55:11 INFO SparkEnv: Registering MapOutputTracker
[2024-10-11T23:55:11.192+0000] {spark_submit.py:649} INFO - 24/10/11 23:55:11 INFO SparkEnv: Registering BlockManagerMaster
[2024-10-11T23:55:11.204+0000] {spark_submit.py:649} INFO - 24/10/11 23:55:11 INFO BlockManagerMasterEndpoint: Using org.apache.spark.storage.DefaultTopologyMapper for getting topology information
[2024-10-11T23:55:11.204+0000] {spark_submit.py:649} INFO - 24/10/11 23:55:11 INFO BlockManagerMasterEndpoint: BlockManagerMasterEndpoint up
[2024-10-11T23:55:11.208+0000] {spark_submit.py:649} INFO - 24/10/11 23:55:11 INFO SparkEnv: Registering BlockManagerMasterHeartbeat
[2024-10-11T23:55:11.224+0000] {spark_submit.py:649} INFO - 24/10/11 23:55:11 INFO DiskBlockManager: Created local directory at /tmp/blockmgr-acc630a6-08c0-484c-9bcf-07ebb06b505e
[2024-10-11T23:55:11.235+0000] {spark_submit.py:649} INFO - 24/10/11 23:55:11 INFO MemoryStore: MemoryStore started with capacity 434.4 MiB
[2024-10-11T23:55:11.247+0000] {spark_submit.py:649} INFO - 24/10/11 23:55:11 INFO SparkEnv: Registering OutputCommitCoordinator
[2024-10-11T23:55:11.346+0000] {spark_submit.py:649} INFO - 24/10/11 23:55:11 INFO JettyUtils: Start Jetty 0.0.0.0:4040 for SparkUI
[2024-10-11T23:55:11.402+0000] {spark_submit.py:649} INFO - 24/10/11 23:55:11 INFO Utils: Successfully started service 'SparkUI' on port 4040.
[2024-10-11T23:55:11.436+0000] {spark_submit.py:649} INFO - 24/10/11 23:55:11 ERROR SparkContext: Failed to add /opt/bitnami/spark/jars/postgresql-42.5.0.jar to Spark environment
[2024-10-11T23:55:11.436+0000] {spark_submit.py:649} INFO - java.io.FileNotFoundException: Jar /opt/bitnami/spark/jars/postgresql-42.5.0.jar not found
[2024-10-11T23:55:11.437+0000] {spark_submit.py:649} INFO - at org.apache.spark.SparkContext.addLocalJarFile$1(SparkContext.scala:2095)
[2024-10-11T23:55:11.437+0000] {spark_submit.py:649} INFO - at org.apache.spark.SparkContext.addJar(SparkContext.scala:2151)
[2024-10-11T23:55:11.438+0000] {spark_submit.py:649} INFO - at org.apache.spark.SparkContext.$anonfun$new$15(SparkContext.scala:521)
[2024-10-11T23:55:11.441+0000] {spark_submit.py:649} INFO - at org.apache.spark.SparkContext.$anonfun$new$15$adapted(SparkContext.scala:521)
[2024-10-11T23:55:11.442+0000] {spark_submit.py:649} INFO - at scala.collection.mutable.ResizableArray.foreach(ResizableArray.scala:62)
[2024-10-11T23:55:11.442+0000] {spark_submit.py:649} INFO - at scala.collection.mutable.ResizableArray.foreach$(ResizableArray.scala:55)
[2024-10-11T23:55:11.443+0000] {spark_submit.py:649} INFO - at scala.collection.mutable.ArrayBuffer.foreach(ArrayBuffer.scala:49)
[2024-10-11T23:55:11.443+0000] {spark_submit.py:649} INFO - at org.apache.spark.SparkContext.<init>(SparkContext.scala:521)
[2024-10-11T23:55:11.444+0000] {spark_submit.py:649} INFO - at org.apache.spark.api.java.JavaSparkContext.<init>(JavaSparkContext.scala:58)
[2024-10-11T23:55:11.444+0000] {spark_submit.py:649} INFO - at java.base/jdk.internal.reflect.NativeConstructorAccessorImpl.newInstance0(Native Method)
[2024-10-11T23:55:11.444+0000] {spark_submit.py:649} INFO - at java.base/jdk.internal.reflect.NativeConstructorAccessorImpl.newInstance(NativeConstructorAccessorImpl.java:77)
[2024-10-11T23:55:11.444+0000] {spark_submit.py:649} INFO - at java.base/jdk.internal.reflect.DelegatingConstructorAccessorImpl.newInstance(DelegatingConstructorAccessorImpl.java:45)
[2024-10-11T23:55:11.445+0000] {spark_submit.py:649} INFO - at java.base/java.lang.reflect.Constructor.newInstanceWithCaller(Constructor.java:500)
[2024-10-11T23:55:11.445+0000] {spark_submit.py:649} INFO - at java.base/java.lang.reflect.Constructor.newInstance(Constructor.java:481)
[2024-10-11T23:55:11.445+0000] {spark_submit.py:649} INFO - at py4j.reflection.MethodInvoker.invoke(MethodInvoker.java:247)
[2024-10-11T23:55:11.446+0000] {spark_submit.py:649} INFO - at py4j.reflection.ReflectionEngine.invoke(ReflectionEngine.java:374)
[2024-10-11T23:55:11.446+0000] {spark_submit.py:649} INFO - at py4j.Gateway.invoke(Gateway.java:238)
[2024-10-11T23:55:11.446+0000] {spark_submit.py:649} INFO - at py4j.commands.ConstructorCommand.invokeConstructor(ConstructorCommand.java:80)
[2024-10-11T23:55:11.447+0000] {spark_submit.py:649} INFO - at py4j.commands.ConstructorCommand.execute(ConstructorCommand.java:69)
[2024-10-11T23:55:11.447+0000] {spark_submit.py:649} INFO - at py4j.ClientServerConnection.waitForCommands(ClientServerConnection.java:182)
[2024-10-11T23:55:11.447+0000] {spark_submit.py:649} INFO - at py4j.ClientServerConnection.run(ClientServerConnection.java:106)
[2024-10-11T23:55:11.448+0000] {spark_submit.py:649} INFO - at java.base/java.lang.Thread.run(Thread.java:840)
[2024-10-11T23:55:11.558+0000] {spark_submit.py:649} INFO - 24/10/11 23:55:11 INFO StandaloneAppClient$ClientEndpoint: Connecting to master spark://spark:7077...
[2024-10-11T23:55:11.597+0000] {spark_submit.py:649} INFO - 24/10/11 23:55:11 INFO TransportClientFactory: Successfully created connection to spark/172.18.0.5:7077 after 23 ms (0 ms spent in bootstraps)
[2024-10-11T23:55:11.684+0000] {spark_submit.py:649} INFO - 24/10/11 23:55:11 INFO StandaloneSchedulerBackend: Connected to Spark cluster with app ID app-20241011235511-0002
[2024-10-11T23:55:11.691+0000] {spark_submit.py:649} INFO - 24/10/11 23:55:11 INFO StandaloneAppClient$ClientEndpoint: Executor added: app-20241011235511-0002/0 on worker-20241011233404-172.18.0.4-35305 (172.18.0.4:35305) with 6 core(s)
[2024-10-11T23:55:11.693+0000] {spark_submit.py:649} INFO - 24/10/11 23:55:11 INFO StandaloneSchedulerBackend: Granted executor ID app-20241011235511-0002/0 on hostPort 172.18.0.4:35305 with 6 core(s), 1024.0 MiB RAM
[2024-10-11T23:55:11.701+0000] {spark_submit.py:649} INFO - 24/10/11 23:55:11 INFO Utils: Successfully started service 'org.apache.spark.network.netty.NettyBlockTransferService' on port 43733.
[2024-10-11T23:55:11.701+0000] {spark_submit.py:649} INFO - 24/10/11 23:55:11 INFO NettyBlockTransferService: Server created on d29c75c3a94e:43733
[2024-10-11T23:55:11.703+0000] {spark_submit.py:649} INFO - 24/10/11 23:55:11 INFO BlockManager: Using org.apache.spark.storage.RandomBlockReplicationPolicy for block replication policy
[2024-10-11T23:55:11.711+0000] {spark_submit.py:649} INFO - 24/10/11 23:55:11 INFO BlockManagerMaster: Registering BlockManager BlockManagerId(driver, d29c75c3a94e, 43733, None)
[2024-10-11T23:55:11.716+0000] {spark_submit.py:649} INFO - 24/10/11 23:55:11 INFO BlockManagerMasterEndpoint: Registering block manager d29c75c3a94e:43733 with 434.4 MiB RAM, BlockManagerId(driver, d29c75c3a94e, 43733, None)
[2024-10-11T23:55:11.720+0000] {spark_submit.py:649} INFO - 24/10/11 23:55:11 INFO BlockManagerMaster: Registered BlockManager BlockManagerId(driver, d29c75c3a94e, 43733, None)
[2024-10-11T23:55:11.732+0000] {spark_submit.py:649} INFO - 24/10/11 23:55:11 INFO BlockManager: Initialized BlockManager: BlockManagerId(driver, d29c75c3a94e, 43733, None)
[2024-10-11T23:55:11.816+0000] {spark_submit.py:649} INFO - 24/10/11 23:55:11 INFO StandaloneAppClient$ClientEndpoint: Executor updated: app-20241011235511-0002/0 is now RUNNING
[2024-10-11T23:55:12.017+0000] {spark_submit.py:649} INFO - 24/10/11 23:55:12 INFO StandaloneSchedulerBackend: SchedulerBackend is ready for scheduling beginning after reached minRegisteredResourcesRatio: 0.0
[2024-10-11T23:55:12.201+0000] {spark_submit.py:649} INFO - 24/10/11 23:55:12 INFO SharedState: Setting hive.metastore.warehouse.dir ('null') to the value of spark.sql.warehouse.dir.
[2024-10-11T23:55:12.201+0000] {spark_submit.py:649} INFO - 24/10/11 23:55:12 INFO SharedState: Warehouse path is 'file:/opt/***/spark-warehouse'.
[2024-10-11T23:55:13.115+0000] {spark_submit.py:649} INFO - Traceback (most recent call last):
[2024-10-11T23:55:13.116+0000] {spark_submit.py:649} INFO - File "/opt/bitnami/spark/src/scripts_spark/LoadFileToDB.py", line 16, in <module>
[2024-10-11T23:55:13.117+0000] {spark_submit.py:649} INFO - .load()
[2024-10-11T23:55:13.118+0000] {spark_submit.py:649} INFO - ^^^^^^
[2024-10-11T23:55:13.118+0000] {spark_submit.py:649} INFO - File "/home/***/.local/lib/python3.12/site-packages/pyspark/python/lib/pyspark.zip/pyspark/sql/readwriter.py", line 314, in load
[2024-10-11T23:55:13.118+0000] {spark_submit.py:649} INFO - File "/home/***/.local/lib/python3.12/site-packages/pyspark/python/lib/py4j-0.10.9.7-src.zip/py4j/java_gateway.py", line 1322, in __call__
[2024-10-11T23:55:13.119+0000] {spark_submit.py:649} INFO - File "/home/***/.local/lib/python3.12/site-packages/pyspark/python/lib/pyspark.zip/pyspark/errors/exceptions/captured.py", line 179, in deco
[2024-10-11T23:55:13.119+0000] {spark_submit.py:649} INFO - File "/home/***/.local/lib/python3.12/site-packages/pyspark/python/lib/py4j-0.10.9.7-src.zip/py4j/protocol.py", line 326, in get_return_value
[2024-10-11T23:55:13.130+0000] {spark_submit.py:649} INFO - py4j.protocol.Py4JJavaError: An error occurred while calling o34.load.
[2024-10-11T23:55:13.131+0000] {spark_submit.py:649} INFO - : java.lang.ClassNotFoundException: org.postgresql.Driver
[2024-10-11T23:55:13.131+0000] {spark_submit.py:649} INFO - at java.base/java.net.URLClassLoader.findClass(URLClassLoader.java:445)
[2024-10-11T23:55:13.132+0000] {spark_submit.py:649} INFO - at java.base/java.lang.ClassLoader.loadClass(ClassLoader.java:592)
[2024-10-11T23:55:13.132+0000] {spark_submit.py:649} INFO - at java.base/java.lang.ClassLoader.loadClass(ClassLoader.java:525)
[2024-10-11T23:55:13.133+0000] {spark_submit.py:649} INFO - at org.apache.spark.sql.execution.datasources.jdbc.DriverRegistry$.register(DriverRegistry.scala:46)
[2024-10-11T23:55:13.133+0000] {spark_submit.py:649} INFO - at org.apache.spark.sql.execution.datasources.jdbc.JDBCOptions.$anonfun$driverClass$1(JDBCOptions.scala:103)
[2024-10-11T23:55:13.133+0000] {spark_submit.py:649} INFO - at org.apache.spark.sql.execution.datasources.jdbc.JDBCOptions.$anonfun$driverClass$1$adapted(JDBCOptions.scala:103)
[2024-10-11T23:55:13.134+0000] {spark_submit.py:649} INFO - at scala.Option.foreach(Option.scala:407)
[2024-10-11T23:55:13.134+0000] {spark_submit.py:649} INFO - at org.apache.spark.sql.execution.datasources.jdbc.JDBCOptions.<init>(JDBCOptions.scala:103)
[2024-10-11T23:55:13.134+0000] {spark_submit.py:649} INFO - at org.apache.spark.sql.execution.datasources.jdbc.JDBCOptions.<init>(JDBCOptions.scala:41)
[2024-10-11T23:55:13.135+0000] {spark_submit.py:649} INFO - at org.apache.spark.sql.execution.datasources.jdbc.JdbcRelationProvider.createRelation(JdbcRelationProvider.scala:34)
[2024-10-11T23:55:13.135+0000] {spark_submit.py:649} INFO - at org.apache.spark.sql.execution.datasources.DataSource.resolveRelation(DataSource.scala:346)
[2024-10-11T23:55:13.135+0000] {spark_submit.py:649} INFO - at org.apache.spark.sql.DataFrameReader.loadV1Source(DataFrameReader.scala:229)
[2024-10-11T23:55:13.136+0000] {spark_submit.py:649} INFO - at org.apache.spark.sql.DataFrameReader.$anonfun$load$2(DataFrameReader.scala:211)
[2024-10-11T23:55:13.136+0000] {spark_submit.py:649} INFO - at scala.Option.getOrElse(Option.scala:189)
[2024-10-11T23:55:13.137+0000] {spark_submit.py:649} INFO - at org.apache.spark.sql.DataFrameReader.load(DataFrameReader.scala:211)
[2024-10-11T23:55:13.137+0000] {spark_submit.py:649} INFO - at org.apache.spark.sql.DataFrameReader.load(DataFrameReader.scala:172)
[2024-10-11T23:55:13.137+0000] {spark_submit.py:649} INFO - at java.base/jdk.internal.reflect.NativeMethodAccessorImpl.invoke0(Native Method)
[2024-10-11T23:55:13.137+0000] {spark_submit.py:649} INFO - at java.base/jdk.internal.reflect.NativeMethodAccessorImpl.invoke(NativeMethodAccessorImpl.java:77)
[2024-10-11T23:55:13.138+0000] {spark_submit.py:649} INFO - at java.base/jdk.internal.reflect.DelegatingMethodAccessorImpl.invoke(DelegatingMethodAccessorImpl.java:43)
[2024-10-11T23:55:13.138+0000] {spark_submit.py:649} INFO - at java.base/java.lang.reflect.Method.invoke(Method.java:569)
[2024-10-11T23:55:13.138+0000] {spark_submit.py:649} INFO - at py4j.reflection.MethodInvoker.invoke(MethodInvoker.java:244)
[2024-10-11T23:55:13.139+0000] {spark_submit.py:649} INFO - at py4j.reflection.ReflectionEngine.invoke(ReflectionEngine.java:374)
[2024-10-11T23:55:13.139+0000] {spark_submit.py:649} INFO - at py4j.Gateway.invoke(Gateway.java:282)
[2024-10-11T23:55:13.139+0000] {spark_submit.py:649} INFO - at py4j.commands.AbstractCommand.invokeMethod(AbstractCommand.java:132)
[2024-10-11T23:55:13.140+0000] {spark_submit.py:649} INFO - at py4j.commands.CallCommand.execute(CallCommand.java:79)
[2024-10-11T23:55:13.140+0000] {spark_submit.py:649} INFO - at py4j.ClientServerConnection.waitForCommands(ClientServerConnection.java:182)
[2024-10-11T23:55:13.141+0000] {spark_submit.py:649} INFO - at py4j.ClientServerConnection.run(ClientServerConnection.java:106)
[2024-10-11T23:55:13.142+0000] {spark_submit.py:649} INFO - at java.base/java.lang.Thread.run(Thread.java:840)
[2024-10-11T23:55:13.143+0000] {spark_submit.py:649} INFO - 
[2024-10-11T23:55:13.178+0000] {spark_submit.py:649} INFO - 24/10/11 23:55:13 INFO SparkContext: Invoking stop() from shutdown hook
[2024-10-11T23:55:13.179+0000] {spark_submit.py:649} INFO - 24/10/11 23:55:13 INFO SparkContext: SparkContext is stopping with exitCode 0.
[2024-10-11T23:55:13.186+0000] {spark_submit.py:649} INFO - 24/10/11 23:55:13 INFO SparkUI: Stopped Spark web UI at http://d29c75c3a94e:4040
[2024-10-11T23:55:13.191+0000] {spark_submit.py:649} INFO - 24/10/11 23:55:13 INFO StandaloneSchedulerBackend: Shutting down all executors
[2024-10-11T23:55:13.195+0000] {spark_submit.py:649} INFO - 24/10/11 23:55:13 INFO StandaloneSchedulerBackend$StandaloneDriverEndpoint: Asking each executor to shut down
[2024-10-11T23:55:13.217+0000] {spark_submit.py:649} INFO - 24/10/11 23:55:13 INFO MapOutputTrackerMasterEndpoint: MapOutputTrackerMasterEndpoint stopped!
[2024-10-11T23:55:13.228+0000] {spark_submit.py:649} INFO - 24/10/11 23:55:13 INFO MemoryStore: MemoryStore cleared
[2024-10-11T23:55:13.228+0000] {spark_submit.py:649} INFO - 24/10/11 23:55:13 INFO BlockManager: BlockManager stopped
[2024-10-11T23:55:13.234+0000] {spark_submit.py:649} INFO - 24/10/11 23:55:13 INFO BlockManagerMaster: BlockManagerMaster stopped
[2024-10-11T23:55:13.237+0000] {spark_submit.py:649} INFO - 24/10/11 23:55:13 INFO OutputCommitCoordinator$OutputCommitCoordinatorEndpoint: OutputCommitCoordinator stopped!
[2024-10-11T23:55:13.252+0000] {spark_submit.py:649} INFO - 24/10/11 23:55:13 INFO SparkContext: Successfully stopped SparkContext
[2024-10-11T23:55:13.252+0000] {spark_submit.py:649} INFO - 24/10/11 23:55:13 INFO ShutdownHookManager: Shutdown hook called
[2024-10-11T23:55:13.253+0000] {spark_submit.py:649} INFO - 24/10/11 23:55:13 INFO ShutdownHookManager: Deleting directory /tmp/spark-d04b45a8-c393-4119-9872-7b6ef49c3131
[2024-10-11T23:55:13.257+0000] {spark_submit.py:649} INFO - 24/10/11 23:55:13 INFO ShutdownHookManager: Deleting directory /tmp/spark-7c84a5f6-d62a-4b48-a4a8-bc36dc792099
[2024-10-11T23:55:13.260+0000] {spark_submit.py:649} INFO - 24/10/11 23:55:13 INFO ShutdownHookManager: Deleting directory /tmp/spark-d04b45a8-c393-4119-9872-7b6ef49c3131/pyspark-7b02ca97-dde7-4658-9dc6-76d4e5e46146
[2024-10-11T23:55:13.289+0000] {taskinstance.py:3310} ERROR - Task failed with exception
Traceback (most recent call last):
  File "/home/airflow/.local/lib/python3.12/site-packages/airflow/models/taskinstance.py", line 767, in _execute_task
    result = _execute_callable(context=context, **execute_callable_kwargs)
             ^^^^^^^^^^^^^^^^^^^^^^^^^^^^^^^^^^^^^^^^^^^^^^^^^^^^^^^^^^^^^
  File "/home/airflow/.local/lib/python3.12/site-packages/airflow/models/taskinstance.py", line 733, in _execute_callable
    return ExecutionCallableRunner(
           ^^^^^^^^^^^^^^^^^^^^^^^^
  File "/home/airflow/.local/lib/python3.12/site-packages/airflow/utils/operator_helpers.py", line 252, in run
    return self.func(*args, **kwargs)
           ^^^^^^^^^^^^^^^^^^^^^^^^^^
  File "/home/airflow/.local/lib/python3.12/site-packages/airflow/models/baseoperator.py", line 406, in wrapper
    return func(self, *args, **kwargs)
           ^^^^^^^^^^^^^^^^^^^^^^^^^^^
  File "/home/airflow/.local/lib/python3.12/site-packages/airflow/providers/apache/spark/operators/spark_submit.py", line 176, in execute
    self._hook.submit(self.application)
  File "/home/airflow/.local/lib/python3.12/site-packages/airflow/providers/apache/spark/hooks/spark_submit.py", line 575, in submit
    raise AirflowException(
airflow.exceptions.AirflowException: Cannot execute: spark-submit --master spark://spark::7077 --jars /opt/bitnami/spark/jars/postgresql-42.5.0.jar --name arrow-spark --deploy-mode client /opt/bitnami/spark/src/scripts_spark/LoadFileToDB.py. Error code is: 1.
[2024-10-11T23:55:13.293+0000] {taskinstance.py:1225} INFO - Marking task as FAILED. dag_id=LoadWebScraping, task_id=submit_job, run_id=manual__2024-10-11T23:55:03.848431+00:00, execution_date=20241011T235503, start_date=20241011T235507, end_date=20241011T235513
[2024-10-11T23:55:13.307+0000] {taskinstance.py:340} INFO - ::group::Post task execution logs
[2024-10-11T23:55:13.308+0000] {standard_task_runner.py:124} ERROR - Failed to execute job 25 for task submit_job (Cannot execute: spark-submit --master spark://spark::7077 --jars /opt/bitnami/spark/jars/postgresql-42.5.0.jar --name arrow-spark --deploy-mode client /opt/bitnami/spark/src/scripts_spark/LoadFileToDB.py. Error code is: 1.; 1511)
Traceback (most recent call last):
  File "/home/airflow/.local/lib/python3.12/site-packages/airflow/task/task_runner/standard_task_runner.py", line 117, in _start_by_fork
    ret = args.func(args, dag=self.dag)
          ^^^^^^^^^^^^^^^^^^^^^^^^^^^^^
  File "/home/airflow/.local/lib/python3.12/site-packages/airflow/cli/cli_config.py", line 49, in command
    return func(*args, **kwargs)
           ^^^^^^^^^^^^^^^^^^^^^
  File "/home/airflow/.local/lib/python3.12/site-packages/airflow/utils/cli.py", line 115, in wrapper
    return f(*args, **kwargs)
           ^^^^^^^^^^^^^^^^^^
  File "/home/airflow/.local/lib/python3.12/site-packages/airflow/cli/commands/task_command.py", line 483, in task_run
    task_return_code = _run_task_by_selected_method(args, _dag, ti)
                       ^^^^^^^^^^^^^^^^^^^^^^^^^^^^^^^^^^^^^^^^^^^^
  File "/home/airflow/.local/lib/python3.12/site-packages/airflow/cli/commands/task_command.py", line 256, in _run_task_by_selected_method
    return _run_raw_task(args, ti)
           ^^^^^^^^^^^^^^^^^^^^^^^
  File "/home/airflow/.local/lib/python3.12/site-packages/airflow/cli/commands/task_command.py", line 341, in _run_raw_task
    return ti._run_raw_task(
           ^^^^^^^^^^^^^^^^^
  File "/home/airflow/.local/lib/python3.12/site-packages/airflow/utils/session.py", line 97, in wrapper
    return func(*args, session=session, **kwargs)
           ^^^^^^^^^^^^^^^^^^^^^^^^^^^^^^^^^^^^^^
  File "/home/airflow/.local/lib/python3.12/site-packages/airflow/models/taskinstance.py", line 3004, in _run_raw_task
    return _run_raw_task(
           ^^^^^^^^^^^^^^
  File "/home/airflow/.local/lib/python3.12/site-packages/airflow/models/taskinstance.py", line 273, in _run_raw_task
    TaskInstance._execute_task_with_callbacks(
  File "/home/airflow/.local/lib/python3.12/site-packages/airflow/models/taskinstance.py", line 3158, in _execute_task_with_callbacks
    result = self._execute_task(context, task_orig)
             ^^^^^^^^^^^^^^^^^^^^^^^^^^^^^^^^^^^^^^
  File "/home/airflow/.local/lib/python3.12/site-packages/airflow/models/taskinstance.py", line 3182, in _execute_task
    return _execute_task(self, context, task_orig)
           ^^^^^^^^^^^^^^^^^^^^^^^^^^^^^^^^^^^^^^^
  File "/home/airflow/.local/lib/python3.12/site-packages/airflow/models/taskinstance.py", line 767, in _execute_task
    result = _execute_callable(context=context, **execute_callable_kwargs)
             ^^^^^^^^^^^^^^^^^^^^^^^^^^^^^^^^^^^^^^^^^^^^^^^^^^^^^^^^^^^^^
  File "/home/airflow/.local/lib/python3.12/site-packages/airflow/models/taskinstance.py", line 733, in _execute_callable
    return ExecutionCallableRunner(
           ^^^^^^^^^^^^^^^^^^^^^^^^
  File "/home/airflow/.local/lib/python3.12/site-packages/airflow/utils/operator_helpers.py", line 252, in run
    return self.func(*args, **kwargs)
           ^^^^^^^^^^^^^^^^^^^^^^^^^^
  File "/home/airflow/.local/lib/python3.12/site-packages/airflow/models/baseoperator.py", line 406, in wrapper
    return func(self, *args, **kwargs)
           ^^^^^^^^^^^^^^^^^^^^^^^^^^^
  File "/home/airflow/.local/lib/python3.12/site-packages/airflow/providers/apache/spark/operators/spark_submit.py", line 176, in execute
    self._hook.submit(self.application)
  File "/home/airflow/.local/lib/python3.12/site-packages/airflow/providers/apache/spark/hooks/spark_submit.py", line 575, in submit
    raise AirflowException(
airflow.exceptions.AirflowException: Cannot execute: spark-submit --master spark://spark::7077 --jars /opt/bitnami/spark/jars/postgresql-42.5.0.jar --name arrow-spark --deploy-mode client /opt/bitnami/spark/src/scripts_spark/LoadFileToDB.py. Error code is: 1.
[2024-10-11T23:55:13.332+0000] {local_task_job_runner.py:266} INFO - Task exited with return code 1
[2024-10-11T23:55:13.346+0000] {taskinstance.py:3900} INFO - 0 downstream tasks scheduled from follow-on schedule check
[2024-10-11T23:55:13.351+0000] {local_task_job_runner.py:245} INFO - ::endgroup::
