[2024-10-14T22:50:28.235+0000] {local_task_job_runner.py:123} INFO - ::group::Pre task execution logs
[2024-10-14T22:50:28.260+0000] {taskinstance.py:2612} INFO - Dependencies all met for dep_context=non-requeueable deps ti=<TaskInstance: LoadWebScraping.submit_job manual__2024-10-14T22:50:25.094858+00:00 [queued]>
[2024-10-14T22:50:28.269+0000] {taskinstance.py:2612} INFO - Dependencies all met for dep_context=requeueable deps ti=<TaskInstance: LoadWebScraping.submit_job manual__2024-10-14T22:50:25.094858+00:00 [queued]>
[2024-10-14T22:50:28.270+0000] {taskinstance.py:2865} INFO - Starting attempt 1 of 1
[2024-10-14T22:50:28.286+0000] {taskinstance.py:2888} INFO - Executing <Task(SparkSubmitOperator): submit_job> on 2024-10-14 22:50:25.094858+00:00
[2024-10-14T22:50:28.292+0000] {warnings.py:112} WARNING - /home/***/.local/lib/python3.12/site-packages/***/task/task_runner/standard_task_runner.py:70: DeprecationWarning: This process (pid=284) is multi-threaded, use of fork() may lead to deadlocks in the child.
  pid = os.fork()

[2024-10-14T22:50:28.295+0000] {standard_task_runner.py:72} INFO - Started process 286 to run task
[2024-10-14T22:50:28.294+0000] {standard_task_runner.py:104} INFO - Running: ['***', 'tasks', 'run', 'LoadWebScraping', 'submit_job', 'manual__2024-10-14T22:50:25.094858+00:00', '--job-id', '136', '--raw', '--subdir', 'DAGS_FOLDER/LoadWebScraping.py', '--cfg-path', '/tmp/tmpnksdpyg0']
[2024-10-14T22:50:28.296+0000] {standard_task_runner.py:105} INFO - Job 136: Subtask submit_job
[2024-10-14T22:50:28.350+0000] {task_command.py:467} INFO - Running <TaskInstance: LoadWebScraping.submit_job manual__2024-10-14T22:50:25.094858+00:00 [running]> on host ffad041afae8
[2024-10-14T22:50:28.659+0000] {taskinstance.py:3131} INFO - Exporting env vars: AIRFLOW_CTX_DAG_OWNER='***' AIRFLOW_CTX_DAG_ID='LoadWebScraping' AIRFLOW_CTX_TASK_ID='submit_job' AIRFLOW_CTX_EXECUTION_DATE='2024-10-14T22:50:25.094858+00:00' AIRFLOW_CTX_TRY_NUMBER='1' AIRFLOW_CTX_DAG_RUN_ID='manual__2024-10-14T22:50:25.094858+00:00'
[2024-10-14T22:50:28.659+0000] {taskinstance.py:731} INFO - ::endgroup::
[2024-10-14T22:50:28.677+0000] {base.py:84} INFO - Retrieving connection 'spark_default'
[2024-10-14T22:50:28.678+0000] {spark_submit.py:327} ERROR - Failed to decode base64 keytab: Incorrect padding
[2024-10-14T22:50:28.679+0000] {spark_submit.py:304} INFO - Could not load connection string spark_default, defaulting to spark://spark:7077
[2024-10-14T22:50:28.680+0000] {spark_submit.py:473} INFO - Spark-Submit cmd: spark-submit --master spark://spark:7077 --jars /opt/bitnami/drivers/postgresql-42.5.0.jar --executor-cores 2 --executor-memory 2g --principal *** --name arrow-spark --deploy-mode client /opt/bitnami/spark/src/scripts_spark/LoadFileToDB.py
[2024-10-14T22:50:30.535+0000] {spark_submit.py:649} INFO - 24/10/14 22:50:30 WARN NativeCodeLoader: Unable to load native-hadoop library for your platform... using builtin-java classes where applicable
[2024-10-14T22:50:30.893+0000] {spark_submit.py:649} INFO - 24/10/14 22:50:30 WARN DependencyUtils: Local jar /opt/bitnami/drivers/postgresql-42.5.0.jar does not exist, skipping.
[2024-10-14T22:50:32.169+0000] {spark_submit.py:649} INFO - 24/10/14 22:50:32 INFO SparkContext: Running Spark version 3.5.2
[2024-10-14T22:50:32.170+0000] {spark_submit.py:649} INFO - 24/10/14 22:50:32 INFO SparkContext: OS info Linux, 5.15.153.1-microsoft-standard-WSL2, amd64
[2024-10-14T22:50:32.170+0000] {spark_submit.py:649} INFO - 24/10/14 22:50:32 INFO SparkContext: Java version 17.0.12
[2024-10-14T22:50:32.193+0000] {spark_submit.py:649} INFO - 24/10/14 22:50:32 INFO ResourceUtils: ==============================================================
[2024-10-14T22:50:32.194+0000] {spark_submit.py:649} INFO - 24/10/14 22:50:32 INFO ResourceUtils: No custom resources configured for spark.driver.
[2024-10-14T22:50:32.194+0000] {spark_submit.py:649} INFO - 24/10/14 22:50:32 INFO ResourceUtils: ==============================================================
[2024-10-14T22:50:32.195+0000] {spark_submit.py:649} INFO - 24/10/14 22:50:32 INFO SparkContext: Submitted application: Test PostgreSQL Connection
[2024-10-14T22:50:32.212+0000] {spark_submit.py:649} INFO - 24/10/14 22:50:32 INFO ResourceProfile: Default ResourceProfile created, executor resources: Map(cores -> name: cores, amount: 2, script: , vendor: , memory -> name: memory, amount: 2048, script: , vendor: , offHeap -> name: offHeap, amount: 0, script: , vendor: ), task resources: Map(cpus -> name: cpus, amount: 1.0)
[2024-10-14T22:50:32.221+0000] {spark_submit.py:649} INFO - 24/10/14 22:50:32 INFO ResourceProfile: Limiting resource is cpus at 2 tasks per executor
[2024-10-14T22:50:32.223+0000] {spark_submit.py:649} INFO - 24/10/14 22:50:32 INFO ResourceProfileManager: Added ResourceProfile id: 0
[2024-10-14T22:50:32.261+0000] {spark_submit.py:649} INFO - 24/10/14 22:50:32 INFO SecurityManager: Changing view acls to: ***
[2024-10-14T22:50:32.262+0000] {spark_submit.py:649} INFO - 24/10/14 22:50:32 INFO SecurityManager: Changing modify acls to: ***
[2024-10-14T22:50:32.262+0000] {spark_submit.py:649} INFO - 24/10/14 22:50:32 INFO SecurityManager: Changing view acls groups to:
[2024-10-14T22:50:32.263+0000] {spark_submit.py:649} INFO - 24/10/14 22:50:32 INFO SecurityManager: Changing modify acls groups to:
[2024-10-14T22:50:32.263+0000] {spark_submit.py:649} INFO - 24/10/14 22:50:32 INFO SecurityManager: SecurityManager: authentication disabled; ui acls disabled; users with view permissions: ***; groups with view permissions: EMPTY; users with modify permissions: ***; groups with modify permissions: EMPTY
[2024-10-14T22:50:32.484+0000] {spark_submit.py:649} INFO - 24/10/14 22:50:32 INFO Utils: Successfully started service 'sparkDriver' on port 44285.
[2024-10-14T22:50:32.515+0000] {spark_submit.py:649} INFO - 24/10/14 22:50:32 INFO SparkEnv: Registering MapOutputTracker
[2024-10-14T22:50:32.551+0000] {spark_submit.py:649} INFO - 24/10/14 22:50:32 INFO SparkEnv: Registering BlockManagerMaster
[2024-10-14T22:50:32.565+0000] {spark_submit.py:649} INFO - 24/10/14 22:50:32 INFO BlockManagerMasterEndpoint: Using org.apache.spark.storage.DefaultTopologyMapper for getting topology information
[2024-10-14T22:50:32.565+0000] {spark_submit.py:649} INFO - 24/10/14 22:50:32 INFO BlockManagerMasterEndpoint: BlockManagerMasterEndpoint up
[2024-10-14T22:50:32.570+0000] {spark_submit.py:649} INFO - 24/10/14 22:50:32 INFO SparkEnv: Registering BlockManagerMasterHeartbeat
[2024-10-14T22:50:32.594+0000] {spark_submit.py:649} INFO - 24/10/14 22:50:32 INFO DiskBlockManager: Created local directory at /tmp/blockmgr-f2fdfc53-3309-45cf-8ec1-c0f2513551c1
[2024-10-14T22:50:32.611+0000] {spark_submit.py:649} INFO - 24/10/14 22:50:32 INFO MemoryStore: MemoryStore started with capacity 434.4 MiB
[2024-10-14T22:50:32.637+0000] {spark_submit.py:649} INFO - 24/10/14 22:50:32 INFO SparkEnv: Registering OutputCommitCoordinator
[2024-10-14T22:50:32.775+0000] {spark_submit.py:649} INFO - 24/10/14 22:50:32 INFO JettyUtils: Start Jetty 0.0.0.0:4040 for SparkUI
[2024-10-14T22:50:32.842+0000] {spark_submit.py:649} INFO - 24/10/14 22:50:32 INFO Utils: Successfully started service 'SparkUI' on port 4040.
[2024-10-14T22:50:32.872+0000] {spark_submit.py:649} INFO - 24/10/14 22:50:32 ERROR SparkContext: Failed to add /opt/bitnami/drivers/postgresql-42.5.0.jar to Spark environment
[2024-10-14T22:50:32.873+0000] {spark_submit.py:649} INFO - java.io.FileNotFoundException: Jar /opt/bitnami/drivers/postgresql-42.5.0.jar not found
[2024-10-14T22:50:32.873+0000] {spark_submit.py:649} INFO - at org.apache.spark.SparkContext.addLocalJarFile$1(SparkContext.scala:2095)
[2024-10-14T22:50:32.874+0000] {spark_submit.py:649} INFO - at org.apache.spark.SparkContext.addJar(SparkContext.scala:2151)
[2024-10-14T22:50:32.874+0000] {spark_submit.py:649} INFO - at org.apache.spark.SparkContext.$anonfun$new$15(SparkContext.scala:521)
[2024-10-14T22:50:32.875+0000] {spark_submit.py:649} INFO - at org.apache.spark.SparkContext.$anonfun$new$15$adapted(SparkContext.scala:521)
[2024-10-14T22:50:32.875+0000] {spark_submit.py:649} INFO - at scala.collection.mutable.ResizableArray.foreach(ResizableArray.scala:62)
[2024-10-14T22:50:32.876+0000] {spark_submit.py:649} INFO - at scala.collection.mutable.ResizableArray.foreach$(ResizableArray.scala:55)
[2024-10-14T22:50:32.876+0000] {spark_submit.py:649} INFO - at scala.collection.mutable.ArrayBuffer.foreach(ArrayBuffer.scala:49)
[2024-10-14T22:50:32.877+0000] {spark_submit.py:649} INFO - at org.apache.spark.SparkContext.<init>(SparkContext.scala:521)
[2024-10-14T22:50:32.877+0000] {spark_submit.py:649} INFO - at org.apache.spark.api.java.JavaSparkContext.<init>(JavaSparkContext.scala:58)
[2024-10-14T22:50:32.878+0000] {spark_submit.py:649} INFO - at java.base/jdk.internal.reflect.NativeConstructorAccessorImpl.newInstance0(Native Method)
[2024-10-14T22:50:32.878+0000] {spark_submit.py:649} INFO - at java.base/jdk.internal.reflect.NativeConstructorAccessorImpl.newInstance(NativeConstructorAccessorImpl.java:77)
[2024-10-14T22:50:32.879+0000] {spark_submit.py:649} INFO - at java.base/jdk.internal.reflect.DelegatingConstructorAccessorImpl.newInstance(DelegatingConstructorAccessorImpl.java:45)
[2024-10-14T22:50:32.879+0000] {spark_submit.py:649} INFO - at java.base/java.lang.reflect.Constructor.newInstanceWithCaller(Constructor.java:500)
[2024-10-14T22:50:32.880+0000] {spark_submit.py:649} INFO - at java.base/java.lang.reflect.Constructor.newInstance(Constructor.java:481)
[2024-10-14T22:50:32.880+0000] {spark_submit.py:649} INFO - at py4j.reflection.MethodInvoker.invoke(MethodInvoker.java:247)
[2024-10-14T22:50:32.881+0000] {spark_submit.py:649} INFO - at py4j.reflection.ReflectionEngine.invoke(ReflectionEngine.java:374)
[2024-10-14T22:50:32.881+0000] {spark_submit.py:649} INFO - at py4j.Gateway.invoke(Gateway.java:238)
[2024-10-14T22:50:32.882+0000] {spark_submit.py:649} INFO - at py4j.commands.ConstructorCommand.invokeConstructor(ConstructorCommand.java:80)
[2024-10-14T22:50:32.882+0000] {spark_submit.py:649} INFO - at py4j.commands.ConstructorCommand.execute(ConstructorCommand.java:69)
[2024-10-14T22:50:32.882+0000] {spark_submit.py:649} INFO - at py4j.ClientServerConnection.waitForCommands(ClientServerConnection.java:182)
[2024-10-14T22:50:32.883+0000] {spark_submit.py:649} INFO - at py4j.ClientServerConnection.run(ClientServerConnection.java:106)
[2024-10-14T22:50:32.883+0000] {spark_submit.py:649} INFO - at java.base/java.lang.Thread.run(Thread.java:840)
[2024-10-14T22:50:32.937+0000] {spark_submit.py:649} INFO - 24/10/14 22:50:32 INFO StandaloneAppClient$ClientEndpoint: Connecting to master spark://spark:7077...
[2024-10-14T22:50:32.972+0000] {spark_submit.py:649} INFO - 24/10/14 22:50:32 INFO TransportClientFactory: Successfully created connection to spark/172.18.0.6:7077 after 18 ms (0 ms spent in bootstraps)
[2024-10-14T22:50:33.056+0000] {spark_submit.py:649} INFO - 24/10/14 22:50:33 INFO StandaloneSchedulerBackend: Connected to Spark cluster with app ID app-20241014225033-0001
[2024-10-14T22:50:33.058+0000] {spark_submit.py:649} INFO - 24/10/14 22:50:33 INFO StandaloneAppClient$ClientEndpoint: Executor added: app-20241014225033-0001/0 on worker-20241014224440-172.18.0.2-36753 (172.18.0.2:36753) with 2 core(s)
[2024-10-14T22:50:33.058+0000] {spark_submit.py:649} INFO - 24/10/14 22:50:33 INFO StandaloneSchedulerBackend: Granted executor ID app-20241014225033-0001/0 on hostPort 172.18.0.2:36753 with 2 core(s), 2.0 GiB RAM
[2024-10-14T22:50:33.059+0000] {spark_submit.py:649} INFO - 24/10/14 22:50:33 INFO StandaloneAppClient$ClientEndpoint: Executor added: app-20241014225033-0001/1 on worker-20241014224440-172.18.0.2-36753 (172.18.0.2:36753) with 2 core(s)
[2024-10-14T22:50:33.059+0000] {spark_submit.py:649} INFO - 24/10/14 22:50:33 INFO StandaloneSchedulerBackend: Granted executor ID app-20241014225033-0001/1 on hostPort 172.18.0.2:36753 with 2 core(s), 2.0 GiB RAM
[2024-10-14T22:50:33.060+0000] {spark_submit.py:649} INFO - 24/10/14 22:50:33 INFO StandaloneAppClient$ClientEndpoint: Executor added: app-20241014225033-0001/2 on worker-20241014224440-172.18.0.2-36753 (172.18.0.2:36753) with 2 core(s)
[2024-10-14T22:50:33.060+0000] {spark_submit.py:649} INFO - 24/10/14 22:50:33 INFO StandaloneSchedulerBackend: Granted executor ID app-20241014225033-0001/2 on hostPort 172.18.0.2:36753 with 2 core(s), 2.0 GiB RAM
[2024-10-14T22:50:33.065+0000] {spark_submit.py:649} INFO - 24/10/14 22:50:33 INFO Utils: Successfully started service 'org.apache.spark.network.netty.NettyBlockTransferService' on port 35897.
[2024-10-14T22:50:33.066+0000] {spark_submit.py:649} INFO - 24/10/14 22:50:33 INFO NettyBlockTransferService: Server created on ffad041afae8:35897
[2024-10-14T22:50:33.070+0000] {spark_submit.py:649} INFO - 24/10/14 22:50:33 INFO BlockManager: Using org.apache.spark.storage.RandomBlockReplicationPolicy for block replication policy
[2024-10-14T22:50:33.074+0000] {spark_submit.py:649} INFO - 24/10/14 22:50:33 INFO BlockManagerMaster: Registering BlockManager BlockManagerId(driver, ffad041afae8, 35897, None)
[2024-10-14T22:50:33.078+0000] {spark_submit.py:649} INFO - 24/10/14 22:50:33 INFO BlockManagerMasterEndpoint: Registering block manager ffad041afae8:35897 with 434.4 MiB RAM, BlockManagerId(driver, ffad041afae8, 35897, None)
[2024-10-14T22:50:33.081+0000] {spark_submit.py:649} INFO - 24/10/14 22:50:33 INFO BlockManagerMaster: Registered BlockManager BlockManagerId(driver, ffad041afae8, 35897, None)
[2024-10-14T22:50:33.083+0000] {spark_submit.py:649} INFO - 24/10/14 22:50:33 INFO BlockManager: Initialized BlockManager: BlockManagerId(driver, ffad041afae8, 35897, None)
[2024-10-14T22:50:33.121+0000] {spark_submit.py:649} INFO - 24/10/14 22:50:33 INFO StandaloneAppClient$ClientEndpoint: Executor updated: app-20241014225033-0001/2 is now RUNNING
[2024-10-14T22:50:33.124+0000] {spark_submit.py:649} INFO - 24/10/14 22:50:33 INFO StandaloneAppClient$ClientEndpoint: Executor updated: app-20241014225033-0001/0 is now RUNNING
[2024-10-14T22:50:33.131+0000] {spark_submit.py:649} INFO - 24/10/14 22:50:33 INFO StandaloneAppClient$ClientEndpoint: Executor updated: app-20241014225033-0001/1 is now RUNNING
[2024-10-14T22:50:33.379+0000] {spark_submit.py:649} INFO - 24/10/14 22:50:33 INFO StandaloneSchedulerBackend: SchedulerBackend is ready for scheduling beginning after reached minRegisteredResourcesRatio: 0.0
[2024-10-14T22:50:33.688+0000] {spark_submit.py:649} INFO - <pyspark.sql.session.SparkSession object at 0x7f8234b89190>
[2024-10-14T22:50:33.703+0000] {spark_submit.py:649} INFO - 24/10/14 22:50:33 INFO SharedState: Setting hive.metastore.warehouse.dir ('null') to the value of spark.sql.warehouse.dir.
[2024-10-14T22:50:33.705+0000] {spark_submit.py:649} INFO - 24/10/14 22:50:33 INFO SharedState: Warehouse path is 'file:/opt/***/spark-warehouse'.
[2024-10-14T22:50:35.142+0000] {spark_submit.py:649} INFO - Traceback (most recent call last):
[2024-10-14T22:50:35.146+0000] {spark_submit.py:649} INFO - File "/opt/bitnami/spark/src/scripts_spark/LoadFileToDB.py", line 22, in <module>
[2024-10-14T22:50:35.152+0000] {spark_submit.py:649} INFO - .load()
[2024-10-14T22:50:35.156+0000] {spark_submit.py:649} INFO - ^^^^^^
[2024-10-14T22:50:35.168+0000] {spark_submit.py:649} INFO - File "/home/***/.local/lib/python3.12/site-packages/pyspark/python/lib/pyspark.zip/pyspark/sql/readwriter.py", line 314, in load
[2024-10-14T22:50:35.175+0000] {spark_submit.py:649} INFO - File "/home/***/.local/lib/python3.12/site-packages/pyspark/python/lib/py4j-0.10.9.7-src.zip/py4j/java_gateway.py", line 1322, in __call__
[2024-10-14T22:50:35.178+0000] {spark_submit.py:649} INFO - File "/home/***/.local/lib/python3.12/site-packages/pyspark/python/lib/pyspark.zip/pyspark/errors/exceptions/captured.py", line 179, in deco
[2024-10-14T22:50:35.180+0000] {spark_submit.py:649} INFO - File "/home/***/.local/lib/python3.12/site-packages/pyspark/python/lib/py4j-0.10.9.7-src.zip/py4j/protocol.py", line 326, in get_return_value
[2024-10-14T22:50:35.191+0000] {spark_submit.py:649} INFO - py4j.protocol.Py4JJavaError: An error occurred while calling o39.load.
[2024-10-14T22:50:35.194+0000] {spark_submit.py:649} INFO - : java.lang.ClassNotFoundException: org.postgresql.Driver
[2024-10-14T22:50:35.196+0000] {spark_submit.py:649} INFO - at java.base/java.net.URLClassLoader.findClass(URLClassLoader.java:445)
[2024-10-14T22:50:35.198+0000] {spark_submit.py:649} INFO - at java.base/java.lang.ClassLoader.loadClass(ClassLoader.java:592)
[2024-10-14T22:50:35.215+0000] {spark_submit.py:649} INFO - at java.base/java.lang.ClassLoader.loadClass(ClassLoader.java:525)
[2024-10-14T22:50:35.218+0000] {spark_submit.py:649} INFO - at org.apache.spark.sql.execution.datasources.jdbc.DriverRegistry$.register(DriverRegistry.scala:46)
[2024-10-14T22:50:35.218+0000] {spark_submit.py:649} INFO - at org.apache.spark.sql.execution.datasources.jdbc.JDBCOptions.$anonfun$driverClass$1(JDBCOptions.scala:103)
[2024-10-14T22:50:35.220+0000] {spark_submit.py:649} INFO - at org.apache.spark.sql.execution.datasources.jdbc.JDBCOptions.$anonfun$driverClass$1$adapted(JDBCOptions.scala:103)
[2024-10-14T22:50:35.222+0000] {spark_submit.py:649} INFO - at scala.Option.foreach(Option.scala:407)
[2024-10-14T22:50:35.223+0000] {spark_submit.py:649} INFO - at org.apache.spark.sql.execution.datasources.jdbc.JDBCOptions.<init>(JDBCOptions.scala:103)
[2024-10-14T22:50:35.224+0000] {spark_submit.py:649} INFO - at org.apache.spark.sql.execution.datasources.jdbc.JDBCOptions.<init>(JDBCOptions.scala:41)
[2024-10-14T22:50:35.225+0000] {spark_submit.py:649} INFO - at org.apache.spark.sql.execution.datasources.jdbc.JdbcRelationProvider.createRelation(JdbcRelationProvider.scala:34)
[2024-10-14T22:50:35.229+0000] {spark_submit.py:649} INFO - at org.apache.spark.sql.execution.datasources.DataSource.resolveRelation(DataSource.scala:346)
[2024-10-14T22:50:35.230+0000] {spark_submit.py:649} INFO - at org.apache.spark.sql.DataFrameReader.loadV1Source(DataFrameReader.scala:229)
[2024-10-14T22:50:35.231+0000] {spark_submit.py:649} INFO - at org.apache.spark.sql.DataFrameReader.$anonfun$load$2(DataFrameReader.scala:211)
[2024-10-14T22:50:35.248+0000] {spark_submit.py:649} INFO - at scala.Option.getOrElse(Option.scala:189)
[2024-10-14T22:50:35.251+0000] {spark_submit.py:649} INFO - at org.apache.spark.sql.DataFrameReader.load(DataFrameReader.scala:211)
[2024-10-14T22:50:35.255+0000] {spark_submit.py:649} INFO - at org.apache.spark.sql.DataFrameReader.load(DataFrameReader.scala:172)
[2024-10-14T22:50:35.266+0000] {spark_submit.py:649} INFO - at java.base/jdk.internal.reflect.NativeMethodAccessorImpl.invoke0(Native Method)
[2024-10-14T22:50:35.268+0000] {spark_submit.py:649} INFO - at java.base/jdk.internal.reflect.NativeMethodAccessorImpl.invoke(NativeMethodAccessorImpl.java:77)
[2024-10-14T22:50:35.269+0000] {spark_submit.py:649} INFO - at java.base/jdk.internal.reflect.DelegatingMethodAccessorImpl.invoke(DelegatingMethodAccessorImpl.java:43)
[2024-10-14T22:50:35.269+0000] {spark_submit.py:649} INFO - at java.base/java.lang.reflect.Method.invoke(Method.java:569)
[2024-10-14T22:50:35.270+0000] {spark_submit.py:649} INFO - at py4j.reflection.MethodInvoker.invoke(MethodInvoker.java:244)
[2024-10-14T22:50:35.270+0000] {spark_submit.py:649} INFO - at py4j.reflection.ReflectionEngine.invoke(ReflectionEngine.java:374)
[2024-10-14T22:50:35.270+0000] {spark_submit.py:649} INFO - at py4j.Gateway.invoke(Gateway.java:282)
[2024-10-14T22:50:35.271+0000] {spark_submit.py:649} INFO - at py4j.commands.AbstractCommand.invokeMethod(AbstractCommand.java:132)
[2024-10-14T22:50:35.271+0000] {spark_submit.py:649} INFO - at py4j.commands.CallCommand.execute(CallCommand.java:79)
[2024-10-14T22:50:35.272+0000] {spark_submit.py:649} INFO - at py4j.ClientServerConnection.waitForCommands(ClientServerConnection.java:182)
[2024-10-14T22:50:35.272+0000] {spark_submit.py:649} INFO - at py4j.ClientServerConnection.run(ClientServerConnection.java:106)
[2024-10-14T22:50:35.273+0000] {spark_submit.py:649} INFO - at java.base/java.lang.Thread.run(Thread.java:840)
[2024-10-14T22:50:35.273+0000] {spark_submit.py:649} INFO - 
[2024-10-14T22:50:35.298+0000] {spark_submit.py:649} INFO - 24/10/14 22:50:35 INFO SparkContext: Invoking stop() from shutdown hook
[2024-10-14T22:50:35.308+0000] {spark_submit.py:649} INFO - 24/10/14 22:50:35 INFO SparkContext: SparkContext is stopping with exitCode 0.
[2024-10-14T22:50:35.327+0000] {spark_submit.py:649} INFO - 24/10/14 22:50:35 INFO SparkUI: Stopped Spark web UI at http://ffad041afae8:4040
[2024-10-14T22:50:35.351+0000] {spark_submit.py:649} INFO - 24/10/14 22:50:35 INFO StandaloneSchedulerBackend: Shutting down all executors
[2024-10-14T22:50:35.357+0000] {spark_submit.py:649} INFO - 24/10/14 22:50:35 INFO StandaloneSchedulerBackend$StandaloneDriverEndpoint: Asking each executor to shut down
[2024-10-14T22:50:35.400+0000] {spark_submit.py:649} INFO - 24/10/14 22:50:35 INFO MapOutputTrackerMasterEndpoint: MapOutputTrackerMasterEndpoint stopped!
[2024-10-14T22:50:35.417+0000] {spark_submit.py:649} INFO - 24/10/14 22:50:35 INFO MemoryStore: MemoryStore cleared
[2024-10-14T22:50:35.417+0000] {spark_submit.py:649} INFO - 24/10/14 22:50:35 INFO BlockManager: BlockManager stopped
[2024-10-14T22:50:35.425+0000] {spark_submit.py:649} INFO - 24/10/14 22:50:35 INFO BlockManagerMaster: BlockManagerMaster stopped
[2024-10-14T22:50:35.427+0000] {spark_submit.py:649} INFO - 24/10/14 22:50:35 INFO OutputCommitCoordinator$OutputCommitCoordinatorEndpoint: OutputCommitCoordinator stopped!
[2024-10-14T22:50:35.449+0000] {spark_submit.py:649} INFO - 24/10/14 22:50:35 INFO SparkContext: Successfully stopped SparkContext
[2024-10-14T22:50:35.449+0000] {spark_submit.py:649} INFO - 24/10/14 22:50:35 INFO ShutdownHookManager: Shutdown hook called
[2024-10-14T22:50:35.450+0000] {spark_submit.py:649} INFO - 24/10/14 22:50:35 INFO ShutdownHookManager: Deleting directory /tmp/spark-d24b6453-dc18-4dd6-9a61-c38f3c46a0b4/pyspark-e9218a31-45ed-4702-bad4-20ddff5404a4
[2024-10-14T22:50:35.453+0000] {spark_submit.py:649} INFO - 24/10/14 22:50:35 INFO ShutdownHookManager: Deleting directory /tmp/spark-d24b6453-dc18-4dd6-9a61-c38f3c46a0b4
[2024-10-14T22:50:35.457+0000] {spark_submit.py:649} INFO - 24/10/14 22:50:35 INFO ShutdownHookManager: Deleting directory /tmp/spark-0e2c8c90-79d4-463a-8bec-9a7f8db0ab60
[2024-10-14T22:50:35.523+0000] {taskinstance.py:3310} ERROR - Task failed with exception
Traceback (most recent call last):
  File "/home/airflow/.local/lib/python3.12/site-packages/airflow/models/taskinstance.py", line 767, in _execute_task
    result = _execute_callable(context=context, **execute_callable_kwargs)
             ^^^^^^^^^^^^^^^^^^^^^^^^^^^^^^^^^^^^^^^^^^^^^^^^^^^^^^^^^^^^^
  File "/home/airflow/.local/lib/python3.12/site-packages/airflow/models/taskinstance.py", line 733, in _execute_callable
    return ExecutionCallableRunner(
           ^^^^^^^^^^^^^^^^^^^^^^^^
  File "/home/airflow/.local/lib/python3.12/site-packages/airflow/utils/operator_helpers.py", line 252, in run
    return self.func(*args, **kwargs)
           ^^^^^^^^^^^^^^^^^^^^^^^^^^
  File "/home/airflow/.local/lib/python3.12/site-packages/airflow/models/baseoperator.py", line 406, in wrapper
    return func(self, *args, **kwargs)
           ^^^^^^^^^^^^^^^^^^^^^^^^^^^
  File "/home/airflow/.local/lib/python3.12/site-packages/airflow/providers/apache/spark/operators/spark_submit.py", line 176, in execute
    self._hook.submit(self.application)
  File "/home/airflow/.local/lib/python3.12/site-packages/airflow/providers/apache/spark/hooks/spark_submit.py", line 575, in submit
    raise AirflowException(
airflow.exceptions.AirflowException: Cannot execute: spark-submit --master spark://spark:7077 --jars /opt/bitnami/drivers/postgresql-42.5.0.jar --executor-cores 2 --executor-memory 2g --principal *** --name arrow-spark --deploy-mode client /opt/bitnami/spark/src/scripts_spark/LoadFileToDB.py. Error code is: 1.
[2024-10-14T22:50:35.527+0000] {taskinstance.py:1225} INFO - Marking task as FAILED. dag_id=LoadWebScraping, task_id=submit_job, run_id=manual__2024-10-14T22:50:25.094858+00:00, execution_date=20241014T225025, start_date=20241014T225028, end_date=20241014T225035
[2024-10-14T22:50:35.538+0000] {taskinstance.py:340} INFO - ::group::Post task execution logs
[2024-10-14T22:50:35.539+0000] {standard_task_runner.py:124} ERROR - Failed to execute job 136 for task submit_job (Cannot execute: spark-submit --master spark://spark:7077 --jars /opt/bitnami/drivers/postgresql-42.5.0.jar --executor-cores 2 --executor-memory 2g --principal *** --name arrow-spark --deploy-mode client /opt/bitnami/spark/src/scripts_spark/LoadFileToDB.py. Error code is: 1.; 286)
Traceback (most recent call last):
  File "/home/airflow/.local/lib/python3.12/site-packages/airflow/task/task_runner/standard_task_runner.py", line 117, in _start_by_fork
    ret = args.func(args, dag=self.dag)
          ^^^^^^^^^^^^^^^^^^^^^^^^^^^^^
  File "/home/airflow/.local/lib/python3.12/site-packages/airflow/cli/cli_config.py", line 49, in command
    return func(*args, **kwargs)
           ^^^^^^^^^^^^^^^^^^^^^
  File "/home/airflow/.local/lib/python3.12/site-packages/airflow/utils/cli.py", line 115, in wrapper
    return f(*args, **kwargs)
           ^^^^^^^^^^^^^^^^^^
  File "/home/airflow/.local/lib/python3.12/site-packages/airflow/cli/commands/task_command.py", line 483, in task_run
    task_return_code = _run_task_by_selected_method(args, _dag, ti)
                       ^^^^^^^^^^^^^^^^^^^^^^^^^^^^^^^^^^^^^^^^^^^^
  File "/home/airflow/.local/lib/python3.12/site-packages/airflow/cli/commands/task_command.py", line 256, in _run_task_by_selected_method
    return _run_raw_task(args, ti)
           ^^^^^^^^^^^^^^^^^^^^^^^
  File "/home/airflow/.local/lib/python3.12/site-packages/airflow/cli/commands/task_command.py", line 341, in _run_raw_task
    return ti._run_raw_task(
           ^^^^^^^^^^^^^^^^^
  File "/home/airflow/.local/lib/python3.12/site-packages/airflow/utils/session.py", line 97, in wrapper
    return func(*args, session=session, **kwargs)
           ^^^^^^^^^^^^^^^^^^^^^^^^^^^^^^^^^^^^^^
  File "/home/airflow/.local/lib/python3.12/site-packages/airflow/models/taskinstance.py", line 3004, in _run_raw_task
    return _run_raw_task(
           ^^^^^^^^^^^^^^
  File "/home/airflow/.local/lib/python3.12/site-packages/airflow/models/taskinstance.py", line 273, in _run_raw_task
    TaskInstance._execute_task_with_callbacks(
  File "/home/airflow/.local/lib/python3.12/site-packages/airflow/models/taskinstance.py", line 3158, in _execute_task_with_callbacks
    result = self._execute_task(context, task_orig)
             ^^^^^^^^^^^^^^^^^^^^^^^^^^^^^^^^^^^^^^
  File "/home/airflow/.local/lib/python3.12/site-packages/airflow/models/taskinstance.py", line 3182, in _execute_task
    return _execute_task(self, context, task_orig)
           ^^^^^^^^^^^^^^^^^^^^^^^^^^^^^^^^^^^^^^^
  File "/home/airflow/.local/lib/python3.12/site-packages/airflow/models/taskinstance.py", line 767, in _execute_task
    result = _execute_callable(context=context, **execute_callable_kwargs)
             ^^^^^^^^^^^^^^^^^^^^^^^^^^^^^^^^^^^^^^^^^^^^^^^^^^^^^^^^^^^^^
  File "/home/airflow/.local/lib/python3.12/site-packages/airflow/models/taskinstance.py", line 733, in _execute_callable
    return ExecutionCallableRunner(
           ^^^^^^^^^^^^^^^^^^^^^^^^
  File "/home/airflow/.local/lib/python3.12/site-packages/airflow/utils/operator_helpers.py", line 252, in run
    return self.func(*args, **kwargs)
           ^^^^^^^^^^^^^^^^^^^^^^^^^^
  File "/home/airflow/.local/lib/python3.12/site-packages/airflow/models/baseoperator.py", line 406, in wrapper
    return func(self, *args, **kwargs)
           ^^^^^^^^^^^^^^^^^^^^^^^^^^^
  File "/home/airflow/.local/lib/python3.12/site-packages/airflow/providers/apache/spark/operators/spark_submit.py", line 176, in execute
    self._hook.submit(self.application)
  File "/home/airflow/.local/lib/python3.12/site-packages/airflow/providers/apache/spark/hooks/spark_submit.py", line 575, in submit
    raise AirflowException(
airflow.exceptions.AirflowException: Cannot execute: spark-submit --master spark://spark:7077 --jars /opt/bitnami/drivers/postgresql-42.5.0.jar --executor-cores 2 --executor-memory 2g --principal *** --name arrow-spark --deploy-mode client /opt/bitnami/spark/src/scripts_spark/LoadFileToDB.py. Error code is: 1.
[2024-10-14T22:50:35.588+0000] {local_task_job_runner.py:266} INFO - Task exited with return code 1
[2024-10-14T22:50:35.601+0000] {taskinstance.py:3900} INFO - 0 downstream tasks scheduled from follow-on schedule check
[2024-10-14T22:50:35.606+0000] {local_task_job_runner.py:245} INFO - ::endgroup::
