[2024-11-02T02:05:13.882+0000] {local_task_job_runner.py:123} INFO - ::group::Pre task execution logs
[2024-11-02T02:05:13.896+0000] {taskinstance.py:2612} INFO - Dependencies all met for dep_context=non-requeueable deps ti=<TaskInstance: LoadWebScraping.insert manual__2024-11-02T02:05:10.330736+00:00 [queued]>
[2024-11-02T02:05:13.903+0000] {taskinstance.py:2612} INFO - Dependencies all met for dep_context=requeueable deps ti=<TaskInstance: LoadWebScraping.insert manual__2024-11-02T02:05:10.330736+00:00 [queued]>
[2024-11-02T02:05:13.904+0000] {taskinstance.py:2865} INFO - Starting attempt 1 of 1
[2024-11-02T02:05:13.917+0000] {taskinstance.py:2888} INFO - Executing <Task(SparkSubmitOperator): insert> on 2024-11-02 02:05:10.330736+00:00
[2024-11-02T02:05:13.923+0000] {warnings.py:112} WARNING - /home/***/.local/lib/python3.12/site-packages/***/task/task_runner/standard_task_runner.py:70: DeprecationWarning: This process (pid=3498) is multi-threaded, use of fork() may lead to deadlocks in the child.
  pid = os.fork()

[2024-11-02T02:05:13.924+0000] {standard_task_runner.py:72} INFO - Started process 3500 to run task
[2024-11-02T02:05:13.925+0000] {standard_task_runner.py:104} INFO - Running: ['***', 'tasks', 'run', 'LoadWebScraping', 'insert', 'manual__2024-11-02T02:05:10.330736+00:00', '--job-id', '132', '--raw', '--subdir', 'DAGS_FOLDER/LoadWebScraping.py', '--cfg-path', '/tmp/tmpd0lkwr4r']
[2024-11-02T02:05:13.927+0000] {standard_task_runner.py:105} INFO - Job 132: Subtask insert
[2024-11-02T02:05:13.968+0000] {task_command.py:467} INFO - Running <TaskInstance: LoadWebScraping.insert manual__2024-11-02T02:05:10.330736+00:00 [running]> on host c9f99735a600
[2024-11-02T02:05:14.046+0000] {taskinstance.py:3131} INFO - Exporting env vars: AIRFLOW_CTX_DAG_OWNER='***' AIRFLOW_CTX_DAG_ID='LoadWebScraping' AIRFLOW_CTX_TASK_ID='insert' AIRFLOW_CTX_EXECUTION_DATE='2024-11-02T02:05:10.330736+00:00' AIRFLOW_CTX_TRY_NUMBER='1' AIRFLOW_CTX_DAG_RUN_ID='manual__2024-11-02T02:05:10.330736+00:00'
[2024-11-02T02:05:14.049+0000] {taskinstance.py:731} INFO - ::endgroup::
[2024-11-02T02:05:14.078+0000] {base.py:84} INFO - Retrieving connection 'spark_default'
[2024-11-02T02:05:14.079+0000] {spark_submit.py:327} ERROR - Failed to decode base64 keytab: Incorrect padding
[2024-11-02T02:05:14.079+0000] {spark_submit.py:304} INFO - Could not load connection string spark_default, defaulting to spark://spark:7077
[2024-11-02T02:05:14.081+0000] {spark_submit.py:473} INFO - Spark-Submit cmd: spark-submit --master spark://spark:7077 --driver-class-path /opt/***/jars/postgresql-42.5.0.jar --jars /opt/***/jars/postgresql-42.5.0.jar --packages org.postgresql:postgresql:42.5.0 --name arrow-spark --deploy-mode client /opt/bitnami/spark/src/scripts_spark/LoadFileToDB.py
[2024-11-02T02:05:15.373+0000] {spark_submit.py:634} INFO - :: loading settings :: url = jar:file:/home/***/.local/lib/python3.12/site-packages/pyspark/jars/ivy-2.5.1.jar!/org/apache/ivy/core/settings/ivysettings.xml
[2024-11-02T02:05:15.424+0000] {spark_submit.py:634} INFO - Ivy Default Cache set to: /home/***/.ivy2/cache
[2024-11-02T02:05:15.424+0000] {spark_submit.py:634} INFO - The jars for the packages stored in: /home/***/.ivy2/jars
[2024-11-02T02:05:15.432+0000] {spark_submit.py:634} INFO - org.postgresql#postgresql added as a dependency
[2024-11-02T02:05:15.433+0000] {spark_submit.py:634} INFO - :: resolving dependencies :: org.apache.spark#spark-submit-parent-b3fc6839-797c-47ee-9233-8851e88d03db;1.0
[2024-11-02T02:05:15.434+0000] {spark_submit.py:634} INFO - confs: [default]
[2024-11-02T02:05:15.512+0000] {spark_submit.py:634} INFO - found org.postgresql#postgresql;42.5.0 in central
[2024-11-02T02:05:15.529+0000] {spark_submit.py:634} INFO - found org.checkerframework#checker-qual;3.5.0 in central
[2024-11-02T02:05:15.540+0000] {spark_submit.py:634} INFO - :: resolution report :: resolve 102ms :: artifacts dl 5ms
[2024-11-02T02:05:15.541+0000] {spark_submit.py:634} INFO - :: modules in use:
[2024-11-02T02:05:15.541+0000] {spark_submit.py:634} INFO - org.checkerframework#checker-qual;3.5.0 from central in [default]
[2024-11-02T02:05:15.542+0000] {spark_submit.py:634} INFO - org.postgresql#postgresql;42.5.0 from central in [default]
[2024-11-02T02:05:15.543+0000] {spark_submit.py:634} INFO - ---------------------------------------------------------------------
[2024-11-02T02:05:15.543+0000] {spark_submit.py:634} INFO - |                  |            modules            ||   artifacts   |
[2024-11-02T02:05:15.544+0000] {spark_submit.py:634} INFO - |       conf       | number| search|dwnlded|evicted|| number|dwnlded|
[2024-11-02T02:05:15.544+0000] {spark_submit.py:634} INFO - ---------------------------------------------------------------------
[2024-11-02T02:05:15.544+0000] {spark_submit.py:634} INFO - |      default     |   2   |   0   |   0   |   0   ||   2   |   0   |
[2024-11-02T02:05:15.545+0000] {spark_submit.py:634} INFO - ---------------------------------------------------------------------
[2024-11-02T02:05:15.545+0000] {spark_submit.py:634} INFO - :: retrieving :: org.apache.spark#spark-submit-parent-b3fc6839-797c-47ee-9233-8851e88d03db
[2024-11-02T02:05:15.546+0000] {spark_submit.py:634} INFO - confs: [default]
[2024-11-02T02:05:15.547+0000] {spark_submit.py:634} INFO - 0 artifacts copied, 2 already retrieved (0kB/3ms)
[2024-11-02T02:05:15.684+0000] {spark_submit.py:634} INFO - 24/11/02 02:05:15 WARN NativeCodeLoader: Unable to load native-hadoop library for your platform... using builtin-java classes where applicable
[2024-11-02T02:05:15.813+0000] {spark_submit.py:634} INFO - 24/11/02 02:05:15 WARN DependencyUtils: Local jar /opt/***/jars/postgresql-42.5.0.jar does not exist, skipping.
[2024-11-02T02:05:18.493+0000] {spark_submit.py:634} INFO - 24/11/02 02:05:18 INFO SparkContext: Running Spark version 3.5.2
[2024-11-02T02:05:18.494+0000] {spark_submit.py:634} INFO - 24/11/02 02:05:18 INFO SparkContext: OS info Linux, 5.15.153.1-microsoft-standard-WSL2, amd64
[2024-11-02T02:05:18.495+0000] {spark_submit.py:634} INFO - 24/11/02 02:05:18 INFO SparkContext: Java version 17.0.13
[2024-11-02T02:05:18.512+0000] {spark_submit.py:634} INFO - 24/11/02 02:05:18 INFO ResourceUtils: ==============================================================
[2024-11-02T02:05:18.513+0000] {spark_submit.py:634} INFO - 24/11/02 02:05:18 INFO ResourceUtils: No custom resources configured for spark.driver.
[2024-11-02T02:05:18.513+0000] {spark_submit.py:634} INFO - 24/11/02 02:05:18 INFO ResourceUtils: ==============================================================
[2024-11-02T02:05:18.514+0000] {spark_submit.py:634} INFO - 24/11/02 02:05:18 INFO SparkContext: Submitted application: Insert_data
[2024-11-02T02:05:18.539+0000] {spark_submit.py:634} INFO - 24/11/02 02:05:18 INFO ResourceProfile: Default ResourceProfile created, executor resources: Map(cores -> name: cores, amount: 1, script: , vendor: , memory -> name: memory, amount: 1024, script: , vendor: , offHeap -> name: offHeap, amount: 0, script: , vendor: ), task resources: Map(cpus -> name: cpus, amount: 1.0)
[2024-11-02T02:05:18.549+0000] {spark_submit.py:634} INFO - 24/11/02 02:05:18 INFO ResourceProfile: Limiting resource is cpu
[2024-11-02T02:05:18.550+0000] {spark_submit.py:634} INFO - 24/11/02 02:05:18 INFO ResourceProfileManager: Added ResourceProfile id: 0
[2024-11-02T02:05:18.597+0000] {spark_submit.py:634} INFO - 24/11/02 02:05:18 INFO SecurityManager: Changing view acls to: ***
[2024-11-02T02:05:18.597+0000] {spark_submit.py:634} INFO - 24/11/02 02:05:18 INFO SecurityManager: Changing modify acls to: ***
[2024-11-02T02:05:18.598+0000] {spark_submit.py:634} INFO - 24/11/02 02:05:18 INFO SecurityManager: Changing view acls groups to:
[2024-11-02T02:05:18.598+0000] {spark_submit.py:634} INFO - 24/11/02 02:05:18 INFO SecurityManager: Changing modify acls groups to:
[2024-11-02T02:05:18.599+0000] {spark_submit.py:634} INFO - 24/11/02 02:05:18 INFO SecurityManager: SecurityManager: authentication disabled; ui acls disabled; users with view permissions: ***; groups with view permissions: EMPTY; users with modify permissions: ***; groups with modify permissions: EMPTY
[2024-11-02T02:05:18.765+0000] {spark_submit.py:634} INFO - 24/11/02 02:05:18 INFO Utils: Successfully started service 'sparkDriver' on port 46019.
[2024-11-02T02:05:18.794+0000] {spark_submit.py:634} INFO - 24/11/02 02:05:18 INFO SparkEnv: Registering MapOutputTracker
[2024-11-02T02:05:18.821+0000] {spark_submit.py:634} INFO - 24/11/02 02:05:18 INFO SparkEnv: Registering BlockManagerMaster
[2024-11-02T02:05:18.843+0000] {spark_submit.py:634} INFO - 24/11/02 02:05:18 INFO BlockManagerMasterEndpoint: Using org.apache.spark.storage.DefaultTopologyMapper for getting topology information
[2024-11-02T02:05:18.844+0000] {spark_submit.py:634} INFO - 24/11/02 02:05:18 INFO BlockManagerMasterEndpoint: BlockManagerMasterEndpoint up
[2024-11-02T02:05:18.848+0000] {spark_submit.py:634} INFO - 24/11/02 02:05:18 INFO SparkEnv: Registering BlockManagerMasterHeartbeat
[2024-11-02T02:05:18.866+0000] {spark_submit.py:634} INFO - 24/11/02 02:05:18 INFO DiskBlockManager: Created local directory at /tmp/blockmgr-3f78b886-36c8-40f1-a4ef-4f0dbadece61
[2024-11-02T02:05:18.876+0000] {spark_submit.py:634} INFO - 24/11/02 02:05:18 INFO MemoryStore: MemoryStore started with capacity 434.4 MiB
[2024-11-02T02:05:18.889+0000] {spark_submit.py:634} INFO - 24/11/02 02:05:18 INFO SparkEnv: Registering OutputCommitCoordinator
[2024-11-02T02:05:18.991+0000] {spark_submit.py:634} INFO - 24/11/02 02:05:18 INFO JettyUtils: Start Jetty 0.0.0.0:4040 for SparkUI
[2024-11-02T02:05:19.041+0000] {spark_submit.py:634} INFO - 24/11/02 02:05:19 INFO Utils: Successfully started service 'SparkUI' on port 4040.
[2024-11-02T02:05:19.074+0000] {spark_submit.py:634} INFO - 24/11/02 02:05:19 ERROR SparkContext: Failed to add /opt/bitnami/spark/jars/postgresql-42.5.0.jar to Spark environment
[2024-11-02T02:05:19.075+0000] {spark_submit.py:634} INFO - java.io.FileNotFoundException: Jar /opt/bitnami/spark/jars/postgresql-42.5.0.jar not found
[2024-11-02T02:05:19.075+0000] {spark_submit.py:634} INFO - at org.apache.spark.SparkContext.addLocalJarFile$1(SparkContext.scala:2095)
[2024-11-02T02:05:19.075+0000] {spark_submit.py:634} INFO - at org.apache.spark.SparkContext.addJar(SparkContext.scala:2151)
[2024-11-02T02:05:19.076+0000] {spark_submit.py:634} INFO - at org.apache.spark.SparkContext.$anonfun$new$15(SparkContext.scala:521)
[2024-11-02T02:05:19.077+0000] {spark_submit.py:634} INFO - at org.apache.spark.SparkContext.$anonfun$new$15$adapted(SparkContext.scala:521)
[2024-11-02T02:05:19.077+0000] {spark_submit.py:634} INFO - at scala.collection.mutable.ResizableArray.foreach(ResizableArray.scala:62)
[2024-11-02T02:05:19.078+0000] {spark_submit.py:634} INFO - at scala.collection.mutable.ResizableArray.foreach$(ResizableArray.scala:55)
[2024-11-02T02:05:19.078+0000] {spark_submit.py:634} INFO - at scala.collection.mutable.ArrayBuffer.foreach(ArrayBuffer.scala:49)
[2024-11-02T02:05:19.078+0000] {spark_submit.py:634} INFO - at org.apache.spark.SparkContext.<init>(SparkContext.scala:521)
[2024-11-02T02:05:19.079+0000] {spark_submit.py:634} INFO - at org.apache.spark.api.java.JavaSparkContext.<init>(JavaSparkContext.scala:58)
[2024-11-02T02:05:19.079+0000] {spark_submit.py:634} INFO - at java.base/jdk.internal.reflect.NativeConstructorAccessorImpl.newInstance0(Native Method)
[2024-11-02T02:05:19.080+0000] {spark_submit.py:634} INFO - at java.base/jdk.internal.reflect.NativeConstructorAccessorImpl.newInstance(NativeConstructorAccessorImpl.java:77)
[2024-11-02T02:05:19.080+0000] {spark_submit.py:634} INFO - at java.base/jdk.internal.reflect.DelegatingConstructorAccessorImpl.newInstance(DelegatingConstructorAccessorImpl.java:45)
[2024-11-02T02:05:19.081+0000] {spark_submit.py:634} INFO - at java.base/java.lang.reflect.Constructor.newInstanceWithCaller(Constructor.java:500)
[2024-11-02T02:05:19.081+0000] {spark_submit.py:634} INFO - at java.base/java.lang.reflect.Constructor.newInstance(Constructor.java:481)
[2024-11-02T02:05:19.081+0000] {spark_submit.py:634} INFO - at py4j.reflection.MethodInvoker.invoke(MethodInvoker.java:247)
[2024-11-02T02:05:19.082+0000] {spark_submit.py:634} INFO - at py4j.reflection.ReflectionEngine.invoke(ReflectionEngine.java:374)
[2024-11-02T02:05:19.082+0000] {spark_submit.py:634} INFO - at py4j.Gateway.invoke(Gateway.java:238)
[2024-11-02T02:05:19.082+0000] {spark_submit.py:634} INFO - at py4j.commands.ConstructorCommand.invokeConstructor(ConstructorCommand.java:80)
[2024-11-02T02:05:19.083+0000] {spark_submit.py:634} INFO - at py4j.commands.ConstructorCommand.execute(ConstructorCommand.java:69)
[2024-11-02T02:05:19.083+0000] {spark_submit.py:634} INFO - at py4j.ClientServerConnection.waitForCommands(ClientServerConnection.java:182)
[2024-11-02T02:05:19.083+0000] {spark_submit.py:634} INFO - at py4j.ClientServerConnection.run(ClientServerConnection.java:106)
[2024-11-02T02:05:19.084+0000] {spark_submit.py:634} INFO - at java.base/java.lang.Thread.run(Thread.java:840)
[2024-11-02T02:05:19.084+0000] {spark_submit.py:634} INFO - 24/11/02 02:05:19 INFO SparkContext: Added file file:///home/***/.ivy2/jars/org.postgresql_postgresql-42.5.0.jar at file:///home/***/.ivy2/jars/org.postgresql_postgresql-42.5.0.jar with timestamp 1730513118488
[2024-11-02T02:05:19.085+0000] {spark_submit.py:634} INFO - 24/11/02 02:05:19 INFO Utils: Copying /home/***/.ivy2/jars/org.postgresql_postgresql-42.5.0.jar to /tmp/spark-06a73cdc-a363-43bf-ac30-f5160f14e73c/userFiles-1cffa644-0493-4441-b813-05c77ce458a8/org.postgresql_postgresql-42.5.0.jar
[2024-11-02T02:05:19.088+0000] {spark_submit.py:634} INFO - 24/11/02 02:05:19 INFO SparkContext: Added file file:///home/***/.ivy2/jars/org.checkerframework_checker-qual-3.5.0.jar at file:///home/***/.ivy2/jars/org.checkerframework_checker-qual-3.5.0.jar with timestamp 1730513118488
[2024-11-02T02:05:19.089+0000] {spark_submit.py:634} INFO - 24/11/02 02:05:19 INFO Utils: Copying /home/***/.ivy2/jars/org.checkerframework_checker-qual-3.5.0.jar to /tmp/spark-06a73cdc-a363-43bf-ac30-f5160f14e73c/userFiles-1cffa644-0493-4441-b813-05c77ce458a8/org.checkerframework_checker-qual-3.5.0.jar
[2024-11-02T02:05:19.140+0000] {spark_submit.py:634} INFO - 24/11/02 02:05:19 INFO Executor: Starting executor ID driver on host c9f99735a600
[2024-11-02T02:05:19.141+0000] {spark_submit.py:634} INFO - 24/11/02 02:05:19 INFO Executor: OS info Linux, 5.15.153.1-microsoft-standard-WSL2, amd64
[2024-11-02T02:05:19.141+0000] {spark_submit.py:634} INFO - 24/11/02 02:05:19 INFO Executor: Java version 17.0.13
[2024-11-02T02:05:19.147+0000] {spark_submit.py:634} INFO - 24/11/02 02:05:19 INFO Executor: Starting executor with user classpath (userClassPathFirst = false): ''
[2024-11-02T02:05:19.148+0000] {spark_submit.py:634} INFO - 24/11/02 02:05:19 INFO Executor: Created or updated repl class loader org.apache.spark.util.MutableURLClassLoader@38b9d89e for default.
[2024-11-02T02:05:19.160+0000] {spark_submit.py:634} INFO - 24/11/02 02:05:19 INFO Executor: Fetching file:///home/***/.ivy2/jars/org.checkerframework_checker-qual-3.5.0.jar with timestamp 1730513118488
[2024-11-02T02:05:19.175+0000] {spark_submit.py:634} INFO - 24/11/02 02:05:19 INFO Utils: /home/***/.ivy2/jars/org.checkerframework_checker-qual-3.5.0.jar has been previously copied to /tmp/spark-06a73cdc-a363-43bf-ac30-f5160f14e73c/userFiles-1cffa644-0493-4441-b813-05c77ce458a8/org.checkerframework_checker-qual-3.5.0.jar
[2024-11-02T02:05:19.179+0000] {spark_submit.py:634} INFO - 24/11/02 02:05:19 INFO Executor: Fetching file:///home/***/.ivy2/jars/org.postgresql_postgresql-42.5.0.jar with timestamp 1730513118488
[2024-11-02T02:05:19.182+0000] {spark_submit.py:634} INFO - 24/11/02 02:05:19 INFO Utils: /home/***/.ivy2/jars/org.postgresql_postgresql-42.5.0.jar has been previously copied to /tmp/spark-06a73cdc-a363-43bf-ac30-f5160f14e73c/userFiles-1cffa644-0493-4441-b813-05c77ce458a8/org.postgresql_postgresql-42.5.0.jar
[2024-11-02T02:05:19.197+0000] {spark_submit.py:634} INFO - 24/11/02 02:05:19 INFO Utils: Successfully started service 'org.apache.spark.network.netty.NettyBlockTransferService' on port 44989.
[2024-11-02T02:05:19.197+0000] {spark_submit.py:634} INFO - 24/11/02 02:05:19 INFO NettyBlockTransferService: Server created on c9f99735a600:44989
[2024-11-02T02:05:19.198+0000] {spark_submit.py:634} INFO - 24/11/02 02:05:19 INFO BlockManager: Using org.apache.spark.storage.RandomBlockReplicationPolicy for block replication policy
[2024-11-02T02:05:19.201+0000] {spark_submit.py:634} INFO - 24/11/02 02:05:19 INFO BlockManagerMaster: Registering BlockManager BlockManagerId(driver, c9f99735a600, 44989, None)
[2024-11-02T02:05:19.204+0000] {spark_submit.py:634} INFO - 24/11/02 02:05:19 INFO BlockManagerMasterEndpoint: Registering block manager c9f99735a600:44989 with 434.4 MiB RAM, BlockManagerId(driver, c9f99735a600, 44989, None)
[2024-11-02T02:05:19.205+0000] {spark_submit.py:634} INFO - 24/11/02 02:05:19 INFO BlockManagerMaster: Registered BlockManager BlockManagerId(driver, c9f99735a600, 44989, None)
[2024-11-02T02:05:19.207+0000] {spark_submit.py:634} INFO - 24/11/02 02:05:19 INFO BlockManager: Initialized BlockManager: BlockManagerId(driver, c9f99735a600, 44989, None)
[2024-11-02T02:05:20.104+0000] {spark_submit.py:634} INFO - [2024-11-02T02:05:20.103+0000] {base.py:84} INFO - Retrieving connection 's3_connect'
[2024-11-02T02:05:20.105+0000] {spark_submit.py:634} INFO - [2024-11-02T02:05:20.104+0000] {connection_wrapper.py:388} INFO - AWS Connection (conn_id='s3_connect', conn_type='aws') credentials retrieved from login and password.
[2024-11-02T02:05:24.257+0000] {spark_submit.py:634} INFO - 24/11/02 02:05:24 INFO SharedState: Setting hive.metastore.warehouse.dir ('null') to the value of spark.sql.warehouse.dir.
[2024-11-02T02:05:24.259+0000] {spark_submit.py:634} INFO - 24/11/02 02:05:24 INFO SharedState: Warehouse path is 'file:/opt/***/spark-warehouse'.
[2024-11-02T02:05:24.867+0000] {spark_submit.py:634} INFO - 24/11/02 02:05:24 INFO InMemoryFileIndex: It took 62 ms to list leaf files for 1 paths.
[2024-11-02T02:05:25.197+0000] {spark_submit.py:634} INFO - 24/11/02 02:05:25 INFO SparkContext: Starting job: parquet at NativeMethodAccessorImpl.java:0
[2024-11-02T02:05:25.209+0000] {spark_submit.py:634} INFO - 24/11/02 02:05:25 INFO DAGScheduler: Got job 0 (parquet at NativeMethodAccessorImpl.java:0) with 1 output partitions
[2024-11-02T02:05:25.210+0000] {spark_submit.py:634} INFO - 24/11/02 02:05:25 INFO DAGScheduler: Final stage: ResultStage 0 (parquet at NativeMethodAccessorImpl.java:0)
[2024-11-02T02:05:25.210+0000] {spark_submit.py:634} INFO - 24/11/02 02:05:25 INFO DAGScheduler: Parents of final stage: List()
[2024-11-02T02:05:25.211+0000] {spark_submit.py:634} INFO - 24/11/02 02:05:25 INFO DAGScheduler: Missing parents: List()
[2024-11-02T02:05:25.214+0000] {spark_submit.py:634} INFO - 24/11/02 02:05:25 INFO DAGScheduler: Submitting ResultStage 0 (MapPartitionsRDD[1] at parquet at NativeMethodAccessorImpl.java:0), which has no missing parents
[2024-11-02T02:05:25.263+0000] {spark_submit.py:634} INFO - 24/11/02 02:05:25 INFO MemoryStore: Block broadcast_0 stored as values in memory (estimated size 104.2 KiB, free 434.3 MiB)
[2024-11-02T02:05:25.285+0000] {spark_submit.py:634} INFO - 24/11/02 02:05:25 INFO MemoryStore: Block broadcast_0_piece0 stored as bytes in memory (estimated size 37.6 KiB, free 434.3 MiB)
[2024-11-02T02:05:25.288+0000] {spark_submit.py:634} INFO - 24/11/02 02:05:25 INFO BlockManagerInfo: Added broadcast_0_piece0 in memory on c9f99735a600:44989 (size: 37.6 KiB, free: 434.4 MiB)
[2024-11-02T02:05:25.292+0000] {spark_submit.py:634} INFO - 24/11/02 02:05:25 INFO SparkContext: Created broadcast 0 from broadcast at DAGScheduler.scala:1585
[2024-11-02T02:05:25.312+0000] {spark_submit.py:634} INFO - 24/11/02 02:05:25 INFO DAGScheduler: Submitting 1 missing tasks from ResultStage 0 (MapPartitionsRDD[1] at parquet at NativeMethodAccessorImpl.java:0) (first 15 tasks are for partitions Vector(0))
[2024-11-02T02:05:25.314+0000] {spark_submit.py:634} INFO - 24/11/02 02:05:25 INFO TaskSchedulerImpl: Adding task set 0.0 with 1 tasks resource profile 0
[2024-11-02T02:05:25.357+0000] {spark_submit.py:634} INFO - 24/11/02 02:05:25 INFO TaskSetManager: Starting task 0.0 in stage 0.0 (TID 0) (c9f99735a600, executor driver, partition 0, PROCESS_LOCAL, 9514 bytes)
[2024-11-02T02:05:25.368+0000] {spark_submit.py:634} INFO - 24/11/02 02:05:25 INFO Executor: Running task 0.0 in stage 0.0 (TID 0)
[2024-11-02T02:05:25.659+0000] {spark_submit.py:634} INFO - 24/11/02 02:05:25 INFO Executor: Finished task 0.0 in stage 0.0 (TID 0). 1709 bytes result sent to driver
[2024-11-02T02:05:25.670+0000] {spark_submit.py:634} INFO - 24/11/02 02:05:25 INFO TaskSetManager: Finished task 0.0 in stage 0.0 (TID 0) in 330 ms on c9f99735a600 (executor driver) (1/1)
[2024-11-02T02:05:25.671+0000] {spark_submit.py:634} INFO - 24/11/02 02:05:25 INFO TaskSchedulerImpl: Removed TaskSet 0.0, whose tasks have all completed, from pool
[2024-11-02T02:05:25.676+0000] {spark_submit.py:634} INFO - 24/11/02 02:05:25 INFO DAGScheduler: ResultStage 0 (parquet at NativeMethodAccessorImpl.java:0) finished in 0.451 s
[2024-11-02T02:05:25.678+0000] {spark_submit.py:634} INFO - 24/11/02 02:05:25 INFO DAGScheduler: Job 0 is finished. Cancelling potential speculative or zombie tasks for this job
[2024-11-02T02:05:25.679+0000] {spark_submit.py:634} INFO - 24/11/02 02:05:25 INFO TaskSchedulerImpl: Killing all running tasks in stage 0: Stage finished
[2024-11-02T02:05:25.680+0000] {spark_submit.py:634} INFO - 24/11/02 02:05:25 INFO DAGScheduler: Job 0 finished: parquet at NativeMethodAccessorImpl.java:0, took 0.482827 s
[2024-11-02T02:05:26.174+0000] {spark_submit.py:634} INFO - 24/11/02 02:05:26 INFO BlockManagerInfo: Removed broadcast_0_piece0 on c9f99735a600:44989 in memory (size: 37.6 KiB, free: 434.4 MiB)
[2024-11-02T02:05:26.589+0000] {spark_submit.py:634} INFO - 24/11/02 02:05:26 INFO FileSourceStrategy: Pushed Filters:
[2024-11-02T02:05:26.591+0000] {spark_submit.py:634} INFO - 24/11/02 02:05:26 INFO FileSourceStrategy: Post-Scan Filters:
[2024-11-02T02:05:27.000+0000] {spark_submit.py:634} INFO - 24/11/02 02:05:27 INFO CodeGenerator: Code generated in 182.67972 ms
[2024-11-02T02:05:27.019+0000] {spark_submit.py:634} INFO - 24/11/02 02:05:27 INFO MemoryStore: Block broadcast_1 stored as values in memory (estimated size 202.2 KiB, free 434.2 MiB)
[2024-11-02T02:05:27.032+0000] {spark_submit.py:634} INFO - 24/11/02 02:05:27 INFO MemoryStore: Block broadcast_1_piece0 stored as bytes in memory (estimated size 35.3 KiB, free 434.2 MiB)
[2024-11-02T02:05:27.033+0000] {spark_submit.py:634} INFO - 24/11/02 02:05:27 INFO BlockManagerInfo: Added broadcast_1_piece0 in memory on c9f99735a600:44989 (size: 35.3 KiB, free: 434.4 MiB)
[2024-11-02T02:05:27.034+0000] {spark_submit.py:634} INFO - 24/11/02 02:05:27 INFO SparkContext: Created broadcast 1 from showString at NativeMethodAccessorImpl.java:0
[2024-11-02T02:05:27.048+0000] {spark_submit.py:634} INFO - 24/11/02 02:05:27 INFO FileSourceScanExec: Planning scan with bin packing, max size: 4194871 bytes, open cost is considered as scanning 4194304 bytes.
[2024-11-02T02:05:27.081+0000] {spark_submit.py:634} INFO - 24/11/02 02:05:27 INFO SparkContext: Starting job: showString at NativeMethodAccessorImpl.java:0
[2024-11-02T02:05:27.083+0000] {spark_submit.py:634} INFO - 24/11/02 02:05:27 INFO DAGScheduler: Got job 1 (showString at NativeMethodAccessorImpl.java:0) with 1 output partitions
[2024-11-02T02:05:27.083+0000] {spark_submit.py:634} INFO - 24/11/02 02:05:27 INFO DAGScheduler: Final stage: ResultStage 1 (showString at NativeMethodAccessorImpl.java:0)
[2024-11-02T02:05:27.093+0000] {spark_submit.py:634} INFO - 24/11/02 02:05:27 INFO DAGScheduler: Parents of final stage: List()
[2024-11-02T02:05:27.098+0000] {spark_submit.py:634} INFO - 24/11/02 02:05:27 INFO DAGScheduler: Missing parents: List()
[2024-11-02T02:05:27.100+0000] {spark_submit.py:634} INFO - 24/11/02 02:05:27 INFO DAGScheduler: Submitting ResultStage 1 (MapPartitionsRDD[5] at showString at NativeMethodAccessorImpl.java:0), which has no missing parents
[2024-11-02T02:05:27.107+0000] {spark_submit.py:634} INFO - 24/11/02 02:05:27 INFO MemoryStore: Block broadcast_2 stored as values in memory (estimated size 14.1 KiB, free 434.2 MiB)
[2024-11-02T02:05:27.113+0000] {spark_submit.py:634} INFO - 24/11/02 02:05:27 INFO MemoryStore: Block broadcast_2_piece0 stored as bytes in memory (estimated size 6.2 KiB, free 434.1 MiB)
[2024-11-02T02:05:27.128+0000] {spark_submit.py:634} INFO - 24/11/02 02:05:27 INFO BlockManagerInfo: Added broadcast_2_piece0 in memory on c9f99735a600:44989 (size: 6.2 KiB, free: 434.4 MiB)
[2024-11-02T02:05:27.128+0000] {spark_submit.py:634} INFO - 24/11/02 02:05:27 INFO SparkContext: Created broadcast 2 from broadcast at DAGScheduler.scala:1585
[2024-11-02T02:05:27.129+0000] {spark_submit.py:634} INFO - 24/11/02 02:05:27 INFO DAGScheduler: Submitting 1 missing tasks from ResultStage 1 (MapPartitionsRDD[5] at showString at NativeMethodAccessorImpl.java:0) (first 15 tasks are for partitions Vector(0))
[2024-11-02T02:05:27.129+0000] {spark_submit.py:634} INFO - 24/11/02 02:05:27 INFO TaskSchedulerImpl: Adding task set 1.0 with 1 tasks resource profile 0
[2024-11-02T02:05:27.130+0000] {spark_submit.py:634} INFO - 24/11/02 02:05:27 INFO TaskSetManager: Starting task 0.0 in stage 1.0 (TID 1) (c9f99735a600, executor driver, partition 0, PROCESS_LOCAL, 10021 bytes)
[2024-11-02T02:05:27.130+0000] {spark_submit.py:634} INFO - 24/11/02 02:05:27 INFO Executor: Running task 0.0 in stage 1.0 (TID 1)
[2024-11-02T02:05:27.171+0000] {spark_submit.py:634} INFO - 24/11/02 02:05:27 INFO CodeGenerator: Code generated in 12.0169 ms
[2024-11-02T02:05:27.174+0000] {spark_submit.py:634} INFO - 24/11/02 02:05:27 INFO FileScanRDD: Reading File path: file:///opt/***/datalake/silverzone/kabum_2024-10-08/dim_categoria.parquet/part-00000-5378bb97-273e-4ec0-b645-06658a864ee0-c000.snappy.parquet, range: 0-567, partition values: [empty row]
[2024-11-02T02:05:27.311+0000] {spark_submit.py:634} INFO - 24/11/02 02:05:27 INFO CodecPool: Got brand-new decompressor [.snappy]
[2024-11-02T02:05:27.482+0000] {spark_submit.py:634} INFO - 24/11/02 02:05:27 INFO Executor: Finished task 0.0 in stage 1.0 (TID 1). 1897 bytes result sent to driver
[2024-11-02T02:05:27.486+0000] {spark_submit.py:634} INFO - 24/11/02 02:05:27 INFO TaskSetManager: Finished task 0.0 in stage 1.0 (TID 1) in 368 ms on c9f99735a600 (executor driver) (1/1)
[2024-11-02T02:05:27.497+0000] {spark_submit.py:634} INFO - 24/11/02 02:05:27 INFO DAGScheduler: ResultStage 1 (showString at NativeMethodAccessorImpl.java:0) finished in 0.401 s
[2024-11-02T02:05:27.500+0000] {spark_submit.py:634} INFO - 24/11/02 02:05:27 INFO DAGScheduler: Job 1 is finished. Cancelling potential speculative or zombie tasks for this job
[2024-11-02T02:05:27.501+0000] {spark_submit.py:634} INFO - 24/11/02 02:05:27 INFO TaskSchedulerImpl: Removed TaskSet 1.0, whose tasks have all completed, from pool
[2024-11-02T02:05:27.501+0000] {spark_submit.py:634} INFO - 24/11/02 02:05:27 INFO TaskSchedulerImpl: Killing all running tasks in stage 1: Stage finished
[2024-11-02T02:05:27.502+0000] {spark_submit.py:634} INFO - 24/11/02 02:05:27 INFO DAGScheduler: Job 1 finished: showString at NativeMethodAccessorImpl.java:0, took 0.414595 s
[2024-11-02T02:05:28.172+0000] {spark_submit.py:634} INFO - 24/11/02 02:05:28 INFO BlockManagerInfo: Removed broadcast_2_piece0 on c9f99735a600:44989 in memory (size: 6.2 KiB, free: 434.4 MiB)
[2024-11-02T02:05:28.348+0000] {spark_submit.py:634} INFO - 24/11/02 02:05:28 INFO CodeGenerator: Code generated in 9.113655 ms
[2024-11-02T02:05:28.356+0000] {spark_submit.py:634} INFO - +------------------+
[2024-11-02T02:05:28.356+0000] {spark_submit.py:634} INFO - |          category|
[2024-11-02T02:05:28.357+0000] {spark_submit.py:634} INFO - +------------------+
[2024-11-02T02:05:28.357+0000] {spark_submit.py:634} INFO - |       memoria-ram|
[2024-11-02T02:05:28.358+0000] {spark_submit.py:634} INFO - |     processadores|
[2024-11-02T02:05:28.358+0000] {spark_submit.py:634} INFO - |placa-de-video-vga|
[2024-11-02T02:05:28.359+0000] {spark_submit.py:634} INFO - |        placas-mae|
[2024-11-02T02:05:28.359+0000] {spark_submit.py:634} INFO - +------------------+
[2024-11-02T02:05:28.359+0000] {spark_submit.py:634} INFO - 
[2024-11-02T02:05:28.505+0000] {spark_submit.py:634} INFO - Traceback (most recent call last):
[2024-11-02T02:05:28.506+0000] {spark_submit.py:634} INFO - File "/opt/bitnami/spark/src/scripts_spark/LoadFileToDB.py", line 97, in <module>
[2024-11-02T02:05:28.507+0000] {spark_submit.py:634} INFO - insert_date_dim()
[2024-11-02T02:05:28.508+0000] {spark_submit.py:634} INFO - File "/opt/bitnami/spark/src/scripts_spark/LoadFileToDB.py", line 70, in insert_date_dim
[2024-11-02T02:05:28.509+0000] {spark_submit.py:634} INFO - df_category = df_category.select("id_category", "name_category")
[2024-11-02T02:05:28.509+0000] {spark_submit.py:634} INFO - ^^^^^^^^^^^^^^^^^^^^^^^^^^^^^^^^^^^^^^^^^^^^^^^^^^
[2024-11-02T02:05:28.510+0000] {spark_submit.py:634} INFO - File "/home/***/.local/lib/python3.12/site-packages/pyspark/python/lib/pyspark.zip/pyspark/sql/dataframe.py", line 3229, in select
[2024-11-02T02:05:28.510+0000] {spark_submit.py:634} INFO - File "/home/***/.local/lib/python3.12/site-packages/pyspark/python/lib/py4j-0.10.9.7-src.zip/py4j/java_gateway.py", line 1322, in __call__
[2024-11-02T02:05:28.511+0000] {spark_submit.py:634} INFO - File "/home/***/.local/lib/python3.12/site-packages/pyspark/python/lib/pyspark.zip/pyspark/errors/exceptions/captured.py", line 185, in deco
[2024-11-02T02:05:28.517+0000] {spark_submit.py:634} INFO - pyspark.errors.exceptions.captured.AnalysisException: [UNRESOLVED_COLUMN.WITH_SUGGESTION] A column or function parameter with name `id_category` cannot be resolved. Did you mean one of the following? [`category`].;
[2024-11-02T02:05:28.517+0000] {spark_submit.py:634} INFO - 'Project ['id_category, 'name_category]
[2024-11-02T02:05:28.518+0000] {spark_submit.py:634} INFO - +- Relation [category#0] parquet
[2024-11-02T02:05:28.519+0000] {spark_submit.py:634} INFO - 
[2024-11-02T02:05:28.520+0000] {spark_submit.py:634} INFO - [2024-11-02T02:05:28.518+0000] {clientserver.py:543} INFO - Closing down clientserver connection
[2024-11-02T02:05:28.921+0000] {spark_submit.py:634} INFO - 24/11/02 02:05:28 INFO SparkContext: Invoking stop() from shutdown hook
[2024-11-02T02:05:28.922+0000] {spark_submit.py:634} INFO - 24/11/02 02:05:28 INFO SparkContext: SparkContext is stopping with exitCode 0.
[2024-11-02T02:05:28.931+0000] {spark_submit.py:634} INFO - 24/11/02 02:05:28 INFO SparkUI: Stopped Spark web UI at http://c9f99735a600:4040
[2024-11-02T02:05:28.941+0000] {spark_submit.py:634} INFO - 24/11/02 02:05:28 INFO MapOutputTrackerMasterEndpoint: MapOutputTrackerMasterEndpoint stopped!
[2024-11-02T02:05:28.949+0000] {spark_submit.py:634} INFO - 24/11/02 02:05:28 INFO MemoryStore: MemoryStore cleared
[2024-11-02T02:05:28.950+0000] {spark_submit.py:634} INFO - 24/11/02 02:05:28 INFO BlockManager: BlockManager stopped
[2024-11-02T02:05:28.952+0000] {spark_submit.py:634} INFO - 24/11/02 02:05:28 INFO BlockManagerMaster: BlockManagerMaster stopped
[2024-11-02T02:05:28.954+0000] {spark_submit.py:634} INFO - 24/11/02 02:05:28 INFO OutputCommitCoordinator$OutputCommitCoordinatorEndpoint: OutputCommitCoordinator stopped!
[2024-11-02T02:05:28.960+0000] {spark_submit.py:634} INFO - 24/11/02 02:05:28 INFO SparkContext: Successfully stopped SparkContext
[2024-11-02T02:05:28.961+0000] {spark_submit.py:634} INFO - 24/11/02 02:05:28 INFO ShutdownHookManager: Shutdown hook called
[2024-11-02T02:05:28.961+0000] {spark_submit.py:634} INFO - 24/11/02 02:05:28 INFO ShutdownHookManager: Deleting directory /tmp/spark-06a73cdc-a363-43bf-ac30-f5160f14e73c
[2024-11-02T02:05:28.965+0000] {spark_submit.py:634} INFO - 24/11/02 02:05:28 INFO ShutdownHookManager: Deleting directory /tmp/spark-06a73cdc-a363-43bf-ac30-f5160f14e73c/pyspark-75dd2dd8-c120-4454-9e3d-e2a5d556eb62
[2024-11-02T02:05:28.968+0000] {spark_submit.py:634} INFO - 24/11/02 02:05:28 INFO ShutdownHookManager: Deleting directory /tmp/spark-f7f9c514-8486-41fa-988a-06e00c45c7ec
[2024-11-02T02:05:29.006+0000] {taskinstance.py:3310} ERROR - Task failed with exception
Traceback (most recent call last):
  File "/home/airflow/.local/lib/python3.12/site-packages/airflow/models/taskinstance.py", line 767, in _execute_task
    result = _execute_callable(context=context, **execute_callable_kwargs)
             ^^^^^^^^^^^^^^^^^^^^^^^^^^^^^^^^^^^^^^^^^^^^^^^^^^^^^^^^^^^^^
  File "/home/airflow/.local/lib/python3.12/site-packages/airflow/models/taskinstance.py", line 733, in _execute_callable
    return ExecutionCallableRunner(
           ^^^^^^^^^^^^^^^^^^^^^^^^
  File "/home/airflow/.local/lib/python3.12/site-packages/airflow/utils/operator_helpers.py", line 252, in run
    return self.func(*args, **kwargs)
           ^^^^^^^^^^^^^^^^^^^^^^^^^^
  File "/home/airflow/.local/lib/python3.12/site-packages/airflow/models/baseoperator.py", line 406, in wrapper
    return func(self, *args, **kwargs)
           ^^^^^^^^^^^^^^^^^^^^^^^^^^^
  File "/home/airflow/.local/lib/python3.12/site-packages/airflow/providers/apache/spark/operators/spark_submit.py", line 176, in execute
    self._hook.submit(self.application)
  File "/home/airflow/.local/lib/python3.12/site-packages/airflow/providers/apache/spark/hooks/spark_submit.py", line 560, in submit
    raise AirflowException(
airflow.exceptions.AirflowException: Cannot execute: spark-submit --master spark://spark:7077 --driver-class-path /opt/***/jars/postgresql-42.5.0.jar --jars /opt/***/jars/postgresql-42.5.0.jar --packages org.postgresql:postgresql:42.5.0 --name arrow-spark --deploy-mode client /opt/bitnami/spark/src/scripts_spark/LoadFileToDB.py. Error code is: 1.
[2024-11-02T02:05:29.010+0000] {taskinstance.py:1225} INFO - Marking task as FAILED. dag_id=LoadWebScraping, task_id=insert, run_id=manual__2024-11-02T02:05:10.330736+00:00, execution_date=20241102T020510, start_date=20241102T020513, end_date=20241102T020529
[2024-11-02T02:05:29.026+0000] {taskinstance.py:340} INFO - ::group::Post task execution logs
[2024-11-02T02:05:29.027+0000] {standard_task_runner.py:124} ERROR - Failed to execute job 132 for task insert (Cannot execute: spark-submit --master spark://spark:7077 --driver-class-path /opt/***/jars/postgresql-42.5.0.jar --jars /opt/***/jars/postgresql-42.5.0.jar --packages org.postgresql:postgresql:42.5.0 --name arrow-spark --deploy-mode client /opt/bitnami/spark/src/scripts_spark/LoadFileToDB.py. Error code is: 1.; 3500)
Traceback (most recent call last):
  File "/home/airflow/.local/lib/python3.12/site-packages/airflow/task/task_runner/standard_task_runner.py", line 117, in _start_by_fork
    ret = args.func(args, dag=self.dag)
          ^^^^^^^^^^^^^^^^^^^^^^^^^^^^^
  File "/home/airflow/.local/lib/python3.12/site-packages/airflow/cli/cli_config.py", line 49, in command
    return func(*args, **kwargs)
           ^^^^^^^^^^^^^^^^^^^^^
  File "/home/airflow/.local/lib/python3.12/site-packages/airflow/utils/cli.py", line 115, in wrapper
    return f(*args, **kwargs)
           ^^^^^^^^^^^^^^^^^^
  File "/home/airflow/.local/lib/python3.12/site-packages/airflow/cli/commands/task_command.py", line 483, in task_run
    task_return_code = _run_task_by_selected_method(args, _dag, ti)
                       ^^^^^^^^^^^^^^^^^^^^^^^^^^^^^^^^^^^^^^^^^^^^
  File "/home/airflow/.local/lib/python3.12/site-packages/airflow/cli/commands/task_command.py", line 256, in _run_task_by_selected_method
    return _run_raw_task(args, ti)
           ^^^^^^^^^^^^^^^^^^^^^^^
  File "/home/airflow/.local/lib/python3.12/site-packages/airflow/cli/commands/task_command.py", line 341, in _run_raw_task
    return ti._run_raw_task(
           ^^^^^^^^^^^^^^^^^
  File "/home/airflow/.local/lib/python3.12/site-packages/airflow/utils/session.py", line 97, in wrapper
    return func(*args, session=session, **kwargs)
           ^^^^^^^^^^^^^^^^^^^^^^^^^^^^^^^^^^^^^^
  File "/home/airflow/.local/lib/python3.12/site-packages/airflow/models/taskinstance.py", line 3004, in _run_raw_task
    return _run_raw_task(
           ^^^^^^^^^^^^^^
  File "/home/airflow/.local/lib/python3.12/site-packages/airflow/models/taskinstance.py", line 273, in _run_raw_task
    TaskInstance._execute_task_with_callbacks(
  File "/home/airflow/.local/lib/python3.12/site-packages/airflow/models/taskinstance.py", line 3158, in _execute_task_with_callbacks
    result = self._execute_task(context, task_orig)
             ^^^^^^^^^^^^^^^^^^^^^^^^^^^^^^^^^^^^^^
  File "/home/airflow/.local/lib/python3.12/site-packages/airflow/models/taskinstance.py", line 3182, in _execute_task
    return _execute_task(self, context, task_orig)
           ^^^^^^^^^^^^^^^^^^^^^^^^^^^^^^^^^^^^^^^
  File "/home/airflow/.local/lib/python3.12/site-packages/airflow/models/taskinstance.py", line 767, in _execute_task
    result = _execute_callable(context=context, **execute_callable_kwargs)
             ^^^^^^^^^^^^^^^^^^^^^^^^^^^^^^^^^^^^^^^^^^^^^^^^^^^^^^^^^^^^^
  File "/home/airflow/.local/lib/python3.12/site-packages/airflow/models/taskinstance.py", line 733, in _execute_callable
    return ExecutionCallableRunner(
           ^^^^^^^^^^^^^^^^^^^^^^^^
  File "/home/airflow/.local/lib/python3.12/site-packages/airflow/utils/operator_helpers.py", line 252, in run
    return self.func(*args, **kwargs)
           ^^^^^^^^^^^^^^^^^^^^^^^^^^
  File "/home/airflow/.local/lib/python3.12/site-packages/airflow/models/baseoperator.py", line 406, in wrapper
    return func(self, *args, **kwargs)
           ^^^^^^^^^^^^^^^^^^^^^^^^^^^
  File "/home/airflow/.local/lib/python3.12/site-packages/airflow/providers/apache/spark/operators/spark_submit.py", line 176, in execute
    self._hook.submit(self.application)
  File "/home/airflow/.local/lib/python3.12/site-packages/airflow/providers/apache/spark/hooks/spark_submit.py", line 560, in submit
    raise AirflowException(
airflow.exceptions.AirflowException: Cannot execute: spark-submit --master spark://spark:7077 --driver-class-path /opt/***/jars/postgresql-42.5.0.jar --jars /opt/***/jars/postgresql-42.5.0.jar --packages org.postgresql:postgresql:42.5.0 --name arrow-spark --deploy-mode client /opt/bitnami/spark/src/scripts_spark/LoadFileToDB.py. Error code is: 1.
[2024-11-02T02:05:29.053+0000] {local_task_job_runner.py:266} INFO - Task exited with return code 1
[2024-11-02T02:05:29.067+0000] {taskinstance.py:3900} INFO - 0 downstream tasks scheduled from follow-on schedule check
[2024-11-02T02:05:29.070+0000] {local_task_job_runner.py:245} INFO - ::endgroup::
