[2024-10-30T12:06:39.537+0000] {local_task_job_runner.py:123} INFO - ::group::Pre task execution logs
[2024-10-30T12:06:39.552+0000] {taskinstance.py:2612} INFO - Dependencies all met for dep_context=non-requeueable deps ti=<TaskInstance: pipeline_webscraping.pichau_tasks.Spark_Transformation_pichau manual__2024-10-30T12:04:02.720758+00:00 [queued]>
[2024-10-30T12:06:39.560+0000] {taskinstance.py:2612} INFO - Dependencies all met for dep_context=requeueable deps ti=<TaskInstance: pipeline_webscraping.pichau_tasks.Spark_Transformation_pichau manual__2024-10-30T12:04:02.720758+00:00 [queued]>
[2024-10-30T12:06:39.561+0000] {taskinstance.py:2865} INFO - Starting attempt 1 of 1
[2024-10-30T12:06:39.575+0000] {taskinstance.py:2888} INFO - Executing <Task(SparkSubmitOperator): pichau_tasks.Spark_Transformation_pichau> on 2024-10-30 12:04:02.720758+00:00
[2024-10-30T12:06:39.580+0000] {warnings.py:112} WARNING - /home/***/.local/lib/python3.12/site-packages/***/task/task_runner/standard_task_runner.py:70: DeprecationWarning: This process (pid=676) is multi-threaded, use of fork() may lead to deadlocks in the child.
  pid = os.fork()

[2024-10-30T12:06:39.581+0000] {standard_task_runner.py:72} INFO - Started process 678 to run task
[2024-10-30T12:06:39.582+0000] {standard_task_runner.py:104} INFO - Running: ['***', 'tasks', 'run', 'pipeline_webscraping', 'pichau_tasks.Spark_Transformation_pichau', 'manual__2024-10-30T12:04:02.720758+00:00', '--job-id', '86', '--raw', '--subdir', 'DAGS_FOLDER/DagWebScraping.py', '--cfg-path', '/tmp/tmp2fn2axvg']
[2024-10-30T12:06:39.584+0000] {standard_task_runner.py:105} INFO - Job 86: Subtask pichau_tasks.Spark_Transformation_pichau
[2024-10-30T12:06:39.625+0000] {task_command.py:467} INFO - Running <TaskInstance: pipeline_webscraping.pichau_tasks.Spark_Transformation_pichau manual__2024-10-30T12:04:02.720758+00:00 [running]> on host 37d92212b26d
[2024-10-30T12:06:39.696+0000] {taskinstance.py:3131} INFO - Exporting env vars: AIRFLOW_CTX_DAG_OWNER='***' AIRFLOW_CTX_DAG_ID='pipeline_webscraping' AIRFLOW_CTX_TASK_ID='pichau_tasks.Spark_Transformation_pichau' AIRFLOW_CTX_EXECUTION_DATE='2024-10-30T12:04:02.720758+00:00' AIRFLOW_CTX_TRY_NUMBER='1' AIRFLOW_CTX_DAG_RUN_ID='manual__2024-10-30T12:04:02.720758+00:00'
[2024-10-30T12:06:39.697+0000] {taskinstance.py:731} INFO - ::endgroup::
[2024-10-30T12:06:39.715+0000] {base.py:84} INFO - Retrieving connection 'spark_default'
[2024-10-30T12:06:39.715+0000] {spark_submit.py:327} ERROR - Failed to decode base64 keytab: Incorrect padding
[2024-10-30T12:06:39.717+0000] {spark_submit.py:304} INFO - Could not load connection string spark_default, defaulting to spark://spark:7077
[2024-10-30T12:06:39.719+0000] {spark_submit.py:473} INFO - Spark-Submit cmd: spark-submit --master spark://spark:7077 --conf fs.s3a.access.key=AVcyU1dIcrfI88EqIa7p --conf fs.s3a.secret.key=****** --jars /opt/***/spark/jars/hadoop-aws-3.3.2.jar,/opt/***/spark/jars/aws-java-sdk-bundle-1.12.262.jar --name arrow-spark --deploy-mode client /opt/bitnami/spark/src/scripts_spark/WebScraping_Transformation.py --json_file_path s3a://rawzone/pichau/pichau_2024-10-27/data.json
[2024-10-30T12:06:40.954+0000] {spark_submit.py:634} INFO - Warning: Ignoring non-Spark config property: fs.s3a.access.key
[2024-10-30T12:06:40.955+0000] {spark_submit.py:634} INFO - Warning: Ignoring non-Spark config property: fs.s3a.secret.key
[2024-10-30T12:06:41.282+0000] {spark_submit.py:634} INFO - 24/10/30 12:06:41 WARN NativeCodeLoader: Unable to load native-hadoop library for your platform... using builtin-java classes where applicable
[2024-10-30T12:06:42.713+0000] {spark_submit.py:634} INFO - 24/10/30 12:06:42 INFO SparkContext: Running Spark version 3.5.2
[2024-10-30T12:06:42.714+0000] {spark_submit.py:634} INFO - 24/10/30 12:06:42 INFO SparkContext: OS info Linux, 5.15.153.1-microsoft-standard-WSL2, amd64
[2024-10-30T12:06:42.714+0000] {spark_submit.py:634} INFO - 24/10/30 12:06:42 INFO SparkContext: Java version 17.0.13
[2024-10-30T12:06:42.737+0000] {spark_submit.py:634} INFO - 24/10/30 12:06:42 INFO ResourceUtils: ==============================================================
[2024-10-30T12:06:42.737+0000] {spark_submit.py:634} INFO - 24/10/30 12:06:42 INFO ResourceUtils: No custom resources configured for spark.driver.
[2024-10-30T12:06:42.738+0000] {spark_submit.py:634} INFO - 24/10/30 12:06:42 INFO ResourceUtils: ==============================================================
[2024-10-30T12:06:42.738+0000] {spark_submit.py:634} INFO - 24/10/30 12:06:42 INFO SparkContext: Submitted application: ReadFromMinIO
[2024-10-30T12:06:42.755+0000] {spark_submit.py:634} INFO - 24/10/30 12:06:42 INFO ResourceProfile: Default ResourceProfile created, executor resources: Map(memory -> name: memory, amount: 1024, script: , vendor: , offHeap -> name: offHeap, amount: 0, script: , vendor: ), task resources: Map(cpus -> name: cpus, amount: 1.0)
[2024-10-30T12:06:42.764+0000] {spark_submit.py:634} INFO - 24/10/30 12:06:42 INFO ResourceProfile: Limiting resource is cpu
[2024-10-30T12:06:42.765+0000] {spark_submit.py:634} INFO - 24/10/30 12:06:42 INFO ResourceProfileManager: Added ResourceProfile id: 0
[2024-10-30T12:06:42.809+0000] {spark_submit.py:634} INFO - 24/10/30 12:06:42 INFO SecurityManager: Changing view acls to: ***
[2024-10-30T12:06:42.810+0000] {spark_submit.py:634} INFO - 24/10/30 12:06:42 INFO SecurityManager: Changing modify acls to: ***
[2024-10-30T12:06:42.814+0000] {spark_submit.py:634} INFO - 24/10/30 12:06:42 INFO SecurityManager: Changing view acls groups to:
[2024-10-30T12:06:42.815+0000] {spark_submit.py:634} INFO - 24/10/30 12:06:42 INFO SecurityManager: Changing modify acls groups to:
[2024-10-30T12:06:42.815+0000] {spark_submit.py:634} INFO - 24/10/30 12:06:42 INFO SecurityManager: SecurityManager: authentication disabled; ui acls disabled; users with view permissions: ***; groups with view permissions: EMPTY; users with modify permissions: ***; groups with modify permissions: EMPTY
[2024-10-30T12:06:43.021+0000] {spark_submit.py:634} INFO - 24/10/30 12:06:43 INFO Utils: Successfully started service 'sparkDriver' on port 35089.
[2024-10-30T12:06:43.043+0000] {spark_submit.py:634} INFO - 24/10/30 12:06:43 INFO SparkEnv: Registering MapOutputTracker
[2024-10-30T12:06:43.075+0000] {spark_submit.py:634} INFO - 24/10/30 12:06:43 INFO SparkEnv: Registering BlockManagerMaster
[2024-10-30T12:06:43.089+0000] {spark_submit.py:634} INFO - 24/10/30 12:06:43 INFO BlockManagerMasterEndpoint: Using org.apache.spark.storage.DefaultTopologyMapper for getting topology information
[2024-10-30T12:06:43.090+0000] {spark_submit.py:634} INFO - 24/10/30 12:06:43 INFO BlockManagerMasterEndpoint: BlockManagerMasterEndpoint up
[2024-10-30T12:06:43.094+0000] {spark_submit.py:634} INFO - 24/10/30 12:06:43 INFO SparkEnv: Registering BlockManagerMasterHeartbeat
[2024-10-30T12:06:43.112+0000] {spark_submit.py:634} INFO - 24/10/30 12:06:43 INFO DiskBlockManager: Created local directory at /tmp/blockmgr-61d1ef7b-0462-4dba-bbf0-85aca352ecf9
[2024-10-30T12:06:43.123+0000] {spark_submit.py:634} INFO - 24/10/30 12:06:43 INFO MemoryStore: MemoryStore started with capacity 434.4 MiB
[2024-10-30T12:06:43.137+0000] {spark_submit.py:634} INFO - 24/10/30 12:06:43 INFO SparkEnv: Registering OutputCommitCoordinator
[2024-10-30T12:06:43.239+0000] {spark_submit.py:634} INFO - 24/10/30 12:06:43 INFO JettyUtils: Start Jetty 0.0.0.0:4040 for SparkUI
[2024-10-30T12:06:43.296+0000] {spark_submit.py:634} INFO - 24/10/30 12:06:43 INFO Utils: Successfully started service 'SparkUI' on port 4040.
[2024-10-30T12:06:43.325+0000] {spark_submit.py:634} INFO - 24/10/30 12:06:43 INFO SparkContext: Added JAR file:///opt/***/spark/jars/hadoop-aws-3.3.2.jar at spark://37d92212b26d:35089/jars/hadoop-aws-3.3.2.jar with timestamp 1730290002704
[2024-10-30T12:06:43.326+0000] {spark_submit.py:634} INFO - 24/10/30 12:06:43 INFO SparkContext: Added JAR file:///opt/***/spark/jars/aws-java-sdk-bundle-1.12.262.jar at spark://37d92212b26d:35089/jars/aws-java-sdk-bundle-1.12.262.jar with timestamp 1730290002704
[2024-10-30T12:06:43.383+0000] {spark_submit.py:634} INFO - 24/10/30 12:06:43 INFO StandaloneAppClient$ClientEndpoint: Connecting to master spark://spark:7077...
[2024-10-30T12:06:43.416+0000] {spark_submit.py:634} INFO - 24/10/30 12:06:43 INFO TransportClientFactory: Successfully created connection to spark/172.18.0.7:7077 after 19 ms (0 ms spent in bootstraps)
[2024-10-30T12:06:43.489+0000] {spark_submit.py:634} INFO - 24/10/30 12:06:43 INFO StandaloneSchedulerBackend: Connected to Spark cluster with app ID app-20241030120643-0002
[2024-10-30T12:06:43.494+0000] {spark_submit.py:634} INFO - 24/10/30 12:06:43 INFO StandaloneAppClient$ClientEndpoint: Executor added: app-20241030120643-0002/0 on worker-20241030114537-172.18.0.4-41853 (172.18.0.4:41853) with 6 core(s)
[2024-10-30T12:06:43.497+0000] {spark_submit.py:634} INFO - 24/10/30 12:06:43 INFO StandaloneSchedulerBackend: Granted executor ID app-20241030120643-0002/0 on hostPort 172.18.0.4:41853 with 6 core(s), 1024.0 MiB RAM
[2024-10-30T12:06:43.498+0000] {spark_submit.py:634} INFO - 24/10/30 12:06:43 INFO Utils: Successfully started service 'org.apache.spark.network.netty.NettyBlockTransferService' on port 38121.
[2024-10-30T12:06:43.499+0000] {spark_submit.py:634} INFO - 24/10/30 12:06:43 INFO NettyBlockTransferService: Server created on 37d92212b26d:38121
[2024-10-30T12:06:43.501+0000] {spark_submit.py:634} INFO - 24/10/30 12:06:43 INFO BlockManager: Using org.apache.spark.storage.RandomBlockReplicationPolicy for block replication policy
[2024-10-30T12:06:43.506+0000] {spark_submit.py:634} INFO - 24/10/30 12:06:43 INFO BlockManagerMaster: Registering BlockManager BlockManagerId(driver, 37d92212b26d, 38121, None)
[2024-10-30T12:06:43.509+0000] {spark_submit.py:634} INFO - 24/10/30 12:06:43 INFO BlockManagerMasterEndpoint: Registering block manager 37d92212b26d:38121 with 434.4 MiB RAM, BlockManagerId(driver, 37d92212b26d, 38121, None)
[2024-10-30T12:06:43.511+0000] {spark_submit.py:634} INFO - 24/10/30 12:06:43 INFO BlockManagerMaster: Registered BlockManager BlockManagerId(driver, 37d92212b26d, 38121, None)
[2024-10-30T12:06:43.513+0000] {spark_submit.py:634} INFO - 24/10/30 12:06:43 INFO BlockManager: Initialized BlockManager: BlockManagerId(driver, 37d92212b26d, 38121, None)
[2024-10-30T12:06:43.582+0000] {spark_submit.py:634} INFO - 24/10/30 12:06:43 INFO StandaloneAppClient$ClientEndpoint: Executor updated: app-20241030120643-0002/0 is now RUNNING
[2024-10-30T12:06:43.727+0000] {spark_submit.py:634} INFO - 24/10/30 12:06:43 INFO StandaloneSchedulerBackend: SchedulerBackend is ready for scheduling beginning after reached minRegisteredResourcesRatio: 0.0
[2024-10-30T12:06:43.909+0000] {spark_submit.py:634} INFO - <pyspark.sql.session.SparkSession object at 0x7f37bfeff950>
[2024-10-30T12:06:43.922+0000] {spark_submit.py:634} INFO - 24/10/30 12:06:43 INFO SharedState: Setting hive.metastore.warehouse.dir ('null') to the value of spark.sql.warehouse.dir.
[2024-10-30T12:06:43.925+0000] {spark_submit.py:634} INFO - 24/10/30 12:06:43 INFO SharedState: Warehouse path is 'file:/opt/***/spark-warehouse'.
[2024-10-30T12:06:44.773+0000] {spark_submit.py:634} INFO - 24/10/30 12:06:44 WARN MetricsConfig: Cannot locate configuration: tried hadoop-metrics2-s3a-file-system.properties,hadoop-metrics2.properties
[2024-10-30T12:06:44.783+0000] {spark_submit.py:634} INFO - 24/10/30 12:06:44 INFO MetricsSystemImpl: Scheduled Metric snapshot period at 10 second(s).
[2024-10-30T12:06:44.784+0000] {spark_submit.py:634} INFO - 24/10/30 12:06:44 INFO MetricsSystemImpl: s3a-file-system metrics system started
[2024-10-30T12:06:46.726+0000] {spark_submit.py:634} INFO - 24/10/30 12:06:46 INFO InMemoryFileIndex: It took 216 ms to list leaf files for 1 paths.
[2024-10-30T12:06:46.825+0000] {spark_submit.py:634} INFO - 24/10/30 12:06:46 INFO InMemoryFileIndex: It took 19 ms to list leaf files for 1 paths.
[2024-10-30T12:06:47.210+0000] {spark_submit.py:634} INFO - 24/10/30 12:06:47 INFO StandaloneSchedulerBackend$StandaloneDriverEndpoint: Registered executor NettyRpcEndpointRef(spark-client://Executor) (172.18.0.4:48860) with ID 0,  ResourceProfileId 0
[2024-10-30T12:06:47.311+0000] {spark_submit.py:634} INFO - 24/10/30 12:06:47 INFO BlockManagerMasterEndpoint: Registering block manager 172.18.0.4:45031 with 434.4 MiB RAM, BlockManagerId(0, 172.18.0.4, 45031, None)
[2024-10-30T12:06:53.811+0000] {spark_submit.py:634} INFO - 24/10/30 12:06:53 INFO FileSourceStrategy: Pushed Filters:
[2024-10-30T12:06:53.812+0000] {spark_submit.py:634} INFO - 24/10/30 12:06:53 INFO FileSourceStrategy: Post-Scan Filters:
[2024-10-30T12:06:56.989+0000] {spark_submit.py:634} INFO - 24/10/30 12:06:56 INFO MemoryStore: Block broadcast_0 stored as values in memory (estimated size 201.7 KiB, free 434.2 MiB)
[2024-10-30T12:07:02.808+0000] {spark_submit.py:634} INFO - 24/10/30 12:07:02 INFO MemoryStore: Block broadcast_0_piece0 stored as bytes in memory (estimated size 35.1 KiB, free 434.2 MiB)
[2024-10-30T12:07:02.810+0000] {spark_submit.py:634} INFO - 24/10/30 12:07:02 INFO BlockManagerInfo: Added broadcast_0_piece0 in memory on 37d92212b26d:38121 (size: 35.1 KiB, free: 434.4 MiB)
[2024-10-30T12:07:03.035+0000] {spark_submit.py:634} INFO - 24/10/30 12:07:03 INFO SparkContext: Created broadcast 0 from json at NativeMethodAccessorImpl.java:0
[2024-10-30T12:07:03.474+0000] {spark_submit.py:634} INFO - 24/10/30 12:07:03 INFO FileSourceScanExec: Planning scan with bin packing, max size: 4194304 bytes, open cost is considered as scanning 4194304 bytes.
[2024-10-30T12:07:05.874+0000] {spark_submit.py:634} INFO - 24/10/30 12:07:05 INFO SparkContext: Starting job: json at NativeMethodAccessorImpl.java:0
[2024-10-30T12:07:06.036+0000] {spark_submit.py:634} INFO - 24/10/30 12:07:06 INFO DAGScheduler: Got job 0 (json at NativeMethodAccessorImpl.java:0) with 1 output partitions
[2024-10-30T12:07:06.048+0000] {spark_submit.py:634} INFO - 24/10/30 12:07:06 INFO DAGScheduler: Final stage: ResultStage 0 (json at NativeMethodAccessorImpl.java:0)
[2024-10-30T12:07:06.049+0000] {spark_submit.py:634} INFO - 24/10/30 12:07:06 INFO DAGScheduler: Parents of final stage: List()
[2024-10-30T12:07:06.050+0000] {spark_submit.py:634} INFO - 24/10/30 12:07:06 INFO DAGScheduler: Missing parents: List()
[2024-10-30T12:07:06.050+0000] {spark_submit.py:634} INFO - 24/10/30 12:07:06 INFO DAGScheduler: Submitting ResultStage 0 (MapPartitionsRDD[3] at json at NativeMethodAccessorImpl.java:0), which has no missing parents
[2024-10-30T12:07:06.983+0000] {spark_submit.py:634} INFO - 24/10/30 12:07:06 INFO MemoryStore: Block broadcast_1 stored as values in memory (estimated size 16.8 KiB, free 434.2 MiB)
[2024-10-30T12:07:07.001+0000] {spark_submit.py:634} INFO - 24/10/30 12:07:07 INFO MemoryStore: Block broadcast_1_piece0 stored as bytes in memory (estimated size 7.9 KiB, free 434.1 MiB)
[2024-10-30T12:07:07.004+0000] {spark_submit.py:634} INFO - 24/10/30 12:07:07 INFO BlockManagerInfo: Added broadcast_1_piece0 in memory on 37d92212b26d:38121 (size: 7.9 KiB, free: 434.4 MiB)
[2024-10-30T12:07:07.009+0000] {spark_submit.py:634} INFO - 24/10/30 12:07:07 INFO SparkContext: Created broadcast 1 from broadcast at DAGScheduler.scala:1585
[2024-10-30T12:07:07.136+0000] {spark_submit.py:634} INFO - 24/10/30 12:07:07 INFO DAGScheduler: Submitting 1 missing tasks from ResultStage 0 (MapPartitionsRDD[3] at json at NativeMethodAccessorImpl.java:0) (first 15 tasks are for partitions Vector(0))
[2024-10-30T12:07:07.139+0000] {spark_submit.py:634} INFO - 24/10/30 12:07:07 INFO TaskSchedulerImpl: Adding task set 0.0 with 1 tasks resource profile 0
[2024-10-30T12:07:07.239+0000] {spark_submit.py:634} INFO - 24/10/30 12:07:07 INFO TaskSetManager: Starting task 0.0 in stage 0.0 (TID 0) (172.18.0.4, executor 0, partition 0, PROCESS_LOCAL, 9900 bytes)
[2024-10-30T12:07:08.045+0000] {spark_submit.py:634} INFO - 24/10/30 12:07:08 INFO StandaloneAppClient$ClientEndpoint: Executor updated: app-20241030120643-0002/0 is now EXITED (Command exited with code 50)
[2024-10-30T12:07:08.047+0000] {spark_submit.py:634} INFO - 24/10/30 12:07:08 INFO StandaloneSchedulerBackend: Executor app-20241030120643-0002/0 removed: Command exited with code 50
[2024-10-30T12:07:08.050+0000] {spark_submit.py:634} INFO - 24/10/30 12:07:08 ERROR TaskSchedulerImpl: Lost executor 0 on 172.18.0.4: Command exited with code 50
[2024-10-30T12:07:08.053+0000] {spark_submit.py:634} INFO - 24/10/30 12:07:08 INFO StandaloneAppClient$ClientEndpoint: Executor added: app-20241030120643-0002/1 on worker-20241030114537-172.18.0.4-41853 (172.18.0.4:41853) with 6 core(s)
[2024-10-30T12:07:08.054+0000] {spark_submit.py:634} INFO - 24/10/30 12:07:08 INFO StandaloneSchedulerBackend: Granted executor ID app-20241030120643-0002/1 on hostPort 172.18.0.4:41853 with 6 core(s), 1024.0 MiB RAM
[2024-10-30T12:07:08.074+0000] {spark_submit.py:634} INFO - 24/10/30 12:07:08 WARN TaskSetManager: Lost task 0.0 in stage 0.0 (TID 0) (172.18.0.4 executor 0): ExecutorLostFailure (executor 0 exited caused by one of the running tasks) Reason: Command exited with code 50
[2024-10-30T12:07:08.081+0000] {spark_submit.py:634} INFO - 24/10/30 12:07:08 INFO DAGScheduler: Executor lost: 0 (epoch 0)
[2024-10-30T12:07:08.157+0000] {spark_submit.py:634} INFO - 24/10/30 12:07:08 INFO BlockManagerMasterEndpoint: Trying to remove executor 0 from BlockManagerMaster.
[2024-10-30T12:07:08.157+0000] {spark_submit.py:634} INFO - 24/10/30 12:07:08 INFO BlockManagerMasterEndpoint: Removing block manager BlockManagerId(0, 172.18.0.4, 45031, None)
[2024-10-30T12:07:08.158+0000] {spark_submit.py:634} INFO - 24/10/30 12:07:08 INFO BlockManagerMaster: Removed 0 successfully in removeExecutor
[2024-10-30T12:07:08.159+0000] {spark_submit.py:634} INFO - 24/10/30 12:07:08 INFO DAGScheduler: Shuffle files lost for executor: 0 (epoch 0)
[2024-10-30T12:07:12.184+0000] {spark_submit.py:634} INFO - 24/10/30 12:07:12 INFO StandaloneAppClient$ClientEndpoint: Executor updated: app-20241030120643-0002/1 is now RUNNING
[2024-10-30T12:07:19.909+0000] {spark_submit.py:634} INFO - 24/10/30 12:07:19 INFO StandaloneSchedulerBackend$StandaloneDriverEndpoint: Registered executor NettyRpcEndpointRef(spark-client://Executor) (172.18.0.4:41248) with ID 1,  ResourceProfileId 0
[2024-10-30T12:07:19.964+0000] {spark_submit.py:634} INFO - 24/10/30 12:07:19 INFO BlockManagerMasterEndpoint: Registering block manager 172.18.0.4:41531 with 434.4 MiB RAM, BlockManagerId(1, 172.18.0.4, 41531, None)
[2024-10-30T12:07:27.133+0000] {spark_submit.py:634} INFO - 24/10/30 12:07:27 INFO TaskSetManager: Starting task 0.1 in stage 0.0 (TID 1) (172.18.0.4, executor 1, partition 0, PROCESS_LOCAL, 9900 bytes)
[2024-10-30T12:07:33.628+0000] {spark_submit.py:634} INFO - 24/10/30 12:07:33 ERROR TaskSchedulerImpl: Lost executor 1 on 172.18.0.4: Remote RPC client disassociated. Likely due to containers exceeding thresholds, or network issues. Check driver logs for WARN messages.
[2024-10-30T12:07:33.629+0000] {spark_submit.py:634} INFO - 24/10/30 12:07:33 WARN TaskSetManager: Lost task 0.1 in stage 0.0 (TID 1) (172.18.0.4 executor 1): ExecutorLostFailure (executor 1 exited caused by one of the running tasks) Reason: Remote RPC client disassociated. Likely due to containers exceeding thresholds, or network issues. Check driver logs for WARN messages.
[2024-10-30T12:07:33.630+0000] {spark_submit.py:634} INFO - 24/10/30 12:07:33 INFO DAGScheduler: Executor lost: 1 (epoch 1)
[2024-10-30T12:07:33.630+0000] {spark_submit.py:634} INFO - 24/10/30 12:07:33 INFO BlockManagerMasterEndpoint: Trying to remove executor 1 from BlockManagerMaster.
[2024-10-30T12:07:33.631+0000] {spark_submit.py:634} INFO - 24/10/30 12:07:33 INFO BlockManagerMasterEndpoint: Removing block manager BlockManagerId(1, 172.18.0.4, 41531, None)
[2024-10-30T12:07:33.631+0000] {spark_submit.py:634} INFO - 24/10/30 12:07:33 INFO BlockManagerMaster: Removed 1 successfully in removeExecutor
[2024-10-30T12:07:33.632+0000] {spark_submit.py:634} INFO - 24/10/30 12:07:33 INFO DAGScheduler: Shuffle files lost for executor: 1 (epoch 1)
[2024-10-30T12:07:44.691+0000] {spark_submit.py:634} INFO - 24/10/30 12:07:44 INFO StandaloneAppClient$ClientEndpoint: Executor updated: app-20241030120643-0002/1 is now EXITED (Command exited with code 50)
[2024-10-30T12:07:44.692+0000] {spark_submit.py:634} INFO - 24/10/30 12:07:44 INFO StandaloneSchedulerBackend: Executor app-20241030120643-0002/1 removed: Command exited with code 50
[2024-10-30T12:07:44.693+0000] {spark_submit.py:634} INFO - 24/10/30 12:07:44 INFO BlockManagerMasterEndpoint: Trying to remove executor 1 from BlockManagerMaster.
[2024-10-30T12:07:44.694+0000] {spark_submit.py:634} INFO - 24/10/30 12:07:44 INFO BlockManagerMaster: Removal of executor 1 requested
[2024-10-30T12:07:44.694+0000] {spark_submit.py:634} INFO - 24/10/30 12:07:44 INFO StandaloneSchedulerBackend$StandaloneDriverEndpoint: Asked to remove non-existent executor 1
[2024-10-30T12:07:44.697+0000] {spark_submit.py:634} INFO - 24/10/30 12:07:44 INFO StandaloneAppClient$ClientEndpoint: Executor added: app-20241030120643-0002/2 on worker-20241030114537-172.18.0.4-41853 (172.18.0.4:41853) with 6 core(s)
[2024-10-30T12:07:44.697+0000] {spark_submit.py:634} INFO - 24/10/30 12:07:44 INFO StandaloneSchedulerBackend: Granted executor ID app-20241030120643-0002/2 on hostPort 172.18.0.4:41853 with 6 core(s), 1024.0 MiB RAM
[2024-10-30T12:07:44.829+0000] {spark_submit.py:634} INFO - 24/10/30 12:07:44 INFO StandaloneAppClient$ClientEndpoint: Executor updated: app-20241030120643-0002/2 is now RUNNING
[2024-10-30T12:07:46.937+0000] {spark_submit.py:634} INFO - 24/10/30 12:07:46 INFO StandaloneSchedulerBackend$StandaloneDriverEndpoint: Registered executor NettyRpcEndpointRef(spark-client://Executor) (172.18.0.4:60650) with ID 2,  ResourceProfileId 0
[2024-10-30T12:07:47.005+0000] {spark_submit.py:634} INFO - 24/10/30 12:07:47 INFO BlockManagerMasterEndpoint: Registering block manager 172.18.0.4:44455 with 434.4 MiB RAM, BlockManagerId(2, 172.18.0.4, 44455, None)
[2024-10-30T12:08:00.766+0000] {spark_submit.py:634} INFO - 24/10/30 12:08:00 INFO TaskSetManager: Starting task 0.2 in stage 0.0 (TID 2) (172.18.0.4, executor 2, partition 0, PROCESS_LOCAL, 9900 bytes)
[2024-10-30T12:08:06.823+0000] {spark_submit.py:634} INFO - 24/10/30 12:08:06 INFO StandaloneAppClient$ClientEndpoint: Executor updated: app-20241030120643-0002/2 is now EXITED (Command exited with code 50)
[2024-10-30T12:08:06.823+0000] {spark_submit.py:634} INFO - 24/10/30 12:08:06 INFO StandaloneSchedulerBackend: Executor app-20241030120643-0002/2 removed: Command exited with code 50
[2024-10-30T12:08:06.824+0000] {spark_submit.py:634} INFO - 24/10/30 12:08:06 ERROR TaskSchedulerImpl: Lost executor 2 on 172.18.0.4: Command exited with code 50
[2024-10-30T12:08:06.825+0000] {spark_submit.py:634} INFO - 24/10/30 12:08:06 WARN TaskSetManager: Lost task 0.2 in stage 0.0 (TID 2) (172.18.0.4 executor 2): ExecutorLostFailure (executor 2 exited caused by one of the running tasks) Reason: Command exited with code 50
[2024-10-30T12:08:06.825+0000] {spark_submit.py:634} INFO - 24/10/30 12:08:06 INFO DAGScheduler: Executor lost: 2 (epoch 2)
[2024-10-30T12:08:06.826+0000] {spark_submit.py:634} INFO - 24/10/30 12:08:06 INFO BlockManagerMasterEndpoint: Trying to remove executor 2 from BlockManagerMaster.
[2024-10-30T12:08:06.826+0000] {spark_submit.py:634} INFO - 24/10/30 12:08:06 INFO BlockManagerMasterEndpoint: Removing block manager BlockManagerId(2, 172.18.0.4, 44455, None)
[2024-10-30T12:08:06.827+0000] {spark_submit.py:634} INFO - 24/10/30 12:08:06 INFO BlockManagerMaster: Removed 2 successfully in removeExecutor
[2024-10-30T12:08:06.827+0000] {spark_submit.py:634} INFO - 24/10/30 12:08:06 INFO DAGScheduler: Shuffle files lost for executor: 2 (epoch 2)
[2024-10-30T12:08:06.955+0000] {spark_submit.py:634} INFO - 24/10/30 12:08:06 INFO StandaloneAppClient$ClientEndpoint: Executor added: app-20241030120643-0002/3 on worker-20241030114537-172.18.0.4-41853 (172.18.0.4:41853) with 6 core(s)
[2024-10-30T12:08:06.956+0000] {spark_submit.py:634} INFO - 24/10/30 12:08:06 INFO StandaloneSchedulerBackend: Granted executor ID app-20241030120643-0002/3 on hostPort 172.18.0.4:41853 with 6 core(s), 1024.0 MiB RAM
[2024-10-30T12:08:09.629+0000] {spark_submit.py:634} INFO - 24/10/30 12:08:09 INFO StandaloneAppClient$ClientEndpoint: Executor updated: app-20241030120643-0002/3 is now RUNNING
[2024-10-30T12:08:16.760+0000] {spark_submit.py:634} INFO - 24/10/30 12:08:16 INFO StandaloneSchedulerBackend$StandaloneDriverEndpoint: Registered executor NettyRpcEndpointRef(spark-client://Executor) (172.18.0.4:40232) with ID 3,  ResourceProfileId 0
[2024-10-30T12:08:16.808+0000] {spark_submit.py:634} INFO - 24/10/30 12:08:16 INFO BlockManagerMasterEndpoint: Registering block manager 172.18.0.4:33805 with 434.4 MiB RAM, BlockManagerId(3, 172.18.0.4, 33805, None)
[2024-10-30T12:08:23.505+0000] {spark_submit.py:634} INFO - 24/10/30 12:08:23 INFO TaskSetManager: Starting task 0.3 in stage 0.0 (TID 3) (172.18.0.4, executor 3, partition 0, PROCESS_LOCAL, 9900 bytes)
[2024-10-30T12:08:28.687+0000] {spark_submit.py:634} INFO - 24/10/30 12:08:28 ERROR TaskSchedulerImpl: Lost executor 3 on 172.18.0.4: Remote RPC client disassociated. Likely due to containers exceeding thresholds, or network issues. Check driver logs for WARN messages.
[2024-10-30T12:08:28.688+0000] {spark_submit.py:634} INFO - 24/10/30 12:08:28 WARN TaskSetManager: Lost task 0.3 in stage 0.0 (TID 3) (172.18.0.4 executor 3): ExecutorLostFailure (executor 3 exited caused by one of the running tasks) Reason: Remote RPC client disassociated. Likely due to containers exceeding thresholds, or network issues. Check driver logs for WARN messages.
[2024-10-30T12:08:28.689+0000] {spark_submit.py:634} INFO - 24/10/30 12:08:28 ERROR TaskSetManager: Task 0 in stage 0.0 failed 4 times; aborting job
[2024-10-30T12:08:28.695+0000] {spark_submit.py:634} INFO - 24/10/30 12:08:28 INFO TaskSchedulerImpl: Removed TaskSet 0.0, whose tasks have all completed, from pool
[2024-10-30T12:08:28.761+0000] {spark_submit.py:634} INFO - 24/10/30 12:08:28 INFO TaskSchedulerImpl: Cancelling stage 0
[2024-10-30T12:08:28.762+0000] {spark_submit.py:634} INFO - 24/10/30 12:08:28 INFO TaskSchedulerImpl: Killing all running tasks in stage 0: Stage cancelled: Job aborted due to stage failure: Task 0 in stage 0.0 failed 4 times, most recent failure: Lost task 0.3 in stage 0.0 (TID 3) (172.18.0.4 executor 3): ExecutorLostFailure (executor 3 exited caused by one of the running tasks) Reason: Remote RPC client disassociated. Likely due to containers exceeding thresholds, or network issues. Check driver logs for WARN messages.
[2024-10-30T12:08:28.763+0000] {spark_submit.py:634} INFO - Driver stacktrace:
[2024-10-30T12:08:28.764+0000] {spark_submit.py:634} INFO - 24/10/30 12:08:28 INFO DAGScheduler: ResultStage 0 (json at NativeMethodAccessorImpl.java:0) failed in 82.580 s due to Job aborted due to stage failure: Task 0 in stage 0.0 failed 4 times, most recent failure: Lost task 0.3 in stage 0.0 (TID 3) (172.18.0.4 executor 3): ExecutorLostFailure (executor 3 exited caused by one of the running tasks) Reason: Remote RPC client disassociated. Likely due to containers exceeding thresholds, or network issues. Check driver logs for WARN messages.
[2024-10-30T12:08:28.764+0000] {spark_submit.py:634} INFO - Driver stacktrace:
[2024-10-30T12:08:28.780+0000] {spark_submit.py:634} INFO - 24/10/30 12:08:28 INFO DAGScheduler: Executor lost: 3 (epoch 3)
[2024-10-30T12:08:28.782+0000] {spark_submit.py:634} INFO - 24/10/30 12:08:28 INFO DAGScheduler: Job 0 failed: json at NativeMethodAccessorImpl.java:0, took 83.021135 s
[2024-10-30T12:08:28.783+0000] {spark_submit.py:634} INFO - 24/10/30 12:08:28 INFO BlockManagerMasterEndpoint: Trying to remove executor 3 from BlockManagerMaster.
[2024-10-30T12:08:28.783+0000] {spark_submit.py:634} INFO - 24/10/30 12:08:28 INFO BlockManagerMasterEndpoint: Removing block manager BlockManagerId(3, 172.18.0.4, 33805, None)
[2024-10-30T12:08:28.784+0000] {spark_submit.py:634} INFO - 24/10/30 12:08:28 INFO BlockManagerMaster: Removed 3 successfully in removeExecutor
[2024-10-30T12:08:28.784+0000] {spark_submit.py:634} INFO - 24/10/30 12:08:28 INFO DAGScheduler: Shuffle files lost for executor: 3 (epoch 3)
[2024-10-30T12:08:28.823+0000] {spark_submit.py:634} INFO - Erro ao ler o arquivo JSON: An error occurred while calling o36.json.
[2024-10-30T12:08:28.824+0000] {spark_submit.py:634} INFO - : org.apache.spark.SparkException: Job aborted due to stage failure: Task 0 in stage 0.0 failed 4 times, most recent failure: Lost task 0.3 in stage 0.0 (TID 3) (172.18.0.4 executor 3): ExecutorLostFailure (executor 3 exited caused by one of the running tasks) Reason: Remote RPC client disassociated. Likely due to containers exceeding thresholds, or network issues. Check driver logs for WARN messages.
[2024-10-30T12:08:28.824+0000] {spark_submit.py:634} INFO - Driver stacktrace:
[2024-10-30T12:08:28.825+0000] {spark_submit.py:634} INFO - at org.apache.spark.scheduler.DAGScheduler.failJobAndIndependentStages(DAGScheduler.scala:2856)
[2024-10-30T12:08:28.825+0000] {spark_submit.py:634} INFO - at org.apache.spark.scheduler.DAGScheduler.$anonfun$abortStage$2(DAGScheduler.scala:2792)
[2024-10-30T12:08:28.825+0000] {spark_submit.py:634} INFO - at org.apache.spark.scheduler.DAGScheduler.$anonfun$abortStage$2$adapted(DAGScheduler.scala:2791)
[2024-10-30T12:08:28.826+0000] {spark_submit.py:634} INFO - at scala.collection.mutable.ResizableArray.foreach(ResizableArray.scala:62)
[2024-10-30T12:08:28.826+0000] {spark_submit.py:634} INFO - at scala.collection.mutable.ResizableArray.foreach$(ResizableArray.scala:55)
[2024-10-30T12:08:28.826+0000] {spark_submit.py:634} INFO - at scala.collection.mutable.ArrayBuffer.foreach(ArrayBuffer.scala:49)
[2024-10-30T12:08:28.827+0000] {spark_submit.py:634} INFO - at org.apache.spark.scheduler.DAGScheduler.abortStage(DAGScheduler.scala:2791)
[2024-10-30T12:08:28.827+0000] {spark_submit.py:634} INFO - at org.apache.spark.scheduler.DAGScheduler.$anonfun$handleTaskSetFailed$1(DAGScheduler.scala:1247)
[2024-10-30T12:08:28.827+0000] {spark_submit.py:634} INFO - at org.apache.spark.scheduler.DAGScheduler.$anonfun$handleTaskSetFailed$1$adapted(DAGScheduler.scala:1247)
[2024-10-30T12:08:28.827+0000] {spark_submit.py:634} INFO - at scala.Option.foreach(Option.scala:407)
[2024-10-30T12:08:28.828+0000] {spark_submit.py:634} INFO - at org.apache.spark.scheduler.DAGScheduler.handleTaskSetFailed(DAGScheduler.scala:1247)
[2024-10-30T12:08:28.828+0000] {spark_submit.py:634} INFO - at org.apache.spark.scheduler.DAGSchedulerEventProcessLoop.doOnReceive(DAGScheduler.scala:3060)
[2024-10-30T12:08:28.829+0000] {spark_submit.py:634} INFO - at org.apache.spark.scheduler.DAGSchedulerEventProcessLoop.onReceive(DAGScheduler.scala:2994)
[2024-10-30T12:08:28.829+0000] {spark_submit.py:634} INFO - at org.apache.spark.scheduler.DAGSchedulerEventProcessLoop.onReceive(DAGScheduler.scala:2983)
[2024-10-30T12:08:28.829+0000] {spark_submit.py:634} INFO - at org.apache.spark.util.EventLoop$$anon$1.run(EventLoop.scala:49)
[2024-10-30T12:08:28.830+0000] {spark_submit.py:634} INFO - at org.apache.spark.scheduler.DAGScheduler.runJob(DAGScheduler.scala:989)
[2024-10-30T12:08:28.831+0000] {spark_submit.py:634} INFO - at org.apache.spark.SparkContext.runJob(SparkContext.scala:2393)
[2024-10-30T12:08:28.831+0000] {spark_submit.py:634} INFO - at org.apache.spark.SparkContext.runJob(SparkContext.scala:2488)
[2024-10-30T12:08:28.832+0000] {spark_submit.py:634} INFO - at org.apache.spark.sql.catalyst.json.JsonInferSchema.infer(JsonInferSchema.scala:120)
[2024-10-30T12:08:28.832+0000] {spark_submit.py:634} INFO - at org.apache.spark.sql.execution.datasources.json.TextInputJsonDataSource$.$anonfun$inferFromDataset$5(JsonDataSource.scala:109)
[2024-10-30T12:08:28.832+0000] {spark_submit.py:634} INFO - at org.apache.spark.sql.execution.SQLExecution$.withSQLConfPropagated(SQLExecution.scala:201)
[2024-10-30T12:08:28.833+0000] {spark_submit.py:634} INFO - at org.apache.spark.sql.execution.datasources.json.TextInputJsonDataSource$.inferFromDataset(JsonDataSource.scala:109)
[2024-10-30T12:08:28.833+0000] {spark_submit.py:634} INFO - at org.apache.spark.sql.execution.datasources.json.TextInputJsonDataSource$.infer(JsonDataSource.scala:98)
[2024-10-30T12:08:28.834+0000] {spark_submit.py:634} INFO - at org.apache.spark.sql.execution.datasources.json.JsonDataSource.inferSchema(JsonDataSource.scala:64)
[2024-10-30T12:08:28.834+0000] {spark_submit.py:634} INFO - at org.apache.spark.sql.execution.datasources.json.JsonFileFormat.inferSchema(JsonFileFormat.scala:59)
[2024-10-30T12:08:28.834+0000] {spark_submit.py:634} INFO - at org.apache.spark.sql.execution.datasources.DataSource.$anonfun$getOrInferFileFormatSchema$11(DataSource.scala:208)
[2024-10-30T12:08:28.835+0000] {spark_submit.py:634} INFO - at scala.Option.orElse(Option.scala:447)
[2024-10-30T12:08:28.835+0000] {spark_submit.py:634} INFO - at org.apache.spark.sql.execution.datasources.DataSource.getOrInferFileFormatSchema(DataSource.scala:205)
[2024-10-30T12:08:28.836+0000] {spark_submit.py:634} INFO - at org.apache.spark.sql.execution.datasources.DataSource.resolveRelation(DataSource.scala:407)
[2024-10-30T12:08:28.836+0000] {spark_submit.py:634} INFO - at org.apache.spark.sql.DataFrameReader.loadV1Source(DataFrameReader.scala:229)
[2024-10-30T12:08:28.836+0000] {spark_submit.py:634} INFO - at org.apache.spark.sql.DataFrameReader.$anonfun$load$2(DataFrameReader.scala:211)
[2024-10-30T12:08:28.837+0000] {spark_submit.py:634} INFO - at scala.Option.getOrElse(Option.scala:189)
[2024-10-30T12:08:28.837+0000] {spark_submit.py:634} INFO - at org.apache.spark.sql.DataFrameReader.load(DataFrameReader.scala:211)
[2024-10-30T12:08:28.837+0000] {spark_submit.py:634} INFO - at org.apache.spark.sql.DataFrameReader.json(DataFrameReader.scala:362)
[2024-10-30T12:08:28.838+0000] {spark_submit.py:634} INFO - at java.base/jdk.internal.reflect.NativeMethodAccessorImpl.invoke0(Native Method)
[2024-10-30T12:08:28.838+0000] {spark_submit.py:634} INFO - at java.base/jdk.internal.reflect.NativeMethodAccessorImpl.invoke(NativeMethodAccessorImpl.java:77)
[2024-10-30T12:08:28.838+0000] {spark_submit.py:634} INFO - at java.base/jdk.internal.reflect.DelegatingMethodAccessorImpl.invoke(DelegatingMethodAccessorImpl.java:43)
[2024-10-30T12:08:28.839+0000] {spark_submit.py:634} INFO - at java.base/java.lang.reflect.Method.invoke(Method.java:569)
[2024-10-30T12:08:28.839+0000] {spark_submit.py:634} INFO - at py4j.reflection.MethodInvoker.invoke(MethodInvoker.java:244)
[2024-10-30T12:08:28.839+0000] {spark_submit.py:634} INFO - at py4j.reflection.ReflectionEngine.invoke(ReflectionEngine.java:374)
[2024-10-30T12:08:28.840+0000] {spark_submit.py:634} INFO - at py4j.Gateway.invoke(Gateway.java:282)
[2024-10-30T12:08:28.840+0000] {spark_submit.py:634} INFO - at py4j.commands.AbstractCommand.invokeMethod(AbstractCommand.java:132)
[2024-10-30T12:08:28.840+0000] {spark_submit.py:634} INFO - at py4j.commands.CallCommand.execute(CallCommand.java:79)
[2024-10-30T12:08:28.841+0000] {spark_submit.py:634} INFO - at py4j.ClientServerConnection.waitForCommands(ClientServerConnection.java:182)
[2024-10-30T12:08:28.841+0000] {spark_submit.py:634} INFO - at py4j.ClientServerConnection.run(ClientServerConnection.java:106)
[2024-10-30T12:08:28.841+0000] {spark_submit.py:634} INFO - at java.base/java.lang.Thread.run(Thread.java:840)
[2024-10-30T12:08:28.842+0000] {spark_submit.py:634} INFO - 
[2024-10-30T12:08:28.842+0000] {spark_submit.py:634} INFO - Traceback (most recent call last):
[2024-10-30T12:08:28.842+0000] {spark_submit.py:634} INFO - File "/opt/bitnami/spark/src/scripts_spark/WebScraping_Transformation.py", line 212, in <module>
[2024-10-30T12:08:28.843+0000] {spark_submit.py:634} INFO - transformation_data(spark,args.json_file_path)
[2024-10-30T12:08:28.843+0000] {spark_submit.py:634} INFO - File "/opt/bitnami/spark/src/scripts_spark/WebScraping_Transformation.py", line 77, in transformation_data
[2024-10-30T12:08:28.844+0000] {spark_submit.py:634} INFO - df=df.withColumn('value',df['value'].cast(DecimalType(12,2)))
[2024-10-30T12:08:28.844+0000] {spark_submit.py:634} INFO - ^^
[2024-10-30T12:08:28.844+0000] {spark_submit.py:634} INFO - UnboundLocalError: cannot access local variable 'df' where it is not associated with a value
[2024-10-30T12:08:29.286+0000] {spark_submit.py:634} INFO - 24/10/30 12:08:29 INFO SparkContext: Invoking stop() from shutdown hook
[2024-10-30T12:08:29.286+0000] {spark_submit.py:634} INFO - 24/10/30 12:08:29 INFO SparkContext: SparkContext is stopping with exitCode 0.
[2024-10-30T12:08:29.503+0000] {spark_submit.py:634} INFO - 24/10/30 12:08:29 INFO SparkUI: Stopped Spark web UI at http://37d92212b26d:4040
[2024-10-30T12:08:29.506+0000] {spark_submit.py:634} INFO - 24/10/30 12:08:29 INFO StandaloneSchedulerBackend: Shutting down all executors
[2024-10-30T12:08:29.507+0000] {spark_submit.py:634} INFO - 24/10/30 12:08:29 INFO StandaloneSchedulerBackend$StandaloneDriverEndpoint: Asking each executor to shut down
[2024-10-30T12:08:29.827+0000] {spark_submit.py:634} INFO - 24/10/30 12:08:29 INFO MapOutputTrackerMasterEndpoint: MapOutputTrackerMasterEndpoint stopped!
[2024-10-30T12:08:29.962+0000] {spark_submit.py:634} INFO - 24/10/30 12:08:29 INFO MemoryStore: MemoryStore cleared
[2024-10-30T12:08:29.963+0000] {spark_submit.py:634} INFO - 24/10/30 12:08:29 INFO BlockManager: BlockManager stopped
[2024-10-30T12:08:30.062+0000] {spark_submit.py:634} INFO - 24/10/30 12:08:30 INFO BlockManagerMaster: BlockManagerMaster stopped
[2024-10-30T12:08:30.149+0000] {spark_submit.py:634} INFO - 24/10/30 12:08:30 INFO OutputCommitCoordinator$OutputCommitCoordinatorEndpoint: OutputCommitCoordinator stopped!
[2024-10-30T12:08:30.164+0000] {spark_submit.py:634} INFO - 24/10/30 12:08:30 INFO SparkContext: Successfully stopped SparkContext
[2024-10-30T12:08:30.166+0000] {spark_submit.py:634} INFO - 24/10/30 12:08:30 INFO ShutdownHookManager: Shutdown hook called
[2024-10-30T12:08:30.166+0000] {spark_submit.py:634} INFO - 24/10/30 12:08:30 INFO ShutdownHookManager: Deleting directory /tmp/spark-cf2147ff-3412-444e-bb41-e07cbaec383f/pyspark-539c33eb-d0ce-4837-b784-28072a2d0e6f
[2024-10-30T12:08:30.171+0000] {spark_submit.py:634} INFO - 24/10/30 12:08:30 INFO ShutdownHookManager: Deleting directory /tmp/spark-cf2147ff-3412-444e-bb41-e07cbaec383f
[2024-10-30T12:08:30.175+0000] {spark_submit.py:634} INFO - 24/10/30 12:08:30 INFO ShutdownHookManager: Deleting directory /tmp/spark-b07fc968-c433-41ce-b57e-e482456a3cbf
[2024-10-30T12:08:30.199+0000] {spark_submit.py:634} INFO - 24/10/30 12:08:30 INFO MetricsSystemImpl: Stopping s3a-file-system metrics system...
[2024-10-30T12:08:30.200+0000] {spark_submit.py:634} INFO - 24/10/30 12:08:30 INFO MetricsSystemImpl: s3a-file-system metrics system stopped.
[2024-10-30T12:08:30.200+0000] {spark_submit.py:634} INFO - 24/10/30 12:08:30 INFO MetricsSystemImpl: s3a-file-system metrics system shutdown complete.
[2024-10-30T12:08:30.432+0000] {taskinstance.py:3310} ERROR - Task failed with exception
Traceback (most recent call last):
  File "/home/airflow/.local/lib/python3.12/site-packages/airflow/models/taskinstance.py", line 767, in _execute_task
    result = _execute_callable(context=context, **execute_callable_kwargs)
             ^^^^^^^^^^^^^^^^^^^^^^^^^^^^^^^^^^^^^^^^^^^^^^^^^^^^^^^^^^^^^
  File "/home/airflow/.local/lib/python3.12/site-packages/airflow/models/taskinstance.py", line 733, in _execute_callable
    return ExecutionCallableRunner(
           ^^^^^^^^^^^^^^^^^^^^^^^^
  File "/home/airflow/.local/lib/python3.12/site-packages/airflow/utils/operator_helpers.py", line 252, in run
    return self.func(*args, **kwargs)
           ^^^^^^^^^^^^^^^^^^^^^^^^^^
  File "/home/airflow/.local/lib/python3.12/site-packages/airflow/models/baseoperator.py", line 406, in wrapper
    return func(self, *args, **kwargs)
           ^^^^^^^^^^^^^^^^^^^^^^^^^^^
  File "/home/airflow/.local/lib/python3.12/site-packages/airflow/providers/apache/spark/operators/spark_submit.py", line 176, in execute
    self._hook.submit(self.application)
  File "/home/airflow/.local/lib/python3.12/site-packages/airflow/providers/apache/spark/hooks/spark_submit.py", line 560, in submit
    raise AirflowException(
airflow.exceptions.AirflowException: Cannot execute: spark-submit --master spark://spark:7077 --conf fs.s3a.access.key=AVcyU1dIcrfI88EqIa7p --conf fs.s3a.secret.key=****** --jars /opt/***/spark/jars/hadoop-aws-3.3.2.jar,/opt/***/spark/jars/aws-java-sdk-bundle-1.12.262.jar --name arrow-spark --deploy-mode client /opt/bitnami/spark/src/scripts_spark/WebScraping_Transformation.py --json_file_path s3a://rawzone/pichau/pichau_2024-10-27/data.json. Error code is: 1.
[2024-10-30T12:08:30.547+0000] {taskinstance.py:1225} INFO - Marking task as FAILED. dag_id=pipeline_webscraping, task_id=pichau_tasks.Spark_Transformation_pichau, run_id=manual__2024-10-30T12:04:02.720758+00:00, execution_date=20241030T120402, start_date=20241030T120639, end_date=20241030T120830
[2024-10-30T12:08:30.800+0000] {taskinstance.py:340} INFO - ::group::Post task execution logs
[2024-10-30T12:08:30.802+0000] {standard_task_runner.py:124} ERROR - Failed to execute job 86 for task pichau_tasks.Spark_Transformation_pichau (Cannot execute: spark-submit --master spark://spark:7077 --conf fs.s3a.access.key=AVcyU1dIcrfI88EqIa7p --conf fs.s3a.secret.key=****** --jars /opt/***/spark/jars/hadoop-aws-3.3.2.jar,/opt/***/spark/jars/aws-java-sdk-bundle-1.12.262.jar --name arrow-spark --deploy-mode client /opt/bitnami/spark/src/scripts_spark/WebScraping_Transformation.py --json_file_path s3a://rawzone/pichau/pichau_2024-10-27/data.json. Error code is: 1.; 678)
Traceback (most recent call last):
  File "/home/airflow/.local/lib/python3.12/site-packages/airflow/task/task_runner/standard_task_runner.py", line 117, in _start_by_fork
    ret = args.func(args, dag=self.dag)
          ^^^^^^^^^^^^^^^^^^^^^^^^^^^^^
  File "/home/airflow/.local/lib/python3.12/site-packages/airflow/cli/cli_config.py", line 49, in command
    return func(*args, **kwargs)
           ^^^^^^^^^^^^^^^^^^^^^
  File "/home/airflow/.local/lib/python3.12/site-packages/airflow/utils/cli.py", line 115, in wrapper
    return f(*args, **kwargs)
           ^^^^^^^^^^^^^^^^^^
  File "/home/airflow/.local/lib/python3.12/site-packages/airflow/cli/commands/task_command.py", line 483, in task_run
    task_return_code = _run_task_by_selected_method(args, _dag, ti)
                       ^^^^^^^^^^^^^^^^^^^^^^^^^^^^^^^^^^^^^^^^^^^^
  File "/home/airflow/.local/lib/python3.12/site-packages/airflow/cli/commands/task_command.py", line 256, in _run_task_by_selected_method
    return _run_raw_task(args, ti)
           ^^^^^^^^^^^^^^^^^^^^^^^
  File "/home/airflow/.local/lib/python3.12/site-packages/airflow/cli/commands/task_command.py", line 341, in _run_raw_task
    return ti._run_raw_task(
           ^^^^^^^^^^^^^^^^^
  File "/home/airflow/.local/lib/python3.12/site-packages/airflow/utils/session.py", line 97, in wrapper
    return func(*args, session=session, **kwargs)
           ^^^^^^^^^^^^^^^^^^^^^^^^^^^^^^^^^^^^^^
  File "/home/airflow/.local/lib/python3.12/site-packages/airflow/models/taskinstance.py", line 3004, in _run_raw_task
    return _run_raw_task(
           ^^^^^^^^^^^^^^
  File "/home/airflow/.local/lib/python3.12/site-packages/airflow/models/taskinstance.py", line 273, in _run_raw_task
    TaskInstance._execute_task_with_callbacks(
  File "/home/airflow/.local/lib/python3.12/site-packages/airflow/models/taskinstance.py", line 3158, in _execute_task_with_callbacks
    result = self._execute_task(context, task_orig)
             ^^^^^^^^^^^^^^^^^^^^^^^^^^^^^^^^^^^^^^
  File "/home/airflow/.local/lib/python3.12/site-packages/airflow/models/taskinstance.py", line 3182, in _execute_task
    return _execute_task(self, context, task_orig)
           ^^^^^^^^^^^^^^^^^^^^^^^^^^^^^^^^^^^^^^^
  File "/home/airflow/.local/lib/python3.12/site-packages/airflow/models/taskinstance.py", line 767, in _execute_task
    result = _execute_callable(context=context, **execute_callable_kwargs)
             ^^^^^^^^^^^^^^^^^^^^^^^^^^^^^^^^^^^^^^^^^^^^^^^^^^^^^^^^^^^^^
  File "/home/airflow/.local/lib/python3.12/site-packages/airflow/models/taskinstance.py", line 733, in _execute_callable
    return ExecutionCallableRunner(
           ^^^^^^^^^^^^^^^^^^^^^^^^
  File "/home/airflow/.local/lib/python3.12/site-packages/airflow/utils/operator_helpers.py", line 252, in run
    return self.func(*args, **kwargs)
           ^^^^^^^^^^^^^^^^^^^^^^^^^^
  File "/home/airflow/.local/lib/python3.12/site-packages/airflow/models/baseoperator.py", line 406, in wrapper
    return func(self, *args, **kwargs)
           ^^^^^^^^^^^^^^^^^^^^^^^^^^^
  File "/home/airflow/.local/lib/python3.12/site-packages/airflow/providers/apache/spark/operators/spark_submit.py", line 176, in execute
    self._hook.submit(self.application)
  File "/home/airflow/.local/lib/python3.12/site-packages/airflow/providers/apache/spark/hooks/spark_submit.py", line 560, in submit
    raise AirflowException(
airflow.exceptions.AirflowException: Cannot execute: spark-submit --master spark://spark:7077 --conf fs.s3a.access.key=AVcyU1dIcrfI88EqIa7p --conf fs.s3a.secret.key=****** --jars /opt/***/spark/jars/hadoop-aws-3.3.2.jar,/opt/***/spark/jars/aws-java-sdk-bundle-1.12.262.jar --name arrow-spark --deploy-mode client /opt/bitnami/spark/src/scripts_spark/WebScraping_Transformation.py --json_file_path s3a://rawzone/pichau/pichau_2024-10-27/data.json. Error code is: 1.
[2024-10-30T12:08:30.992+0000] {local_task_job_runner.py:266} INFO - Task exited with return code 1
[2024-10-30T12:08:31.017+0000] {taskinstance.py:3900} INFO - 0 downstream tasks scheduled from follow-on schedule check
[2024-10-30T12:08:31.559+0000] {local_task_job_runner.py:245} INFO - ::endgroup::
