[2024-10-18T22:04:36.709+0000] {local_task_job_runner.py:123} INFO - ::group::Pre task execution logs
[2024-10-18T22:04:36.724+0000] {taskinstance.py:2612} INFO - Dependencies all met for dep_context=non-requeueable deps ti=<TaskInstance: pipeline_webscraping.pichau_tasks.Create_Container_Silver_pichau manual__2024-10-18T22:02:00.101351+00:00 [queued]>
[2024-10-18T22:04:36.730+0000] {taskinstance.py:2612} INFO - Dependencies all met for dep_context=requeueable deps ti=<TaskInstance: pipeline_webscraping.pichau_tasks.Create_Container_Silver_pichau manual__2024-10-18T22:02:00.101351+00:00 [queued]>
[2024-10-18T22:04:36.731+0000] {taskinstance.py:2865} INFO - Starting attempt 1 of 1
[2024-10-18T22:04:36.745+0000] {taskinstance.py:2888} INFO - Executing <Task(CreateContainerInDataLake): pichau_tasks.Create_Container_Silver_pichau> on 2024-10-18 22:02:00.101351+00:00
[2024-10-18T22:04:36.751+0000] {warnings.py:112} WARNING - /home/***/.local/lib/python3.12/site-packages/***/task/task_runner/standard_task_runner.py:70: DeprecationWarning: This process (pid=176) is multi-threaded, use of fork() may lead to deadlocks in the child.
  pid = os.fork()

[2024-10-18T22:04:36.752+0000] {standard_task_runner.py:72} INFO - Started process 178 to run task
[2024-10-18T22:04:36.753+0000] {standard_task_runner.py:104} INFO - Running: ['***', 'tasks', 'run', 'pipeline_webscraping', 'pichau_tasks.Create_Container_Silver_pichau', 'manual__2024-10-18T22:02:00.101351+00:00', '--job-id', '215', '--raw', '--subdir', 'DAGS_FOLDER/DagWebScraping.py', '--cfg-path', '/tmp/tmpbmsgze68']
[2024-10-18T22:04:36.755+0000] {standard_task_runner.py:105} INFO - Job 215: Subtask pichau_tasks.Create_Container_Silver_pichau
[2024-10-18T22:04:36.796+0000] {task_command.py:467} INFO - Running <TaskInstance: pipeline_webscraping.pichau_tasks.Create_Container_Silver_pichau manual__2024-10-18T22:02:00.101351+00:00 [running]> on host cc66b6895e01
[2024-10-18T22:04:36.873+0000] {taskinstance.py:3131} INFO - Exporting env vars: AIRFLOW_CTX_DAG_OWNER='***' AIRFLOW_CTX_DAG_ID='pipeline_webscraping' AIRFLOW_CTX_TASK_ID='pichau_tasks.Create_Container_Silver_pichau' AIRFLOW_CTX_EXECUTION_DATE='2024-10-18T22:02:00.101351+00:00' AIRFLOW_CTX_TRY_NUMBER='1' AIRFLOW_CTX_DAG_RUN_ID='manual__2024-10-18T22:02:00.101351+00:00'
[2024-10-18T22:04:36.874+0000] {taskinstance.py:731} INFO - ::endgroup::
[2024-10-18T22:04:36.886+0000] {baseoperator.py:405} WARNING - CreateContainerInDataLake.execute cannot be called outside TaskInstance!
[2024-10-18T22:04:36.887+0000] {subprocess.py:63} INFO - Tmp dir root location: /tmp
[2024-10-18T22:04:36.888+0000] {subprocess.py:75} INFO - Running command: ['/usr/bin/bash', '-c', 'mkdir -p /opt/***/datalake/silverzone/pichau_2024-10-18']
[2024-10-18T22:04:36.899+0000] {subprocess.py:86} INFO - Output:
[2024-10-18T22:04:36.904+0000] {subprocess.py:97} INFO - Command exited with return code 0
[2024-10-18T22:04:36.935+0000] {taskinstance.py:340} INFO - ::group::Post task execution logs
[2024-10-18T22:04:36.936+0000] {taskinstance.py:352} INFO - Marking task as SUCCESS. dag_id=pipeline_webscraping, task_id=pichau_tasks.Create_Container_Silver_pichau, run_id=manual__2024-10-18T22:02:00.101351+00:00, execution_date=20241018T220200, start_date=20241018T220436, end_date=20241018T220436
[2024-10-18T22:04:36.967+0000] {local_task_job_runner.py:266} INFO - Task exited with return code 0
[2024-10-18T22:04:36.992+0000] {taskinstance.py:3900} INFO - 1 downstream tasks scheduled from follow-on schedule check
[2024-10-18T22:04:36.996+0000] {local_task_job_runner.py:245} INFO - ::endgroup::
