[2024-10-05T21:22:48.383+0000] {local_task_job_runner.py:123} INFO - ::group::Pre task execution logs
[2024-10-05T21:22:48.400+0000] {taskinstance.py:2612} INFO - Dependencies all met for dep_context=non-requeueable deps ti=<TaskInstance: pipeline_webscraping.pichau_tasks.Spark_Transformation_pichau manual__2024-10-05T21:19:55.083482+00:00 [queued]>
[2024-10-05T21:22:48.411+0000] {taskinstance.py:2612} INFO - Dependencies all met for dep_context=requeueable deps ti=<TaskInstance: pipeline_webscraping.pichau_tasks.Spark_Transformation_pichau manual__2024-10-05T21:19:55.083482+00:00 [queued]>
[2024-10-05T21:22:48.411+0000] {taskinstance.py:2865} INFO - Starting attempt 1 of 1
[2024-10-05T21:22:48.426+0000] {taskinstance.py:2888} INFO - Executing <Task(OperatorSubmitSpark): pichau_tasks.Spark_Transformation_pichau> on 2024-10-05 21:19:55.083482+00:00
[2024-10-05T21:22:48.434+0000] {warnings.py:112} WARNING - /home/***/.local/lib/python3.12/site-packages/***/task/task_runner/standard_task_runner.py:70: DeprecationWarning: This process (pid=11542) is multi-threaded, use of fork() may lead to deadlocks in the child.
  pid = os.fork()

[2024-10-05T21:22:48.435+0000] {standard_task_runner.py:72} INFO - Started process 11544 to run task
[2024-10-05T21:22:48.435+0000] {standard_task_runner.py:104} INFO - Running: ['***', 'tasks', 'run', 'pipeline_webscraping', 'pichau_tasks.Spark_Transformation_pichau', 'manual__2024-10-05T21:19:55.083482+00:00', '--job-id', '1231', '--raw', '--subdir', 'DAGS_FOLDER/DagWebScraping.py', '--cfg-path', '/tmp/tmpz9jedx7j']
[2024-10-05T21:22:48.438+0000] {standard_task_runner.py:105} INFO - Job 1231: Subtask pichau_tasks.Spark_Transformation_pichau
[2024-10-05T21:22:48.498+0000] {task_command.py:467} INFO - Running <TaskInstance: pipeline_webscraping.pichau_tasks.Spark_Transformation_pichau manual__2024-10-05T21:19:55.083482+00:00 [running]> on host e823e678f418
[2024-10-05T21:22:48.587+0000] {taskinstance.py:3131} INFO - Exporting env vars: AIRFLOW_CTX_DAG_OWNER='***' AIRFLOW_CTX_DAG_ID='pipeline_webscraping' AIRFLOW_CTX_TASK_ID='pichau_tasks.Spark_Transformation_pichau' AIRFLOW_CTX_EXECUTION_DATE='2024-10-05T21:19:55.083482+00:00' AIRFLOW_CTX_TRY_NUMBER='1' AIRFLOW_CTX_DAG_RUN_ID='manual__2024-10-05T21:19:55.083482+00:00'
[2024-10-05T21:22:48.588+0000] {taskinstance.py:731} INFO - ::endgroup::
[2024-10-05T21:22:48.617+0000] {logging_mixin.py:190} INFO - teste /opt/***/datalake/rawzone/pichau_2024-10-05/data.json
[2024-10-05T21:22:48.617+0000] {baseoperator.py:405} WARNING - OperatorSubmitSpark.execute cannot be called outside TaskInstance!
[2024-10-05T21:22:48.626+0000] {base.py:84} INFO - Retrieving connection 'spark_default'
[2024-10-05T21:22:48.628+0000] {spark_submit.py:403} INFO - Spark-Submit cmd: spark-submit --master spark://spark:7077 --num-executors 2 --driver-memory 512M --name arrow-spark --deploy-mode client /opt/bitnami/spark/src/scripts_spark/WebScraping_Transformation.py --path_save_transfor /opt/***/datalake/silverzone/pichau_2024-10-05 --json_file_path /opt/***/datalake/rawzone/pichau_2024-10-05/data.json
[2024-10-05T21:22:51.938+0000] {spark_submit.py:579} INFO - 24/10/05 21:22:51 INFO SparkContext: Running Spark version 3.5.2
[2024-10-05T21:22:51.940+0000] {spark_submit.py:579} INFO - 24/10/05 21:22:51 INFO SparkContext: OS info Linux, 5.15.153.1-microsoft-standard-WSL2, amd64
[2024-10-05T21:22:51.941+0000] {spark_submit.py:579} INFO - 24/10/05 21:22:51 INFO SparkContext: Java version 17.0.12
[2024-10-05T21:22:51.999+0000] {spark_submit.py:579} INFO - 24/10/05 21:22:51 WARN NativeCodeLoader: Unable to load native-hadoop library for your platform... using builtin-java classes where applicable
[2024-10-05T21:22:52.086+0000] {spark_submit.py:579} INFO - 24/10/05 21:22:52 INFO ResourceUtils: ==============================================================
[2024-10-05T21:22:52.086+0000] {spark_submit.py:579} INFO - 24/10/05 21:22:52 INFO ResourceUtils: No custom resources configured for spark.driver.
[2024-10-05T21:22:52.087+0000] {spark_submit.py:579} INFO - 24/10/05 21:22:52 INFO ResourceUtils: ==============================================================
[2024-10-05T21:22:52.087+0000] {spark_submit.py:579} INFO - 24/10/05 21:22:52 INFO SparkContext: Submitted application: Test
[2024-10-05T21:22:52.110+0000] {spark_submit.py:579} INFO - 24/10/05 21:22:52 INFO ResourceProfile: Default ResourceProfile created, executor resources: Map(cores -> name: cores, amount: 1, script: , vendor: , memory -> name: memory, amount: 1024, script: , vendor: , offHeap -> name: offHeap, amount: 0, script: , vendor: ), task resources: Map(cpus -> name: cpus, amount: 1.0)
[2024-10-05T21:22:52.120+0000] {spark_submit.py:579} INFO - 24/10/05 21:22:52 INFO ResourceProfile: Limiting resource is cpu
[2024-10-05T21:22:52.121+0000] {spark_submit.py:579} INFO - 24/10/05 21:22:52 INFO ResourceProfileManager: Added ResourceProfile id: 0
[2024-10-05T21:22:52.172+0000] {spark_submit.py:579} INFO - 24/10/05 21:22:52 INFO SecurityManager: Changing view acls to: ***
[2024-10-05T21:22:52.173+0000] {spark_submit.py:579} INFO - 24/10/05 21:22:52 INFO SecurityManager: Changing modify acls to: ***
[2024-10-05T21:22:52.174+0000] {spark_submit.py:579} INFO - 24/10/05 21:22:52 INFO SecurityManager: Changing view acls groups to:
[2024-10-05T21:22:52.175+0000] {spark_submit.py:579} INFO - 24/10/05 21:22:52 INFO SecurityManager: Changing modify acls groups to:
[2024-10-05T21:22:52.175+0000] {spark_submit.py:579} INFO - 24/10/05 21:22:52 INFO SecurityManager: SecurityManager: authentication disabled; ui acls disabled; users with view permissions: ***; groups with view permissions: EMPTY; users with modify permissions: ***; groups with modify permissions: EMPTY
[2024-10-05T21:22:52.411+0000] {spark_submit.py:579} INFO - 24/10/05 21:22:52 INFO Utils: Successfully started service 'sparkDriver' on port 42531.
[2024-10-05T21:22:52.441+0000] {spark_submit.py:579} INFO - 24/10/05 21:22:52 INFO SparkEnv: Registering MapOutputTracker
[2024-10-05T21:22:52.482+0000] {spark_submit.py:579} INFO - 24/10/05 21:22:52 INFO SparkEnv: Registering BlockManagerMaster
[2024-10-05T21:22:52.487+0000] {spark_submit.py:579} INFO - 24/10/05 21:22:52 INFO BlockManagerMasterEndpoint: Using org.apache.spark.storage.DefaultTopologyMapper for getting topology information
[2024-10-05T21:22:52.487+0000] {spark_submit.py:579} INFO - 24/10/05 21:22:52 INFO BlockManagerMasterEndpoint: BlockManagerMasterEndpoint up
[2024-10-05T21:22:52.492+0000] {spark_submit.py:579} INFO - 24/10/05 21:22:52 INFO SparkEnv: Registering BlockManagerMasterHeartbeat
[2024-10-05T21:22:52.511+0000] {spark_submit.py:579} INFO - 24/10/05 21:22:52 INFO DiskBlockManager: Created local directory at /tmp/blockmgr-ace5cd8e-52db-401c-9cea-1e023c3902bd
[2024-10-05T21:22:52.525+0000] {spark_submit.py:579} INFO - 24/10/05 21:22:52 INFO MemoryStore: MemoryStore started with capacity 127.2 MiB
[2024-10-05T21:22:52.542+0000] {spark_submit.py:579} INFO - 24/10/05 21:22:52 INFO SparkEnv: Registering OutputCommitCoordinator
[2024-10-05T21:22:52.669+0000] {spark_submit.py:579} INFO - 24/10/05 21:22:52 INFO JettyUtils: Start Jetty 0.0.0.0:4040 for SparkUI
[2024-10-05T21:22:52.743+0000] {spark_submit.py:579} INFO - 24/10/05 21:22:52 INFO Utils: Successfully started service 'SparkUI' on port 4040.
[2024-10-05T21:22:52.860+0000] {spark_submit.py:579} INFO - 24/10/05 21:22:52 INFO Executor: Starting executor ID driver on host e823e678f418
[2024-10-05T21:22:52.861+0000] {spark_submit.py:579} INFO - 24/10/05 21:22:52 INFO Executor: OS info Linux, 5.15.153.1-microsoft-standard-WSL2, amd64
[2024-10-05T21:22:52.861+0000] {spark_submit.py:579} INFO - 24/10/05 21:22:52 INFO Executor: Java version 17.0.12
[2024-10-05T21:22:52.871+0000] {spark_submit.py:579} INFO - 24/10/05 21:22:52 INFO Executor: Starting executor with user classpath (userClassPathFirst = false): ''
[2024-10-05T21:22:52.872+0000] {spark_submit.py:579} INFO - 24/10/05 21:22:52 INFO Executor: Created or updated repl class loader org.apache.spark.util.MutableURLClassLoader@71c9df3d for default.
[2024-10-05T21:22:52.892+0000] {spark_submit.py:579} INFO - 24/10/05 21:22:52 INFO Utils: Successfully started service 'org.apache.spark.network.netty.NettyBlockTransferService' on port 41397.
[2024-10-05T21:22:52.892+0000] {spark_submit.py:579} INFO - 24/10/05 21:22:52 INFO NettyBlockTransferService: Server created on e823e678f418:41397
[2024-10-05T21:22:52.894+0000] {spark_submit.py:579} INFO - 24/10/05 21:22:52 INFO BlockManager: Using org.apache.spark.storage.RandomBlockReplicationPolicy for block replication policy
[2024-10-05T21:22:52.900+0000] {spark_submit.py:579} INFO - 24/10/05 21:22:52 INFO BlockManagerMaster: Registering BlockManager BlockManagerId(driver, e823e678f418, 41397, None)
[2024-10-05T21:22:52.903+0000] {spark_submit.py:579} INFO - 24/10/05 21:22:52 INFO BlockManagerMasterEndpoint: Registering block manager e823e678f418:41397 with 127.2 MiB RAM, BlockManagerId(driver, e823e678f418, 41397, None)
[2024-10-05T21:22:52.904+0000] {spark_submit.py:579} INFO - 24/10/05 21:22:52 INFO BlockManagerMaster: Registered BlockManager BlockManagerId(driver, e823e678f418, 41397, None)
[2024-10-05T21:22:52.906+0000] {spark_submit.py:579} INFO - 24/10/05 21:22:52 INFO BlockManager: Initialized BlockManager: BlockManagerId(driver, e823e678f418, 41397, None)
[2024-10-05T21:22:53.416+0000] {spark_submit.py:579} INFO - 24/10/05 21:22:53 INFO SharedState: Setting hive.metastore.warehouse.dir ('null') to the value of spark.sql.warehouse.dir.
[2024-10-05T21:22:53.422+0000] {spark_submit.py:579} INFO - 24/10/05 21:22:53 INFO SharedState: Warehouse path is 'file:/opt/***/spark-warehouse'.
[2024-10-05T21:22:54.159+0000] {spark_submit.py:579} INFO - 24/10/05 21:22:54 INFO InMemoryFileIndex: It took 43 ms to list leaf files for 1 paths.
[2024-10-05T21:22:54.231+0000] {spark_submit.py:579} INFO - 24/10/05 21:22:54 INFO InMemoryFileIndex: It took 9 ms to list leaf files for 1 paths.
[2024-10-05T21:22:56.132+0000] {spark_submit.py:579} INFO - 24/10/05 21:22:56 INFO FileSourceStrategy: Pushed Filters:
[2024-10-05T21:22:56.133+0000] {spark_submit.py:579} INFO - 24/10/05 21:22:56 INFO FileSourceStrategy: Post-Scan Filters:
[2024-10-05T21:22:56.392+0000] {spark_submit.py:579} INFO - 24/10/05 21:22:56 INFO MemoryStore: Block broadcast_0 stored as values in memory (estimated size 199.4 KiB, free 127.0 MiB)
[2024-10-05T21:22:56.448+0000] {spark_submit.py:579} INFO - 24/10/05 21:22:56 INFO MemoryStore: Block broadcast_0_piece0 stored as bytes in memory (estimated size 34.2 KiB, free 127.0 MiB)
[2024-10-05T21:22:56.451+0000] {spark_submit.py:579} INFO - 24/10/05 21:22:56 INFO BlockManagerInfo: Added broadcast_0_piece0 in memory on e823e678f418:41397 (size: 34.2 KiB, free: 127.2 MiB)
[2024-10-05T21:22:56.457+0000] {spark_submit.py:579} INFO - 24/10/05 21:22:56 INFO SparkContext: Created broadcast 0 from json at NativeMethodAccessorImpl.java:0
[2024-10-05T21:22:56.475+0000] {spark_submit.py:579} INFO - 24/10/05 21:22:56 INFO FileSourceScanExec: Planning scan with bin packing, max size: 4316104 bytes, open cost is considered as scanning 4194304 bytes.
[2024-10-05T21:22:56.621+0000] {spark_submit.py:579} INFO - 24/10/05 21:22:56 INFO SparkContext: Starting job: json at NativeMethodAccessorImpl.java:0
[2024-10-05T21:22:56.637+0000] {spark_submit.py:579} INFO - 24/10/05 21:22:56 INFO DAGScheduler: Got job 0 (json at NativeMethodAccessorImpl.java:0) with 1 output partitions
[2024-10-05T21:22:56.638+0000] {spark_submit.py:579} INFO - 24/10/05 21:22:56 INFO DAGScheduler: Final stage: ResultStage 0 (json at NativeMethodAccessorImpl.java:0)
[2024-10-05T21:22:56.639+0000] {spark_submit.py:579} INFO - 24/10/05 21:22:56 INFO DAGScheduler: Parents of final stage: List()
[2024-10-05T21:22:56.640+0000] {spark_submit.py:579} INFO - 24/10/05 21:22:56 INFO DAGScheduler: Missing parents: List()
[2024-10-05T21:22:56.643+0000] {spark_submit.py:579} INFO - 24/10/05 21:22:56 INFO DAGScheduler: Submitting ResultStage 0 (MapPartitionsRDD[3] at json at NativeMethodAccessorImpl.java:0), which has no missing parents
[2024-10-05T21:22:56.721+0000] {spark_submit.py:579} INFO - 24/10/05 21:22:56 INFO MemoryStore: Block broadcast_1 stored as values in memory (estimated size 16.1 KiB, free 127.0 MiB)
[2024-10-05T21:22:56.727+0000] {spark_submit.py:579} INFO - 24/10/05 21:22:56 INFO MemoryStore: Block broadcast_1_piece0 stored as bytes in memory (estimated size 7.5 KiB, free 126.9 MiB)
[2024-10-05T21:22:56.727+0000] {spark_submit.py:579} INFO - 24/10/05 21:22:56 INFO BlockManagerInfo: Added broadcast_1_piece0 in memory on e823e678f418:41397 (size: 7.5 KiB, free: 127.2 MiB)
[2024-10-05T21:22:56.728+0000] {spark_submit.py:579} INFO - 24/10/05 21:22:56 INFO SparkContext: Created broadcast 1 from broadcast at DAGScheduler.scala:1585
[2024-10-05T21:22:56.743+0000] {spark_submit.py:579} INFO - 24/10/05 21:22:56 INFO DAGScheduler: Submitting 1 missing tasks from ResultStage 0 (MapPartitionsRDD[3] at json at NativeMethodAccessorImpl.java:0) (first 15 tasks are for partitions Vector(0))
[2024-10-05T21:22:56.744+0000] {spark_submit.py:579} INFO - 24/10/05 21:22:56 INFO TaskSchedulerImpl: Adding task set 0.0 with 1 tasks resource profile 0
[2024-10-05T21:22:56.784+0000] {spark_submit.py:579} INFO - 24/10/05 21:22:56 INFO TaskSetManager: Starting task 0.0 in stage 0.0 (TID 0) (e823e678f418, executor driver, partition 0, PROCESS_LOCAL, 9626 bytes)
[2024-10-05T21:22:56.803+0000] {spark_submit.py:579} INFO - 24/10/05 21:22:56 INFO Executor: Running task 0.0 in stage 0.0 (TID 0)
[2024-10-05T21:22:56.911+0000] {spark_submit.py:579} INFO - 24/10/05 21:22:56 INFO FileScanRDD: Reading File path: file:///opt/***/datalake/rawzone/pichau_2024-10-05/data.json, range: 0-121800, partition values: [empty row]
[2024-10-05T21:22:57.117+0000] {spark_submit.py:579} INFO - 24/10/05 21:22:57 INFO CodeGenerator: Code generated in 173.346042 ms
[2024-10-05T21:22:57.201+0000] {spark_submit.py:579} INFO - 24/10/05 21:22:57 INFO Executor: Finished task 0.0 in stage 0.0 (TID 0). 2073 bytes result sent to driver
[2024-10-05T21:22:57.211+0000] {spark_submit.py:579} INFO - 24/10/05 21:22:57 INFO TaskSetManager: Finished task 0.0 in stage 0.0 (TID 0) in 437 ms on e823e678f418 (executor driver) (1/1)
[2024-10-05T21:22:57.212+0000] {spark_submit.py:579} INFO - 24/10/05 21:22:57 INFO TaskSchedulerImpl: Removed TaskSet 0.0, whose tasks have all completed, from pool
[2024-10-05T21:22:57.219+0000] {spark_submit.py:579} INFO - 24/10/05 21:22:57 INFO DAGScheduler: ResultStage 0 (json at NativeMethodAccessorImpl.java:0) finished in 0.562 s
[2024-10-05T21:22:57.228+0000] {spark_submit.py:579} INFO - 24/10/05 21:22:57 INFO DAGScheduler: Job 0 is finished. Cancelling potential speculative or zombie tasks for this job
[2024-10-05T21:22:57.230+0000] {spark_submit.py:579} INFO - 24/10/05 21:22:57 INFO TaskSchedulerImpl: Killing all running tasks in stage 0: Stage finished
[2024-10-05T21:22:57.232+0000] {spark_submit.py:579} INFO - 24/10/05 21:22:57 INFO DAGScheduler: Job 0 finished: json at NativeMethodAccessorImpl.java:0, took 0.610666 s
[2024-10-05T21:22:58.435+0000] {spark_submit.py:579} INFO - 24/10/05 21:22:58 INFO FileSourceStrategy: Pushed Filters: IsNotNull(category),EqualTo(category,placas-mae)
[2024-10-05T21:22:58.444+0000] {spark_submit.py:579} INFO - 24/10/05 21:22:58 INFO FileSourceStrategy: Post-Scan Filters: isnotnull(category#8),(category#8 = placas-mae)
[2024-10-05T21:22:58.460+0000] {spark_submit.py:579} INFO - 24/10/05 21:22:58 INFO BlockManagerInfo: Removed broadcast_0_piece0 on e823e678f418:41397 in memory (size: 34.2 KiB, free: 127.2 MiB)
[2024-10-05T21:22:58.530+0000] {spark_submit.py:579} INFO - 24/10/05 21:22:58 INFO ParquetUtils: Using default output committer for Parquet: org.apache.parquet.hadoop.ParquetOutputCommitter
[2024-10-05T21:22:58.548+0000] {spark_submit.py:579} INFO - 24/10/05 21:22:58 INFO FileOutputCommitter: File Output Committer Algorithm version is 1
[2024-10-05T21:22:58.549+0000] {spark_submit.py:579} INFO - 24/10/05 21:22:58 INFO FileOutputCommitter: FileOutputCommitter skip cleanup _temporary folders under output directory:false, ignore cleanup failures: false
[2024-10-05T21:22:58.549+0000] {spark_submit.py:579} INFO - 24/10/05 21:22:58 INFO SQLHadoopMapReduceCommitProtocol: Using user defined output committer class org.apache.parquet.hadoop.ParquetOutputCommitter
[2024-10-05T21:22:58.550+0000] {spark_submit.py:579} INFO - 24/10/05 21:22:58 INFO FileOutputCommitter: File Output Committer Algorithm version is 1
[2024-10-05T21:22:58.550+0000] {spark_submit.py:579} INFO - 24/10/05 21:22:58 INFO FileOutputCommitter: FileOutputCommitter skip cleanup _temporary folders under output directory:false, ignore cleanup failures: false
[2024-10-05T21:22:58.550+0000] {spark_submit.py:579} INFO - 24/10/05 21:22:58 INFO SQLHadoopMapReduceCommitProtocol: Using output committer class org.apache.parquet.hadoop.ParquetOutputCommitter
[2024-10-05T21:22:58.779+0000] {spark_submit.py:579} INFO - 24/10/05 21:22:58 INFO CodeGenerator: Code generated in 79.904591 ms
[2024-10-05T21:22:58.783+0000] {spark_submit.py:579} INFO - 24/10/05 21:22:58 INFO MemoryStore: Block broadcast_2 stored as values in memory (estimated size 199.3 KiB, free 127.0 MiB)
[2024-10-05T21:22:58.799+0000] {spark_submit.py:579} INFO - 24/10/05 21:22:58 INFO MemoryStore: Block broadcast_2_piece0 stored as bytes in memory (estimated size 34.2 KiB, free 126.9 MiB)
[2024-10-05T21:22:58.800+0000] {spark_submit.py:579} INFO - 24/10/05 21:22:58 INFO BlockManagerInfo: Added broadcast_2_piece0 in memory on e823e678f418:41397 (size: 34.2 KiB, free: 127.2 MiB)
[2024-10-05T21:22:58.801+0000] {spark_submit.py:579} INFO - 24/10/05 21:22:58 INFO SparkContext: Created broadcast 2 from parquet at NativeMethodAccessorImpl.java:0
[2024-10-05T21:22:58.807+0000] {spark_submit.py:579} INFO - 24/10/05 21:22:58 INFO FileSourceScanExec: Planning scan with bin packing, max size: 4316104 bytes, open cost is considered as scanning 4194304 bytes.
[2024-10-05T21:22:58.827+0000] {spark_submit.py:579} INFO - 24/10/05 21:22:58 INFO SparkContext: Starting job: parquet at NativeMethodAccessorImpl.java:0
[2024-10-05T21:22:58.829+0000] {spark_submit.py:579} INFO - 24/10/05 21:22:58 INFO DAGScheduler: Got job 1 (parquet at NativeMethodAccessorImpl.java:0) with 1 output partitions
[2024-10-05T21:22:58.830+0000] {spark_submit.py:579} INFO - 24/10/05 21:22:58 INFO DAGScheduler: Final stage: ResultStage 1 (parquet at NativeMethodAccessorImpl.java:0)
[2024-10-05T21:22:58.830+0000] {spark_submit.py:579} INFO - 24/10/05 21:22:58 INFO DAGScheduler: Parents of final stage: List()
[2024-10-05T21:22:58.831+0000] {spark_submit.py:579} INFO - 24/10/05 21:22:58 INFO DAGScheduler: Missing parents: List()
[2024-10-05T21:22:58.831+0000] {spark_submit.py:579} INFO - 24/10/05 21:22:58 INFO DAGScheduler: Submitting ResultStage 1 (MapPartitionsRDD[7] at parquet at NativeMethodAccessorImpl.java:0), which has no missing parents
[2024-10-05T21:22:58.849+0000] {spark_submit.py:579} INFO - 24/10/05 21:22:58 INFO BlockManagerInfo: Removed broadcast_1_piece0 on e823e678f418:41397 in memory (size: 7.5 KiB, free: 127.2 MiB)
[2024-10-05T21:22:58.880+0000] {spark_submit.py:579} INFO - 24/10/05 21:22:58 INFO MemoryStore: Block broadcast_3 stored as values in memory (estimated size 229.9 KiB, free 126.7 MiB)
[2024-10-05T21:22:58.885+0000] {spark_submit.py:579} INFO - 24/10/05 21:22:58 INFO MemoryStore: Block broadcast_3_piece0 stored as bytes in memory (estimated size 81.9 KiB, free 126.7 MiB)
[2024-10-05T21:22:58.892+0000] {spark_submit.py:579} INFO - 24/10/05 21:22:58 INFO BlockManagerInfo: Added broadcast_3_piece0 in memory on e823e678f418:41397 (size: 81.9 KiB, free: 127.1 MiB)
[2024-10-05T21:22:58.893+0000] {spark_submit.py:579} INFO - 24/10/05 21:22:58 INFO SparkContext: Created broadcast 3 from broadcast at DAGScheduler.scala:1585
[2024-10-05T21:22:58.893+0000] {spark_submit.py:579} INFO - 24/10/05 21:22:58 INFO DAGScheduler: Submitting 1 missing tasks from ResultStage 1 (MapPartitionsRDD[7] at parquet at NativeMethodAccessorImpl.java:0) (first 15 tasks are for partitions Vector(0))
[2024-10-05T21:22:58.894+0000] {spark_submit.py:579} INFO - 24/10/05 21:22:58 INFO TaskSchedulerImpl: Adding task set 1.0 with 1 tasks resource profile 0
[2024-10-05T21:22:58.894+0000] {spark_submit.py:579} INFO - 24/10/05 21:22:58 INFO TaskSetManager: Starting task 0.0 in stage 1.0 (TID 1) (e823e678f418, executor driver, partition 0, PROCESS_LOCAL, 9626 bytes)
[2024-10-05T21:22:58.894+0000] {spark_submit.py:579} INFO - 24/10/05 21:22:58 INFO Executor: Running task 0.0 in stage 1.0 (TID 1)
[2024-10-05T21:22:59.004+0000] {spark_submit.py:579} INFO - 24/10/05 21:22:59 INFO CodeGenerator: Code generated in 50.117642 ms
[2024-10-05T21:22:59.009+0000] {spark_submit.py:579} INFO - 24/10/05 21:22:59 INFO FileOutputCommitter: File Output Committer Algorithm version is 1
[2024-10-05T21:22:59.009+0000] {spark_submit.py:579} INFO - 24/10/05 21:22:59 INFO FileOutputCommitter: FileOutputCommitter skip cleanup _temporary folders under output directory:false, ignore cleanup failures: false
[2024-10-05T21:22:59.010+0000] {spark_submit.py:579} INFO - 24/10/05 21:22:59 INFO SQLHadoopMapReduceCommitProtocol: Using user defined output committer class org.apache.parquet.hadoop.ParquetOutputCommitter
[2024-10-05T21:22:59.010+0000] {spark_submit.py:579} INFO - 24/10/05 21:22:59 INFO FileOutputCommitter: File Output Committer Algorithm version is 1
[2024-10-05T21:22:59.011+0000] {spark_submit.py:579} INFO - 24/10/05 21:22:59 INFO FileOutputCommitter: FileOutputCommitter skip cleanup _temporary folders under output directory:false, ignore cleanup failures: false
[2024-10-05T21:22:59.011+0000] {spark_submit.py:579} INFO - 24/10/05 21:22:59 INFO SQLHadoopMapReduceCommitProtocol: Using output committer class org.apache.parquet.hadoop.ParquetOutputCommitter
[2024-10-05T21:22:59.015+0000] {spark_submit.py:579} INFO - 24/10/05 21:22:59 INFO CodecConfig: Compression: SNAPPY
[2024-10-05T21:22:59.017+0000] {spark_submit.py:579} INFO - 24/10/05 21:22:59 INFO CodecConfig: Compression: SNAPPY
[2024-10-05T21:22:59.040+0000] {spark_submit.py:579} INFO - 24/10/05 21:22:59 INFO ParquetOutputFormat: ParquetRecordWriter [block size: 134217728b, row group padding size: 8388608b, validating: false]
[2024-10-05T21:22:59.065+0000] {spark_submit.py:579} INFO - 24/10/05 21:22:59 INFO ParquetWriteSupport: Initialized Parquet WriteSupport with Catalyst schema:
[2024-10-05T21:22:59.066+0000] {spark_submit.py:579} INFO - {
[2024-10-05T21:22:59.066+0000] {spark_submit.py:579} INFO - "type" : "struct",
[2024-10-05T21:22:59.066+0000] {spark_submit.py:579} INFO - "fields" : [ {
[2024-10-05T21:22:59.067+0000] {spark_submit.py:579} INFO - "name" : "id_placa_mae",
[2024-10-05T21:22:59.067+0000] {spark_submit.py:579} INFO - "type" : "long",
[2024-10-05T21:22:59.067+0000] {spark_submit.py:579} INFO - "nullable" : false,
[2024-10-05T21:22:59.068+0000] {spark_submit.py:579} INFO - "metadata" : { }
[2024-10-05T21:22:59.068+0000] {spark_submit.py:579} INFO - }, {
[2024-10-05T21:22:59.068+0000] {spark_submit.py:579} INFO - "name" : "name",
[2024-10-05T21:22:59.068+0000] {spark_submit.py:579} INFO - "type" : "string",
[2024-10-05T21:22:59.069+0000] {spark_submit.py:579} INFO - "nullable" : true,
[2024-10-05T21:22:59.069+0000] {spark_submit.py:579} INFO - "metadata" : { }
[2024-10-05T21:22:59.070+0000] {spark_submit.py:579} INFO - }, {
[2024-10-05T21:22:59.071+0000] {spark_submit.py:579} INFO - "name" : "marca",
[2024-10-05T21:22:59.072+0000] {spark_submit.py:579} INFO - "type" : "string",
[2024-10-05T21:22:59.073+0000] {spark_submit.py:579} INFO - "nullable" : true,
[2024-10-05T21:22:59.074+0000] {spark_submit.py:579} INFO - "metadata" : { }
[2024-10-05T21:22:59.074+0000] {spark_submit.py:579} INFO - }, {
[2024-10-05T21:22:59.075+0000] {spark_submit.py:579} INFO - "name" : "modelo",
[2024-10-05T21:22:59.075+0000] {spark_submit.py:579} INFO - "type" : "string",
[2024-10-05T21:22:59.076+0000] {spark_submit.py:579} INFO - "nullable" : true,
[2024-10-05T21:22:59.076+0000] {spark_submit.py:579} INFO - "metadata" : { }
[2024-10-05T21:22:59.076+0000] {spark_submit.py:579} INFO - }, {
[2024-10-05T21:22:59.077+0000] {spark_submit.py:579} INFO - "name" : "socket",
[2024-10-05T21:22:59.077+0000] {spark_submit.py:579} INFO - "type" : "string",
[2024-10-05T21:22:59.077+0000] {spark_submit.py:579} INFO - "nullable" : true,
[2024-10-05T21:22:59.078+0000] {spark_submit.py:579} INFO - "metadata" : { }
[2024-10-05T21:22:59.078+0000] {spark_submit.py:579} INFO - }, {
[2024-10-05T21:22:59.078+0000] {spark_submit.py:579} INFO - "name" : "DDR",
[2024-10-05T21:22:59.078+0000] {spark_submit.py:579} INFO - "type" : "long",
[2024-10-05T21:22:59.079+0000] {spark_submit.py:579} INFO - "nullable" : true,
[2024-10-05T21:22:59.079+0000] {spark_submit.py:579} INFO - "metadata" : { }
[2024-10-05T21:22:59.079+0000] {spark_submit.py:579} INFO - }, {
[2024-10-05T21:22:59.080+0000] {spark_submit.py:579} INFO - "name" : "value",
[2024-10-05T21:22:59.080+0000] {spark_submit.py:579} INFO - "type" : "double",
[2024-10-05T21:22:59.080+0000] {spark_submit.py:579} INFO - "nullable" : true,
[2024-10-05T21:22:59.081+0000] {spark_submit.py:579} INFO - "metadata" : { }
[2024-10-05T21:22:59.081+0000] {spark_submit.py:579} INFO - }, {
[2024-10-05T21:22:59.081+0000] {spark_submit.py:579} INFO - "name" : "link",
[2024-10-05T21:22:59.082+0000] {spark_submit.py:579} INFO - "type" : "string",
[2024-10-05T21:22:59.082+0000] {spark_submit.py:579} INFO - "nullable" : true,
[2024-10-05T21:22:59.082+0000] {spark_submit.py:579} INFO - "metadata" : { }
[2024-10-05T21:22:59.083+0000] {spark_submit.py:579} INFO - } ]
[2024-10-05T21:22:59.083+0000] {spark_submit.py:579} INFO - }
[2024-10-05T21:22:59.083+0000] {spark_submit.py:579} INFO - and corresponding Parquet message type:
[2024-10-05T21:22:59.084+0000] {spark_submit.py:579} INFO - message spark_schema {
[2024-10-05T21:22:59.084+0000] {spark_submit.py:579} INFO - required int64 id_placa_mae;
[2024-10-05T21:22:59.084+0000] {spark_submit.py:579} INFO - optional binary name (STRING);
[2024-10-05T21:22:59.085+0000] {spark_submit.py:579} INFO - optional binary marca (STRING);
[2024-10-05T21:22:59.085+0000] {spark_submit.py:579} INFO - optional binary modelo (STRING);
[2024-10-05T21:22:59.085+0000] {spark_submit.py:579} INFO - optional binary socket (STRING);
[2024-10-05T21:22:59.086+0000] {spark_submit.py:579} INFO - optional int64 DDR;
[2024-10-05T21:22:59.086+0000] {spark_submit.py:579} INFO - optional double value;
[2024-10-05T21:22:59.087+0000] {spark_submit.py:579} INFO - optional binary link (STRING);
[2024-10-05T21:22:59.089+0000] {spark_submit.py:579} INFO - }
[2024-10-05T21:22:59.090+0000] {spark_submit.py:579} INFO - 
[2024-10-05T21:22:59.090+0000] {spark_submit.py:579} INFO - 
[2024-10-05T21:22:59.200+0000] {spark_submit.py:579} INFO - 24/10/05 21:22:59 INFO CodecPool: Got brand-new compressor [.snappy]
[2024-10-05T21:22:59.362+0000] {spark_submit.py:579} INFO - 24/10/05 21:22:59 INFO FileScanRDD: Reading File path: file:///opt/***/datalake/rawzone/pichau_2024-10-05/data.json, range: 0-121800, partition values: [empty row]
[2024-10-05T21:22:59.376+0000] {spark_submit.py:579} INFO - 24/10/05 21:22:59 INFO CodeGenerator: Code generated in 11.020247 ms
[2024-10-05T21:22:59.402+0000] {spark_submit.py:579} INFO - 24/10/05 21:22:59 INFO CodeGenerator: Code generated in 6.420977 ms
[2024-10-05T21:22:59.803+0000] {spark_submit.py:579} INFO - 24/10/05 21:22:59 INFO FileOutputCommitter: Saved output of task 'attempt_202410052122588585323384946089808_0001_m_000000_1' to file:/opt/***/datalake/silverzone/pichau_2024-10-05/placa_mae.parquet/_temporary/0/task_202410052122588585323384946089808_0001_m_000000
[2024-10-05T21:22:59.805+0000] {spark_submit.py:579} INFO - 24/10/05 21:22:59 INFO SparkHadoopMapRedUtil: attempt_202410052122588585323384946089808_0001_m_000000_1: Committed. Elapsed time: 36 ms.
[2024-10-05T21:22:59.813+0000] {spark_submit.py:579} INFO - 24/10/05 21:22:59 INFO Executor: Finished task 0.0 in stage 1.0 (TID 1). 2669 bytes result sent to driver
[2024-10-05T21:22:59.816+0000] {spark_submit.py:579} INFO - 24/10/05 21:22:59 INFO TaskSetManager: Finished task 0.0 in stage 1.0 (TID 1) in 925 ms on e823e678f418 (executor driver) (1/1)
[2024-10-05T21:22:59.816+0000] {spark_submit.py:579} INFO - 24/10/05 21:22:59 INFO TaskSchedulerImpl: Removed TaskSet 1.0, whose tasks have all completed, from pool
[2024-10-05T21:22:59.818+0000] {spark_submit.py:579} INFO - 24/10/05 21:22:59 INFO DAGScheduler: ResultStage 1 (parquet at NativeMethodAccessorImpl.java:0) finished in 0.985 s
[2024-10-05T21:22:59.819+0000] {spark_submit.py:579} INFO - 24/10/05 21:22:59 INFO DAGScheduler: Job 1 is finished. Cancelling potential speculative or zombie tasks for this job
[2024-10-05T21:22:59.819+0000] {spark_submit.py:579} INFO - 24/10/05 21:22:59 INFO TaskSchedulerImpl: Killing all running tasks in stage 1: Stage finished
[2024-10-05T21:22:59.823+0000] {spark_submit.py:579} INFO - 24/10/05 21:22:59 INFO DAGScheduler: Job 1 finished: parquet at NativeMethodAccessorImpl.java:0, took 0.990206 s
[2024-10-05T21:22:59.824+0000] {spark_submit.py:579} INFO - 24/10/05 21:22:59 INFO FileFormatWriter: Start to commit write Job 6039c267-c453-4cc2-8f24-0289394baba7.
[2024-10-05T21:23:00.047+0000] {spark_submit.py:579} INFO - 24/10/05 21:23:00 INFO FileFormatWriter: Write Job 6039c267-c453-4cc2-8f24-0289394baba7 committed. Elapsed time: 223 ms.
[2024-10-05T21:23:00.049+0000] {spark_submit.py:579} INFO - 24/10/05 21:23:00 INFO FileFormatWriter: Finished processing stats for write job 6039c267-c453-4cc2-8f24-0289394baba7.
[2024-10-05T21:23:00.110+0000] {spark_submit.py:579} INFO - 24/10/05 21:23:00 INFO FileSourceStrategy: Pushed Filters: IsNotNull(category),EqualTo(category,memoria-ram)
[2024-10-05T21:23:00.111+0000] {spark_submit.py:579} INFO - 24/10/05 21:23:00 INFO FileSourceStrategy: Post-Scan Filters: isnotnull(category#8),(category#8 = memoria-ram)
[2024-10-05T21:23:00.127+0000] {spark_submit.py:579} INFO - 24/10/05 21:23:00 INFO ParquetUtils: Using default output committer for Parquet: org.apache.parquet.hadoop.ParquetOutputCommitter
[2024-10-05T21:23:00.129+0000] {spark_submit.py:579} INFO - 24/10/05 21:23:00 INFO FileOutputCommitter: File Output Committer Algorithm version is 1
[2024-10-05T21:23:00.129+0000] {spark_submit.py:579} INFO - 24/10/05 21:23:00 INFO FileOutputCommitter: FileOutputCommitter skip cleanup _temporary folders under output directory:false, ignore cleanup failures: false
[2024-10-05T21:23:00.130+0000] {spark_submit.py:579} INFO - 24/10/05 21:23:00 INFO SQLHadoopMapReduceCommitProtocol: Using user defined output committer class org.apache.parquet.hadoop.ParquetOutputCommitter
[2024-10-05T21:23:00.130+0000] {spark_submit.py:579} INFO - 24/10/05 21:23:00 INFO FileOutputCommitter: File Output Committer Algorithm version is 1
[2024-10-05T21:23:00.130+0000] {spark_submit.py:579} INFO - 24/10/05 21:23:00 INFO FileOutputCommitter: FileOutputCommitter skip cleanup _temporary folders under output directory:false, ignore cleanup failures: false
[2024-10-05T21:23:00.131+0000] {spark_submit.py:579} INFO - 24/10/05 21:23:00 INFO SQLHadoopMapReduceCommitProtocol: Using output committer class org.apache.parquet.hadoop.ParquetOutputCommitter
[2024-10-05T21:23:00.266+0000] {spark_submit.py:579} INFO - 24/10/05 21:23:00 INFO CodeGenerator: Code generated in 50.973692 ms
[2024-10-05T21:23:00.269+0000] {spark_submit.py:579} INFO - 24/10/05 21:23:00 INFO MemoryStore: Block broadcast_4 stored as values in memory (estimated size 199.3 KiB, free 126.5 MiB)
[2024-10-05T21:23:00.282+0000] {spark_submit.py:579} INFO - 24/10/05 21:23:00 INFO MemoryStore: Block broadcast_4_piece0 stored as bytes in memory (estimated size 34.2 KiB, free 126.4 MiB)
[2024-10-05T21:23:00.283+0000] {spark_submit.py:579} INFO - 24/10/05 21:23:00 INFO BlockManagerInfo: Added broadcast_4_piece0 in memory on e823e678f418:41397 (size: 34.2 KiB, free: 127.1 MiB)
[2024-10-05T21:23:00.284+0000] {spark_submit.py:579} INFO - 24/10/05 21:23:00 INFO SparkContext: Created broadcast 4 from parquet at NativeMethodAccessorImpl.java:0
[2024-10-05T21:23:00.285+0000] {spark_submit.py:579} INFO - 24/10/05 21:23:00 INFO FileSourceScanExec: Planning scan with bin packing, max size: 4316104 bytes, open cost is considered as scanning 4194304 bytes.
[2024-10-05T21:23:00.293+0000] {spark_submit.py:579} INFO - 24/10/05 21:23:00 INFO SparkContext: Starting job: parquet at NativeMethodAccessorImpl.java:0
[2024-10-05T21:23:00.294+0000] {spark_submit.py:579} INFO - 24/10/05 21:23:00 INFO DAGScheduler: Got job 2 (parquet at NativeMethodAccessorImpl.java:0) with 1 output partitions
[2024-10-05T21:23:00.294+0000] {spark_submit.py:579} INFO - 24/10/05 21:23:00 INFO DAGScheduler: Final stage: ResultStage 2 (parquet at NativeMethodAccessorImpl.java:0)
[2024-10-05T21:23:00.295+0000] {spark_submit.py:579} INFO - 24/10/05 21:23:00 INFO DAGScheduler: Parents of final stage: List()
[2024-10-05T21:23:00.296+0000] {spark_submit.py:579} INFO - 24/10/05 21:23:00 INFO DAGScheduler: Missing parents: List()
[2024-10-05T21:23:00.296+0000] {spark_submit.py:579} INFO - 24/10/05 21:23:00 INFO DAGScheduler: Submitting ResultStage 2 (MapPartitionsRDD[11] at parquet at NativeMethodAccessorImpl.java:0), which has no missing parents
[2024-10-05T21:23:00.314+0000] {spark_submit.py:579} INFO - 24/10/05 21:23:00 INFO MemoryStore: Block broadcast_5 stored as values in memory (estimated size 237.6 KiB, free 126.2 MiB)
[2024-10-05T21:23:00.316+0000] {spark_submit.py:579} INFO - 24/10/05 21:23:00 INFO MemoryStore: Block broadcast_5_piece0 stored as bytes in memory (estimated size 83.6 KiB, free 126.1 MiB)
[2024-10-05T21:23:00.317+0000] {spark_submit.py:579} INFO - 24/10/05 21:23:00 INFO BlockManagerInfo: Added broadcast_5_piece0 in memory on e823e678f418:41397 (size: 83.6 KiB, free: 127.0 MiB)
[2024-10-05T21:23:00.317+0000] {spark_submit.py:579} INFO - 24/10/05 21:23:00 INFO SparkContext: Created broadcast 5 from broadcast at DAGScheduler.scala:1585
[2024-10-05T21:23:00.318+0000] {spark_submit.py:579} INFO - 24/10/05 21:23:00 INFO DAGScheduler: Submitting 1 missing tasks from ResultStage 2 (MapPartitionsRDD[11] at parquet at NativeMethodAccessorImpl.java:0) (first 15 tasks are for partitions Vector(0))
[2024-10-05T21:23:00.319+0000] {spark_submit.py:579} INFO - 24/10/05 21:23:00 INFO TaskSchedulerImpl: Adding task set 2.0 with 1 tasks resource profile 0
[2024-10-05T21:23:00.320+0000] {spark_submit.py:579} INFO - 24/10/05 21:23:00 INFO TaskSetManager: Starting task 0.0 in stage 2.0 (TID 2) (e823e678f418, executor driver, partition 0, PROCESS_LOCAL, 9626 bytes)
[2024-10-05T21:23:00.320+0000] {spark_submit.py:579} INFO - 24/10/05 21:23:00 INFO Executor: Running task 0.0 in stage 2.0 (TID 2)
[2024-10-05T21:23:00.389+0000] {spark_submit.py:579} INFO - 24/10/05 21:23:00 INFO CodeGenerator: Code generated in 45.218754 ms
[2024-10-05T21:23:00.391+0000] {spark_submit.py:579} INFO - 24/10/05 21:23:00 INFO FileOutputCommitter: File Output Committer Algorithm version is 1
[2024-10-05T21:23:00.392+0000] {spark_submit.py:579} INFO - 24/10/05 21:23:00 INFO FileOutputCommitter: FileOutputCommitter skip cleanup _temporary folders under output directory:false, ignore cleanup failures: false
[2024-10-05T21:23:00.393+0000] {spark_submit.py:579} INFO - 24/10/05 21:23:00 INFO SQLHadoopMapReduceCommitProtocol: Using user defined output committer class org.apache.parquet.hadoop.ParquetOutputCommitter
[2024-10-05T21:23:00.393+0000] {spark_submit.py:579} INFO - 24/10/05 21:23:00 INFO FileOutputCommitter: File Output Committer Algorithm version is 1
[2024-10-05T21:23:00.394+0000] {spark_submit.py:579} INFO - 24/10/05 21:23:00 INFO FileOutputCommitter: FileOutputCommitter skip cleanup _temporary folders under output directory:false, ignore cleanup failures: false
[2024-10-05T21:23:00.394+0000] {spark_submit.py:579} INFO - 24/10/05 21:23:00 INFO SQLHadoopMapReduceCommitProtocol: Using output committer class org.apache.parquet.hadoop.ParquetOutputCommitter
[2024-10-05T21:23:00.394+0000] {spark_submit.py:579} INFO - 24/10/05 21:23:00 INFO CodecConfig: Compression: SNAPPY
[2024-10-05T21:23:00.395+0000] {spark_submit.py:579} INFO - 24/10/05 21:23:00 INFO CodecConfig: Compression: SNAPPY
[2024-10-05T21:23:00.395+0000] {spark_submit.py:579} INFO - 24/10/05 21:23:00 INFO ParquetOutputFormat: ParquetRecordWriter [block size: 134217728b, row group padding size: 8388608b, validating: false]
[2024-10-05T21:23:00.396+0000] {spark_submit.py:579} INFO - 24/10/05 21:23:00 INFO ParquetWriteSupport: Initialized Parquet WriteSupport with Catalyst schema:
[2024-10-05T21:23:00.396+0000] {spark_submit.py:579} INFO - {
[2024-10-05T21:23:00.397+0000] {spark_submit.py:579} INFO - "type" : "struct",
[2024-10-05T21:23:00.397+0000] {spark_submit.py:579} INFO - "fields" : [ {
[2024-10-05T21:23:00.397+0000] {spark_submit.py:579} INFO - "name" : "id_memoria_ram",
[2024-10-05T21:23:00.398+0000] {spark_submit.py:579} INFO - "type" : "long",
[2024-10-05T21:23:00.398+0000] {spark_submit.py:579} INFO - "nullable" : false,
[2024-10-05T21:23:00.398+0000] {spark_submit.py:579} INFO - "metadata" : { }
[2024-10-05T21:23:00.399+0000] {spark_submit.py:579} INFO - }, {
[2024-10-05T21:23:00.399+0000] {spark_submit.py:579} INFO - "name" : "name",
[2024-10-05T21:23:00.399+0000] {spark_submit.py:579} INFO - "type" : "string",
[2024-10-05T21:23:00.399+0000] {spark_submit.py:579} INFO - "nullable" : true,
[2024-10-05T21:23:00.400+0000] {spark_submit.py:579} INFO - "metadata" : { }
[2024-10-05T21:23:00.400+0000] {spark_submit.py:579} INFO - }, {
[2024-10-05T21:23:00.400+0000] {spark_submit.py:579} INFO - "name" : "marca",
[2024-10-05T21:23:00.400+0000] {spark_submit.py:579} INFO - "type" : "string",
[2024-10-05T21:23:00.401+0000] {spark_submit.py:579} INFO - "nullable" : true,
[2024-10-05T21:23:00.401+0000] {spark_submit.py:579} INFO - "metadata" : { }
[2024-10-05T21:23:00.401+0000] {spark_submit.py:579} INFO - }, {
[2024-10-05T21:23:00.402+0000] {spark_submit.py:579} INFO - "name" : "MHZ",
[2024-10-05T21:23:00.402+0000] {spark_submit.py:579} INFO - "type" : "long",
[2024-10-05T21:23:00.402+0000] {spark_submit.py:579} INFO - "nullable" : true,
[2024-10-05T21:23:00.403+0000] {spark_submit.py:579} INFO - "metadata" : { }
[2024-10-05T21:23:00.403+0000] {spark_submit.py:579} INFO - }, {
[2024-10-05T21:23:00.403+0000] {spark_submit.py:579} INFO - "name" : "GB",
[2024-10-05T21:23:00.404+0000] {spark_submit.py:579} INFO - "type" : "long",
[2024-10-05T21:23:00.404+0000] {spark_submit.py:579} INFO - "nullable" : true,
[2024-10-05T21:23:00.408+0000] {spark_submit.py:579} INFO - "metadata" : { }
[2024-10-05T21:23:00.408+0000] {spark_submit.py:579} INFO - }, {
[2024-10-05T21:23:00.408+0000] {spark_submit.py:579} INFO - "name" : "DDR",
[2024-10-05T21:23:00.409+0000] {spark_submit.py:579} INFO - "type" : "long",
[2024-10-05T21:23:00.409+0000] {spark_submit.py:579} INFO - "nullable" : true,
[2024-10-05T21:23:00.409+0000] {spark_submit.py:579} INFO - "metadata" : { }
[2024-10-05T21:23:00.410+0000] {spark_submit.py:579} INFO - }, {
[2024-10-05T21:23:00.410+0000] {spark_submit.py:579} INFO - "name" : "latencia",
[2024-10-05T21:23:00.410+0000] {spark_submit.py:579} INFO - "type" : "long",
[2024-10-05T21:23:00.411+0000] {spark_submit.py:579} INFO - "nullable" : true,
[2024-10-05T21:23:00.411+0000] {spark_submit.py:579} INFO - "metadata" : { }
[2024-10-05T21:23:00.411+0000] {spark_submit.py:579} INFO - }, {
[2024-10-05T21:23:00.412+0000] {spark_submit.py:579} INFO - "name" : "value",
[2024-10-05T21:23:00.412+0000] {spark_submit.py:579} INFO - "type" : "double",
[2024-10-05T21:23:00.413+0000] {spark_submit.py:579} INFO - "nullable" : true,
[2024-10-05T21:23:00.413+0000] {spark_submit.py:579} INFO - "metadata" : { }
[2024-10-05T21:23:00.413+0000] {spark_submit.py:579} INFO - }, {
[2024-10-05T21:23:00.414+0000] {spark_submit.py:579} INFO - "name" : "link",
[2024-10-05T21:23:00.414+0000] {spark_submit.py:579} INFO - "type" : "string",
[2024-10-05T21:23:00.415+0000] {spark_submit.py:579} INFO - "nullable" : true,
[2024-10-05T21:23:00.415+0000] {spark_submit.py:579} INFO - "metadata" : { }
[2024-10-05T21:23:00.415+0000] {spark_submit.py:579} INFO - } ]
[2024-10-05T21:23:00.416+0000] {spark_submit.py:579} INFO - }
[2024-10-05T21:23:00.416+0000] {spark_submit.py:579} INFO - and corresponding Parquet message type:
[2024-10-05T21:23:00.418+0000] {spark_submit.py:579} INFO - message spark_schema {
[2024-10-05T21:23:00.419+0000] {spark_submit.py:579} INFO - required int64 id_memoria_ram;
[2024-10-05T21:23:00.420+0000] {spark_submit.py:579} INFO - optional binary name (STRING);
[2024-10-05T21:23:00.420+0000] {spark_submit.py:579} INFO - optional binary marca (STRING);
[2024-10-05T21:23:00.420+0000] {spark_submit.py:579} INFO - optional int64 MHZ;
[2024-10-05T21:23:00.421+0000] {spark_submit.py:579} INFO - optional int64 GB;
[2024-10-05T21:23:00.422+0000] {spark_submit.py:579} INFO - optional int64 DDR;
[2024-10-05T21:23:00.424+0000] {spark_submit.py:579} INFO - optional int64 latencia;
[2024-10-05T21:23:00.426+0000] {spark_submit.py:579} INFO - optional double value;
[2024-10-05T21:23:00.427+0000] {spark_submit.py:579} INFO - optional binary link (STRING);
[2024-10-05T21:23:00.429+0000] {spark_submit.py:579} INFO - }
[2024-10-05T21:23:00.429+0000] {spark_submit.py:579} INFO - 
[2024-10-05T21:23:00.430+0000] {spark_submit.py:579} INFO - 
[2024-10-05T21:23:00.513+0000] {spark_submit.py:579} INFO - 24/10/05 21:23:00 INFO FileScanRDD: Reading File path: file:///opt/***/datalake/rawzone/pichau_2024-10-05/data.json, range: 0-121800, partition values: [empty row]
[2024-10-05T21:23:00.563+0000] {spark_submit.py:579} INFO - 24/10/05 21:23:00 INFO BlockManagerInfo: Removed broadcast_2_piece0 on e823e678f418:41397 in memory (size: 34.2 KiB, free: 127.0 MiB)
[2024-10-05T21:23:00.583+0000] {spark_submit.py:579} INFO - 24/10/05 21:23:00 INFO BlockManagerInfo: Removed broadcast_3_piece0 on e823e678f418:41397 in memory (size: 81.9 KiB, free: 127.1 MiB)
[2024-10-05T21:23:00.682+0000] {spark_submit.py:579} INFO - 24/10/05 21:23:00 INFO FileOutputCommitter: Saved output of task 'attempt_202410052123005668577996185982715_0002_m_000000_2' to file:/opt/***/datalake/silverzone/pichau_2024-10-05/memoria_k.parquet/_temporary/0/task_202410052123005668577996185982715_0002_m_000000
[2024-10-05T21:23:00.683+0000] {spark_submit.py:579} INFO - 24/10/05 21:23:00 INFO SparkHadoopMapRedUtil: attempt_202410052123005668577996185982715_0002_m_000000_2: Committed. Elapsed time: 35 ms.
[2024-10-05T21:23:00.684+0000] {spark_submit.py:579} INFO - 24/10/05 21:23:00 INFO Executor: Finished task 0.0 in stage 2.0 (TID 2). 2626 bytes result sent to driver
[2024-10-05T21:23:00.686+0000] {spark_submit.py:579} INFO - 24/10/05 21:23:00 INFO TaskSetManager: Finished task 0.0 in stage 2.0 (TID 2) in 367 ms on e823e678f418 (executor driver) (1/1)
[2024-10-05T21:23:00.687+0000] {spark_submit.py:579} INFO - 24/10/05 21:23:00 INFO TaskSchedulerImpl: Removed TaskSet 2.0, whose tasks have all completed, from pool
[2024-10-05T21:23:00.687+0000] {spark_submit.py:579} INFO - 24/10/05 21:23:00 INFO DAGScheduler: ResultStage 2 (parquet at NativeMethodAccessorImpl.java:0) finished in 0.392 s
[2024-10-05T21:23:00.689+0000] {spark_submit.py:579} INFO - 24/10/05 21:23:00 INFO DAGScheduler: Job 2 is finished. Cancelling potential speculative or zombie tasks for this job
[2024-10-05T21:23:00.693+0000] {spark_submit.py:579} INFO - 24/10/05 21:23:00 INFO TaskSchedulerImpl: Killing all running tasks in stage 2: Stage finished
[2024-10-05T21:23:00.695+0000] {spark_submit.py:579} INFO - 24/10/05 21:23:00 INFO DAGScheduler: Job 2 finished: parquet at NativeMethodAccessorImpl.java:0, took 0.395173 s
[2024-10-05T21:23:00.695+0000] {spark_submit.py:579} INFO - 24/10/05 21:23:00 INFO FileFormatWriter: Start to commit write Job 8f382c9b-ae57-426c-8249-f7b9216cc2d5.
[2024-10-05T21:23:00.902+0000] {spark_submit.py:579} INFO - 24/10/05 21:23:00 INFO FileFormatWriter: Write Job 8f382c9b-ae57-426c-8249-f7b9216cc2d5 committed. Elapsed time: 212 ms.
[2024-10-05T21:23:00.903+0000] {spark_submit.py:579} INFO - 24/10/05 21:23:00 INFO FileFormatWriter: Finished processing stats for write job 8f382c9b-ae57-426c-8249-f7b9216cc2d5.
[2024-10-05T21:23:00.958+0000] {spark_submit.py:579} INFO - 24/10/05 21:23:00 INFO FileSourceStrategy: Pushed Filters: IsNotNull(category),EqualTo(category,processadores)
[2024-10-05T21:23:00.960+0000] {spark_submit.py:579} INFO - 24/10/05 21:23:00 INFO FileSourceStrategy: Post-Scan Filters: isnotnull(category#8),(category#8 = processadores)
[2024-10-05T21:23:00.969+0000] {spark_submit.py:579} INFO - 24/10/05 21:23:00 INFO ParquetUtils: Using default output committer for Parquet: org.apache.parquet.hadoop.ParquetOutputCommitter
[2024-10-05T21:23:00.971+0000] {spark_submit.py:579} INFO - 24/10/05 21:23:00 INFO FileOutputCommitter: File Output Committer Algorithm version is 1
[2024-10-05T21:23:00.977+0000] {spark_submit.py:579} INFO - 24/10/05 21:23:00 INFO FileOutputCommitter: FileOutputCommitter skip cleanup _temporary folders under output directory:false, ignore cleanup failures: false
[2024-10-05T21:23:00.977+0000] {spark_submit.py:579} INFO - 24/10/05 21:23:00 INFO SQLHadoopMapReduceCommitProtocol: Using user defined output committer class org.apache.parquet.hadoop.ParquetOutputCommitter
[2024-10-05T21:23:00.978+0000] {spark_submit.py:579} INFO - 24/10/05 21:23:00 INFO FileOutputCommitter: File Output Committer Algorithm version is 1
[2024-10-05T21:23:00.978+0000] {spark_submit.py:579} INFO - 24/10/05 21:23:00 INFO FileOutputCommitter: FileOutputCommitter skip cleanup _temporary folders under output directory:false, ignore cleanup failures: false
[2024-10-05T21:23:00.978+0000] {spark_submit.py:579} INFO - 24/10/05 21:23:00 INFO SQLHadoopMapReduceCommitProtocol: Using output committer class org.apache.parquet.hadoop.ParquetOutputCommitter
[2024-10-05T21:23:01.086+0000] {spark_submit.py:579} INFO - 24/10/05 21:23:01 INFO CodeGenerator: Code generated in 35.971312 ms
[2024-10-05T21:23:01.091+0000] {spark_submit.py:579} INFO - 24/10/05 21:23:01 INFO MemoryStore: Block broadcast_6 stored as values in memory (estimated size 199.3 KiB, free 126.5 MiB)
[2024-10-05T21:23:01.099+0000] {spark_submit.py:579} INFO - 24/10/05 21:23:01 INFO MemoryStore: Block broadcast_6_piece0 stored as bytes in memory (estimated size 34.2 KiB, free 126.4 MiB)
[2024-10-05T21:23:01.100+0000] {spark_submit.py:579} INFO - 24/10/05 21:23:01 INFO BlockManagerInfo: Added broadcast_6_piece0 in memory on e823e678f418:41397 (size: 34.2 KiB, free: 127.1 MiB)
[2024-10-05T21:23:01.101+0000] {spark_submit.py:579} INFO - 24/10/05 21:23:01 INFO SparkContext: Created broadcast 6 from parquet at NativeMethodAccessorImpl.java:0
[2024-10-05T21:23:01.102+0000] {spark_submit.py:579} INFO - 24/10/05 21:23:01 INFO FileSourceScanExec: Planning scan with bin packing, max size: 4316104 bytes, open cost is considered as scanning 4194304 bytes.
[2024-10-05T21:23:01.115+0000] {spark_submit.py:579} INFO - 24/10/05 21:23:01 INFO SparkContext: Starting job: parquet at NativeMethodAccessorImpl.java:0
[2024-10-05T21:23:01.116+0000] {spark_submit.py:579} INFO - 24/10/05 21:23:01 INFO DAGScheduler: Got job 3 (parquet at NativeMethodAccessorImpl.java:0) with 1 output partitions
[2024-10-05T21:23:01.117+0000] {spark_submit.py:579} INFO - 24/10/05 21:23:01 INFO DAGScheduler: Final stage: ResultStage 3 (parquet at NativeMethodAccessorImpl.java:0)
[2024-10-05T21:23:01.117+0000] {spark_submit.py:579} INFO - 24/10/05 21:23:01 INFO DAGScheduler: Parents of final stage: List()
[2024-10-05T21:23:01.119+0000] {spark_submit.py:579} INFO - 24/10/05 21:23:01 INFO DAGScheduler: Missing parents: List()
[2024-10-05T21:23:01.120+0000] {spark_submit.py:579} INFO - 24/10/05 21:23:01 INFO DAGScheduler: Submitting ResultStage 3 (MapPartitionsRDD[15] at parquet at NativeMethodAccessorImpl.java:0), which has no missing parents
[2024-10-05T21:23:01.131+0000] {spark_submit.py:579} INFO - 24/10/05 21:23:01 INFO MemoryStore: Block broadcast_7 stored as values in memory (estimated size 231.7 KiB, free 126.2 MiB)
[2024-10-05T21:23:01.133+0000] {spark_submit.py:579} INFO - 24/10/05 21:23:01 INFO MemoryStore: Block broadcast_7_piece0 stored as bytes in memory (estimated size 82.0 KiB, free 126.1 MiB)
[2024-10-05T21:23:01.134+0000] {spark_submit.py:579} INFO - 24/10/05 21:23:01 INFO BlockManagerInfo: Added broadcast_7_piece0 in memory on e823e678f418:41397 (size: 82.0 KiB, free: 127.0 MiB)
[2024-10-05T21:23:01.137+0000] {spark_submit.py:579} INFO - 24/10/05 21:23:01 INFO SparkContext: Created broadcast 7 from broadcast at DAGScheduler.scala:1585
[2024-10-05T21:23:01.138+0000] {spark_submit.py:579} INFO - 24/10/05 21:23:01 INFO DAGScheduler: Submitting 1 missing tasks from ResultStage 3 (MapPartitionsRDD[15] at parquet at NativeMethodAccessorImpl.java:0) (first 15 tasks are for partitions Vector(0))
[2024-10-05T21:23:01.141+0000] {spark_submit.py:579} INFO - 24/10/05 21:23:01 INFO TaskSchedulerImpl: Adding task set 3.0 with 1 tasks resource profile 0
[2024-10-05T21:23:01.143+0000] {spark_submit.py:579} INFO - 24/10/05 21:23:01 INFO BlockManagerInfo: Removed broadcast_5_piece0 on e823e678f418:41397 in memory (size: 83.6 KiB, free: 127.1 MiB)
[2024-10-05T21:23:01.144+0000] {spark_submit.py:579} INFO - 24/10/05 21:23:01 INFO TaskSetManager: Starting task 0.0 in stage 3.0 (TID 3) (e823e678f418, executor driver, partition 0, PROCESS_LOCAL, 9626 bytes)
[2024-10-05T21:23:01.145+0000] {spark_submit.py:579} INFO - 24/10/05 21:23:01 INFO Executor: Running task 0.0 in stage 3.0 (TID 3)
[2024-10-05T21:23:01.191+0000] {spark_submit.py:579} INFO - 24/10/05 21:23:01 INFO CodeGenerator: Code generated in 30.619297 ms
[2024-10-05T21:23:01.193+0000] {spark_submit.py:579} INFO - 24/10/05 21:23:01 INFO FileOutputCommitter: File Output Committer Algorithm version is 1
[2024-10-05T21:23:01.194+0000] {spark_submit.py:579} INFO - 24/10/05 21:23:01 INFO FileOutputCommitter: FileOutputCommitter skip cleanup _temporary folders under output directory:false, ignore cleanup failures: false
[2024-10-05T21:23:01.195+0000] {spark_submit.py:579} INFO - 24/10/05 21:23:01 INFO SQLHadoopMapReduceCommitProtocol: Using user defined output committer class org.apache.parquet.hadoop.ParquetOutputCommitter
[2024-10-05T21:23:01.196+0000] {spark_submit.py:579} INFO - 24/10/05 21:23:01 INFO FileOutputCommitter: File Output Committer Algorithm version is 1
[2024-10-05T21:23:01.196+0000] {spark_submit.py:579} INFO - 24/10/05 21:23:01 INFO FileOutputCommitter: FileOutputCommitter skip cleanup _temporary folders under output directory:false, ignore cleanup failures: false
[2024-10-05T21:23:01.196+0000] {spark_submit.py:579} INFO - 24/10/05 21:23:01 INFO SQLHadoopMapReduceCommitProtocol: Using output committer class org.apache.parquet.hadoop.ParquetOutputCommitter
[2024-10-05T21:23:01.197+0000] {spark_submit.py:579} INFO - 24/10/05 21:23:01 INFO CodecConfig: Compression: SNAPPY
[2024-10-05T21:23:01.197+0000] {spark_submit.py:579} INFO - 24/10/05 21:23:01 INFO CodecConfig: Compression: SNAPPY
[2024-10-05T21:23:01.197+0000] {spark_submit.py:579} INFO - 24/10/05 21:23:01 INFO ParquetOutputFormat: ParquetRecordWriter [block size: 134217728b, row group padding size: 8388608b, validating: false]
[2024-10-05T21:23:01.200+0000] {spark_submit.py:579} INFO - 24/10/05 21:23:01 INFO ParquetWriteSupport: Initialized Parquet WriteSupport with Catalyst schema:
[2024-10-05T21:23:01.201+0000] {spark_submit.py:579} INFO - {
[2024-10-05T21:23:01.201+0000] {spark_submit.py:579} INFO - "type" : "struct",
[2024-10-05T21:23:01.202+0000] {spark_submit.py:579} INFO - "fields" : [ {
[2024-10-05T21:23:01.202+0000] {spark_submit.py:579} INFO - "name" : "id_processador",
[2024-10-05T21:23:01.202+0000] {spark_submit.py:579} INFO - "type" : "long",
[2024-10-05T21:23:01.203+0000] {spark_submit.py:579} INFO - "nullable" : false,
[2024-10-05T21:23:01.203+0000] {spark_submit.py:579} INFO - "metadata" : { }
[2024-10-05T21:23:01.204+0000] {spark_submit.py:579} INFO - }, {
[2024-10-05T21:23:01.204+0000] {spark_submit.py:579} INFO - "name" : "marca",
[2024-10-05T21:23:01.205+0000] {spark_submit.py:579} INFO - "type" : "string",
[2024-10-05T21:23:01.205+0000] {spark_submit.py:579} INFO - "nullable" : true,
[2024-10-05T21:23:01.206+0000] {spark_submit.py:579} INFO - "metadata" : { }
[2024-10-05T21:23:01.207+0000] {spark_submit.py:579} INFO - }, {
[2024-10-05T21:23:01.209+0000] {spark_submit.py:579} INFO - "name" : "modelo",
[2024-10-05T21:23:01.210+0000] {spark_submit.py:579} INFO - "type" : "string",
[2024-10-05T21:23:01.210+0000] {spark_submit.py:579} INFO - "nullable" : true,
[2024-10-05T21:23:01.211+0000] {spark_submit.py:579} INFO - "metadata" : { }
[2024-10-05T21:23:01.211+0000] {spark_submit.py:579} INFO - }, {
[2024-10-05T21:23:01.211+0000] {spark_submit.py:579} INFO - "name" : "frequencia_base",
[2024-10-05T21:23:01.212+0000] {spark_submit.py:579} INFO - "type" : "double",
[2024-10-05T21:23:01.212+0000] {spark_submit.py:579} INFO - "nullable" : true,
[2024-10-05T21:23:01.213+0000] {spark_submit.py:579} INFO - "metadata" : { }
[2024-10-05T21:23:01.213+0000] {spark_submit.py:579} INFO - }, {
[2024-10-05T21:23:01.213+0000] {spark_submit.py:579} INFO - "name" : "cache",
[2024-10-05T21:23:01.214+0000] {spark_submit.py:579} INFO - "type" : "long",
[2024-10-05T21:23:01.214+0000] {spark_submit.py:579} INFO - "nullable" : true,
[2024-10-05T21:23:01.215+0000] {spark_submit.py:579} INFO - "metadata" : { }
[2024-10-05T21:23:01.215+0000] {spark_submit.py:579} INFO - }, {
[2024-10-05T21:23:01.215+0000] {spark_submit.py:579} INFO - "name" : "value",
[2024-10-05T21:23:01.216+0000] {spark_submit.py:579} INFO - "type" : "double",
[2024-10-05T21:23:01.216+0000] {spark_submit.py:579} INFO - "nullable" : true,
[2024-10-05T21:23:01.217+0000] {spark_submit.py:579} INFO - "metadata" : { }
[2024-10-05T21:23:01.217+0000] {spark_submit.py:579} INFO - }, {
[2024-10-05T21:23:01.217+0000] {spark_submit.py:579} INFO - "name" : "link",
[2024-10-05T21:23:01.218+0000] {spark_submit.py:579} INFO - "type" : "string",
[2024-10-05T21:23:01.218+0000] {spark_submit.py:579} INFO - "nullable" : true,
[2024-10-05T21:23:01.218+0000] {spark_submit.py:579} INFO - "metadata" : { }
[2024-10-05T21:23:01.219+0000] {spark_submit.py:579} INFO - } ]
[2024-10-05T21:23:01.219+0000] {spark_submit.py:579} INFO - }
[2024-10-05T21:23:01.219+0000] {spark_submit.py:579} INFO - and corresponding Parquet message type:
[2024-10-05T21:23:01.220+0000] {spark_submit.py:579} INFO - message spark_schema {
[2024-10-05T21:23:01.220+0000] {spark_submit.py:579} INFO - required int64 id_processador;
[2024-10-05T21:23:01.221+0000] {spark_submit.py:579} INFO - optional binary marca (STRING);
[2024-10-05T21:23:01.221+0000] {spark_submit.py:579} INFO - optional binary modelo (STRING);
[2024-10-05T21:23:01.221+0000] {spark_submit.py:579} INFO - optional double frequencia_base;
[2024-10-05T21:23:01.223+0000] {spark_submit.py:579} INFO - optional int64 cache;
[2024-10-05T21:23:01.226+0000] {spark_submit.py:579} INFO - optional double value;
[2024-10-05T21:23:01.226+0000] {spark_submit.py:579} INFO - optional binary link (STRING);
[2024-10-05T21:23:01.227+0000] {spark_submit.py:579} INFO - }
[2024-10-05T21:23:01.227+0000] {spark_submit.py:579} INFO - 
[2024-10-05T21:23:01.227+0000] {spark_submit.py:579} INFO - 
[2024-10-05T21:23:01.301+0000] {spark_submit.py:579} INFO - 24/10/05 21:23:01 INFO FileScanRDD: Reading File path: file:///opt/***/datalake/rawzone/pichau_2024-10-05/data.json, range: 0-121800, partition values: [empty row]
[2024-10-05T21:23:01.411+0000] {spark_submit.py:579} INFO - 24/10/05 21:23:01 INFO FileOutputCommitter: Saved output of task 'attempt_202410052123018236534992520226548_0003_m_000000_3' to file:/opt/***/datalake/silverzone/pichau_2024-10-05/processador_k.parquet/_temporary/0/task_202410052123018236534992520226548_0003_m_000000
[2024-10-05T21:23:01.411+0000] {spark_submit.py:579} INFO - 24/10/05 21:23:01 INFO SparkHadoopMapRedUtil: attempt_202410052123018236534992520226548_0003_m_000000_3: Committed. Elapsed time: 41 ms.
[2024-10-05T21:23:01.413+0000] {spark_submit.py:579} INFO - 24/10/05 21:23:01 INFO Executor: Finished task 0.0 in stage 3.0 (TID 3). 2626 bytes result sent to driver
[2024-10-05T21:23:01.415+0000] {spark_submit.py:579} INFO - 24/10/05 21:23:01 INFO TaskSetManager: Finished task 0.0 in stage 3.0 (TID 3) in 276 ms on e823e678f418 (executor driver) (1/1)
[2024-10-05T21:23:01.416+0000] {spark_submit.py:579} INFO - 24/10/05 21:23:01 INFO TaskSchedulerImpl: Removed TaskSet 3.0, whose tasks have all completed, from pool
[2024-10-05T21:23:01.418+0000] {spark_submit.py:579} INFO - 24/10/05 21:23:01 INFO DAGScheduler: ResultStage 3 (parquet at NativeMethodAccessorImpl.java:0) finished in 0.298 s
[2024-10-05T21:23:01.418+0000] {spark_submit.py:579} INFO - 24/10/05 21:23:01 INFO DAGScheduler: Job 3 is finished. Cancelling potential speculative or zombie tasks for this job
[2024-10-05T21:23:01.419+0000] {spark_submit.py:579} INFO - 24/10/05 21:23:01 INFO TaskSchedulerImpl: Killing all running tasks in stage 3: Stage finished
[2024-10-05T21:23:01.420+0000] {spark_submit.py:579} INFO - 24/10/05 21:23:01 INFO DAGScheduler: Job 3 finished: parquet at NativeMethodAccessorImpl.java:0, took 0.301410 s
[2024-10-05T21:23:01.421+0000] {spark_submit.py:579} INFO - 24/10/05 21:23:01 INFO FileFormatWriter: Start to commit write Job fa362956-c6d5-4c2b-ae83-49c1fffabda8.
[2024-10-05T21:23:01.644+0000] {spark_submit.py:579} INFO - 24/10/05 21:23:01 INFO FileFormatWriter: Write Job fa362956-c6d5-4c2b-ae83-49c1fffabda8 committed. Elapsed time: 225 ms.
[2024-10-05T21:23:01.644+0000] {spark_submit.py:579} INFO - 24/10/05 21:23:01 INFO FileFormatWriter: Finished processing stats for write job fa362956-c6d5-4c2b-ae83-49c1fffabda8.
[2024-10-05T21:23:01.694+0000] {spark_submit.py:579} INFO - 24/10/05 21:23:01 INFO FileSourceStrategy: Pushed Filters: IsNotNull(category),EqualTo(category,placa-de-video-vga)
[2024-10-05T21:23:01.695+0000] {spark_submit.py:579} INFO - 24/10/05 21:23:01 INFO FileSourceStrategy: Post-Scan Filters: isnotnull(category#8),(category#8 = placa-de-video-vga)
[2024-10-05T21:23:01.706+0000] {spark_submit.py:579} INFO - 24/10/05 21:23:01 INFO ParquetUtils: Using default output committer for Parquet: org.apache.parquet.hadoop.ParquetOutputCommitter
[2024-10-05T21:23:01.708+0000] {spark_submit.py:579} INFO - 24/10/05 21:23:01 INFO FileOutputCommitter: File Output Committer Algorithm version is 1
[2024-10-05T21:23:01.709+0000] {spark_submit.py:579} INFO - 24/10/05 21:23:01 INFO FileOutputCommitter: FileOutputCommitter skip cleanup _temporary folders under output directory:false, ignore cleanup failures: false
[2024-10-05T21:23:01.710+0000] {spark_submit.py:579} INFO - 24/10/05 21:23:01 INFO SQLHadoopMapReduceCommitProtocol: Using user defined output committer class org.apache.parquet.hadoop.ParquetOutputCommitter
[2024-10-05T21:23:01.711+0000] {spark_submit.py:579} INFO - 24/10/05 21:23:01 INFO FileOutputCommitter: File Output Committer Algorithm version is 1
[2024-10-05T21:23:01.711+0000] {spark_submit.py:579} INFO - 24/10/05 21:23:01 INFO FileOutputCommitter: FileOutputCommitter skip cleanup _temporary folders under output directory:false, ignore cleanup failures: false
[2024-10-05T21:23:01.712+0000] {spark_submit.py:579} INFO - 24/10/05 21:23:01 INFO SQLHadoopMapReduceCommitProtocol: Using output committer class org.apache.parquet.hadoop.ParquetOutputCommitter
[2024-10-05T21:23:01.798+0000] {spark_submit.py:579} INFO - 24/10/05 21:23:01 INFO CodeGenerator: Code generated in 25.863019 ms
[2024-10-05T21:23:01.801+0000] {spark_submit.py:579} INFO - 24/10/05 21:23:01 INFO MemoryStore: Block broadcast_8 stored as values in memory (estimated size 199.3 KiB, free 126.2 MiB)
[2024-10-05T21:23:01.811+0000] {spark_submit.py:579} INFO - 24/10/05 21:23:01 INFO MemoryStore: Block broadcast_8_piece0 stored as bytes in memory (estimated size 34.2 KiB, free 126.2 MiB)
[2024-10-05T21:23:01.812+0000] {spark_submit.py:579} INFO - 24/10/05 21:23:01 INFO BlockManagerInfo: Added broadcast_8_piece0 in memory on e823e678f418:41397 (size: 34.2 KiB, free: 127.0 MiB)
[2024-10-05T21:23:01.813+0000] {spark_submit.py:579} INFO - 24/10/05 21:23:01 INFO SparkContext: Created broadcast 8 from parquet at NativeMethodAccessorImpl.java:0
[2024-10-05T21:23:01.814+0000] {spark_submit.py:579} INFO - 24/10/05 21:23:01 INFO FileSourceScanExec: Planning scan with bin packing, max size: 4316104 bytes, open cost is considered as scanning 4194304 bytes.
[2024-10-05T21:23:01.821+0000] {spark_submit.py:579} INFO - 24/10/05 21:23:01 INFO SparkContext: Starting job: parquet at NativeMethodAccessorImpl.java:0
[2024-10-05T21:23:01.822+0000] {spark_submit.py:579} INFO - 24/10/05 21:23:01 INFO DAGScheduler: Got job 4 (parquet at NativeMethodAccessorImpl.java:0) with 1 output partitions
[2024-10-05T21:23:01.824+0000] {spark_submit.py:579} INFO - 24/10/05 21:23:01 INFO DAGScheduler: Final stage: ResultStage 4 (parquet at NativeMethodAccessorImpl.java:0)
[2024-10-05T21:23:01.826+0000] {spark_submit.py:579} INFO - 24/10/05 21:23:01 INFO DAGScheduler: Parents of final stage: List()
[2024-10-05T21:23:01.828+0000] {spark_submit.py:579} INFO - 24/10/05 21:23:01 INFO DAGScheduler: Missing parents: List()
[2024-10-05T21:23:01.828+0000] {spark_submit.py:579} INFO - 24/10/05 21:23:01 INFO DAGScheduler: Submitting ResultStage 4 (MapPartitionsRDD[19] at parquet at NativeMethodAccessorImpl.java:0), which has no missing parents
[2024-10-05T21:23:01.846+0000] {spark_submit.py:579} INFO - 24/10/05 21:23:01 INFO MemoryStore: Block broadcast_9 stored as values in memory (estimated size 229.9 KiB, free 126.0 MiB)
[2024-10-05T21:23:01.849+0000] {spark_submit.py:579} INFO - 24/10/05 21:23:01 INFO MemoryStore: Block broadcast_9_piece0 stored as bytes in memory (estimated size 81.7 KiB, free 125.9 MiB)
[2024-10-05T21:23:01.850+0000] {spark_submit.py:579} INFO - 24/10/05 21:23:01 INFO BlockManagerInfo: Added broadcast_9_piece0 in memory on e823e678f418:41397 (size: 81.7 KiB, free: 126.9 MiB)
[2024-10-05T21:23:01.851+0000] {spark_submit.py:579} INFO - 24/10/05 21:23:01 INFO SparkContext: Created broadcast 9 from broadcast at DAGScheduler.scala:1585
[2024-10-05T21:23:01.852+0000] {spark_submit.py:579} INFO - 24/10/05 21:23:01 INFO DAGScheduler: Submitting 1 missing tasks from ResultStage 4 (MapPartitionsRDD[19] at parquet at NativeMethodAccessorImpl.java:0) (first 15 tasks are for partitions Vector(0))
[2024-10-05T21:23:01.852+0000] {spark_submit.py:579} INFO - 24/10/05 21:23:01 INFO TaskSchedulerImpl: Adding task set 4.0 with 1 tasks resource profile 0
[2024-10-05T21:23:01.853+0000] {spark_submit.py:579} INFO - 24/10/05 21:23:01 INFO TaskSetManager: Starting task 0.0 in stage 4.0 (TID 4) (e823e678f418, executor driver, partition 0, PROCESS_LOCAL, 9626 bytes)
[2024-10-05T21:23:01.854+0000] {spark_submit.py:579} INFO - 24/10/05 21:23:01 INFO Executor: Running task 0.0 in stage 4.0 (TID 4)
[2024-10-05T21:23:01.895+0000] {spark_submit.py:579} INFO - 24/10/05 21:23:01 INFO BlockManagerInfo: Removed broadcast_4_piece0 on e823e678f418:41397 in memory (size: 34.2 KiB, free: 127.0 MiB)
[2024-10-05T21:23:01.928+0000] {spark_submit.py:579} INFO - 24/10/05 21:23:01 INFO CodeGenerator: Code generated in 39.989448 ms
[2024-10-05T21:23:01.929+0000] {spark_submit.py:579} INFO - 24/10/05 21:23:01 INFO FileOutputCommitter: File Output Committer Algorithm version is 1
[2024-10-05T21:23:01.930+0000] {spark_submit.py:579} INFO - 24/10/05 21:23:01 INFO FileOutputCommitter: FileOutputCommitter skip cleanup _temporary folders under output directory:false, ignore cleanup failures: false
[2024-10-05T21:23:01.930+0000] {spark_submit.py:579} INFO - 24/10/05 21:23:01 INFO SQLHadoopMapReduceCommitProtocol: Using user defined output committer class org.apache.parquet.hadoop.ParquetOutputCommitter
[2024-10-05T21:23:01.931+0000] {spark_submit.py:579} INFO - 24/10/05 21:23:01 INFO FileOutputCommitter: File Output Committer Algorithm version is 1
[2024-10-05T21:23:01.931+0000] {spark_submit.py:579} INFO - 24/10/05 21:23:01 INFO FileOutputCommitter: FileOutputCommitter skip cleanup _temporary folders under output directory:false, ignore cleanup failures: false
[2024-10-05T21:23:01.932+0000] {spark_submit.py:579} INFO - 24/10/05 21:23:01 INFO SQLHadoopMapReduceCommitProtocol: Using output committer class org.apache.parquet.hadoop.ParquetOutputCommitter
[2024-10-05T21:23:01.933+0000] {spark_submit.py:579} INFO - 24/10/05 21:23:01 INFO CodecConfig: Compression: SNAPPY
[2024-10-05T21:23:01.934+0000] {spark_submit.py:579} INFO - 24/10/05 21:23:01 INFO CodecConfig: Compression: SNAPPY
[2024-10-05T21:23:01.934+0000] {spark_submit.py:579} INFO - 24/10/05 21:23:01 INFO ParquetOutputFormat: ParquetRecordWriter [block size: 134217728b, row group padding size: 8388608b, validating: false]
[2024-10-05T21:23:01.934+0000] {spark_submit.py:579} INFO - 24/10/05 21:23:01 INFO ParquetWriteSupport: Initialized Parquet WriteSupport with Catalyst schema:
[2024-10-05T21:23:01.935+0000] {spark_submit.py:579} INFO - {
[2024-10-05T21:23:01.935+0000] {spark_submit.py:579} INFO - "type" : "struct",
[2024-10-05T21:23:01.936+0000] {spark_submit.py:579} INFO - "fields" : [ {
[2024-10-05T21:23:01.936+0000] {spark_submit.py:579} INFO - "name" : "id_placa_video",
[2024-10-05T21:23:01.937+0000] {spark_submit.py:579} INFO - "type" : "long",
[2024-10-05T21:23:01.937+0000] {spark_submit.py:579} INFO - "nullable" : false,
[2024-10-05T21:23:01.938+0000] {spark_submit.py:579} INFO - "metadata" : { }
[2024-10-05T21:23:01.938+0000] {spark_submit.py:579} INFO - }, {
[2024-10-05T21:23:01.938+0000] {spark_submit.py:579} INFO - "name" : "marca",
[2024-10-05T21:23:01.939+0000] {spark_submit.py:579} INFO - "type" : "string",
[2024-10-05T21:23:01.939+0000] {spark_submit.py:579} INFO - "nullable" : true,
[2024-10-05T21:23:01.945+0000] {spark_submit.py:579} INFO - "metadata" : { }
[2024-10-05T21:23:01.946+0000] {spark_submit.py:579} INFO - }, {
[2024-10-05T21:23:01.946+0000] {spark_submit.py:579} INFO - "name" : "modelo",
[2024-10-05T21:23:01.947+0000] {spark_submit.py:579} INFO - "type" : "string",
[2024-10-05T21:23:01.947+0000] {spark_submit.py:579} INFO - "nullable" : true,
[2024-10-05T21:23:01.948+0000] {spark_submit.py:579} INFO - "metadata" : { }
[2024-10-05T21:23:01.948+0000] {spark_submit.py:579} INFO - }, {
[2024-10-05T21:23:01.949+0000] {spark_submit.py:579} INFO - "name" : "GB",
[2024-10-05T21:23:01.949+0000] {spark_submit.py:579} INFO - "type" : "long",
[2024-10-05T21:23:01.950+0000] {spark_submit.py:579} INFO - "nullable" : true,
[2024-10-05T21:23:01.950+0000] {spark_submit.py:579} INFO - "metadata" : { }
[2024-10-05T21:23:01.950+0000] {spark_submit.py:579} INFO - }, {
[2024-10-05T21:23:01.951+0000] {spark_submit.py:579} INFO - "name" : "tipo_memoria",
[2024-10-05T21:23:01.951+0000] {spark_submit.py:579} INFO - "type" : "string",
[2024-10-05T21:23:01.952+0000] {spark_submit.py:579} INFO - "nullable" : true,
[2024-10-05T21:23:01.952+0000] {spark_submit.py:579} INFO - "metadata" : { }
[2024-10-05T21:23:01.952+0000] {spark_submit.py:579} INFO - }, {
[2024-10-05T21:23:01.953+0000] {spark_submit.py:579} INFO - "name" : "value",
[2024-10-05T21:23:01.953+0000] {spark_submit.py:579} INFO - "type" : "double",
[2024-10-05T21:23:01.953+0000] {spark_submit.py:579} INFO - "nullable" : true,
[2024-10-05T21:23:01.954+0000] {spark_submit.py:579} INFO - "metadata" : { }
[2024-10-05T21:23:01.954+0000] {spark_submit.py:579} INFO - }, {
[2024-10-05T21:23:01.954+0000] {spark_submit.py:579} INFO - "name" : "link",
[2024-10-05T21:23:01.955+0000] {spark_submit.py:579} INFO - "type" : "string",
[2024-10-05T21:23:01.955+0000] {spark_submit.py:579} INFO - "nullable" : true,
[2024-10-05T21:23:01.955+0000] {spark_submit.py:579} INFO - "metadata" : { }
[2024-10-05T21:23:01.956+0000] {spark_submit.py:579} INFO - } ]
[2024-10-05T21:23:01.960+0000] {spark_submit.py:579} INFO - }
[2024-10-05T21:23:01.960+0000] {spark_submit.py:579} INFO - and corresponding Parquet message type:
[2024-10-05T21:23:01.961+0000] {spark_submit.py:579} INFO - message spark_schema {
[2024-10-05T21:23:01.961+0000] {spark_submit.py:579} INFO - required int64 id_placa_video;
[2024-10-05T21:23:01.962+0000] {spark_submit.py:579} INFO - optional binary marca (STRING);
[2024-10-05T21:23:01.962+0000] {spark_submit.py:579} INFO - optional binary modelo (STRING);
[2024-10-05T21:23:01.963+0000] {spark_submit.py:579} INFO - optional int64 GB;
[2024-10-05T21:23:01.963+0000] {spark_submit.py:579} INFO - optional binary tipo_memoria (STRING);
[2024-10-05T21:23:01.964+0000] {spark_submit.py:579} INFO - optional double value;
[2024-10-05T21:23:01.964+0000] {spark_submit.py:579} INFO - optional binary link (STRING);
[2024-10-05T21:23:01.964+0000] {spark_submit.py:579} INFO - }
[2024-10-05T21:23:01.965+0000] {spark_submit.py:579} INFO - 
[2024-10-05T21:23:01.965+0000] {spark_submit.py:579} INFO - 
[2024-10-05T21:23:02.156+0000] {spark_submit.py:579} INFO - 24/10/05 21:23:02 INFO FileScanRDD: Reading File path: file:///opt/***/datalake/rawzone/pichau_2024-10-05/data.json, range: 0-121800, partition values: [empty row]
[2024-10-05T21:23:02.279+0000] {spark_submit.py:579} INFO - 24/10/05 21:23:02 INFO FileOutputCommitter: Saved output of task 'attempt_202410052123014238016013182391501_0004_m_000000_4' to file:/opt/***/datalake/silverzone/pichau_2024-10-05/placa_video_k.parquet/_temporary/0/task_202410052123014238016013182391501_0004_m_000000
[2024-10-05T21:23:02.279+0000] {spark_submit.py:579} INFO - 24/10/05 21:23:02 INFO SparkHadoopMapRedUtil: attempt_202410052123014238016013182391501_0004_m_000000_4: Committed. Elapsed time: 40 ms.
[2024-10-05T21:23:02.281+0000] {spark_submit.py:579} INFO - 24/10/05 21:23:02 INFO Executor: Finished task 0.0 in stage 4.0 (TID 4). 2583 bytes result sent to driver
[2024-10-05T21:23:02.283+0000] {spark_submit.py:579} INFO - 24/10/05 21:23:02 INFO TaskSetManager: Finished task 0.0 in stage 4.0 (TID 4) in 429 ms on e823e678f418 (executor driver) (1/1)
[2024-10-05T21:23:02.283+0000] {spark_submit.py:579} INFO - 24/10/05 21:23:02 INFO TaskSchedulerImpl: Removed TaskSet 4.0, whose tasks have all completed, from pool
[2024-10-05T21:23:02.284+0000] {spark_submit.py:579} INFO - 24/10/05 21:23:02 INFO DAGScheduler: ResultStage 4 (parquet at NativeMethodAccessorImpl.java:0) finished in 0.460 s
[2024-10-05T21:23:02.284+0000] {spark_submit.py:579} INFO - 24/10/05 21:23:02 INFO DAGScheduler: Job 4 is finished. Cancelling potential speculative or zombie tasks for this job
[2024-10-05T21:23:02.285+0000] {spark_submit.py:579} INFO - 24/10/05 21:23:02 INFO TaskSchedulerImpl: Killing all running tasks in stage 4: Stage finished
[2024-10-05T21:23:02.285+0000] {spark_submit.py:579} INFO - 24/10/05 21:23:02 INFO DAGScheduler: Job 4 finished: parquet at NativeMethodAccessorImpl.java:0, took 0.463416 s
[2024-10-05T21:23:02.285+0000] {spark_submit.py:579} INFO - 24/10/05 21:23:02 INFO FileFormatWriter: Start to commit write Job b82a3a0b-5247-496a-a2f8-39480bed9ff8.
[2024-10-05T21:23:02.490+0000] {spark_submit.py:579} INFO - 24/10/05 21:23:02 INFO FileFormatWriter: Write Job b82a3a0b-5247-496a-a2f8-39480bed9ff8 committed. Elapsed time: 204 ms.
[2024-10-05T21:23:02.493+0000] {spark_submit.py:579} INFO - 24/10/05 21:23:02 INFO FileFormatWriter: Finished processing stats for write job b82a3a0b-5247-496a-a2f8-39480bed9ff8.
[2024-10-05T21:23:02.494+0000] {spark_submit.py:579} INFO - 24/10/05 21:23:02 INFO SparkContext: SparkContext is stopping with exitCode 0.
[2024-10-05T21:23:02.503+0000] {spark_submit.py:579} INFO - 24/10/05 21:23:02 INFO SparkUI: Stopped Spark web UI at http://e823e678f418:4040
[2024-10-05T21:23:02.518+0000] {spark_submit.py:579} INFO - 24/10/05 21:23:02 INFO MapOutputTrackerMasterEndpoint: MapOutputTrackerMasterEndpoint stopped!
[2024-10-05T21:23:02.530+0000] {spark_submit.py:579} INFO - 24/10/05 21:23:02 INFO MemoryStore: MemoryStore cleared
[2024-10-05T21:23:02.531+0000] {spark_submit.py:579} INFO - 24/10/05 21:23:02 INFO BlockManager: BlockManager stopped
[2024-10-05T21:23:02.534+0000] {spark_submit.py:579} INFO - 24/10/05 21:23:02 INFO BlockManagerMaster: BlockManagerMaster stopped
[2024-10-05T21:23:02.535+0000] {spark_submit.py:579} INFO - 24/10/05 21:23:02 INFO OutputCommitCoordinator$OutputCommitCoordinatorEndpoint: OutputCommitCoordinator stopped!
[2024-10-05T21:23:02.543+0000] {spark_submit.py:579} INFO - 24/10/05 21:23:02 INFO SparkContext: Successfully stopped SparkContext
[2024-10-05T21:23:02.748+0000] {spark_submit.py:579} INFO - 24/10/05 21:23:02 INFO ShutdownHookManager: Shutdown hook called
[2024-10-05T21:23:02.749+0000] {spark_submit.py:579} INFO - 24/10/05 21:23:02 INFO ShutdownHookManager: Deleting directory /tmp/spark-f4449c4e-7eb9-48c0-8c42-e649cc91163f/pyspark-fb27dd1d-d324-4691-ad1a-c73ac39b49be
[2024-10-05T21:23:02.753+0000] {spark_submit.py:579} INFO - 24/10/05 21:23:02 INFO ShutdownHookManager: Deleting directory /tmp/spark-f4449c4e-7eb9-48c0-8c42-e649cc91163f
[2024-10-05T21:23:02.756+0000] {spark_submit.py:579} INFO - 24/10/05 21:23:02 INFO ShutdownHookManager: Deleting directory /tmp/spark-0e9e7379-449d-441f-a885-facc001e37c7
[2024-10-05T21:23:02.803+0000] {taskinstance.py:340} INFO - ::group::Post task execution logs
[2024-10-05T21:23:02.804+0000] {taskinstance.py:352} INFO - Marking task as SUCCESS. dag_id=pipeline_webscraping, task_id=pichau_tasks.Spark_Transformation_pichau, run_id=manual__2024-10-05T21:19:55.083482+00:00, execution_date=20241005T211955, start_date=20241005T212248, end_date=20241005T212302
[2024-10-05T21:23:02.839+0000] {local_task_job_runner.py:266} INFO - Task exited with return code 0
[2024-10-05T21:23:02.900+0000] {taskinstance.py:3900} INFO - 1 downstream tasks scheduled from follow-on schedule check
[2024-10-05T21:23:02.903+0000] {local_task_job_runner.py:245} INFO - ::endgroup::
