[2024-10-16T20:13:28.303+0000] {local_task_job_runner.py:123} INFO - ::group::Pre task execution logs
[2024-10-16T20:13:28.317+0000] {taskinstance.py:2612} INFO - Dependencies all met for dep_context=non-requeueable deps ti=<TaskInstance: pipeline_webscraping.pichau_tasks.Create_Container_Raw_pichau manual__2024-10-16T20:13:26.094567+00:00 [queued]>
[2024-10-16T20:13:28.324+0000] {taskinstance.py:2612} INFO - Dependencies all met for dep_context=requeueable deps ti=<TaskInstance: pipeline_webscraping.pichau_tasks.Create_Container_Raw_pichau manual__2024-10-16T20:13:26.094567+00:00 [queued]>
[2024-10-16T20:13:28.325+0000] {taskinstance.py:2865} INFO - Starting attempt 1 of 1
[2024-10-16T20:13:28.398+0000] {taskinstance.py:2888} INFO - Executing <Task(CreateContainerInDataLake): pichau_tasks.Create_Container_Raw_pichau> on 2024-10-16 20:13:26.094567+00:00
[2024-10-16T20:13:28.405+0000] {warnings.py:112} WARNING - /home/***/.local/lib/python3.12/site-packages/***/task/task_runner/standard_task_runner.py:70: DeprecationWarning: This process (pid=228) is multi-threaded, use of fork() may lead to deadlocks in the child.
  pid = os.fork()

[2024-10-16T20:13:28.410+0000] {standard_task_runner.py:72} INFO - Started process 230 to run task
[2024-10-16T20:13:28.409+0000] {standard_task_runner.py:104} INFO - Running: ['***', 'tasks', 'run', 'pipeline_webscraping', 'pichau_tasks.Create_Container_Raw_pichau', 'manual__2024-10-16T20:13:26.094567+00:00', '--job-id', '17', '--raw', '--subdir', 'DAGS_FOLDER/DagWebScraping.py', '--cfg-path', '/tmp/tmpif9ega_l']
[2024-10-16T20:13:28.412+0000] {standard_task_runner.py:105} INFO - Job 17: Subtask pichau_tasks.Create_Container_Raw_pichau
[2024-10-16T20:13:28.458+0000] {task_command.py:467} INFO - Running <TaskInstance: pipeline_webscraping.pichau_tasks.Create_Container_Raw_pichau manual__2024-10-16T20:13:26.094567+00:00 [running]> on host cc66b6895e01
[2024-10-16T20:13:28.777+0000] {taskinstance.py:3131} INFO - Exporting env vars: AIRFLOW_CTX_DAG_OWNER='***' AIRFLOW_CTX_DAG_ID='pipeline_webscraping' AIRFLOW_CTX_TASK_ID='pichau_tasks.Create_Container_Raw_pichau' AIRFLOW_CTX_EXECUTION_DATE='2024-10-16T20:13:26.094567+00:00' AIRFLOW_CTX_TRY_NUMBER='1' AIRFLOW_CTX_DAG_RUN_ID='manual__2024-10-16T20:13:26.094567+00:00'
[2024-10-16T20:13:28.780+0000] {taskinstance.py:731} INFO - ::endgroup::
[2024-10-16T20:13:28.797+0000] {baseoperator.py:405} WARNING - CreateContainerInDataLake.execute cannot be called outside TaskInstance!
[2024-10-16T20:13:28.798+0000] {subprocess.py:63} INFO - Tmp dir root location: /tmp
[2024-10-16T20:13:28.799+0000] {subprocess.py:75} INFO - Running command: ['/usr/bin/bash', '-c', 'mkdir -p /opt/***/datalake/rawzone/pichau_2024-10-16']
[2024-10-16T20:13:28.808+0000] {subprocess.py:86} INFO - Output:
[2024-10-16T20:13:28.823+0000] {subprocess.py:97} INFO - Command exited with return code 0
[2024-10-16T20:13:28.848+0000] {taskinstance.py:340} INFO - ::group::Post task execution logs
[2024-10-16T20:13:28.849+0000] {taskinstance.py:352} INFO - Marking task as SUCCESS. dag_id=pipeline_webscraping, task_id=pichau_tasks.Create_Container_Raw_pichau, run_id=manual__2024-10-16T20:13:26.094567+00:00, execution_date=20241016T201326, start_date=20241016T201328, end_date=20241016T201328
[2024-10-16T20:13:29.108+0000] {local_task_job_runner.py:266} INFO - Task exited with return code 0
[2024-10-16T20:13:29.133+0000] {taskinstance.py:3900} INFO - 1 downstream tasks scheduled from follow-on schedule check
[2024-10-16T20:13:29.483+0000] {local_task_job_runner.py:245} INFO - ::endgroup::
