[2024-09-21T00:00:01.917+0000] {local_task_job_runner.py:123} INFO - ::group::Pre task execution logs
[2024-09-21T00:00:01.931+0000] {taskinstance.py:2612} INFO - Dependencies all met for dep_context=non-requeueable deps ti=<TaskInstance: SitesWebScraping.create_container_kabum scheduled__2024-09-20T00:00:00+00:00 [queued]>
[2024-09-21T00:00:01.938+0000] {taskinstance.py:2612} INFO - Dependencies all met for dep_context=requeueable deps ti=<TaskInstance: SitesWebScraping.create_container_kabum scheduled__2024-09-20T00:00:00+00:00 [queued]>
[2024-09-21T00:00:01.939+0000] {taskinstance.py:2865} INFO - Starting attempt 1 of 1
[2024-09-21T00:00:01.955+0000] {taskinstance.py:2888} INFO - Executing <Task(CreateContainerInDataLake): create_container_kabum> on 2024-09-20 00:00:00+00:00
[2024-09-21T00:00:01.959+0000] {warnings.py:112} WARNING - /home/***/.local/lib/python3.12/site-packages/***/task/task_runner/standard_task_runner.py:70: DeprecationWarning: This process (pid=95) is multi-threaded, use of fork() may lead to deadlocks in the child.
  pid = os.fork()

[2024-09-21T00:00:01.961+0000] {standard_task_runner.py:72} INFO - Started process 98 to run task
[2024-09-21T00:00:01.961+0000] {standard_task_runner.py:104} INFO - Running: ['***', 'tasks', 'run', 'SitesWebScraping', 'create_container_kabum', 'scheduled__2024-09-20T00:00:00+00:00', '--job-id', '125', '--raw', '--subdir', 'DAGS_FOLDER/DagWebScraping.py', '--cfg-path', '/tmp/tmp8qshh0vz']
[2024-09-21T00:00:01.963+0000] {standard_task_runner.py:105} INFO - Job 125: Subtask create_container_kabum
[2024-09-21T00:00:02.005+0000] {task_command.py:467} INFO - Running <TaskInstance: SitesWebScraping.create_container_kabum scheduled__2024-09-20T00:00:00+00:00 [running]> on host 31982062a3df
[2024-09-21T00:00:02.211+0000] {taskinstance.py:3131} INFO - Exporting env vars: AIRFLOW_CTX_DAG_OWNER='***' AIRFLOW_CTX_DAG_ID='SitesWebScraping' AIRFLOW_CTX_TASK_ID='create_container_kabum' AIRFLOW_CTX_EXECUTION_DATE='2024-09-20T00:00:00+00:00' AIRFLOW_CTX_TRY_NUMBER='1' AIRFLOW_CTX_DAG_RUN_ID='scheduled__2024-09-20T00:00:00+00:00'
[2024-09-21T00:00:02.216+0000] {taskinstance.py:731} INFO - ::endgroup::
[2024-09-21T00:00:02.250+0000] {baseoperator.py:405} WARNING - CreateContainerInDataLake.execute cannot be called outside TaskInstance!
[2024-09-21T00:00:02.251+0000] {subprocess.py:63} INFO - Tmp dir root location: /tmp
[2024-09-21T00:00:02.252+0000] {subprocess.py:75} INFO - Running command: ['/usr/bin/bash', '-c', 'mkdir -p /opt/***/datalake/rawzone/kabum=2024-09-21']
[2024-09-21T00:00:02.261+0000] {subprocess.py:86} INFO - Output:
[2024-09-21T00:00:02.267+0000] {subprocess.py:97} INFO - Command exited with return code 0
[2024-09-21T00:00:02.294+0000] {taskinstance.py:340} INFO - ::group::Post task execution logs
[2024-09-21T00:00:02.295+0000] {taskinstance.py:352} INFO - Marking task as SUCCESS. dag_id=SitesWebScraping, task_id=create_container_kabum, run_id=scheduled__2024-09-20T00:00:00+00:00, execution_date=20240920T000000, start_date=20240921T000001, end_date=20240921T000002
[2024-09-21T00:00:02.336+0000] {local_task_job_runner.py:266} INFO - Task exited with return code 0
[2024-09-21T00:00:02.377+0000] {taskinstance.py:3900} INFO - 1 downstream tasks scheduled from follow-on schedule check
[2024-09-21T00:00:02.382+0000] {local_task_job_runner.py:245} INFO - ::endgroup::
[2024-09-21T19:42:30.151+0000] {local_task_job_runner.py:123} INFO - ::group::Pre task execution logs
[2024-09-21T19:42:30.168+0000] {taskinstance.py:2612} INFO - Dependencies all met for dep_context=non-requeueable deps ti=<TaskInstance: SitesWebScraping.create_container_kabum scheduled__2024-09-20T00:00:00+00:00 [queued]>
[2024-09-21T19:42:30.179+0000] {taskinstance.py:2612} INFO - Dependencies all met for dep_context=requeueable deps ti=<TaskInstance: SitesWebScraping.create_container_kabum scheduled__2024-09-20T00:00:00+00:00 [queued]>
[2024-09-21T19:42:30.180+0000] {taskinstance.py:2865} INFO - Starting attempt 1 of 1
[2024-09-21T19:42:30.205+0000] {taskinstance.py:2888} INFO - Executing <Task(CreateContainerInDataLake): create_container_kabum> on 2024-09-20 00:00:00+00:00
[2024-09-21T19:42:30.211+0000] {warnings.py:112} WARNING - /home/***/.local/lib/python3.12/site-packages/***/task/task_runner/standard_task_runner.py:70: DeprecationWarning: This process (pid=288) is multi-threaded, use of fork() may lead to deadlocks in the child.
  pid = os.fork()

[2024-09-21T19:42:30.218+0000] {standard_task_runner.py:72} INFO - Started process 289 to run task
[2024-09-21T19:42:30.216+0000] {standard_task_runner.py:104} INFO - Running: ['***', 'tasks', 'run', 'SitesWebScraping', 'create_container_kabum', 'scheduled__2024-09-20T00:00:00+00:00', '--job-id', '301', '--raw', '--subdir', 'DAGS_FOLDER/DagWebScraping.py', '--cfg-path', '/tmp/tmp4zql2u0m']
[2024-09-21T19:42:30.221+0000] {standard_task_runner.py:105} INFO - Job 301: Subtask create_container_kabum
[2024-09-21T19:42:30.272+0000] {task_command.py:467} INFO - Running <TaskInstance: SitesWebScraping.create_container_kabum scheduled__2024-09-20T00:00:00+00:00 [running]> on host 5e231fc45183
[2024-09-21T19:42:30.402+0000] {taskinstance.py:3131} INFO - Exporting env vars: AIRFLOW_CTX_DAG_OWNER='***' AIRFLOW_CTX_DAG_ID='SitesWebScraping' AIRFLOW_CTX_TASK_ID='create_container_kabum' AIRFLOW_CTX_EXECUTION_DATE='2024-09-20T00:00:00+00:00' AIRFLOW_CTX_TRY_NUMBER='1' AIRFLOW_CTX_DAG_RUN_ID='scheduled__2024-09-20T00:00:00+00:00'
[2024-09-21T19:42:30.403+0000] {taskinstance.py:731} INFO - ::endgroup::
[2024-09-21T19:42:30.439+0000] {baseoperator.py:405} WARNING - CreateContainerInDataLake.execute cannot be called outside TaskInstance!
[2024-09-21T19:42:30.439+0000] {subprocess.py:63} INFO - Tmp dir root location: /tmp
[2024-09-21T19:42:30.440+0000] {subprocess.py:75} INFO - Running command: ['/usr/bin/bash', '-c', 'mkdir -p /opt/***/datalake/rawzone/kabum=2024-09-21']
[2024-09-21T19:42:30.451+0000] {subprocess.py:86} INFO - Output:
[2024-09-21T19:42:30.463+0000] {subprocess.py:97} INFO - Command exited with return code 0
[2024-09-21T19:42:30.494+0000] {taskinstance.py:340} INFO - ::group::Post task execution logs
[2024-09-21T19:42:30.495+0000] {taskinstance.py:352} INFO - Marking task as SUCCESS. dag_id=SitesWebScraping, task_id=create_container_kabum, run_id=scheduled__2024-09-20T00:00:00+00:00, execution_date=20240920T000000, start_date=20240921T194230, end_date=20240921T194230
[2024-09-21T19:42:30.524+0000] {local_task_job_runner.py:266} INFO - Task exited with return code 0
[2024-09-21T19:42:30.549+0000] {taskinstance.py:3900} INFO - 1 downstream tasks scheduled from follow-on schedule check
[2024-09-21T19:42:30.554+0000] {local_task_job_runner.py:245} INFO - ::endgroup::
