[2024-10-25T14:24:38.692+0000] {local_task_job_runner.py:123} INFO - ::group::Pre task execution logs
[2024-10-25T14:24:38.705+0000] {taskinstance.py:2612} INFO - Dependencies all met for dep_context=non-requeueable deps ti=<TaskInstance: pipeline_webscraping.kabum_tasks.Create_Container_Silver_kabum manual__2024-10-25T14:17:55.599491+00:00 [queued]>
[2024-10-25T14:24:38.712+0000] {taskinstance.py:2612} INFO - Dependencies all met for dep_context=requeueable deps ti=<TaskInstance: pipeline_webscraping.kabum_tasks.Create_Container_Silver_kabum manual__2024-10-25T14:17:55.599491+00:00 [queued]>
[2024-10-25T14:24:38.713+0000] {taskinstance.py:2865} INFO - Starting attempt 1 of 1
[2024-10-25T14:24:38.727+0000] {taskinstance.py:2888} INFO - Executing <Task(CreateContainerInDataLake): kabum_tasks.Create_Container_Silver_kabum> on 2024-10-25 14:17:55.599491+00:00
[2024-10-25T14:24:38.734+0000] {warnings.py:112} WARNING - /home/***/.local/lib/python3.12/site-packages/***/task/task_runner/standard_task_runner.py:70: DeprecationWarning: This process (pid=2946) is multi-threaded, use of fork() may lead to deadlocks in the child.
  pid = os.fork()

[2024-10-25T14:24:38.735+0000] {standard_task_runner.py:72} INFO - Started process 2948 to run task
[2024-10-25T14:24:38.735+0000] {standard_task_runner.py:104} INFO - Running: ['***', 'tasks', 'run', 'pipeline_webscraping', 'kabum_tasks.Create_Container_Silver_kabum', 'manual__2024-10-25T14:17:55.599491+00:00', '--job-id', '486', '--raw', '--subdir', 'DAGS_FOLDER/DagWebScraping.py', '--cfg-path', '/tmp/tmpr1p0xd4g']
[2024-10-25T14:24:38.737+0000] {standard_task_runner.py:105} INFO - Job 486: Subtask kabum_tasks.Create_Container_Silver_kabum
[2024-10-25T14:24:38.777+0000] {task_command.py:467} INFO - Running <TaskInstance: pipeline_webscraping.kabum_tasks.Create_Container_Silver_kabum manual__2024-10-25T14:17:55.599491+00:00 [running]> on host 76ae9b05cb63
[2024-10-25T14:24:38.860+0000] {taskinstance.py:3131} INFO - Exporting env vars: AIRFLOW_CTX_DAG_OWNER='***' AIRFLOW_CTX_DAG_ID='pipeline_webscraping' AIRFLOW_CTX_TASK_ID='kabum_tasks.Create_Container_Silver_kabum' AIRFLOW_CTX_EXECUTION_DATE='2024-10-25T14:17:55.599491+00:00' AIRFLOW_CTX_TRY_NUMBER='1' AIRFLOW_CTX_DAG_RUN_ID='manual__2024-10-25T14:17:55.599491+00:00'
[2024-10-25T14:24:38.862+0000] {taskinstance.py:731} INFO - ::endgroup::
[2024-10-25T14:24:38.878+0000] {baseoperator.py:405} WARNING - CreateContainerInDataLake.execute cannot be called outside TaskInstance!
[2024-10-25T14:24:38.879+0000] {subprocess.py:63} INFO - Tmp dir root location: /tmp
[2024-10-25T14:24:38.880+0000] {subprocess.py:75} INFO - Running command: ['/usr/bin/bash', '-c', 'mkdir -p /opt/***/datalake/silverzone/kabum_2024-10-25']
[2024-10-25T14:24:38.891+0000] {subprocess.py:86} INFO - Output:
[2024-10-25T14:24:38.901+0000] {subprocess.py:97} INFO - Command exited with return code 0
[2024-10-25T14:24:38.934+0000] {taskinstance.py:340} INFO - ::group::Post task execution logs
[2024-10-25T14:24:38.935+0000] {taskinstance.py:352} INFO - Marking task as SUCCESS. dag_id=pipeline_webscraping, task_id=kabum_tasks.Create_Container_Silver_kabum, run_id=manual__2024-10-25T14:17:55.599491+00:00, execution_date=20241025T141755, start_date=20241025T142438, end_date=20241025T142438
[2024-10-25T14:24:38.990+0000] {local_task_job_runner.py:266} INFO - Task exited with return code 0
[2024-10-25T14:24:39.023+0000] {taskinstance.py:3900} INFO - 1 downstream tasks scheduled from follow-on schedule check
[2024-10-25T14:24:39.032+0000] {local_task_job_runner.py:245} INFO - ::endgroup::
