[2024-10-10T23:03:35.341+0000] {local_task_job_runner.py:123} INFO - ::group::Pre task execution logs
[2024-10-10T23:03:35.356+0000] {taskinstance.py:2612} INFO - Dependencies all met for dep_context=non-requeueable deps ti=<TaskInstance: pipeline_webscraping.pichau_tasks.Create_Container_Silver_pichau manual__2024-10-10T23:01:01.303617+00:00 [queued]>
[2024-10-10T23:03:35.363+0000] {taskinstance.py:2612} INFO - Dependencies all met for dep_context=requeueable deps ti=<TaskInstance: pipeline_webscraping.pichau_tasks.Create_Container_Silver_pichau manual__2024-10-10T23:01:01.303617+00:00 [queued]>
[2024-10-10T23:03:35.364+0000] {taskinstance.py:2865} INFO - Starting attempt 1 of 1
[2024-10-10T23:03:35.377+0000] {taskinstance.py:2888} INFO - Executing <Task(CreateContainerInDataLake): pichau_tasks.Create_Container_Silver_pichau> on 2024-10-10 23:01:01.303617+00:00
[2024-10-10T23:03:35.382+0000] {warnings.py:112} WARNING - /home/***/.local/lib/python3.12/site-packages/***/task/task_runner/standard_task_runner.py:70: DeprecationWarning: This process (pid=156) is multi-threaded, use of fork() may lead to deadlocks in the child.
  pid = os.fork()

[2024-10-10T23:03:35.384+0000] {standard_task_runner.py:72} INFO - Started process 158 to run task
[2024-10-10T23:03:35.384+0000] {standard_task_runner.py:104} INFO - Running: ['***', 'tasks', 'run', 'pipeline_webscraping', 'pichau_tasks.Create_Container_Silver_pichau', 'manual__2024-10-10T23:01:01.303617+00:00', '--job-id', '25', '--raw', '--subdir', 'DAGS_FOLDER/DagWebScraping.py', '--cfg-path', '/tmp/tmpi1q836de']
[2024-10-10T23:03:35.386+0000] {standard_task_runner.py:105} INFO - Job 25: Subtask pichau_tasks.Create_Container_Silver_pichau
[2024-10-10T23:03:35.439+0000] {task_command.py:467} INFO - Running <TaskInstance: pipeline_webscraping.pichau_tasks.Create_Container_Silver_pichau manual__2024-10-10T23:01:01.303617+00:00 [running]> on host 7782c81939f8
[2024-10-10T23:03:35.520+0000] {taskinstance.py:3131} INFO - Exporting env vars: AIRFLOW_CTX_DAG_OWNER='***' AIRFLOW_CTX_DAG_ID='pipeline_webscraping' AIRFLOW_CTX_TASK_ID='pichau_tasks.Create_Container_Silver_pichau' AIRFLOW_CTX_EXECUTION_DATE='2024-10-10T23:01:01.303617+00:00' AIRFLOW_CTX_TRY_NUMBER='1' AIRFLOW_CTX_DAG_RUN_ID='manual__2024-10-10T23:01:01.303617+00:00'
[2024-10-10T23:03:35.521+0000] {taskinstance.py:731} INFO - ::endgroup::
[2024-10-10T23:03:35.539+0000] {baseoperator.py:405} WARNING - CreateContainerInDataLake.execute cannot be called outside TaskInstance!
[2024-10-10T23:03:35.540+0000] {subprocess.py:63} INFO - Tmp dir root location: /tmp
[2024-10-10T23:03:35.540+0000] {subprocess.py:75} INFO - Running command: ['/usr/bin/bash', '-c', 'mkdir -p /opt/***/datalake/silverzone/pichau_2024-10-10']
[2024-10-10T23:03:35.550+0000] {subprocess.py:86} INFO - Output:
[2024-10-10T23:03:35.553+0000] {subprocess.py:97} INFO - Command exited with return code 0
[2024-10-10T23:03:35.576+0000] {taskinstance.py:340} INFO - ::group::Post task execution logs
[2024-10-10T23:03:35.577+0000] {taskinstance.py:352} INFO - Marking task as SUCCESS. dag_id=pipeline_webscraping, task_id=pichau_tasks.Create_Container_Silver_pichau, run_id=manual__2024-10-10T23:01:01.303617+00:00, execution_date=20241010T230101, start_date=20241010T230335, end_date=20241010T230335
[2024-10-10T23:03:35.598+0000] {local_task_job_runner.py:266} INFO - Task exited with return code 0
[2024-10-10T23:03:35.624+0000] {taskinstance.py:3900} INFO - 1 downstream tasks scheduled from follow-on schedule check
[2024-10-10T23:03:35.627+0000] {local_task_job_runner.py:245} INFO - ::endgroup::
