[2024-10-12T00:44:16.676+0000] {local_task_job_runner.py:123} INFO - ::group::Pre task execution logs
[2024-10-12T00:44:16.690+0000] {taskinstance.py:2612} INFO - Dependencies all met for dep_context=non-requeueable deps ti=<TaskInstance: LoadWebScraping.submit_job manual__2024-10-12T00:44:13.364638+00:00 [queued]>
[2024-10-12T00:44:16.697+0000] {taskinstance.py:2612} INFO - Dependencies all met for dep_context=requeueable deps ti=<TaskInstance: LoadWebScraping.submit_job manual__2024-10-12T00:44:13.364638+00:00 [queued]>
[2024-10-12T00:44:16.698+0000] {taskinstance.py:2865} INFO - Starting attempt 1 of 1
[2024-10-12T00:44:16.713+0000] {taskinstance.py:2888} INFO - Executing <Task(SparkSubmitOperator): submit_job> on 2024-10-12 00:44:13.364638+00:00
[2024-10-12T00:44:16.718+0000] {warnings.py:112} WARNING - /home/***/.local/lib/python3.12/site-packages/***/task/task_runner/standard_task_runner.py:70: DeprecationWarning: This process (pid=497) is multi-threaded, use of fork() may lead to deadlocks in the child.
  pid = os.fork()

[2024-10-12T00:44:16.719+0000] {standard_task_runner.py:72} INFO - Started process 499 to run task
[2024-10-12T00:44:16.720+0000] {standard_task_runner.py:104} INFO - Running: ['***', 'tasks', 'run', 'LoadWebScraping', 'submit_job', 'manual__2024-10-12T00:44:13.364638+00:00', '--job-id', '57', '--raw', '--subdir', 'DAGS_FOLDER/LoadWebScraping.py', '--cfg-path', '/tmp/tmpc_n04pag']
[2024-10-12T00:44:16.722+0000] {standard_task_runner.py:105} INFO - Job 57: Subtask submit_job
[2024-10-12T00:44:16.763+0000] {task_command.py:467} INFO - Running <TaskInstance: LoadWebScraping.submit_job manual__2024-10-12T00:44:13.364638+00:00 [running]> on host d2b1af2b715f
[2024-10-12T00:44:16.977+0000] {taskinstance.py:3131} INFO - Exporting env vars: AIRFLOW_CTX_DAG_OWNER='***' AIRFLOW_CTX_DAG_ID='LoadWebScraping' AIRFLOW_CTX_TASK_ID='submit_job' AIRFLOW_CTX_EXECUTION_DATE='2024-10-12T00:44:13.364638+00:00' AIRFLOW_CTX_TRY_NUMBER='1' AIRFLOW_CTX_DAG_RUN_ID='manual__2024-10-12T00:44:13.364638+00:00'
[2024-10-12T00:44:16.978+0000] {taskinstance.py:731} INFO - ::endgroup::
[2024-10-12T00:44:16.995+0000] {base.py:84} INFO - Retrieving connection 'spark_default'
[2024-10-12T00:44:16.996+0000] {spark_submit.py:327} ERROR - Failed to decode base64 keytab: Incorrect padding
[2024-10-12T00:44:16.997+0000] {spark_submit.py:304} INFO - Could not load connection string spark_default, defaulting to spark://spark:7077
[2024-10-12T00:44:16.998+0000] {spark_submit.py:473} INFO - Spark-Submit cmd: spark-submit --master spark://spark:7077 --jars /opt/bitnami/spark/jars/postgresql-42.5.0.jar --principal *** --name arrow-spark --deploy-mode client /opt/bitnami/spark/src/scripts_spark/LoadFileToDB.py
[2024-10-12T00:44:18.530+0000] {spark_submit.py:649} INFO - 24/10/12 00:44:18 WARN NativeCodeLoader: Unable to load native-hadoop library for your platform... using builtin-java classes where applicable
[2024-10-12T00:44:19.752+0000] {spark_submit.py:649} INFO - 24/10/12 00:44:19 INFO SparkContext: Running Spark version 3.5.2
[2024-10-12T00:44:19.753+0000] {spark_submit.py:649} INFO - 24/10/12 00:44:19 INFO SparkContext: OS info Linux, 5.15.153.1-microsoft-standard-WSL2, amd64
[2024-10-12T00:44:19.754+0000] {spark_submit.py:649} INFO - 24/10/12 00:44:19 INFO SparkContext: Java version 17.0.12
[2024-10-12T00:44:19.776+0000] {spark_submit.py:649} INFO - 24/10/12 00:44:19 INFO ResourceUtils: ==============================================================
[2024-10-12T00:44:19.777+0000] {spark_submit.py:649} INFO - 24/10/12 00:44:19 INFO ResourceUtils: No custom resources configured for spark.driver.
[2024-10-12T00:44:19.778+0000] {spark_submit.py:649} INFO - 24/10/12 00:44:19 INFO ResourceUtils: ==============================================================
[2024-10-12T00:44:19.778+0000] {spark_submit.py:649} INFO - 24/10/12 00:44:19 INFO SparkContext: Submitted application: Test PostgreSQL Connection
[2024-10-12T00:44:19.799+0000] {spark_submit.py:649} INFO - 24/10/12 00:44:19 INFO ResourceProfile: Default ResourceProfile created, executor resources: Map(memory -> name: memory, amount: 1024, script: , vendor: , offHeap -> name: offHeap, amount: 0, script: , vendor: ), task resources: Map(cpus -> name: cpus, amount: 1.0)
[2024-10-12T00:44:19.808+0000] {spark_submit.py:649} INFO - 24/10/12 00:44:19 INFO ResourceProfile: Limiting resource is cpu
[2024-10-12T00:44:19.809+0000] {spark_submit.py:649} INFO - 24/10/12 00:44:19 INFO ResourceProfileManager: Added ResourceProfile id: 0
[2024-10-12T00:44:19.850+0000] {spark_submit.py:649} INFO - 24/10/12 00:44:19 INFO SecurityManager: Changing view acls to: ***
[2024-10-12T00:44:19.850+0000] {spark_submit.py:649} INFO - 24/10/12 00:44:19 INFO SecurityManager: Changing modify acls to: ***
[2024-10-12T00:44:19.851+0000] {spark_submit.py:649} INFO - 24/10/12 00:44:19 INFO SecurityManager: Changing view acls groups to:
[2024-10-12T00:44:19.852+0000] {spark_submit.py:649} INFO - 24/10/12 00:44:19 INFO SecurityManager: Changing modify acls groups to:
[2024-10-12T00:44:19.852+0000] {spark_submit.py:649} INFO - 24/10/12 00:44:19 INFO SecurityManager: SecurityManager: authentication disabled; ui acls disabled; users with view permissions: ***; groups with view permissions: EMPTY; users with modify permissions: ***; groups with modify permissions: EMPTY
[2024-10-12T00:44:20.019+0000] {spark_submit.py:649} INFO - 24/10/12 00:44:20 INFO Utils: Successfully started service 'sparkDriver' on port 34637.
[2024-10-12T00:44:20.045+0000] {spark_submit.py:649} INFO - 24/10/12 00:44:20 INFO SparkEnv: Registering MapOutputTracker
[2024-10-12T00:44:20.075+0000] {spark_submit.py:649} INFO - 24/10/12 00:44:20 INFO SparkEnv: Registering BlockManagerMaster
[2024-10-12T00:44:20.088+0000] {spark_submit.py:649} INFO - 24/10/12 00:44:20 INFO BlockManagerMasterEndpoint: Using org.apache.spark.storage.DefaultTopologyMapper for getting topology information
[2024-10-12T00:44:20.089+0000] {spark_submit.py:649} INFO - 24/10/12 00:44:20 INFO BlockManagerMasterEndpoint: BlockManagerMasterEndpoint up
[2024-10-12T00:44:20.093+0000] {spark_submit.py:649} INFO - 24/10/12 00:44:20 INFO SparkEnv: Registering BlockManagerMasterHeartbeat
[2024-10-12T00:44:20.111+0000] {spark_submit.py:649} INFO - 24/10/12 00:44:20 INFO DiskBlockManager: Created local directory at /tmp/blockmgr-c1d0341a-c158-43b5-8278-6f066b9f06df
[2024-10-12T00:44:20.123+0000] {spark_submit.py:649} INFO - 24/10/12 00:44:20 INFO MemoryStore: MemoryStore started with capacity 434.4 MiB
[2024-10-12T00:44:20.135+0000] {spark_submit.py:649} INFO - 24/10/12 00:44:20 INFO SparkEnv: Registering OutputCommitCoordinator
[2024-10-12T00:44:20.239+0000] {spark_submit.py:649} INFO - 24/10/12 00:44:20 INFO JettyUtils: Start Jetty 0.0.0.0:4040 for SparkUI
[2024-10-12T00:44:20.295+0000] {spark_submit.py:649} INFO - 24/10/12 00:44:20 INFO Utils: Successfully started service 'SparkUI' on port 4040.
[2024-10-12T00:44:20.332+0000] {spark_submit.py:649} INFO - 24/10/12 00:44:20 INFO SparkContext: Added JAR /opt/bitnami/spark/jars/postgresql-42.5.0.jar at spark://d2b1af2b715f:34637/jars/postgresql-42.5.0.jar with timestamp 1728693859746
[2024-10-12T00:44:20.392+0000] {spark_submit.py:649} INFO - 24/10/12 00:44:20 INFO StandaloneAppClient$ClientEndpoint: Connecting to master spark://spark:7077...
[2024-10-12T00:44:20.429+0000] {spark_submit.py:649} INFO - 24/10/12 00:44:20 INFO TransportClientFactory: Successfully created connection to spark/172.18.0.2:7077 after 21 ms (0 ms spent in bootstraps)
[2024-10-12T00:44:20.510+0000] {spark_submit.py:649} INFO - 24/10/12 00:44:20 INFO StandaloneSchedulerBackend: Connected to Spark cluster with app ID app-20241012004420-0002
[2024-10-12T00:44:20.513+0000] {spark_submit.py:649} INFO - 24/10/12 00:44:20 INFO StandaloneAppClient$ClientEndpoint: Executor added: app-20241012004420-0002/0 on worker-20241012002524-172.18.0.4-37543 (172.18.0.4:37543) with 6 core(s)
[2024-10-12T00:44:20.515+0000] {spark_submit.py:649} INFO - 24/10/12 00:44:20 INFO StandaloneSchedulerBackend: Granted executor ID app-20241012004420-0002/0 on hostPort 172.18.0.4:37543 with 6 core(s), 1024.0 MiB RAM
[2024-10-12T00:44:20.518+0000] {spark_submit.py:649} INFO - 24/10/12 00:44:20 INFO Utils: Successfully started service 'org.apache.spark.network.netty.NettyBlockTransferService' on port 44625.
[2024-10-12T00:44:20.519+0000] {spark_submit.py:649} INFO - 24/10/12 00:44:20 INFO NettyBlockTransferService: Server created on d2b1af2b715f:44625
[2024-10-12T00:44:20.520+0000] {spark_submit.py:649} INFO - 24/10/12 00:44:20 INFO BlockManager: Using org.apache.spark.storage.RandomBlockReplicationPolicy for block replication policy
[2024-10-12T00:44:20.529+0000] {spark_submit.py:649} INFO - 24/10/12 00:44:20 INFO BlockManagerMaster: Registering BlockManager BlockManagerId(driver, d2b1af2b715f, 44625, None)
[2024-10-12T00:44:20.533+0000] {spark_submit.py:649} INFO - 24/10/12 00:44:20 INFO BlockManagerMasterEndpoint: Registering block manager d2b1af2b715f:44625 with 434.4 MiB RAM, BlockManagerId(driver, d2b1af2b715f, 44625, None)
[2024-10-12T00:44:20.535+0000] {spark_submit.py:649} INFO - 24/10/12 00:44:20 INFO StandaloneAppClient$ClientEndpoint: Executor updated: app-20241012004420-0002/0 is now RUNNING
[2024-10-12T00:44:20.535+0000] {spark_submit.py:649} INFO - 24/10/12 00:44:20 INFO BlockManagerMaster: Registered BlockManager BlockManagerId(driver, d2b1af2b715f, 44625, None)
[2024-10-12T00:44:20.538+0000] {spark_submit.py:649} INFO - 24/10/12 00:44:20 INFO BlockManager: Initialized BlockManager: BlockManagerId(driver, d2b1af2b715f, 44625, None)
[2024-10-12T00:44:20.719+0000] {spark_submit.py:649} INFO - 24/10/12 00:44:20 INFO StandaloneSchedulerBackend: SchedulerBackend is ready for scheduling beginning after reached minRegisteredResourcesRatio: 0.0
[2024-10-12T00:44:20.886+0000] {spark_submit.py:649} INFO - 24/10/12 00:44:20 INFO SharedState: Setting hive.metastore.warehouse.dir ('null') to the value of spark.sql.warehouse.dir.
[2024-10-12T00:44:20.888+0000] {spark_submit.py:649} INFO - 24/10/12 00:44:20 INFO SharedState: Warehouse path is 'file:/opt/***/spark-warehouse'.
[2024-10-12T00:44:22.943+0000] {spark_submit.py:649} INFO - 24/10/12 00:44:22 INFO StandaloneSchedulerBackend$StandaloneDriverEndpoint: Registered executor NettyRpcEndpointRef(spark-client://Executor) (172.18.0.4:34736) with ID 0,  ResourceProfileId 0
[2024-10-12T00:44:23.019+0000] {spark_submit.py:649} INFO - 24/10/12 00:44:23 INFO BlockManagerMasterEndpoint: Registering block manager 172.18.0.4:43423 with 434.4 MiB RAM, BlockManagerId(0, 172.18.0.4, 43423, None)
[2024-10-12T00:44:23.355+0000] {spark_submit.py:649} INFO - 24/10/12 00:44:23 INFO CodeGenerator: Code generated in 142.102954 ms
[2024-10-12T00:44:23.397+0000] {spark_submit.py:649} INFO - 24/10/12 00:44:23 INFO SparkContext: Starting job: showString at NativeMethodAccessorImpl.java:0
[2024-10-12T00:44:23.410+0000] {spark_submit.py:649} INFO - 24/10/12 00:44:23 INFO DAGScheduler: Got job 0 (showString at NativeMethodAccessorImpl.java:0) with 1 output partitions
[2024-10-12T00:44:23.410+0000] {spark_submit.py:649} INFO - 24/10/12 00:44:23 INFO DAGScheduler: Final stage: ResultStage 0 (showString at NativeMethodAccessorImpl.java:0)
[2024-10-12T00:44:23.411+0000] {spark_submit.py:649} INFO - 24/10/12 00:44:23 INFO DAGScheduler: Parents of final stage: List()
[2024-10-12T00:44:23.412+0000] {spark_submit.py:649} INFO - 24/10/12 00:44:23 INFO DAGScheduler: Missing parents: List()
[2024-10-12T00:44:23.415+0000] {spark_submit.py:649} INFO - 24/10/12 00:44:23 INFO DAGScheduler: Submitting ResultStage 0 (MapPartitionsRDD[2] at showString at NativeMethodAccessorImpl.java:0), which has no missing parents
[2024-10-12T00:44:23.488+0000] {spark_submit.py:649} INFO - 24/10/12 00:44:23 INFO MemoryStore: Block broadcast_0 stored as values in memory (estimated size 11.5 KiB, free 434.4 MiB)
[2024-10-12T00:44:23.509+0000] {spark_submit.py:649} INFO - 24/10/12 00:44:23 INFO MemoryStore: Block broadcast_0_piece0 stored as bytes in memory (estimated size 6.0 KiB, free 434.4 MiB)
[2024-10-12T00:44:23.511+0000] {spark_submit.py:649} INFO - 24/10/12 00:44:23 INFO BlockManagerInfo: Added broadcast_0_piece0 in memory on d2b1af2b715f:44625 (size: 6.0 KiB, free: 434.4 MiB)
[2024-10-12T00:44:23.515+0000] {spark_submit.py:649} INFO - 24/10/12 00:44:23 INFO SparkContext: Created broadcast 0 from broadcast at DAGScheduler.scala:1585
[2024-10-12T00:44:23.528+0000] {spark_submit.py:649} INFO - 24/10/12 00:44:23 INFO DAGScheduler: Submitting 1 missing tasks from ResultStage 0 (MapPartitionsRDD[2] at showString at NativeMethodAccessorImpl.java:0) (first 15 tasks are for partitions Vector(0))
[2024-10-12T00:44:23.529+0000] {spark_submit.py:649} INFO - 24/10/12 00:44:23 INFO TaskSchedulerImpl: Adding task set 0.0 with 1 tasks resource profile 0
[2024-10-12T00:44:23.563+0000] {spark_submit.py:649} INFO - 24/10/12 00:44:23 INFO TaskSetManager: Starting task 0.0 in stage 0.0 (TID 0) (172.18.0.4, executor 0, partition 0, PROCESS_LOCAL, 9029 bytes)
[2024-10-12T00:44:23.677+0000] {spark_submit.py:649} INFO - 24/10/12 00:44:23 INFO StandaloneAppClient$ClientEndpoint: Executor updated: app-20241012004420-0002/0 is now EXITED (Command exited with code 50)
[2024-10-12T00:44:23.679+0000] {spark_submit.py:649} INFO - 24/10/12 00:44:23 INFO StandaloneSchedulerBackend: Executor app-20241012004420-0002/0 removed: Command exited with code 50
[2024-10-12T00:44:23.679+0000] {spark_submit.py:649} INFO - 24/10/12 00:44:23 INFO StandaloneAppClient$ClientEndpoint: Executor added: app-20241012004420-0002/1 on worker-20241012002524-172.18.0.4-37543 (172.18.0.4:37543) with 6 core(s)
[2024-10-12T00:44:23.680+0000] {spark_submit.py:649} INFO - 24/10/12 00:44:23 INFO StandaloneSchedulerBackend: Granted executor ID app-20241012004420-0002/1 on hostPort 172.18.0.4:37543 with 6 core(s), 1024.0 MiB RAM
[2024-10-12T00:44:23.681+0000] {spark_submit.py:649} INFO - 24/10/12 00:44:23 ERROR TaskSchedulerImpl: Lost executor 0 on 172.18.0.4: Command exited with code 50
[2024-10-12T00:44:23.687+0000] {spark_submit.py:649} INFO - 24/10/12 00:44:23 WARN TaskSetManager: Lost task 0.0 in stage 0.0 (TID 0) (172.18.0.4 executor 0): ExecutorLostFailure (executor 0 exited caused by one of the running tasks) Reason: Command exited with code 50
[2024-10-12T00:44:23.694+0000] {spark_submit.py:649} INFO - 24/10/12 00:44:23 INFO DAGScheduler: Executor lost: 0 (epoch 0)
[2024-10-12T00:44:23.699+0000] {spark_submit.py:649} INFO - 24/10/12 00:44:23 INFO BlockManagerMasterEndpoint: Trying to remove executor 0 from BlockManagerMaster.
[2024-10-12T00:44:23.700+0000] {spark_submit.py:649} INFO - 24/10/12 00:44:23 INFO BlockManagerMasterEndpoint: Removing block manager BlockManagerId(0, 172.18.0.4, 43423, None)
[2024-10-12T00:44:23.702+0000] {spark_submit.py:649} INFO - 24/10/12 00:44:23 INFO StandaloneAppClient$ClientEndpoint: Executor updated: app-20241012004420-0002/1 is now RUNNING
[2024-10-12T00:44:23.703+0000] {spark_submit.py:649} INFO - 24/10/12 00:44:23 INFO BlockManagerMaster: Removed 0 successfully in removeExecutor
[2024-10-12T00:44:23.704+0000] {spark_submit.py:649} INFO - 24/10/12 00:44:23 INFO DAGScheduler: Shuffle files lost for executor: 0 (epoch 0)
[2024-10-12T00:44:25.490+0000] {spark_submit.py:649} INFO - 24/10/12 00:44:25 INFO StandaloneSchedulerBackend$StandaloneDriverEndpoint: Registered executor NettyRpcEndpointRef(spark-client://Executor) (172.18.0.4:34756) with ID 1,  ResourceProfileId 0
[2024-10-12T00:44:25.534+0000] {spark_submit.py:649} INFO - 24/10/12 00:44:25 INFO BlockManagerMasterEndpoint: Registering block manager 172.18.0.4:36681 with 434.4 MiB RAM, BlockManagerId(1, 172.18.0.4, 36681, None)
[2024-10-12T00:44:25.609+0000] {spark_submit.py:649} INFO - 24/10/12 00:44:25 INFO TaskSetManager: Starting task 0.1 in stage 0.0 (TID 1) (172.18.0.4, executor 1, partition 0, PROCESS_LOCAL, 9029 bytes)
[2024-10-12T00:44:25.742+0000] {spark_submit.py:649} INFO - 24/10/12 00:44:25 INFO StandaloneAppClient$ClientEndpoint: Executor updated: app-20241012004420-0002/1 is now EXITED (Command exited with code 50)
[2024-10-12T00:44:25.743+0000] {spark_submit.py:649} INFO - 24/10/12 00:44:25 INFO StandaloneSchedulerBackend: Executor app-20241012004420-0002/1 removed: Command exited with code 50
[2024-10-12T00:44:25.744+0000] {spark_submit.py:649} INFO - 24/10/12 00:44:25 ERROR TaskSchedulerImpl: Lost executor 1 on 172.18.0.4: Command exited with code 50
[2024-10-12T00:44:25.745+0000] {spark_submit.py:649} INFO - 24/10/12 00:44:25 WARN TaskSetManager: Lost task 0.1 in stage 0.0 (TID 1) (172.18.0.4 executor 1): ExecutorLostFailure (executor 1 exited caused by one of the running tasks) Reason: Command exited with code 50
[2024-10-12T00:44:25.746+0000] {spark_submit.py:649} INFO - 24/10/12 00:44:25 INFO DAGScheduler: Executor lost: 1 (epoch 1)
[2024-10-12T00:44:25.746+0000] {spark_submit.py:649} INFO - 24/10/12 00:44:25 INFO StandaloneAppClient$ClientEndpoint: Executor added: app-20241012004420-0002/2 on worker-20241012002524-172.18.0.4-37543 (172.18.0.4:37543) with 6 core(s)
[2024-10-12T00:44:25.747+0000] {spark_submit.py:649} INFO - 24/10/12 00:44:25 INFO StandaloneSchedulerBackend: Granted executor ID app-20241012004420-0002/2 on hostPort 172.18.0.4:37543 with 6 core(s), 1024.0 MiB RAM
[2024-10-12T00:44:25.747+0000] {spark_submit.py:649} INFO - 24/10/12 00:44:25 INFO BlockManagerMasterEndpoint: Trying to remove executor 1 from BlockManagerMaster.
[2024-10-12T00:44:25.748+0000] {spark_submit.py:649} INFO - 24/10/12 00:44:25 INFO BlockManagerMasterEndpoint: Removing block manager BlockManagerId(1, 172.18.0.4, 36681, None)
[2024-10-12T00:44:25.748+0000] {spark_submit.py:649} INFO - 24/10/12 00:44:25 INFO BlockManagerMaster: Removed 1 successfully in removeExecutor
[2024-10-12T00:44:25.748+0000] {spark_submit.py:649} INFO - 24/10/12 00:44:25 INFO DAGScheduler: Shuffle files lost for executor: 1 (epoch 1)
[2024-10-12T00:44:25.766+0000] {spark_submit.py:649} INFO - 24/10/12 00:44:25 INFO StandaloneAppClient$ClientEndpoint: Executor updated: app-20241012004420-0002/2 is now RUNNING
[2024-10-12T00:44:27.562+0000] {spark_submit.py:649} INFO - 24/10/12 00:44:27 INFO StandaloneSchedulerBackend$StandaloneDriverEndpoint: Registered executor NettyRpcEndpointRef(spark-client://Executor) (172.18.0.4:34776) with ID 2,  ResourceProfileId 0
[2024-10-12T00:44:27.627+0000] {spark_submit.py:649} INFO - 24/10/12 00:44:27 INFO BlockManagerMasterEndpoint: Registering block manager 172.18.0.4:38695 with 434.4 MiB RAM, BlockManagerId(2, 172.18.0.4, 38695, None)
[2024-10-12T00:44:27.790+0000] {spark_submit.py:649} INFO - 24/10/12 00:44:27 INFO TaskSetManager: Starting task 0.2 in stage 0.0 (TID 2) (172.18.0.4, executor 2, partition 0, PROCESS_LOCAL, 9029 bytes)
[2024-10-12T00:44:27.925+0000] {spark_submit.py:649} INFO - 24/10/12 00:44:27 INFO StandaloneAppClient$ClientEndpoint: Executor updated: app-20241012004420-0002/2 is now EXITED (Command exited with code 50)
[2024-10-12T00:44:28.246+0000] {spark_submit.py:649} INFO - 24/10/12 00:44:27 INFO StandaloneSchedulerBackend: Executor app-20241012004420-0002/2 removed: Command exited with code 50
[2024-10-12T00:44:28.248+0000] {spark_submit.py:649} INFO - 24/10/12 00:44:27 INFO StandaloneAppClient$ClientEndpoint: Executor added: app-20241012004420-0002/3 on worker-20241012002524-172.18.0.4-37543 (172.18.0.4:37543) with 6 core(s)
[2024-10-12T00:44:28.250+0000] {spark_submit.py:649} INFO - 24/10/12 00:44:27 ERROR TaskSchedulerImpl: Lost executor 2 on 172.18.0.4: Command exited with code 50
[2024-10-12T00:44:28.251+0000] {spark_submit.py:649} INFO - 24/10/12 00:44:27 WARN TaskSetManager: Lost task 0.2 in stage 0.0 (TID 2) (172.18.0.4 executor 2): ExecutorLostFailure (executor 2 exited caused by one of the running tasks) Reason: Command exited with code 50
[2024-10-12T00:44:28.252+0000] {spark_submit.py:649} INFO - 24/10/12 00:44:27 INFO StandaloneSchedulerBackend: Granted executor ID app-20241012004420-0002/3 on hostPort 172.18.0.4:37543 with 6 core(s), 1024.0 MiB RAM
[2024-10-12T00:44:28.252+0000] {spark_submit.py:649} INFO - 24/10/12 00:44:27 INFO DAGScheduler: Executor lost: 2 (epoch 2)
[2024-10-12T00:44:28.253+0000] {spark_submit.py:649} INFO - 24/10/12 00:44:27 INFO BlockManagerMasterEndpoint: Trying to remove executor 2 from BlockManagerMaster.
[2024-10-12T00:44:28.254+0000] {spark_submit.py:649} INFO - 24/10/12 00:44:27 INFO BlockManagerMasterEndpoint: Removing block manager BlockManagerId(2, 172.18.0.4, 38695, None)
[2024-10-12T00:44:28.254+0000] {spark_submit.py:649} INFO - 24/10/12 00:44:27 INFO BlockManagerMaster: Removed 2 successfully in removeExecutor
[2024-10-12T00:44:28.255+0000] {spark_submit.py:649} INFO - 24/10/12 00:44:27 INFO DAGScheduler: Shuffle files lost for executor: 2 (epoch 2)
[2024-10-12T00:44:28.255+0000] {spark_submit.py:649} INFO - 24/10/12 00:44:27 INFO StandaloneAppClient$ClientEndpoint: Executor updated: app-20241012004420-0002/3 is now RUNNING
[2024-10-12T00:44:30.194+0000] {spark_submit.py:649} INFO - 24/10/12 00:44:30 INFO StandaloneSchedulerBackend$StandaloneDriverEndpoint: Registered executor NettyRpcEndpointRef(spark-client://Executor) (172.18.0.4:34808) with ID 3,  ResourceProfileId 0
[2024-10-12T00:44:30.245+0000] {spark_submit.py:649} INFO - 24/10/12 00:44:30 INFO BlockManagerMasterEndpoint: Registering block manager 172.18.0.4:38017 with 434.4 MiB RAM, BlockManagerId(3, 172.18.0.4, 38017, None)
[2024-10-12T00:44:30.319+0000] {spark_submit.py:649} INFO - 24/10/12 00:44:30 INFO TaskSetManager: Starting task 0.3 in stage 0.0 (TID 3) (172.18.0.4, executor 3, partition 0, PROCESS_LOCAL, 9029 bytes)
[2024-10-12T00:44:30.470+0000] {spark_submit.py:649} INFO - 24/10/12 00:44:30 INFO StandaloneAppClient$ClientEndpoint: Executor updated: app-20241012004420-0002/3 is now EXITED (Command exited with code 50)
[2024-10-12T00:44:30.471+0000] {spark_submit.py:649} INFO - 24/10/12 00:44:30 INFO StandaloneSchedulerBackend: Executor app-20241012004420-0002/3 removed: Command exited with code 50
[2024-10-12T00:44:30.472+0000] {spark_submit.py:649} INFO - 24/10/12 00:44:30 ERROR TaskSchedulerImpl: Lost executor 3 on 172.18.0.4: Command exited with code 50
[2024-10-12T00:44:30.472+0000] {spark_submit.py:649} INFO - 24/10/12 00:44:30 WARN TaskSetManager: Lost task 0.3 in stage 0.0 (TID 3) (172.18.0.4 executor 3): ExecutorLostFailure (executor 3 exited caused by one of the running tasks) Reason: Command exited with code 50
[2024-10-12T00:44:30.473+0000] {spark_submit.py:649} INFO - 24/10/12 00:44:30 ERROR TaskSetManager: Task 0 in stage 0.0 failed 4 times; aborting job
[2024-10-12T00:44:30.475+0000] {spark_submit.py:649} INFO - 24/10/12 00:44:30 INFO TaskSchedulerImpl: Removed TaskSet 0.0, whose tasks have all completed, from pool
[2024-10-12T00:44:30.475+0000] {spark_submit.py:649} INFO - 24/10/12 00:44:30 INFO TaskSchedulerImpl: Cancelling stage 0
[2024-10-12T00:44:30.476+0000] {spark_submit.py:649} INFO - 24/10/12 00:44:30 INFO TaskSchedulerImpl: Killing all running tasks in stage 0: Stage cancelled: Job aborted due to stage failure: Task 0 in stage 0.0 failed 4 times, most recent failure: Lost task 0.3 in stage 0.0 (TID 3) (172.18.0.4 executor 3): ExecutorLostFailure (executor 3 exited caused by one of the running tasks) Reason: Command exited with code 50
[2024-10-12T00:44:30.476+0000] {spark_submit.py:649} INFO - Driver stacktrace:
[2024-10-12T00:44:30.478+0000] {spark_submit.py:649} INFO - 24/10/12 00:44:30 INFO DAGScheduler: ResultStage 0 (showString at NativeMethodAccessorImpl.java:0) failed in 7.054 s due to Job aborted due to stage failure: Task 0 in stage 0.0 failed 4 times, most recent failure: Lost task 0.3 in stage 0.0 (TID 3) (172.18.0.4 executor 3): ExecutorLostFailure (executor 3 exited caused by one of the running tasks) Reason: Command exited with code 50
[2024-10-12T00:44:30.479+0000] {spark_submit.py:649} INFO - Driver stacktrace:
[2024-10-12T00:44:30.485+0000] {spark_submit.py:649} INFO - 24/10/12 00:44:30 INFO DAGScheduler: Job 0 failed: showString at NativeMethodAccessorImpl.java:0, took 7.083376 s
[2024-10-12T00:44:30.487+0000] {spark_submit.py:649} INFO - 24/10/12 00:44:30 INFO DAGScheduler: Executor lost: 3 (epoch 3)
[2024-10-12T00:44:30.490+0000] {spark_submit.py:649} INFO - 24/10/12 00:44:30 INFO BlockManagerMasterEndpoint: Trying to remove executor 3 from BlockManagerMaster.
[2024-10-12T00:44:30.491+0000] {spark_submit.py:649} INFO - 24/10/12 00:44:30 INFO BlockManagerMasterEndpoint: Removing block manager BlockManagerId(3, 172.18.0.4, 38017, None)
[2024-10-12T00:44:30.491+0000] {spark_submit.py:649} INFO - 24/10/12 00:44:30 INFO StandaloneAppClient$ClientEndpoint: Executor added: app-20241012004420-0002/4 on worker-20241012002524-172.18.0.4-37543 (172.18.0.4:37543) with 6 core(s)
[2024-10-12T00:44:30.492+0000] {spark_submit.py:649} INFO - 24/10/12 00:44:30 INFO StandaloneSchedulerBackend: Granted executor ID app-20241012004420-0002/4 on hostPort 172.18.0.4:37543 with 6 core(s), 1024.0 MiB RAM
[2024-10-12T00:44:30.492+0000] {spark_submit.py:649} INFO - 24/10/12 00:44:30 INFO BlockManagerMaster: Removed 3 successfully in removeExecutor
[2024-10-12T00:44:30.493+0000] {spark_submit.py:649} INFO - 24/10/12 00:44:30 INFO DAGScheduler: Shuffle files lost for executor: 3 (epoch 3)
[2024-10-12T00:44:30.519+0000] {spark_submit.py:649} INFO - 24/10/12 00:44:30 INFO StandaloneAppClient$ClientEndpoint: Executor updated: app-20241012004420-0002/4 is now RUNNING
[2024-10-12T00:44:30.625+0000] {spark_submit.py:649} INFO - 24/10/12 00:44:30 INFO BlockManagerInfo: Removed broadcast_0_piece0 on d2b1af2b715f:44625 in memory (size: 6.0 KiB, free: 434.4 MiB)
[2024-10-12T00:44:30.642+0000] {spark_submit.py:649} INFO - Traceback (most recent call last):
[2024-10-12T00:44:30.643+0000] {spark_submit.py:649} INFO - File "/opt/bitnami/spark/src/scripts_spark/LoadFileToDB.py", line 21, in <module>
[2024-10-12T00:44:30.646+0000] {spark_submit.py:649} INFO - df.show()
[2024-10-12T00:44:30.646+0000] {spark_submit.py:649} INFO - File "/home/***/.local/lib/python3.12/site-packages/pyspark/python/lib/pyspark.zip/pyspark/sql/dataframe.py", line 947, in show
[2024-10-12T00:44:30.647+0000] {spark_submit.py:649} INFO - File "/home/***/.local/lib/python3.12/site-packages/pyspark/python/lib/pyspark.zip/pyspark/sql/dataframe.py", line 965, in _show_string
[2024-10-12T00:44:30.647+0000] {spark_submit.py:649} INFO - File "/home/***/.local/lib/python3.12/site-packages/pyspark/python/lib/py4j-0.10.9.7-src.zip/py4j/java_gateway.py", line 1322, in __call__
[2024-10-12T00:44:30.648+0000] {spark_submit.py:649} INFO - File "/home/***/.local/lib/python3.12/site-packages/pyspark/python/lib/pyspark.zip/pyspark/errors/exceptions/captured.py", line 179, in deco
[2024-10-12T00:44:30.649+0000] {spark_submit.py:649} INFO - File "/home/***/.local/lib/python3.12/site-packages/pyspark/python/lib/py4j-0.10.9.7-src.zip/py4j/protocol.py", line 326, in get_return_value
[2024-10-12T00:44:30.650+0000] {spark_submit.py:649} INFO - py4j.protocol.Py4JJavaError: An error occurred while calling o36.showString.
[2024-10-12T00:44:30.651+0000] {spark_submit.py:649} INFO - : org.apache.spark.SparkException: Job aborted due to stage failure: Task 0 in stage 0.0 failed 4 times, most recent failure: Lost task 0.3 in stage 0.0 (TID 3) (172.18.0.4 executor 3): ExecutorLostFailure (executor 3 exited caused by one of the running tasks) Reason: Command exited with code 50
[2024-10-12T00:44:30.651+0000] {spark_submit.py:649} INFO - Driver stacktrace:
[2024-10-12T00:44:30.652+0000] {spark_submit.py:649} INFO - at org.apache.spark.scheduler.DAGScheduler.failJobAndIndependentStages(DAGScheduler.scala:2856)
[2024-10-12T00:44:30.652+0000] {spark_submit.py:649} INFO - at org.apache.spark.scheduler.DAGScheduler.$anonfun$abortStage$2(DAGScheduler.scala:2792)
[2024-10-12T00:44:30.653+0000] {spark_submit.py:649} INFO - at org.apache.spark.scheduler.DAGScheduler.$anonfun$abortStage$2$adapted(DAGScheduler.scala:2791)
[2024-10-12T00:44:30.653+0000] {spark_submit.py:649} INFO - at scala.collection.mutable.ResizableArray.foreach(ResizableArray.scala:62)
[2024-10-12T00:44:30.654+0000] {spark_submit.py:649} INFO - at scala.collection.mutable.ResizableArray.foreach$(ResizableArray.scala:55)
[2024-10-12T00:44:30.654+0000] {spark_submit.py:649} INFO - at scala.collection.mutable.ArrayBuffer.foreach(ArrayBuffer.scala:49)
[2024-10-12T00:44:30.655+0000] {spark_submit.py:649} INFO - at org.apache.spark.scheduler.DAGScheduler.abortStage(DAGScheduler.scala:2791)
[2024-10-12T00:44:30.655+0000] {spark_submit.py:649} INFO - at org.apache.spark.scheduler.DAGScheduler.$anonfun$handleTaskSetFailed$1(DAGScheduler.scala:1247)
[2024-10-12T00:44:30.655+0000] {spark_submit.py:649} INFO - at org.apache.spark.scheduler.DAGScheduler.$anonfun$handleTaskSetFailed$1$adapted(DAGScheduler.scala:1247)
[2024-10-12T00:44:30.656+0000] {spark_submit.py:649} INFO - at scala.Option.foreach(Option.scala:407)
[2024-10-12T00:44:30.656+0000] {spark_submit.py:649} INFO - at org.apache.spark.scheduler.DAGScheduler.handleTaskSetFailed(DAGScheduler.scala:1247)
[2024-10-12T00:44:30.656+0000] {spark_submit.py:649} INFO - at org.apache.spark.scheduler.DAGSchedulerEventProcessLoop.doOnReceive(DAGScheduler.scala:3060)
[2024-10-12T00:44:30.657+0000] {spark_submit.py:649} INFO - at org.apache.spark.scheduler.DAGSchedulerEventProcessLoop.onReceive(DAGScheduler.scala:2994)
[2024-10-12T00:44:30.657+0000] {spark_submit.py:649} INFO - at org.apache.spark.scheduler.DAGSchedulerEventProcessLoop.onReceive(DAGScheduler.scala:2983)
[2024-10-12T00:44:30.658+0000] {spark_submit.py:649} INFO - at org.apache.spark.util.EventLoop$$anon$1.run(EventLoop.scala:49)
[2024-10-12T00:44:30.658+0000] {spark_submit.py:649} INFO - at org.apache.spark.scheduler.DAGScheduler.runJob(DAGScheduler.scala:989)
[2024-10-12T00:44:30.658+0000] {spark_submit.py:649} INFO - at org.apache.spark.SparkContext.runJob(SparkContext.scala:2393)
[2024-10-12T00:44:30.659+0000] {spark_submit.py:649} INFO - at org.apache.spark.SparkContext.runJob(SparkContext.scala:2414)
[2024-10-12T00:44:30.659+0000] {spark_submit.py:649} INFO - at org.apache.spark.SparkContext.runJob(SparkContext.scala:2433)
[2024-10-12T00:44:30.659+0000] {spark_submit.py:649} INFO - at org.apache.spark.sql.execution.SparkPlan.executeTake(SparkPlan.scala:530)
[2024-10-12T00:44:30.660+0000] {spark_submit.py:649} INFO - at org.apache.spark.sql.execution.SparkPlan.executeTake(SparkPlan.scala:483)
[2024-10-12T00:44:30.660+0000] {spark_submit.py:649} INFO - at org.apache.spark.sql.execution.CollectLimitExec.executeCollect(limit.scala:61)
[2024-10-12T00:44:30.660+0000] {spark_submit.py:649} INFO - at org.apache.spark.sql.Dataset.collectFromPlan(Dataset.scala:4334)
[2024-10-12T00:44:30.661+0000] {spark_submit.py:649} INFO - at org.apache.spark.sql.Dataset.$anonfun$head$1(Dataset.scala:3316)
[2024-10-12T00:44:30.661+0000] {spark_submit.py:649} INFO - at org.apache.spark.sql.Dataset.$anonfun$withAction$2(Dataset.scala:4324)
[2024-10-12T00:44:30.661+0000] {spark_submit.py:649} INFO - at org.apache.spark.sql.execution.QueryExecution$.withInternalError(QueryExecution.scala:546)
[2024-10-12T00:44:30.662+0000] {spark_submit.py:649} INFO - at org.apache.spark.sql.Dataset.$anonfun$withAction$1(Dataset.scala:4322)
[2024-10-12T00:44:30.662+0000] {spark_submit.py:649} INFO - at org.apache.spark.sql.execution.SQLExecution$.$anonfun$withNewExecutionId$6(SQLExecution.scala:125)
[2024-10-12T00:44:30.662+0000] {spark_submit.py:649} INFO - at org.apache.spark.sql.execution.SQLExecution$.withSQLConfPropagated(SQLExecution.scala:201)
[2024-10-12T00:44:30.662+0000] {spark_submit.py:649} INFO - at org.apache.spark.sql.execution.SQLExecution$.$anonfun$withNewExecutionId$1(SQLExecution.scala:108)
[2024-10-12T00:44:30.663+0000] {spark_submit.py:649} INFO - at org.apache.spark.sql.SparkSession.withActive(SparkSession.scala:900)
[2024-10-12T00:44:30.663+0000] {spark_submit.py:649} INFO - at org.apache.spark.sql.execution.SQLExecution$.withNewExecutionId(SQLExecution.scala:66)
[2024-10-12T00:44:30.663+0000] {spark_submit.py:649} INFO - at org.apache.spark.sql.Dataset.withAction(Dataset.scala:4322)
[2024-10-12T00:44:30.664+0000] {spark_submit.py:649} INFO - at org.apache.spark.sql.Dataset.head(Dataset.scala:3316)
[2024-10-12T00:44:30.664+0000] {spark_submit.py:649} INFO - at org.apache.spark.sql.Dataset.take(Dataset.scala:3539)
[2024-10-12T00:44:30.664+0000] {spark_submit.py:649} INFO - at org.apache.spark.sql.Dataset.getRows(Dataset.scala:280)
[2024-10-12T00:44:30.665+0000] {spark_submit.py:649} INFO - at org.apache.spark.sql.Dataset.showString(Dataset.scala:315)
[2024-10-12T00:44:30.665+0000] {spark_submit.py:649} INFO - at java.base/jdk.internal.reflect.NativeMethodAccessorImpl.invoke0(Native Method)
[2024-10-12T00:44:30.665+0000] {spark_submit.py:649} INFO - at java.base/jdk.internal.reflect.NativeMethodAccessorImpl.invoke(NativeMethodAccessorImpl.java:77)
[2024-10-12T00:44:30.666+0000] {spark_submit.py:649} INFO - at java.base/jdk.internal.reflect.DelegatingMethodAccessorImpl.invoke(DelegatingMethodAccessorImpl.java:43)
[2024-10-12T00:44:30.666+0000] {spark_submit.py:649} INFO - at java.base/java.lang.reflect.Method.invoke(Method.java:569)
[2024-10-12T00:44:30.666+0000] {spark_submit.py:649} INFO - at py4j.reflection.MethodInvoker.invoke(MethodInvoker.java:244)
[2024-10-12T00:44:30.667+0000] {spark_submit.py:649} INFO - at py4j.reflection.ReflectionEngine.invoke(ReflectionEngine.java:374)
[2024-10-12T00:44:30.667+0000] {spark_submit.py:649} INFO - at py4j.Gateway.invoke(Gateway.java:282)
[2024-10-12T00:44:30.667+0000] {spark_submit.py:649} INFO - at py4j.commands.AbstractCommand.invokeMethod(AbstractCommand.java:132)
[2024-10-12T00:44:30.668+0000] {spark_submit.py:649} INFO - at py4j.commands.CallCommand.execute(CallCommand.java:79)
[2024-10-12T00:44:30.669+0000] {spark_submit.py:649} INFO - at py4j.ClientServerConnection.waitForCommands(ClientServerConnection.java:182)
[2024-10-12T00:44:30.669+0000] {spark_submit.py:649} INFO - at py4j.ClientServerConnection.run(ClientServerConnection.java:106)
[2024-10-12T00:44:30.670+0000] {spark_submit.py:649} INFO - at java.base/java.lang.Thread.run(Thread.java:840)
[2024-10-12T00:44:30.674+0000] {spark_submit.py:649} INFO - 
[2024-10-12T00:44:30.722+0000] {spark_submit.py:649} INFO - 24/10/12 00:44:30 INFO SparkContext: Invoking stop() from shutdown hook
[2024-10-12T00:44:30.723+0000] {spark_submit.py:649} INFO - 24/10/12 00:44:30 INFO SparkContext: SparkContext is stopping with exitCode 0.
[2024-10-12T00:44:30.752+0000] {spark_submit.py:649} INFO - 24/10/12 00:44:30 INFO SparkUI: Stopped Spark web UI at http://d2b1af2b715f:4040
[2024-10-12T00:44:30.755+0000] {spark_submit.py:649} INFO - 24/10/12 00:44:30 INFO StandaloneSchedulerBackend: Shutting down all executors
[2024-10-12T00:44:30.757+0000] {spark_submit.py:649} INFO - 24/10/12 00:44:30 INFO StandaloneSchedulerBackend$StandaloneDriverEndpoint: Asking each executor to shut down
[2024-10-12T00:44:30.775+0000] {spark_submit.py:649} INFO - 24/10/12 00:44:30 INFO MapOutputTrackerMasterEndpoint: MapOutputTrackerMasterEndpoint stopped!
[2024-10-12T00:44:30.788+0000] {spark_submit.py:649} INFO - 24/10/12 00:44:30 INFO MemoryStore: MemoryStore cleared
[2024-10-12T00:44:30.789+0000] {spark_submit.py:649} INFO - 24/10/12 00:44:30 INFO BlockManager: BlockManager stopped
[2024-10-12T00:44:30.796+0000] {spark_submit.py:649} INFO - 24/10/12 00:44:30 INFO BlockManagerMaster: BlockManagerMaster stopped
[2024-10-12T00:44:30.799+0000] {spark_submit.py:649} INFO - 24/10/12 00:44:30 INFO OutputCommitCoordinator$OutputCommitCoordinatorEndpoint: OutputCommitCoordinator stopped!
[2024-10-12T00:44:30.808+0000] {spark_submit.py:649} INFO - 24/10/12 00:44:30 INFO SparkContext: Successfully stopped SparkContext
[2024-10-12T00:44:30.808+0000] {spark_submit.py:649} INFO - 24/10/12 00:44:30 INFO ShutdownHookManager: Shutdown hook called
[2024-10-12T00:44:30.809+0000] {spark_submit.py:649} INFO - 24/10/12 00:44:30 INFO ShutdownHookManager: Deleting directory /tmp/spark-24f9fff1-1d5d-4077-915d-03c30557a0d5
[2024-10-12T00:44:30.813+0000] {spark_submit.py:649} INFO - 24/10/12 00:44:30 INFO ShutdownHookManager: Deleting directory /tmp/spark-666a9624-4667-4b64-afe8-24534c81dfba
[2024-10-12T00:44:30.816+0000] {spark_submit.py:649} INFO - 24/10/12 00:44:30 INFO ShutdownHookManager: Deleting directory /tmp/spark-666a9624-4667-4b64-afe8-24534c81dfba/pyspark-e119109c-f506-48b3-b3eb-0f0dd4a72073
[2024-10-12T00:44:30.861+0000] {taskinstance.py:3310} ERROR - Task failed with exception
Traceback (most recent call last):
  File "/home/airflow/.local/lib/python3.12/site-packages/airflow/models/taskinstance.py", line 767, in _execute_task
    result = _execute_callable(context=context, **execute_callable_kwargs)
             ^^^^^^^^^^^^^^^^^^^^^^^^^^^^^^^^^^^^^^^^^^^^^^^^^^^^^^^^^^^^^
  File "/home/airflow/.local/lib/python3.12/site-packages/airflow/models/taskinstance.py", line 733, in _execute_callable
    return ExecutionCallableRunner(
           ^^^^^^^^^^^^^^^^^^^^^^^^
  File "/home/airflow/.local/lib/python3.12/site-packages/airflow/utils/operator_helpers.py", line 252, in run
    return self.func(*args, **kwargs)
           ^^^^^^^^^^^^^^^^^^^^^^^^^^
  File "/home/airflow/.local/lib/python3.12/site-packages/airflow/models/baseoperator.py", line 406, in wrapper
    return func(self, *args, **kwargs)
           ^^^^^^^^^^^^^^^^^^^^^^^^^^^
  File "/home/airflow/.local/lib/python3.12/site-packages/airflow/providers/apache/spark/operators/spark_submit.py", line 176, in execute
    self._hook.submit(self.application)
  File "/home/airflow/.local/lib/python3.12/site-packages/airflow/providers/apache/spark/hooks/spark_submit.py", line 575, in submit
    raise AirflowException(
airflow.exceptions.AirflowException: Cannot execute: spark-submit --master spark://spark:7077 --jars /opt/bitnami/spark/jars/postgresql-42.5.0.jar --principal *** --name arrow-spark --deploy-mode client /opt/bitnami/spark/src/scripts_spark/LoadFileToDB.py. Error code is: 1.
[2024-10-12T00:44:30.865+0000] {taskinstance.py:1225} INFO - Marking task as FAILED. dag_id=LoadWebScraping, task_id=submit_job, run_id=manual__2024-10-12T00:44:13.364638+00:00, execution_date=20241012T004413, start_date=20241012T004416, end_date=20241012T004430
[2024-10-12T00:44:30.878+0000] {taskinstance.py:340} INFO - ::group::Post task execution logs
[2024-10-12T00:44:30.879+0000] {standard_task_runner.py:124} ERROR - Failed to execute job 57 for task submit_job (Cannot execute: spark-submit --master spark://spark:7077 --jars /opt/bitnami/spark/jars/postgresql-42.5.0.jar --principal *** --name arrow-spark --deploy-mode client /opt/bitnami/spark/src/scripts_spark/LoadFileToDB.py. Error code is: 1.; 499)
Traceback (most recent call last):
  File "/home/airflow/.local/lib/python3.12/site-packages/airflow/task/task_runner/standard_task_runner.py", line 117, in _start_by_fork
    ret = args.func(args, dag=self.dag)
          ^^^^^^^^^^^^^^^^^^^^^^^^^^^^^
  File "/home/airflow/.local/lib/python3.12/site-packages/airflow/cli/cli_config.py", line 49, in command
    return func(*args, **kwargs)
           ^^^^^^^^^^^^^^^^^^^^^
  File "/home/airflow/.local/lib/python3.12/site-packages/airflow/utils/cli.py", line 115, in wrapper
    return f(*args, **kwargs)
           ^^^^^^^^^^^^^^^^^^
  File "/home/airflow/.local/lib/python3.12/site-packages/airflow/cli/commands/task_command.py", line 483, in task_run
    task_return_code = _run_task_by_selected_method(args, _dag, ti)
                       ^^^^^^^^^^^^^^^^^^^^^^^^^^^^^^^^^^^^^^^^^^^^
  File "/home/airflow/.local/lib/python3.12/site-packages/airflow/cli/commands/task_command.py", line 256, in _run_task_by_selected_method
    return _run_raw_task(args, ti)
           ^^^^^^^^^^^^^^^^^^^^^^^
  File "/home/airflow/.local/lib/python3.12/site-packages/airflow/cli/commands/task_command.py", line 341, in _run_raw_task
    return ti._run_raw_task(
           ^^^^^^^^^^^^^^^^^
  File "/home/airflow/.local/lib/python3.12/site-packages/airflow/utils/session.py", line 97, in wrapper
    return func(*args, session=session, **kwargs)
           ^^^^^^^^^^^^^^^^^^^^^^^^^^^^^^^^^^^^^^
  File "/home/airflow/.local/lib/python3.12/site-packages/airflow/models/taskinstance.py", line 3004, in _run_raw_task
    return _run_raw_task(
           ^^^^^^^^^^^^^^
  File "/home/airflow/.local/lib/python3.12/site-packages/airflow/models/taskinstance.py", line 273, in _run_raw_task
    TaskInstance._execute_task_with_callbacks(
  File "/home/airflow/.local/lib/python3.12/site-packages/airflow/models/taskinstance.py", line 3158, in _execute_task_with_callbacks
    result = self._execute_task(context, task_orig)
             ^^^^^^^^^^^^^^^^^^^^^^^^^^^^^^^^^^^^^^
  File "/home/airflow/.local/lib/python3.12/site-packages/airflow/models/taskinstance.py", line 3182, in _execute_task
    return _execute_task(self, context, task_orig)
           ^^^^^^^^^^^^^^^^^^^^^^^^^^^^^^^^^^^^^^^
  File "/home/airflow/.local/lib/python3.12/site-packages/airflow/models/taskinstance.py", line 767, in _execute_task
    result = _execute_callable(context=context, **execute_callable_kwargs)
             ^^^^^^^^^^^^^^^^^^^^^^^^^^^^^^^^^^^^^^^^^^^^^^^^^^^^^^^^^^^^^
  File "/home/airflow/.local/lib/python3.12/site-packages/airflow/models/taskinstance.py", line 733, in _execute_callable
    return ExecutionCallableRunner(
           ^^^^^^^^^^^^^^^^^^^^^^^^
  File "/home/airflow/.local/lib/python3.12/site-packages/airflow/utils/operator_helpers.py", line 252, in run
    return self.func(*args, **kwargs)
           ^^^^^^^^^^^^^^^^^^^^^^^^^^
  File "/home/airflow/.local/lib/python3.12/site-packages/airflow/models/baseoperator.py", line 406, in wrapper
    return func(self, *args, **kwargs)
           ^^^^^^^^^^^^^^^^^^^^^^^^^^^
  File "/home/airflow/.local/lib/python3.12/site-packages/airflow/providers/apache/spark/operators/spark_submit.py", line 176, in execute
    self._hook.submit(self.application)
  File "/home/airflow/.local/lib/python3.12/site-packages/airflow/providers/apache/spark/hooks/spark_submit.py", line 575, in submit
    raise AirflowException(
airflow.exceptions.AirflowException: Cannot execute: spark-submit --master spark://spark:7077 --jars /opt/bitnami/spark/jars/postgresql-42.5.0.jar --principal *** --name arrow-spark --deploy-mode client /opt/bitnami/spark/src/scripts_spark/LoadFileToDB.py. Error code is: 1.
[2024-10-12T00:44:30.930+0000] {local_task_job_runner.py:266} INFO - Task exited with return code 1
[2024-10-12T00:44:30.942+0000] {taskinstance.py:3900} INFO - 0 downstream tasks scheduled from follow-on schedule check
[2024-10-12T00:44:30.948+0000] {local_task_job_runner.py:245} INFO - ::endgroup::
