[2024-10-27T21:41:24.403+0000] {local_task_job_runner.py:123} INFO - ::group::Pre task execution logs
[2024-10-27T21:41:24.425+0000] {taskinstance.py:2612} INFO - Dependencies all met for dep_context=non-requeueable deps ti=<TaskInstance: pipeline_webscraping.pichau_tasks.Create_Container_Silver_pichau manual__2024-10-27T21:38:44.993692+00:00 [queued]>
[2024-10-27T21:41:24.438+0000] {taskinstance.py:2612} INFO - Dependencies all met for dep_context=requeueable deps ti=<TaskInstance: pipeline_webscraping.pichau_tasks.Create_Container_Silver_pichau manual__2024-10-27T21:38:44.993692+00:00 [queued]>
[2024-10-27T21:41:24.442+0000] {taskinstance.py:2865} INFO - Starting attempt 1 of 1
[2024-10-27T21:41:24.459+0000] {taskinstance.py:2888} INFO - Executing <Task(CreateContainerInDataLake): pichau_tasks.Create_Container_Silver_pichau> on 2024-10-27 21:38:44.993692+00:00
[2024-10-27T21:41:24.466+0000] {warnings.py:112} WARNING - /home/***/.local/lib/python3.12/site-packages/***/task/task_runner/standard_task_runner.py:70: DeprecationWarning: This process (pid=397) is multi-threaded, use of fork() may lead to deadlocks in the child.
  pid = os.fork()

[2024-10-27T21:41:24.468+0000] {standard_task_runner.py:72} INFO - Started process 399 to run task
[2024-10-27T21:41:24.468+0000] {standard_task_runner.py:104} INFO - Running: ['***', 'tasks', 'run', 'pipeline_webscraping', 'pichau_tasks.Create_Container_Silver_pichau', 'manual__2024-10-27T21:38:44.993692+00:00', '--job-id', '17', '--raw', '--subdir', 'DAGS_FOLDER/DagWebScraping.py', '--cfg-path', '/tmp/tmpwyw62ujc']
[2024-10-27T21:41:24.471+0000] {standard_task_runner.py:105} INFO - Job 17: Subtask pichau_tasks.Create_Container_Silver_pichau
[2024-10-27T21:41:24.522+0000] {task_command.py:467} INFO - Running <TaskInstance: pipeline_webscraping.pichau_tasks.Create_Container_Silver_pichau manual__2024-10-27T21:38:44.993692+00:00 [running]> on host 706d43cc699b
[2024-10-27T21:41:24.609+0000] {taskinstance.py:3131} INFO - Exporting env vars: AIRFLOW_CTX_DAG_OWNER='***' AIRFLOW_CTX_DAG_ID='pipeline_webscraping' AIRFLOW_CTX_TASK_ID='pichau_tasks.Create_Container_Silver_pichau' AIRFLOW_CTX_EXECUTION_DATE='2024-10-27T21:38:44.993692+00:00' AIRFLOW_CTX_TRY_NUMBER='1' AIRFLOW_CTX_DAG_RUN_ID='manual__2024-10-27T21:38:44.993692+00:00'
[2024-10-27T21:41:24.611+0000] {taskinstance.py:731} INFO - ::endgroup::
[2024-10-27T21:41:24.623+0000] {baseoperator.py:405} WARNING - CreateContainerInDataLake.execute cannot be called outside TaskInstance!
[2024-10-27T21:41:24.625+0000] {subprocess.py:63} INFO - Tmp dir root location: /tmp
[2024-10-27T21:41:24.626+0000] {subprocess.py:75} INFO - Running command: ['/usr/bin/bash', '-c', 'mkdir -p /opt/***/datalake/silverzone/pichau_2024-10-27']
[2024-10-27T21:41:24.649+0000] {subprocess.py:86} INFO - Output:
[2024-10-27T21:41:24.668+0000] {subprocess.py:97} INFO - Command exited with return code 0
[2024-10-27T21:41:24.714+0000] {taskinstance.py:340} INFO - ::group::Post task execution logs
[2024-10-27T21:41:24.715+0000] {taskinstance.py:352} INFO - Marking task as SUCCESS. dag_id=pipeline_webscraping, task_id=pichau_tasks.Create_Container_Silver_pichau, run_id=manual__2024-10-27T21:38:44.993692+00:00, execution_date=20241027T213844, start_date=20241027T214124, end_date=20241027T214124
[2024-10-27T21:41:24.769+0000] {local_task_job_runner.py:266} INFO - Task exited with return code 0
[2024-10-27T21:41:24.793+0000] {taskinstance.py:3900} INFO - 0 downstream tasks scheduled from follow-on schedule check
[2024-10-27T21:41:24.798+0000] {local_task_job_runner.py:245} INFO - ::endgroup::
