[2024-09-03T19:55:58.737+0000] {taskinstance.py:1957} INFO - Dependencies all met for dep_context=non-requeueable deps ti=<TaskInstance: ApiExec.save_data_task manual__2024-09-03T19:55:52.935890+00:00 [queued]>
[2024-09-03T19:55:58.745+0000] {taskinstance.py:1957} INFO - Dependencies all met for dep_context=requeueable deps ti=<TaskInstance: ApiExec.save_data_task manual__2024-09-03T19:55:52.935890+00:00 [queued]>
[2024-09-03T19:55:58.746+0000] {taskinstance.py:2171} INFO - Starting attempt 1 of 1
[2024-09-03T19:55:58.761+0000] {taskinstance.py:2192} INFO - Executing <Task(PythonOperator): save_data_task> on 2024-09-03 19:55:52.935890+00:00
[2024-09-03T19:55:58.766+0000] {standard_task_runner.py:60} INFO - Started process 82 to run task
[2024-09-03T19:55:58.769+0000] {standard_task_runner.py:87} INFO - Running: ['***', 'tasks', 'run', 'ApiExec', 'save_data_task', 'manual__2024-09-03T19:55:52.935890+00:00', '--job-id', '332', '--raw', '--subdir', 'DAGS_FOLDER/ApiExecDag.py', '--cfg-path', '/tmp/tmp_joozbg8']
[2024-09-03T19:55:58.772+0000] {standard_task_runner.py:88} INFO - Job 332: Subtask save_data_task
[2024-09-03T19:55:58.815+0000] {task_command.py:423} INFO - Running <TaskInstance: ApiExec.save_data_task manual__2024-09-03T19:55:52.935890+00:00 [running]> on host 7bd139ff6549
[2024-09-03T19:55:58.889+0000] {taskinstance.py:2481} INFO - Exporting env vars: AIRFLOW_CTX_DAG_OWNER='***' AIRFLOW_CTX_DAG_ID='ApiExec' AIRFLOW_CTX_TASK_ID='save_data_task' AIRFLOW_CTX_EXECUTION_DATE='2024-09-03T19:55:52.935890+00:00' AIRFLOW_CTX_TRY_NUMBER='1' AIRFLOW_CTX_DAG_RUN_ID='manual__2024-09-03T19:55:52.935890+00:00'
[2024-09-03T19:55:58.891+0000] {taskinstance.py:2699} ERROR - Task failed with exception
Traceback (most recent call last):
  File "/home/airflow/.local/lib/python3.8/site-packages/airflow/models/taskinstance.py", line 433, in _execute_task
    result = execute_callable(context=context, **execute_callable_kwargs)
  File "/home/airflow/.local/lib/python3.8/site-packages/airflow/operators/python.py", line 199, in execute
    return_value = self.execute_callable()
  File "/home/airflow/.local/lib/python3.8/site-packages/airflow/operators/python.py", line 216, in execute_callable
    return self.python_callable(*self.op_args, **self.op_kwargs)
TypeError: save_data() missing 1 required positional argument: 'to'
[2024-09-03T19:55:58.898+0000] {taskinstance.py:1138} INFO - Marking task as FAILED. dag_id=ApiExec, task_id=save_data_task, execution_date=20240903T195552, start_date=20240903T195558, end_date=20240903T195558
[2024-09-03T19:55:58.917+0000] {standard_task_runner.py:107} ERROR - Failed to execute job 332 for task save_data_task (save_data() missing 1 required positional argument: 'to'; 82)
[2024-09-03T19:55:58.941+0000] {local_task_job_runner.py:234} INFO - Task exited with return code 1
[2024-09-03T19:55:58.957+0000] {taskinstance.py:3281} INFO - 0 downstream tasks scheduled from follow-on schedule check
