[2024-10-09T21:40:31.444+0000] {local_task_job_runner.py:123} INFO - ::group::Pre task execution logs
[2024-10-09T21:40:31.465+0000] {taskinstance.py:2612} INFO - Dependencies all met for dep_context=non-requeueable deps ti=<TaskInstance: pipeline_webscraping.Branch manual__2024-10-09T21:33:15.522675+00:00 [queued]>
[2024-10-09T21:40:31.477+0000] {taskinstance.py:2612} INFO - Dependencies all met for dep_context=requeueable deps ti=<TaskInstance: pipeline_webscraping.Branch manual__2024-10-09T21:33:15.522675+00:00 [queued]>
[2024-10-09T21:40:31.478+0000] {taskinstance.py:2865} INFO - Starting attempt 1 of 1
[2024-10-09T21:40:31.493+0000] {taskinstance.py:2888} INFO - Executing <Task(BranchPythonOperator): Branch> on 2024-10-09 21:33:15.522675+00:00
[2024-10-09T21:40:31.500+0000] {warnings.py:112} WARNING - /home/***/.local/lib/python3.12/site-packages/***/task/task_runner/standard_task_runner.py:70: DeprecationWarning: This process (pid=6857) is multi-threaded, use of fork() may lead to deadlocks in the child.
  pid = os.fork()

[2024-10-09T21:40:31.501+0000] {standard_task_runner.py:72} INFO - Started process 6859 to run task
[2024-10-09T21:40:31.502+0000] {standard_task_runner.py:104} INFO - Running: ['***', 'tasks', 'run', 'pipeline_webscraping', 'Branch', 'manual__2024-10-09T21:33:15.522675+00:00', '--job-id', '1513', '--raw', '--subdir', 'DAGS_FOLDER/DagWebScraping.py', '--cfg-path', '/tmp/tmpe4p1m438']
[2024-10-09T21:40:31.504+0000] {standard_task_runner.py:105} INFO - Job 1513: Subtask Branch
[2024-10-09T21:40:31.604+0000] {task_command.py:467} INFO - Running <TaskInstance: pipeline_webscraping.Branch manual__2024-10-09T21:33:15.522675+00:00 [running]> on host 97b4e38b3eb9
[2024-10-09T21:40:31.688+0000] {taskinstance.py:3131} INFO - Exporting env vars: AIRFLOW_CTX_DAG_OWNER='***' AIRFLOW_CTX_DAG_ID='pipeline_webscraping' AIRFLOW_CTX_TASK_ID='Branch' AIRFLOW_CTX_EXECUTION_DATE='2024-10-09T21:33:15.522675+00:00' AIRFLOW_CTX_TRY_NUMBER='1' AIRFLOW_CTX_DAG_RUN_ID='manual__2024-10-09T21:33:15.522675+00:00'
[2024-10-09T21:40:31.689+0000] {taskinstance.py:731} INFO - ::endgroup::
[2024-10-09T21:40:31.703+0000] {baseoperator.py:405} WARNING - BranchPythonOperator.execute cannot be called outside TaskInstance!
[2024-10-09T21:40:31.722+0000] {python.py:240} INFO - Done. Returned value was: process_file_task
[2024-10-09T21:40:31.723+0000] {branch.py:38} INFO - Branch into process_file_task
[2024-10-09T21:40:31.724+0000] {skipmixin.py:230} INFO - Following branch ('process_file_task',)
[2024-10-09T21:40:31.734+0000] {skipmixin.py:278} INFO - Skipping tasks [('error_task', -1)]
[2024-10-09T21:40:31.769+0000] {taskinstance.py:340} INFO - ::group::Post task execution logs
[2024-10-09T21:40:31.770+0000] {taskinstance.py:352} INFO - Marking task as SUCCESS. dag_id=pipeline_webscraping, task_id=Branch, run_id=manual__2024-10-09T21:33:15.522675+00:00, execution_date=20241009T213315, start_date=20241009T214031, end_date=20241009T214031
[2024-10-09T21:40:31.797+0000] {local_task_job_runner.py:266} INFO - Task exited with return code 0
[2024-10-09T21:40:31.817+0000] {taskinstance.py:3900} INFO - 0 downstream tasks scheduled from follow-on schedule check
[2024-10-09T21:40:31.820+0000] {local_task_job_runner.py:245} INFO - ::endgroup::
