[2024-10-21T13:22:24.933+0000] {local_task_job_runner.py:123} INFO - ::group::Pre task execution logs
[2024-10-21T13:22:24.953+0000] {taskinstance.py:2612} INFO - Dependencies all met for dep_context=non-requeueable deps ti=<TaskInstance: LoadWebScraping.spark_job manual__2024-10-21T13:22:21.477833+00:00 [queued]>
[2024-10-21T13:22:24.965+0000] {taskinstance.py:2612} INFO - Dependencies all met for dep_context=requeueable deps ti=<TaskInstance: LoadWebScraping.spark_job manual__2024-10-21T13:22:21.477833+00:00 [queued]>
[2024-10-21T13:22:24.966+0000] {taskinstance.py:2865} INFO - Starting attempt 1 of 1
[2024-10-21T13:22:24.983+0000] {taskinstance.py:2888} INFO - Executing <Task(SparkSubmitOperator): spark_job> on 2024-10-21 13:22:21.477833+00:00
[2024-10-21T13:22:24.991+0000] {standard_task_runner.py:104} INFO - Running: ['***', 'tasks', 'run', 'LoadWebScraping', 'spark_job', 'manual__2024-10-21T13:22:21.477833+00:00', '--job-id', '319', '--raw', '--subdir', 'DAGS_FOLDER/LoadWebScraping.py', '--cfg-path', '/tmp/tmp0qxsgozy']
[2024-10-21T13:22:24.989+0000] {warnings.py:112} WARNING - /home/***/.local/lib/python3.12/site-packages/***/task/task_runner/standard_task_runner.py:70: DeprecationWarning: This process (pid=3667) is multi-threaded, use of fork() may lead to deadlocks in the child.
  pid = os.fork()

[2024-10-21T13:22:25.003+0000] {standard_task_runner.py:105} INFO - Job 319: Subtask spark_job
[2024-10-21T13:22:25.004+0000] {standard_task_runner.py:72} INFO - Started process 3669 to run task
[2024-10-21T13:22:25.045+0000] {task_command.py:467} INFO - Running <TaskInstance: LoadWebScraping.spark_job manual__2024-10-21T13:22:21.477833+00:00 [running]> on host e2c3a206786d
[2024-10-21T13:22:25.269+0000] {taskinstance.py:3131} INFO - Exporting env vars: AIRFLOW_CTX_DAG_OWNER='***' AIRFLOW_CTX_DAG_ID='LoadWebScraping' AIRFLOW_CTX_TASK_ID='spark_job' AIRFLOW_CTX_EXECUTION_DATE='2024-10-21T13:22:21.477833+00:00' AIRFLOW_CTX_TRY_NUMBER='1' AIRFLOW_CTX_DAG_RUN_ID='manual__2024-10-21T13:22:21.477833+00:00'
[2024-10-21T13:22:25.270+0000] {taskinstance.py:731} INFO - ::endgroup::
[2024-10-21T13:22:25.290+0000] {spark_submit.py:304} INFO - Could not load connection string spark_default, defaulting to yarn
[2024-10-21T13:22:25.291+0000] {spark_submit.py:473} INFO - Spark-Submit cmd: spark-submit --master yarn --driver-class-path /opt/***/jars/postgresql-42.5.0.jar --jars /opt/***/jars/postgresql-42.5.0.jar --packages org.postgresql:postgresql:42.5.0 --name arrow-spark /opt/bitnami/spark/src/scripts_spark/LoadFileToDB.py
[2024-10-21T13:22:26.843+0000] {spark_submit.py:634} INFO - :: loading settings :: url = jar:file:/home/***/.local/lib/python3.12/site-packages/pyspark/jars/ivy-2.5.1.jar!/org/apache/ivy/core/settings/ivysettings.xml
[2024-10-21T13:22:26.894+0000] {spark_submit.py:634} INFO - Ivy Default Cache set to: /home/***/.ivy2/cache
[2024-10-21T13:22:26.895+0000] {spark_submit.py:634} INFO - The jars for the packages stored in: /home/***/.ivy2/jars
[2024-10-21T13:22:26.903+0000] {spark_submit.py:634} INFO - org.postgresql#postgresql added as a dependency
[2024-10-21T13:22:26.905+0000] {spark_submit.py:634} INFO - :: resolving dependencies :: org.apache.spark#spark-submit-parent-094417c6-ec87-4a6f-b4fc-ec7cb0c14726;1.0
[2024-10-21T13:22:26.905+0000] {spark_submit.py:634} INFO - confs: [default]
[2024-10-21T13:22:27.001+0000] {spark_submit.py:634} INFO - found org.postgresql#postgresql;42.5.0 in central
[2024-10-21T13:22:27.036+0000] {spark_submit.py:634} INFO - found org.checkerframework#checker-qual;3.5.0 in central
[2024-10-21T13:22:27.069+0000] {spark_submit.py:634} INFO - :: resolution report :: resolve 149ms :: artifacts dl 6ms
[2024-10-21T13:22:27.081+0000] {spark_submit.py:634} INFO - :: modules in use:
[2024-10-21T13:22:27.082+0000] {spark_submit.py:634} INFO - org.checkerframework#checker-qual;3.5.0 from central in [default]
[2024-10-21T13:22:27.082+0000] {spark_submit.py:634} INFO - org.postgresql#postgresql;42.5.0 from central in [default]
[2024-10-21T13:22:27.083+0000] {spark_submit.py:634} INFO - ---------------------------------------------------------------------
[2024-10-21T13:22:27.083+0000] {spark_submit.py:634} INFO - |                  |            modules            ||   artifacts   |
[2024-10-21T13:22:27.084+0000] {spark_submit.py:634} INFO - |       conf       | number| search|dwnlded|evicted|| number|dwnlded|
[2024-10-21T13:22:27.084+0000] {spark_submit.py:634} INFO - ---------------------------------------------------------------------
[2024-10-21T13:22:27.085+0000] {spark_submit.py:634} INFO - |      default     |   2   |   0   |   0   |   0   ||   2   |   0   |
[2024-10-21T13:22:27.085+0000] {spark_submit.py:634} INFO - ---------------------------------------------------------------------
[2024-10-21T13:22:27.086+0000] {spark_submit.py:634} INFO - :: retrieving :: org.apache.spark#spark-submit-parent-094417c6-ec87-4a6f-b4fc-ec7cb0c14726
[2024-10-21T13:22:27.087+0000] {spark_submit.py:634} INFO - confs: [default]
[2024-10-21T13:22:27.087+0000] {spark_submit.py:634} INFO - 0 artifacts copied, 2 already retrieved (0kB/15ms)
[2024-10-21T13:22:27.300+0000] {spark_submit.py:634} INFO - 24/10/21 13:22:27 WARN NativeCodeLoader: Unable to load native-hadoop library for your platform... using builtin-java classes where applicable
[2024-10-21T13:22:28.723+0000] {spark_submit.py:634} INFO - 24/10/21 13:22:28 INFO SparkContext: Running Spark version 3.5.2
[2024-10-21T13:22:28.724+0000] {spark_submit.py:634} INFO - 24/10/21 13:22:28 INFO SparkContext: OS info Linux, 5.15.153.1-microsoft-standard-WSL2, amd64
[2024-10-21T13:22:28.724+0000] {spark_submit.py:634} INFO - 24/10/21 13:22:28 INFO SparkContext: Java version 17.0.12
[2024-10-21T13:22:28.742+0000] {spark_submit.py:634} INFO - 24/10/21 13:22:28 INFO ResourceUtils: ==============================================================
[2024-10-21T13:22:28.743+0000] {spark_submit.py:634} INFO - 24/10/21 13:22:28 INFO ResourceUtils: No custom resources configured for spark.driver.
[2024-10-21T13:22:28.744+0000] {spark_submit.py:634} INFO - 24/10/21 13:22:28 INFO ResourceUtils: ==============================================================
[2024-10-21T13:22:28.744+0000] {spark_submit.py:634} INFO - 24/10/21 13:22:28 INFO SparkContext: Submitted application: Exemplo
[2024-10-21T13:22:28.761+0000] {spark_submit.py:634} INFO - 24/10/21 13:22:28 INFO ResourceProfile: Default ResourceProfile created, executor resources: Map(cores -> name: cores, amount: 1, script: , vendor: , memory -> name: memory, amount: 1024, script: , vendor: , offHeap -> name: offHeap, amount: 0, script: , vendor: ), task resources: Map(cpus -> name: cpus, amount: 1.0)
[2024-10-21T13:22:28.769+0000] {spark_submit.py:634} INFO - 24/10/21 13:22:28 INFO ResourceProfile: Limiting resource is cpu
[2024-10-21T13:22:28.770+0000] {spark_submit.py:634} INFO - 24/10/21 13:22:28 INFO ResourceProfileManager: Added ResourceProfile id: 0
[2024-10-21T13:22:28.812+0000] {spark_submit.py:634} INFO - 24/10/21 13:22:28 INFO SecurityManager: Changing view acls to: ***
[2024-10-21T13:22:28.812+0000] {spark_submit.py:634} INFO - 24/10/21 13:22:28 INFO SecurityManager: Changing modify acls to: ***
[2024-10-21T13:22:28.813+0000] {spark_submit.py:634} INFO - 24/10/21 13:22:28 INFO SecurityManager: Changing view acls groups to:
[2024-10-21T13:22:28.813+0000] {spark_submit.py:634} INFO - 24/10/21 13:22:28 INFO SecurityManager: Changing modify acls groups to:
[2024-10-21T13:22:28.814+0000] {spark_submit.py:634} INFO - 24/10/21 13:22:28 INFO SecurityManager: SecurityManager: authentication disabled; ui acls disabled; users with view permissions: ***; groups with view permissions: EMPTY; users with modify permissions: ***; groups with modify permissions: EMPTY
[2024-10-21T13:22:29.055+0000] {spark_submit.py:634} INFO - 24/10/21 13:22:29 INFO Utils: Successfully started service 'sparkDriver' on port 46471.
[2024-10-21T13:22:29.119+0000] {spark_submit.py:634} INFO - 24/10/21 13:22:29 INFO SparkEnv: Registering MapOutputTracker
[2024-10-21T13:22:29.163+0000] {spark_submit.py:634} INFO - 24/10/21 13:22:29 INFO SparkEnv: Registering BlockManagerMaster
[2024-10-21T13:22:29.207+0000] {spark_submit.py:634} INFO - 24/10/21 13:22:29 INFO BlockManagerMasterEndpoint: Using org.apache.spark.storage.DefaultTopologyMapper for getting topology information
[2024-10-21T13:22:29.213+0000] {spark_submit.py:634} INFO - 24/10/21 13:22:29 INFO BlockManagerMasterEndpoint: BlockManagerMasterEndpoint up
[2024-10-21T13:22:29.216+0000] {spark_submit.py:634} INFO - 24/10/21 13:22:29 INFO SparkEnv: Registering BlockManagerMasterHeartbeat
[2024-10-21T13:22:29.263+0000] {spark_submit.py:634} INFO - 24/10/21 13:22:29 INFO DiskBlockManager: Created local directory at /tmp/blockmgr-6bb3858e-ac08-4f66-84c8-1ebb5372d8a1
[2024-10-21T13:22:29.280+0000] {spark_submit.py:634} INFO - 24/10/21 13:22:29 INFO MemoryStore: MemoryStore started with capacity 434.4 MiB
[2024-10-21T13:22:29.295+0000] {spark_submit.py:634} INFO - 24/10/21 13:22:29 INFO SparkEnv: Registering OutputCommitCoordinator
[2024-10-21T13:22:29.402+0000] {spark_submit.py:634} INFO - 24/10/21 13:22:29 INFO JettyUtils: Start Jetty 0.0.0.0:4040 for SparkUI
[2024-10-21T13:22:29.453+0000] {spark_submit.py:634} INFO - 24/10/21 13:22:29 INFO Utils: Successfully started service 'SparkUI' on port 4040.
[2024-10-21T13:22:29.488+0000] {spark_submit.py:634} INFO - 24/10/21 13:22:29 INFO SparkContext: Added JAR /opt/bitnami/spark/jars/postgresql-42.5.0.jar at spark://e2c3a206786d:46471/jars/postgresql-42.5.0.jar with timestamp 1729516948717
[2024-10-21T13:22:29.533+0000] {spark_submit.py:634} INFO - 24/10/21 13:22:29 INFO Executor: Starting executor ID driver on host e2c3a206786d
[2024-10-21T13:22:29.534+0000] {spark_submit.py:634} INFO - 24/10/21 13:22:29 INFO Executor: OS info Linux, 5.15.153.1-microsoft-standard-WSL2, amd64
[2024-10-21T13:22:29.534+0000] {spark_submit.py:634} INFO - 24/10/21 13:22:29 INFO Executor: Java version 17.0.12
[2024-10-21T13:22:29.539+0000] {spark_submit.py:634} INFO - 24/10/21 13:22:29 INFO Executor: Starting executor with user classpath (userClassPathFirst = false): ''
[2024-10-21T13:22:29.539+0000] {spark_submit.py:634} INFO - 24/10/21 13:22:29 INFO Executor: Created or updated repl class loader org.apache.spark.util.MutableURLClassLoader@44295aad for default.
[2024-10-21T13:22:29.548+0000] {spark_submit.py:634} INFO - 24/10/21 13:22:29 INFO Executor: Fetching spark://e2c3a206786d:46471/jars/postgresql-42.5.0.jar with timestamp 1729516948717
[2024-10-21T13:22:29.582+0000] {spark_submit.py:634} INFO - 24/10/21 13:22:29 INFO TransportClientFactory: Successfully created connection to e2c3a206786d/172.18.0.6:46471 after 18 ms (0 ms spent in bootstraps)
[2024-10-21T13:22:29.587+0000] {spark_submit.py:634} INFO - 24/10/21 13:22:29 INFO Utils: Fetching spark://e2c3a206786d:46471/jars/postgresql-42.5.0.jar to /tmp/spark-55c22662-18a1-466c-a659-6d25af152c5e/userFiles-5041cb2b-e2b7-476e-9347-d770df837c1f/fetchFileTemp9581054488190928239.tmp
[2024-10-21T13:22:29.612+0000] {spark_submit.py:634} INFO - 24/10/21 13:22:29 INFO Executor: Adding file:/tmp/spark-55c22662-18a1-466c-a659-6d25af152c5e/userFiles-5041cb2b-e2b7-476e-9347-d770df837c1f/postgresql-42.5.0.jar to class loader default
[2024-10-21T13:22:29.619+0000] {spark_submit.py:634} INFO - 24/10/21 13:22:29 INFO Utils: Successfully started service 'org.apache.spark.network.netty.NettyBlockTransferService' on port 45131.
[2024-10-21T13:22:29.620+0000] {spark_submit.py:634} INFO - 24/10/21 13:22:29 INFO NettyBlockTransferService: Server created on e2c3a206786d:45131
[2024-10-21T13:22:29.621+0000] {spark_submit.py:634} INFO - 24/10/21 13:22:29 INFO BlockManager: Using org.apache.spark.storage.RandomBlockReplicationPolicy for block replication policy
[2024-10-21T13:22:29.626+0000] {spark_submit.py:634} INFO - 24/10/21 13:22:29 INFO BlockManagerMaster: Registering BlockManager BlockManagerId(driver, e2c3a206786d, 45131, None)
[2024-10-21T13:22:29.629+0000] {spark_submit.py:634} INFO - 24/10/21 13:22:29 INFO BlockManagerMasterEndpoint: Registering block manager e2c3a206786d:45131 with 434.4 MiB RAM, BlockManagerId(driver, e2c3a206786d, 45131, None)
[2024-10-21T13:22:29.631+0000] {spark_submit.py:634} INFO - 24/10/21 13:22:29 INFO BlockManagerMaster: Registered BlockManager BlockManagerId(driver, e2c3a206786d, 45131, None)
[2024-10-21T13:22:29.631+0000] {spark_submit.py:634} INFO - 24/10/21 13:22:29 INFO BlockManager: Initialized BlockManager: BlockManagerId(driver, e2c3a206786d, 45131, None)
[2024-10-21T13:22:29.922+0000] {spark_submit.py:634} INFO - 24/10/21 13:22:29 INFO SharedState: Setting hive.metastore.warehouse.dir ('null') to the value of spark.sql.warehouse.dir.
[2024-10-21T13:22:29.924+0000] {spark_submit.py:634} INFO - 24/10/21 13:22:29 INFO SharedState: Warehouse path is 'file:/opt/***/spark-warehouse'.
[2024-10-21T13:22:30.801+0000] {spark_submit.py:634} INFO - 24/10/21 13:22:30 INFO InMemoryFileIndex: It took 99 ms to list leaf files for 2 paths.
[2024-10-21T13:22:31.256+0000] {spark_submit.py:634} INFO - 24/10/21 13:22:31 INFO SparkContext: Starting job: parquet at NativeMethodAccessorImpl.java:0
[2024-10-21T13:22:31.268+0000] {spark_submit.py:634} INFO - 24/10/21 13:22:31 INFO DAGScheduler: Got job 0 (parquet at NativeMethodAccessorImpl.java:0) with 1 output partitions
[2024-10-21T13:22:31.269+0000] {spark_submit.py:634} INFO - 24/10/21 13:22:31 INFO DAGScheduler: Final stage: ResultStage 0 (parquet at NativeMethodAccessorImpl.java:0)
[2024-10-21T13:22:31.270+0000] {spark_submit.py:634} INFO - 24/10/21 13:22:31 INFO DAGScheduler: Parents of final stage: List()
[2024-10-21T13:22:31.272+0000] {spark_submit.py:634} INFO - 24/10/21 13:22:31 INFO DAGScheduler: Missing parents: List()
[2024-10-21T13:22:31.275+0000] {spark_submit.py:634} INFO - 24/10/21 13:22:31 INFO DAGScheduler: Submitting ResultStage 0 (MapPartitionsRDD[1] at parquet at NativeMethodAccessorImpl.java:0), which has no missing parents
[2024-10-21T13:22:31.326+0000] {spark_submit.py:634} INFO - 24/10/21 13:22:31 INFO MemoryStore: Block broadcast_0 stored as values in memory (estimated size 104.5 KiB, free 434.3 MiB)
[2024-10-21T13:22:31.348+0000] {spark_submit.py:634} INFO - 24/10/21 13:22:31 INFO MemoryStore: Block broadcast_0_piece0 stored as bytes in memory (estimated size 37.7 KiB, free 434.3 MiB)
[2024-10-21T13:22:31.351+0000] {spark_submit.py:634} INFO - 24/10/21 13:22:31 INFO BlockManagerInfo: Added broadcast_0_piece0 in memory on e2c3a206786d:45131 (size: 37.7 KiB, free: 434.4 MiB)
[2024-10-21T13:22:31.354+0000] {spark_submit.py:634} INFO - 24/10/21 13:22:31 INFO SparkContext: Created broadcast 0 from broadcast at DAGScheduler.scala:1585
[2024-10-21T13:22:31.367+0000] {spark_submit.py:634} INFO - 24/10/21 13:22:31 INFO DAGScheduler: Submitting 1 missing tasks from ResultStage 0 (MapPartitionsRDD[1] at parquet at NativeMethodAccessorImpl.java:0) (first 15 tasks are for partitions Vector(0))
[2024-10-21T13:22:31.368+0000] {spark_submit.py:634} INFO - 24/10/21 13:22:31 INFO TaskSchedulerImpl: Adding task set 0.0 with 1 tasks resource profile 0
[2024-10-21T13:22:31.408+0000] {spark_submit.py:634} INFO - 24/10/21 13:22:31 INFO TaskSetManager: Starting task 0.0 in stage 0.0 (TID 0) (e2c3a206786d, executor driver, partition 0, PROCESS_LOCAL, 9381 bytes)
[2024-10-21T13:22:31.418+0000] {spark_submit.py:634} INFO - 24/10/21 13:22:31 INFO Executor: Running task 0.0 in stage 0.0 (TID 0)
[2024-10-21T13:22:31.710+0000] {spark_submit.py:634} INFO - 24/10/21 13:22:31 INFO Executor: Finished task 0.0 in stage 0.0 (TID 0). 2146 bytes result sent to driver
[2024-10-21T13:22:31.721+0000] {spark_submit.py:634} INFO - 24/10/21 13:22:31 INFO TaskSetManager: Finished task 0.0 in stage 0.0 (TID 0) in 329 ms on e2c3a206786d (executor driver) (1/1)
[2024-10-21T13:22:31.731+0000] {spark_submit.py:634} INFO - 24/10/21 13:22:31 INFO TaskSchedulerImpl: Removed TaskSet 0.0, whose tasks have all completed, from pool
[2024-10-21T13:22:31.732+0000] {spark_submit.py:634} INFO - 24/10/21 13:22:31 INFO DAGScheduler: ResultStage 0 (parquet at NativeMethodAccessorImpl.java:0) finished in 0.445 s
[2024-10-21T13:22:31.741+0000] {spark_submit.py:634} INFO - 24/10/21 13:22:31 INFO DAGScheduler: Job 0 is finished. Cancelling potential speculative or zombie tasks for this job
[2024-10-21T13:22:31.755+0000] {spark_submit.py:634} INFO - 24/10/21 13:22:31 INFO TaskSchedulerImpl: Killing all running tasks in stage 0: Stage finished
[2024-10-21T13:22:31.755+0000] {spark_submit.py:634} INFO - 24/10/21 13:22:31 INFO DAGScheduler: Job 0 finished: parquet at NativeMethodAccessorImpl.java:0, took 0.484917 s
[2024-10-21T13:22:32.139+0000] {spark_submit.py:634} INFO - 24/10/21 13:22:32 INFO BlockManagerInfo: Removed broadcast_0_piece0 on e2c3a206786d:45131 in memory (size: 37.7 KiB, free: 434.4 MiB)
[2024-10-21T13:22:32.311+0000] {spark_submit.py:634} INFO - processador_k
[2024-10-21T13:22:32.311+0000] {spark_submit.py:634} INFO - /opt/***/datalake/silverzone/*_2024-10-21/processador_k.parquet
[2024-10-21T13:22:32.312+0000] {spark_submit.py:634} INFO - /opt/***/datalake/silverzone/*_2024-10-21/processador_k.parquet
[2024-10-21T13:22:32.313+0000] {spark_submit.py:634} INFO - /opt/***/datalake/silverzone/*_2024-10-21/processador_k.parquet
[2024-10-21T13:22:32.313+0000] {spark_submit.py:634} INFO - Entrou em processador_k
[2024-10-21T13:22:32.465+0000] {spark_submit.py:634} INFO - 24/10/21 13:22:32 INFO InMemoryFileIndex: It took 54 ms to list leaf files for 2 paths.
[2024-10-21T13:22:32.497+0000] {spark_submit.py:634} INFO - 24/10/21 13:22:32 INFO SparkContext: Starting job: parquet at NativeMethodAccessorImpl.java:0
[2024-10-21T13:22:32.498+0000] {spark_submit.py:634} INFO - 24/10/21 13:22:32 INFO DAGScheduler: Got job 1 (parquet at NativeMethodAccessorImpl.java:0) with 1 output partitions
[2024-10-21T13:22:32.498+0000] {spark_submit.py:634} INFO - 24/10/21 13:22:32 INFO DAGScheduler: Final stage: ResultStage 1 (parquet at NativeMethodAccessorImpl.java:0)
[2024-10-21T13:22:32.499+0000] {spark_submit.py:634} INFO - 24/10/21 13:22:32 INFO DAGScheduler: Parents of final stage: List()
[2024-10-21T13:22:32.500+0000] {spark_submit.py:634} INFO - 24/10/21 13:22:32 INFO DAGScheduler: Missing parents: List()
[2024-10-21T13:22:32.501+0000] {spark_submit.py:634} INFO - 24/10/21 13:22:32 INFO DAGScheduler: Submitting ResultStage 1 (MapPartitionsRDD[3] at parquet at NativeMethodAccessorImpl.java:0), which has no missing parents
[2024-10-21T13:22:32.507+0000] {spark_submit.py:634} INFO - 24/10/21 13:22:32 INFO MemoryStore: Block broadcast_1 stored as values in memory (estimated size 104.5 KiB, free 434.3 MiB)
[2024-10-21T13:22:32.514+0000] {spark_submit.py:634} INFO - 24/10/21 13:22:32 INFO MemoryStore: Block broadcast_1_piece0 stored as bytes in memory (estimated size 37.7 KiB, free 434.3 MiB)
[2024-10-21T13:22:32.515+0000] {spark_submit.py:634} INFO - 24/10/21 13:22:32 INFO BlockManagerInfo: Added broadcast_1_piece0 in memory on e2c3a206786d:45131 (size: 37.7 KiB, free: 434.4 MiB)
[2024-10-21T13:22:32.517+0000] {spark_submit.py:634} INFO - 24/10/21 13:22:32 INFO SparkContext: Created broadcast 1 from broadcast at DAGScheduler.scala:1585
[2024-10-21T13:22:32.518+0000] {spark_submit.py:634} INFO - 24/10/21 13:22:32 INFO DAGScheduler: Submitting 1 missing tasks from ResultStage 1 (MapPartitionsRDD[3] at parquet at NativeMethodAccessorImpl.java:0) (first 15 tasks are for partitions Vector(0))
[2024-10-21T13:22:32.519+0000] {spark_submit.py:634} INFO - 24/10/21 13:22:32 INFO TaskSchedulerImpl: Adding task set 1.0 with 1 tasks resource profile 0
[2024-10-21T13:22:32.520+0000] {spark_submit.py:634} INFO - 24/10/21 13:22:32 INFO TaskSetManager: Starting task 0.0 in stage 1.0 (TID 1) (e2c3a206786d, executor driver, partition 0, PROCESS_LOCAL, 9381 bytes)
[2024-10-21T13:22:32.521+0000] {spark_submit.py:634} INFO - 24/10/21 13:22:32 INFO Executor: Running task 0.0 in stage 1.0 (TID 1)
[2024-10-21T13:22:32.574+0000] {spark_submit.py:634} INFO - 24/10/21 13:22:32 INFO Executor: Finished task 0.0 in stage 1.0 (TID 1). 2208 bytes result sent to driver
[2024-10-21T13:22:32.574+0000] {spark_submit.py:634} INFO - 24/10/21 13:22:32 INFO TaskSetManager: Finished task 0.0 in stage 1.0 (TID 1) in 52 ms on e2c3a206786d (executor driver) (1/1)
[2024-10-21T13:22:32.575+0000] {spark_submit.py:634} INFO - 24/10/21 13:22:32 INFO DAGScheduler: ResultStage 1 (parquet at NativeMethodAccessorImpl.java:0) finished in 0.073 s
[2024-10-21T13:22:32.575+0000] {spark_submit.py:634} INFO - 24/10/21 13:22:32 INFO DAGScheduler: Job 1 is finished. Cancelling potential speculative or zombie tasks for this job
[2024-10-21T13:22:32.576+0000] {spark_submit.py:634} INFO - 24/10/21 13:22:32 INFO TaskSchedulerImpl: Removed TaskSet 1.0, whose tasks have all completed, from pool
[2024-10-21T13:22:32.576+0000] {spark_submit.py:634} INFO - 24/10/21 13:22:32 INFO TaskSchedulerImpl: Killing all running tasks in stage 1: Stage finished
[2024-10-21T13:22:32.577+0000] {spark_submit.py:634} INFO - 24/10/21 13:22:32 INFO DAGScheduler: Job 1 finished: parquet at NativeMethodAccessorImpl.java:0, took 0.077876 s
[2024-10-21T13:22:33.264+0000] {spark_submit.py:634} INFO - 24/10/21 13:22:33 INFO BlockManagerInfo: Removed broadcast_1_piece0 on e2c3a206786d:45131 in memory (size: 37.7 KiB, free: 434.4 MiB)
[2024-10-21T13:22:33.410+0000] {spark_submit.py:634} INFO - 24/10/21 13:22:33 INFO FileSourceStrategy: Pushed Filters: IsNotNull(name_mark)
[2024-10-21T13:22:33.412+0000] {spark_submit.py:634} INFO - 24/10/21 13:22:33 INFO FileSourceStrategy: Post-Scan Filters: isnotnull(name_mark#16)
[2024-10-21T13:22:33.943+0000] {spark_submit.py:634} INFO - 24/10/21 13:22:33 INFO CodeGenerator: Code generated in 198.157526 ms
[2024-10-21T13:22:33.959+0000] {spark_submit.py:634} INFO - 24/10/21 13:22:33 INFO MemoryStore: Block broadcast_2 stored as values in memory (estimated size 203.4 KiB, free 434.2 MiB)
[2024-10-21T13:22:33.971+0000] {spark_submit.py:634} INFO - 24/10/21 13:22:33 INFO MemoryStore: Block broadcast_2_piece0 stored as bytes in memory (estimated size 35.6 KiB, free 434.2 MiB)
[2024-10-21T13:22:33.973+0000] {spark_submit.py:634} INFO - 24/10/21 13:22:33 INFO BlockManagerInfo: Added broadcast_2_piece0 in memory on e2c3a206786d:45131 (size: 35.6 KiB, free: 434.4 MiB)
[2024-10-21T13:22:33.974+0000] {spark_submit.py:634} INFO - 24/10/21 13:22:33 INFO SparkContext: Created broadcast 2 from $anonfun$withThreadLocalCaptured$1 at FutureTask.java:264
[2024-10-21T13:22:33.984+0000] {spark_submit.py:634} INFO - 24/10/21 13:22:33 INFO FileSourceScanExec: Planning scan with bin packing, max size: 8419484 bytes, open cost is considered as scanning 4194304 bytes.
[2024-10-21T13:22:34.037+0000] {spark_submit.py:634} INFO - 24/10/21 13:22:34 INFO SparkContext: Starting job: $anonfun$withThreadLocalCaptured$1 at FutureTask.java:264
[2024-10-21T13:22:34.038+0000] {spark_submit.py:634} INFO - 24/10/21 13:22:34 INFO DAGScheduler: Got job 2 ($anonfun$withThreadLocalCaptured$1 at FutureTask.java:264) with 1 output partitions
[2024-10-21T13:22:34.038+0000] {spark_submit.py:634} INFO - 24/10/21 13:22:34 INFO DAGScheduler: Final stage: ResultStage 2 ($anonfun$withThreadLocalCaptured$1 at FutureTask.java:264)
[2024-10-21T13:22:34.039+0000] {spark_submit.py:634} INFO - 24/10/21 13:22:34 INFO DAGScheduler: Parents of final stage: List()
[2024-10-21T13:22:34.040+0000] {spark_submit.py:634} INFO - 24/10/21 13:22:34 INFO DAGScheduler: Missing parents: List()
[2024-10-21T13:22:34.040+0000] {spark_submit.py:634} INFO - 24/10/21 13:22:34 INFO DAGScheduler: Submitting ResultStage 2 (MapPartitionsRDD[8] at $anonfun$withThreadLocalCaptured$1 at FutureTask.java:264), which has no missing parents
[2024-10-21T13:22:34.043+0000] {spark_submit.py:634} INFO - 24/10/21 13:22:34 INFO MemoryStore: Block broadcast_3 stored as values in memory (estimated size 18.9 KiB, free 434.1 MiB)
[2024-10-21T13:22:34.048+0000] {spark_submit.py:634} INFO - 24/10/21 13:22:34 INFO MemoryStore: Block broadcast_3_piece0 stored as bytes in memory (estimated size 7.4 KiB, free 434.1 MiB)
[2024-10-21T13:22:34.048+0000] {spark_submit.py:634} INFO - 24/10/21 13:22:34 INFO BlockManagerInfo: Added broadcast_3_piece0 in memory on e2c3a206786d:45131 (size: 7.4 KiB, free: 434.4 MiB)
[2024-10-21T13:22:34.049+0000] {spark_submit.py:634} INFO - 24/10/21 13:22:34 INFO SparkContext: Created broadcast 3 from broadcast at DAGScheduler.scala:1585
[2024-10-21T13:22:34.050+0000] {spark_submit.py:634} INFO - 24/10/21 13:22:34 INFO DAGScheduler: Submitting 1 missing tasks from ResultStage 2 (MapPartitionsRDD[8] at $anonfun$withThreadLocalCaptured$1 at FutureTask.java:264) (first 15 tasks are for partitions Vector(0))
[2024-10-21T13:22:34.051+0000] {spark_submit.py:634} INFO - 24/10/21 13:22:34 INFO TaskSchedulerImpl: Adding task set 2.0 with 1 tasks resource profile 0
[2024-10-21T13:22:34.054+0000] {spark_submit.py:634} INFO - 24/10/21 13:22:34 INFO TaskSetManager: Starting task 0.0 in stage 2.0 (TID 2) (e2c3a206786d, executor driver, partition 0, PROCESS_LOCAL, 10092 bytes)
[2024-10-21T13:22:34.054+0000] {spark_submit.py:634} INFO - 24/10/21 13:22:34 INFO Executor: Running task 0.0 in stage 2.0 (TID 2)
[2024-10-21T13:22:34.110+0000] {spark_submit.py:634} INFO - 24/10/21 13:22:34 INFO CodeGenerator: Code generated in 22.112441 ms
[2024-10-21T13:22:34.113+0000] {spark_submit.py:634} INFO - 24/10/21 13:22:34 INFO FileScanRDD: Reading File path: file:///opt/***/datalake/silverzone/kabum_2024-10-21/processador_k.parquet/part-00000-c2d25a85-1494-4837-955c-4602cc60f890-c000.snappy.parquet, range: 0-24523, partition values: [empty row]
[2024-10-21T13:22:34.217+0000] {spark_submit.py:634} INFO - 24/10/21 13:22:34 INFO FilterCompat: Filtering using predicate: noteq(name_mark, null)
[2024-10-21T13:22:34.286+0000] {spark_submit.py:634} INFO - 24/10/21 13:22:34 INFO CodecPool: Got brand-new decompressor [.snappy]
[2024-10-21T13:22:34.402+0000] {spark_submit.py:634} INFO - 24/10/21 13:22:34 INFO FileScanRDD: Reading File path: file:///opt/***/datalake/silverzone/pichau_2024-10-21/processador_k.parquet/part-00000-b969c5ec-6963-4d0b-9483-d5b2c55727fd-c000.snappy.parquet, range: 0-6353, partition values: [empty row]
[2024-10-21T13:22:34.468+0000] {spark_submit.py:634} INFO - 24/10/21 13:22:34 INFO FilterCompat: Filtering using predicate: noteq(name_mark, null)
[2024-10-21T13:22:34.485+0000] {spark_submit.py:634} INFO - 24/10/21 13:22:34 INFO Executor: Finished task 0.0 in stage 2.0 (TID 2). 38923 bytes result sent to driver
[2024-10-21T13:22:34.487+0000] {spark_submit.py:634} INFO - 24/10/21 13:22:34 INFO TaskSetManager: Finished task 0.0 in stage 2.0 (TID 2) in 435 ms on e2c3a206786d (executor driver) (1/1)
[2024-10-21T13:22:34.487+0000] {spark_submit.py:634} INFO - 24/10/21 13:22:34 INFO TaskSchedulerImpl: Removed TaskSet 2.0, whose tasks have all completed, from pool
[2024-10-21T13:22:34.489+0000] {spark_submit.py:634} INFO - 24/10/21 13:22:34 INFO DAGScheduler: ResultStage 2 ($anonfun$withThreadLocalCaptured$1 at FutureTask.java:264) finished in 0.446 s
[2024-10-21T13:22:34.489+0000] {spark_submit.py:634} INFO - 24/10/21 13:22:34 INFO DAGScheduler: Job 2 is finished. Cancelling potential speculative or zombie tasks for this job
[2024-10-21T13:22:34.490+0000] {spark_submit.py:634} INFO - 24/10/21 13:22:34 INFO TaskSchedulerImpl: Killing all running tasks in stage 2: Stage finished
[2024-10-21T13:22:34.490+0000] {spark_submit.py:634} INFO - 24/10/21 13:22:34 INFO DAGScheduler: Job 2 finished: $anonfun$withThreadLocalCaptured$1 at FutureTask.java:264, took 0.450925 s
[2024-10-21T13:22:34.515+0000] {spark_submit.py:634} INFO - 24/10/21 13:22:34 INFO CodeGenerator: Code generated in 9.863665 ms
[2024-10-21T13:22:34.530+0000] {spark_submit.py:634} INFO - 24/10/21 13:22:34 INFO MemoryStore: Block broadcast_4 stored as values in memory (estimated size 16.0 MiB, free 418.1 MiB)
[2024-10-21T13:22:34.543+0000] {spark_submit.py:634} INFO - 24/10/21 13:22:34 INFO MemoryStore: Block broadcast_4_piece0 stored as bytes in memory (estimated size 45.0 KiB, free 418.1 MiB)
[2024-10-21T13:22:34.544+0000] {spark_submit.py:634} INFO - 24/10/21 13:22:34 INFO BlockManagerInfo: Added broadcast_4_piece0 in memory on e2c3a206786d:45131 (size: 45.0 KiB, free: 434.3 MiB)
[2024-10-21T13:22:34.545+0000] {spark_submit.py:634} INFO - 24/10/21 13:22:34 INFO SparkContext: Created broadcast 4 from $anonfun$withThreadLocalCaptured$1 at FutureTask.java:264
[2024-10-21T13:22:34.553+0000] {spark_submit.py:634} INFO - 24/10/21 13:22:34 INFO BlockManagerInfo: Removed broadcast_3_piece0 on e2c3a206786d:45131 in memory (size: 7.4 KiB, free: 434.3 MiB)
[2024-10-21T13:22:34.715+0000] {spark_submit.py:634} INFO - 24/10/21 13:22:34 INFO CodeGenerator: Code generated in 62.581045 ms
[2024-10-21T13:22:34.742+0000] {spark_submit.py:634} INFO - 24/10/21 13:22:34 INFO SparkContext: Starting job: showString at NativeMethodAccessorImpl.java:0
[2024-10-21T13:22:34.754+0000] {spark_submit.py:634} INFO - 24/10/21 13:22:34 INFO DAGScheduler: Got job 3 (showString at NativeMethodAccessorImpl.java:0) with 1 output partitions
[2024-10-21T13:22:34.766+0000] {spark_submit.py:634} INFO - 24/10/21 13:22:34 INFO DAGScheduler: Final stage: ResultStage 3 (showString at NativeMethodAccessorImpl.java:0)
[2024-10-21T13:22:34.768+0000] {spark_submit.py:634} INFO - 24/10/21 13:22:34 INFO DAGScheduler: Parents of final stage: List()
[2024-10-21T13:22:34.769+0000] {spark_submit.py:634} INFO - 24/10/21 13:22:34 INFO DAGScheduler: Missing parents: List()
[2024-10-21T13:22:34.770+0000] {spark_submit.py:634} INFO - 24/10/21 13:22:34 INFO DAGScheduler: Submitting ResultStage 3 (MapPartitionsRDD[11] at showString at NativeMethodAccessorImpl.java:0), which has no missing parents
[2024-10-21T13:22:34.782+0000] {spark_submit.py:634} INFO - 24/10/21 13:22:34 INFO MemoryStore: Block broadcast_5 stored as values in memory (estimated size 17.3 KiB, free 418.1 MiB)
[2024-10-21T13:22:34.790+0000] {spark_submit.py:634} INFO - 24/10/21 13:22:34 INFO MemoryStore: Block broadcast_5_piece0 stored as bytes in memory (estimated size 8.2 KiB, free 418.1 MiB)
[2024-10-21T13:22:34.804+0000] {spark_submit.py:634} INFO - 24/10/21 13:22:34 INFO BlockManagerInfo: Added broadcast_5_piece0 in memory on e2c3a206786d:45131 (size: 8.2 KiB, free: 434.3 MiB)
[2024-10-21T13:22:34.808+0000] {spark_submit.py:634} INFO - 24/10/21 13:22:34 INFO SparkContext: Created broadcast 5 from broadcast at DAGScheduler.scala:1585
[2024-10-21T13:22:34.816+0000] {spark_submit.py:634} INFO - 24/10/21 13:22:34 INFO DAGScheduler: Submitting 1 missing tasks from ResultStage 3 (MapPartitionsRDD[11] at showString at NativeMethodAccessorImpl.java:0) (first 15 tasks are for partitions Vector(0))
[2024-10-21T13:22:34.817+0000] {spark_submit.py:634} INFO - 24/10/21 13:22:34 INFO TaskSchedulerImpl: Adding task set 3.0 with 1 tasks resource profile 0
[2024-10-21T13:22:34.819+0000] {spark_submit.py:634} INFO - 24/10/21 13:22:34 INFO TaskSetManager: Starting task 0.0 in stage 3.0 (TID 3) (e2c3a206786d, executor driver, partition 0, PROCESS_LOCAL, 9025 bytes)
[2024-10-21T13:22:34.820+0000] {spark_submit.py:634} INFO - 24/10/21 13:22:34 INFO Executor: Running task 0.0 in stage 3.0 (TID 3)
[2024-10-21T13:22:34.885+0000] {spark_submit.py:634} INFO - 24/10/21 13:22:34 INFO CodeGenerator: Code generated in 27.813909 ms
[2024-10-21T13:22:34.896+0000] {spark_submit.py:634} INFO - 24/10/21 13:22:34 INFO JDBCRDD: closed connection
[2024-10-21T13:22:34.898+0000] {spark_submit.py:634} INFO - 24/10/21 13:22:34 INFO Executor: Finished task 0.0 in stage 3.0 (TID 3). 3478 bytes result sent to driver
[2024-10-21T13:22:34.902+0000] {spark_submit.py:634} INFO - 24/10/21 13:22:34 INFO TaskSetManager: Finished task 0.0 in stage 3.0 (TID 3) in 119 ms on e2c3a206786d (executor driver) (1/1)
[2024-10-21T13:22:34.903+0000] {spark_submit.py:634} INFO - 24/10/21 13:22:34 INFO TaskSchedulerImpl: Removed TaskSet 3.0, whose tasks have all completed, from pool
[2024-10-21T13:22:34.906+0000] {spark_submit.py:634} INFO - 24/10/21 13:22:34 INFO DAGScheduler: ResultStage 3 (showString at NativeMethodAccessorImpl.java:0) finished in 0.162 s
[2024-10-21T13:22:34.907+0000] {spark_submit.py:634} INFO - 24/10/21 13:22:34 INFO DAGScheduler: Job 3 is finished. Cancelling potential speculative or zombie tasks for this job
[2024-10-21T13:22:34.909+0000] {spark_submit.py:634} INFO - 24/10/21 13:22:34 INFO TaskSchedulerImpl: Killing all running tasks in stage 3: Stage finished
[2024-10-21T13:22:34.910+0000] {spark_submit.py:634} INFO - 24/10/21 13:22:34 INFO DAGScheduler: Job 3 finished: showString at NativeMethodAccessorImpl.java:0, took 0.166035 s
[2024-10-21T13:22:35.467+0000] {spark_submit.py:634} INFO - 24/10/21 13:22:35 INFO BlockManagerInfo: Removed broadcast_5_piece0 on e2c3a206786d:45131 in memory (size: 8.2 KiB, free: 434.3 MiB)
[2024-10-21T13:22:35.644+0000] {spark_submit.py:634} INFO - 24/10/21 13:22:35 INFO CodeGenerator: Code generated in 11.859658 ms
[2024-10-21T13:22:35.654+0000] {spark_submit.py:634} INFO - +----------+-------+--------------+-----+-------+--------------------+------------+--------------+----------+
[2024-10-21T13:22:35.655+0000] {spark_submit.py:634} INFO - |id_mark_fk|  model|frequency_base|cache|  value|                 uri|data_collect|ID_CATEGORY_FK|ID_SITE_FK|
[2024-10-21T13:22:35.659+0000] {spark_submit.py:634} INFO - +----------+-------+--------------+-----+-------+--------------------+------------+--------------+----------+
[2024-10-21T13:22:35.664+0000] {spark_submit.py:634} INFO - |         1|RYZEN 3|           4.0|    8| 599.99|https://www.picha...|  2024-10-21|             2|         2|
[2024-10-21T13:22:35.670+0000] {spark_submit.py:634} INFO - |         1|RYZEN 3|           4.2|    8| 639.99|https://www.kabum...|  2024-10-21|             2|         1|
[2024-10-21T13:22:35.670+0000] {spark_submit.py:634} INFO - |         2|RYZEN 9|           3.4|   72|2799.99|https://www.kabum...|  2024-10-21|             2|         1|
[2024-10-21T13:22:35.671+0000] {spark_submit.py:634} INFO - |         3|CORE I9|           3.2|   36|3778.99|https://www.picha...|  2024-10-21|             2|         2|
[2024-10-21T13:22:35.671+0000] {spark_submit.py:634} INFO - |         3|CORE I9|           3.2|   36|3778.99|https://www.picha...|  2024-10-21|             2|         2|
[2024-10-21T13:22:35.672+0000] {spark_submit.py:634} INFO - |         3|CORE I9|           5.8|   36|5389.36|https://www.kabum...|  2024-10-21|             2|         1|
[2024-10-21T13:22:35.672+0000] {spark_submit.py:634} INFO - |         4|RYZEN 7|           4.2|  104|2999.99|https://www.picha...|  2024-10-21|             2|         2|
[2024-10-21T13:22:35.673+0000] {spark_submit.py:634} INFO - |         4|RYZEN 7|           4.2|  104|2999.99|https://www.picha...|  2024-10-21|             2|         2|
[2024-10-21T13:22:35.674+0000] {spark_submit.py:634} INFO - |         4|RYZEN 7|           4.2|  104|3535.86|https://www.kabum...|  2024-10-21|             2|         1|
[2024-10-21T13:22:35.683+0000] {spark_submit.py:634} INFO - |         4|RYZEN 7|           4.2|    0|3329.90|https://www.kabum...|  2024-10-21|             2|         1|
[2024-10-21T13:22:35.691+0000] {spark_submit.py:634} INFO - |         4|RYZEN 7|           4.2|  104|3069.00|https://www.kabum...|  2024-10-21|             2|         1|
[2024-10-21T13:22:35.694+0000] {spark_submit.py:634} INFO - |         5|RYZEN 7|           4.2|   24|1899.99|https://www.picha...|  2024-10-21|             2|         2|
[2024-10-21T13:22:35.707+0000] {spark_submit.py:634} INFO - |         5|RYZEN 7|           4.2|   24|2059.11|https://www.kabum...|  2024-10-21|             2|         1|
[2024-10-21T13:22:35.712+0000] {spark_submit.py:634} INFO - |         5|RYZEN 7|           4.2|    8|1999.99|https://www.kabum...|  2024-10-21|             2|         1|
[2024-10-21T13:22:35.714+0000] {spark_submit.py:634} INFO - |         6|CORE I7|           3.4|   33|2689.99|https://www.picha...|  2024-10-21|             2|         2|
[2024-10-21T13:22:35.715+0000] {spark_submit.py:634} INFO - |         6|CORE I7|           3.4|   33|2689.99|https://www.picha...|  2024-10-21|             2|         2|
[2024-10-21T13:22:35.716+0000] {spark_submit.py:634} INFO - |         6|CORE I7|           5.4|   33|2377.67|https://www.kabum...|  2024-10-21|             2|         1|
[2024-10-21T13:22:35.718+0000] {spark_submit.py:634} INFO - |         8|RYZEN 7|           3.8|   40|1899.99|https://www.picha...|  2024-10-21|             2|         2|
[2024-10-21T13:22:35.723+0000] {spark_submit.py:634} INFO - |         8|RYZEN 7|           3.8|   32|2199.00|https://www.kabum...|  2024-10-21|             2|         1|
[2024-10-21T13:22:35.725+0000] {spark_submit.py:634} INFO - |         8|RYZEN 7|           5.3|   40|1999.99|https://www.kabum...|  2024-10-21|             2|         1|
[2024-10-21T13:22:35.727+0000] {spark_submit.py:634} INFO - +----------+-------+--------------+-----+-------+--------------------+------------+--------------+----------+
[2024-10-21T13:22:35.727+0000] {spark_submit.py:634} INFO - only showing top 20 rows
[2024-10-21T13:22:35.728+0000] {spark_submit.py:634} INFO - 
[2024-10-21T13:22:35.731+0000] {spark_submit.py:634} INFO - memoria_k
[2024-10-21T13:22:35.731+0000] {spark_submit.py:634} INFO - /opt/***/datalake/silverzone/*_2024-10-21/memoria_k.parquet
[2024-10-21T13:22:35.732+0000] {spark_submit.py:634} INFO - /opt/***/datalake/silverzone/*_2024-10-21/memoria_k.parquet
[2024-10-21T13:22:35.732+0000] {spark_submit.py:634} INFO - /opt/***/datalake/silverzone/*_2024-10-21/memoria_k.parquet
[2024-10-21T13:22:35.733+0000] {spark_submit.py:634} INFO - Entrou em memoria_k
[2024-10-21T13:22:36.011+0000] {spark_submit.py:634} INFO - 24/10/21 13:22:36 INFO InMemoryFileIndex: It took 85 ms to list leaf files for 2 paths.
[2024-10-21T13:22:36.037+0000] {spark_submit.py:634} INFO - 24/10/21 13:22:36 INFO SparkContext: Starting job: parquet at NativeMethodAccessorImpl.java:0
[2024-10-21T13:22:36.039+0000] {spark_submit.py:634} INFO - 24/10/21 13:22:36 INFO DAGScheduler: Got job 4 (parquet at NativeMethodAccessorImpl.java:0) with 1 output partitions
[2024-10-21T13:22:36.042+0000] {spark_submit.py:634} INFO - 24/10/21 13:22:36 INFO DAGScheduler: Final stage: ResultStage 4 (parquet at NativeMethodAccessorImpl.java:0)
[2024-10-21T13:22:36.045+0000] {spark_submit.py:634} INFO - 24/10/21 13:22:36 INFO DAGScheduler: Parents of final stage: List()
[2024-10-21T13:22:36.046+0000] {spark_submit.py:634} INFO - 24/10/21 13:22:36 INFO DAGScheduler: Missing parents: List()
[2024-10-21T13:22:36.050+0000] {spark_submit.py:634} INFO - 24/10/21 13:22:36 INFO DAGScheduler: Submitting ResultStage 4 (MapPartitionsRDD[13] at parquet at NativeMethodAccessorImpl.java:0), which has no missing parents
[2024-10-21T13:22:36.056+0000] {spark_submit.py:634} INFO - 24/10/21 13:22:36 INFO MemoryStore: Block broadcast_6 stored as values in memory (estimated size 104.5 KiB, free 418.0 MiB)
[2024-10-21T13:22:36.058+0000] {spark_submit.py:634} INFO - 24/10/21 13:22:36 INFO MemoryStore: Block broadcast_6_piece0 stored as bytes in memory (estimated size 37.7 KiB, free 418.0 MiB)
[2024-10-21T13:22:36.061+0000] {spark_submit.py:634} INFO - 24/10/21 13:22:36 INFO BlockManagerInfo: Added broadcast_6_piece0 in memory on e2c3a206786d:45131 (size: 37.7 KiB, free: 434.3 MiB)
[2024-10-21T13:22:36.061+0000] {spark_submit.py:634} INFO - 24/10/21 13:22:36 INFO SparkContext: Created broadcast 6 from broadcast at DAGScheduler.scala:1585
[2024-10-21T13:22:36.064+0000] {spark_submit.py:634} INFO - 24/10/21 13:22:36 INFO DAGScheduler: Submitting 1 missing tasks from ResultStage 4 (MapPartitionsRDD[13] at parquet at NativeMethodAccessorImpl.java:0) (first 15 tasks are for partitions Vector(0))
[2024-10-21T13:22:36.064+0000] {spark_submit.py:634} INFO - 24/10/21 13:22:36 INFO TaskSchedulerImpl: Adding task set 4.0 with 1 tasks resource profile 0
[2024-10-21T13:22:36.068+0000] {spark_submit.py:634} INFO - 24/10/21 13:22:36 INFO TaskSetManager: Starting task 0.0 in stage 4.0 (TID 4) (e2c3a206786d, executor driver, partition 0, PROCESS_LOCAL, 9377 bytes)
[2024-10-21T13:22:36.068+0000] {spark_submit.py:634} INFO - 24/10/21 13:22:36 INFO Executor: Running task 0.0 in stage 4.0 (TID 4)
[2024-10-21T13:22:36.109+0000] {spark_submit.py:634} INFO - 24/10/21 13:22:36 INFO Executor: Finished task 0.0 in stage 4.0 (TID 4). 2136 bytes result sent to driver
[2024-10-21T13:22:36.112+0000] {spark_submit.py:634} INFO - 24/10/21 13:22:36 INFO TaskSetManager: Finished task 0.0 in stage 4.0 (TID 4) in 48 ms on e2c3a206786d (executor driver) (1/1)
[2024-10-21T13:22:36.113+0000] {spark_submit.py:634} INFO - 24/10/21 13:22:36 INFO TaskSchedulerImpl: Removed TaskSet 4.0, whose tasks have all completed, from pool
[2024-10-21T13:22:36.113+0000] {spark_submit.py:634} INFO - 24/10/21 13:22:36 INFO DAGScheduler: ResultStage 4 (parquet at NativeMethodAccessorImpl.java:0) finished in 0.071 s
[2024-10-21T13:22:36.114+0000] {spark_submit.py:634} INFO - 24/10/21 13:22:36 INFO DAGScheduler: Job 4 is finished. Cancelling potential speculative or zombie tasks for this job
[2024-10-21T13:22:36.114+0000] {spark_submit.py:634} INFO - 24/10/21 13:22:36 INFO TaskSchedulerImpl: Killing all running tasks in stage 4: Stage finished
[2024-10-21T13:22:36.115+0000] {spark_submit.py:634} INFO - 24/10/21 13:22:36 INFO DAGScheduler: Job 4 finished: parquet at NativeMethodAccessorImpl.java:0, took 0.075076 s
[2024-10-21T13:22:36.252+0000] {spark_submit.py:634} INFO - 24/10/21 13:22:36 INFO FileSourceStrategy: Pushed Filters: IsNotNull(name_mark)
[2024-10-21T13:22:36.252+0000] {spark_submit.py:634} INFO - 24/10/21 13:22:36 INFO FileSourceStrategy: Post-Scan Filters: isnotnull(name_mark#128)
[2024-10-21T13:22:36.302+0000] {spark_submit.py:634} INFO - 24/10/21 13:22:36 INFO CodeGenerator: Code generated in 18.244459 ms
[2024-10-21T13:22:36.305+0000] {spark_submit.py:634} INFO - 24/10/21 13:22:36 INFO MemoryStore: Block broadcast_7 stored as values in memory (estimated size 203.6 KiB, free 417.8 MiB)
[2024-10-21T13:22:36.312+0000] {spark_submit.py:634} INFO - 24/10/21 13:22:36 INFO MemoryStore: Block broadcast_7_piece0 stored as bytes in memory (estimated size 35.6 KiB, free 417.7 MiB)
[2024-10-21T13:22:36.313+0000] {spark_submit.py:634} INFO - 24/10/21 13:22:36 INFO BlockManagerInfo: Added broadcast_7_piece0 in memory on e2c3a206786d:45131 (size: 35.6 KiB, free: 434.2 MiB)
[2024-10-21T13:22:36.314+0000] {spark_submit.py:634} INFO - 24/10/21 13:22:36 INFO SparkContext: Created broadcast 7 from $anonfun$withThreadLocalCaptured$1 at FutureTask.java:264
[2024-10-21T13:22:36.315+0000] {spark_submit.py:634} INFO - 24/10/21 13:22:36 INFO FileSourceScanExec: Planning scan with bin packing, max size: 8438861 bytes, open cost is considered as scanning 4194304 bytes.
[2024-10-21T13:22:36.324+0000] {spark_submit.py:634} INFO - 24/10/21 13:22:36 INFO SparkContext: Starting job: $anonfun$withThreadLocalCaptured$1 at FutureTask.java:264
[2024-10-21T13:22:36.325+0000] {spark_submit.py:634} INFO - 24/10/21 13:22:36 INFO DAGScheduler: Got job 5 ($anonfun$withThreadLocalCaptured$1 at FutureTask.java:264) with 1 output partitions
[2024-10-21T13:22:36.325+0000] {spark_submit.py:634} INFO - 24/10/21 13:22:36 INFO DAGScheduler: Final stage: ResultStage 5 ($anonfun$withThreadLocalCaptured$1 at FutureTask.java:264)
[2024-10-21T13:22:36.326+0000] {spark_submit.py:634} INFO - 24/10/21 13:22:36 INFO DAGScheduler: Parents of final stage: List()
[2024-10-21T13:22:36.326+0000] {spark_submit.py:634} INFO - 24/10/21 13:22:36 INFO DAGScheduler: Missing parents: List()
[2024-10-21T13:22:36.327+0000] {spark_submit.py:634} INFO - 24/10/21 13:22:36 INFO DAGScheduler: Submitting ResultStage 5 (MapPartitionsRDD[18] at $anonfun$withThreadLocalCaptured$1 at FutureTask.java:264), which has no missing parents
[2024-10-21T13:22:36.328+0000] {spark_submit.py:634} INFO - 24/10/21 13:22:36 INFO MemoryStore: Block broadcast_8 stored as values in memory (estimated size 20.0 KiB, free 417.7 MiB)
[2024-10-21T13:22:36.329+0000] {spark_submit.py:634} INFO - 24/10/21 13:22:36 INFO MemoryStore: Block broadcast_8_piece0 stored as bytes in memory (estimated size 7.5 KiB, free 417.7 MiB)
[2024-10-21T13:22:36.331+0000] {spark_submit.py:634} INFO - 24/10/21 13:22:36 INFO BlockManagerInfo: Added broadcast_8_piece0 in memory on e2c3a206786d:45131 (size: 7.5 KiB, free: 434.2 MiB)
[2024-10-21T13:22:36.332+0000] {spark_submit.py:634} INFO - 24/10/21 13:22:36 INFO SparkContext: Created broadcast 8 from broadcast at DAGScheduler.scala:1585
[2024-10-21T13:22:36.332+0000] {spark_submit.py:634} INFO - 24/10/21 13:22:36 INFO DAGScheduler: Submitting 1 missing tasks from ResultStage 5 (MapPartitionsRDD[18] at $anonfun$withThreadLocalCaptured$1 at FutureTask.java:264) (first 15 tasks are for partitions Vector(0))
[2024-10-21T13:22:36.333+0000] {spark_submit.py:634} INFO - 24/10/21 13:22:36 INFO TaskSchedulerImpl: Adding task set 5.0 with 1 tasks resource profile 0
[2024-10-21T13:22:36.334+0000] {spark_submit.py:634} INFO - 24/10/21 13:22:36 INFO TaskSetManager: Starting task 0.0 in stage 5.0 (TID 5) (e2c3a206786d, executor driver, partition 0, PROCESS_LOCAL, 10084 bytes)
[2024-10-21T13:22:36.334+0000] {spark_submit.py:634} INFO - 24/10/21 13:22:36 INFO Executor: Running task 0.0 in stage 5.0 (TID 5)
[2024-10-21T13:22:36.358+0000] {spark_submit.py:634} INFO - 24/10/21 13:22:36 INFO CodeGenerator: Code generated in 17.681032 ms
[2024-10-21T13:22:36.359+0000] {spark_submit.py:634} INFO - 24/10/21 13:22:36 INFO FileScanRDD: Reading File path: file:///opt/***/datalake/silverzone/kabum_2024-10-21/memoria_k.parquet/part-00000-e1b57a7a-976a-41eb-9d5a-746d4579bf1c-c000.snappy.parquet, range: 0-38834, partition values: [empty row]
[2024-10-21T13:22:36.412+0000] {spark_submit.py:634} INFO - 24/10/21 13:22:36 INFO FilterCompat: Filtering using predicate: noteq(name_mark, null)
[2024-10-21T13:22:36.423+0000] {spark_submit.py:634} INFO - 24/10/21 13:22:36 INFO FileScanRDD: Reading File path: file:///opt/***/datalake/silverzone/pichau_2024-10-21/memoria_k.parquet/part-00000-ab28867a-db94-4273-a6a8-acb55fa5889f-c000.snappy.parquet, range: 0-11419, partition values: [empty row]
[2024-10-21T13:22:36.480+0000] {spark_submit.py:634} INFO - 24/10/21 13:22:36 INFO FilterCompat: Filtering using predicate: noteq(name_mark, null)
[2024-10-21T13:22:36.489+0000] {spark_submit.py:634} INFO - 24/10/21 13:22:36 INFO Executor: Finished task 0.0 in stage 5.0 (TID 5). 70621 bytes result sent to driver
[2024-10-21T13:22:36.496+0000] {spark_submit.py:634} INFO - 24/10/21 13:22:36 INFO TaskSetManager: Finished task 0.0 in stage 5.0 (TID 5) in 163 ms on e2c3a206786d (executor driver) (1/1)
[2024-10-21T13:22:36.496+0000] {spark_submit.py:634} INFO - 24/10/21 13:22:36 INFO TaskSchedulerImpl: Removed TaskSet 5.0, whose tasks have all completed, from pool
[2024-10-21T13:22:36.497+0000] {spark_submit.py:634} INFO - 24/10/21 13:22:36 INFO BlockManagerInfo: Removed broadcast_6_piece0 on e2c3a206786d:45131 in memory (size: 37.7 KiB, free: 434.3 MiB)
[2024-10-21T13:22:36.497+0000] {spark_submit.py:634} INFO - 24/10/21 13:22:36 INFO DAGScheduler: ResultStage 5 ($anonfun$withThreadLocalCaptured$1 at FutureTask.java:264) finished in 0.170 s
[2024-10-21T13:22:36.498+0000] {spark_submit.py:634} INFO - 24/10/21 13:22:36 INFO DAGScheduler: Job 5 is finished. Cancelling potential speculative or zombie tasks for this job
[2024-10-21T13:22:36.498+0000] {spark_submit.py:634} INFO - 24/10/21 13:22:36 INFO TaskSchedulerImpl: Killing all running tasks in stage 5: Stage finished
[2024-10-21T13:22:36.499+0000] {spark_submit.py:634} INFO - 24/10/21 13:22:36 INFO DAGScheduler: Job 5 finished: $anonfun$withThreadLocalCaptured$1 at FutureTask.java:264, took 0.173103 s
[2024-10-21T13:22:36.506+0000] {spark_submit.py:634} INFO - 24/10/21 13:22:36 INFO CodeGenerator: Code generated in 5.804973 ms
[2024-10-21T13:22:36.510+0000] {spark_submit.py:634} INFO - 24/10/21 13:22:36 INFO MemoryStore: Block broadcast_9 stored as values in memory (estimated size 16.0 MiB, free 401.8 MiB)
[2024-10-21T13:22:36.513+0000] {spark_submit.py:634} INFO - 24/10/21 13:22:36 INFO MemoryStore: Block broadcast_9_piece0 stored as bytes in memory (estimated size 76.2 KiB, free 401.8 MiB)
[2024-10-21T13:22:36.514+0000] {spark_submit.py:634} INFO - 24/10/21 13:22:36 INFO BlockManagerInfo: Added broadcast_9_piece0 in memory on e2c3a206786d:45131 (size: 76.2 KiB, free: 434.2 MiB)
[2024-10-21T13:22:36.515+0000] {spark_submit.py:634} INFO - 24/10/21 13:22:36 INFO SparkContext: Created broadcast 9 from $anonfun$withThreadLocalCaptured$1 at FutureTask.java:264
[2024-10-21T13:22:36.550+0000] {spark_submit.py:634} INFO - 24/10/21 13:22:36 INFO CodeGenerator: Code generated in 13.231922 ms
[2024-10-21T13:22:36.555+0000] {spark_submit.py:634} INFO - 24/10/21 13:22:36 INFO SparkContext: Starting job: showString at NativeMethodAccessorImpl.java:0
[2024-10-21T13:22:36.556+0000] {spark_submit.py:634} INFO - 24/10/21 13:22:36 INFO DAGScheduler: Got job 6 (showString at NativeMethodAccessorImpl.java:0) with 1 output partitions
[2024-10-21T13:22:36.558+0000] {spark_submit.py:634} INFO - 24/10/21 13:22:36 INFO DAGScheduler: Final stage: ResultStage 6 (showString at NativeMethodAccessorImpl.java:0)
[2024-10-21T13:22:36.558+0000] {spark_submit.py:634} INFO - 24/10/21 13:22:36 INFO DAGScheduler: Parents of final stage: List()
[2024-10-21T13:22:36.559+0000] {spark_submit.py:634} INFO - 24/10/21 13:22:36 INFO DAGScheduler: Missing parents: List()
[2024-10-21T13:22:36.559+0000] {spark_submit.py:634} INFO - 24/10/21 13:22:36 INFO DAGScheduler: Submitting ResultStage 6 (MapPartitionsRDD[21] at showString at NativeMethodAccessorImpl.java:0), which has no missing parents
[2024-10-21T13:22:36.560+0000] {spark_submit.py:634} INFO - 24/10/21 13:22:36 INFO MemoryStore: Block broadcast_10 stored as values in memory (estimated size 18.0 KiB, free 401.7 MiB)
[2024-10-21T13:22:36.564+0000] {spark_submit.py:634} INFO - 24/10/21 13:22:36 INFO MemoryStore: Block broadcast_10_piece0 stored as bytes in memory (estimated size 8.3 KiB, free 401.7 MiB)
[2024-10-21T13:22:36.573+0000] {spark_submit.py:634} INFO - 24/10/21 13:22:36 INFO BlockManagerInfo: Added broadcast_10_piece0 in memory on e2c3a206786d:45131 (size: 8.3 KiB, free: 434.2 MiB)
[2024-10-21T13:22:36.573+0000] {spark_submit.py:634} INFO - 24/10/21 13:22:36 INFO SparkContext: Created broadcast 10 from broadcast at DAGScheduler.scala:1585
[2024-10-21T13:22:36.574+0000] {spark_submit.py:634} INFO - 24/10/21 13:22:36 INFO DAGScheduler: Submitting 1 missing tasks from ResultStage 6 (MapPartitionsRDD[21] at showString at NativeMethodAccessorImpl.java:0) (first 15 tasks are for partitions Vector(0))
[2024-10-21T13:22:36.574+0000] {spark_submit.py:634} INFO - 24/10/21 13:22:36 INFO TaskSchedulerImpl: Adding task set 6.0 with 1 tasks resource profile 0
[2024-10-21T13:22:36.575+0000] {spark_submit.py:634} INFO - 24/10/21 13:22:36 INFO TaskSetManager: Starting task 0.0 in stage 6.0 (TID 6) (e2c3a206786d, executor driver, partition 0, PROCESS_LOCAL, 9025 bytes)
[2024-10-21T13:22:36.575+0000] {spark_submit.py:634} INFO - 24/10/21 13:22:36 INFO Executor: Running task 0.0 in stage 6.0 (TID 6)
[2024-10-21T13:22:36.594+0000] {spark_submit.py:634} INFO - 24/10/21 13:22:36 INFO BlockManagerInfo: Removed broadcast_2_piece0 on e2c3a206786d:45131 in memory (size: 35.6 KiB, free: 434.2 MiB)
[2024-10-21T13:22:36.611+0000] {spark_submit.py:634} INFO - 24/10/21 13:22:36 INFO CodeGenerator: Code generated in 14.901801 ms
[2024-10-21T13:22:36.614+0000] {spark_submit.py:634} INFO - 24/10/21 13:22:36 INFO BlockManagerInfo: Removed broadcast_4_piece0 on e2c3a206786d:45131 in memory (size: 45.0 KiB, free: 434.3 MiB)
[2024-10-21T13:22:36.617+0000] {spark_submit.py:634} INFO - 24/10/21 13:22:36 INFO BlockManagerInfo: Removed broadcast_8_piece0 on e2c3a206786d:45131 in memory (size: 7.5 KiB, free: 434.3 MiB)
[2024-10-21T13:22:36.618+0000] {spark_submit.py:634} INFO - 24/10/21 13:22:36 INFO JDBCRDD: closed connection
[2024-10-21T13:22:36.621+0000] {spark_submit.py:634} INFO - 24/10/21 13:22:36 INFO Executor: Finished task 0.0 in stage 6.0 (TID 6). 4743 bytes result sent to driver
[2024-10-21T13:22:36.622+0000] {spark_submit.py:634} INFO - 24/10/21 13:22:36 INFO TaskSetManager: Finished task 0.0 in stage 6.0 (TID 6) in 47 ms on e2c3a206786d (executor driver) (1/1)
[2024-10-21T13:22:36.623+0000] {spark_submit.py:634} INFO - 24/10/21 13:22:36 INFO TaskSchedulerImpl: Removed TaskSet 6.0, whose tasks have all completed, from pool
[2024-10-21T13:22:36.624+0000] {spark_submit.py:634} INFO - 24/10/21 13:22:36 INFO DAGScheduler: ResultStage 6 (showString at NativeMethodAccessorImpl.java:0) finished in 0.066 s
[2024-10-21T13:22:36.624+0000] {spark_submit.py:634} INFO - 24/10/21 13:22:36 INFO DAGScheduler: Job 6 is finished. Cancelling potential speculative or zombie tasks for this job
[2024-10-21T13:22:36.625+0000] {spark_submit.py:634} INFO - 24/10/21 13:22:36 INFO TaskSchedulerImpl: Killing all running tasks in stage 6: Stage finished
[2024-10-21T13:22:36.625+0000] {spark_submit.py:634} INFO - 24/10/21 13:22:36 INFO DAGScheduler: Job 6 finished: showString at NativeMethodAccessorImpl.java:0, took 0.068746 s
[2024-10-21T13:22:36.637+0000] {spark_submit.py:634} INFO - 24/10/21 13:22:36 INFO CodeGenerator: Code generated in 9.449345 ms
[2024-10-21T13:22:36.643+0000] {spark_submit.py:634} INFO - +----------+--------------------+----+---+---+-------+-------+--------------------+------------+--------------+----------+
[2024-10-21T13:22:36.644+0000] {spark_submit.py:634} INFO - |id_mark_fk|         memory_name| MHZ| GB|DDR|latency|  value|                 uri|data_collect|ID_CATEGORY_FK|ID_SITE_FK|
[2024-10-21T13:22:36.644+0000] {spark_submit.py:634} INFO - +----------+--------------------+----+---+---+-------+-------+--------------------+------------+--------------+----------+
[2024-10-21T13:22:36.645+0000] {spark_submit.py:634} INFO - |         7|MEMORIA KINGSTON ...|6400| 32|  5|      0|1239.99|https://www.picha...|  2024-10-21|             1|         2|
[2024-10-21T13:22:36.646+0000] {spark_submit.py:634} INFO - |         7|MEMORIA KINGSTON ...|6400| 16|  5|      0| 689.99|https://www.picha...|  2024-10-21|             1|         2|
[2024-10-21T13:22:36.646+0000] {spark_submit.py:634} INFO - |         7|MEMORIA KINGSTON ...|6800| 16|  5|      0| 679.99|https://www.picha...|  2024-10-21|             1|         2|
[2024-10-21T13:22:36.647+0000] {spark_submit.py:634} INFO - |         7|MEMORIA KINGSTON ...|7200| 16|  5|      0| 899.99|https://www.picha...|  2024-10-21|             1|         2|
[2024-10-21T13:22:36.647+0000] {spark_submit.py:634} INFO - |         7|MEMORIA KINGSTON ...|5200| 16|  5|      0| 529.99|https://www.picha...|  2024-10-21|             1|         2|
[2024-10-21T13:22:36.648+0000] {spark_submit.py:634} INFO - |         7|MEMRIA KINGSTON,...|3200| 16|  4|     22| 271.57|https://www.kabum...|  2024-10-21|             1|         1|
[2024-10-21T13:22:36.648+0000] {spark_submit.py:634} INFO - |         7|MEMRIA KINGSTON,...|2666| 16|  4|      0| 659.00|https://www.kabum...|  2024-10-21|             1|         1|
[2024-10-21T13:22:36.648+0000] {spark_submit.py:634} INFO - |         7|MEMRIA RAM KINGS...|6000|  8|  5|      0| 352.87|https://www.kabum...|  2024-10-21|             1|         1|
[2024-10-21T13:22:36.649+0000] {spark_submit.py:634} INFO - |         7|MEMRIA  KINGSTON...|3200| 16|  4|     22| 228.48|https://www.kabum...|  2024-10-21|             1|         1|
[2024-10-21T13:22:36.649+0000] {spark_submit.py:634} INFO - |         7|MEMORIA  KINGSTON...|2400| 16|  4|      0| 234.00|https://www.kabum...|  2024-10-21|             1|         1|
[2024-10-21T13:22:36.650+0000] {spark_submit.py:634} INFO - |         7|MEMRIA SODIMM, K...|4800| 16|  5|     38| 415.00|https://www.kabum...|  2024-10-21|             1|         1|
[2024-10-21T13:22:36.650+0000] {spark_submit.py:634} INFO - |         7|MEMRIA KINGSTON,...|1600|  8|  3|     11| 606.40|https://www.kabum...|  2024-10-21|             1|         1|
[2024-10-21T13:22:36.651+0000] {spark_submit.py:634} INFO - |         7|MEMRIA KINGSTON ...|3600|  8|  4|     16| 282.05|https://www.kabum...|  2024-10-21|             1|         1|
[2024-10-21T13:22:36.651+0000] {spark_submit.py:634} INFO - |         7|MEMRIA KINGSTON,...|1600|  4|  3|      0|  74.27|https://www.kabum...|  2024-10-21|             1|         1|
[2024-10-21T13:22:36.651+0000] {spark_submit.py:634} INFO - |         7|MEMRIA KINGSTON ...|3600|  8|  4|      0| 215.25|https://www.kabum...|  2024-10-21|             1|         1|
[2024-10-21T13:22:36.652+0000] {spark_submit.py:634} INFO - |         7|MEMRIA KINGSTON ...|2666| 16|  4|     19| 307.71|https://www.kabum...|  2024-10-21|             1|         1|
[2024-10-21T13:22:36.652+0000] {spark_submit.py:634} INFO - |         7|MEMRIA KINGSTON ...|4800| 16|  5|     40| 408.00|https://www.kabum...|  2024-10-21|             1|         1|
[2024-10-21T13:22:36.653+0000] {spark_submit.py:634} INFO - |         7|MEMRIA RAM PARA ...|4800| 32|  5|     36|1323.99|https://www.kabum...|  2024-10-21|             1|         1|
[2024-10-21T13:22:36.653+0000] {spark_submit.py:634} INFO - |         7|MEMRIA KINGSTON,...|2666| 16|  4|     19| 236.37|https://www.kabum...|  2024-10-21|             1|         1|
[2024-10-21T13:22:36.653+0000] {spark_submit.py:634} INFO - |         7|MEMRIA KINGSTON ...|   0| 32|  4|      0| 899.10|https://www.kabum...|  2024-10-21|             1|         1|
[2024-10-21T13:22:36.654+0000] {spark_submit.py:634} INFO - +----------+--------------------+----+---+---+-------+-------+--------------------+------------+--------------+----------+
[2024-10-21T13:22:36.654+0000] {spark_submit.py:634} INFO - only showing top 20 rows
[2024-10-21T13:22:36.654+0000] {spark_submit.py:634} INFO - 
[2024-10-21T13:22:36.655+0000] {spark_submit.py:634} INFO - placa_mae
[2024-10-21T13:22:36.655+0000] {spark_submit.py:634} INFO - /opt/***/datalake/silverzone/*_2024-10-21/placa_mae.parquet
[2024-10-21T13:22:36.655+0000] {spark_submit.py:634} INFO - /opt/***/datalake/silverzone/*_2024-10-21/placa_mae.parquet
[2024-10-21T13:22:36.656+0000] {spark_submit.py:634} INFO - /opt/***/datalake/silverzone/*_2024-10-21/placa_mae.parquet
[2024-10-21T13:22:36.656+0000] {spark_submit.py:634} INFO - Entrou em placa_mae
[2024-10-21T13:22:36.805+0000] {spark_submit.py:634} INFO - 24/10/21 13:22:36 INFO InMemoryFileIndex: It took 65 ms to list leaf files for 2 paths.
[2024-10-21T13:22:36.830+0000] {spark_submit.py:634} INFO - 24/10/21 13:22:36 INFO SparkContext: Starting job: parquet at NativeMethodAccessorImpl.java:0
[2024-10-21T13:22:36.840+0000] {spark_submit.py:634} INFO - 24/10/21 13:22:36 INFO DAGScheduler: Got job 7 (parquet at NativeMethodAccessorImpl.java:0) with 1 output partitions
[2024-10-21T13:22:36.841+0000] {spark_submit.py:634} INFO - 24/10/21 13:22:36 INFO DAGScheduler: Final stage: ResultStage 7 (parquet at NativeMethodAccessorImpl.java:0)
[2024-10-21T13:22:36.841+0000] {spark_submit.py:634} INFO - 24/10/21 13:22:36 INFO DAGScheduler: Parents of final stage: List()
[2024-10-21T13:22:36.842+0000] {spark_submit.py:634} INFO - 24/10/21 13:22:36 INFO DAGScheduler: Missing parents: List()
[2024-10-21T13:22:36.843+0000] {spark_submit.py:634} INFO - 24/10/21 13:22:36 INFO DAGScheduler: Submitting ResultStage 7 (MapPartitionsRDD[23] at parquet at NativeMethodAccessorImpl.java:0), which has no missing parents
[2024-10-21T13:22:36.843+0000] {spark_submit.py:634} INFO - 24/10/21 13:22:36 INFO MemoryStore: Block broadcast_11 stored as values in memory (estimated size 104.5 KiB, free 417.9 MiB)
[2024-10-21T13:22:36.843+0000] {spark_submit.py:634} INFO - 24/10/21 13:22:36 INFO MemoryStore: Block broadcast_11_piece0 stored as bytes in memory (estimated size 37.7 KiB, free 417.9 MiB)
[2024-10-21T13:22:36.844+0000] {spark_submit.py:634} INFO - 24/10/21 13:22:36 INFO BlockManagerInfo: Added broadcast_11_piece0 in memory on e2c3a206786d:45131 (size: 37.7 KiB, free: 434.2 MiB)
[2024-10-21T13:22:36.845+0000] {spark_submit.py:634} INFO - 24/10/21 13:22:36 INFO SparkContext: Created broadcast 11 from broadcast at DAGScheduler.scala:1585
[2024-10-21T13:22:36.845+0000] {spark_submit.py:634} INFO - 24/10/21 13:22:36 INFO DAGScheduler: Submitting 1 missing tasks from ResultStage 7 (MapPartitionsRDD[23] at parquet at NativeMethodAccessorImpl.java:0) (first 15 tasks are for partitions Vector(0))
[2024-10-21T13:22:36.845+0000] {spark_submit.py:634} INFO - 24/10/21 13:22:36 INFO TaskSchedulerImpl: Adding task set 7.0 with 1 tasks resource profile 0
[2024-10-21T13:22:36.846+0000] {spark_submit.py:634} INFO - 24/10/21 13:22:36 INFO TaskSetManager: Starting task 0.0 in stage 7.0 (TID 7) (e2c3a206786d, executor driver, partition 0, PROCESS_LOCAL, 9377 bytes)
[2024-10-21T13:22:36.846+0000] {spark_submit.py:634} INFO - 24/10/21 13:22:36 INFO Executor: Running task 0.0 in stage 7.0 (TID 7)
[2024-10-21T13:22:36.880+0000] {spark_submit.py:634} INFO - 24/10/21 13:22:36 INFO Executor: Finished task 0.0 in stage 7.0 (TID 7). 2059 bytes result sent to driver
[2024-10-21T13:22:36.881+0000] {spark_submit.py:634} INFO - 24/10/21 13:22:36 INFO TaskSetManager: Finished task 0.0 in stage 7.0 (TID 7) in 39 ms on e2c3a206786d (executor driver) (1/1)
[2024-10-21T13:22:36.882+0000] {spark_submit.py:634} INFO - 24/10/21 13:22:36 INFO TaskSchedulerImpl: Removed TaskSet 7.0, whose tasks have all completed, from pool
[2024-10-21T13:22:36.883+0000] {spark_submit.py:634} INFO - 24/10/21 13:22:36 INFO DAGScheduler: ResultStage 7 (parquet at NativeMethodAccessorImpl.java:0) finished in 0.050 s
[2024-10-21T13:22:36.883+0000] {spark_submit.py:634} INFO - 24/10/21 13:22:36 INFO DAGScheduler: Job 7 is finished. Cancelling potential speculative or zombie tasks for this job
[2024-10-21T13:22:36.884+0000] {spark_submit.py:634} INFO - 24/10/21 13:22:36 INFO TaskSchedulerImpl: Killing all running tasks in stage 7: Stage finished
[2024-10-21T13:22:36.885+0000] {spark_submit.py:634} INFO - 24/10/21 13:22:36 INFO DAGScheduler: Job 7 finished: parquet at NativeMethodAccessorImpl.java:0, took 0.053048 s
[2024-10-21T13:22:36.948+0000] {spark_submit.py:634} INFO - 24/10/21 13:22:36 INFO BlockManagerInfo: Removed broadcast_11_piece0 on e2c3a206786d:45131 in memory (size: 37.7 KiB, free: 434.3 MiB)
[2024-10-21T13:22:36.952+0000] {spark_submit.py:634} INFO - 24/10/21 13:22:36 INFO BlockManagerInfo: Removed broadcast_10_piece0 on e2c3a206786d:45131 in memory (size: 8.3 KiB, free: 434.3 MiB)
[2024-10-21T13:22:36.994+0000] {spark_submit.py:634} INFO - 24/10/21 13:22:36 INFO FileSourceStrategy: Pushed Filters: IsNotNull(name_mark)
[2024-10-21T13:22:36.995+0000] {spark_submit.py:634} INFO - 24/10/21 13:22:36 INFO FileSourceStrategy: Post-Scan Filters: isnotnull(name_mark#260)
[2024-10-21T13:22:37.032+0000] {spark_submit.py:634} INFO - 24/10/21 13:22:37 INFO CodeGenerator: Code generated in 10.365408 ms
[2024-10-21T13:22:37.036+0000] {spark_submit.py:634} INFO - 24/10/21 13:22:37 INFO MemoryStore: Block broadcast_12 stored as values in memory (estimated size 203.4 KiB, free 417.9 MiB)
[2024-10-21T13:22:37.046+0000] {spark_submit.py:634} INFO - 24/10/21 13:22:37 INFO MemoryStore: Block broadcast_12_piece0 stored as bytes in memory (estimated size 35.6 KiB, free 417.8 MiB)
[2024-10-21T13:22:37.047+0000] {spark_submit.py:634} INFO - 24/10/21 13:22:37 INFO BlockManagerInfo: Added broadcast_12_piece0 in memory on e2c3a206786d:45131 (size: 35.6 KiB, free: 434.3 MiB)
[2024-10-21T13:22:37.048+0000] {spark_submit.py:634} INFO - 24/10/21 13:22:37 INFO SparkContext: Created broadcast 12 from $anonfun$withThreadLocalCaptured$1 at FutureTask.java:264
[2024-10-21T13:22:37.049+0000] {spark_submit.py:634} INFO - 24/10/21 13:22:37 INFO FileSourceScanExec: Planning scan with bin packing, max size: 8419294 bytes, open cost is considered as scanning 4194304 bytes.
[2024-10-21T13:22:37.058+0000] {spark_submit.py:634} INFO - 24/10/21 13:22:37 INFO SparkContext: Starting job: $anonfun$withThreadLocalCaptured$1 at FutureTask.java:264
[2024-10-21T13:22:37.059+0000] {spark_submit.py:634} INFO - 24/10/21 13:22:37 INFO DAGScheduler: Got job 8 ($anonfun$withThreadLocalCaptured$1 at FutureTask.java:264) with 1 output partitions
[2024-10-21T13:22:37.060+0000] {spark_submit.py:634} INFO - 24/10/21 13:22:37 INFO DAGScheduler: Final stage: ResultStage 8 ($anonfun$withThreadLocalCaptured$1 at FutureTask.java:264)
[2024-10-21T13:22:37.060+0000] {spark_submit.py:634} INFO - 24/10/21 13:22:37 INFO DAGScheduler: Parents of final stage: List()
[2024-10-21T13:22:37.061+0000] {spark_submit.py:634} INFO - 24/10/21 13:22:37 INFO DAGScheduler: Missing parents: List()
[2024-10-21T13:22:37.062+0000] {spark_submit.py:634} INFO - 24/10/21 13:22:37 INFO DAGScheduler: Submitting ResultStage 8 (MapPartitionsRDD[28] at $anonfun$withThreadLocalCaptured$1 at FutureTask.java:264), which has no missing parents
[2024-10-21T13:22:37.062+0000] {spark_submit.py:634} INFO - 24/10/21 13:22:37 INFO MemoryStore: Block broadcast_13 stored as values in memory (estimated size 18.9 KiB, free 417.8 MiB)
[2024-10-21T13:22:37.064+0000] {spark_submit.py:634} INFO - 24/10/21 13:22:37 INFO MemoryStore: Block broadcast_13_piece0 stored as bytes in memory (estimated size 7.3 KiB, free 417.8 MiB)
[2024-10-21T13:22:37.065+0000] {spark_submit.py:634} INFO - 24/10/21 13:22:37 INFO BlockManagerInfo: Added broadcast_13_piece0 in memory on e2c3a206786d:45131 (size: 7.3 KiB, free: 434.2 MiB)
[2024-10-21T13:22:37.065+0000] {spark_submit.py:634} INFO - 24/10/21 13:22:37 INFO SparkContext: Created broadcast 13 from broadcast at DAGScheduler.scala:1585
[2024-10-21T13:22:37.066+0000] {spark_submit.py:634} INFO - 24/10/21 13:22:37 INFO DAGScheduler: Submitting 1 missing tasks from ResultStage 8 (MapPartitionsRDD[28] at $anonfun$withThreadLocalCaptured$1 at FutureTask.java:264) (first 15 tasks are for partitions Vector(0))
[2024-10-21T13:22:37.066+0000] {spark_submit.py:634} INFO - 24/10/21 13:22:37 INFO TaskSchedulerImpl: Adding task set 8.0 with 1 tasks resource profile 0
[2024-10-21T13:22:37.067+0000] {spark_submit.py:634} INFO - 24/10/21 13:22:37 INFO TaskSetManager: Starting task 0.0 in stage 8.0 (TID 8) (e2c3a206786d, executor driver, partition 0, PROCESS_LOCAL, 10084 bytes)
[2024-10-21T13:22:37.080+0000] {spark_submit.py:634} INFO - 24/10/21 13:22:37 INFO Executor: Running task 0.0 in stage 8.0 (TID 8)
[2024-10-21T13:22:37.082+0000] {spark_submit.py:634} INFO - 24/10/21 13:22:37 INFO CodeGenerator: Code generated in 11.238376 ms
[2024-10-21T13:22:37.084+0000] {spark_submit.py:634} INFO - 24/10/21 13:22:37 INFO FileScanRDD: Reading File path: file:///opt/***/datalake/silverzone/kabum_2024-10-21/placa_mae.parquet/part-00000-af253de2-dae6-4462-be80-b2acbeb02d45-c000.snappy.parquet, range: 0-23910, partition values: [empty row]
[2024-10-21T13:22:37.142+0000] {spark_submit.py:634} INFO - 24/10/21 13:22:37 INFO FilterCompat: Filtering using predicate: noteq(name_mark, null)
[2024-10-21T13:22:37.152+0000] {spark_submit.py:634} INFO - 24/10/21 13:22:37 INFO FileScanRDD: Reading File path: file:///opt/***/datalake/silverzone/pichau_2024-10-21/placa_mae.parquet/part-00000-6be343d4-4641-44f5-beec-959e17804e1b-c000.snappy.parquet, range: 0-6776, partition values: [empty row]
[2024-10-21T13:22:37.212+0000] {spark_submit.py:634} INFO - 24/10/21 13:22:37 INFO FilterCompat: Filtering using predicate: noteq(name_mark, null)
[2024-10-21T13:22:37.221+0000] {spark_submit.py:634} INFO - 24/10/21 13:22:37 INFO Executor: Finished task 0.0 in stage 8.0 (TID 8). 44275 bytes result sent to driver
[2024-10-21T13:22:37.222+0000] {spark_submit.py:634} INFO - 24/10/21 13:22:37 INFO TaskSetManager: Finished task 0.0 in stage 8.0 (TID 8) in 155 ms on e2c3a206786d (executor driver) (1/1)
[2024-10-21T13:22:37.222+0000] {spark_submit.py:634} INFO - 24/10/21 13:22:37 INFO TaskSchedulerImpl: Removed TaskSet 8.0, whose tasks have all completed, from pool
[2024-10-21T13:22:37.223+0000] {spark_submit.py:634} INFO - 24/10/21 13:22:37 INFO DAGScheduler: ResultStage 8 ($anonfun$withThreadLocalCaptured$1 at FutureTask.java:264) finished in 0.161 s
[2024-10-21T13:22:37.223+0000] {spark_submit.py:634} INFO - 24/10/21 13:22:37 INFO DAGScheduler: Job 8 is finished. Cancelling potential speculative or zombie tasks for this job
[2024-10-21T13:22:37.224+0000] {spark_submit.py:634} INFO - 24/10/21 13:22:37 INFO TaskSchedulerImpl: Killing all running tasks in stage 8: Stage finished
[2024-10-21T13:22:37.224+0000] {spark_submit.py:634} INFO - 24/10/21 13:22:37 INFO DAGScheduler: Job 8 finished: $anonfun$withThreadLocalCaptured$1 at FutureTask.java:264, took 0.164777 s
[2024-10-21T13:22:37.228+0000] {spark_submit.py:634} INFO - 24/10/21 13:22:37 INFO MemoryStore: Block broadcast_14 stored as values in memory (estimated size 16.0 MiB, free 401.8 MiB)
[2024-10-21T13:22:37.231+0000] {spark_submit.py:634} INFO - 24/10/21 13:22:37 INFO MemoryStore: Block broadcast_14_piece0 stored as bytes in memory (estimated size 48.6 KiB, free 401.8 MiB)
[2024-10-21T13:22:37.231+0000] {spark_submit.py:634} INFO - 24/10/21 13:22:37 INFO BlockManagerInfo: Added broadcast_14_piece0 in memory on e2c3a206786d:45131 (size: 48.6 KiB, free: 434.2 MiB)
[2024-10-21T13:22:37.232+0000] {spark_submit.py:634} INFO - 24/10/21 13:22:37 INFO SparkContext: Created broadcast 14 from $anonfun$withThreadLocalCaptured$1 at FutureTask.java:264
[2024-10-21T13:22:37.259+0000] {spark_submit.py:634} INFO - 24/10/21 13:22:37 INFO CodeGenerator: Code generated in 9.942575 ms
[2024-10-21T13:22:37.265+0000] {spark_submit.py:634} INFO - 24/10/21 13:22:37 INFO SparkContext: Starting job: showString at NativeMethodAccessorImpl.java:0
[2024-10-21T13:22:37.266+0000] {spark_submit.py:634} INFO - 24/10/21 13:22:37 INFO DAGScheduler: Got job 9 (showString at NativeMethodAccessorImpl.java:0) with 1 output partitions
[2024-10-21T13:22:37.267+0000] {spark_submit.py:634} INFO - 24/10/21 13:22:37 INFO DAGScheduler: Final stage: ResultStage 9 (showString at NativeMethodAccessorImpl.java:0)
[2024-10-21T13:22:37.267+0000] {spark_submit.py:634} INFO - 24/10/21 13:22:37 INFO DAGScheduler: Parents of final stage: List()
[2024-10-21T13:22:37.268+0000] {spark_submit.py:634} INFO - 24/10/21 13:22:37 INFO DAGScheduler: Missing parents: List()
[2024-10-21T13:22:37.268+0000] {spark_submit.py:634} INFO - 24/10/21 13:22:37 INFO DAGScheduler: Submitting ResultStage 9 (MapPartitionsRDD[31] at showString at NativeMethodAccessorImpl.java:0), which has no missing parents
[2024-10-21T13:22:37.269+0000] {spark_submit.py:634} INFO - 24/10/21 13:22:37 INFO MemoryStore: Block broadcast_15 stored as values in memory (estimated size 17.3 KiB, free 401.7 MiB)
[2024-10-21T13:22:37.270+0000] {spark_submit.py:634} INFO - 24/10/21 13:22:37 INFO MemoryStore: Block broadcast_15_piece0 stored as bytes in memory (estimated size 8.2 KiB, free 401.7 MiB)
[2024-10-21T13:22:37.271+0000] {spark_submit.py:634} INFO - 24/10/21 13:22:37 INFO BlockManagerInfo: Added broadcast_15_piece0 in memory on e2c3a206786d:45131 (size: 8.2 KiB, free: 434.2 MiB)
[2024-10-21T13:22:37.271+0000] {spark_submit.py:634} INFO - 24/10/21 13:22:37 INFO SparkContext: Created broadcast 15 from broadcast at DAGScheduler.scala:1585
[2024-10-21T13:22:37.272+0000] {spark_submit.py:634} INFO - 24/10/21 13:22:37 INFO DAGScheduler: Submitting 1 missing tasks from ResultStage 9 (MapPartitionsRDD[31] at showString at NativeMethodAccessorImpl.java:0) (first 15 tasks are for partitions Vector(0))
[2024-10-21T13:22:37.272+0000] {spark_submit.py:634} INFO - 24/10/21 13:22:37 INFO TaskSchedulerImpl: Adding task set 9.0 with 1 tasks resource profile 0
[2024-10-21T13:22:37.273+0000] {spark_submit.py:634} INFO - 24/10/21 13:22:37 INFO TaskSetManager: Starting task 0.0 in stage 9.0 (TID 9) (e2c3a206786d, executor driver, partition 0, PROCESS_LOCAL, 9025 bytes)
[2024-10-21T13:22:37.278+0000] {spark_submit.py:634} INFO - 24/10/21 13:22:37 INFO Executor: Running task 0.0 in stage 9.0 (TID 9)
[2024-10-21T13:22:37.299+0000] {spark_submit.py:634} INFO - 24/10/21 13:22:37 INFO CodeGenerator: Code generated in 9.288425 ms
[2024-10-21T13:22:37.304+0000] {spark_submit.py:634} INFO - 24/10/21 13:22:37 INFO JDBCRDD: closed connection
[2024-10-21T13:22:37.305+0000] {spark_submit.py:634} INFO - 24/10/21 13:22:37 INFO Executor: Finished task 0.0 in stage 9.0 (TID 9). 2931 bytes result sent to driver
[2024-10-21T13:22:37.307+0000] {spark_submit.py:634} INFO - 24/10/21 13:22:37 INFO TaskSetManager: Finished task 0.0 in stage 9.0 (TID 9) in 34 ms on e2c3a206786d (executor driver) (1/1)
[2024-10-21T13:22:37.308+0000] {spark_submit.py:634} INFO - 24/10/21 13:22:37 INFO TaskSchedulerImpl: Removed TaskSet 9.0, whose tasks have all completed, from pool
[2024-10-21T13:22:37.308+0000] {spark_submit.py:634} INFO - 24/10/21 13:22:37 INFO DAGScheduler: ResultStage 9 (showString at NativeMethodAccessorImpl.java:0) finished in 0.040 s
[2024-10-21T13:22:37.309+0000] {spark_submit.py:634} INFO - 24/10/21 13:22:37 INFO DAGScheduler: Job 9 is finished. Cancelling potential speculative or zombie tasks for this job
[2024-10-21T13:22:37.309+0000] {spark_submit.py:634} INFO - 24/10/21 13:22:37 INFO TaskSchedulerImpl: Killing all running tasks in stage 9: Stage finished
[2024-10-21T13:22:37.310+0000] {spark_submit.py:634} INFO - 24/10/21 13:22:37 INFO DAGScheduler: Job 9 finished: showString at NativeMethodAccessorImpl.java:0, took 0.042950 s
[2024-10-21T13:22:37.315+0000] {spark_submit.py:634} INFO - +----------+-----+--------+---+-------+--------------------+------------+--------------+----------+
[2024-10-21T13:22:37.315+0000] {spark_submit.py:634} INFO - |id_mark_fk|model|  socket|DDR|  value|                 uri|data_collect|ID_CATEGORY_FK|ID_SITE_FK|
[2024-10-21T13:22:37.316+0000] {spark_submit.py:634} INFO - +----------+-----+--------+---+-------+--------------------+------------+--------------+----------+
[2024-10-21T13:22:37.316+0000] {spark_submit.py:634} INFO - |         9| Z790|LGA 1700|  5|4999.99|https://www.picha...|  2024-10-21|             4|         2|
[2024-10-21T13:22:37.317+0000] {spark_submit.py:634} INFO - |         9| Z790|LGA 1700|  5|2999.99|https://www.picha...|  2024-10-21|             4|         2|
[2024-10-21T13:22:37.317+0000] {spark_submit.py:634} INFO - |         9| X670|     AM5|  5|2079.99|https://www.picha...|  2024-10-21|             4|         2|
[2024-10-21T13:22:37.318+0000] {spark_submit.py:634} INFO - |         9| Z790|LGA 1700|  5|2989.99|https://www.picha...|  2024-10-21|             4|         2|
[2024-10-21T13:22:37.318+0000] {spark_submit.py:634} INFO - |         9| B650|     AM5|  5|1699.99|https://www.picha...|  2024-10-21|             4|         2|
[2024-10-21T13:22:37.319+0000] {spark_submit.py:634} INFO - |         9| B760|LGA 1700|  5|1729.99|https://www.picha...|  2024-10-21|             4|         2|
[2024-10-21T13:22:37.319+0000] {spark_submit.py:634} INFO - |         9| B650|     AM5|  5| 849.99|https://www.picha...|  2024-10-21|             4|         2|
[2024-10-21T13:22:37.319+0000] {spark_submit.py:634} INFO - |         9| B650|     AM5|  5|1579.99|https://www.picha...|  2024-10-21|             4|         2|
[2024-10-21T13:22:37.320+0000] {spark_submit.py:634} INFO - |         9| H510|LGA 1200|  4| 529.99|https://www.picha...|  2024-10-21|             4|         2|
[2024-10-21T13:22:37.320+0000] {spark_submit.py:634} INFO - |         9| H610|LGA 1700|  5| 699.99|https://www.picha...|  2024-10-21|             4|         2|
[2024-10-21T13:22:37.321+0000] {spark_submit.py:634} INFO - |         9| Z790|LGA 1700|  5|2399.99|https://www.picha...|  2024-10-21|             4|         2|
[2024-10-21T13:22:37.321+0000] {spark_submit.py:634} INFO - |         9| Z790|LGA 1700|  5|1674.99|https://www.picha...|  2024-10-21|             4|         2|
[2024-10-21T13:22:37.321+0000] {spark_submit.py:634} INFO - |         9| Z790|LGA 1700|  5|2099.99|https://www.picha...|  2024-10-21|             4|         2|
[2024-10-21T13:22:37.322+0000] {spark_submit.py:634} INFO - |         9| B760|LGA 1700|  5|1299.99|https://www.picha...|  2024-10-21|             4|         2|
[2024-10-21T13:22:37.322+0000] {spark_submit.py:634} INFO - |         9| B760|LGA 1700|  5|1299.99|https://www.picha...|  2024-10-21|             4|         2|
[2024-10-21T13:22:37.322+0000] {spark_submit.py:634} INFO - |         9| B760| LGA1700|  4|1269.99|https://www.picha...|  2024-10-21|             4|         2|
[2024-10-21T13:22:37.323+0000] {spark_submit.py:634} INFO - |         9| B760| LGA1700|  4| 999.99|https://www.picha...|  2024-10-21|             4|         2|
[2024-10-21T13:22:37.323+0000] {spark_submit.py:634} INFO - |         9| B650|     AM5|  5|1099.99|https://www.picha...|  2024-10-21|             4|         2|
[2024-10-21T13:22:37.323+0000] {spark_submit.py:634} INFO - |         9| B760|LGA 1700|  5|1194.99|https://www.picha...|  2024-10-21|             4|         2|
[2024-10-21T13:22:37.324+0000] {spark_submit.py:634} INFO - |         9| B550|     AM4|  4| 829.99|https://www.picha...|  2024-10-21|             4|         2|
[2024-10-21T13:22:37.324+0000] {spark_submit.py:634} INFO - +----------+-----+--------+---+-------+--------------------+------------+--------------+----------+
[2024-10-21T13:22:37.324+0000] {spark_submit.py:634} INFO - only showing top 20 rows
[2024-10-21T13:22:37.325+0000] {spark_submit.py:634} INFO - 
[2024-10-21T13:22:37.325+0000] {spark_submit.py:634} INFO - placa_video
[2024-10-21T13:22:37.325+0000] {spark_submit.py:634} INFO - /opt/***/datalake/silverzone/*_2024-10-21/placa_video.parquet
[2024-10-21T13:22:37.326+0000] {spark_submit.py:634} INFO - /opt/***/datalake/silverzone/*_2024-10-21/placa_video.parquet
[2024-10-21T13:22:37.326+0000] {spark_submit.py:634} INFO - /opt/***/datalake/silverzone/*_2024-10-21/placa_video.parquet
[2024-10-21T13:22:37.365+0000] {spark_submit.py:634} INFO - 24/10/21 13:22:37 INFO SparkContext: Invoking stop() from shutdown hook
[2024-10-21T13:22:37.366+0000] {spark_submit.py:634} INFO - 24/10/21 13:22:37 INFO SparkContext: SparkContext is stopping with exitCode 0.
[2024-10-21T13:22:37.373+0000] {spark_submit.py:634} INFO - 24/10/21 13:22:37 INFO SparkUI: Stopped Spark web UI at http://e2c3a206786d:4040
[2024-10-21T13:22:37.382+0000] {spark_submit.py:634} INFO - 24/10/21 13:22:37 INFO MapOutputTrackerMasterEndpoint: MapOutputTrackerMasterEndpoint stopped!
[2024-10-21T13:22:37.394+0000] {spark_submit.py:634} INFO - 24/10/21 13:22:37 INFO MemoryStore: MemoryStore cleared
[2024-10-21T13:22:37.394+0000] {spark_submit.py:634} INFO - 24/10/21 13:22:37 INFO BlockManager: BlockManager stopped
[2024-10-21T13:22:37.399+0000] {spark_submit.py:634} INFO - 24/10/21 13:22:37 INFO BlockManagerMaster: BlockManagerMaster stopped
[2024-10-21T13:22:37.401+0000] {spark_submit.py:634} INFO - 24/10/21 13:22:37 INFO OutputCommitCoordinator$OutputCommitCoordinatorEndpoint: OutputCommitCoordinator stopped!
[2024-10-21T13:22:37.406+0000] {spark_submit.py:634} INFO - 24/10/21 13:22:37 INFO SparkContext: Successfully stopped SparkContext
[2024-10-21T13:22:37.407+0000] {spark_submit.py:634} INFO - 24/10/21 13:22:37 INFO ShutdownHookManager: Shutdown hook called
[2024-10-21T13:22:37.407+0000] {spark_submit.py:634} INFO - 24/10/21 13:22:37 INFO ShutdownHookManager: Deleting directory /tmp/spark-d150c1a0-01e6-4be5-afd0-d3384e3601b3
[2024-10-21T13:22:37.411+0000] {spark_submit.py:634} INFO - 24/10/21 13:22:37 INFO ShutdownHookManager: Deleting directory /tmp/spark-55c22662-18a1-466c-a659-6d25af152c5e
[2024-10-21T13:22:37.414+0000] {spark_submit.py:634} INFO - 24/10/21 13:22:37 INFO ShutdownHookManager: Deleting directory /tmp/spark-55c22662-18a1-466c-a659-6d25af152c5e/pyspark-a57bef55-0491-4bb1-af3f-ff37da2269af
[2024-10-21T13:22:37.485+0000] {taskinstance.py:340} INFO - ::group::Post task execution logs
[2024-10-21T13:22:37.485+0000] {taskinstance.py:352} INFO - Marking task as SUCCESS. dag_id=LoadWebScraping, task_id=spark_job, run_id=manual__2024-10-21T13:22:21.477833+00:00, execution_date=20241021T132221, start_date=20241021T132224, end_date=20241021T132237
[2024-10-21T13:22:37.514+0000] {local_task_job_runner.py:266} INFO - Task exited with return code 0
[2024-10-21T13:22:37.528+0000] {taskinstance.py:3900} INFO - 0 downstream tasks scheduled from follow-on schedule check
[2024-10-21T13:22:37.533+0000] {local_task_job_runner.py:245} INFO - ::endgroup::
