[2024-10-11T23:40:25.298+0000] {local_task_job_runner.py:123} INFO - ::group::Pre task execution logs
[2024-10-11T23:40:25.313+0000] {taskinstance.py:2612} INFO - Dependencies all met for dep_context=non-requeueable deps ti=<TaskInstance: pipeline_webscraping.pichau_tasks.Create_Container_Silver_pichau manual__2024-10-11T23:37:46.369747+00:00 [queued]>
[2024-10-11T23:40:25.320+0000] {taskinstance.py:2612} INFO - Dependencies all met for dep_context=requeueable deps ti=<TaskInstance: pipeline_webscraping.pichau_tasks.Create_Container_Silver_pichau manual__2024-10-11T23:37:46.369747+00:00 [queued]>
[2024-10-11T23:40:25.321+0000] {taskinstance.py:2865} INFO - Starting attempt 1 of 1
[2024-10-11T23:40:25.335+0000] {taskinstance.py:2888} INFO - Executing <Task(CreateContainerInDataLake): pichau_tasks.Create_Container_Silver_pichau> on 2024-10-11 23:37:46.369747+00:00
[2024-10-11T23:40:25.345+0000] {warnings.py:112} WARNING - /home/***/.local/lib/python3.12/site-packages/***/task/task_runner/standard_task_runner.py:70: DeprecationWarning: This process (pid=135) is multi-threaded, use of fork() may lead to deadlocks in the child.
  pid = os.fork()

[2024-10-11T23:40:25.344+0000] {standard_task_runner.py:104} INFO - Running: ['***', 'tasks', 'run', 'pipeline_webscraping', 'pichau_tasks.Create_Container_Silver_pichau', 'manual__2024-10-11T23:37:46.369747+00:00', '--job-id', '7', '--raw', '--subdir', 'DAGS_FOLDER/DagWebScraping.py', '--cfg-path', '/tmp/tmp0bacfd8w']
[2024-10-11T23:40:25.348+0000] {standard_task_runner.py:105} INFO - Job 7: Subtask pichau_tasks.Create_Container_Silver_pichau
[2024-10-11T23:40:25.348+0000] {standard_task_runner.py:72} INFO - Started process 137 to run task
[2024-10-11T23:40:25.391+0000] {task_command.py:467} INFO - Running <TaskInstance: pipeline_webscraping.pichau_tasks.Create_Container_Silver_pichau manual__2024-10-11T23:37:46.369747+00:00 [running]> on host d29c75c3a94e
[2024-10-11T23:40:25.460+0000] {taskinstance.py:3131} INFO - Exporting env vars: AIRFLOW_CTX_DAG_OWNER='***' AIRFLOW_CTX_DAG_ID='pipeline_webscraping' AIRFLOW_CTX_TASK_ID='pichau_tasks.Create_Container_Silver_pichau' AIRFLOW_CTX_EXECUTION_DATE='2024-10-11T23:37:46.369747+00:00' AIRFLOW_CTX_TRY_NUMBER='1' AIRFLOW_CTX_DAG_RUN_ID='manual__2024-10-11T23:37:46.369747+00:00'
[2024-10-11T23:40:25.463+0000] {taskinstance.py:731} INFO - ::endgroup::
[2024-10-11T23:40:25.482+0000] {baseoperator.py:405} WARNING - CreateContainerInDataLake.execute cannot be called outside TaskInstance!
[2024-10-11T23:40:25.483+0000] {subprocess.py:63} INFO - Tmp dir root location: /tmp
[2024-10-11T23:40:25.484+0000] {subprocess.py:75} INFO - Running command: ['/usr/bin/bash', '-c', 'mkdir -p /opt/***/datalake/silverzone/pichau_2024-10-11']
[2024-10-11T23:40:25.494+0000] {subprocess.py:86} INFO - Output:
[2024-10-11T23:40:25.499+0000] {subprocess.py:97} INFO - Command exited with return code 0
[2024-10-11T23:40:25.545+0000] {taskinstance.py:340} INFO - ::group::Post task execution logs
[2024-10-11T23:40:25.546+0000] {taskinstance.py:352} INFO - Marking task as SUCCESS. dag_id=pipeline_webscraping, task_id=pichau_tasks.Create_Container_Silver_pichau, run_id=manual__2024-10-11T23:37:46.369747+00:00, execution_date=20241011T233746, start_date=20241011T234025, end_date=20241011T234025
[2024-10-11T23:40:25.608+0000] {local_task_job_runner.py:266} INFO - Task exited with return code 0
[2024-10-11T23:40:25.643+0000] {taskinstance.py:3900} INFO - 1 downstream tasks scheduled from follow-on schedule check
[2024-10-11T23:40:25.646+0000] {local_task_job_runner.py:245} INFO - ::endgroup::
