[2024-10-09T19:30:36.109+0000] {local_task_job_runner.py:123} INFO - ::group::Pre task execution logs
[2024-10-09T19:30:36.125+0000] {taskinstance.py:2612} INFO - Dependencies all met for dep_context=non-requeueable deps ti=<TaskInstance: LoadWebScraping.load_parquet_to_postgres manual__2024-10-09T19:30:34.995721+00:00 [queued]>
[2024-10-09T19:30:36.134+0000] {taskinstance.py:2612} INFO - Dependencies all met for dep_context=requeueable deps ti=<TaskInstance: LoadWebScraping.load_parquet_to_postgres manual__2024-10-09T19:30:34.995721+00:00 [queued]>
[2024-10-09T19:30:36.135+0000] {taskinstance.py:2865} INFO - Starting attempt 1 of 1
[2024-10-09T19:30:36.150+0000] {taskinstance.py:2888} INFO - Executing <Task(SparkJDBCOperator): load_parquet_to_postgres> on 2024-10-09 19:30:34.995721+00:00
[2024-10-09T19:30:36.156+0000] {warnings.py:112} WARNING - /home/***/.local/lib/python3.12/site-packages/***/task/task_runner/standard_task_runner.py:70: DeprecationWarning: This process (pid=1492) is multi-threaded, use of fork() may lead to deadlocks in the child.
  pid = os.fork()

[2024-10-09T19:30:36.157+0000] {standard_task_runner.py:72} INFO - Started process 1496 to run task
[2024-10-09T19:30:36.158+0000] {standard_task_runner.py:104} INFO - Running: ['***', 'tasks', 'run', 'LoadWebScraping', 'load_parquet_to_postgres', 'manual__2024-10-09T19:30:34.995721+00:00', '--job-id', '1470', '--raw', '--subdir', 'DAGS_FOLDER/LoadWebScraping.py', '--cfg-path', '/tmp/tmpzd19n3tn']
[2024-10-09T19:30:36.160+0000] {standard_task_runner.py:105} INFO - Job 1470: Subtask load_parquet_to_postgres
[2024-10-09T19:30:36.207+0000] {task_command.py:467} INFO - Running <TaskInstance: LoadWebScraping.load_parquet_to_postgres manual__2024-10-09T19:30:34.995721+00:00 [running]> on host 97b4e38b3eb9
[2024-10-09T19:30:36.457+0000] {taskinstance.py:3131} INFO - Exporting env vars: AIRFLOW_CTX_DAG_OWNER='***' AIRFLOW_CTX_DAG_ID='LoadWebScraping' AIRFLOW_CTX_TASK_ID='load_parquet_to_postgres' AIRFLOW_CTX_EXECUTION_DATE='2024-10-09T19:30:34.995721+00:00' AIRFLOW_CTX_TRY_NUMBER='1' AIRFLOW_CTX_DAG_RUN_ID='manual__2024-10-09T19:30:34.995721+00:00'
[2024-10-09T19:30:36.458+0000] {taskinstance.py:731} INFO - ::endgroup::
[2024-10-09T19:30:36.476+0000] {base.py:84} INFO - Retrieving connection 'spark_default'
[2024-10-09T19:30:36.482+0000] {base.py:84} INFO - Retrieving connection 'postgres-***'
[2024-10-09T19:30:36.483+0000] {spark_submit.py:403} INFO - Spark-Submit cmd: spark-submit --master spark://spark:7077 --name LoadParquetToPostgres --verbose --deploy-mode client /home/***/.local/lib/python3.12/site-packages/***/providers/apache/spark/hooks/spark_jdbc_script.py -cmdType spark_to_jdbc -url host.docker.internal:5432/DW_webscraping -user *** -password ****** -jdbcTable tb_dim_site -jdbcDriver org.postgresql.Driver
[2024-10-09T19:30:37.744+0000] {spark_submit.py:579} INFO - Using properties file: null
[2024-10-09T19:30:37.852+0000] {spark_submit.py:579} INFO - Parsed arguments:
[2024-10-09T19:30:37.853+0000] {spark_submit.py:579} INFO - master                  spark://spark:7077
[2024-10-09T19:30:37.856+0000] {spark_submit.py:579} INFO - remote                  null
[2024-10-09T19:30:37.857+0000] {spark_submit.py:579} INFO - deployMode              client
[2024-10-09T19:30:37.858+0000] {spark_submit.py:579} INFO - executorMemory          null
[2024-10-09T19:30:37.858+0000] {spark_submit.py:579} INFO - executorCores           null
[2024-10-09T19:30:37.859+0000] {spark_submit.py:579} INFO - totalExecutorCores      null
[2024-10-09T19:30:37.859+0000] {spark_submit.py:579} INFO - propertiesFile          null
[2024-10-09T19:30:37.860+0000] {spark_submit.py:579} INFO - driverMemory            null
[2024-10-09T19:30:37.860+0000] {spark_submit.py:579} INFO - driverCores             null
[2024-10-09T19:30:37.861+0000] {spark_submit.py:579} INFO - driverExtraClassPath    null
[2024-10-09T19:30:37.861+0000] {spark_submit.py:579} INFO - driverExtraLibraryPath  null
[2024-10-09T19:30:37.862+0000] {spark_submit.py:579} INFO - driverExtraJavaOptions  null
[2024-10-09T19:30:37.863+0000] {spark_submit.py:579} INFO - supervise               false
[2024-10-09T19:30:37.863+0000] {spark_submit.py:579} INFO - queue                   null
[2024-10-09T19:30:37.864+0000] {spark_submit.py:579} INFO - numExecutors            null
[2024-10-09T19:30:37.865+0000] {spark_submit.py:579} INFO - files                   null
[2024-10-09T19:30:37.865+0000] {spark_submit.py:579} INFO - pyFiles                 null
[2024-10-09T19:30:37.866+0000] {spark_submit.py:579} INFO - archives                null
[2024-10-09T19:30:37.866+0000] {spark_submit.py:579} INFO - mainClass               null
[2024-10-09T19:30:37.866+0000] {spark_submit.py:579} INFO - primaryResource         file:/home/***/.local/lib/python3.12/site-packages/***/providers/apache/spark/hooks/spark_jdbc_script.py
[2024-10-09T19:30:37.867+0000] {spark_submit.py:579} INFO - name                    LoadParquetToPostgres
[2024-10-09T19:30:37.869+0000] {spark_submit.py:579} INFO - childArgs               [-cmdType spark_to_jdbc -url host.docker.internal:5432/DW_webscraping -user *** -password *** -jdbcTable tb_dim_site -jdbcDriver org.postgresql.Driver]
[2024-10-09T19:30:37.870+0000] {spark_submit.py:579} INFO - jars                    null
[2024-10-09T19:30:37.871+0000] {spark_submit.py:579} INFO - packages                null
[2024-10-09T19:30:37.871+0000] {spark_submit.py:579} INFO - packagesExclusions      null
[2024-10-09T19:30:37.872+0000] {spark_submit.py:579} INFO - repositories            null
[2024-10-09T19:30:37.872+0000] {spark_submit.py:579} INFO - verbose                 true
[2024-10-09T19:30:37.873+0000] {spark_submit.py:579} INFO - 
[2024-10-09T19:30:37.873+0000] {spark_submit.py:579} INFO - Spark properties used, including those specified through
[2024-10-09T19:30:37.873+0000] {spark_submit.py:579} INFO - --conf and those from the properties file null:
[2024-10-09T19:30:37.874+0000] {spark_submit.py:579} INFO - 
[2024-10-09T19:30:37.874+0000] {spark_submit.py:579} INFO - 
[2024-10-09T19:30:37.875+0000] {spark_submit.py:579} INFO - 
[2024-10-09T19:30:38.069+0000] {spark_submit.py:579} INFO - Main class:
[2024-10-09T19:30:38.069+0000] {spark_submit.py:579} INFO - org.apache.spark.deploy.PythonRunner
[2024-10-09T19:30:38.070+0000] {spark_submit.py:579} INFO - Arguments:
[2024-10-09T19:30:38.071+0000] {spark_submit.py:579} INFO - file:/home/***/.local/lib/python3.12/site-packages/***/providers/apache/spark/hooks/spark_jdbc_script.py
[2024-10-09T19:30:38.071+0000] {spark_submit.py:579} INFO - null
[2024-10-09T19:30:38.072+0000] {spark_submit.py:579} INFO - -cmdType
[2024-10-09T19:30:38.072+0000] {spark_submit.py:579} INFO - spark_to_jdbc
[2024-10-09T19:30:38.073+0000] {spark_submit.py:579} INFO - -url
[2024-10-09T19:30:38.073+0000] {spark_submit.py:579} INFO - host.docker.internal:5432/DW_webscraping
[2024-10-09T19:30:38.074+0000] {spark_submit.py:579} INFO - -user
[2024-10-09T19:30:38.075+0000] {spark_submit.py:579} INFO - ***
[2024-10-09T19:30:38.075+0000] {spark_submit.py:579} INFO - -password
[2024-10-09T19:30:38.076+0000] {spark_submit.py:579} INFO - ***
[2024-10-09T19:30:38.076+0000] {spark_submit.py:579} INFO - -jdbcTable
[2024-10-09T19:30:38.077+0000] {spark_submit.py:579} INFO - tb_dim_site
[2024-10-09T19:30:38.077+0000] {spark_submit.py:579} INFO - -jdbcDriver
[2024-10-09T19:30:38.078+0000] {spark_submit.py:579} INFO - org.postgresql.Driver
[2024-10-09T19:30:38.078+0000] {spark_submit.py:579} INFO - Spark config:
[2024-10-09T19:30:38.079+0000] {spark_submit.py:579} INFO - (spark.app.name,LoadParquetToPostgres)
[2024-10-09T19:30:38.079+0000] {spark_submit.py:579} INFO - (spark.app.submitTime,1728502238056)
[2024-10-09T19:30:38.080+0000] {spark_submit.py:579} INFO - (spark.master,spark://spark:7077)
[2024-10-09T19:30:38.081+0000] {spark_submit.py:579} INFO - (spark.submit.deployMode,client)
[2024-10-09T19:30:38.081+0000] {spark_submit.py:579} INFO - (spark.submit.pyFiles,)
[2024-10-09T19:30:38.081+0000] {spark_submit.py:579} INFO - Classpath elements:
[2024-10-09T19:30:38.082+0000] {spark_submit.py:579} INFO - 
[2024-10-09T19:30:38.082+0000] {spark_submit.py:579} INFO - 
[2024-10-09T19:30:38.083+0000] {spark_submit.py:579} INFO - 
[2024-10-09T19:30:39.272+0000] {spark_submit.py:579} INFO - 24/10/09 19:30:39 INFO SparkContext: Running Spark version 3.5.2
[2024-10-09T19:30:39.273+0000] {spark_submit.py:579} INFO - 24/10/09 19:30:39 INFO SparkContext: OS info Linux, 5.15.153.1-microsoft-standard-WSL2, amd64
[2024-10-09T19:30:39.274+0000] {spark_submit.py:579} INFO - 24/10/09 19:30:39 INFO SparkContext: Java version 17.0.12
[2024-10-09T19:30:39.321+0000] {spark_submit.py:579} INFO - 24/10/09 19:30:39 WARN NativeCodeLoader: Unable to load native-hadoop library for your platform... using builtin-java classes where applicable
[2024-10-09T19:30:39.395+0000] {spark_submit.py:579} INFO - 24/10/09 19:30:39 INFO ResourceUtils: ==============================================================
[2024-10-09T19:30:39.395+0000] {spark_submit.py:579} INFO - 24/10/09 19:30:39 INFO ResourceUtils: No custom resources configured for spark.driver.
[2024-10-09T19:30:39.396+0000] {spark_submit.py:579} INFO - 24/10/09 19:30:39 INFO ResourceUtils: ==============================================================
[2024-10-09T19:30:39.396+0000] {spark_submit.py:579} INFO - 24/10/09 19:30:39 INFO SparkContext: Submitted application: None
[2024-10-09T19:30:39.431+0000] {spark_submit.py:579} INFO - 24/10/09 19:30:39 INFO ResourceProfile: Default ResourceProfile created, executor resources: Map(memory -> name: memory, amount: 1024, script: , vendor: , offHeap -> name: offHeap, amount: 0, script: , vendor: ), task resources: Map(cpus -> name: cpus, amount: 1.0)
[2024-10-09T19:30:39.440+0000] {spark_submit.py:579} INFO - 24/10/09 19:30:39 INFO ResourceProfile: Limiting resource is cpu
[2024-10-09T19:30:39.441+0000] {spark_submit.py:579} INFO - 24/10/09 19:30:39 INFO ResourceProfileManager: Added ResourceProfile id: 0
[2024-10-09T19:30:39.488+0000] {spark_submit.py:579} INFO - 24/10/09 19:30:39 INFO SecurityManager: Changing view acls to: ***
[2024-10-09T19:30:39.488+0000] {spark_submit.py:579} INFO - 24/10/09 19:30:39 INFO SecurityManager: Changing modify acls to: ***
[2024-10-09T19:30:39.489+0000] {spark_submit.py:579} INFO - 24/10/09 19:30:39 INFO SecurityManager: Changing view acls groups to:
[2024-10-09T19:30:39.490+0000] {spark_submit.py:579} INFO - 24/10/09 19:30:39 INFO SecurityManager: Changing modify acls groups to:
[2024-10-09T19:30:39.490+0000] {spark_submit.py:579} INFO - 24/10/09 19:30:39 INFO SecurityManager: SecurityManager: authentication disabled; ui acls disabled; users with view permissions: ***; groups with view permissions: EMPTY; users with modify permissions: ***; groups with modify permissions: EMPTY
[2024-10-09T19:30:39.674+0000] {spark_submit.py:579} INFO - 24/10/09 19:30:39 INFO Utils: Successfully started service 'sparkDriver' on port 32831.
[2024-10-09T19:30:39.695+0000] {spark_submit.py:579} INFO - 24/10/09 19:30:39 INFO SparkEnv: Registering MapOutputTracker
[2024-10-09T19:30:39.725+0000] {spark_submit.py:579} INFO - 24/10/09 19:30:39 INFO SparkEnv: Registering BlockManagerMaster
[2024-10-09T19:30:39.741+0000] {spark_submit.py:579} INFO - 24/10/09 19:30:39 INFO BlockManagerMasterEndpoint: Using org.apache.spark.storage.DefaultTopologyMapper for getting topology information
[2024-10-09T19:30:39.741+0000] {spark_submit.py:579} INFO - 24/10/09 19:30:39 INFO BlockManagerMasterEndpoint: BlockManagerMasterEndpoint up
[2024-10-09T19:30:39.745+0000] {spark_submit.py:579} INFO - 24/10/09 19:30:39 INFO SparkEnv: Registering BlockManagerMasterHeartbeat
[2024-10-09T19:30:39.764+0000] {spark_submit.py:579} INFO - 24/10/09 19:30:39 INFO DiskBlockManager: Created local directory at /tmp/blockmgr-df1696ff-f127-4ed0-b425-18bfa03043a0
[2024-10-09T19:30:39.777+0000] {spark_submit.py:579} INFO - 24/10/09 19:30:39 INFO MemoryStore: MemoryStore started with capacity 434.4 MiB
[2024-10-09T19:30:39.791+0000] {spark_submit.py:579} INFO - 24/10/09 19:30:39 INFO SparkEnv: Registering OutputCommitCoordinator
[2024-10-09T19:30:39.890+0000] {spark_submit.py:579} INFO - 24/10/09 19:30:39 INFO JettyUtils: Start Jetty 0.0.0.0:4040 for SparkUI
[2024-10-09T19:30:39.951+0000] {spark_submit.py:579} INFO - 24/10/09 19:30:39 INFO Utils: Successfully started service 'SparkUI' on port 4040.
[2024-10-09T19:30:40.043+0000] {spark_submit.py:579} INFO - 24/10/09 19:30:40 INFO StandaloneAppClient$ClientEndpoint: Connecting to master spark://spark:7077...
[2024-10-09T19:30:40.082+0000] {spark_submit.py:579} INFO - 24/10/09 19:30:40 INFO TransportClientFactory: Successfully created connection to spark/172.18.0.9:7077 after 24 ms (0 ms spent in bootstraps)
[2024-10-09T19:30:40.153+0000] {spark_submit.py:579} INFO - 24/10/09 19:30:40 INFO StandaloneSchedulerBackend: Connected to Spark cluster with app ID app-20241009193040-0002
[2024-10-09T19:30:40.160+0000] {spark_submit.py:579} INFO - 24/10/09 19:30:40 INFO StandaloneAppClient$ClientEndpoint: Executor added: app-20241009193040-0002/0 on worker-20241009180256-172.18.0.8-37477 (172.18.0.8:37477) with 6 core(s)
[2024-10-09T19:30:40.160+0000] {spark_submit.py:579} INFO - 24/10/09 19:30:40 INFO StandaloneSchedulerBackend: Granted executor ID app-20241009193040-0002/0 on hostPort 172.18.0.8:37477 with 6 core(s), 1024.0 MiB RAM
[2024-10-09T19:30:40.163+0000] {spark_submit.py:579} INFO - 24/10/09 19:30:40 INFO Utils: Successfully started service 'org.apache.spark.network.netty.NettyBlockTransferService' on port 45601.
[2024-10-09T19:30:40.163+0000] {spark_submit.py:579} INFO - 24/10/09 19:30:40 INFO NettyBlockTransferService: Server created on 97b4e38b3eb9:45601
[2024-10-09T19:30:40.165+0000] {spark_submit.py:579} INFO - 24/10/09 19:30:40 INFO BlockManager: Using org.apache.spark.storage.RandomBlockReplicationPolicy for block replication policy
[2024-10-09T19:30:40.171+0000] {spark_submit.py:579} INFO - 24/10/09 19:30:40 INFO BlockManagerMaster: Registering BlockManager BlockManagerId(driver, 97b4e38b3eb9, 45601, None)
[2024-10-09T19:30:40.185+0000] {spark_submit.py:579} INFO - 24/10/09 19:30:40 INFO BlockManagerMasterEndpoint: Registering block manager 97b4e38b3eb9:45601 with 434.4 MiB RAM, BlockManagerId(driver, 97b4e38b3eb9, 45601, None)
[2024-10-09T19:30:40.188+0000] {spark_submit.py:579} INFO - 24/10/09 19:30:40 INFO BlockManagerMaster: Registered BlockManager BlockManagerId(driver, 97b4e38b3eb9, 45601, None)
[2024-10-09T19:30:40.190+0000] {spark_submit.py:579} INFO - 24/10/09 19:30:40 INFO BlockManager: Initialized BlockManager: BlockManagerId(driver, 97b4e38b3eb9, 45601, None)
[2024-10-09T19:30:40.195+0000] {spark_submit.py:579} INFO - 24/10/09 19:30:40 INFO StandaloneAppClient$ClientEndpoint: Executor updated: app-20241009193040-0002/0 is now RUNNING
[2024-10-09T19:30:40.399+0000] {spark_submit.py:579} INFO - 24/10/09 19:30:40 INFO StandaloneSchedulerBackend: SchedulerBackend is ready for scheduling beginning after reached minRegisteredResourcesRatio: 0.0
[2024-10-09T19:30:40.619+0000] {spark_submit.py:579} INFO - 24/10/09 19:30:40 INFO SharedState: Setting hive.metastore.warehouse.dir ('null') to the value of spark.sql.warehouse.dir.
[2024-10-09T19:30:40.645+0000] {spark_submit.py:579} INFO - Traceback (most recent call last):
[2024-10-09T19:30:40.645+0000] {spark_submit.py:579} INFO - File "/home/***/.local/lib/python3.12/site-packages/***/providers/apache/spark/hooks/spark_jdbc_script.py", line 191, in <module>
[2024-10-09T19:30:40.646+0000] {spark_submit.py:579} INFO - _run_spark(arguments=_parse_arguments())
[2024-10-09T19:30:40.646+0000] {spark_submit.py:579} INFO - File "/home/***/.local/lib/python3.12/site-packages/***/providers/apache/spark/hooks/spark_jdbc_script.py", line 157, in _run_spark
[2024-10-09T19:30:40.647+0000] {spark_submit.py:579} INFO - spark_write_to_jdbc(
[2024-10-09T19:30:40.647+0000] {spark_submit.py:579} INFO - File "/home/***/.local/lib/python3.12/site-packages/***/providers/apache/spark/hooks/spark_jdbc_script.py", line 73, in spark_write_to_jdbc
[2024-10-09T19:30:40.648+0000] {spark_submit.py:579} INFO - writer = spark_session.table(metastore_table).write
[2024-10-09T19:30:40.648+0000] {spark_submit.py:579} INFO - ^^^^^^^^^^^^^^^^^^^^^^^^^^^^^^^^^^^^
[2024-10-09T19:30:40.649+0000] {spark_submit.py:579} INFO - File "/home/***/.local/lib/python3.12/site-packages/pyspark/python/lib/pyspark.zip/pyspark/sql/session.py", line 1667, in table
[2024-10-09T19:30:40.650+0000] {spark_submit.py:579} INFO - File "/home/***/.local/lib/python3.12/site-packages/pyspark/python/lib/py4j-0.10.9.7-src.zip/py4j/java_gateway.py", line 1322, in __call__
[2024-10-09T19:30:40.651+0000] {spark_submit.py:579} INFO - File "/home/***/.local/lib/python3.12/site-packages/pyspark/python/lib/pyspark.zip/pyspark/errors/exceptions/captured.py", line 185, in deco
[2024-10-09T19:30:40.657+0000] {spark_submit.py:579} INFO - pyspark.errors.exceptions.captured.IllegalArgumentException24/10/09 19:30:40 INFO SharedState: Setting hive.metastore.warehouse.dir ('null') to the value of spark.sql.warehouse.dir.
[2024-10-09T19:30:40.674+0000] {spark_submit.py:579} INFO - : The value of property spark.app.name must not be null
[2024-10-09T19:30:40.675+0000] {spark_submit.py:579} INFO - 
[2024-10-09T19:30:40.676+0000] {spark_submit.py:579} INFO - JVM stacktrace:
[2024-10-09T19:30:40.676+0000] {spark_submit.py:579} INFO - java.lang.IllegalArgumentException: The value of property spark.app.name must not be null
[2024-10-09T19:30:40.677+0000] {spark_submit.py:579} INFO - at org.apache.hadoop.thirdparty.com.google.common.base.Preconditions.checkArgument(Preconditions.java:219)
[2024-10-09T19:30:40.677+0000] {spark_submit.py:579} INFO - at org.apache.hadoop.conf.Configuration.set(Configuration.java:1403)
[2024-10-09T19:30:40.678+0000] {spark_submit.py:579} INFO - at org.apache.hadoop.conf.Configuration.set(Configuration.java:1384)
[2024-10-09T19:30:40.678+0000] {spark_submit.py:579} INFO - at org.apache.spark.sql.internal.SharedState.$anonfun$x$1$2(SharedState.scala:77)
[2024-10-09T19:30:40.678+0000] {spark_submit.py:579} INFO - at scala.collection.immutable.Map$Map2.foreach(Map.scala:273)
[2024-10-09T19:30:40.679+0000] {spark_submit.py:579} INFO - at org.apache.spark.sql.internal.SharedState.<init>(SharedState.scala:69)
[2024-10-09T19:30:40.680+0000] {spark_submit.py:579} INFO - at org.apache.spark.sql.SparkSession.$anonfun$sharedState$1(SparkSession.scala:143)
[2024-10-09T19:30:40.680+0000] {spark_submit.py:579} INFO - at scala.Option.getOrElse(Option.scala:189)
[2024-10-09T19:30:40.681+0000] {spark_submit.py:579} INFO - at org.apache.spark.sql.SparkSession.sharedState$lzycompute(SparkSession.scala:143)
[2024-10-09T19:30:40.681+0000] {spark_submit.py:579} INFO - at org.apache.spark.sql.SparkSession.sharedState(SparkSession.scala:142)
[2024-10-09T19:30:40.681+0000] {spark_submit.py:579} INFO - at org.apache.spark.sql.SparkSession.$anonfun$sessionState$2(SparkSession.scala:162)
[2024-10-09T19:30:40.682+0000] {spark_submit.py:579} INFO - at scala.Option.getOrElse(Option.scala:189)
[2024-10-09T19:30:40.682+0000] {spark_submit.py:579} INFO - at org.apache.spark.sql.SparkSession.sessionState$lzycompute(SparkSession.scala:160)
[2024-10-09T19:30:40.683+0000] {spark_submit.py:579} INFO - at org.apache.spark.sql.SparkSession.sessionState(SparkSession.scala:157)
[2024-10-09T19:30:40.683+0000] {spark_submit.py:579} INFO - at org.apache.spark.sql.DataFrameReader.<init>(DataFrameReader.scala:699)
[2024-10-09T19:30:40.683+0000] {spark_submit.py:579} INFO - at org.apache.spark.sql.SparkSession.read(SparkSession.scala:783)
[2024-10-09T19:30:40.684+0000] {spark_submit.py:579} INFO - at org.apache.spark.sql.SparkSession.table(SparkSession.scala:602)
[2024-10-09T19:30:40.684+0000] {spark_submit.py:579} INFO - at java.base/jdk.internal.reflect.NativeMethodAccessorImpl.invoke0(Native Method)
[2024-10-09T19:30:40.685+0000] {spark_submit.py:579} INFO - at java.base/jdk.internal.reflect.NativeMethodAccessorImpl.invoke(NativeMethodAccessorImpl.java:77)
[2024-10-09T19:30:40.685+0000] {spark_submit.py:579} INFO - at java.base/jdk.internal.reflect.DelegatingMethodAccessorImpl.invoke(DelegatingMethodAccessorImpl.java:43)
[2024-10-09T19:30:40.685+0000] {spark_submit.py:579} INFO - at java.base/java.lang.reflect.Method.invoke(Method.java:569)
[2024-10-09T19:30:40.686+0000] {spark_submit.py:579} INFO - at py4j.reflection.MethodInvoker.invoke(MethodInvoker.java:244)
[2024-10-09T19:30:40.686+0000] {spark_submit.py:579} INFO - at py4j.reflection.ReflectionEngine.invoke(ReflectionEngine.java:374)
[2024-10-09T19:30:40.687+0000] {spark_submit.py:579} INFO - at py4j.Gateway.invoke(Gateway.java:282)
[2024-10-09T19:30:40.687+0000] {spark_submit.py:579} INFO - at py4j.commands.AbstractCommand.invokeMethod(AbstractCommand.java:132)
[2024-10-09T19:30:40.688+0000] {spark_submit.py:579} INFO - at py4j.commands.CallCommand.execute(CallCommand.java:79)
[2024-10-09T19:30:40.689+0000] {spark_submit.py:579} INFO - at py4j.ClientServerConnection.waitForCommands(ClientServerConnection.java:182)
[2024-10-09T19:30:40.690+0000] {spark_submit.py:579} INFO - at py4j.ClientServerConnection.run(ClientServerConnection.java:106)
[2024-10-09T19:30:40.690+0000] {spark_submit.py:579} INFO - at java.base/java.lang.Thread.run(Thread.java:840)
[2024-10-09T19:30:40.691+0000] {spark_submit.py:579} INFO - 
[2024-10-09T19:30:40.745+0000] {spark_submit.py:579} INFO - 24/10/09 19:30:40 INFO SparkContext: Invoking stop() from shutdown hook
[2024-10-09T19:30:40.746+0000] {spark_submit.py:579} INFO - 24/10/09 19:30:40 INFO SparkContext: SparkContext is stopping with exitCode 0.
[2024-10-09T19:30:40.769+0000] {spark_submit.py:579} INFO - 24/10/09 19:30:40 INFO SparkUI: Stopped Spark web UI at http://97b4e38b3eb9:4040
[2024-10-09T19:30:40.776+0000] {spark_submit.py:579} INFO - 24/10/09 19:30:40 INFO StandaloneSchedulerBackend: Shutting down all executors
[2024-10-09T19:30:40.779+0000] {spark_submit.py:579} INFO - 24/10/09 19:30:40 INFO StandaloneSchedulerBackend$StandaloneDriverEndpoint: Asking each executor to shut down
[2024-10-09T19:30:40.801+0000] {spark_submit.py:579} INFO - 24/10/09 19:30:40 INFO MapOutputTrackerMasterEndpoint: MapOutputTrackerMasterEndpoint stopped!
[2024-10-09T19:30:40.814+0000] {spark_submit.py:579} INFO - 24/10/09 19:30:40 INFO MemoryStore: MemoryStore cleared
[2024-10-09T19:30:40.815+0000] {spark_submit.py:579} INFO - 24/10/09 19:30:40 INFO BlockManager: BlockManager stopped
[2024-10-09T19:30:40.824+0000] {spark_submit.py:579} INFO - 24/10/09 19:30:40 INFO BlockManagerMaster: BlockManagerMaster stopped
[2024-10-09T19:30:40.826+0000] {spark_submit.py:579} INFO - 24/10/09 19:30:40 INFO OutputCommitCoordinator$OutputCommitCoordinatorEndpoint: OutputCommitCoordinator stopped!
[2024-10-09T19:30:40.835+0000] {spark_submit.py:579} INFO - 24/10/09 19:30:40 INFO SparkContext: Successfully stopped SparkContext
[2024-10-09T19:30:40.836+0000] {spark_submit.py:579} INFO - 24/10/09 19:30:40 INFO ShutdownHookManager: Shutdown hook called
[2024-10-09T19:30:40.837+0000] {spark_submit.py:579} INFO - 24/10/09 19:30:40 INFO ShutdownHookManager: Deleting directory /tmp/spark-21cb0609-4411-46ec-bca2-6263ab1e7c1b
[2024-10-09T19:30:40.841+0000] {spark_submit.py:579} INFO - 24/10/09 19:30:40 INFO ShutdownHookManager: Deleting directory /tmp/spark-3ac6f2e0-4b1b-44c6-aab0-a2c8b97df193
[2024-10-09T19:30:40.846+0000] {spark_submit.py:579} INFO - 24/10/09 19:30:40 INFO ShutdownHookManager: Deleting directory /tmp/spark-21cb0609-4411-46ec-bca2-6263ab1e7c1b/pyspark-2d0e2027-4181-4eeb-9e3f-2b8d964d191e
[2024-10-09T19:30:40.882+0000] {taskinstance.py:3310} ERROR - Task failed with exception
Traceback (most recent call last):
  File "/home/airflow/.local/lib/python3.12/site-packages/airflow/models/taskinstance.py", line 767, in _execute_task
    result = _execute_callable(context=context, **execute_callable_kwargs)
             ^^^^^^^^^^^^^^^^^^^^^^^^^^^^^^^^^^^^^^^^^^^^^^^^^^^^^^^^^^^^^
  File "/home/airflow/.local/lib/python3.12/site-packages/airflow/models/taskinstance.py", line 733, in _execute_callable
    return ExecutionCallableRunner(
           ^^^^^^^^^^^^^^^^^^^^^^^^
  File "/home/airflow/.local/lib/python3.12/site-packages/airflow/utils/operator_helpers.py", line 252, in run
    return self.func(*args, **kwargs)
           ^^^^^^^^^^^^^^^^^^^^^^^^^^
  File "/home/airflow/.local/lib/python3.12/site-packages/airflow/models/baseoperator.py", line 406, in wrapper
    return func(self, *args, **kwargs)
           ^^^^^^^^^^^^^^^^^^^^^^^^^^^
  File "/home/airflow/.local/lib/python3.12/site-packages/airflow/providers/apache/spark/operators/spark_jdbc.py", line 143, in execute
    self._hook.submit_jdbc_job()
  File "/home/airflow/.local/lib/python3.12/site-packages/airflow/providers/apache/spark/hooks/spark_jdbc.py", line 233, in submit_jdbc_job
    self.submit(application=f"{os.path.dirname(os.path.abspath(__file__))}/spark_jdbc_script.py")
  File "/home/airflow/.local/lib/python3.12/site-packages/airflow/providers/apache/spark/hooks/spark_submit.py", line 505, in submit
    raise AirflowException(
airflow.exceptions.AirflowException: Cannot execute: spark-submit --master spark://spark:7077 --name LoadParquetToPostgres --verbose --deploy-mode client /home/***/.local/lib/python3.12/site-packages/***/providers/apache/spark/hooks/spark_jdbc_script.py -cmdType spark_to_jdbc -url host.docker.internal:5432/DW_webscraping -user *** -password ****** -jdbcTable tb_dim_site -jdbcDriver org.postgresql.Driver. Error code is: 1.
[2024-10-09T19:30:40.886+0000] {taskinstance.py:1225} INFO - Marking task as FAILED. dag_id=LoadWebScraping, task_id=load_parquet_to_postgres, run_id=manual__2024-10-09T19:30:34.995721+00:00, execution_date=20241009T193034, start_date=20241009T193036, end_date=20241009T193040
[2024-10-09T19:30:40.900+0000] {taskinstance.py:340} INFO - ::group::Post task execution logs
[2024-10-09T19:30:40.901+0000] {standard_task_runner.py:124} ERROR - Failed to execute job 1470 for task load_parquet_to_postgres (Cannot execute: spark-submit --master spark://spark:7077 --name LoadParquetToPostgres --verbose --deploy-mode client /home/***/.local/lib/python3.12/site-packages/***/providers/apache/spark/hooks/spark_jdbc_script.py -cmdType spark_to_jdbc -url host.docker.internal:5432/DW_webscraping -user *** -password ****** -jdbcTable tb_dim_site -jdbcDriver org.postgresql.Driver. Error code is: 1.; 1496)
Traceback (most recent call last):
  File "/home/airflow/.local/lib/python3.12/site-packages/airflow/task/task_runner/standard_task_runner.py", line 117, in _start_by_fork
    ret = args.func(args, dag=self.dag)
          ^^^^^^^^^^^^^^^^^^^^^^^^^^^^^
  File "/home/airflow/.local/lib/python3.12/site-packages/airflow/cli/cli_config.py", line 49, in command
    return func(*args, **kwargs)
           ^^^^^^^^^^^^^^^^^^^^^
  File "/home/airflow/.local/lib/python3.12/site-packages/airflow/utils/cli.py", line 115, in wrapper
    return f(*args, **kwargs)
           ^^^^^^^^^^^^^^^^^^
  File "/home/airflow/.local/lib/python3.12/site-packages/airflow/cli/commands/task_command.py", line 483, in task_run
    task_return_code = _run_task_by_selected_method(args, _dag, ti)
                       ^^^^^^^^^^^^^^^^^^^^^^^^^^^^^^^^^^^^^^^^^^^^
  File "/home/airflow/.local/lib/python3.12/site-packages/airflow/cli/commands/task_command.py", line 256, in _run_task_by_selected_method
    return _run_raw_task(args, ti)
           ^^^^^^^^^^^^^^^^^^^^^^^
  File "/home/airflow/.local/lib/python3.12/site-packages/airflow/cli/commands/task_command.py", line 341, in _run_raw_task
    return ti._run_raw_task(
           ^^^^^^^^^^^^^^^^^
  File "/home/airflow/.local/lib/python3.12/site-packages/airflow/utils/session.py", line 97, in wrapper
    return func(*args, session=session, **kwargs)
           ^^^^^^^^^^^^^^^^^^^^^^^^^^^^^^^^^^^^^^
  File "/home/airflow/.local/lib/python3.12/site-packages/airflow/models/taskinstance.py", line 3004, in _run_raw_task
    return _run_raw_task(
           ^^^^^^^^^^^^^^
  File "/home/airflow/.local/lib/python3.12/site-packages/airflow/models/taskinstance.py", line 273, in _run_raw_task
    TaskInstance._execute_task_with_callbacks(
  File "/home/airflow/.local/lib/python3.12/site-packages/airflow/models/taskinstance.py", line 3158, in _execute_task_with_callbacks
    result = self._execute_task(context, task_orig)
             ^^^^^^^^^^^^^^^^^^^^^^^^^^^^^^^^^^^^^^
  File "/home/airflow/.local/lib/python3.12/site-packages/airflow/models/taskinstance.py", line 3182, in _execute_task
    return _execute_task(self, context, task_orig)
           ^^^^^^^^^^^^^^^^^^^^^^^^^^^^^^^^^^^^^^^
  File "/home/airflow/.local/lib/python3.12/site-packages/airflow/models/taskinstance.py", line 767, in _execute_task
    result = _execute_callable(context=context, **execute_callable_kwargs)
             ^^^^^^^^^^^^^^^^^^^^^^^^^^^^^^^^^^^^^^^^^^^^^^^^^^^^^^^^^^^^^
  File "/home/airflow/.local/lib/python3.12/site-packages/airflow/models/taskinstance.py", line 733, in _execute_callable
    return ExecutionCallableRunner(
           ^^^^^^^^^^^^^^^^^^^^^^^^
  File "/home/airflow/.local/lib/python3.12/site-packages/airflow/utils/operator_helpers.py", line 252, in run
    return self.func(*args, **kwargs)
           ^^^^^^^^^^^^^^^^^^^^^^^^^^
  File "/home/airflow/.local/lib/python3.12/site-packages/airflow/models/baseoperator.py", line 406, in wrapper
    return func(self, *args, **kwargs)
           ^^^^^^^^^^^^^^^^^^^^^^^^^^^
  File "/home/airflow/.local/lib/python3.12/site-packages/airflow/providers/apache/spark/operators/spark_jdbc.py", line 143, in execute
    self._hook.submit_jdbc_job()
  File "/home/airflow/.local/lib/python3.12/site-packages/airflow/providers/apache/spark/hooks/spark_jdbc.py", line 233, in submit_jdbc_job
    self.submit(application=f"{os.path.dirname(os.path.abspath(__file__))}/spark_jdbc_script.py")
  File "/home/airflow/.local/lib/python3.12/site-packages/airflow/providers/apache/spark/hooks/spark_submit.py", line 505, in submit
    raise AirflowException(
airflow.exceptions.AirflowException: Cannot execute: spark-submit --master spark://spark:7077 --name LoadParquetToPostgres --verbose --deploy-mode client /home/***/.local/lib/python3.12/site-packages/***/providers/apache/spark/hooks/spark_jdbc_script.py -cmdType spark_to_jdbc -url host.docker.internal:5432/DW_webscraping -user *** -password ****** -jdbcTable tb_dim_site -jdbcDriver org.postgresql.Driver. Error code is: 1.
[2024-10-09T19:30:40.954+0000] {local_task_job_runner.py:266} INFO - Task exited with return code 1
[2024-10-09T19:30:41.016+0000] {taskinstance.py:3900} INFO - 0 downstream tasks scheduled from follow-on schedule check
[2024-10-09T19:30:41.024+0000] {local_task_job_runner.py:245} INFO - ::endgroup::
