[2024-10-28T14:41:52.083+0000] {local_task_job_runner.py:123} INFO - ::group::Pre task execution logs
[2024-10-28T14:41:52.099+0000] {taskinstance.py:2612} INFO - Dependencies all met for dep_context=non-requeueable deps ti=<TaskInstance: pipeline_webscraping.pichau_tasks.Web_Extraction_pichau manual__2024-10-28T14:41:49.055454+00:00 [queued]>
[2024-10-28T14:41:52.107+0000] {taskinstance.py:2612} INFO - Dependencies all met for dep_context=requeueable deps ti=<TaskInstance: pipeline_webscraping.pichau_tasks.Web_Extraction_pichau manual__2024-10-28T14:41:49.055454+00:00 [queued]>
[2024-10-28T14:41:52.108+0000] {taskinstance.py:2865} INFO - Starting attempt 1 of 1
[2024-10-28T14:41:52.139+0000] {taskinstance.py:2888} INFO - Executing <Task(OperatorSiteA): pichau_tasks.Web_Extraction_pichau> on 2024-10-28 14:41:49.055454+00:00
[2024-10-28T14:41:52.146+0000] {warnings.py:112} WARNING - /home/***/.local/lib/python3.12/site-packages/***/task/task_runner/standard_task_runner.py:70: DeprecationWarning: This process (pid=778) is multi-threaded, use of fork() may lead to deadlocks in the child.
  pid = os.fork()

[2024-10-28T14:41:52.148+0000] {standard_task_runner.py:72} INFO - Started process 787 to run task
[2024-10-28T14:41:52.148+0000] {standard_task_runner.py:104} INFO - Running: ['***', 'tasks', 'run', 'pipeline_webscraping', 'pichau_tasks.Web_Extraction_pichau', 'manual__2024-10-28T14:41:49.055454+00:00', '--job-id', '41', '--raw', '--subdir', 'DAGS_FOLDER/DagWebScraping.py', '--cfg-path', '/tmp/tmp9rio3_dq']
[2024-10-28T14:41:52.151+0000] {standard_task_runner.py:105} INFO - Job 41: Subtask pichau_tasks.Web_Extraction_pichau
[2024-10-28T14:41:52.194+0000] {task_command.py:467} INFO - Running <TaskInstance: pipeline_webscraping.pichau_tasks.Web_Extraction_pichau manual__2024-10-28T14:41:49.055454+00:00 [running]> on host 832561ee7e17
[2024-10-28T14:41:52.448+0000] {taskinstance.py:3131} INFO - Exporting env vars: AIRFLOW_CTX_DAG_OWNER='***' AIRFLOW_CTX_DAG_ID='pipeline_webscraping' AIRFLOW_CTX_TASK_ID='pichau_tasks.Web_Extraction_pichau' AIRFLOW_CTX_EXECUTION_DATE='2024-10-28T14:41:49.055454+00:00' AIRFLOW_CTX_TRY_NUMBER='1' AIRFLOW_CTX_DAG_RUN_ID='manual__2024-10-28T14:41:49.055454+00:00'
[2024-10-28T14:41:52.450+0000] {taskinstance.py:731} INFO - ::endgroup::
[2024-10-28T14:44:31.341+0000] {logging_mixin.py:190} INFO - teste
[2024-10-28T14:44:31.342+0000] {logging_mixin.py:190} INFO - pichau_2024-10-28/data.json
[2024-10-28T14:44:31.372+0000] {base.py:84} INFO - Retrieving connection 's3_connect'
[2024-10-28T14:44:31.375+0000] {connection_wrapper.py:388} INFO - AWS Connection (conn_id='s3_connect', conn_type='aws') credentials retrieved from login and password.
[2024-10-28T14:44:31.863+0000] {taskinstance.py:340} INFO - ::group::Post task execution logs
[2024-10-28T14:44:31.864+0000] {taskinstance.py:352} INFO - Marking task as SUCCESS. dag_id=pipeline_webscraping, task_id=pichau_tasks.Web_Extraction_pichau, run_id=manual__2024-10-28T14:41:49.055454+00:00, execution_date=20241028T144149, start_date=20241028T144152, end_date=20241028T144431
[2024-10-28T14:44:31.890+0000] {local_task_job_runner.py:266} INFO - Task exited with return code 0
[2024-10-28T14:44:31.916+0000] {taskinstance.py:3900} INFO - 1 downstream tasks scheduled from follow-on schedule check
[2024-10-28T14:44:31.920+0000] {local_task_job_runner.py:245} INFO - ::endgroup::
