[2024-10-27T21:17:15.839+0000] {local_task_job_runner.py:123} INFO - ::group::Pre task execution logs
[2024-10-27T21:17:15.855+0000] {taskinstance.py:2612} INFO - Dependencies all met for dep_context=non-requeueable deps ti=<TaskInstance: LoadWebScraping.create_tables manual__2024-10-27T21:17:14.045770+00:00 [queued]>
[2024-10-27T21:17:15.861+0000] {taskinstance.py:2612} INFO - Dependencies all met for dep_context=requeueable deps ti=<TaskInstance: LoadWebScraping.create_tables manual__2024-10-27T21:17:14.045770+00:00 [queued]>
[2024-10-27T21:17:15.862+0000] {taskinstance.py:2865} INFO - Starting attempt 1 of 1
[2024-10-27T21:17:15.936+0000] {taskinstance.py:2888} INFO - Executing <Task(PostgresOperator): create_tables> on 2024-10-27 21:17:14.045770+00:00
[2024-10-27T21:17:15.949+0000] {warnings.py:112} WARNING - /home/***/.local/lib/python3.12/site-packages/***/task/task_runner/standard_task_runner.py:70: DeprecationWarning: This process (pid=471) is multi-threaded, use of fork() may lead to deadlocks in the child.
  pid = os.fork()

[2024-10-27T21:17:15.952+0000] {standard_task_runner.py:72} INFO - Started process 473 to run task
[2024-10-27T21:17:15.952+0000] {standard_task_runner.py:104} INFO - Running: ['***', 'tasks', 'run', 'LoadWebScraping', 'create_tables', 'manual__2024-10-27T21:17:14.045770+00:00', '--job-id', '7', '--raw', '--subdir', 'DAGS_FOLDER/LoadWebScraping.py', '--cfg-path', '/tmp/tmpae8kymvi']
[2024-10-27T21:17:15.956+0000] {standard_task_runner.py:105} INFO - Job 7: Subtask create_tables
[2024-10-27T21:17:16.009+0000] {task_command.py:467} INFO - Running <TaskInstance: LoadWebScraping.create_tables manual__2024-10-27T21:17:14.045770+00:00 [running]> on host 1a0025c3565c
[2024-10-27T21:17:16.085+0000] {taskinstance.py:3131} INFO - Exporting env vars: AIRFLOW_CTX_DAG_OWNER='***' AIRFLOW_CTX_DAG_ID='LoadWebScraping' AIRFLOW_CTX_TASK_ID='create_tables' AIRFLOW_CTX_EXECUTION_DATE='2024-10-27T21:17:14.045770+00:00' AIRFLOW_CTX_TRY_NUMBER='1' AIRFLOW_CTX_DAG_RUN_ID='manual__2024-10-27T21:17:14.045770+00:00'
[2024-10-27T21:17:16.087+0000] {taskinstance.py:731} INFO - ::endgroup::
[2024-10-27T21:17:16.102+0000] {sql.py:266} INFO - Executing:  

                CREATE TABLE IF NOT EXISTS TB_DIM_SITE
                (
                ID_SITE SERIAL PRIMARY KEY,
                NAME_SITE VARCHAR(255) UNIQUE
                );

                CREATE TABLE IF NOT EXISTS TB_DIM_CATEGORY 
                (   
                    ID_CATEGORY SERIAL PRIMARY KEY,
                    NAME_CATEGORY VARCHAR(255)  UNIQUE
                );

                CREATE TABLE IF NOT EXISTS TB_DIM_MARK
                (
                    ID_MARK SERIAL PRIMARY KEY,
                    NAME_MARK VARCHAR(255) UNIQUE
                );

                CREATE TABLE IF NOT EXISTS TB_FACT_MEMORY 
                (
                    ID_MEMORY SERIAL PRIMARY KEY,
                    MEMORY_NAME VARCHAR(200),
                    MHZ BIGINT,
                    DDR BIGINT,
                    GB BIGINT,
                    LATENCY BIGINT,
                    VALUE DECIMAL(10,2),
                    URI VARCHAR(255),
                    DATACOLECT VARCHAR(255),
                    ID_CATEGORY_FK BIGINT,
                    ID_SITE_FK BIGINT,
                    ID_MARK_FK BIGINT,

                    FOREIGN KEY (ID_MARK_FK) REFERENCES TB_DIM_MARK(ID_MARK) ON DELETE CASCADE, 
                    FOREIGN KEY (ID_SITE_FK) REFERENCES TB_DIM_SITE(ID_SITE) ON DELETE CASCADE,
                    FOREIGN KEY (ID_CATEGORY_FK) REFERENCES TB_DIM_CATEGORY(ID_CATEGORY) ON DELETE CASCADE
                );

                CREATE TABLE IF NOT EXISTS TB_FACT_PROCESSOR
                (
                    ID_PROCESSOR SERIAL PRIMARY KEY,
                    MODEL VARCHAR(255),
                    FREQUENCY_BASE FLOAT,
                    CACHE BIGINT,
                    VALUE DECIMAL(10,2),
                    URI VARCHAR(255),
                    DATACOLECT VARCHAR(255),
                    ID_CATEGORY_FK BIGINT,
                    ID_SITE_FK BIGINT,
                    ID_MARK_FK BIGINT,

                    FOREIGN KEY (ID_MARK_FK) REFERENCES TB_DIM_MARK(ID_MARK) ON DELETE CASCADE, 
                    FOREIGN KEY (ID_SITE_FK) REFERENCES TB_DIM_SITE(ID_SITE) ON DELETE CASCADE,
                    FOREIGN KEY (ID_CATEGORY_FK) REFERENCES TB_DIM_CATEGORY(ID_CATEGORY) ON DELETE CASCADE
                );

                CREATE TABLE IF NOT EXISTS TB_FACT_VIDEO_CARD
                (
                    ID_VIDEO_CARD SERIAL PRIMARY KEY,
                    MODEL VARCHAR(255),
                    GB INT,
                    MEMORY VARCHAR(255),
                    VALUE DECIMAL(10,2),
                    URI VARCHAR(255),
                    DATACOLECT VARCHAR(255),
                    ID_CATEGORY_FK BIGINT,
                    ID_SITE_FK BIGINT,
                    ID_MARK_FK BIGINT,

                    FOREIGN KEY (ID_MARK_FK) REFERENCES TB_DIM_MARK(ID_MARK) ON DELETE CASCADE, 
                    FOREIGN KEY (ID_SITE_FK) REFERENCES TB_DIM_SITE(ID_SITE) ON DELETE CASCADE,
                    FOREIGN KEY (ID_CATEGORY_FK) REFERENCES TB_DIM_CATEGORY(ID_CATEGORY) ON DELETE CASCADE
                );

                CREATE TABLE IF NOT EXISTS TB_FACT_MOTHERBOARD
                (
                    ID_MOTHERBOARD SERIAL PRIMARY KEY,
                    SOCKET VARCHAR(255),
                    DDR BIGINT,
                    MODEL VARCHAR(255),
                    VALUE DECIMAL(10,2),
                    URI VARCHAR(255),
                    DATACOLECT VARCHAR(255),
                    ID_CATEGORY_FK BIGINT,
                    ID_SITE_FK BIGINT,
                    ID_MARK_FK BIGINT,

                   FOREIGN KEY (ID_MARK_FK) REFERENCES TB_DIM_MARK(ID_MARK) ON DELETE CASCADE, 
                    FOREIGN KEY (ID_SITE_FK) REFERENCES TB_DIM_SITE(ID_SITE) ON DELETE CASCADE,
                    FOREIGN KEY (ID_CATEGORY_FK) REFERENCES TB_DIM_CATEGORY(ID_CATEGORY) ON DELETE CASCADE
                    
                );
[2024-10-27T21:17:16.111+0000] {base.py:84} INFO - Retrieving connection 'postgres-***'
[2024-10-27T21:17:16.125+0000] {base.py:84} INFO - Retrieving connection 'postgres-***'
[2024-10-27T21:17:16.135+0000] {sql.py:509} INFO - Running statement:  

                CREATE TABLE IF NOT EXISTS TB_DIM_SITE
                (
                ID_SITE SERIAL PRIMARY KEY,
                NAME_SITE VARCHAR(255) UNIQUE
                );

                CREATE TABLE IF NOT EXISTS TB_DIM_CATEGORY 
                (   
                    ID_CATEGORY SERIAL PRIMARY KEY,
                    NAME_CATEGORY VARCHAR(255)  UNIQUE
                );

                CREATE TABLE IF NOT EXISTS TB_DIM_MARK
                (
                    ID_MARK SERIAL PRIMARY KEY,
                    NAME_MARK VARCHAR(255) UNIQUE
                );

                CREATE TABLE IF NOT EXISTS TB_FACT_MEMORY 
                (
                    ID_MEMORY SERIAL PRIMARY KEY,
                    MEMORY_NAME VARCHAR(200),
                    MHZ BIGINT,
                    DDR BIGINT,
                    GB BIGINT,
                    LATENCY BIGINT,
                    VALUE DECIMAL(10,2),
                    URI VARCHAR(255),
                    DATACOLECT VARCHAR(255),
                    ID_CATEGORY_FK BIGINT,
                    ID_SITE_FK BIGINT,
                    ID_MARK_FK BIGINT,

                    FOREIGN KEY (ID_MARK_FK) REFERENCES TB_DIM_MARK(ID_MARK) ON DELETE CASCADE, 
                    FOREIGN KEY (ID_SITE_FK) REFERENCES TB_DIM_SITE(ID_SITE) ON DELETE CASCADE,
                    FOREIGN KEY (ID_CATEGORY_FK) REFERENCES TB_DIM_CATEGORY(ID_CATEGORY) ON DELETE CASCADE
                );

                CREATE TABLE IF NOT EXISTS TB_FACT_PROCESSOR
                (
                    ID_PROCESSOR SERIAL PRIMARY KEY,
                    MODEL VARCHAR(255),
                    FREQUENCY_BASE FLOAT,
                    CACHE BIGINT,
                    VALUE DECIMAL(10,2),
                    URI VARCHAR(255),
                    DATACOLECT VARCHAR(255),
                    ID_CATEGORY_FK BIGINT,
                    ID_SITE_FK BIGINT,
                    ID_MARK_FK BIGINT,

                    FOREIGN KEY (ID_MARK_FK) REFERENCES TB_DIM_MARK(ID_MARK) ON DELETE CASCADE, 
                    FOREIGN KEY (ID_SITE_FK) REFERENCES TB_DIM_SITE(ID_SITE) ON DELETE CASCADE,
                    FOREIGN KEY (ID_CATEGORY_FK) REFERENCES TB_DIM_CATEGORY(ID_CATEGORY) ON DELETE CASCADE
                );

                CREATE TABLE IF NOT EXISTS TB_FACT_VIDEO_CARD
                (
                    ID_VIDEO_CARD SERIAL PRIMARY KEY,
                    MODEL VARCHAR(255),
                    GB INT,
                    MEMORY VARCHAR(255),
                    VALUE DECIMAL(10,2),
                    URI VARCHAR(255),
                    DATACOLECT VARCHAR(255),
                    ID_CATEGORY_FK BIGINT,
                    ID_SITE_FK BIGINT,
                    ID_MARK_FK BIGINT,

                    FOREIGN KEY (ID_MARK_FK) REFERENCES TB_DIM_MARK(ID_MARK) ON DELETE CASCADE, 
                    FOREIGN KEY (ID_SITE_FK) REFERENCES TB_DIM_SITE(ID_SITE) ON DELETE CASCADE,
                    FOREIGN KEY (ID_CATEGORY_FK) REFERENCES TB_DIM_CATEGORY(ID_CATEGORY) ON DELETE CASCADE
                );

                CREATE TABLE IF NOT EXISTS TB_FACT_MOTHERBOARD
                (
                    ID_MOTHERBOARD SERIAL PRIMARY KEY,
                    SOCKET VARCHAR(255),
                    DDR BIGINT,
                    MODEL VARCHAR(255),
                    VALUE DECIMAL(10,2),
                    URI VARCHAR(255),
                    DATACOLECT VARCHAR(255),
                    ID_CATEGORY_FK BIGINT,
                    ID_SITE_FK BIGINT,
                    ID_MARK_FK BIGINT,

                   FOREIGN KEY (ID_MARK_FK) REFERENCES TB_DIM_MARK(ID_MARK) ON DELETE CASCADE, 
                    FOREIGN KEY (ID_SITE_FK) REFERENCES TB_DIM_SITE(ID_SITE) ON DELETE CASCADE,
                    FOREIGN KEY (ID_CATEGORY_FK) REFERENCES TB_DIM_CATEGORY(ID_CATEGORY) ON DELETE CASCADE
                    
                );, parameters: None
[2024-10-27T21:17:16.339+0000] {taskinstance.py:340} INFO - ::group::Post task execution logs
[2024-10-27T21:17:16.342+0000] {taskinstance.py:352} INFO - Marking task as SUCCESS. dag_id=LoadWebScraping, task_id=create_tables, run_id=manual__2024-10-27T21:17:14.045770+00:00, execution_date=20241027T211714, start_date=20241027T211715, end_date=20241027T211716
[2024-10-27T21:17:16.370+0000] {local_task_job_runner.py:266} INFO - Task exited with return code 0
[2024-10-27T21:17:16.389+0000] {warnings.py:112} WARNING - /home/***/.local/lib/python3.12/site-packages/***/models/baseoperator.py:1378: AirflowProviderDeprecationWarning: Call to deprecated class PostgresOperator. (Please use `***.providers.common.sql.operators.sql.SQLExecuteQueryOperator`.Also, you can provide `hook_params={'schema': <database>}`.)
  result = cls.__new__(cls)

[2024-10-27T21:17:16.403+0000] {taskinstance.py:3900} INFO - 1 downstream tasks scheduled from follow-on schedule check
[2024-10-27T21:17:16.407+0000] {local_task_job_runner.py:245} INFO - ::endgroup::
