[2024-10-17T20:05:37.575+0000] {local_task_job_runner.py:123} INFO - ::group::Pre task execution logs
[2024-10-17T20:05:37.589+0000] {taskinstance.py:2612} INFO - Dependencies all met for dep_context=non-requeueable deps ti=<TaskInstance: LoadWebScraping.spark_job manual__2024-10-17T20:05:36.409952+00:00 [queued]>
[2024-10-17T20:05:37.597+0000] {taskinstance.py:2612} INFO - Dependencies all met for dep_context=requeueable deps ti=<TaskInstance: LoadWebScraping.spark_job manual__2024-10-17T20:05:36.409952+00:00 [queued]>
[2024-10-17T20:05:37.598+0000] {taskinstance.py:2865} INFO - Starting attempt 1 of 1
[2024-10-17T20:05:37.611+0000] {taskinstance.py:2888} INFO - Executing <Task(SparkSubmitOperator): spark_job> on 2024-10-17 20:05:36.409952+00:00
[2024-10-17T20:05:37.617+0000] {warnings.py:112} WARNING - /home/***/.local/lib/python3.12/site-packages/***/task/task_runner/standard_task_runner.py:70: DeprecationWarning: This process (pid=6764) is multi-threaded, use of fork() may lead to deadlocks in the child.
  pid = os.fork()

[2024-10-17T20:05:37.618+0000] {standard_task_runner.py:72} INFO - Started process 6767 to run task
[2024-10-17T20:05:37.619+0000] {standard_task_runner.py:104} INFO - Running: ['***', 'tasks', 'run', 'LoadWebScraping', 'spark_job', 'manual__2024-10-17T20:05:36.409952+00:00', '--job-id', '147', '--raw', '--subdir', 'DAGS_FOLDER/LoadWebScraping.py', '--cfg-path', '/tmp/tmpfyy0b9uc']
[2024-10-17T20:05:37.621+0000] {standard_task_runner.py:105} INFO - Job 147: Subtask spark_job
[2024-10-17T20:05:37.665+0000] {task_command.py:467} INFO - Running <TaskInstance: LoadWebScraping.spark_job manual__2024-10-17T20:05:36.409952+00:00 [running]> on host cc66b6895e01
[2024-10-17T20:05:37.957+0000] {taskinstance.py:3131} INFO - Exporting env vars: AIRFLOW_CTX_DAG_OWNER='***' AIRFLOW_CTX_DAG_ID='LoadWebScraping' AIRFLOW_CTX_TASK_ID='spark_job' AIRFLOW_CTX_EXECUTION_DATE='2024-10-17T20:05:36.409952+00:00' AIRFLOW_CTX_TRY_NUMBER='1' AIRFLOW_CTX_DAG_RUN_ID='manual__2024-10-17T20:05:36.409952+00:00'
[2024-10-17T20:05:37.957+0000] {taskinstance.py:731} INFO - ::endgroup::
[2024-10-17T20:05:37.976+0000] {spark_submit.py:304} INFO - Could not load connection string spark_default, defaulting to yarn
[2024-10-17T20:05:37.978+0000] {spark_submit.py:473} INFO - Spark-Submit cmd: spark-submit --master yarn --driver-class-path /opt/***/jars/postgresql-42.5.0.jar --jars /opt/***/jars/postgresql-42.5.0.jar --packages org.postgresql:postgresql:42.5.0 --name arrow-spark /opt/bitnami/spark/src/scripts_spark/LoadFileToDB.py
[2024-10-17T20:05:39.654+0000] {spark_submit.py:634} INFO - :: loading settings :: url = jar:file:/home/***/.local/lib/python3.12/site-packages/pyspark/jars/ivy-2.5.1.jar!/org/apache/ivy/core/settings/ivysettings.xml
[2024-10-17T20:05:39.711+0000] {spark_submit.py:634} INFO - Ivy Default Cache set to: /home/***/.ivy2/cache
[2024-10-17T20:05:39.712+0000] {spark_submit.py:634} INFO - The jars for the packages stored in: /home/***/.ivy2/jars
[2024-10-17T20:05:39.723+0000] {spark_submit.py:634} INFO - org.postgresql#postgresql added as a dependency
[2024-10-17T20:05:39.724+0000] {spark_submit.py:634} INFO - :: resolving dependencies :: org.apache.spark#spark-submit-parent-2463dd27-82df-431e-b833-1234fbd32449;1.0
[2024-10-17T20:05:39.726+0000] {spark_submit.py:634} INFO - confs: [default]
[2024-10-17T20:05:39.817+0000] {spark_submit.py:634} INFO - found org.postgresql#postgresql;42.5.0 in central
[2024-10-17T20:05:39.841+0000] {spark_submit.py:634} INFO - found org.checkerframework#checker-qual;3.5.0 in central
[2024-10-17T20:05:39.859+0000] {spark_submit.py:634} INFO - :: resolution report :: resolve 131ms :: artifacts dl 4ms
[2024-10-17T20:05:39.860+0000] {spark_submit.py:634} INFO - :: modules in use:
[2024-10-17T20:05:39.861+0000] {spark_submit.py:634} INFO - org.checkerframework#checker-qual;3.5.0 from central in [default]
[2024-10-17T20:05:39.861+0000] {spark_submit.py:634} INFO - org.postgresql#postgresql;42.5.0 from central in [default]
[2024-10-17T20:05:39.861+0000] {spark_submit.py:634} INFO - ---------------------------------------------------------------------
[2024-10-17T20:05:39.862+0000] {spark_submit.py:634} INFO - |                  |            modules            ||   artifacts   |
[2024-10-17T20:05:39.862+0000] {spark_submit.py:634} INFO - |       conf       | number| search|dwnlded|evicted|| number|dwnlded|
[2024-10-17T20:05:39.863+0000] {spark_submit.py:634} INFO - ---------------------------------------------------------------------
[2024-10-17T20:05:39.863+0000] {spark_submit.py:634} INFO - |      default     |   2   |   0   |   0   |   0   ||   2   |   0   |
[2024-10-17T20:05:39.864+0000] {spark_submit.py:634} INFO - ---------------------------------------------------------------------
[2024-10-17T20:05:39.864+0000] {spark_submit.py:634} INFO - :: retrieving :: org.apache.spark#spark-submit-parent-2463dd27-82df-431e-b833-1234fbd32449
[2024-10-17T20:05:39.864+0000] {spark_submit.py:634} INFO - confs: [default]
[2024-10-17T20:05:39.867+0000] {spark_submit.py:634} INFO - 0 artifacts copied, 2 already retrieved (0kB/5ms)
[2024-10-17T20:05:40.024+0000] {spark_submit.py:634} INFO - 24/10/17 20:05:40 WARN NativeCodeLoader: Unable to load native-hadoop library for your platform... using builtin-java classes where applicable
[2024-10-17T20:05:41.531+0000] {spark_submit.py:634} INFO - 24/10/17 20:05:41 INFO SparkContext: Running Spark version 3.5.2
[2024-10-17T20:05:41.532+0000] {spark_submit.py:634} INFO - 24/10/17 20:05:41 INFO SparkContext: OS info Linux, 5.15.153.1-microsoft-standard-WSL2, amd64
[2024-10-17T20:05:41.532+0000] {spark_submit.py:634} INFO - 24/10/17 20:05:41 INFO SparkContext: Java version 17.0.12
[2024-10-17T20:05:41.549+0000] {spark_submit.py:634} INFO - 24/10/17 20:05:41 INFO ResourceUtils: ==============================================================
[2024-10-17T20:05:41.549+0000] {spark_submit.py:634} INFO - 24/10/17 20:05:41 INFO ResourceUtils: No custom resources configured for spark.driver.
[2024-10-17T20:05:41.550+0000] {spark_submit.py:634} INFO - 24/10/17 20:05:41 INFO ResourceUtils: ==============================================================
[2024-10-17T20:05:41.551+0000] {spark_submit.py:634} INFO - 24/10/17 20:05:41 INFO SparkContext: Submitted application: Exemplo
[2024-10-17T20:05:41.566+0000] {spark_submit.py:634} INFO - 24/10/17 20:05:41 INFO ResourceProfile: Default ResourceProfile created, executor resources: Map(cores -> name: cores, amount: 1, script: , vendor: , memory -> name: memory, amount: 1024, script: , vendor: , offHeap -> name: offHeap, amount: 0, script: , vendor: ), task resources: Map(cpus -> name: cpus, amount: 1.0)
[2024-10-17T20:05:41.573+0000] {spark_submit.py:634} INFO - 24/10/17 20:05:41 INFO ResourceProfile: Limiting resource is cpu
[2024-10-17T20:05:41.574+0000] {spark_submit.py:634} INFO - 24/10/17 20:05:41 INFO ResourceProfileManager: Added ResourceProfile id: 0
[2024-10-17T20:05:41.610+0000] {spark_submit.py:634} INFO - 24/10/17 20:05:41 INFO SecurityManager: Changing view acls to: ***
[2024-10-17T20:05:41.611+0000] {spark_submit.py:634} INFO - 24/10/17 20:05:41 INFO SecurityManager: Changing modify acls to: ***
[2024-10-17T20:05:41.612+0000] {spark_submit.py:634} INFO - 24/10/17 20:05:41 INFO SecurityManager: Changing view acls groups to:
[2024-10-17T20:05:41.612+0000] {spark_submit.py:634} INFO - 24/10/17 20:05:41 INFO SecurityManager: Changing modify acls groups to:
[2024-10-17T20:05:41.613+0000] {spark_submit.py:634} INFO - 24/10/17 20:05:41 INFO SecurityManager: SecurityManager: authentication disabled; ui acls disabled; users with view permissions: ***; groups with view permissions: EMPTY; users with modify permissions: ***; groups with modify permissions: EMPTY
[2024-10-17T20:05:41.762+0000] {spark_submit.py:634} INFO - 24/10/17 20:05:41 INFO Utils: Successfully started service 'sparkDriver' on port 36233.
[2024-10-17T20:05:41.787+0000] {spark_submit.py:634} INFO - 24/10/17 20:05:41 INFO SparkEnv: Registering MapOutputTracker
[2024-10-17T20:05:41.818+0000] {spark_submit.py:634} INFO - 24/10/17 20:05:41 INFO SparkEnv: Registering BlockManagerMaster
[2024-10-17T20:05:41.833+0000] {spark_submit.py:634} INFO - 24/10/17 20:05:41 INFO BlockManagerMasterEndpoint: Using org.apache.spark.storage.DefaultTopologyMapper for getting topology information
[2024-10-17T20:05:41.834+0000] {spark_submit.py:634} INFO - 24/10/17 20:05:41 INFO BlockManagerMasterEndpoint: BlockManagerMasterEndpoint up
[2024-10-17T20:05:41.837+0000] {spark_submit.py:634} INFO - 24/10/17 20:05:41 INFO SparkEnv: Registering BlockManagerMasterHeartbeat
[2024-10-17T20:05:41.854+0000] {spark_submit.py:634} INFO - 24/10/17 20:05:41 INFO DiskBlockManager: Created local directory at /tmp/blockmgr-f9e68e10-55ae-43fd-8c5f-7cfa1be12d6f
[2024-10-17T20:05:41.864+0000] {spark_submit.py:634} INFO - 24/10/17 20:05:41 INFO MemoryStore: MemoryStore started with capacity 434.4 MiB
[2024-10-17T20:05:41.874+0000] {spark_submit.py:634} INFO - 24/10/17 20:05:41 INFO SparkEnv: Registering OutputCommitCoordinator
[2024-10-17T20:05:41.982+0000] {spark_submit.py:634} INFO - 24/10/17 20:05:41 INFO JettyUtils: Start Jetty 0.0.0.0:4040 for SparkUI
[2024-10-17T20:05:42.055+0000] {spark_submit.py:634} INFO - 24/10/17 20:05:42 INFO Utils: Successfully started service 'SparkUI' on port 4040.
[2024-10-17T20:05:42.103+0000] {spark_submit.py:634} INFO - 24/10/17 20:05:42 INFO SparkContext: Added JAR /opt/bitnami/spark/jars/postgresql-42.5.0.jar at spark://cc66b6895e01:36233/jars/postgresql-42.5.0.jar with timestamp 1729195541525
[2024-10-17T20:05:42.193+0000] {spark_submit.py:634} INFO - 24/10/17 20:05:42 INFO Executor: Starting executor ID driver on host cc66b6895e01
[2024-10-17T20:05:42.193+0000] {spark_submit.py:634} INFO - 24/10/17 20:05:42 INFO Executor: OS info Linux, 5.15.153.1-microsoft-standard-WSL2, amd64
[2024-10-17T20:05:42.194+0000] {spark_submit.py:634} INFO - 24/10/17 20:05:42 INFO Executor: Java version 17.0.12
[2024-10-17T20:05:42.203+0000] {spark_submit.py:634} INFO - 24/10/17 20:05:42 INFO Executor: Starting executor with user classpath (userClassPathFirst = false): ''
[2024-10-17T20:05:42.205+0000] {spark_submit.py:634} INFO - 24/10/17 20:05:42 INFO Executor: Created or updated repl class loader org.apache.spark.util.MutableURLClassLoader@11cf427d for default.
[2024-10-17T20:05:42.231+0000] {spark_submit.py:634} INFO - 24/10/17 20:05:42 INFO Executor: Fetching spark://cc66b6895e01:36233/jars/postgresql-42.5.0.jar with timestamp 1729195541525
[2024-10-17T20:05:42.331+0000] {spark_submit.py:634} INFO - 24/10/17 20:05:42 INFO TransportClientFactory: Successfully created connection to cc66b6895e01/172.18.0.4:36233 after 79 ms (0 ms spent in bootstraps)
[2024-10-17T20:05:42.338+0000] {spark_submit.py:634} INFO - 24/10/17 20:05:42 INFO Utils: Fetching spark://cc66b6895e01:36233/jars/postgresql-42.5.0.jar to /tmp/spark-50a473d2-d61e-4185-8d20-0804e728b9d8/userFiles-9c77fd8a-2e4e-4d3a-8127-bd5caa2f9050/fetchFileTemp2619999981819163618.tmp
[2024-10-17T20:05:42.398+0000] {spark_submit.py:634} INFO - 24/10/17 20:05:42 INFO Executor: Adding file:/tmp/spark-50a473d2-d61e-4185-8d20-0804e728b9d8/userFiles-9c77fd8a-2e4e-4d3a-8127-bd5caa2f9050/postgresql-42.5.0.jar to class loader default
[2024-10-17T20:05:42.410+0000] {spark_submit.py:634} INFO - 24/10/17 20:05:42 INFO Utils: Successfully started service 'org.apache.spark.network.netty.NettyBlockTransferService' on port 45191.
[2024-10-17T20:05:42.410+0000] {spark_submit.py:634} INFO - 24/10/17 20:05:42 INFO NettyBlockTransferService: Server created on cc66b6895e01:45191
[2024-10-17T20:05:42.414+0000] {spark_submit.py:634} INFO - 24/10/17 20:05:42 INFO BlockManager: Using org.apache.spark.storage.RandomBlockReplicationPolicy for block replication policy
[2024-10-17T20:05:42.422+0000] {spark_submit.py:634} INFO - 24/10/17 20:05:42 INFO BlockManagerMaster: Registering BlockManager BlockManagerId(driver, cc66b6895e01, 45191, None)
[2024-10-17T20:05:42.426+0000] {spark_submit.py:634} INFO - 24/10/17 20:05:42 INFO BlockManagerMasterEndpoint: Registering block manager cc66b6895e01:45191 with 434.4 MiB RAM, BlockManagerId(driver, cc66b6895e01, 45191, None)
[2024-10-17T20:05:42.429+0000] {spark_submit.py:634} INFO - 24/10/17 20:05:42 INFO BlockManagerMaster: Registered BlockManager BlockManagerId(driver, cc66b6895e01, 45191, None)
[2024-10-17T20:05:42.430+0000] {spark_submit.py:634} INFO - 24/10/17 20:05:42 INFO BlockManager: Initialized BlockManager: BlockManagerId(driver, cc66b6895e01, 45191, None)
[2024-10-17T20:05:42.737+0000] {spark_submit.py:634} INFO - 24/10/17 20:05:42 INFO SharedState: Setting hive.metastore.warehouse.dir ('null') to the value of spark.sql.warehouse.dir.
[2024-10-17T20:05:42.739+0000] {spark_submit.py:634} INFO - 24/10/17 20:05:42 INFO SharedState: Warehouse path is 'file:/opt/***/spark-warehouse'.
[2024-10-17T20:05:43.811+0000] {spark_submit.py:634} INFO - 24/10/17 20:05:43 INFO InMemoryFileIndex: It took 314 ms to list leaf files for 8 paths.
[2024-10-17T20:05:44.180+0000] {spark_submit.py:634} INFO - 24/10/17 20:05:44 INFO SparkContext: Starting job: parquet at NativeMethodAccessorImpl.java:0
[2024-10-17T20:05:44.203+0000] {spark_submit.py:634} INFO - 24/10/17 20:05:44 INFO DAGScheduler: Got job 0 (parquet at NativeMethodAccessorImpl.java:0) with 1 output partitions
[2024-10-17T20:05:44.208+0000] {spark_submit.py:634} INFO - 24/10/17 20:05:44 INFO DAGScheduler: Final stage: ResultStage 0 (parquet at NativeMethodAccessorImpl.java:0)
[2024-10-17T20:05:44.209+0000] {spark_submit.py:634} INFO - 24/10/17 20:05:44 INFO DAGScheduler: Parents of final stage: List()
[2024-10-17T20:05:44.210+0000] {spark_submit.py:634} INFO - 24/10/17 20:05:44 INFO DAGScheduler: Missing parents: List()
[2024-10-17T20:05:44.215+0000] {spark_submit.py:634} INFO - 24/10/17 20:05:44 INFO DAGScheduler: Submitting ResultStage 0 (MapPartitionsRDD[1] at parquet at NativeMethodAccessorImpl.java:0), which has no missing parents
[2024-10-17T20:05:44.298+0000] {spark_submit.py:634} INFO - 24/10/17 20:05:44 INFO MemoryStore: Block broadcast_0 stored as values in memory (estimated size 104.5 KiB, free 434.3 MiB)
[2024-10-17T20:05:44.329+0000] {spark_submit.py:634} INFO - 24/10/17 20:05:44 INFO MemoryStore: Block broadcast_0_piece0 stored as bytes in memory (estimated size 37.7 KiB, free 434.3 MiB)
[2024-10-17T20:05:44.333+0000] {spark_submit.py:634} INFO - 24/10/17 20:05:44 INFO BlockManagerInfo: Added broadcast_0_piece0 in memory on cc66b6895e01:45191 (size: 37.7 KiB, free: 434.4 MiB)
[2024-10-17T20:05:44.341+0000] {spark_submit.py:634} INFO - 24/10/17 20:05:44 INFO SparkContext: Created broadcast 0 from broadcast at DAGScheduler.scala:1585
[2024-10-17T20:05:44.360+0000] {spark_submit.py:634} INFO - 24/10/17 20:05:44 INFO DAGScheduler: Submitting 1 missing tasks from ResultStage 0 (MapPartitionsRDD[1] at parquet at NativeMethodAccessorImpl.java:0) (first 15 tasks are for partitions Vector(0))
[2024-10-17T20:05:44.362+0000] {spark_submit.py:634} INFO - 24/10/17 20:05:44 INFO TaskSchedulerImpl: Adding task set 0.0 with 1 tasks resource profile 0
[2024-10-17T20:05:44.416+0000] {spark_submit.py:634} INFO - 24/10/17 20:05:44 INFO TaskSetManager: Starting task 0.0 in stage 0.0 (TID 0) (cc66b6895e01, executor driver, partition 0, PROCESS_LOCAL, 9377 bytes)
[2024-10-17T20:05:44.427+0000] {spark_submit.py:634} INFO - 24/10/17 20:05:44 INFO Executor: Running task 0.0 in stage 0.0 (TID 0)
[2024-10-17T20:05:44.720+0000] {spark_submit.py:634} INFO - 24/10/17 20:05:44 INFO Executor: Finished task 0.0 in stage 0.0 (TID 0). 2140 bytes result sent to driver
[2024-10-17T20:05:44.728+0000] {spark_submit.py:634} INFO - 24/10/17 20:05:44 INFO TaskSetManager: Finished task 0.0 in stage 0.0 (TID 0) in 330 ms on cc66b6895e01 (executor driver) (1/1)
[2024-10-17T20:05:44.730+0000] {spark_submit.py:634} INFO - 24/10/17 20:05:44 INFO TaskSchedulerImpl: Removed TaskSet 0.0, whose tasks have all completed, from pool
[2024-10-17T20:05:44.735+0000] {spark_submit.py:634} INFO - 24/10/17 20:05:44 INFO DAGScheduler: ResultStage 0 (parquet at NativeMethodAccessorImpl.java:0) finished in 0.501 s
[2024-10-17T20:05:44.737+0000] {spark_submit.py:634} INFO - 24/10/17 20:05:44 INFO DAGScheduler: Job 0 is finished. Cancelling potential speculative or zombie tasks for this job
[2024-10-17T20:05:44.738+0000] {spark_submit.py:634} INFO - 24/10/17 20:05:44 INFO TaskSchedulerImpl: Killing all running tasks in stage 0: Stage finished
[2024-10-17T20:05:44.739+0000] {spark_submit.py:634} INFO - 24/10/17 20:05:44 INFO DAGScheduler: Job 0 finished: parquet at NativeMethodAccessorImpl.java:0, took 0.559170 s
[2024-10-17T20:05:45.852+0000] {spark_submit.py:634} INFO - 24/10/17 20:05:45 INFO BlockManagerInfo: Removed broadcast_0_piece0 on cc66b6895e01:45191 in memory (size: 37.7 KiB, free: 434.4 MiB)
[2024-10-17T20:05:46.242+0000] {spark_submit.py:634} INFO - Traceback (most recent call last):
[2024-10-17T20:05:46.242+0000] {spark_submit.py:634} INFO - File "/opt/bitnami/spark/src/scripts_spark/LoadFileToDB.py", line 87, in <module>
[2024-10-17T20:05:46.244+0000] {spark_submit.py:634} INFO - table_joins.write.jdbc(url=url,table='tb_fact_motherboard',mode='append',properties=db_properties)
[2024-10-17T20:05:46.244+0000] {spark_submit.py:634} INFO - File "/home/***/.local/lib/python3.12/site-packages/pyspark/python/lib/pyspark.zip/pyspark/sql/readwriter.py", line 1984, in jdbc
[2024-10-17T20:05:46.245+0000] {spark_submit.py:634} INFO - File "/home/***/.local/lib/python3.12/site-packages/pyspark/python/lib/py4j-0.10.9.7-src.zip/py4j/java_gateway.py", line 1322, in __call__
[2024-10-17T20:05:46.246+0000] {spark_submit.py:634} INFO - File "/home/***/.local/lib/python3.12/site-packages/pyspark/python/lib/pyspark.zip/pyspark/errors/exceptions/captured.py", line 185, in deco
[2024-10-17T20:05:46.252+0000] {spark_submit.py:634} INFO - pyspark.errors.exceptions.captured.AnalysisException: Column name_mark not found in schema Some(StructType(StructField(id_motherboard,IntegerType,false),StructField(socket,StringType,true),StructField(ddr,LongType,true),StructField(model,StringType,true),StructField(value,DecimalType(10,2),true),StructField(uri,StringType,true),StructField(data_collect,StringType,true),StructField(id_category_fk,LongType,true),StructField(id_site_fk,LongType,true),StructField(id_mark_fk,LongType,true))).
[2024-10-17T20:05:46.297+0000] {spark_submit.py:634} INFO - 24/10/17 20:05:46 INFO SparkContext: Invoking stop() from shutdown hook
[2024-10-17T20:05:46.298+0000] {spark_submit.py:634} INFO - 24/10/17 20:05:46 INFO SparkContext: SparkContext is stopping with exitCode 0.
[2024-10-17T20:05:46.306+0000] {spark_submit.py:634} INFO - 24/10/17 20:05:46 INFO SparkUI: Stopped Spark web UI at http://cc66b6895e01:4040
[2024-10-17T20:05:46.315+0000] {spark_submit.py:634} INFO - 24/10/17 20:05:46 INFO MapOutputTrackerMasterEndpoint: MapOutputTrackerMasterEndpoint stopped!
[2024-10-17T20:05:46.324+0000] {spark_submit.py:634} INFO - 24/10/17 20:05:46 INFO MemoryStore: MemoryStore cleared
[2024-10-17T20:05:46.324+0000] {spark_submit.py:634} INFO - 24/10/17 20:05:46 INFO BlockManager: BlockManager stopped
[2024-10-17T20:05:46.327+0000] {spark_submit.py:634} INFO - 24/10/17 20:05:46 INFO BlockManagerMaster: BlockManagerMaster stopped
[2024-10-17T20:05:46.329+0000] {spark_submit.py:634} INFO - 24/10/17 20:05:46 INFO OutputCommitCoordinator$OutputCommitCoordinatorEndpoint: OutputCommitCoordinator stopped!
[2024-10-17T20:05:46.335+0000] {spark_submit.py:634} INFO - 24/10/17 20:05:46 INFO SparkContext: Successfully stopped SparkContext
[2024-10-17T20:05:46.336+0000] {spark_submit.py:634} INFO - 24/10/17 20:05:46 INFO ShutdownHookManager: Shutdown hook called
[2024-10-17T20:05:46.336+0000] {spark_submit.py:634} INFO - 24/10/17 20:05:46 INFO ShutdownHookManager: Deleting directory /tmp/spark-5570dc98-e70b-410a-b623-e89d65987f3e
[2024-10-17T20:05:46.340+0000] {spark_submit.py:634} INFO - 24/10/17 20:05:46 INFO ShutdownHookManager: Deleting directory /tmp/spark-50a473d2-d61e-4185-8d20-0804e728b9d8
[2024-10-17T20:05:46.344+0000] {spark_submit.py:634} INFO - 24/10/17 20:05:46 INFO ShutdownHookManager: Deleting directory /tmp/spark-50a473d2-d61e-4185-8d20-0804e728b9d8/pyspark-fa8f5834-fbdb-40b9-a762-1dbadfa51174
[2024-10-17T20:05:46.395+0000] {taskinstance.py:3310} ERROR - Task failed with exception
Traceback (most recent call last):
  File "/home/airflow/.local/lib/python3.12/site-packages/airflow/models/taskinstance.py", line 767, in _execute_task
    result = _execute_callable(context=context, **execute_callable_kwargs)
             ^^^^^^^^^^^^^^^^^^^^^^^^^^^^^^^^^^^^^^^^^^^^^^^^^^^^^^^^^^^^^
  File "/home/airflow/.local/lib/python3.12/site-packages/airflow/models/taskinstance.py", line 733, in _execute_callable
    return ExecutionCallableRunner(
           ^^^^^^^^^^^^^^^^^^^^^^^^
  File "/home/airflow/.local/lib/python3.12/site-packages/airflow/utils/operator_helpers.py", line 252, in run
    return self.func(*args, **kwargs)
           ^^^^^^^^^^^^^^^^^^^^^^^^^^
  File "/home/airflow/.local/lib/python3.12/site-packages/airflow/models/baseoperator.py", line 406, in wrapper
    return func(self, *args, **kwargs)
           ^^^^^^^^^^^^^^^^^^^^^^^^^^^
  File "/home/airflow/.local/lib/python3.12/site-packages/airflow/providers/apache/spark/operators/spark_submit.py", line 176, in execute
    self._hook.submit(self.application)
  File "/home/airflow/.local/lib/python3.12/site-packages/airflow/providers/apache/spark/hooks/spark_submit.py", line 560, in submit
    raise AirflowException(
airflow.exceptions.AirflowException: Cannot execute: spark-submit --master yarn --driver-class-path /opt/***/jars/postgresql-42.5.0.jar --jars /opt/***/jars/postgresql-42.5.0.jar --packages org.postgresql:postgresql:42.5.0 --name arrow-spark /opt/bitnami/spark/src/scripts_spark/LoadFileToDB.py. Error code is: 1.
[2024-10-17T20:05:46.399+0000] {taskinstance.py:1225} INFO - Marking task as FAILED. dag_id=LoadWebScraping, task_id=spark_job, run_id=manual__2024-10-17T20:05:36.409952+00:00, execution_date=20241017T200536, start_date=20241017T200537, end_date=20241017T200546
[2024-10-17T20:05:46.415+0000] {taskinstance.py:340} INFO - ::group::Post task execution logs
[2024-10-17T20:05:46.416+0000] {standard_task_runner.py:124} ERROR - Failed to execute job 147 for task spark_job (Cannot execute: spark-submit --master yarn --driver-class-path /opt/***/jars/postgresql-42.5.0.jar --jars /opt/***/jars/postgresql-42.5.0.jar --packages org.postgresql:postgresql:42.5.0 --name arrow-spark /opt/bitnami/spark/src/scripts_spark/LoadFileToDB.py. Error code is: 1.; 6767)
Traceback (most recent call last):
  File "/home/airflow/.local/lib/python3.12/site-packages/airflow/task/task_runner/standard_task_runner.py", line 117, in _start_by_fork
    ret = args.func(args, dag=self.dag)
          ^^^^^^^^^^^^^^^^^^^^^^^^^^^^^
  File "/home/airflow/.local/lib/python3.12/site-packages/airflow/cli/cli_config.py", line 49, in command
    return func(*args, **kwargs)
           ^^^^^^^^^^^^^^^^^^^^^
  File "/home/airflow/.local/lib/python3.12/site-packages/airflow/utils/cli.py", line 115, in wrapper
    return f(*args, **kwargs)
           ^^^^^^^^^^^^^^^^^^
  File "/home/airflow/.local/lib/python3.12/site-packages/airflow/cli/commands/task_command.py", line 483, in task_run
    task_return_code = _run_task_by_selected_method(args, _dag, ti)
                       ^^^^^^^^^^^^^^^^^^^^^^^^^^^^^^^^^^^^^^^^^^^^
  File "/home/airflow/.local/lib/python3.12/site-packages/airflow/cli/commands/task_command.py", line 256, in _run_task_by_selected_method
    return _run_raw_task(args, ti)
           ^^^^^^^^^^^^^^^^^^^^^^^
  File "/home/airflow/.local/lib/python3.12/site-packages/airflow/cli/commands/task_command.py", line 341, in _run_raw_task
    return ti._run_raw_task(
           ^^^^^^^^^^^^^^^^^
  File "/home/airflow/.local/lib/python3.12/site-packages/airflow/utils/session.py", line 97, in wrapper
    return func(*args, session=session, **kwargs)
           ^^^^^^^^^^^^^^^^^^^^^^^^^^^^^^^^^^^^^^
  File "/home/airflow/.local/lib/python3.12/site-packages/airflow/models/taskinstance.py", line 3004, in _run_raw_task
    return _run_raw_task(
           ^^^^^^^^^^^^^^
  File "/home/airflow/.local/lib/python3.12/site-packages/airflow/models/taskinstance.py", line 273, in _run_raw_task
    TaskInstance._execute_task_with_callbacks(
  File "/home/airflow/.local/lib/python3.12/site-packages/airflow/models/taskinstance.py", line 3158, in _execute_task_with_callbacks
    result = self._execute_task(context, task_orig)
             ^^^^^^^^^^^^^^^^^^^^^^^^^^^^^^^^^^^^^^
  File "/home/airflow/.local/lib/python3.12/site-packages/airflow/models/taskinstance.py", line 3182, in _execute_task
    return _execute_task(self, context, task_orig)
           ^^^^^^^^^^^^^^^^^^^^^^^^^^^^^^^^^^^^^^^
  File "/home/airflow/.local/lib/python3.12/site-packages/airflow/models/taskinstance.py", line 767, in _execute_task
    result = _execute_callable(context=context, **execute_callable_kwargs)
             ^^^^^^^^^^^^^^^^^^^^^^^^^^^^^^^^^^^^^^^^^^^^^^^^^^^^^^^^^^^^^
  File "/home/airflow/.local/lib/python3.12/site-packages/airflow/models/taskinstance.py", line 733, in _execute_callable
    return ExecutionCallableRunner(
           ^^^^^^^^^^^^^^^^^^^^^^^^
  File "/home/airflow/.local/lib/python3.12/site-packages/airflow/utils/operator_helpers.py", line 252, in run
    return self.func(*args, **kwargs)
           ^^^^^^^^^^^^^^^^^^^^^^^^^^
  File "/home/airflow/.local/lib/python3.12/site-packages/airflow/models/baseoperator.py", line 406, in wrapper
    return func(self, *args, **kwargs)
           ^^^^^^^^^^^^^^^^^^^^^^^^^^^
  File "/home/airflow/.local/lib/python3.12/site-packages/airflow/providers/apache/spark/operators/spark_submit.py", line 176, in execute
    self._hook.submit(self.application)
  File "/home/airflow/.local/lib/python3.12/site-packages/airflow/providers/apache/spark/hooks/spark_submit.py", line 560, in submit
    raise AirflowException(
airflow.exceptions.AirflowException: Cannot execute: spark-submit --master yarn --driver-class-path /opt/***/jars/postgresql-42.5.0.jar --jars /opt/***/jars/postgresql-42.5.0.jar --packages org.postgresql:postgresql:42.5.0 --name arrow-spark /opt/bitnami/spark/src/scripts_spark/LoadFileToDB.py. Error code is: 1.
[2024-10-17T20:05:46.464+0000] {local_task_job_runner.py:266} INFO - Task exited with return code 1
[2024-10-17T20:05:46.480+0000] {taskinstance.py:3900} INFO - 0 downstream tasks scheduled from follow-on schedule check
[2024-10-17T20:05:46.485+0000] {local_task_job_runner.py:245} INFO - ::endgroup::
