[2024-09-18T20:31:46.376+0000] {local_task_job_runner.py:123} INFO - ::group::Pre task execution logs
[2024-09-18T20:31:46.398+0000] {taskinstance.py:2612} INFO - Dependencies all met for dep_context=non-requeueable deps ti=<TaskInstance: SitesWebScraping.create_container_kabum scheduled__2024-09-17T00:00:00+00:00 [queued]>
[2024-09-18T20:31:46.410+0000] {taskinstance.py:2612} INFO - Dependencies all met for dep_context=requeueable deps ti=<TaskInstance: SitesWebScraping.create_container_kabum scheduled__2024-09-17T00:00:00+00:00 [queued]>
[2024-09-18T20:31:46.411+0000] {taskinstance.py:2865} INFO - Starting attempt 1 of 1
[2024-09-18T20:31:46.430+0000] {taskinstance.py:2888} INFO - Executing <Task(CreateContainerInDataLake): create_container_kabum> on 2024-09-17 00:00:00+00:00
[2024-09-18T20:31:46.435+0000] {warnings.py:112} WARNING - /home/***/.local/lib/python3.12/site-packages/***/task/task_runner/standard_task_runner.py:70: DeprecationWarning: This process (pid=78) is multi-threaded, use of fork() may lead to deadlocks in the child.
  pid = os.fork()

[2024-09-18T20:31:46.436+0000] {standard_task_runner.py:72} INFO - Started process 80 to run task
[2024-09-18T20:31:46.436+0000] {standard_task_runner.py:104} INFO - Running: ['***', 'tasks', 'run', 'SitesWebScraping', 'create_container_kabum', 'scheduled__2024-09-17T00:00:00+00:00', '--job-id', '339', '--raw', '--subdir', 'DAGS_FOLDER/DagWebScraping.py', '--cfg-path', '/tmp/tmp467gmfv1']
[2024-09-18T20:31:46.438+0000] {standard_task_runner.py:105} INFO - Job 339: Subtask create_container_kabum
[2024-09-18T20:31:46.492+0000] {task_command.py:467} INFO - Running <TaskInstance: SitesWebScraping.create_container_kabum scheduled__2024-09-17T00:00:00+00:00 [running]> on host 7c059e7e6b91
[2024-09-18T20:31:46.570+0000] {taskinstance.py:3131} INFO - Exporting env vars: AIRFLOW_CTX_DAG_OWNER='***' AIRFLOW_CTX_DAG_ID='SitesWebScraping' AIRFLOW_CTX_TASK_ID='create_container_kabum' AIRFLOW_CTX_EXECUTION_DATE='2024-09-17T00:00:00+00:00' AIRFLOW_CTX_TRY_NUMBER='1' AIRFLOW_CTX_DAG_RUN_ID='scheduled__2024-09-17T00:00:00+00:00'
[2024-09-18T20:31:46.571+0000] {taskinstance.py:731} INFO - ::endgroup::
[2024-09-18T20:31:46.588+0000] {baseoperator.py:405} WARNING - CreateContainerInDataLake.execute cannot be called outside TaskInstance!
[2024-09-18T20:31:46.589+0000] {subprocess.py:63} INFO - Tmp dir root location: /tmp
[2024-09-18T20:31:46.590+0000] {subprocess.py:75} INFO - Running command: ['/usr/bin/bash', '-c', 'mkdir -p /opt/***/datalake/rawzone/kabum=2024-09-18']
[2024-09-18T20:31:46.600+0000] {subprocess.py:86} INFO - Output:
[2024-09-18T20:31:46.613+0000] {subprocess.py:97} INFO - Command exited with return code 0
[2024-09-18T20:31:46.636+0000] {taskinstance.py:340} INFO - ::group::Post task execution logs
[2024-09-18T20:31:46.637+0000] {taskinstance.py:352} INFO - Marking task as SUCCESS. dag_id=SitesWebScraping, task_id=create_container_kabum, run_id=scheduled__2024-09-17T00:00:00+00:00, execution_date=20240917T000000, start_date=20240918T203146, end_date=20240918T203146
[2024-09-18T20:31:46.692+0000] {local_task_job_runner.py:266} INFO - Task exited with return code 0
[2024-09-18T20:31:46.713+0000] {taskinstance.py:3900} INFO - 1 downstream tasks scheduled from follow-on schedule check
[2024-09-18T20:31:46.718+0000] {local_task_job_runner.py:245} INFO - ::endgroup::
[2024-09-18T20:35:51.824+0000] {local_task_job_runner.py:123} INFO - ::group::Pre task execution logs
[2024-09-18T20:35:51.839+0000] {taskinstance.py:2612} INFO - Dependencies all met for dep_context=non-requeueable deps ti=<TaskInstance: SitesWebScraping.create_container_kabum scheduled__2024-09-17T00:00:00+00:00 [queued]>
[2024-09-18T20:35:51.846+0000] {taskinstance.py:2612} INFO - Dependencies all met for dep_context=requeueable deps ti=<TaskInstance: SitesWebScraping.create_container_kabum scheduled__2024-09-17T00:00:00+00:00 [queued]>
[2024-09-18T20:35:51.846+0000] {taskinstance.py:2865} INFO - Starting attempt 1 of 1
[2024-09-18T20:35:51.863+0000] {taskinstance.py:2888} INFO - Executing <Task(CreateContainerInDataLake): create_container_kabum> on 2024-09-17 00:00:00+00:00
[2024-09-18T20:35:51.867+0000] {warnings.py:112} WARNING - /home/***/.local/lib/python3.12/site-packages/***/task/task_runner/standard_task_runner.py:70: DeprecationWarning: This process (pid=136) is multi-threaded, use of fork() may lead to deadlocks in the child.
  pid = os.fork()

[2024-09-18T20:35:51.868+0000] {standard_task_runner.py:72} INFO - Started process 137 to run task
[2024-09-18T20:35:51.868+0000] {standard_task_runner.py:104} INFO - Running: ['***', 'tasks', 'run', 'SitesWebScraping', 'create_container_kabum', 'scheduled__2024-09-17T00:00:00+00:00', '--job-id', '341', '--raw', '--subdir', 'DAGS_FOLDER/DagWebScraping.py', '--cfg-path', '/tmp/tmpqczooq5x']
[2024-09-18T20:35:51.870+0000] {standard_task_runner.py:105} INFO - Job 341: Subtask create_container_kabum
[2024-09-18T20:35:51.915+0000] {task_command.py:467} INFO - Running <TaskInstance: SitesWebScraping.create_container_kabum scheduled__2024-09-17T00:00:00+00:00 [running]> on host 7c059e7e6b91
[2024-09-18T20:35:51.989+0000] {taskinstance.py:3131} INFO - Exporting env vars: AIRFLOW_CTX_DAG_OWNER='***' AIRFLOW_CTX_DAG_ID='SitesWebScraping' AIRFLOW_CTX_TASK_ID='create_container_kabum' AIRFLOW_CTX_EXECUTION_DATE='2024-09-17T00:00:00+00:00' AIRFLOW_CTX_TRY_NUMBER='1' AIRFLOW_CTX_DAG_RUN_ID='scheduled__2024-09-17T00:00:00+00:00'
[2024-09-18T20:35:51.990+0000] {taskinstance.py:731} INFO - ::endgroup::
[2024-09-18T20:35:52.003+0000] {baseoperator.py:405} WARNING - CreateContainerInDataLake.execute cannot be called outside TaskInstance!
[2024-09-18T20:35:52.004+0000] {subprocess.py:63} INFO - Tmp dir root location: /tmp
[2024-09-18T20:35:52.004+0000] {subprocess.py:75} INFO - Running command: ['/usr/bin/bash', '-c', 'mkdir -p /opt/***/datalake/rawzone/kabum=2024-09-18']
[2024-09-18T20:35:52.011+0000] {subprocess.py:86} INFO - Output:
[2024-09-18T20:35:52.016+0000] {subprocess.py:97} INFO - Command exited with return code 0
[2024-09-18T20:35:52.048+0000] {taskinstance.py:340} INFO - ::group::Post task execution logs
[2024-09-18T20:35:52.049+0000] {taskinstance.py:352} INFO - Marking task as SUCCESS. dag_id=SitesWebScraping, task_id=create_container_kabum, run_id=scheduled__2024-09-17T00:00:00+00:00, execution_date=20240917T000000, start_date=20240918T203551, end_date=20240918T203552
[2024-09-18T20:35:52.083+0000] {local_task_job_runner.py:266} INFO - Task exited with return code 0
[2024-09-18T20:35:52.111+0000] {taskinstance.py:3900} INFO - 1 downstream tasks scheduled from follow-on schedule check
[2024-09-18T20:35:52.116+0000] {local_task_job_runner.py:245} INFO - ::endgroup::
[2024-09-18T20:46:20.422+0000] {local_task_job_runner.py:123} INFO - ::group::Pre task execution logs
[2024-09-18T20:46:20.439+0000] {taskinstance.py:2612} INFO - Dependencies all met for dep_context=non-requeueable deps ti=<TaskInstance: SitesWebScraping.create_container_kabum scheduled__2024-09-17T00:00:00+00:00 [queued]>
[2024-09-18T20:46:20.448+0000] {taskinstance.py:2612} INFO - Dependencies all met for dep_context=requeueable deps ti=<TaskInstance: SitesWebScraping.create_container_kabum scheduled__2024-09-17T00:00:00+00:00 [queued]>
[2024-09-18T20:46:20.449+0000] {taskinstance.py:2865} INFO - Starting attempt 1 of 1
[2024-09-18T20:46:20.465+0000] {taskinstance.py:2888} INFO - Executing <Task(CreateContainerInDataLake): create_container_kabum> on 2024-09-17 00:00:00+00:00
[2024-09-18T20:46:20.469+0000] {warnings.py:112} WARNING - /home/***/.local/lib/python3.12/site-packages/***/task/task_runner/standard_task_runner.py:70: DeprecationWarning: This process (pid=91) is multi-threaded, use of fork() may lead to deadlocks in the child.
  pid = os.fork()

[2024-09-18T20:46:20.470+0000] {standard_task_runner.py:72} INFO - Started process 92 to run task
[2024-09-18T20:46:20.471+0000] {standard_task_runner.py:104} INFO - Running: ['***', 'tasks', 'run', 'SitesWebScraping', 'create_container_kabum', 'scheduled__2024-09-17T00:00:00+00:00', '--job-id', '349', '--raw', '--subdir', 'DAGS_FOLDER/DagWebScraping.py', '--cfg-path', '/tmp/tmpsqtxrs4d']
[2024-09-18T20:46:20.473+0000] {standard_task_runner.py:105} INFO - Job 349: Subtask create_container_kabum
[2024-09-18T20:46:20.516+0000] {task_command.py:467} INFO - Running <TaskInstance: SitesWebScraping.create_container_kabum scheduled__2024-09-17T00:00:00+00:00 [running]> on host 7c059e7e6b91
[2024-09-18T20:46:20.586+0000] {taskinstance.py:3131} INFO - Exporting env vars: AIRFLOW_CTX_DAG_OWNER='***' AIRFLOW_CTX_DAG_ID='SitesWebScraping' AIRFLOW_CTX_TASK_ID='create_container_kabum' AIRFLOW_CTX_EXECUTION_DATE='2024-09-17T00:00:00+00:00' AIRFLOW_CTX_TRY_NUMBER='1' AIRFLOW_CTX_DAG_RUN_ID='scheduled__2024-09-17T00:00:00+00:00'
[2024-09-18T20:46:20.589+0000] {taskinstance.py:731} INFO - ::endgroup::
[2024-09-18T20:46:20.611+0000] {baseoperator.py:405} WARNING - CreateContainerInDataLake.execute cannot be called outside TaskInstance!
[2024-09-18T20:46:20.612+0000] {subprocess.py:63} INFO - Tmp dir root location: /tmp
[2024-09-18T20:46:20.613+0000] {subprocess.py:75} INFO - Running command: ['/usr/bin/bash', '-c', 'mkdir -p /opt/***/datalake/rawzone/kabum=2024-09-18']
[2024-09-18T20:46:20.620+0000] {subprocess.py:86} INFO - Output:
[2024-09-18T20:46:20.626+0000] {subprocess.py:97} INFO - Command exited with return code 0
[2024-09-18T20:46:20.649+0000] {taskinstance.py:340} INFO - ::group::Post task execution logs
[2024-09-18T20:46:20.649+0000] {taskinstance.py:352} INFO - Marking task as SUCCESS. dag_id=SitesWebScraping, task_id=create_container_kabum, run_id=scheduled__2024-09-17T00:00:00+00:00, execution_date=20240917T000000, start_date=20240918T204620, end_date=20240918T204620
[2024-09-18T20:46:20.685+0000] {local_task_job_runner.py:266} INFO - Task exited with return code 0
[2024-09-18T20:46:20.711+0000] {taskinstance.py:3900} INFO - 1 downstream tasks scheduled from follow-on schedule check
[2024-09-18T20:46:20.714+0000] {local_task_job_runner.py:245} INFO - ::endgroup::
[2024-09-18T20:53:43.382+0000] {local_task_job_runner.py:123} INFO - ::group::Pre task execution logs
[2024-09-18T20:53:43.398+0000] {taskinstance.py:2612} INFO - Dependencies all met for dep_context=non-requeueable deps ti=<TaskInstance: SitesWebScraping.create_container_kabum scheduled__2024-09-17T00:00:00+00:00 [queued]>
[2024-09-18T20:53:43.405+0000] {taskinstance.py:2612} INFO - Dependencies all met for dep_context=requeueable deps ti=<TaskInstance: SitesWebScraping.create_container_kabum scheduled__2024-09-17T00:00:00+00:00 [queued]>
[2024-09-18T20:53:43.406+0000] {taskinstance.py:2865} INFO - Starting attempt 1 of 1
[2024-09-18T20:53:43.422+0000] {taskinstance.py:2888} INFO - Executing <Task(CreateContainerInDataLake): create_container_kabum> on 2024-09-17 00:00:00+00:00
[2024-09-18T20:53:43.427+0000] {warnings.py:112} WARNING - /home/***/.local/lib/python3.12/site-packages/***/task/task_runner/standard_task_runner.py:70: DeprecationWarning: This process (pid=85) is multi-threaded, use of fork() may lead to deadlocks in the child.
  pid = os.fork()

[2024-09-18T20:53:43.429+0000] {standard_task_runner.py:72} INFO - Started process 86 to run task
[2024-09-18T20:53:43.429+0000] {standard_task_runner.py:104} INFO - Running: ['***', 'tasks', 'run', 'SitesWebScraping', 'create_container_kabum', 'scheduled__2024-09-17T00:00:00+00:00', '--job-id', '357', '--raw', '--subdir', 'DAGS_FOLDER/DagWebScraping.py', '--cfg-path', '/tmp/tmpx_bksyw_']
[2024-09-18T20:53:43.431+0000] {standard_task_runner.py:105} INFO - Job 357: Subtask create_container_kabum
[2024-09-18T20:53:43.476+0000] {task_command.py:467} INFO - Running <TaskInstance: SitesWebScraping.create_container_kabum scheduled__2024-09-17T00:00:00+00:00 [running]> on host 7c059e7e6b91
[2024-09-18T20:53:43.550+0000] {taskinstance.py:3131} INFO - Exporting env vars: AIRFLOW_CTX_DAG_OWNER='***' AIRFLOW_CTX_DAG_ID='SitesWebScraping' AIRFLOW_CTX_TASK_ID='create_container_kabum' AIRFLOW_CTX_EXECUTION_DATE='2024-09-17T00:00:00+00:00' AIRFLOW_CTX_TRY_NUMBER='1' AIRFLOW_CTX_DAG_RUN_ID='scheduled__2024-09-17T00:00:00+00:00'
[2024-09-18T20:53:43.551+0000] {taskinstance.py:731} INFO - ::endgroup::
[2024-09-18T20:53:43.564+0000] {baseoperator.py:405} WARNING - CreateContainerInDataLake.execute cannot be called outside TaskInstance!
[2024-09-18T20:53:43.565+0000] {subprocess.py:63} INFO - Tmp dir root location: /tmp
[2024-09-18T20:53:43.566+0000] {subprocess.py:75} INFO - Running command: ['/usr/bin/bash', '-c', 'mkdir -p /opt/***/datalake/rawzone/kabum=2024-09-18']
[2024-09-18T20:53:43.574+0000] {subprocess.py:86} INFO - Output:
[2024-09-18T20:53:43.579+0000] {subprocess.py:97} INFO - Command exited with return code 0
[2024-09-18T20:53:43.603+0000] {taskinstance.py:340} INFO - ::group::Post task execution logs
[2024-09-18T20:53:43.604+0000] {taskinstance.py:352} INFO - Marking task as SUCCESS. dag_id=SitesWebScraping, task_id=create_container_kabum, run_id=scheduled__2024-09-17T00:00:00+00:00, execution_date=20240917T000000, start_date=20240918T205343, end_date=20240918T205343
[2024-09-18T20:53:43.644+0000] {local_task_job_runner.py:266} INFO - Task exited with return code 0
[2024-09-18T20:53:43.667+0000] {taskinstance.py:3900} INFO - 1 downstream tasks scheduled from follow-on schedule check
[2024-09-18T20:53:43.670+0000] {local_task_job_runner.py:245} INFO - ::endgroup::
[2024-09-18T20:56:48.143+0000] {local_task_job_runner.py:123} INFO - ::group::Pre task execution logs
[2024-09-18T20:56:48.159+0000] {taskinstance.py:2612} INFO - Dependencies all met for dep_context=non-requeueable deps ti=<TaskInstance: SitesWebScraping.create_container_kabum scheduled__2024-09-17T00:00:00+00:00 [queued]>
[2024-09-18T20:56:48.167+0000] {taskinstance.py:2612} INFO - Dependencies all met for dep_context=requeueable deps ti=<TaskInstance: SitesWebScraping.create_container_kabum scheduled__2024-09-17T00:00:00+00:00 [queued]>
[2024-09-18T20:56:48.167+0000] {taskinstance.py:2865} INFO - Starting attempt 1 of 1
[2024-09-18T20:56:48.183+0000] {taskinstance.py:2888} INFO - Executing <Task(CreateContainerInDataLake): create_container_kabum> on 2024-09-17 00:00:00+00:00
[2024-09-18T20:56:48.187+0000] {warnings.py:112} WARNING - /home/***/.local/lib/python3.12/site-packages/***/task/task_runner/standard_task_runner.py:70: DeprecationWarning: This process (pid=143) is multi-threaded, use of fork() may lead to deadlocks in the child.
  pid = os.fork()

[2024-09-18T20:56:48.189+0000] {standard_task_runner.py:72} INFO - Started process 144 to run task
[2024-09-18T20:56:48.189+0000] {standard_task_runner.py:104} INFO - Running: ['***', 'tasks', 'run', 'SitesWebScraping', 'create_container_kabum', 'scheduled__2024-09-17T00:00:00+00:00', '--job-id', '361', '--raw', '--subdir', 'DAGS_FOLDER/DagWebScraping.py', '--cfg-path', '/tmp/tmpim_y990z']
[2024-09-18T20:56:48.191+0000] {standard_task_runner.py:105} INFO - Job 361: Subtask create_container_kabum
[2024-09-18T20:56:48.235+0000] {task_command.py:467} INFO - Running <TaskInstance: SitesWebScraping.create_container_kabum scheduled__2024-09-17T00:00:00+00:00 [running]> on host 7c059e7e6b91
[2024-09-18T20:56:48.308+0000] {taskinstance.py:3131} INFO - Exporting env vars: AIRFLOW_CTX_DAG_OWNER='***' AIRFLOW_CTX_DAG_ID='SitesWebScraping' AIRFLOW_CTX_TASK_ID='create_container_kabum' AIRFLOW_CTX_EXECUTION_DATE='2024-09-17T00:00:00+00:00' AIRFLOW_CTX_TRY_NUMBER='1' AIRFLOW_CTX_DAG_RUN_ID='scheduled__2024-09-17T00:00:00+00:00'
[2024-09-18T20:56:48.309+0000] {taskinstance.py:731} INFO - ::endgroup::
[2024-09-18T20:56:48.322+0000] {baseoperator.py:405} WARNING - CreateContainerInDataLake.execute cannot be called outside TaskInstance!
[2024-09-18T20:56:48.323+0000] {subprocess.py:63} INFO - Tmp dir root location: /tmp
[2024-09-18T20:56:48.324+0000] {subprocess.py:75} INFO - Running command: ['/usr/bin/bash', '-c', 'mkdir -p /opt/***/datalake/rawzone/kabum=2024-09-18']
[2024-09-18T20:56:48.331+0000] {subprocess.py:86} INFO - Output:
[2024-09-18T20:56:48.336+0000] {subprocess.py:97} INFO - Command exited with return code 0
[2024-09-18T20:56:48.359+0000] {taskinstance.py:340} INFO - ::group::Post task execution logs
[2024-09-18T20:56:48.360+0000] {taskinstance.py:352} INFO - Marking task as SUCCESS. dag_id=SitesWebScraping, task_id=create_container_kabum, run_id=scheduled__2024-09-17T00:00:00+00:00, execution_date=20240917T000000, start_date=20240918T205648, end_date=20240918T205648
[2024-09-18T20:56:48.404+0000] {local_task_job_runner.py:266} INFO - Task exited with return code 0
[2024-09-18T20:56:48.448+0000] {taskinstance.py:3900} INFO - 1 downstream tasks scheduled from follow-on schedule check
[2024-09-18T20:56:48.453+0000] {local_task_job_runner.py:245} INFO - ::endgroup::
[2024-09-18T21:08:03.874+0000] {local_task_job_runner.py:123} INFO - ::group::Pre task execution logs
[2024-09-18T21:08:03.890+0000] {taskinstance.py:2612} INFO - Dependencies all met for dep_context=non-requeueable deps ti=<TaskInstance: SitesWebScraping.create_container_kabum scheduled__2024-09-17T00:00:00+00:00 [queued]>
[2024-09-18T21:08:03.898+0000] {taskinstance.py:2612} INFO - Dependencies all met for dep_context=requeueable deps ti=<TaskInstance: SitesWebScraping.create_container_kabum scheduled__2024-09-17T00:00:00+00:00 [queued]>
[2024-09-18T21:08:03.898+0000] {taskinstance.py:2865} INFO - Starting attempt 1 of 1
[2024-09-18T21:08:03.914+0000] {taskinstance.py:2888} INFO - Executing <Task(CreateContainerInDataLake): create_container_kabum> on 2024-09-17 00:00:00+00:00
[2024-09-18T21:08:03.918+0000] {warnings.py:112} WARNING - /home/***/.local/lib/python3.12/site-packages/***/task/task_runner/standard_task_runner.py:70: DeprecationWarning: This process (pid=77) is multi-threaded, use of fork() may lead to deadlocks in the child.
  pid = os.fork()

[2024-09-18T21:08:03.920+0000] {standard_task_runner.py:72} INFO - Started process 78 to run task
[2024-09-18T21:08:03.920+0000] {standard_task_runner.py:104} INFO - Running: ['***', 'tasks', 'run', 'SitesWebScraping', 'create_container_kabum', 'scheduled__2024-09-17T00:00:00+00:00', '--job-id', '365', '--raw', '--subdir', 'DAGS_FOLDER/DagWebScraping.py', '--cfg-path', '/tmp/tmpjp8pdtwn']
[2024-09-18T21:08:03.922+0000] {standard_task_runner.py:105} INFO - Job 365: Subtask create_container_kabum
[2024-09-18T21:08:03.965+0000] {task_command.py:467} INFO - Running <TaskInstance: SitesWebScraping.create_container_kabum scheduled__2024-09-17T00:00:00+00:00 [running]> on host 7c059e7e6b91
[2024-09-18T21:08:04.039+0000] {taskinstance.py:3131} INFO - Exporting env vars: AIRFLOW_CTX_DAG_OWNER='***' AIRFLOW_CTX_DAG_ID='SitesWebScraping' AIRFLOW_CTX_TASK_ID='create_container_kabum' AIRFLOW_CTX_EXECUTION_DATE='2024-09-17T00:00:00+00:00' AIRFLOW_CTX_TRY_NUMBER='1' AIRFLOW_CTX_DAG_RUN_ID='scheduled__2024-09-17T00:00:00+00:00'
[2024-09-18T21:08:04.040+0000] {taskinstance.py:731} INFO - ::endgroup::
[2024-09-18T21:08:04.054+0000] {baseoperator.py:405} WARNING - CreateContainerInDataLake.execute cannot be called outside TaskInstance!
[2024-09-18T21:08:04.055+0000] {subprocess.py:63} INFO - Tmp dir root location: /tmp
[2024-09-18T21:08:04.056+0000] {subprocess.py:75} INFO - Running command: ['/usr/bin/bash', '-c', 'mkdir -p /opt/***/datalake/rawzone/kabum=2024-09-18']
[2024-09-18T21:08:04.063+0000] {subprocess.py:86} INFO - Output:
[2024-09-18T21:08:04.068+0000] {subprocess.py:97} INFO - Command exited with return code 0
[2024-09-18T21:08:04.092+0000] {taskinstance.py:340} INFO - ::group::Post task execution logs
[2024-09-18T21:08:04.093+0000] {taskinstance.py:352} INFO - Marking task as SUCCESS. dag_id=SitesWebScraping, task_id=create_container_kabum, run_id=scheduled__2024-09-17T00:00:00+00:00, execution_date=20240917T000000, start_date=20240918T210803, end_date=20240918T210804
[2024-09-18T21:08:04.134+0000] {local_task_job_runner.py:266} INFO - Task exited with return code 0
[2024-09-18T21:08:04.157+0000] {taskinstance.py:3900} INFO - 1 downstream tasks scheduled from follow-on schedule check
[2024-09-18T21:08:04.161+0000] {local_task_job_runner.py:245} INFO - ::endgroup::
[2024-09-18T21:15:29.732+0000] {local_task_job_runner.py:123} INFO - ::group::Pre task execution logs
[2024-09-18T21:15:29.748+0000] {taskinstance.py:2612} INFO - Dependencies all met for dep_context=non-requeueable deps ti=<TaskInstance: SitesWebScraping.create_container_kabum scheduled__2024-09-17T00:00:00+00:00 [queued]>
[2024-09-18T21:15:29.755+0000] {taskinstance.py:2612} INFO - Dependencies all met for dep_context=requeueable deps ti=<TaskInstance: SitesWebScraping.create_container_kabum scheduled__2024-09-17T00:00:00+00:00 [queued]>
[2024-09-18T21:15:29.755+0000] {taskinstance.py:2865} INFO - Starting attempt 1 of 1
[2024-09-18T21:15:29.772+0000] {taskinstance.py:2888} INFO - Executing <Task(CreateContainerInDataLake): create_container_kabum> on 2024-09-17 00:00:00+00:00
[2024-09-18T21:15:29.777+0000] {warnings.py:112} WARNING - /home/***/.local/lib/python3.12/site-packages/***/task/task_runner/standard_task_runner.py:70: DeprecationWarning: This process (pid=85) is multi-threaded, use of fork() may lead to deadlocks in the child.
  pid = os.fork()

[2024-09-18T21:15:29.778+0000] {standard_task_runner.py:72} INFO - Started process 86 to run task
[2024-09-18T21:15:29.778+0000] {standard_task_runner.py:104} INFO - Running: ['***', 'tasks', 'run', 'SitesWebScraping', 'create_container_kabum', 'scheduled__2024-09-17T00:00:00+00:00', '--job-id', '369', '--raw', '--subdir', 'DAGS_FOLDER/DagWebScraping.py', '--cfg-path', '/tmp/tmp8o67v0ef']
[2024-09-18T21:15:29.781+0000] {standard_task_runner.py:105} INFO - Job 369: Subtask create_container_kabum
[2024-09-18T21:15:29.829+0000] {task_command.py:467} INFO - Running <TaskInstance: SitesWebScraping.create_container_kabum scheduled__2024-09-17T00:00:00+00:00 [running]> on host 7c059e7e6b91
[2024-09-18T21:15:29.916+0000] {taskinstance.py:3131} INFO - Exporting env vars: AIRFLOW_CTX_DAG_OWNER='***' AIRFLOW_CTX_DAG_ID='SitesWebScraping' AIRFLOW_CTX_TASK_ID='create_container_kabum' AIRFLOW_CTX_EXECUTION_DATE='2024-09-17T00:00:00+00:00' AIRFLOW_CTX_TRY_NUMBER='1' AIRFLOW_CTX_DAG_RUN_ID='scheduled__2024-09-17T00:00:00+00:00'
[2024-09-18T21:15:29.917+0000] {taskinstance.py:731} INFO - ::endgroup::
[2024-09-18T21:15:29.932+0000] {baseoperator.py:405} WARNING - CreateContainerInDataLake.execute cannot be called outside TaskInstance!
[2024-09-18T21:15:29.933+0000] {subprocess.py:63} INFO - Tmp dir root location: /tmp
[2024-09-18T21:15:29.934+0000] {subprocess.py:75} INFO - Running command: ['/usr/bin/bash', '-c', 'mkdir -p /opt/***/datalake/rawzone/kabum=2024-09-18']
[2024-09-18T21:15:29.941+0000] {subprocess.py:86} INFO - Output:
[2024-09-18T21:15:29.946+0000] {subprocess.py:97} INFO - Command exited with return code 0
[2024-09-18T21:15:29.970+0000] {taskinstance.py:340} INFO - ::group::Post task execution logs
[2024-09-18T21:15:29.970+0000] {taskinstance.py:352} INFO - Marking task as SUCCESS. dag_id=SitesWebScraping, task_id=create_container_kabum, run_id=scheduled__2024-09-17T00:00:00+00:00, execution_date=20240917T000000, start_date=20240918T211529, end_date=20240918T211529
[2024-09-18T21:15:29.994+0000] {local_task_job_runner.py:266} INFO - Task exited with return code 0
[2024-09-18T21:15:30.017+0000] {taskinstance.py:3900} INFO - 1 downstream tasks scheduled from follow-on schedule check
[2024-09-18T21:15:30.022+0000] {local_task_job_runner.py:245} INFO - ::endgroup::
[2024-09-18T21:30:44.660+0000] {local_task_job_runner.py:123} INFO - ::group::Pre task execution logs
[2024-09-18T21:30:44.677+0000] {taskinstance.py:2612} INFO - Dependencies all met for dep_context=non-requeueable deps ti=<TaskInstance: SitesWebScraping.create_container_kabum scheduled__2024-09-17T00:00:00+00:00 [queued]>
[2024-09-18T21:30:44.686+0000] {taskinstance.py:2612} INFO - Dependencies all met for dep_context=requeueable deps ti=<TaskInstance: SitesWebScraping.create_container_kabum scheduled__2024-09-17T00:00:00+00:00 [queued]>
[2024-09-18T21:30:44.686+0000] {taskinstance.py:2865} INFO - Starting attempt 1 of 1
[2024-09-18T21:30:44.707+0000] {taskinstance.py:2888} INFO - Executing <Task(CreateContainerInDataLake): create_container_kabum> on 2024-09-17 00:00:00+00:00
[2024-09-18T21:30:44.711+0000] {warnings.py:112} WARNING - /home/***/.local/lib/python3.12/site-packages/***/task/task_runner/standard_task_runner.py:70: DeprecationWarning: This process (pid=112) is multi-threaded, use of fork() may lead to deadlocks in the child.
  pid = os.fork()

[2024-09-18T21:30:44.713+0000] {standard_task_runner.py:72} INFO - Started process 113 to run task
[2024-09-18T21:30:44.713+0000] {standard_task_runner.py:104} INFO - Running: ['***', 'tasks', 'run', 'SitesWebScraping', 'create_container_kabum', 'scheduled__2024-09-17T00:00:00+00:00', '--job-id', '376', '--raw', '--subdir', 'DAGS_FOLDER/DagWebScraping.py', '--cfg-path', '/tmp/tmpnxgupbyj']
[2024-09-18T21:30:44.715+0000] {standard_task_runner.py:105} INFO - Job 376: Subtask create_container_kabum
[2024-09-18T21:30:44.759+0000] {task_command.py:467} INFO - Running <TaskInstance: SitesWebScraping.create_container_kabum scheduled__2024-09-17T00:00:00+00:00 [running]> on host 7c059e7e6b91
[2024-09-18T21:30:44.837+0000] {taskinstance.py:3131} INFO - Exporting env vars: AIRFLOW_CTX_DAG_OWNER='***' AIRFLOW_CTX_DAG_ID='SitesWebScraping' AIRFLOW_CTX_TASK_ID='create_container_kabum' AIRFLOW_CTX_EXECUTION_DATE='2024-09-17T00:00:00+00:00' AIRFLOW_CTX_TRY_NUMBER='1' AIRFLOW_CTX_DAG_RUN_ID='scheduled__2024-09-17T00:00:00+00:00'
[2024-09-18T21:30:44.839+0000] {taskinstance.py:731} INFO - ::endgroup::
[2024-09-18T21:30:44.854+0000] {baseoperator.py:405} WARNING - CreateContainerInDataLake.execute cannot be called outside TaskInstance!
[2024-09-18T21:30:44.855+0000] {subprocess.py:63} INFO - Tmp dir root location: /tmp
[2024-09-18T21:30:44.856+0000] {subprocess.py:75} INFO - Running command: ['/usr/bin/bash', '-c', 'mkdir -p /opt/***/datalake/rawzone/kabum=2024-09-18']
[2024-09-18T21:30:44.865+0000] {subprocess.py:86} INFO - Output:
[2024-09-18T21:30:44.869+0000] {subprocess.py:97} INFO - Command exited with return code 0
[2024-09-18T21:30:44.896+0000] {taskinstance.py:340} INFO - ::group::Post task execution logs
[2024-09-18T21:30:44.896+0000] {taskinstance.py:352} INFO - Marking task as SUCCESS. dag_id=SitesWebScraping, task_id=create_container_kabum, run_id=scheduled__2024-09-17T00:00:00+00:00, execution_date=20240917T000000, start_date=20240918T213044, end_date=20240918T213044
[2024-09-18T21:30:44.927+0000] {local_task_job_runner.py:266} INFO - Task exited with return code 0
[2024-09-18T21:30:44.952+0000] {taskinstance.py:3900} INFO - 1 downstream tasks scheduled from follow-on schedule check
[2024-09-18T21:30:44.956+0000] {local_task_job_runner.py:245} INFO - ::endgroup::
[2024-09-18T21:38:28.175+0000] {local_task_job_runner.py:123} INFO - ::group::Pre task execution logs
[2024-09-18T21:38:28.192+0000] {taskinstance.py:2612} INFO - Dependencies all met for dep_context=non-requeueable deps ti=<TaskInstance: SitesWebScraping.create_container_kabum scheduled__2024-09-17T00:00:00+00:00 [queued]>
[2024-09-18T21:38:28.200+0000] {taskinstance.py:2612} INFO - Dependencies all met for dep_context=requeueable deps ti=<TaskInstance: SitesWebScraping.create_container_kabum scheduled__2024-09-17T00:00:00+00:00 [queued]>
[2024-09-18T21:38:28.200+0000] {taskinstance.py:2865} INFO - Starting attempt 1 of 1
[2024-09-18T21:38:28.218+0000] {taskinstance.py:2888} INFO - Executing <Task(CreateContainerInDataLake): create_container_kabum> on 2024-09-17 00:00:00+00:00
[2024-09-18T21:38:28.223+0000] {warnings.py:112} WARNING - /home/***/.local/lib/python3.12/site-packages/***/task/task_runner/standard_task_runner.py:70: DeprecationWarning: This process (pid=78) is multi-threaded, use of fork() may lead to deadlocks in the child.
  pid = os.fork()

[2024-09-18T21:38:28.225+0000] {standard_task_runner.py:72} INFO - Started process 79 to run task
[2024-09-18T21:38:28.225+0000] {standard_task_runner.py:104} INFO - Running: ['***', 'tasks', 'run', 'SitesWebScraping', 'create_container_kabum', 'scheduled__2024-09-17T00:00:00+00:00', '--job-id', '382', '--raw', '--subdir', 'DAGS_FOLDER/DagWebScraping.py', '--cfg-path', '/tmp/tmprg3hc01h']
[2024-09-18T21:38:28.227+0000] {standard_task_runner.py:105} INFO - Job 382: Subtask create_container_kabum
[2024-09-18T21:38:28.272+0000] {task_command.py:467} INFO - Running <TaskInstance: SitesWebScraping.create_container_kabum scheduled__2024-09-17T00:00:00+00:00 [running]> on host 7c059e7e6b91
[2024-09-18T21:38:28.351+0000] {taskinstance.py:3131} INFO - Exporting env vars: AIRFLOW_CTX_DAG_OWNER='***' AIRFLOW_CTX_DAG_ID='SitesWebScraping' AIRFLOW_CTX_TASK_ID='create_container_kabum' AIRFLOW_CTX_EXECUTION_DATE='2024-09-17T00:00:00+00:00' AIRFLOW_CTX_TRY_NUMBER='1' AIRFLOW_CTX_DAG_RUN_ID='scheduled__2024-09-17T00:00:00+00:00'
[2024-09-18T21:38:28.352+0000] {taskinstance.py:731} INFO - ::endgroup::
[2024-09-18T21:38:28.366+0000] {baseoperator.py:405} WARNING - CreateContainerInDataLake.execute cannot be called outside TaskInstance!
[2024-09-18T21:38:28.367+0000] {subprocess.py:63} INFO - Tmp dir root location: /tmp
[2024-09-18T21:38:28.367+0000] {subprocess.py:75} INFO - Running command: ['/usr/bin/bash', '-c', 'mkdir -p /opt/***/datalake/rawzone/kabum=2024-09-18']
[2024-09-18T21:38:28.374+0000] {subprocess.py:86} INFO - Output:
[2024-09-18T21:38:28.379+0000] {subprocess.py:97} INFO - Command exited with return code 0
[2024-09-18T21:38:28.411+0000] {taskinstance.py:340} INFO - ::group::Post task execution logs
[2024-09-18T21:38:28.412+0000] {taskinstance.py:352} INFO - Marking task as SUCCESS. dag_id=SitesWebScraping, task_id=create_container_kabum, run_id=scheduled__2024-09-17T00:00:00+00:00, execution_date=20240917T000000, start_date=20240918T213828, end_date=20240918T213828
[2024-09-18T21:38:28.439+0000] {local_task_job_runner.py:266} INFO - Task exited with return code 0
[2024-09-18T21:38:28.463+0000] {taskinstance.py:3900} INFO - 1 downstream tasks scheduled from follow-on schedule check
[2024-09-18T21:38:28.468+0000] {local_task_job_runner.py:245} INFO - ::endgroup::
[2024-09-18T22:39:40.969+0000] {local_task_job_runner.py:123} INFO - ::group::Pre task execution logs
[2024-09-18T22:39:40.984+0000] {taskinstance.py:2612} INFO - Dependencies all met for dep_context=non-requeueable deps ti=<TaskInstance: SitesWebScraping.create_container_kabum scheduled__2024-09-17T00:00:00+00:00 [queued]>
[2024-09-18T22:39:40.993+0000] {taskinstance.py:2612} INFO - Dependencies all met for dep_context=requeueable deps ti=<TaskInstance: SitesWebScraping.create_container_kabum scheduled__2024-09-17T00:00:00+00:00 [queued]>
[2024-09-18T22:39:40.993+0000] {taskinstance.py:2865} INFO - Starting attempt 1 of 1
[2024-09-18T22:39:41.007+0000] {taskinstance.py:2888} INFO - Executing <Task(CreateContainerInDataLake): create_container_kabum> on 2024-09-17 00:00:00+00:00
[2024-09-18T22:39:41.013+0000] {warnings.py:112} WARNING - /home/***/.local/lib/python3.12/site-packages/***/task/task_runner/standard_task_runner.py:70: DeprecationWarning: This process (pid=85) is multi-threaded, use of fork() may lead to deadlocks in the child.
  pid = os.fork()

[2024-09-18T22:39:41.015+0000] {standard_task_runner.py:72} INFO - Started process 86 to run task
[2024-09-18T22:39:41.015+0000] {standard_task_runner.py:104} INFO - Running: ['***', 'tasks', 'run', 'SitesWebScraping', 'create_container_kabum', 'scheduled__2024-09-17T00:00:00+00:00', '--job-id', '395', '--raw', '--subdir', 'DAGS_FOLDER/DagWebScraping.py', '--cfg-path', '/tmp/tmp4scgzj82']
[2024-09-18T22:39:41.017+0000] {standard_task_runner.py:105} INFO - Job 395: Subtask create_container_kabum
[2024-09-18T22:39:41.062+0000] {task_command.py:467} INFO - Running <TaskInstance: SitesWebScraping.create_container_kabum scheduled__2024-09-17T00:00:00+00:00 [running]> on host 7c059e7e6b91
[2024-09-18T22:39:41.137+0000] {taskinstance.py:3131} INFO - Exporting env vars: AIRFLOW_CTX_DAG_OWNER='***' AIRFLOW_CTX_DAG_ID='SitesWebScraping' AIRFLOW_CTX_TASK_ID='create_container_kabum' AIRFLOW_CTX_EXECUTION_DATE='2024-09-17T00:00:00+00:00' AIRFLOW_CTX_TRY_NUMBER='1' AIRFLOW_CTX_DAG_RUN_ID='scheduled__2024-09-17T00:00:00+00:00'
[2024-09-18T22:39:41.138+0000] {taskinstance.py:731} INFO - ::endgroup::
[2024-09-18T22:39:41.158+0000] {baseoperator.py:405} WARNING - CreateContainerInDataLake.execute cannot be called outside TaskInstance!
[2024-09-18T22:39:41.159+0000] {subprocess.py:63} INFO - Tmp dir root location: /tmp
[2024-09-18T22:39:41.160+0000] {subprocess.py:75} INFO - Running command: ['/usr/bin/bash', '-c', 'mkdir -p /opt/***/datalake/rawzone/kabum=2024-09-18']
[2024-09-18T22:39:41.169+0000] {subprocess.py:86} INFO - Output:
[2024-09-18T22:39:41.175+0000] {subprocess.py:97} INFO - Command exited with return code 0
[2024-09-18T22:39:41.199+0000] {taskinstance.py:340} INFO - ::group::Post task execution logs
[2024-09-18T22:39:41.199+0000] {taskinstance.py:352} INFO - Marking task as SUCCESS. dag_id=SitesWebScraping, task_id=create_container_kabum, run_id=scheduled__2024-09-17T00:00:00+00:00, execution_date=20240917T000000, start_date=20240918T223940, end_date=20240918T223941
[2024-09-18T22:39:41.229+0000] {local_task_job_runner.py:266} INFO - Task exited with return code 0
[2024-09-18T22:39:41.258+0000] {taskinstance.py:3900} INFO - 1 downstream tasks scheduled from follow-on schedule check
[2024-09-18T22:39:41.263+0000] {local_task_job_runner.py:245} INFO - ::endgroup::
