[2024-11-02T02:14:13.374+0000] {local_task_job_runner.py:123} INFO - ::group::Pre task execution logs
[2024-11-02T02:14:13.387+0000] {taskinstance.py:2612} INFO - Dependencies all met for dep_context=non-requeueable deps ti=<TaskInstance: LoadWebScraping.insert manual__2024-11-02T02:14:09.787114+00:00 [queued]>
[2024-11-02T02:14:13.395+0000] {taskinstance.py:2612} INFO - Dependencies all met for dep_context=requeueable deps ti=<TaskInstance: LoadWebScraping.insert manual__2024-11-02T02:14:09.787114+00:00 [queued]>
[2024-11-02T02:14:13.395+0000] {taskinstance.py:2865} INFO - Starting attempt 1 of 1
[2024-11-02T02:14:13.409+0000] {taskinstance.py:2888} INFO - Executing <Task(SparkSubmitOperator): insert> on 2024-11-02 02:14:09.787114+00:00
[2024-11-02T02:14:13.415+0000] {warnings.py:112} WARNING - /home/***/.local/lib/python3.12/site-packages/***/task/task_runner/standard_task_runner.py:70: DeprecationWarning: This process (pid=4401) is multi-threaded, use of fork() may lead to deadlocks in the child.
  pid = os.fork()

[2024-11-02T02:14:13.416+0000] {standard_task_runner.py:72} INFO - Started process 4403 to run task
[2024-11-02T02:14:13.416+0000] {standard_task_runner.py:104} INFO - Running: ['***', 'tasks', 'run', 'LoadWebScraping', 'insert', 'manual__2024-11-02T02:14:09.787114+00:00', '--job-id', '142', '--raw', '--subdir', 'DAGS_FOLDER/LoadWebScraping.py', '--cfg-path', '/tmp/tmpwmhhzeh0']
[2024-11-02T02:14:13.419+0000] {standard_task_runner.py:105} INFO - Job 142: Subtask insert
[2024-11-02T02:14:13.460+0000] {task_command.py:467} INFO - Running <TaskInstance: LoadWebScraping.insert manual__2024-11-02T02:14:09.787114+00:00 [running]> on host c9f99735a600
[2024-11-02T02:14:13.538+0000] {taskinstance.py:3131} INFO - Exporting env vars: AIRFLOW_CTX_DAG_OWNER='***' AIRFLOW_CTX_DAG_ID='LoadWebScraping' AIRFLOW_CTX_TASK_ID='insert' AIRFLOW_CTX_EXECUTION_DATE='2024-11-02T02:14:09.787114+00:00' AIRFLOW_CTX_TRY_NUMBER='1' AIRFLOW_CTX_DAG_RUN_ID='manual__2024-11-02T02:14:09.787114+00:00'
[2024-11-02T02:14:13.539+0000] {taskinstance.py:731} INFO - ::endgroup::
[2024-11-02T02:14:13.558+0000] {base.py:84} INFO - Retrieving connection 'spark_default'
[2024-11-02T02:14:13.559+0000] {spark_submit.py:327} ERROR - Failed to decode base64 keytab: Incorrect padding
[2024-11-02T02:14:13.560+0000] {spark_submit.py:304} INFO - Could not load connection string spark_default, defaulting to spark://spark:7077
[2024-11-02T02:14:13.562+0000] {spark_submit.py:473} INFO - Spark-Submit cmd: spark-submit --master spark://spark:7077 --driver-class-path /opt/***/jars/postgresql-42.5.0.jar --jars /opt/***/jars/postgresql-42.5.0.jar --packages org.postgresql:postgresql:42.5.0 --name arrow-spark --deploy-mode client /opt/bitnami/spark/src/scripts_spark/LoadFileToDB.py
[2024-11-02T02:14:14.851+0000] {spark_submit.py:634} INFO - :: loading settings :: url = jar:file:/home/***/.local/lib/python3.12/site-packages/pyspark/jars/ivy-2.5.1.jar!/org/apache/ivy/core/settings/ivysettings.xml
[2024-11-02T02:14:14.904+0000] {spark_submit.py:634} INFO - Ivy Default Cache set to: /home/***/.ivy2/cache
[2024-11-02T02:14:14.905+0000] {spark_submit.py:634} INFO - The jars for the packages stored in: /home/***/.ivy2/jars
[2024-11-02T02:14:14.915+0000] {spark_submit.py:634} INFO - org.postgresql#postgresql added as a dependency
[2024-11-02T02:14:14.916+0000] {spark_submit.py:634} INFO - :: resolving dependencies :: org.apache.spark#spark-submit-parent-836ff7c9-33f7-4f2c-b635-a6c4cd0dfbd8;1.0
[2024-11-02T02:14:14.917+0000] {spark_submit.py:634} INFO - confs: [default]
[2024-11-02T02:14:15.000+0000] {spark_submit.py:634} INFO - found org.postgresql#postgresql;42.5.0 in central
[2024-11-02T02:14:15.017+0000] {spark_submit.py:634} INFO - found org.checkerframework#checker-qual;3.5.0 in central
[2024-11-02T02:14:15.029+0000] {spark_submit.py:634} INFO - :: resolution report :: resolve 109ms :: artifacts dl 4ms
[2024-11-02T02:14:15.037+0000] {spark_submit.py:634} INFO - :: modules in use:
[2024-11-02T02:14:15.037+0000] {spark_submit.py:634} INFO - org.checkerframework#checker-qual;3.5.0 from central in [default]
[2024-11-02T02:14:15.038+0000] {spark_submit.py:634} INFO - org.postgresql#postgresql;42.5.0 from central in [default]
[2024-11-02T02:14:15.039+0000] {spark_submit.py:634} INFO - ---------------------------------------------------------------------
[2024-11-02T02:14:15.039+0000] {spark_submit.py:634} INFO - |                  |            modules            ||   artifacts   |
[2024-11-02T02:14:15.040+0000] {spark_submit.py:634} INFO - |       conf       | number| search|dwnlded|evicted|| number|dwnlded|
[2024-11-02T02:14:15.040+0000] {spark_submit.py:634} INFO - ---------------------------------------------------------------------
[2024-11-02T02:14:15.041+0000] {spark_submit.py:634} INFO - |      default     |   2   |   0   |   0   |   0   ||   2   |   0   |
[2024-11-02T02:14:15.041+0000] {spark_submit.py:634} INFO - ---------------------------------------------------------------------
[2024-11-02T02:14:15.042+0000] {spark_submit.py:634} INFO - :: retrieving :: org.apache.spark#spark-submit-parent-836ff7c9-33f7-4f2c-b635-a6c4cd0dfbd8
[2024-11-02T02:14:15.042+0000] {spark_submit.py:634} INFO - confs: [default]
[2024-11-02T02:14:15.043+0000] {spark_submit.py:634} INFO - 0 artifacts copied, 2 already retrieved (0kB/4ms)
[2024-11-02T02:14:15.180+0000] {spark_submit.py:634} INFO - 24/11/02 02:14:15 WARN NativeCodeLoader: Unable to load native-hadoop library for your platform... using builtin-java classes where applicable
[2024-11-02T02:14:15.315+0000] {spark_submit.py:634} INFO - 24/11/02 02:14:15 WARN DependencyUtils: Local jar /opt/***/jars/postgresql-42.5.0.jar does not exist, skipping.
[2024-11-02T02:14:18.008+0000] {spark_submit.py:634} INFO - 24/11/02 02:14:18 INFO SparkContext: Running Spark version 3.5.2
[2024-11-02T02:14:18.008+0000] {spark_submit.py:634} INFO - 24/11/02 02:14:18 INFO SparkContext: OS info Linux, 5.15.153.1-microsoft-standard-WSL2, amd64
[2024-11-02T02:14:18.009+0000] {spark_submit.py:634} INFO - 24/11/02 02:14:18 INFO SparkContext: Java version 17.0.13
[2024-11-02T02:14:18.028+0000] {spark_submit.py:634} INFO - 24/11/02 02:14:18 INFO ResourceUtils: ==============================================================
[2024-11-02T02:14:18.029+0000] {spark_submit.py:634} INFO - 24/11/02 02:14:18 INFO ResourceUtils: No custom resources configured for spark.driver.
[2024-11-02T02:14:18.029+0000] {spark_submit.py:634} INFO - 24/11/02 02:14:18 INFO ResourceUtils: ==============================================================
[2024-11-02T02:14:18.030+0000] {spark_submit.py:634} INFO - 24/11/02 02:14:18 INFO SparkContext: Submitted application: Insert_data
[2024-11-02T02:14:18.048+0000] {spark_submit.py:634} INFO - 24/11/02 02:14:18 INFO ResourceProfile: Default ResourceProfile created, executor resources: Map(cores -> name: cores, amount: 1, script: , vendor: , memory -> name: memory, amount: 1024, script: , vendor: , offHeap -> name: offHeap, amount: 0, script: , vendor: ), task resources: Map(cpus -> name: cpus, amount: 1.0)
[2024-11-02T02:14:18.056+0000] {spark_submit.py:634} INFO - 24/11/02 02:14:18 INFO ResourceProfile: Limiting resource is cpu
[2024-11-02T02:14:18.056+0000] {spark_submit.py:634} INFO - 24/11/02 02:14:18 INFO ResourceProfileManager: Added ResourceProfile id: 0
[2024-11-02T02:14:18.100+0000] {spark_submit.py:634} INFO - 24/11/02 02:14:18 INFO SecurityManager: Changing view acls to: ***
[2024-11-02T02:14:18.100+0000] {spark_submit.py:634} INFO - 24/11/02 02:14:18 INFO SecurityManager: Changing modify acls to: ***
[2024-11-02T02:14:18.101+0000] {spark_submit.py:634} INFO - 24/11/02 02:14:18 INFO SecurityManager: Changing view acls groups to:
[2024-11-02T02:14:18.101+0000] {spark_submit.py:634} INFO - 24/11/02 02:14:18 INFO SecurityManager: Changing modify acls groups to:
[2024-11-02T02:14:18.102+0000] {spark_submit.py:634} INFO - 24/11/02 02:14:18 INFO SecurityManager: SecurityManager: authentication disabled; ui acls disabled; users with view permissions: ***; groups with view permissions: EMPTY; users with modify permissions: ***; groups with modify permissions: EMPTY
[2024-11-02T02:14:18.268+0000] {spark_submit.py:634} INFO - 24/11/02 02:14:18 INFO Utils: Successfully started service 'sparkDriver' on port 38095.
[2024-11-02T02:14:18.301+0000] {spark_submit.py:634} INFO - 24/11/02 02:14:18 INFO SparkEnv: Registering MapOutputTracker
[2024-11-02T02:14:18.331+0000] {spark_submit.py:634} INFO - 24/11/02 02:14:18 INFO SparkEnv: Registering BlockManagerMaster
[2024-11-02T02:14:18.354+0000] {spark_submit.py:634} INFO - 24/11/02 02:14:18 INFO BlockManagerMasterEndpoint: Using org.apache.spark.storage.DefaultTopologyMapper for getting topology information
[2024-11-02T02:14:18.355+0000] {spark_submit.py:634} INFO - 24/11/02 02:14:18 INFO BlockManagerMasterEndpoint: BlockManagerMasterEndpoint up
[2024-11-02T02:14:18.360+0000] {spark_submit.py:634} INFO - 24/11/02 02:14:18 INFO SparkEnv: Registering BlockManagerMasterHeartbeat
[2024-11-02T02:14:18.381+0000] {spark_submit.py:634} INFO - 24/11/02 02:14:18 INFO DiskBlockManager: Created local directory at /tmp/blockmgr-b0f6db47-d11c-49b3-8c8a-9439cf7b551e
[2024-11-02T02:14:18.395+0000] {spark_submit.py:634} INFO - 24/11/02 02:14:18 INFO MemoryStore: MemoryStore started with capacity 434.4 MiB
[2024-11-02T02:14:18.411+0000] {spark_submit.py:634} INFO - 24/11/02 02:14:18 INFO SparkEnv: Registering OutputCommitCoordinator
[2024-11-02T02:14:18.534+0000] {spark_submit.py:634} INFO - 24/11/02 02:14:18 INFO JettyUtils: Start Jetty 0.0.0.0:4040 for SparkUI
[2024-11-02T02:14:18.613+0000] {spark_submit.py:634} INFO - 24/11/02 02:14:18 INFO Utils: Successfully started service 'SparkUI' on port 4040.
[2024-11-02T02:14:18.654+0000] {spark_submit.py:634} INFO - 24/11/02 02:14:18 ERROR SparkContext: Failed to add /opt/bitnami/spark/jars/postgresql-42.5.0.jar to Spark environment
[2024-11-02T02:14:18.654+0000] {spark_submit.py:634} INFO - java.io.FileNotFoundException: Jar /opt/bitnami/spark/jars/postgresql-42.5.0.jar not found
[2024-11-02T02:14:18.655+0000] {spark_submit.py:634} INFO - at org.apache.spark.SparkContext.addLocalJarFile$1(SparkContext.scala:2095)
[2024-11-02T02:14:18.655+0000] {spark_submit.py:634} INFO - at org.apache.spark.SparkContext.addJar(SparkContext.scala:2151)
[2024-11-02T02:14:18.656+0000] {spark_submit.py:634} INFO - at org.apache.spark.SparkContext.$anonfun$new$15(SparkContext.scala:521)
[2024-11-02T02:14:18.656+0000] {spark_submit.py:634} INFO - at org.apache.spark.SparkContext.$anonfun$new$15$adapted(SparkContext.scala:521)
[2024-11-02T02:14:18.657+0000] {spark_submit.py:634} INFO - at scala.collection.mutable.ResizableArray.foreach(ResizableArray.scala:62)
[2024-11-02T02:14:18.657+0000] {spark_submit.py:634} INFO - at scala.collection.mutable.ResizableArray.foreach$(ResizableArray.scala:55)
[2024-11-02T02:14:18.658+0000] {spark_submit.py:634} INFO - at scala.collection.mutable.ArrayBuffer.foreach(ArrayBuffer.scala:49)
[2024-11-02T02:14:18.660+0000] {spark_submit.py:634} INFO - at org.apache.spark.SparkContext.<init>(SparkContext.scala:521)
[2024-11-02T02:14:18.660+0000] {spark_submit.py:634} INFO - at org.apache.spark.api.java.JavaSparkContext.<init>(JavaSparkContext.scala:58)
[2024-11-02T02:14:18.661+0000] {spark_submit.py:634} INFO - at java.base/jdk.internal.reflect.NativeConstructorAccessorImpl.newInstance0(Native Method)
[2024-11-02T02:14:18.662+0000] {spark_submit.py:634} INFO - at java.base/jdk.internal.reflect.NativeConstructorAccessorImpl.newInstance(NativeConstructorAccessorImpl.java:77)
[2024-11-02T02:14:18.662+0000] {spark_submit.py:634} INFO - at java.base/jdk.internal.reflect.DelegatingConstructorAccessorImpl.newInstance(DelegatingConstructorAccessorImpl.java:45)
[2024-11-02T02:14:18.663+0000] {spark_submit.py:634} INFO - at java.base/java.lang.reflect.Constructor.newInstanceWithCaller(Constructor.java:500)
[2024-11-02T02:14:18.663+0000] {spark_submit.py:634} INFO - at java.base/java.lang.reflect.Constructor.newInstance(Constructor.java:481)
[2024-11-02T02:14:18.664+0000] {spark_submit.py:634} INFO - at py4j.reflection.MethodInvoker.invoke(MethodInvoker.java:247)
[2024-11-02T02:14:18.664+0000] {spark_submit.py:634} INFO - at py4j.reflection.ReflectionEngine.invoke(ReflectionEngine.java:374)
[2024-11-02T02:14:18.664+0000] {spark_submit.py:634} INFO - at py4j.Gateway.invoke(Gateway.java:238)
[2024-11-02T02:14:18.665+0000] {spark_submit.py:634} INFO - at py4j.commands.ConstructorCommand.invokeConstructor(ConstructorCommand.java:80)
[2024-11-02T02:14:18.665+0000] {spark_submit.py:634} INFO - at py4j.commands.ConstructorCommand.execute(ConstructorCommand.java:69)
[2024-11-02T02:14:18.666+0000] {spark_submit.py:634} INFO - at py4j.ClientServerConnection.waitForCommands(ClientServerConnection.java:182)
[2024-11-02T02:14:18.666+0000] {spark_submit.py:634} INFO - at py4j.ClientServerConnection.run(ClientServerConnection.java:106)
[2024-11-02T02:14:18.666+0000] {spark_submit.py:634} INFO - at java.base/java.lang.Thread.run(Thread.java:840)
[2024-11-02T02:14:18.667+0000] {spark_submit.py:634} INFO - 24/11/02 02:14:18 INFO SparkContext: Added file file:///home/***/.ivy2/jars/org.postgresql_postgresql-42.5.0.jar at file:///home/***/.ivy2/jars/org.postgresql_postgresql-42.5.0.jar with timestamp 1730513658003
[2024-11-02T02:14:18.667+0000] {spark_submit.py:634} INFO - 24/11/02 02:14:18 INFO Utils: Copying /home/***/.ivy2/jars/org.postgresql_postgresql-42.5.0.jar to /tmp/spark-d693a899-7fbd-4593-93aa-fc7cd7e0007b/userFiles-4023fa83-e807-48ee-bffc-16aac1448c2a/org.postgresql_postgresql-42.5.0.jar
[2024-11-02T02:14:18.671+0000] {spark_submit.py:634} INFO - 24/11/02 02:14:18 INFO SparkContext: Added file file:///home/***/.ivy2/jars/org.checkerframework_checker-qual-3.5.0.jar at file:///home/***/.ivy2/jars/org.checkerframework_checker-qual-3.5.0.jar with timestamp 1730513658003
[2024-11-02T02:14:18.672+0000] {spark_submit.py:634} INFO - 24/11/02 02:14:18 INFO Utils: Copying /home/***/.ivy2/jars/org.checkerframework_checker-qual-3.5.0.jar to /tmp/spark-d693a899-7fbd-4593-93aa-fc7cd7e0007b/userFiles-4023fa83-e807-48ee-bffc-16aac1448c2a/org.checkerframework_checker-qual-3.5.0.jar
[2024-11-02T02:14:18.741+0000] {spark_submit.py:634} INFO - 24/11/02 02:14:18 INFO Executor: Starting executor ID driver on host c9f99735a600
[2024-11-02T02:14:18.742+0000] {spark_submit.py:634} INFO - 24/11/02 02:14:18 INFO Executor: OS info Linux, 5.15.153.1-microsoft-standard-WSL2, amd64
[2024-11-02T02:14:18.743+0000] {spark_submit.py:634} INFO - 24/11/02 02:14:18 INFO Executor: Java version 17.0.13
[2024-11-02T02:14:18.752+0000] {spark_submit.py:634} INFO - 24/11/02 02:14:18 INFO Executor: Starting executor with user classpath (userClassPathFirst = false): ''
[2024-11-02T02:14:18.753+0000] {spark_submit.py:634} INFO - 24/11/02 02:14:18 INFO Executor: Created or updated repl class loader org.apache.spark.util.MutableURLClassLoader@57665673 for default.
[2024-11-02T02:14:18.764+0000] {spark_submit.py:634} INFO - 24/11/02 02:14:18 INFO Executor: Fetching file:///home/***/.ivy2/jars/org.checkerframework_checker-qual-3.5.0.jar with timestamp 1730513658003
[2024-11-02T02:14:18.783+0000] {spark_submit.py:634} INFO - 24/11/02 02:14:18 INFO Utils: /home/***/.ivy2/jars/org.checkerframework_checker-qual-3.5.0.jar has been previously copied to /tmp/spark-d693a899-7fbd-4593-93aa-fc7cd7e0007b/userFiles-4023fa83-e807-48ee-bffc-16aac1448c2a/org.checkerframework_checker-qual-3.5.0.jar
[2024-11-02T02:14:18.787+0000] {spark_submit.py:634} INFO - 24/11/02 02:14:18 INFO Executor: Fetching file:///home/***/.ivy2/jars/org.postgresql_postgresql-42.5.0.jar with timestamp 1730513658003
[2024-11-02T02:14:18.793+0000] {spark_submit.py:634} INFO - 24/11/02 02:14:18 INFO Utils: /home/***/.ivy2/jars/org.postgresql_postgresql-42.5.0.jar has been previously copied to /tmp/spark-d693a899-7fbd-4593-93aa-fc7cd7e0007b/userFiles-4023fa83-e807-48ee-bffc-16aac1448c2a/org.postgresql_postgresql-42.5.0.jar
[2024-11-02T02:14:18.810+0000] {spark_submit.py:634} INFO - 24/11/02 02:14:18 INFO Utils: Successfully started service 'org.apache.spark.network.netty.NettyBlockTransferService' on port 42709.
[2024-11-02T02:14:18.813+0000] {spark_submit.py:634} INFO - 24/11/02 02:14:18 INFO NettyBlockTransferService: Server created on c9f99735a600:42709
[2024-11-02T02:14:18.814+0000] {spark_submit.py:634} INFO - 24/11/02 02:14:18 INFO BlockManager: Using org.apache.spark.storage.RandomBlockReplicationPolicy for block replication policy
[2024-11-02T02:14:18.827+0000] {spark_submit.py:634} INFO - 24/11/02 02:14:18 INFO BlockManagerMaster: Registering BlockManager BlockManagerId(driver, c9f99735a600, 42709, None)
[2024-11-02T02:14:18.828+0000] {spark_submit.py:634} INFO - 24/11/02 02:14:18 INFO BlockManagerMasterEndpoint: Registering block manager c9f99735a600:42709 with 434.4 MiB RAM, BlockManagerId(driver, c9f99735a600, 42709, None)
[2024-11-02T02:14:18.829+0000] {spark_submit.py:634} INFO - 24/11/02 02:14:18 INFO BlockManagerMaster: Registered BlockManager BlockManagerId(driver, c9f99735a600, 42709, None)
[2024-11-02T02:14:18.829+0000] {spark_submit.py:634} INFO - 24/11/02 02:14:18 INFO BlockManager: Initialized BlockManager: BlockManagerId(driver, c9f99735a600, 42709, None)
[2024-11-02T02:14:19.761+0000] {spark_submit.py:634} INFO - [2024-11-02T02:14:19.760+0000] {base.py:84} INFO - Retrieving connection 's3_connect'
[2024-11-02T02:14:19.762+0000] {spark_submit.py:634} INFO - [2024-11-02T02:14:19.761+0000] {connection_wrapper.py:388} INFO - AWS Connection (conn_id='s3_connect', conn_type='aws') credentials retrieved from login and password.
[2024-11-02T02:14:24.099+0000] {spark_submit.py:634} INFO - 24/11/02 02:14:24 INFO SharedState: Setting hive.metastore.warehouse.dir ('null') to the value of spark.sql.warehouse.dir.
[2024-11-02T02:14:24.101+0000] {spark_submit.py:634} INFO - 24/11/02 02:14:24 INFO SharedState: Warehouse path is 'file:/opt/***/spark-warehouse'.
[2024-11-02T02:14:24.724+0000] {spark_submit.py:634} INFO - 24/11/02 02:14:24 INFO InMemoryFileIndex: It took 60 ms to list leaf files for 1 paths.
[2024-11-02T02:14:25.030+0000] {spark_submit.py:634} INFO - 24/11/02 02:14:25 INFO SparkContext: Starting job: parquet at NativeMethodAccessorImpl.java:0
[2024-11-02T02:14:25.042+0000] {spark_submit.py:634} INFO - 24/11/02 02:14:25 INFO DAGScheduler: Got job 0 (parquet at NativeMethodAccessorImpl.java:0) with 1 output partitions
[2024-11-02T02:14:25.042+0000] {spark_submit.py:634} INFO - 24/11/02 02:14:25 INFO DAGScheduler: Final stage: ResultStage 0 (parquet at NativeMethodAccessorImpl.java:0)
[2024-11-02T02:14:25.043+0000] {spark_submit.py:634} INFO - 24/11/02 02:14:25 INFO DAGScheduler: Parents of final stage: List()
[2024-11-02T02:14:25.044+0000] {spark_submit.py:634} INFO - 24/11/02 02:14:25 INFO DAGScheduler: Missing parents: List()
[2024-11-02T02:14:25.046+0000] {spark_submit.py:634} INFO - 24/11/02 02:14:25 INFO DAGScheduler: Submitting ResultStage 0 (MapPartitionsRDD[1] at parquet at NativeMethodAccessorImpl.java:0), which has no missing parents
[2024-11-02T02:14:25.095+0000] {spark_submit.py:634} INFO - 24/11/02 02:14:25 INFO MemoryStore: Block broadcast_0 stored as values in memory (estimated size 104.2 KiB, free 434.3 MiB)
[2024-11-02T02:14:25.118+0000] {spark_submit.py:634} INFO - 24/11/02 02:14:25 INFO MemoryStore: Block broadcast_0_piece0 stored as bytes in memory (estimated size 37.6 KiB, free 434.3 MiB)
[2024-11-02T02:14:25.121+0000] {spark_submit.py:634} INFO - 24/11/02 02:14:25 INFO BlockManagerInfo: Added broadcast_0_piece0 in memory on c9f99735a600:42709 (size: 37.6 KiB, free: 434.4 MiB)
[2024-11-02T02:14:25.124+0000] {spark_submit.py:634} INFO - 24/11/02 02:14:25 INFO SparkContext: Created broadcast 0 from broadcast at DAGScheduler.scala:1585
[2024-11-02T02:14:25.139+0000] {spark_submit.py:634} INFO - 24/11/02 02:14:25 INFO DAGScheduler: Submitting 1 missing tasks from ResultStage 0 (MapPartitionsRDD[1] at parquet at NativeMethodAccessorImpl.java:0) (first 15 tasks are for partitions Vector(0))
[2024-11-02T02:14:25.140+0000] {spark_submit.py:634} INFO - 24/11/02 02:14:25 INFO TaskSchedulerImpl: Adding task set 0.0 with 1 tasks resource profile 0
[2024-11-02T02:14:25.178+0000] {spark_submit.py:634} INFO - 24/11/02 02:14:25 INFO TaskSetManager: Starting task 0.0 in stage 0.0 (TID 0) (c9f99735a600, executor driver, partition 0, PROCESS_LOCAL, 9509 bytes)
[2024-11-02T02:14:25.187+0000] {spark_submit.py:634} INFO - 24/11/02 02:14:25 INFO Executor: Running task 0.0 in stage 0.0 (TID 0)
[2024-11-02T02:14:25.470+0000] {spark_submit.py:634} INFO - 24/11/02 02:14:25 INFO Executor: Finished task 0.0 in stage 0.0 (TID 0). 1791 bytes result sent to driver
[2024-11-02T02:14:25.478+0000] {spark_submit.py:634} INFO - 24/11/02 02:14:25 INFO TaskSetManager: Finished task 0.0 in stage 0.0 (TID 0) in 316 ms on c9f99735a600 (executor driver) (1/1)
[2024-11-02T02:14:25.479+0000] {spark_submit.py:634} INFO - 24/11/02 02:14:25 INFO TaskSchedulerImpl: Removed TaskSet 0.0, whose tasks have all completed, from pool
[2024-11-02T02:14:25.483+0000] {spark_submit.py:634} INFO - 24/11/02 02:14:25 INFO DAGScheduler: ResultStage 0 (parquet at NativeMethodAccessorImpl.java:0) finished in 0.427 s
[2024-11-02T02:14:25.486+0000] {spark_submit.py:634} INFO - 24/11/02 02:14:25 INFO DAGScheduler: Job 0 is finished. Cancelling potential speculative or zombie tasks for this job
[2024-11-02T02:14:25.486+0000] {spark_submit.py:634} INFO - 24/11/02 02:14:25 INFO TaskSchedulerImpl: Killing all running tasks in stage 0: Stage finished
[2024-11-02T02:14:25.488+0000] {spark_submit.py:634} INFO - 24/11/02 02:14:25 INFO DAGScheduler: Job 0 finished: parquet at NativeMethodAccessorImpl.java:0, took 0.456908 s
[2024-11-02T02:14:25.819+0000] {spark_submit.py:634} INFO - 24/11/02 02:14:25 INFO BlockManagerInfo: Removed broadcast_0_piece0 on c9f99735a600:42709 in memory (size: 37.6 KiB, free: 434.4 MiB)
[2024-11-02T02:14:26.393+0000] {spark_submit.py:634} INFO - 24/11/02 02:14:26 INFO FileSourceStrategy: Pushed Filters:
[2024-11-02T02:14:26.394+0000] {spark_submit.py:634} INFO - 24/11/02 02:14:26 INFO FileSourceStrategy: Post-Scan Filters:
[2024-11-02T02:14:26.656+0000] {spark_submit.py:634} INFO - 24/11/02 02:14:26 INFO CodeGenerator: Code generated in 186.476315 ms
[2024-11-02T02:14:26.674+0000] {spark_submit.py:634} INFO - 24/11/02 02:14:26 INFO MemoryStore: Block broadcast_1 stored as values in memory (estimated size 202.2 KiB, free 434.2 MiB)
[2024-11-02T02:14:26.687+0000] {spark_submit.py:634} INFO - 24/11/02 02:14:26 INFO MemoryStore: Block broadcast_1_piece0 stored as bytes in memory (estimated size 35.2 KiB, free 434.2 MiB)
[2024-11-02T02:14:26.687+0000] {spark_submit.py:634} INFO - 24/11/02 02:14:26 INFO BlockManagerInfo: Added broadcast_1_piece0 in memory on c9f99735a600:42709 (size: 35.2 KiB, free: 434.4 MiB)
[2024-11-02T02:14:26.688+0000] {spark_submit.py:634} INFO - 24/11/02 02:14:26 INFO SparkContext: Created broadcast 1 from jdbc at NativeMethodAccessorImpl.java:0
[2024-11-02T02:14:26.703+0000] {spark_submit.py:634} INFO - 24/11/02 02:14:26 INFO FileSourceScanExec: Planning scan with bin packing, max size: 4195044 bytes, open cost is considered as scanning 4194304 bytes.
[2024-11-02T02:14:26.767+0000] {spark_submit.py:634} INFO - 24/11/02 02:14:26 INFO SparkContext: Starting job: jdbc at NativeMethodAccessorImpl.java:0
[2024-11-02T02:14:26.769+0000] {spark_submit.py:634} INFO - 24/11/02 02:14:26 INFO DAGScheduler: Got job 1 (jdbc at NativeMethodAccessorImpl.java:0) with 1 output partitions
[2024-11-02T02:14:26.769+0000] {spark_submit.py:634} INFO - 24/11/02 02:14:26 INFO DAGScheduler: Final stage: ResultStage 1 (jdbc at NativeMethodAccessorImpl.java:0)
[2024-11-02T02:14:26.770+0000] {spark_submit.py:634} INFO - 24/11/02 02:14:26 INFO DAGScheduler: Parents of final stage: List()
[2024-11-02T02:14:26.770+0000] {spark_submit.py:634} INFO - 24/11/02 02:14:26 INFO DAGScheduler: Missing parents: List()
[2024-11-02T02:14:26.771+0000] {spark_submit.py:634} INFO - 24/11/02 02:14:26 INFO DAGScheduler: Submitting ResultStage 1 (MapPartitionsRDD[7] at jdbc at NativeMethodAccessorImpl.java:0), which has no missing parents
[2024-11-02T02:14:26.801+0000] {spark_submit.py:634} INFO - 24/11/02 02:14:26 INFO MemoryStore: Block broadcast_2 stored as values in memory (estimated size 31.9 KiB, free 434.1 MiB)
[2024-11-02T02:14:26.807+0000] {spark_submit.py:634} INFO - 24/11/02 02:14:26 INFO MemoryStore: Block broadcast_2_piece0 stored as bytes in memory (estimated size 14.3 KiB, free 434.1 MiB)
[2024-11-02T02:14:26.808+0000] {spark_submit.py:634} INFO - 24/11/02 02:14:26 INFO BlockManagerInfo: Added broadcast_2_piece0 in memory on c9f99735a600:42709 (size: 14.3 KiB, free: 434.4 MiB)
[2024-11-02T02:14:26.809+0000] {spark_submit.py:634} INFO - 24/11/02 02:14:26 INFO SparkContext: Created broadcast 2 from broadcast at DAGScheduler.scala:1585
[2024-11-02T02:14:26.809+0000] {spark_submit.py:634} INFO - 24/11/02 02:14:26 INFO DAGScheduler: Submitting 1 missing tasks from ResultStage 1 (MapPartitionsRDD[7] at jdbc at NativeMethodAccessorImpl.java:0) (first 15 tasks are for partitions Vector(0))
[2024-11-02T02:14:26.810+0000] {spark_submit.py:634} INFO - 24/11/02 02:14:26 INFO TaskSchedulerImpl: Adding task set 1.0 with 1 tasks resource profile 0
[2024-11-02T02:14:26.813+0000] {spark_submit.py:634} INFO - 24/11/02 02:14:26 INFO TaskSetManager: Starting task 0.0 in stage 1.0 (TID 1) (c9f99735a600, executor driver, partition 0, PROCESS_LOCAL, 10016 bytes)
[2024-11-02T02:14:26.814+0000] {spark_submit.py:634} INFO - 24/11/02 02:14:26 INFO Executor: Running task 0.0 in stage 1.0 (TID 1)
[2024-11-02T02:14:26.869+0000] {spark_submit.py:634} INFO - 24/11/02 02:14:26 INFO CodeGenerator: Code generated in 10.732997 ms
[2024-11-02T02:14:27.592+0000] {spark_submit.py:634} INFO - 24/11/02 02:14:27 INFO CodeGenerator: Code generated in 11.954277 ms
[2024-11-02T02:14:27.595+0000] {spark_submit.py:634} INFO - 24/11/02 02:14:27 INFO FileScanRDD: Reading File path: file:///opt/***/datalake/silverzone/kabum_2024-10-08/dim_site.parquet/part-00000-e2e21c6f-e086-45e0-ad06-06c77ff2f016-c000.snappy.parquet, range: 0-740, partition values: [empty row]
[2024-11-02T02:14:27.740+0000] {spark_submit.py:634} INFO - 24/11/02 02:14:27 INFO CodecPool: Got brand-new decompressor [.snappy]
[2024-11-02T02:14:27.897+0000] {spark_submit.py:634} INFO - 24/11/02 02:14:27 INFO Executor: Finished task 0.0 in stage 1.0 (TID 1). 1843 bytes result sent to driver
[2024-11-02T02:14:27.899+0000] {spark_submit.py:634} INFO - 24/11/02 02:14:27 INFO TaskSetManager: Finished task 0.0 in stage 1.0 (TID 1) in 1089 ms on c9f99735a600 (executor driver) (1/1)
[2024-11-02T02:14:27.900+0000] {spark_submit.py:634} INFO - 24/11/02 02:14:27 INFO TaskSchedulerImpl: Removed TaskSet 1.0, whose tasks have all completed, from pool
[2024-11-02T02:14:27.900+0000] {spark_submit.py:634} INFO - 24/11/02 02:14:27 INFO DAGScheduler: ResultStage 1 (jdbc at NativeMethodAccessorImpl.java:0) finished in 1.128 s
[2024-11-02T02:14:27.901+0000] {spark_submit.py:634} INFO - 24/11/02 02:14:27 INFO DAGScheduler: Job 1 is finished. Cancelling potential speculative or zombie tasks for this job
[2024-11-02T02:14:27.902+0000] {spark_submit.py:634} INFO - 24/11/02 02:14:27 INFO TaskSchedulerImpl: Killing all running tasks in stage 1: Stage finished
[2024-11-02T02:14:27.903+0000] {spark_submit.py:634} INFO - 24/11/02 02:14:27 INFO DAGScheduler: Job 1 finished: jdbc at NativeMethodAccessorImpl.java:0, took 1.133347 s
[2024-11-02T02:14:27.941+0000] {spark_submit.py:634} INFO - [2024-11-02T02:14:27.937+0000] {clientserver.py:543} INFO - Closing down clientserver connection
[2024-11-02T02:14:28.326+0000] {spark_submit.py:634} INFO - 24/11/02 02:14:28 INFO SparkContext: Invoking stop() from shutdown hook
[2024-11-02T02:14:28.327+0000] {spark_submit.py:634} INFO - 24/11/02 02:14:28 INFO SparkContext: SparkContext is stopping with exitCode 0.
[2024-11-02T02:14:28.335+0000] {spark_submit.py:634} INFO - 24/11/02 02:14:28 INFO SparkUI: Stopped Spark web UI at http://c9f99735a600:4040
[2024-11-02T02:14:28.345+0000] {spark_submit.py:634} INFO - 24/11/02 02:14:28 INFO MapOutputTrackerMasterEndpoint: MapOutputTrackerMasterEndpoint stopped!
[2024-11-02T02:14:28.354+0000] {spark_submit.py:634} INFO - 24/11/02 02:14:28 INFO MemoryStore: MemoryStore cleared
[2024-11-02T02:14:28.354+0000] {spark_submit.py:634} INFO - 24/11/02 02:14:28 INFO BlockManager: BlockManager stopped
[2024-11-02T02:14:28.356+0000] {spark_submit.py:634} INFO - 24/11/02 02:14:28 INFO BlockManagerMaster: BlockManagerMaster stopped
[2024-11-02T02:14:28.359+0000] {spark_submit.py:634} INFO - 24/11/02 02:14:28 INFO OutputCommitCoordinator$OutputCommitCoordinatorEndpoint: OutputCommitCoordinator stopped!
[2024-11-02T02:14:28.364+0000] {spark_submit.py:634} INFO - 24/11/02 02:14:28 INFO SparkContext: Successfully stopped SparkContext
[2024-11-02T02:14:28.365+0000] {spark_submit.py:634} INFO - 24/11/02 02:14:28 INFO ShutdownHookManager: Shutdown hook called
[2024-11-02T02:14:28.366+0000] {spark_submit.py:634} INFO - 24/11/02 02:14:28 INFO ShutdownHookManager: Deleting directory /tmp/spark-93e991f3-10d7-4572-9ada-a67a9c00dcb9
[2024-11-02T02:14:28.369+0000] {spark_submit.py:634} INFO - 24/11/02 02:14:28 INFO ShutdownHookManager: Deleting directory /tmp/spark-d693a899-7fbd-4593-93aa-fc7cd7e0007b
[2024-11-02T02:14:28.373+0000] {spark_submit.py:634} INFO - 24/11/02 02:14:28 INFO ShutdownHookManager: Deleting directory /tmp/spark-d693a899-7fbd-4593-93aa-fc7cd7e0007b/pyspark-94b57027-8b7f-4054-852a-c18bfeb4b1fd
[2024-11-02T02:14:28.410+0000] {taskinstance.py:340} INFO - ::group::Post task execution logs
[2024-11-02T02:14:28.411+0000] {taskinstance.py:352} INFO - Marking task as SUCCESS. dag_id=LoadWebScraping, task_id=insert, run_id=manual__2024-11-02T02:14:09.787114+00:00, execution_date=20241102T021409, start_date=20241102T021413, end_date=20241102T021428
[2024-11-02T02:14:28.443+0000] {local_task_job_runner.py:266} INFO - Task exited with return code 0
[2024-11-02T02:14:28.456+0000] {taskinstance.py:3900} INFO - 0 downstream tasks scheduled from follow-on schedule check
[2024-11-02T02:14:28.459+0000] {local_task_job_runner.py:245} INFO - ::endgroup::
