[2024-10-27T14:27:07.075+0000] {local_task_job_runner.py:123} INFO - ::group::Pre task execution logs
[2024-10-27T14:27:07.094+0000] {taskinstance.py:2612} INFO - Dependencies all met for dep_context=non-requeueable deps ti=<TaskInstance: pipeline_webscraping.Task_Submission_With_Error manual__2024-10-27T14:24:25.562453+00:00 [queued]>
[2024-10-27T14:27:07.103+0000] {taskinstance.py:2612} INFO - Dependencies all met for dep_context=requeueable deps ti=<TaskInstance: pipeline_webscraping.Task_Submission_With_Error manual__2024-10-27T14:24:25.562453+00:00 [queued]>
[2024-10-27T14:27:07.104+0000] {taskinstance.py:2865} INFO - Starting attempt 1 of 1
[2024-10-27T14:27:07.120+0000] {taskinstance.py:2888} INFO - Executing <Task(EmailOperator): Task_Submission_With_Error> on 2024-10-27 14:24:25.562453+00:00
[2024-10-27T14:27:07.126+0000] {warnings.py:112} WARNING - /home/***/.local/lib/python3.12/site-packages/***/task/task_runner/standard_task_runner.py:70: DeprecationWarning: This process (pid=1482) is multi-threaded, use of fork() may lead to deadlocks in the child.
  pid = os.fork()

[2024-10-27T14:27:07.128+0000] {standard_task_runner.py:72} INFO - Started process 1484 to run task
[2024-10-27T14:27:07.128+0000] {standard_task_runner.py:104} INFO - Running: ['***', 'tasks', 'run', 'pipeline_webscraping', 'Task_Submission_With_Error', 'manual__2024-10-27T14:24:25.562453+00:00', '--job-id', '28', '--raw', '--subdir', 'DAGS_FOLDER/DagWebScraping.py', '--cfg-path', '/tmp/tmpz8x2gtlh']
[2024-10-27T14:27:07.131+0000] {standard_task_runner.py:105} INFO - Job 28: Subtask Task_Submission_With_Error
[2024-10-27T14:27:07.177+0000] {task_command.py:467} INFO - Running <TaskInstance: pipeline_webscraping.Task_Submission_With_Error manual__2024-10-27T14:24:25.562453+00:00 [running]> on host 0226bf1e6904
[2024-10-27T14:27:07.248+0000] {taskinstance.py:3131} INFO - Exporting env vars: AIRFLOW_CTX_DAG_OWNER='***' AIRFLOW_CTX_DAG_ID='pipeline_webscraping' AIRFLOW_CTX_TASK_ID='Task_Submission_With_Error' AIRFLOW_CTX_EXECUTION_DATE='2024-10-27T14:24:25.562453+00:00' AIRFLOW_CTX_TRY_NUMBER='1' AIRFLOW_CTX_DAG_RUN_ID='manual__2024-10-27T14:24:25.562453+00:00'
[2024-10-27T14:27:07.249+0000] {taskinstance.py:731} INFO - ::endgroup::
[2024-10-27T14:27:07.272+0000] {warnings.py:112} WARNING - /home/***/.local/lib/python3.12/site-packages/***/utils/email.py:155: RemovedInAirflow3Warning: Fetching SMTP credentials from configuration variables will be deprecated in a future release. Please set credentials using a connection instead.
  send_mime_email(e_from=mail_from, e_to=recipients, mime_msg=msg, conn_id=conn_id, dryrun=dryrun)

[2024-10-27T14:27:07.273+0000] {email.py:272} INFO - Email alerting: attempt 1
[2024-10-27T14:27:09.342+0000] {email.py:283} INFO - Sent an alert email to ['alves.lucas896@gmail.com']
[2024-10-27T14:27:10.845+0000] {taskinstance.py:340} INFO - ::group::Post task execution logs
[2024-10-27T14:27:10.846+0000] {taskinstance.py:352} INFO - Marking task as SUCCESS. dag_id=pipeline_webscraping, task_id=Task_Submission_With_Error, run_id=manual__2024-10-27T14:24:25.562453+00:00, execution_date=20241027T142425, start_date=20241027T142707, end_date=20241027T142710
[2024-10-27T14:27:10.877+0000] {local_task_job_runner.py:266} INFO - Task exited with return code 0
[2024-10-27T14:27:10.892+0000] {taskinstance.py:3900} INFO - 0 downstream tasks scheduled from follow-on schedule check
[2024-10-27T14:27:10.895+0000] {local_task_job_runner.py:245} INFO - ::endgroup::
