[2024-09-14T21:42:58.610+0000] {local_task_job_runner.py:123} INFO - ::group::Pre task execution logs
[2024-09-14T21:42:58.624+0000] {taskinstance.py:2612} INFO - Dependencies all met for dep_context=non-requeueable deps ti=<TaskInstance: SitesWebScraping.WebScrapint scheduled__2024-09-13T00:00:00+00:00 [queued]>
[2024-09-14T21:42:58.633+0000] {taskinstance.py:2612} INFO - Dependencies all met for dep_context=requeueable deps ti=<TaskInstance: SitesWebScraping.WebScrapint scheduled__2024-09-13T00:00:00+00:00 [queued]>
[2024-09-14T21:42:58.634+0000] {taskinstance.py:2865} INFO - Starting attempt 1 of 1
[2024-09-14T21:42:58.648+0000] {taskinstance.py:2888} INFO - Executing <Task(WebScraping_K): WebScrapint> on 2024-09-13 00:00:00+00:00
[2024-09-14T21:42:58.652+0000] {warnings.py:112} WARNING - /home/***/.local/lib/python3.12/site-packages/***/task/task_runner/standard_task_runner.py:70: DeprecationWarning: This process (pid=81) is multi-threaded, use of fork() may lead to deadlocks in the child.
  pid = os.fork()

[2024-09-14T21:42:58.654+0000] {standard_task_runner.py:72} INFO - Started process 82 to run task
[2024-09-14T21:42:58.654+0000] {standard_task_runner.py:104} INFO - Running: ['***', 'tasks', 'run', 'SitesWebScraping', 'WebScrapint', 'scheduled__2024-09-13T00:00:00+00:00', '--job-id', '212', '--raw', '--subdir', 'DAGS_FOLDER/DagWebScraping.py', '--cfg-path', '/tmp/tmpraj71ihg']
[2024-09-14T21:42:58.656+0000] {standard_task_runner.py:105} INFO - Job 212: Subtask WebScrapint
[2024-09-14T21:42:58.698+0000] {task_command.py:467} INFO - Running <TaskInstance: SitesWebScraping.WebScrapint scheduled__2024-09-13T00:00:00+00:00 [running]> on host e91bfed1554f
[2024-09-14T21:42:58.780+0000] {taskinstance.py:3131} INFO - Exporting env vars: AIRFLOW_CTX_DAG_OWNER='***' AIRFLOW_CTX_DAG_ID='SitesWebScraping' AIRFLOW_CTX_TASK_ID='WebScrapint' AIRFLOW_CTX_EXECUTION_DATE='2024-09-13T00:00:00+00:00' AIRFLOW_CTX_TRY_NUMBER='1' AIRFLOW_CTX_DAG_RUN_ID='scheduled__2024-09-13T00:00:00+00:00'
[2024-09-14T21:42:58.781+0000] {taskinstance.py:731} INFO - ::endgroup::
[2024-09-14T21:44:16.251+0000] {taskinstance.py:340} INFO - ::group::Post task execution logs
[2024-09-14T21:44:16.252+0000] {taskinstance.py:352} INFO - Marking task as SUCCESS. dag_id=SitesWebScraping, task_id=WebScrapint, run_id=scheduled__2024-09-13T00:00:00+00:00, execution_date=20240913T000000, start_date=20240914T214258, end_date=20240914T214416
[2024-09-14T21:44:16.303+0000] {local_task_job_runner.py:266} INFO - Task exited with return code 0
[2024-09-14T21:44:16.315+0000] {taskinstance.py:3900} INFO - 0 downstream tasks scheduled from follow-on schedule check
[2024-09-14T21:44:16.320+0000] {local_task_job_runner.py:245} INFO - ::endgroup::
[2024-09-14T21:49:12.745+0000] {local_task_job_runner.py:123} INFO - ::group::Pre task execution logs
[2024-09-14T21:49:12.760+0000] {taskinstance.py:2612} INFO - Dependencies all met for dep_context=non-requeueable deps ti=<TaskInstance: SitesWebScraping.WebScrapint scheduled__2024-09-13T00:00:00+00:00 [queued]>
[2024-09-14T21:49:12.768+0000] {taskinstance.py:2612} INFO - Dependencies all met for dep_context=requeueable deps ti=<TaskInstance: SitesWebScraping.WebScrapint scheduled__2024-09-13T00:00:00+00:00 [queued]>
[2024-09-14T21:49:12.768+0000] {taskinstance.py:2865} INFO - Starting attempt 1 of 1
[2024-09-14T21:49:12.782+0000] {taskinstance.py:2888} INFO - Executing <Task(WebScraping_K): WebScrapint> on 2024-09-13 00:00:00+00:00
[2024-09-14T21:49:12.786+0000] {warnings.py:112} WARNING - /home/***/.local/lib/python3.12/site-packages/***/task/task_runner/standard_task_runner.py:70: DeprecationWarning: This process (pid=81) is multi-threaded, use of fork() may lead to deadlocks in the child.
  pid = os.fork()

[2024-09-14T21:49:12.788+0000] {standard_task_runner.py:72} INFO - Started process 82 to run task
[2024-09-14T21:49:12.788+0000] {standard_task_runner.py:104} INFO - Running: ['***', 'tasks', 'run', 'SitesWebScraping', 'WebScrapint', 'scheduled__2024-09-13T00:00:00+00:00', '--job-id', '216', '--raw', '--subdir', 'DAGS_FOLDER/DagWebScraping.py', '--cfg-path', '/tmp/tmpzitdrqt3']
[2024-09-14T21:49:12.790+0000] {standard_task_runner.py:105} INFO - Job 216: Subtask WebScrapint
[2024-09-14T21:49:12.832+0000] {task_command.py:467} INFO - Running <TaskInstance: SitesWebScraping.WebScrapint scheduled__2024-09-13T00:00:00+00:00 [running]> on host e91bfed1554f
[2024-09-14T21:49:12.903+0000] {taskinstance.py:3131} INFO - Exporting env vars: AIRFLOW_CTX_DAG_OWNER='***' AIRFLOW_CTX_DAG_ID='SitesWebScraping' AIRFLOW_CTX_TASK_ID='WebScrapint' AIRFLOW_CTX_EXECUTION_DATE='2024-09-13T00:00:00+00:00' AIRFLOW_CTX_TRY_NUMBER='1' AIRFLOW_CTX_DAG_RUN_ID='scheduled__2024-09-13T00:00:00+00:00'
[2024-09-14T21:49:12.904+0000] {taskinstance.py:731} INFO - ::endgroup::
[2024-09-14T21:50:28.425+0000] {taskinstance.py:340} INFO - ::group::Post task execution logs
[2024-09-14T21:50:28.426+0000] {taskinstance.py:352} INFO - Marking task as SUCCESS. dag_id=SitesWebScraping, task_id=WebScrapint, run_id=scheduled__2024-09-13T00:00:00+00:00, execution_date=20240913T000000, start_date=20240914T214912, end_date=20240914T215028
[2024-09-14T21:50:28.486+0000] {local_task_job_runner.py:266} INFO - Task exited with return code 0
[2024-09-14T21:50:28.506+0000] {taskinstance.py:3900} INFO - 1 downstream tasks scheduled from follow-on schedule check
[2024-09-14T21:50:28.510+0000] {local_task_job_runner.py:245} INFO - ::endgroup::
