[2024-10-16T21:13:54.479+0000] {local_task_job_runner.py:123} INFO - ::group::Pre task execution logs
[2024-10-16T21:13:54.494+0000] {taskinstance.py:2612} INFO - Dependencies all met for dep_context=non-requeueable deps ti=<TaskInstance: LoadWebScraping.spark_job manual__2024-10-16T21:13:53.021408+00:00 [queued]>
[2024-10-16T21:13:54.501+0000] {taskinstance.py:2612} INFO - Dependencies all met for dep_context=requeueable deps ti=<TaskInstance: LoadWebScraping.spark_job manual__2024-10-16T21:13:53.021408+00:00 [queued]>
[2024-10-16T21:13:54.502+0000] {taskinstance.py:2865} INFO - Starting attempt 1 of 1
[2024-10-16T21:13:54.518+0000] {taskinstance.py:2888} INFO - Executing <Task(SparkSubmitOperator): spark_job> on 2024-10-16 21:13:53.021408+00:00
[2024-10-16T21:13:54.523+0000] {warnings.py:112} WARNING - /home/***/.local/lib/python3.12/site-packages/***/task/task_runner/standard_task_runner.py:70: DeprecationWarning: This process (pid=4678) is multi-threaded, use of fork() may lead to deadlocks in the child.
  pid = os.fork()

[2024-10-16T21:13:54.525+0000] {standard_task_runner.py:72} INFO - Started process 4690 to run task
[2024-10-16T21:13:54.525+0000] {standard_task_runner.py:104} INFO - Running: ['***', 'tasks', 'run', 'LoadWebScraping', 'spark_job', 'manual__2024-10-16T21:13:53.021408+00:00', '--job-id', '68', '--raw', '--subdir', 'DAGS_FOLDER/LoadWebScraping.py', '--cfg-path', '/tmp/tmpx661lazq']
[2024-10-16T21:13:54.528+0000] {standard_task_runner.py:105} INFO - Job 68: Subtask spark_job
[2024-10-16T21:13:54.570+0000] {task_command.py:467} INFO - Running <TaskInstance: LoadWebScraping.spark_job manual__2024-10-16T21:13:53.021408+00:00 [running]> on host cc66b6895e01
[2024-10-16T21:13:54.819+0000] {taskinstance.py:3131} INFO - Exporting env vars: AIRFLOW_CTX_DAG_OWNER='***' AIRFLOW_CTX_DAG_ID='LoadWebScraping' AIRFLOW_CTX_TASK_ID='spark_job' AIRFLOW_CTX_EXECUTION_DATE='2024-10-16T21:13:53.021408+00:00' AIRFLOW_CTX_TRY_NUMBER='1' AIRFLOW_CTX_DAG_RUN_ID='manual__2024-10-16T21:13:53.021408+00:00'
[2024-10-16T21:13:54.819+0000] {taskinstance.py:731} INFO - ::endgroup::
[2024-10-16T21:13:54.841+0000] {spark_submit.py:304} INFO - Could not load connection string spark_default, defaulting to yarn
[2024-10-16T21:13:54.843+0000] {spark_submit.py:473} INFO - Spark-Submit cmd: spark-submit --master yarn --driver-class-path /opt/***/jars/postgresql-42.5.0.jar --jars /opt/***/jars/postgresql-42.5.0.jar --packages org.postgresql:postgresql:42.5.0 --name arrow-spark /opt/bitnami/spark/src/scripts_spark/LoadFileToDB.py
[2024-10-16T21:13:56.520+0000] {spark_submit.py:634} INFO - :: loading settings :: url = jar:file:/home/***/.local/lib/python3.12/site-packages/pyspark/jars/ivy-2.5.1.jar!/org/apache/ivy/core/settings/ivysettings.xml
[2024-10-16T21:13:56.579+0000] {spark_submit.py:634} INFO - Ivy Default Cache set to: /home/***/.ivy2/cache
[2024-10-16T21:13:56.580+0000] {spark_submit.py:634} INFO - The jars for the packages stored in: /home/***/.ivy2/jars
[2024-10-16T21:13:56.583+0000] {spark_submit.py:634} INFO - org.postgresql#postgresql added as a dependency
[2024-10-16T21:13:56.584+0000] {spark_submit.py:634} INFO - :: resolving dependencies :: org.apache.spark#spark-submit-parent-64dc996f-a92f-4d05-a8e4-9ed3568b9e3f;1.0
[2024-10-16T21:13:56.585+0000] {spark_submit.py:634} INFO - confs: [default]
[2024-10-16T21:13:56.670+0000] {spark_submit.py:634} INFO - found org.postgresql#postgresql;42.5.0 in central
[2024-10-16T21:13:56.688+0000] {spark_submit.py:634} INFO - found org.checkerframework#checker-qual;3.5.0 in central
[2024-10-16T21:13:56.700+0000] {spark_submit.py:634} INFO - :: resolution report :: resolve 111ms :: artifacts dl 5ms
[2024-10-16T21:13:56.701+0000] {spark_submit.py:634} INFO - :: modules in use:
[2024-10-16T21:13:56.701+0000] {spark_submit.py:634} INFO - org.checkerframework#checker-qual;3.5.0 from central in [default]
[2024-10-16T21:13:56.701+0000] {spark_submit.py:634} INFO - org.postgresql#postgresql;42.5.0 from central in [default]
[2024-10-16T21:13:56.702+0000] {spark_submit.py:634} INFO - ---------------------------------------------------------------------
[2024-10-16T21:13:56.702+0000] {spark_submit.py:634} INFO - |                  |            modules            ||   artifacts   |
[2024-10-16T21:13:56.703+0000] {spark_submit.py:634} INFO - |       conf       | number| search|dwnlded|evicted|| number|dwnlded|
[2024-10-16T21:13:56.703+0000] {spark_submit.py:634} INFO - ---------------------------------------------------------------------
[2024-10-16T21:13:56.704+0000] {spark_submit.py:634} INFO - |      default     |   2   |   0   |   0   |   0   ||   2   |   0   |
[2024-10-16T21:13:56.704+0000] {spark_submit.py:634} INFO - ---------------------------------------------------------------------
[2024-10-16T21:13:56.705+0000] {spark_submit.py:634} INFO - :: retrieving :: org.apache.spark#spark-submit-parent-64dc996f-a92f-4d05-a8e4-9ed3568b9e3f
[2024-10-16T21:13:56.705+0000] {spark_submit.py:634} INFO - confs: [default]
[2024-10-16T21:13:56.707+0000] {spark_submit.py:634} INFO - 0 artifacts copied, 2 already retrieved (0kB/4ms)
[2024-10-16T21:13:56.861+0000] {spark_submit.py:634} INFO - 24/10/16 21:13:56 WARN NativeCodeLoader: Unable to load native-hadoop library for your platform... using builtin-java classes where applicable
[2024-10-16T21:13:58.439+0000] {spark_submit.py:634} INFO - 24/10/16 21:13:58 INFO SparkContext: Running Spark version 3.5.2
[2024-10-16T21:13:58.440+0000] {spark_submit.py:634} INFO - 24/10/16 21:13:58 INFO SparkContext: OS info Linux, 5.15.153.1-microsoft-standard-WSL2, amd64
[2024-10-16T21:13:58.441+0000] {spark_submit.py:634} INFO - 24/10/16 21:13:58 INFO SparkContext: Java version 17.0.12
[2024-10-16T21:13:58.457+0000] {spark_submit.py:634} INFO - 24/10/16 21:13:58 INFO ResourceUtils: ==============================================================
[2024-10-16T21:13:58.457+0000] {spark_submit.py:634} INFO - 24/10/16 21:13:58 INFO ResourceUtils: No custom resources configured for spark.driver.
[2024-10-16T21:13:58.458+0000] {spark_submit.py:634} INFO - 24/10/16 21:13:58 INFO ResourceUtils: ==============================================================
[2024-10-16T21:13:58.458+0000] {spark_submit.py:634} INFO - 24/10/16 21:13:58 INFO SparkContext: Submitted application: Exemplo
[2024-10-16T21:13:58.473+0000] {spark_submit.py:634} INFO - 24/10/16 21:13:58 INFO ResourceProfile: Default ResourceProfile created, executor resources: Map(cores -> name: cores, amount: 1, script: , vendor: , memory -> name: memory, amount: 1024, script: , vendor: , offHeap -> name: offHeap, amount: 0, script: , vendor: ), task resources: Map(cpus -> name: cpus, amount: 1.0)
[2024-10-16T21:13:58.480+0000] {spark_submit.py:634} INFO - 24/10/16 21:13:58 INFO ResourceProfile: Limiting resource is cpu
[2024-10-16T21:13:58.481+0000] {spark_submit.py:634} INFO - 24/10/16 21:13:58 INFO ResourceProfileManager: Added ResourceProfile id: 0
[2024-10-16T21:13:58.516+0000] {spark_submit.py:634} INFO - 24/10/16 21:13:58 INFO SecurityManager: Changing view acls to: ***
[2024-10-16T21:13:58.516+0000] {spark_submit.py:634} INFO - 24/10/16 21:13:58 INFO SecurityManager: Changing modify acls to: ***
[2024-10-16T21:13:58.517+0000] {spark_submit.py:634} INFO - 24/10/16 21:13:58 INFO SecurityManager: Changing view acls groups to:
[2024-10-16T21:13:58.517+0000] {spark_submit.py:634} INFO - 24/10/16 21:13:58 INFO SecurityManager: Changing modify acls groups to:
[2024-10-16T21:13:58.518+0000] {spark_submit.py:634} INFO - 24/10/16 21:13:58 INFO SecurityManager: SecurityManager: authentication disabled; ui acls disabled; users with view permissions: ***; groups with view permissions: EMPTY; users with modify permissions: ***; groups with modify permissions: EMPTY
[2024-10-16T21:13:58.664+0000] {spark_submit.py:634} INFO - 24/10/16 21:13:58 INFO Utils: Successfully started service 'sparkDriver' on port 36589.
[2024-10-16T21:13:58.693+0000] {spark_submit.py:634} INFO - 24/10/16 21:13:58 INFO SparkEnv: Registering MapOutputTracker
[2024-10-16T21:13:58.720+0000] {spark_submit.py:634} INFO - 24/10/16 21:13:58 INFO SparkEnv: Registering BlockManagerMaster
[2024-10-16T21:13:58.731+0000] {spark_submit.py:634} INFO - 24/10/16 21:13:58 INFO BlockManagerMasterEndpoint: Using org.apache.spark.storage.DefaultTopologyMapper for getting topology information
[2024-10-16T21:13:58.732+0000] {spark_submit.py:634} INFO - 24/10/16 21:13:58 INFO BlockManagerMasterEndpoint: BlockManagerMasterEndpoint up
[2024-10-16T21:13:58.735+0000] {spark_submit.py:634} INFO - 24/10/16 21:13:58 INFO SparkEnv: Registering BlockManagerMasterHeartbeat
[2024-10-16T21:13:58.749+0000] {spark_submit.py:634} INFO - 24/10/16 21:13:58 INFO DiskBlockManager: Created local directory at /tmp/blockmgr-c0c82a32-fef3-49ff-8e9d-814bff9fedcf
[2024-10-16T21:13:58.759+0000] {spark_submit.py:634} INFO - 24/10/16 21:13:58 INFO MemoryStore: MemoryStore started with capacity 434.4 MiB
[2024-10-16T21:13:58.769+0000] {spark_submit.py:634} INFO - 24/10/16 21:13:58 INFO SparkEnv: Registering OutputCommitCoordinator
[2024-10-16T21:13:58.857+0000] {spark_submit.py:634} INFO - 24/10/16 21:13:58 INFO JettyUtils: Start Jetty 0.0.0.0:4040 for SparkUI
[2024-10-16T21:13:58.902+0000] {spark_submit.py:634} INFO - 24/10/16 21:13:58 INFO Utils: Successfully started service 'SparkUI' on port 4040.
[2024-10-16T21:13:58.931+0000] {spark_submit.py:634} INFO - 24/10/16 21:13:58 INFO SparkContext: Added JAR /opt/bitnami/spark/jars/postgresql-42.5.0.jar at spark://cc66b6895e01:36589/jars/postgresql-42.5.0.jar with timestamp 1729113238434
[2024-10-16T21:13:58.977+0000] {spark_submit.py:634} INFO - 24/10/16 21:13:58 INFO Executor: Starting executor ID driver on host cc66b6895e01
[2024-10-16T21:13:58.978+0000] {spark_submit.py:634} INFO - 24/10/16 21:13:58 INFO Executor: OS info Linux, 5.15.153.1-microsoft-standard-WSL2, amd64
[2024-10-16T21:13:58.978+0000] {spark_submit.py:634} INFO - 24/10/16 21:13:58 INFO Executor: Java version 17.0.12
[2024-10-16T21:13:58.984+0000] {spark_submit.py:634} INFO - 24/10/16 21:13:58 INFO Executor: Starting executor with user classpath (userClassPathFirst = false): ''
[2024-10-16T21:13:58.986+0000] {spark_submit.py:634} INFO - 24/10/16 21:13:58 INFO Executor: Created or updated repl class loader org.apache.spark.util.MutableURLClassLoader@11cf427d for default.
[2024-10-16T21:13:59.000+0000] {spark_submit.py:634} INFO - 24/10/16 21:13:59 INFO Executor: Fetching spark://cc66b6895e01:36589/jars/postgresql-42.5.0.jar with timestamp 1729113238434
[2024-10-16T21:13:59.047+0000] {spark_submit.py:634} INFO - 24/10/16 21:13:59 INFO TransportClientFactory: Successfully created connection to cc66b6895e01/172.18.0.9:36589 after 25 ms (0 ms spent in bootstraps)
[2024-10-16T21:13:59.055+0000] {spark_submit.py:634} INFO - 24/10/16 21:13:59 INFO Utils: Fetching spark://cc66b6895e01:36589/jars/postgresql-42.5.0.jar to /tmp/spark-2adf6258-bb4b-4f10-8b0f-7a461782b176/userFiles-3b42b21d-4479-43d2-a705-d5186f130e3d/fetchFileTemp9201073717325537325.tmp
[2024-10-16T21:13:59.101+0000] {spark_submit.py:634} INFO - 24/10/16 21:13:59 INFO Executor: Adding file:/tmp/spark-2adf6258-bb4b-4f10-8b0f-7a461782b176/userFiles-3b42b21d-4479-43d2-a705-d5186f130e3d/postgresql-42.5.0.jar to class loader default
[2024-10-16T21:13:59.114+0000] {spark_submit.py:634} INFO - 24/10/16 21:13:59 INFO Utils: Successfully started service 'org.apache.spark.network.netty.NettyBlockTransferService' on port 34963.
[2024-10-16T21:13:59.115+0000] {spark_submit.py:634} INFO - 24/10/16 21:13:59 INFO NettyBlockTransferService: Server created on cc66b6895e01:34963
[2024-10-16T21:13:59.116+0000] {spark_submit.py:634} INFO - 24/10/16 21:13:59 INFO BlockManager: Using org.apache.spark.storage.RandomBlockReplicationPolicy for block replication policy
[2024-10-16T21:13:59.123+0000] {spark_submit.py:634} INFO - 24/10/16 21:13:59 INFO BlockManagerMaster: Registering BlockManager BlockManagerId(driver, cc66b6895e01, 34963, None)
[2024-10-16T21:13:59.128+0000] {spark_submit.py:634} INFO - 24/10/16 21:13:59 INFO BlockManagerMasterEndpoint: Registering block manager cc66b6895e01:34963 with 434.4 MiB RAM, BlockManagerId(driver, cc66b6895e01, 34963, None)
[2024-10-16T21:13:59.129+0000] {spark_submit.py:634} INFO - 24/10/16 21:13:59 INFO BlockManagerMaster: Registered BlockManager BlockManagerId(driver, cc66b6895e01, 34963, None)
[2024-10-16T21:13:59.132+0000] {spark_submit.py:634} INFO - 24/10/16 21:13:59 INFO BlockManager: Initialized BlockManager: BlockManagerId(driver, cc66b6895e01, 34963, None)
[2024-10-16T21:13:59.538+0000] {spark_submit.py:634} INFO - 24/10/16 21:13:59 INFO SharedState: Setting hive.metastore.warehouse.dir ('null') to the value of spark.sql.warehouse.dir.
[2024-10-16T21:13:59.540+0000] {spark_submit.py:634} INFO - 24/10/16 21:13:59 INFO SharedState: Warehouse path is 'file:/opt/***/spark-warehouse'.
[2024-10-16T21:14:00.190+0000] {spark_submit.py:634} INFO - 24/10/16 21:14:00 INFO InMemoryFileIndex: It took 79 ms to list leaf files for 1 paths.
[2024-10-16T21:14:00.585+0000] {spark_submit.py:634} INFO - 24/10/16 21:14:00 INFO SparkContext: Starting job: parquet at NativeMethodAccessorImpl.java:0
[2024-10-16T21:14:00.598+0000] {spark_submit.py:634} INFO - 24/10/16 21:14:00 INFO DAGScheduler: Got job 0 (parquet at NativeMethodAccessorImpl.java:0) with 1 output partitions
[2024-10-16T21:14:00.599+0000] {spark_submit.py:634} INFO - 24/10/16 21:14:00 INFO DAGScheduler: Final stage: ResultStage 0 (parquet at NativeMethodAccessorImpl.java:0)
[2024-10-16T21:14:00.600+0000] {spark_submit.py:634} INFO - 24/10/16 21:14:00 INFO DAGScheduler: Parents of final stage: List()
[2024-10-16T21:14:00.601+0000] {spark_submit.py:634} INFO - 24/10/16 21:14:00 INFO DAGScheduler: Missing parents: List()
[2024-10-16T21:14:00.605+0000] {spark_submit.py:634} INFO - 24/10/16 21:14:00 INFO DAGScheduler: Submitting ResultStage 0 (MapPartitionsRDD[1] at parquet at NativeMethodAccessorImpl.java:0), which has no missing parents
[2024-10-16T21:14:00.662+0000] {spark_submit.py:634} INFO - 24/10/16 21:14:00 INFO MemoryStore: Block broadcast_0 stored as values in memory (estimated size 104.5 KiB, free 434.3 MiB)
[2024-10-16T21:14:00.713+0000] {spark_submit.py:634} INFO - 24/10/16 21:14:00 INFO MemoryStore: Block broadcast_0_piece0 stored as bytes in memory (estimated size 37.7 KiB, free 434.3 MiB)
[2024-10-16T21:14:00.715+0000] {spark_submit.py:634} INFO - 24/10/16 21:14:00 INFO BlockManagerInfo: Added broadcast_0_piece0 in memory on cc66b6895e01:34963 (size: 37.7 KiB, free: 434.4 MiB)
[2024-10-16T21:14:00.718+0000] {spark_submit.py:634} INFO - 24/10/16 21:14:00 INFO SparkContext: Created broadcast 0 from broadcast at DAGScheduler.scala:1585
[2024-10-16T21:14:00.733+0000] {spark_submit.py:634} INFO - 24/10/16 21:14:00 INFO DAGScheduler: Submitting 1 missing tasks from ResultStage 0 (MapPartitionsRDD[1] at parquet at NativeMethodAccessorImpl.java:0) (first 15 tasks are for partitions Vector(0))
[2024-10-16T21:14:00.734+0000] {spark_submit.py:634} INFO - 24/10/16 21:14:00 INFO TaskSchedulerImpl: Adding task set 0.0 with 1 tasks resource profile 0
[2024-10-16T21:14:00.776+0000] {spark_submit.py:634} INFO - 24/10/16 21:14:00 INFO TaskSetManager: Starting task 0.0 in stage 0.0 (TID 0) (cc66b6895e01, executor driver, partition 0, PROCESS_LOCAL, 9378 bytes)
[2024-10-16T21:14:00.786+0000] {spark_submit.py:634} INFO - 24/10/16 21:14:00 INFO Executor: Running task 0.0 in stage 0.0 (TID 0)
[2024-10-16T21:14:01.046+0000] {spark_submit.py:634} INFO - 24/10/16 21:14:01 INFO Executor: Finished task 0.0 in stage 0.0 (TID 0). 1663 bytes result sent to driver
[2024-10-16T21:14:01.053+0000] {spark_submit.py:634} INFO - 24/10/16 21:14:01 INFO TaskSetManager: Finished task 0.0 in stage 0.0 (TID 0) in 295 ms on cc66b6895e01 (executor driver) (1/1)
[2024-10-16T21:14:01.054+0000] {spark_submit.py:634} INFO - 24/10/16 21:14:01 INFO TaskSchedulerImpl: Removed TaskSet 0.0, whose tasks have all completed, from pool
[2024-10-16T21:14:01.058+0000] {spark_submit.py:634} INFO - 24/10/16 21:14:01 INFO DAGScheduler: ResultStage 0 (parquet at NativeMethodAccessorImpl.java:0) finished in 0.441 s
[2024-10-16T21:14:01.060+0000] {spark_submit.py:634} INFO - 24/10/16 21:14:01 INFO DAGScheduler: Job 0 is finished. Cancelling potential speculative or zombie tasks for this job
[2024-10-16T21:14:01.061+0000] {spark_submit.py:634} INFO - 24/10/16 21:14:01 INFO TaskSchedulerImpl: Killing all running tasks in stage 0: Stage finished
[2024-10-16T21:14:01.062+0000] {spark_submit.py:634} INFO - 24/10/16 21:14:01 INFO DAGScheduler: Job 0 finished: parquet at NativeMethodAccessorImpl.java:0, took 0.476368 s
[2024-10-16T21:14:01.359+0000] {spark_submit.py:634} INFO - 24/10/16 21:14:01 INFO BlockManagerInfo: Removed broadcast_0_piece0 on cc66b6895e01:34963 in memory (size: 37.7 KiB, free: 434.4 MiB)
[2024-10-16T21:14:02.249+0000] {spark_submit.py:634} INFO - 24/10/16 21:14:02 INFO FileSourceStrategy: Pushed Filters: IsNotNull(marca)
[2024-10-16T21:14:02.250+0000] {spark_submit.py:634} INFO - 24/10/16 21:14:02 INFO FileSourceStrategy: Post-Scan Filters: isnotnull(marca#0)
[2024-10-16T21:14:02.701+0000] {spark_submit.py:634} INFO - 24/10/16 21:14:02 INFO CodeGenerator: Code generated in 219.248563 ms
[2024-10-16T21:14:02.727+0000] {spark_submit.py:634} INFO - 24/10/16 21:14:02 INFO MemoryStore: Block broadcast_1 stored as values in memory (estimated size 202.6 KiB, free 434.2 MiB)
[2024-10-16T21:14:02.739+0000] {spark_submit.py:634} INFO - 24/10/16 21:14:02 INFO MemoryStore: Block broadcast_1_piece0 stored as bytes in memory (estimated size 35.3 KiB, free 434.2 MiB)
[2024-10-16T21:14:02.740+0000] {spark_submit.py:634} INFO - 24/10/16 21:14:02 INFO BlockManagerInfo: Added broadcast_1_piece0 in memory on cc66b6895e01:34963 (size: 35.3 KiB, free: 434.4 MiB)
[2024-10-16T21:14:02.741+0000] {spark_submit.py:634} INFO - 24/10/16 21:14:02 INFO SparkContext: Created broadcast 1 from $anonfun$withThreadLocalCaptured$1 at FutureTask.java:264
[2024-10-16T21:14:02.751+0000] {spark_submit.py:634} INFO - 24/10/16 21:14:02 INFO FileSourceScanExec: Planning scan with bin packing, max size: 4195481 bytes, open cost is considered as scanning 4194304 bytes.
[2024-10-16T21:14:02.800+0000] {spark_submit.py:634} INFO - 24/10/16 21:14:02 INFO SparkContext: Starting job: $anonfun$withThreadLocalCaptured$1 at FutureTask.java:264
[2024-10-16T21:14:02.801+0000] {spark_submit.py:634} INFO - 24/10/16 21:14:02 INFO DAGScheduler: Got job 1 ($anonfun$withThreadLocalCaptured$1 at FutureTask.java:264) with 1 output partitions
[2024-10-16T21:14:02.802+0000] {spark_submit.py:634} INFO - 24/10/16 21:14:02 INFO DAGScheduler: Final stage: ResultStage 1 ($anonfun$withThreadLocalCaptured$1 at FutureTask.java:264)
[2024-10-16T21:14:02.802+0000] {spark_submit.py:634} INFO - 24/10/16 21:14:02 INFO DAGScheduler: Parents of final stage: List()
[2024-10-16T21:14:02.803+0000] {spark_submit.py:634} INFO - 24/10/16 21:14:02 INFO DAGScheduler: Missing parents: List()
[2024-10-16T21:14:02.804+0000] {spark_submit.py:634} INFO - 24/10/16 21:14:02 INFO DAGScheduler: Submitting ResultStage 1 (MapPartitionsRDD[6] at $anonfun$withThreadLocalCaptured$1 at FutureTask.java:264), which has no missing parents
[2024-10-16T21:14:02.806+0000] {spark_submit.py:634} INFO - 24/10/16 21:14:02 INFO MemoryStore: Block broadcast_2 stored as values in memory (estimated size 14.5 KiB, free 434.2 MiB)
[2024-10-16T21:14:02.809+0000] {spark_submit.py:634} INFO - 24/10/16 21:14:02 INFO MemoryStore: Block broadcast_2_piece0 stored as bytes in memory (estimated size 6.3 KiB, free 434.1 MiB)
[2024-10-16T21:14:02.810+0000] {spark_submit.py:634} INFO - 24/10/16 21:14:02 INFO BlockManagerInfo: Added broadcast_2_piece0 in memory on cc66b6895e01:34963 (size: 6.3 KiB, free: 434.4 MiB)
[2024-10-16T21:14:02.811+0000] {spark_submit.py:634} INFO - 24/10/16 21:14:02 INFO SparkContext: Created broadcast 2 from broadcast at DAGScheduler.scala:1585
[2024-10-16T21:14:02.812+0000] {spark_submit.py:634} INFO - 24/10/16 21:14:02 INFO DAGScheduler: Submitting 1 missing tasks from ResultStage 1 (MapPartitionsRDD[6] at $anonfun$withThreadLocalCaptured$1 at FutureTask.java:264) (first 15 tasks are for partitions Vector(0))
[2024-10-16T21:14:02.812+0000] {spark_submit.py:634} INFO - 24/10/16 21:14:02 INFO TaskSchedulerImpl: Adding task set 1.0 with 1 tasks resource profile 0
[2024-10-16T21:14:02.815+0000] {spark_submit.py:634} INFO - 24/10/16 21:14:02 INFO TaskSetManager: Starting task 0.0 in stage 1.0 (TID 1) (cc66b6895e01, executor driver, partition 0, PROCESS_LOCAL, 9885 bytes)
[2024-10-16T21:14:02.816+0000] {spark_submit.py:634} INFO - 24/10/16 21:14:02 INFO Executor: Running task 0.0 in stage 1.0 (TID 1)
[2024-10-16T21:14:02.859+0000] {spark_submit.py:634} INFO - 24/10/16 21:14:02 INFO CodeGenerator: Code generated in 12.270492 ms
[2024-10-16T21:14:02.862+0000] {spark_submit.py:634} INFO - 24/10/16 21:14:02 INFO FileScanRDD: Reading File path: file:///opt/***/datalake/silverzone/pichau_2024-10-16/dim_marca.parquet/part-00000-a1f91b58-8964-4ceb-ae65-2ba4926f5517-c000.snappy.parquet, range: 0-1177, partition values: [empty row]
[2024-10-16T21:14:02.975+0000] {spark_submit.py:634} INFO - 24/10/16 21:14:02 INFO FilterCompat: Filtering using predicate: noteq(marca, null)
[2024-10-16T21:14:03.059+0000] {spark_submit.py:634} INFO - 24/10/16 21:14:03 INFO CodecPool: Got brand-new decompressor [.snappy]
[2024-10-16T21:14:03.170+0000] {spark_submit.py:634} INFO - 24/10/16 21:14:03 INFO Executor: Finished task 0.0 in stage 1.0 (TID 1). 2848 bytes result sent to driver
[2024-10-16T21:14:03.172+0000] {spark_submit.py:634} INFO - 24/10/16 21:14:03 INFO TaskSetManager: Finished task 0.0 in stage 1.0 (TID 1) in 359 ms on cc66b6895e01 (executor driver) (1/1)
[2024-10-16T21:14:03.173+0000] {spark_submit.py:634} INFO - 24/10/16 21:14:03 INFO TaskSchedulerImpl: Removed TaskSet 1.0, whose tasks have all completed, from pool
[2024-10-16T21:14:03.173+0000] {spark_submit.py:634} INFO - 24/10/16 21:14:03 INFO DAGScheduler: ResultStage 1 ($anonfun$withThreadLocalCaptured$1 at FutureTask.java:264) finished in 0.369 s
[2024-10-16T21:14:03.174+0000] {spark_submit.py:634} INFO - 24/10/16 21:14:03 INFO DAGScheduler: Job 1 is finished. Cancelling potential speculative or zombie tasks for this job
[2024-10-16T21:14:03.174+0000] {spark_submit.py:634} INFO - 24/10/16 21:14:03 INFO TaskSchedulerImpl: Killing all running tasks in stage 1: Stage finished
[2024-10-16T21:14:03.175+0000] {spark_submit.py:634} INFO - 24/10/16 21:14:03 INFO DAGScheduler: Job 1 finished: $anonfun$withThreadLocalCaptured$1 at FutureTask.java:264, took 0.373555 s
[2024-10-16T21:14:03.198+0000] {spark_submit.py:634} INFO - 24/10/16 21:14:03 INFO CodeGenerator: Code generated in 9.678166 ms
[2024-10-16T21:14:03.212+0000] {spark_submit.py:634} INFO - 24/10/16 21:14:03 INFO MemoryStore: Block broadcast_3 stored as values in memory (estimated size 16.0 MiB, free 418.1 MiB)
[2024-10-16T21:14:03.216+0000] {spark_submit.py:634} INFO - 24/10/16 21:14:03 INFO BlockManagerInfo: Removed broadcast_2_piece0 on cc66b6895e01:34963 in memory (size: 6.3 KiB, free: 434.4 MiB)
[2024-10-16T21:14:03.241+0000] {spark_submit.py:634} INFO - 24/10/16 21:14:03 INFO MemoryStore: Block broadcast_3_piece0 stored as bytes in memory (estimated size 1812.0 B, free 418.2 MiB)
[2024-10-16T21:14:03.244+0000] {spark_submit.py:634} INFO - 24/10/16 21:14:03 INFO BlockManagerInfo: Added broadcast_3_piece0 in memory on cc66b6895e01:34963 (size: 1812.0 B, free: 434.4 MiB)
[2024-10-16T21:14:03.246+0000] {spark_submit.py:634} INFO - 24/10/16 21:14:03 INFO SparkContext: Created broadcast 3 from $anonfun$withThreadLocalCaptured$1 at FutureTask.java:264
[2024-10-16T21:14:03.352+0000] {spark_submit.py:634} INFO - 24/10/16 21:14:03 INFO CodeGenerator: Code generated in 18.732703 ms
[2024-10-16T21:14:03.380+0000] {spark_submit.py:634} INFO - 24/10/16 21:14:03 INFO DAGScheduler: Registering RDD 9 (count at NativeMethodAccessorImpl.java:0) as input to shuffle 0
[2024-10-16T21:14:03.384+0000] {spark_submit.py:634} INFO - 24/10/16 21:14:03 INFO DAGScheduler: Got map stage job 2 (count at NativeMethodAccessorImpl.java:0) with 1 output partitions
[2024-10-16T21:14:03.386+0000] {spark_submit.py:634} INFO - 24/10/16 21:14:03 INFO DAGScheduler: Final stage: ShuffleMapStage 2 (count at NativeMethodAccessorImpl.java:0)
[2024-10-16T21:14:03.387+0000] {spark_submit.py:634} INFO - 24/10/16 21:14:03 INFO DAGScheduler: Parents of final stage: List()
[2024-10-16T21:14:03.388+0000] {spark_submit.py:634} INFO - 24/10/16 21:14:03 INFO DAGScheduler: Missing parents: List()
[2024-10-16T21:14:03.392+0000] {spark_submit.py:634} INFO - 24/10/16 21:14:03 INFO DAGScheduler: Submitting ShuffleMapStage 2 (MapPartitionsRDD[9] at count at NativeMethodAccessorImpl.java:0), which has no missing parents
[2024-10-16T21:14:03.426+0000] {spark_submit.py:634} INFO - 24/10/16 21:14:03 INFO MemoryStore: Block broadcast_4 stored as values in memory (estimated size 17.3 KiB, free 418.1 MiB)
[2024-10-16T21:14:03.435+0000] {spark_submit.py:634} INFO - 24/10/16 21:14:03 INFO MemoryStore: Block broadcast_4_piece0 stored as bytes in memory (estimated size 8.7 KiB, free 418.1 MiB)
[2024-10-16T21:14:03.440+0000] {spark_submit.py:634} INFO - 24/10/16 21:14:03 INFO BlockManagerInfo: Added broadcast_4_piece0 in memory on cc66b6895e01:34963 (size: 8.7 KiB, free: 434.4 MiB)
[2024-10-16T21:14:03.443+0000] {spark_submit.py:634} INFO - 24/10/16 21:14:03 INFO SparkContext: Created broadcast 4 from broadcast at DAGScheduler.scala:1585
[2024-10-16T21:14:03.447+0000] {spark_submit.py:634} INFO - 24/10/16 21:14:03 INFO DAGScheduler: Submitting 1 missing tasks from ShuffleMapStage 2 (MapPartitionsRDD[9] at count at NativeMethodAccessorImpl.java:0) (first 15 tasks are for partitions Vector(0))
[2024-10-16T21:14:03.449+0000] {spark_submit.py:634} INFO - 24/10/16 21:14:03 INFO TaskSchedulerImpl: Adding task set 2.0 with 1 tasks resource profile 0
[2024-10-16T21:14:03.450+0000] {spark_submit.py:634} INFO - 24/10/16 21:14:03 INFO TaskSetManager: Starting task 0.0 in stage 2.0 (TID 2) (cc66b6895e01, executor driver, partition 0, PROCESS_LOCAL, 9014 bytes)
[2024-10-16T21:14:03.454+0000] {spark_submit.py:634} INFO - 24/10/16 21:14:03 INFO Executor: Running task 0.0 in stage 2.0 (TID 2)
[2024-10-16T21:14:03.529+0000] {spark_submit.py:634} INFO - 24/10/16 21:14:03 INFO CodeGenerator: Code generated in 19.677848 ms
[2024-10-16T21:14:03.551+0000] {spark_submit.py:634} INFO - 24/10/16 21:14:03 INFO JDBCRDD: closed connection
[2024-10-16T21:14:03.579+0000] {spark_submit.py:634} INFO - 24/10/16 21:14:03 INFO Executor: Finished task 0.0 in stage 2.0 (TID 2). 2070 bytes result sent to driver
[2024-10-16T21:14:03.582+0000] {spark_submit.py:634} INFO - 24/10/16 21:14:03 INFO TaskSetManager: Finished task 0.0 in stage 2.0 (TID 2) in 138 ms on cc66b6895e01 (executor driver) (1/1)
[2024-10-16T21:14:03.583+0000] {spark_submit.py:634} INFO - 24/10/16 21:14:03 INFO TaskSchedulerImpl: Removed TaskSet 2.0, whose tasks have all completed, from pool
[2024-10-16T21:14:03.585+0000] {spark_submit.py:634} INFO - 24/10/16 21:14:03 INFO DAGScheduler: ShuffleMapStage 2 (count at NativeMethodAccessorImpl.java:0) finished in 0.191 s
[2024-10-16T21:14:03.594+0000] {spark_submit.py:634} INFO - 24/10/16 21:14:03 INFO DAGScheduler: looking for newly runnable stages
[2024-10-16T21:14:03.596+0000] {spark_submit.py:634} INFO - 24/10/16 21:14:03 INFO DAGScheduler: running: Set()
[2024-10-16T21:14:03.597+0000] {spark_submit.py:634} INFO - 24/10/16 21:14:03 INFO DAGScheduler: waiting: Set()
[2024-10-16T21:14:03.597+0000] {spark_submit.py:634} INFO - 24/10/16 21:14:03 INFO DAGScheduler: failed: Set()
[2024-10-16T21:14:03.631+0000] {spark_submit.py:634} INFO - 24/10/16 21:14:03 INFO CodeGenerator: Code generated in 9.402553 ms
[2024-10-16T21:14:03.647+0000] {spark_submit.py:634} INFO - 24/10/16 21:14:03 INFO SparkContext: Starting job: count at NativeMethodAccessorImpl.java:0
[2024-10-16T21:14:03.648+0000] {spark_submit.py:634} INFO - 24/10/16 21:14:03 INFO DAGScheduler: Got job 3 (count at NativeMethodAccessorImpl.java:0) with 1 output partitions
[2024-10-16T21:14:03.649+0000] {spark_submit.py:634} INFO - 24/10/16 21:14:03 INFO DAGScheduler: Final stage: ResultStage 4 (count at NativeMethodAccessorImpl.java:0)
[2024-10-16T21:14:03.649+0000] {spark_submit.py:634} INFO - 24/10/16 21:14:03 INFO DAGScheduler: Parents of final stage: List(ShuffleMapStage 3)
[2024-10-16T21:14:03.650+0000] {spark_submit.py:634} INFO - 24/10/16 21:14:03 INFO DAGScheduler: Missing parents: List()
[2024-10-16T21:14:03.650+0000] {spark_submit.py:634} INFO - 24/10/16 21:14:03 INFO DAGScheduler: Submitting ResultStage 4 (MapPartitionsRDD[12] at count at NativeMethodAccessorImpl.java:0), which has no missing parents
[2024-10-16T21:14:03.659+0000] {spark_submit.py:634} INFO - 24/10/16 21:14:03 INFO MemoryStore: Block broadcast_5 stored as values in memory (estimated size 12.5 KiB, free 418.1 MiB)
[2024-10-16T21:14:03.665+0000] {spark_submit.py:634} INFO - 24/10/16 21:14:03 INFO MemoryStore: Block broadcast_5_piece0 stored as bytes in memory (estimated size 5.9 KiB, free 418.1 MiB)
[2024-10-16T21:14:03.665+0000] {spark_submit.py:634} INFO - 24/10/16 21:14:03 INFO BlockManagerInfo: Added broadcast_5_piece0 in memory on cc66b6895e01:34963 (size: 5.9 KiB, free: 434.3 MiB)
[2024-10-16T21:14:03.666+0000] {spark_submit.py:634} INFO - 24/10/16 21:14:03 INFO BlockManagerInfo: Removed broadcast_4_piece0 on cc66b6895e01:34963 in memory (size: 8.7 KiB, free: 434.4 MiB)
[2024-10-16T21:14:03.667+0000] {spark_submit.py:634} INFO - 24/10/16 21:14:03 INFO SparkContext: Created broadcast 5 from broadcast at DAGScheduler.scala:1585
[2024-10-16T21:14:03.667+0000] {spark_submit.py:634} INFO - 24/10/16 21:14:03 INFO DAGScheduler: Submitting 1 missing tasks from ResultStage 4 (MapPartitionsRDD[12] at count at NativeMethodAccessorImpl.java:0) (first 15 tasks are for partitions Vector(0))
[2024-10-16T21:14:03.668+0000] {spark_submit.py:634} INFO - 24/10/16 21:14:03 INFO TaskSchedulerImpl: Adding task set 4.0 with 1 tasks resource profile 0
[2024-10-16T21:14:03.671+0000] {spark_submit.py:634} INFO - 24/10/16 21:14:03 INFO TaskSetManager: Starting task 0.0 in stage 4.0 (TID 3) (cc66b6895e01, executor driver, partition 0, NODE_LOCAL, 9179 bytes)
[2024-10-16T21:14:03.672+0000] {spark_submit.py:634} INFO - 24/10/16 21:14:03 INFO Executor: Running task 0.0 in stage 4.0 (TID 3)
[2024-10-16T21:14:03.696+0000] {spark_submit.py:634} INFO - 24/10/16 21:14:03 INFO ShuffleBlockFetcherIterator: Getting 1 (60.0 B) non-empty blocks including 1 (60.0 B) local and 0 (0.0 B) host-local and 0 (0.0 B) push-merged-local and 0 (0.0 B) remote blocks
[2024-10-16T21:14:03.698+0000] {spark_submit.py:634} INFO - 24/10/16 21:14:03 INFO ShuffleBlockFetcherIterator: Started 0 remote fetches in 8 ms
[2024-10-16T21:14:03.709+0000] {spark_submit.py:634} INFO - 24/10/16 21:14:03 INFO CodeGenerator: Code generated in 9.028135 ms
[2024-10-16T21:14:03.723+0000] {spark_submit.py:634} INFO - 24/10/16 21:14:03 INFO Executor: Finished task 0.0 in stage 4.0 (TID 3). 4081 bytes result sent to driver
[2024-10-16T21:14:03.726+0000] {spark_submit.py:634} INFO - 24/10/16 21:14:03 INFO TaskSetManager: Finished task 0.0 in stage 4.0 (TID 3) in 56 ms on cc66b6895e01 (executor driver) (1/1)
[2024-10-16T21:14:03.727+0000] {spark_submit.py:634} INFO - 24/10/16 21:14:03 INFO DAGScheduler: ResultStage 4 (count at NativeMethodAccessorImpl.java:0) finished in 0.070 s
[2024-10-16T21:14:03.728+0000] {spark_submit.py:634} INFO - 24/10/16 21:14:03 INFO TaskSchedulerImpl: Removed TaskSet 4.0, whose tasks have all completed, from pool
[2024-10-16T21:14:03.728+0000] {spark_submit.py:634} INFO - 24/10/16 21:14:03 INFO DAGScheduler: Job 3 is finished. Cancelling potential speculative or zombie tasks for this job
[2024-10-16T21:14:03.728+0000] {spark_submit.py:634} INFO - 24/10/16 21:14:03 INFO TaskSchedulerImpl: Killing all running tasks in stage 4: Stage finished
[2024-10-16T21:14:03.729+0000] {spark_submit.py:634} INFO - 24/10/16 21:14:03 INFO DAGScheduler: Job 3 finished: count at NativeMethodAccessorImpl.java:0, took 0.080900 s
[2024-10-16T21:14:03.791+0000] {spark_submit.py:634} INFO - 24/10/16 21:14:03 INFO SparkContext: Invoking stop() from shutdown hook
[2024-10-16T21:14:03.792+0000] {spark_submit.py:634} INFO - 24/10/16 21:14:03 INFO SparkContext: SparkContext is stopping with exitCode 0.
[2024-10-16T21:14:03.799+0000] {spark_submit.py:634} INFO - 24/10/16 21:14:03 INFO SparkUI: Stopped Spark web UI at http://cc66b6895e01:4040
[2024-10-16T21:14:03.808+0000] {spark_submit.py:634} INFO - 24/10/16 21:14:03 INFO MapOutputTrackerMasterEndpoint: MapOutputTrackerMasterEndpoint stopped!
[2024-10-16T21:14:03.817+0000] {spark_submit.py:634} INFO - 24/10/16 21:14:03 INFO MemoryStore: MemoryStore cleared
[2024-10-16T21:14:03.817+0000] {spark_submit.py:634} INFO - 24/10/16 21:14:03 INFO BlockManager: BlockManager stopped
[2024-10-16T21:14:03.820+0000] {spark_submit.py:634} INFO - 24/10/16 21:14:03 INFO BlockManagerMaster: BlockManagerMaster stopped
[2024-10-16T21:14:03.821+0000] {spark_submit.py:634} INFO - 24/10/16 21:14:03 INFO OutputCommitCoordinator$OutputCommitCoordinatorEndpoint: OutputCommitCoordinator stopped!
[2024-10-16T21:14:03.827+0000] {spark_submit.py:634} INFO - 24/10/16 21:14:03 INFO SparkContext: Successfully stopped SparkContext
[2024-10-16T21:14:03.828+0000] {spark_submit.py:634} INFO - 24/10/16 21:14:03 INFO ShutdownHookManager: Shutdown hook called
[2024-10-16T21:14:03.828+0000] {spark_submit.py:634} INFO - 24/10/16 21:14:03 INFO ShutdownHookManager: Deleting directory /tmp/spark-2adf6258-bb4b-4f10-8b0f-7a461782b176/pyspark-7ec3d174-50bb-4efd-9d41-68b84f540de1
[2024-10-16T21:14:03.832+0000] {spark_submit.py:634} INFO - 24/10/16 21:14:03 INFO ShutdownHookManager: Deleting directory /tmp/spark-2adf6258-bb4b-4f10-8b0f-7a461782b176
[2024-10-16T21:14:03.836+0000] {spark_submit.py:634} INFO - 24/10/16 21:14:03 INFO ShutdownHookManager: Deleting directory /tmp/spark-6529ca78-09bc-4ecc-9230-f638a6b665ef
[2024-10-16T21:14:03.884+0000] {taskinstance.py:340} INFO - ::group::Post task execution logs
[2024-10-16T21:14:03.885+0000] {taskinstance.py:352} INFO - Marking task as SUCCESS. dag_id=LoadWebScraping, task_id=spark_job, run_id=manual__2024-10-16T21:13:53.021408+00:00, execution_date=20241016T211353, start_date=20241016T211354, end_date=20241016T211403
[2024-10-16T21:14:03.924+0000] {local_task_job_runner.py:266} INFO - Task exited with return code 0
[2024-10-16T21:14:03.941+0000] {taskinstance.py:3900} INFO - 0 downstream tasks scheduled from follow-on schedule check
[2024-10-16T21:14:03.946+0000] {local_task_job_runner.py:245} INFO - ::endgroup::
