[2024-10-25T14:17:57.422+0000] {local_task_job_runner.py:123} INFO - ::group::Pre task execution logs
[2024-10-25T14:17:57.436+0000] {taskinstance.py:2612} INFO - Dependencies all met for dep_context=non-requeueable deps ti=<TaskInstance: pipeline_webscraping.pichau_tasks.Create_Container_Raw_pichau manual__2024-10-25T14:17:55.599491+00:00 [queued]>
[2024-10-25T14:17:57.442+0000] {taskinstance.py:2612} INFO - Dependencies all met for dep_context=requeueable deps ti=<TaskInstance: pipeline_webscraping.pichau_tasks.Create_Container_Raw_pichau manual__2024-10-25T14:17:55.599491+00:00 [queued]>
[2024-10-25T14:17:57.443+0000] {taskinstance.py:2865} INFO - Starting attempt 1 of 1
[2024-10-25T14:17:57.458+0000] {taskinstance.py:2888} INFO - Executing <Task(CreateContainerInDataLake): pichau_tasks.Create_Container_Raw_pichau> on 2024-10-25 14:17:55.599491+00:00
[2024-10-25T14:17:57.463+0000] {warnings.py:112} WARNING - /home/***/.local/lib/python3.12/site-packages/***/task/task_runner/standard_task_runner.py:70: DeprecationWarning: This process (pid=2402) is multi-threaded, use of fork() may lead to deadlocks in the child.
  pid = os.fork()

[2024-10-25T14:17:57.465+0000] {standard_task_runner.py:72} INFO - Started process 2404 to run task
[2024-10-25T14:17:57.466+0000] {standard_task_runner.py:104} INFO - Running: ['***', 'tasks', 'run', 'pipeline_webscraping', 'pichau_tasks.Create_Container_Raw_pichau', 'manual__2024-10-25T14:17:55.599491+00:00', '--job-id', '480', '--raw', '--subdir', 'DAGS_FOLDER/DagWebScraping.py', '--cfg-path', '/tmp/tmp0xfislwa']
[2024-10-25T14:17:57.469+0000] {standard_task_runner.py:105} INFO - Job 480: Subtask pichau_tasks.Create_Container_Raw_pichau
[2024-10-25T14:17:57.513+0000] {task_command.py:467} INFO - Running <TaskInstance: pipeline_webscraping.pichau_tasks.Create_Container_Raw_pichau manual__2024-10-25T14:17:55.599491+00:00 [running]> on host 76ae9b05cb63
[2024-10-25T14:17:57.591+0000] {taskinstance.py:3131} INFO - Exporting env vars: AIRFLOW_CTX_DAG_OWNER='***' AIRFLOW_CTX_DAG_ID='pipeline_webscraping' AIRFLOW_CTX_TASK_ID='pichau_tasks.Create_Container_Raw_pichau' AIRFLOW_CTX_EXECUTION_DATE='2024-10-25T14:17:55.599491+00:00' AIRFLOW_CTX_TRY_NUMBER='1' AIRFLOW_CTX_DAG_RUN_ID='manual__2024-10-25T14:17:55.599491+00:00'
[2024-10-25T14:17:57.592+0000] {taskinstance.py:731} INFO - ::endgroup::
[2024-10-25T14:17:57.605+0000] {baseoperator.py:405} WARNING - CreateContainerInDataLake.execute cannot be called outside TaskInstance!
[2024-10-25T14:17:57.606+0000] {subprocess.py:63} INFO - Tmp dir root location: /tmp
[2024-10-25T14:17:57.607+0000] {subprocess.py:75} INFO - Running command: ['/usr/bin/bash', '-c', 'mkdir -p /opt/***/datalake/rawzone/pichau_2024-10-25']
[2024-10-25T14:17:57.615+0000] {subprocess.py:86} INFO - Output:
[2024-10-25T14:17:57.620+0000] {subprocess.py:97} INFO - Command exited with return code 0
[2024-10-25T14:17:57.646+0000] {taskinstance.py:340} INFO - ::group::Post task execution logs
[2024-10-25T14:17:57.646+0000] {taskinstance.py:352} INFO - Marking task as SUCCESS. dag_id=pipeline_webscraping, task_id=pichau_tasks.Create_Container_Raw_pichau, run_id=manual__2024-10-25T14:17:55.599491+00:00, execution_date=20241025T141755, start_date=20241025T141757, end_date=20241025T141757
[2024-10-25T14:17:57.680+0000] {local_task_job_runner.py:266} INFO - Task exited with return code 0
[2024-10-25T14:17:57.706+0000] {taskinstance.py:3900} INFO - 1 downstream tasks scheduled from follow-on schedule check
[2024-10-25T14:17:57.717+0000] {local_task_job_runner.py:245} INFO - ::endgroup::
