[2024-10-07T19:53:37.555+0000] {local_task_job_runner.py:123} INFO - ::group::Pre task execution logs
[2024-10-07T19:53:37.573+0000] {taskinstance.py:2612} INFO - Dependencies all met for dep_context=non-requeueable deps ti=<TaskInstance: pipeline_webscraping.kabum_tasks.Spark_Transformation_kabum manual__2024-10-07T19:45:36.778237+00:00 [queued]>
[2024-10-07T19:53:37.581+0000] {taskinstance.py:2612} INFO - Dependencies all met for dep_context=requeueable deps ti=<TaskInstance: pipeline_webscraping.kabum_tasks.Spark_Transformation_kabum manual__2024-10-07T19:45:36.778237+00:00 [queued]>
[2024-10-07T19:53:37.582+0000] {taskinstance.py:2865} INFO - Starting attempt 1 of 1
[2024-10-07T19:53:37.598+0000] {taskinstance.py:2888} INFO - Executing <Task(OperatorSubmitSpark): kabum_tasks.Spark_Transformation_kabum> on 2024-10-07 19:45:36.778237+00:00
[2024-10-07T19:53:37.606+0000] {warnings.py:112} WARNING - /home/***/.local/lib/python3.12/site-packages/***/task/task_runner/standard_task_runner.py:70: DeprecationWarning: This process (pid=2148) is multi-threaded, use of fork() may lead to deadlocks in the child.
  pid = os.fork()

[2024-10-07T19:53:37.607+0000] {standard_task_runner.py:72} INFO - Started process 2150 to run task
[2024-10-07T19:53:37.608+0000] {standard_task_runner.py:104} INFO - Running: ['***', 'tasks', 'run', 'pipeline_webscraping', 'kabum_tasks.Spark_Transformation_kabum', 'manual__2024-10-07T19:45:36.778237+00:00', '--job-id', '1293', '--raw', '--subdir', 'DAGS_FOLDER/DagWebScraping.py', '--cfg-path', '/tmp/tmpr24hy5vt']
[2024-10-07T19:53:37.610+0000] {standard_task_runner.py:105} INFO - Job 1293: Subtask kabum_tasks.Spark_Transformation_kabum
[2024-10-07T19:53:37.658+0000] {task_command.py:467} INFO - Running <TaskInstance: pipeline_webscraping.kabum_tasks.Spark_Transformation_kabum manual__2024-10-07T19:45:36.778237+00:00 [running]> on host 97b4e38b3eb9
[2024-10-07T19:53:37.739+0000] {taskinstance.py:3131} INFO - Exporting env vars: AIRFLOW_CTX_DAG_OWNER='***' AIRFLOW_CTX_DAG_ID='pipeline_webscraping' AIRFLOW_CTX_TASK_ID='kabum_tasks.Spark_Transformation_kabum' AIRFLOW_CTX_EXECUTION_DATE='2024-10-07T19:45:36.778237+00:00' AIRFLOW_CTX_TRY_NUMBER='1' AIRFLOW_CTX_DAG_RUN_ID='manual__2024-10-07T19:45:36.778237+00:00'
[2024-10-07T19:53:37.741+0000] {taskinstance.py:731} INFO - ::endgroup::
[2024-10-07T19:53:37.771+0000] {logging_mixin.py:190} INFO - teste /opt/***/datalake/rawzone/kabum_2024-10-07/data.json
[2024-10-07T19:53:37.772+0000] {baseoperator.py:405} WARNING - OperatorSubmitSpark.execute cannot be called outside TaskInstance!
[2024-10-07T19:53:37.781+0000] {base.py:84} INFO - Retrieving connection 'spark_default'
[2024-10-07T19:53:37.783+0000] {spark_submit.py:403} INFO - Spark-Submit cmd: spark-submit --master spark://spark:7077 --num-executors 2 --driver-memory 512M --name arrow-spark --deploy-mode client /opt/bitnami/spark/src/scripts_spark/WebScraping_Transformation.py --path_save_transfor /opt/***/datalake/silverzone/kabum_2024-10-07 --json_file_path /opt/***/datalake/rawzone/kabum_2024-10-07/data.json
[2024-10-07T19:53:41.403+0000] {spark_submit.py:579} INFO - 24/10/07 19:53:41 INFO SparkContext: Running Spark version 3.5.2
[2024-10-07T19:53:41.405+0000] {spark_submit.py:579} INFO - 24/10/07 19:53:41 INFO SparkContext: OS info Linux, 5.15.153.1-microsoft-standard-WSL2, amd64
[2024-10-07T19:53:41.406+0000] {spark_submit.py:579} INFO - 24/10/07 19:53:41 INFO SparkContext: Java version 17.0.12
[2024-10-07T19:53:41.468+0000] {spark_submit.py:579} INFO - 24/10/07 19:53:41 WARN NativeCodeLoader: Unable to load native-hadoop library for your platform... using builtin-java classes where applicable
[2024-10-07T19:53:41.578+0000] {spark_submit.py:579} INFO - 24/10/07 19:53:41 INFO ResourceUtils: ==============================================================
[2024-10-07T19:53:41.578+0000] {spark_submit.py:579} INFO - 24/10/07 19:53:41 INFO ResourceUtils: No custom resources configured for spark.driver.
[2024-10-07T19:53:41.579+0000] {spark_submit.py:579} INFO - 24/10/07 19:53:41 INFO ResourceUtils: ==============================================================
[2024-10-07T19:53:41.579+0000] {spark_submit.py:579} INFO - 24/10/07 19:53:41 INFO SparkContext: Submitted application: Test
[2024-10-07T19:53:41.598+0000] {spark_submit.py:579} INFO - 24/10/07 19:53:41 INFO ResourceProfile: Default ResourceProfile created, executor resources: Map(cores -> name: cores, amount: 1, script: , vendor: , memory -> name: memory, amount: 1024, script: , vendor: , offHeap -> name: offHeap, amount: 0, script: , vendor: ), task resources: Map(cpus -> name: cpus, amount: 1.0)
[2024-10-07T19:53:41.605+0000] {spark_submit.py:579} INFO - 24/10/07 19:53:41 INFO ResourceProfile: Limiting resource is cpu
[2024-10-07T19:53:41.605+0000] {spark_submit.py:579} INFO - 24/10/07 19:53:41 INFO ResourceProfileManager: Added ResourceProfile id: 0
[2024-10-07T19:53:41.673+0000] {spark_submit.py:579} INFO - 24/10/07 19:53:41 INFO SecurityManager: Changing view acls to: ***
[2024-10-07T19:53:41.673+0000] {spark_submit.py:579} INFO - 24/10/07 19:53:41 INFO SecurityManager: Changing modify acls to: ***
[2024-10-07T19:53:41.677+0000] {spark_submit.py:579} INFO - 24/10/07 19:53:41 INFO SecurityManager: Changing view acls groups to:
[2024-10-07T19:53:41.677+0000] {spark_submit.py:579} INFO - 24/10/07 19:53:41 INFO SecurityManager: Changing modify acls groups to:
[2024-10-07T19:53:41.678+0000] {spark_submit.py:579} INFO - 24/10/07 19:53:41 INFO SecurityManager: SecurityManager: authentication disabled; ui acls disabled; users with view permissions: ***; groups with view permissions: EMPTY; users with modify permissions: ***; groups with modify permissions: EMPTY
[2024-10-07T19:53:41.908+0000] {spark_submit.py:579} INFO - 24/10/07 19:53:41 INFO Utils: Successfully started service 'sparkDriver' on port 44903.
[2024-10-07T19:53:41.934+0000] {spark_submit.py:579} INFO - 24/10/07 19:53:41 INFO SparkEnv: Registering MapOutputTracker
[2024-10-07T19:53:41.971+0000] {spark_submit.py:579} INFO - 24/10/07 19:53:41 INFO SparkEnv: Registering BlockManagerMaster
[2024-10-07T19:53:41.989+0000] {spark_submit.py:579} INFO - 24/10/07 19:53:41 INFO BlockManagerMasterEndpoint: Using org.apache.spark.storage.DefaultTopologyMapper for getting topology information
[2024-10-07T19:53:41.989+0000] {spark_submit.py:579} INFO - 24/10/07 19:53:41 INFO BlockManagerMasterEndpoint: BlockManagerMasterEndpoint up
[2024-10-07T19:53:41.995+0000] {spark_submit.py:579} INFO - 24/10/07 19:53:41 INFO SparkEnv: Registering BlockManagerMasterHeartbeat
[2024-10-07T19:53:42.020+0000] {spark_submit.py:579} INFO - 24/10/07 19:53:42 INFO DiskBlockManager: Created local directory at /tmp/blockmgr-8ca61c1f-490e-43da-98c5-0ecb7e600411
[2024-10-07T19:53:42.043+0000] {spark_submit.py:579} INFO - 24/10/07 19:53:42 INFO MemoryStore: MemoryStore started with capacity 127.2 MiB
[2024-10-07T19:53:42.057+0000] {spark_submit.py:579} INFO - 24/10/07 19:53:42 INFO SparkEnv: Registering OutputCommitCoordinator
[2024-10-07T19:53:42.174+0000] {spark_submit.py:579} INFO - 24/10/07 19:53:42 INFO JettyUtils: Start Jetty 0.0.0.0:4040 for SparkUI
[2024-10-07T19:53:42.244+0000] {spark_submit.py:579} INFO - 24/10/07 19:53:42 INFO Utils: Successfully started service 'SparkUI' on port 4040.
[2024-10-07T19:53:42.346+0000] {spark_submit.py:579} INFO - 24/10/07 19:53:42 INFO Executor: Starting executor ID driver on host 97b4e38b3eb9
[2024-10-07T19:53:42.347+0000] {spark_submit.py:579} INFO - 24/10/07 19:53:42 INFO Executor: OS info Linux, 5.15.153.1-microsoft-standard-WSL2, amd64
[2024-10-07T19:53:42.347+0000] {spark_submit.py:579} INFO - 24/10/07 19:53:42 INFO Executor: Java version 17.0.12
[2024-10-07T19:53:42.356+0000] {spark_submit.py:579} INFO - 24/10/07 19:53:42 INFO Executor: Starting executor with user classpath (userClassPathFirst = false): ''
[2024-10-07T19:53:42.356+0000] {spark_submit.py:579} INFO - 24/10/07 19:53:42 INFO Executor: Created or updated repl class loader org.apache.spark.util.MutableURLClassLoader@500a3a48 for default.
[2024-10-07T19:53:42.382+0000] {spark_submit.py:579} INFO - 24/10/07 19:53:42 INFO Utils: Successfully started service 'org.apache.spark.network.netty.NettyBlockTransferService' on port 36879.
[2024-10-07T19:53:42.383+0000] {spark_submit.py:579} INFO - 24/10/07 19:53:42 INFO NettyBlockTransferService: Server created on 97b4e38b3eb9:36879
[2024-10-07T19:53:42.384+0000] {spark_submit.py:579} INFO - 24/10/07 19:53:42 INFO BlockManager: Using org.apache.spark.storage.RandomBlockReplicationPolicy for block replication policy
[2024-10-07T19:53:42.390+0000] {spark_submit.py:579} INFO - 24/10/07 19:53:42 INFO BlockManagerMaster: Registering BlockManager BlockManagerId(driver, 97b4e38b3eb9, 36879, None)
[2024-10-07T19:53:42.398+0000] {spark_submit.py:579} INFO - 24/10/07 19:53:42 INFO BlockManagerMasterEndpoint: Registering block manager 97b4e38b3eb9:36879 with 127.2 MiB RAM, BlockManagerId(driver, 97b4e38b3eb9, 36879, None)
[2024-10-07T19:53:42.400+0000] {spark_submit.py:579} INFO - 24/10/07 19:53:42 INFO BlockManagerMaster: Registered BlockManager BlockManagerId(driver, 97b4e38b3eb9, 36879, None)
[2024-10-07T19:53:42.401+0000] {spark_submit.py:579} INFO - 24/10/07 19:53:42 INFO BlockManager: Initialized BlockManager: BlockManagerId(driver, 97b4e38b3eb9, 36879, None)
[2024-10-07T19:53:42.835+0000] {spark_submit.py:579} INFO - 24/10/07 19:53:42 INFO SharedState: Setting hive.metastore.warehouse.dir ('null') to the value of spark.sql.warehouse.dir.
[2024-10-07T19:53:42.841+0000] {spark_submit.py:579} INFO - 24/10/07 19:53:42 INFO SharedState: Warehouse path is 'file:/opt/***/spark-warehouse'.
[2024-10-07T19:53:43.705+0000] {spark_submit.py:579} INFO - 24/10/07 19:53:43 INFO InMemoryFileIndex: It took 54 ms to list leaf files for 1 paths.
[2024-10-07T19:53:43.800+0000] {spark_submit.py:579} INFO - 24/10/07 19:53:43 INFO InMemoryFileIndex: It took 10 ms to list leaf files for 1 paths.
[2024-10-07T19:53:45.716+0000] {spark_submit.py:579} INFO - 24/10/07 19:53:45 INFO FileSourceStrategy: Pushed Filters:
[2024-10-07T19:53:45.717+0000] {spark_submit.py:579} INFO - 24/10/07 19:53:45 INFO FileSourceStrategy: Post-Scan Filters:
[2024-10-07T19:53:45.943+0000] {spark_submit.py:579} INFO - 24/10/07 19:53:45 INFO MemoryStore: Block broadcast_0 stored as values in memory (estimated size 199.4 KiB, free 127.0 MiB)
[2024-10-07T19:53:46.002+0000] {spark_submit.py:579} INFO - 24/10/07 19:53:46 INFO MemoryStore: Block broadcast_0_piece0 stored as bytes in memory (estimated size 34.2 KiB, free 127.0 MiB)
[2024-10-07T19:53:46.005+0000] {spark_submit.py:579} INFO - 24/10/07 19:53:46 INFO BlockManagerInfo: Added broadcast_0_piece0 in memory on 97b4e38b3eb9:36879 (size: 34.2 KiB, free: 127.2 MiB)
[2024-10-07T19:53:46.010+0000] {spark_submit.py:579} INFO - 24/10/07 19:53:46 INFO SparkContext: Created broadcast 0 from json at NativeMethodAccessorImpl.java:0
[2024-10-07T19:53:46.021+0000] {spark_submit.py:579} INFO - 24/10/07 19:53:46 INFO FileSourceScanExec: Planning scan with bin packing, max size: 4711437 bytes, open cost is considered as scanning 4194304 bytes.
[2024-10-07T19:53:46.161+0000] {spark_submit.py:579} INFO - 24/10/07 19:53:46 INFO SparkContext: Starting job: json at NativeMethodAccessorImpl.java:0
[2024-10-07T19:53:46.177+0000] {spark_submit.py:579} INFO - 24/10/07 19:53:46 INFO DAGScheduler: Got job 0 (json at NativeMethodAccessorImpl.java:0) with 1 output partitions
[2024-10-07T19:53:46.178+0000] {spark_submit.py:579} INFO - 24/10/07 19:53:46 INFO DAGScheduler: Final stage: ResultStage 0 (json at NativeMethodAccessorImpl.java:0)
[2024-10-07T19:53:46.178+0000] {spark_submit.py:579} INFO - 24/10/07 19:53:46 INFO DAGScheduler: Parents of final stage: List()
[2024-10-07T19:53:46.182+0000] {spark_submit.py:579} INFO - 24/10/07 19:53:46 INFO DAGScheduler: Missing parents: List()
[2024-10-07T19:53:46.184+0000] {spark_submit.py:579} INFO - 24/10/07 19:53:46 INFO DAGScheduler: Submitting ResultStage 0 (MapPartitionsRDD[3] at json at NativeMethodAccessorImpl.java:0), which has no missing parents
[2024-10-07T19:53:46.260+0000] {spark_submit.py:579} INFO - 24/10/07 19:53:46 INFO MemoryStore: Block broadcast_1 stored as values in memory (estimated size 16.1 KiB, free 127.0 MiB)
[2024-10-07T19:53:46.268+0000] {spark_submit.py:579} INFO - 24/10/07 19:53:46 INFO MemoryStore: Block broadcast_1_piece0 stored as bytes in memory (estimated size 7.5 KiB, free 126.9 MiB)
[2024-10-07T19:53:46.269+0000] {spark_submit.py:579} INFO - 24/10/07 19:53:46 INFO BlockManagerInfo: Added broadcast_1_piece0 in memory on 97b4e38b3eb9:36879 (size: 7.5 KiB, free: 127.2 MiB)
[2024-10-07T19:53:46.269+0000] {spark_submit.py:579} INFO - 24/10/07 19:53:46 INFO SparkContext: Created broadcast 1 from broadcast at DAGScheduler.scala:1585
[2024-10-07T19:53:46.290+0000] {spark_submit.py:579} INFO - 24/10/07 19:53:46 INFO DAGScheduler: Submitting 1 missing tasks from ResultStage 0 (MapPartitionsRDD[3] at json at NativeMethodAccessorImpl.java:0) (first 15 tasks are for partitions Vector(0))
[2024-10-07T19:53:46.292+0000] {spark_submit.py:579} INFO - 24/10/07 19:53:46 INFO TaskSchedulerImpl: Adding task set 0.0 with 1 tasks resource profile 0
[2024-10-07T19:53:46.338+0000] {spark_submit.py:579} INFO - 24/10/07 19:53:46 INFO TaskSetManager: Starting task 0.0 in stage 0.0 (TID 0) (97b4e38b3eb9, executor driver, partition 0, PROCESS_LOCAL, 9625 bytes)
[2024-10-07T19:53:46.353+0000] {spark_submit.py:579} INFO - 24/10/07 19:53:46 INFO Executor: Running task 0.0 in stage 0.0 (TID 0)
[2024-10-07T19:53:46.449+0000] {spark_submit.py:579} INFO - 24/10/07 19:53:46 INFO FileScanRDD: Reading File path: file:///opt/***/datalake/rawzone/kabum_2024-10-07/data.json, range: 0-517133, partition values: [empty row]
[2024-10-07T19:53:46.693+0000] {spark_submit.py:579} INFO - 24/10/07 19:53:46 INFO CodeGenerator: Code generated in 211.076887 ms
[2024-10-07T19:53:46.807+0000] {spark_submit.py:579} INFO - 24/10/07 19:53:46 INFO Executor: Finished task 0.0 in stage 0.0 (TID 0). 2121 bytes result sent to driver
[2024-10-07T19:53:46.820+0000] {spark_submit.py:579} INFO - 24/10/07 19:53:46 INFO TaskSetManager: Finished task 0.0 in stage 0.0 (TID 0) in 494 ms on 97b4e38b3eb9 (executor driver) (1/1)
[2024-10-07T19:53:46.822+0000] {spark_submit.py:579} INFO - 24/10/07 19:53:46 INFO TaskSchedulerImpl: Removed TaskSet 0.0, whose tasks have all completed, from pool
[2024-10-07T19:53:46.827+0000] {spark_submit.py:579} INFO - 24/10/07 19:53:46 INFO DAGScheduler: ResultStage 0 (json at NativeMethodAccessorImpl.java:0) finished in 0.633 s
[2024-10-07T19:53:46.833+0000] {spark_submit.py:579} INFO - 24/10/07 19:53:46 INFO DAGScheduler: Job 0 is finished. Cancelling potential speculative or zombie tasks for this job
[2024-10-07T19:53:46.833+0000] {spark_submit.py:579} INFO - 24/10/07 19:53:46 INFO TaskSchedulerImpl: Killing all running tasks in stage 0: Stage finished
[2024-10-07T19:53:46.836+0000] {spark_submit.py:579} INFO - 24/10/07 19:53:46 INFO DAGScheduler: Job 0 finished: json at NativeMethodAccessorImpl.java:0, took 0.674352 s
[2024-10-07T19:53:47.427+0000] {spark_submit.py:579} INFO - 24/10/07 19:53:47 INFO BlockManagerInfo: Removed broadcast_1_piece0 on 97b4e38b3eb9:36879 in memory (size: 7.5 KiB, free: 127.2 MiB)
[2024-10-07T19:53:47.909+0000] {spark_submit.py:579} INFO - 24/10/07 19:53:47 INFO BlockManagerInfo: Removed broadcast_0_piece0 on 97b4e38b3eb9:36879 in memory (size: 34.2 KiB, free: 127.2 MiB)
[2024-10-07T19:53:48.049+0000] {spark_submit.py:579} INFO - 24/10/07 19:53:48 INFO FileSourceStrategy: Pushed Filters: IsNotNull(category),EqualTo(category,placas-mae)
[2024-10-07T19:53:48.055+0000] {spark_submit.py:579} INFO - 24/10/07 19:53:48 INFO FileSourceStrategy: Post-Scan Filters: isnotnull(category#8),(category#8 = placas-mae)
[2024-10-07T19:53:48.138+0000] {spark_submit.py:579} INFO - 24/10/07 19:53:48 INFO ParquetUtils: Using default output committer for Parquet: org.apache.parquet.hadoop.ParquetOutputCommitter
[2024-10-07T19:53:48.155+0000] {spark_submit.py:579} INFO - 24/10/07 19:53:48 INFO FileOutputCommitter: File Output Committer Algorithm version is 1
[2024-10-07T19:53:48.155+0000] {spark_submit.py:579} INFO - 24/10/07 19:53:48 INFO FileOutputCommitter: FileOutputCommitter skip cleanup _temporary folders under output directory:false, ignore cleanup failures: false
[2024-10-07T19:53:48.156+0000] {spark_submit.py:579} INFO - 24/10/07 19:53:48 INFO SQLHadoopMapReduceCommitProtocol: Using user defined output committer class org.apache.parquet.hadoop.ParquetOutputCommitter
[2024-10-07T19:53:48.156+0000] {spark_submit.py:579} INFO - 24/10/07 19:53:48 INFO FileOutputCommitter: File Output Committer Algorithm version is 1
[2024-10-07T19:53:48.157+0000] {spark_submit.py:579} INFO - 24/10/07 19:53:48 INFO FileOutputCommitter: FileOutputCommitter skip cleanup _temporary folders under output directory:false, ignore cleanup failures: false
[2024-10-07T19:53:48.157+0000] {spark_submit.py:579} INFO - 24/10/07 19:53:48 INFO SQLHadoopMapReduceCommitProtocol: Using output committer class org.apache.parquet.hadoop.ParquetOutputCommitter
[2024-10-07T19:53:48.388+0000] {spark_submit.py:579} INFO - 24/10/07 19:53:48 INFO CodeGenerator: Code generated in 86.599965 ms
[2024-10-07T19:53:48.392+0000] {spark_submit.py:579} INFO - 24/10/07 19:53:48 INFO MemoryStore: Block broadcast_2 stored as values in memory (estimated size 199.3 KiB, free 127.0 MiB)
[2024-10-07T19:53:48.401+0000] {spark_submit.py:579} INFO - 24/10/07 19:53:48 INFO MemoryStore: Block broadcast_2_piece0 stored as bytes in memory (estimated size 34.2 KiB, free 127.0 MiB)
[2024-10-07T19:53:48.403+0000] {spark_submit.py:579} INFO - 24/10/07 19:53:48 INFO BlockManagerInfo: Added broadcast_2_piece0 in memory on 97b4e38b3eb9:36879 (size: 34.2 KiB, free: 127.2 MiB)
[2024-10-07T19:53:48.404+0000] {spark_submit.py:579} INFO - 24/10/07 19:53:48 INFO SparkContext: Created broadcast 2 from parquet at NativeMethodAccessorImpl.java:0
[2024-10-07T19:53:48.407+0000] {spark_submit.py:579} INFO - 24/10/07 19:53:48 INFO FileSourceScanExec: Planning scan with bin packing, max size: 4711437 bytes, open cost is considered as scanning 4194304 bytes.
[2024-10-07T19:53:48.429+0000] {spark_submit.py:579} INFO - 24/10/07 19:53:48 INFO SparkContext: Starting job: parquet at NativeMethodAccessorImpl.java:0
[2024-10-07T19:53:48.430+0000] {spark_submit.py:579} INFO - 24/10/07 19:53:48 INFO DAGScheduler: Got job 1 (parquet at NativeMethodAccessorImpl.java:0) with 1 output partitions
[2024-10-07T19:53:48.431+0000] {spark_submit.py:579} INFO - 24/10/07 19:53:48 INFO DAGScheduler: Final stage: ResultStage 1 (parquet at NativeMethodAccessorImpl.java:0)
[2024-10-07T19:53:48.433+0000] {spark_submit.py:579} INFO - 24/10/07 19:53:48 INFO DAGScheduler: Parents of final stage: List()
[2024-10-07T19:53:48.435+0000] {spark_submit.py:579} INFO - 24/10/07 19:53:48 INFO DAGScheduler: Missing parents: List()
[2024-10-07T19:53:48.435+0000] {spark_submit.py:579} INFO - 24/10/07 19:53:48 INFO DAGScheduler: Submitting ResultStage 1 (MapPartitionsRDD[7] at parquet at NativeMethodAccessorImpl.java:0), which has no missing parents
[2024-10-07T19:53:48.475+0000] {spark_submit.py:579} INFO - 24/10/07 19:53:48 INFO MemoryStore: Block broadcast_3 stored as values in memory (estimated size 229.7 KiB, free 126.7 MiB)
[2024-10-07T19:53:48.480+0000] {spark_submit.py:579} INFO - 24/10/07 19:53:48 INFO MemoryStore: Block broadcast_3_piece0 stored as bytes in memory (estimated size 81.9 KiB, free 126.7 MiB)
[2024-10-07T19:53:48.481+0000] {spark_submit.py:579} INFO - 24/10/07 19:53:48 INFO BlockManagerInfo: Added broadcast_3_piece0 in memory on 97b4e38b3eb9:36879 (size: 81.9 KiB, free: 127.1 MiB)
[2024-10-07T19:53:48.486+0000] {spark_submit.py:579} INFO - 24/10/07 19:53:48 INFO SparkContext: Created broadcast 3 from broadcast at DAGScheduler.scala:1585
[2024-10-07T19:53:48.486+0000] {spark_submit.py:579} INFO - 24/10/07 19:53:48 INFO DAGScheduler: Submitting 1 missing tasks from ResultStage 1 (MapPartitionsRDD[7] at parquet at NativeMethodAccessorImpl.java:0) (first 15 tasks are for partitions Vector(0))
[2024-10-07T19:53:48.487+0000] {spark_submit.py:579} INFO - 24/10/07 19:53:48 INFO TaskSchedulerImpl: Adding task set 1.0 with 1 tasks resource profile 0
[2024-10-07T19:53:48.489+0000] {spark_submit.py:579} INFO - 24/10/07 19:53:48 INFO TaskSetManager: Starting task 0.0 in stage 1.0 (TID 1) (97b4e38b3eb9, executor driver, partition 0, PROCESS_LOCAL, 9625 bytes)
[2024-10-07T19:53:48.491+0000] {spark_submit.py:579} INFO - 24/10/07 19:53:48 INFO Executor: Running task 0.0 in stage 1.0 (TID 1)
[2024-10-07T19:53:48.604+0000] {spark_submit.py:579} INFO - 24/10/07 19:53:48 INFO CodeGenerator: Code generated in 71.160043 ms
[2024-10-07T19:53:48.612+0000] {spark_submit.py:579} INFO - 24/10/07 19:53:48 INFO FileOutputCommitter: File Output Committer Algorithm version is 1
[2024-10-07T19:53:48.613+0000] {spark_submit.py:579} INFO - 24/10/07 19:53:48 INFO FileOutputCommitter: FileOutputCommitter skip cleanup _temporary folders under output directory:false, ignore cleanup failures: false
[2024-10-07T19:53:48.614+0000] {spark_submit.py:579} INFO - 24/10/07 19:53:48 INFO SQLHadoopMapReduceCommitProtocol: Using user defined output committer class org.apache.parquet.hadoop.ParquetOutputCommitter
[2024-10-07T19:53:48.619+0000] {spark_submit.py:579} INFO - 24/10/07 19:53:48 INFO FileOutputCommitter: File Output Committer Algorithm version is 1
[2024-10-07T19:53:48.622+0000] {spark_submit.py:579} INFO - 24/10/07 19:53:48 INFO FileOutputCommitter: FileOutputCommitter skip cleanup _temporary folders under output directory:false, ignore cleanup failures: false
[2024-10-07T19:53:48.622+0000] {spark_submit.py:579} INFO - 24/10/07 19:53:48 INFO SQLHadoopMapReduceCommitProtocol: Using output committer class org.apache.parquet.hadoop.ParquetOutputCommitter
[2024-10-07T19:53:48.624+0000] {spark_submit.py:579} INFO - 24/10/07 19:53:48 INFO CodecConfig: Compression: SNAPPY
[2024-10-07T19:53:48.631+0000] {spark_submit.py:579} INFO - 24/10/07 19:53:48 INFO CodecConfig: Compression: SNAPPY
[2024-10-07T19:53:48.662+0000] {spark_submit.py:579} INFO - 24/10/07 19:53:48 INFO ParquetOutputFormat: ParquetRecordWriter [block size: 134217728b, row group padding size: 8388608b, validating: false]
[2024-10-07T19:53:48.696+0000] {spark_submit.py:579} INFO - 24/10/07 19:53:48 INFO ParquetWriteSupport: Initialized Parquet WriteSupport with Catalyst schema:
[2024-10-07T19:53:48.697+0000] {spark_submit.py:579} INFO - {
[2024-10-07T19:53:48.697+0000] {spark_submit.py:579} INFO - "type" : "struct",
[2024-10-07T19:53:48.698+0000] {spark_submit.py:579} INFO - "fields" : [ {
[2024-10-07T19:53:48.699+0000] {spark_submit.py:579} INFO - "name" : "id_placa_mae",
[2024-10-07T19:53:48.702+0000] {spark_submit.py:579} INFO - "type" : "long",
[2024-10-07T19:53:48.703+0000] {spark_submit.py:579} INFO - "nullable" : false,
[2024-10-07T19:53:48.703+0000] {spark_submit.py:579} INFO - "metadata" : { }
[2024-10-07T19:53:48.703+0000] {spark_submit.py:579} INFO - }, {
[2024-10-07T19:53:48.704+0000] {spark_submit.py:579} INFO - "name" : "name",
[2024-10-07T19:53:48.705+0000] {spark_submit.py:579} INFO - "type" : "string",
[2024-10-07T19:53:48.705+0000] {spark_submit.py:579} INFO - "nullable" : true,
[2024-10-07T19:53:48.706+0000] {spark_submit.py:579} INFO - "metadata" : { }
[2024-10-07T19:53:48.706+0000] {spark_submit.py:579} INFO - }, {
[2024-10-07T19:53:48.707+0000] {spark_submit.py:579} INFO - "name" : "marca",
[2024-10-07T19:53:48.707+0000] {spark_submit.py:579} INFO - "type" : "string",
[2024-10-07T19:53:48.708+0000] {spark_submit.py:579} INFO - "nullable" : true,
[2024-10-07T19:53:48.708+0000] {spark_submit.py:579} INFO - "metadata" : { }
[2024-10-07T19:53:48.708+0000] {spark_submit.py:579} INFO - }, {
[2024-10-07T19:53:48.708+0000] {spark_submit.py:579} INFO - "name" : "modelo",
[2024-10-07T19:53:48.709+0000] {spark_submit.py:579} INFO - "type" : "string",
[2024-10-07T19:53:48.709+0000] {spark_submit.py:579} INFO - "nullable" : true,
[2024-10-07T19:53:48.709+0000] {spark_submit.py:579} INFO - "metadata" : { }
[2024-10-07T19:53:48.710+0000] {spark_submit.py:579} INFO - }, {
[2024-10-07T19:53:48.710+0000] {spark_submit.py:579} INFO - "name" : "socket",
[2024-10-07T19:53:48.710+0000] {spark_submit.py:579} INFO - "type" : "string",
[2024-10-07T19:53:48.711+0000] {spark_submit.py:579} INFO - "nullable" : true,
[2024-10-07T19:53:48.711+0000] {spark_submit.py:579} INFO - "metadata" : { }
[2024-10-07T19:53:48.711+0000] {spark_submit.py:579} INFO - }, {
[2024-10-07T19:53:48.712+0000] {spark_submit.py:579} INFO - "name" : "DDR",
[2024-10-07T19:53:48.712+0000] {spark_submit.py:579} INFO - "type" : "long",
[2024-10-07T19:53:48.712+0000] {spark_submit.py:579} INFO - "nullable" : true,
[2024-10-07T19:53:48.713+0000] {spark_submit.py:579} INFO - "metadata" : { }
[2024-10-07T19:53:48.713+0000] {spark_submit.py:579} INFO - }, {
[2024-10-07T19:53:48.713+0000] {spark_submit.py:579} INFO - "name" : "value",
[2024-10-07T19:53:48.714+0000] {spark_submit.py:579} INFO - "type" : "double",
[2024-10-07T19:53:48.714+0000] {spark_submit.py:579} INFO - "nullable" : true,
[2024-10-07T19:53:48.714+0000] {spark_submit.py:579} INFO - "metadata" : { }
[2024-10-07T19:53:48.715+0000] {spark_submit.py:579} INFO - }, {
[2024-10-07T19:53:48.716+0000] {spark_submit.py:579} INFO - "name" : "link",
[2024-10-07T19:53:48.717+0000] {spark_submit.py:579} INFO - "type" : "string",
[2024-10-07T19:53:48.717+0000] {spark_submit.py:579} INFO - "nullable" : true,
[2024-10-07T19:53:48.718+0000] {spark_submit.py:579} INFO - "metadata" : { }
[2024-10-07T19:53:48.718+0000] {spark_submit.py:579} INFO - } ]
[2024-10-07T19:53:48.719+0000] {spark_submit.py:579} INFO - }
[2024-10-07T19:53:48.719+0000] {spark_submit.py:579} INFO - and corresponding Parquet message type:
[2024-10-07T19:53:48.719+0000] {spark_submit.py:579} INFO - message spark_schema {
[2024-10-07T19:53:48.720+0000] {spark_submit.py:579} INFO - required int64 id_placa_mae;
[2024-10-07T19:53:48.720+0000] {spark_submit.py:579} INFO - optional binary name (STRING);
[2024-10-07T19:53:48.720+0000] {spark_submit.py:579} INFO - optional binary marca (STRING);
[2024-10-07T19:53:48.721+0000] {spark_submit.py:579} INFO - optional binary modelo (STRING);
[2024-10-07T19:53:48.721+0000] {spark_submit.py:579} INFO - optional binary socket (STRING);
[2024-10-07T19:53:48.721+0000] {spark_submit.py:579} INFO - optional int64 DDR;
[2024-10-07T19:53:48.722+0000] {spark_submit.py:579} INFO - optional double value;
[2024-10-07T19:53:48.722+0000] {spark_submit.py:579} INFO - optional binary link (STRING);
[2024-10-07T19:53:48.722+0000] {spark_submit.py:579} INFO - }
[2024-10-07T19:53:48.723+0000] {spark_submit.py:579} INFO - 
[2024-10-07T19:53:48.723+0000] {spark_submit.py:579} INFO - 
[2024-10-07T19:53:48.820+0000] {spark_submit.py:579} INFO - 24/10/07 19:53:48 INFO CodecPool: Got brand-new compressor [.snappy]
[2024-10-07T19:53:49.013+0000] {spark_submit.py:579} INFO - 24/10/07 19:53:49 INFO FileScanRDD: Reading File path: file:///opt/***/datalake/rawzone/kabum_2024-10-07/data.json, range: 0-517133, partition values: [empty row]
[2024-10-07T19:53:49.026+0000] {spark_submit.py:579} INFO - 24/10/07 19:53:49 INFO CodeGenerator: Code generated in 10.778543 ms
[2024-10-07T19:53:49.050+0000] {spark_submit.py:579} INFO - 24/10/07 19:53:49 INFO CodeGenerator: Code generated in 5.414323 ms
[2024-10-07T19:53:49.674+0000] {spark_submit.py:579} INFO - 24/10/07 19:53:49 INFO FileOutputCommitter: Saved output of task 'attempt_202410071953483359211462932336884_0001_m_000000_1' to file:/opt/***/datalake/silverzone/kabum_2024-10-07/placa_mae.parquet/_temporary/0/task_202410071953483359211462932336884_0001_m_000000
[2024-10-07T19:53:49.675+0000] {spark_submit.py:579} INFO - 24/10/07 19:53:49 INFO SparkHadoopMapRedUtil: attempt_202410071953483359211462932336884_0001_m_000000_1: Committed. Elapsed time: 40 ms.
[2024-10-07T19:53:49.681+0000] {spark_submit.py:579} INFO - 24/10/07 19:53:49 INFO Executor: Finished task 0.0 in stage 1.0 (TID 1). 2669 bytes result sent to driver
[2024-10-07T19:53:49.683+0000] {spark_submit.py:579} INFO - 24/10/07 19:53:49 INFO TaskSetManager: Finished task 0.0 in stage 1.0 (TID 1) in 1195 ms on 97b4e38b3eb9 (executor driver) (1/1)
[2024-10-07T19:53:49.688+0000] {spark_submit.py:579} INFO - 24/10/07 19:53:49 INFO TaskSchedulerImpl: Removed TaskSet 1.0, whose tasks have all completed, from pool
[2024-10-07T19:53:49.689+0000] {spark_submit.py:579} INFO - 24/10/07 19:53:49 INFO DAGScheduler: ResultStage 1 (parquet at NativeMethodAccessorImpl.java:0) finished in 1.249 s
[2024-10-07T19:53:49.690+0000] {spark_submit.py:579} INFO - 24/10/07 19:53:49 INFO DAGScheduler: Job 1 is finished. Cancelling potential speculative or zombie tasks for this job
[2024-10-07T19:53:49.690+0000] {spark_submit.py:579} INFO - 24/10/07 19:53:49 INFO TaskSchedulerImpl: Killing all running tasks in stage 1: Stage finished
[2024-10-07T19:53:49.691+0000] {spark_submit.py:579} INFO - 24/10/07 19:53:49 INFO DAGScheduler: Job 1 finished: parquet at NativeMethodAccessorImpl.java:0, took 1.257172 s
[2024-10-07T19:53:49.691+0000] {spark_submit.py:579} INFO - 24/10/07 19:53:49 INFO FileFormatWriter: Start to commit write Job d1332375-1b3a-493e-950e-6f5bbd0c6ed7.
[2024-10-07T19:53:49.907+0000] {spark_submit.py:579} INFO - 24/10/07 19:53:49 INFO FileFormatWriter: Write Job d1332375-1b3a-493e-950e-6f5bbd0c6ed7 committed. Elapsed time: 218 ms.
[2024-10-07T19:53:49.909+0000] {spark_submit.py:579} INFO - 24/10/07 19:53:49 INFO FileFormatWriter: Finished processing stats for write job d1332375-1b3a-493e-950e-6f5bbd0c6ed7.
[2024-10-07T19:53:49.970+0000] {spark_submit.py:579} INFO - 24/10/07 19:53:49 INFO FileSourceStrategy: Pushed Filters: IsNotNull(category),EqualTo(category,memoria-ram)
[2024-10-07T19:53:49.971+0000] {spark_submit.py:579} INFO - 24/10/07 19:53:49 INFO FileSourceStrategy: Post-Scan Filters: isnotnull(category#8),(category#8 = memoria-ram)
[2024-10-07T19:53:49.982+0000] {spark_submit.py:579} INFO - 24/10/07 19:53:49 INFO ParquetUtils: Using default output committer for Parquet: org.apache.parquet.hadoop.ParquetOutputCommitter
[2024-10-07T19:53:49.985+0000] {spark_submit.py:579} INFO - 24/10/07 19:53:49 INFO FileOutputCommitter: File Output Committer Algorithm version is 1
[2024-10-07T19:53:49.986+0000] {spark_submit.py:579} INFO - 24/10/07 19:53:49 INFO FileOutputCommitter: FileOutputCommitter skip cleanup _temporary folders under output directory:false, ignore cleanup failures: false
[2024-10-07T19:53:49.987+0000] {spark_submit.py:579} INFO - 24/10/07 19:53:49 INFO SQLHadoopMapReduceCommitProtocol: Using user defined output committer class org.apache.parquet.hadoop.ParquetOutputCommitter
[2024-10-07T19:53:49.987+0000] {spark_submit.py:579} INFO - 24/10/07 19:53:49 INFO FileOutputCommitter: File Output Committer Algorithm version is 1
[2024-10-07T19:53:49.988+0000] {spark_submit.py:579} INFO - 24/10/07 19:53:49 INFO FileOutputCommitter: FileOutputCommitter skip cleanup _temporary folders under output directory:false, ignore cleanup failures: false
[2024-10-07T19:53:49.988+0000] {spark_submit.py:579} INFO - 24/10/07 19:53:49 INFO SQLHadoopMapReduceCommitProtocol: Using output committer class org.apache.parquet.hadoop.ParquetOutputCommitter
[2024-10-07T19:53:50.108+0000] {spark_submit.py:579} INFO - 24/10/07 19:53:50 INFO CodeGenerator: Code generated in 52.024502 ms
[2024-10-07T19:53:50.111+0000] {spark_submit.py:579} INFO - 24/10/07 19:53:50 INFO MemoryStore: Block broadcast_4 stored as values in memory (estimated size 199.3 KiB, free 126.5 MiB)
[2024-10-07T19:53:50.122+0000] {spark_submit.py:579} INFO - 24/10/07 19:53:50 INFO MemoryStore: Block broadcast_4_piece0 stored as bytes in memory (estimated size 34.2 KiB, free 126.4 MiB)
[2024-10-07T19:53:50.126+0000] {spark_submit.py:579} INFO - 24/10/07 19:53:50 INFO BlockManagerInfo: Added broadcast_4_piece0 in memory on 97b4e38b3eb9:36879 (size: 34.2 KiB, free: 127.1 MiB)
[2024-10-07T19:53:50.127+0000] {spark_submit.py:579} INFO - 24/10/07 19:53:50 INFO SparkContext: Created broadcast 4 from parquet at NativeMethodAccessorImpl.java:0
[2024-10-07T19:53:50.128+0000] {spark_submit.py:579} INFO - 24/10/07 19:53:50 INFO FileSourceScanExec: Planning scan with bin packing, max size: 4711437 bytes, open cost is considered as scanning 4194304 bytes.
[2024-10-07T19:53:50.136+0000] {spark_submit.py:579} INFO - 24/10/07 19:53:50 INFO SparkContext: Starting job: parquet at NativeMethodAccessorImpl.java:0
[2024-10-07T19:53:50.140+0000] {spark_submit.py:579} INFO - 24/10/07 19:53:50 INFO DAGScheduler: Got job 2 (parquet at NativeMethodAccessorImpl.java:0) with 1 output partitions
[2024-10-07T19:53:50.141+0000] {spark_submit.py:579} INFO - 24/10/07 19:53:50 INFO DAGScheduler: Final stage: ResultStage 2 (parquet at NativeMethodAccessorImpl.java:0)
[2024-10-07T19:53:50.141+0000] {spark_submit.py:579} INFO - 24/10/07 19:53:50 INFO DAGScheduler: Parents of final stage: List()
[2024-10-07T19:53:50.142+0000] {spark_submit.py:579} INFO - 24/10/07 19:53:50 INFO DAGScheduler: Missing parents: List()
[2024-10-07T19:53:50.142+0000] {spark_submit.py:579} INFO - 24/10/07 19:53:50 INFO DAGScheduler: Submitting ResultStage 2 (MapPartitionsRDD[11] at parquet at NativeMethodAccessorImpl.java:0), which has no missing parents
[2024-10-07T19:53:50.163+0000] {spark_submit.py:579} INFO - 24/10/07 19:53:50 INFO BlockManagerInfo: Removed broadcast_3_piece0 on 97b4e38b3eb9:36879 in memory (size: 81.9 KiB, free: 127.1 MiB)
[2024-10-07T19:53:50.166+0000] {spark_submit.py:579} INFO - 24/10/07 19:53:50 INFO MemoryStore: Block broadcast_5 stored as values in memory (estimated size 237.4 KiB, free 126.5 MiB)
[2024-10-07T19:53:50.172+0000] {spark_submit.py:579} INFO - 24/10/07 19:53:50 INFO MemoryStore: Block broadcast_5_piece0 stored as bytes in memory (estimated size 83.6 KiB, free 126.4 MiB)
[2024-10-07T19:53:50.173+0000] {spark_submit.py:579} INFO - 24/10/07 19:53:50 INFO BlockManagerInfo: Added broadcast_5_piece0 in memory on 97b4e38b3eb9:36879 (size: 83.6 KiB, free: 127.1 MiB)
[2024-10-07T19:53:50.173+0000] {spark_submit.py:579} INFO - 24/10/07 19:53:50 INFO SparkContext: Created broadcast 5 from broadcast at DAGScheduler.scala:1585
[2024-10-07T19:53:50.174+0000] {spark_submit.py:579} INFO - 24/10/07 19:53:50 INFO DAGScheduler: Submitting 1 missing tasks from ResultStage 2 (MapPartitionsRDD[11] at parquet at NativeMethodAccessorImpl.java:0) (first 15 tasks are for partitions Vector(0))
[2024-10-07T19:53:50.175+0000] {spark_submit.py:579} INFO - 24/10/07 19:53:50 INFO TaskSchedulerImpl: Adding task set 2.0 with 1 tasks resource profile 0
[2024-10-07T19:53:50.176+0000] {spark_submit.py:579} INFO - 24/10/07 19:53:50 INFO TaskSetManager: Starting task 0.0 in stage 2.0 (TID 2) (97b4e38b3eb9, executor driver, partition 0, PROCESS_LOCAL, 9625 bytes)
[2024-10-07T19:53:50.176+0000] {spark_submit.py:579} INFO - 24/10/07 19:53:50 INFO Executor: Running task 0.0 in stage 2.0 (TID 2)
[2024-10-07T19:53:50.283+0000] {spark_submit.py:579} INFO - 24/10/07 19:53:50 INFO CodeGenerator: Code generated in 82.653529 ms
[2024-10-07T19:53:50.294+0000] {spark_submit.py:579} INFO - 24/10/07 19:53:50 INFO FileOutputCommitter: File Output Committer Algorithm version is 1
[2024-10-07T19:53:50.294+0000] {spark_submit.py:579} INFO - 24/10/07 19:53:50 INFO FileOutputCommitter: FileOutputCommitter skip cleanup _temporary folders under output directory:false, ignore cleanup failures: false
[2024-10-07T19:53:50.295+0000] {spark_submit.py:579} INFO - 24/10/07 19:53:50 INFO SQLHadoopMapReduceCommitProtocol: Using user defined output committer class org.apache.parquet.hadoop.ParquetOutputCommitter
[2024-10-07T19:53:50.295+0000] {spark_submit.py:579} INFO - 24/10/07 19:53:50 INFO FileOutputCommitter: File Output Committer Algorithm version is 1
[2024-10-07T19:53:50.296+0000] {spark_submit.py:579} INFO - 24/10/07 19:53:50 INFO FileOutputCommitter: FileOutputCommitter skip cleanup _temporary folders under output directory:false, ignore cleanup failures: false
[2024-10-07T19:53:50.296+0000] {spark_submit.py:579} INFO - 24/10/07 19:53:50 INFO SQLHadoopMapReduceCommitProtocol: Using output committer class org.apache.parquet.hadoop.ParquetOutputCommitter
[2024-10-07T19:53:50.296+0000] {spark_submit.py:579} INFO - 24/10/07 19:53:50 INFO CodecConfig: Compression: SNAPPY
[2024-10-07T19:53:50.297+0000] {spark_submit.py:579} INFO - 24/10/07 19:53:50 INFO CodecConfig: Compression: SNAPPY
[2024-10-07T19:53:50.297+0000] {spark_submit.py:579} INFO - 24/10/07 19:53:50 INFO ParquetOutputFormat: ParquetRecordWriter [block size: 134217728b, row group padding size: 8388608b, validating: false]
[2024-10-07T19:53:50.298+0000] {spark_submit.py:579} INFO - 24/10/07 19:53:50 INFO ParquetWriteSupport: Initialized Parquet WriteSupport with Catalyst schema:
[2024-10-07T19:53:50.298+0000] {spark_submit.py:579} INFO - {
[2024-10-07T19:53:50.298+0000] {spark_submit.py:579} INFO - "type" : "struct",
[2024-10-07T19:53:50.299+0000] {spark_submit.py:579} INFO - "fields" : [ {
[2024-10-07T19:53:50.299+0000] {spark_submit.py:579} INFO - "name" : "id_memoria_ram",
[2024-10-07T19:53:50.299+0000] {spark_submit.py:579} INFO - "type" : "long",
[2024-10-07T19:53:50.304+0000] {spark_submit.py:579} INFO - "nullable" : false,
[2024-10-07T19:53:50.305+0000] {spark_submit.py:579} INFO - "metadata" : { }
[2024-10-07T19:53:50.305+0000] {spark_submit.py:579} INFO - }, {
[2024-10-07T19:53:50.306+0000] {spark_submit.py:579} INFO - "name" : "name",
[2024-10-07T19:53:50.306+0000] {spark_submit.py:579} INFO - "type" : "string",
[2024-10-07T19:53:50.306+0000] {spark_submit.py:579} INFO - "nullable" : true,
[2024-10-07T19:53:50.307+0000] {spark_submit.py:579} INFO - "metadata" : { }
[2024-10-07T19:53:50.307+0000] {spark_submit.py:579} INFO - }, {
[2024-10-07T19:53:50.307+0000] {spark_submit.py:579} INFO - "name" : "marca",
[2024-10-07T19:53:50.308+0000] {spark_submit.py:579} INFO - "type" : "string",
[2024-10-07T19:53:50.308+0000] {spark_submit.py:579} INFO - "nullable" : true,
[2024-10-07T19:53:50.308+0000] {spark_submit.py:579} INFO - "metadata" : { }
[2024-10-07T19:53:50.309+0000] {spark_submit.py:579} INFO - }, {
[2024-10-07T19:53:50.309+0000] {spark_submit.py:579} INFO - "name" : "MHZ",
[2024-10-07T19:53:50.309+0000] {spark_submit.py:579} INFO - "type" : "long",
[2024-10-07T19:53:50.310+0000] {spark_submit.py:579} INFO - "nullable" : true,
[2024-10-07T19:53:50.310+0000] {spark_submit.py:579} INFO - "metadata" : { }
[2024-10-07T19:53:50.311+0000] {spark_submit.py:579} INFO - }, {
[2024-10-07T19:53:50.311+0000] {spark_submit.py:579} INFO - "name" : "GB",
[2024-10-07T19:53:50.311+0000] {spark_submit.py:579} INFO - "type" : "long",
[2024-10-07T19:53:50.312+0000] {spark_submit.py:579} INFO - "nullable" : true,
[2024-10-07T19:53:50.312+0000] {spark_submit.py:579} INFO - "metadata" : { }
[2024-10-07T19:53:50.312+0000] {spark_submit.py:579} INFO - }, {
[2024-10-07T19:53:50.313+0000] {spark_submit.py:579} INFO - "name" : "DDR",
[2024-10-07T19:53:50.313+0000] {spark_submit.py:579} INFO - "type" : "long",
[2024-10-07T19:53:50.314+0000] {spark_submit.py:579} INFO - "nullable" : true,
[2024-10-07T19:53:50.314+0000] {spark_submit.py:579} INFO - "metadata" : { }
[2024-10-07T19:53:50.314+0000] {spark_submit.py:579} INFO - }, {
[2024-10-07T19:53:50.314+0000] {spark_submit.py:579} INFO - "name" : "latencia",
[2024-10-07T19:53:50.315+0000] {spark_submit.py:579} INFO - "type" : "long",
[2024-10-07T19:53:50.315+0000] {spark_submit.py:579} INFO - "nullable" : true,
[2024-10-07T19:53:50.316+0000] {spark_submit.py:579} INFO - "metadata" : { }
[2024-10-07T19:53:50.316+0000] {spark_submit.py:579} INFO - }, {
[2024-10-07T19:53:50.316+0000] {spark_submit.py:579} INFO - "name" : "value",
[2024-10-07T19:53:50.320+0000] {spark_submit.py:579} INFO - "type" : "double",
[2024-10-07T19:53:50.321+0000] {spark_submit.py:579} INFO - "nullable" : true,
[2024-10-07T19:53:50.322+0000] {spark_submit.py:579} INFO - "metadata" : { }
[2024-10-07T19:53:50.322+0000] {spark_submit.py:579} INFO - }, {
[2024-10-07T19:53:50.323+0000] {spark_submit.py:579} INFO - "name" : "link",
[2024-10-07T19:53:50.323+0000] {spark_submit.py:579} INFO - "type" : "string",
[2024-10-07T19:53:50.323+0000] {spark_submit.py:579} INFO - "nullable" : true,
[2024-10-07T19:53:50.324+0000] {spark_submit.py:579} INFO - "metadata" : { }
[2024-10-07T19:53:50.324+0000] {spark_submit.py:579} INFO - } ]
[2024-10-07T19:53:50.325+0000] {spark_submit.py:579} INFO - }
[2024-10-07T19:53:50.325+0000] {spark_submit.py:579} INFO - and corresponding Parquet message type:
[2024-10-07T19:53:50.325+0000] {spark_submit.py:579} INFO - message spark_schema {
[2024-10-07T19:53:50.326+0000] {spark_submit.py:579} INFO - required int64 id_memoria_ram;
[2024-10-07T19:53:50.326+0000] {spark_submit.py:579} INFO - optional binary name (STRING);
[2024-10-07T19:53:50.326+0000] {spark_submit.py:579} INFO - optional binary marca (STRING);
[2024-10-07T19:53:50.327+0000] {spark_submit.py:579} INFO - optional int64 MHZ;
[2024-10-07T19:53:50.327+0000] {spark_submit.py:579} INFO - optional int64 GB;
[2024-10-07T19:53:50.327+0000] {spark_submit.py:579} INFO - optional int64 DDR;
[2024-10-07T19:53:50.328+0000] {spark_submit.py:579} INFO - optional int64 latencia;
[2024-10-07T19:53:50.328+0000] {spark_submit.py:579} INFO - optional double value;
[2024-10-07T19:53:50.328+0000] {spark_submit.py:579} INFO - optional binary link (STRING);
[2024-10-07T19:53:50.328+0000] {spark_submit.py:579} INFO - }
[2024-10-07T19:53:50.329+0000] {spark_submit.py:579} INFO - 
[2024-10-07T19:53:50.329+0000] {spark_submit.py:579} INFO - 
[2024-10-07T19:53:50.420+0000] {spark_submit.py:579} INFO - 24/10/07 19:53:50 INFO FileScanRDD: Reading File path: file:///opt/***/datalake/rawzone/kabum_2024-10-07/data.json, range: 0-517133, partition values: [empty row]
[2024-10-07T19:53:50.597+0000] {spark_submit.py:579} INFO - 24/10/07 19:53:50 INFO FileOutputCommitter: Saved output of task 'attempt_202410071953504832704915911398343_0002_m_000000_2' to file:/opt/***/datalake/silverzone/kabum_2024-10-07/memoria_k.parquet/_temporary/0/task_202410071953504832704915911398343_0002_m_000000
[2024-10-07T19:53:50.598+0000] {spark_submit.py:579} INFO - 24/10/07 19:53:50 INFO SparkHadoopMapRedUtil: attempt_202410071953504832704915911398343_0002_m_000000_2: Committed. Elapsed time: 36 ms.
[2024-10-07T19:53:50.599+0000] {spark_submit.py:579} INFO - 24/10/07 19:53:50 INFO Executor: Finished task 0.0 in stage 2.0 (TID 2). 2626 bytes result sent to driver
[2024-10-07T19:53:50.602+0000] {spark_submit.py:579} INFO - 24/10/07 19:53:50 INFO TaskSetManager: Finished task 0.0 in stage 2.0 (TID 2) in 427 ms on 97b4e38b3eb9 (executor driver) (1/1)
[2024-10-07T19:53:50.604+0000] {spark_submit.py:579} INFO - 24/10/07 19:53:50 INFO TaskSchedulerImpl: Removed TaskSet 2.0, whose tasks have all completed, from pool
[2024-10-07T19:53:50.604+0000] {spark_submit.py:579} INFO - 24/10/07 19:53:50 INFO DAGScheduler: ResultStage 2 (parquet at NativeMethodAccessorImpl.java:0) finished in 0.461 s
[2024-10-07T19:53:50.605+0000] {spark_submit.py:579} INFO - 24/10/07 19:53:50 INFO DAGScheduler: Job 2 is finished. Cancelling potential speculative or zombie tasks for this job
[2024-10-07T19:53:50.606+0000] {spark_submit.py:579} INFO - 24/10/07 19:53:50 INFO TaskSchedulerImpl: Killing all running tasks in stage 2: Stage finished
[2024-10-07T19:53:50.606+0000] {spark_submit.py:579} INFO - 24/10/07 19:53:50 INFO DAGScheduler: Job 2 finished: parquet at NativeMethodAccessorImpl.java:0, took 0.467640 s
[2024-10-07T19:53:50.606+0000] {spark_submit.py:579} INFO - 24/10/07 19:53:50 INFO FileFormatWriter: Start to commit write Job c2df6cca-2e5b-4960-8b4a-29c77064d769.
[2024-10-07T19:53:50.807+0000] {spark_submit.py:579} INFO - 24/10/07 19:53:50 INFO FileFormatWriter: Write Job c2df6cca-2e5b-4960-8b4a-29c77064d769 committed. Elapsed time: 201 ms.
[2024-10-07T19:53:50.808+0000] {spark_submit.py:579} INFO - 24/10/07 19:53:50 INFO FileFormatWriter: Finished processing stats for write job c2df6cca-2e5b-4960-8b4a-29c77064d769.
[2024-10-07T19:53:50.863+0000] {spark_submit.py:579} INFO - 24/10/07 19:53:50 INFO FileSourceStrategy: Pushed Filters: IsNotNull(category),EqualTo(category,processadores)
[2024-10-07T19:53:50.863+0000] {spark_submit.py:579} INFO - 24/10/07 19:53:50 INFO FileSourceStrategy: Post-Scan Filters: isnotnull(category#8),(category#8 = processadores)
[2024-10-07T19:53:50.880+0000] {spark_submit.py:579} INFO - 24/10/07 19:53:50 INFO ParquetUtils: Using default output committer for Parquet: org.apache.parquet.hadoop.ParquetOutputCommitter
[2024-10-07T19:53:50.882+0000] {spark_submit.py:579} INFO - 24/10/07 19:53:50 INFO FileOutputCommitter: File Output Committer Algorithm version is 1
[2024-10-07T19:53:50.882+0000] {spark_submit.py:579} INFO - 24/10/07 19:53:50 INFO FileOutputCommitter: FileOutputCommitter skip cleanup _temporary folders under output directory:false, ignore cleanup failures: false
[2024-10-07T19:53:50.883+0000] {spark_submit.py:579} INFO - 24/10/07 19:53:50 INFO SQLHadoopMapReduceCommitProtocol: Using user defined output committer class org.apache.parquet.hadoop.ParquetOutputCommitter
[2024-10-07T19:53:50.883+0000] {spark_submit.py:579} INFO - 24/10/07 19:53:50 INFO FileOutputCommitter: File Output Committer Algorithm version is 1
[2024-10-07T19:53:50.887+0000] {spark_submit.py:579} INFO - 24/10/07 19:53:50 INFO FileOutputCommitter: FileOutputCommitter skip cleanup _temporary folders under output directory:false, ignore cleanup failures: false
[2024-10-07T19:53:50.888+0000] {spark_submit.py:579} INFO - 24/10/07 19:53:50 INFO SQLHadoopMapReduceCommitProtocol: Using output committer class org.apache.parquet.hadoop.ParquetOutputCommitter
[2024-10-07T19:53:50.981+0000] {spark_submit.py:579} INFO - 24/10/07 19:53:50 INFO CodeGenerator: Code generated in 31.716392 ms
[2024-10-07T19:53:50.984+0000] {spark_submit.py:579} INFO - 24/10/07 19:53:50 INFO MemoryStore: Block broadcast_6 stored as values in memory (estimated size 199.3 KiB, free 126.2 MiB)
[2024-10-07T19:53:50.995+0000] {spark_submit.py:579} INFO - 24/10/07 19:53:50 INFO MemoryStore: Block broadcast_6_piece0 stored as bytes in memory (estimated size 34.2 KiB, free 126.2 MiB)
[2024-10-07T19:53:50.996+0000] {spark_submit.py:579} INFO - 24/10/07 19:53:50 INFO BlockManagerInfo: Added broadcast_6_piece0 in memory on 97b4e38b3eb9:36879 (size: 34.2 KiB, free: 127.0 MiB)
[2024-10-07T19:53:50.997+0000] {spark_submit.py:579} INFO - 24/10/07 19:53:50 INFO SparkContext: Created broadcast 6 from parquet at NativeMethodAccessorImpl.java:0
[2024-10-07T19:53:50.998+0000] {spark_submit.py:579} INFO - 24/10/07 19:53:50 INFO FileSourceScanExec: Planning scan with bin packing, max size: 4711437 bytes, open cost is considered as scanning 4194304 bytes.
[2024-10-07T19:53:51.007+0000] {spark_submit.py:579} INFO - 24/10/07 19:53:51 INFO SparkContext: Starting job: parquet at NativeMethodAccessorImpl.java:0
[2024-10-07T19:53:51.008+0000] {spark_submit.py:579} INFO - 24/10/07 19:53:51 INFO DAGScheduler: Got job 3 (parquet at NativeMethodAccessorImpl.java:0) with 1 output partitions
[2024-10-07T19:53:51.008+0000] {spark_submit.py:579} INFO - 24/10/07 19:53:51 INFO DAGScheduler: Final stage: ResultStage 3 (parquet at NativeMethodAccessorImpl.java:0)
[2024-10-07T19:53:51.008+0000] {spark_submit.py:579} INFO - 24/10/07 19:53:51 INFO DAGScheduler: Parents of final stage: List()
[2024-10-07T19:53:51.009+0000] {spark_submit.py:579} INFO - 24/10/07 19:53:51 INFO DAGScheduler: Missing parents: List()
[2024-10-07T19:53:51.010+0000] {spark_submit.py:579} INFO - 24/10/07 19:53:51 INFO DAGScheduler: Submitting ResultStage 3 (MapPartitionsRDD[15] at parquet at NativeMethodAccessorImpl.java:0), which has no missing parents
[2024-10-07T19:53:51.023+0000] {spark_submit.py:579} INFO - 24/10/07 19:53:51 INFO MemoryStore: Block broadcast_7 stored as values in memory (estimated size 231.5 KiB, free 126.0 MiB)
[2024-10-07T19:53:51.026+0000] {spark_submit.py:579} INFO - 24/10/07 19:53:51 INFO MemoryStore: Block broadcast_7_piece0 stored as bytes in memory (estimated size 82.0 KiB, free 125.9 MiB)
[2024-10-07T19:53:51.026+0000] {spark_submit.py:579} INFO - 24/10/07 19:53:51 INFO BlockManagerInfo: Added broadcast_7_piece0 in memory on 97b4e38b3eb9:36879 (size: 82.0 KiB, free: 126.9 MiB)
[2024-10-07T19:53:51.027+0000] {spark_submit.py:579} INFO - 24/10/07 19:53:51 INFO SparkContext: Created broadcast 7 from broadcast at DAGScheduler.scala:1585
[2024-10-07T19:53:51.028+0000] {spark_submit.py:579} INFO - 24/10/07 19:53:51 INFO DAGScheduler: Submitting 1 missing tasks from ResultStage 3 (MapPartitionsRDD[15] at parquet at NativeMethodAccessorImpl.java:0) (first 15 tasks are for partitions Vector(0))
[2024-10-07T19:53:51.028+0000] {spark_submit.py:579} INFO - 24/10/07 19:53:51 INFO TaskSchedulerImpl: Adding task set 3.0 with 1 tasks resource profile 0
[2024-10-07T19:53:51.029+0000] {spark_submit.py:579} INFO - 24/10/07 19:53:51 INFO TaskSetManager: Starting task 0.0 in stage 3.0 (TID 3) (97b4e38b3eb9, executor driver, partition 0, PROCESS_LOCAL, 9625 bytes)
[2024-10-07T19:53:51.030+0000] {spark_submit.py:579} INFO - 24/10/07 19:53:51 INFO Executor: Running task 0.0 in stage 3.0 (TID 3)
[2024-10-07T19:53:51.082+0000] {spark_submit.py:579} INFO - 24/10/07 19:53:51 INFO CodeGenerator: Code generated in 39.265442 ms
[2024-10-07T19:53:51.084+0000] {spark_submit.py:579} INFO - 24/10/07 19:53:51 INFO FileOutputCommitter: File Output Committer Algorithm version is 1
[2024-10-07T19:53:51.090+0000] {spark_submit.py:579} INFO - 24/10/07 19:53:51 INFO FileOutputCommitter: FileOutputCommitter skip cleanup _temporary folders under output directory:false, ignore cleanup failures: false
[2024-10-07T19:53:51.091+0000] {spark_submit.py:579} INFO - 24/10/07 19:53:51 INFO SQLHadoopMapReduceCommitProtocol: Using user defined output committer class org.apache.parquet.hadoop.ParquetOutputCommitter
[2024-10-07T19:53:51.091+0000] {spark_submit.py:579} INFO - 24/10/07 19:53:51 INFO FileOutputCommitter: File Output Committer Algorithm version is 1
[2024-10-07T19:53:51.092+0000] {spark_submit.py:579} INFO - 24/10/07 19:53:51 INFO FileOutputCommitter: FileOutputCommitter skip cleanup _temporary folders under output directory:false, ignore cleanup failures: false
[2024-10-07T19:53:51.092+0000] {spark_submit.py:579} INFO - 24/10/07 19:53:51 INFO SQLHadoopMapReduceCommitProtocol: Using output committer class org.apache.parquet.hadoop.ParquetOutputCommitter
[2024-10-07T19:53:51.092+0000] {spark_submit.py:579} INFO - 24/10/07 19:53:51 INFO CodecConfig: Compression: SNAPPY
[2024-10-07T19:53:51.092+0000] {spark_submit.py:579} INFO - 24/10/07 19:53:51 INFO CodecConfig: Compression: SNAPPY
[2024-10-07T19:53:51.093+0000] {spark_submit.py:579} INFO - 24/10/07 19:53:51 INFO ParquetOutputFormat: ParquetRecordWriter [block size: 134217728b, row group padding size: 8388608b, validating: false]
[2024-10-07T19:53:51.093+0000] {spark_submit.py:579} INFO - 24/10/07 19:53:51 INFO ParquetWriteSupport: Initialized Parquet WriteSupport with Catalyst schema:
[2024-10-07T19:53:51.093+0000] {spark_submit.py:579} INFO - {
[2024-10-07T19:53:51.094+0000] {spark_submit.py:579} INFO - "type" : "struct",
[2024-10-07T19:53:51.094+0000] {spark_submit.py:579} INFO - "fields" : [ {
[2024-10-07T19:53:51.094+0000] {spark_submit.py:579} INFO - "name" : "id_processador",
[2024-10-07T19:53:51.095+0000] {spark_submit.py:579} INFO - "type" : "long",
[2024-10-07T19:53:51.095+0000] {spark_submit.py:579} INFO - "nullable" : false,
[2024-10-07T19:53:51.095+0000] {spark_submit.py:579} INFO - "metadata" : { }
[2024-10-07T19:53:51.095+0000] {spark_submit.py:579} INFO - }, {
[2024-10-07T19:53:51.096+0000] {spark_submit.py:579} INFO - "name" : "marca",
[2024-10-07T19:53:51.096+0000] {spark_submit.py:579} INFO - "type" : "string",
[2024-10-07T19:53:51.096+0000] {spark_submit.py:579} INFO - "nullable" : true,
[2024-10-07T19:53:51.097+0000] {spark_submit.py:579} INFO - "metadata" : { }
[2024-10-07T19:53:51.097+0000] {spark_submit.py:579} INFO - }, {
[2024-10-07T19:53:51.097+0000] {spark_submit.py:579} INFO - "name" : "modelo",
[2024-10-07T19:53:51.098+0000] {spark_submit.py:579} INFO - "type" : "string",
[2024-10-07T19:53:51.098+0000] {spark_submit.py:579} INFO - "nullable" : true,
[2024-10-07T19:53:51.098+0000] {spark_submit.py:579} INFO - "metadata" : { }
[2024-10-07T19:53:51.098+0000] {spark_submit.py:579} INFO - }, {
[2024-10-07T19:53:51.099+0000] {spark_submit.py:579} INFO - "name" : "frequencia_base",
[2024-10-07T19:53:51.099+0000] {spark_submit.py:579} INFO - "type" : "double",
[2024-10-07T19:53:51.099+0000] {spark_submit.py:579} INFO - "nullable" : true,
[2024-10-07T19:53:51.100+0000] {spark_submit.py:579} INFO - "metadata" : { }
[2024-10-07T19:53:51.100+0000] {spark_submit.py:579} INFO - }, {
[2024-10-07T19:53:51.100+0000] {spark_submit.py:579} INFO - "name" : "cache",
[2024-10-07T19:53:51.101+0000] {spark_submit.py:579} INFO - "type" : "long",
[2024-10-07T19:53:51.101+0000] {spark_submit.py:579} INFO - "nullable" : true,
[2024-10-07T19:53:51.102+0000] {spark_submit.py:579} INFO - "metadata" : { }
[2024-10-07T19:53:51.103+0000] {spark_submit.py:579} INFO - }, {
[2024-10-07T19:53:51.104+0000] {spark_submit.py:579} INFO - "name" : "value",
[2024-10-07T19:53:51.105+0000] {spark_submit.py:579} INFO - "type" : "double",
[2024-10-07T19:53:51.105+0000] {spark_submit.py:579} INFO - "nullable" : true,
[2024-10-07T19:53:51.105+0000] {spark_submit.py:579} INFO - "metadata" : { }
[2024-10-07T19:53:51.106+0000] {spark_submit.py:579} INFO - }, {
[2024-10-07T19:53:51.106+0000] {spark_submit.py:579} INFO - "name" : "link",
[2024-10-07T19:53:51.107+0000] {spark_submit.py:579} INFO - "type" : "string",
[2024-10-07T19:53:51.107+0000] {spark_submit.py:579} INFO - "nullable" : true,
[2024-10-07T19:53:51.107+0000] {spark_submit.py:579} INFO - "metadata" : { }
[2024-10-07T19:53:51.107+0000] {spark_submit.py:579} INFO - } ]
[2024-10-07T19:53:51.108+0000] {spark_submit.py:579} INFO - }
[2024-10-07T19:53:51.108+0000] {spark_submit.py:579} INFO - and corresponding Parquet message type:
[2024-10-07T19:53:51.108+0000] {spark_submit.py:579} INFO - message spark_schema {
[2024-10-07T19:53:51.108+0000] {spark_submit.py:579} INFO - required int64 id_processador;
[2024-10-07T19:53:51.109+0000] {spark_submit.py:579} INFO - optional binary marca (STRING);
[2024-10-07T19:53:51.109+0000] {spark_submit.py:579} INFO - optional binary modelo (STRING);
[2024-10-07T19:53:51.109+0000] {spark_submit.py:579} INFO - optional double frequencia_base;
[2024-10-07T19:53:51.110+0000] {spark_submit.py:579} INFO - optional int64 cache;
[2024-10-07T19:53:51.110+0000] {spark_submit.py:579} INFO - optional double value;
[2024-10-07T19:53:51.110+0000] {spark_submit.py:579} INFO - optional binary link (STRING);
[2024-10-07T19:53:51.110+0000] {spark_submit.py:579} INFO - }
[2024-10-07T19:53:51.111+0000] {spark_submit.py:579} INFO - 
[2024-10-07T19:53:51.111+0000] {spark_submit.py:579} INFO - 
[2024-10-07T19:53:51.185+0000] {spark_submit.py:579} INFO - 24/10/07 19:53:51 INFO FileScanRDD: Reading File path: file:///opt/***/datalake/rawzone/kabum_2024-10-07/data.json, range: 0-517133, partition values: [empty row]
[2024-10-07T19:53:51.227+0000] {spark_submit.py:579} INFO - 24/10/07 19:53:51 INFO BlockManagerInfo: Removed broadcast_2_piece0 on 97b4e38b3eb9:36879 in memory (size: 34.2 KiB, free: 127.0 MiB)
[2024-10-07T19:53:51.244+0000] {spark_submit.py:579} INFO - 24/10/07 19:53:51 INFO BlockManagerInfo: Removed broadcast_5_piece0 on 97b4e38b3eb9:36879 in memory (size: 83.6 KiB, free: 127.1 MiB)
[2024-10-07T19:53:51.325+0000] {spark_submit.py:579} INFO - 24/10/07 19:53:51 INFO FileOutputCommitter: Saved output of task 'attempt_202410071953511837269772470426013_0003_m_000000_3' to file:/opt/***/datalake/silverzone/kabum_2024-10-07/processador_k.parquet/_temporary/0/task_202410071953511837269772470426013_0003_m_000000
[2024-10-07T19:53:51.325+0000] {spark_submit.py:579} INFO - 24/10/07 19:53:51 INFO SparkHadoopMapRedUtil: attempt_202410071953511837269772470426013_0003_m_000000_3: Committed. Elapsed time: 34 ms.
[2024-10-07T19:53:51.327+0000] {spark_submit.py:579} INFO - 24/10/07 19:53:51 INFO Executor: Finished task 0.0 in stage 3.0 (TID 3). 2626 bytes result sent to driver
[2024-10-07T19:53:51.328+0000] {spark_submit.py:579} INFO - 24/10/07 19:53:51 INFO TaskSetManager: Finished task 0.0 in stage 3.0 (TID 3) in 299 ms on 97b4e38b3eb9 (executor driver) (1/1)
[2024-10-07T19:53:51.329+0000] {spark_submit.py:579} INFO - 24/10/07 19:53:51 INFO TaskSchedulerImpl: Removed TaskSet 3.0, whose tasks have all completed, from pool
[2024-10-07T19:53:51.330+0000] {spark_submit.py:579} INFO - 24/10/07 19:53:51 INFO DAGScheduler: ResultStage 3 (parquet at NativeMethodAccessorImpl.java:0) finished in 0.320 s
[2024-10-07T19:53:51.330+0000] {spark_submit.py:579} INFO - 24/10/07 19:53:51 INFO DAGScheduler: Job 3 is finished. Cancelling potential speculative or zombie tasks for this job
[2024-10-07T19:53:51.331+0000] {spark_submit.py:579} INFO - 24/10/07 19:53:51 INFO TaskSchedulerImpl: Killing all running tasks in stage 3: Stage finished
[2024-10-07T19:53:51.331+0000] {spark_submit.py:579} INFO - 24/10/07 19:53:51 INFO DAGScheduler: Job 3 finished: parquet at NativeMethodAccessorImpl.java:0, took 0.323597 s
[2024-10-07T19:53:51.331+0000] {spark_submit.py:579} INFO - 24/10/07 19:53:51 INFO FileFormatWriter: Start to commit write Job 8b3d89e9-4896-4c71-ad5b-b54c695d9b98.
[2024-10-07T19:53:51.520+0000] {spark_submit.py:579} INFO - 24/10/07 19:53:51 INFO FileFormatWriter: Write Job 8b3d89e9-4896-4c71-ad5b-b54c695d9b98 committed. Elapsed time: 186 ms.
[2024-10-07T19:53:51.521+0000] {spark_submit.py:579} INFO - 24/10/07 19:53:51 INFO FileFormatWriter: Finished processing stats for write job 8b3d89e9-4896-4c71-ad5b-b54c695d9b98.
[2024-10-07T19:53:51.566+0000] {spark_submit.py:579} INFO - 24/10/07 19:53:51 INFO FileSourceStrategy: Pushed Filters: IsNotNull(category),EqualTo(category,placa-de-video-vga)
[2024-10-07T19:53:51.567+0000] {spark_submit.py:579} INFO - 24/10/07 19:53:51 INFO FileSourceStrategy: Post-Scan Filters: isnotnull(category#8),(category#8 = placa-de-video-vga)
[2024-10-07T19:53:51.580+0000] {spark_submit.py:579} INFO - 24/10/07 19:53:51 INFO ParquetUtils: Using default output committer for Parquet: org.apache.parquet.hadoop.ParquetOutputCommitter
[2024-10-07T19:53:51.581+0000] {spark_submit.py:579} INFO - 24/10/07 19:53:51 INFO FileOutputCommitter: File Output Committer Algorithm version is 1
[2024-10-07T19:53:51.582+0000] {spark_submit.py:579} INFO - 24/10/07 19:53:51 INFO FileOutputCommitter: FileOutputCommitter skip cleanup _temporary folders under output directory:false, ignore cleanup failures: false
[2024-10-07T19:53:51.582+0000] {spark_submit.py:579} INFO - 24/10/07 19:53:51 INFO SQLHadoopMapReduceCommitProtocol: Using user defined output committer class org.apache.parquet.hadoop.ParquetOutputCommitter
[2024-10-07T19:53:51.583+0000] {spark_submit.py:579} INFO - 24/10/07 19:53:51 INFO FileOutputCommitter: File Output Committer Algorithm version is 1
[2024-10-07T19:53:51.583+0000] {spark_submit.py:579} INFO - 24/10/07 19:53:51 INFO FileOutputCommitter: FileOutputCommitter skip cleanup _temporary folders under output directory:false, ignore cleanup failures: false
[2024-10-07T19:53:51.584+0000] {spark_submit.py:579} INFO - 24/10/07 19:53:51 INFO SQLHadoopMapReduceCommitProtocol: Using output committer class org.apache.parquet.hadoop.ParquetOutputCommitter
[2024-10-07T19:53:51.680+0000] {spark_submit.py:579} INFO - 24/10/07 19:53:51 INFO CodeGenerator: Code generated in 24.314431 ms
[2024-10-07T19:53:51.683+0000] {spark_submit.py:579} INFO - 24/10/07 19:53:51 INFO MemoryStore: Block broadcast_8 stored as values in memory (estimated size 199.3 KiB, free 126.2 MiB)
[2024-10-07T19:53:51.693+0000] {spark_submit.py:579} INFO - 24/10/07 19:53:51 INFO MemoryStore: Block broadcast_8_piece0 stored as bytes in memory (estimated size 34.2 KiB, free 126.2 MiB)
[2024-10-07T19:53:51.694+0000] {spark_submit.py:579} INFO - 24/10/07 19:53:51 INFO BlockManagerInfo: Added broadcast_8_piece0 in memory on 97b4e38b3eb9:36879 (size: 34.2 KiB, free: 127.0 MiB)
[2024-10-07T19:53:51.695+0000] {spark_submit.py:579} INFO - 24/10/07 19:53:51 INFO SparkContext: Created broadcast 8 from parquet at NativeMethodAccessorImpl.java:0
[2024-10-07T19:53:51.696+0000] {spark_submit.py:579} INFO - 24/10/07 19:53:51 INFO FileSourceScanExec: Planning scan with bin packing, max size: 4711437 bytes, open cost is considered as scanning 4194304 bytes.
[2024-10-07T19:53:51.705+0000] {spark_submit.py:579} INFO - 24/10/07 19:53:51 INFO SparkContext: Starting job: parquet at NativeMethodAccessorImpl.java:0
[2024-10-07T19:53:51.707+0000] {spark_submit.py:579} INFO - 24/10/07 19:53:51 INFO DAGScheduler: Got job 4 (parquet at NativeMethodAccessorImpl.java:0) with 1 output partitions
[2024-10-07T19:53:51.709+0000] {spark_submit.py:579} INFO - 24/10/07 19:53:51 INFO DAGScheduler: Final stage: ResultStage 4 (parquet at NativeMethodAccessorImpl.java:0)
[2024-10-07T19:53:51.710+0000] {spark_submit.py:579} INFO - 24/10/07 19:53:51 INFO DAGScheduler: Parents of final stage: List()
[2024-10-07T19:53:51.710+0000] {spark_submit.py:579} INFO - 24/10/07 19:53:51 INFO DAGScheduler: Missing parents: List()
[2024-10-07T19:53:51.710+0000] {spark_submit.py:579} INFO - 24/10/07 19:53:51 INFO DAGScheduler: Submitting ResultStage 4 (MapPartitionsRDD[19] at parquet at NativeMethodAccessorImpl.java:0), which has no missing parents
[2024-10-07T19:53:51.723+0000] {spark_submit.py:579} INFO - 24/10/07 19:53:51 INFO MemoryStore: Block broadcast_9 stored as values in memory (estimated size 229.7 KiB, free 126.0 MiB)
[2024-10-07T19:53:51.725+0000] {spark_submit.py:579} INFO - 24/10/07 19:53:51 INFO MemoryStore: Block broadcast_9_piece0 stored as bytes in memory (estimated size 81.7 KiB, free 125.9 MiB)
[2024-10-07T19:53:51.726+0000] {spark_submit.py:579} INFO - 24/10/07 19:53:51 INFO BlockManagerInfo: Added broadcast_9_piece0 in memory on 97b4e38b3eb9:36879 (size: 81.7 KiB, free: 126.9 MiB)
[2024-10-07T19:53:51.727+0000] {spark_submit.py:579} INFO - 24/10/07 19:53:51 INFO SparkContext: Created broadcast 9 from broadcast at DAGScheduler.scala:1585
[2024-10-07T19:53:51.728+0000] {spark_submit.py:579} INFO - 24/10/07 19:53:51 INFO DAGScheduler: Submitting 1 missing tasks from ResultStage 4 (MapPartitionsRDD[19] at parquet at NativeMethodAccessorImpl.java:0) (first 15 tasks are for partitions Vector(0))
[2024-10-07T19:53:51.728+0000] {spark_submit.py:579} INFO - 24/10/07 19:53:51 INFO TaskSchedulerImpl: Adding task set 4.0 with 1 tasks resource profile 0
[2024-10-07T19:53:51.729+0000] {spark_submit.py:579} INFO - 24/10/07 19:53:51 INFO TaskSetManager: Starting task 0.0 in stage 4.0 (TID 4) (97b4e38b3eb9, executor driver, partition 0, PROCESS_LOCAL, 9625 bytes)
[2024-10-07T19:53:51.730+0000] {spark_submit.py:579} INFO - 24/10/07 19:53:51 INFO Executor: Running task 0.0 in stage 4.0 (TID 4)
[2024-10-07T19:53:51.743+0000] {spark_submit.py:579} INFO - 24/10/07 19:53:51 INFO BlockManagerInfo: Removed broadcast_6_piece0 on 97b4e38b3eb9:36879 in memory (size: 34.2 KiB, free: 127.0 MiB)
[2024-10-07T19:53:51.750+0000] {spark_submit.py:579} INFO - 24/10/07 19:53:51 INFO BlockManagerInfo: Removed broadcast_7_piece0 on 97b4e38b3eb9:36879 in memory (size: 82.0 KiB, free: 127.1 MiB)
[2024-10-07T19:53:51.772+0000] {spark_submit.py:579} INFO - 24/10/07 19:53:51 INFO CodeGenerator: Code generated in 23.196569 ms
[2024-10-07T19:53:51.774+0000] {spark_submit.py:579} INFO - 24/10/07 19:53:51 INFO FileOutputCommitter: File Output Committer Algorithm version is 1
[2024-10-07T19:53:51.775+0000] {spark_submit.py:579} INFO - 24/10/07 19:53:51 INFO FileOutputCommitter: FileOutputCommitter skip cleanup _temporary folders under output directory:false, ignore cleanup failures: false
[2024-10-07T19:53:51.775+0000] {spark_submit.py:579} INFO - 24/10/07 19:53:51 INFO SQLHadoopMapReduceCommitProtocol: Using user defined output committer class org.apache.parquet.hadoop.ParquetOutputCommitter
[2024-10-07T19:53:51.776+0000] {spark_submit.py:579} INFO - 24/10/07 19:53:51 INFO FileOutputCommitter: File Output Committer Algorithm version is 1
[2024-10-07T19:53:51.777+0000] {spark_submit.py:579} INFO - 24/10/07 19:53:51 INFO FileOutputCommitter: FileOutputCommitter skip cleanup _temporary folders under output directory:false, ignore cleanup failures: false
[2024-10-07T19:53:51.777+0000] {spark_submit.py:579} INFO - 24/10/07 19:53:51 INFO SQLHadoopMapReduceCommitProtocol: Using output committer class org.apache.parquet.hadoop.ParquetOutputCommitter
[2024-10-07T19:53:51.778+0000] {spark_submit.py:579} INFO - 24/10/07 19:53:51 INFO CodecConfig: Compression: SNAPPY
[2024-10-07T19:53:51.778+0000] {spark_submit.py:579} INFO - 24/10/07 19:53:51 INFO CodecConfig: Compression: SNAPPY
[2024-10-07T19:53:51.779+0000] {spark_submit.py:579} INFO - 24/10/07 19:53:51 INFO ParquetOutputFormat: ParquetRecordWriter [block size: 134217728b, row group padding size: 8388608b, validating: false]
[2024-10-07T19:53:51.780+0000] {spark_submit.py:579} INFO - 24/10/07 19:53:51 INFO ParquetWriteSupport: Initialized Parquet WriteSupport with Catalyst schema:
[2024-10-07T19:53:51.781+0000] {spark_submit.py:579} INFO - {
[2024-10-07T19:53:51.781+0000] {spark_submit.py:579} INFO - "type" : "struct",
[2024-10-07T19:53:51.781+0000] {spark_submit.py:579} INFO - "fields" : [ {
[2024-10-07T19:53:51.782+0000] {spark_submit.py:579} INFO - "name" : "id_placa_video",
[2024-10-07T19:53:51.782+0000] {spark_submit.py:579} INFO - "type" : "long",
[2024-10-07T19:53:51.782+0000] {spark_submit.py:579} INFO - "nullable" : false,
[2024-10-07T19:53:51.783+0000] {spark_submit.py:579} INFO - "metadata" : { }
[2024-10-07T19:53:51.783+0000] {spark_submit.py:579} INFO - }, {
[2024-10-07T19:53:51.783+0000] {spark_submit.py:579} INFO - "name" : "marca",
[2024-10-07T19:53:51.783+0000] {spark_submit.py:579} INFO - "type" : "string",
[2024-10-07T19:53:51.784+0000] {spark_submit.py:579} INFO - "nullable" : true,
[2024-10-07T19:53:51.784+0000] {spark_submit.py:579} INFO - "metadata" : { }
[2024-10-07T19:53:51.785+0000] {spark_submit.py:579} INFO - }, {
[2024-10-07T19:53:51.791+0000] {spark_submit.py:579} INFO - "name" : "modelo",
[2024-10-07T19:53:51.793+0000] {spark_submit.py:579} INFO - "type" : "string",
[2024-10-07T19:53:51.794+0000] {spark_submit.py:579} INFO - "nullable" : true,
[2024-10-07T19:53:51.794+0000] {spark_submit.py:579} INFO - "metadata" : { }
[2024-10-07T19:53:51.794+0000] {spark_submit.py:579} INFO - }, {
[2024-10-07T19:53:51.795+0000] {spark_submit.py:579} INFO - "name" : "GB",
[2024-10-07T19:53:51.795+0000] {spark_submit.py:579} INFO - "type" : "long",
[2024-10-07T19:53:51.795+0000] {spark_submit.py:579} INFO - "nullable" : true,
[2024-10-07T19:53:51.795+0000] {spark_submit.py:579} INFO - "metadata" : { }
[2024-10-07T19:53:51.796+0000] {spark_submit.py:579} INFO - }, {
[2024-10-07T19:53:51.796+0000] {spark_submit.py:579} INFO - "name" : "tipo_memoria",
[2024-10-07T19:53:51.796+0000] {spark_submit.py:579} INFO - "type" : "string",
[2024-10-07T19:53:51.797+0000] {spark_submit.py:579} INFO - "nullable" : true,
[2024-10-07T19:53:51.797+0000] {spark_submit.py:579} INFO - "metadata" : { }
[2024-10-07T19:53:51.797+0000] {spark_submit.py:579} INFO - }, {
[2024-10-07T19:53:51.798+0000] {spark_submit.py:579} INFO - "name" : "value",
[2024-10-07T19:53:51.798+0000] {spark_submit.py:579} INFO - "type" : "double",
[2024-10-07T19:53:51.798+0000] {spark_submit.py:579} INFO - "nullable" : true,
[2024-10-07T19:53:51.799+0000] {spark_submit.py:579} INFO - "metadata" : { }
[2024-10-07T19:53:51.799+0000] {spark_submit.py:579} INFO - }, {
[2024-10-07T19:53:51.799+0000] {spark_submit.py:579} INFO - "name" : "link",
[2024-10-07T19:53:51.800+0000] {spark_submit.py:579} INFO - "type" : "string",
[2024-10-07T19:53:51.800+0000] {spark_submit.py:579} INFO - "nullable" : true,
[2024-10-07T19:53:51.800+0000] {spark_submit.py:579} INFO - "metadata" : { }
[2024-10-07T19:53:51.801+0000] {spark_submit.py:579} INFO - } ]
[2024-10-07T19:53:51.801+0000] {spark_submit.py:579} INFO - }
[2024-10-07T19:53:51.801+0000] {spark_submit.py:579} INFO - and corresponding Parquet message type:
[2024-10-07T19:53:51.804+0000] {spark_submit.py:579} INFO - message spark_schema {
[2024-10-07T19:53:51.807+0000] {spark_submit.py:579} INFO - required int64 id_placa_video;
[2024-10-07T19:53:51.807+0000] {spark_submit.py:579} INFO - optional binary marca (STRING);
[2024-10-07T19:53:51.807+0000] {spark_submit.py:579} INFO - optional binary modelo (STRING);
[2024-10-07T19:53:51.808+0000] {spark_submit.py:579} INFO - optional int64 GB;
[2024-10-07T19:53:51.808+0000] {spark_submit.py:579} INFO - optional binary tipo_memoria (STRING);
[2024-10-07T19:53:51.808+0000] {spark_submit.py:579} INFO - optional double value;
[2024-10-07T19:53:51.809+0000] {spark_submit.py:579} INFO - optional binary link (STRING);
[2024-10-07T19:53:51.809+0000] {spark_submit.py:579} INFO - }
[2024-10-07T19:53:51.809+0000] {spark_submit.py:579} INFO - 
[2024-10-07T19:53:51.810+0000] {spark_submit.py:579} INFO - 
[2024-10-07T19:53:51.887+0000] {spark_submit.py:579} INFO - 24/10/07 19:53:51 INFO FileScanRDD: Reading File path: file:///opt/***/datalake/rawzone/kabum_2024-10-07/data.json, range: 0-517133, partition values: [empty row]
[2024-10-07T19:53:52.032+0000] {spark_submit.py:579} INFO - 24/10/07 19:53:52 INFO FileOutputCommitter: Saved output of task 'attempt_202410071953517679475421731500873_0004_m_000000_4' to file:/opt/***/datalake/silverzone/kabum_2024-10-07/placa_video_k.parquet/_temporary/0/task_202410071953517679475421731500873_0004_m_000000
[2024-10-07T19:53:52.032+0000] {spark_submit.py:579} INFO - 24/10/07 19:53:52 INFO SparkHadoopMapRedUtil: attempt_202410071953517679475421731500873_0004_m_000000_4: Committed. Elapsed time: 41 ms.
[2024-10-07T19:53:52.034+0000] {spark_submit.py:579} INFO - 24/10/07 19:53:52 INFO Executor: Finished task 0.0 in stage 4.0 (TID 4). 2626 bytes result sent to driver
[2024-10-07T19:53:52.035+0000] {spark_submit.py:579} INFO - 24/10/07 19:53:52 INFO TaskSetManager: Finished task 0.0 in stage 4.0 (TID 4) in 306 ms on 97b4e38b3eb9 (executor driver) (1/1)
[2024-10-07T19:53:52.043+0000] {spark_submit.py:579} INFO - 24/10/07 19:53:52 INFO TaskSchedulerImpl: Removed TaskSet 4.0, whose tasks have all completed, from pool
[2024-10-07T19:53:52.044+0000] {spark_submit.py:579} INFO - 24/10/07 19:53:52 INFO DAGScheduler: ResultStage 4 (parquet at NativeMethodAccessorImpl.java:0) finished in 0.329 s
[2024-10-07T19:53:52.045+0000] {spark_submit.py:579} INFO - 24/10/07 19:53:52 INFO DAGScheduler: Job 4 is finished. Cancelling potential speculative or zombie tasks for this job
[2024-10-07T19:53:52.045+0000] {spark_submit.py:579} INFO - 24/10/07 19:53:52 INFO TaskSchedulerImpl: Killing all running tasks in stage 4: Stage finished
[2024-10-07T19:53:52.046+0000] {spark_submit.py:579} INFO - 24/10/07 19:53:52 INFO DAGScheduler: Job 4 finished: parquet at NativeMethodAccessorImpl.java:0, took 0.332368 s
[2024-10-07T19:53:52.046+0000] {spark_submit.py:579} INFO - 24/10/07 19:53:52 INFO FileFormatWriter: Start to commit write Job a17390d2-c5ae-4397-b540-9792c2aaa2a5.
[2024-10-07T19:53:52.261+0000] {spark_submit.py:579} INFO - 24/10/07 19:53:52 INFO FileFormatWriter: Write Job a17390d2-c5ae-4397-b540-9792c2aaa2a5 committed. Elapsed time: 221 ms.
[2024-10-07T19:53:52.261+0000] {spark_submit.py:579} INFO - 24/10/07 19:53:52 INFO FileFormatWriter: Finished processing stats for write job a17390d2-c5ae-4397-b540-9792c2aaa2a5.
[2024-10-07T19:53:52.262+0000] {spark_submit.py:579} INFO - 24/10/07 19:53:52 INFO SparkContext: SparkContext is stopping with exitCode 0.
[2024-10-07T19:53:52.272+0000] {spark_submit.py:579} INFO - 24/10/07 19:53:52 INFO SparkUI: Stopped Spark web UI at http://97b4e38b3eb9:4040
[2024-10-07T19:53:52.282+0000] {spark_submit.py:579} INFO - 24/10/07 19:53:52 INFO MapOutputTrackerMasterEndpoint: MapOutputTrackerMasterEndpoint stopped!
[2024-10-07T19:53:52.296+0000] {spark_submit.py:579} INFO - 24/10/07 19:53:52 INFO MemoryStore: MemoryStore cleared
[2024-10-07T19:53:52.296+0000] {spark_submit.py:579} INFO - 24/10/07 19:53:52 INFO BlockManager: BlockManager stopped
[2024-10-07T19:53:52.299+0000] {spark_submit.py:579} INFO - 24/10/07 19:53:52 INFO BlockManagerMaster: BlockManagerMaster stopped
[2024-10-07T19:53:52.301+0000] {spark_submit.py:579} INFO - 24/10/07 19:53:52 INFO OutputCommitCoordinator$OutputCommitCoordinatorEndpoint: OutputCommitCoordinator stopped!
[2024-10-07T19:53:52.307+0000] {spark_submit.py:579} INFO - 24/10/07 19:53:52 INFO SparkContext: Successfully stopped SparkContext
[2024-10-07T19:53:52.735+0000] {spark_submit.py:579} INFO - 24/10/07 19:53:52 INFO ShutdownHookManager: Shutdown hook called
[2024-10-07T19:53:52.736+0000] {spark_submit.py:579} INFO - 24/10/07 19:53:52 INFO ShutdownHookManager: Deleting directory /tmp/spark-9b472ea3-d4dc-44f8-8ff5-20726f9c4515
[2024-10-07T19:53:52.743+0000] {spark_submit.py:579} INFO - 24/10/07 19:53:52 INFO ShutdownHookManager: Deleting directory /tmp/spark-25139c32-779d-4d5c-bb18-d43f1e88dc6d/pyspark-0cdb0aa7-0365-4ed6-87b8-39940b3523c9
[2024-10-07T19:53:52.748+0000] {spark_submit.py:579} INFO - 24/10/07 19:53:52 INFO ShutdownHookManager: Deleting directory /tmp/spark-25139c32-779d-4d5c-bb18-d43f1e88dc6d
[2024-10-07T19:53:52.817+0000] {taskinstance.py:340} INFO - ::group::Post task execution logs
[2024-10-07T19:53:52.817+0000] {taskinstance.py:352} INFO - Marking task as SUCCESS. dag_id=pipeline_webscraping, task_id=kabum_tasks.Spark_Transformation_kabum, run_id=manual__2024-10-07T19:45:36.778237+00:00, execution_date=20241007T194536, start_date=20241007T195337, end_date=20241007T195352
[2024-10-07T19:53:52.878+0000] {local_task_job_runner.py:266} INFO - Task exited with return code 0
[2024-10-07T19:53:52.912+0000] {taskinstance.py:3900} INFO - 2 downstream tasks scheduled from follow-on schedule check
[2024-10-07T19:53:52.917+0000] {local_task_job_runner.py:245} INFO - ::endgroup::
