[2024-10-02T21:25:02.029+0000] {local_task_job_runner.py:123} INFO - ::group::Pre task execution logs
[2024-10-02T21:25:02.046+0000] {taskinstance.py:2612} INFO - Dependencies all met for dep_context=non-requeueable deps ti=<TaskInstance: SitesWebScraping.Web_Extraction_siteA manual__2024-10-02T21:24:59.471363+00:00 [queued]>
[2024-10-02T21:25:02.053+0000] {taskinstance.py:2612} INFO - Dependencies all met for dep_context=requeueable deps ti=<TaskInstance: SitesWebScraping.Web_Extraction_siteA manual__2024-10-02T21:24:59.471363+00:00 [queued]>
[2024-10-02T21:25:02.054+0000] {taskinstance.py:2865} INFO - Starting attempt 1 of 1
[2024-10-02T21:25:02.068+0000] {taskinstance.py:2888} INFO - Executing <Task(OperatorSiteA): Web_Extraction_siteA> on 2024-10-02 21:24:59.471363+00:00
[2024-10-02T21:25:02.072+0000] {warnings.py:112} WARNING - /home/***/.local/lib/python3.12/site-packages/***/task/task_runner/standard_task_runner.py:70: DeprecationWarning: This process (pid=1887) is multi-threaded, use of fork() may lead to deadlocks in the child.
  pid = os.fork()

[2024-10-02T21:25:02.074+0000] {standard_task_runner.py:72} INFO - Started process 1888 to run task
[2024-10-02T21:25:02.074+0000] {standard_task_runner.py:104} INFO - Running: ['***', 'tasks', 'run', 'SitesWebScraping', 'Web_Extraction_siteA', 'manual__2024-10-02T21:24:59.471363+00:00', '--job-id', '785', '--raw', '--subdir', 'DAGS_FOLDER/DagWebScraping.py', '--cfg-path', '/tmp/tmpuuhi2i65']
[2024-10-02T21:25:02.076+0000] {standard_task_runner.py:105} INFO - Job 785: Subtask Web_Extraction_siteA
[2024-10-02T21:25:02.120+0000] {task_command.py:467} INFO - Running <TaskInstance: SitesWebScraping.Web_Extraction_siteA manual__2024-10-02T21:24:59.471363+00:00 [running]> on host f8603ea05473
[2024-10-02T21:25:02.267+0000] {taskinstance.py:3131} INFO - Exporting env vars: AIRFLOW_CTX_DAG_OWNER='***' AIRFLOW_CTX_DAG_ID='SitesWebScraping' AIRFLOW_CTX_TASK_ID='Web_Extraction_siteA' AIRFLOW_CTX_EXECUTION_DATE='2024-10-02T21:24:59.471363+00:00' AIRFLOW_CTX_TRY_NUMBER='1' AIRFLOW_CTX_DAG_RUN_ID='manual__2024-10-02T21:24:59.471363+00:00'
[2024-10-02T21:25:02.268+0000] {taskinstance.py:731} INFO - ::endgroup::
[2024-10-02T21:25:11.932+0000] {logging_mixin.py:190} INFO - placas-mae
[2024-10-02T21:25:11.939+0000] {logging_mixin.py:190} INFO - /
[2024-10-02T21:25:11.939+0000] {logging_mixin.py:190} INFO - None
[2024-10-02T21:25:11.940+0000] {logging_mixin.py:190} INFO - None
[2024-10-02T21:25:11.940+0000] {logging_mixin.py:190} INFO - /account
[2024-10-02T21:25:11.941+0000] {logging_mixin.py:190} INFO - None
[2024-10-02T21:25:11.941+0000] {logging_mixin.py:190} INFO - None
[2024-10-02T21:25:11.942+0000] {logging_mixin.py:190} INFO - None
[2024-10-02T21:25:11.942+0000] {logging_mixin.py:190} INFO - None
[2024-10-02T21:25:11.943+0000] {logging_mixin.py:190} INFO - None
[2024-10-02T21:25:11.943+0000] {logging_mixin.py:190} INFO - None
[2024-10-02T21:25:11.944+0000] {logging_mixin.py:190} INFO - None
[2024-10-02T21:25:11.944+0000] {logging_mixin.py:190} INFO - None
[2024-10-02T21:25:11.944+0000] {logging_mixin.py:190} INFO - /placa-mae-pichau-danuri-b550m-px-ddr4-socket-am4-m-atx-chipset-amd-b550-pch-dnrb550m-px
[2024-10-02T21:25:11.945+0000] {logging_mixin.py:190} INFO - Placa Mae Pichau Danuri B550M-PX, DDR4, Socket AM4, M-ATX, Chipset AMD B550, PCH-DNRB550M-PX
[2024-10-02T21:25:11.946+0000] {logging_mixin.py:190} INFO - 399.99
[2024-10-02T21:25:11.946+0000] {logging_mixin.py:190} INFO - /placa-mae-pichau-danuri-b550m-px-ddr4-socket-am4-m-atx-chipset-amd-b550-pch-dnrb550m-px
[2024-10-02T21:25:11.947+0000] {logging_mixin.py:190} INFO - Placa Mae Pichau Danuri B550M-PX, DDR4, Socket AM4, M-ATX, Chipset AMD B550, PCH-DNRB550M-PX
[2024-10-02T21:25:11.947+0000] {logging_mixin.py:190} INFO - 399.99
[2024-10-02T21:25:11.948+0000] {logging_mixin.py:190} INFO - /placa-mae-pichau-b550m-k-ddr4-socket-amd-am4-m-atx-chipset-amd-b550-b550m-k-1p
[2024-10-02T21:25:11.948+0000] {logging_mixin.py:190} INFO - Placa Mae Pichau B550M K, DDR4, Socket AMD AM4, M-ATX, Chipset AMD B550, B550M-K-1P
[2024-10-02T21:25:11.949+0000] {logging_mixin.py:190} INFO - 579.99
[2024-10-02T21:25:11.949+0000] {logging_mixin.py:190} INFO - /placa-mae-gigabyte-b550m-k-ddr4-socket-amd-am4-m-atx-chipset-amd-b550-b550m-k
[2024-10-02T21:25:11.949+0000] {logging_mixin.py:190} INFO - Placa Mae Gigabyte B550M K, DDR4, Socket AMD AM4, M-ATX, Chipset AMD B550, B550M-K
[2024-10-02T21:25:11.950+0000] {logging_mixin.py:190} INFO - 589.99
[2024-10-02T21:25:11.950+0000] {logging_mixin.py:190} INFO - /placa-mae-gigabyte-b550m-aorus-elite-ddr4-socket-am4-chipset-amd-b550
[2024-10-02T21:25:11.951+0000] {logging_mixin.py:190} INFO - Placa Mae Gigabyte B550M Aorus Elite DDR4 Socket AM4 Chipset AMD B550
[2024-10-02T21:25:11.951+0000] {logging_mixin.py:190} INFO - 819.99
[2024-10-02T21:25:11.952+0000] {logging_mixin.py:190} INFO - /placa-mae-asrock-b450m-steel-legend-ddr4-socket-am4-chipset-amd-b450
[2024-10-02T21:25:11.952+0000] {logging_mixin.py:190} INFO - Placa Mae ASRock B450M Steel Legend DDR4 Socket AM4 Chipset AMD B450
[2024-10-02T21:25:11.953+0000] {logging_mixin.py:190} INFO - 689.99
[2024-10-02T21:25:11.953+0000] {logging_mixin.py:190} INFO - /placa-mae-mancer-a520m-dx-ddr4-socket-amd-am4-m-atx-chipset-amd-a520-mcr-a520m-dxv3
[2024-10-02T21:25:11.953+0000] {logging_mixin.py:190} INFO - Placa Mae Mancer A520M DX, DDR4, Socket AMD AM4, M-ATX, Chipset AMD A520, MCR-A520M-DXV3
[2024-10-02T21:25:11.954+0000] {logging_mixin.py:190} INFO - 409.99
[2024-10-02T21:25:11.954+0000] {logging_mixin.py:190} INFO - /placa-mae-gigabyte-b760m-aorus-elite-ddr5-socket-lga-1700-m-atx-chipset-intel-b760-b760m-aorus-elite
[2024-10-02T21:25:11.955+0000] {logging_mixin.py:190} INFO - Placa Mae Gigabyte B760M Aorus Elite, DDR5, Socket LGA 1700, M-ATX, Chipset Intel B760, B760M-AORUS-ELITE
[2024-10-02T21:25:11.955+0000] {logging_mixin.py:190} INFO - 999.99
[2024-10-02T21:25:11.956+0000] {logging_mixin.py:190} INFO - /placa-mae-mancer-b560m-dx-ddr4-lga-1200-m-atx-chipset-intel-b560-mcr-b560m-dx
[2024-10-02T21:25:11.956+0000] {logging_mixin.py:190} INFO - Placa Mae Mancer B560M-DX, DDR4, LGA 1200, M-ATX, Chipset Intel B560, MCR-B560M-DX
[2024-10-02T21:25:11.957+0000] {logging_mixin.py:190} INFO - 449.99
[2024-10-02T21:25:11.957+0000] {logging_mixin.py:190} INFO - /placa-mae-asus-tuf-gaming-a520m-plus-ii-ddr4-socket-amd-am4-m-atx-chipset-amd-a520-tuf-gaming-a520m-plus-ii
[2024-10-02T21:25:11.958+0000] {logging_mixin.py:190} INFO - Placa Mae Asus TUF Gaming A520M-PLUS II, DDR4, Socket AMD AM4, M-ATX, Chipset AMD A520, TUF-GAMING-A520M-PLUS-II
[2024-10-02T21:25:11.958+0000] {logging_mixin.py:190} INFO - 569.99
[2024-10-02T21:25:11.958+0000] {logging_mixin.py:190} INFO - /placa-mae-msi-b450m-a-pro-max-ii-ddr4-socket-am4-m-atx-chipset-amd-b450-b450m-a-pro-max-ii
[2024-10-02T21:25:11.959+0000] {logging_mixin.py:190} INFO - Placa Mae MSI B450M-A PRO MAX II, DDR4, Socket AM4, M-ATX, Chipset AMD B450, B450M-A-PRO-MAX-II
[2024-10-02T21:25:11.959+0000] {logging_mixin.py:190} INFO - 459.99
[2024-10-02T21:25:11.960+0000] {logging_mixin.py:190} INFO - /placa-mae-asrock-b660m-phantom-gaming-4-ddr4-socket-lga1700-m-atx-chipset-intel-b660-b660m-phantom-gaming
[2024-10-02T21:25:11.960+0000] {logging_mixin.py:190} INFO - Placa Mae ASRock B660M Phantom Gaming 4, DDR4, Socket LGA1700, M-ATX, Chipset Intel B660, B660M-PHANTOM-GAMING
[2024-10-02T21:25:11.961+0000] {logging_mixin.py:190} INFO - 744.99
[2024-10-02T21:25:11.961+0000] {logging_mixin.py:190} INFO - /placa-mae-msi-pro-b650m-p-ddr5-socket-amd-am5-m-atx-chipset-amd-b650-pro-b650m-p
[2024-10-02T21:25:11.961+0000] {logging_mixin.py:190} INFO - Placa Mae MSI Pro B650M-P, DDR5, Socket AMD AM5, M-ATX, Chipset AMD B650, PRO-B650M-P
[2024-10-02T21:25:11.962+0000] {logging_mixin.py:190} INFO - 829.99
[2024-10-02T21:25:11.962+0000] {logging_mixin.py:190} INFO - /placa-mae-mancer-h510m-dx-ddr4-lga-1200-m-atx-chipset-intel-h510-mcr-h510m-dx
[2024-10-02T21:25:11.963+0000] {logging_mixin.py:190} INFO - Placa Mae Mancer H510M-DX, DDR4, LGA 1200, M-ATX, Chipset Intel H510, MCR-H510M-DX
[2024-10-02T21:25:11.963+0000] {logging_mixin.py:190} INFO - 449.99
[2024-10-02T21:25:11.964+0000] {logging_mixin.py:190} INFO - /placa-mae-asrock-h510m-hvs-r2-0-ddr4-socket-lga1200-m-atx-chipset-intel-h510-h510m-hvs-r2-0
[2024-10-02T21:25:11.964+0000] {logging_mixin.py:190} INFO - Placa Mae ASRock H510M-HVS R2.0, DDR4, Socket LGA1200, M-ATX, Chipset Intel H510, H510M-HVS-R2.0
[2024-10-02T21:25:11.964+0000] {logging_mixin.py:190} INFO - 369.99
[2024-10-02T21:25:11.965+0000] {logging_mixin.py:190} INFO - /placa-mae-mancer-a520m-dx-ddr4-socket-amd-am4-m-atx-chipset-amd-a520-mcr-a520m-dx
[2024-10-02T21:25:11.965+0000] {logging_mixin.py:190} INFO - Placa Mae Mancer A520M-DX, DDR4,Socket AMD AM4, M-ATX, Chipset AMD A520, MCR-A520M-DX
[2024-10-02T21:25:11.966+0000] {logging_mixin.py:190} INFO - 379.99
[2024-10-02T21:25:11.966+0000] {logging_mixin.py:190} INFO - /placa-mae-asus-tuf-gaming-b650m-e-ddr5-socket-amd-am5-m-atx-chipset-amd-b650-tuf-gaming-b650m-e
[2024-10-02T21:25:11.966+0000] {logging_mixin.py:190} INFO - Placa Mae Asus TUF Gaming B650M-E, DDR5, Socket AMD AM5, M-ATX, Chipset AMD B650, TUF-GAMING-B650M-E
[2024-10-02T21:25:11.967+0000] {logging_mixin.py:190} INFO - 999.99
[2024-10-02T21:25:11.967+0000] {logging_mixin.py:190} INFO - /placa-mae-asrock-h610m-hvs-m-2-r2-0-socket-lga1700-m-atx-chipset-intel-h610-h610m-hvs-m-2-r2
[2024-10-02T21:25:11.968+0000] {logging_mixin.py:190} INFO - Placa Mae ASRock H610M-HVS/M.2 R2.0, Socket LGA1700, M-ATX, Chipset Intel H610, H610M-HVS-M.2-R2
[2024-10-02T21:25:11.968+0000] {logging_mixin.py:190} INFO - 529.99
[2024-10-02T21:25:11.969+0000] {logging_mixin.py:190} INFO - /placa-mae-mancer-h610m-dx-ddr4-socket-lga1700-m-atx-chipset-intel-h610-mcr-h610m-dxv2
[2024-10-02T21:25:11.969+0000] {logging_mixin.py:190} INFO - Placa Mae Mancer H610M-DX, DDR4, Socket LGA1700, M-ATX, Chipset Intel H610, MCR-H610M-DXV2
[2024-10-02T21:25:11.969+0000] {logging_mixin.py:190} INFO - 449.99
[2024-10-02T21:25:11.970+0000] {logging_mixin.py:190} INFO - /placa-mae-asrock-a520m-hvs-ddr4-socket-am4-m-atx-chipset-amd-a520-a520m-hvs
[2024-10-02T21:25:11.970+0000] {logging_mixin.py:190} INFO - Placa Mae ASRock A520M-HVS, DDR4, Socket AM4, M-ATX, Chipset AMD A520, A520M-HVS
[2024-10-02T21:25:11.971+0000] {logging_mixin.py:190} INFO - 459.99
[2024-10-02T21:25:11.971+0000] {logging_mixin.py:190} INFO - /placa-mae-asus-tuf-gaming-b650m-e-wifi-ddr5-socket-amd-am5-m-atx-chipset-amd-b650-tuf-gaming-b650m-e-wifi
[2024-10-02T21:25:11.971+0000] {logging_mixin.py:190} INFO - Placa Mae Asus Tuf Gaming B650M-E WIFI, DDR5, Socket AMD AM5, M-ATX, Chipset AMD B650, TUF-GAMING-B650M-E-WIFI
[2024-10-02T21:25:11.972+0000] {logging_mixin.py:190} INFO - 1159.99
[2024-10-02T21:25:11.972+0000] {logging_mixin.py:190} INFO - /placa-mae-pichau-alphard-h610m-t-ddr4-lga-1700-m-atx-chipset-intel-h610-pch-alph610m-t
[2024-10-02T21:25:11.972+0000] {logging_mixin.py:190} INFO - Placa Mae Pichau Alphard H610M-T, DDR4, LGA 1700, M-ATX, Chipset Intel H610, PCH-ALPH610M-T
[2024-10-02T21:25:11.973+0000] {logging_mixin.py:190} INFO - 439.99
[2024-10-02T21:25:11.973+0000] {logging_mixin.py:190} INFO - /placa-mae-msi-pro-b550m-p-gen3-ddr4-socket-am4-m-atx-chipset-amd-b550-pro-b550m-p-gen3
[2024-10-02T21:25:11.974+0000] {logging_mixin.py:190} INFO - Placa Mae MSI PRO B550M-P GEN3, DDR4, Socket AM4, M-ATX, Chipset AMD B550, PRO-B550M-P-GEN3
[2024-10-02T21:25:11.974+0000] {logging_mixin.py:190} INFO - 679.99
[2024-10-02T21:25:11.975+0000] {logging_mixin.py:190} INFO - /placa-mae-asus-tuf-gaming-b760m-plus-ii-ddr5-socket-lga-1700-m-atx-chipset-intel-b760-tuf-gaming-b760m-plus-ii
[2024-10-02T21:25:11.975+0000] {logging_mixin.py:190} INFO - Placa Mae Asus TUF Gaming B760M-PLUS II, DDR5, Socket LGA 1700, M-ATX, Chipset Intel B760, TUF-GAMING-B760M-PLUS-II
[2024-10-02T21:25:11.975+0000] {logging_mixin.py:190} INFO - 999.99
[2024-10-02T21:25:11.976+0000] {logging_mixin.py:190} INFO - /placa-mae-asus-rog-strix-x670e-i-gaming-wifi-ddr5-socket-am5-itx-chipset-amd-x670-rog-strix-x670e-i-gaming-wifi
[2024-10-02T21:25:11.976+0000] {logging_mixin.py:190} INFO - Placa Mae Asus ROG Strix X670E-I Gaming Wifi, DDR5, Socket AM5, ITX, Chipset AMD X670, ROG-STRIX-X670E-I-GAMING-WIFI
[2024-10-02T21:25:11.977+0000] {logging_mixin.py:190} INFO - 3299.99
[2024-10-02T21:25:11.977+0000] {logging_mixin.py:190} INFO - /placa-mae-aigo-b760l-d4-ddr4-lga-1700-m-atx-chipset-intel-b760-aigo-b760l-d4
[2024-10-02T21:25:11.978+0000] {logging_mixin.py:190} INFO - Placa Mae Aigo B760L D4, DDR4, LGA 1700, M-ATX, Chipset Intel B760, AIGO-B760L-D4
[2024-10-02T21:25:11.978+0000] {logging_mixin.py:190} INFO - 699.99
[2024-10-02T21:25:11.978+0000] {logging_mixin.py:190} INFO - /placa-mae-aigo-h511m-ddr4-lga-1200-m-atx-chipset-intel-h470-aigo-h511m
[2024-10-02T21:25:11.979+0000] {logging_mixin.py:190} INFO - Placa Mae Aigo H511M, DDR4, LGA 1200, M-ATX, Chipset Intel H470, AIGO-H511M
[2024-10-02T21:25:11.979+0000] {logging_mixin.py:190} INFO - 479.99
[2024-10-02T21:25:11.980+0000] {logging_mixin.py:190} INFO - /placa-mae-aigo-h610-ddr4-lga-1700-m-atx-chipset-intel-h610-aigo-h610m
[2024-10-02T21:25:11.980+0000] {logging_mixin.py:190} INFO - Placa Mae Aigo H610, DDR4, LGA 1700, M-ATX, Chipset Intel H610, AIGO-H610M
[2024-10-02T21:25:11.981+0000] {logging_mixin.py:190} INFO - 519.99
[2024-10-02T21:25:11.981+0000] {logging_mixin.py:190} INFO - /placa-mae-asus-b760m-ayw-wifi-ddr5-socket-lga-1700-m-atx-chipset-intel-b760-b760m-ayw-wifi
[2024-10-02T21:25:11.981+0000] {logging_mixin.py:190} INFO - Placa Mae Asus B760M-AYW WIFI, DDR5, Socket LGA 1700, M-ATX, Chipset Intel B760, B760M-AYW-WIFI
[2024-10-02T21:25:11.982+0000] {logging_mixin.py:190} INFO - 899.99
[2024-10-02T21:25:11.982+0000] {logging_mixin.py:190} INFO - /placa-mae-asus-prime-h610m-a-ddr5-socket-lga-1700-m-atx-chipset-intel-h610-prime-h610m-a
[2024-10-02T21:25:11.982+0000] {logging_mixin.py:190} INFO - Placa Mae Asus Prime H610M-A, DDR5, Socket LGA 1700, M-ATX, Chipset Intel H610, PRIME-H610M-A
[2024-10-02T21:25:11.983+0000] {logging_mixin.py:190} INFO - 599.99
[2024-10-02T21:25:11.983+0000] {logging_mixin.py:190} INFO - /placa-mae-asus-prime-b650m-r-ddr5-socket-am5-m-atx-chipset-amd-b650-prime-b650m-r
[2024-10-02T21:25:11.984+0000] {logging_mixin.py:190} INFO - Placa Mae Asus Prime B650M-R, DDR5, Socket AM5, M-ATX, Chipset AMD B650, PRIME-B650M-R
[2024-10-02T21:25:11.984+0000] {logging_mixin.py:190} INFO - 899.99
[2024-10-02T21:25:11.984+0000] {logging_mixin.py:190} INFO - /placa-mae-asus-rog-strix-b650e-i-gaming-wifi-ddr5-socket-am5-itx-chipset-b650-rog-strix-b650e-i-gaming-wifi
[2024-10-02T21:25:11.985+0000] {logging_mixin.py:190} INFO - Placa Mae Asus ROG Strix B650E-I Gaming Wifi, DDR5, Socket AM5, ITX, Chipset B650, ROG-STRIX-B650E-I-GAMING-WIFI
[2024-10-02T21:25:11.985+0000] {logging_mixin.py:190} INFO - 2299.99
[2024-10-02T21:25:11.986+0000] {logging_mixin.py:190} INFO - /placa-mae-asus-rog-strix-b760-i-gaming-wifi-ddr5-socket-lga1700-itx-chipset-intel-b760-rog-strix-b760-i-gaming-wifi
[2024-10-02T21:25:11.986+0000] {logging_mixin.py:190} INFO - Placa Mae Asus ROG Strix B760-I Gaming Wifi, DDR5, Socket LGA1700, ITX, Chipset Intel B760, ROG-STRIX-B760-I-GAMING-WIFI
[2024-10-02T21:25:11.986+0000] {logging_mixin.py:190} INFO - 1759.99
[2024-10-02T21:25:11.987+0000] {logging_mixin.py:190} INFO - /placa-mae-asus-rog-strix-z790-i-gaming-wifi-ddr5-socket-lga1700-itx-chipset-intel-z790-rog-strix-z790-i-gaming-wifi
[2024-10-02T21:25:11.987+0000] {logging_mixin.py:190} INFO - Placa Mae Asus ROG Strix Z790-I Gaming Wifi, DDR5, Socket LGA1700, ITX, Chipset Intel Z790, ROG-STRIX-Z790-I-GAMING-WIFI
[2024-10-02T21:25:11.988+0000] {logging_mixin.py:190} INFO - 2799.99
[2024-10-02T21:25:11.988+0000] {logging_mixin.py:190} INFO - /placa-mae-gigabyte-b650m-d3hp-ax-ddr5-socket-am5-m-atx-chipset-amd-b650-b650m-d3hp-ax
[2024-10-02T21:25:11.989+0000] {logging_mixin.py:190} INFO - Placa Mae Gigabyte B650M D3HP AX, DDR5, Socket AM5, M-ATX, Chipset AMD B650, B650M-D3HP-AX
[2024-10-02T21:25:11.989+0000] {logging_mixin.py:190} INFO - 1099.99
[2024-10-02T21:25:11.989+0000] {logging_mixin.py:190} INFO - /placa-mae-gigabyte-b760m-gaming-ac-ddr4-lga1700-atx-socket-intel-b760m-b760m-gaming-ac-ddr4
[2024-10-02T21:25:11.990+0000] {logging_mixin.py:190} INFO - Placa Mae Gigabyte B760M Gaming AC, DDR4, LGA1700, ATX, Socket Intel B760M, B760M-GAMING-AC-DDR4
[2024-10-02T21:25:11.990+0000] {logging_mixin.py:190} INFO - 999.99
[2024-10-02T21:25:11.991+0000] {logging_mixin.py:190} INFO - /placa-mae-gigabyte-b760-ds3h-ax-ddr5-socket-lga-1700-atx-chipset-intel-b760-b760-ds3h-ax
[2024-10-02T21:25:11.991+0000] {logging_mixin.py:190} INFO - Placa Mae Gigabyte B760 DS3H AX, DDR5, Socket LGA 1700, ATX, Chipset Intel B760, B760-DS3H-AX
[2024-10-02T21:25:11.991+0000] {logging_mixin.py:190} INFO - 1179.99
[2024-10-02T21:25:11.992+0000] {logging_mixin.py:190} INFO - None
[2024-10-02T21:25:11.992+0000] {logging_mixin.py:190} INFO - None
[2024-10-02T21:25:11.992+0000] {logging_mixin.py:190} INFO - None
[2024-10-02T21:25:11.993+0000] {logging_mixin.py:190} INFO - None
[2024-10-02T21:25:11.993+0000] {logging_mixin.py:190} INFO - None
[2024-10-02T21:25:11.994+0000] {logging_mixin.py:190} INFO - None
[2024-10-02T21:25:11.994+0000] {logging_mixin.py:190} INFO - None
[2024-10-02T21:25:11.995+0000] {logging_mixin.py:190} INFO - None
[2024-10-02T21:25:11.995+0000] {logging_mixin.py:190} INFO - None
[2024-10-02T21:25:11.995+0000] {logging_mixin.py:190} INFO - None
[2024-10-02T21:25:11.996+0000] {logging_mixin.py:190} INFO - None
[2024-10-02T21:25:11.996+0000] {logging_mixin.py:190} INFO - None
[2024-10-02T21:25:11.997+0000] {logging_mixin.py:190} INFO - None
[2024-10-02T21:25:11.997+0000] {logging_mixin.py:190} INFO - None
[2024-10-02T21:25:11.998+0000] {logging_mixin.py:190} INFO - None
[2024-10-02T21:25:11.998+0000] {logging_mixin.py:190} INFO - None
[2024-10-02T21:25:11.998+0000] {logging_mixin.py:190} INFO - None
[2024-10-02T21:25:11.999+0000] {logging_mixin.py:190} INFO - None
[2024-10-02T21:25:11.999+0000] {logging_mixin.py:190} INFO - None
[2024-10-02T21:25:12.000+0000] {logging_mixin.py:190} INFO - None
[2024-10-02T21:25:12.000+0000] {logging_mixin.py:190} INFO - None
[2024-10-02T21:25:12.000+0000] {logging_mixin.py:190} INFO - None
[2024-10-02T21:25:12.001+0000] {logging_mixin.py:190} INFO - None
[2024-10-02T21:25:12.001+0000] {logging_mixin.py:190} INFO - None
[2024-10-02T21:25:12.002+0000] {logging_mixin.py:190} INFO - None
[2024-10-02T21:25:12.002+0000] {logging_mixin.py:190} INFO - None
[2024-10-02T21:25:12.002+0000] {logging_mixin.py:190} INFO - None
[2024-10-02T21:25:17.613+0000] {logging_mixin.py:190} INFO - placas-mae
[2024-10-02T21:25:24.708+0000] {logging_mixin.py:190} INFO - placas-mae
[2024-10-02T21:25:33.040+0000] {logging_mixin.py:190} INFO - placas-mae
[2024-10-02T21:25:41.120+0000] {logging_mixin.py:190} INFO - placas-mae
[2024-10-02T21:25:41.265+0000] {taskinstance.py:3310} ERROR - Task failed with exception
Traceback (most recent call last):
  File "/home/airflow/.local/lib/python3.12/site-packages/airflow/models/taskinstance.py", line 767, in _execute_task
    result = _execute_callable(context=context, **execute_callable_kwargs)
             ^^^^^^^^^^^^^^^^^^^^^^^^^^^^^^^^^^^^^^^^^^^^^^^^^^^^^^^^^^^^^
  File "/home/airflow/.local/lib/python3.12/site-packages/airflow/models/taskinstance.py", line 733, in _execute_callable
    return ExecutionCallableRunner(
           ^^^^^^^^^^^^^^^^^^^^^^^^
  File "/home/airflow/.local/lib/python3.12/site-packages/airflow/utils/operator_helpers.py", line 252, in run
    return self.func(*args, **kwargs)
           ^^^^^^^^^^^^^^^^^^^^^^^^^^
  File "/home/airflow/.local/lib/python3.12/site-packages/airflow/models/baseoperator.py", line 406, in wrapper
    return func(self, *args, **kwargs)
           ^^^^^^^^^^^^^^^^^^^^^^^^^^^
  File "/opt/airflow/operators/OperatorSiteBase.py", line 82, in execute
    self.ExtractDates()
  File "/opt/airflow/operators/OperatorSiteBase.py", line 50, in ExtractDates
    driver.get(base_url)
  File "/home/airflow/.local/lib/python3.12/site-packages/selenium/webdriver/remote/webdriver.py", line 363, in get
    self.execute(Command.GET, {"url": url})
  File "/home/airflow/.local/lib/python3.12/site-packages/selenium/webdriver/remote/webdriver.py", line 354, in execute
    self.error_handler.check_response(response)
  File "/home/airflow/.local/lib/python3.12/site-packages/selenium/webdriver/remote/errorhandler.py", line 229, in check_response
    raise exception_class(message, screen, stacktrace)
selenium.common.exceptions.InvalidSessionIdException: Message: Unable to find session with ID: d99452fa8e547aff7fce7674bb82724b
Build info: version: '4.24.0', revision: '748ffc9bc3'
System info: os.name: 'Linux', os.arch: 'amd64', os.version: '5.15.153.1-microsoft-standard-WSL2', java.version: '17.0.12'
Driver info: driver.version: unknown
Stacktrace:
org.openqa.selenium.NoSuchSessionException: Unable to find session with ID: d99452fa8e547aff7fce7674bb82724b
Build info: version: '4.24.0', revision: '748ffc9bc3'
System info: os.name: 'Linux', os.arch: 'amd64', os.version: '5.15.153.1-microsoft-standard-WSL2', java.version: '17.0.12'
Driver info: driver.version: unknown
	at org.openqa.selenium.grid.sessionmap.local.LocalSessionMap.get(LocalSessionMap.java:116)
	at org.openqa.selenium.grid.sessionmap.SessionMap.getUri(SessionMap.java:84)
	at org.openqa.selenium.grid.router.HandleSession.lambda$loadSessionId$4(HandleSession.java:223)
	at io.opentelemetry.context.Context.lambda$wrap$2(Context.java:224)
	at org.openqa.selenium.grid.router.HandleSession.execute(HandleSession.java:180)
	at org.openqa.selenium.remote.http.Route$PredicatedRoute.handle(Route.java:397)
	at org.openqa.selenium.remote.http.Route.execute(Route.java:69)
	at org.openqa.selenium.remote.http.Route$CombinedRoute.handle(Route.java:360)
	at org.openqa.selenium.remote.http.Route.execute(Route.java:69)
	at org.openqa.selenium.grid.router.Router.execute(Router.java:87)
	at org.openqa.selenium.grid.web.EnsureSpecCompliantResponseHeaders.lambda$apply$0(EnsureSpecCompliantResponseHeaders.java:34)
	at org.openqa.selenium.remote.http.Filter$1.execute(Filter.java:63)
	at org.openqa.selenium.remote.http.Route$CombinedRoute.handle(Route.java:360)
	at org.openqa.selenium.remote.http.Route.execute(Route.java:69)
	at org.openqa.selenium.remote.http.Route$NestedRoute.handle(Route.java:270)
	at org.openqa.selenium.remote.http.Route.execute(Route.java:69)
	at org.openqa.selenium.remote.http.Route$CombinedRoute.handle(Route.java:360)
	at org.openqa.selenium.remote.http.Route.execute(Route.java:69)
	at org.openqa.selenium.remote.AddWebDriverSpecHeaders.lambda$apply$0(AddWebDriverSpecHeaders.java:35)
	at org.openqa.selenium.remote.ErrorFilter.lambda$apply$0(ErrorFilter.java:44)
	at org.openqa.selenium.remote.http.Filter$1.execute(Filter.java:63)
	at org.openqa.selenium.remote.ErrorFilter.lambda$apply$0(ErrorFilter.java:44)
	at org.openqa.selenium.remote.http.Filter$1.execute(Filter.java:63)
	at org.openqa.selenium.netty.server.SeleniumHandler.lambda$channelRead0$0(SeleniumHandler.java:44)
	at java.base/java.util.concurrent.Executors$RunnableAdapter.call(Executors.java:539)
	at java.base/java.util.concurrent.FutureTask.run(FutureTask.java:264)
	at java.base/java.util.concurrent.ThreadPoolExecutor.runWorker(ThreadPoolExecutor.java:1136)
	at java.base/java.util.concurrent.ThreadPoolExecutor$Worker.run(ThreadPoolExecutor.java:635)
	at java.base/java.lang.Thread.run(Thread.java:840)

[2024-10-02T21:25:41.276+0000] {taskinstance.py:1225} INFO - Marking task as FAILED. dag_id=SitesWebScraping, task_id=Web_Extraction_siteA, run_id=manual__2024-10-02T21:24:59.471363+00:00, execution_date=20241002T212459, start_date=20241002T212502, end_date=20241002T212541
[2024-10-02T21:25:41.291+0000] {taskinstance.py:340} INFO - ::group::Post task execution logs
[2024-10-02T21:25:41.292+0000] {standard_task_runner.py:124} ERROR - Failed to execute job 785 for task Web_Extraction_siteA (Message: Unable to find session with ID: d99452fa8e547aff7fce7674bb82724b
Build info: version: '4.24.0', revision: '748ffc9bc3'
System info: os.name: 'Linux', os.arch: 'amd64', os.version: '5.15.153.1-microsoft-standard-WSL2', java.version: '17.0.12'
Driver info: driver.version: unknown
Stacktrace:
org.openqa.selenium.NoSuchSessionException: Unable to find session with ID: d99452fa8e547aff7fce7674bb82724b
Build info: version: '4.24.0', revision: '748ffc9bc3'
System info: os.name: 'Linux', os.arch: 'amd64', os.version: '5.15.153.1-microsoft-standard-WSL2', java.version: '17.0.12'
Driver info: driver.version: unknown
	at org.openqa.selenium.grid.sessionmap.local.LocalSessionMap.get(LocalSessionMap.java:116)
	at org.openqa.selenium.grid.sessionmap.SessionMap.getUri(SessionMap.java:84)
	at org.openqa.selenium.grid.router.HandleSession.lambda$loadSessionId$4(HandleSession.java:223)
	at io.opentelemetry.context.Context.lambda$wrap$2(Context.java:224)
	at org.openqa.selenium.grid.router.HandleSession.execute(HandleSession.java:180)
	at org.openqa.selenium.remote.http.Route$PredicatedRoute.handle(Route.java:397)
	at org.openqa.selenium.remote.http.Route.execute(Route.java:69)
	at org.openqa.selenium.remote.http.Route$CombinedRoute.handle(Route.java:360)
	at org.openqa.selenium.remote.http.Route.execute(Route.java:69)
	at org.openqa.selenium.grid.router.Router.execute(Router.java:87)
	at org.openqa.selenium.grid.web.EnsureSpecCompliantResponseHeaders.lambda$apply$0(EnsureSpecCompliantResponseHeaders.java:34)
	at org.openqa.selenium.remote.http.Filter$1.execute(Filter.java:63)
	at org.openqa.selenium.remote.http.Route$CombinedRoute.handle(Route.java:360)
	at org.openqa.selenium.remote.http.Route.execute(Route.java:69)
	at org.openqa.selenium.remote.http.Route$NestedRoute.handle(Route.java:270)
	at org.openqa.selenium.remote.http.Route.execute(Route.java:69)
	at org.openqa.selenium.remote.http.Route$CombinedRoute.handle(Route.java:360)
	at org.openqa.selenium.remote.http.Route.execute(Route.java:69)
	at org.openqa.selenium.remote.AddWebDriverSpecHeaders.lambda$apply$0(AddWebDriverSpecHeaders.java:35)
	at org.openqa.selenium.remote.ErrorFilter.lambda$apply$0(ErrorFilter.java:44)
	at org.openqa.selenium.remote.http.Filter$1.execute(Filter.java:63)
	at org.openqa.selenium.remote.ErrorFilter.lambda$apply$0(ErrorFilter.java:44)
	at org.openqa.selenium.remote.http.Filter$1.execute(Filter.java:63)
	at org.openqa.selenium.netty.server.SeleniumHandler.lambda$channelRead0$0(SeleniumHandler.java:44)
	at java.base/java.util.concurrent.Executors$RunnableAdapter.call(Executors.java:539)
	at java.base/java.util.concurrent.FutureTask.run(FutureTask.java:264)
	at java.base/java.util.concurrent.ThreadPoolExecutor.runWorker(ThreadPoolExecutor.java:1136)
	at java.base/java.util.concurrent.ThreadPoolExecutor$Worker.run(ThreadPoolExecutor.java:635)
	at java.base/java.lang.Thread.run(Thread.java:840)
; 1888)
Traceback (most recent call last):
  File "/home/airflow/.local/lib/python3.12/site-packages/airflow/task/task_runner/standard_task_runner.py", line 117, in _start_by_fork
    ret = args.func(args, dag=self.dag)
          ^^^^^^^^^^^^^^^^^^^^^^^^^^^^^
  File "/home/airflow/.local/lib/python3.12/site-packages/airflow/cli/cli_config.py", line 49, in command
    return func(*args, **kwargs)
           ^^^^^^^^^^^^^^^^^^^^^
  File "/home/airflow/.local/lib/python3.12/site-packages/airflow/utils/cli.py", line 115, in wrapper
    return f(*args, **kwargs)
           ^^^^^^^^^^^^^^^^^^
  File "/home/airflow/.local/lib/python3.12/site-packages/airflow/cli/commands/task_command.py", line 483, in task_run
    task_return_code = _run_task_by_selected_method(args, _dag, ti)
                       ^^^^^^^^^^^^^^^^^^^^^^^^^^^^^^^^^^^^^^^^^^^^
  File "/home/airflow/.local/lib/python3.12/site-packages/airflow/cli/commands/task_command.py", line 256, in _run_task_by_selected_method
    return _run_raw_task(args, ti)
           ^^^^^^^^^^^^^^^^^^^^^^^
  File "/home/airflow/.local/lib/python3.12/site-packages/airflow/cli/commands/task_command.py", line 341, in _run_raw_task
    return ti._run_raw_task(
           ^^^^^^^^^^^^^^^^^
  File "/home/airflow/.local/lib/python3.12/site-packages/airflow/utils/session.py", line 97, in wrapper
    return func(*args, session=session, **kwargs)
           ^^^^^^^^^^^^^^^^^^^^^^^^^^^^^^^^^^^^^^
  File "/home/airflow/.local/lib/python3.12/site-packages/airflow/models/taskinstance.py", line 3004, in _run_raw_task
    return _run_raw_task(
           ^^^^^^^^^^^^^^
  File "/home/airflow/.local/lib/python3.12/site-packages/airflow/models/taskinstance.py", line 273, in _run_raw_task
    TaskInstance._execute_task_with_callbacks(
  File "/home/airflow/.local/lib/python3.12/site-packages/airflow/models/taskinstance.py", line 3158, in _execute_task_with_callbacks
    result = self._execute_task(context, task_orig)
             ^^^^^^^^^^^^^^^^^^^^^^^^^^^^^^^^^^^^^^
  File "/home/airflow/.local/lib/python3.12/site-packages/airflow/models/taskinstance.py", line 3182, in _execute_task
    return _execute_task(self, context, task_orig)
           ^^^^^^^^^^^^^^^^^^^^^^^^^^^^^^^^^^^^^^^
  File "/home/airflow/.local/lib/python3.12/site-packages/airflow/models/taskinstance.py", line 767, in _execute_task
    result = _execute_callable(context=context, **execute_callable_kwargs)
             ^^^^^^^^^^^^^^^^^^^^^^^^^^^^^^^^^^^^^^^^^^^^^^^^^^^^^^^^^^^^^
  File "/home/airflow/.local/lib/python3.12/site-packages/airflow/models/taskinstance.py", line 733, in _execute_callable
    return ExecutionCallableRunner(
           ^^^^^^^^^^^^^^^^^^^^^^^^
  File "/home/airflow/.local/lib/python3.12/site-packages/airflow/utils/operator_helpers.py", line 252, in run
    return self.func(*args, **kwargs)
           ^^^^^^^^^^^^^^^^^^^^^^^^^^
  File "/home/airflow/.local/lib/python3.12/site-packages/airflow/models/baseoperator.py", line 406, in wrapper
    return func(self, *args, **kwargs)
           ^^^^^^^^^^^^^^^^^^^^^^^^^^^
  File "/opt/airflow/operators/OperatorSiteBase.py", line 82, in execute
    self.ExtractDates()
  File "/opt/airflow/operators/OperatorSiteBase.py", line 50, in ExtractDates
    driver.get(base_url)
  File "/home/airflow/.local/lib/python3.12/site-packages/selenium/webdriver/remote/webdriver.py", line 363, in get
    self.execute(Command.GET, {"url": url})
  File "/home/airflow/.local/lib/python3.12/site-packages/selenium/webdriver/remote/webdriver.py", line 354, in execute
    self.error_handler.check_response(response)
  File "/home/airflow/.local/lib/python3.12/site-packages/selenium/webdriver/remote/errorhandler.py", line 229, in check_response
    raise exception_class(message, screen, stacktrace)
selenium.common.exceptions.InvalidSessionIdException: Message: Unable to find session with ID: d99452fa8e547aff7fce7674bb82724b
Build info: version: '4.24.0', revision: '748ffc9bc3'
System info: os.name: 'Linux', os.arch: 'amd64', os.version: '5.15.153.1-microsoft-standard-WSL2', java.version: '17.0.12'
Driver info: driver.version: unknown
Stacktrace:
org.openqa.selenium.NoSuchSessionException: Unable to find session with ID: d99452fa8e547aff7fce7674bb82724b
Build info: version: '4.24.0', revision: '748ffc9bc3'
System info: os.name: 'Linux', os.arch: 'amd64', os.version: '5.15.153.1-microsoft-standard-WSL2', java.version: '17.0.12'
Driver info: driver.version: unknown
	at org.openqa.selenium.grid.sessionmap.local.LocalSessionMap.get(LocalSessionMap.java:116)
	at org.openqa.selenium.grid.sessionmap.SessionMap.getUri(SessionMap.java:84)
	at org.openqa.selenium.grid.router.HandleSession.lambda$loadSessionId$4(HandleSession.java:223)
	at io.opentelemetry.context.Context.lambda$wrap$2(Context.java:224)
	at org.openqa.selenium.grid.router.HandleSession.execute(HandleSession.java:180)
	at org.openqa.selenium.remote.http.Route$PredicatedRoute.handle(Route.java:397)
	at org.openqa.selenium.remote.http.Route.execute(Route.java:69)
	at org.openqa.selenium.remote.http.Route$CombinedRoute.handle(Route.java:360)
	at org.openqa.selenium.remote.http.Route.execute(Route.java:69)
	at org.openqa.selenium.grid.router.Router.execute(Router.java:87)
	at org.openqa.selenium.grid.web.EnsureSpecCompliantResponseHeaders.lambda$apply$0(EnsureSpecCompliantResponseHeaders.java:34)
	at org.openqa.selenium.remote.http.Filter$1.execute(Filter.java:63)
	at org.openqa.selenium.remote.http.Route$CombinedRoute.handle(Route.java:360)
	at org.openqa.selenium.remote.http.Route.execute(Route.java:69)
	at org.openqa.selenium.remote.http.Route$NestedRoute.handle(Route.java:270)
	at org.openqa.selenium.remote.http.Route.execute(Route.java:69)
	at org.openqa.selenium.remote.http.Route$CombinedRoute.handle(Route.java:360)
	at org.openqa.selenium.remote.http.Route.execute(Route.java:69)
	at org.openqa.selenium.remote.AddWebDriverSpecHeaders.lambda$apply$0(AddWebDriverSpecHeaders.java:35)
	at org.openqa.selenium.remote.ErrorFilter.lambda$apply$0(ErrorFilter.java:44)
	at org.openqa.selenium.remote.http.Filter$1.execute(Filter.java:63)
	at org.openqa.selenium.remote.ErrorFilter.lambda$apply$0(ErrorFilter.java:44)
	at org.openqa.selenium.remote.http.Filter$1.execute(Filter.java:63)
	at org.openqa.selenium.netty.server.SeleniumHandler.lambda$channelRead0$0(SeleniumHandler.java:44)
	at java.base/java.util.concurrent.Executors$RunnableAdapter.call(Executors.java:539)
	at java.base/java.util.concurrent.FutureTask.run(FutureTask.java:264)
	at java.base/java.util.concurrent.ThreadPoolExecutor.runWorker(ThreadPoolExecutor.java:1136)
	at java.base/java.util.concurrent.ThreadPoolExecutor$Worker.run(ThreadPoolExecutor.java:635)
	at java.base/java.lang.Thread.run(Thread.java:840)

[2024-10-02T21:25:41.313+0000] {local_task_job_runner.py:266} INFO - Task exited with return code 1
[2024-10-02T21:25:41.335+0000] {taskinstance.py:3900} INFO - 0 downstream tasks scheduled from follow-on schedule check
[2024-10-02T21:25:41.344+0000] {local_task_job_runner.py:245} INFO - ::endgroup::
