[2024-10-01T19:45:50.587+0000] {local_task_job_runner.py:123} INFO - ::group::Pre task execution logs
[2024-10-01T19:45:50.606+0000] {taskinstance.py:2612} INFO - Dependencies all met for dep_context=non-requeueable deps ti=<TaskInstance: SitesWebScraping.Create_Container_Raw manual__2024-10-01T19:16:09.520071+00:00 [queued]>
[2024-10-01T19:45:50.614+0000] {taskinstance.py:2612} INFO - Dependencies all met for dep_context=requeueable deps ti=<TaskInstance: SitesWebScraping.Create_Container_Raw manual__2024-10-01T19:16:09.520071+00:00 [queued]>
[2024-10-01T19:45:50.615+0000] {taskinstance.py:2865} INFO - Starting attempt 2 of 2
[2024-10-01T19:45:50.632+0000] {taskinstance.py:2888} INFO - Executing <Task(CreateContainerInDataLake): Create_Container_Raw> on 2024-10-01 19:16:09.520071+00:00
[2024-10-01T19:45:50.639+0000] {warnings.py:112} WARNING - /home/***/.local/lib/python3.12/site-packages/***/task/task_runner/standard_task_runner.py:70: DeprecationWarning: This process (pid=1931) is multi-threaded, use of fork() may lead to deadlocks in the child.
  pid = os.fork()

[2024-10-01T19:45:50.640+0000] {standard_task_runner.py:72} INFO - Started process 1932 to run task
[2024-10-01T19:45:50.641+0000] {standard_task_runner.py:104} INFO - Running: ['***', 'tasks', 'run', 'SitesWebScraping', 'Create_Container_Raw', 'manual__2024-10-01T19:16:09.520071+00:00', '--job-id', '656', '--raw', '--subdir', 'DAGS_FOLDER/DagWebScraping.py', '--cfg-path', '/tmp/tmp338bym6j']
[2024-10-01T19:45:50.644+0000] {standard_task_runner.py:105} INFO - Job 656: Subtask Create_Container_Raw
[2024-10-01T19:45:50.716+0000] {task_command.py:467} INFO - Running <TaskInstance: SitesWebScraping.Create_Container_Raw manual__2024-10-01T19:16:09.520071+00:00 [running]> on host eb305769d48a
[2024-10-01T19:45:50.838+0000] {taskinstance.py:3131} INFO - Exporting env vars: AIRFLOW_CTX_DAG_OWNER='***' AIRFLOW_CTX_DAG_ID='SitesWebScraping' AIRFLOW_CTX_TASK_ID='Create_Container_Raw' AIRFLOW_CTX_EXECUTION_DATE='2024-10-01T19:16:09.520071+00:00' AIRFLOW_CTX_TRY_NUMBER='2' AIRFLOW_CTX_DAG_RUN_ID='manual__2024-10-01T19:16:09.520071+00:00'
[2024-10-01T19:45:50.839+0000] {taskinstance.py:731} INFO - ::endgroup::
[2024-10-01T19:45:50.854+0000] {baseoperator.py:405} WARNING - CreateContainerInDataLake.execute cannot be called outside TaskInstance!
[2024-10-01T19:45:50.855+0000] {subprocess.py:63} INFO - Tmp dir root location: /tmp
[2024-10-01T19:45:50.856+0000] {subprocess.py:75} INFO - Running command: ['/usr/bin/bash', '-c', 'mkdir -p /opt/***/datalake/rawzone/kabum_2024-10-01']
[2024-10-01T19:45:50.865+0000] {subprocess.py:86} INFO - Output:
[2024-10-01T19:45:50.870+0000] {subprocess.py:97} INFO - Command exited with return code 0
[2024-10-01T19:45:50.896+0000] {taskinstance.py:340} INFO - ::group::Post task execution logs
[2024-10-01T19:45:50.897+0000] {taskinstance.py:352} INFO - Marking task as SUCCESS. dag_id=SitesWebScraping, task_id=Create_Container_Raw, run_id=manual__2024-10-01T19:16:09.520071+00:00, execution_date=20241001T191609, start_date=20241001T194550, end_date=20241001T194550
[2024-10-01T19:45:50.945+0000] {local_task_job_runner.py:266} INFO - Task exited with return code 0
[2024-10-01T19:45:50.979+0000] {taskinstance.py:3900} INFO - 1 downstream tasks scheduled from follow-on schedule check
[2024-10-01T19:45:50.988+0000] {local_task_job_runner.py:245} INFO - ::endgroup::
