[2024-10-25T14:25:06.622+0000] {local_task_job_runner.py:123} INFO - ::group::Pre task execution logs
[2024-10-25T14:25:06.634+0000] {taskinstance.py:2612} INFO - Dependencies all met for dep_context=non-requeueable deps ti=<TaskInstance: LoadWebScraping.upload_files_in_datalake manual__2024-10-25T14:25:04.609193+00:00 [queued]>
[2024-10-25T14:25:06.642+0000] {taskinstance.py:2612} INFO - Dependencies all met for dep_context=requeueable deps ti=<TaskInstance: LoadWebScraping.upload_files_in_datalake manual__2024-10-25T14:25:04.609193+00:00 [queued]>
[2024-10-25T14:25:06.643+0000] {taskinstance.py:2865} INFO - Starting attempt 1 of 1
[2024-10-25T14:25:06.658+0000] {taskinstance.py:2888} INFO - Executing <Task(PythonOperator): upload_files_in_datalake> on 2024-10-25 14:25:04.609193+00:00
[2024-10-25T14:25:06.663+0000] {warnings.py:112} WARNING - /home/***/.local/lib/python3.12/site-packages/***/task/task_runner/standard_task_runner.py:70: DeprecationWarning: This process (pid=3415) is multi-threaded, use of fork() may lead to deadlocks in the child.
  pid = os.fork()

[2024-10-25T14:25:06.665+0000] {standard_task_runner.py:72} INFO - Started process 3417 to run task
[2024-10-25T14:25:06.665+0000] {standard_task_runner.py:104} INFO - Running: ['***', 'tasks', 'run', 'LoadWebScraping', 'upload_files_in_datalake', 'manual__2024-10-25T14:25:04.609193+00:00', '--job-id', '492', '--raw', '--subdir', 'DAGS_FOLDER/LoadWebScraping.py', '--cfg-path', '/tmp/tmp9twi4ahj']
[2024-10-25T14:25:06.667+0000] {standard_task_runner.py:105} INFO - Job 492: Subtask upload_files_in_datalake
[2024-10-25T14:25:06.706+0000] {task_command.py:467} INFO - Running <TaskInstance: LoadWebScraping.upload_files_in_datalake manual__2024-10-25T14:25:04.609193+00:00 [running]> on host 76ae9b05cb63
[2024-10-25T14:25:06.788+0000] {taskinstance.py:3131} INFO - Exporting env vars: AIRFLOW_CTX_DAG_OWNER='***' AIRFLOW_CTX_DAG_ID='LoadWebScraping' AIRFLOW_CTX_TASK_ID='upload_files_in_datalake' AIRFLOW_CTX_EXECUTION_DATE='2024-10-25T14:25:04.609193+00:00' AIRFLOW_CTX_TRY_NUMBER='1' AIRFLOW_CTX_DAG_RUN_ID='manual__2024-10-25T14:25:04.609193+00:00'
[2024-10-25T14:25:06.789+0000] {taskinstance.py:731} INFO - ::endgroup::
[2024-10-25T14:25:06.832+0000] {base.py:84} INFO - Retrieving connection 's3_connect'
[2024-10-25T14:25:06.832+0000] {connection_wrapper.py:388} INFO - AWS Connection (conn_id='s3_connect', conn_type='aws') credentials retrieved from login and password.
[2024-10-25T14:25:06.833+0000] {warnings.py:112} WARNING - <string>:9: AirflowProviderDeprecationWarning: extra['host'] is deprecated and will be removed in a future release. Please set extra['endpoint_url'] instead

[2024-10-25T14:25:07.708+0000] {logging_mixin.py:190} INFO - Arquivo data.json carregado com sucesso para kabum/data.json no bucket rawzone
[2024-10-25T14:25:07.905+0000] {logging_mixin.py:190} INFO - Arquivo data.json carregado com sucesso para kabum/data.json no bucket rawzone
[2024-10-25T14:25:07.990+0000] {logging_mixin.py:190} INFO - Arquivo data.json carregado com sucesso para kabum/data.json no bucket rawzone
[2024-10-25T14:25:08.101+0000] {logging_mixin.py:190} INFO - Arquivo data.json carregado com sucesso para kabum/data.json no bucket rawzone
[2024-10-25T14:25:08.164+0000] {logging_mixin.py:190} INFO - Arquivo data.json carregado com sucesso para kabum/data.json no bucket rawzone
[2024-10-25T14:25:08.288+0000] {logging_mixin.py:190} INFO - Arquivo data.json carregado com sucesso para kabum/data.json no bucket rawzone
[2024-10-25T14:25:08.344+0000] {logging_mixin.py:190} INFO - Arquivo data.json carregado com sucesso para kabum/data.json no bucket rawzone
[2024-10-25T14:25:08.454+0000] {logging_mixin.py:190} INFO - Arquivo data.json carregado com sucesso para kabum/data.json no bucket rawzone
[2024-10-25T14:25:08.511+0000] {logging_mixin.py:190} INFO - Arquivo data.json carregado com sucesso para kabum/data.json no bucket rawzone
[2024-10-25T14:25:08.625+0000] {logging_mixin.py:190} INFO - Arquivo data.json carregado com sucesso para kabum/data.json no bucket rawzone
[2024-10-25T14:25:08.683+0000] {logging_mixin.py:190} INFO - Arquivo data.json carregado com sucesso para kabum/data.json no bucket rawzone
[2024-10-25T14:25:08.795+0000] {logging_mixin.py:190} INFO - Arquivo data.json carregado com sucesso para kabum/data.json no bucket rawzone
[2024-10-25T14:25:08.851+0000] {logging_mixin.py:190} INFO - Arquivo data.json carregado com sucesso para kabum/data.json no bucket rawzone
[2024-10-25T14:25:08.967+0000] {logging_mixin.py:190} INFO - Arquivo data.json carregado com sucesso para kabum/data.json no bucket rawzone
[2024-10-25T14:25:09.025+0000] {logging_mixin.py:190} INFO - Arquivo data.json carregado com sucesso para kabum/data.json no bucket rawzone
[2024-10-25T14:25:09.158+0000] {logging_mixin.py:190} INFO - Arquivo data.json carregado com sucesso para kabum/data.json no bucket rawzone
[2024-10-25T14:25:09.208+0000] {logging_mixin.py:190} INFO - Arquivo data.json carregado com sucesso para kabum/data.json no bucket rawzone
[2024-10-25T14:25:09.209+0000] {python.py:240} INFO - Done. Returned value was: None
[2024-10-25T14:25:09.217+0000] {taskinstance.py:340} INFO - ::group::Post task execution logs
[2024-10-25T14:25:09.217+0000] {taskinstance.py:352} INFO - Marking task as SUCCESS. dag_id=LoadWebScraping, task_id=upload_files_in_datalake, run_id=manual__2024-10-25T14:25:04.609193+00:00, execution_date=20241025T142504, start_date=20241025T142506, end_date=20241025T142509
[2024-10-25T14:25:09.246+0000] {local_task_job_runner.py:266} INFO - Task exited with return code 0
[2024-10-25T14:25:09.260+0000] {taskinstance.py:3900} INFO - 0 downstream tasks scheduled from follow-on schedule check
[2024-10-25T14:25:09.264+0000] {local_task_job_runner.py:245} INFO - ::endgroup::
