[2024-10-09T21:05:58.012+0000] {local_task_job_runner.py:123} INFO - ::group::Pre task execution logs
[2024-10-09T21:05:58.030+0000] {taskinstance.py:2612} INFO - Dependencies all met for dep_context=non-requeueable deps ti=<TaskInstance: LoadWebScraping.spark_to_jdbc_job manual__2024-10-09T21:05:54.348661+00:00 [queued]>
[2024-10-09T21:05:58.043+0000] {taskinstance.py:2612} INFO - Dependencies all met for dep_context=requeueable deps ti=<TaskInstance: LoadWebScraping.spark_to_jdbc_job manual__2024-10-09T21:05:54.348661+00:00 [queued]>
[2024-10-09T21:05:58.044+0000] {taskinstance.py:2865} INFO - Starting attempt 1 of 1
[2024-10-09T21:05:58.057+0000] {taskinstance.py:2888} INFO - Executing <Task(SparkJDBCOperator): spark_to_jdbc_job> on 2024-10-09 21:05:54.348661+00:00
[2024-10-09T21:05:58.062+0000] {warnings.py:112} WARNING - /home/***/.local/lib/python3.12/site-packages/***/task/task_runner/standard_task_runner.py:70: DeprecationWarning: This process (pid=5411) is multi-threaded, use of fork() may lead to deadlocks in the child.
  pid = os.fork()

[2024-10-09T21:05:58.064+0000] {standard_task_runner.py:72} INFO - Started process 5423 to run task
[2024-10-09T21:05:58.064+0000] {standard_task_runner.py:104} INFO - Running: ['***', 'tasks', 'run', 'LoadWebScraping', 'spark_to_jdbc_job', 'manual__2024-10-09T21:05:54.348661+00:00', '--job-id', '1500', '--raw', '--subdir', 'DAGS_FOLDER/LoadWebScraping.py', '--cfg-path', '/tmp/tmphtbcgpyp']
[2024-10-09T21:05:58.066+0000] {standard_task_runner.py:105} INFO - Job 1500: Subtask spark_to_jdbc_job
[2024-10-09T21:05:58.108+0000] {task_command.py:467} INFO - Running <TaskInstance: LoadWebScraping.spark_to_jdbc_job manual__2024-10-09T21:05:54.348661+00:00 [running]> on host 97b4e38b3eb9
[2024-10-09T21:05:58.429+0000] {taskinstance.py:3131} INFO - Exporting env vars: AIRFLOW_CTX_DAG_OWNER='***' AIRFLOW_CTX_DAG_ID='LoadWebScraping' AIRFLOW_CTX_TASK_ID='spark_to_jdbc_job' AIRFLOW_CTX_EXECUTION_DATE='2024-10-09T21:05:54.348661+00:00' AIRFLOW_CTX_TRY_NUMBER='1' AIRFLOW_CTX_DAG_RUN_ID='manual__2024-10-09T21:05:54.348661+00:00'
[2024-10-09T21:05:58.430+0000] {taskinstance.py:731} INFO - ::endgroup::
[2024-10-09T21:05:58.452+0000] {base.py:84} INFO - Retrieving connection 'spark_default'
[2024-10-09T21:05:58.459+0000] {spark_submit.py:403} INFO - Spark-Submit cmd: spark-submit --master spark://spark:7077 --jars ${SPARK_HOME}/jars/postgresql-42.2.12.jar --name ***-spark-jdbc --deploy-mode client /home/***/.local/lib/python3.12/site-packages/***/providers/apache/spark/hooks/spark_jdbc_script.py -cmdType postgres-*** -jdbcTable public.tb_dim_site -jdbcDriver org.postgresql.Driver -saveMode append
[2024-10-09T21:06:00.556+0000] {spark_submit.py:579} INFO - 24/10/09 21:06:00 WARN NativeCodeLoader: Unable to load native-hadoop library for your platform... using builtin-java classes where applicable
[2024-10-09T21:06:02.467+0000] {spark_submit.py:579} INFO - 24/10/09 21:06:02 INFO SparkContext: Running Spark version 3.5.2
[2024-10-09T21:06:02.469+0000] {spark_submit.py:579} INFO - 24/10/09 21:06:02 INFO SparkContext: OS info Linux, 5.15.153.1-microsoft-standard-WSL2, amd64
[2024-10-09T21:06:02.470+0000] {spark_submit.py:579} INFO - 24/10/09 21:06:02 INFO SparkContext: Java version 17.0.12
[2024-10-09T21:06:02.505+0000] {spark_submit.py:579} INFO - 24/10/09 21:06:02 INFO ResourceUtils: ==============================================================
[2024-10-09T21:06:02.506+0000] {spark_submit.py:579} INFO - 24/10/09 21:06:02 INFO ResourceUtils: No custom resources configured for spark.driver.
[2024-10-09T21:06:02.507+0000] {spark_submit.py:579} INFO - 24/10/09 21:06:02 INFO ResourceUtils: ==============================================================
[2024-10-09T21:06:02.508+0000] {spark_submit.py:579} INFO - 24/10/09 21:06:02 INFO SparkContext: Submitted application: None
[2024-10-09T21:06:02.537+0000] {spark_submit.py:579} INFO - 24/10/09 21:06:02 INFO ResourceProfile: Default ResourceProfile created, executor resources: Map(memory -> name: memory, amount: 1024, script: , vendor: , offHeap -> name: offHeap, amount: 0, script: , vendor: ), task resources: Map(cpus -> name: cpus, amount: 1.0)
[2024-10-09T21:06:02.546+0000] {spark_submit.py:579} INFO - 24/10/09 21:06:02 INFO ResourceProfile: Limiting resource is cpu
[2024-10-09T21:06:02.547+0000] {spark_submit.py:579} INFO - 24/10/09 21:06:02 INFO ResourceProfileManager: Added ResourceProfile id: 0
[2024-10-09T21:06:02.602+0000] {spark_submit.py:579} INFO - 24/10/09 21:06:02 INFO SecurityManager: Changing view acls to: ***
[2024-10-09T21:06:02.604+0000] {spark_submit.py:579} INFO - 24/10/09 21:06:02 INFO SecurityManager: Changing modify acls to: ***
[2024-10-09T21:06:02.605+0000] {spark_submit.py:579} INFO - 24/10/09 21:06:02 INFO SecurityManager: Changing view acls groups to:
[2024-10-09T21:06:02.606+0000] {spark_submit.py:579} INFO - 24/10/09 21:06:02 INFO SecurityManager: Changing modify acls groups to:
[2024-10-09T21:06:02.607+0000] {spark_submit.py:579} INFO - 24/10/09 21:06:02 INFO SecurityManager: SecurityManager: authentication disabled; ui acls disabled; users with view permissions: ***; groups with view permissions: EMPTY; users with modify permissions: ***; groups with modify permissions: EMPTY
[2024-10-09T21:06:02.799+0000] {spark_submit.py:579} INFO - 24/10/09 21:06:02 INFO Utils: Successfully started service 'sparkDriver' on port 45883.
[2024-10-09T21:06:02.819+0000] {spark_submit.py:579} INFO - 24/10/09 21:06:02 INFO SparkEnv: Registering MapOutputTracker
[2024-10-09T21:06:02.846+0000] {spark_submit.py:579} INFO - 24/10/09 21:06:02 INFO SparkEnv: Registering BlockManagerMaster
[2024-10-09T21:06:02.859+0000] {spark_submit.py:579} INFO - 24/10/09 21:06:02 INFO BlockManagerMasterEndpoint: Using org.apache.spark.storage.DefaultTopologyMapper for getting topology information
[2024-10-09T21:06:02.859+0000] {spark_submit.py:579} INFO - 24/10/09 21:06:02 INFO BlockManagerMasterEndpoint: BlockManagerMasterEndpoint up
[2024-10-09T21:06:02.863+0000] {spark_submit.py:579} INFO - 24/10/09 21:06:02 INFO SparkEnv: Registering BlockManagerMasterHeartbeat
[2024-10-09T21:06:02.882+0000] {spark_submit.py:579} INFO - 24/10/09 21:06:02 INFO DiskBlockManager: Created local directory at /tmp/blockmgr-2350e543-590e-4fd4-a835-4454e1e2dc81
[2024-10-09T21:06:02.893+0000] {spark_submit.py:579} INFO - 24/10/09 21:06:02 INFO MemoryStore: MemoryStore started with capacity 434.4 MiB
[2024-10-09T21:06:02.906+0000] {spark_submit.py:579} INFO - 24/10/09 21:06:02 INFO SparkEnv: Registering OutputCommitCoordinator
[2024-10-09T21:06:03.004+0000] {spark_submit.py:579} INFO - 24/10/09 21:06:03 INFO JettyUtils: Start Jetty 0.0.0.0:4040 for SparkUI
[2024-10-09T21:06:03.073+0000] {spark_submit.py:579} INFO - 24/10/09 21:06:03 INFO Utils: Successfully started service 'SparkUI' on port 4040.
[2024-10-09T21:06:03.218+0000] {spark_submit.py:579} INFO - 24/10/09 21:06:03 INFO StandaloneAppClient$ClientEndpoint: Connecting to master spark://spark:7077...
[2024-10-09T21:06:03.283+0000] {spark_submit.py:579} INFO - 24/10/09 21:06:03 INFO TransportClientFactory: Successfully created connection to spark/172.18.0.9:7077 after 28 ms (0 ms spent in bootstraps)
[2024-10-09T21:06:03.389+0000] {spark_submit.py:579} INFO - 24/10/09 21:06:03 INFO StandaloneSchedulerBackend: Connected to Spark cluster with app ID app-20241009210603-0019
[2024-10-09T21:06:03.395+0000] {spark_submit.py:579} INFO - 24/10/09 21:06:03 INFO StandaloneAppClient$ClientEndpoint: Executor added: app-20241009210603-0019/0 on worker-20241009180256-172.18.0.8-37477 (172.18.0.8:37477) with 6 core(s)
[2024-10-09T21:06:03.402+0000] {spark_submit.py:579} INFO - 24/10/09 21:06:03 INFO StandaloneSchedulerBackend: Granted executor ID app-20241009210603-0019/0 on hostPort 172.18.0.8:37477 with 6 core(s), 1024.0 MiB RAM
[2024-10-09T21:06:03.403+0000] {spark_submit.py:579} INFO - 24/10/09 21:06:03 INFO Utils: Successfully started service 'org.apache.spark.network.netty.NettyBlockTransferService' on port 34015.
[2024-10-09T21:06:03.415+0000] {spark_submit.py:579} INFO - 24/10/09 21:06:03 INFO NettyBlockTransferService: Server created on 97b4e38b3eb9:34015
[2024-10-09T21:06:03.419+0000] {spark_submit.py:579} INFO - 24/10/09 21:06:03 INFO BlockManager: Using org.apache.spark.storage.RandomBlockReplicationPolicy for block replication policy
[2024-10-09T21:06:03.424+0000] {spark_submit.py:579} INFO - 24/10/09 21:06:03 INFO BlockManagerMaster: Registering BlockManager BlockManagerId(driver, 97b4e38b3eb9, 34015, None)
[2024-10-09T21:06:03.425+0000] {spark_submit.py:579} INFO - 24/10/09 21:06:03 INFO BlockManagerMasterEndpoint: Registering block manager 97b4e38b3eb9:34015 with 434.4 MiB RAM, BlockManagerId(driver, 97b4e38b3eb9, 34015, None)
[2024-10-09T21:06:03.425+0000] {spark_submit.py:579} INFO - 24/10/09 21:06:03 INFO BlockManagerMaster: Registered BlockManager BlockManagerId(driver, 97b4e38b3eb9, 34015, None)
[2024-10-09T21:06:03.426+0000] {spark_submit.py:579} INFO - 24/10/09 21:06:03 INFO BlockManager: Initialized BlockManager: BlockManagerId(driver, 97b4e38b3eb9, 34015, None)
[2024-10-09T21:06:03.451+0000] {spark_submit.py:579} INFO - 24/10/09 21:06:03 INFO StandaloneAppClient$ClientEndpoint: Executor updated: app-20241009210603-0019/0 is now RUNNING
[2024-10-09T21:06:03.628+0000] {spark_submit.py:579} INFO - 24/10/09 21:06:03 INFO StandaloneSchedulerBackend: SchedulerBackend is ready for scheduling beginning after reached minRegisteredResourcesRatio: 0.0
[2024-10-09T21:06:03.998+0000] {spark_submit.py:579} INFO - 24/10/09 21:06:03 INFO SparkContext: Invoking stop() from shutdown hook
[2024-10-09T21:06:03.998+0000] {spark_submit.py:579} INFO - 24/10/09 21:06:03 INFO SparkContext: SparkContext is stopping with exitCode 0.
[2024-10-09T21:06:04.011+0000] {spark_submit.py:579} INFO - 24/10/09 21:06:04 INFO SparkUI: Stopped Spark web UI at http://97b4e38b3eb9:4040
[2024-10-09T21:06:04.026+0000] {spark_submit.py:579} INFO - 24/10/09 21:06:04 INFO StandaloneSchedulerBackend: Shutting down all executors
[2024-10-09T21:06:04.027+0000] {spark_submit.py:579} INFO - 24/10/09 21:06:04 INFO StandaloneSchedulerBackend$StandaloneDriverEndpoint: Asking each executor to shut down
[2024-10-09T21:06:04.039+0000] {spark_submit.py:579} INFO - 24/10/09 21:06:04 INFO MapOutputTrackerMasterEndpoint: MapOutputTrackerMasterEndpoint stopped!
[2024-10-09T21:06:04.060+0000] {spark_submit.py:579} INFO - 24/10/09 21:06:04 INFO MemoryStore: MemoryStore cleared
[2024-10-09T21:06:04.061+0000] {spark_submit.py:579} INFO - 24/10/09 21:06:04 INFO BlockManager: BlockManager stopped
[2024-10-09T21:06:04.065+0000] {spark_submit.py:579} INFO - 24/10/09 21:06:04 INFO BlockManagerMaster: BlockManagerMaster stopped
[2024-10-09T21:06:04.067+0000] {spark_submit.py:579} INFO - 24/10/09 21:06:04 INFO OutputCommitCoordinator$OutputCommitCoordinatorEndpoint: OutputCommitCoordinator stopped!
[2024-10-09T21:06:04.075+0000] {spark_submit.py:579} INFO - 24/10/09 21:06:04 INFO SparkContext: Successfully stopped SparkContext
[2024-10-09T21:06:04.076+0000] {spark_submit.py:579} INFO - 24/10/09 21:06:04 INFO ShutdownHookManager: Shutdown hook called
[2024-10-09T21:06:04.076+0000] {spark_submit.py:579} INFO - 24/10/09 21:06:04 INFO ShutdownHookManager: Deleting directory /tmp/spark-36ce8b48-5af2-4963-81d5-8b7fb76c0b2f/pyspark-6213b6bb-6b64-4886-b093-57468f345330
[2024-10-09T21:06:04.080+0000] {spark_submit.py:579} INFO - 24/10/09 21:06:04 INFO ShutdownHookManager: Deleting directory /tmp/spark-36ce8b48-5af2-4963-81d5-8b7fb76c0b2f
[2024-10-09T21:06:04.084+0000] {spark_submit.py:579} INFO - 24/10/09 21:06:04 INFO ShutdownHookManager: Deleting directory /tmp/spark-08683b8e-dae1-4e0e-81c4-d7560e7baa68
[2024-10-09T21:06:04.113+0000] {taskinstance.py:340} INFO - ::group::Post task execution logs
[2024-10-09T21:06:04.114+0000] {taskinstance.py:352} INFO - Marking task as SUCCESS. dag_id=LoadWebScraping, task_id=spark_to_jdbc_job, run_id=manual__2024-10-09T21:05:54.348661+00:00, execution_date=20241009T210554, start_date=20241009T210558, end_date=20241009T210604
[2024-10-09T21:06:04.172+0000] {local_task_job_runner.py:266} INFO - Task exited with return code 0
[2024-10-09T21:06:04.228+0000] {taskinstance.py:3900} INFO - 0 downstream tasks scheduled from follow-on schedule check
[2024-10-09T21:06:04.236+0000] {local_task_job_runner.py:245} INFO - ::endgroup::
