[2024-10-17T20:06:22.695+0000] {local_task_job_runner.py:123} INFO - ::group::Pre task execution logs
[2024-10-17T20:06:22.710+0000] {taskinstance.py:2612} INFO - Dependencies all met for dep_context=non-requeueable deps ti=<TaskInstance: LoadWebScraping.spark_job manual__2024-10-17T20:06:20.809427+00:00 [queued]>
[2024-10-17T20:06:22.720+0000] {taskinstance.py:2612} INFO - Dependencies all met for dep_context=requeueable deps ti=<TaskInstance: LoadWebScraping.spark_job manual__2024-10-17T20:06:20.809427+00:00 [queued]>
[2024-10-17T20:06:22.720+0000] {taskinstance.py:2865} INFO - Starting attempt 1 of 1
[2024-10-17T20:06:22.739+0000] {taskinstance.py:2888} INFO - Executing <Task(SparkSubmitOperator): spark_job> on 2024-10-17 20:06:20.809427+00:00
[2024-10-17T20:06:22.745+0000] {warnings.py:112} WARNING - /home/***/.local/lib/python3.12/site-packages/***/task/task_runner/standard_task_runner.py:70: DeprecationWarning: This process (pid=6912) is multi-threaded, use of fork() may lead to deadlocks in the child.
  pid = os.fork()

[2024-10-17T20:06:22.748+0000] {standard_task_runner.py:72} INFO - Started process 6925 to run task
[2024-10-17T20:06:22.748+0000] {standard_task_runner.py:104} INFO - Running: ['***', 'tasks', 'run', 'LoadWebScraping', 'spark_job', 'manual__2024-10-17T20:06:20.809427+00:00', '--job-id', '149', '--raw', '--subdir', 'DAGS_FOLDER/LoadWebScraping.py', '--cfg-path', '/tmp/tmp7280tvmi']
[2024-10-17T20:06:22.751+0000] {standard_task_runner.py:105} INFO - Job 149: Subtask spark_job
[2024-10-17T20:06:22.798+0000] {task_command.py:467} INFO - Running <TaskInstance: LoadWebScraping.spark_job manual__2024-10-17T20:06:20.809427+00:00 [running]> on host cc66b6895e01
[2024-10-17T20:06:23.061+0000] {taskinstance.py:3131} INFO - Exporting env vars: AIRFLOW_CTX_DAG_OWNER='***' AIRFLOW_CTX_DAG_ID='LoadWebScraping' AIRFLOW_CTX_TASK_ID='spark_job' AIRFLOW_CTX_EXECUTION_DATE='2024-10-17T20:06:20.809427+00:00' AIRFLOW_CTX_TRY_NUMBER='1' AIRFLOW_CTX_DAG_RUN_ID='manual__2024-10-17T20:06:20.809427+00:00'
[2024-10-17T20:06:23.062+0000] {taskinstance.py:731} INFO - ::endgroup::
[2024-10-17T20:06:23.082+0000] {spark_submit.py:304} INFO - Could not load connection string spark_default, defaulting to yarn
[2024-10-17T20:06:23.084+0000] {spark_submit.py:473} INFO - Spark-Submit cmd: spark-submit --master yarn --driver-class-path /opt/***/jars/postgresql-42.5.0.jar --jars /opt/***/jars/postgresql-42.5.0.jar --packages org.postgresql:postgresql:42.5.0 --name arrow-spark /opt/bitnami/spark/src/scripts_spark/LoadFileToDB.py
[2024-10-17T20:06:24.801+0000] {spark_submit.py:634} INFO - :: loading settings :: url = jar:file:/home/***/.local/lib/python3.12/site-packages/pyspark/jars/ivy-2.5.1.jar!/org/apache/ivy/core/settings/ivysettings.xml
[2024-10-17T20:06:24.878+0000] {spark_submit.py:634} INFO - Ivy Default Cache set to: /home/***/.ivy2/cache
[2024-10-17T20:06:24.878+0000] {spark_submit.py:634} INFO - The jars for the packages stored in: /home/***/.ivy2/jars
[2024-10-17T20:06:24.894+0000] {spark_submit.py:634} INFO - org.postgresql#postgresql added as a dependency
[2024-10-17T20:06:24.901+0000] {spark_submit.py:634} INFO - :: resolving dependencies :: org.apache.spark#spark-submit-parent-08993239-f00f-4d9e-8547-b17ca33b4829;1.0
[2024-10-17T20:06:24.902+0000] {spark_submit.py:634} INFO - confs: [default]
[2024-10-17T20:06:25.003+0000] {spark_submit.py:634} INFO - found org.postgresql#postgresql;42.5.0 in central
[2024-10-17T20:06:25.071+0000] {spark_submit.py:634} INFO - found org.checkerframework#checker-qual;3.5.0 in central
[2024-10-17T20:06:25.087+0000] {spark_submit.py:634} INFO - :: resolution report :: resolve 178ms :: artifacts dl 15ms
[2024-10-17T20:06:25.097+0000] {spark_submit.py:634} INFO - :: modules in use:
[2024-10-17T20:06:25.098+0000] {spark_submit.py:634} INFO - org.checkerframework#checker-qual;3.5.0 from central in [default]
[2024-10-17T20:06:25.099+0000] {spark_submit.py:634} INFO - org.postgresql#postgresql;42.5.0 from central in [default]
[2024-10-17T20:06:25.100+0000] {spark_submit.py:634} INFO - ---------------------------------------------------------------------
[2024-10-17T20:06:25.100+0000] {spark_submit.py:634} INFO - |                  |            modules            ||   artifacts   |
[2024-10-17T20:06:25.101+0000] {spark_submit.py:634} INFO - |       conf       | number| search|dwnlded|evicted|| number|dwnlded|
[2024-10-17T20:06:25.101+0000] {spark_submit.py:634} INFO - ---------------------------------------------------------------------
[2024-10-17T20:06:25.101+0000] {spark_submit.py:634} INFO - |      default     |   2   |   0   |   0   |   0   ||   2   |   0   |
[2024-10-17T20:06:25.102+0000] {spark_submit.py:634} INFO - ---------------------------------------------------------------------
[2024-10-17T20:06:25.102+0000] {spark_submit.py:634} INFO - :: retrieving :: org.apache.spark#spark-submit-parent-08993239-f00f-4d9e-8547-b17ca33b4829
[2024-10-17T20:06:25.103+0000] {spark_submit.py:634} INFO - confs: [default]
[2024-10-17T20:06:25.103+0000] {spark_submit.py:634} INFO - 0 artifacts copied, 2 already retrieved (0kB/4ms)
[2024-10-17T20:06:25.287+0000] {spark_submit.py:634} INFO - 24/10/17 20:06:25 WARN NativeCodeLoader: Unable to load native-hadoop library for your platform... using builtin-java classes where applicable
[2024-10-17T20:06:26.738+0000] {spark_submit.py:634} INFO - 24/10/17 20:06:26 INFO SparkContext: Running Spark version 3.5.2
[2024-10-17T20:06:26.738+0000] {spark_submit.py:634} INFO - 24/10/17 20:06:26 INFO SparkContext: OS info Linux, 5.15.153.1-microsoft-standard-WSL2, amd64
[2024-10-17T20:06:26.739+0000] {spark_submit.py:634} INFO - 24/10/17 20:06:26 INFO SparkContext: Java version 17.0.12
[2024-10-17T20:06:26.759+0000] {spark_submit.py:634} INFO - 24/10/17 20:06:26 INFO ResourceUtils: ==============================================================
[2024-10-17T20:06:26.760+0000] {spark_submit.py:634} INFO - 24/10/17 20:06:26 INFO ResourceUtils: No custom resources configured for spark.driver.
[2024-10-17T20:06:26.760+0000] {spark_submit.py:634} INFO - 24/10/17 20:06:26 INFO ResourceUtils: ==============================================================
[2024-10-17T20:06:26.761+0000] {spark_submit.py:634} INFO - 24/10/17 20:06:26 INFO SparkContext: Submitted application: Exemplo
[2024-10-17T20:06:26.779+0000] {spark_submit.py:634} INFO - 24/10/17 20:06:26 INFO ResourceProfile: Default ResourceProfile created, executor resources: Map(cores -> name: cores, amount: 1, script: , vendor: , memory -> name: memory, amount: 1024, script: , vendor: , offHeap -> name: offHeap, amount: 0, script: , vendor: ), task resources: Map(cpus -> name: cpus, amount: 1.0)
[2024-10-17T20:06:26.788+0000] {spark_submit.py:634} INFO - 24/10/17 20:06:26 INFO ResourceProfile: Limiting resource is cpu
[2024-10-17T20:06:26.789+0000] {spark_submit.py:634} INFO - 24/10/17 20:06:26 INFO ResourceProfileManager: Added ResourceProfile id: 0
[2024-10-17T20:06:26.832+0000] {spark_submit.py:634} INFO - 24/10/17 20:06:26 INFO SecurityManager: Changing view acls to: ***
[2024-10-17T20:06:26.833+0000] {spark_submit.py:634} INFO - 24/10/17 20:06:26 INFO SecurityManager: Changing modify acls to: ***
[2024-10-17T20:06:26.834+0000] {spark_submit.py:634} INFO - 24/10/17 20:06:26 INFO SecurityManager: Changing view acls groups to:
[2024-10-17T20:06:26.834+0000] {spark_submit.py:634} INFO - 24/10/17 20:06:26 INFO SecurityManager: Changing modify acls groups to:
[2024-10-17T20:06:26.835+0000] {spark_submit.py:634} INFO - 24/10/17 20:06:26 INFO SecurityManager: SecurityManager: authentication disabled; ui acls disabled; users with view permissions: ***; groups with view permissions: EMPTY; users with modify permissions: ***; groups with modify permissions: EMPTY
[2024-10-17T20:06:27.011+0000] {spark_submit.py:634} INFO - 24/10/17 20:06:27 INFO Utils: Successfully started service 'sparkDriver' on port 37495.
[2024-10-17T20:06:27.043+0000] {spark_submit.py:634} INFO - 24/10/17 20:06:27 INFO SparkEnv: Registering MapOutputTracker
[2024-10-17T20:06:27.072+0000] {spark_submit.py:634} INFO - 24/10/17 20:06:27 INFO SparkEnv: Registering BlockManagerMaster
[2024-10-17T20:06:27.084+0000] {spark_submit.py:634} INFO - 24/10/17 20:06:27 INFO BlockManagerMasterEndpoint: Using org.apache.spark.storage.DefaultTopologyMapper for getting topology information
[2024-10-17T20:06:27.085+0000] {spark_submit.py:634} INFO - 24/10/17 20:06:27 INFO BlockManagerMasterEndpoint: BlockManagerMasterEndpoint up
[2024-10-17T20:06:27.088+0000] {spark_submit.py:634} INFO - 24/10/17 20:06:27 INFO SparkEnv: Registering BlockManagerMasterHeartbeat
[2024-10-17T20:06:27.116+0000] {spark_submit.py:634} INFO - 24/10/17 20:06:27 INFO DiskBlockManager: Created local directory at /tmp/blockmgr-ea70e4f1-a525-41f1-9b91-747932de5677
[2024-10-17T20:06:27.127+0000] {spark_submit.py:634} INFO - 24/10/17 20:06:27 INFO MemoryStore: MemoryStore started with capacity 434.4 MiB
[2024-10-17T20:06:27.140+0000] {spark_submit.py:634} INFO - 24/10/17 20:06:27 INFO SparkEnv: Registering OutputCommitCoordinator
[2024-10-17T20:06:27.238+0000] {spark_submit.py:634} INFO - 24/10/17 20:06:27 INFO JettyUtils: Start Jetty 0.0.0.0:4040 for SparkUI
[2024-10-17T20:06:27.288+0000] {spark_submit.py:634} INFO - 24/10/17 20:06:27 INFO Utils: Successfully started service 'SparkUI' on port 4040.
[2024-10-17T20:06:27.321+0000] {spark_submit.py:634} INFO - 24/10/17 20:06:27 INFO SparkContext: Added JAR /opt/bitnami/spark/jars/postgresql-42.5.0.jar at spark://cc66b6895e01:37495/jars/postgresql-42.5.0.jar with timestamp 1729195586731
[2024-10-17T20:06:27.377+0000] {spark_submit.py:634} INFO - 24/10/17 20:06:27 INFO Executor: Starting executor ID driver on host cc66b6895e01
[2024-10-17T20:06:27.378+0000] {spark_submit.py:634} INFO - 24/10/17 20:06:27 INFO Executor: OS info Linux, 5.15.153.1-microsoft-standard-WSL2, amd64
[2024-10-17T20:06:27.378+0000] {spark_submit.py:634} INFO - 24/10/17 20:06:27 INFO Executor: Java version 17.0.12
[2024-10-17T20:06:27.385+0000] {spark_submit.py:634} INFO - 24/10/17 20:06:27 INFO Executor: Starting executor with user classpath (userClassPathFirst = false): ''
[2024-10-17T20:06:27.386+0000] {spark_submit.py:634} INFO - 24/10/17 20:06:27 INFO Executor: Created or updated repl class loader org.apache.spark.util.MutableURLClassLoader@11cf427d for default.
[2024-10-17T20:06:27.395+0000] {spark_submit.py:634} INFO - 24/10/17 20:06:27 INFO Executor: Fetching spark://cc66b6895e01:37495/jars/postgresql-42.5.0.jar with timestamp 1729195586731
[2024-10-17T20:06:27.437+0000] {spark_submit.py:634} INFO - 24/10/17 20:06:27 INFO TransportClientFactory: Successfully created connection to cc66b6895e01/172.18.0.4:37495 after 24 ms (0 ms spent in bootstraps)
[2024-10-17T20:06:27.442+0000] {spark_submit.py:634} INFO - 24/10/17 20:06:27 INFO Utils: Fetching spark://cc66b6895e01:37495/jars/postgresql-42.5.0.jar to /tmp/spark-fb8236e1-595f-4ad7-887a-f75a2ccb7136/userFiles-e032bfda-d6a1-4c94-8d28-4f43275c56bf/fetchFileTemp1850677753002757323.tmp
[2024-10-17T20:06:27.473+0000] {spark_submit.py:634} INFO - 24/10/17 20:06:27 INFO Executor: Adding file:/tmp/spark-fb8236e1-595f-4ad7-887a-f75a2ccb7136/userFiles-e032bfda-d6a1-4c94-8d28-4f43275c56bf/postgresql-42.5.0.jar to class loader default
[2024-10-17T20:06:27.480+0000] {spark_submit.py:634} INFO - 24/10/17 20:06:27 INFO Utils: Successfully started service 'org.apache.spark.network.netty.NettyBlockTransferService' on port 44261.
[2024-10-17T20:06:27.482+0000] {spark_submit.py:634} INFO - 24/10/17 20:06:27 INFO NettyBlockTransferService: Server created on cc66b6895e01:44261
[2024-10-17T20:06:27.484+0000] {spark_submit.py:634} INFO - 24/10/17 20:06:27 INFO BlockManager: Using org.apache.spark.storage.RandomBlockReplicationPolicy for block replication policy
[2024-10-17T20:06:27.489+0000] {spark_submit.py:634} INFO - 24/10/17 20:06:27 INFO BlockManagerMaster: Registering BlockManager BlockManagerId(driver, cc66b6895e01, 44261, None)
[2024-10-17T20:06:27.492+0000] {spark_submit.py:634} INFO - 24/10/17 20:06:27 INFO BlockManagerMasterEndpoint: Registering block manager cc66b6895e01:44261 with 434.4 MiB RAM, BlockManagerId(driver, cc66b6895e01, 44261, None)
[2024-10-17T20:06:27.495+0000] {spark_submit.py:634} INFO - 24/10/17 20:06:27 INFO BlockManagerMaster: Registered BlockManager BlockManagerId(driver, cc66b6895e01, 44261, None)
[2024-10-17T20:06:27.495+0000] {spark_submit.py:634} INFO - 24/10/17 20:06:27 INFO BlockManager: Initialized BlockManager: BlockManagerId(driver, cc66b6895e01, 44261, None)
[2024-10-17T20:06:27.823+0000] {spark_submit.py:634} INFO - 24/10/17 20:06:27 INFO SharedState: Setting hive.metastore.warehouse.dir ('null') to the value of spark.sql.warehouse.dir.
[2024-10-17T20:06:27.825+0000] {spark_submit.py:634} INFO - 24/10/17 20:06:27 INFO SharedState: Warehouse path is 'file:/opt/***/spark-warehouse'.
[2024-10-17T20:06:28.862+0000] {spark_submit.py:634} INFO - 24/10/17 20:06:28 INFO InMemoryFileIndex: It took 326 ms to list leaf files for 8 paths.
[2024-10-17T20:06:29.203+0000] {spark_submit.py:634} INFO - 24/10/17 20:06:29 INFO SparkContext: Starting job: parquet at NativeMethodAccessorImpl.java:0
[2024-10-17T20:06:29.215+0000] {spark_submit.py:634} INFO - 24/10/17 20:06:29 INFO DAGScheduler: Got job 0 (parquet at NativeMethodAccessorImpl.java:0) with 1 output partitions
[2024-10-17T20:06:29.217+0000] {spark_submit.py:634} INFO - 24/10/17 20:06:29 INFO DAGScheduler: Final stage: ResultStage 0 (parquet at NativeMethodAccessorImpl.java:0)
[2024-10-17T20:06:29.217+0000] {spark_submit.py:634} INFO - 24/10/17 20:06:29 INFO DAGScheduler: Parents of final stage: List()
[2024-10-17T20:06:29.219+0000] {spark_submit.py:634} INFO - 24/10/17 20:06:29 INFO DAGScheduler: Missing parents: List()
[2024-10-17T20:06:29.222+0000] {spark_submit.py:634} INFO - 24/10/17 20:06:29 INFO DAGScheduler: Submitting ResultStage 0 (MapPartitionsRDD[1] at parquet at NativeMethodAccessorImpl.java:0), which has no missing parents
[2024-10-17T20:06:29.274+0000] {spark_submit.py:634} INFO - 24/10/17 20:06:29 INFO MemoryStore: Block broadcast_0 stored as values in memory (estimated size 104.5 KiB, free 434.3 MiB)
[2024-10-17T20:06:29.298+0000] {spark_submit.py:634} INFO - 24/10/17 20:06:29 INFO MemoryStore: Block broadcast_0_piece0 stored as bytes in memory (estimated size 37.7 KiB, free 434.3 MiB)
[2024-10-17T20:06:29.301+0000] {spark_submit.py:634} INFO - 24/10/17 20:06:29 INFO BlockManagerInfo: Added broadcast_0_piece0 in memory on cc66b6895e01:44261 (size: 37.7 KiB, free: 434.4 MiB)
[2024-10-17T20:06:29.305+0000] {spark_submit.py:634} INFO - 24/10/17 20:06:29 INFO SparkContext: Created broadcast 0 from broadcast at DAGScheduler.scala:1585
[2024-10-17T20:06:29.321+0000] {spark_submit.py:634} INFO - 24/10/17 20:06:29 INFO DAGScheduler: Submitting 1 missing tasks from ResultStage 0 (MapPartitionsRDD[1] at parquet at NativeMethodAccessorImpl.java:0) (first 15 tasks are for partitions Vector(0))
[2024-10-17T20:06:29.322+0000] {spark_submit.py:634} INFO - 24/10/17 20:06:29 INFO TaskSchedulerImpl: Adding task set 0.0 with 1 tasks resource profile 0
[2024-10-17T20:06:29.370+0000] {spark_submit.py:634} INFO - 24/10/17 20:06:29 INFO TaskSetManager: Starting task 0.0 in stage 0.0 (TID 0) (cc66b6895e01, executor driver, partition 0, PROCESS_LOCAL, 9377 bytes)
[2024-10-17T20:06:29.380+0000] {spark_submit.py:634} INFO - 24/10/17 20:06:29 INFO Executor: Running task 0.0 in stage 0.0 (TID 0)
[2024-10-17T20:06:29.665+0000] {spark_submit.py:634} INFO - 24/10/17 20:06:29 INFO Executor: Finished task 0.0 in stage 0.0 (TID 0). 2140 bytes result sent to driver
[2024-10-17T20:06:29.675+0000] {spark_submit.py:634} INFO - 24/10/17 20:06:29 INFO TaskSetManager: Finished task 0.0 in stage 0.0 (TID 0) in 322 ms on cc66b6895e01 (executor driver) (1/1)
[2024-10-17T20:06:29.676+0000] {spark_submit.py:634} INFO - 24/10/17 20:06:29 INFO TaskSchedulerImpl: Removed TaskSet 0.0, whose tasks have all completed, from pool
[2024-10-17T20:06:29.680+0000] {spark_submit.py:634} INFO - 24/10/17 20:06:29 INFO DAGScheduler: ResultStage 0 (parquet at NativeMethodAccessorImpl.java:0) finished in 0.448 s
[2024-10-17T20:06:29.682+0000] {spark_submit.py:634} INFO - 24/10/17 20:06:29 INFO DAGScheduler: Job 0 is finished. Cancelling potential speculative or zombie tasks for this job
[2024-10-17T20:06:29.683+0000] {spark_submit.py:634} INFO - 24/10/17 20:06:29 INFO TaskSchedulerImpl: Killing all running tasks in stage 0: Stage finished
[2024-10-17T20:06:29.686+0000] {spark_submit.py:634} INFO - 24/10/17 20:06:29 INFO DAGScheduler: Job 0 finished: parquet at NativeMethodAccessorImpl.java:0, took 0.482415 s
[2024-10-17T20:06:29.732+0000] {spark_submit.py:634} INFO - 24/10/17 20:06:29 INFO BlockManagerInfo: Removed broadcast_0_piece0 on cc66b6895e01:44261 in memory (size: 37.7 KiB, free: 434.4 MiB)
[2024-10-17T20:06:31.088+0000] {spark_submit.py:634} INFO - 24/10/17 20:06:31 INFO FileSourceStrategy: Pushed Filters: IsNotNull(marca)
[2024-10-17T20:06:31.089+0000] {spark_submit.py:634} INFO - 24/10/17 20:06:31 INFO FileSourceStrategy: Post-Scan Filters: isnotnull(marca#2)
[2024-10-17T20:06:31.447+0000] {spark_submit.py:634} INFO - 24/10/17 20:06:31 INFO CodeGenerator: Code generated in 185.192417 ms
[2024-10-17T20:06:31.464+0000] {spark_submit.py:634} INFO - 24/10/17 20:06:31 INFO MemoryStore: Block broadcast_1 stored as values in memory (estimated size 203.4 KiB, free 434.2 MiB)
[2024-10-17T20:06:31.473+0000] {spark_submit.py:634} INFO - 24/10/17 20:06:31 INFO MemoryStore: Block broadcast_1_piece0 stored as bytes in memory (estimated size 35.6 KiB, free 434.2 MiB)
[2024-10-17T20:06:31.473+0000] {spark_submit.py:634} INFO - 24/10/17 20:06:31 INFO BlockManagerInfo: Added broadcast_1_piece0 in memory on cc66b6895e01:44261 (size: 35.6 KiB, free: 434.4 MiB)
[2024-10-17T20:06:31.474+0000] {spark_submit.py:634} INFO - 24/10/17 20:06:31 INFO SparkContext: Created broadcast 1 from $anonfun$withThreadLocalCaptured$1 at FutureTask.java:264
[2024-10-17T20:06:31.484+0000] {spark_submit.py:634} INFO - 24/10/17 20:06:31 INFO FileSourceScanExec: Planning scan with bin packing, max size: 33757686 bytes, open cost is considered as scanning 4194304 bytes.
[2024-10-17T20:06:31.543+0000] {spark_submit.py:634} INFO - 24/10/17 20:06:31 INFO SparkContext: Starting job: $anonfun$withThreadLocalCaptured$1 at FutureTask.java:264
[2024-10-17T20:06:31.544+0000] {spark_submit.py:634} INFO - 24/10/17 20:06:31 INFO DAGScheduler: Got job 1 ($anonfun$withThreadLocalCaptured$1 at FutureTask.java:264) with 1 output partitions
[2024-10-17T20:06:31.545+0000] {spark_submit.py:634} INFO - 24/10/17 20:06:31 INFO DAGScheduler: Final stage: ResultStage 1 ($anonfun$withThreadLocalCaptured$1 at FutureTask.java:264)
[2024-10-17T20:06:31.546+0000] {spark_submit.py:634} INFO - 24/10/17 20:06:31 INFO DAGScheduler: Parents of final stage: List()
[2024-10-17T20:06:31.546+0000] {spark_submit.py:634} INFO - 24/10/17 20:06:31 INFO DAGScheduler: Missing parents: List()
[2024-10-17T20:06:31.550+0000] {spark_submit.py:634} INFO - 24/10/17 20:06:31 INFO DAGScheduler: Submitting ResultStage 1 (MapPartitionsRDD[6] at $anonfun$withThreadLocalCaptured$1 at FutureTask.java:264), which has no missing parents
[2024-10-17T20:06:31.550+0000] {spark_submit.py:634} INFO - 24/10/17 20:06:31 INFO MemoryStore: Block broadcast_2 stored as values in memory (estimated size 18.9 KiB, free 434.1 MiB)
[2024-10-17T20:06:31.558+0000] {spark_submit.py:634} INFO - 24/10/17 20:06:31 INFO MemoryStore: Block broadcast_2_piece0 stored as bytes in memory (estimated size 7.3 KiB, free 434.1 MiB)
[2024-10-17T20:06:31.559+0000] {spark_submit.py:634} INFO - 24/10/17 20:06:31 INFO BlockManagerInfo: Added broadcast_2_piece0 in memory on cc66b6895e01:44261 (size: 7.3 KiB, free: 434.4 MiB)
[2024-10-17T20:06:31.560+0000] {spark_submit.py:634} INFO - 24/10/17 20:06:31 INFO SparkContext: Created broadcast 2 from broadcast at DAGScheduler.scala:1585
[2024-10-17T20:06:31.561+0000] {spark_submit.py:634} INFO - 24/10/17 20:06:31 INFO DAGScheduler: Submitting 1 missing tasks from ResultStage 1 (MapPartitionsRDD[6] at $anonfun$withThreadLocalCaptured$1 at FutureTask.java:264) (first 15 tasks are for partitions Vector(0))
[2024-10-17T20:06:31.561+0000] {spark_submit.py:634} INFO - 24/10/17 20:06:31 INFO TaskSchedulerImpl: Adding task set 1.0 with 1 tasks resource profile 0
[2024-10-17T20:06:31.565+0000] {spark_submit.py:634} INFO - 24/10/17 20:06:31 INFO TaskSetManager: Starting task 0.0 in stage 1.0 (TID 1) (cc66b6895e01, executor driver, partition 0, PROCESS_LOCAL, 11281 bytes)
[2024-10-17T20:06:31.566+0000] {spark_submit.py:634} INFO - 24/10/17 20:06:31 INFO Executor: Running task 0.0 in stage 1.0 (TID 1)
[2024-10-17T20:06:31.629+0000] {spark_submit.py:634} INFO - 24/10/17 20:06:31 INFO CodeGenerator: Code generated in 21.120999 ms
[2024-10-17T20:06:31.632+0000] {spark_submit.py:634} INFO - 24/10/17 20:06:31 INFO FileScanRDD: Reading File path: file:///opt/***/datalake/silverzone/kabum_2024-10-08/placa_mae.parquet/part-00000-167905a3-f8d2-4f7c-9d81-1a1d2b2f824a-c000.snappy.parquet, range: 0-41264, partition values: [empty row]
[2024-10-17T20:06:31.760+0000] {spark_submit.py:634} INFO - 24/10/17 20:06:31 INFO FilterCompat: Filtering using predicate: noteq(marca, null)
[2024-10-17T20:06:31.847+0000] {spark_submit.py:634} INFO - 24/10/17 20:06:31 INFO CodecPool: Got brand-new decompressor [.snappy]
[2024-10-17T20:06:31.979+0000] {spark_submit.py:634} INFO - 24/10/17 20:06:31 INFO FileScanRDD: Reading File path: file:///opt/***/datalake/silverzone/kabum_2024-10-15/placa_mae.parquet/part-00000-71f1d64b-3ed8-4ddf-9ec9-a36fb3fd4e99-c000.snappy.parquet, range: 0-39543, partition values: [empty row]
[2024-10-17T20:06:32.041+0000] {spark_submit.py:634} INFO - 24/10/17 20:06:32 INFO FilterCompat: Filtering using predicate: noteq(marca, null)
[2024-10-17T20:06:32.054+0000] {spark_submit.py:634} INFO - 24/10/17 20:06:32 INFO FileScanRDD: Reading File path: file:///opt/***/datalake/silverzone/kabum_2024-10-16/placa_mae.parquet/part-00000-87111424-634b-49da-806e-7838b0b5fe58-c000.snappy.parquet, range: 0-39529, partition values: [empty row]
[2024-10-17T20:06:32.115+0000] {spark_submit.py:634} INFO - 24/10/17 20:06:32 INFO FilterCompat: Filtering using predicate: noteq(marca, null)
[2024-10-17T20:06:32.123+0000] {spark_submit.py:634} INFO - 24/10/17 20:06:32 INFO FileScanRDD: Reading File path: file:///opt/***/datalake/silverzone/kabum_2024-10-11/placa_mae.parquet/part-00000-ca127985-255a-4516-b9ac-31f002657524-c000.snappy.parquet, range: 0-39501, partition values: [empty row]
[2024-10-17T20:06:32.185+0000] {spark_submit.py:634} INFO - 24/10/17 20:06:32 INFO FilterCompat: Filtering using predicate: noteq(marca, null)
[2024-10-17T20:06:32.195+0000] {spark_submit.py:634} INFO - 24/10/17 20:06:32 INFO FileScanRDD: Reading File path: file:///opt/***/datalake/silverzone/pichau_2024-10-08/placa_mae.parquet/part-00000-34e43110-4c44-4fff-9cb9-1c19951e390a-c000.snappy.parquet, range: 0-11142, partition values: [empty row]
[2024-10-17T20:06:32.258+0000] {spark_submit.py:634} INFO - 24/10/17 20:06:32 INFO FilterCompat: Filtering using predicate: noteq(marca, null)
[2024-10-17T20:06:32.266+0000] {spark_submit.py:634} INFO - 24/10/17 20:06:32 INFO FileScanRDD: Reading File path: file:///opt/***/datalake/silverzone/pichau_2024-10-16/placa_mae.parquet/part-00000-30c0c6b5-89e9-420f-bed5-94361db759ce-c000.snappy.parquet, range: 0-10774, partition values: [empty row]
[2024-10-17T20:06:32.330+0000] {spark_submit.py:634} INFO - 24/10/17 20:06:32 INFO FilterCompat: Filtering using predicate: noteq(marca, null)
[2024-10-17T20:06:32.340+0000] {spark_submit.py:634} INFO - 24/10/17 20:06:32 INFO FileScanRDD: Reading File path: file:///opt/***/datalake/silverzone/pichau_2024-10-15/placa_mae.parquet/part-00000-377b92c0-3c57-47e4-a82b-b716803c0450-c000.snappy.parquet, range: 0-10753, partition values: [empty row]
[2024-10-17T20:06:32.415+0000] {spark_submit.py:634} INFO - 24/10/17 20:06:32 INFO FilterCompat: Filtering using predicate: noteq(marca, null)
[2024-10-17T20:06:32.422+0000] {spark_submit.py:634} INFO - 24/10/17 20:06:32 INFO FileScanRDD: Reading File path: file:///opt/***/datalake/silverzone/pichau_2024-10-11/placa_mae.parquet/part-00000-9b727574-4442-41ed-8ddc-84f7fe56ea73-c000.snappy.parquet, range: 0-10748, partition values: [empty row]
[2024-10-17T20:06:32.483+0000] {spark_submit.py:634} INFO - 24/10/17 20:06:32 INFO FilterCompat: Filtering using predicate: noteq(marca, null)
[2024-10-17T20:06:32.494+0000] {spark_submit.py:634} INFO - 24/10/17 20:06:32 INFO Executor: Finished task 0.0 in stage 1.0 (TID 1). 169459 bytes result sent to driver
[2024-10-17T20:06:32.496+0000] {spark_submit.py:634} INFO - 24/10/17 20:06:32 INFO TaskSetManager: Finished task 0.0 in stage 1.0 (TID 1) in 934 ms on cc66b6895e01 (executor driver) (1/1)
[2024-10-17T20:06:32.497+0000] {spark_submit.py:634} INFO - 24/10/17 20:06:32 INFO TaskSchedulerImpl: Removed TaskSet 1.0, whose tasks have all completed, from pool
[2024-10-17T20:06:32.497+0000] {spark_submit.py:634} INFO - 24/10/17 20:06:32 INFO DAGScheduler: ResultStage 1 ($anonfun$withThreadLocalCaptured$1 at FutureTask.java:264) finished in 0.949 s
[2024-10-17T20:06:32.501+0000] {spark_submit.py:634} INFO - 24/10/17 20:06:32 INFO DAGScheduler: Job 1 is finished. Cancelling potential speculative or zombie tasks for this job
[2024-10-17T20:06:32.502+0000] {spark_submit.py:634} INFO - 24/10/17 20:06:32 INFO TaskSchedulerImpl: Killing all running tasks in stage 1: Stage finished
[2024-10-17T20:06:32.504+0000] {spark_submit.py:634} INFO - 24/10/17 20:06:32 INFO DAGScheduler: Job 1 finished: $anonfun$withThreadLocalCaptured$1 at FutureTask.java:264, took 0.954617 s
[2024-10-17T20:06:32.540+0000] {spark_submit.py:634} INFO - 24/10/17 20:06:32 INFO CodeGenerator: Code generated in 13.416062 ms
[2024-10-17T20:06:32.556+0000] {spark_submit.py:634} INFO - 24/10/17 20:06:32 INFO BlockManagerInfo: Removed broadcast_2_piece0 on cc66b6895e01:44261 in memory (size: 7.3 KiB, free: 434.4 MiB)
[2024-10-17T20:06:32.584+0000] {spark_submit.py:634} INFO - 24/10/17 20:06:32 INFO MemoryStore: Block broadcast_3 stored as values in memory (estimated size 16.1 MiB, free 418.1 MiB)
[2024-10-17T20:06:32.603+0000] {spark_submit.py:634} INFO - 24/10/17 20:06:32 INFO MemoryStore: Block broadcast_3_piece0 stored as bytes in memory (estimated size 189.8 KiB, free 417.9 MiB)
[2024-10-17T20:06:32.616+0000] {spark_submit.py:634} INFO - 24/10/17 20:06:32 INFO BlockManagerInfo: Added broadcast_3_piece0 in memory on cc66b6895e01:44261 (size: 189.8 KiB, free: 434.2 MiB)
[2024-10-17T20:06:32.618+0000] {spark_submit.py:634} INFO - 24/10/17 20:06:32 INFO SparkContext: Created broadcast 3 from $anonfun$withThreadLocalCaptured$1 at FutureTask.java:264
[2024-10-17T20:06:32.746+0000] {spark_submit.py:634} INFO - 24/10/17 20:06:32 INFO CodeGenerator: Code generated in 44.789343 ms
[2024-10-17T20:06:32.818+0000] {spark_submit.py:634} INFO - 24/10/17 20:06:32 INFO SparkContext: Starting job: jdbc at NativeMethodAccessorImpl.java:0
[2024-10-17T20:06:32.819+0000] {spark_submit.py:634} INFO - 24/10/17 20:06:32 INFO DAGScheduler: Got job 2 (jdbc at NativeMethodAccessorImpl.java:0) with 1 output partitions
[2024-10-17T20:06:32.820+0000] {spark_submit.py:634} INFO - 24/10/17 20:06:32 INFO DAGScheduler: Final stage: ResultStage 2 (jdbc at NativeMethodAccessorImpl.java:0)
[2024-10-17T20:06:32.821+0000] {spark_submit.py:634} INFO - 24/10/17 20:06:32 INFO DAGScheduler: Parents of final stage: List()
[2024-10-17T20:06:32.822+0000] {spark_submit.py:634} INFO - 24/10/17 20:06:32 INFO DAGScheduler: Missing parents: List()
[2024-10-17T20:06:32.824+0000] {spark_submit.py:634} INFO - 24/10/17 20:06:32 INFO DAGScheduler: Submitting ResultStage 2 (MapPartitionsRDD[11] at jdbc at NativeMethodAccessorImpl.java:0), which has no missing parents
[2024-10-17T20:06:32.882+0000] {spark_submit.py:634} INFO - 24/10/17 20:06:32 INFO MemoryStore: Block broadcast_4 stored as values in memory (estimated size 47.4 KiB, free 417.9 MiB)
[2024-10-17T20:06:32.890+0000] {spark_submit.py:634} INFO - 24/10/17 20:06:32 INFO MemoryStore: Block broadcast_4_piece0 stored as bytes in memory (estimated size 21.5 KiB, free 417.9 MiB)
[2024-10-17T20:06:32.893+0000] {spark_submit.py:634} INFO - 24/10/17 20:06:32 INFO BlockManagerInfo: Added broadcast_4_piece0 in memory on cc66b6895e01:44261 (size: 21.5 KiB, free: 434.2 MiB)
[2024-10-17T20:06:32.893+0000] {spark_submit.py:634} INFO - 24/10/17 20:06:32 INFO SparkContext: Created broadcast 4 from broadcast at DAGScheduler.scala:1585
[2024-10-17T20:06:32.894+0000] {spark_submit.py:634} INFO - 24/10/17 20:06:32 INFO DAGScheduler: Submitting 1 missing tasks from ResultStage 2 (MapPartitionsRDD[11] at jdbc at NativeMethodAccessorImpl.java:0) (first 15 tasks are for partitions Vector(0))
[2024-10-17T20:06:32.895+0000] {spark_submit.py:634} INFO - 24/10/17 20:06:32 INFO TaskSchedulerImpl: Adding task set 2.0 with 1 tasks resource profile 0
[2024-10-17T20:06:32.895+0000] {spark_submit.py:634} INFO - 24/10/17 20:06:32 INFO TaskSetManager: Starting task 0.0 in stage 2.0 (TID 2) (cc66b6895e01, executor driver, partition 0, PROCESS_LOCAL, 9025 bytes)
[2024-10-17T20:06:32.896+0000] {spark_submit.py:634} INFO - 24/10/17 20:06:32 INFO Executor: Running task 0.0 in stage 2.0 (TID 2)
[2024-10-17T20:06:32.989+0000] {spark_submit.py:634} INFO - 24/10/17 20:06:32 INFO CodeGenerator: Code generated in 21.208004 ms
[2024-10-17T20:06:34.065+0000] {spark_submit.py:634} INFO - 24/10/17 20:06:34 INFO CodeGenerator: Code generated in 41.246343 ms
[2024-10-17T20:06:34.464+0000] {spark_submit.py:634} INFO - 24/10/17 20:06:34 INFO JDBCRDD: closed connection
[2024-10-17T20:06:34.515+0000] {spark_submit.py:634} INFO - 24/10/17 20:06:34 INFO Executor: Finished task 0.0 in stage 2.0 (TID 2). 2417 bytes result sent to driver
[2024-10-17T20:06:34.517+0000] {spark_submit.py:634} INFO - 24/10/17 20:06:34 INFO TaskSetManager: Finished task 0.0 in stage 2.0 (TID 2) in 1616 ms on cc66b6895e01 (executor driver) (1/1)
[2024-10-17T20:06:34.518+0000] {spark_submit.py:634} INFO - 24/10/17 20:06:34 INFO DAGScheduler: ResultStage 2 (jdbc at NativeMethodAccessorImpl.java:0) finished in 1.686 s
[2024-10-17T20:06:34.519+0000] {spark_submit.py:634} INFO - 24/10/17 20:06:34 INFO DAGScheduler: Job 2 is finished. Cancelling potential speculative or zombie tasks for this job
[2024-10-17T20:06:34.519+0000] {spark_submit.py:634} INFO - 24/10/17 20:06:34 INFO TaskSchedulerImpl: Removed TaskSet 2.0, whose tasks have all completed, from pool
[2024-10-17T20:06:34.520+0000] {spark_submit.py:634} INFO - 24/10/17 20:06:34 INFO TaskSchedulerImpl: Killing all running tasks in stage 2: Stage finished
[2024-10-17T20:06:34.520+0000] {spark_submit.py:634} INFO - 24/10/17 20:06:34 INFO DAGScheduler: Job 2 finished: jdbc at NativeMethodAccessorImpl.java:0, took 1.698070 s
[2024-10-17T20:06:34.660+0000] {spark_submit.py:634} INFO - 24/10/17 20:06:34 INFO SparkContext: Invoking stop() from shutdown hook
[2024-10-17T20:06:34.660+0000] {spark_submit.py:634} INFO - 24/10/17 20:06:34 INFO SparkContext: SparkContext is stopping with exitCode 0.
[2024-10-17T20:06:34.672+0000] {spark_submit.py:634} INFO - 24/10/17 20:06:34 INFO SparkUI: Stopped Spark web UI at http://cc66b6895e01:4040
[2024-10-17T20:06:34.684+0000] {spark_submit.py:634} INFO - 24/10/17 20:06:34 INFO MapOutputTrackerMasterEndpoint: MapOutputTrackerMasterEndpoint stopped!
[2024-10-17T20:06:34.696+0000] {spark_submit.py:634} INFO - 24/10/17 20:06:34 INFO MemoryStore: MemoryStore cleared
[2024-10-17T20:06:34.697+0000] {spark_submit.py:634} INFO - 24/10/17 20:06:34 INFO BlockManager: BlockManager stopped
[2024-10-17T20:06:34.699+0000] {spark_submit.py:634} INFO - 24/10/17 20:06:34 INFO BlockManagerMaster: BlockManagerMaster stopped
[2024-10-17T20:06:34.702+0000] {spark_submit.py:634} INFO - 24/10/17 20:06:34 INFO OutputCommitCoordinator$OutputCommitCoordinatorEndpoint: OutputCommitCoordinator stopped!
[2024-10-17T20:06:34.708+0000] {spark_submit.py:634} INFO - 24/10/17 20:06:34 INFO SparkContext: Successfully stopped SparkContext
[2024-10-17T20:06:34.709+0000] {spark_submit.py:634} INFO - 24/10/17 20:06:34 INFO ShutdownHookManager: Shutdown hook called
[2024-10-17T20:06:34.709+0000] {spark_submit.py:634} INFO - 24/10/17 20:06:34 INFO ShutdownHookManager: Deleting directory /tmp/spark-fb8236e1-595f-4ad7-887a-f75a2ccb7136/pyspark-62bfb540-7782-4bd3-88f6-af8b67087b57
[2024-10-17T20:06:34.714+0000] {spark_submit.py:634} INFO - 24/10/17 20:06:34 INFO ShutdownHookManager: Deleting directory /tmp/spark-fb8236e1-595f-4ad7-887a-f75a2ccb7136
[2024-10-17T20:06:34.717+0000] {spark_submit.py:634} INFO - 24/10/17 20:06:34 INFO ShutdownHookManager: Deleting directory /tmp/spark-345b796a-daa0-453a-a159-443c4e2a246f
[2024-10-17T20:06:34.758+0000] {taskinstance.py:340} INFO - ::group::Post task execution logs
[2024-10-17T20:06:34.759+0000] {taskinstance.py:352} INFO - Marking task as SUCCESS. dag_id=LoadWebScraping, task_id=spark_job, run_id=manual__2024-10-17T20:06:20.809427+00:00, execution_date=20241017T200620, start_date=20241017T200622, end_date=20241017T200634
[2024-10-17T20:06:34.811+0000] {local_task_job_runner.py:266} INFO - Task exited with return code 0
[2024-10-17T20:06:34.835+0000] {taskinstance.py:3900} INFO - 0 downstream tasks scheduled from follow-on schedule check
[2024-10-17T20:06:34.842+0000] {local_task_job_runner.py:245} INFO - ::endgroup::
