[2024-10-08T19:45:46.982+0000] {local_task_job_runner.py:123} INFO - ::group::Pre task execution logs
[2024-10-08T19:45:46.997+0000] {taskinstance.py:2612} INFO - Dependencies all met for dep_context=non-requeueable deps ti=<TaskInstance: pipeline_webscraping.pichau_tasks.Create_Container_Raw_pichau manual__2024-10-08T19:45:43.143720+00:00 [queued]>
[2024-10-08T19:45:47.008+0000] {taskinstance.py:2612} INFO - Dependencies all met for dep_context=requeueable deps ti=<TaskInstance: pipeline_webscraping.pichau_tasks.Create_Container_Raw_pichau manual__2024-10-08T19:45:43.143720+00:00 [queued]>
[2024-10-08T19:45:47.009+0000] {taskinstance.py:2865} INFO - Starting attempt 1 of 1
[2024-10-08T19:45:47.024+0000] {taskinstance.py:2888} INFO - Executing <Task(CreateContainerInDataLake): pichau_tasks.Create_Container_Raw_pichau> on 2024-10-08 19:45:43.143720+00:00
[2024-10-08T19:45:47.029+0000] {warnings.py:112} WARNING - /home/***/.local/lib/python3.12/site-packages/***/task/task_runner/standard_task_runner.py:70: DeprecationWarning: This process (pid=1370) is multi-threaded, use of fork() may lead to deadlocks in the child.
  pid = os.fork()

[2024-10-08T19:45:47.031+0000] {standard_task_runner.py:72} INFO - Started process 1372 to run task
[2024-10-08T19:45:47.031+0000] {standard_task_runner.py:104} INFO - Running: ['***', 'tasks', 'run', 'pipeline_webscraping', 'pichau_tasks.Create_Container_Raw_pichau', 'manual__2024-10-08T19:45:43.143720+00:00', '--job-id', '1402', '--raw', '--subdir', 'DAGS_FOLDER/DagWebScraping.py', '--cfg-path', '/tmp/tmp7rfvzyeo']
[2024-10-08T19:45:47.035+0000] {standard_task_runner.py:105} INFO - Job 1402: Subtask pichau_tasks.Create_Container_Raw_pichau
[2024-10-08T19:45:47.081+0000] {task_command.py:467} INFO - Running <TaskInstance: pipeline_webscraping.pichau_tasks.Create_Container_Raw_pichau manual__2024-10-08T19:45:43.143720+00:00 [running]> on host 97b4e38b3eb9
[2024-10-08T19:45:47.176+0000] {taskinstance.py:3131} INFO - Exporting env vars: AIRFLOW_CTX_DAG_OWNER='***' AIRFLOW_CTX_DAG_ID='pipeline_webscraping' AIRFLOW_CTX_TASK_ID='pichau_tasks.Create_Container_Raw_pichau' AIRFLOW_CTX_EXECUTION_DATE='2024-10-08T19:45:43.143720+00:00' AIRFLOW_CTX_TRY_NUMBER='1' AIRFLOW_CTX_DAG_RUN_ID='manual__2024-10-08T19:45:43.143720+00:00'
[2024-10-08T19:45:47.177+0000] {taskinstance.py:731} INFO - ::endgroup::
[2024-10-08T19:45:47.192+0000] {baseoperator.py:405} WARNING - CreateContainerInDataLake.execute cannot be called outside TaskInstance!
[2024-10-08T19:45:47.193+0000] {subprocess.py:63} INFO - Tmp dir root location: /tmp
[2024-10-08T19:45:47.194+0000] {subprocess.py:75} INFO - Running command: ['/usr/bin/bash', '-c', 'mkdir -p /opt/***/datalake/rawzone/pichau_2024-10-08']
[2024-10-08T19:45:47.210+0000] {subprocess.py:86} INFO - Output:
[2024-10-08T19:45:47.220+0000] {subprocess.py:97} INFO - Command exited with return code 0
[2024-10-08T19:45:47.246+0000] {taskinstance.py:340} INFO - ::group::Post task execution logs
[2024-10-08T19:45:47.246+0000] {taskinstance.py:352} INFO - Marking task as SUCCESS. dag_id=pipeline_webscraping, task_id=pichau_tasks.Create_Container_Raw_pichau, run_id=manual__2024-10-08T19:45:43.143720+00:00, execution_date=20241008T194543, start_date=20241008T194546, end_date=20241008T194547
[2024-10-08T19:45:47.286+0000] {local_task_job_runner.py:266} INFO - Task exited with return code 0
[2024-10-08T19:45:47.319+0000] {taskinstance.py:3900} INFO - 1 downstream tasks scheduled from follow-on schedule check
[2024-10-08T19:45:47.324+0000] {local_task_job_runner.py:245} INFO - ::endgroup::
