[2024-09-08T22:00:33.340+0000] {processor.py:186} INFO - Started process (PID=101) to work on /home/airflow/.local/lib/python3.12/site-packages/airflow/example_dags/example_branch_operator.py
[2024-09-08T22:00:33.342+0000] {processor.py:914} INFO - Processing file /home/airflow/.local/lib/python3.12/site-packages/airflow/example_dags/example_branch_operator.py for tasks to queue
[2024-09-08T22:00:33.347+0000] {logging_mixin.py:190} INFO - [2024-09-08T22:00:33.347+0000] {dagbag.py:587} INFO - Filling up the DagBag from /home/airflow/.local/lib/python3.12/site-packages/airflow/example_dags/example_branch_operator.py
[2024-09-08T22:00:33.369+0000] {processor.py:925} INFO - DAG(s) 'example_branch_operator' retrieved from /home/airflow/.local/lib/python3.12/site-packages/airflow/example_dags/example_branch_operator.py
[2024-09-08T22:00:33.482+0000] {logging_mixin.py:190} INFO - [2024-09-08T22:00:33.481+0000] {override.py:1900} INFO - Created Permission View: can delete on DAG:example_branch_operator
[2024-09-08T22:00:33.491+0000] {logging_mixin.py:190} INFO - [2024-09-08T22:00:33.491+0000] {override.py:1900} INFO - Created Permission View: can edit on DAG:example_branch_operator
[2024-09-08T22:00:33.500+0000] {logging_mixin.py:190} INFO - [2024-09-08T22:00:33.500+0000] {override.py:1900} INFO - Created Permission View: can read on DAG:example_branch_operator
[2024-09-08T22:00:33.512+0000] {logging_mixin.py:190} INFO - [2024-09-08T22:00:33.511+0000] {override.py:1900} INFO - Created Permission View: can delete on DAG Run:example_branch_operator
[2024-09-08T22:00:33.520+0000] {logging_mixin.py:190} INFO - [2024-09-08T22:00:33.519+0000] {override.py:1900} INFO - Created Permission View: menu access on DAG Run:example_branch_operator
[2024-09-08T22:00:33.529+0000] {logging_mixin.py:190} INFO - [2024-09-08T22:00:33.528+0000] {override.py:1900} INFO - Created Permission View: can read on DAG Run:example_branch_operator
[2024-09-08T22:00:33.537+0000] {logging_mixin.py:190} INFO - [2024-09-08T22:00:33.537+0000] {override.py:1900} INFO - Created Permission View: can create on DAG Run:example_branch_operator
[2024-09-08T22:00:33.538+0000] {logging_mixin.py:190} INFO - [2024-09-08T22:00:33.538+0000] {dag.py:3229} INFO - Sync 1 DAGs
[2024-09-08T22:00:33.549+0000] {logging_mixin.py:190} INFO - [2024-09-08T22:00:33.549+0000] {dag.py:3252} INFO - Creating ORM DAG for example_branch_operator
[2024-09-08T22:00:33.558+0000] {logging_mixin.py:190} INFO - [2024-09-08T22:00:33.558+0000] {dag.py:4156} INFO - Setting next_dagrun for example_branch_operator to 2024-09-07 00:00:00+00:00, run_after=2024-09-08 00:00:00+00:00
[2024-09-08T22:00:33.637+0000] {processor.py:208} INFO - Processing /home/airflow/.local/lib/python3.12/site-packages/airflow/example_dags/example_branch_operator.py took 0.310 seconds
[2024-09-08T22:01:03.967+0000] {processor.py:186} INFO - Started process (PID=171) to work on /home/airflow/.local/lib/python3.12/site-packages/airflow/example_dags/example_branch_operator.py
[2024-09-08T22:01:03.968+0000] {processor.py:914} INFO - Processing file /home/airflow/.local/lib/python3.12/site-packages/airflow/example_dags/example_branch_operator.py for tasks to queue
[2024-09-08T22:01:03.970+0000] {logging_mixin.py:190} INFO - [2024-09-08T22:01:03.970+0000] {dagbag.py:587} INFO - Filling up the DagBag from /home/airflow/.local/lib/python3.12/site-packages/airflow/example_dags/example_branch_operator.py
[2024-09-08T22:01:03.986+0000] {processor.py:925} INFO - DAG(s) 'example_branch_operator' retrieved from /home/airflow/.local/lib/python3.12/site-packages/airflow/example_dags/example_branch_operator.py
[2024-09-08T22:01:04.011+0000] {logging_mixin.py:190} INFO - [2024-09-08T22:01:04.011+0000] {dag.py:3229} INFO - Sync 1 DAGs
[2024-09-08T22:01:04.033+0000] {logging_mixin.py:190} INFO - [2024-09-08T22:01:04.033+0000] {dag.py:4156} INFO - Setting next_dagrun for example_branch_operator to 2024-09-07 00:00:00+00:00, run_after=2024-09-08 00:00:00+00:00
[2024-09-08T22:01:04.053+0000] {processor.py:208} INFO - Processing /home/airflow/.local/lib/python3.12/site-packages/airflow/example_dags/example_branch_operator.py took 0.091 seconds
[2024-09-08T22:01:34.200+0000] {processor.py:186} INFO - Started process (PID=241) to work on /home/airflow/.local/lib/python3.12/site-packages/airflow/example_dags/example_branch_operator.py
[2024-09-08T22:01:34.201+0000] {processor.py:914} INFO - Processing file /home/airflow/.local/lib/python3.12/site-packages/airflow/example_dags/example_branch_operator.py for tasks to queue
[2024-09-08T22:01:34.203+0000] {logging_mixin.py:190} INFO - [2024-09-08T22:01:34.203+0000] {dagbag.py:587} INFO - Filling up the DagBag from /home/airflow/.local/lib/python3.12/site-packages/airflow/example_dags/example_branch_operator.py
[2024-09-08T22:01:34.219+0000] {processor.py:925} INFO - DAG(s) 'example_branch_operator' retrieved from /home/airflow/.local/lib/python3.12/site-packages/airflow/example_dags/example_branch_operator.py
[2024-09-08T22:01:34.244+0000] {logging_mixin.py:190} INFO - [2024-09-08T22:01:34.244+0000] {dag.py:3229} INFO - Sync 1 DAGs
[2024-09-08T22:01:34.267+0000] {logging_mixin.py:190} INFO - [2024-09-08T22:01:34.267+0000] {dag.py:4156} INFO - Setting next_dagrun for example_branch_operator to 2024-09-07 00:00:00+00:00, run_after=2024-09-08 00:00:00+00:00
[2024-09-08T22:01:34.286+0000] {processor.py:208} INFO - Processing /home/airflow/.local/lib/python3.12/site-packages/airflow/example_dags/example_branch_operator.py took 0.091 seconds
[2024-09-08T22:02:04.710+0000] {processor.py:186} INFO - Started process (PID=311) to work on /home/airflow/.local/lib/python3.12/site-packages/airflow/example_dags/example_branch_operator.py
[2024-09-08T22:02:04.731+0000] {processor.py:914} INFO - Processing file /home/airflow/.local/lib/python3.12/site-packages/airflow/example_dags/example_branch_operator.py for tasks to queue
[2024-09-08T22:02:04.734+0000] {logging_mixin.py:190} INFO - [2024-09-08T22:02:04.734+0000] {dagbag.py:587} INFO - Filling up the DagBag from /home/airflow/.local/lib/python3.12/site-packages/airflow/example_dags/example_branch_operator.py
[2024-09-08T22:02:04.753+0000] {processor.py:925} INFO - DAG(s) 'example_branch_operator' retrieved from /home/airflow/.local/lib/python3.12/site-packages/airflow/example_dags/example_branch_operator.py
[2024-09-08T22:02:04.797+0000] {logging_mixin.py:190} INFO - [2024-09-08T22:02:04.797+0000] {dag.py:3229} INFO - Sync 1 DAGs
[2024-09-08T22:02:04.824+0000] {logging_mixin.py:190} INFO - [2024-09-08T22:02:04.824+0000] {dag.py:4156} INFO - Setting next_dagrun for example_branch_operator to 2024-09-07 00:00:00+00:00, run_after=2024-09-08 00:00:00+00:00
[2024-09-08T22:02:04.842+0000] {processor.py:208} INFO - Processing /home/airflow/.local/lib/python3.12/site-packages/airflow/example_dags/example_branch_operator.py took 0.137 seconds
[2024-09-08T22:02:35.804+0000] {processor.py:186} INFO - Started process (PID=381) to work on /home/airflow/.local/lib/python3.12/site-packages/airflow/example_dags/example_branch_operator.py
[2024-09-08T22:02:35.805+0000] {processor.py:914} INFO - Processing file /home/airflow/.local/lib/python3.12/site-packages/airflow/example_dags/example_branch_operator.py for tasks to queue
[2024-09-08T22:02:35.808+0000] {logging_mixin.py:190} INFO - [2024-09-08T22:02:35.807+0000] {dagbag.py:587} INFO - Filling up the DagBag from /home/airflow/.local/lib/python3.12/site-packages/airflow/example_dags/example_branch_operator.py
[2024-09-08T22:02:35.824+0000] {processor.py:925} INFO - DAG(s) 'example_branch_operator' retrieved from /home/airflow/.local/lib/python3.12/site-packages/airflow/example_dags/example_branch_operator.py
[2024-09-08T22:02:35.849+0000] {logging_mixin.py:190} INFO - [2024-09-08T22:02:35.849+0000] {dag.py:3229} INFO - Sync 1 DAGs
[2024-09-08T22:02:35.871+0000] {logging_mixin.py:190} INFO - [2024-09-08T22:02:35.870+0000] {dag.py:4156} INFO - Setting next_dagrun for example_branch_operator to 2024-09-07 00:00:00+00:00, run_after=2024-09-08 00:00:00+00:00
[2024-09-08T22:02:35.890+0000] {processor.py:208} INFO - Processing /home/airflow/.local/lib/python3.12/site-packages/airflow/example_dags/example_branch_operator.py took 0.090 seconds
[2024-09-08T22:03:06.149+0000] {processor.py:186} INFO - Started process (PID=451) to work on /home/airflow/.local/lib/python3.12/site-packages/airflow/example_dags/example_branch_operator.py
[2024-09-08T22:03:06.150+0000] {processor.py:914} INFO - Processing file /home/airflow/.local/lib/python3.12/site-packages/airflow/example_dags/example_branch_operator.py for tasks to queue
[2024-09-08T22:03:06.152+0000] {logging_mixin.py:190} INFO - [2024-09-08T22:03:06.152+0000] {dagbag.py:587} INFO - Filling up the DagBag from /home/airflow/.local/lib/python3.12/site-packages/airflow/example_dags/example_branch_operator.py
[2024-09-08T22:03:06.168+0000] {processor.py:925} INFO - DAG(s) 'example_branch_operator' retrieved from /home/airflow/.local/lib/python3.12/site-packages/airflow/example_dags/example_branch_operator.py
[2024-09-08T22:03:06.194+0000] {logging_mixin.py:190} INFO - [2024-09-08T22:03:06.194+0000] {dag.py:3229} INFO - Sync 1 DAGs
[2024-09-08T22:03:06.217+0000] {logging_mixin.py:190} INFO - [2024-09-08T22:03:06.216+0000] {dag.py:4156} INFO - Setting next_dagrun for example_branch_operator to 2024-09-07 00:00:00+00:00, run_after=2024-09-08 00:00:00+00:00
[2024-09-08T22:03:06.239+0000] {processor.py:208} INFO - Processing /home/airflow/.local/lib/python3.12/site-packages/airflow/example_dags/example_branch_operator.py took 0.095 seconds
[2024-09-08T22:03:36.427+0000] {processor.py:186} INFO - Started process (PID=521) to work on /home/airflow/.local/lib/python3.12/site-packages/airflow/example_dags/example_branch_operator.py
[2024-09-08T22:03:36.428+0000] {processor.py:914} INFO - Processing file /home/airflow/.local/lib/python3.12/site-packages/airflow/example_dags/example_branch_operator.py for tasks to queue
[2024-09-08T22:03:36.430+0000] {logging_mixin.py:190} INFO - [2024-09-08T22:03:36.430+0000] {dagbag.py:587} INFO - Filling up the DagBag from /home/airflow/.local/lib/python3.12/site-packages/airflow/example_dags/example_branch_operator.py
[2024-09-08T22:03:36.447+0000] {processor.py:925} INFO - DAG(s) 'example_branch_operator' retrieved from /home/airflow/.local/lib/python3.12/site-packages/airflow/example_dags/example_branch_operator.py
[2024-09-08T22:03:36.475+0000] {logging_mixin.py:190} INFO - [2024-09-08T22:03:36.474+0000] {dag.py:3229} INFO - Sync 1 DAGs
[2024-09-08T22:03:36.499+0000] {logging_mixin.py:190} INFO - [2024-09-08T22:03:36.499+0000] {dag.py:4156} INFO - Setting next_dagrun for example_branch_operator to 2024-09-07 00:00:00+00:00, run_after=2024-09-08 00:00:00+00:00
[2024-09-08T22:03:36.521+0000] {processor.py:208} INFO - Processing /home/airflow/.local/lib/python3.12/site-packages/airflow/example_dags/example_branch_operator.py took 0.100 seconds
