[2024-09-08T22:00:24.127+0000] {processor.py:186} INFO - Started process (PID=62) to work on /home/airflow/.local/lib/python3.12/site-packages/airflow/example_dags/example_setup_teardown_taskflow.py
[2024-09-08T22:00:24.128+0000] {processor.py:914} INFO - Processing file /home/airflow/.local/lib/python3.12/site-packages/airflow/example_dags/example_setup_teardown_taskflow.py for tasks to queue
[2024-09-08T22:00:24.130+0000] {logging_mixin.py:190} INFO - [2024-09-08T22:00:24.130+0000] {dagbag.py:587} INFO - Filling up the DagBag from /home/airflow/.local/lib/python3.12/site-packages/airflow/example_dags/example_setup_teardown_taskflow.py
[2024-09-08T22:00:24.141+0000] {processor.py:925} INFO - DAG(s) 'example_setup_teardown_taskflow' retrieved from /home/airflow/.local/lib/python3.12/site-packages/airflow/example_dags/example_setup_teardown_taskflow.py
[2024-09-08T22:00:24.264+0000] {logging_mixin.py:190} INFO - [2024-09-08T22:00:24.263+0000] {override.py:1900} INFO - Created Permission View: can delete on DAG:example_setup_teardown_taskflow
[2024-09-08T22:00:24.277+0000] {logging_mixin.py:190} INFO - [2024-09-08T22:00:24.276+0000] {override.py:1900} INFO - Created Permission View: can edit on DAG:example_setup_teardown_taskflow
[2024-09-08T22:00:24.290+0000] {logging_mixin.py:190} INFO - [2024-09-08T22:00:24.289+0000] {override.py:1900} INFO - Created Permission View: can read on DAG:example_setup_teardown_taskflow
[2024-09-08T22:00:24.305+0000] {logging_mixin.py:190} INFO - [2024-09-08T22:00:24.305+0000] {override.py:1900} INFO - Created Permission View: can delete on DAG Run:example_setup_teardown_taskflow
[2024-09-08T22:00:24.320+0000] {logging_mixin.py:190} INFO - [2024-09-08T22:00:24.320+0000] {override.py:1900} INFO - Created Permission View: menu access on DAG Run:example_setup_teardown_taskflow
[2024-09-08T22:00:24.335+0000] {logging_mixin.py:190} INFO - [2024-09-08T22:00:24.335+0000] {override.py:1900} INFO - Created Permission View: can read on DAG Run:example_setup_teardown_taskflow
[2024-09-08T22:00:24.347+0000] {logging_mixin.py:190} INFO - [2024-09-08T22:00:24.346+0000] {override.py:1900} INFO - Created Permission View: can create on DAG Run:example_setup_teardown_taskflow
[2024-09-08T22:00:24.347+0000] {logging_mixin.py:190} INFO - [2024-09-08T22:00:24.347+0000] {dag.py:3229} INFO - Sync 1 DAGs
[2024-09-08T22:00:24.359+0000] {logging_mixin.py:190} INFO - [2024-09-08T22:00:24.359+0000] {dag.py:3252} INFO - Creating ORM DAG for example_setup_teardown_taskflow
[2024-09-08T22:00:24.360+0000] {logging_mixin.py:190} INFO - [2024-09-08T22:00:24.360+0000] {dag.py:4156} INFO - Setting next_dagrun for example_setup_teardown_taskflow to None, run_after=None
[2024-09-08T22:00:24.446+0000] {processor.py:208} INFO - Processing /home/airflow/.local/lib/python3.12/site-packages/airflow/example_dags/example_setup_teardown_taskflow.py took 0.327 seconds
[2024-09-08T22:00:55.315+0000] {processor.py:186} INFO - Started process (PID=132) to work on /home/airflow/.local/lib/python3.12/site-packages/airflow/example_dags/example_setup_teardown_taskflow.py
[2024-09-08T22:00:55.316+0000] {processor.py:914} INFO - Processing file /home/airflow/.local/lib/python3.12/site-packages/airflow/example_dags/example_setup_teardown_taskflow.py for tasks to queue
[2024-09-08T22:00:55.318+0000] {logging_mixin.py:190} INFO - [2024-09-08T22:00:55.318+0000] {dagbag.py:587} INFO - Filling up the DagBag from /home/airflow/.local/lib/python3.12/site-packages/airflow/example_dags/example_setup_teardown_taskflow.py
[2024-09-08T22:00:55.327+0000] {processor.py:925} INFO - DAG(s) 'example_setup_teardown_taskflow' retrieved from /home/airflow/.local/lib/python3.12/site-packages/airflow/example_dags/example_setup_teardown_taskflow.py
[2024-09-08T22:00:55.346+0000] {logging_mixin.py:190} INFO - [2024-09-08T22:00:55.346+0000] {dag.py:3229} INFO - Sync 1 DAGs
[2024-09-08T22:00:55.359+0000] {logging_mixin.py:190} INFO - [2024-09-08T22:00:55.359+0000] {dag.py:4156} INFO - Setting next_dagrun for example_setup_teardown_taskflow to None, run_after=None
[2024-09-08T22:00:55.377+0000] {processor.py:208} INFO - Processing /home/airflow/.local/lib/python3.12/site-packages/airflow/example_dags/example_setup_teardown_taskflow.py took 0.066 seconds
[2024-09-08T22:01:25.642+0000] {processor.py:186} INFO - Started process (PID=202) to work on /home/airflow/.local/lib/python3.12/site-packages/airflow/example_dags/example_setup_teardown_taskflow.py
[2024-09-08T22:01:25.643+0000] {processor.py:914} INFO - Processing file /home/airflow/.local/lib/python3.12/site-packages/airflow/example_dags/example_setup_teardown_taskflow.py for tasks to queue
[2024-09-08T22:01:25.645+0000] {logging_mixin.py:190} INFO - [2024-09-08T22:01:25.645+0000] {dagbag.py:587} INFO - Filling up the DagBag from /home/airflow/.local/lib/python3.12/site-packages/airflow/example_dags/example_setup_teardown_taskflow.py
[2024-09-08T22:01:25.654+0000] {processor.py:925} INFO - DAG(s) 'example_setup_teardown_taskflow' retrieved from /home/airflow/.local/lib/python3.12/site-packages/airflow/example_dags/example_setup_teardown_taskflow.py
[2024-09-08T22:01:25.673+0000] {logging_mixin.py:190} INFO - [2024-09-08T22:01:25.673+0000] {dag.py:3229} INFO - Sync 1 DAGs
[2024-09-08T22:01:25.686+0000] {logging_mixin.py:190} INFO - [2024-09-08T22:01:25.685+0000] {dag.py:4156} INFO - Setting next_dagrun for example_setup_teardown_taskflow to None, run_after=None
[2024-09-08T22:01:25.705+0000] {processor.py:208} INFO - Processing /home/airflow/.local/lib/python3.12/site-packages/airflow/example_dags/example_setup_teardown_taskflow.py took 0.067 seconds
[2024-09-08T22:01:55.799+0000] {processor.py:186} INFO - Started process (PID=272) to work on /home/airflow/.local/lib/python3.12/site-packages/airflow/example_dags/example_setup_teardown_taskflow.py
[2024-09-08T22:01:55.800+0000] {processor.py:914} INFO - Processing file /home/airflow/.local/lib/python3.12/site-packages/airflow/example_dags/example_setup_teardown_taskflow.py for tasks to queue
[2024-09-08T22:01:55.802+0000] {logging_mixin.py:190} INFO - [2024-09-08T22:01:55.802+0000] {dagbag.py:587} INFO - Filling up the DagBag from /home/airflow/.local/lib/python3.12/site-packages/airflow/example_dags/example_setup_teardown_taskflow.py
[2024-09-08T22:01:55.811+0000] {processor.py:925} INFO - DAG(s) 'example_setup_teardown_taskflow' retrieved from /home/airflow/.local/lib/python3.12/site-packages/airflow/example_dags/example_setup_teardown_taskflow.py
[2024-09-08T22:01:55.831+0000] {logging_mixin.py:190} INFO - [2024-09-08T22:01:55.830+0000] {dag.py:3229} INFO - Sync 1 DAGs
[2024-09-08T22:01:55.844+0000] {logging_mixin.py:190} INFO - [2024-09-08T22:01:55.843+0000] {dag.py:4156} INFO - Setting next_dagrun for example_setup_teardown_taskflow to None, run_after=None
[2024-09-08T22:01:55.862+0000] {processor.py:208} INFO - Processing /home/airflow/.local/lib/python3.12/site-packages/airflow/example_dags/example_setup_teardown_taskflow.py took 0.068 seconds
[2024-09-08T22:02:26.393+0000] {processor.py:186} INFO - Started process (PID=342) to work on /home/airflow/.local/lib/python3.12/site-packages/airflow/example_dags/example_setup_teardown_taskflow.py
[2024-09-08T22:02:26.394+0000] {processor.py:914} INFO - Processing file /home/airflow/.local/lib/python3.12/site-packages/airflow/example_dags/example_setup_teardown_taskflow.py for tasks to queue
[2024-09-08T22:02:26.396+0000] {logging_mixin.py:190} INFO - [2024-09-08T22:02:26.396+0000] {dagbag.py:587} INFO - Filling up the DagBag from /home/airflow/.local/lib/python3.12/site-packages/airflow/example_dags/example_setup_teardown_taskflow.py
[2024-09-08T22:02:26.406+0000] {processor.py:925} INFO - DAG(s) 'example_setup_teardown_taskflow' retrieved from /home/airflow/.local/lib/python3.12/site-packages/airflow/example_dags/example_setup_teardown_taskflow.py
[2024-09-08T22:02:26.426+0000] {logging_mixin.py:190} INFO - [2024-09-08T22:02:26.426+0000] {dag.py:3229} INFO - Sync 1 DAGs
[2024-09-08T22:02:26.439+0000] {logging_mixin.py:190} INFO - [2024-09-08T22:02:26.439+0000] {dag.py:4156} INFO - Setting next_dagrun for example_setup_teardown_taskflow to None, run_after=None
[2024-09-08T22:02:26.459+0000] {processor.py:208} INFO - Processing /home/airflow/.local/lib/python3.12/site-packages/airflow/example_dags/example_setup_teardown_taskflow.py took 0.071 seconds
[2024-09-08T22:02:57.281+0000] {processor.py:186} INFO - Started process (PID=412) to work on /home/airflow/.local/lib/python3.12/site-packages/airflow/example_dags/example_setup_teardown_taskflow.py
[2024-09-08T22:02:57.282+0000] {processor.py:914} INFO - Processing file /home/airflow/.local/lib/python3.12/site-packages/airflow/example_dags/example_setup_teardown_taskflow.py for tasks to queue
[2024-09-08T22:02:57.284+0000] {logging_mixin.py:190} INFO - [2024-09-08T22:02:57.284+0000] {dagbag.py:587} INFO - Filling up the DagBag from /home/airflow/.local/lib/python3.12/site-packages/airflow/example_dags/example_setup_teardown_taskflow.py
[2024-09-08T22:02:57.293+0000] {processor.py:925} INFO - DAG(s) 'example_setup_teardown_taskflow' retrieved from /home/airflow/.local/lib/python3.12/site-packages/airflow/example_dags/example_setup_teardown_taskflow.py
[2024-09-08T22:02:57.312+0000] {logging_mixin.py:190} INFO - [2024-09-08T22:02:57.312+0000] {dag.py:3229} INFO - Sync 1 DAGs
[2024-09-08T22:02:57.325+0000] {logging_mixin.py:190} INFO - [2024-09-08T22:02:57.325+0000] {dag.py:4156} INFO - Setting next_dagrun for example_setup_teardown_taskflow to None, run_after=None
[2024-09-08T22:02:57.343+0000] {processor.py:208} INFO - Processing /home/airflow/.local/lib/python3.12/site-packages/airflow/example_dags/example_setup_teardown_taskflow.py took 0.068 seconds
[2024-09-08T22:03:27.759+0000] {processor.py:186} INFO - Started process (PID=482) to work on /home/airflow/.local/lib/python3.12/site-packages/airflow/example_dags/example_setup_teardown_taskflow.py
[2024-09-08T22:03:27.760+0000] {processor.py:914} INFO - Processing file /home/airflow/.local/lib/python3.12/site-packages/airflow/example_dags/example_setup_teardown_taskflow.py for tasks to queue
[2024-09-08T22:03:27.763+0000] {logging_mixin.py:190} INFO - [2024-09-08T22:03:27.763+0000] {dagbag.py:587} INFO - Filling up the DagBag from /home/airflow/.local/lib/python3.12/site-packages/airflow/example_dags/example_setup_teardown_taskflow.py
[2024-09-08T22:03:27.772+0000] {processor.py:925} INFO - DAG(s) 'example_setup_teardown_taskflow' retrieved from /home/airflow/.local/lib/python3.12/site-packages/airflow/example_dags/example_setup_teardown_taskflow.py
[2024-09-08T22:03:27.792+0000] {logging_mixin.py:190} INFO - [2024-09-08T22:03:27.792+0000] {dag.py:3229} INFO - Sync 1 DAGs
[2024-09-08T22:03:27.805+0000] {logging_mixin.py:190} INFO - [2024-09-08T22:03:27.805+0000] {dag.py:4156} INFO - Setting next_dagrun for example_setup_teardown_taskflow to None, run_after=None
[2024-09-08T22:03:27.824+0000] {processor.py:208} INFO - Processing /home/airflow/.local/lib/python3.12/site-packages/airflow/example_dags/example_setup_teardown_taskflow.py took 0.070 seconds
