[2024-09-29T12:39:40.038+0000] {local_task_job_runner.py:123} INFO - ::group::Pre task execution logs
[2024-09-29T12:39:40.057+0000] {taskinstance.py:2612} INFO - Dependencies all met for dep_context=non-requeueable deps ti=<TaskInstance: SitesWebScraping.Spark_Transformation manual__2024-09-29T12:38:08.644086+00:00 [queued]>
[2024-09-29T12:39:40.065+0000] {taskinstance.py:2612} INFO - Dependencies all met for dep_context=requeueable deps ti=<TaskInstance: SitesWebScraping.Spark_Transformation manual__2024-09-29T12:38:08.644086+00:00 [queued]>
[2024-09-29T12:39:40.072+0000] {taskinstance.py:2865} INFO - Starting attempt 1 of 1
[2024-09-29T12:39:40.100+0000] {taskinstance.py:2888} INFO - Executing <Task(OperatorSubmitSpark): Spark_Transformation> on 2024-09-29 12:38:08.644086+00:00
[2024-09-29T12:39:40.105+0000] {warnings.py:112} WARNING - /home/***/.local/lib/python3.12/site-packages/***/task/task_runner/standard_task_runner.py:70: DeprecationWarning: This process (pid=408) is multi-threaded, use of fork() may lead to deadlocks in the child.
  pid = os.fork()

[2024-09-29T12:39:40.107+0000] {standard_task_runner.py:72} INFO - Started process 409 to run task
[2024-09-29T12:39:40.108+0000] {standard_task_runner.py:104} INFO - Running: ['***', 'tasks', 'run', 'SitesWebScraping', 'Spark_Transformation', 'manual__2024-09-29T12:38:08.644086+00:00', '--job-id', '370', '--raw', '--subdir', 'DAGS_FOLDER/DagWebScraping.py', '--cfg-path', '/tmp/tmpnhhv4bvr']
[2024-09-29T12:39:40.110+0000] {standard_task_runner.py:105} INFO - Job 370: Subtask Spark_Transformation
[2024-09-29T12:39:40.347+0000] {task_command.py:467} INFO - Running <TaskInstance: SitesWebScraping.Spark_Transformation manual__2024-09-29T12:38:08.644086+00:00 [running]> on host a4368e743fbc
[2024-09-29T12:39:40.721+0000] {taskinstance.py:3131} INFO - Exporting env vars: AIRFLOW_CTX_DAG_OWNER='***' AIRFLOW_CTX_DAG_ID='SitesWebScraping' AIRFLOW_CTX_TASK_ID='Spark_Transformation' AIRFLOW_CTX_EXECUTION_DATE='2024-09-29T12:38:08.644086+00:00' AIRFLOW_CTX_TRY_NUMBER='1' AIRFLOW_CTX_DAG_RUN_ID='manual__2024-09-29T12:38:08.644086+00:00'
[2024-09-29T12:39:40.725+0000] {taskinstance.py:731} INFO - ::endgroup::
[2024-09-29T12:39:40.767+0000] {logging_mixin.py:190} INFO - /opt/***/datalake/silverzone/kabum_2024-09-29/data
[2024-09-29T12:39:40.768+0000] {logging_mixin.py:190} INFO - /opt/***/datalake/rawzone/kabum_2024-09-29/data.json
[2024-09-29T12:39:40.769+0000] {baseoperator.py:405} WARNING - OperatorSubmitSpark.execute cannot be called outside TaskInstance!
[2024-09-29T12:39:40.836+0000] {base.py:84} INFO - Retrieving connection 'spark_default'
[2024-09-29T12:39:40.839+0000] {spark_submit.py:403} INFO - Spark-Submit cmd: spark-submit --master spark://spark:7077 --num-executors 2 --driver-memory 512M --name arrow-spark --deploy-mode client /opt/bitnami/spark/src/scripts_spark/WebScraping_Transformation.py --path_save_transfor /opt/***/datalake/silverzone/kabum_2024-09-29 --json_file_path /opt/***/datalake/rawzone/kabum_2024-09-29/data.json
[2024-09-29T12:39:44.267+0000] {spark_submit.py:579} INFO - 24/09/29 12:39:44 INFO SparkContext: Running Spark version 3.5.2
[2024-09-29T12:39:44.269+0000] {spark_submit.py:579} INFO - 24/09/29 12:39:44 INFO SparkContext: OS info Linux, 5.15.153.1-microsoft-standard-WSL2, amd64
[2024-09-29T12:39:44.269+0000] {spark_submit.py:579} INFO - 24/09/29 12:39:44 INFO SparkContext: Java version 17.0.12
[2024-09-29T12:39:44.345+0000] {spark_submit.py:579} INFO - 24/09/29 12:39:44 WARN NativeCodeLoader: Unable to load native-hadoop library for your platform... using builtin-java classes where applicable
[2024-09-29T12:39:44.424+0000] {spark_submit.py:579} INFO - 24/09/29 12:39:44 INFO ResourceUtils: ==============================================================
[2024-09-29T12:39:44.425+0000] {spark_submit.py:579} INFO - 24/09/29 12:39:44 INFO ResourceUtils: No custom resources configured for spark.driver.
[2024-09-29T12:39:44.426+0000] {spark_submit.py:579} INFO - 24/09/29 12:39:44 INFO ResourceUtils: ==============================================================
[2024-09-29T12:39:44.427+0000] {spark_submit.py:579} INFO - 24/09/29 12:39:44 INFO SparkContext: Submitted application: Airflow Spark Example
[2024-09-29T12:39:44.447+0000] {spark_submit.py:579} INFO - 24/09/29 12:39:44 INFO ResourceProfile: Default ResourceProfile created, executor resources: Map(memory -> name: memory, amount: 1024, script: , vendor: , offHeap -> name: offHeap, amount: 0, script: , vendor: ), task resources: Map(cpus -> name: cpus, amount: 1.0)
[2024-09-29T12:39:44.454+0000] {spark_submit.py:579} INFO - 24/09/29 12:39:44 INFO ResourceProfile: Limiting resource is cpu
[2024-09-29T12:39:44.455+0000] {spark_submit.py:579} INFO - 24/09/29 12:39:44 INFO ResourceProfileManager: Added ResourceProfile id: 0
[2024-09-29T12:39:44.511+0000] {spark_submit.py:579} INFO - 24/09/29 12:39:44 INFO SecurityManager: Changing view acls to: ***
[2024-09-29T12:39:44.514+0000] {spark_submit.py:579} INFO - 24/09/29 12:39:44 INFO SecurityManager: Changing modify acls to: ***
[2024-09-29T12:39:44.514+0000] {spark_submit.py:579} INFO - 24/09/29 12:39:44 INFO SecurityManager: Changing view acls groups to:
[2024-09-29T12:39:44.515+0000] {spark_submit.py:579} INFO - 24/09/29 12:39:44 INFO SecurityManager: Changing modify acls groups to:
[2024-09-29T12:39:44.516+0000] {spark_submit.py:579} INFO - 24/09/29 12:39:44 INFO SecurityManager: SecurityManager: authentication disabled; ui acls disabled; users with view permissions: ***; groups with view permissions: EMPTY; users with modify permissions: ***; groups with modify permissions: EMPTY
[2024-09-29T12:39:44.715+0000] {spark_submit.py:579} INFO - 24/09/29 12:39:44 INFO Utils: Successfully started service 'sparkDriver' on port 40591.
[2024-09-29T12:39:44.741+0000] {spark_submit.py:579} INFO - 24/09/29 12:39:44 INFO SparkEnv: Registering MapOutputTracker
[2024-09-29T12:39:44.772+0000] {spark_submit.py:579} INFO - 24/09/29 12:39:44 INFO SparkEnv: Registering BlockManagerMaster
[2024-09-29T12:39:44.789+0000] {spark_submit.py:579} INFO - 24/09/29 12:39:44 INFO BlockManagerMasterEndpoint: Using org.apache.spark.storage.DefaultTopologyMapper for getting topology information
[2024-09-29T12:39:44.790+0000] {spark_submit.py:579} INFO - 24/09/29 12:39:44 INFO BlockManagerMasterEndpoint: BlockManagerMasterEndpoint up
[2024-09-29T12:39:44.795+0000] {spark_submit.py:579} INFO - 24/09/29 12:39:44 INFO SparkEnv: Registering BlockManagerMasterHeartbeat
[2024-09-29T12:39:44.815+0000] {spark_submit.py:579} INFO - 24/09/29 12:39:44 INFO DiskBlockManager: Created local directory at /tmp/blockmgr-ecdfa2f7-b83a-481c-8632-0bc341ca534d
[2024-09-29T12:39:44.828+0000] {spark_submit.py:579} INFO - 24/09/29 12:39:44 INFO MemoryStore: MemoryStore started with capacity 127.2 MiB
[2024-09-29T12:39:44.843+0000] {spark_submit.py:579} INFO - 24/09/29 12:39:44 INFO SparkEnv: Registering OutputCommitCoordinator
[2024-09-29T12:39:44.964+0000] {spark_submit.py:579} INFO - 24/09/29 12:39:44 INFO JettyUtils: Start Jetty 0.0.0.0:4040 for SparkUI
[2024-09-29T12:39:45.102+0000] {spark_submit.py:579} INFO - 24/09/29 12:39:45 INFO Utils: Successfully started service 'SparkUI' on port 4040.
[2024-09-29T12:39:45.236+0000] {spark_submit.py:579} INFO - 24/09/29 12:39:45 INFO StandaloneAppClient$ClientEndpoint: Connecting to master spark://spark:7077...
[2024-09-29T12:39:45.276+0000] {spark_submit.py:579} INFO - 24/09/29 12:39:45 INFO TransportClientFactory: Successfully created connection to spark/172.18.0.6:7077 after 23 ms (0 ms spent in bootstraps)
[2024-09-29T12:39:45.422+0000] {spark_submit.py:579} INFO - 24/09/29 12:39:45 INFO StandaloneSchedulerBackend: Connected to Spark cluster with app ID app-20240929123945-0000
[2024-09-29T12:39:45.434+0000] {spark_submit.py:579} INFO - 24/09/29 12:39:45 INFO Utils: Successfully started service 'org.apache.spark.network.netty.NettyBlockTransferService' on port 46557.
[2024-09-29T12:39:45.435+0000] {spark_submit.py:579} INFO - 24/09/29 12:39:45 INFO NettyBlockTransferService: Server created on a4368e743fbc:46557
[2024-09-29T12:39:45.437+0000] {spark_submit.py:579} INFO - 24/09/29 12:39:45 INFO BlockManager: Using org.apache.spark.storage.RandomBlockReplicationPolicy for block replication policy
[2024-09-29T12:39:45.450+0000] {spark_submit.py:579} INFO - 24/09/29 12:39:45 INFO BlockManagerMaster: Registering BlockManager BlockManagerId(driver, a4368e743fbc, 46557, None)
[2024-09-29T12:39:45.455+0000] {spark_submit.py:579} INFO - 24/09/29 12:39:45 INFO BlockManagerMasterEndpoint: Registering block manager a4368e743fbc:46557 with 127.2 MiB RAM, BlockManagerId(driver, a4368e743fbc, 46557, None)
[2024-09-29T12:39:45.456+0000] {spark_submit.py:579} INFO - 24/09/29 12:39:45 INFO StandaloneAppClient$ClientEndpoint: Executor added: app-20240929123945-0000/0 on worker-20240929121237-172.18.0.4-33513 (172.18.0.4:33513) with 6 core(s)
[2024-09-29T12:39:45.457+0000] {spark_submit.py:579} INFO - 24/09/29 12:39:45 INFO BlockManagerMaster: Registered BlockManager BlockManagerId(driver, a4368e743fbc, 46557, None)
[2024-09-29T12:39:45.457+0000] {spark_submit.py:579} INFO - 24/09/29 12:39:45 INFO StandaloneSchedulerBackend: Granted executor ID app-20240929123945-0000/0 on hostPort 172.18.0.4:33513 with 6 core(s), 1024.0 MiB RAM
[2024-09-29T12:39:45.458+0000] {spark_submit.py:579} INFO - 24/09/29 12:39:45 INFO BlockManager: Initialized BlockManager: BlockManagerId(driver, a4368e743fbc, 46557, None)
[2024-09-29T12:39:45.670+0000] {spark_submit.py:579} INFO - 24/09/29 12:39:45 INFO StandaloneAppClient$ClientEndpoint: Executor updated: app-20240929123945-0000/0 is now RUNNING
[2024-09-29T12:39:45.724+0000] {spark_submit.py:579} INFO - 24/09/29 12:39:45 INFO StandaloneSchedulerBackend: SchedulerBackend is ready for scheduling beginning after reached minRegisteredResourcesRatio: 0.0
[2024-09-29T12:39:46.003+0000] {spark_submit.py:579} INFO - 24/09/29 12:39:46 INFO SharedState: Setting hive.metastore.warehouse.dir ('null') to the value of spark.sql.warehouse.dir.
[2024-09-29T12:39:46.012+0000] {spark_submit.py:579} INFO - 24/09/29 12:39:46 INFO SharedState: Warehouse path is 'file:/opt/***/spark-warehouse'.
[2024-09-29T12:39:47.051+0000] {spark_submit.py:579} INFO - 24/09/29 12:39:47 INFO InMemoryFileIndex: It took 49 ms to list leaf files for 1 paths.
[2024-09-29T12:39:47.131+0000] {spark_submit.py:579} INFO - 24/09/29 12:39:47 INFO InMemoryFileIndex: It took 9 ms to list leaf files for 1 paths.
[2024-09-29T12:39:48.799+0000] {spark_submit.py:579} INFO - 24/09/29 12:39:48 INFO StandaloneSchedulerBackend$StandaloneDriverEndpoint: Registered executor NettyRpcEndpointRef(spark-client://Executor) (172.18.0.4:39982) with ID 0,  ResourceProfileId 0
[2024-09-29T12:39:48.885+0000] {spark_submit.py:579} INFO - 24/09/29 12:39:48 INFO BlockManagerMasterEndpoint: Registering block manager 172.18.0.4:40325 with 434.4 MiB RAM, BlockManagerId(0, 172.18.0.4, 40325, None)
[2024-09-29T12:39:49.319+0000] {spark_submit.py:579} INFO - 24/09/29 12:39:49 INFO FileSourceStrategy: Pushed Filters:
[2024-09-29T12:39:49.321+0000] {spark_submit.py:579} INFO - 24/09/29 12:39:49 INFO FileSourceStrategy: Post-Scan Filters:
[2024-09-29T12:39:49.539+0000] {spark_submit.py:579} INFO - 24/09/29 12:39:49 INFO MemoryStore: Block broadcast_0 stored as values in memory (estimated size 199.5 KiB, free 127.0 MiB)
[2024-09-29T12:39:49.596+0000] {spark_submit.py:579} INFO - 24/09/29 12:39:49 INFO MemoryStore: Block broadcast_0_piece0 stored as bytes in memory (estimated size 34.3 KiB, free 127.0 MiB)
[2024-09-29T12:39:49.600+0000] {spark_submit.py:579} INFO - 24/09/29 12:39:49 INFO BlockManagerInfo: Added broadcast_0_piece0 in memory on a4368e743fbc:46557 (size: 34.3 KiB, free: 127.2 MiB)
[2024-09-29T12:39:49.605+0000] {spark_submit.py:579} INFO - 24/09/29 12:39:49 INFO SparkContext: Created broadcast 0 from json at NativeMethodAccessorImpl.java:0
[2024-09-29T12:39:49.613+0000] {spark_submit.py:579} INFO - 24/09/29 12:39:49 INFO FileSourceScanExec: Planning scan with bin packing, max size: 4194304 bytes, open cost is considered as scanning 4194304 bytes.
[2024-09-29T12:39:49.719+0000] {spark_submit.py:579} INFO - 24/09/29 12:39:49 INFO SparkContext: Starting job: json at NativeMethodAccessorImpl.java:0
[2024-09-29T12:39:49.733+0000] {spark_submit.py:579} INFO - 24/09/29 12:39:49 INFO DAGScheduler: Got job 0 (json at NativeMethodAccessorImpl.java:0) with 1 output partitions
[2024-09-29T12:39:49.734+0000] {spark_submit.py:579} INFO - 24/09/29 12:39:49 INFO DAGScheduler: Final stage: ResultStage 0 (json at NativeMethodAccessorImpl.java:0)
[2024-09-29T12:39:49.735+0000] {spark_submit.py:579} INFO - 24/09/29 12:39:49 INFO DAGScheduler: Parents of final stage: List()
[2024-09-29T12:39:49.735+0000] {spark_submit.py:579} INFO - 24/09/29 12:39:49 INFO DAGScheduler: Missing parents: List()
[2024-09-29T12:39:49.738+0000] {spark_submit.py:579} INFO - 24/09/29 12:39:49 INFO DAGScheduler: Submitting ResultStage 0 (MapPartitionsRDD[3] at json at NativeMethodAccessorImpl.java:0), which has no missing parents
[2024-09-29T12:39:49.801+0000] {spark_submit.py:579} INFO - 24/09/29 12:39:49 INFO MemoryStore: Block broadcast_1 stored as values in memory (estimated size 16.2 KiB, free 127.0 MiB)
[2024-09-29T12:39:49.804+0000] {spark_submit.py:579} INFO - 24/09/29 12:39:49 INFO MemoryStore: Block broadcast_1_piece0 stored as bytes in memory (estimated size 7.6 KiB, free 126.9 MiB)
[2024-09-29T12:39:49.805+0000] {spark_submit.py:579} INFO - 24/09/29 12:39:49 INFO BlockManagerInfo: Added broadcast_1_piece0 in memory on a4368e743fbc:46557 (size: 7.6 KiB, free: 127.2 MiB)
[2024-09-29T12:39:49.805+0000] {spark_submit.py:579} INFO - 24/09/29 12:39:49 INFO SparkContext: Created broadcast 1 from broadcast at DAGScheduler.scala:1585
[2024-09-29T12:39:49.822+0000] {spark_submit.py:579} INFO - 24/09/29 12:39:49 INFO DAGScheduler: Submitting 1 missing tasks from ResultStage 0 (MapPartitionsRDD[3] at json at NativeMethodAccessorImpl.java:0) (first 15 tasks are for partitions Vector(0))
[2024-09-29T12:39:49.823+0000] {spark_submit.py:579} INFO - 24/09/29 12:39:49 INFO TaskSchedulerImpl: Adding task set 0.0 with 1 tasks resource profile 0
[2024-09-29T12:39:49.851+0000] {spark_submit.py:579} INFO - 24/09/29 12:39:49 INFO TaskSetManager: Starting task 0.0 in stage 0.0 (TID 0) (172.18.0.4, executor 0, partition 0, PROCESS_LOCAL, 9629 bytes)
[2024-09-29T12:39:50.086+0000] {spark_submit.py:579} INFO - 24/09/29 12:39:50 INFO BlockManagerInfo: Added broadcast_1_piece0 in memory on 172.18.0.4:40325 (size: 7.6 KiB, free: 434.4 MiB)
[2024-09-29T12:39:50.772+0000] {spark_submit.py:579} INFO - 24/09/29 12:39:50 INFO BlockManagerInfo: Added broadcast_0_piece0 in memory on 172.18.0.4:40325 (size: 34.3 KiB, free: 434.4 MiB)
[2024-09-29T12:39:50.992+0000] {spark_submit.py:579} INFO - 24/09/29 12:39:50 INFO TaskSetManager: Finished task 0.0 in stage 0.0 (TID 0) in 1151 ms on 172.18.0.4 (executor 0) (1/1)
[2024-09-29T12:39:50.994+0000] {spark_submit.py:579} INFO - 24/09/29 12:39:50 INFO TaskSchedulerImpl: Removed TaskSet 0.0, whose tasks have all completed, from pool
[2024-09-29T12:39:50.999+0000] {spark_submit.py:579} INFO - 24/09/29 12:39:50 INFO DAGScheduler: ResultStage 0 (json at NativeMethodAccessorImpl.java:0) finished in 1.249 s
[2024-09-29T12:39:51.001+0000] {spark_submit.py:579} INFO - 24/09/29 12:39:51 INFO DAGScheduler: Job 0 is finished. Cancelling potential speculative or zombie tasks for this job
[2024-09-29T12:39:51.002+0000] {spark_submit.py:579} INFO - 24/09/29 12:39:51 INFO TaskSchedulerImpl: Killing all running tasks in stage 0: Stage finished
[2024-09-29T12:39:51.005+0000] {spark_submit.py:579} INFO - 24/09/29 12:39:51 INFO DAGScheduler: Job 0 finished: json at NativeMethodAccessorImpl.java:0, took 1.284809 s
[2024-09-29T12:39:51.118+0000] {spark_submit.py:579} INFO - 24/09/29 12:39:51 INFO BlockManagerInfo: Removed broadcast_1_piece0 on a4368e743fbc:46557 in memory (size: 7.6 KiB, free: 127.2 MiB)
[2024-09-29T12:39:51.120+0000] {spark_submit.py:579} INFO - 24/09/29 12:39:51 INFO BlockManagerInfo: Removed broadcast_1_piece0 on 172.18.0.4:40325 in memory (size: 7.6 KiB, free: 434.4 MiB)
[2024-09-29T12:39:51.656+0000] {spark_submit.py:579} INFO - 24/09/29 12:39:51 INFO BlockManagerInfo: Removed broadcast_0_piece0 on 172.18.0.4:40325 in memory (size: 34.3 KiB, free: 434.4 MiB)
[2024-09-29T12:39:51.666+0000] {spark_submit.py:579} INFO - 24/09/29 12:39:51 INFO BlockManagerInfo: Removed broadcast_0_piece0 on a4368e743fbc:46557 in memory (size: 34.3 KiB, free: 127.2 MiB)
[2024-09-29T12:39:51.960+0000] {spark_submit.py:579} INFO - 24/09/29 12:39:51 INFO FileSourceStrategy: Pushed Filters: IsNotNull(category),EqualTo(category,placas-mae)
[2024-09-29T12:39:51.962+0000] {spark_submit.py:579} INFO - 24/09/29 12:39:51 INFO FileSourceStrategy: Post-Scan Filters: isnotnull(category#8),(category#8 = placas-mae)
[2024-09-29T12:39:52.122+0000] {spark_submit.py:579} INFO - Traceback (most recent call last):
[2024-09-29T12:39:52.122+0000] {spark_submit.py:579} INFO - File "/opt/bitnami/spark/src/scripts_spark/WebScraping_Transformation.py", line 125, in <module>
[2024-09-29T12:39:52.124+0000] {spark_submit.py:579} INFO - df_placa_mae, df_filtred_memoria, df_processadores, df_placa_video =transformation_data(args.json_file_path,args.path_save_transfor)
[2024-09-29T12:39:52.125+0000] {spark_submit.py:579} INFO - ^^^^^^^^^^^^^^^^^^^^^^^^^^^^^^^^^^^^^^^^^^^^^^^^^^^^^^^^^^^^^^^^
[2024-09-29T12:39:52.125+0000] {spark_submit.py:579} INFO - File "/opt/bitnami/spark/src/scripts_spark/WebScraping_Transformation.py", line 105, in transformation_data
[2024-09-29T12:39:52.126+0000] {spark_submit.py:579} INFO - SaveFile(df_placa_mae_fn,df_filtred_memoria_fn,df_processadores_fn ,df_placa_video_fn,path_save_transfor)
[2024-09-29T12:39:52.127+0000] {spark_submit.py:579} INFO - File "/opt/bitnami/spark/src/scripts_spark/WebScraping_Transformation.py", line 16, in SaveFile
[2024-09-29T12:39:52.128+0000] {spark_submit.py:579} INFO - df_placa_mae_fn.write.parquet("/tmp/test.parquet")
[2024-09-29T12:39:52.129+0000] {spark_submit.py:579} INFO - File "/home/***/.local/lib/python3.12/site-packages/pyspark/python/lib/pyspark.zip/pyspark/sql/readwriter.py", line 1721, in parquet
[2024-09-29T12:39:52.129+0000] {spark_submit.py:579} INFO - File "/home/***/.local/lib/python3.12/site-packages/pyspark/python/lib/py4j-0.10.9.7-src.zip/py4j/java_gateway.py", line 1322, in __call__
[2024-09-29T12:39:52.130+0000] {spark_submit.py:579} INFO - File "/home/***/.local/lib/python3.12/site-packages/pyspark/python/lib/pyspark.zip/pyspark/errors/exceptions/captured.py", line 185, in deco
[2024-09-29T12:39:52.136+0000] {spark_submit.py:579} INFO - pyspark.errors.exceptions.captured.AnalysisException: [PATH_ALREADY_EXISTS] Path file:/tmp/test.parquet already exists. Set mode as "overwrite" to overwrite the existing path.
[2024-09-29T12:39:52.186+0000] {spark_submit.py:579} INFO - 24/09/29 12:39:52 INFO SparkContext: Invoking stop() from shutdown hook
[2024-09-29T12:39:52.187+0000] {spark_submit.py:579} INFO - 24/09/29 12:39:52 INFO SparkContext: SparkContext is stopping with exitCode 0.
[2024-09-29T12:39:52.195+0000] {spark_submit.py:579} INFO - 24/09/29 12:39:52 INFO SparkUI: Stopped Spark web UI at http://a4368e743fbc:4040
[2024-09-29T12:39:52.198+0000] {spark_submit.py:579} INFO - 24/09/29 12:39:52 INFO StandaloneSchedulerBackend: Shutting down all executors
[2024-09-29T12:39:52.199+0000] {spark_submit.py:579} INFO - 24/09/29 12:39:52 INFO StandaloneSchedulerBackend$StandaloneDriverEndpoint: Asking each executor to shut down
[2024-09-29T12:39:52.225+0000] {spark_submit.py:579} INFO - 24/09/29 12:39:52 INFO MapOutputTrackerMasterEndpoint: MapOutputTrackerMasterEndpoint stopped!
[2024-09-29T12:39:52.259+0000] {spark_submit.py:579} INFO - 24/09/29 12:39:52 INFO MemoryStore: MemoryStore cleared
[2024-09-29T12:39:52.260+0000] {spark_submit.py:579} INFO - 24/09/29 12:39:52 INFO BlockManager: BlockManager stopped
[2024-09-29T12:39:52.263+0000] {spark_submit.py:579} INFO - 24/09/29 12:39:52 INFO BlockManagerMaster: BlockManagerMaster stopped
[2024-09-29T12:39:52.265+0000] {spark_submit.py:579} INFO - 24/09/29 12:39:52 INFO OutputCommitCoordinator$OutputCommitCoordinatorEndpoint: OutputCommitCoordinator stopped!
[2024-09-29T12:39:52.288+0000] {spark_submit.py:579} INFO - 24/09/29 12:39:52 INFO SparkContext: Successfully stopped SparkContext
[2024-09-29T12:39:52.292+0000] {spark_submit.py:579} INFO - 24/09/29 12:39:52 INFO ShutdownHookManager: Shutdown hook called
[2024-09-29T12:39:52.293+0000] {spark_submit.py:579} INFO - 24/09/29 12:39:52 INFO ShutdownHookManager: Deleting directory /tmp/spark-3f79b810-3124-435c-8b5f-3bcb38f9ac42/pyspark-73df4b5e-8633-4777-9661-76d23721a3e6
[2024-09-29T12:39:52.295+0000] {spark_submit.py:579} INFO - 24/09/29 12:39:52 INFO ShutdownHookManager: Deleting directory /tmp/spark-3f79b810-3124-435c-8b5f-3bcb38f9ac42
[2024-09-29T12:39:52.301+0000] {spark_submit.py:579} INFO - 24/09/29 12:39:52 INFO ShutdownHookManager: Deleting directory /tmp/spark-8862c8f0-4175-4636-bb72-9b1972cd49c4
[2024-09-29T12:39:52.344+0000] {taskinstance.py:3310} ERROR - Task failed with exception
Traceback (most recent call last):
  File "/home/airflow/.local/lib/python3.12/site-packages/airflow/models/taskinstance.py", line 767, in _execute_task
    result = _execute_callable(context=context, **execute_callable_kwargs)
             ^^^^^^^^^^^^^^^^^^^^^^^^^^^^^^^^^^^^^^^^^^^^^^^^^^^^^^^^^^^^^
  File "/home/airflow/.local/lib/python3.12/site-packages/airflow/models/taskinstance.py", line 733, in _execute_callable
    return ExecutionCallableRunner(
           ^^^^^^^^^^^^^^^^^^^^^^^^
  File "/home/airflow/.local/lib/python3.12/site-packages/airflow/utils/operator_helpers.py", line 252, in run
    return self.func(*args, **kwargs)
           ^^^^^^^^^^^^^^^^^^^^^^^^^^
  File "/home/airflow/.local/lib/python3.12/site-packages/airflow/models/baseoperator.py", line 406, in wrapper
    return func(self, *args, **kwargs)
           ^^^^^^^^^^^^^^^^^^^^^^^^^^^
  File "/opt/airflow/operators/OperatorSpark.py", line 23, in execute
    super().execute(context)
  File "/home/airflow/.local/lib/python3.12/site-packages/airflow/models/baseoperator.py", line 406, in wrapper
    return func(self, *args, **kwargs)
           ^^^^^^^^^^^^^^^^^^^^^^^^^^^
  File "/home/airflow/.local/lib/python3.12/site-packages/airflow/providers/apache/spark/operators/spark_submit.py", line 174, in execute
    self._hook.submit(self.application)
  File "/home/airflow/.local/lib/python3.12/site-packages/airflow/providers/apache/spark/hooks/spark_submit.py", line 505, in submit
    raise AirflowException(
airflow.exceptions.AirflowException: Cannot execute: spark-submit --master spark://spark:7077 --num-executors 2 --driver-memory 512M --name arrow-spark --deploy-mode client /opt/bitnami/spark/src/scripts_spark/WebScraping_Transformation.py --path_save_transfor /opt/***/datalake/silverzone/kabum_2024-09-29 --json_file_path /opt/***/datalake/rawzone/kabum_2024-09-29/data.json. Error code is: 1.
[2024-09-29T12:39:52.353+0000] {taskinstance.py:1225} INFO - Marking task as FAILED. dag_id=SitesWebScraping, task_id=Spark_Transformation, run_id=manual__2024-09-29T12:38:08.644086+00:00, execution_date=20240929T123808, start_date=20240929T123940, end_date=20240929T123952
[2024-09-29T12:39:52.370+0000] {taskinstance.py:340} INFO - ::group::Post task execution logs
[2024-09-29T12:39:52.371+0000] {standard_task_runner.py:124} ERROR - Failed to execute job 370 for task Spark_Transformation (Cannot execute: spark-submit --master spark://spark:7077 --num-executors 2 --driver-memory 512M --name arrow-spark --deploy-mode client /opt/bitnami/spark/src/scripts_spark/WebScraping_Transformation.py --path_save_transfor /opt/***/datalake/silverzone/kabum_2024-09-29 --json_file_path /opt/***/datalake/rawzone/kabum_2024-09-29/data.json. Error code is: 1.; 409)
Traceback (most recent call last):
  File "/home/airflow/.local/lib/python3.12/site-packages/airflow/task/task_runner/standard_task_runner.py", line 117, in _start_by_fork
    ret = args.func(args, dag=self.dag)
          ^^^^^^^^^^^^^^^^^^^^^^^^^^^^^
  File "/home/airflow/.local/lib/python3.12/site-packages/airflow/cli/cli_config.py", line 49, in command
    return func(*args, **kwargs)
           ^^^^^^^^^^^^^^^^^^^^^
  File "/home/airflow/.local/lib/python3.12/site-packages/airflow/utils/cli.py", line 115, in wrapper
    return f(*args, **kwargs)
           ^^^^^^^^^^^^^^^^^^
  File "/home/airflow/.local/lib/python3.12/site-packages/airflow/cli/commands/task_command.py", line 483, in task_run
    task_return_code = _run_task_by_selected_method(args, _dag, ti)
                       ^^^^^^^^^^^^^^^^^^^^^^^^^^^^^^^^^^^^^^^^^^^^
  File "/home/airflow/.local/lib/python3.12/site-packages/airflow/cli/commands/task_command.py", line 256, in _run_task_by_selected_method
    return _run_raw_task(args, ti)
           ^^^^^^^^^^^^^^^^^^^^^^^
  File "/home/airflow/.local/lib/python3.12/site-packages/airflow/cli/commands/task_command.py", line 341, in _run_raw_task
    return ti._run_raw_task(
           ^^^^^^^^^^^^^^^^^
  File "/home/airflow/.local/lib/python3.12/site-packages/airflow/utils/session.py", line 97, in wrapper
    return func(*args, session=session, **kwargs)
           ^^^^^^^^^^^^^^^^^^^^^^^^^^^^^^^^^^^^^^
  File "/home/airflow/.local/lib/python3.12/site-packages/airflow/models/taskinstance.py", line 3004, in _run_raw_task
    return _run_raw_task(
           ^^^^^^^^^^^^^^
  File "/home/airflow/.local/lib/python3.12/site-packages/airflow/models/taskinstance.py", line 273, in _run_raw_task
    TaskInstance._execute_task_with_callbacks(
  File "/home/airflow/.local/lib/python3.12/site-packages/airflow/models/taskinstance.py", line 3158, in _execute_task_with_callbacks
    result = self._execute_task(context, task_orig)
             ^^^^^^^^^^^^^^^^^^^^^^^^^^^^^^^^^^^^^^
  File "/home/airflow/.local/lib/python3.12/site-packages/airflow/models/taskinstance.py", line 3182, in _execute_task
    return _execute_task(self, context, task_orig)
           ^^^^^^^^^^^^^^^^^^^^^^^^^^^^^^^^^^^^^^^
  File "/home/airflow/.local/lib/python3.12/site-packages/airflow/models/taskinstance.py", line 767, in _execute_task
    result = _execute_callable(context=context, **execute_callable_kwargs)
             ^^^^^^^^^^^^^^^^^^^^^^^^^^^^^^^^^^^^^^^^^^^^^^^^^^^^^^^^^^^^^
  File "/home/airflow/.local/lib/python3.12/site-packages/airflow/models/taskinstance.py", line 733, in _execute_callable
    return ExecutionCallableRunner(
           ^^^^^^^^^^^^^^^^^^^^^^^^
  File "/home/airflow/.local/lib/python3.12/site-packages/airflow/utils/operator_helpers.py", line 252, in run
    return self.func(*args, **kwargs)
           ^^^^^^^^^^^^^^^^^^^^^^^^^^
  File "/home/airflow/.local/lib/python3.12/site-packages/airflow/models/baseoperator.py", line 406, in wrapper
    return func(self, *args, **kwargs)
           ^^^^^^^^^^^^^^^^^^^^^^^^^^^
  File "/opt/airflow/operators/OperatorSpark.py", line 23, in execute
    super().execute(context)
  File "/home/airflow/.local/lib/python3.12/site-packages/airflow/models/baseoperator.py", line 406, in wrapper
    return func(self, *args, **kwargs)
           ^^^^^^^^^^^^^^^^^^^^^^^^^^^
  File "/home/airflow/.local/lib/python3.12/site-packages/airflow/providers/apache/spark/operators/spark_submit.py", line 174, in execute
    self._hook.submit(self.application)
  File "/home/airflow/.local/lib/python3.12/site-packages/airflow/providers/apache/spark/hooks/spark_submit.py", line 505, in submit
    raise AirflowException(
airflow.exceptions.AirflowException: Cannot execute: spark-submit --master spark://spark:7077 --num-executors 2 --driver-memory 512M --name arrow-spark --deploy-mode client /opt/bitnami/spark/src/scripts_spark/WebScraping_Transformation.py --path_save_transfor /opt/***/datalake/silverzone/kabum_2024-09-29 --json_file_path /opt/***/datalake/rawzone/kabum_2024-09-29/data.json. Error code is: 1.
[2024-09-29T12:39:52.385+0000] {local_task_job_runner.py:266} INFO - Task exited with return code 1
[2024-09-29T12:39:52.402+0000] {taskinstance.py:3900} INFO - 0 downstream tasks scheduled from follow-on schedule check
[2024-09-29T12:39:52.407+0000] {local_task_job_runner.py:245} INFO - ::endgroup::
