[2024-10-04T23:26:17.719+0000] {local_task_job_runner.py:123} INFO - ::group::Pre task execution logs
[2024-10-04T23:26:17.734+0000] {taskinstance.py:2612} INFO - Dependencies all met for dep_context=non-requeueable deps ti=<TaskInstance: SitesWebScraping.kabum_tasks.Create_Container_Raw_kabum manual__2024-10-04T23:26:16.456881+00:00 [queued]>
[2024-10-04T23:26:17.742+0000] {taskinstance.py:2612} INFO - Dependencies all met for dep_context=requeueable deps ti=<TaskInstance: SitesWebScraping.kabum_tasks.Create_Container_Raw_kabum manual__2024-10-04T23:26:16.456881+00:00 [queued]>
[2024-10-04T23:26:17.743+0000] {taskinstance.py:2865} INFO - Starting attempt 1 of 1
[2024-10-04T23:26:17.758+0000] {taskinstance.py:2888} INFO - Executing <Task(CreateContainerInDataLake): kabum_tasks.Create_Container_Raw_kabum> on 2024-10-04 23:26:16.456881+00:00
[2024-10-04T23:26:17.763+0000] {warnings.py:112} WARNING - /home/***/.local/lib/python3.12/site-packages/***/task/task_runner/standard_task_runner.py:70: DeprecationWarning: This process (pid=4946) is multi-threaded, use of fork() may lead to deadlocks in the child.
  pid = os.fork()

[2024-10-04T23:26:17.764+0000] {standard_task_runner.py:72} INFO - Started process 4947 to run task
[2024-10-04T23:26:17.765+0000] {standard_task_runner.py:104} INFO - Running: ['***', 'tasks', 'run', 'SitesWebScraping', 'kabum_tasks.Create_Container_Raw_kabum', 'manual__2024-10-04T23:26:16.456881+00:00', '--job-id', '1103', '--raw', '--subdir', 'DAGS_FOLDER/DagWebScraping.py', '--cfg-path', '/tmp/tmp33yccu3g']
[2024-10-04T23:26:17.767+0000] {standard_task_runner.py:105} INFO - Job 1103: Subtask kabum_tasks.Create_Container_Raw_kabum
[2024-10-04T23:26:17.807+0000] {task_command.py:467} INFO - Running <TaskInstance: SitesWebScraping.kabum_tasks.Create_Container_Raw_kabum manual__2024-10-04T23:26:16.456881+00:00 [running]> on host f8603ea05473
[2024-10-04T23:26:17.901+0000] {taskinstance.py:3131} INFO - Exporting env vars: AIRFLOW_CTX_DAG_OWNER='***' AIRFLOW_CTX_DAG_ID='SitesWebScraping' AIRFLOW_CTX_TASK_ID='kabum_tasks.Create_Container_Raw_kabum' AIRFLOW_CTX_EXECUTION_DATE='2024-10-04T23:26:16.456881+00:00' AIRFLOW_CTX_TRY_NUMBER='1' AIRFLOW_CTX_DAG_RUN_ID='manual__2024-10-04T23:26:16.456881+00:00'
[2024-10-04T23:26:17.903+0000] {taskinstance.py:731} INFO - ::endgroup::
[2024-10-04T23:26:17.916+0000] {baseoperator.py:405} WARNING - CreateContainerInDataLake.execute cannot be called outside TaskInstance!
[2024-10-04T23:26:17.917+0000] {subprocess.py:63} INFO - Tmp dir root location: /tmp
[2024-10-04T23:26:17.918+0000] {subprocess.py:75} INFO - Running command: ['/usr/bin/bash', '-c', 'mkdir -p /opt/***/datalake/rawzone/kabum_2024-10-04']
[2024-10-04T23:26:17.928+0000] {subprocess.py:86} INFO - Output:
[2024-10-04T23:26:17.933+0000] {subprocess.py:97} INFO - Command exited with return code 0
[2024-10-04T23:26:17.961+0000] {taskinstance.py:340} INFO - ::group::Post task execution logs
[2024-10-04T23:26:17.962+0000] {taskinstance.py:352} INFO - Marking task as SUCCESS. dag_id=SitesWebScraping, task_id=kabum_tasks.Create_Container_Raw_kabum, run_id=manual__2024-10-04T23:26:16.456881+00:00, execution_date=20241004T232616, start_date=20241004T232617, end_date=20241004T232617
[2024-10-04T23:26:17.979+0000] {local_task_job_runner.py:266} INFO - Task exited with return code 0
[2024-10-04T23:26:18.007+0000] {taskinstance.py:3900} INFO - 1 downstream tasks scheduled from follow-on schedule check
[2024-10-04T23:26:18.010+0000] {local_task_job_runner.py:245} INFO - ::endgroup::
