[2024-10-16T21:06:46.403+0000] {local_task_job_runner.py:123} INFO - ::group::Pre task execution logs
[2024-10-16T21:06:46.421+0000] {taskinstance.py:2612} INFO - Dependencies all met for dep_context=non-requeueable deps ti=<TaskInstance: LoadWebScraping.spark_job manual__2024-10-16T21:06:45.150027+00:00 [queued]>
[2024-10-16T21:06:46.432+0000] {taskinstance.py:2612} INFO - Dependencies all met for dep_context=requeueable deps ti=<TaskInstance: LoadWebScraping.spark_job manual__2024-10-16T21:06:45.150027+00:00 [queued]>
[2024-10-16T21:06:46.433+0000] {taskinstance.py:2865} INFO - Starting attempt 1 of 1
[2024-10-16T21:06:46.447+0000] {taskinstance.py:2888} INFO - Executing <Task(SparkSubmitOperator): spark_job> on 2024-10-16 21:06:45.150027+00:00
[2024-10-16T21:06:46.454+0000] {warnings.py:112} WARNING - /home/***/.local/lib/python3.12/site-packages/***/task/task_runner/standard_task_runner.py:70: DeprecationWarning: This process (pid=3980) is multi-threaded, use of fork() may lead to deadlocks in the child.
  pid = os.fork()

[2024-10-16T21:06:46.456+0000] {standard_task_runner.py:72} INFO - Started process 3984 to run task
[2024-10-16T21:06:46.456+0000] {standard_task_runner.py:104} INFO - Running: ['***', 'tasks', 'run', 'LoadWebScraping', 'spark_job', 'manual__2024-10-16T21:06:45.150027+00:00', '--job-id', '61', '--raw', '--subdir', 'DAGS_FOLDER/LoadWebScraping.py', '--cfg-path', '/tmp/tmp876jhhji']
[2024-10-16T21:06:46.459+0000] {standard_task_runner.py:105} INFO - Job 61: Subtask spark_job
[2024-10-16T21:06:46.503+0000] {task_command.py:467} INFO - Running <TaskInstance: LoadWebScraping.spark_job manual__2024-10-16T21:06:45.150027+00:00 [running]> on host cc66b6895e01
[2024-10-16T21:06:46.820+0000] {taskinstance.py:3131} INFO - Exporting env vars: AIRFLOW_CTX_DAG_OWNER='***' AIRFLOW_CTX_DAG_ID='LoadWebScraping' AIRFLOW_CTX_TASK_ID='spark_job' AIRFLOW_CTX_EXECUTION_DATE='2024-10-16T21:06:45.150027+00:00' AIRFLOW_CTX_TRY_NUMBER='1' AIRFLOW_CTX_DAG_RUN_ID='manual__2024-10-16T21:06:45.150027+00:00'
[2024-10-16T21:06:46.821+0000] {taskinstance.py:731} INFO - ::endgroup::
[2024-10-16T21:06:46.842+0000] {spark_submit.py:304} INFO - Could not load connection string spark_default, defaulting to yarn
[2024-10-16T21:06:46.844+0000] {spark_submit.py:473} INFO - Spark-Submit cmd: spark-submit --master yarn --driver-class-path /opt/***/jars/postgresql-42.5.0.jar --jars /opt/***/jars/postgresql-42.5.0.jar --packages org.postgresql:postgresql:42.5.0 --name arrow-spark /opt/bitnami/spark/src/scripts_spark/LoadFileToDB.py
[2024-10-16T21:06:48.269+0000] {spark_submit.py:634} INFO - :: loading settings :: url = jar:file:/home/***/.local/lib/python3.12/site-packages/pyspark/jars/ivy-2.5.1.jar!/org/apache/ivy/core/settings/ivysettings.xml
[2024-10-16T21:06:48.334+0000] {spark_submit.py:634} INFO - Ivy Default Cache set to: /home/***/.ivy2/cache
[2024-10-16T21:06:48.335+0000] {spark_submit.py:634} INFO - The jars for the packages stored in: /home/***/.ivy2/jars
[2024-10-16T21:06:48.344+0000] {spark_submit.py:634} INFO - org.postgresql#postgresql added as a dependency
[2024-10-16T21:06:48.345+0000] {spark_submit.py:634} INFO - :: resolving dependencies :: org.apache.spark#spark-submit-parent-83e9958d-8499-40fe-a523-d27faec16585;1.0
[2024-10-16T21:06:48.345+0000] {spark_submit.py:634} INFO - confs: [default]
[2024-10-16T21:06:48.426+0000] {spark_submit.py:634} INFO - found org.postgresql#postgresql;42.5.0 in central
[2024-10-16T21:06:48.443+0000] {spark_submit.py:634} INFO - found org.checkerframework#checker-qual;3.5.0 in central
[2024-10-16T21:06:48.457+0000] {spark_submit.py:634} INFO - :: resolution report :: resolve 108ms :: artifacts dl 4ms
[2024-10-16T21:06:48.457+0000] {spark_submit.py:634} INFO - :: modules in use:
[2024-10-16T21:06:48.458+0000] {spark_submit.py:634} INFO - org.checkerframework#checker-qual;3.5.0 from central in [default]
[2024-10-16T21:06:48.458+0000] {spark_submit.py:634} INFO - org.postgresql#postgresql;42.5.0 from central in [default]
[2024-10-16T21:06:48.459+0000] {spark_submit.py:634} INFO - ---------------------------------------------------------------------
[2024-10-16T21:06:48.459+0000] {spark_submit.py:634} INFO - |                  |            modules            ||   artifacts   |
[2024-10-16T21:06:48.459+0000] {spark_submit.py:634} INFO - |       conf       | number| search|dwnlded|evicted|| number|dwnlded|
[2024-10-16T21:06:48.460+0000] {spark_submit.py:634} INFO - ---------------------------------------------------------------------
[2024-10-16T21:06:48.460+0000] {spark_submit.py:634} INFO - |      default     |   2   |   0   |   0   |   0   ||   2   |   0   |
[2024-10-16T21:06:48.461+0000] {spark_submit.py:634} INFO - ---------------------------------------------------------------------
[2024-10-16T21:06:48.461+0000] {spark_submit.py:634} INFO - :: retrieving :: org.apache.spark#spark-submit-parent-83e9958d-8499-40fe-a523-d27faec16585
[2024-10-16T21:06:48.462+0000] {spark_submit.py:634} INFO - confs: [default]
[2024-10-16T21:06:48.463+0000] {spark_submit.py:634} INFO - 0 artifacts copied, 2 already retrieved (0kB/4ms)
[2024-10-16T21:06:48.609+0000] {spark_submit.py:634} INFO - 24/10/16 21:06:48 WARN NativeCodeLoader: Unable to load native-hadoop library for your platform... using builtin-java classes where applicable
[2024-10-16T21:06:49.972+0000] {spark_submit.py:634} INFO - 24/10/16 21:06:49 INFO SparkContext: Running Spark version 3.5.2
[2024-10-16T21:06:49.973+0000] {spark_submit.py:634} INFO - 24/10/16 21:06:49 INFO SparkContext: OS info Linux, 5.15.153.1-microsoft-standard-WSL2, amd64
[2024-10-16T21:06:49.973+0000] {spark_submit.py:634} INFO - 24/10/16 21:06:49 INFO SparkContext: Java version 17.0.12
[2024-10-16T21:06:49.996+0000] {spark_submit.py:634} INFO - 24/10/16 21:06:49 INFO ResourceUtils: ==============================================================
[2024-10-16T21:06:49.997+0000] {spark_submit.py:634} INFO - 24/10/16 21:06:49 INFO ResourceUtils: No custom resources configured for spark.driver.
[2024-10-16T21:06:49.997+0000] {spark_submit.py:634} INFO - 24/10/16 21:06:49 INFO ResourceUtils: ==============================================================
[2024-10-16T21:06:49.998+0000] {spark_submit.py:634} INFO - 24/10/16 21:06:49 INFO SparkContext: Submitted application: Exemplo
[2024-10-16T21:06:50.023+0000] {spark_submit.py:634} INFO - 24/10/16 21:06:50 INFO ResourceProfile: Default ResourceProfile created, executor resources: Map(cores -> name: cores, amount: 1, script: , vendor: , memory -> name: memory, amount: 1024, script: , vendor: , offHeap -> name: offHeap, amount: 0, script: , vendor: ), task resources: Map(cpus -> name: cpus, amount: 1.0)
[2024-10-16T21:06:50.031+0000] {spark_submit.py:634} INFO - 24/10/16 21:06:50 INFO ResourceProfile: Limiting resource is cpu
[2024-10-16T21:06:50.033+0000] {spark_submit.py:634} INFO - 24/10/16 21:06:50 INFO ResourceProfileManager: Added ResourceProfile id: 0
[2024-10-16T21:06:50.083+0000] {spark_submit.py:634} INFO - 24/10/16 21:06:50 INFO SecurityManager: Changing view acls to: ***
[2024-10-16T21:06:50.083+0000] {spark_submit.py:634} INFO - 24/10/16 21:06:50 INFO SecurityManager: Changing modify acls to: ***
[2024-10-16T21:06:50.087+0000] {spark_submit.py:634} INFO - 24/10/16 21:06:50 INFO SecurityManager: Changing view acls groups to:
[2024-10-16T21:06:50.087+0000] {spark_submit.py:634} INFO - 24/10/16 21:06:50 INFO SecurityManager: Changing modify acls groups to:
[2024-10-16T21:06:50.088+0000] {spark_submit.py:634} INFO - 24/10/16 21:06:50 INFO SecurityManager: SecurityManager: authentication disabled; ui acls disabled; users with view permissions: ***; groups with view permissions: EMPTY; users with modify permissions: ***; groups with modify permissions: EMPTY
[2024-10-16T21:06:50.306+0000] {spark_submit.py:634} INFO - 24/10/16 21:06:50 INFO Utils: Successfully started service 'sparkDriver' on port 40099.
[2024-10-16T21:06:50.343+0000] {spark_submit.py:634} INFO - 24/10/16 21:06:50 INFO SparkEnv: Registering MapOutputTracker
[2024-10-16T21:06:50.394+0000] {spark_submit.py:634} INFO - 24/10/16 21:06:50 INFO SparkEnv: Registering BlockManagerMaster
[2024-10-16T21:06:50.420+0000] {spark_submit.py:634} INFO - 24/10/16 21:06:50 INFO BlockManagerMasterEndpoint: Using org.apache.spark.storage.DefaultTopologyMapper for getting topology information
[2024-10-16T21:06:50.422+0000] {spark_submit.py:634} INFO - 24/10/16 21:06:50 INFO BlockManagerMasterEndpoint: BlockManagerMasterEndpoint up
[2024-10-16T21:06:50.428+0000] {spark_submit.py:634} INFO - 24/10/16 21:06:50 INFO SparkEnv: Registering BlockManagerMasterHeartbeat
[2024-10-16T21:06:50.448+0000] {spark_submit.py:634} INFO - 24/10/16 21:06:50 INFO DiskBlockManager: Created local directory at /tmp/blockmgr-846f7ecb-6d07-487c-87c8-fc1b03704374
[2024-10-16T21:06:50.461+0000] {spark_submit.py:634} INFO - 24/10/16 21:06:50 INFO MemoryStore: MemoryStore started with capacity 434.4 MiB
[2024-10-16T21:06:50.475+0000] {spark_submit.py:634} INFO - 24/10/16 21:06:50 INFO SparkEnv: Registering OutputCommitCoordinator
[2024-10-16T21:06:50.621+0000] {spark_submit.py:634} INFO - 24/10/16 21:06:50 INFO JettyUtils: Start Jetty 0.0.0.0:4040 for SparkUI
[2024-10-16T21:06:50.689+0000] {spark_submit.py:634} INFO - 24/10/16 21:06:50 INFO Utils: Successfully started service 'SparkUI' on port 4040.
[2024-10-16T21:06:50.749+0000] {spark_submit.py:634} INFO - 24/10/16 21:06:50 INFO SparkContext: Added JAR /opt/bitnami/spark/jars/postgresql-42.5.0.jar at spark://cc66b6895e01:40099/jars/postgresql-42.5.0.jar with timestamp 1729112809964
[2024-10-16T21:06:50.831+0000] {spark_submit.py:634} INFO - 24/10/16 21:06:50 INFO Executor: Starting executor ID driver on host cc66b6895e01
[2024-10-16T21:06:50.832+0000] {spark_submit.py:634} INFO - 24/10/16 21:06:50 INFO Executor: OS info Linux, 5.15.153.1-microsoft-standard-WSL2, amd64
[2024-10-16T21:06:50.832+0000] {spark_submit.py:634} INFO - 24/10/16 21:06:50 INFO Executor: Java version 17.0.12
[2024-10-16T21:06:50.839+0000] {spark_submit.py:634} INFO - 24/10/16 21:06:50 INFO Executor: Starting executor with user classpath (userClassPathFirst = false): ''
[2024-10-16T21:06:50.840+0000] {spark_submit.py:634} INFO - 24/10/16 21:06:50 INFO Executor: Created or updated repl class loader org.apache.spark.util.MutableURLClassLoader@11cf427d for default.
[2024-10-16T21:06:50.850+0000] {spark_submit.py:634} INFO - 24/10/16 21:06:50 INFO Executor: Fetching spark://cc66b6895e01:40099/jars/postgresql-42.5.0.jar with timestamp 1729112809964
[2024-10-16T21:06:50.892+0000] {spark_submit.py:634} INFO - 24/10/16 21:06:50 INFO TransportClientFactory: Successfully created connection to cc66b6895e01/172.18.0.9:40099 after 23 ms (0 ms spent in bootstraps)
[2024-10-16T21:06:50.897+0000] {spark_submit.py:634} INFO - 24/10/16 21:06:50 INFO Utils: Fetching spark://cc66b6895e01:40099/jars/postgresql-42.5.0.jar to /tmp/spark-551bc72b-7536-4d95-9f54-e89f6d69eec0/userFiles-418119a8-766f-464b-92d3-f62dcafde1d0/fetchFileTemp16246145939815642568.tmp
[2024-10-16T21:06:50.943+0000] {spark_submit.py:634} INFO - 24/10/16 21:06:50 INFO Executor: Adding file:/tmp/spark-551bc72b-7536-4d95-9f54-e89f6d69eec0/userFiles-418119a8-766f-464b-92d3-f62dcafde1d0/postgresql-42.5.0.jar to class loader default
[2024-10-16T21:06:50.956+0000] {spark_submit.py:634} INFO - 24/10/16 21:06:50 INFO Utils: Successfully started service 'org.apache.spark.network.netty.NettyBlockTransferService' on port 42109.
[2024-10-16T21:06:50.956+0000] {spark_submit.py:634} INFO - 24/10/16 21:06:50 INFO NettyBlockTransferService: Server created on cc66b6895e01:42109
[2024-10-16T21:06:50.959+0000] {spark_submit.py:634} INFO - 24/10/16 21:06:50 INFO BlockManager: Using org.apache.spark.storage.RandomBlockReplicationPolicy for block replication policy
[2024-10-16T21:06:50.965+0000] {spark_submit.py:634} INFO - 24/10/16 21:06:50 INFO BlockManagerMaster: Registering BlockManager BlockManagerId(driver, cc66b6895e01, 42109, None)
[2024-10-16T21:06:50.969+0000] {spark_submit.py:634} INFO - 24/10/16 21:06:50 INFO BlockManagerMasterEndpoint: Registering block manager cc66b6895e01:42109 with 434.4 MiB RAM, BlockManagerId(driver, cc66b6895e01, 42109, None)
[2024-10-16T21:06:50.974+0000] {spark_submit.py:634} INFO - 24/10/16 21:06:50 INFO BlockManagerMaster: Registered BlockManager BlockManagerId(driver, cc66b6895e01, 42109, None)
[2024-10-16T21:06:50.974+0000] {spark_submit.py:634} INFO - 24/10/16 21:06:50 INFO BlockManager: Initialized BlockManager: BlockManagerId(driver, cc66b6895e01, 42109, None)
[2024-10-16T21:06:51.348+0000] {spark_submit.py:634} INFO - 24/10/16 21:06:51 INFO SharedState: Setting hive.metastore.warehouse.dir ('null') to the value of spark.sql.warehouse.dir.
[2024-10-16T21:06:51.350+0000] {spark_submit.py:634} INFO - 24/10/16 21:06:51 INFO SharedState: Warehouse path is 'file:/opt/***/spark-warehouse'.
[2024-10-16T21:06:52.085+0000] {spark_submit.py:634} INFO - 24/10/16 21:06:52 INFO InMemoryFileIndex: It took 80 ms to list leaf files for 1 paths.
[2024-10-16T21:06:52.606+0000] {spark_submit.py:634} INFO - 24/10/16 21:06:52 INFO SparkContext: Starting job: parquet at NativeMethodAccessorImpl.java:0
[2024-10-16T21:06:52.634+0000] {spark_submit.py:634} INFO - 24/10/16 21:06:52 INFO DAGScheduler: Got job 0 (parquet at NativeMethodAccessorImpl.java:0) with 1 output partitions
[2024-10-16T21:06:52.636+0000] {spark_submit.py:634} INFO - 24/10/16 21:06:52 INFO DAGScheduler: Final stage: ResultStage 0 (parquet at NativeMethodAccessorImpl.java:0)
[2024-10-16T21:06:52.638+0000] {spark_submit.py:634} INFO - 24/10/16 21:06:52 INFO DAGScheduler: Parents of final stage: List()
[2024-10-16T21:06:52.639+0000] {spark_submit.py:634} INFO - 24/10/16 21:06:52 INFO DAGScheduler: Missing parents: List()
[2024-10-16T21:06:52.643+0000] {spark_submit.py:634} INFO - 24/10/16 21:06:52 INFO DAGScheduler: Submitting ResultStage 0 (MapPartitionsRDD[1] at parquet at NativeMethodAccessorImpl.java:0), which has no missing parents
[2024-10-16T21:06:52.721+0000] {spark_submit.py:634} INFO - 24/10/16 21:06:52 INFO MemoryStore: Block broadcast_0 stored as values in memory (estimated size 104.5 KiB, free 434.3 MiB)
[2024-10-16T21:06:52.750+0000] {spark_submit.py:634} INFO - 24/10/16 21:06:52 INFO MemoryStore: Block broadcast_0_piece0 stored as bytes in memory (estimated size 37.7 KiB, free 434.3 MiB)
[2024-10-16T21:06:52.753+0000] {spark_submit.py:634} INFO - 24/10/16 21:06:52 INFO BlockManagerInfo: Added broadcast_0_piece0 in memory on cc66b6895e01:42109 (size: 37.7 KiB, free: 434.4 MiB)
[2024-10-16T21:06:52.756+0000] {spark_submit.py:634} INFO - 24/10/16 21:06:52 INFO SparkContext: Created broadcast 0 from broadcast at DAGScheduler.scala:1585
[2024-10-16T21:06:52.775+0000] {spark_submit.py:634} INFO - 24/10/16 21:06:52 INFO DAGScheduler: Submitting 1 missing tasks from ResultStage 0 (MapPartitionsRDD[1] at parquet at NativeMethodAccessorImpl.java:0) (first 15 tasks are for partitions Vector(0))
[2024-10-16T21:06:52.776+0000] {spark_submit.py:634} INFO - 24/10/16 21:06:52 INFO TaskSchedulerImpl: Adding task set 0.0 with 1 tasks resource profile 0
[2024-10-16T21:06:52.827+0000] {spark_submit.py:634} INFO - 24/10/16 21:06:52 INFO TaskSetManager: Starting task 0.0 in stage 0.0 (TID 0) (cc66b6895e01, executor driver, partition 0, PROCESS_LOCAL, 9378 bytes)
[2024-10-16T21:06:52.838+0000] {spark_submit.py:634} INFO - 24/10/16 21:06:52 INFO Executor: Running task 0.0 in stage 0.0 (TID 0)
[2024-10-16T21:06:53.243+0000] {spark_submit.py:634} INFO - 24/10/16 21:06:53 INFO Executor: Finished task 0.0 in stage 0.0 (TID 0). 1706 bytes result sent to driver
[2024-10-16T21:06:53.252+0000] {spark_submit.py:634} INFO - 24/10/16 21:06:53 INFO TaskSetManager: Finished task 0.0 in stage 0.0 (TID 0) in 445 ms on cc66b6895e01 (executor driver) (1/1)
[2024-10-16T21:06:53.254+0000] {spark_submit.py:634} INFO - 24/10/16 21:06:53 INFO TaskSchedulerImpl: Removed TaskSet 0.0, whose tasks have all completed, from pool
[2024-10-16T21:06:53.259+0000] {spark_submit.py:634} INFO - 24/10/16 21:06:53 INFO DAGScheduler: ResultStage 0 (parquet at NativeMethodAccessorImpl.java:0) finished in 0.600 s
[2024-10-16T21:06:53.262+0000] {spark_submit.py:634} INFO - 24/10/16 21:06:53 INFO DAGScheduler: Job 0 is finished. Cancelling potential speculative or zombie tasks for this job
[2024-10-16T21:06:53.263+0000] {spark_submit.py:634} INFO - 24/10/16 21:06:53 INFO TaskSchedulerImpl: Killing all running tasks in stage 0: Stage finished
[2024-10-16T21:06:53.265+0000] {spark_submit.py:634} INFO - 24/10/16 21:06:53 INFO DAGScheduler: Job 0 finished: parquet at NativeMethodAccessorImpl.java:0, took 0.658022 s
[2024-10-16T21:06:53.633+0000] {spark_submit.py:634} INFO - 24/10/16 21:06:53 INFO BlockManagerInfo: Removed broadcast_0_piece0 on cc66b6895e01:42109 in memory (size: 37.7 KiB, free: 434.4 MiB)
[2024-10-16T21:06:54.134+0000] {spark_submit.py:634} INFO - 24/10/16 21:06:54 INFO FileSourceStrategy: Pushed Filters:
[2024-10-16T21:06:54.135+0000] {spark_submit.py:634} INFO - 24/10/16 21:06:54 INFO FileSourceStrategy: Post-Scan Filters:
[2024-10-16T21:06:54.426+0000] {spark_submit.py:634} INFO - 24/10/16 21:06:54 INFO CodeGenerator: Code generated in 165.0834 ms
[2024-10-16T21:06:54.451+0000] {spark_submit.py:634} INFO - 24/10/16 21:06:54 INFO MemoryStore: Block broadcast_1 stored as values in memory (estimated size 202.6 KiB, free 434.2 MiB)
[2024-10-16T21:06:54.460+0000] {spark_submit.py:634} INFO - 24/10/16 21:06:54 INFO MemoryStore: Block broadcast_1_piece0 stored as bytes in memory (estimated size 35.3 KiB, free 434.2 MiB)
[2024-10-16T21:06:54.461+0000] {spark_submit.py:634} INFO - 24/10/16 21:06:54 INFO BlockManagerInfo: Added broadcast_1_piece0 in memory on cc66b6895e01:42109 (size: 35.3 KiB, free: 434.4 MiB)
[2024-10-16T21:06:54.462+0000] {spark_submit.py:634} INFO - 24/10/16 21:06:54 INFO SparkContext: Created broadcast 1 from showString at NativeMethodAccessorImpl.java:0
[2024-10-16T21:06:54.476+0000] {spark_submit.py:634} INFO - 24/10/16 21:06:54 INFO FileSourceScanExec: Planning scan with bin packing, max size: 4195481 bytes, open cost is considered as scanning 4194304 bytes.
[2024-10-16T21:06:54.505+0000] {spark_submit.py:634} INFO - 24/10/16 21:06:54 INFO SparkContext: Starting job: showString at NativeMethodAccessorImpl.java:0
[2024-10-16T21:06:54.506+0000] {spark_submit.py:634} INFO - 24/10/16 21:06:54 INFO DAGScheduler: Got job 1 (showString at NativeMethodAccessorImpl.java:0) with 1 output partitions
[2024-10-16T21:06:54.506+0000] {spark_submit.py:634} INFO - 24/10/16 21:06:54 INFO DAGScheduler: Final stage: ResultStage 1 (showString at NativeMethodAccessorImpl.java:0)
[2024-10-16T21:06:54.507+0000] {spark_submit.py:634} INFO - 24/10/16 21:06:54 INFO DAGScheduler: Parents of final stage: List()
[2024-10-16T21:06:54.507+0000] {spark_submit.py:634} INFO - 24/10/16 21:06:54 INFO DAGScheduler: Missing parents: List()
[2024-10-16T21:06:54.508+0000] {spark_submit.py:634} INFO - 24/10/16 21:06:54 INFO DAGScheduler: Submitting ResultStage 1 (MapPartitionsRDD[5] at showString at NativeMethodAccessorImpl.java:0), which has no missing parents
[2024-10-16T21:06:54.527+0000] {spark_submit.py:634} INFO - 24/10/16 21:06:54 INFO MemoryStore: Block broadcast_2 stored as values in memory (estimated size 14.1 KiB, free 434.2 MiB)
[2024-10-16T21:06:54.533+0000] {spark_submit.py:634} INFO - 24/10/16 21:06:54 INFO MemoryStore: Block broadcast_2_piece0 stored as bytes in memory (estimated size 6.2 KiB, free 434.1 MiB)
[2024-10-16T21:06:54.541+0000] {spark_submit.py:634} INFO - 24/10/16 21:06:54 INFO BlockManagerInfo: Added broadcast_2_piece0 in memory on cc66b6895e01:42109 (size: 6.2 KiB, free: 434.4 MiB)
[2024-10-16T21:06:54.565+0000] {spark_submit.py:634} INFO - 24/10/16 21:06:54 INFO SparkContext: Created broadcast 2 from broadcast at DAGScheduler.scala:1585
[2024-10-16T21:06:54.566+0000] {spark_submit.py:634} INFO - 24/10/16 21:06:54 INFO DAGScheduler: Submitting 1 missing tasks from ResultStage 1 (MapPartitionsRDD[5] at showString at NativeMethodAccessorImpl.java:0) (first 15 tasks are for partitions Vector(0))
[2024-10-16T21:06:54.567+0000] {spark_submit.py:634} INFO - 24/10/16 21:06:54 INFO TaskSchedulerImpl: Adding task set 1.0 with 1 tasks resource profile 0
[2024-10-16T21:06:54.568+0000] {spark_submit.py:634} INFO - 24/10/16 21:06:54 INFO TaskSetManager: Starting task 0.0 in stage 1.0 (TID 1) (cc66b6895e01, executor driver, partition 0, PROCESS_LOCAL, 9885 bytes)
[2024-10-16T21:06:54.569+0000] {spark_submit.py:634} INFO - 24/10/16 21:06:54 INFO Executor: Running task 0.0 in stage 1.0 (TID 1)
[2024-10-16T21:06:54.622+0000] {spark_submit.py:634} INFO - 24/10/16 21:06:54 INFO CodeGenerator: Code generated in 12.422279 ms
[2024-10-16T21:06:54.625+0000] {spark_submit.py:634} INFO - 24/10/16 21:06:54 INFO FileScanRDD: Reading File path: file:///opt/***/datalake/silverzone/pichau_2024-10-16/dim_marca.parquet/part-00000-a1f91b58-8964-4ceb-ae65-2ba4926f5517-c000.snappy.parquet, range: 0-1177, partition values: [empty row]
[2024-10-16T21:06:54.746+0000] {spark_submit.py:634} INFO - 24/10/16 21:06:54 INFO CodecPool: Got brand-new decompressor [.snappy]
[2024-10-16T21:06:54.860+0000] {spark_submit.py:634} INFO - 24/10/16 21:06:54 INFO Executor: Finished task 0.0 in stage 1.0 (TID 1). 2162 bytes result sent to driver
[2024-10-16T21:06:54.862+0000] {spark_submit.py:634} INFO - 24/10/16 21:06:54 INFO TaskSetManager: Finished task 0.0 in stage 1.0 (TID 1) in 321 ms on cc66b6895e01 (executor driver) (1/1)
[2024-10-16T21:06:54.862+0000] {spark_submit.py:634} INFO - 24/10/16 21:06:54 INFO TaskSchedulerImpl: Removed TaskSet 1.0, whose tasks have all completed, from pool
[2024-10-16T21:06:54.863+0000] {spark_submit.py:634} INFO - 24/10/16 21:06:54 INFO DAGScheduler: ResultStage 1 (showString at NativeMethodAccessorImpl.java:0) finished in 0.354 s
[2024-10-16T21:06:54.864+0000] {spark_submit.py:634} INFO - 24/10/16 21:06:54 INFO DAGScheduler: Job 1 is finished. Cancelling potential speculative or zombie tasks for this job
[2024-10-16T21:06:54.864+0000] {spark_submit.py:634} INFO - 24/10/16 21:06:54 INFO TaskSchedulerImpl: Killing all running tasks in stage 1: Stage finished
[2024-10-16T21:06:54.865+0000] {spark_submit.py:634} INFO - 24/10/16 21:06:54 INFO DAGScheduler: Job 1 finished: showString at NativeMethodAccessorImpl.java:0, took 0.359033 s
[2024-10-16T21:06:55.527+0000] {spark_submit.py:634} INFO - 24/10/16 21:06:55 INFO BlockManagerInfo: Removed broadcast_2_piece0 on cc66b6895e01:42109 in memory (size: 6.2 KiB, free: 434.4 MiB)
[2024-10-16T21:06:55.747+0000] {spark_submit.py:634} INFO - 24/10/16 21:06:55 INFO CodeGenerator: Code generated in 11.256725 ms
[2024-10-16T21:06:55.755+0000] {spark_submit.py:634} INFO - +--------------------+
[2024-10-16T21:06:55.756+0000] {spark_submit.py:634} INFO - |               marca|
[2024-10-16T21:06:55.757+0000] {spark_submit.py:634} INFO - +--------------------+
[2024-10-16T21:06:55.760+0000] {spark_submit.py:634} INFO - |            SAPPHIRE|
[2024-10-16T21:06:55.761+0000] {spark_submit.py:634} INFO - |            NOT_INFO|
[2024-10-16T21:06:55.762+0000] {spark_submit.py:634} INFO - |                 PNY|
[2024-10-16T21:06:55.763+0000] {spark_submit.py:634} INFO - |                 AMD|
[2024-10-16T21:06:55.763+0000] {spark_submit.py:634} INFO - |               PCYES|
[2024-10-16T21:06:55.763+0000] {spark_submit.py:634} INFO - |              ASROCK|
[2024-10-16T21:06:55.764+0000] {spark_submit.py:634} INFO - |PROCESSADOR AMD R...|
[2024-10-16T21:06:55.764+0000] {spark_submit.py:634} INFO - |PROCESSADOR INTEL...|
[2024-10-16T21:06:55.764+0000] {spark_submit.py:634} INFO - |PROCESSADOR AMD R...|
[2024-10-16T21:06:55.765+0000] {spark_submit.py:634} INFO - |PROCESSADOR AMD R...|
[2024-10-16T21:06:55.765+0000] {spark_submit.py:634} INFO - |PROCESSADOR INTEL...|
[2024-10-16T21:06:55.765+0000] {spark_submit.py:634} INFO - |PROCESSADOR AMD R...|
[2024-10-16T21:06:55.766+0000] {spark_submit.py:634} INFO - |PROCESSADOR AMD R...|
[2024-10-16T21:06:55.766+0000] {spark_submit.py:634} INFO - |PROCESSADOR AMD R...|
[2024-10-16T21:06:55.766+0000] {spark_submit.py:634} INFO - |PROCESSADOR AMD R...|
[2024-10-16T21:06:55.767+0000] {spark_submit.py:634} INFO - |PROCESSADOR AMD R...|
[2024-10-16T21:06:55.767+0000] {spark_submit.py:634} INFO - |PROCESSADOR AMD R...|
[2024-10-16T21:06:55.767+0000] {spark_submit.py:634} INFO - |PROCESSADOR INTEL...|
[2024-10-16T21:06:55.767+0000] {spark_submit.py:634} INFO - |PROCESSADOR INTEL...|
[2024-10-16T21:06:55.768+0000] {spark_submit.py:634} INFO - |PROCESSADOR INTEL...|
[2024-10-16T21:06:55.768+0000] {spark_submit.py:634} INFO - +--------------------+
[2024-10-16T21:06:55.768+0000] {spark_submit.py:634} INFO - only showing top 20 rows
[2024-10-16T21:06:55.769+0000] {spark_submit.py:634} INFO - 
[2024-10-16T21:06:55.810+0000] {spark_submit.py:634} INFO - 24/10/16 21:06:55 INFO SparkContext: Invoking stop() from shutdown hook
[2024-10-16T21:06:55.814+0000] {spark_submit.py:634} INFO - 24/10/16 21:06:55 INFO SparkContext: SparkContext is stopping with exitCode 0.
[2024-10-16T21:06:55.826+0000] {spark_submit.py:634} INFO - 24/10/16 21:06:55 INFO SparkUI: Stopped Spark web UI at http://cc66b6895e01:4040
[2024-10-16T21:06:55.836+0000] {spark_submit.py:634} INFO - 24/10/16 21:06:55 INFO MapOutputTrackerMasterEndpoint: MapOutputTrackerMasterEndpoint stopped!
[2024-10-16T21:06:55.845+0000] {spark_submit.py:634} INFO - 24/10/16 21:06:55 INFO MemoryStore: MemoryStore cleared
[2024-10-16T21:06:55.846+0000] {spark_submit.py:634} INFO - 24/10/16 21:06:55 INFO BlockManager: BlockManager stopped
[2024-10-16T21:06:55.848+0000] {spark_submit.py:634} INFO - 24/10/16 21:06:55 INFO BlockManagerMaster: BlockManagerMaster stopped
[2024-10-16T21:06:55.850+0000] {spark_submit.py:634} INFO - 24/10/16 21:06:55 INFO OutputCommitCoordinator$OutputCommitCoordinatorEndpoint: OutputCommitCoordinator stopped!
[2024-10-16T21:06:55.856+0000] {spark_submit.py:634} INFO - 24/10/16 21:06:55 INFO SparkContext: Successfully stopped SparkContext
[2024-10-16T21:06:55.857+0000] {spark_submit.py:634} INFO - 24/10/16 21:06:55 INFO ShutdownHookManager: Shutdown hook called
[2024-10-16T21:06:55.858+0000] {spark_submit.py:634} INFO - 24/10/16 21:06:55 INFO ShutdownHookManager: Deleting directory /tmp/spark-551bc72b-7536-4d95-9f54-e89f6d69eec0
[2024-10-16T21:06:55.862+0000] {spark_submit.py:634} INFO - 24/10/16 21:06:55 INFO ShutdownHookManager: Deleting directory /tmp/spark-1339ed09-8806-4963-9af5-5eb9070c6b2c
[2024-10-16T21:06:55.866+0000] {spark_submit.py:634} INFO - 24/10/16 21:06:55 INFO ShutdownHookManager: Deleting directory /tmp/spark-551bc72b-7536-4d95-9f54-e89f6d69eec0/pyspark-715b198c-7191-4727-b4e2-2a3cb44776f0
[2024-10-16T21:06:55.904+0000] {taskinstance.py:340} INFO - ::group::Post task execution logs
[2024-10-16T21:06:55.904+0000] {taskinstance.py:352} INFO - Marking task as SUCCESS. dag_id=LoadWebScraping, task_id=spark_job, run_id=manual__2024-10-16T21:06:45.150027+00:00, execution_date=20241016T210645, start_date=20241016T210646, end_date=20241016T210655
[2024-10-16T21:06:55.976+0000] {local_task_job_runner.py:266} INFO - Task exited with return code 0
[2024-10-16T21:06:56.006+0000] {taskinstance.py:3900} INFO - 0 downstream tasks scheduled from follow-on schedule check
[2024-10-16T21:06:56.011+0000] {local_task_job_runner.py:245} INFO - ::endgroup::
