[2024-09-22T12:26:31.834+0000] {local_task_job_runner.py:123} INFO - ::group::Pre task execution logs
[2024-09-22T12:26:31.850+0000] {taskinstance.py:2612} INFO - Dependencies all met for dep_context=non-requeueable deps ti=<TaskInstance: spark_example_dag.submit_spark_job manual__2024-09-22T12:26:30.754848+00:00 [queued]>
[2024-09-22T12:26:31.860+0000] {taskinstance.py:2612} INFO - Dependencies all met for dep_context=requeueable deps ti=<TaskInstance: spark_example_dag.submit_spark_job manual__2024-09-22T12:26:30.754848+00:00 [queued]>
[2024-09-22T12:26:31.861+0000] {taskinstance.py:2865} INFO - Starting attempt 1 of 1
[2024-09-22T12:26:31.877+0000] {taskinstance.py:2888} INFO - Executing <Task(SparkSubmitOperator): submit_spark_job> on 2024-09-22 12:26:30.754848+00:00
[2024-09-22T12:26:31.881+0000] {warnings.py:112} WARNING - /home/***/.local/lib/python3.12/site-packages/***/task/task_runner/standard_task_runner.py:70: DeprecationWarning: This process (pid=247) is multi-threaded, use of fork() may lead to deadlocks in the child.
  pid = os.fork()

[2024-09-22T12:26:31.882+0000] {standard_task_runner.py:72} INFO - Started process 248 to run task
[2024-09-22T12:26:31.882+0000] {standard_task_runner.py:104} INFO - Running: ['***', 'tasks', 'run', 'spark_example_dag', 'submit_spark_job', 'manual__2024-09-22T12:26:30.754848+00:00', '--job-id', '54', '--raw', '--subdir', 'DAGS_FOLDER/jobsSpark.py', '--cfg-path', '/tmp/tmpdixhrucm']
[2024-09-22T12:26:31.884+0000] {standard_task_runner.py:105} INFO - Job 54: Subtask submit_spark_job
[2024-09-22T12:26:31.927+0000] {task_command.py:467} INFO - Running <TaskInstance: spark_example_dag.submit_spark_job manual__2024-09-22T12:26:30.754848+00:00 [running]> on host 07815e33321d
[2024-09-22T12:26:32.005+0000] {taskinstance.py:3131} INFO - Exporting env vars: AIRFLOW_CTX_DAG_OWNER='***' AIRFLOW_CTX_DAG_ID='spark_example_dag' AIRFLOW_CTX_TASK_ID='submit_spark_job' AIRFLOW_CTX_EXECUTION_DATE='2024-09-22T12:26:30.754848+00:00' AIRFLOW_CTX_TRY_NUMBER='1' AIRFLOW_CTX_DAG_RUN_ID='manual__2024-09-22T12:26:30.754848+00:00'
[2024-09-22T12:26:32.006+0000] {taskinstance.py:731} INFO - ::endgroup::
[2024-09-22T12:26:32.028+0000] {base.py:84} INFO - Retrieving connection 'default'
[2024-09-22T12:26:32.030+0000] {spark_submit.py:403} INFO - Spark-Submit cmd: spark-submit --master spark://842f55c7b74e:7077 --executor-memory 2g --driver-memory 1g --name arrow-spark --deploy-mode client /opt/***/dags/my_spark_app.py
[2024-09-22T12:26:34.526+0000] {spark_submit.py:579} INFO - 24/09/22 12:26:34 INFO SparkContext: Running Spark version 3.5.0
[2024-09-22T12:26:34.527+0000] {spark_submit.py:579} INFO - 24/09/22 12:26:34 INFO SparkContext: OS info Linux, 5.15.153.1-microsoft-standard-WSL2, amd64
[2024-09-22T12:26:34.528+0000] {spark_submit.py:579} INFO - 24/09/22 12:26:34 INFO SparkContext: Java version 17.0.12
[2024-09-22T12:26:34.568+0000] {spark_submit.py:579} INFO - 24/09/22 12:26:34 WARN NativeCodeLoader: Unable to load native-hadoop library for your platform... using builtin-java classes where applicable
[2024-09-22T12:26:34.640+0000] {spark_submit.py:579} INFO - 24/09/22 12:26:34 INFO ResourceUtils: ==============================================================
[2024-09-22T12:26:34.641+0000] {spark_submit.py:579} INFO - 24/09/22 12:26:34 INFO ResourceUtils: No custom resources configured for spark.driver.
[2024-09-22T12:26:34.641+0000] {spark_submit.py:579} INFO - 24/09/22 12:26:34 INFO ResourceUtils: ==============================================================
[2024-09-22T12:26:34.643+0000] {spark_submit.py:579} INFO - 24/09/22 12:26:34 INFO SparkContext: Submitted application: Airflow Spark Example
[2024-09-22T12:26:34.662+0000] {spark_submit.py:579} INFO - 24/09/22 12:26:34 INFO ResourceProfile: Default ResourceProfile created, executor resources: Map(memory -> name: memory, amount: 2048, script: , vendor: , offHeap -> name: offHeap, amount: 0, script: , vendor: ), task resources: Map(cpus -> name: cpus, amount: 1.0)
[2024-09-22T12:26:34.669+0000] {spark_submit.py:579} INFO - 24/09/22 12:26:34 INFO ResourceProfile: Limiting resource is cpu
[2024-09-22T12:26:34.670+0000] {spark_submit.py:579} INFO - 24/09/22 12:26:34 INFO ResourceProfileManager: Added ResourceProfile id: 0
[2024-09-22T12:26:34.711+0000] {spark_submit.py:579} INFO - 24/09/22 12:26:34 INFO SecurityManager: Changing view acls to: ***
[2024-09-22T12:26:34.712+0000] {spark_submit.py:579} INFO - 24/09/22 12:26:34 INFO SecurityManager: Changing modify acls to: ***
[2024-09-22T12:26:34.713+0000] {spark_submit.py:579} INFO - 24/09/22 12:26:34 INFO SecurityManager: Changing view acls groups to:
[2024-09-22T12:26:34.713+0000] {spark_submit.py:579} INFO - 24/09/22 12:26:34 INFO SecurityManager: Changing modify acls groups to:
[2024-09-22T12:26:34.714+0000] {spark_submit.py:579} INFO - 24/09/22 12:26:34 INFO SecurityManager: SecurityManager: authentication disabled; ui acls disabled; users with view permissions: ***; groups with view permissions: EMPTY; users with modify permissions: ***; groups with modify permissions: EMPTY
[2024-09-22T12:26:34.917+0000] {spark_submit.py:579} INFO - 24/09/22 12:26:34 INFO Utils: Successfully started service 'sparkDriver' on port 45207.
[2024-09-22T12:26:34.944+0000] {spark_submit.py:579} INFO - 24/09/22 12:26:34 INFO SparkEnv: Registering MapOutputTracker
[2024-09-22T12:26:34.970+0000] {spark_submit.py:579} INFO - 24/09/22 12:26:34 INFO SparkEnv: Registering BlockManagerMaster
[2024-09-22T12:26:34.986+0000] {spark_submit.py:579} INFO - 24/09/22 12:26:34 INFO BlockManagerMasterEndpoint: Using org.apache.spark.storage.DefaultTopologyMapper for getting topology information
[2024-09-22T12:26:34.987+0000] {spark_submit.py:579} INFO - 24/09/22 12:26:34 INFO BlockManagerMasterEndpoint: BlockManagerMasterEndpoint up
[2024-09-22T12:26:34.990+0000] {spark_submit.py:579} INFO - 24/09/22 12:26:34 INFO SparkEnv: Registering BlockManagerMasterHeartbeat
[2024-09-22T12:26:35.011+0000] {spark_submit.py:579} INFO - 24/09/22 12:26:35 INFO DiskBlockManager: Created local directory at /tmp/blockmgr-df426694-c3c0-4ffe-ae24-4b2726fbfdee
[2024-09-22T12:26:35.022+0000] {spark_submit.py:579} INFO - 24/09/22 12:26:35 INFO MemoryStore: MemoryStore started with capacity 434.4 MiB
[2024-09-22T12:26:35.035+0000] {spark_submit.py:579} INFO - 24/09/22 12:26:35 INFO SparkEnv: Registering OutputCommitCoordinator
[2024-09-22T12:26:35.129+0000] {spark_submit.py:579} INFO - 24/09/22 12:26:35 INFO JettyUtils: Start Jetty 0.0.0.0:4040 for SparkUI
[2024-09-22T12:26:35.179+0000] {spark_submit.py:579} INFO - 24/09/22 12:26:35 INFO Utils: Successfully started service 'SparkUI' on port 4040.
[2024-09-22T12:26:35.286+0000] {spark_submit.py:579} INFO - 24/09/22 12:26:35 INFO StandaloneAppClient$ClientEndpoint: Connecting to master spark://842f55c7b74e:7077...
[2024-09-22T12:26:39.061+0000] {spark_submit.py:579} INFO - 24/09/22 12:26:39 WARN TransportClientFactory: DNS resolution failed for 842f55c7b74e/<unresolved>:7077 took 3761 ms
[2024-09-22T12:26:39.086+0000] {spark_submit.py:579} INFO - 24/09/22 12:26:39 WARN StandaloneAppClient$ClientEndpoint: Failed to connect to master 842f55c7b74e:7077
[2024-09-22T12:26:39.087+0000] {spark_submit.py:579} INFO - org.apache.spark.SparkException: Exception thrown in awaitResult:
[2024-09-22T12:26:39.088+0000] {spark_submit.py:579} INFO - at org.apache.spark.util.SparkThreadUtils$.awaitResult(SparkThreadUtils.scala:56)
[2024-09-22T12:26:39.088+0000] {spark_submit.py:579} INFO - at org.apache.spark.util.ThreadUtils$.awaitResult(ThreadUtils.scala:310)
[2024-09-22T12:26:39.088+0000] {spark_submit.py:579} INFO - at org.apache.spark.rpc.RpcTimeout.awaitResult(RpcTimeout.scala:75)
[2024-09-22T12:26:39.089+0000] {spark_submit.py:579} INFO - at org.apache.spark.rpc.RpcEnv.setupEndpointRefByURI(RpcEnv.scala:102)
[2024-09-22T12:26:39.089+0000] {spark_submit.py:579} INFO - at org.apache.spark.rpc.RpcEnv.setupEndpointRef(RpcEnv.scala:110)
[2024-09-22T12:26:39.090+0000] {spark_submit.py:579} INFO - at org.apache.spark.deploy.client.StandaloneAppClient$ClientEndpoint$$anon$1.run(StandaloneAppClient.scala:108)
[2024-09-22T12:26:39.090+0000] {spark_submit.py:579} INFO - at java.base/java.util.concurrent.Executors$RunnableAdapter.call(Executors.java:539)
[2024-09-22T12:26:39.091+0000] {spark_submit.py:579} INFO - at java.base/java.util.concurrent.FutureTask.run(FutureTask.java:264)
[2024-09-22T12:26:39.091+0000] {spark_submit.py:579} INFO - at java.base/java.util.concurrent.ThreadPoolExecutor.runWorker(ThreadPoolExecutor.java:1136)
[2024-09-22T12:26:39.091+0000] {spark_submit.py:579} INFO - at java.base/java.util.concurrent.ThreadPoolExecutor$Worker.run(ThreadPoolExecutor.java:635)
[2024-09-22T12:26:39.092+0000] {spark_submit.py:579} INFO - at java.base/java.lang.Thread.run(Thread.java:840)
[2024-09-22T12:26:39.092+0000] {spark_submit.py:579} INFO - Caused by: java.io.IOException: Failed to connect to 842f55c7b74e/<unresolved>:7077
[2024-09-22T12:26:39.093+0000] {spark_submit.py:579} INFO - at org.apache.spark.network.client.TransportClientFactory.createClient(TransportClientFactory.java:294)
[2024-09-22T12:26:39.093+0000] {spark_submit.py:579} INFO - at org.apache.spark.network.client.TransportClientFactory.createClient(TransportClientFactory.java:214)
[2024-09-22T12:26:39.093+0000] {spark_submit.py:579} INFO - at org.apache.spark.network.client.TransportClientFactory.createClient(TransportClientFactory.java:226)
[2024-09-22T12:26:39.094+0000] {spark_submit.py:579} INFO - at org.apache.spark.rpc.netty.NettyRpcEnv.createClient(NettyRpcEnv.scala:204)
[2024-09-22T12:26:39.094+0000] {spark_submit.py:579} INFO - at org.apache.spark.rpc.netty.Outbox$$anon$1.call(Outbox.scala:202)
[2024-09-22T12:26:39.094+0000] {spark_submit.py:579} INFO - at org.apache.spark.rpc.netty.Outbox$$anon$1.call(Outbox.scala:198)
[2024-09-22T12:26:39.095+0000] {spark_submit.py:579} INFO - ... 4 more
[2024-09-22T12:26:39.095+0000] {spark_submit.py:579} INFO - Caused by: java.net.UnknownHostException: 842f55c7b74e
[2024-09-22T12:26:39.095+0000] {spark_submit.py:579} INFO - at java.base/java.net.InetAddress$CachedAddresses.get(InetAddress.java:801)
[2024-09-22T12:26:39.096+0000] {spark_submit.py:579} INFO - at java.base/java.net.InetAddress.getAllByName0(InetAddress.java:1533)
[2024-09-22T12:26:39.096+0000] {spark_submit.py:579} INFO - at java.base/java.net.InetAddress.getAllByName(InetAddress.java:1385)
[2024-09-22T12:26:39.096+0000] {spark_submit.py:579} INFO - at java.base/java.net.InetAddress.getAllByName(InetAddress.java:1306)
[2024-09-22T12:26:39.097+0000] {spark_submit.py:579} INFO - at java.base/java.net.InetAddress.getByName(InetAddress.java:1256)
[2024-09-22T12:26:39.097+0000] {spark_submit.py:579} INFO - at io.netty.util.internal.SocketUtils$8.run(SocketUtils.java:156)
[2024-09-22T12:26:39.097+0000] {spark_submit.py:579} INFO - at io.netty.util.internal.SocketUtils$8.run(SocketUtils.java:153)
[2024-09-22T12:26:39.098+0000] {spark_submit.py:579} INFO - at java.base/java.security.AccessController.doPrivileged(AccessController.java:569)
[2024-09-22T12:26:39.098+0000] {spark_submit.py:579} INFO - at io.netty.util.internal.SocketUtils.addressByName(SocketUtils.java:153)
[2024-09-22T12:26:39.099+0000] {spark_submit.py:579} INFO - at io.netty.resolver.DefaultNameResolver.doResolve(DefaultNameResolver.java:41)
[2024-09-22T12:26:39.099+0000] {spark_submit.py:579} INFO - at io.netty.resolver.SimpleNameResolver.resolve(SimpleNameResolver.java:61)
[2024-09-22T12:26:39.099+0000] {spark_submit.py:579} INFO - at io.netty.resolver.SimpleNameResolver.resolve(SimpleNameResolver.java:53)
[2024-09-22T12:26:39.100+0000] {spark_submit.py:579} INFO - at io.netty.resolver.InetSocketAddressResolver.doResolve(InetSocketAddressResolver.java:55)
[2024-09-22T12:26:39.100+0000] {spark_submit.py:579} INFO - at io.netty.resolver.InetSocketAddressResolver.doResolve(InetSocketAddressResolver.java:31)
[2024-09-22T12:26:39.100+0000] {spark_submit.py:579} INFO - at io.netty.resolver.AbstractAddressResolver.resolve(AbstractAddressResolver.java:106)
[2024-09-22T12:26:39.101+0000] {spark_submit.py:579} INFO - at io.netty.bootstrap.Bootstrap.doResolveAndConnect0(Bootstrap.java:220)
[2024-09-22T12:26:39.101+0000] {spark_submit.py:579} INFO - at io.netty.bootstrap.Bootstrap.access$000(Bootstrap.java:46)
[2024-09-22T12:26:39.101+0000] {spark_submit.py:579} INFO - at io.netty.bootstrap.Bootstrap$1.operationComplete(Bootstrap.java:189)
[2024-09-22T12:26:39.101+0000] {spark_submit.py:579} INFO - at io.netty.bootstrap.Bootstrap$1.operationComplete(Bootstrap.java:175)
[2024-09-22T12:26:39.102+0000] {spark_submit.py:579} INFO - at io.netty.util.concurrent.DefaultPromise.notifyListener0(DefaultPromise.java:590)
[2024-09-22T12:26:39.102+0000] {spark_submit.py:579} INFO - at io.netty.util.concurrent.DefaultPromise.notifyListenersNow(DefaultPromise.java:557)
[2024-09-22T12:26:39.102+0000] {spark_submit.py:579} INFO - at io.netty.util.concurrent.DefaultPromise.notifyListeners(DefaultPromise.java:492)
[2024-09-22T12:26:39.103+0000] {spark_submit.py:579} INFO - at io.netty.util.concurrent.DefaultPromise.setValue0(DefaultPromise.java:636)
[2024-09-22T12:26:39.103+0000] {spark_submit.py:579} INFO - at io.netty.util.concurrent.DefaultPromise.setSuccess0(DefaultPromise.java:625)
[2024-09-22T12:26:39.103+0000] {spark_submit.py:579} INFO - at io.netty.util.concurrent.DefaultPromise.trySuccess(DefaultPromise.java:105)
[2024-09-22T12:26:39.104+0000] {spark_submit.py:579} INFO - at io.netty.channel.DefaultChannelPromise.trySuccess(DefaultChannelPromise.java:84)
[2024-09-22T12:26:39.104+0000] {spark_submit.py:579} INFO - at io.netty.channel.AbstractChannel$AbstractUnsafe.safeSetSuccess(AbstractChannel.java:990)
[2024-09-22T12:26:39.104+0000] {spark_submit.py:579} INFO - at io.netty.channel.AbstractChannel$AbstractUnsafe.register0(AbstractChannel.java:516)
[2024-09-22T12:26:39.105+0000] {spark_submit.py:579} INFO - at io.netty.channel.AbstractChannel$AbstractUnsafe.access$200(AbstractChannel.java:429)
[2024-09-22T12:26:39.105+0000] {spark_submit.py:579} INFO - at io.netty.channel.AbstractChannel$AbstractUnsafe$1.run(AbstractChannel.java:486)
[2024-09-22T12:26:39.105+0000] {spark_submit.py:579} INFO - at io.netty.util.concurrent.AbstractEventExecutor.runTask(AbstractEventExecutor.java:174)
[2024-09-22T12:26:39.105+0000] {spark_submit.py:579} INFO - at io.netty.util.concurrent.AbstractEventExecutor.safeExecute(AbstractEventExecutor.java:167)
[2024-09-22T12:26:39.106+0000] {spark_submit.py:579} INFO - at io.netty.util.concurrent.SingleThreadEventExecutor.runAllTasks(SingleThreadEventExecutor.java:470)
[2024-09-22T12:26:39.106+0000] {spark_submit.py:579} INFO - at io.netty.channel.nio.NioEventLoop.run(NioEventLoop.java:569)
[2024-09-22T12:26:39.106+0000] {spark_submit.py:579} INFO - at io.netty.util.concurrent.SingleThreadEventExecutor$4.run(SingleThreadEventExecutor.java:997)
[2024-09-22T12:26:39.107+0000] {spark_submit.py:579} INFO - at io.netty.util.internal.ThreadExecutorMap$2.run(ThreadExecutorMap.java:74)
[2024-09-22T12:26:39.107+0000] {spark_submit.py:579} INFO - at io.netty.util.concurrent.FastThreadLocalRunnable.run(FastThreadLocalRunnable.java:30)
[2024-09-22T12:26:39.107+0000] {spark_submit.py:579} INFO - ... 1 more
[2024-09-22T12:26:55.289+0000] {spark_submit.py:579} INFO - 24/09/22 12:26:55 INFO StandaloneAppClient$ClientEndpoint: Connecting to master spark://842f55c7b74e:7077...
[2024-09-22T12:26:59.047+0000] {spark_submit.py:579} INFO - 24/09/22 12:26:59 WARN TransportClientFactory: DNS resolution failed for 842f55c7b74e/<unresolved>:7077 took 3753 ms
[2024-09-22T12:26:59.056+0000] {spark_submit.py:579} INFO - 24/09/22 12:26:59 WARN StandaloneAppClient$ClientEndpoint: Failed to connect to master 842f55c7b74e:7077
[2024-09-22T12:26:59.057+0000] {spark_submit.py:579} INFO - org.apache.spark.SparkException: Exception thrown in awaitResult:
[2024-09-22T12:26:59.059+0000] {spark_submit.py:579} INFO - at org.apache.spark.util.SparkThreadUtils$.awaitResult(SparkThreadUtils.scala:56)
[2024-09-22T12:26:59.061+0000] {spark_submit.py:579} INFO - at org.apache.spark.util.ThreadUtils$.awaitResult(ThreadUtils.scala:310)
[2024-09-22T12:26:59.063+0000] {spark_submit.py:579} INFO - at org.apache.spark.rpc.RpcTimeout.awaitResult(RpcTimeout.scala:75)
[2024-09-22T12:26:59.066+0000] {spark_submit.py:579} INFO - at org.apache.spark.rpc.RpcEnv.setupEndpointRefByURI(RpcEnv.scala:102)
[2024-09-22T12:26:59.068+0000] {spark_submit.py:579} INFO - at org.apache.spark.rpc.RpcEnv.setupEndpointRef(RpcEnv.scala:110)
[2024-09-22T12:26:59.070+0000] {spark_submit.py:579} INFO - at org.apache.spark.deploy.client.StandaloneAppClient$ClientEndpoint$$anon$1.run(StandaloneAppClient.scala:108)
[2024-09-22T12:26:59.072+0000] {spark_submit.py:579} INFO - at java.base/java.util.concurrent.Executors$RunnableAdapter.call(Executors.java:539)
[2024-09-22T12:26:59.073+0000] {spark_submit.py:579} INFO - at java.base/java.util.concurrent.FutureTask.run(FutureTask.java:264)
[2024-09-22T12:26:59.075+0000] {spark_submit.py:579} INFO - at java.base/java.util.concurrent.ThreadPoolExecutor.runWorker(ThreadPoolExecutor.java:1136)
[2024-09-22T12:26:59.077+0000] {spark_submit.py:579} INFO - at java.base/java.util.concurrent.ThreadPoolExecutor$Worker.run(ThreadPoolExecutor.java:635)
[2024-09-22T12:26:59.078+0000] {spark_submit.py:579} INFO - at java.base/java.lang.Thread.run(Thread.java:840)
[2024-09-22T12:26:59.079+0000] {spark_submit.py:579} INFO - Caused by: java.io.IOException: Failed to connect to 842f55c7b74e/<unresolved>:7077
[2024-09-22T12:26:59.081+0000] {spark_submit.py:579} INFO - at org.apache.spark.network.client.TransportClientFactory.createClient(TransportClientFactory.java:294)
[2024-09-22T12:26:59.082+0000] {spark_submit.py:579} INFO - at org.apache.spark.network.client.TransportClientFactory.createClient(TransportClientFactory.java:214)
[2024-09-22T12:26:59.083+0000] {spark_submit.py:579} INFO - at org.apache.spark.network.client.TransportClientFactory.createClient(TransportClientFactory.java:226)
[2024-09-22T12:26:59.084+0000] {spark_submit.py:579} INFO - at org.apache.spark.rpc.netty.NettyRpcEnv.createClient(NettyRpcEnv.scala:204)
[2024-09-22T12:26:59.085+0000] {spark_submit.py:579} INFO - at org.apache.spark.rpc.netty.Outbox$$anon$1.call(Outbox.scala:202)
[2024-09-22T12:26:59.085+0000] {spark_submit.py:579} INFO - at org.apache.spark.rpc.netty.Outbox$$anon$1.call(Outbox.scala:198)
[2024-09-22T12:26:59.086+0000] {spark_submit.py:579} INFO - ... 4 more
[2024-09-22T12:26:59.087+0000] {spark_submit.py:579} INFO - Caused by: java.net.UnknownHostException: 842f55c7b74e
[2024-09-22T12:26:59.088+0000] {spark_submit.py:579} INFO - at java.base/java.net.InetAddress$CachedAddresses.get(InetAddress.java:801)
[2024-09-22T12:26:59.089+0000] {spark_submit.py:579} INFO - at java.base/java.net.InetAddress.getAllByName0(InetAddress.java:1533)
[2024-09-22T12:26:59.089+0000] {spark_submit.py:579} INFO - at java.base/java.net.InetAddress.getAllByName(InetAddress.java:1385)
[2024-09-22T12:26:59.090+0000] {spark_submit.py:579} INFO - at java.base/java.net.InetAddress.getAllByName(InetAddress.java:1306)
[2024-09-22T12:26:59.091+0000] {spark_submit.py:579} INFO - at java.base/java.net.InetAddress.getByName(InetAddress.java:1256)
[2024-09-22T12:26:59.092+0000] {spark_submit.py:579} INFO - at io.netty.util.internal.SocketUtils$8.run(SocketUtils.java:156)
[2024-09-22T12:26:59.092+0000] {spark_submit.py:579} INFO - at io.netty.util.internal.SocketUtils$8.run(SocketUtils.java:153)
[2024-09-22T12:26:59.093+0000] {spark_submit.py:579} INFO - at java.base/java.security.AccessController.doPrivileged(AccessController.java:569)
[2024-09-22T12:26:59.093+0000] {spark_submit.py:579} INFO - at io.netty.util.internal.SocketUtils.addressByName(SocketUtils.java:153)
[2024-09-22T12:26:59.094+0000] {spark_submit.py:579} INFO - at io.netty.resolver.DefaultNameResolver.doResolve(DefaultNameResolver.java:41)
[2024-09-22T12:26:59.094+0000] {spark_submit.py:579} INFO - at io.netty.resolver.SimpleNameResolver.resolve(SimpleNameResolver.java:61)
[2024-09-22T12:26:59.095+0000] {spark_submit.py:579} INFO - at io.netty.resolver.SimpleNameResolver.resolve(SimpleNameResolver.java:53)
[2024-09-22T12:26:59.095+0000] {spark_submit.py:579} INFO - at io.netty.resolver.InetSocketAddressResolver.doResolve(InetSocketAddressResolver.java:55)
[2024-09-22T12:26:59.096+0000] {spark_submit.py:579} INFO - at io.netty.resolver.InetSocketAddressResolver.doResolve(InetSocketAddressResolver.java:31)
[2024-09-22T12:26:59.096+0000] {spark_submit.py:579} INFO - at io.netty.resolver.AbstractAddressResolver.resolve(AbstractAddressResolver.java:106)
[2024-09-22T12:26:59.096+0000] {spark_submit.py:579} INFO - at io.netty.bootstrap.Bootstrap.doResolveAndConnect0(Bootstrap.java:220)
[2024-09-22T12:26:59.097+0000] {spark_submit.py:579} INFO - at io.netty.bootstrap.Bootstrap.access$000(Bootstrap.java:46)
[2024-09-22T12:26:59.097+0000] {spark_submit.py:579} INFO - at io.netty.bootstrap.Bootstrap$1.operationComplete(Bootstrap.java:189)
[2024-09-22T12:26:59.098+0000] {spark_submit.py:579} INFO - at io.netty.bootstrap.Bootstrap$1.operationComplete(Bootstrap.java:175)
[2024-09-22T12:26:59.098+0000] {spark_submit.py:579} INFO - at io.netty.util.concurrent.DefaultPromise.notifyListener0(DefaultPromise.java:590)
[2024-09-22T12:26:59.099+0000] {spark_submit.py:579} INFO - at io.netty.util.concurrent.DefaultPromise.notifyListenersNow(DefaultPromise.java:557)
[2024-09-22T12:26:59.099+0000] {spark_submit.py:579} INFO - at io.netty.util.concurrent.DefaultPromise.notifyListeners(DefaultPromise.java:492)
[2024-09-22T12:26:59.099+0000] {spark_submit.py:579} INFO - at io.netty.util.concurrent.DefaultPromise.setValue0(DefaultPromise.java:636)
[2024-09-22T12:26:59.100+0000] {spark_submit.py:579} INFO - at io.netty.util.concurrent.DefaultPromise.setSuccess0(DefaultPromise.java:625)
[2024-09-22T12:26:59.100+0000] {spark_submit.py:579} INFO - at io.netty.util.concurrent.DefaultPromise.trySuccess(DefaultPromise.java:105)
[2024-09-22T12:26:59.100+0000] {spark_submit.py:579} INFO - at io.netty.channel.DefaultChannelPromise.trySuccess(DefaultChannelPromise.java:84)
[2024-09-22T12:26:59.101+0000] {spark_submit.py:579} INFO - at io.netty.channel.AbstractChannel$AbstractUnsafe.safeSetSuccess(AbstractChannel.java:990)
[2024-09-22T12:26:59.101+0000] {spark_submit.py:579} INFO - at io.netty.channel.AbstractChannel$AbstractUnsafe.register0(AbstractChannel.java:516)
[2024-09-22T12:26:59.101+0000] {spark_submit.py:579} INFO - at io.netty.channel.AbstractChannel$AbstractUnsafe.access$200(AbstractChannel.java:429)
[2024-09-22T12:26:59.102+0000] {spark_submit.py:579} INFO - at io.netty.channel.AbstractChannel$AbstractUnsafe$1.run(AbstractChannel.java:486)
[2024-09-22T12:26:59.102+0000] {spark_submit.py:579} INFO - at io.netty.util.concurrent.AbstractEventExecutor.runTask(AbstractEventExecutor.java:174)
[2024-09-22T12:26:59.102+0000] {spark_submit.py:579} INFO - at io.netty.util.concurrent.AbstractEventExecutor.safeExecute(AbstractEventExecutor.java:167)
[2024-09-22T12:26:59.103+0000] {spark_submit.py:579} INFO - at io.netty.util.concurrent.SingleThreadEventExecutor.runAllTasks(SingleThreadEventExecutor.java:470)
[2024-09-22T12:26:59.103+0000] {spark_submit.py:579} INFO - at io.netty.channel.nio.NioEventLoop.run(NioEventLoop.java:569)
[2024-09-22T12:26:59.103+0000] {spark_submit.py:579} INFO - at io.netty.util.concurrent.SingleThreadEventExecutor$4.run(SingleThreadEventExecutor.java:997)
[2024-09-22T12:26:59.104+0000] {spark_submit.py:579} INFO - at io.netty.util.internal.ThreadExecutorMap$2.run(ThreadExecutorMap.java:74)
[2024-09-22T12:26:59.104+0000] {spark_submit.py:579} INFO - at io.netty.util.concurrent.FastThreadLocalRunnable.run(FastThreadLocalRunnable.java:30)
[2024-09-22T12:26:59.104+0000] {spark_submit.py:579} INFO - ... 1 more
[2024-09-22T12:27:15.290+0000] {spark_submit.py:579} INFO - 24/09/22 12:27:15 INFO StandaloneAppClient$ClientEndpoint: Connecting to master spark://842f55c7b74e:7077...
[2024-09-22T12:27:19.079+0000] {spark_submit.py:579} INFO - 24/09/22 12:27:19 WARN TransportClientFactory: DNS resolution failed for 842f55c7b74e/<unresolved>:7077 took 3783 ms
[2024-09-22T12:27:19.084+0000] {spark_submit.py:579} INFO - 24/09/22 12:27:19 WARN StandaloneAppClient$ClientEndpoint: Failed to connect to master 842f55c7b74e:7077
[2024-09-22T12:27:19.084+0000] {spark_submit.py:579} INFO - org.apache.spark.SparkException: Exception thrown in awaitResult:
[2024-09-22T12:27:19.085+0000] {spark_submit.py:579} INFO - at org.apache.spark.util.SparkThreadUtils$.awaitResult(SparkThreadUtils.scala:56)
[2024-09-22T12:27:19.085+0000] {spark_submit.py:579} INFO - at org.apache.spark.util.ThreadUtils$.awaitResult(ThreadUtils.scala:310)
[2024-09-22T12:27:19.085+0000] {spark_submit.py:579} INFO - at org.apache.spark.rpc.RpcTimeout.awaitResult(RpcTimeout.scala:75)
[2024-09-22T12:27:19.086+0000] {spark_submit.py:579} INFO - at org.apache.spark.rpc.RpcEnv.setupEndpointRefByURI(RpcEnv.scala:102)
[2024-09-22T12:27:19.086+0000] {spark_submit.py:579} INFO - at org.apache.spark.rpc.RpcEnv.setupEndpointRef(RpcEnv.scala:110)
[2024-09-22T12:27:19.087+0000] {spark_submit.py:579} INFO - at org.apache.spark.deploy.client.StandaloneAppClient$ClientEndpoint$$anon$1.run(StandaloneAppClient.scala:108)
[2024-09-22T12:27:19.087+0000] {spark_submit.py:579} INFO - at java.base/java.util.concurrent.Executors$RunnableAdapter.call(Executors.java:539)
[2024-09-22T12:27:19.088+0000] {spark_submit.py:579} INFO - at java.base/java.util.concurrent.FutureTask.run(FutureTask.java:264)
[2024-09-22T12:27:19.088+0000] {spark_submit.py:579} INFO - at java.base/java.util.concurrent.ThreadPoolExecutor.runWorker(ThreadPoolExecutor.java:1136)
[2024-09-22T12:27:19.088+0000] {spark_submit.py:579} INFO - at java.base/java.util.concurrent.ThreadPoolExecutor$Worker.run(ThreadPoolExecutor.java:635)
[2024-09-22T12:27:19.089+0000] {spark_submit.py:579} INFO - at java.base/java.lang.Thread.run(Thread.java:840)
[2024-09-22T12:27:19.089+0000] {spark_submit.py:579} INFO - Caused by: java.io.IOException: Failed to connect to 842f55c7b74e/<unresolved>:7077
[2024-09-22T12:27:19.089+0000] {spark_submit.py:579} INFO - at org.apache.spark.network.client.TransportClientFactory.createClient(TransportClientFactory.java:294)
[2024-09-22T12:27:19.090+0000] {spark_submit.py:579} INFO - at org.apache.spark.network.client.TransportClientFactory.createClient(TransportClientFactory.java:214)
[2024-09-22T12:27:19.090+0000] {spark_submit.py:579} INFO - at org.apache.spark.network.client.TransportClientFactory.createClient(TransportClientFactory.java:226)
[2024-09-22T12:27:19.090+0000] {spark_submit.py:579} INFO - at org.apache.spark.rpc.netty.NettyRpcEnv.createClient(NettyRpcEnv.scala:204)
[2024-09-22T12:27:19.091+0000] {spark_submit.py:579} INFO - at org.apache.spark.rpc.netty.Outbox$$anon$1.call(Outbox.scala:202)
[2024-09-22T12:27:19.091+0000] {spark_submit.py:579} INFO - at org.apache.spark.rpc.netty.Outbox$$anon$1.call(Outbox.scala:198)
[2024-09-22T12:27:19.092+0000] {spark_submit.py:579} INFO - ... 4 more
[2024-09-22T12:27:19.092+0000] {spark_submit.py:579} INFO - Caused by: java.net.UnknownHostException: 842f55c7b74e
[2024-09-22T12:27:19.092+0000] {spark_submit.py:579} INFO - at java.base/java.net.InetAddress$CachedAddresses.get(InetAddress.java:801)
[2024-09-22T12:27:19.093+0000] {spark_submit.py:579} INFO - at java.base/java.net.InetAddress.getAllByName0(InetAddress.java:1533)
[2024-09-22T12:27:19.093+0000] {spark_submit.py:579} INFO - at java.base/java.net.InetAddress.getAllByName(InetAddress.java:1385)
[2024-09-22T12:27:19.094+0000] {spark_submit.py:579} INFO - at java.base/java.net.InetAddress.getAllByName(InetAddress.java:1306)
[2024-09-22T12:27:19.095+0000] {spark_submit.py:579} INFO - at java.base/java.net.InetAddress.getByName(InetAddress.java:1256)
[2024-09-22T12:27:19.097+0000] {spark_submit.py:579} INFO - at io.netty.util.internal.SocketUtils$8.run(SocketUtils.java:156)
[2024-09-22T12:27:19.097+0000] {spark_submit.py:579} INFO - at io.netty.util.internal.SocketUtils$8.run(SocketUtils.java:153)
[2024-09-22T12:27:19.098+0000] {spark_submit.py:579} INFO - at java.base/java.security.AccessController.doPrivileged(AccessController.java:569)
[2024-09-22T12:27:19.098+0000] {spark_submit.py:579} INFO - at io.netty.util.internal.SocketUtils.addressByName(SocketUtils.java:153)
[2024-09-22T12:27:19.099+0000] {spark_submit.py:579} INFO - at io.netty.resolver.DefaultNameResolver.doResolve(DefaultNameResolver.java:41)
[2024-09-22T12:27:19.100+0000] {spark_submit.py:579} INFO - at io.netty.resolver.SimpleNameResolver.resolve(SimpleNameResolver.java:61)
[2024-09-22T12:27:19.100+0000] {spark_submit.py:579} INFO - at io.netty.resolver.SimpleNameResolver.resolve(SimpleNameResolver.java:53)
[2024-09-22T12:27:19.101+0000] {spark_submit.py:579} INFO - at io.netty.resolver.InetSocketAddressResolver.doResolve(InetSocketAddressResolver.java:55)
[2024-09-22T12:27:19.102+0000] {spark_submit.py:579} INFO - at io.netty.resolver.InetSocketAddressResolver.doResolve(InetSocketAddressResolver.java:31)
[2024-09-22T12:27:19.102+0000] {spark_submit.py:579} INFO - at io.netty.resolver.AbstractAddressResolver.resolve(AbstractAddressResolver.java:106)
[2024-09-22T12:27:19.103+0000] {spark_submit.py:579} INFO - at io.netty.bootstrap.Bootstrap.doResolveAndConnect0(Bootstrap.java:220)
[2024-09-22T12:27:19.103+0000] {spark_submit.py:579} INFO - at io.netty.bootstrap.Bootstrap.access$000(Bootstrap.java:46)
[2024-09-22T12:27:19.105+0000] {spark_submit.py:579} INFO - at io.netty.bootstrap.Bootstrap$1.operationComplete(Bootstrap.java:189)
[2024-09-22T12:27:19.105+0000] {spark_submit.py:579} INFO - at io.netty.bootstrap.Bootstrap$1.operationComplete(Bootstrap.java:175)
[2024-09-22T12:27:19.106+0000] {spark_submit.py:579} INFO - at io.netty.util.concurrent.DefaultPromise.notifyListener0(DefaultPromise.java:590)
[2024-09-22T12:27:19.106+0000] {spark_submit.py:579} INFO - at io.netty.util.concurrent.DefaultPromise.notifyListenersNow(DefaultPromise.java:557)
[2024-09-22T12:27:19.107+0000] {spark_submit.py:579} INFO - at io.netty.util.concurrent.DefaultPromise.notifyListeners(DefaultPromise.java:492)
[2024-09-22T12:27:19.107+0000] {spark_submit.py:579} INFO - at io.netty.util.concurrent.DefaultPromise.setValue0(DefaultPromise.java:636)
[2024-09-22T12:27:19.108+0000] {spark_submit.py:579} INFO - at io.netty.util.concurrent.DefaultPromise.setSuccess0(DefaultPromise.java:625)
[2024-09-22T12:27:19.108+0000] {spark_submit.py:579} INFO - at io.netty.util.concurrent.DefaultPromise.trySuccess(DefaultPromise.java:105)
[2024-09-22T12:27:19.108+0000] {spark_submit.py:579} INFO - at io.netty.channel.DefaultChannelPromise.trySuccess(DefaultChannelPromise.java:84)
[2024-09-22T12:27:19.109+0000] {spark_submit.py:579} INFO - at io.netty.channel.AbstractChannel$AbstractUnsafe.safeSetSuccess(AbstractChannel.java:990)
[2024-09-22T12:27:19.109+0000] {spark_submit.py:579} INFO - at io.netty.channel.AbstractChannel$AbstractUnsafe.register0(AbstractChannel.java:516)
[2024-09-22T12:27:19.110+0000] {spark_submit.py:579} INFO - at io.netty.channel.AbstractChannel$AbstractUnsafe.access$200(AbstractChannel.java:429)
[2024-09-22T12:27:19.110+0000] {spark_submit.py:579} INFO - at io.netty.channel.AbstractChannel$AbstractUnsafe$1.run(AbstractChannel.java:486)
[2024-09-22T12:27:19.111+0000] {spark_submit.py:579} INFO - at io.netty.util.concurrent.AbstractEventExecutor.runTask(AbstractEventExecutor.java:174)
[2024-09-22T12:27:19.111+0000] {spark_submit.py:579} INFO - at io.netty.util.concurrent.AbstractEventExecutor.safeExecute(AbstractEventExecutor.java:167)
[2024-09-22T12:27:19.112+0000] {spark_submit.py:579} INFO - at io.netty.util.concurrent.SingleThreadEventExecutor.runAllTasks(SingleThreadEventExecutor.java:470)
[2024-09-22T12:27:19.112+0000] {spark_submit.py:579} INFO - at io.netty.channel.nio.NioEventLoop.run(NioEventLoop.java:569)
[2024-09-22T12:27:19.112+0000] {spark_submit.py:579} INFO - at io.netty.util.concurrent.SingleThreadEventExecutor$4.run(SingleThreadEventExecutor.java:997)
[2024-09-22T12:27:19.113+0000] {spark_submit.py:579} INFO - at io.netty.util.internal.ThreadExecutorMap$2.run(ThreadExecutorMap.java:74)
[2024-09-22T12:27:19.113+0000] {spark_submit.py:579} INFO - at io.netty.util.concurrent.FastThreadLocalRunnable.run(FastThreadLocalRunnable.java:30)
[2024-09-22T12:27:19.114+0000] {spark_submit.py:579} INFO - ... 1 more
[2024-09-22T12:27:35.291+0000] {spark_submit.py:579} INFO - 24/09/22 12:27:35 WARN StandaloneSchedulerBackend: Application ID is not initialized yet.
[2024-09-22T12:27:35.292+0000] {spark_submit.py:579} INFO - 24/09/22 12:27:35 ERROR StandaloneSchedulerBackend: Application has been killed. Reason: All masters are unresponsive! Giving up.
[2024-09-22T12:27:35.310+0000] {spark_submit.py:579} INFO - 24/09/22 12:27:35 INFO Utils: Successfully started service 'org.apache.spark.network.netty.NettyBlockTransferService' on port 38439.
[2024-09-22T12:27:35.311+0000] {spark_submit.py:579} INFO - 24/09/22 12:27:35 INFO NettyBlockTransferService: Server created on 07815e33321d:38439
[2024-09-22T12:27:35.313+0000] {spark_submit.py:579} INFO - 24/09/22 12:27:35 INFO BlockManager: Using org.apache.spark.storage.RandomBlockReplicationPolicy for block replication policy
[2024-09-22T12:27:35.320+0000] {spark_submit.py:579} INFO - 24/09/22 12:27:35 INFO BlockManagerMaster: Registering BlockManager BlockManagerId(driver, 07815e33321d, 38439, None)
[2024-09-22T12:27:35.324+0000] {spark_submit.py:579} INFO - 24/09/22 12:27:35 INFO BlockManagerMasterEndpoint: Registering block manager 07815e33321d:38439 with 434.4 MiB RAM, BlockManagerId(driver, 07815e33321d, 38439, None)
[2024-09-22T12:27:35.326+0000] {spark_submit.py:579} INFO - 24/09/22 12:27:35 INFO BlockManagerMaster: Registered BlockManager BlockManagerId(driver, 07815e33321d, 38439, None)
[2024-09-22T12:27:35.327+0000] {spark_submit.py:579} INFO - 24/09/22 12:27:35 INFO BlockManager: Initialized BlockManager: BlockManagerId(driver, 07815e33321d, 38439, None)
[2024-09-22T12:27:35.459+0000] {spark_submit.py:579} INFO - 24/09/22 12:27:35 INFO StandaloneSchedulerBackend: SchedulerBackend is ready for scheduling beginning after reached minRegisteredResourcesRatio: 0.0
[2024-09-22T12:27:35.642+0000] {spark_submit.py:579} INFO - 24/09/22 12:27:35 INFO SparkContext: SparkContext is stopping with exitCode 0.
[2024-09-22T12:27:35.650+0000] {spark_submit.py:579} INFO - 24/09/22 12:27:35 INFO SparkUI: Stopped Spark web UI at http://07815e33321d:4040
[2024-09-22T12:27:35.658+0000] {spark_submit.py:579} INFO - 24/09/22 12:27:35 INFO StandaloneSchedulerBackend: Shutting down all executors
[2024-09-22T12:27:35.661+0000] {spark_submit.py:579} INFO - 24/09/22 12:27:35 INFO StandaloneSchedulerBackend$StandaloneDriverEndpoint: Asking each executor to shut down
[2024-09-22T12:27:35.665+0000] {spark_submit.py:579} INFO - 24/09/22 12:27:35 WARN StandaloneAppClient$ClientEndpoint: Drop UnregisterApplication(null) because has not yet connected to master
[2024-09-22T12:27:35.675+0000] {spark_submit.py:579} INFO - 24/09/22 12:27:35 INFO MapOutputTrackerMasterEndpoint: MapOutputTrackerMasterEndpoint stopped!
[2024-09-22T12:27:35.688+0000] {spark_submit.py:579} INFO - 24/09/22 12:27:35 INFO MemoryStore: MemoryStore cleared
[2024-09-22T12:27:35.689+0000] {spark_submit.py:579} INFO - 24/09/22 12:27:35 INFO BlockManager: BlockManager stopped
[2024-09-22T12:27:35.694+0000] {spark_submit.py:579} INFO - 24/09/22 12:27:35 INFO BlockManagerMaster: BlockManagerMaster stopped
[2024-09-22T12:27:35.698+0000] {spark_submit.py:579} INFO - 24/09/22 12:27:35 INFO OutputCommitCoordinator$OutputCommitCoordinatorEndpoint: OutputCommitCoordinator stopped!
[2024-09-22T12:27:35.709+0000] {spark_submit.py:579} INFO - 24/09/22 12:27:35 INFO SparkContext: Successfully stopped SparkContext
[2024-09-22T12:27:35.995+0000] {spark_submit.py:579} INFO - 24/09/22 12:27:35 INFO SharedState: Setting hive.metastore.warehouse.dir ('null') to the value of spark.sql.warehouse.dir.
[2024-09-22T12:27:36.000+0000] {spark_submit.py:579} INFO - 24/09/22 12:27:36 INFO SharedState: Warehouse path is 'file:/opt/***/spark-warehouse'.
[2024-09-22T12:27:36.031+0000] {spark_submit.py:579} INFO - Traceback (most recent call last):
[2024-09-22T12:27:36.032+0000] {spark_submit.py:579} INFO - File "/opt/***/dags/my_spark_app.py", line 9, in <module>
[2024-09-22T12:27:36.033+0000] {spark_submit.py:579} INFO - df = spark.createDataFrame([(1, 'foo'), (2, 'bar')], ['id', 'value'])
[2024-09-22T12:27:36.033+0000] {spark_submit.py:579} INFO - ^^^^^^^^^^^^^^^^^^^^^^^^^^^^^^^^^^^^^^^^^^^^^^^^^^^^^^^^^^^^^^^^
[2024-09-22T12:27:36.034+0000] {spark_submit.py:579} INFO - File "/home/***/.local/lib/python3.12/site-packages/pyspark/python/lib/pyspark.zip/pyspark/sql/session.py", line 1443, in createDataFrame
[2024-09-22T12:27:36.034+0000] {spark_submit.py:579} INFO - File "/home/***/.local/lib/python3.12/site-packages/pyspark/python/lib/pyspark.zip/pyspark/sql/session.py", line 1485, in _create_dataframe
[2024-09-22T12:27:36.035+0000] {spark_submit.py:579} INFO - File "/home/***/.local/lib/python3.12/site-packages/pyspark/python/lib/pyspark.zip/pyspark/sql/session.py", line 1093, in _createFromLocal
[2024-09-22T12:27:36.035+0000] {spark_submit.py:579} INFO - File "/home/***/.local/lib/python3.12/site-packages/pyspark/python/lib/pyspark.zip/pyspark/sql/session.py", line 952, in _inferSchemaFromList
[2024-09-22T12:27:36.035+0000] {spark_submit.py:579} INFO - File "/home/***/.local/lib/python3.12/site-packages/pyspark/python/lib/pyspark.zip/pyspark/sql/session.py", line 624, in _jconf
[2024-09-22T12:27:36.036+0000] {spark_submit.py:579} INFO - File "/home/***/.local/lib/python3.12/site-packages/pyspark/python/lib/py4j-0.10.9.7-src.zip/py4j/java_gateway.py", line 1322, in __call__
[2024-09-22T12:27:36.036+0000] {spark_submit.py:579} INFO - File "/home/***/.local/lib/python3.12/site-packages/pyspark/python/lib/pyspark.zip/pyspark/errors/exceptions/captured.py", line 179, in deco
[2024-09-22T12:27:36.037+0000] {spark_submit.py:579} INFO - File "/home/***/.local/lib/python3.12/site-packages/pyspark/python/lib/py4j-0.10.9.7-src.zip/py4j/protocol.py", line 326, in get_return_value
[2024-09-22T12:27:36.037+0000] {spark_submit.py:579} INFO - py4j.protocol.Py4JJavaError: An error occurred while calling o25.sessionState.
[2024-09-22T12:27:36.038+0000] {spark_submit.py:579} INFO - : java.lang.IllegalStateException: LiveListenerBus is stopped.
[2024-09-22T12:27:36.038+0000] {spark_submit.py:579} INFO - at org.apache.spark.scheduler.LiveListenerBus.addToQueue(LiveListenerBus.scala:92)
[2024-09-22T12:27:36.038+0000] {spark_submit.py:579} INFO - at org.apache.spark.scheduler.LiveListenerBus.addToStatusQueue(LiveListenerBus.scala:75)
[2024-09-22T12:27:36.039+0000] {spark_submit.py:579} INFO - at org.apache.spark.sql.internal.SharedState.<init>(SharedState.scala:115)
[2024-09-22T12:27:36.039+0000] {spark_submit.py:579} INFO - at org.apache.spark.sql.SparkSession.$anonfun$sharedState$1(SparkSession.scala:143)
[2024-09-22T12:27:36.040+0000] {spark_submit.py:579} INFO - at scala.Option.getOrElse(Option.scala:189)
[2024-09-22T12:27:36.040+0000] {spark_submit.py:579} INFO - at org.apache.spark.sql.SparkSession.sharedState$lzycompute(SparkSession.scala:143)
[2024-09-22T12:27:36.041+0000] {spark_submit.py:579} INFO - at org.apache.spark.sql.SparkSession.sharedState(SparkSession.scala:142)
[2024-09-22T12:27:36.041+0000] {spark_submit.py:579} INFO - at org.apache.spark.sql.SparkSession.$anonfun$sessionState$2(SparkSession.scala:162)
[2024-09-22T12:27:36.042+0000] {spark_submit.py:579} INFO - at scala.Option.getOrElse(Option.scala:189)
[2024-09-22T12:27:36.042+0000] {spark_submit.py:579} INFO - at org.apache.spark.sql.SparkSession.sessionState$lzycompute(SparkSession.scala:160)
[2024-09-22T12:27:36.042+0000] {spark_submit.py:579} INFO - at org.apache.spark.sql.SparkSession.sessionState(SparkSession.scala:157)
[2024-09-22T12:27:36.043+0000] {spark_submit.py:579} INFO - at java.base/jdk.internal.reflect.NativeMethodAccessorImpl.invoke0(Native Method)
[2024-09-22T12:27:36.043+0000] {spark_submit.py:579} INFO - at java.base/jdk.internal.reflect.NativeMethodAccessorImpl.invoke(NativeMethodAccessorImpl.java:77)
[2024-09-22T12:27:36.044+0000] {spark_submit.py:579} INFO - at java.base/jdk.internal.reflect.DelegatingMethodAccessorImpl.invoke(DelegatingMethodAccessorImpl.java:43)
[2024-09-22T12:27:36.044+0000] {spark_submit.py:579} INFO - at java.base/java.lang.reflect.Method.invoke(Method.java:569)
[2024-09-22T12:27:36.044+0000] {spark_submit.py:579} INFO - at py4j.reflection.MethodInvoker.invoke(MethodInvoker.java:244)
[2024-09-22T12:27:36.045+0000] {spark_submit.py:579} INFO - at py4j.reflection.ReflectionEngine.invoke(ReflectionEngine.java:374)
[2024-09-22T12:27:36.045+0000] {spark_submit.py:579} INFO - at py4j.Gateway.invoke(Gateway.java:282)
[2024-09-22T12:27:36.045+0000] {spark_submit.py:579} INFO - at py4j.commands.AbstractCommand.invokeMethod(AbstractCommand.java:132)
[2024-09-22T12:27:36.046+0000] {spark_submit.py:579} INFO - at py4j.commands.CallCommand.execute(CallCommand.java:79)
[2024-09-22T12:27:36.046+0000] {spark_submit.py:579} INFO - at py4j.ClientServerConnection.waitForCommands(ClientServerConnection.java:182)
[2024-09-22T12:27:36.046+0000] {spark_submit.py:579} INFO - at py4j.ClientServerConnection.run(ClientServerConnection.java:106)
[2024-09-22T12:27:36.047+0000] {spark_submit.py:579} INFO - at java.base/java.lang.Thread.run(Thread.java:840)
[2024-09-22T12:27:36.047+0000] {spark_submit.py:579} INFO - 
[2024-09-22T12:27:36.125+0000] {spark_submit.py:579} INFO - 24/09/22 12:27:36 INFO ShutdownHookManager: Shutdown hook called
[2024-09-22T12:27:36.126+0000] {spark_submit.py:579} INFO - 24/09/22 12:27:36 INFO ShutdownHookManager: Deleting directory /tmp/spark-ebcb4313-97c0-4536-b995-5c85db674e5e
[2024-09-22T12:27:36.134+0000] {spark_submit.py:579} INFO - 24/09/22 12:27:36 INFO ShutdownHookManager: Deleting directory /tmp/spark-5c99f43f-305b-4523-ab6a-563c61d93d8d/pyspark-95797514-3bea-48ab-9750-82c8c7422ed3
[2024-09-22T12:27:36.138+0000] {spark_submit.py:579} INFO - 24/09/22 12:27:36 INFO ShutdownHookManager: Deleting directory /tmp/spark-5c99f43f-305b-4523-ab6a-563c61d93d8d
[2024-09-22T12:27:36.178+0000] {taskinstance.py:3310} ERROR - Task failed with exception
Traceback (most recent call last):
  File "/home/airflow/.local/lib/python3.12/site-packages/airflow/models/taskinstance.py", line 767, in _execute_task
    result = _execute_callable(context=context, **execute_callable_kwargs)
             ^^^^^^^^^^^^^^^^^^^^^^^^^^^^^^^^^^^^^^^^^^^^^^^^^^^^^^^^^^^^^
  File "/home/airflow/.local/lib/python3.12/site-packages/airflow/models/taskinstance.py", line 733, in _execute_callable
    return ExecutionCallableRunner(
           ^^^^^^^^^^^^^^^^^^^^^^^^
  File "/home/airflow/.local/lib/python3.12/site-packages/airflow/utils/operator_helpers.py", line 252, in run
    return self.func(*args, **kwargs)
           ^^^^^^^^^^^^^^^^^^^^^^^^^^
  File "/home/airflow/.local/lib/python3.12/site-packages/airflow/models/baseoperator.py", line 406, in wrapper
    return func(self, *args, **kwargs)
           ^^^^^^^^^^^^^^^^^^^^^^^^^^^
  File "/home/airflow/.local/lib/python3.12/site-packages/airflow/providers/apache/spark/operators/spark_submit.py", line 174, in execute
    self._hook.submit(self.application)
  File "/home/airflow/.local/lib/python3.12/site-packages/airflow/providers/apache/spark/hooks/spark_submit.py", line 505, in submit
    raise AirflowException(
airflow.exceptions.AirflowException: Cannot execute: spark-submit --master spark://842f55c7b74e:7077 --executor-memory 2g --driver-memory 1g --name arrow-spark --deploy-mode client /opt/***/dags/my_spark_app.py. Error code is: 1.
[2024-09-22T12:27:36.182+0000] {taskinstance.py:1225} INFO - Marking task as FAILED. dag_id=spark_example_dag, task_id=submit_spark_job, run_id=manual__2024-09-22T12:26:30.754848+00:00, execution_date=20240922T122630, start_date=20240922T122631, end_date=20240922T122736
[2024-09-22T12:27:36.199+0000] {taskinstance.py:340} INFO - ::group::Post task execution logs
[2024-09-22T12:27:36.200+0000] {standard_task_runner.py:124} ERROR - Failed to execute job 54 for task submit_spark_job (Cannot execute: spark-submit --master spark://842f55c7b74e:7077 --executor-memory 2g --driver-memory 1g --name arrow-spark --deploy-mode client /opt/***/dags/my_spark_app.py. Error code is: 1.; 248)
Traceback (most recent call last):
  File "/home/airflow/.local/lib/python3.12/site-packages/airflow/task/task_runner/standard_task_runner.py", line 117, in _start_by_fork
    ret = args.func(args, dag=self.dag)
          ^^^^^^^^^^^^^^^^^^^^^^^^^^^^^
  File "/home/airflow/.local/lib/python3.12/site-packages/airflow/cli/cli_config.py", line 49, in command
    return func(*args, **kwargs)
           ^^^^^^^^^^^^^^^^^^^^^
  File "/home/airflow/.local/lib/python3.12/site-packages/airflow/utils/cli.py", line 115, in wrapper
    return f(*args, **kwargs)
           ^^^^^^^^^^^^^^^^^^
  File "/home/airflow/.local/lib/python3.12/site-packages/airflow/cli/commands/task_command.py", line 483, in task_run
    task_return_code = _run_task_by_selected_method(args, _dag, ti)
                       ^^^^^^^^^^^^^^^^^^^^^^^^^^^^^^^^^^^^^^^^^^^^
  File "/home/airflow/.local/lib/python3.12/site-packages/airflow/cli/commands/task_command.py", line 256, in _run_task_by_selected_method
    return _run_raw_task(args, ti)
           ^^^^^^^^^^^^^^^^^^^^^^^
  File "/home/airflow/.local/lib/python3.12/site-packages/airflow/cli/commands/task_command.py", line 341, in _run_raw_task
    return ti._run_raw_task(
           ^^^^^^^^^^^^^^^^^
  File "/home/airflow/.local/lib/python3.12/site-packages/airflow/utils/session.py", line 97, in wrapper
    return func(*args, session=session, **kwargs)
           ^^^^^^^^^^^^^^^^^^^^^^^^^^^^^^^^^^^^^^
  File "/home/airflow/.local/lib/python3.12/site-packages/airflow/models/taskinstance.py", line 3004, in _run_raw_task
    return _run_raw_task(
           ^^^^^^^^^^^^^^
  File "/home/airflow/.local/lib/python3.12/site-packages/airflow/models/taskinstance.py", line 273, in _run_raw_task
    TaskInstance._execute_task_with_callbacks(
  File "/home/airflow/.local/lib/python3.12/site-packages/airflow/models/taskinstance.py", line 3158, in _execute_task_with_callbacks
    result = self._execute_task(context, task_orig)
             ^^^^^^^^^^^^^^^^^^^^^^^^^^^^^^^^^^^^^^
  File "/home/airflow/.local/lib/python3.12/site-packages/airflow/models/taskinstance.py", line 3182, in _execute_task
    return _execute_task(self, context, task_orig)
           ^^^^^^^^^^^^^^^^^^^^^^^^^^^^^^^^^^^^^^^
  File "/home/airflow/.local/lib/python3.12/site-packages/airflow/models/taskinstance.py", line 767, in _execute_task
    result = _execute_callable(context=context, **execute_callable_kwargs)
             ^^^^^^^^^^^^^^^^^^^^^^^^^^^^^^^^^^^^^^^^^^^^^^^^^^^^^^^^^^^^^
  File "/home/airflow/.local/lib/python3.12/site-packages/airflow/models/taskinstance.py", line 733, in _execute_callable
    return ExecutionCallableRunner(
           ^^^^^^^^^^^^^^^^^^^^^^^^
  File "/home/airflow/.local/lib/python3.12/site-packages/airflow/utils/operator_helpers.py", line 252, in run
    return self.func(*args, **kwargs)
           ^^^^^^^^^^^^^^^^^^^^^^^^^^
  File "/home/airflow/.local/lib/python3.12/site-packages/airflow/models/baseoperator.py", line 406, in wrapper
    return func(self, *args, **kwargs)
           ^^^^^^^^^^^^^^^^^^^^^^^^^^^
  File "/home/airflow/.local/lib/python3.12/site-packages/airflow/providers/apache/spark/operators/spark_submit.py", line 174, in execute
    self._hook.submit(self.application)
  File "/home/airflow/.local/lib/python3.12/site-packages/airflow/providers/apache/spark/hooks/spark_submit.py", line 505, in submit
    raise AirflowException(
airflow.exceptions.AirflowException: Cannot execute: spark-submit --master spark://842f55c7b74e:7077 --executor-memory 2g --driver-memory 1g --name arrow-spark --deploy-mode client /opt/***/dags/my_spark_app.py. Error code is: 1.
[2024-09-22T12:27:36.239+0000] {local_task_job_runner.py:266} INFO - Task exited with return code 1
[2024-09-22T12:27:36.252+0000] {taskinstance.py:3900} INFO - 0 downstream tasks scheduled from follow-on schedule check
[2024-09-22T12:27:36.257+0000] {local_task_job_runner.py:245} INFO - ::endgroup::
