[2024-10-10T18:55:51.549+0000] {local_task_job_runner.py:123} INFO - ::group::Pre task execution logs
[2024-10-10T18:55:51.565+0000] {taskinstance.py:2612} INFO - Dependencies all met for dep_context=non-requeueable deps ti=<TaskInstance: LoadWebScraping.submit_job manual__2024-10-10T18:55:49.764668+00:00 [queued]>
[2024-10-10T18:55:51.573+0000] {taskinstance.py:2612} INFO - Dependencies all met for dep_context=requeueable deps ti=<TaskInstance: LoadWebScraping.submit_job manual__2024-10-10T18:55:49.764668+00:00 [queued]>
[2024-10-10T18:55:51.574+0000] {taskinstance.py:2865} INFO - Starting attempt 1 of 1
[2024-10-10T18:55:51.589+0000] {taskinstance.py:2888} INFO - Executing <Task(SparkSubmitOperator): submit_job> on 2024-10-10 18:55:49.764668+00:00
[2024-10-10T18:55:51.594+0000] {warnings.py:112} WARNING - /home/***/.local/lib/python3.12/site-packages/***/task/task_runner/standard_task_runner.py:70: DeprecationWarning: This process (pid=634) is multi-threaded, use of fork() may lead to deadlocks in the child.
  pid = os.fork()

[2024-10-10T18:55:51.596+0000] {standard_task_runner.py:72} INFO - Started process 636 to run task
[2024-10-10T18:55:51.596+0000] {standard_task_runner.py:104} INFO - Running: ['***', 'tasks', 'run', 'LoadWebScraping', 'submit_job', 'manual__2024-10-10T18:55:49.764668+00:00', '--job-id', '1599', '--raw', '--subdir', 'DAGS_FOLDER/LoadWebScraping.py', '--cfg-path', '/tmp/tmps7uokr9n']
[2024-10-10T18:55:51.598+0000] {standard_task_runner.py:105} INFO - Job 1599: Subtask submit_job
[2024-10-10T18:55:51.645+0000] {task_command.py:467} INFO - Running <TaskInstance: LoadWebScraping.submit_job manual__2024-10-10T18:55:49.764668+00:00 [running]> on host 6f21323f9f5f
[2024-10-10T18:55:51.874+0000] {taskinstance.py:3131} INFO - Exporting env vars: AIRFLOW_CTX_DAG_OWNER='***' AIRFLOW_CTX_DAG_ID='LoadWebScraping' AIRFLOW_CTX_TASK_ID='submit_job' AIRFLOW_CTX_EXECUTION_DATE='2024-10-10T18:55:49.764668+00:00' AIRFLOW_CTX_TRY_NUMBER='1' AIRFLOW_CTX_DAG_RUN_ID='manual__2024-10-10T18:55:49.764668+00:00'
[2024-10-10T18:55:51.875+0000] {taskinstance.py:731} INFO - ::endgroup::
[2024-10-10T18:55:51.893+0000] {base.py:84} INFO - Retrieving connection 'spark_default'
[2024-10-10T18:55:51.895+0000] {spark_submit.py:403} INFO - Spark-Submit cmd: spark-submit --master spark://spark:7077 --jars /opt/bitnami/spark/jars/postgresql-42.5.0.jar --name arrow-spark --deploy-mode client /opt/bitnami/spark/src/scripts_spark/LoadFileToDB.py
[2024-10-10T18:55:53.584+0000] {spark_submit.py:579} INFO - 24/10/10 18:55:53 WARN NativeCodeLoader: Unable to load native-hadoop library for your platform... using builtin-java classes where applicable
[2024-10-10T18:55:53.761+0000] {spark_submit.py:579} INFO - 24/10/10 18:55:53 WARN DependencyUtils: Local jar /opt/bitnami/spark/jars/postgresql-42.5.0.jar does not exist, skipping.
[2024-10-10T18:55:55.021+0000] {spark_submit.py:579} INFO - 24/10/10 18:55:55 INFO SparkContext: Running Spark version 3.5.2
[2024-10-10T18:55:55.022+0000] {spark_submit.py:579} INFO - 24/10/10 18:55:55 INFO SparkContext: OS info Linux, 5.15.153.1-microsoft-standard-WSL2, amd64
[2024-10-10T18:55:55.022+0000] {spark_submit.py:579} INFO - 24/10/10 18:55:55 INFO SparkContext: Java version 17.0.12
[2024-10-10T18:55:55.043+0000] {spark_submit.py:579} INFO - 24/10/10 18:55:55 INFO ResourceUtils: ==============================================================
[2024-10-10T18:55:55.044+0000] {spark_submit.py:579} INFO - 24/10/10 18:55:55 INFO ResourceUtils: No custom resources configured for spark.driver.
[2024-10-10T18:55:55.045+0000] {spark_submit.py:579} INFO - 24/10/10 18:55:55 INFO ResourceUtils: ==============================================================
[2024-10-10T18:55:55.045+0000] {spark_submit.py:579} INFO - 24/10/10 18:55:55 INFO SparkContext: Submitted application: Load Parquet
[2024-10-10T18:55:55.060+0000] {spark_submit.py:579} INFO - 24/10/10 18:55:55 INFO ResourceProfile: Default ResourceProfile created, executor resources: Map(memory -> name: memory, amount: 1024, script: , vendor: , offHeap -> name: offHeap, amount: 0, script: , vendor: ), task resources: Map(cpus -> name: cpus, amount: 1.0)
[2024-10-10T18:55:55.067+0000] {spark_submit.py:579} INFO - 24/10/10 18:55:55 INFO ResourceProfile: Limiting resource is cpu
[2024-10-10T18:55:55.068+0000] {spark_submit.py:579} INFO - 24/10/10 18:55:55 INFO ResourceProfileManager: Added ResourceProfile id: 0
[2024-10-10T18:55:55.106+0000] {spark_submit.py:579} INFO - 24/10/10 18:55:55 INFO SecurityManager: Changing view acls to: ***
[2024-10-10T18:55:55.107+0000] {spark_submit.py:579} INFO - 24/10/10 18:55:55 INFO SecurityManager: Changing modify acls to: ***
[2024-10-10T18:55:55.107+0000] {spark_submit.py:579} INFO - 24/10/10 18:55:55 INFO SecurityManager: Changing view acls groups to:
[2024-10-10T18:55:55.108+0000] {spark_submit.py:579} INFO - 24/10/10 18:55:55 INFO SecurityManager: Changing modify acls groups to:
[2024-10-10T18:55:55.109+0000] {spark_submit.py:579} INFO - 24/10/10 18:55:55 INFO SecurityManager: SecurityManager: authentication disabled; ui acls disabled; users with view permissions: ***; groups with view permissions: EMPTY; users with modify permissions: ***; groups with modify permissions: EMPTY
[2024-10-10T18:55:55.296+0000] {spark_submit.py:579} INFO - 24/10/10 18:55:55 INFO Utils: Successfully started service 'sparkDriver' on port 35769.
[2024-10-10T18:55:55.334+0000] {spark_submit.py:579} INFO - 24/10/10 18:55:55 INFO SparkEnv: Registering MapOutputTracker
[2024-10-10T18:55:55.371+0000] {spark_submit.py:579} INFO - 24/10/10 18:55:55 INFO SparkEnv: Registering BlockManagerMaster
[2024-10-10T18:55:55.385+0000] {spark_submit.py:579} INFO - 24/10/10 18:55:55 INFO BlockManagerMasterEndpoint: Using org.apache.spark.storage.DefaultTopologyMapper for getting topology information
[2024-10-10T18:55:55.387+0000] {spark_submit.py:579} INFO - 24/10/10 18:55:55 INFO BlockManagerMasterEndpoint: BlockManagerMasterEndpoint up
[2024-10-10T18:55:55.391+0000] {spark_submit.py:579} INFO - 24/10/10 18:55:55 INFO SparkEnv: Registering BlockManagerMasterHeartbeat
[2024-10-10T18:55:55.413+0000] {spark_submit.py:579} INFO - 24/10/10 18:55:55 INFO DiskBlockManager: Created local directory at /tmp/blockmgr-33724cc8-1fd6-418c-999d-141b94567dfe
[2024-10-10T18:55:55.426+0000] {spark_submit.py:579} INFO - 24/10/10 18:55:55 INFO MemoryStore: MemoryStore started with capacity 434.4 MiB
[2024-10-10T18:55:55.443+0000] {spark_submit.py:579} INFO - 24/10/10 18:55:55 INFO SparkEnv: Registering OutputCommitCoordinator
[2024-10-10T18:55:55.586+0000] {spark_submit.py:579} INFO - 24/10/10 18:55:55 INFO JettyUtils: Start Jetty 0.0.0.0:4040 for SparkUI
[2024-10-10T18:55:55.648+0000] {spark_submit.py:579} INFO - 24/10/10 18:55:55 INFO Utils: Successfully started service 'SparkUI' on port 4040.
[2024-10-10T18:55:55.681+0000] {spark_submit.py:579} INFO - 24/10/10 18:55:55 ERROR SparkContext: Failed to add /opt/bitnami/spark/jars/postgresql-42.5.0.jar to Spark environment
[2024-10-10T18:55:55.682+0000] {spark_submit.py:579} INFO - java.io.FileNotFoundException: Jar /opt/bitnami/spark/jars/postgresql-42.5.0.jar not found
[2024-10-10T18:55:55.684+0000] {spark_submit.py:579} INFO - at org.apache.spark.SparkContext.addLocalJarFile$1(SparkContext.scala:2095)
[2024-10-10T18:55:55.684+0000] {spark_submit.py:579} INFO - at org.apache.spark.SparkContext.addJar(SparkContext.scala:2151)
[2024-10-10T18:55:55.685+0000] {spark_submit.py:579} INFO - at org.apache.spark.SparkContext.$anonfun$new$15(SparkContext.scala:521)
[2024-10-10T18:55:55.685+0000] {spark_submit.py:579} INFO - at org.apache.spark.SparkContext.$anonfun$new$15$adapted(SparkContext.scala:521)
[2024-10-10T18:55:55.686+0000] {spark_submit.py:579} INFO - at scala.collection.mutable.ResizableArray.foreach(ResizableArray.scala:62)
[2024-10-10T18:55:55.686+0000] {spark_submit.py:579} INFO - at scala.collection.mutable.ResizableArray.foreach$(ResizableArray.scala:55)
[2024-10-10T18:55:55.686+0000] {spark_submit.py:579} INFO - at scala.collection.mutable.ArrayBuffer.foreach(ArrayBuffer.scala:49)
[2024-10-10T18:55:55.687+0000] {spark_submit.py:579} INFO - at org.apache.spark.SparkContext.<init>(SparkContext.scala:521)
[2024-10-10T18:55:55.687+0000] {spark_submit.py:579} INFO - at org.apache.spark.api.java.JavaSparkContext.<init>(JavaSparkContext.scala:58)
[2024-10-10T18:55:55.691+0000] {spark_submit.py:579} INFO - at java.base/jdk.internal.reflect.NativeConstructorAccessorImpl.newInstance0(Native Method)
[2024-10-10T18:55:55.692+0000] {spark_submit.py:579} INFO - at java.base/jdk.internal.reflect.NativeConstructorAccessorImpl.newInstance(NativeConstructorAccessorImpl.java:77)
[2024-10-10T18:55:55.692+0000] {spark_submit.py:579} INFO - at java.base/jdk.internal.reflect.DelegatingConstructorAccessorImpl.newInstance(DelegatingConstructorAccessorImpl.java:45)
[2024-10-10T18:55:55.693+0000] {spark_submit.py:579} INFO - at java.base/java.lang.reflect.Constructor.newInstanceWithCaller(Constructor.java:500)
[2024-10-10T18:55:55.693+0000] {spark_submit.py:579} INFO - at java.base/java.lang.reflect.Constructor.newInstance(Constructor.java:481)
[2024-10-10T18:55:55.695+0000] {spark_submit.py:579} INFO - at py4j.reflection.MethodInvoker.invoke(MethodInvoker.java:247)
[2024-10-10T18:55:55.698+0000] {spark_submit.py:579} INFO - at py4j.reflection.ReflectionEngine.invoke(ReflectionEngine.java:374)
[2024-10-10T18:55:55.699+0000] {spark_submit.py:579} INFO - at py4j.Gateway.invoke(Gateway.java:238)
[2024-10-10T18:55:55.700+0000] {spark_submit.py:579} INFO - at py4j.commands.ConstructorCommand.invokeConstructor(ConstructorCommand.java:80)
[2024-10-10T18:55:55.701+0000] {spark_submit.py:579} INFO - at py4j.commands.ConstructorCommand.execute(ConstructorCommand.java:69)
[2024-10-10T18:55:55.702+0000] {spark_submit.py:579} INFO - at py4j.ClientServerConnection.waitForCommands(ClientServerConnection.java:182)
[2024-10-10T18:55:55.703+0000] {spark_submit.py:579} INFO - at py4j.ClientServerConnection.run(ClientServerConnection.java:106)
[2024-10-10T18:55:55.704+0000] {spark_submit.py:579} INFO - at java.base/java.lang.Thread.run(Thread.java:840)
[2024-10-10T18:55:55.767+0000] {spark_submit.py:579} INFO - 24/10/10 18:55:55 INFO StandaloneAppClient$ClientEndpoint: Connecting to master spark://spark:7077...
[2024-10-10T18:55:55.812+0000] {spark_submit.py:579} INFO - 24/10/10 18:55:55 INFO TransportClientFactory: Successfully created connection to spark/172.18.0.2:7077 after 26 ms (0 ms spent in bootstraps)
[2024-10-10T18:55:55.878+0000] {spark_submit.py:579} INFO - 24/10/10 18:55:55 INFO StandaloneSchedulerBackend: Connected to Spark cluster with app ID app-20241010185555-0002
[2024-10-10T18:55:55.881+0000] {spark_submit.py:579} INFO - 24/10/10 18:55:55 INFO StandaloneAppClient$ClientEndpoint: Executor added: app-20241010185555-0002/0 on worker-20241010183721-172.18.0.6-46595 (172.18.0.6:46595) with 6 core(s)
[2024-10-10T18:55:55.883+0000] {spark_submit.py:579} INFO - 24/10/10 18:55:55 INFO StandaloneSchedulerBackend: Granted executor ID app-20241010185555-0002/0 on hostPort 172.18.0.6:46595 with 6 core(s), 1024.0 MiB RAM
[2024-10-10T18:55:55.887+0000] {spark_submit.py:579} INFO - 24/10/10 18:55:55 INFO Utils: Successfully started service 'org.apache.spark.network.netty.NettyBlockTransferService' on port 45455.
[2024-10-10T18:55:55.887+0000] {spark_submit.py:579} INFO - 24/10/10 18:55:55 INFO NettyBlockTransferService: Server created on 6f21323f9f5f:45455
[2024-10-10T18:55:55.889+0000] {spark_submit.py:579} INFO - 24/10/10 18:55:55 INFO BlockManager: Using org.apache.spark.storage.RandomBlockReplicationPolicy for block replication policy
[2024-10-10T18:55:55.894+0000] {spark_submit.py:579} INFO - 24/10/10 18:55:55 INFO BlockManagerMaster: Registering BlockManager BlockManagerId(driver, 6f21323f9f5f, 45455, None)
[2024-10-10T18:55:55.897+0000] {spark_submit.py:579} INFO - 24/10/10 18:55:55 INFO BlockManagerMasterEndpoint: Registering block manager 6f21323f9f5f:45455 with 434.4 MiB RAM, BlockManagerId(driver, 6f21323f9f5f, 45455, None)
[2024-10-10T18:55:55.899+0000] {spark_submit.py:579} INFO - 24/10/10 18:55:55 INFO BlockManagerMaster: Registered BlockManager BlockManagerId(driver, 6f21323f9f5f, 45455, None)
[2024-10-10T18:55:55.900+0000] {spark_submit.py:579} INFO - 24/10/10 18:55:55 INFO BlockManager: Initialized BlockManager: BlockManagerId(driver, 6f21323f9f5f, 45455, None)
[2024-10-10T18:55:55.922+0000] {spark_submit.py:579} INFO - 24/10/10 18:55:55 INFO StandaloneAppClient$ClientEndpoint: Executor updated: app-20241010185555-0002/0 is now RUNNING
[2024-10-10T18:55:56.088+0000] {spark_submit.py:579} INFO - 24/10/10 18:55:56 INFO StandaloneSchedulerBackend: SchedulerBackend is ready for scheduling beginning after reached minRegisteredResourcesRatio: 0.0
[2024-10-10T18:55:56.272+0000] {spark_submit.py:579} INFO - 24/10/10 18:55:56 INFO SharedState: Setting hive.metastore.warehouse.dir ('null') to the value of spark.sql.warehouse.dir.
[2024-10-10T18:55:56.276+0000] {spark_submit.py:579} INFO - 24/10/10 18:55:56 INFO SharedState: Warehouse path is 'file:/opt/***/spark-warehouse'.
[2024-10-10T18:55:57.246+0000] {spark_submit.py:579} INFO - 24/10/10 18:55:57 INFO InMemoryFileIndex: It took 76 ms to list leaf files for 1 paths.
[2024-10-10T18:55:57.622+0000] {spark_submit.py:579} INFO - 24/10/10 18:55:57 INFO SparkContext: Starting job: parquet at NativeMethodAccessorImpl.java:0
[2024-10-10T18:55:57.634+0000] {spark_submit.py:579} INFO - 24/10/10 18:55:57 INFO DAGScheduler: Got job 0 (parquet at NativeMethodAccessorImpl.java:0) with 1 output partitions
[2024-10-10T18:55:57.636+0000] {spark_submit.py:579} INFO - 24/10/10 18:55:57 INFO DAGScheduler: Final stage: ResultStage 0 (parquet at NativeMethodAccessorImpl.java:0)
[2024-10-10T18:55:57.636+0000] {spark_submit.py:579} INFO - 24/10/10 18:55:57 INFO DAGScheduler: Parents of final stage: List()
[2024-10-10T18:55:57.637+0000] {spark_submit.py:579} INFO - 24/10/10 18:55:57 INFO DAGScheduler: Missing parents: List()
[2024-10-10T18:55:57.644+0000] {spark_submit.py:579} INFO - 24/10/10 18:55:57 INFO DAGScheduler: Submitting ResultStage 0 (MapPartitionsRDD[1] at parquet at NativeMethodAccessorImpl.java:0), which has no missing parents
[2024-10-10T18:55:57.703+0000] {spark_submit.py:579} INFO - 24/10/10 18:55:57 INFO MemoryStore: Block broadcast_0 stored as values in memory (estimated size 103.4 KiB, free 434.3 MiB)
[2024-10-10T18:55:57.732+0000] {spark_submit.py:579} INFO - 24/10/10 18:55:57 INFO MemoryStore: Block broadcast_0_piece0 stored as bytes in memory (estimated size 37.3 KiB, free 434.3 MiB)
[2024-10-10T18:55:57.737+0000] {spark_submit.py:579} INFO - 24/10/10 18:55:57 INFO BlockManagerInfo: Added broadcast_0_piece0 in memory on 6f21323f9f5f:45455 (size: 37.3 KiB, free: 434.4 MiB)
[2024-10-10T18:55:57.741+0000] {spark_submit.py:579} INFO - 24/10/10 18:55:57 INFO SparkContext: Created broadcast 0 from broadcast at DAGScheduler.scala:1585
[2024-10-10T18:55:57.767+0000] {spark_submit.py:579} INFO - 24/10/10 18:55:57 INFO DAGScheduler: Submitting 1 missing tasks from ResultStage 0 (MapPartitionsRDD[1] at parquet at NativeMethodAccessorImpl.java:0) (first 15 tasks are for partitions Vector(0))
[2024-10-10T18:55:57.768+0000] {spark_submit.py:579} INFO - 24/10/10 18:55:57 INFO TaskSchedulerImpl: Adding task set 0.0 with 1 tasks resource profile 0
[2024-10-10T18:55:58.457+0000] {spark_submit.py:579} INFO - 24/10/10 18:55:58 INFO StandaloneSchedulerBackend$StandaloneDriverEndpoint: Registered executor NettyRpcEndpointRef(spark-client://Executor) (172.18.0.6:57784) with ID 0,  ResourceProfileId 0
[2024-10-10T18:55:58.520+0000] {spark_submit.py:579} INFO - 24/10/10 18:55:58 INFO BlockManagerMasterEndpoint: Registering block manager 172.18.0.6:45073 with 434.4 MiB RAM, BlockManagerId(0, 172.18.0.6, 45073, None)
[2024-10-10T18:55:58.585+0000] {spark_submit.py:579} INFO - 24/10/10 18:55:58 INFO TaskSetManager: Starting task 0.0 in stage 0.0 (TID 0) (172.18.0.6, executor 0, partition 0, PROCESS_LOCAL, 9238 bytes)
[2024-10-10T18:55:58.769+0000] {spark_submit.py:579} INFO - 24/10/10 18:55:58 INFO BlockManagerInfo: Added broadcast_0_piece0 in memory on 172.18.0.6:45073 (size: 37.3 KiB, free: 434.4 MiB)
[2024-10-10T18:55:59.664+0000] {spark_submit.py:579} INFO - 24/10/10 18:55:59 INFO TaskSetManager: Finished task 0.0 in stage 0.0 (TID 0) in 1088 ms on 172.18.0.6 (executor 0) (1/1)
[2024-10-10T18:55:59.666+0000] {spark_submit.py:579} INFO - 24/10/10 18:55:59 INFO TaskSchedulerImpl: Removed TaskSet 0.0, whose tasks have all completed, from pool
[2024-10-10T18:55:59.670+0000] {spark_submit.py:579} INFO - 24/10/10 18:55:59 INFO DAGScheduler: ResultStage 0 (parquet at NativeMethodAccessorImpl.java:0) finished in 2.010 s
[2024-10-10T18:55:59.673+0000] {spark_submit.py:579} INFO - 24/10/10 18:55:59 INFO DAGScheduler: Job 0 is finished. Cancelling potential speculative or zombie tasks for this job
[2024-10-10T18:55:59.674+0000] {spark_submit.py:579} INFO - 24/10/10 18:55:59 INFO TaskSchedulerImpl: Killing all running tasks in stage 0: Stage finished
[2024-10-10T18:55:59.675+0000] {spark_submit.py:579} INFO - 24/10/10 18:55:59 INFO DAGScheduler: Job 0 finished: parquet at NativeMethodAccessorImpl.java:0, took 2.055178 s
[2024-10-10T18:55:59.756+0000] {spark_submit.py:579} INFO - 24/10/10 18:55:59 INFO BlockManagerInfo: Removed broadcast_0_piece0 on 172.18.0.6:45073 in memory (size: 37.3 KiB, free: 434.4 MiB)
[2024-10-10T18:55:59.761+0000] {spark_submit.py:579} INFO - 24/10/10 18:55:59 INFO BlockManagerInfo: Removed broadcast_0_piece0 on 6f21323f9f5f:45455 in memory (size: 37.3 KiB, free: 434.4 MiB)
[2024-10-10T18:56:00.553+0000] {spark_submit.py:579} INFO - 24/10/10 18:56:00 INFO FileSourceStrategy: Pushed Filters:
[2024-10-10T18:56:00.554+0000] {spark_submit.py:579} INFO - 24/10/10 18:56:00 INFO FileSourceStrategy: Post-Scan Filters:
[2024-10-10T18:56:00.827+0000] {spark_submit.py:579} INFO - 24/10/10 18:56:00 INFO CodeGenerator: Code generated in 155.437816 ms
[2024-10-10T18:56:00.852+0000] {spark_submit.py:579} INFO - 24/10/10 18:56:00 INFO MemoryStore: Block broadcast_1 stored as values in memory (estimated size 201.3 KiB, free 434.2 MiB)
[2024-10-10T18:56:00.861+0000] {spark_submit.py:579} INFO - 24/10/10 18:56:00 INFO MemoryStore: Block broadcast_1_piece0 stored as bytes in memory (estimated size 35.0 KiB, free 434.2 MiB)
[2024-10-10T18:56:00.862+0000] {spark_submit.py:579} INFO - 24/10/10 18:56:00 INFO BlockManagerInfo: Added broadcast_1_piece0 in memory on 6f21323f9f5f:45455 (size: 35.0 KiB, free: 434.4 MiB)
[2024-10-10T18:56:00.863+0000] {spark_submit.py:579} INFO - 24/10/10 18:56:00 INFO SparkContext: Created broadcast 1 from showString at NativeMethodAccessorImpl.java:0
[2024-10-10T18:56:00.873+0000] {spark_submit.py:579} INFO - 24/10/10 18:56:00 INFO FileSourceScanExec: Planning scan with bin packing, max size: 4194304 bytes, open cost is considered as scanning 4194304 bytes.
[2024-10-10T18:56:00.908+0000] {spark_submit.py:579} INFO - 24/10/10 18:56:00 INFO SparkContext: Starting job: showString at NativeMethodAccessorImpl.java:0
[2024-10-10T18:56:00.909+0000] {spark_submit.py:579} INFO - 24/10/10 18:56:00 INFO DAGScheduler: Got job 1 (showString at NativeMethodAccessorImpl.java:0) with 1 output partitions
[2024-10-10T18:56:00.911+0000] {spark_submit.py:579} INFO - 24/10/10 18:56:00 INFO DAGScheduler: Final stage: ResultStage 1 (showString at NativeMethodAccessorImpl.java:0)
[2024-10-10T18:56:00.912+0000] {spark_submit.py:579} INFO - 24/10/10 18:56:00 INFO DAGScheduler: Parents of final stage: List()
[2024-10-10T18:56:00.913+0000] {spark_submit.py:579} INFO - 24/10/10 18:56:00 INFO DAGScheduler: Missing parents: List()
[2024-10-10T18:56:00.925+0000] {spark_submit.py:579} INFO - 24/10/10 18:56:00 INFO DAGScheduler: Submitting ResultStage 1 (MapPartitionsRDD[5] at showString at NativeMethodAccessorImpl.java:0), which has no missing parents
[2024-10-10T18:56:00.939+0000] {spark_submit.py:579} INFO - 24/10/10 18:56:00 INFO MemoryStore: Block broadcast_2 stored as values in memory (estimated size 14.8 KiB, free 434.2 MiB)
[2024-10-10T18:56:00.942+0000] {spark_submit.py:579} INFO - 24/10/10 18:56:00 INFO MemoryStore: Block broadcast_2_piece0 stored as bytes in memory (estimated size 6.4 KiB, free 434.1 MiB)
[2024-10-10T18:56:00.943+0000] {spark_submit.py:579} INFO - 24/10/10 18:56:00 INFO BlockManagerInfo: Added broadcast_2_piece0 in memory on 6f21323f9f5f:45455 (size: 6.4 KiB, free: 434.4 MiB)
[2024-10-10T18:56:00.944+0000] {spark_submit.py:579} INFO - 24/10/10 18:56:00 INFO SparkContext: Created broadcast 2 from broadcast at DAGScheduler.scala:1585
[2024-10-10T18:56:00.946+0000] {spark_submit.py:579} INFO - 24/10/10 18:56:00 INFO DAGScheduler: Submitting 1 missing tasks from ResultStage 1 (MapPartitionsRDD[5] at showString at NativeMethodAccessorImpl.java:0) (first 15 tasks are for partitions Vector(0))
[2024-10-10T18:56:00.947+0000] {spark_submit.py:579} INFO - 24/10/10 18:56:00 INFO TaskSchedulerImpl: Adding task set 1.0 with 1 tasks resource profile 0
[2024-10-10T18:56:00.949+0000] {spark_submit.py:579} INFO - 24/10/10 18:56:00 INFO TaskSetManager: Starting task 0.0 in stage 1.0 (TID 1) (172.18.0.6, executor 0, partition 0, PROCESS_LOCAL, 9708 bytes)
[2024-10-10T18:56:01.027+0000] {spark_submit.py:579} INFO - 24/10/10 18:56:01 INFO BlockManagerInfo: Added broadcast_2_piece0 in memory on 172.18.0.6:45073 (size: 6.4 KiB, free: 434.4 MiB)
[2024-10-10T18:56:01.617+0000] {spark_submit.py:579} INFO - 24/10/10 18:56:01 INFO BlockManagerInfo: Added broadcast_1_piece0 in memory on 172.18.0.6:45073 (size: 35.0 KiB, free: 434.4 MiB)
[2024-10-10T18:56:01.962+0000] {spark_submit.py:579} INFO - 24/10/10 18:56:01 INFO TaskSetManager: Finished task 0.0 in stage 1.0 (TID 1) in 1015 ms on 172.18.0.6 (executor 0) (1/1)
[2024-10-10T18:56:01.963+0000] {spark_submit.py:579} INFO - 24/10/10 18:56:01 INFO TaskSchedulerImpl: Removed TaskSet 1.0, whose tasks have all completed, from pool
[2024-10-10T18:56:01.964+0000] {spark_submit.py:579} INFO - 24/10/10 18:56:01 INFO DAGScheduler: ResultStage 1 (showString at NativeMethodAccessorImpl.java:0) finished in 1.050 s
[2024-10-10T18:56:01.965+0000] {spark_submit.py:579} INFO - 24/10/10 18:56:01 INFO DAGScheduler: Job 1 is finished. Cancelling potential speculative or zombie tasks for this job
[2024-10-10T18:56:01.965+0000] {spark_submit.py:579} INFO - 24/10/10 18:56:01 INFO TaskSchedulerImpl: Killing all running tasks in stage 1: Stage finished
[2024-10-10T18:56:01.966+0000] {spark_submit.py:579} INFO - 24/10/10 18:56:01 INFO DAGScheduler: Job 1 finished: showString at NativeMethodAccessorImpl.java:0, took 1.056725 s
[2024-10-10T18:56:02.249+0000] {spark_submit.py:579} INFO - 24/10/10 18:56:02 INFO BlockManagerInfo: Removed broadcast_2_piece0 on 6f21323f9f5f:45455 in memory (size: 6.4 KiB, free: 434.4 MiB)
[2024-10-10T18:56:02.250+0000] {spark_submit.py:579} INFO - 24/10/10 18:56:02 INFO BlockManagerInfo: Removed broadcast_2_piece0 on 172.18.0.6:45073 in memory (size: 6.4 KiB, free: 434.4 MiB)
[2024-10-10T18:56:02.797+0000] {spark_submit.py:579} INFO - 24/10/10 18:56:02 INFO CodeGenerator: Code generated in 11.343304 ms
[2024-10-10T18:56:02.805+0000] {spark_submit.py:579} INFO - +------+-------+
[2024-10-10T18:56:02.806+0000] {spark_submit.py:579} INFO - |  site|id_site|
[2024-10-10T18:56:02.807+0000] {spark_submit.py:579} INFO - +------+-------+
[2024-10-10T18:56:02.807+0000] {spark_submit.py:579} INFO - | kabum|      1|
[2024-10-10T18:56:02.808+0000] {spark_submit.py:579} INFO - |pichau|      2|
[2024-10-10T18:56:02.808+0000] {spark_submit.py:579} INFO - +------+-------+
[2024-10-10T18:56:02.809+0000] {spark_submit.py:579} INFO - 
[2024-10-10T18:56:02.910+0000] {spark_submit.py:579} INFO - Traceback (most recent call last):
[2024-10-10T18:56:02.912+0000] {spark_submit.py:579} INFO - File "/opt/bitnami/spark/src/scripts_spark/LoadFileToDB.py", line 22, in <module>
[2024-10-10T18:56:02.920+0000] {spark_submit.py:579} INFO - .save()
[2024-10-10T18:56:02.923+0000] {spark_submit.py:579} INFO - ^^^^^^
[2024-10-10T18:56:02.925+0000] {spark_submit.py:579} INFO - File "/home/***/.local/lib/python3.12/site-packages/pyspark/python/lib/pyspark.zip/pyspark/sql/readwriter.py", line 1461, in save
[2024-10-10T18:56:02.927+0000] {spark_submit.py:579} INFO - File "/home/***/.local/lib/python3.12/site-packages/pyspark/python/lib/py4j-0.10.9.7-src.zip/py4j/java_gateway.py", line 1322, in __call__
[2024-10-10T18:56:02.929+0000] {spark_submit.py:579} INFO - File "/home/***/.local/lib/python3.12/site-packages/pyspark/python/lib/pyspark.zip/pyspark/errors/exceptions/captured.py", line 179, in deco
[2024-10-10T18:56:02.934+0000] {spark_submit.py:579} INFO - File "/home/***/.local/lib/python3.12/site-packages/pyspark/python/lib/py4j-0.10.9.7-src.zip/py4j/protocol.py", line 326, in get_return_value
[2024-10-10T18:56:02.943+0000] {spark_submit.py:579} INFO - py4j.protocol.Py4JJavaError: An error occurred while calling o37.save.
[2024-10-10T18:56:02.945+0000] {spark_submit.py:579} INFO - : java.sql.SQLException: No suitable driver
[2024-10-10T18:56:02.947+0000] {spark_submit.py:579} INFO - at java.sql/java.sql.DriverManager.getDriver(DriverManager.java:299)
[2024-10-10T18:56:02.951+0000] {spark_submit.py:579} INFO - at org.apache.spark.sql.execution.datasources.jdbc.JDBCOptions.$anonfun$driverClass$2(JDBCOptions.scala:109)
[2024-10-10T18:56:02.953+0000] {spark_submit.py:579} INFO - at scala.Option.getOrElse(Option.scala:189)
[2024-10-10T18:56:02.954+0000] {spark_submit.py:579} INFO - at org.apache.spark.sql.execution.datasources.jdbc.JDBCOptions.<init>(JDBCOptions.scala:109)
[2024-10-10T18:56:02.956+0000] {spark_submit.py:579} INFO - at org.apache.spark.sql.execution.datasources.jdbc.JdbcOptionsInWrite.<init>(JDBCOptions.scala:254)
[2024-10-10T18:56:02.958+0000] {spark_submit.py:579} INFO - at org.apache.spark.sql.execution.datasources.jdbc.JdbcOptionsInWrite.<init>(JDBCOptions.scala:258)
[2024-10-10T18:56:02.960+0000] {spark_submit.py:579} INFO - at org.apache.spark.sql.execution.datasources.jdbc.JdbcRelationProvider.createRelation(JdbcRelationProvider.scala:47)
[2024-10-10T18:56:02.961+0000] {spark_submit.py:579} INFO - at org.apache.spark.sql.execution.datasources.SaveIntoDataSourceCommand.run(SaveIntoDataSourceCommand.scala:48)
[2024-10-10T18:56:02.961+0000] {spark_submit.py:579} INFO - at org.apache.spark.sql.execution.command.ExecutedCommandExec.sideEffectResult$lzycompute(commands.scala:75)
[2024-10-10T18:56:02.962+0000] {spark_submit.py:579} INFO - at org.apache.spark.sql.execution.command.ExecutedCommandExec.sideEffectResult(commands.scala:73)
[2024-10-10T18:56:02.963+0000] {spark_submit.py:579} INFO - at org.apache.spark.sql.execution.command.ExecutedCommandExec.executeCollect(commands.scala:84)
[2024-10-10T18:56:02.964+0000] {spark_submit.py:579} INFO - at org.apache.spark.sql.execution.QueryExecution$$anonfun$eagerlyExecuteCommands$1.$anonfun$applyOrElse$1(QueryExecution.scala:107)
[2024-10-10T18:56:02.964+0000] {spark_submit.py:579} INFO - at org.apache.spark.sql.execution.SQLExecution$.$anonfun$withNewExecutionId$6(SQLExecution.scala:125)
[2024-10-10T18:56:02.965+0000] {spark_submit.py:579} INFO - at org.apache.spark.sql.execution.SQLExecution$.withSQLConfPropagated(SQLExecution.scala:201)
[2024-10-10T18:56:02.966+0000] {spark_submit.py:579} INFO - at org.apache.spark.sql.execution.SQLExecution$.$anonfun$withNewExecutionId$1(SQLExecution.scala:108)
[2024-10-10T18:56:02.966+0000] {spark_submit.py:579} INFO - at org.apache.spark.sql.SparkSession.withActive(SparkSession.scala:900)
[2024-10-10T18:56:02.967+0000] {spark_submit.py:579} INFO - at org.apache.spark.sql.execution.SQLExecution$.withNewExecutionId(SQLExecution.scala:66)
[2024-10-10T18:56:02.968+0000] {spark_submit.py:579} INFO - at org.apache.spark.sql.execution.QueryExecution$$anonfun$eagerlyExecuteCommands$1.applyOrElse(QueryExecution.scala:107)
[2024-10-10T18:56:02.968+0000] {spark_submit.py:579} INFO - at org.apache.spark.sql.execution.QueryExecution$$anonfun$eagerlyExecuteCommands$1.applyOrElse(QueryExecution.scala:98)
[2024-10-10T18:56:02.969+0000] {spark_submit.py:579} INFO - at org.apache.spark.sql.catalyst.trees.TreeNode.$anonfun$transformDownWithPruning$1(TreeNode.scala:461)
[2024-10-10T18:56:02.970+0000] {spark_submit.py:579} INFO - at org.apache.spark.sql.catalyst.trees.CurrentOrigin$.withOrigin(origin.scala:76)
[2024-10-10T18:56:02.970+0000] {spark_submit.py:579} INFO - at org.apache.spark.sql.catalyst.trees.TreeNode.transformDownWithPruning(TreeNode.scala:461)
[2024-10-10T18:56:02.971+0000] {spark_submit.py:579} INFO - at org.apache.spark.sql.catalyst.plans.logical.LogicalPlan.org$apache$spark$sql$catalyst$plans$logical$AnalysisHelper$$super$transformDownWithPruning(LogicalPlan.scala:32)
[2024-10-10T18:56:02.972+0000] {spark_submit.py:579} INFO - at org.apache.spark.sql.catalyst.plans.logical.AnalysisHelper.transformDownWithPruning(AnalysisHelper.scala:267)
[2024-10-10T18:56:02.972+0000] {spark_submit.py:579} INFO - at org.apache.spark.sql.catalyst.plans.logical.AnalysisHelper.transformDownWithPruning$(AnalysisHelper.scala:263)
[2024-10-10T18:56:02.973+0000] {spark_submit.py:579} INFO - at org.apache.spark.sql.catalyst.plans.logical.LogicalPlan.transformDownWithPruning(LogicalPlan.scala:32)
[2024-10-10T18:56:02.974+0000] {spark_submit.py:579} INFO - at org.apache.spark.sql.catalyst.plans.logical.LogicalPlan.transformDownWithPruning(LogicalPlan.scala:32)
[2024-10-10T18:56:02.974+0000] {spark_submit.py:579} INFO - at org.apache.spark.sql.catalyst.trees.TreeNode.transformDown(TreeNode.scala:437)
[2024-10-10T18:56:02.975+0000] {spark_submit.py:579} INFO - at org.apache.spark.sql.execution.QueryExecution.eagerlyExecuteCommands(QueryExecution.scala:98)
[2024-10-10T18:56:02.976+0000] {spark_submit.py:579} INFO - at org.apache.spark.sql.execution.QueryExecution.commandExecuted$lzycompute(QueryExecution.scala:85)
[2024-10-10T18:56:02.976+0000] {spark_submit.py:579} INFO - at org.apache.spark.sql.execution.QueryExecution.commandExecuted(QueryExecution.scala:83)
[2024-10-10T18:56:02.977+0000] {spark_submit.py:579} INFO - at org.apache.spark.sql.execution.QueryExecution.assertCommandExecuted(QueryExecution.scala:142)
[2024-10-10T18:56:02.977+0000] {spark_submit.py:579} INFO - at org.apache.spark.sql.DataFrameWriter.runCommand(DataFrameWriter.scala:859)
[2024-10-10T18:56:02.978+0000] {spark_submit.py:579} INFO - at org.apache.spark.sql.DataFrameWriter.saveToV1Source(DataFrameWriter.scala:388)
[2024-10-10T18:56:02.978+0000] {spark_submit.py:579} INFO - at org.apache.spark.sql.DataFrameWriter.saveInternal(DataFrameWriter.scala:361)
[2024-10-10T18:56:02.979+0000] {spark_submit.py:579} INFO - at org.apache.spark.sql.DataFrameWriter.save(DataFrameWriter.scala:248)
[2024-10-10T18:56:02.980+0000] {spark_submit.py:579} INFO - at java.base/jdk.internal.reflect.NativeMethodAccessorImpl.invoke0(Native Method)
[2024-10-10T18:56:02.981+0000] {spark_submit.py:579} INFO - at java.base/jdk.internal.reflect.NativeMethodAccessorImpl.invoke(NativeMethodAccessorImpl.java:77)
[2024-10-10T18:56:02.982+0000] {spark_submit.py:579} INFO - at java.base/jdk.internal.reflect.DelegatingMethodAccessorImpl.invoke(DelegatingMethodAccessorImpl.java:43)
[2024-10-10T18:56:02.982+0000] {spark_submit.py:579} INFO - at java.base/java.lang.reflect.Method.invoke(Method.java:569)
[2024-10-10T18:56:02.983+0000] {spark_submit.py:579} INFO - at py4j.reflection.MethodInvoker.invoke(MethodInvoker.java:244)
[2024-10-10T18:56:02.983+0000] {spark_submit.py:579} INFO - at py4j.reflection.ReflectionEngine.invoke(ReflectionEngine.java:374)
[2024-10-10T18:56:02.984+0000] {spark_submit.py:579} INFO - at py4j.Gateway.invoke(Gateway.java:282)
[2024-10-10T18:56:02.984+0000] {spark_submit.py:579} INFO - at py4j.commands.AbstractCommand.invokeMethod(AbstractCommand.java:132)
[2024-10-10T18:56:02.985+0000] {spark_submit.py:579} INFO - at py4j.commands.CallCommand.execute(CallCommand.java:79)
[2024-10-10T18:56:02.985+0000] {spark_submit.py:579} INFO - at py4j.ClientServerConnection.waitForCommands(ClientServerConnection.java:182)
[2024-10-10T18:56:02.986+0000] {spark_submit.py:579} INFO - at py4j.ClientServerConnection.run(ClientServerConnection.java:106)
[2024-10-10T18:56:02.986+0000] {spark_submit.py:579} INFO - at java.base/java.lang.Thread.run(Thread.java:840)
[2024-10-10T18:56:02.986+0000] {spark_submit.py:579} INFO - 
[2024-10-10T18:56:03.014+0000] {spark_submit.py:579} INFO - 24/10/10 18:56:03 INFO SparkContext: Invoking stop() from shutdown hook
[2024-10-10T18:56:03.015+0000] {spark_submit.py:579} INFO - 24/10/10 18:56:03 INFO SparkContext: SparkContext is stopping with exitCode 0.
[2024-10-10T18:56:03.025+0000] {spark_submit.py:579} INFO - 24/10/10 18:56:03 INFO SparkUI: Stopped Spark web UI at http://6f21323f9f5f:4040
[2024-10-10T18:56:03.028+0000] {spark_submit.py:579} INFO - 24/10/10 18:56:03 INFO StandaloneSchedulerBackend: Shutting down all executors
[2024-10-10T18:56:03.028+0000] {spark_submit.py:579} INFO - 24/10/10 18:56:03 INFO StandaloneSchedulerBackend$StandaloneDriverEndpoint: Asking each executor to shut down
[2024-10-10T18:56:03.053+0000] {spark_submit.py:579} INFO - 24/10/10 18:56:03 INFO MapOutputTrackerMasterEndpoint: MapOutputTrackerMasterEndpoint stopped!
[2024-10-10T18:56:03.118+0000] {spark_submit.py:579} INFO - 24/10/10 18:56:03 INFO MemoryStore: MemoryStore cleared
[2024-10-10T18:56:03.120+0000] {spark_submit.py:579} INFO - 24/10/10 18:56:03 INFO BlockManager: BlockManager stopped
[2024-10-10T18:56:03.121+0000] {spark_submit.py:579} INFO - 24/10/10 18:56:03 INFO BlockManagerMaster: BlockManagerMaster stopped
[2024-10-10T18:56:03.126+0000] {spark_submit.py:579} INFO - 24/10/10 18:56:03 INFO OutputCommitCoordinator$OutputCommitCoordinatorEndpoint: OutputCommitCoordinator stopped!
[2024-10-10T18:56:03.153+0000] {spark_submit.py:579} INFO - 24/10/10 18:56:03 INFO SparkContext: Successfully stopped SparkContext
[2024-10-10T18:56:03.160+0000] {spark_submit.py:579} INFO - 24/10/10 18:56:03 INFO ShutdownHookManager: Shutdown hook called
[2024-10-10T18:56:03.161+0000] {spark_submit.py:579} INFO - 24/10/10 18:56:03 INFO ShutdownHookManager: Deleting directory /tmp/spark-f8d81fdf-df50-4760-ab59-28cd948b1aff
[2024-10-10T18:56:03.172+0000] {spark_submit.py:579} INFO - 24/10/10 18:56:03 INFO ShutdownHookManager: Deleting directory /tmp/spark-e9fbba9d-708c-47dc-9a40-e355cab9d457/pyspark-9a3f22c5-0bcb-48cd-b96f-a599ddd16182
[2024-10-10T18:56:03.178+0000] {spark_submit.py:579} INFO - 24/10/10 18:56:03 INFO ShutdownHookManager: Deleting directory /tmp/spark-e9fbba9d-708c-47dc-9a40-e355cab9d457
[2024-10-10T18:56:03.245+0000] {taskinstance.py:3310} ERROR - Task failed with exception
Traceback (most recent call last):
  File "/home/airflow/.local/lib/python3.12/site-packages/airflow/models/taskinstance.py", line 767, in _execute_task
    result = _execute_callable(context=context, **execute_callable_kwargs)
             ^^^^^^^^^^^^^^^^^^^^^^^^^^^^^^^^^^^^^^^^^^^^^^^^^^^^^^^^^^^^^
  File "/home/airflow/.local/lib/python3.12/site-packages/airflow/models/taskinstance.py", line 733, in _execute_callable
    return ExecutionCallableRunner(
           ^^^^^^^^^^^^^^^^^^^^^^^^
  File "/home/airflow/.local/lib/python3.12/site-packages/airflow/utils/operator_helpers.py", line 252, in run
    return self.func(*args, **kwargs)
           ^^^^^^^^^^^^^^^^^^^^^^^^^^
  File "/home/airflow/.local/lib/python3.12/site-packages/airflow/models/baseoperator.py", line 406, in wrapper
    return func(self, *args, **kwargs)
           ^^^^^^^^^^^^^^^^^^^^^^^^^^^
  File "/home/airflow/.local/lib/python3.12/site-packages/airflow/providers/apache/spark/operators/spark_submit.py", line 174, in execute
    self._hook.submit(self.application)
  File "/home/airflow/.local/lib/python3.12/site-packages/airflow/providers/apache/spark/hooks/spark_submit.py", line 505, in submit
    raise AirflowException(
airflow.exceptions.AirflowException: Cannot execute: spark-submit --master spark://spark:7077 --jars /opt/bitnami/spark/jars/postgresql-42.5.0.jar --name arrow-spark --deploy-mode client /opt/bitnami/spark/src/scripts_spark/LoadFileToDB.py. Error code is: 1.
[2024-10-10T18:56:03.249+0000] {taskinstance.py:1225} INFO - Marking task as FAILED. dag_id=LoadWebScraping, task_id=submit_job, run_id=manual__2024-10-10T18:55:49.764668+00:00, execution_date=20241010T185549, start_date=20241010T185551, end_date=20241010T185603
[2024-10-10T18:56:03.266+0000] {taskinstance.py:340} INFO - ::group::Post task execution logs
[2024-10-10T18:56:03.266+0000] {standard_task_runner.py:124} ERROR - Failed to execute job 1599 for task submit_job (Cannot execute: spark-submit --master spark://spark:7077 --jars /opt/bitnami/spark/jars/postgresql-42.5.0.jar --name arrow-spark --deploy-mode client /opt/bitnami/spark/src/scripts_spark/LoadFileToDB.py. Error code is: 1.; 636)
Traceback (most recent call last):
  File "/home/airflow/.local/lib/python3.12/site-packages/airflow/task/task_runner/standard_task_runner.py", line 117, in _start_by_fork
    ret = args.func(args, dag=self.dag)
          ^^^^^^^^^^^^^^^^^^^^^^^^^^^^^
  File "/home/airflow/.local/lib/python3.12/site-packages/airflow/cli/cli_config.py", line 49, in command
    return func(*args, **kwargs)
           ^^^^^^^^^^^^^^^^^^^^^
  File "/home/airflow/.local/lib/python3.12/site-packages/airflow/utils/cli.py", line 115, in wrapper
    return f(*args, **kwargs)
           ^^^^^^^^^^^^^^^^^^
  File "/home/airflow/.local/lib/python3.12/site-packages/airflow/cli/commands/task_command.py", line 483, in task_run
    task_return_code = _run_task_by_selected_method(args, _dag, ti)
                       ^^^^^^^^^^^^^^^^^^^^^^^^^^^^^^^^^^^^^^^^^^^^
  File "/home/airflow/.local/lib/python3.12/site-packages/airflow/cli/commands/task_command.py", line 256, in _run_task_by_selected_method
    return _run_raw_task(args, ti)
           ^^^^^^^^^^^^^^^^^^^^^^^
  File "/home/airflow/.local/lib/python3.12/site-packages/airflow/cli/commands/task_command.py", line 341, in _run_raw_task
    return ti._run_raw_task(
           ^^^^^^^^^^^^^^^^^
  File "/home/airflow/.local/lib/python3.12/site-packages/airflow/utils/session.py", line 97, in wrapper
    return func(*args, session=session, **kwargs)
           ^^^^^^^^^^^^^^^^^^^^^^^^^^^^^^^^^^^^^^
  File "/home/airflow/.local/lib/python3.12/site-packages/airflow/models/taskinstance.py", line 3004, in _run_raw_task
    return _run_raw_task(
           ^^^^^^^^^^^^^^
  File "/home/airflow/.local/lib/python3.12/site-packages/airflow/models/taskinstance.py", line 273, in _run_raw_task
    TaskInstance._execute_task_with_callbacks(
  File "/home/airflow/.local/lib/python3.12/site-packages/airflow/models/taskinstance.py", line 3158, in _execute_task_with_callbacks
    result = self._execute_task(context, task_orig)
             ^^^^^^^^^^^^^^^^^^^^^^^^^^^^^^^^^^^^^^
  File "/home/airflow/.local/lib/python3.12/site-packages/airflow/models/taskinstance.py", line 3182, in _execute_task
    return _execute_task(self, context, task_orig)
           ^^^^^^^^^^^^^^^^^^^^^^^^^^^^^^^^^^^^^^^
  File "/home/airflow/.local/lib/python3.12/site-packages/airflow/models/taskinstance.py", line 767, in _execute_task
    result = _execute_callable(context=context, **execute_callable_kwargs)
             ^^^^^^^^^^^^^^^^^^^^^^^^^^^^^^^^^^^^^^^^^^^^^^^^^^^^^^^^^^^^^
  File "/home/airflow/.local/lib/python3.12/site-packages/airflow/models/taskinstance.py", line 733, in _execute_callable
    return ExecutionCallableRunner(
           ^^^^^^^^^^^^^^^^^^^^^^^^
  File "/home/airflow/.local/lib/python3.12/site-packages/airflow/utils/operator_helpers.py", line 252, in run
    return self.func(*args, **kwargs)
           ^^^^^^^^^^^^^^^^^^^^^^^^^^
  File "/home/airflow/.local/lib/python3.12/site-packages/airflow/models/baseoperator.py", line 406, in wrapper
    return func(self, *args, **kwargs)
           ^^^^^^^^^^^^^^^^^^^^^^^^^^^
  File "/home/airflow/.local/lib/python3.12/site-packages/airflow/providers/apache/spark/operators/spark_submit.py", line 174, in execute
    self._hook.submit(self.application)
  File "/home/airflow/.local/lib/python3.12/site-packages/airflow/providers/apache/spark/hooks/spark_submit.py", line 505, in submit
    raise AirflowException(
airflow.exceptions.AirflowException: Cannot execute: spark-submit --master spark://spark:7077 --jars /opt/bitnami/spark/jars/postgresql-42.5.0.jar --name arrow-spark --deploy-mode client /opt/bitnami/spark/src/scripts_spark/LoadFileToDB.py. Error code is: 1.
[2024-10-10T18:56:03.300+0000] {local_task_job_runner.py:266} INFO - Task exited with return code 1
[2024-10-10T18:56:03.315+0000] {taskinstance.py:3900} INFO - 0 downstream tasks scheduled from follow-on schedule check
[2024-10-10T18:56:03.319+0000] {local_task_job_runner.py:245} INFO - ::endgroup::
