[2024-10-05T21:17:40.853+0000] {local_task_job_runner.py:123} INFO - ::group::Pre task execution logs
[2024-10-05T21:17:40.871+0000] {taskinstance.py:2612} INFO - Dependencies all met for dep_context=non-requeueable deps ti=<TaskInstance: pipeline_webscraping.Check_for_file_kabum manual__2024-10-05T21:11:17.666123+00:00 [queued]>
[2024-10-05T21:17:40.880+0000] {taskinstance.py:2612} INFO - Dependencies all met for dep_context=requeueable deps ti=<TaskInstance: pipeline_webscraping.Check_for_file_kabum manual__2024-10-05T21:11:17.666123+00:00 [queued]>
[2024-10-05T21:17:40.880+0000] {taskinstance.py:2865} INFO - Starting attempt 1 of 1
[2024-10-05T21:17:40.958+0000] {taskinstance.py:2888} INFO - Executing <Task(OperatorFileSensor): Check_for_file_kabum> on 2024-10-05 21:11:17.666123+00:00
[2024-10-05T21:17:40.977+0000] {warnings.py:112} WARNING - /home/***/.local/lib/python3.12/site-packages/***/task/task_runner/standard_task_runner.py:70: DeprecationWarning: This process (pid=11453) is multi-threaded, use of fork() may lead to deadlocks in the child.
  pid = os.fork()

[2024-10-05T21:17:40.980+0000] {standard_task_runner.py:72} INFO - Started process 11457 to run task
[2024-10-05T21:17:40.980+0000] {standard_task_runner.py:104} INFO - Running: ['***', 'tasks', 'run', 'pipeline_webscraping', 'Check_for_file_kabum', 'manual__2024-10-05T21:11:17.666123+00:00', '--job-id', '1225', '--raw', '--subdir', 'DAGS_FOLDER/DagWebScraping.py', '--cfg-path', '/tmp/tmp2o7pd0og']
[2024-10-05T21:17:40.984+0000] {standard_task_runner.py:105} INFO - Job 1225: Subtask Check_for_file_kabum
[2024-10-05T21:17:41.041+0000] {task_command.py:467} INFO - Running <TaskInstance: pipeline_webscraping.Check_for_file_kabum manual__2024-10-05T21:11:17.666123+00:00 [running]> on host e823e678f418
[2024-10-05T21:17:41.120+0000] {taskinstance.py:3131} INFO - Exporting env vars: AIRFLOW_CTX_DAG_OWNER='***' AIRFLOW_CTX_DAG_ID='pipeline_webscraping' AIRFLOW_CTX_TASK_ID='Check_for_file_kabum' AIRFLOW_CTX_EXECUTION_DATE='2024-10-05T21:11:17.666123+00:00' AIRFLOW_CTX_TRY_NUMBER='1' AIRFLOW_CTX_DAG_RUN_ID='manual__2024-10-05T21:11:17.666123+00:00'
[2024-10-05T21:17:41.121+0000] {taskinstance.py:731} INFO - ::endgroup::
[2024-10-05T21:17:41.133+0000] {baseoperator.py:405} WARNING - OperatorFileSensor.execute cannot be called outside TaskInstance!
[2024-10-05T21:17:41.156+0000] {base.py:336} INFO - Success criteria met. Exiting.
[2024-10-05T21:17:41.185+0000] {taskinstance.py:340} INFO - ::group::Post task execution logs
[2024-10-05T21:17:41.186+0000] {taskinstance.py:352} INFO - Marking task as SUCCESS. dag_id=pipeline_webscraping, task_id=Check_for_file_kabum, run_id=manual__2024-10-05T21:11:17.666123+00:00, execution_date=20241005T211117, start_date=20241005T211740, end_date=20241005T211741
[2024-10-05T21:17:41.237+0000] {local_task_job_runner.py:266} INFO - Task exited with return code 0
[2024-10-05T21:17:41.268+0000] {taskinstance.py:3900} INFO - 1 downstream tasks scheduled from follow-on schedule check
[2024-10-05T21:17:41.271+0000] {local_task_job_runner.py:245} INFO - ::endgroup::
