[2024-09-29T18:50:13.167+0000] {local_task_job_runner.py:123} INFO - ::group::Pre task execution logs
[2024-09-29T18:50:13.185+0000] {taskinstance.py:2612} INFO - Dependencies all met for dep_context=non-requeueable deps ti=<TaskInstance: SitesWebScraping.WebScrapint manual__2024-09-29T18:50:10.561247+00:00 [queued]>
[2024-09-29T18:50:13.193+0000] {taskinstance.py:2612} INFO - Dependencies all met for dep_context=requeueable deps ti=<TaskInstance: SitesWebScraping.WebScrapint manual__2024-09-29T18:50:10.561247+00:00 [queued]>
[2024-09-29T18:50:13.194+0000] {taskinstance.py:2865} INFO - Starting attempt 1 of 1
[2024-09-29T18:50:13.207+0000] {taskinstance.py:2888} INFO - Executing <Task(WebScraping_K): WebScrapint> on 2024-09-29 18:50:10.561247+00:00
[2024-09-29T18:50:13.212+0000] {warnings.py:112} WARNING - /home/***/.local/lib/python3.12/site-packages/***/task/task_runner/standard_task_runner.py:70: DeprecationWarning: This process (pid=300) is multi-threaded, use of fork() may lead to deadlocks in the child.
  pid = os.fork()

[2024-09-29T18:50:13.213+0000] {standard_task_runner.py:72} INFO - Started process 301 to run task
[2024-09-29T18:50:13.214+0000] {standard_task_runner.py:104} INFO - Running: ['***', 'tasks', 'run', 'SitesWebScraping', 'WebScrapint', 'manual__2024-09-29T18:50:10.561247+00:00', '--job-id', '522', '--raw', '--subdir', 'DAGS_FOLDER/DagWebScraping.py', '--cfg-path', '/tmp/tmpu6wx80_x']
[2024-09-29T18:50:13.216+0000] {standard_task_runner.py:105} INFO - Job 522: Subtask WebScrapint
[2024-09-29T18:50:13.266+0000] {task_command.py:467} INFO - Running <TaskInstance: SitesWebScraping.WebScrapint manual__2024-09-29T18:50:10.561247+00:00 [running]> on host 56d543c8266c
[2024-09-29T18:50:13.351+0000] {taskinstance.py:3131} INFO - Exporting env vars: AIRFLOW_CTX_DAG_OWNER='***' AIRFLOW_CTX_DAG_ID='SitesWebScraping' AIRFLOW_CTX_TASK_ID='WebScrapint' AIRFLOW_CTX_EXECUTION_DATE='2024-09-29T18:50:10.561247+00:00' AIRFLOW_CTX_TRY_NUMBER='1' AIRFLOW_CTX_DAG_RUN_ID='manual__2024-09-29T18:50:10.561247+00:00'
[2024-09-29T18:50:13.353+0000] {taskinstance.py:731} INFO - ::endgroup::
[2024-09-29T18:50:19.735+0000] {logging_mixin.py:190} INFO - /produto/165133/placa-mae-asus-tuf-gaming-a520m-plus-ii-amd-am4-matx-ddr4
[2024-09-29T18:50:19.736+0000] {logging_mixin.py:190} INFO - /produto/114781/placa-mae-gigabyte-b550m-aorus-elite-rev-1-3-amd-am4-micro-atx-ddr4-b550m-aorus-elite
[2024-09-29T18:50:19.737+0000] {logging_mixin.py:190} INFO - /produto/114338/placa-mae-msi-b550m-pro-vdh-wifi-amd-am4-matx
[2024-09-29T18:50:19.738+0000] {logging_mixin.py:190} INFO - /produto/114335/placa-mae-msi-mpg-b550-gaming-plus-amd-am4-atx
[2024-09-29T18:50:19.738+0000] {logging_mixin.py:190} INFO - /produto/115216/placa-mae-asus-tuf-gaming-b550m-plus-amd-am4-matx-ddr4
[2024-09-29T18:50:19.739+0000] {logging_mixin.py:190} INFO - /produto/315273/placa-mae-gigabyte-h610m-rev-1-0-intel-lga1700-h610-ddr4-matx-h610m-h-ddr4
[2024-09-29T18:50:19.740+0000] {logging_mixin.py:190} INFO - /produto/100672/placa-mae-asrock-b450m-steel-legend-amd-am4-matx-ddr4
[2024-09-29T18:50:19.741+0000] {logging_mixin.py:190} INFO - /produto/458886/placa-mae-msi-b450m-a-pro-max-amd-am4-micro-atx-ddr4
[2024-09-29T18:50:19.742+0000] {logging_mixin.py:190} INFO - /produto/276263/placa-mae-asus-prime-h610m-a-d4-lga-1700-h610-matx-ddr4
[2024-09-29T18:50:19.742+0000] {logging_mixin.py:190} INFO - /produto/128437/placa-mae-asus-tuf-gaming-b450m-plus-ii-amd-am4-matx-ddr4
[2024-09-29T18:50:19.743+0000] {logging_mixin.py:190} INFO - /produto/513870/placa-mae-gigabyte-b650m-gaming-rev-1-0-amd-am5-matx-ddr5-rgb-wifi-b650m-gaming-wifi
[2024-09-29T18:50:19.744+0000] {logging_mixin.py:190} INFO - /produto/108499/placa-mae-msi-b450m-pro-vdh-max-p-amd-am4-m-atx-ddr4
[2024-09-29T18:50:19.744+0000] {logging_mixin.py:190} INFO - /produto/129653/placa-mae-asus-prime-a520m-e-amd-am4-matx-ddr4
[2024-09-29T18:50:19.745+0000] {logging_mixin.py:190} INFO - /produto/172706/placa-mae-asus-tuf-gaming-b550m-plus-amd-am4-matx-ddr4-m-2-aura-para-fita-rgb-90mb14a0-c1bay0
[2024-09-29T18:50:19.746+0000] {logging_mixin.py:190} INFO - /produto/517013/placa-mae-gigabyte-h510m-h-v2-intel-lga-1200-10-e-11-geracao-matx-ddr4-h510m-h-v2
[2024-09-29T18:50:19.746+0000] {logging_mixin.py:190} INFO - /produto/461377/placa-mae-asus-tuf-gaming-a620m-plus-wifi-amd-am5-matx-ddr5-wi-fi-bluetooth-90mb1f00-m0eay0
[2024-09-29T18:50:19.747+0000] {logging_mixin.py:190} INFO - /produto/280944/placa-mae-msi-b560m-pro-e-intel-lga-1200-matx-ddr4
[2024-09-29T18:50:19.748+0000] {logging_mixin.py:190} INFO - /produto/495982/placa-mae-asrock-b660m-phantom-gaming-4-intel-m-atx-ddr4-socket-lga-1700
[2024-09-29T18:50:19.749+0000] {logging_mixin.py:190} INFO - /produto/463545/placa-mae-asus-prime-h510m-a-r2-0-intel-atx-ddr4-lga-1200-h470-90mb1fp0-m0eay0
[2024-09-29T18:50:19.749+0000] {logging_mixin.py:190} INFO - /produto/457818/placa-mae-gigabyte-a520m-ds3h-v2-amd-micro-atx-ddr4-a520m-ds3h-v2
[2024-09-29T18:50:19.750+0000] {logging_mixin.py:190} INFO - /produto/392052/placa-mae-asus-tuf-gaming-b650m-plus-amd-am5-b650-matx-ddr5-90mb1bg0-m0eay0
[2024-09-29T18:50:19.751+0000] {logging_mixin.py:190} INFO - /produto/113870/placa-mae-asus-prime-b550m-a-amd-am4-matx-ddr4
[2024-09-29T18:50:19.751+0000] {logging_mixin.py:190} INFO - /produto/151573/placa-mae-asus-prime-h510m-a-intel-socket-lga1200-microatx-ddr4
[2024-09-29T18:50:19.752+0000] {logging_mixin.py:190} INFO - /produto/523145/placa-mae-asus-tuf-gaming-b650m-e-wifi-amd-am5-b650-ddr5-90mb1fv0-m0eay0
[2024-09-29T18:50:19.753+0000] {logging_mixin.py:190} INFO - /produto/419108/placa-mae-gigabyte-b760m-aorus-elite-rev-1-0-lga-1700-ddr5
[2024-09-29T18:50:19.753+0000] {logging_mixin.py:190} INFO - /produto/524349/placa-mae-msi-pro-b760m-e-intel-lga-1700-m-atx-dd4-pro-b760m-e-ddr4
[2024-09-29T18:50:19.754+0000] {logging_mixin.py:190} INFO - /produto/448251/placa-mae-gigabyte-a520m-k-v2-rev-1-0-amd-micro-atx-ddr4-a520m-k-v2
[2024-09-29T18:50:19.754+0000] {logging_mixin.py:190} INFO - /produto/165124/placa-mae-asus-tuf-gaming-a520m-plus-wifi-amd-am4-matx-ddr4-rgb-90mb17f0-m0eay0
[2024-09-29T18:50:19.755+0000] {logging_mixin.py:190} INFO - /produto/582110/placa-mae-gigabyte-h610m-h-v3-intel-lga-1700-m-atx-ddr4-m-2
[2024-09-29T18:50:19.756+0000] {logging_mixin.py:190} INFO - /produto/523144/placa-mae-asus-tuf-gaming-b760m-plus-wifi-ii-intel-ddr5-90mb1he0-m0eay0
[2024-09-29T18:50:19.756+0000] {logging_mixin.py:190} INFO - /produto/461376/placa-mae-asus-tuf-gaming-a620m-plus-amd-am5-matx-ddr5-90mb1ez0-m0eay0
[2024-09-29T18:50:19.757+0000] {logging_mixin.py:190} INFO - /produto/229919/placa-mae-gigabyte-b550m-aorus-elite-amd-am4-micro-atx-ddr4
[2024-09-29T18:50:19.757+0000] {logging_mixin.py:190} INFO - /produto/392611/placa-mae-b650-msi-mag-tomahawk-wi-fi-amd-am5-atx-ddr5-mag-b650-tomahawk-wifi
[2024-09-29T18:50:19.758+0000] {logging_mixin.py:190} INFO - /produto/524344/placa-mae-msi-pro-a620m-e-amd-am5-m-atx-ddr5-pro-a620m-e
[2024-09-29T18:50:19.759+0000] {logging_mixin.py:190} INFO - /produto/321070/placa-mae-asus-prime-h610m-e-d4-intel-lga-1700-matx-ddr4
[2024-09-29T18:50:19.759+0000] {logging_mixin.py:190} INFO - /produto/548936/placa-mae-asus-tuf-gaming-b760m-e-d4-intel-m-atx-ddr4-90mb1e90-m0eay0
[2024-09-29T18:50:19.760+0000] {logging_mixin.py:190} INFO - /produto/510902/placa-mae-gigabyte-h610m-h-v2-intel-m-atx-ddr4-h610m-h-v2-ddr4
[2024-09-29T18:50:19.760+0000] {logging_mixin.py:190} INFO - /produto/457817/placa-mae-gigabyte-h410m-h-v2-intel-micro-atx-ddr4-h410m-h-v2
[2024-09-29T18:50:19.761+0000] {logging_mixin.py:190} INFO - /produto/427131/placa-mae-asus-tuf-gaming-z790-plus-intel-atx-ddr5-rgb-wi-fi-bluetooth-90mb1d80-m1eay0
[2024-09-29T18:50:19.762+0000] {logging_mixin.py:190} INFO - /produto/392051/placa-mae-asus-tuf-gaming-b650m-plus-wi-fi-amd-am5-b650-matx-ddr5-wi-fi-90mb1bf0-m0eay0
[2024-09-29T18:50:19.762+0000] {logging_mixin.py:190} INFO - /produto/199618/placa-mae-gigabyte-a520m-s2h-amd-am4-m-atx-ddr4
[2024-09-29T18:50:19.763+0000] {logging_mixin.py:190} INFO - /produto/404822/placa-mae-asus-tuf-gaming-b760m-plus-intel-lga-1700-matx-d4-ddr4-90mb1di0-m0eay0
[2024-09-29T18:50:19.764+0000] {logging_mixin.py:190} INFO - /produto/524359/placa-mae-msi-pro-h610m-e-ddr4-intel-lga-1700-m-atx-ddr4-pro-h610m-e-ddr4
[2024-09-29T18:50:19.764+0000] {logging_mixin.py:190} INFO - /produto/422923/placa-mae-asrock-b650m-pg-riptide-amd-micro-atx-ddr5-90-mxbj9-
[2024-09-29T18:50:19.765+0000] {logging_mixin.py:190} INFO - /produto/525602/placa-mae-gigabyte-b760m-gaming-ddr4-intel-lga-1700-matx-ddr4-b760m-gaming-ddr4
[2024-09-29T18:50:19.766+0000] {logging_mixin.py:190} INFO - /produto/264899/placa-mae-asus-rog-strix-b550-f-gaming-ii-amd-am4-atx-ddr4-wi-fi-aura-sync-rgb
[2024-09-29T18:50:19.767+0000] {logging_mixin.py:190} INFO - /produto/376221/placa-mae-asus-tuf-gaming-x670e-plus-wi-fi-amd-x670-am5-ddr5-90mb1bk0-m0eay0
[2024-09-29T18:50:19.768+0000] {logging_mixin.py:190} INFO - /produto/198903/placa-mae-asus-tuf-gaming-b550m-plus-wi-fi-ii-amd-matx-ddr4-rgb-wi-fi-90mb19y0-m0eay0
[2024-09-29T18:50:19.769+0000] {logging_mixin.py:190} INFO - /produto/474337/placa-mae-gigabyte-b550m-k-ultra-durable-amd-am4-micro-atx-4xddr4
[2024-09-29T18:50:19.770+0000] {logging_mixin.py:190} INFO - /produto/161530/placa-mae-asus-prime-a520m-e-amd-am4-matx-ddr4
[2024-09-29T18:50:19.770+0000] {logging_mixin.py:190} INFO - /produto/521066/placa-mae-asus-prime-a620m-e-amd-am5-a620-matx-ddr5-90mb1f50-m0eay0
[2024-09-29T18:50:19.771+0000] {logging_mixin.py:190} INFO - /produto/114850/placa-mae-asrock-b550m-steel-legend-amd-am4-micro-atx-ddr4
[2024-09-29T18:50:19.772+0000] {logging_mixin.py:190} INFO - /produto/524346/placa-mae-msi-pro-b650m-p-amd-am5-m-atx-ddr5-pro-b650m-p
[2024-09-29T18:50:19.772+0000] {logging_mixin.py:190} INFO - /produto/444049/placa-mae-asus-tuf-gaming-x670e-plus-amd-x670-am5-ddr5-90mb1bj0-c1bay0
[2024-09-29T18:50:19.773+0000] {logging_mixin.py:190} INFO - /produto/366243/placa-mae-msi-a520m-a-pro-amd-am4-matx-ddr4-hdmi-gigalan
[2024-09-29T18:50:19.774+0000] {logging_mixin.py:190} INFO - /produto/392049/placa-mae-asus-tuf-gaming-b650-plus-wi-fi-amd-am5-b650-atx-ddr5-wi-fi-90mb1bz0-m0eay0
[2024-09-29T18:50:19.774+0000] {logging_mixin.py:190} INFO - /produto/501555/placa-mae-msi-b450m-pro-vdh-max-amd-am4-matx-ddr4-chipset-b450-911-7a38-063
[2024-09-29T18:50:19.775+0000] {logging_mixin.py:190} INFO - /produto/392048/placa-mae-asus-rog-strix-b650-a-gaming-wi-fi-amd-am5-b650-atx-ddr5-wi-fi-90mb1bp0-m0eay0
[2024-09-29T18:50:19.775+0000] {logging_mixin.py:190} INFO - /produto/172198/placa-mae-gigabyte-b560m-aorus-elite-intel-socket-1200-matx-ddr4-rgb-hdmi-dp-tipo-c-som-usb-3-2
[2024-09-29T18:50:19.776+0000] {logging_mixin.py:190} INFO - /produto/495981/placa-mae-asrock-h610m-hvs-intel-m-atx-ddr4-socket-lga-1700-hdmi-vga
[2024-09-29T18:50:19.777+0000] {logging_mixin.py:190} INFO - /produto/174595/placa-mae-gigabyte-h310m-m-2-intel-lga-1151-micro-atx-ddr-48-geracao
[2024-09-29T18:50:19.777+0000] {logging_mixin.py:190} INFO - /produto/114334/placa-mae-msi-mag-b550-tomahawk-amd-am4-atx-ddr4
[2024-09-29T18:50:19.778+0000] {logging_mixin.py:190} INFO - /produto/522301/placa-mae-colorful-battle-ax-b450m-k-m-2-v14-v14-chipset-b450-amd-am4-matx-ddr4-bax-b450mkm2-ddr4-ww
[2024-09-29T18:50:19.779+0000] {logging_mixin.py:190} INFO - /produto/404819/placa-mae-asus-prime-b760-plus-intel-lga-1700-d4-ddr4-atx-90mb1cw0-m0eay0
[2024-09-29T18:50:19.779+0000] {logging_mixin.py:190} INFO - /produto/317535/placa-mae-gigabyte-h610m-h-intel-1700-2x-ddr4-m-2-hdmi-vga-12-geracao
[2024-09-29T18:50:19.780+0000] {logging_mixin.py:190} INFO - /produto/586814/placa-mae-gigabyte-b760m-e-ultra-durable-para-intel-1700-ddr5-matx-rev-1-0
[2024-09-29T18:50:19.780+0000] {logging_mixin.py:190} INFO - /produto/501570/placa-mae-msi-b450m-a-pro-max-amd-am4-matx-ddr4-chipset-b450-911-7c52-030
[2024-09-29T18:50:19.781+0000] {logging_mixin.py:190} INFO - /produto/521687/placa-mae-asrock-a620m-hdv-m-2-amd-a620-matx-ddr5-90-mxblk
[2024-09-29T18:50:19.783+0000] {logging_mixin.py:190} INFO - /produto/404821/placa-mae-asus-rog-strix-b760-f-gaming-wi-fi-intel-lga-1700-atx-ddr5-wi-fi-90mb1ct0-m0eay0
[2024-09-29T18:50:19.784+0000] {logging_mixin.py:190} INFO - /produto/128153/placa-mae-asus-rog-strix-b550-a-gaming-amd-b550-atx-ddr4
[2024-09-29T18:50:19.785+0000] {logging_mixin.py:190} INFO - /produto/525490/placa-mae-asus-prime-h510m-k-r2-0-intel-h470-matx-ddr4-90mb1e80-c1bay0
[2024-09-29T18:50:19.785+0000] {logging_mixin.py:190} INFO - /produto/404209/placa-mae-asus-tuf-gaming-x670e-plus-amd-x670-am5-atx-ddr5-90mb1bj0-m0eay0
[2024-09-29T18:50:19.786+0000] {logging_mixin.py:190} INFO - /produto/548937/placa-mae-asus-prime-h610m-a-intel-m-atx-ddr5-90mb1g20-m0eay0
[2024-09-29T18:50:19.787+0000] {logging_mixin.py:190} INFO - /produto/524348/placa-mae-msi-pro-b760-p-ddr4-ii-intel-lga-1700-atx-ddr4-pro-b760-p-ddr4-ii
[2024-09-29T18:50:19.787+0000] {logging_mixin.py:190} INFO - /produto/523146/placa-mae-asus-tuf-gaming-b650m-e-amd-am5-b650-ddr5-90mb1fu0-m0eay0
[2024-09-29T18:50:19.788+0000] {logging_mixin.py:190} INFO - /produto/523699/placa-mae-gigabyte-b450m-k-amd-am4-matx-ddr4
[2024-09-29T18:50:19.788+0000] {logging_mixin.py:190} INFO - /produto/427124/placa-mae-asus-rog-strix-b650e-f-gaming-wifi-amd-atx-ddr5-rgb-wifi-bluetooth-90mb1bq0-m0eay1
[2024-09-29T18:50:19.789+0000] {logging_mixin.py:190} INFO - /produto/447412/placa-mae-gigabyte-z790m-aorus-elite-ax-intel-atx-ddr5-wi-fi-bluetooth-z790m-aorus-elite-ax
[2024-09-29T18:50:19.789+0000] {logging_mixin.py:190} INFO - /produto/427134/placa-mae-asus-prime-b650m-a-wifi-ii-amd-am5-b650-ddr5-matx-wifi
[2024-09-29T18:50:19.790+0000] {logging_mixin.py:190} INFO - /produto/129760/placa-mae-aorus-b550-elite-v2-amd-b550-atx-ddr4-rev-1-0-
[2024-09-29T18:50:19.791+0000] {logging_mixin.py:190} INFO - /produto/505326/placa-mae-knup-a520-amd-ryzen-am4-hdmi-ddr4-16gb-6-gb-s-usb-3-0
[2024-09-29T18:50:19.791+0000] {logging_mixin.py:190} INFO - /produto/442227/placa-mae-gigabyte-b760m-aorus-elite-intel-13-12-geracao-lga-1700-ddr5-micro-atx
[2024-09-29T18:50:19.792+0000] {logging_mixin.py:190} INFO - /produto/542241/placa-mae-msi-pro-b760m-a-intel-m-atx-ddr5-wi-fi-pro-b760m-a-wifi
[2024-09-29T18:50:19.793+0000] {logging_mixin.py:190} INFO - /produto/265624/placa-mae-asrock-a520m-hvs-amd-am4-matx-ddr4-90-mxbe60-a0uayz
[2024-09-29T18:50:19.793+0000] {logging_mixin.py:190} INFO - /produto/376231/placa-mae-asus-prime-x670-p-amd-x670-am5-ddr5-90mb1bu0-m0eay0
[2024-09-29T18:50:19.794+0000] {logging_mixin.py:190} INFO - /produto/376219/placa-mae-asus-rog-strix-x670e-a-gaming-wi-fi-amd-x670-am5-ddr5-90mb1bm0-m0eay0
[2024-09-29T18:50:19.795+0000] {logging_mixin.py:190} INFO - /produto/461372/placa-mae-asus-tuf-gaming-h770-pro-wifi-intel-atx-ddr5-wi-fi-bluetooth-90mb1d50-m0eay0
[2024-09-29T18:50:19.795+0000] {logging_mixin.py:190} INFO - /produto/475265/placa-mae-gigabyte-a620m-ds3h-amd-am5-matx-ddr5-rgb
[2024-09-29T18:50:19.796+0000] {logging_mixin.py:190} INFO - /produto/505312/placa-mae-knup-a320-amd-ryzen-hdmi-ddr4-32gb-6-gb-s-usb-3-0
[2024-09-29T18:50:19.797+0000] {logging_mixin.py:190} INFO - /produto/525051/placa-mae-asrock-b550m-phantom-gaming-4-amd-b550-matx-ddr4-90-mxbe9-
[2024-09-29T18:50:19.797+0000] {logging_mixin.py:190} INFO - /produto/376218/placa-mae-asus-rog-strix-x670e-f-gaming-wi-fi-amd-x670-am5-ddr5-90mb1ba0-m0eay0
[2024-09-29T18:50:19.798+0000] {logging_mixin.py:190} INFO - /produto/376213/placa-mae-asus-rog-crosshair-x670e-hero-amd-x670-am5-ddr5-wi-fi-90mb1bc0-m0eay0
[2024-09-29T18:50:19.799+0000] {logging_mixin.py:190} INFO - /produto/473649/placa-mae-asus-prime-z790m-plus-intel-lga-1700-matx-ddr5-rgb-90mb1e70-m0eay0
[2024-09-29T18:50:19.799+0000] {logging_mixin.py:190} INFO - /produto/388071/placa-mae-asrock-h610m-hvs-m-atx-lga-1700-ddr4-hdmi-vga
[2024-09-29T18:50:19.800+0000] {logging_mixin.py:190} INFO - /produto/427133/placa-mae-asus-rog-strix-b760-i-gaming-wifi-90mb1d90-m0eay0
[2024-09-29T18:50:19.801+0000] {logging_mixin.py:190} INFO - /produto/628325/placa-mae-1151-h110-ddr4-6-7-8-e-9-geracao-i3-i5-e-i7
[2024-09-29T18:50:19.802+0000] {logging_mixin.py:190} INFO - /produto/534674/placa-mae-gigabyte-b650m-d3hp-amd-am5-micro-atx-ddr5
[2024-09-29T18:50:19.802+0000] {logging_mixin.py:190} INFO - /produto/392047/placa-mae-asus-rog-strix-b650e-e-gaming-wi-fi-amd-am5-b650-atx-ddr5-wi-fi-90mb1bb0-m0eay0
[2024-09-29T18:50:19.803+0000] {logging_mixin.py:190} INFO - /produto/521062/placa-mae-asus-rog-strix-z790-a-gaming-wifi-ii-intel-z790-atx-ddr5-90mb1fn0-m0aay0
[2024-09-29T18:50:19.804+0000] {logging_mixin.py:190} INFO - /produto/617883/placa-mae-h61m-intel-lga-1155-ddr3
[2024-09-29T18:50:23.648+0000] {logging_mixin.py:190} INFO - /produto/522308/placa-mae-colorful-cvn-z790-gaming-frozen-v20-lga-1700-intel-atx-ddr4-pcie5-0-13th-gen-intel-core-cvn-z790gf-ddr4-ww
[2024-09-29T18:50:23.649+0000] {logging_mixin.py:190} INFO - /produto/468086/placa-mae-gigabyte-b550m-ds3h-ac-am4-ddr4-3200mhz-matx-wi-fi-hdmi-dvi-d-usb-3-2
[2024-09-29T18:50:23.649+0000] {logging_mixin.py:190} INFO - /produto/219941/placa-mae-gigabyte-b450m-gaming-amd-am4-matx-ddr4-chipset-amd-b450
[2024-09-29T18:50:23.650+0000] {logging_mixin.py:190} INFO - /produto/538450/placa-mae-asus-tuf-gaming-z790-btf-wifi-intel-lga1700-z790-ddr5-90mb1gu0-m0eay0
[2024-09-29T18:50:23.651+0000] {logging_mixin.py:190} INFO - /produto/392035/placa-mae-asus-prime-z790-a-wi-fi-intel-lga1700-z790-atx-ddr5-90mb1cs0-m0eay0
[2024-09-29T18:50:23.651+0000] {logging_mixin.py:190} INFO - /produto/548932/placa-mae-asus-prime-h770-plus-intel-atx-ddr5-90mb1ee0-m0eay0
[2024-09-29T18:50:23.652+0000] {logging_mixin.py:190} INFO - /produto/548939/placa-mae-asus-tuf-gaming-b550-pro-amd-am4-atx-ddr4-90mb17r0-m0eay0
[2024-09-29T18:50:23.652+0000] {logging_mixin.py:190} INFO - /produto/591936/placa-mae-b75-lga-1155-easy-eletronic-artssy-usb-3-0-rede-gigabit
[2024-09-29T18:50:23.653+0000] {logging_mixin.py:190} INFO - /produto/232416/placa-mae-oxy-br-intel-h61-express-lga-1155-atx-e-matx-ddr3
[2024-09-29T18:50:23.655+0000] {logging_mixin.py:190} INFO - /produto/427129/placa-mae-asus-proart-z790-creator-intel-atx-ddr5-wifi-bluetooth-90mb1dv0-m1eay0
[2024-09-29T18:50:23.655+0000] {logging_mixin.py:190} INFO - /produto/525052/placa-mae-asrock-a520m-phantom-gaming-4-amd-a520-matx-ddr4-90-mxbek-
[2024-09-29T18:50:23.656+0000] {logging_mixin.py:190} INFO - /produto/395126/placa-mae-gigabyte-z790-aero-g-rev-1-0-intel-lga1700-atx-ddr5-wi-fi-bluetooth-z790-aero-g
[2024-09-29T18:50:23.657+0000] {logging_mixin.py:190} INFO - /produto/521060/placa-mae-asus-rog-maximus-z790-apex-encore-intel-z790-atx-ddr5-90mb1fx0-m0aay0
[2024-09-29T18:50:23.657+0000] {logging_mixin.py:190} INFO - /produto/392598/placa-mae-z790-p-msi-pro-wi-fi-intel-lga-1700-atx-ddr5-pro-z790-p-wifi
[2024-09-29T18:50:23.658+0000] {logging_mixin.py:190} INFO - /produto/442399/placa-mae-asus-tuf-gaming-b650m-plus-am5-microatx-ddr5
[2024-09-29T18:50:23.659+0000] {logging_mixin.py:190} INFO - /produto/376217/placa-mae-asus-rog-strix-x670e-e-gaming-wi-fi-amd-x670-am5-ddr5-90mb1br0-m0eay0
[2024-09-29T18:50:23.660+0000] {logging_mixin.py:190} INFO - /produto/521061/placa-mae-asus-rog-maximus-z790-dark-hero-intel-z790-atx-ddr5-90mb1f90-m0eay0
[2024-09-29T18:50:23.660+0000] {logging_mixin.py:190} INFO - /produto/404816/placa-mae-asus-prime-b760m-a-intel-lga-1700-d4-matx-ddr4-90mb1d00-m0eay0
[2024-09-29T18:50:23.661+0000] {logging_mixin.py:190} INFO - /produto/498971/placa-mae-msi-pro-z790-a-max-atx-ddr5-wi-fi-rgb-bluetooth
[2024-09-29T18:50:23.662+0000] {logging_mixin.py:190} INFO - /produto/495666/placa-mae-msi-b760-gaming-plus-intel-lga-1700-atx-ddr5-bluetooth-wifi-chipset-b760-911-7d98-007
[2024-09-29T18:50:23.662+0000] {logging_mixin.py:190} INFO - /produto/474959/placa-mae-asus-prime-h510m-k-r2-0-lga-1200-90mb1e80-m0eay0
[2024-09-29T18:50:23.663+0000] {logging_mixin.py:190} INFO - /produto/133767/placa-mae-asrock-b450m-steel-legend-amd-am4-matx-ddr4
[2024-09-29T18:50:23.664+0000] {logging_mixin.py:190} INFO - /produto/312739/placa-mae-asus-prime-d4-intel-lga-1700-matx-ddr4-h610m-e
[2024-09-29T18:50:23.665+0000] {logging_mixin.py:190} INFO - /produto/461374/placa-mae-asus-rog-strix-b760-g-gaming-wifi-intel-matx-ddr5-wi-fi-bluetooth-90mb1eq0-m0eay0
[2024-09-29T18:50:23.665+0000] {logging_mixin.py:190} INFO - /produto/522300/placa-mae-colorful-battle-ax-b550m-d-gaming-frozen-v14-chipset-b550-amd-am4-maxt-ddr4-bax-b550md-ddr4-ww
[2024-09-29T18:50:23.666+0000] {logging_mixin.py:190} INFO - /produto/458887/placa-mae-msi-pro-h510m-b-intel-m-atx-ddr4-pro-h510m-b
[2024-09-29T18:50:23.667+0000] {logging_mixin.py:190} INFO - /produto/376232/placa-mae-asus-proart-x670e-creator-wi-fi-amd-x670-am5-ddr5-90mb1b90-m0eay0
[2024-09-29T18:50:23.667+0000] {logging_mixin.py:190} INFO - /produto/396232/placa-mae-knup-intel-1151-h110-6-e-7-geracao-2xddr4-m-2-hdmi-e-vga-kp-h110
[2024-09-29T18:50:23.668+0000] {logging_mixin.py:190} INFO - /produto/591935/placa-mae-easy-h81-intel-lga-1150-eletronic-artssy-para-intel-de-4-e-5-geracao-ddr3
[2024-09-29T18:50:23.669+0000] {logging_mixin.py:190} INFO - /produto/505794/placa-mae-gigabyte-b650m-d3hp-am5-ddr5-hdmi-displayport-usb-3-2-m-2
[2024-09-29T18:50:23.671+0000] {logging_mixin.py:190} INFO - /produto/527618/placa-mae-gigabyte-b550m-aorus-elite-ax-wifi-am4-micro-atx-ddr4
[2024-09-29T18:50:23.673+0000] {logging_mixin.py:190} INFO - /produto/506063/placa-mae-gigabyte-b650m-ds3h-rev-1-0-amd-atx-ddr5-am5-rgb-b650m-ds3h
[2024-09-29T18:50:23.674+0000] {logging_mixin.py:190} INFO - /produto/522305/placa-mae-colorful-battle-ax-b760m-t-pro-v20-intel-lga-1700-itx-para-core-de-13-e-12-geracao-pcie-5-0-cvn-b760mtp-ddr4
[2024-09-29T18:50:23.675+0000] {logging_mixin.py:190} INFO - /produto/534518/placa-mae-gigabyte-b550-aorus-elite-ax-v2-amd-am4-atx-ddr4-wi-fi-rgb
[2024-09-29T18:50:23.676+0000] {logging_mixin.py:190} INFO - /produto/521841/placa-mae-asus-prime-b760-plus-intel-m-atx-ddr5-rgb-90mb1ef0-m1eay0
[2024-09-29T18:50:23.677+0000] {logging_mixin.py:190} INFO - /produto/405783/placa-mae-msi-mag-b760-tomahawk-intel-lga-1700-atx-ddr4-wi-fi-bluetooth-mag-b760-tomahawk-wifi-ddr4
[2024-09-29T18:50:23.678+0000] {logging_mixin.py:190} INFO - /produto/447411/placa-mae-gigabyte-z790-ud-ax-intel-lga-1700-atx-ddr5-wi-fi-bluetooth-z790-ud-ax-8203
[2024-09-29T18:50:23.679+0000] {logging_mixin.py:190} INFO - /produto/587808/placa-mae-afox-ih61-ma5-v6-chipset-h61-intel-lga-1155-matx-ddr3
[2024-09-29T18:50:23.680+0000] {logging_mixin.py:190} INFO - /produto/152786/placa-mae-asus-prime-r2-0-br-intel-lga-1151-matx-ddr4-h310m-e
[2024-09-29T18:50:23.681+0000] {logging_mixin.py:190} INFO - /produto/596423/placa-mae-asus-tuf-gaming-b760m-btf-wifi-intel-lga1700-b760-ddr5-90mb1g50-m0eay0
[2024-09-29T18:50:23.682+0000] {logging_mixin.py:190} INFO - /produto/498969/placa-mae-msi-mpg-z790-edge-ti-max-atx-ddr5-wi-fi-rgb-bluetooth
[2024-09-29T18:50:23.683+0000] {logging_mixin.py:190} INFO - /produto/461371/placa-mae-asus-prime-h770-plus-d4-intel-atx-ddr4-90mb1cu0-m0eay0
[2024-09-29T18:50:23.683+0000] {logging_mixin.py:190} INFO - /produto/427123/placa-mae-asus-tuf-gaming-z790-plus-d4-intel-atx-ddr4-90mb1cq0-m0eay0
[2024-09-29T18:50:23.684+0000] {logging_mixin.py:190} INFO - /produto/460934/placa-mae-asus-prime-b450m-aii-am4-m-2-hdmi-ddr4-3575
[2024-09-29T18:50:23.685+0000] {logging_mixin.py:190} INFO - /produto/473461/placa-mae-asus-tuf-gaming-b760m-btf-wifi-d4-intel-lga-1700-matx-ddr4-rgb-tuf-gaming-b760m-btf-wifi-d4
[2024-09-29T18:50:23.686+0000] {logging_mixin.py:190} INFO - /produto/521059/placa-mae-asus-rog-maximus-z790-formula-intel-z790-atx-ddr5-90mb1fs0-m0eay0
[2024-09-29T18:50:23.686+0000] {logging_mixin.py:190} INFO - /produto/521580/placa-mae-asrock-z790-steel-legend-wifi-intel-lga1700-z790-atx-ddr5-90-mxbkd
[2024-09-29T18:50:23.689+0000] {logging_mixin.py:190} INFO - /produto/521063/placa-mae-asus-rog-strix-z790-e-gaming-wifi-ii-intel-z790-atx-ddr5-90mb1fc0-m0aay0
[2024-09-29T18:50:23.690+0000] {logging_mixin.py:190} INFO - /produto/392030/placa-mae-asus-rog-maximus-z790-hero-intel-lga1700-z790-atx-ddr5-wi-fi-90mb1ci0-m0eay0
[2024-09-29T18:50:23.692+0000] {logging_mixin.py:190} INFO - /produto/498970/placa-mae-msi-mag-z790-tomahawk-max-atx-ddr5-wi-fi-rgb-bluetooth
[2024-09-29T18:50:23.693+0000] {logging_mixin.py:190} INFO - /produto/484477/placa-mae-gamer-asus-ex-b150m-v3-ddr4-socket-intel-lga-1151-chipset
[2024-09-29T18:50:23.694+0000] {logging_mixin.py:190} INFO - /produto/422617/placa-mae-asus-prime-z790-p-intel-lga-1700-atx-ddr5-wi-fi-bluetooth-5-2-90mb1cj0-m0eay0
[2024-09-29T18:50:23.695+0000] {logging_mixin.py:190} INFO - /produto/213880/placa-mae-gigabyte-h510m-rev-1-0-intel-lga1200-matx-ddr4-h510m-h
[2024-09-29T18:50:23.695+0000] {logging_mixin.py:190} INFO - /produto/589663/placa-mae-gigabyte-b650m-aorus-elite-ax-ice-amd-am5-matx-ddr5-wi-fi-m-2-nvme-max-192gb
[2024-09-29T18:50:23.696+0000] {logging_mixin.py:190} INFO - /produto/533720/placa-mae-gigabyte-x670-gaming-x-ax-v2-r1-0-am5-atx-ddr5
[2024-09-29T18:50:23.697+0000] {logging_mixin.py:190} INFO - /produto/519017/placa-mae-reference-b550-gm2-gigabit-m-2-amd-am4-matx-ddr4
[2024-09-29T18:50:23.698+0000] {logging_mixin.py:190} INFO - /produto/474499/placa-mae-asus-prime-a520m-k-chipset-a520-amd-am4-matx-ddr4-90mb1500-m0eay0
[2024-09-29T18:50:23.698+0000] {logging_mixin.py:190} INFO - /produto/526475/placa-mae-keepdata-h110-kdgnv-lga-1151-giga-nvme-hdmi
[2024-09-29T18:50:23.699+0000] {logging_mixin.py:190} INFO - /produto/502810/placa-mae-h55-brazilpc-bpc-h55-nt-socket-1156-rede-10-100-1000
[2024-09-29T18:50:23.700+0000] {logging_mixin.py:190} INFO - /produto/390275/placa-mae-gigabyte-b650m-aorus-elite-ax-amd-micro-atx-ddr5-wi-fi-bluetooth-b650m-aorus-elite-ax
[2024-09-29T18:50:23.701+0000] {logging_mixin.py:190} INFO - /produto/376220/placa-mae-asus-rog-strix-x670e-i-gaming-wi-fi-amd-x670-am5-ddr5-90mb1b70-m0eay0
[2024-09-29T18:50:23.701+0000] {logging_mixin.py:190} INFO - /produto/485275/placa-mae-gigabyte-aorus-z790-pro-x-intel-atx-ddr5-rgb-wi-fi-bluetooth-z790-aorus-pro-x
[2024-09-29T18:50:23.702+0000] {logging_mixin.py:190} INFO - /produto/538449/placa-mae-asus-rog-maximus-z790-hero-btf-intel-lga1700-z790-ddr5-90mb1h50-m0eay0
[2024-09-29T18:50:23.704+0000] {logging_mixin.py:190} INFO - /produto/525044/placa-mae-asrock-z790-pg-riptide-intel-lga1700-z790-atx-ddr5-90-mxbjx-
[2024-09-29T18:50:23.706+0000] {logging_mixin.py:190} INFO - /produto/544161/placa-mae-msi-b760-gaming-plus-intel-lga-1700-atx-ddr5-wi-fi-b760-gaming-plus-wifi
[2024-09-29T18:50:23.707+0000] {logging_mixin.py:190} INFO - /produto/521686/placa-mae-asrock-phantom-gaming-b550-pg-riptide-amd-b550-atx-ddr4-90-mxbgh
[2024-09-29T18:50:23.708+0000] {logging_mixin.py:190} INFO - /produto/542246/placa-mae-msi-x670e-gaming-plus-amd-atx-ddr5-wi-fi-x670e-gaming-plus-wifi
[2024-09-29T18:50:23.708+0000] {logging_mixin.py:190} INFO - /produto/422921/placa-mae-asrock-b760m-hdv-m-2-d4-intel-micro-atx-ddr4-90-mxbl4-
[2024-09-29T18:50:23.709+0000] {logging_mixin.py:190} INFO - /produto/404219/placa-mae-asus-tuf-gaming-b450-plus-ii-amd-am4-atx-ddr4-rgb-hdmi-5174
[2024-09-29T18:50:23.710+0000] {logging_mixin.py:190} INFO - /produto/230028/placa-mae-asus-prime-intel-celeron-ddr4-j4005i-c-br
[2024-09-29T18:50:23.711+0000] {logging_mixin.py:190} INFO - /produto/127359/placa-mae-pcware-intel-1151-matx-ddr4-vga-hdmi-ipmh310g
[2024-09-29T18:50:23.711+0000] {logging_mixin.py:190} INFO - /produto/149763/placa-mae-asus-prime-amd-am4-matx-ddr4-a320m-k
[2024-09-29T18:50:23.712+0000] {logging_mixin.py:190} INFO - /produto/447415/placa-mae-gigabyte-b760m-aorus-elite-ax-intel-atx-ddr5-wi-fi-bluetooth-b760m-aorus-elite-ax
[2024-09-29T18:50:23.713+0000] {logging_mixin.py:190} INFO - /produto/221040/placa-mae-asrock-amd-am4-hdmi-dvi-e-vga-b450m-hdv
[2024-09-29T18:50:23.713+0000] {logging_mixin.py:190} INFO - /produto/618241/placa-mae-duex-h610zg-pro-lga-1700-ddr4
[2024-09-29T18:50:23.714+0000] {logging_mixin.py:190} INFO - /produto/579705/placa-mae-bluecase-a520-socket-am4-ddr4-micro-atx
[2024-09-29T18:50:23.714+0000] {logging_mixin.py:190} INFO - /produto/376481/placa-mae-asus-amd-am4-a520-ddr4-m-2-hdmi-vga-e-displayport-a520m-a-ii
[2024-09-29T18:50:23.715+0000] {logging_mixin.py:190} INFO - /produto/234382/placa-mae-asus-prime-b550m-k-amd-am4-matx-ddr4-vga-dvi-hdmi-m2
[2024-09-29T18:50:23.716+0000] {logging_mixin.py:190} INFO - /produto/400942/placa-mae-asrock-h470-2xddr4-intel-lga-1200-hdmi-vga-dvi-h470m-hvs
[2024-09-29T18:50:23.717+0000] {logging_mixin.py:190} INFO - /produto/636496/placa-mae-easy-h310-intel-lga-1151-ddr4
[2024-09-29T18:50:23.717+0000] {logging_mixin.py:190} INFO - /produto/509393/placa-mae-gigabyte-a520m-ds3h-v2-amd-am4-chipset-a520-matx-ddr4-a520m-ds3h-v2
[2024-09-29T18:50:23.718+0000] {logging_mixin.py:190} INFO - /produto/532385/placa-mae-msi-pro-b650m-p-matx-am5-ddr5-hdmi-displayport-vga-m-2-usb-3-2
[2024-09-29T18:50:23.718+0000] {logging_mixin.py:190} INFO - /produto/522306/placa-mae-colorful-battle-ax-b760m-d-pro-v20-intel-lga-1700-itx-para-core-de-13-e-12-geracao-pcie-5-0-cvn-b760mdp-ddr4
[2024-09-29T18:50:23.719+0000] {logging_mixin.py:190} INFO - /produto/524360/placa-mae-msi-b760m-project-zero-intel-lga-1700-m-atx-ddr5-wi-fi
[2024-09-29T18:50:23.719+0000] {logging_mixin.py:190} INFO - /produto/376223/placa-mae-asus-prime-x670e-pro-wi-fi-amd-x670-am5-ddr5-90mb1bl0-m0eay0
[2024-09-29T18:50:23.722+0000] {logging_mixin.py:190} INFO - /produto/473650/placa-mae-asus-proart-b650-creator-amd-am5-b650-atx-ddr5-90mb1c40-m0eay0
[2024-09-29T18:50:23.722+0000] {logging_mixin.py:190} INFO - /produto/525601/placa-mae-gigabyte-b760m-gaming-wifi-rev-1-4-intel-lga-1700-matx-ddr5-wifi-b760m-gaming-wifi
[2024-09-29T18:50:23.723+0000] {logging_mixin.py:190} INFO - /produto/475034/placa-mae-asrock-x370m-matx-am4-ddr4-hdmi-usb-3-2
[2024-09-29T18:50:23.724+0000] {logging_mixin.py:190} INFO - /produto/530962/placa-mae-msi-pro-z690-p-atx-lga-1700-ddr4-hdmi-displayport-m-2-usb-3-2
[2024-09-29T18:50:23.725+0000] {logging_mixin.py:190} INFO - /produto/229939/placa-mae-gigabyte-gaming-x-z590m-intel-10-e-11-geracao-lga-1200-matx-ddr4-led-rgb
[2024-09-29T18:50:23.725+0000] {logging_mixin.py:190} INFO - /produto/464241/placa-mae-asus-tuf-gaming-b550-pro-amd-am4-4x-ddr4-atx-90mb17r0-m0eay0
[2024-09-29T18:50:23.726+0000] {logging_mixin.py:190} INFO - /produto/468104/placa-mae-gigabyte-b650m-aorus-elite-am5-ax-ddr5-wifi-6e
[2024-09-29T18:50:23.727+0000] {logging_mixin.py:190} INFO - /produto/463273/placa-mae-knup-revenger-g-h81-m-intel-4-geracao-ddr3-m-2-nvme-rede-gigabit-micro-atx-lga-1150
[2024-09-29T18:50:23.728+0000] {logging_mixin.py:190} INFO - /produto/232423/placa-mae-oxy-br-intel-h81-lga-1150-atx-ddr3
[2024-09-29T18:50:23.729+0000] {logging_mixin.py:190} INFO - /produto/406469/placa-mae-afox-ih61-ma5-v2-lga-1155-ddr3-1600mhz-vga-hdmi
[2024-09-29T18:50:23.730+0000] {logging_mixin.py:190} INFO - /produto/365185/placa-mae-gigabyte-b660m-gaming-x-intel-lga-1700-matx-ddr4
[2024-09-29T18:50:23.730+0000] {logging_mixin.py:190} INFO - /produto/548931/placa-mae-asus-rog-strix-z790-h-gaming-intel-z790-ddr5-wi-fi-90mb1e10-m0eay0
[2024-09-29T18:50:23.731+0000] {logging_mixin.py:190} INFO - /produto/530597/placa-mae-duex-intel-ddr3-h81-dx-h81zg-m2
[2024-09-29T18:50:23.732+0000] {logging_mixin.py:190} INFO - /produto/447410/placa-mae-gigabyte-z790-gaming-x-ax-intel-atx-ddr5-wi-fi-bluetooth-z790-gaming-x-ax
[2024-09-29T18:50:23.732+0000] {logging_mixin.py:190} INFO - /produto/427125/placa-mae-asus-rog-strix-b650e-i-gaming-wifi-amd-mini-itx-ddr5-rgb-wifi-bluetooth-90mb1bi0-m0eay0
[2024-09-29T18:50:27.410+0000] {logging_mixin.py:190} INFO - /produto/525593/placa-mae-gigabyte-z790m-aorus-elite-rev-1-1-lga-1700-atx-ddr5-z790m-aorus-elite
[2024-09-29T18:50:27.411+0000] {logging_mixin.py:190} INFO - /produto/474972/placa-mae-afox-ih510-ma2-v2-lga-1200-ddr4-hdmi-vga-dvi-m-2
[2024-09-29T18:50:27.412+0000] {logging_mixin.py:190} INFO - /produto/461373/placa-mae-asus-rog-strix-b760-a-gaming-wifi-intel-atx-ddr5-wi-fi-bluetooth-90mb1ep0-m0eay0
[2024-09-29T18:50:27.413+0000] {logging_mixin.py:190} INFO - /produto/548929/placa-mae-asus-prime-z790-p-intel-atx-ddr5-wi-fi-90mb1cj0-m0eay0
[2024-09-29T18:50:27.413+0000] {logging_mixin.py:190} INFO - /produto/392031/placa-mae-asus-rog-strix-z790-e-gaming-wi-fi-intel-lga1700-z790-atx-ddr5-90mb1cl0-m0eay0
[2024-09-29T18:50:27.414+0000] {logging_mixin.py:190} INFO - /produto/525048/placa-mae-asrock-b650-livemixer-amd-b650-atx-ddr5-90-mxbj5-
[2024-09-29T18:50:27.415+0000] {logging_mixin.py:190} INFO - /produto/455716/placa-mae-duex-dx-b75zg-m2-intel-2-3-geracao-ddr3-socket-lga1155
[2024-09-29T18:50:27.415+0000] {logging_mixin.py:190} INFO - /produto/453211/placa-mae-biostar-b450mhp-matx-ddr4-socket-am4-chipset-amd-b450
[2024-09-29T18:50:27.416+0000] {logging_mixin.py:190} INFO - /produto/532384/placa-mae-msi-b650-gaming-plus-wi-fi-atx-am5-ddr5-hdmi-displayport-m-2-usb-3-2
[2024-09-29T18:50:27.417+0000] {logging_mixin.py:190} INFO - /produto/580817/placa-mae-duex-dx-a520zg-ddr4-am4
[2024-09-29T18:50:27.417+0000] {logging_mixin.py:190} INFO - /produto/505795/placa-mae-gigabyte-b650-gaming-x-ax-wifi-am5-ddr5-atx
[2024-09-29T18:50:27.418+0000] {logging_mixin.py:190} INFO - /produto/530952/placa-mae-gigabyte-z790-aorus-elite-x-ax-atx-wifi-lga-1700-ddr5-hdmi-dp-m-2-usb-3-2
[2024-09-29T18:50:27.418+0000] {logging_mixin.py:190} INFO - /produto/340822/placa-mae-knup-h81-intel-lga-1150-2-slots-ddr3-1-slot-pcie-x16-2-usb-3-0-kp-h81
[2024-09-29T18:50:27.419+0000] {logging_mixin.py:190} INFO - /produto/505790/placa-mae-gigabyte-b760m-aorus-elite-ax-intel-lga-1700-matx-ddr5-chipset-b760
[2024-09-29T18:50:27.420+0000] {logging_mixin.py:190} INFO - /produto/376463/placa-mae-asrock-intel-1200-h510m-10-geracao-hdv-m-2-2x-ddr4-hdmi-dvi-e-vga-h510m-hdv-m-2
[2024-09-29T18:50:27.420+0000] {logging_mixin.py:190} INFO - /produto/503833/placa-mae-keepdata-h55-kdg-socket-lga-1156-vga-ddr3-suporta-intel-core-i7-i5-i3
[2024-09-29T18:50:27.421+0000] {logging_mixin.py:190} INFO - /produto/573233/placa-mae-afox-h61-intel-lga-1155-ddr3-ih61-ma2-v6
[2024-09-29T18:50:27.422+0000] {logging_mixin.py:190} INFO - /produto/471530/placa-mae-x-gaming-lga-1155-b75-ddr3-hdmi-e-vga-i3-i5-e-i7
[2024-09-29T18:50:27.422+0000] {logging_mixin.py:190} INFO - /produto/628327/placa-mae-desktop-amd-am3-bpc-78oaf-ddr3-suporta-processador-fx
[2024-09-29T18:50:27.423+0000] {logging_mixin.py:190} INFO - /produto/320525/placa-mae-gigabyte-b660m-ds3h-intel-lga-1700-ddr4-rgb-m-2-nvme-dark-brown
[2024-09-29T18:50:27.424+0000] {logging_mixin.py:190} INFO - /produto/297859/placa-mae-gigabyte-b550-gaming-x-v2-amd-am4-atx-ddr4-rgb
[2024-09-29T18:50:27.424+0000] {logging_mixin.py:190} INFO - /produto/392596/placa-mae-z790-msi-mag-tomahawk-wi-fi-intel-lga-1700-atx-ddr5-led-rgb-mag-z790-tomahawk-wifi
[2024-09-29T18:50:27.425+0000] {logging_mixin.py:190} INFO - /produto/542233/placa-mae-msi-z790-gaming-plus-intel-atx-ddr5-rgb-wi-fi-z790-gaming-plus-wifi
[2024-09-29T18:50:27.426+0000] {logging_mixin.py:190} INFO - /produto/390208/placa-mae-gigabyte-x670e-aorus-master-amd-am5-eatx-ddr5-led-rgb-bluetooth-wi-fi-x670e-aorus-master
[2024-09-29T18:50:27.427+0000] {logging_mixin.py:190} INFO - /produto/522295/placa-mae-colorful-battle-ax-h610m-e-intel-lga1700-h610-ddr4-wifi-v20-bax-h610mew-ddr4-ww
[2024-09-29T18:50:27.427+0000] {logging_mixin.py:190} INFO - /produto/517018/placa-mae-asrrock-trx50-ws-amd-atx-ddr5-threadripper-serie-7000-90-mxbn4-
[2024-09-29T18:50:27.428+0000] {logging_mixin.py:190} INFO - /produto/392032/placa-mae-asus-rog-strix-z790-f-gaming-wi-fi-intel-lga1700-z790-atx-ddr5-90mb1cp0-m0eay0
[2024-09-29T18:50:27.429+0000] {logging_mixin.py:190} INFO - /produto/400929/placa-mae-gigabyte-b650-aorus-elite-ax-amd-am5-atx-ddr5
[2024-09-29T18:50:27.429+0000] {logging_mixin.py:190} INFO - /produto/543562/placa-mae-gigabyte-z790-eagle-intel-atx-ddr5-rgb-z790-eagle
[2024-09-29T18:50:27.430+0000] {logging_mixin.py:190} INFO - /produto/485271/placa-mae-gigabyte-aorus-z790-elite-x-wifi7-intel-atx-dr5-rgb-wi-fi-bluetooth-z790-a-elite-x-wifi7
[2024-09-29T18:50:27.430+0000] {logging_mixin.py:190} INFO - /produto/543563/placa-mae-gigabyte-z790m-aorus-elite-ax-ice-intel-matx-ddr5-rgb-wi-fi-bluetooth-z790m-aorus-elite-ax-ice
[2024-09-29T18:50:27.431+0000] {logging_mixin.py:190} INFO - /produto/464326/placa-mae-biostar-h510mhp-r2-0-ddr4-lga1200-micro-atx
[2024-09-29T18:50:27.432+0000] {logging_mixin.py:190} INFO - /produto/530957/placa-mae-gigabyte-b650-aorus-pro-ax-wifi-am5-atx-ddr5-hdmi-usb-3-2-m-2
[2024-09-29T18:50:27.432+0000] {logging_mixin.py:190} INFO - /produto/521413/placa-mae-duex-dx-b550zg-m2-amd-am4-ddr4-micro-atx
[2024-09-29T18:50:27.433+0000] {logging_mixin.py:190} INFO - /produto/475119/placa-mae-gigabyte-h510m-s2h-v2-intel-lga1200-micro-atx-ddr4
[2024-09-29T18:50:27.434+0000] {logging_mixin.py:190} INFO - /produto/351042/placa-mae-asrock-amd-fm2-radeon-dg3-fm2a68-m
[2024-09-29T18:50:27.434+0000] {logging_mixin.py:190} INFO - /produto/420410/placa-mae-oem-h81g-intel-i3-i5-i7-4-geracao-lga1150-ddr3
[2024-09-29T18:50:27.435+0000] {logging_mixin.py:190} INFO - /produto/148494/placa-mae-brx-intel-h81-4-geracao-lga-1150-matx-ddr3-ate-8gb-vga-hdmi-usb-3-0-ih81-ma6
[2024-09-29T18:50:27.435+0000] {logging_mixin.py:190} INFO - /produto/527630/placa-mae-gigabyte-b760-ds3h-ax-wifi-ddr5-atx-lga1700
[2024-09-29T18:50:27.436+0000] {logging_mixin.py:190} INFO - /produto/501536/placa-mae-msi-mag-z790-tomahawk-wi-fi-intel-lga-1700-ddr5-911-7d91-019
[2024-09-29T18:50:27.437+0000] {logging_mixin.py:190} INFO - /produto/399641/placa-mae-asus-prime-h610m-k-d4-intel-lga-1700-matx-ddr4-hdmi-e-vga-m-2-usb-3-2-90mb1a10-m0eay0
[2024-09-29T18:50:27.437+0000] {logging_mixin.py:190} INFO - /produto/542245/placa-mae-msi-mag-x670e-tomahawk-amd-atx-ddr5-wi-fi-mag-x670e-tomahawk-wifi
[2024-09-29T18:50:27.438+0000] {logging_mixin.py:190} INFO - /produto/523257/placa-mae-asus-pro-ws-wrx90e-sage-se-amd-str5-wrx90-ddr5-90mb1fw0-m0eay0
[2024-09-29T18:50:27.439+0000] {logging_mixin.py:190} INFO - /produto/522298/placa-mae-colorful-cvn-b550m-gaming-frozen-v15-chipset-b550-amd-am4-maxt-ddr4-cvn-b550gfv15-ddr4-ww
[2024-09-29T18:50:27.439+0000] {logging_mixin.py:190} INFO - /produto/551184/placa-mae-duex-b550zgs-m2-chipset-b550-amd-am4-matx-ddr4-dxb550zgs000993
[2024-09-29T18:50:27.440+0000] {logging_mixin.py:190} INFO - /produto/231050/placa-mae-brazil-pc-intel-h61-bpc-h61c-v2-3
[2024-09-29T18:50:27.441+0000] {logging_mixin.py:190} INFO - /produto/530951/placa-mae-gigabyte-b760m-aorus-elite-x-ax-matx-wifi-lga-1700-ddr5-hdmi-dp-m-2-udb-3-2
[2024-09-29T18:50:27.442+0000] {logging_mixin.py:190} INFO - /produto/332726/placa-mae-biostar-a68n-2100k-amd-e1-6010-2-0-mini-itx-ddr3
[2024-09-29T18:50:27.443+0000] {logging_mixin.py:190} INFO - /produto/407373/placa-mae-msi-pro-h610m-g-intel-lga-1700-matx-ddr4
[2024-09-29T18:50:27.444+0000] {logging_mixin.py:190} INFO - /produto/404204/placa-mae-msi-pro-amd-am5-matx-ddr5-hdmi-e-dp-wi-fi-6e-b650m-a
[2024-09-29T18:50:27.444+0000] {logging_mixin.py:190} INFO - /produto/573246/placa-mae-gigabyte-intel-lga-1700-ddr4-micro-atx-h610m-s2-v3-ddr4-1-0
[2024-09-29T18:50:27.445+0000] {logging_mixin.py:190} INFO - /produto/452846/placa-mae-gigabyte-b650m-aorus-elite-amd-am5-micro-atx-ddr5
[2024-09-29T18:50:27.446+0000] {logging_mixin.py:190} INFO - /produto/483054/placa-mae-asrock-h610m-p-intel-lga-1700-intel-13-e-12-geracao-matx-ddr4-h610m-hvs-m-2-r2-0
[2024-09-29T18:50:27.446+0000] {logging_mixin.py:190} INFO - /produto/507563/placa-mae-asus-rog-strix-b760-a-gaming-wifi-lga-1700-ddr5-atx-hdmi-dp-m-2-usb-3-2
[2024-09-29T18:50:27.447+0000] {logging_mixin.py:190} INFO - /produto/463330/placa-mae-msi-mpg-b550-gaming-plus-amd-am4-chipset-b550-atx-ddr4-911-7c56-031
[2024-09-29T18:50:27.448+0000] {logging_mixin.py:190} INFO - /produto/429946/placa-mae-gigabyte-b760m-gaming-x-intel-lga1700-microatx-ddr4
[2024-09-29T18:50:27.448+0000] {logging_mixin.py:190} INFO - /produto/519985/placa-mae-gigabyte-b760m-h-ddr4-micro-atx-lga1700
[2024-09-29T18:50:27.449+0000] {logging_mixin.py:190} INFO - /produto/340061/placa-mae-asus-prime-h510m-k-intel-lga-1200-m-atx-ddr4-hdmi-m-2-usb-3-2-90mb17n0-m0eay0
[2024-09-29T18:50:27.450+0000] {logging_mixin.py:190} INFO - /produto/466721/placa-mae-mb-h61-b75-1155-ddr3-rede-100-1000-rede
[2024-09-29T18:50:27.450+0000] {logging_mixin.py:190} INFO - /produto/602320/placa-mae-asrock-mini-itx-h510m-itx-lga-1200-2xddr4-64gb-pcie-x16-4x-sata-m-2-sata-e-nvme
[2024-09-29T18:50:27.451+0000] {logging_mixin.py:190} INFO - /produto/128468/placa-mae-asus-tuf-gaming-b450-plus-ii
[2024-09-29T18:50:27.452+0000] {logging_mixin.py:190} INFO - /produto/543565/placa-mae-gigabyte-b760-ds3h-ax-intel-atx-ddr5-wi-fi-bluetooth-b760-ds3h-ax
[2024-09-29T18:50:27.452+0000] {logging_mixin.py:190} INFO - /produto/542243/placa-mae-msi-meg-x670e-ace-amd-e-atx-ddr5-rgb-wi-fi-meg-x670e-ace
[2024-09-29T18:50:27.453+0000] {logging_mixin.py:190} INFO - /produto/573210/placa-mae-gigabyte-b650m-gaming-wifi-1-0-am5-ddr5-m-2-nvme
[2024-09-29T18:50:27.454+0000] {logging_mixin.py:190} INFO - /produto/525165/placa-mae-gigabyte-b760-gaming-x-ax-ddr5-intel-lga-1700-wi-fi-m-2
[2024-09-29T18:50:27.454+0000] {logging_mixin.py:190} INFO - /produto/247546/placa-mae-brazil-pc-mesk-intel-lga-1155-oem-bpc-h61m-t
[2024-09-29T18:50:27.455+0000] {logging_mixin.py:190} INFO - /produto/397713/placa-mae-asus-tuf-gaming-x670e-plus-amd-am5-atx-ddr5-wi-fi-hdmi-m-2-usb-3-2-90mb1bk0-m0eay0
[2024-09-29T18:50:27.455+0000] {logging_mixin.py:190} INFO - /produto/397712/placa-mae-asus-prime-x670e-pro-amd-am5-atx-ddr5-wi-fi-hdmi-m-2-usb-3-2-90mb1bl0-m0eay0
[2024-09-29T18:50:27.456+0000] {logging_mixin.py:190} INFO - /produto/589667/placa-mae-gigabyte-intel-z790-aorus-elite-x-ax-matx-lga-1700-m-2-nvme-wi-fi-4xddr5-max-192gb-1x-dp
[2024-09-29T18:50:27.457+0000] {logging_mixin.py:190} INFO - /produto/429943/placa-mae-gigabyte-b760-gaming-x-intel-lga1700-atx-ddr4
[2024-09-29T18:50:27.457+0000] {logging_mixin.py:190} INFO - /produto/548930/placa-mae-asus-pro-ws-w790-ace-intel-ceb-ddr5-90mb1c70-m0eay0
[2024-09-29T18:50:27.460+0000] {logging_mixin.py:190} INFO - /produto/548933/placa-mae-asus-prime-b760m-a-intel-m-atx-ddr5-90mb1ek0-m0eay0
[2024-09-29T18:50:27.461+0000] {logging_mixin.py:190} INFO - /produto/538411/placa-mae-gigabyte-b760m-aorus-pro-ax-intel-lga-1700-matx-ddr5-hdmi-dp-m-2-usb-3-2-chipset-b760
[2024-09-29T18:50:27.461+0000] {logging_mixin.py:190} INFO - /produto/392034/placa-mae-asus-rog-strix-z790-i-gaming-wi-fi-intel-lga1700-z790-itx-ddr5-90mb1cm0-m0eay0
[2024-09-29T18:50:27.462+0000] {logging_mixin.py:190} INFO - /produto/525047/placa-mae-asrock-x670e-pg-lightning-amd-x670-atx-ddr5-90-mxbj6-
[2024-09-29T18:50:27.463+0000] {logging_mixin.py:190} INFO - /produto/521581/placa-mae-asrock-z790-livemixer-intel-lga1700-z790-atx-ddr5-90-mxbk1
[2024-09-29T18:50:27.464+0000] {logging_mixin.py:190} INFO - /produto/592020/placa-mae-pcware-ipmh310g-pro-lga-1151-ddr4
[2024-09-29T18:50:27.465+0000] {logging_mixin.py:190} INFO - /produto/573223/placa-mae-brx-h110-ddr3-lga-1151
[2024-09-29T18:50:27.465+0000] {logging_mixin.py:190} INFO - /produto/212032/placa-mae-gigabyte-intel-lga-1200-ddr4-hdmi-d-sub-raid-m-2-usb-3-2-h410m-h
[2024-09-29T18:50:27.466+0000] {logging_mixin.py:190} INFO - /produto/429940/placa-mae-gigabyte-b760m-ds3h-intel-lga1700-microatx-ddr4
[2024-09-29T18:50:27.467+0000] {logging_mixin.py:190} INFO - /produto/397709/placa-mae-asus-rog-crosshair-x670e-hero-amd-am5-atx-ddr5-wi-fi-m-2-usb-4-90mb1bc0-m0eay0
[2024-09-29T18:50:27.467+0000] {logging_mixin.py:190} INFO - /produto/444764/placa-mae-gigabyte-z790m-aorus-elite-intel-13a-e-12a-geracao-ddr5-lga1700-usb-type-c-pci-e-5-0
[2024-09-29T18:50:27.468+0000] {logging_mixin.py:190} INFO - /produto/495656/placa-mae-duex-dx-h61s-intel-2-3-geracao-lga1155-ddr3
[2024-09-29T18:50:27.469+0000] {logging_mixin.py:190} INFO - /produto/537014/placa-mae-msi-mag-b760-tomahawk-wi-fi-atx-lga-1700-ddr4-hdmi-displayport-m-2-usb-3-2
[2024-09-29T18:50:27.469+0000] {logging_mixin.py:190} INFO - /produto/407362/placa-mae-rog-maximus-z790-hero-lga-1700-ddr5-pcie5-0-wifi-6e
[2024-09-29T18:50:27.470+0000] {logging_mixin.py:190} INFO - /produto/474390/placa-mae-biostar-b550mh-3-0-amd-am4-ddr4-suporta-modulo-ssd-m-2
[2024-09-29T18:50:27.470+0000] {logging_mixin.py:190} INFO - /produto/320513/placa-mae-gigabyte-z690m-a-elite-intel-lga-1700-ddr4-matte-black-
[2024-09-29T18:50:27.471+0000] {logging_mixin.py:190} INFO - /produto/332861/placa-mae-gigabyte-b550-aorus-elite-v2-amd-am4-atx-ddr4
[2024-09-29T18:50:27.471+0000] {logging_mixin.py:190} INFO - /produto/301684/placa-mae-biostar-intel-lga-1200-itx-hdmi-e-vga-m-2-z490t-silver
[2024-09-29T18:50:27.472+0000] {logging_mixin.py:190} INFO - /produto/505686/placa-mae-msi-pro-a620m-e-amd-am5-m-atx-ddr5-chipset-a620-911-7e28-001
[2024-09-29T18:50:27.473+0000] {logging_mixin.py:190} INFO - /produto/481139/placa-mae-asus-prime-b550m-a-am4-ddr4-vga-dvi-d-hdmi-m-2-usb3-2
[2024-09-29T18:50:27.473+0000] {logging_mixin.py:190} INFO - /produto/505733/placa-mae-asus-prime-a620m-a-amd-am5-chipset-a620-matx-ddr5-prime-a620m-a
[2024-09-29T18:50:27.474+0000] {logging_mixin.py:190} INFO - /produto/461218/placa-mae-gigabyte-b760-aorus-elite-ddr4-atx-lga-1700
[2024-09-29T18:50:27.475+0000] {logging_mixin.py:190} INFO - /produto/147390/placa-mae-pcware-pro-r-2-intel-lga-1151-ddr4-ipmh310g
[2024-09-29T18:50:27.476+0000] {logging_mixin.py:190} INFO - /produto/409931/placa-mae-asus-rog-b650-a-gaming-amd-am5-atx-ddr5-wi-fi
[2024-09-29T18:50:27.477+0000] {logging_mixin.py:190} INFO - /produto/507625/placa-mae-asrock-a620m-hdv-m-2-am5-chipset-a620-ddr5-micro-atx
[2024-09-29T18:50:27.477+0000] {logging_mixin.py:190} INFO - /produto/505731/placa-mae-gigabyte-b760i-aorus-pro-intel-lga-1700-ddr4-wi-fi-m-2
[2024-09-29T18:50:27.478+0000] {logging_mixin.py:190} INFO - /produto/477347/kit-placa-mae-h110-processador-i7-7700-memoria-8gb-ddr4-cooler-m-2-256gb-powerpc
[2024-09-29T18:50:27.479+0000] {logging_mixin.py:190} INFO - /produto/158783/placa-mae-asus-prime-h410m-e-intel-lga-1200-10-geracao-ddr4-dcr2020
[2024-09-29T18:50:27.479+0000] {logging_mixin.py:190} INFO - /produto/149146/placa-mae-afox-intel-h61-lga-1155-2-e-3-geracao-matx-ddr3-ate-16gb-vga-e-hdmi-ih61-ma5
[2024-09-29T18:50:31.467+0000] {logging_mixin.py:190} INFO - /produto/542816/placa-mae-asus-tuf-gaming-b650m-e-am5-ddr5-matx-hdmi-dp-m-2-usb-3-2
[2024-09-29T18:50:31.468+0000] {logging_mixin.py:190} INFO - /produto/529115/placa-mae-gigabyte-para-intel-h510m-h-v2-lga-1200-ultra-durable-2x-ddr4-matx
[2024-09-29T18:50:31.469+0000] {logging_mixin.py:190} INFO - /produto/573219/placa-mae-gigabyte-z790-aorus-elite-x-pronto-para-14-geracao-ddr5-atx-lga1700
[2024-09-29T18:50:31.469+0000] {logging_mixin.py:190} INFO - /produto/442368/placa-mae-asus-prime-z790-p-intel-lga1700-atx-ddr5-m-2
[2024-09-29T18:50:31.470+0000] {logging_mixin.py:190} INFO - /produto/474973/placa-mae-afox-am4-ddr4-hdmi-vga-dvi-m-2-b550-ma-v2
[2024-09-29T18:50:31.471+0000] {logging_mixin.py:190} INFO - /produto/419790/placa-mae-msi-b550m-pro-vdh-wi-fi-am4-m-atx
[2024-09-29T18:50:31.471+0000] {logging_mixin.py:190} INFO - /produto/508118/placa-mae-asus-1200-h510m-k-intel-10-e-11-geracao-socket-lga1200-ddr4-d-sub-hdmi
[2024-09-29T18:50:31.472+0000] {logging_mixin.py:190} INFO - /produto/534249/placa-mae-asus-prime-b760m-a-ddr5-lga1700-matx
[2024-09-29T18:50:31.473+0000] {logging_mixin.py:190} INFO - /produto/505725/placa-mae-gigabyte-b760m-gaming-x-intel-lga-1700-matx-ddr4-ax-wifi
[2024-09-29T18:50:31.474+0000] {logging_mixin.py:190} INFO - /produto/464242/placa-mae-asrock-b550-phantom-gaming-4-ddr4-90-mxbcy0-a0uayz
[2024-09-29T18:50:31.474+0000] {logging_mixin.py:190} INFO - /produto/397244/placa-mae-bluecase-bmbh110-g3hgu-d4-lga-1151-ddr4-chipset-intel-h110-slot-m-2-micro-atx
[2024-09-29T18:50:31.475+0000] {logging_mixin.py:190} INFO - /produto/519986/placa-mae-gigabyte-b760m-aorus-elite-ddr4-microatx-lga1700
[2024-09-29T18:50:31.476+0000] {logging_mixin.py:190} INFO - /produto/589658/placa-mae-gigabyte-b760m-intel-aorus-elite-matx-lga-1700-m-2-nvme-4x-ddr5-max-192gb-1x-dp-1x-hdmi
[2024-09-29T18:50:31.477+0000] {logging_mixin.py:190} INFO - /produto/542818/placa-mae-asus-prime-a620m-k-am5-ddr5-matx-hdmi-dp-vga-m-2-usb-3-2
[2024-09-29T18:50:31.477+0000] {logging_mixin.py:190} INFO - /produto/232420/placa-mae-oxy-br-intel-h110-lga-1151-ddr4
[2024-09-29T18:50:31.478+0000] {logging_mixin.py:190} INFO - /produto/321517/placa-mae-brazil-pc-amd-fm2-ddr3-vga-hdmi-oem-bpc-a88-f2f
[2024-09-29T18:50:31.478+0000] {logging_mixin.py:190} INFO - /produto/505737/placa-mae-asus-tuf-gaming-a620m-plus-amd-am5-micro-atx-ddr5
[2024-09-29T18:50:31.479+0000] {logging_mixin.py:190} INFO - /produto/400943/placa-mae-asrock-b660-intel-lga-1700-matx-ddr4-vb660m-hdv
[2024-09-29T18:50:31.480+0000] {logging_mixin.py:190} INFO - /produto/396913/placa-mae-gigabyte-z790-aorus-elite-chipset-z790-intel-lga-1700-atx-ddr5-9mz79elt5-00-10
[2024-09-29T18:50:31.481+0000] {logging_mixin.py:190} INFO - /produto/602429/placa-mae-gigabyte-amd-am5-ddr5-atx-b650-a-elite-ax-ice-1-0
[2024-09-29T18:50:31.481+0000] {logging_mixin.py:190} INFO - /produto/507198/placa-mae-asrock-b650e-taichi-wifi-chipset-b65-amd-am5-ddr5
[2024-09-29T18:50:31.482+0000] {logging_mixin.py:190} INFO - /produto/392671/placa-mae-gigabyte-x299-ud4-pro-intel-lga-2066-ddr4-rgb-dual-m-2-usb-x299-ud4-pro
[2024-09-29T18:50:31.483+0000] {logging_mixin.py:190} INFO - /produto/478685/placa-mae-b760-aorus-elite-ax-gigabyte-ddr5-wi-fi-m-2-intel-lga-1700-atx
[2024-09-29T18:50:31.483+0000] {logging_mixin.py:190} INFO - /produto/322969/placa-mae-duex-intel-lga-775-ddr3-dx-g41z
[2024-09-29T18:50:31.484+0000] {logging_mixin.py:190} INFO - /produto/573230/placa-mae-gigabyte-b650m-aorus-elite-ax-ice-r1-0-ddr5-am5-micro-atx
[2024-09-29T18:50:31.485+0000] {logging_mixin.py:190} INFO - /produto/474971/placa-mae-afox-ih610d4-ma-v2-lga-1700-ddr4-hdmi-vga-dp-m-2-mini-pci-e
[2024-09-29T18:50:31.485+0000] {logging_mixin.py:190} INFO - /produto/455717/placa-mae-h510-mini-itx-17x17cm-megaview
[2024-09-29T18:50:31.486+0000] {logging_mixin.py:190} INFO - /produto/239264/placa-mae-asus-prime-b550m-k-amd-am4-matx-ddr4-slot-m-2
[2024-09-29T18:50:31.487+0000] {logging_mixin.py:190} INFO - /produto/564966/placa-mae-gigabyte-b760m-ds3h-ax-intel-lga-1700-ddr4-chipset-b760-
[2024-09-29T18:50:31.487+0000] {logging_mixin.py:190} INFO - /produto/355202/placa-mae-pcware-integrada-intel-celeron-dual-core-n4020-2-8ghz-ddr4-sodimm-hdmi-m-2-2280-ipx4020e
[2024-09-29T18:50:31.488+0000] {logging_mixin.py:190} INFO - /produto/474976/placa-mae-afox-a88-ma5-fm2-fm2-ddr4-hdmi-vga
[2024-09-29T18:50:31.489+0000] {logging_mixin.py:190} INFO - /produto/502838/placa-mae-asus-rog-strix-z790-h-gaming-wi-fi-atx-lga-1700-ddr5-90mb1e10-m1eay0
[2024-09-29T18:50:31.489+0000] {logging_mixin.py:190} INFO - /produto/502530/placa-mae-gigabyte-x670e-aorus-xtreme-ddr5-e-atx-am5
[2024-09-29T18:50:31.490+0000] {logging_mixin.py:190} INFO - /produto/246589/placa-mae-asus-prime-intel-h410-lga-1200-ddr4-h410m-k
[2024-09-29T18:50:31.490+0000] {logging_mixin.py:190} INFO - /produto/267640/placa-mae-gigabyte-h410m-h-v3-1-0-ultra-intel-1200-matx-ddr4-durable-2x
[2024-09-29T18:50:31.491+0000] {logging_mixin.py:190} INFO - /produto/589669/placa-mae-gigabyte-amd-b650m-h-matx-am5-m-2-nvme-2xddr5-max-96gb-1x-dp-1x-hdmi-2xusb-3-2-4xusb-2-0
[2024-09-29T18:50:31.492+0000] {logging_mixin.py:190} INFO - /produto/442367/placa-mae-gigabyte-b760-lga1700-atx-ddr4-gaming-x-ax
[2024-09-29T18:50:31.492+0000] {logging_mixin.py:190} INFO - /produto/502450/placa-mae-msi-b760m-mortar-wifi-ddr5-micro-atx-lga1700
[2024-09-29T18:50:31.493+0000] {logging_mixin.py:190} INFO - /produto/219913/placa-mae-afox-intel-lga-1155-matx-ddr3-vga-e-hdmi-h61-ma5
[2024-09-29T18:50:31.493+0000] {logging_mixin.py:190} INFO - /produto/538422/placa-mae-gigabyte-b760-ds3h-ax-intel-lga-1700-atx-ddr4-chipset-b760
[2024-09-29T18:50:31.494+0000] {logging_mixin.py:190} INFO - /produto/321976/placa-mae-asrock-x570-phantom-gaming-4s-amd-am4
[2024-09-29T18:50:31.494+0000] {logging_mixin.py:190} INFO - /produto/478676/placa-mae-gigabyte-b760-gaming-x-intel-lga-1700-ddr5-atx
[2024-09-29T18:50:31.495+0000] {logging_mixin.py:190} INFO - /produto/508290/placa-mae-biostar-b450mx-s-am4-ddr4-4333-o-c-chipset-amd-b450-usb-3-2-slot-m-2-micro-atx
[2024-09-29T18:50:31.496+0000] {logging_mixin.py:190} INFO - /produto/538410/placa-mae-asus-prime-h610m-e-d4-intel-lga-1700-matx-ddr4-chipset-h610
[2024-09-29T18:50:31.497+0000] {logging_mixin.py:190} INFO - /produto/505730/placa-mae-gigabyte-z790-aorus-elite-ax-ddr4-wifi-atx-m-2
[2024-09-29T18:50:31.497+0000] {logging_mixin.py:190} INFO - /produto/419788/placa-mae-asus-prime-x670-p-amd-socket-am5-atx-ddr5-rgb-wi-fi-bluetooth
[2024-09-29T18:50:31.498+0000] {logging_mixin.py:190} INFO - /produto/455719/placa-mae-duex-dx-h610zg-m2-intel-13-12-geracao-ddr4-socket-lga1700
[2024-09-29T18:50:31.498+0000] {logging_mixin.py:190} INFO - /produto/573253/placa-de-video-winfox-g210-1gb-g210-1gd3-ddr3-box
[2024-09-29T18:50:31.499+0000] {logging_mixin.py:190} INFO - /produto/507624/placa-mae-b650-msi-mpg-edge-wifi-amd-am5-atx-ddr5
[2024-09-29T18:50:31.499+0000] {logging_mixin.py:190} INFO - /produto/207952/placa-mae-biostar-intel-1151-b365-mhc-8-geracao-2xddr4-32gb-hdmi-e-vga-b365-mhc-vers-6-x
[2024-09-29T18:50:31.500+0000] {logging_mixin.py:190} INFO - /produto/524574/placa-mae-gigabyte-z790-aorus-elite-x-r1-0-ddr5-lga1700
[2024-09-29T18:50:31.501+0000] {logging_mixin.py:190} INFO - /produto/345483/placa-mae-brazil-pc-bpc-a88m-amd-fm2-fm2-matx-ddr3-modelo-oem
[2024-09-29T18:50:31.501+0000] {logging_mixin.py:190} INFO - /produto/416598/placa-mae-gigabyte-z790-gaming-x-ax-intel-lga-1700-atx-ddr5-bluetooth-5-3
[2024-09-29T18:50:31.502+0000] {logging_mixin.py:190} INFO - /produto/323041/placa-mae-pcware-a520-amd-am4-matx-ddr4-dvi-d-hdmi-d-sub-m-2-apm-a520g
[2024-09-29T18:50:31.502+0000] {logging_mixin.py:190} INFO - /produto/505320/placa-mae-knup-pci-express-chipset-intel-lga-1155-ddr3-16gb-usb-2-0
[2024-09-29T18:50:31.503+0000] {logging_mixin.py:190} INFO - /produto/418122/placa-mae-brx-h55ma5
[2024-09-29T18:50:31.504+0000] {logging_mixin.py:190} INFO - /produto/474359/placa-mae-gigabyte-b760i-aorus-pro-mini-itx-lga-1700-ddr5-wi-fi-hdmi-dp-m-2-usb-3-2
[2024-09-29T18:50:31.504+0000] {logging_mixin.py:190} INFO - /produto/460201/placa-mae-gigabyte-z790-aero-g-intel-lga-1700-atx-ddr5
[2024-09-29T18:50:31.505+0000] {logging_mixin.py:190} INFO - /produto/225614/placa-mae-duex-intel-lga-1150-ddr3-dx-h81z
[2024-09-29T18:50:31.505+0000] {logging_mixin.py:190} INFO - /produto/468106/placa-mae-biostar-b560mhp-2-0-m-2-ddr4-hdmi-vga-usb
[2024-09-29T18:50:31.506+0000] {logging_mixin.py:190} INFO - /produto/429942/placa-mae-asus-b650m-plus-tuf-gaming-amd-ryzen-7000-micro-atx-ddr5-wi-fi
[2024-09-29T18:50:31.507+0000] {logging_mixin.py:190} INFO - /produto/517125/placa-mae-duex-dx-h510-pro-intel-10-11-geracao-lga1200-ddr4-micro-atx
[2024-09-29T18:50:31.507+0000] {logging_mixin.py:190} INFO - /produto/164896/placa-mae-gigabyte-a520-amd-am4-ddr4-a520m-h
[2024-09-29T18:50:31.508+0000] {logging_mixin.py:190} INFO - /produto/542817/placa-mae-asus-rog-strix-x670e-f-gaming-wifi-atx-am5-ddr5-hdmi-dp-m-2-usb-3-2
[2024-09-29T18:50:31.509+0000] {logging_mixin.py:190} INFO - /produto/609751/placa-mae-b85-micro-atx-chipset-intel-1150-ddr3-16gb
[2024-09-29T18:50:31.510+0000] {logging_mixin.py:190} INFO - /produto/474975/placa-mae-afox-ih110d4-ma2-v2-lga-1151-ddr4-hdmi-vga-m-2
[2024-09-29T18:50:31.510+0000] {logging_mixin.py:190} INFO - /produto/530956/placa-mae-gigabyte-a620m-ds3h-matx-am5-ddr5-hdmi-dp-vga-usb-3-2-m-2
[2024-09-29T18:50:31.511+0000] {logging_mixin.py:190} INFO - /produto/501530/placa-mae-msi-pro-h510m-b-intel-lga-1200-matx-ddr4-m-2-vga-hdmi-chipset-h470-911-7e05-004
[2024-09-29T18:50:31.512+0000] {logging_mixin.py:190} INFO - /produto/587810/placa-mae-asrock-b550m-phantom-gaming-4-chipset-b550-amd-am4-matx-ddr4
[2024-09-29T18:50:31.512+0000] {logging_mixin.py:190} INFO - /produto/505680/placa-mae-asus-tuf-gaming-z790-plus-wifi-90mb1d80-m0eay0i
[2024-09-29T18:50:31.513+0000] {logging_mixin.py:190} INFO - /produto/530950/placa-mae-gigabyte-a620m-s2h-am5-matx-ddr5-hdmi-dp-vga-usb-3-2-m-2
[2024-09-29T18:50:31.514+0000] {logging_mixin.py:190} INFO - /produto/189746/placa-mae-brazil-pc-v2-1-amd-fm2-ddr3-vga-e-hdmi-bpc-a88m-g
[2024-09-29T18:50:31.515+0000] {logging_mixin.py:190} INFO - /produto/320112/placa-mae-asus-tuf-gaming-b450m-plus-ii-amd-am4-matx-ddr4
[2024-09-29T18:50:31.516+0000] {logging_mixin.py:190} INFO - /produto/460253/placa-mae-duex-lga-1700-h610-ddr4-gigabit
[2024-09-29T18:50:31.517+0000] {logging_mixin.py:190} INFO - /produto/495665/placa-mae-goldentec-gt-h61-m2-intel-2-3-geracao-lga1155-ddr3
[2024-09-29T18:50:31.518+0000] {logging_mixin.py:190} INFO - /produto/457528/gigabyte-z790-ud-lga-1700-ddr5-7600-o-c-chipset-z790-usb-3-2-slot-m-2-2-5-gbps-micro-atx
[2024-09-29T18:50:31.518+0000] {logging_mixin.py:190} INFO - /produto/589673/placa-mae-gigabyte-intel-z790-ud-ax-matx-lga-1700-m-2-nvme-wi-fi-4xddr5-max-192gb-1x-dp-1x-hdmi
[2024-09-29T18:50:31.519+0000] {logging_mixin.py:190} INFO - /produto/448689/placa-mae-biostar-b660mx-e-intel-lga-1700-m-2-ddr4-dvi-hdmi-vga
[2024-09-29T18:50:31.520+0000] {logging_mixin.py:190} INFO - /produto/501545/placa-mae-msi-pro-b550m-p-gen3-amd-am4-matx-ddr4-chipset-b550-911-7d95-010
[2024-09-29T18:50:31.520+0000] {logging_mixin.py:190} INFO - /produto/286272/placa-mae-goline-intel-h81-1150-ddr3-gl-h81-ma
[2024-09-29T18:50:31.521+0000] {logging_mixin.py:190} INFO - /produto/526476/placa-mae-keepdata-h510-kdgnv-lga-1200-giga-nvme-hdmi
[2024-09-29T18:50:31.522+0000] {logging_mixin.py:190} INFO - /produto/429856/placa-mae-goldentech-intel-lga-1200-h510-ddr4-m-2-gt
[2024-09-29T18:50:31.522+0000] {logging_mixin.py:190} INFO - /produto/457929/placa-mae-gigabyte-z790-gaming-x-ddr5-atx-lga1700
[2024-09-29T18:50:31.523+0000] {logging_mixin.py:190} INFO - /produto/530954/placa-mae-gigabyte-z790-aorus-elite-x-wifi-7-atx-lga-1700-ddr5-hdmi-dp-m-2-usb-3-2
[2024-09-29T18:50:31.524+0000] {logging_mixin.py:190} INFO - /produto/392033/placa-mae-asus-rog-strix-z790-a-gaming-wi-fi-d4-intel-lga1700-z790-atx-ddr4-90mb1cn0-m0eay0
[2024-09-29T18:50:31.524+0000] {logging_mixin.py:190} INFO - /produto/530621/placa-mae-duex-dx-h61zg-m2-chipset-h61-intel-lga-1155-matx-ddr3-2-e-3-geracao
[2024-09-29T18:50:31.525+0000] {logging_mixin.py:190} INFO - /produto/530953/placa-mae-msi-pro-b760m-p-ddr4-chipset-b760-intel-lga-1700-atx-911-7e02-001
[2024-09-29T18:50:31.526+0000] {logging_mixin.py:190} INFO - /produto/530955/placa-mae-gigabyte-z790-aorus-pro-x-wifi-atx-lga-1700-ddr5-hdmi-m-2-usb-3-2
[2024-09-29T18:50:31.527+0000] {logging_mixin.py:190} INFO - /produto/173418/placa-mae-duex-dx-h61z-intel-2-e-3-geracao-lga-1155-ddr3
[2024-09-29T18:50:31.527+0000] {logging_mixin.py:190} INFO - /produto/587807/placa-mae-asrock-h610m-hdv-m-2-d5-intel-chipset-h610-ddr5-lga-1700-matx
[2024-09-29T18:50:31.528+0000] {logging_mixin.py:190} INFO - /produto/275793/placa-mae-duex-dx-h55z-intel-lga-1156-matx-ddr3-chipset-h55
[2024-09-29T18:50:31.529+0000] {logging_mixin.py:190} INFO - /produto/377503/placa-mae-placa-mae-h410m-ac-asrock-atx-lga1200-sockel-90-mxbdt0-a0uayz
[2024-09-29T18:50:31.532+0000] {logging_mixin.py:190} INFO - /produto/479842/placa-mae-gigabyte-z790-aourus-master-intel-lga-1700-e-atx-ddr5-wi-fi-bluetooth-z790-aorus-master
[2024-09-29T18:50:31.533+0000] {logging_mixin.py:190} INFO - /produto/152717/placa-mae-asrock-intel-lga-1151-matx-ddr4-h310cm-hg4
[2024-09-29T18:50:31.533+0000] {logging_mixin.py:190} INFO - /produto/498065/placa-mae-asrock-a620m-hdv-m-2-amd-am5-m-atx-ddr5-chipset-a620
[2024-09-29T18:50:31.534+0000] {logging_mixin.py:190} INFO - /produto/538393/placa-mae-gigabyte-b760m-gaming-intel-lga-1700-matx-ddr4-chipset-b760
[2024-09-29T18:50:31.535+0000] {logging_mixin.py:190} INFO - /produto/573261/placa-mae-h310-brazilpc-bpc-h310-b250cm-2-g-6-7-8-9-geracoes-
[2024-09-29T18:50:31.535+0000] {logging_mixin.py:190} INFO - /produto/505729/placa-mae-gigabyte-z790i-aorus-ultra-intel-lga-1700-ddr5-m-2
[2024-09-29T18:50:31.536+0000] {logging_mixin.py:190} INFO - /produto/507171/placa-mae-asrock-b650-pg-lightning-chipset-b650-atx-amd-am5-ddr5
[2024-09-29T18:50:31.536+0000] {logging_mixin.py:190} INFO - /produto/164744/placa-mae-gigabyte-ga-a320m-s2h-amd-am4-matx-ddr4-ate-32gb-de-ram-conexoes-d-sub-dvi-d-hdmi
[2024-09-29T18:50:35.422+0000] {logging_mixin.py:190} INFO - /produto/527228/placa-mae-h61-brazilpc-bpc-h61-m-2-tg-10-100-1000
[2024-09-29T18:50:35.423+0000] {logging_mixin.py:190} INFO - /produto/232085/placa-mae-gigabyte-z590-d-intel-lga-1200-ddr4-ud-series
[2024-09-29T18:50:35.424+0000] {logging_mixin.py:190} INFO - /produto/533719/placa-mae-gigabyte-z790-aorus-master-x-wifi-7-eatx-lga-1700-ddr5-displayport-m-2-usb-3-2
[2024-09-29T18:50:35.425+0000] {logging_mixin.py:190} INFO - /produto/398852/placa-mae-asus-rog-strix-b550-f-gaming-wifi-ii-amd-m-2-ddr4-90mb19v0-mvaay0
[2024-09-29T18:50:35.426+0000] {logging_mixin.py:190} INFO - /produto/498127/placa-mae-asrock-intel-1200-h510m-hdv-m-2-se-2xddr4-hdmi-dvi-vga-11-h510m-hdv-m-2-se
[2024-09-29T18:50:35.427+0000] {logging_mixin.py:190} INFO - /produto/534550/placa-mae-asus-tuf-gaming-b760m-e-d4-ddr4-lga1700-micro-atx
[2024-09-29T18:50:35.427+0000] {logging_mixin.py:190} INFO - /produto/610045/placa-mae-asrock-b650m-h-m-2-chipset-b650m-amd-am5-m-atx-ddr5
[2024-09-29T18:50:35.428+0000] {logging_mixin.py:190} INFO - /produto/349090/placa-mae-asrock-h510m-hvs-r2-0-intel-lga-1200-matx-ddr4-90-mxbgt0-a0bayz
[2024-09-29T18:50:35.429+0000] {logging_mixin.py:190} INFO - /produto/503601/placa-mae-brx-h510-intel-1200-micro-atx-vga-hdmi-ddr4
[2024-09-29T18:50:35.430+0000] {logging_mixin.py:190} INFO - /produto/455718/placa-mae-duex-dx-h61z-m2-intel-2-3-geracao-ddr3-socket-lga1155
[2024-09-29T18:50:35.430+0000] {logging_mixin.py:190} INFO - /produto/298213/placa-mae-gigabyte-z790m-aorus-elite-ax-wi-fi-ddr5-microatx-lga1700
[2024-09-29T18:50:35.431+0000] {logging_mixin.py:190} INFO - /produto/577654/placa-mae-h81a-micro-atx-ddr3-lga-1150-intel-audio-integrado-16gb
[2024-09-29T18:50:35.432+0000] {logging_mixin.py:190} INFO - /produto/524575/placa-mae-gigabyte-z790-aorus-elite-ax-ice-rev-1-0-ddr5-atx-lga1700
[2024-09-29T18:50:35.432+0000] {logging_mixin.py:190} INFO - /produto/398510/placa-mae-asus-prime-a520m-k-amd-am3-matx-ddr4-1500-m0eay0
[2024-09-29T18:50:35.433+0000] {logging_mixin.py:190} INFO - /produto/573248/placa-mae-gigabyte-z790-aorus-xtreme-x-chipset-z790-intel-lga-1700-wi-fi-e-atx-ddr5
[2024-09-29T18:50:35.435+0000] {logging_mixin.py:190} INFO - /produto/457928/placa-mae-gigabyte-z790-ud-ax-ddr5-atx-lga1700
[2024-09-29T18:50:35.435+0000] {logging_mixin.py:190} INFO - /produto/509020/placa-mae-biostar-h81mhv3-3-0-socket-ddr3-lga-1150-vga
[2024-09-29T18:50:35.436+0000] {logging_mixin.py:190} INFO - /produto/620646/placa-mae-amd-am4-chipset-a520-g562-vga-hdmi-glan-yon-cor-preto
[2024-09-29T18:50:35.437+0000] {logging_mixin.py:190} INFO - /produto/457930/placa-mae-gigabyte-z790-aero-g-ddr5-atx-lga1700
[2024-09-29T18:50:35.437+0000] {logging_mixin.py:190} INFO - /produto/505796/placa-mae-gigabyte-b650m-k-am5-ddr5-hdmi-displayport-usb-3-2-m-2
[2024-09-29T18:50:35.438+0000] {logging_mixin.py:190} INFO - /produto/462195/placa-mae-asus-rog-strix-z790-e-gaming-wifi-intel-lga-1700-atx-ddr5-90mb1cl0-m0eay0
[2024-09-29T18:50:35.439+0000] {logging_mixin.py:190} INFO - /produto/170184/placa-mae-pcware-pro-r-2-intel-lga-1151-8-e-9-geracao-ddr4-ipmh310g
[2024-09-29T18:50:35.439+0000] {logging_mixin.py:190} INFO - /produto/616986/placa-mae-revenger-h61-socket-lga-1155-com-m-2-nvme-lan-giga-i3-i5-i7
[2024-09-29T18:50:35.440+0000] {logging_mixin.py:190} INFO - /produto/315060/placa-mae-goline-intel-lga-1151-ddr4-vga-gl-h110-m2
[2024-09-29T18:50:35.441+0000] {logging_mixin.py:190} INFO - /produto/473028/placa-mae-gigabyte-b550-aorus-elite-ax-v2-chipset-b550-amd-am4-atx-ddr4-9mb55aew2-00-10
[2024-09-29T18:50:35.441+0000] {logging_mixin.py:190} INFO - /produto/416599/placa-mae-biostar-racing-z490gta-evo-intel-lga-1200-atx-ddr4-com-chipset-usb-3-2-e-slot-m-2
[2024-09-29T18:50:35.442+0000] {logging_mixin.py:190} INFO - /produto/390089/placa-mae-msi-pro-e-intel-core-10-geracao-lga-1200-matx-ddr4-4800-oc-chipset-b560-usb-3-2-slot-m-2-b560m
[2024-09-29T18:50:35.443+0000] {logging_mixin.py:190} INFO - /produto/507562/placa-mae-msi-pro-b760m-a-wifi-intel-lga1700-chipset-b760-matx-ddr5-911-7d99-007
[2024-09-29T18:50:35.443+0000] {logging_mixin.py:190} INFO - /produto/509108/placa-mae-msi-mag-b550-tomahawk-amd-am4-atx-ddr4-911-7c91-044
[2024-09-29T18:50:35.444+0000] {logging_mixin.py:190} INFO - /produto/176076/placa-mae-brazil-pc-intel-lga-1150-ddr3-som-vi-deo-e-rede-b85m-tg
[2024-09-29T18:50:35.445+0000] {logging_mixin.py:190} INFO - /produto/573238/placa-mae-1150-goline-b85m-g-ddr3-m-2-d-sub-hdmi
[2024-09-29T18:50:35.445+0000] {logging_mixin.py:190} INFO - /produto/463327/placa-mae-asrock-z790-pg-lightning-intel-lga1700-chipset-z790-atx-ddr5-z790-pg-lightning
[2024-09-29T18:50:35.446+0000] {logging_mixin.py:190} INFO - /produto/315226/placa-mae-asus-rog-strix-z690-a-intel-12-geracao-90mb18k0m0eay0i
[2024-09-29T18:50:35.447+0000] {logging_mixin.py:190} INFO - /produto/173255/placa-mae-asus-intel-6-e-7-geracao-lga-1151-ddr4-h110m-cs
[2024-09-29T18:50:35.447+0000] {logging_mixin.py:190} INFO - /produto/364863/placa-mae-asrock-a520m-hdv-amd-am4-2xddr4-hdmi-dvi-vga
[2024-09-29T18:50:35.448+0000] {logging_mixin.py:190} INFO - /produto/597783/placa-mae-1150-goline-h81m-g2-ddr3-vgahdmim-2-nvme
[2024-09-29T18:50:35.449+0000] {logging_mixin.py:190} INFO - /produto/398516/placa-mae-msi-pro-b660m-a-ddr4-m-2-lga1700-wi-fi-hdmi-dp
[2024-09-29T18:50:35.449+0000] {logging_mixin.py:190} INFO - /produto/226057/placa-mae-asrock-b550m-steel-legend-amd-am4-b550-ddr4-4733-oc-usb-3-2
[2024-09-29T18:50:35.450+0000] {logging_mixin.py:190} INFO - /produto/527622/placa-mae-gigabyte-b650m-s2h-ddr5-micro-atx-am5
[2024-09-29T18:50:35.451+0000] {logging_mixin.py:190} INFO - /produto/170562/placa-mae-biostar-a320mh-amd-am4-ddr4-
[2024-09-29T18:50:35.452+0000] {logging_mixin.py:190} INFO - /produto/538376/placa-mae-asrock-b550m-pg-riptide-amd-am4-matx-ddr4-chipset-b550
[2024-09-29T18:50:35.452+0000] {logging_mixin.py:190} INFO - /produto/463326/placa-mae-asus-rog-strix-intel-lga-1700-chipset-b760-ddr5-rog-strix-b760-f-gaming-wifi
[2024-09-29T18:50:35.453+0000] {logging_mixin.py:190} INFO - /produto/404217/placa-mae-intel-1151-h110-m-2-2xddr4-hdmi-vga-6-7-e-8-g-g-h110-revenger
[2024-09-29T18:50:35.454+0000] {logging_mixin.py:190} INFO - /produto/133704/placa-mae-asrock-b550m-steel-legend-amd-am4-matx-ddr4-hdmi-90-mxbcu0-a0uayz
[2024-09-29T18:50:35.454+0000] {logging_mixin.py:190} INFO - /produto/420408/placa-mae-oem-h61m-intel-i3-i5-i7-2-3-geracao-lga1155-ddr3
[2024-09-29T18:50:35.455+0000] {logging_mixin.py:190} INFO - /produto/457931/placa-mae-gigabyte-x670e-aorus-master-e-atx-amd-am5-ddr5
[2024-09-29T18:50:35.456+0000] {logging_mixin.py:190} INFO - /produto/546539/placa-mae-msi-mag-z790-tomahawk-max-intel-lga-1700-ddr5-wifi-atx
[2024-09-29T18:50:35.456+0000] {logging_mixin.py:190} INFO - /produto/510005/placa-mae-brx-h110m-br-chipset-h110-intel-1151-ddr4
[2024-09-29T18:50:35.457+0000] {logging_mixin.py:190} INFO - /produto/348033/placa-mae-brx-intel-lga-1150-h81-ddr3-vga-hdmi
[2024-09-29T18:50:35.458+0000] {logging_mixin.py:190} INFO - /produto/475036/placa-mae-asrock-b660m-phantom-gaming-4-lga1700-ddr4-hdmi-dp-m-2
[2024-09-29T18:50:35.459+0000] {logging_mixin.py:190} INFO - /produto/444789/placa-mae-login-com-processador-celeron-n4020-log-glkd-i2
[2024-09-29T18:50:35.459+0000] {logging_mixin.py:190} INFO - /produto/202635/placa-mae-goldentec-intel-lga-1155-h61-box
[2024-09-29T18:50:35.460+0000] {logging_mixin.py:190} INFO - /produto/538407/placa-mae-asrock-b760m-pg-sonic-intel-lga-1700-matx-ddr5-chipset-b760-wifi
[2024-09-29T18:50:35.461+0000] {logging_mixin.py:190} INFO - /produto/400244/placa-mae-gigabyte-x670-aorus-elite-ax-amd-am5-atx-ddr5
[2024-09-29T18:50:35.461+0000] {logging_mixin.py:190} INFO - /produto/551587/placa-mae-gigabyte-h510m-k-v2-intel-lga-1200-chipset-h510
[2024-09-29T18:50:35.462+0000] {logging_mixin.py:190} INFO - /produto/429941/placa-mae-gigabyte-b650m-ds3h-ud-amd-ryzen-7000-m-2-ddr5-displayport-hdmi
[2024-09-29T18:50:35.463+0000] {logging_mixin.py:190} INFO - /produto/461219/placa-mae-gigabyte-z790m-aorus-elite-ddr5-micro-atx-lga-1700
[2024-09-29T18:50:35.463+0000] {logging_mixin.py:190} INFO - /produto/622092/placa-mae-intel-lga-1155-onepower-h61da1-ddr3
[2024-09-29T18:50:35.464+0000] {logging_mixin.py:190} INFO - /produto/452808/placa-mae-gigabyte-b650m-gaming-x-ax-amd-am5-micro-atx-ddr5
[2024-09-29T18:50:35.464+0000] {logging_mixin.py:190} INFO - /produto/502487/placa-mae-asus-prime-b760m-a-d4-ddr4-microatx-lga1700
[2024-09-29T18:50:35.465+0000] {logging_mixin.py:190} INFO - /produto/530930/placa-mae-mini-itx-pcware-ipx4120g-pro-intel-quad-core
[2024-09-29T18:50:35.466+0000] {logging_mixin.py:190} INFO - /produto/452870/placa-mae-gigabyte-b650-aero-g-amd-am5-atx-ddr5
[2024-09-29T18:50:35.466+0000] {logging_mixin.py:190} INFO - /produto/520280/placa-mae-duex-dxh110zg-m-2-chipset-h110-intel-1151-ddr4
[2024-09-29T18:50:35.468+0000] {logging_mixin.py:190} INFO - /produto/527620/placa-mae-gigabyte-b650m-h-ddr5-micro-atx-am5
[2024-09-29T18:50:35.469+0000] {logging_mixin.py:190} INFO - /produto/538386/placa-mae-gigabyte-b760m-gaming-x-lga-1700-matx-ddr5-chipset-b760
[2024-09-29T18:50:35.469+0000] {logging_mixin.py:190} INFO - /produto/319500/placa-mae-duex-intel-lga-1156-ddr3-h55z
[2024-09-29T18:50:35.470+0000] {logging_mixin.py:190} INFO - /produto/507153/placa-mae-afox-ih110d4-ma5-v2-h110-intel-lga-1151-matx-ddr4
[2024-09-29T18:50:35.471+0000] {logging_mixin.py:190} INFO - /produto/505648/placa-mae-gigabyte-z790-d-lga-1700-ddr4-socket
[2024-09-29T18:50:35.471+0000] {logging_mixin.py:190} INFO - /produto/498132/placa-mae-knup-b250-intel-1151-2xddr4-32gb-hdmi-vga-revenger
[2024-09-29T18:50:35.472+0000] {logging_mixin.py:190} INFO - /produto/468234/placa-mae-asus-amd-wrx80-ddr4-m-2-usb-3-2-eatx-pro-ws-wrx80e-sage-se-wi-fi
[2024-09-29T18:50:35.473+0000] {logging_mixin.py:190} INFO - /produto/469041/placa-mae-gigabyte-b760m-aorus-elite-intel-13a-12a-geracao-lga1700-micro-atx-ddr5
[2024-09-29T18:50:35.473+0000] {logging_mixin.py:190} INFO - /produto/471532/placa-mae-pcware-bravex-ipm-b560-intel-lga-1200-matx-ddr4-chipset-b560
[2024-09-29T18:50:35.474+0000] {logging_mixin.py:190} INFO - /produto/204840/placa-mae-goldentec-intel-1150-h81m-sqbox
[2024-09-29T18:50:35.475+0000] {logging_mixin.py:190} INFO - /produto/429945/placa-mae-gigabyte-b760-aorus-master-intel-lga1700-atx-ddr4-wi-fi
[2024-09-29T18:50:35.475+0000] {logging_mixin.py:190} INFO - /produto/396965/placa-mae-oxy-br-intel-h510-express-lga-1200
[2024-09-29T18:50:35.476+0000] {logging_mixin.py:190} INFO - /produto/452843/placa-mae-gigabyte-b760-aorus-elite-intel-lga1700-atx-ddr4
[2024-09-29T18:50:35.477+0000] {logging_mixin.py:190} INFO - /produto/616270/placa-mae-msi-b450m-a-pro-max-ii-am4-matx-ddr4-911-7c52-036
[2024-09-29T18:50:35.477+0000] {logging_mixin.py:190} INFO - /produto/504413/placa-mae-i3-i5-i7-pcware-ipmh610g
[2024-09-29T18:50:35.478+0000] {logging_mixin.py:190} INFO - /produto/627989/placa-mae-asus-tuf-gaming-para-amd-am5-b650m-e-wifi-4xddr5-matx
[2024-09-29T18:50:35.478+0000] {logging_mixin.py:190} INFO - /produto/300930/placa-mae-asus-rog-strix-z690-i-gaming-intel-1700-z690-mini-itx-ddr5-wi-fi-90mb1910-m0eay0
[2024-09-29T18:50:35.479+0000] {logging_mixin.py:190} INFO - /produto/541000/placa-mae-alligator-shop-h61-ddr3-m-2-rede-gigabit-lga-1155-alsmb-h61-m2
[2024-09-29T18:50:35.480+0000] {logging_mixin.py:190} INFO - /produto/474379/placa-mae-gigabyte-b650i-aorus-ultra-amd-am5-chipset-b650-iatx-ddr5-b650i
[2024-09-29T18:50:35.480+0000] {logging_mixin.py:190} INFO - /produto/189429/placa-mae-asus-intel-1200-ddr4-hdmi-vga-10-11-geracao-prime-h510m-e
[2024-09-29T18:50:35.481+0000] {logging_mixin.py:190} INFO - /produto/502496/placa-mae-msi-mag-b650-tomahawk-am5-atx-ddr5-wifi
[2024-09-29T18:50:35.482+0000] {logging_mixin.py:190} INFO - /produto/474367/placa-mae-gigabyte-b760m-ds3h-ax-intel-lga1700-chipset-b760-matx-ddr5-b760m-ds3h-ax
[2024-09-29T18:50:35.482+0000] {logging_mixin.py:190} INFO - /produto/405121/placa-mae-asrock-x570-steel-legend-amd-am4-atx-ddr4-wi-fi-ax-hdmi-e-dp
[2024-09-29T18:50:35.483+0000] {logging_mixin.py:190} INFO - /produto/452844/placa-mae-gigabyte-b760m-aorus-pro-intel-lga1700-micro-atx-ddr5
[2024-09-29T18:50:35.484+0000] {logging_mixin.py:190} INFO - /produto/463275/placa-mae-asrock-intel-1700-h610-2xddr4-hdmi-vga-h610m-hdv
[2024-09-29T18:50:35.485+0000] {logging_mixin.py:190} INFO - /produto/621045/placa-mae-gigabyte-b650m-d2h-amd-am5-matx-ddr5-b650m-d2h
[2024-09-29T18:50:35.485+0000] {logging_mixin.py:190} INFO - /produto/538394/placa-mae-asrock-b760m-h2-m-2-intel-lga-1700-matx-ddr5-chipset-b760
[2024-09-29T18:50:35.486+0000] {logging_mixin.py:190} INFO - /produto/515932/placa-mae-gigabyte-b760m-aorus-elite-r1-1-ddr4-lga-1700-micro-atx
[2024-09-29T18:50:35.487+0000] {logging_mixin.py:190} INFO - /produto/157673/placa-mae-asus-prime-b450m-gaming-br-amd-am4-matx-ddr4
[2024-09-29T18:50:35.487+0000] {logging_mixin.py:190} INFO - /produto/542240/placa-mae-msi-mag-b760m-mortar-intel-m-atx-ddr5-wi-fi-ii-mag-b760m-mortar-wifi-ii
[2024-09-29T18:50:35.488+0000] {logging_mixin.py:190} INFO - /produto/543566/placa-mae-gigabyte-b650-aero-g-amd-atx-ddr5-wi-fi-bluetooth-b650-aero-g
[2024-09-29T18:50:35.488+0000] {logging_mixin.py:190} INFO - /produto/376851/placa-mae-biostar-b550mh-amd-socket-am4-matx-ddr4
[2024-09-29T18:50:35.489+0000] {logging_mixin.py:190} INFO - /produto/407366/placa-mae-msi-pro-intel-lga-1700-b660m-matx-ddr4-m-2-vga-displayport-e-hdmi-b660m-g
[2024-09-29T18:50:35.490+0000] {logging_mixin.py:190} INFO - /produto/348170/placa-mae-afox-h61-intel-lga-1155-ddr3-ih61-ma2
[2024-09-29T18:50:35.490+0000] {logging_mixin.py:190} INFO - /produto/172667/placa-mae-asus-prime-b550m-a-amd-am4-matx-ddr4-90mb14i0-m0eay0
[2024-09-29T18:50:35.491+0000] {logging_mixin.py:190} INFO - /produto/546540/placa-mae-asrock-z790-pro-rs-d4-intel-lga-1700-ddr4
[2024-09-29T18:50:35.492+0000] {logging_mixin.py:190} INFO - /produto/574325/massageador-facial-ice-roller-branco
[2024-09-29T18:50:37.240+0000] {taskinstance.py:3310} ERROR - Task failed with exception
Traceback (most recent call last):
  File "/home/airflow/.local/lib/python3.12/site-packages/airflow/models/taskinstance.py", line 767, in _execute_task
    result = _execute_callable(context=context, **execute_callable_kwargs)
             ^^^^^^^^^^^^^^^^^^^^^^^^^^^^^^^^^^^^^^^^^^^^^^^^^^^^^^^^^^^^^
  File "/home/airflow/.local/lib/python3.12/site-packages/airflow/models/taskinstance.py", line 733, in _execute_callable
    return ExecutionCallableRunner(
           ^^^^^^^^^^^^^^^^^^^^^^^^
  File "/home/airflow/.local/lib/python3.12/site-packages/airflow/utils/operator_helpers.py", line 252, in run
    return self.func(*args, **kwargs)
           ^^^^^^^^^^^^^^^^^^^^^^^^^^
  File "/home/airflow/.local/lib/python3.12/site-packages/airflow/models/baseoperator.py", line 406, in wrapper
    return func(self, *args, **kwargs)
           ^^^^^^^^^^^^^^^^^^^^^^^^^^^
  File "/opt/airflow/operators/OperatorWebScraping.py", line 141, in execute
    self.ExtractDates()
  File "/opt/airflow/operators/OperatorWebScraping.py", line 104, in ExtractDates
    self.__ProcessamentoBeautifulSoup(html, url)
  File "/opt/airflow/operators/OperatorWebScraping.py", line 51, in __ProcessamentoBeautifulSoup
    ProductsAll=main.find_all('div',class_='p-[3px] rounded-4 group bg-white shadow-[0_0_1px_rgba(40,41,61,0.08),0_0.5px_2px_rgba(96,97,112,0.16)] hover:shadow-lg')
                ^^^^^^^^^^^^^
AttributeError: 'NoneType' object has no attribute 'find_all'
[2024-09-29T18:50:37.254+0000] {taskinstance.py:1225} INFO - Marking task as FAILED. dag_id=SitesWebScraping, task_id=WebScrapint, run_id=manual__2024-09-29T18:50:10.561247+00:00, execution_date=20240929T185010, start_date=20240929T185013, end_date=20240929T185037
[2024-09-29T18:50:37.275+0000] {taskinstance.py:340} INFO - ::group::Post task execution logs
[2024-09-29T18:50:37.275+0000] {standard_task_runner.py:124} ERROR - Failed to execute job 522 for task WebScrapint ('NoneType' object has no attribute 'find_all'; 301)
Traceback (most recent call last):
  File "/home/airflow/.local/lib/python3.12/site-packages/airflow/task/task_runner/standard_task_runner.py", line 117, in _start_by_fork
    ret = args.func(args, dag=self.dag)
          ^^^^^^^^^^^^^^^^^^^^^^^^^^^^^
  File "/home/airflow/.local/lib/python3.12/site-packages/airflow/cli/cli_config.py", line 49, in command
    return func(*args, **kwargs)
           ^^^^^^^^^^^^^^^^^^^^^
  File "/home/airflow/.local/lib/python3.12/site-packages/airflow/utils/cli.py", line 115, in wrapper
    return f(*args, **kwargs)
           ^^^^^^^^^^^^^^^^^^
  File "/home/airflow/.local/lib/python3.12/site-packages/airflow/cli/commands/task_command.py", line 483, in task_run
    task_return_code = _run_task_by_selected_method(args, _dag, ti)
                       ^^^^^^^^^^^^^^^^^^^^^^^^^^^^^^^^^^^^^^^^^^^^
  File "/home/airflow/.local/lib/python3.12/site-packages/airflow/cli/commands/task_command.py", line 256, in _run_task_by_selected_method
    return _run_raw_task(args, ti)
           ^^^^^^^^^^^^^^^^^^^^^^^
  File "/home/airflow/.local/lib/python3.12/site-packages/airflow/cli/commands/task_command.py", line 341, in _run_raw_task
    return ti._run_raw_task(
           ^^^^^^^^^^^^^^^^^
  File "/home/airflow/.local/lib/python3.12/site-packages/airflow/utils/session.py", line 97, in wrapper
    return func(*args, session=session, **kwargs)
           ^^^^^^^^^^^^^^^^^^^^^^^^^^^^^^^^^^^^^^
  File "/home/airflow/.local/lib/python3.12/site-packages/airflow/models/taskinstance.py", line 3004, in _run_raw_task
    return _run_raw_task(
           ^^^^^^^^^^^^^^
  File "/home/airflow/.local/lib/python3.12/site-packages/airflow/models/taskinstance.py", line 273, in _run_raw_task
    TaskInstance._execute_task_with_callbacks(
  File "/home/airflow/.local/lib/python3.12/site-packages/airflow/models/taskinstance.py", line 3158, in _execute_task_with_callbacks
    result = self._execute_task(context, task_orig)
             ^^^^^^^^^^^^^^^^^^^^^^^^^^^^^^^^^^^^^^
  File "/home/airflow/.local/lib/python3.12/site-packages/airflow/models/taskinstance.py", line 3182, in _execute_task
    return _execute_task(self, context, task_orig)
           ^^^^^^^^^^^^^^^^^^^^^^^^^^^^^^^^^^^^^^^
  File "/home/airflow/.local/lib/python3.12/site-packages/airflow/models/taskinstance.py", line 767, in _execute_task
    result = _execute_callable(context=context, **execute_callable_kwargs)
             ^^^^^^^^^^^^^^^^^^^^^^^^^^^^^^^^^^^^^^^^^^^^^^^^^^^^^^^^^^^^^
  File "/home/airflow/.local/lib/python3.12/site-packages/airflow/models/taskinstance.py", line 733, in _execute_callable
    return ExecutionCallableRunner(
           ^^^^^^^^^^^^^^^^^^^^^^^^
  File "/home/airflow/.local/lib/python3.12/site-packages/airflow/utils/operator_helpers.py", line 252, in run
    return self.func(*args, **kwargs)
           ^^^^^^^^^^^^^^^^^^^^^^^^^^
  File "/home/airflow/.local/lib/python3.12/site-packages/airflow/models/baseoperator.py", line 406, in wrapper
    return func(self, *args, **kwargs)
           ^^^^^^^^^^^^^^^^^^^^^^^^^^^
  File "/opt/airflow/operators/OperatorWebScraping.py", line 141, in execute
    self.ExtractDates()
  File "/opt/airflow/operators/OperatorWebScraping.py", line 104, in ExtractDates
    self.__ProcessamentoBeautifulSoup(html, url)
  File "/opt/airflow/operators/OperatorWebScraping.py", line 51, in __ProcessamentoBeautifulSoup
    ProductsAll=main.find_all('div',class_='p-[3px] rounded-4 group bg-white shadow-[0_0_1px_rgba(40,41,61,0.08),0_0.5px_2px_rgba(96,97,112,0.16)] hover:shadow-lg')
                ^^^^^^^^^^^^^
AttributeError: 'NoneType' object has no attribute 'find_all'
[2024-09-29T18:50:37.310+0000] {local_task_job_runner.py:266} INFO - Task exited with return code 1
[2024-09-29T18:50:37.332+0000] {taskinstance.py:3900} INFO - 0 downstream tasks scheduled from follow-on schedule check
[2024-09-29T18:50:37.339+0000] {local_task_job_runner.py:245} INFO - ::endgroup::
