[2024-10-17T23:16:47.128+0000] {local_task_job_runner.py:123} INFO - ::group::Pre task execution logs
[2024-10-17T23:16:47.143+0000] {taskinstance.py:2612} INFO - Dependencies all met for dep_context=non-requeueable deps ti=<TaskInstance: LoadWebScraping.spark_job manual__2024-10-17T23:16:45.477183+00:00 [queued]>
[2024-10-17T23:16:47.151+0000] {taskinstance.py:2612} INFO - Dependencies all met for dep_context=requeueable deps ti=<TaskInstance: LoadWebScraping.spark_job manual__2024-10-17T23:16:45.477183+00:00 [queued]>
[2024-10-17T23:16:47.152+0000] {taskinstance.py:2865} INFO - Starting attempt 1 of 1
[2024-10-17T23:16:47.166+0000] {taskinstance.py:2888} INFO - Executing <Task(SparkSubmitOperator): spark_job> on 2024-10-17 23:16:45.477183+00:00
[2024-10-17T23:16:47.172+0000] {warnings.py:112} WARNING - /home/***/.local/lib/python3.12/site-packages/***/task/task_runner/standard_task_runner.py:70: DeprecationWarning: This process (pid=13172) is multi-threaded, use of fork() may lead to deadlocks in the child.
  pid = os.fork()

[2024-10-17T23:16:47.173+0000] {standard_task_runner.py:72} INFO - Started process 13176 to run task
[2024-10-17T23:16:47.174+0000] {standard_task_runner.py:104} INFO - Running: ['***', 'tasks', 'run', 'LoadWebScraping', 'spark_job', 'manual__2024-10-17T23:16:45.477183+00:00', '--job-id', '201', '--raw', '--subdir', 'DAGS_FOLDER/LoadWebScraping.py', '--cfg-path', '/tmp/tmpmei8yp7b']
[2024-10-17T23:16:47.176+0000] {standard_task_runner.py:105} INFO - Job 201: Subtask spark_job
[2024-10-17T23:16:47.222+0000] {task_command.py:467} INFO - Running <TaskInstance: LoadWebScraping.spark_job manual__2024-10-17T23:16:45.477183+00:00 [running]> on host cc66b6895e01
[2024-10-17T23:16:47.469+0000] {taskinstance.py:3131} INFO - Exporting env vars: AIRFLOW_CTX_DAG_OWNER='***' AIRFLOW_CTX_DAG_ID='LoadWebScraping' AIRFLOW_CTX_TASK_ID='spark_job' AIRFLOW_CTX_EXECUTION_DATE='2024-10-17T23:16:45.477183+00:00' AIRFLOW_CTX_TRY_NUMBER='1' AIRFLOW_CTX_DAG_RUN_ID='manual__2024-10-17T23:16:45.477183+00:00'
[2024-10-17T23:16:47.469+0000] {taskinstance.py:731} INFO - ::endgroup::
[2024-10-17T23:16:47.488+0000] {spark_submit.py:304} INFO - Could not load connection string spark_default, defaulting to yarn
[2024-10-17T23:16:47.489+0000] {spark_submit.py:473} INFO - Spark-Submit cmd: spark-submit --master yarn --driver-class-path /opt/***/jars/postgresql-42.5.0.jar --jars /opt/***/jars/postgresql-42.5.0.jar --packages org.postgresql:postgresql:42.5.0 --name arrow-spark /opt/bitnami/spark/src/scripts_spark/LoadFileToDB.py
[2024-10-17T23:16:48.935+0000] {spark_submit.py:634} INFO - :: loading settings :: url = jar:file:/home/***/.local/lib/python3.12/site-packages/pyspark/jars/ivy-2.5.1.jar!/org/apache/ivy/core/settings/ivysettings.xml
[2024-10-17T23:16:48.994+0000] {spark_submit.py:634} INFO - Ivy Default Cache set to: /home/***/.ivy2/cache
[2024-10-17T23:16:48.994+0000] {spark_submit.py:634} INFO - The jars for the packages stored in: /home/***/.ivy2/jars
[2024-10-17T23:16:49.004+0000] {spark_submit.py:634} INFO - org.postgresql#postgresql added as a dependency
[2024-10-17T23:16:49.005+0000] {spark_submit.py:634} INFO - :: resolving dependencies :: org.apache.spark#spark-submit-parent-8f151ed2-745a-4a1a-9fbb-d64129aa5921;1.0
[2024-10-17T23:16:49.005+0000] {spark_submit.py:634} INFO - confs: [default]
[2024-10-17T23:16:49.090+0000] {spark_submit.py:634} INFO - found org.postgresql#postgresql;42.5.0 in central
[2024-10-17T23:16:49.109+0000] {spark_submit.py:634} INFO - found org.checkerframework#checker-qual;3.5.0 in central
[2024-10-17T23:16:49.122+0000] {spark_submit.py:634} INFO - :: resolution report :: resolve 113ms :: artifacts dl 4ms
[2024-10-17T23:16:49.123+0000] {spark_submit.py:634} INFO - :: modules in use:
[2024-10-17T23:16:49.124+0000] {spark_submit.py:634} INFO - org.checkerframework#checker-qual;3.5.0 from central in [default]
[2024-10-17T23:16:49.124+0000] {spark_submit.py:634} INFO - org.postgresql#postgresql;42.5.0 from central in [default]
[2024-10-17T23:16:49.124+0000] {spark_submit.py:634} INFO - ---------------------------------------------------------------------
[2024-10-17T23:16:49.125+0000] {spark_submit.py:634} INFO - |                  |            modules            ||   artifacts   |
[2024-10-17T23:16:49.125+0000] {spark_submit.py:634} INFO - |       conf       | number| search|dwnlded|evicted|| number|dwnlded|
[2024-10-17T23:16:49.125+0000] {spark_submit.py:634} INFO - ---------------------------------------------------------------------
[2024-10-17T23:16:49.126+0000] {spark_submit.py:634} INFO - |      default     |   2   |   0   |   0   |   0   ||   2   |   0   |
[2024-10-17T23:16:49.126+0000] {spark_submit.py:634} INFO - ---------------------------------------------------------------------
[2024-10-17T23:16:49.127+0000] {spark_submit.py:634} INFO - :: retrieving :: org.apache.spark#spark-submit-parent-8f151ed2-745a-4a1a-9fbb-d64129aa5921
[2024-10-17T23:16:49.127+0000] {spark_submit.py:634} INFO - confs: [default]
[2024-10-17T23:16:49.130+0000] {spark_submit.py:634} INFO - 0 artifacts copied, 2 already retrieved (0kB/4ms)
[2024-10-17T23:16:49.277+0000] {spark_submit.py:634} INFO - 24/10/17 23:16:49 WARN NativeCodeLoader: Unable to load native-hadoop library for your platform... using builtin-java classes where applicable
[2024-10-17T23:16:50.678+0000] {spark_submit.py:634} INFO - 24/10/17 23:16:50 INFO SparkContext: Running Spark version 3.5.2
[2024-10-17T23:16:50.678+0000] {spark_submit.py:634} INFO - 24/10/17 23:16:50 INFO SparkContext: OS info Linux, 5.15.153.1-microsoft-standard-WSL2, amd64
[2024-10-17T23:16:50.679+0000] {spark_submit.py:634} INFO - 24/10/17 23:16:50 INFO SparkContext: Java version 17.0.12
[2024-10-17T23:16:50.702+0000] {spark_submit.py:634} INFO - 24/10/17 23:16:50 INFO ResourceUtils: ==============================================================
[2024-10-17T23:16:50.702+0000] {spark_submit.py:634} INFO - 24/10/17 23:16:50 INFO ResourceUtils: No custom resources configured for spark.driver.
[2024-10-17T23:16:50.703+0000] {spark_submit.py:634} INFO - 24/10/17 23:16:50 INFO ResourceUtils: ==============================================================
[2024-10-17T23:16:50.704+0000] {spark_submit.py:634} INFO - 24/10/17 23:16:50 INFO SparkContext: Submitted application: Exemplo
[2024-10-17T23:16:50.720+0000] {spark_submit.py:634} INFO - 24/10/17 23:16:50 INFO ResourceProfile: Default ResourceProfile created, executor resources: Map(cores -> name: cores, amount: 1, script: , vendor: , memory -> name: memory, amount: 1024, script: , vendor: , offHeap -> name: offHeap, amount: 0, script: , vendor: ), task resources: Map(cpus -> name: cpus, amount: 1.0)
[2024-10-17T23:16:50.727+0000] {spark_submit.py:634} INFO - 24/10/17 23:16:50 INFO ResourceProfile: Limiting resource is cpu
[2024-10-17T23:16:50.729+0000] {spark_submit.py:634} INFO - 24/10/17 23:16:50 INFO ResourceProfileManager: Added ResourceProfile id: 0
[2024-10-17T23:16:50.768+0000] {spark_submit.py:634} INFO - 24/10/17 23:16:50 INFO SecurityManager: Changing view acls to: ***
[2024-10-17T23:16:50.769+0000] {spark_submit.py:634} INFO - 24/10/17 23:16:50 INFO SecurityManager: Changing modify acls to: ***
[2024-10-17T23:16:50.769+0000] {spark_submit.py:634} INFO - 24/10/17 23:16:50 INFO SecurityManager: Changing view acls groups to:
[2024-10-17T23:16:50.770+0000] {spark_submit.py:634} INFO - 24/10/17 23:16:50 INFO SecurityManager: Changing modify acls groups to:
[2024-10-17T23:16:50.770+0000] {spark_submit.py:634} INFO - 24/10/17 23:16:50 INFO SecurityManager: SecurityManager: authentication disabled; ui acls disabled; users with view permissions: ***; groups with view permissions: EMPTY; users with modify permissions: ***; groups with modify permissions: EMPTY
[2024-10-17T23:16:50.939+0000] {spark_submit.py:634} INFO - 24/10/17 23:16:50 INFO Utils: Successfully started service 'sparkDriver' on port 46547.
[2024-10-17T23:16:50.969+0000] {spark_submit.py:634} INFO - 24/10/17 23:16:50 INFO SparkEnv: Registering MapOutputTracker
[2024-10-17T23:16:50.997+0000] {spark_submit.py:634} INFO - 24/10/17 23:16:50 INFO SparkEnv: Registering BlockManagerMaster
[2024-10-17T23:16:51.021+0000] {spark_submit.py:634} INFO - 24/10/17 23:16:51 INFO BlockManagerMasterEndpoint: Using org.apache.spark.storage.DefaultTopologyMapper for getting topology information
[2024-10-17T23:16:51.022+0000] {spark_submit.py:634} INFO - 24/10/17 23:16:51 INFO BlockManagerMasterEndpoint: BlockManagerMasterEndpoint up
[2024-10-17T23:16:51.026+0000] {spark_submit.py:634} INFO - 24/10/17 23:16:51 INFO SparkEnv: Registering BlockManagerMasterHeartbeat
[2024-10-17T23:16:51.043+0000] {spark_submit.py:634} INFO - 24/10/17 23:16:51 INFO DiskBlockManager: Created local directory at /tmp/blockmgr-fe6fe2db-c7eb-42e4-b929-a14dca9641aa
[2024-10-17T23:16:51.055+0000] {spark_submit.py:634} INFO - 24/10/17 23:16:51 INFO MemoryStore: MemoryStore started with capacity 434.4 MiB
[2024-10-17T23:16:51.068+0000] {spark_submit.py:634} INFO - 24/10/17 23:16:51 INFO SparkEnv: Registering OutputCommitCoordinator
[2024-10-17T23:16:51.173+0000] {spark_submit.py:634} INFO - 24/10/17 23:16:51 INFO JettyUtils: Start Jetty 0.0.0.0:4040 for SparkUI
[2024-10-17T23:16:51.221+0000] {spark_submit.py:634} INFO - 24/10/17 23:16:51 INFO Utils: Successfully started service 'SparkUI' on port 4040.
[2024-10-17T23:16:51.253+0000] {spark_submit.py:634} INFO - 24/10/17 23:16:51 INFO SparkContext: Added JAR /opt/bitnami/spark/jars/postgresql-42.5.0.jar at spark://cc66b6895e01:46547/jars/postgresql-42.5.0.jar with timestamp 1729207010672
[2024-10-17T23:16:51.303+0000] {spark_submit.py:634} INFO - 24/10/17 23:16:51 INFO Executor: Starting executor ID driver on host cc66b6895e01
[2024-10-17T23:16:51.304+0000] {spark_submit.py:634} INFO - 24/10/17 23:16:51 INFO Executor: OS info Linux, 5.15.153.1-microsoft-standard-WSL2, amd64
[2024-10-17T23:16:51.304+0000] {spark_submit.py:634} INFO - 24/10/17 23:16:51 INFO Executor: Java version 17.0.12
[2024-10-17T23:16:51.309+0000] {spark_submit.py:634} INFO - 24/10/17 23:16:51 INFO Executor: Starting executor with user classpath (userClassPathFirst = false): ''
[2024-10-17T23:16:51.310+0000] {spark_submit.py:634} INFO - 24/10/17 23:16:51 INFO Executor: Created or updated repl class loader org.apache.spark.util.MutableURLClassLoader@44295aad for default.
[2024-10-17T23:16:51.319+0000] {spark_submit.py:634} INFO - 24/10/17 23:16:51 INFO Executor: Fetching spark://cc66b6895e01:46547/jars/postgresql-42.5.0.jar with timestamp 1729207010672
[2024-10-17T23:16:51.359+0000] {spark_submit.py:634} INFO - 24/10/17 23:16:51 INFO TransportClientFactory: Successfully created connection to cc66b6895e01/172.18.0.4:46547 after 21 ms (0 ms spent in bootstraps)
[2024-10-17T23:16:51.367+0000] {spark_submit.py:634} INFO - 24/10/17 23:16:51 INFO Utils: Fetching spark://cc66b6895e01:46547/jars/postgresql-42.5.0.jar to /tmp/spark-fbb72dd4-5560-4de2-a3f3-f00ae22147ed/userFiles-5738f581-8fef-4e71-a1a2-65c81c63b542/fetchFileTemp15665590240350970418.tmp
[2024-10-17T23:16:51.403+0000] {spark_submit.py:634} INFO - 24/10/17 23:16:51 INFO Executor: Adding file:/tmp/spark-fbb72dd4-5560-4de2-a3f3-f00ae22147ed/userFiles-5738f581-8fef-4e71-a1a2-65c81c63b542/postgresql-42.5.0.jar to class loader default
[2024-10-17T23:16:51.410+0000] {spark_submit.py:634} INFO - 24/10/17 23:16:51 INFO Utils: Successfully started service 'org.apache.spark.network.netty.NettyBlockTransferService' on port 33091.
[2024-10-17T23:16:51.411+0000] {spark_submit.py:634} INFO - 24/10/17 23:16:51 INFO NettyBlockTransferService: Server created on cc66b6895e01:33091
[2024-10-17T23:16:51.413+0000] {spark_submit.py:634} INFO - 24/10/17 23:16:51 INFO BlockManager: Using org.apache.spark.storage.RandomBlockReplicationPolicy for block replication policy
[2024-10-17T23:16:51.422+0000] {spark_submit.py:634} INFO - 24/10/17 23:16:51 INFO BlockManagerMaster: Registering BlockManager BlockManagerId(driver, cc66b6895e01, 33091, None)
[2024-10-17T23:16:51.426+0000] {spark_submit.py:634} INFO - 24/10/17 23:16:51 INFO BlockManagerMasterEndpoint: Registering block manager cc66b6895e01:33091 with 434.4 MiB RAM, BlockManagerId(driver, cc66b6895e01, 33091, None)
[2024-10-17T23:16:51.430+0000] {spark_submit.py:634} INFO - 24/10/17 23:16:51 INFO BlockManagerMaster: Registered BlockManager BlockManagerId(driver, cc66b6895e01, 33091, None)
[2024-10-17T23:16:51.431+0000] {spark_submit.py:634} INFO - 24/10/17 23:16:51 INFO BlockManager: Initialized BlockManager: BlockManagerId(driver, cc66b6895e01, 33091, None)
[2024-10-17T23:16:51.812+0000] {spark_submit.py:634} INFO - 24/10/17 23:16:51 INFO SharedState: Setting hive.metastore.warehouse.dir ('null') to the value of spark.sql.warehouse.dir.
[2024-10-17T23:16:51.814+0000] {spark_submit.py:634} INFO - 24/10/17 23:16:51 INFO SharedState: Warehouse path is 'file:/opt/***/spark-warehouse'.
[2024-10-17T23:16:52.619+0000] {spark_submit.py:634} INFO - 24/10/17 23:16:52 INFO InMemoryFileIndex: It took 107 ms to list leaf files for 2 paths.
[2024-10-17T23:16:52.950+0000] {spark_submit.py:634} INFO - 24/10/17 23:16:52 INFO SparkContext: Starting job: parquet at NativeMethodAccessorImpl.java:0
[2024-10-17T23:16:52.962+0000] {spark_submit.py:634} INFO - 24/10/17 23:16:52 INFO DAGScheduler: Got job 0 (parquet at NativeMethodAccessorImpl.java:0) with 1 output partitions
[2024-10-17T23:16:52.962+0000] {spark_submit.py:634} INFO - 24/10/17 23:16:52 INFO DAGScheduler: Final stage: ResultStage 0 (parquet at NativeMethodAccessorImpl.java:0)
[2024-10-17T23:16:52.963+0000] {spark_submit.py:634} INFO - 24/10/17 23:16:52 INFO DAGScheduler: Parents of final stage: List()
[2024-10-17T23:16:52.964+0000] {spark_submit.py:634} INFO - 24/10/17 23:16:52 INFO DAGScheduler: Missing parents: List()
[2024-10-17T23:16:52.968+0000] {spark_submit.py:634} INFO - 24/10/17 23:16:52 INFO DAGScheduler: Submitting ResultStage 0 (MapPartitionsRDD[1] at parquet at NativeMethodAccessorImpl.java:0), which has no missing parents
[2024-10-17T23:16:53.022+0000] {spark_submit.py:634} INFO - 24/10/17 23:16:53 INFO MemoryStore: Block broadcast_0 stored as values in memory (estimated size 104.5 KiB, free 434.3 MiB)
[2024-10-17T23:16:53.044+0000] {spark_submit.py:634} INFO - 24/10/17 23:16:53 INFO MemoryStore: Block broadcast_0_piece0 stored as bytes in memory (estimated size 37.7 KiB, free 434.3 MiB)
[2024-10-17T23:16:53.047+0000] {spark_submit.py:634} INFO - 24/10/17 23:16:53 INFO BlockManagerInfo: Added broadcast_0_piece0 in memory on cc66b6895e01:33091 (size: 37.7 KiB, free: 434.4 MiB)
[2024-10-17T23:16:53.050+0000] {spark_submit.py:634} INFO - 24/10/17 23:16:53 INFO SparkContext: Created broadcast 0 from broadcast at DAGScheduler.scala:1585
[2024-10-17T23:16:53.063+0000] {spark_submit.py:634} INFO - 24/10/17 23:16:53 INFO DAGScheduler: Submitting 1 missing tasks from ResultStage 0 (MapPartitionsRDD[1] at parquet at NativeMethodAccessorImpl.java:0) (first 15 tasks are for partitions Vector(0))
[2024-10-17T23:16:53.065+0000] {spark_submit.py:634} INFO - 24/10/17 23:16:53 INFO TaskSchedulerImpl: Adding task set 0.0 with 1 tasks resource profile 0
[2024-10-17T23:16:53.104+0000] {spark_submit.py:634} INFO - 24/10/17 23:16:53 INFO TaskSetManager: Starting task 0.0 in stage 0.0 (TID 0) (cc66b6895e01, executor driver, partition 0, PROCESS_LOCAL, 9381 bytes)
[2024-10-17T23:16:53.113+0000] {spark_submit.py:634} INFO - 24/10/17 23:16:53 INFO Executor: Running task 0.0 in stage 0.0 (TID 0)
[2024-10-17T23:16:53.383+0000] {spark_submit.py:634} INFO - 24/10/17 23:16:53 INFO Executor: Finished task 0.0 in stage 0.0 (TID 0). 2205 bytes result sent to driver
[2024-10-17T23:16:53.392+0000] {spark_submit.py:634} INFO - 24/10/17 23:16:53 INFO TaskSetManager: Finished task 0.0 in stage 0.0 (TID 0) in 304 ms on cc66b6895e01 (executor driver) (1/1)
[2024-10-17T23:16:53.393+0000] {spark_submit.py:634} INFO - 24/10/17 23:16:53 INFO TaskSchedulerImpl: Removed TaskSet 0.0, whose tasks have all completed, from pool
[2024-10-17T23:16:53.397+0000] {spark_submit.py:634} INFO - 24/10/17 23:16:53 INFO DAGScheduler: ResultStage 0 (parquet at NativeMethodAccessorImpl.java:0) finished in 0.420 s
[2024-10-17T23:16:53.400+0000] {spark_submit.py:634} INFO - 24/10/17 23:16:53 INFO DAGScheduler: Job 0 is finished. Cancelling potential speculative or zombie tasks for this job
[2024-10-17T23:16:53.401+0000] {spark_submit.py:634} INFO - 24/10/17 23:16:53 INFO TaskSchedulerImpl: Killing all running tasks in stage 0: Stage finished
[2024-10-17T23:16:53.402+0000] {spark_submit.py:634} INFO - 24/10/17 23:16:53 INFO DAGScheduler: Job 0 finished: parquet at NativeMethodAccessorImpl.java:0, took 0.451357 s
[2024-10-17T23:16:53.672+0000] {spark_submit.py:634} INFO - 24/10/17 23:16:53 INFO BlockManagerInfo: Removed broadcast_0_piece0 on cc66b6895e01:33091 in memory (size: 37.7 KiB, free: 434.4 MiB)
[2024-10-17T23:16:54.244+0000] {spark_submit.py:634} INFO - 24/10/17 23:16:54 INFO FileSourceStrategy: Pushed Filters:
[2024-10-17T23:16:54.245+0000] {spark_submit.py:634} INFO - 24/10/17 23:16:54 INFO FileSourceStrategy: Post-Scan Filters:
[2024-10-17T23:16:54.595+0000] {spark_submit.py:634} INFO - 24/10/17 23:16:54 INFO CodeGenerator: Code generated in 185.363461 ms
[2024-10-17T23:16:54.614+0000] {spark_submit.py:634} INFO - 24/10/17 23:16:54 INFO MemoryStore: Block broadcast_1 stored as values in memory (estimated size 203.5 KiB, free 434.2 MiB)
[2024-10-17T23:16:54.652+0000] {spark_submit.py:634} INFO - 24/10/17 23:16:54 INFO MemoryStore: Block broadcast_1_piece0 stored as bytes in memory (estimated size 35.6 KiB, free 434.2 MiB)
[2024-10-17T23:16:54.653+0000] {spark_submit.py:634} INFO - 24/10/17 23:16:54 INFO BlockManagerInfo: Added broadcast_1_piece0 in memory on cc66b6895e01:33091 (size: 35.6 KiB, free: 434.4 MiB)
[2024-10-17T23:16:54.655+0000] {spark_submit.py:634} INFO - 24/10/17 23:16:54 INFO SparkContext: Created broadcast 1 from showString at NativeMethodAccessorImpl.java:0
[2024-10-17T23:16:54.672+0000] {spark_submit.py:634} INFO - 24/10/17 23:16:54 INFO FileSourceScanExec: Planning scan with bin packing, max size: 8419556 bytes, open cost is considered as scanning 4194304 bytes.
[2024-10-17T23:16:54.715+0000] {spark_submit.py:634} INFO - 24/10/17 23:16:54 INFO SparkContext: Starting job: showString at NativeMethodAccessorImpl.java:0
[2024-10-17T23:16:54.717+0000] {spark_submit.py:634} INFO - 24/10/17 23:16:54 INFO DAGScheduler: Got job 1 (showString at NativeMethodAccessorImpl.java:0) with 1 output partitions
[2024-10-17T23:16:54.717+0000] {spark_submit.py:634} INFO - 24/10/17 23:16:54 INFO DAGScheduler: Final stage: ResultStage 1 (showString at NativeMethodAccessorImpl.java:0)
[2024-10-17T23:16:54.718+0000] {spark_submit.py:634} INFO - 24/10/17 23:16:54 INFO DAGScheduler: Parents of final stage: List()
[2024-10-17T23:16:54.718+0000] {spark_submit.py:634} INFO - 24/10/17 23:16:54 INFO DAGScheduler: Missing parents: List()
[2024-10-17T23:16:54.719+0000] {spark_submit.py:634} INFO - 24/10/17 23:16:54 INFO DAGScheduler: Submitting ResultStage 1 (MapPartitionsRDD[5] at showString at NativeMethodAccessorImpl.java:0), which has no missing parents
[2024-10-17T23:16:54.740+0000] {spark_submit.py:634} INFO - 24/10/17 23:16:54 INFO MemoryStore: Block broadcast_2 stored as values in memory (estimated size 19.8 KiB, free 434.1 MiB)
[2024-10-17T23:16:54.750+0000] {spark_submit.py:634} INFO - 24/10/17 23:16:54 INFO MemoryStore: Block broadcast_2_piece0 stored as bytes in memory (estimated size 7.6 KiB, free 434.1 MiB)
[2024-10-17T23:16:54.758+0000] {spark_submit.py:634} INFO - 24/10/17 23:16:54 INFO BlockManagerInfo: Added broadcast_2_piece0 in memory on cc66b6895e01:33091 (size: 7.6 KiB, free: 434.4 MiB)
[2024-10-17T23:16:54.762+0000] {spark_submit.py:634} INFO - 24/10/17 23:16:54 INFO SparkContext: Created broadcast 2 from broadcast at DAGScheduler.scala:1585
[2024-10-17T23:16:54.764+0000] {spark_submit.py:634} INFO - 24/10/17 23:16:54 INFO DAGScheduler: Submitting 1 missing tasks from ResultStage 1 (MapPartitionsRDD[5] at showString at NativeMethodAccessorImpl.java:0) (first 15 tasks are for partitions Vector(0))
[2024-10-17T23:16:54.767+0000] {spark_submit.py:634} INFO - 24/10/17 23:16:54 INFO TaskSchedulerImpl: Adding task set 1.0 with 1 tasks resource profile 0
[2024-10-17T23:16:54.771+0000] {spark_submit.py:634} INFO - 24/10/17 23:16:54 INFO TaskSetManager: Starting task 0.0 in stage 1.0 (TID 1) (cc66b6895e01, executor driver, partition 0, PROCESS_LOCAL, 10092 bytes)
[2024-10-17T23:16:54.776+0000] {spark_submit.py:634} INFO - 24/10/17 23:16:54 INFO Executor: Running task 0.0 in stage 1.0 (TID 1)
[2024-10-17T23:16:54.871+0000] {spark_submit.py:634} INFO - 24/10/17 23:16:54 INFO CodeGenerator: Code generated in 26.194586 ms
[2024-10-17T23:16:54.875+0000] {spark_submit.py:634} INFO - 24/10/17 23:16:54 INFO FileScanRDD: Reading File path: file:///opt/***/datalake/silverzone/kabum_2024-10-17/processador_k.parquet/part-00000-47b9b13b-a3f8-4226-ba5c-ada833149250-c000.snappy.parquet, range: 0-24464, partition values: [empty row]
[2024-10-17T23:16:55.111+0000] {spark_submit.py:634} INFO - 24/10/17 23:16:55 INFO CodecPool: Got brand-new decompressor [.snappy]
[2024-10-17T23:16:55.244+0000] {spark_submit.py:634} INFO - 24/10/17 23:16:55 INFO Executor: Finished task 0.0 in stage 1.0 (TID 1). 3940 bytes result sent to driver
[2024-10-17T23:16:55.245+0000] {spark_submit.py:634} INFO - 24/10/17 23:16:55 INFO TaskSetManager: Finished task 0.0 in stage 1.0 (TID 1) in 484 ms on cc66b6895e01 (executor driver) (1/1)
[2024-10-17T23:16:55.246+0000] {spark_submit.py:634} INFO - 24/10/17 23:16:55 INFO TaskSchedulerImpl: Removed TaskSet 1.0, whose tasks have all completed, from pool
[2024-10-17T23:16:55.246+0000] {spark_submit.py:634} INFO - 24/10/17 23:16:55 INFO DAGScheduler: ResultStage 1 (showString at NativeMethodAccessorImpl.java:0) finished in 0.527 s
[2024-10-17T23:16:55.247+0000] {spark_submit.py:634} INFO - 24/10/17 23:16:55 INFO DAGScheduler: Job 1 is finished. Cancelling potential speculative or zombie tasks for this job
[2024-10-17T23:16:55.248+0000] {spark_submit.py:634} INFO - 24/10/17 23:16:55 INFO TaskSchedulerImpl: Killing all running tasks in stage 1: Stage finished
[2024-10-17T23:16:55.248+0000] {spark_submit.py:634} INFO - 24/10/17 23:16:55 INFO DAGScheduler: Job 1 finished: showString at NativeMethodAccessorImpl.java:0, took 0.531447 s
[2024-10-17T23:16:55.996+0000] {spark_submit.py:634} INFO - 24/10/17 23:16:55 INFO BlockManagerInfo: Removed broadcast_2_piece0 on cc66b6895e01:33091 in memory (size: 7.6 KiB, free: 434.4 MiB)
[2024-10-17T23:16:56.252+0000] {spark_submit.py:634} INFO - 24/10/17 23:16:56 INFO CodeGenerator: Code generated in 17.691409 ms
[2024-10-17T23:16:56.264+0000] {spark_submit.py:634} INFO - +--------------------+-------+---------------+-----+-------+--------------------+----------+-------------+
[2024-10-17T23:16:56.265+0000] {spark_submit.py:634} INFO - |               marca| modelo|frequencia_base|cache|  value|                link|dataColect|     category|
[2024-10-17T23:16:56.265+0000] {spark_submit.py:634} INFO - +--------------------+-------+---------------+-----+-------+--------------------+----------+-------------+
[2024-10-17T23:16:56.265+0000] {spark_submit.py:634} INFO - |PROCESSADOR AMD R...|RYZEN 7|            4.1|    4|1398.99|https://www.kabum...|2024-10-17|processadores|
[2024-10-17T23:16:56.266+0000] {spark_submit.py:634} INFO - |PROCESSADOR AMD R...|RYZEN 5|            4.6|    4| 847.99|https://www.kabum...|2024-10-17|processadores|
[2024-10-17T23:16:56.267+0000] {spark_submit.py:634} INFO - |PROCESSADOR INTEL...|CORE I5|            2.5|   18| 669.99|https://www.kabum...|2024-10-17|processadores|
[2024-10-17T23:16:56.268+0000] {spark_submit.py:634} INFO - |PROCESSADOR AMD R...|RYZEN 7|            3.4|   36|1299.99|https://www.kabum...|2024-10-17|processadores|
[2024-10-17T23:16:56.269+0000] {spark_submit.py:634} INFO - |PROCESSADOR AMD R...|RYZEN 5|            3.5|   35|1199.99|https://www.kabum...|2024-10-17|processadores|
[2024-10-17T23:16:56.271+0000] {spark_submit.py:634} INFO - |PROCESSADOR AMD R...|RYZEN 5|            3.6|   19| 698.99|https://www.kabum...|2024-10-17|processadores|
[2024-10-17T23:16:56.272+0000] {spark_submit.py:634} INFO - |PROCESSADOR AMD R...|RYZEN 5|            3.7|   11| 698.99|https://www.kabum...|2024-10-17|processadores|
[2024-10-17T23:16:56.276+0000] {spark_submit.py:634} INFO - |PROCESSADOR AMD R...|RYZEN 5|            3.7|   35| 998.99|https://www.kabum...|2024-10-17|processadores|
[2024-10-17T23:16:56.276+0000] {spark_submit.py:634} INFO - |PROCESSADOR AMD R...|RYZEN 7|            3.8|   20|1159.99|https://www.kabum...|2024-10-17|processadores|
[2024-10-17T23:16:56.277+0000] {spark_submit.py:634} INFO - |PROCESSADOR AMD R...|RYZEN 3|            3.6|    4| 398.99|https://www.kabum...|2024-10-17|processadores|
[2024-10-17T23:16:56.278+0000] {spark_submit.py:634} INFO - |PROCESSADOR AMD R...|RYZEN 7|            3.8|   36|1449.99|https://www.kabum...|2024-10-17|processadores|
[2024-10-17T23:16:56.278+0000] {spark_submit.py:634} INFO - |PROCESSADOR AMD R...|RYZEN 5|            3.6|   11| 569.99|https://www.kabum...|2024-10-17|processadores|
[2024-10-17T23:16:56.279+0000] {spark_submit.py:634} INFO - |PROCESSADOR AMD R...|RYZEN 5|            3.6|   16| 570.00|https://www.kabum...|2024-10-17|processadores|
[2024-10-17T23:16:56.279+0000] {spark_submit.py:634} INFO - |PROCESSADOR INTEL...|CORE I7|            3.6|    0|1699.99|https://www.kabum...|2024-10-17|processadores|
[2024-10-17T23:16:56.280+0000] {spark_submit.py:634} INFO - |PROCESSADOR INTEL...|CORE I5|            2.5|   18| 899.99|https://www.kabum...|2024-10-17|processadores|
[2024-10-17T23:16:56.281+0000] {spark_submit.py:634} INFO - |PROCESSADOR INTEL...|CORE I3|            3.7|    6| 599.99|https://www.kabum...|2024-10-17|processadores|
[2024-10-17T23:16:56.283+0000] {spark_submit.py:634} INFO - |PROCESSADOR INTEL...|CORE I5|            2.9|   12| 647.99|https://www.kabum...|2024-10-17|processadores|
[2024-10-17T23:16:56.285+0000] {spark_submit.py:634} INFO - |PROCESSADOR AMD R...|RYZEN 5|            5.1|   38|1448.99|https://www.kabum...|2024-10-17|processadores|
[2024-10-17T23:16:56.286+0000] {spark_submit.py:634} INFO - |PROCESSADOR AMD R...|RYZEN 5|            4.6|   19| 797.96|https://www.kabum...|2024-10-17|processadores|
[2024-10-17T23:16:56.290+0000] {spark_submit.py:634} INFO - |PROCESSADOR AMD R...|RYZEN 9|            3.7|   70|1999.99|https://www.kabum...|2024-10-17|processadores|
[2024-10-17T23:16:56.294+0000] {spark_submit.py:634} INFO - +--------------------+-------+---------------+-----+-------+--------------------+----------+-------------+
[2024-10-17T23:16:56.295+0000] {spark_submit.py:634} INFO - only showing top 20 rows
[2024-10-17T23:16:56.296+0000] {spark_submit.py:634} INFO - 
[2024-10-17T23:16:56.827+0000] {spark_submit.py:634} INFO - 24/10/17 23:16:56 INFO FileSourceStrategy: Pushed Filters: IsNotNull(marca)
[2024-10-17T23:16:56.827+0000] {spark_submit.py:634} INFO - 24/10/17 23:16:56 INFO FileSourceStrategy: Post-Scan Filters: isnotnull(marca#0)
[2024-10-17T23:16:56.923+0000] {spark_submit.py:634} INFO - 24/10/17 23:16:56 INFO CodeGenerator: Code generated in 18.21025 ms
[2024-10-17T23:16:56.927+0000] {spark_submit.py:634} INFO - 24/10/17 23:16:56 INFO MemoryStore: Block broadcast_3 stored as values in memory (estimated size 203.4 KiB, free 434.0 MiB)
[2024-10-17T23:16:56.941+0000] {spark_submit.py:634} INFO - 24/10/17 23:16:56 INFO MemoryStore: Block broadcast_3_piece0 stored as bytes in memory (estimated size 35.7 KiB, free 433.9 MiB)
[2024-10-17T23:16:56.942+0000] {spark_submit.py:634} INFO - 24/10/17 23:16:56 INFO BlockManagerInfo: Added broadcast_3_piece0 in memory on cc66b6895e01:33091 (size: 35.7 KiB, free: 434.3 MiB)
[2024-10-17T23:16:56.942+0000] {spark_submit.py:634} INFO - 24/10/17 23:16:56 INFO SparkContext: Created broadcast 3 from $anonfun$withThreadLocalCaptured$1 at FutureTask.java:264
[2024-10-17T23:16:56.944+0000] {spark_submit.py:634} INFO - 24/10/17 23:16:56 INFO FileSourceScanExec: Planning scan with bin packing, max size: 8419556 bytes, open cost is considered as scanning 4194304 bytes.
[2024-10-17T23:16:56.966+0000] {spark_submit.py:634} INFO - 24/10/17 23:16:56 INFO SparkContext: Starting job: $anonfun$withThreadLocalCaptured$1 at FutureTask.java:264
[2024-10-17T23:16:56.967+0000] {spark_submit.py:634} INFO - 24/10/17 23:16:56 INFO DAGScheduler: Got job 2 ($anonfun$withThreadLocalCaptured$1 at FutureTask.java:264) with 1 output partitions
[2024-10-17T23:16:56.967+0000] {spark_submit.py:634} INFO - 24/10/17 23:16:56 INFO DAGScheduler: Final stage: ResultStage 2 ($anonfun$withThreadLocalCaptured$1 at FutureTask.java:264)
[2024-10-17T23:16:56.968+0000] {spark_submit.py:634} INFO - 24/10/17 23:16:56 INFO DAGScheduler: Parents of final stage: List()
[2024-10-17T23:16:56.968+0000] {spark_submit.py:634} INFO - 24/10/17 23:16:56 INFO DAGScheduler: Missing parents: List()
[2024-10-17T23:16:56.969+0000] {spark_submit.py:634} INFO - 24/10/17 23:16:56 INFO DAGScheduler: Submitting ResultStage 2 (MapPartitionsRDD[10] at $anonfun$withThreadLocalCaptured$1 at FutureTask.java:264), which has no missing parents
[2024-10-17T23:16:56.971+0000] {spark_submit.py:634} INFO - 24/10/17 23:16:56 INFO MemoryStore: Block broadcast_4 stored as values in memory (estimated size 18.9 KiB, free 433.9 MiB)
[2024-10-17T23:16:56.972+0000] {spark_submit.py:634} INFO - 24/10/17 23:16:56 INFO MemoryStore: Block broadcast_4_piece0 stored as bytes in memory (estimated size 7.4 KiB, free 434.1 MiB)
[2024-10-17T23:16:56.973+0000] {spark_submit.py:634} INFO - 24/10/17 23:16:56 INFO BlockManagerInfo: Removed broadcast_1_piece0 on cc66b6895e01:33091 in memory (size: 35.6 KiB, free: 434.4 MiB)
[2024-10-17T23:16:56.977+0000] {spark_submit.py:634} INFO - 24/10/17 23:16:56 INFO BlockManagerInfo: Added broadcast_4_piece0 in memory on cc66b6895e01:33091 (size: 7.4 KiB, free: 434.4 MiB)
[2024-10-17T23:16:56.978+0000] {spark_submit.py:634} INFO - 24/10/17 23:16:56 INFO SparkContext: Created broadcast 4 from broadcast at DAGScheduler.scala:1585
[2024-10-17T23:16:56.979+0000] {spark_submit.py:634} INFO - 24/10/17 23:16:56 INFO DAGScheduler: Submitting 1 missing tasks from ResultStage 2 (MapPartitionsRDD[10] at $anonfun$withThreadLocalCaptured$1 at FutureTask.java:264) (first 15 tasks are for partitions Vector(0))
[2024-10-17T23:16:56.979+0000] {spark_submit.py:634} INFO - 24/10/17 23:16:56 INFO TaskSchedulerImpl: Adding task set 2.0 with 1 tasks resource profile 0
[2024-10-17T23:16:56.980+0000] {spark_submit.py:634} INFO - 24/10/17 23:16:56 INFO TaskSetManager: Starting task 0.0 in stage 2.0 (TID 2) (cc66b6895e01, executor driver, partition 0, PROCESS_LOCAL, 10092 bytes)
[2024-10-17T23:16:56.980+0000] {spark_submit.py:634} INFO - 24/10/17 23:16:56 INFO Executor: Running task 0.0 in stage 2.0 (TID 2)
[2024-10-17T23:16:57.001+0000] {spark_submit.py:634} INFO - 24/10/17 23:16:57 INFO CodeGenerator: Code generated in 15.908467 ms
[2024-10-17T23:16:57.002+0000] {spark_submit.py:634} INFO - 24/10/17 23:16:57 INFO FileScanRDD: Reading File path: file:///opt/***/datalake/silverzone/kabum_2024-10-17/processador_k.parquet/part-00000-47b9b13b-a3f8-4226-ba5c-ada833149250-c000.snappy.parquet, range: 0-24464, partition values: [empty row]
[2024-10-17T23:16:57.061+0000] {spark_submit.py:634} INFO - 24/10/17 23:16:57 INFO FilterCompat: Filtering using predicate: noteq(marca, null)
[2024-10-17T23:16:57.118+0000] {spark_submit.py:634} INFO - 24/10/17 23:16:57 INFO FileScanRDD: Reading File path: file:///opt/***/datalake/silverzone/pichau_2024-10-17/processador_k.parquet/part-00000-ee783f18-6a3c-469d-9a68-55ec9419006e-c000.snappy.parquet, range: 0-6484, partition values: [empty row]
[2024-10-17T23:16:57.177+0000] {spark_submit.py:634} INFO - 24/10/17 23:16:57 INFO FilterCompat: Filtering using predicate: noteq(marca, null)
[2024-10-17T23:16:57.188+0000] {spark_submit.py:634} INFO - 24/10/17 23:16:57 INFO Executor: Finished task 0.0 in stage 2.0 (TID 2). 39175 bytes result sent to driver
[2024-10-17T23:16:57.190+0000] {spark_submit.py:634} INFO - 24/10/17 23:16:57 INFO TaskSetManager: Finished task 0.0 in stage 2.0 (TID 2) in 213 ms on cc66b6895e01 (executor driver) (1/1)
[2024-10-17T23:16:57.208+0000] {spark_submit.py:634} INFO - 24/10/17 23:16:57 INFO TaskSchedulerImpl: Removed TaskSet 2.0, whose tasks have all completed, from pool
[2024-10-17T23:16:57.209+0000] {spark_submit.py:634} INFO - 24/10/17 23:16:57 INFO DAGScheduler: ResultStage 2 ($anonfun$withThreadLocalCaptured$1 at FutureTask.java:264) finished in 0.223 s
[2024-10-17T23:16:57.210+0000] {spark_submit.py:634} INFO - 24/10/17 23:16:57 INFO DAGScheduler: Job 2 is finished. Cancelling potential speculative or zombie tasks for this job
[2024-10-17T23:16:57.210+0000] {spark_submit.py:634} INFO - 24/10/17 23:16:57 INFO TaskSchedulerImpl: Killing all running tasks in stage 2: Stage finished
[2024-10-17T23:16:57.211+0000] {spark_submit.py:634} INFO - 24/10/17 23:16:57 INFO DAGScheduler: Job 2 finished: $anonfun$withThreadLocalCaptured$1 at FutureTask.java:264, took 0.226803 s
[2024-10-17T23:16:57.220+0000] {spark_submit.py:634} INFO - 24/10/17 23:16:57 INFO CodeGenerator: Code generated in 6.91355 ms
[2024-10-17T23:16:57.242+0000] {spark_submit.py:634} INFO - 24/10/17 23:16:57 INFO MemoryStore: Block broadcast_5 stored as values in memory (estimated size 16.0 MiB, free 418.1 MiB)
[2024-10-17T23:16:57.248+0000] {spark_submit.py:634} INFO - 24/10/17 23:16:57 INFO MemoryStore: Block broadcast_5_piece0 stored as bytes in memory (estimated size 45.2 KiB, free 418.1 MiB)
[2024-10-17T23:16:57.249+0000] {spark_submit.py:634} INFO - 24/10/17 23:16:57 INFO BlockManagerInfo: Added broadcast_5_piece0 in memory on cc66b6895e01:33091 (size: 45.2 KiB, free: 434.3 MiB)
[2024-10-17T23:16:57.250+0000] {spark_submit.py:634} INFO - 24/10/17 23:16:57 INFO SparkContext: Created broadcast 5 from $anonfun$withThreadLocalCaptured$1 at FutureTask.java:264
[2024-10-17T23:16:57.315+0000] {spark_submit.py:634} INFO - 24/10/17 23:16:57 INFO CodeGenerator: Code generated in 15.753254 ms
[2024-10-17T23:16:57.335+0000] {spark_submit.py:634} INFO - 24/10/17 23:16:57 INFO BlockManagerInfo: Removed broadcast_4_piece0 on cc66b6895e01:33091 in memory (size: 7.4 KiB, free: 434.3 MiB)
[2024-10-17T23:16:57.368+0000] {spark_submit.py:634} INFO - 24/10/17 23:16:57 INFO SparkContext: Starting job: jdbc at NativeMethodAccessorImpl.java:0
[2024-10-17T23:16:57.369+0000] {spark_submit.py:634} INFO - 24/10/17 23:16:57 INFO DAGScheduler: Got job 3 (jdbc at NativeMethodAccessorImpl.java:0) with 1 output partitions
[2024-10-17T23:16:57.370+0000] {spark_submit.py:634} INFO - 24/10/17 23:16:57 INFO DAGScheduler: Final stage: ResultStage 3 (jdbc at NativeMethodAccessorImpl.java:0)
[2024-10-17T23:16:57.370+0000] {spark_submit.py:634} INFO - 24/10/17 23:16:57 INFO DAGScheduler: Parents of final stage: List()
[2024-10-17T23:16:57.371+0000] {spark_submit.py:634} INFO - 24/10/17 23:16:57 INFO DAGScheduler: Missing parents: List()
[2024-10-17T23:16:57.371+0000] {spark_submit.py:634} INFO - 24/10/17 23:16:57 INFO DAGScheduler: Submitting ResultStage 3 (MapPartitionsRDD[15] at jdbc at NativeMethodAccessorImpl.java:0), which has no missing parents
[2024-10-17T23:16:57.413+0000] {spark_submit.py:634} INFO - 24/10/17 23:16:57 INFO MemoryStore: Block broadcast_6 stored as values in memory (estimated size 47.3 KiB, free 418.1 MiB)
[2024-10-17T23:16:57.418+0000] {spark_submit.py:634} INFO - 24/10/17 23:16:57 INFO MemoryStore: Block broadcast_6_piece0 stored as bytes in memory (estimated size 21.6 KiB, free 418.0 MiB)
[2024-10-17T23:16:57.421+0000] {spark_submit.py:634} INFO - 24/10/17 23:16:57 INFO BlockManagerInfo: Added broadcast_6_piece0 in memory on cc66b6895e01:33091 (size: 21.6 KiB, free: 434.3 MiB)
[2024-10-17T23:16:57.422+0000] {spark_submit.py:634} INFO - 24/10/17 23:16:57 INFO SparkContext: Created broadcast 6 from broadcast at DAGScheduler.scala:1585
[2024-10-17T23:16:57.423+0000] {spark_submit.py:634} INFO - 24/10/17 23:16:57 INFO DAGScheduler: Submitting 1 missing tasks from ResultStage 3 (MapPartitionsRDD[15] at jdbc at NativeMethodAccessorImpl.java:0) (first 15 tasks are for partitions Vector(0))
[2024-10-17T23:16:57.424+0000] {spark_submit.py:634} INFO - 24/10/17 23:16:57 INFO TaskSchedulerImpl: Adding task set 3.0 with 1 tasks resource profile 0
[2024-10-17T23:16:57.426+0000] {spark_submit.py:634} INFO - 24/10/17 23:16:57 INFO TaskSetManager: Starting task 0.0 in stage 3.0 (TID 3) (cc66b6895e01, executor driver, partition 0, PROCESS_LOCAL, 9025 bytes)
[2024-10-17T23:16:57.427+0000] {spark_submit.py:634} INFO - 24/10/17 23:16:57 INFO Executor: Running task 0.0 in stage 3.0 (TID 3)
[2024-10-17T23:16:57.539+0000] {spark_submit.py:634} INFO - 24/10/17 23:16:57 INFO CodeGenerator: Code generated in 24.868081 ms
[2024-10-17T23:16:57.567+0000] {spark_submit.py:634} INFO - 24/10/17 23:16:57 INFO CodeGenerator: Code generated in 19.109322 ms
[2024-10-17T23:16:57.702+0000] {spark_submit.py:634} INFO - 24/10/17 23:16:57 INFO JDBCRDD: closed connection
[2024-10-17T23:16:57.747+0000] {spark_submit.py:634} INFO - 24/10/17 23:16:57 INFO Executor: Finished task 0.0 in stage 3.0 (TID 3). 2331 bytes result sent to driver
[2024-10-17T23:16:57.750+0000] {spark_submit.py:634} INFO - 24/10/17 23:16:57 INFO TaskSetManager: Finished task 0.0 in stage 3.0 (TID 3) in 325 ms on cc66b6895e01 (executor driver) (1/1)
[2024-10-17T23:16:57.751+0000] {spark_submit.py:634} INFO - 24/10/17 23:16:57 INFO TaskSchedulerImpl: Removed TaskSet 3.0, whose tasks have all completed, from pool
[2024-10-17T23:16:57.751+0000] {spark_submit.py:634} INFO - 24/10/17 23:16:57 INFO DAGScheduler: ResultStage 3 (jdbc at NativeMethodAccessorImpl.java:0) finished in 0.381 s
[2024-10-17T23:16:57.752+0000] {spark_submit.py:634} INFO - 24/10/17 23:16:57 INFO DAGScheduler: Job 3 is finished. Cancelling potential speculative or zombie tasks for this job
[2024-10-17T23:16:57.752+0000] {spark_submit.py:634} INFO - 24/10/17 23:16:57 INFO TaskSchedulerImpl: Killing all running tasks in stage 3: Stage finished
[2024-10-17T23:16:57.753+0000] {spark_submit.py:634} INFO - 24/10/17 23:16:57 INFO DAGScheduler: Job 3 finished: jdbc at NativeMethodAccessorImpl.java:0, took 0.384129 s
[2024-10-17T23:16:57.928+0000] {spark_submit.py:634} INFO - 24/10/17 23:16:57 INFO InMemoryFileIndex: It took 64 ms to list leaf files for 2 paths.
[2024-10-17T23:16:57.957+0000] {spark_submit.py:634} INFO - 24/10/17 23:16:57 INFO SparkContext: Starting job: parquet at NativeMethodAccessorImpl.java:0
[2024-10-17T23:16:57.958+0000] {spark_submit.py:634} INFO - 24/10/17 23:16:57 INFO DAGScheduler: Got job 4 (parquet at NativeMethodAccessorImpl.java:0) with 1 output partitions
[2024-10-17T23:16:57.959+0000] {spark_submit.py:634} INFO - 24/10/17 23:16:57 INFO DAGScheduler: Final stage: ResultStage 4 (parquet at NativeMethodAccessorImpl.java:0)
[2024-10-17T23:16:57.960+0000] {spark_submit.py:634} INFO - 24/10/17 23:16:57 INFO DAGScheduler: Parents of final stage: List()
[2024-10-17T23:16:57.960+0000] {spark_submit.py:634} INFO - 24/10/17 23:16:57 INFO DAGScheduler: Missing parents: List()
[2024-10-17T23:16:57.960+0000] {spark_submit.py:634} INFO - 24/10/17 23:16:57 INFO DAGScheduler: Submitting ResultStage 4 (MapPartitionsRDD[17] at parquet at NativeMethodAccessorImpl.java:0), which has no missing parents
[2024-10-17T23:16:57.966+0000] {spark_submit.py:634} INFO - 24/10/17 23:16:57 INFO MemoryStore: Block broadcast_7 stored as values in memory (estimated size 104.5 KiB, free 417.9 MiB)
[2024-10-17T23:16:57.968+0000] {spark_submit.py:634} INFO - 24/10/17 23:16:57 INFO MemoryStore: Block broadcast_7_piece0 stored as bytes in memory (estimated size 37.7 KiB, free 417.9 MiB)
[2024-10-17T23:16:57.971+0000] {spark_submit.py:634} INFO - 24/10/17 23:16:57 INFO BlockManagerInfo: Added broadcast_7_piece0 in memory on cc66b6895e01:33091 (size: 37.7 KiB, free: 434.3 MiB)
[2024-10-17T23:16:57.973+0000] {spark_submit.py:634} INFO - 24/10/17 23:16:57 INFO SparkContext: Created broadcast 7 from broadcast at DAGScheduler.scala:1585
[2024-10-17T23:16:57.974+0000] {spark_submit.py:634} INFO - 24/10/17 23:16:57 INFO DAGScheduler: Submitting 1 missing tasks from ResultStage 4 (MapPartitionsRDD[17] at parquet at NativeMethodAccessorImpl.java:0) (first 15 tasks are for partitions Vector(0))
[2024-10-17T23:16:57.975+0000] {spark_submit.py:634} INFO - 24/10/17 23:16:57 INFO TaskSchedulerImpl: Adding task set 4.0 with 1 tasks resource profile 0
[2024-10-17T23:16:57.977+0000] {spark_submit.py:634} INFO - 24/10/17 23:16:57 INFO TaskSetManager: Starting task 0.0 in stage 4.0 (TID 4) (cc66b6895e01, executor driver, partition 0, PROCESS_LOCAL, 9377 bytes)
[2024-10-17T23:16:57.977+0000] {spark_submit.py:634} INFO - 24/10/17 23:16:57 INFO Executor: Running task 0.0 in stage 4.0 (TID 4)
[2024-10-17T23:16:58.011+0000] {spark_submit.py:634} INFO - 24/10/17 23:16:58 INFO Executor: Finished task 0.0 in stage 4.0 (TID 4). 2125 bytes result sent to driver
[2024-10-17T23:16:58.012+0000] {spark_submit.py:634} INFO - 24/10/17 23:16:58 INFO TaskSetManager: Finished task 0.0 in stage 4.0 (TID 4) in 36 ms on cc66b6895e01 (executor driver) (1/1)
[2024-10-17T23:16:58.014+0000] {spark_submit.py:634} INFO - 24/10/17 23:16:58 INFO TaskSchedulerImpl: Removed TaskSet 4.0, whose tasks have all completed, from pool
[2024-10-17T23:16:58.015+0000] {spark_submit.py:634} INFO - 24/10/17 23:16:58 INFO DAGScheduler: ResultStage 4 (parquet at NativeMethodAccessorImpl.java:0) finished in 0.054 s
[2024-10-17T23:16:58.015+0000] {spark_submit.py:634} INFO - 24/10/17 23:16:58 INFO DAGScheduler: Job 4 is finished. Cancelling potential speculative or zombie tasks for this job
[2024-10-17T23:16:58.015+0000] {spark_submit.py:634} INFO - 24/10/17 23:16:58 INFO TaskSchedulerImpl: Killing all running tasks in stage 4: Stage finished
[2024-10-17T23:16:58.016+0000] {spark_submit.py:634} INFO - 24/10/17 23:16:58 INFO DAGScheduler: Job 4 finished: parquet at NativeMethodAccessorImpl.java:0, took 0.058930 s
[2024-10-17T23:16:58.051+0000] {spark_submit.py:634} INFO - 24/10/17 23:16:58 INFO FileSourceStrategy: Pushed Filters:
[2024-10-17T23:16:58.052+0000] {spark_submit.py:634} INFO - 24/10/17 23:16:58 INFO FileSourceStrategy: Post-Scan Filters:
[2024-10-17T23:16:58.078+0000] {spark_submit.py:634} INFO - 24/10/17 23:16:58 INFO BlockManagerInfo: Removed broadcast_6_piece0 on cc66b6895e01:33091 in memory (size: 21.6 KiB, free: 434.3 MiB)
[2024-10-17T23:16:58.095+0000] {spark_submit.py:634} INFO - 24/10/17 23:16:58 INFO BlockManagerInfo: Removed broadcast_7_piece0 on cc66b6895e01:33091 in memory (size: 37.7 KiB, free: 434.3 MiB)
[2024-10-17T23:16:58.099+0000] {spark_submit.py:634} INFO - 24/10/17 23:16:58 INFO CodeGenerator: Code generated in 29.88728 ms
[2024-10-17T23:16:58.106+0000] {spark_submit.py:634} INFO - 24/10/17 23:16:58 INFO MemoryStore: Block broadcast_8 stored as values in memory (estimated size 203.7 KiB, free 417.9 MiB)
[2024-10-17T23:16:58.131+0000] {spark_submit.py:634} INFO - 24/10/17 23:16:58 INFO MemoryStore: Block broadcast_8_piece0 stored as bytes in memory (estimated size 35.8 KiB, free 417.9 MiB)
[2024-10-17T23:16:58.133+0000] {spark_submit.py:634} INFO - 24/10/17 23:16:58 INFO BlockManagerInfo: Added broadcast_8_piece0 in memory on cc66b6895e01:33091 (size: 35.8 KiB, free: 434.3 MiB)
[2024-10-17T23:16:58.134+0000] {spark_submit.py:634} INFO - 24/10/17 23:16:58 INFO SparkContext: Created broadcast 8 from showString at NativeMethodAccessorImpl.java:0
[2024-10-17T23:16:58.136+0000] {spark_submit.py:634} INFO - 24/10/17 23:16:58 INFO FileSourceScanExec: Planning scan with bin packing, max size: 8438945 bytes, open cost is considered as scanning 4194304 bytes.
[2024-10-17T23:16:58.153+0000] {spark_submit.py:634} INFO - 24/10/17 23:16:58 INFO SparkContext: Starting job: showString at NativeMethodAccessorImpl.java:0
[2024-10-17T23:16:58.158+0000] {spark_submit.py:634} INFO - 24/10/17 23:16:58 INFO DAGScheduler: Got job 5 (showString at NativeMethodAccessorImpl.java:0) with 1 output partitions
[2024-10-17T23:16:58.160+0000] {spark_submit.py:634} INFO - 24/10/17 23:16:58 INFO DAGScheduler: Final stage: ResultStage 5 (showString at NativeMethodAccessorImpl.java:0)
[2024-10-17T23:16:58.160+0000] {spark_submit.py:634} INFO - 24/10/17 23:16:58 INFO DAGScheduler: Parents of final stage: List()
[2024-10-17T23:16:58.163+0000] {spark_submit.py:634} INFO - 24/10/17 23:16:58 INFO DAGScheduler: Missing parents: List()
[2024-10-17T23:16:58.169+0000] {spark_submit.py:634} INFO - 24/10/17 23:16:58 INFO DAGScheduler: Submitting ResultStage 5 (MapPartitionsRDD[21] at showString at NativeMethodAccessorImpl.java:0), which has no missing parents
[2024-10-17T23:16:58.171+0000] {spark_submit.py:634} INFO - 24/10/17 23:16:58 INFO MemoryStore: Block broadcast_9 stored as values in memory (estimated size 21.0 KiB, free 417.9 MiB)
[2024-10-17T23:16:58.172+0000] {spark_submit.py:634} INFO - 24/10/17 23:16:58 INFO MemoryStore: Block broadcast_9_piece0 stored as bytes in memory (estimated size 7.8 KiB, free 417.8 MiB)
[2024-10-17T23:16:58.181+0000] {spark_submit.py:634} INFO - 24/10/17 23:16:58 INFO BlockManagerInfo: Added broadcast_9_piece0 in memory on cc66b6895e01:33091 (size: 7.8 KiB, free: 434.3 MiB)
[2024-10-17T23:16:58.184+0000] {spark_submit.py:634} INFO - 24/10/17 23:16:58 INFO SparkContext: Created broadcast 9 from broadcast at DAGScheduler.scala:1585
[2024-10-17T23:16:58.185+0000] {spark_submit.py:634} INFO - 24/10/17 23:16:58 INFO DAGScheduler: Submitting 1 missing tasks from ResultStage 5 (MapPartitionsRDD[21] at showString at NativeMethodAccessorImpl.java:0) (first 15 tasks are for partitions Vector(0))
[2024-10-17T23:16:58.185+0000] {spark_submit.py:634} INFO - 24/10/17 23:16:58 INFO TaskSchedulerImpl: Adding task set 5.0 with 1 tasks resource profile 0
[2024-10-17T23:16:58.186+0000] {spark_submit.py:634} INFO - 24/10/17 23:16:58 INFO TaskSetManager: Starting task 0.0 in stage 5.0 (TID 5) (cc66b6895e01, executor driver, partition 0, PROCESS_LOCAL, 10084 bytes)
[2024-10-17T23:16:58.187+0000] {spark_submit.py:634} INFO - 24/10/17 23:16:58 INFO Executor: Running task 0.0 in stage 5.0 (TID 5)
[2024-10-17T23:16:58.209+0000] {spark_submit.py:634} INFO - 24/10/17 23:16:58 INFO BlockManagerInfo: Removed broadcast_3_piece0 on cc66b6895e01:33091 in memory (size: 35.7 KiB, free: 434.3 MiB)
[2024-10-17T23:16:58.215+0000] {spark_submit.py:634} INFO - 24/10/17 23:16:58 INFO CodeGenerator: Code generated in 34.866476 ms
[2024-10-17T23:16:58.216+0000] {spark_submit.py:634} INFO - 24/10/17 23:16:58 INFO FileScanRDD: Reading File path: file:///opt/***/datalake/silverzone/kabum_2024-10-17/memoria_k.parquet/part-00000-11cc3f08-17cb-4b5c-a73e-89a4f6519858-c000.snappy.parquet, range: 0-39008, partition values: [empty row]
[2024-10-17T23:16:58.226+0000] {spark_submit.py:634} INFO - 24/10/17 23:16:58 INFO BlockManagerInfo: Removed broadcast_5_piece0 on cc66b6895e01:33091 in memory (size: 45.2 KiB, free: 434.4 MiB)
[2024-10-17T23:16:58.279+0000] {spark_submit.py:634} INFO - 24/10/17 23:16:58 INFO Executor: Finished task 0.0 in stage 5.0 (TID 5). 4640 bytes result sent to driver
[2024-10-17T23:16:58.280+0000] {spark_submit.py:634} INFO - 24/10/17 23:16:58 INFO TaskSetManager: Finished task 0.0 in stage 5.0 (TID 5) in 110 ms on cc66b6895e01 (executor driver) (1/1)
[2024-10-17T23:16:58.281+0000] {spark_submit.py:634} INFO - 24/10/17 23:16:58 INFO TaskSchedulerImpl: Removed TaskSet 5.0, whose tasks have all completed, from pool
[2024-10-17T23:16:58.281+0000] {spark_submit.py:634} INFO - 24/10/17 23:16:58 INFO DAGScheduler: ResultStage 5 (showString at NativeMethodAccessorImpl.java:0) finished in 0.124 s
[2024-10-17T23:16:58.282+0000] {spark_submit.py:634} INFO - 24/10/17 23:16:58 INFO DAGScheduler: Job 5 is finished. Cancelling potential speculative or zombie tasks for this job
[2024-10-17T23:16:58.282+0000] {spark_submit.py:634} INFO - 24/10/17 23:16:58 INFO TaskSchedulerImpl: Killing all running tasks in stage 5: Stage finished
[2024-10-17T23:16:58.283+0000] {spark_submit.py:634} INFO - 24/10/17 23:16:58 INFO DAGScheduler: Job 5 finished: showString at NativeMethodAccessorImpl.java:0, took 0.127828 s
[2024-10-17T23:16:58.295+0000] {spark_submit.py:634} INFO - 24/10/17 23:16:58 INFO CodeGenerator: Code generated in 9.702872 ms
[2024-10-17T23:16:58.300+0000] {spark_submit.py:634} INFO - +--------------------+---------+----+---+---+--------+------+--------------------+----------+-----------+
[2024-10-17T23:16:58.301+0000] {spark_submit.py:634} INFO - |                name|    marca| MHZ| GB|DDR|latencia| value|                link|dataColect|   category|
[2024-10-17T23:16:58.301+0000] {spark_submit.py:634} INFO - +--------------------+---------+----+---+---+--------+------+--------------------+----------+-----------+
[2024-10-17T23:16:58.302+0000] {spark_submit.py:634} INFO - |MEMÓRIA RAM KINGS...| KINGSTON|3200|  8|  4|      16|199.99|https://www.kabum...|2024-10-17|memoria-ram|
[2024-10-17T23:16:58.302+0000] {spark_submit.py:634} INFO - |MEMÓRIA RAM GAMER...|    HUSKY|3200|  8|  4|      19|124.99|https://www.kabum...|2024-10-17|memoria-ram|
[2024-10-17T23:16:58.303+0000] {spark_submit.py:634} INFO - |MEMÓRIA RAM KINGS...| KINGSTON|3200| 16|  4|      16|273.99|https://www.kabum...|2024-10-17|memoria-ram|
[2024-10-17T23:16:58.303+0000] {spark_submit.py:634} INFO - |MEMÓRIA RAM XPG S...|      XPG|3200| 16|  4|      16|279.99|https://www.kabum...|2024-10-17|memoria-ram|
[2024-10-17T23:16:58.304+0000] {spark_submit.py:634} INFO - |MEMÓRIA RAM RISE ...|RISE MODE|1600|  8|  3|      11| 64.99|https://www.kabum...|2024-10-17|memoria-ram|
[2024-10-17T23:16:58.305+0000] {spark_submit.py:634} INFO - |MEMÓRIA RAM XPG G...|      XPG|3200|  8|  4|      16|154.99|https://www.kabum...|2024-10-17|memoria-ram|
[2024-10-17T23:16:58.306+0000] {spark_submit.py:634} INFO - |MEMÓRIA RAM GAMER...|    HUSKY|3200| 16|  4|      19|219.99|https://www.kabum...|2024-10-17|memoria-ram|
[2024-10-17T23:16:58.307+0000] {spark_submit.py:634} INFO - |MEMÓRIA RAM KINGS...| KINGSTON|3200| 16|  4|      16|324.99|https://www.kabum...|2024-10-17|memoria-ram|
[2024-10-17T23:16:58.308+0000] {spark_submit.py:634} INFO - |MEMÓRIA RAM PARA ...|RISE MODE|1600|  8|  3|      11| 59.99|https://www.kabum...|2024-10-17|memoria-ram|
[2024-10-17T23:16:58.309+0000] {spark_submit.py:634} INFO - |MEMÓRIA RAM XPG G...|      XPG|3200| 16|  4|      16|299.99|https://www.kabum...|2024-10-17|memoria-ram|
[2024-10-17T23:16:58.309+0000] {spark_submit.py:634} INFO - |MEMÓRIA RAM PARA ...|   KABUM!|2666|  8|  4|      19|104.99|https://www.kabum...|2024-10-17|memoria-ram|
[2024-10-17T23:16:58.310+0000] {spark_submit.py:634} INFO - |MEMÓRIA RAM 8GB K...| NOT_INFO|   0|  8|  4|      22|119.99|https://www.kabum...|2024-10-17|memoria-ram|
[2024-10-17T23:16:58.311+0000] {spark_submit.py:634} INFO - |MEMÓRIA RAM 16GB ...| NOT_INFO|   0| 16|  4|      22|249.99|https://www.kabum...|2024-10-17|memoria-ram|
[2024-10-17T23:16:58.312+0000] {spark_submit.py:634} INFO - |MEMÓRIA RAM HUSKY...|    HUSKY|2666|  8|  4|      19|112.99|https://www.kabum...|2024-10-17|memoria-ram|
[2024-10-17T23:16:58.312+0000] {spark_submit.py:634} INFO - |MEMORIA RAM PARA ...|RISE MODE|2666| 16|  4|      19|219.99|https://www.kabum...|2024-10-17|memoria-ram|
[2024-10-17T23:16:58.313+0000] {spark_submit.py:634} INFO - |MEMÓRIA RAM PARA ...| KINGSTON|3200| 16|  4|      20|309.99|https://www.kabum...|2024-10-17|memoria-ram|
[2024-10-17T23:16:58.313+0000] {spark_submit.py:634} INFO - |MEMÓRIA RAM PARA ...| KINGSTON|3200|  8|  4|      20|167.99|https://www.kabum...|2024-10-17|memoria-ram|
[2024-10-17T23:16:58.314+0000] {spark_submit.py:634} INFO - |MEMÓRIA RAM RISE ...|RISE MODE|3200|  8|  4|      19|143.99|https://www.kabum...|2024-10-17|memoria-ram|
[2024-10-17T23:16:58.315+0000] {spark_submit.py:634} INFO - |MEMÓRIA RAM RISE ...|RISE MODE|3200|  8|  4|      19|134.99|https://www.kabum...|2024-10-17|memoria-ram|
[2024-10-17T23:16:58.317+0000] {spark_submit.py:634} INFO - |MEMÓRIA HUSKY TEC...|    HUSKY|3200|  8|  4|      19|114.99|https://www.kabum...|2024-10-17|memoria-ram|
[2024-10-17T23:16:58.318+0000] {spark_submit.py:634} INFO - +--------------------+---------+----+---+---+--------+------+--------------------+----------+-----------+
[2024-10-17T23:16:58.319+0000] {spark_submit.py:634} INFO - only showing top 20 rows
[2024-10-17T23:16:58.319+0000] {spark_submit.py:634} INFO - 
[2024-10-17T23:16:58.613+0000] {spark_submit.py:634} INFO - Traceback (most recent call last):
[2024-10-17T23:16:58.614+0000] {spark_submit.py:634} INFO - File "/opt/bitnami/spark/src/scripts_spark/LoadFileToDB.py", line 53, in <module>
[2024-10-17T23:16:58.627+0000] {spark_submit.py:634} INFO - table_memoria_mark.write.jdbc(url=url,table='tb_fact_memory',mode='append',properties=db_properties)
[2024-10-17T23:16:58.630+0000] {spark_submit.py:634} INFO - File "/home/***/.local/lib/python3.12/site-packages/pyspark/python/lib/pyspark.zip/pyspark/sql/readwriter.py", line 1984, in jdbc
[2024-10-17T23:16:58.634+0000] {spark_submit.py:634} INFO - File "/home/***/.local/lib/python3.12/site-packages/pyspark/python/lib/py4j-0.10.9.7-src.zip/py4j/java_gateway.py", line 1322, in __call__
[2024-10-17T23:16:58.636+0000] {spark_submit.py:634} INFO - File "/home/***/.local/lib/python3.12/site-packages/pyspark/python/lib/pyspark.zip/pyspark/errors/exceptions/captured.py", line 185, in deco
[2024-10-17T23:16:58.663+0000] {spark_submit.py:634} INFO - pyspark.errors.exceptions.captured.AnalysisException: Column category not found in schema Some(StructType(StructField(id_memory,IntegerType,false),StructField(memory_name,StringType,true),StructField(mhz,LongType,true),StructField(ddr,LongType,true),StructField(gb,LongType,true),StructField(latency,LongType,true),StructField(value,DecimalType(10,2),true),StructField(uri,StringType,true),StructField(data_collect,StringType,true),StructField(id_category_fk,LongType,true),StructField(id_site_fk,LongType,true),StructField(id_mark_fk,LongType,true))).
[2024-10-17T23:16:58.746+0000] {spark_submit.py:634} INFO - 24/10/17 23:16:58 INFO SparkContext: Invoking stop() from shutdown hook
[2024-10-17T23:16:58.747+0000] {spark_submit.py:634} INFO - 24/10/17 23:16:58 INFO SparkContext: SparkContext is stopping with exitCode 0.
[2024-10-17T23:16:58.760+0000] {spark_submit.py:634} INFO - 24/10/17 23:16:58 INFO SparkUI: Stopped Spark web UI at http://cc66b6895e01:4040
[2024-10-17T23:16:58.771+0000] {spark_submit.py:634} INFO - 24/10/17 23:16:58 INFO MapOutputTrackerMasterEndpoint: MapOutputTrackerMasterEndpoint stopped!
[2024-10-17T23:16:58.782+0000] {spark_submit.py:634} INFO - 24/10/17 23:16:58 INFO MemoryStore: MemoryStore cleared
[2024-10-17T23:16:58.783+0000] {spark_submit.py:634} INFO - 24/10/17 23:16:58 INFO BlockManager: BlockManager stopped
[2024-10-17T23:16:58.787+0000] {spark_submit.py:634} INFO - 24/10/17 23:16:58 INFO BlockManagerMaster: BlockManagerMaster stopped
[2024-10-17T23:16:58.789+0000] {spark_submit.py:634} INFO - 24/10/17 23:16:58 INFO OutputCommitCoordinator$OutputCommitCoordinatorEndpoint: OutputCommitCoordinator stopped!
[2024-10-17T23:16:58.796+0000] {spark_submit.py:634} INFO - 24/10/17 23:16:58 INFO SparkContext: Successfully stopped SparkContext
[2024-10-17T23:16:58.797+0000] {spark_submit.py:634} INFO - 24/10/17 23:16:58 INFO ShutdownHookManager: Shutdown hook called
[2024-10-17T23:16:58.798+0000] {spark_submit.py:634} INFO - 24/10/17 23:16:58 INFO ShutdownHookManager: Deleting directory /tmp/spark-fadbcdae-cdbb-4037-9790-0156bd0c864d
[2024-10-17T23:16:58.802+0000] {spark_submit.py:634} INFO - 24/10/17 23:16:58 INFO ShutdownHookManager: Deleting directory /tmp/spark-fbb72dd4-5560-4de2-a3f3-f00ae22147ed/pyspark-4f7693d2-03b6-48fb-8d59-207f3e7fec7e
[2024-10-17T23:16:58.839+0000] {spark_submit.py:634} INFO - 24/10/17 23:16:58 INFO ShutdownHookManager: Deleting directory /tmp/spark-fbb72dd4-5560-4de2-a3f3-f00ae22147ed
[2024-10-17T23:16:58.903+0000] {taskinstance.py:3310} ERROR - Task failed with exception
Traceback (most recent call last):
  File "/home/airflow/.local/lib/python3.12/site-packages/airflow/models/taskinstance.py", line 767, in _execute_task
    result = _execute_callable(context=context, **execute_callable_kwargs)
             ^^^^^^^^^^^^^^^^^^^^^^^^^^^^^^^^^^^^^^^^^^^^^^^^^^^^^^^^^^^^^
  File "/home/airflow/.local/lib/python3.12/site-packages/airflow/models/taskinstance.py", line 733, in _execute_callable
    return ExecutionCallableRunner(
           ^^^^^^^^^^^^^^^^^^^^^^^^
  File "/home/airflow/.local/lib/python3.12/site-packages/airflow/utils/operator_helpers.py", line 252, in run
    return self.func(*args, **kwargs)
           ^^^^^^^^^^^^^^^^^^^^^^^^^^
  File "/home/airflow/.local/lib/python3.12/site-packages/airflow/models/baseoperator.py", line 406, in wrapper
    return func(self, *args, **kwargs)
           ^^^^^^^^^^^^^^^^^^^^^^^^^^^
  File "/home/airflow/.local/lib/python3.12/site-packages/airflow/providers/apache/spark/operators/spark_submit.py", line 176, in execute
    self._hook.submit(self.application)
  File "/home/airflow/.local/lib/python3.12/site-packages/airflow/providers/apache/spark/hooks/spark_submit.py", line 560, in submit
    raise AirflowException(
airflow.exceptions.AirflowException: Cannot execute: spark-submit --master yarn --driver-class-path /opt/***/jars/postgresql-42.5.0.jar --jars /opt/***/jars/postgresql-42.5.0.jar --packages org.postgresql:postgresql:42.5.0 --name arrow-spark /opt/bitnami/spark/src/scripts_spark/LoadFileToDB.py. Error code is: 1.
[2024-10-17T23:16:58.907+0000] {taskinstance.py:1225} INFO - Marking task as FAILED. dag_id=LoadWebScraping, task_id=spark_job, run_id=manual__2024-10-17T23:16:45.477183+00:00, execution_date=20241017T231645, start_date=20241017T231647, end_date=20241017T231658
[2024-10-17T23:16:58.926+0000] {taskinstance.py:340} INFO - ::group::Post task execution logs
[2024-10-17T23:16:58.927+0000] {standard_task_runner.py:124} ERROR - Failed to execute job 201 for task spark_job (Cannot execute: spark-submit --master yarn --driver-class-path /opt/***/jars/postgresql-42.5.0.jar --jars /opt/***/jars/postgresql-42.5.0.jar --packages org.postgresql:postgresql:42.5.0 --name arrow-spark /opt/bitnami/spark/src/scripts_spark/LoadFileToDB.py. Error code is: 1.; 13176)
Traceback (most recent call last):
  File "/home/airflow/.local/lib/python3.12/site-packages/airflow/task/task_runner/standard_task_runner.py", line 117, in _start_by_fork
    ret = args.func(args, dag=self.dag)
          ^^^^^^^^^^^^^^^^^^^^^^^^^^^^^
  File "/home/airflow/.local/lib/python3.12/site-packages/airflow/cli/cli_config.py", line 49, in command
    return func(*args, **kwargs)
           ^^^^^^^^^^^^^^^^^^^^^
  File "/home/airflow/.local/lib/python3.12/site-packages/airflow/utils/cli.py", line 115, in wrapper
    return f(*args, **kwargs)
           ^^^^^^^^^^^^^^^^^^
  File "/home/airflow/.local/lib/python3.12/site-packages/airflow/cli/commands/task_command.py", line 483, in task_run
    task_return_code = _run_task_by_selected_method(args, _dag, ti)
                       ^^^^^^^^^^^^^^^^^^^^^^^^^^^^^^^^^^^^^^^^^^^^
  File "/home/airflow/.local/lib/python3.12/site-packages/airflow/cli/commands/task_command.py", line 256, in _run_task_by_selected_method
    return _run_raw_task(args, ti)
           ^^^^^^^^^^^^^^^^^^^^^^^
  File "/home/airflow/.local/lib/python3.12/site-packages/airflow/cli/commands/task_command.py", line 341, in _run_raw_task
    return ti._run_raw_task(
           ^^^^^^^^^^^^^^^^^
  File "/home/airflow/.local/lib/python3.12/site-packages/airflow/utils/session.py", line 97, in wrapper
    return func(*args, session=session, **kwargs)
           ^^^^^^^^^^^^^^^^^^^^^^^^^^^^^^^^^^^^^^
  File "/home/airflow/.local/lib/python3.12/site-packages/airflow/models/taskinstance.py", line 3004, in _run_raw_task
    return _run_raw_task(
           ^^^^^^^^^^^^^^
  File "/home/airflow/.local/lib/python3.12/site-packages/airflow/models/taskinstance.py", line 273, in _run_raw_task
    TaskInstance._execute_task_with_callbacks(
  File "/home/airflow/.local/lib/python3.12/site-packages/airflow/models/taskinstance.py", line 3158, in _execute_task_with_callbacks
    result = self._execute_task(context, task_orig)
             ^^^^^^^^^^^^^^^^^^^^^^^^^^^^^^^^^^^^^^
  File "/home/airflow/.local/lib/python3.12/site-packages/airflow/models/taskinstance.py", line 3182, in _execute_task
    return _execute_task(self, context, task_orig)
           ^^^^^^^^^^^^^^^^^^^^^^^^^^^^^^^^^^^^^^^
  File "/home/airflow/.local/lib/python3.12/site-packages/airflow/models/taskinstance.py", line 767, in _execute_task
    result = _execute_callable(context=context, **execute_callable_kwargs)
             ^^^^^^^^^^^^^^^^^^^^^^^^^^^^^^^^^^^^^^^^^^^^^^^^^^^^^^^^^^^^^
  File "/home/airflow/.local/lib/python3.12/site-packages/airflow/models/taskinstance.py", line 733, in _execute_callable
    return ExecutionCallableRunner(
           ^^^^^^^^^^^^^^^^^^^^^^^^
  File "/home/airflow/.local/lib/python3.12/site-packages/airflow/utils/operator_helpers.py", line 252, in run
    return self.func(*args, **kwargs)
           ^^^^^^^^^^^^^^^^^^^^^^^^^^
  File "/home/airflow/.local/lib/python3.12/site-packages/airflow/models/baseoperator.py", line 406, in wrapper
    return func(self, *args, **kwargs)
           ^^^^^^^^^^^^^^^^^^^^^^^^^^^
  File "/home/airflow/.local/lib/python3.12/site-packages/airflow/providers/apache/spark/operators/spark_submit.py", line 176, in execute
    self._hook.submit(self.application)
  File "/home/airflow/.local/lib/python3.12/site-packages/airflow/providers/apache/spark/hooks/spark_submit.py", line 560, in submit
    raise AirflowException(
airflow.exceptions.AirflowException: Cannot execute: spark-submit --master yarn --driver-class-path /opt/***/jars/postgresql-42.5.0.jar --jars /opt/***/jars/postgresql-42.5.0.jar --packages org.postgresql:postgresql:42.5.0 --name arrow-spark /opt/bitnami/spark/src/scripts_spark/LoadFileToDB.py. Error code is: 1.
[2024-10-17T23:16:58.967+0000] {local_task_job_runner.py:266} INFO - Task exited with return code 1
[2024-10-17T23:16:58.979+0000] {taskinstance.py:3900} INFO - 0 downstream tasks scheduled from follow-on schedule check
[2024-10-17T23:16:58.982+0000] {local_task_job_runner.py:245} INFO - ::endgroup::
