[2024-10-16T18:13:14.953+0000] {local_task_job_runner.py:123} INFO - ::group::Pre task execution logs
[2024-10-16T18:13:14.974+0000] {taskinstance.py:2612} INFO - Dependencies all met for dep_context=non-requeueable deps ti=<TaskInstance: LoadWebScraping.spark_submit_task manual__2024-10-16T18:13:13.669463+00:00 [queued]>
[2024-10-16T18:13:14.982+0000] {taskinstance.py:2612} INFO - Dependencies all met for dep_context=requeueable deps ti=<TaskInstance: LoadWebScraping.spark_submit_task manual__2024-10-16T18:13:13.669463+00:00 [queued]>
[2024-10-16T18:13:14.983+0000] {taskinstance.py:2865} INFO - Starting attempt 1 of 1
[2024-10-16T18:13:14.997+0000] {taskinstance.py:2888} INFO - Executing <Task(SparkSubmitOperator): spark_submit_task> on 2024-10-16 18:13:13.669463+00:00
[2024-10-16T18:13:15.003+0000] {warnings.py:112} WARNING - /home/***/.local/lib/python3.12/site-packages/***/task/task_runner/standard_task_runner.py:70: DeprecationWarning: This process (pid=462) is multi-threaded, use of fork() may lead to deadlocks in the child.
  pid = os.fork()

[2024-10-16T18:13:15.004+0000] {standard_task_runner.py:72} INFO - Started process 464 to run task
[2024-10-16T18:13:15.004+0000] {standard_task_runner.py:104} INFO - Running: ['***', 'tasks', 'run', 'LoadWebScraping', 'spark_submit_task', 'manual__2024-10-16T18:13:13.669463+00:00', '--job-id', '92', '--raw', '--subdir', 'DAGS_FOLDER/LoadWebScraping.py', '--cfg-path', '/tmp/tmpa1s9ttrh']
[2024-10-16T18:13:15.007+0000] {standard_task_runner.py:105} INFO - Job 92: Subtask spark_submit_task
[2024-10-16T18:13:15.064+0000] {task_command.py:467} INFO - Running <TaskInstance: LoadWebScraping.spark_submit_task manual__2024-10-16T18:13:13.669463+00:00 [running]> on host 5bfcf3b332b0
[2024-10-16T18:13:15.324+0000] {taskinstance.py:3131} INFO - Exporting env vars: AIRFLOW_CTX_DAG_OWNER='***' AIRFLOW_CTX_DAG_ID='LoadWebScraping' AIRFLOW_CTX_TASK_ID='spark_submit_task' AIRFLOW_CTX_EXECUTION_DATE='2024-10-16T18:13:13.669463+00:00' AIRFLOW_CTX_TRY_NUMBER='1' AIRFLOW_CTX_DAG_RUN_ID='manual__2024-10-16T18:13:13.669463+00:00'
[2024-10-16T18:13:15.325+0000] {taskinstance.py:731} INFO - ::endgroup::
[2024-10-16T18:13:15.342+0000] {base.py:84} INFO - Retrieving connection 'spark_default'
[2024-10-16T18:13:15.343+0000] {spark_submit.py:327} ERROR - Failed to decode base64 keytab: Incorrect padding
[2024-10-16T18:13:15.343+0000] {spark_submit.py:304} INFO - Could not load connection string spark_default, defaulting to spark://spark:7077
[2024-10-16T18:13:15.348+0000] {spark_submit.py:473} INFO - Spark-Submit cmd: spark-submit --master spark://spark:7077 --driver-class-path /opt/bitnami/spark/jars/postgresql-42.5.0.jar --jars /opt/bitnami/spark/jars/postgresql-42.5.0.jar --name arrow-spark --deploy-mode client /opt/bitnami/spark/src/scripts_spark/LoadFileToDB.py
[2024-10-16T18:13:18.727+0000] {spark_submit.py:649} INFO - 24/10/16 18:13:18 WARN NativeCodeLoader: Unable to load native-hadoop library for your platform... using builtin-java classes where applicable
[2024-10-16T18:13:20.966+0000] {spark_submit.py:649} INFO - 24/10/16 18:13:20 INFO SparkContext: Running Spark version 3.5.2
[2024-10-16T18:13:20.969+0000] {spark_submit.py:649} INFO - 24/10/16 18:13:20 INFO SparkContext: OS info Linux, 5.15.153.1-microsoft-standard-WSL2, amd64
[2024-10-16T18:13:20.970+0000] {spark_submit.py:649} INFO - 24/10/16 18:13:20 INFO SparkContext: Java version 17.0.12
[2024-10-16T18:13:21.012+0000] {spark_submit.py:649} INFO - 24/10/16 18:13:21 INFO ResourceUtils: ==============================================================
[2024-10-16T18:13:21.012+0000] {spark_submit.py:649} INFO - 24/10/16 18:13:21 INFO ResourceUtils: No custom resources configured for spark.driver.
[2024-10-16T18:13:21.013+0000] {spark_submit.py:649} INFO - 24/10/16 18:13:21 INFO ResourceUtils: ==============================================================
[2024-10-16T18:13:21.014+0000] {spark_submit.py:649} INFO - 24/10/16 18:13:21 INFO SparkContext: Submitted application: Exemplo
[2024-10-16T18:13:21.052+0000] {spark_submit.py:649} INFO - 24/10/16 18:13:21 INFO ResourceProfile: Default ResourceProfile created, executor resources: Map(memory -> name: memory, amount: 1024, script: , vendor: , offHeap -> name: offHeap, amount: 0, script: , vendor: ), task resources: Map(cpus -> name: cpus, amount: 1.0)
[2024-10-16T18:13:21.064+0000] {spark_submit.py:649} INFO - 24/10/16 18:13:21 INFO ResourceProfile: Limiting resource is cpu
[2024-10-16T18:13:21.064+0000] {spark_submit.py:649} INFO - 24/10/16 18:13:21 INFO ResourceProfileManager: Added ResourceProfile id: 0
[2024-10-16T18:13:21.183+0000] {spark_submit.py:649} INFO - 24/10/16 18:13:21 INFO SecurityManager: Changing view acls to: ***
[2024-10-16T18:13:21.184+0000] {spark_submit.py:649} INFO - 24/10/16 18:13:21 INFO SecurityManager: Changing modify acls to: ***
[2024-10-16T18:13:21.185+0000] {spark_submit.py:649} INFO - 24/10/16 18:13:21 INFO SecurityManager: Changing view acls groups to:
[2024-10-16T18:13:21.186+0000] {spark_submit.py:649} INFO - 24/10/16 18:13:21 INFO SecurityManager: Changing modify acls groups to:
[2024-10-16T18:13:21.187+0000] {spark_submit.py:649} INFO - 24/10/16 18:13:21 INFO SecurityManager: SecurityManager: authentication disabled; ui acls disabled; users with view permissions: ***; groups with view permissions: EMPTY; users with modify permissions: ***; groups with modify permissions: EMPTY
[2024-10-16T18:13:21.633+0000] {spark_submit.py:649} INFO - 24/10/16 18:13:21 INFO Utils: Successfully started service 'sparkDriver' on port 38935.
[2024-10-16T18:13:21.727+0000] {spark_submit.py:649} INFO - 24/10/16 18:13:21 INFO SparkEnv: Registering MapOutputTracker
[2024-10-16T18:13:21.797+0000] {spark_submit.py:649} INFO - 24/10/16 18:13:21 INFO SparkEnv: Registering BlockManagerMaster
[2024-10-16T18:13:21.841+0000] {spark_submit.py:649} INFO - 24/10/16 18:13:21 INFO BlockManagerMasterEndpoint: Using org.apache.spark.storage.DefaultTopologyMapper for getting topology information
[2024-10-16T18:13:21.841+0000] {spark_submit.py:649} INFO - 24/10/16 18:13:21 INFO BlockManagerMasterEndpoint: BlockManagerMasterEndpoint up
[2024-10-16T18:13:21.846+0000] {spark_submit.py:649} INFO - 24/10/16 18:13:21 INFO SparkEnv: Registering BlockManagerMasterHeartbeat
[2024-10-16T18:13:21.910+0000] {spark_submit.py:649} INFO - 24/10/16 18:13:21 INFO DiskBlockManager: Created local directory at /tmp/blockmgr-663bedb0-6ed5-4154-885c-f54bf1494b52
[2024-10-16T18:13:21.942+0000] {spark_submit.py:649} INFO - 24/10/16 18:13:21 INFO MemoryStore: MemoryStore started with capacity 434.4 MiB
[2024-10-16T18:13:21.966+0000] {spark_submit.py:649} INFO - 24/10/16 18:13:21 INFO SparkEnv: Registering OutputCommitCoordinator
[2024-10-16T18:13:22.193+0000] {spark_submit.py:649} INFO - 24/10/16 18:13:22 INFO JettyUtils: Start Jetty 0.0.0.0:4040 for SparkUI
[2024-10-16T18:13:22.316+0000] {spark_submit.py:649} INFO - 24/10/16 18:13:22 INFO Utils: Successfully started service 'SparkUI' on port 4040.
[2024-10-16T18:13:22.534+0000] {spark_submit.py:649} INFO - 24/10/16 18:13:22 INFO StandaloneAppClient$ClientEndpoint: Connecting to master spark://spark:7077...
[2024-10-16T18:13:22.617+0000] {spark_submit.py:649} INFO - 24/10/16 18:13:22 INFO TransportClientFactory: Successfully created connection to spark/172.18.0.5:7077 after 56 ms (0 ms spent in bootstraps)
[2024-10-16T18:13:22.741+0000] {spark_submit.py:649} INFO - 24/10/16 18:13:22 INFO StandaloneSchedulerBackend: Connected to Spark cluster with app ID app-20241016181322-0001
[2024-10-16T18:13:22.743+0000] {spark_submit.py:649} INFO - 24/10/16 18:13:22 INFO StandaloneAppClient$ClientEndpoint: Executor added: app-20241016181322-0001/0 on worker-20241016180123-172.18.0.4-43593 (172.18.0.4:43593) with 6 core(s)
[2024-10-16T18:13:22.745+0000] {spark_submit.py:649} INFO - 24/10/16 18:13:22 INFO StandaloneSchedulerBackend: Granted executor ID app-20241016181322-0001/0 on hostPort 172.18.0.4:43593 with 6 core(s), 1024.0 MiB RAM
[2024-10-16T18:13:22.755+0000] {spark_submit.py:649} INFO - 24/10/16 18:13:22 INFO Utils: Successfully started service 'org.apache.spark.network.netty.NettyBlockTransferService' on port 35693.
[2024-10-16T18:13:22.756+0000] {spark_submit.py:649} INFO - 24/10/16 18:13:22 INFO NettyBlockTransferService: Server created on 5bfcf3b332b0:35693
[2024-10-16T18:13:22.758+0000] {spark_submit.py:649} INFO - 24/10/16 18:13:22 INFO BlockManager: Using org.apache.spark.storage.RandomBlockReplicationPolicy for block replication policy
[2024-10-16T18:13:22.778+0000] {spark_submit.py:649} INFO - 24/10/16 18:13:22 INFO BlockManagerMaster: Registering BlockManager BlockManagerId(driver, 5bfcf3b332b0, 35693, None)
[2024-10-16T18:13:22.783+0000] {spark_submit.py:649} INFO - 24/10/16 18:13:22 INFO BlockManagerMasterEndpoint: Registering block manager 5bfcf3b332b0:35693 with 434.4 MiB RAM, BlockManagerId(driver, 5bfcf3b332b0, 35693, None)
[2024-10-16T18:13:22.786+0000] {spark_submit.py:649} INFO - 24/10/16 18:13:22 INFO BlockManagerMaster: Registered BlockManager BlockManagerId(driver, 5bfcf3b332b0, 35693, None)
[2024-10-16T18:13:22.790+0000] {spark_submit.py:649} INFO - 24/10/16 18:13:22 INFO BlockManager: Initialized BlockManager: BlockManagerId(driver, 5bfcf3b332b0, 35693, None)
[2024-10-16T18:13:22.799+0000] {spark_submit.py:649} INFO - 24/10/16 18:13:22 INFO StandaloneAppClient$ClientEndpoint: Executor updated: app-20241016181322-0001/0 is now RUNNING
[2024-10-16T18:13:23.199+0000] {spark_submit.py:649} INFO - 24/10/16 18:13:23 INFO StandaloneSchedulerBackend: SchedulerBackend is ready for scheduling beginning after reached minRegisteredResourcesRatio: 0.0
[2024-10-16T18:13:23.475+0000] {spark_submit.py:649} INFO - ***
[2024-10-16T18:13:23.485+0000] {spark_submit.py:649} INFO - 24/10/16 18:13:23 INFO SharedState: Setting hive.metastore.warehouse.dir ('null') to the value of spark.sql.warehouse.dir.
[2024-10-16T18:13:23.488+0000] {spark_submit.py:649} INFO - 24/10/16 18:13:23 INFO SharedState: Warehouse path is 'file:/opt/***/spark-warehouse'.
[2024-10-16T18:13:24.910+0000] {spark_submit.py:649} INFO - 24/10/16 18:13:24 INFO StandaloneSchedulerBackend$StandaloneDriverEndpoint: Registered executor NettyRpcEndpointRef(spark-client://Executor) (172.18.0.4:53370) with ID 0,  ResourceProfileId 0
[2024-10-16T18:13:24.992+0000] {spark_submit.py:649} INFO - 24/10/16 18:13:24 INFO BlockManagerMasterEndpoint: Registering block manager 172.18.0.4:42505 with 434.4 MiB RAM, BlockManagerId(0, 172.18.0.4, 42505, None)
[2024-10-16T18:13:25.083+0000] {spark_submit.py:649} INFO - Traceback (most recent call last):
[2024-10-16T18:13:25.083+0000] {spark_submit.py:649} INFO - File "/opt/bitnami/spark/src/scripts_spark/LoadFileToDB.py", line 24, in <module>
[2024-10-16T18:13:25.085+0000] {spark_submit.py:649} INFO - .load()
[2024-10-16T18:13:25.085+0000] {spark_submit.py:649} INFO - ^^^^^^
[2024-10-16T18:13:25.086+0000] {spark_submit.py:649} INFO - File "/home/***/.local/lib/python3.12/site-packages/pyspark/python/lib/pyspark.zip/pyspark/sql/readwriter.py", line 314, in load
[2024-10-16T18:13:25.086+0000] {spark_submit.py:649} INFO - File "/home/***/.local/lib/python3.12/site-packages/pyspark/python/lib/py4j-0.10.9.7-src.zip/py4j/java_gateway.py", line 1322, in __call__
[2024-10-16T18:13:25.087+0000] {spark_submit.py:649} INFO - File "/home/***/.local/lib/python3.12/site-packages/pyspark/python/lib/pyspark.zip/pyspark/errors/exceptions/captured.py", line 179, in deco
[2024-10-16T18:13:25.088+0000] {spark_submit.py:649} INFO - File "/home/***/.local/lib/python3.12/site-packages/pyspark/python/lib/py4j-0.10.9.7-src.zip/py4j/protocol.py", line 326, in get_return_value
[2024-10-16T18:13:25.089+0000] {spark_submit.py:649} INFO - py4j.protocol.Py4JJavaError: An error occurred while calling o32.load.
[2024-10-16T18:13:25.090+0000] {spark_submit.py:649} INFO - : java.sql.SQLException: No suitable driver
[2024-10-16T18:13:25.090+0000] {spark_submit.py:649} INFO - at java.sql/java.sql.DriverManager.getDriver(DriverManager.java:299)
[2024-10-16T18:13:25.091+0000] {spark_submit.py:649} INFO - at org.apache.spark.sql.execution.datasources.jdbc.JDBCOptions.$anonfun$driverClass$2(JDBCOptions.scala:109)
[2024-10-16T18:13:25.091+0000] {spark_submit.py:649} INFO - at scala.Option.getOrElse(Option.scala:189)
[2024-10-16T18:13:25.092+0000] {spark_submit.py:649} INFO - at org.apache.spark.sql.execution.datasources.jdbc.JDBCOptions.<init>(JDBCOptions.scala:109)
[2024-10-16T18:13:25.092+0000] {spark_submit.py:649} INFO - at org.apache.spark.sql.execution.datasources.jdbc.JDBCOptions.<init>(JDBCOptions.scala:41)
[2024-10-16T18:13:25.093+0000] {spark_submit.py:649} INFO - at org.apache.spark.sql.execution.datasources.jdbc.JdbcRelationProvider.createRelation(JdbcRelationProvider.scala:34)
[2024-10-16T18:13:25.093+0000] {spark_submit.py:649} INFO - at org.apache.spark.sql.execution.datasources.DataSource.resolveRelation(DataSource.scala:346)
[2024-10-16T18:13:25.093+0000] {spark_submit.py:649} INFO - at org.apache.spark.sql.DataFrameReader.loadV1Source(DataFrameReader.scala:229)
[2024-10-16T18:13:25.094+0000] {spark_submit.py:649} INFO - at org.apache.spark.sql.DataFrameReader.$anonfun$load$2(DataFrameReader.scala:211)
[2024-10-16T18:13:25.094+0000] {spark_submit.py:649} INFO - at scala.Option.getOrElse(Option.scala:189)
[2024-10-16T18:13:25.095+0000] {spark_submit.py:649} INFO - at org.apache.spark.sql.DataFrameReader.load(DataFrameReader.scala:211)
[2024-10-16T18:13:25.095+0000] {spark_submit.py:649} INFO - at org.apache.spark.sql.DataFrameReader.load(DataFrameReader.scala:172)
[2024-10-16T18:13:25.095+0000] {spark_submit.py:649} INFO - at java.base/jdk.internal.reflect.NativeMethodAccessorImpl.invoke0(Native Method)
[2024-10-16T18:13:25.096+0000] {spark_submit.py:649} INFO - at java.base/jdk.internal.reflect.NativeMethodAccessorImpl.invoke(NativeMethodAccessorImpl.java:77)
[2024-10-16T18:13:25.096+0000] {spark_submit.py:649} INFO - at java.base/jdk.internal.reflect.DelegatingMethodAccessorImpl.invoke(DelegatingMethodAccessorImpl.java:43)
[2024-10-16T18:13:25.096+0000] {spark_submit.py:649} INFO - at java.base/java.lang.reflect.Method.invoke(Method.java:569)
[2024-10-16T18:13:25.097+0000] {spark_submit.py:649} INFO - at py4j.reflection.MethodInvoker.invoke(MethodInvoker.java:244)
[2024-10-16T18:13:25.097+0000] {spark_submit.py:649} INFO - at py4j.reflection.ReflectionEngine.invoke(ReflectionEngine.java:374)
[2024-10-16T18:13:25.097+0000] {spark_submit.py:649} INFO - at py4j.Gateway.invoke(Gateway.java:282)
[2024-10-16T18:13:25.098+0000] {spark_submit.py:649} INFO - at py4j.commands.AbstractCommand.invokeMethod(AbstractCommand.java:132)
[2024-10-16T18:13:25.098+0000] {spark_submit.py:649} INFO - at py4j.commands.CallCommand.execute(CallCommand.java:79)
[2024-10-16T18:13:25.098+0000] {spark_submit.py:649} INFO - at py4j.ClientServerConnection.waitForCommands(ClientServerConnection.java:182)
[2024-10-16T18:13:25.099+0000] {spark_submit.py:649} INFO - at py4j.ClientServerConnection.run(ClientServerConnection.java:106)
[2024-10-16T18:13:25.099+0000] {spark_submit.py:649} INFO - at java.base/java.lang.Thread.run(Thread.java:840)
[2024-10-16T18:13:25.100+0000] {spark_submit.py:649} INFO - 
[2024-10-16T18:13:25.135+0000] {spark_submit.py:649} INFO - 24/10/16 18:13:25 INFO SparkContext: Invoking stop() from shutdown hook
[2024-10-16T18:13:25.136+0000] {spark_submit.py:649} INFO - 24/10/16 18:13:25 INFO SparkContext: SparkContext is stopping with exitCode 0.
[2024-10-16T18:13:25.151+0000] {spark_submit.py:649} INFO - 24/10/16 18:13:25 INFO SparkUI: Stopped Spark web UI at http://5bfcf3b332b0:4040
[2024-10-16T18:13:25.156+0000] {spark_submit.py:649} INFO - 24/10/16 18:13:25 INFO StandaloneSchedulerBackend: Shutting down all executors
[2024-10-16T18:13:25.156+0000] {spark_submit.py:649} INFO - 24/10/16 18:13:25 INFO StandaloneSchedulerBackend$StandaloneDriverEndpoint: Asking each executor to shut down
[2024-10-16T18:13:25.181+0000] {spark_submit.py:649} INFO - 24/10/16 18:13:25 INFO MapOutputTrackerMasterEndpoint: MapOutputTrackerMasterEndpoint stopped!
[2024-10-16T18:13:25.203+0000] {spark_submit.py:649} INFO - 24/10/16 18:13:25 INFO MemoryStore: MemoryStore cleared
[2024-10-16T18:13:25.204+0000] {spark_submit.py:649} INFO - 24/10/16 18:13:25 INFO BlockManager: BlockManager stopped
[2024-10-16T18:13:25.229+0000] {spark_submit.py:649} INFO - 24/10/16 18:13:25 INFO BlockManagerMaster: BlockManagerMaster stopped
[2024-10-16T18:13:25.232+0000] {spark_submit.py:649} INFO - 24/10/16 18:13:25 INFO OutputCommitCoordinator$OutputCommitCoordinatorEndpoint: OutputCommitCoordinator stopped!
[2024-10-16T18:13:25.247+0000] {spark_submit.py:649} INFO - 24/10/16 18:13:25 INFO SparkContext: Successfully stopped SparkContext
[2024-10-16T18:13:25.247+0000] {spark_submit.py:649} INFO - 24/10/16 18:13:25 INFO ShutdownHookManager: Shutdown hook called
[2024-10-16T18:13:25.248+0000] {spark_submit.py:649} INFO - 24/10/16 18:13:25 INFO ShutdownHookManager: Deleting directory /tmp/spark-d01b4ca2-84f0-4eaf-97b2-f153b9a6597d/pyspark-ec771ad5-f62f-4d1a-873b-6b8d2de2c4d6
[2024-10-16T18:13:25.251+0000] {spark_submit.py:649} INFO - 24/10/16 18:13:25 INFO ShutdownHookManager: Deleting directory /tmp/spark-d01b4ca2-84f0-4eaf-97b2-f153b9a6597d
[2024-10-16T18:13:25.255+0000] {spark_submit.py:649} INFO - 24/10/16 18:13:25 INFO ShutdownHookManager: Deleting directory /tmp/spark-da7aaed7-81db-468b-8b15-8a7778b2305f
[2024-10-16T18:13:25.293+0000] {taskinstance.py:3310} ERROR - Task failed with exception
Traceback (most recent call last):
  File "/home/airflow/.local/lib/python3.12/site-packages/airflow/models/taskinstance.py", line 767, in _execute_task
    result = _execute_callable(context=context, **execute_callable_kwargs)
             ^^^^^^^^^^^^^^^^^^^^^^^^^^^^^^^^^^^^^^^^^^^^^^^^^^^^^^^^^^^^^
  File "/home/airflow/.local/lib/python3.12/site-packages/airflow/models/taskinstance.py", line 733, in _execute_callable
    return ExecutionCallableRunner(
           ^^^^^^^^^^^^^^^^^^^^^^^^
  File "/home/airflow/.local/lib/python3.12/site-packages/airflow/utils/operator_helpers.py", line 252, in run
    return self.func(*args, **kwargs)
           ^^^^^^^^^^^^^^^^^^^^^^^^^^
  File "/home/airflow/.local/lib/python3.12/site-packages/airflow/models/baseoperator.py", line 406, in wrapper
    return func(self, *args, **kwargs)
           ^^^^^^^^^^^^^^^^^^^^^^^^^^^
  File "/home/airflow/.local/lib/python3.12/site-packages/airflow/providers/apache/spark/operators/spark_submit.py", line 176, in execute
    self._hook.submit(self.application)
  File "/home/airflow/.local/lib/python3.12/site-packages/airflow/providers/apache/spark/hooks/spark_submit.py", line 575, in submit
    raise AirflowException(
airflow.exceptions.AirflowException: Cannot execute: spark-submit --master spark://spark:7077 --driver-class-path /opt/bitnami/spark/jars/postgresql-42.5.0.jar --jars /opt/bitnami/spark/jars/postgresql-42.5.0.jar --name arrow-spark --deploy-mode client /opt/bitnami/spark/src/scripts_spark/LoadFileToDB.py. Error code is: 1.
[2024-10-16T18:13:25.296+0000] {taskinstance.py:1225} INFO - Marking task as FAILED. dag_id=LoadWebScraping, task_id=spark_submit_task, run_id=manual__2024-10-16T18:13:13.669463+00:00, execution_date=20241016T181313, start_date=20241016T181314, end_date=20241016T181325
[2024-10-16T18:13:25.308+0000] {taskinstance.py:340} INFO - ::group::Post task execution logs
[2024-10-16T18:13:25.309+0000] {standard_task_runner.py:124} ERROR - Failed to execute job 92 for task spark_submit_task (Cannot execute: spark-submit --master spark://spark:7077 --driver-class-path /opt/bitnami/spark/jars/postgresql-42.5.0.jar --jars /opt/bitnami/spark/jars/postgresql-42.5.0.jar --name arrow-spark --deploy-mode client /opt/bitnami/spark/src/scripts_spark/LoadFileToDB.py. Error code is: 1.; 464)
Traceback (most recent call last):
  File "/home/airflow/.local/lib/python3.12/site-packages/airflow/task/task_runner/standard_task_runner.py", line 117, in _start_by_fork
    ret = args.func(args, dag=self.dag)
          ^^^^^^^^^^^^^^^^^^^^^^^^^^^^^
  File "/home/airflow/.local/lib/python3.12/site-packages/airflow/cli/cli_config.py", line 49, in command
    return func(*args, **kwargs)
           ^^^^^^^^^^^^^^^^^^^^^
  File "/home/airflow/.local/lib/python3.12/site-packages/airflow/utils/cli.py", line 115, in wrapper
    return f(*args, **kwargs)
           ^^^^^^^^^^^^^^^^^^
  File "/home/airflow/.local/lib/python3.12/site-packages/airflow/cli/commands/task_command.py", line 483, in task_run
    task_return_code = _run_task_by_selected_method(args, _dag, ti)
                       ^^^^^^^^^^^^^^^^^^^^^^^^^^^^^^^^^^^^^^^^^^^^
  File "/home/airflow/.local/lib/python3.12/site-packages/airflow/cli/commands/task_command.py", line 256, in _run_task_by_selected_method
    return _run_raw_task(args, ti)
           ^^^^^^^^^^^^^^^^^^^^^^^
  File "/home/airflow/.local/lib/python3.12/site-packages/airflow/cli/commands/task_command.py", line 341, in _run_raw_task
    return ti._run_raw_task(
           ^^^^^^^^^^^^^^^^^
  File "/home/airflow/.local/lib/python3.12/site-packages/airflow/utils/session.py", line 97, in wrapper
    return func(*args, session=session, **kwargs)
           ^^^^^^^^^^^^^^^^^^^^^^^^^^^^^^^^^^^^^^
  File "/home/airflow/.local/lib/python3.12/site-packages/airflow/models/taskinstance.py", line 3004, in _run_raw_task
    return _run_raw_task(
           ^^^^^^^^^^^^^^
  File "/home/airflow/.local/lib/python3.12/site-packages/airflow/models/taskinstance.py", line 273, in _run_raw_task
    TaskInstance._execute_task_with_callbacks(
  File "/home/airflow/.local/lib/python3.12/site-packages/airflow/models/taskinstance.py", line 3158, in _execute_task_with_callbacks
    result = self._execute_task(context, task_orig)
             ^^^^^^^^^^^^^^^^^^^^^^^^^^^^^^^^^^^^^^
  File "/home/airflow/.local/lib/python3.12/site-packages/airflow/models/taskinstance.py", line 3182, in _execute_task
    return _execute_task(self, context, task_orig)
           ^^^^^^^^^^^^^^^^^^^^^^^^^^^^^^^^^^^^^^^
  File "/home/airflow/.local/lib/python3.12/site-packages/airflow/models/taskinstance.py", line 767, in _execute_task
    result = _execute_callable(context=context, **execute_callable_kwargs)
             ^^^^^^^^^^^^^^^^^^^^^^^^^^^^^^^^^^^^^^^^^^^^^^^^^^^^^^^^^^^^^
  File "/home/airflow/.local/lib/python3.12/site-packages/airflow/models/taskinstance.py", line 733, in _execute_callable
    return ExecutionCallableRunner(
           ^^^^^^^^^^^^^^^^^^^^^^^^
  File "/home/airflow/.local/lib/python3.12/site-packages/airflow/utils/operator_helpers.py", line 252, in run
    return self.func(*args, **kwargs)
           ^^^^^^^^^^^^^^^^^^^^^^^^^^
  File "/home/airflow/.local/lib/python3.12/site-packages/airflow/models/baseoperator.py", line 406, in wrapper
    return func(self, *args, **kwargs)
           ^^^^^^^^^^^^^^^^^^^^^^^^^^^
  File "/home/airflow/.local/lib/python3.12/site-packages/airflow/providers/apache/spark/operators/spark_submit.py", line 176, in execute
    self._hook.submit(self.application)
  File "/home/airflow/.local/lib/python3.12/site-packages/airflow/providers/apache/spark/hooks/spark_submit.py", line 575, in submit
    raise AirflowException(
airflow.exceptions.AirflowException: Cannot execute: spark-submit --master spark://spark:7077 --driver-class-path /opt/bitnami/spark/jars/postgresql-42.5.0.jar --jars /opt/bitnami/spark/jars/postgresql-42.5.0.jar --name arrow-spark --deploy-mode client /opt/bitnami/spark/src/scripts_spark/LoadFileToDB.py. Error code is: 1.
[2024-10-16T18:13:25.342+0000] {local_task_job_runner.py:266} INFO - Task exited with return code 1
[2024-10-16T18:13:25.360+0000] {taskinstance.py:3900} INFO - 0 downstream tasks scheduled from follow-on schedule check
[2024-10-16T18:13:25.365+0000] {local_task_job_runner.py:245} INFO - ::endgroup::
