[2024-11-01T13:37:47.806+0000] {local_task_job_runner.py:123} INFO - ::group::Pre task execution logs
[2024-11-01T13:37:47.821+0000] {taskinstance.py:2612} INFO - Dependencies all met for dep_context=non-requeueable deps ti=<TaskInstance: LoadWebScraping.insert manual__2024-11-01T13:37:44.482893+00:00 [queued]>
[2024-11-01T13:37:47.829+0000] {taskinstance.py:2612} INFO - Dependencies all met for dep_context=requeueable deps ti=<TaskInstance: LoadWebScraping.insert manual__2024-11-01T13:37:44.482893+00:00 [queued]>
[2024-11-01T13:37:47.830+0000] {taskinstance.py:2865} INFO - Starting attempt 1 of 1
[2024-11-01T13:37:47.843+0000] {taskinstance.py:2888} INFO - Executing <Task(SparkSubmitOperator): insert> on 2024-11-01 13:37:44.482893+00:00
[2024-11-01T13:37:47.849+0000] {warnings.py:112} WARNING - /home/***/.local/lib/python3.12/site-packages/***/task/task_runner/standard_task_runner.py:70: DeprecationWarning: This process (pid=7788) is multi-threaded, use of fork() may lead to deadlocks in the child.
  pid = os.fork()

[2024-11-01T13:37:47.850+0000] {standard_task_runner.py:72} INFO - Started process 7790 to run task
[2024-11-01T13:37:47.851+0000] {standard_task_runner.py:104} INFO - Running: ['***', 'tasks', 'run', 'LoadWebScraping', 'insert', 'manual__2024-11-01T13:37:44.482893+00:00', '--job-id', '80', '--raw', '--subdir', 'DAGS_FOLDER/LoadWebScraping.py', '--cfg-path', '/tmp/tmpn0bib1m0']
[2024-11-01T13:37:47.853+0000] {standard_task_runner.py:105} INFO - Job 80: Subtask insert
[2024-11-01T13:37:47.897+0000] {task_command.py:467} INFO - Running <TaskInstance: LoadWebScraping.insert manual__2024-11-01T13:37:44.482893+00:00 [running]> on host b6f3296945ba
[2024-11-01T13:37:47.970+0000] {taskinstance.py:3131} INFO - Exporting env vars: AIRFLOW_CTX_DAG_OWNER='***' AIRFLOW_CTX_DAG_ID='LoadWebScraping' AIRFLOW_CTX_TASK_ID='insert' AIRFLOW_CTX_EXECUTION_DATE='2024-11-01T13:37:44.482893+00:00' AIRFLOW_CTX_TRY_NUMBER='1' AIRFLOW_CTX_DAG_RUN_ID='manual__2024-11-01T13:37:44.482893+00:00'
[2024-11-01T13:37:47.971+0000] {taskinstance.py:731} INFO - ::endgroup::
[2024-11-01T13:37:47.990+0000] {base.py:84} INFO - Retrieving connection 'spark_default'
[2024-11-01T13:37:47.991+0000] {spark_submit.py:327} ERROR - Failed to decode base64 keytab: Incorrect padding
[2024-11-01T13:37:47.992+0000] {spark_submit.py:304} INFO - Could not load connection string spark_default, defaulting to spark://spark:7077
[2024-11-01T13:37:47.994+0000] {spark_submit.py:473} INFO - Spark-Submit cmd: spark-submit --master spark://spark:7077 --driver-class-path /opt/***/jars/postgresql-42.5.0.jar --jars /opt/***/jars/postgresql-42.5.0.jar --packages org.postgresql:postgresql:42.5.0 --name arrow-spark --deploy-mode client /opt/bitnami/spark/src/scripts_spark/LoadFileToDB.py
[2024-11-01T13:37:49.338+0000] {spark_submit.py:634} INFO - :: loading settings :: url = jar:file:/home/***/.local/lib/python3.12/site-packages/pyspark/jars/ivy-2.5.1.jar!/org/apache/ivy/core/settings/ivysettings.xml
[2024-11-01T13:37:49.388+0000] {spark_submit.py:634} INFO - Ivy Default Cache set to: /home/***/.ivy2/cache
[2024-11-01T13:37:49.389+0000] {spark_submit.py:634} INFO - The jars for the packages stored in: /home/***/.ivy2/jars
[2024-11-01T13:37:49.399+0000] {spark_submit.py:634} INFO - org.postgresql#postgresql added as a dependency
[2024-11-01T13:37:49.399+0000] {spark_submit.py:634} INFO - :: resolving dependencies :: org.apache.spark#spark-submit-parent-e11f90f0-1a2e-4f64-b86c-6cf87cd8d6d6;1.0
[2024-11-01T13:37:49.400+0000] {spark_submit.py:634} INFO - confs: [default]
[2024-11-01T13:37:49.483+0000] {spark_submit.py:634} INFO - found org.postgresql#postgresql;42.5.0 in central
[2024-11-01T13:37:49.502+0000] {spark_submit.py:634} INFO - found org.checkerframework#checker-qual;3.5.0 in central
[2024-11-01T13:37:49.513+0000] {spark_submit.py:634} INFO - :: resolution report :: resolve 110ms :: artifacts dl 4ms
[2024-11-01T13:37:49.514+0000] {spark_submit.py:634} INFO - :: modules in use:
[2024-11-01T13:37:49.515+0000] {spark_submit.py:634} INFO - org.checkerframework#checker-qual;3.5.0 from central in [default]
[2024-11-01T13:37:49.515+0000] {spark_submit.py:634} INFO - org.postgresql#postgresql;42.5.0 from central in [default]
[2024-11-01T13:37:49.516+0000] {spark_submit.py:634} INFO - ---------------------------------------------------------------------
[2024-11-01T13:37:49.516+0000] {spark_submit.py:634} INFO - |                  |            modules            ||   artifacts   |
[2024-11-01T13:37:49.517+0000] {spark_submit.py:634} INFO - |       conf       | number| search|dwnlded|evicted|| number|dwnlded|
[2024-11-01T13:37:49.517+0000] {spark_submit.py:634} INFO - ---------------------------------------------------------------------
[2024-11-01T13:37:49.518+0000] {spark_submit.py:634} INFO - |      default     |   2   |   0   |   0   |   0   ||   2   |   0   |
[2024-11-01T13:37:49.518+0000] {spark_submit.py:634} INFO - ---------------------------------------------------------------------
[2024-11-01T13:37:49.518+0000] {spark_submit.py:634} INFO - :: retrieving :: org.apache.spark#spark-submit-parent-e11f90f0-1a2e-4f64-b86c-6cf87cd8d6d6
[2024-11-01T13:37:49.519+0000] {spark_submit.py:634} INFO - confs: [default]
[2024-11-01T13:37:49.520+0000] {spark_submit.py:634} INFO - 0 artifacts copied, 2 already retrieved (0kB/3ms)
[2024-11-01T13:37:49.667+0000] {spark_submit.py:634} INFO - 24/11/01 13:37:49 WARN NativeCodeLoader: Unable to load native-hadoop library for your platform... using builtin-java classes where applicable
[2024-11-01T13:37:49.805+0000] {spark_submit.py:634} INFO - 24/11/01 13:37:49 WARN DependencyUtils: Local jar /opt/***/jars/postgresql-42.5.0.jar does not exist, skipping.
[2024-11-01T13:37:50.960+0000] {spark_submit.py:634} INFO - 24/11/01 13:37:50 INFO SparkContext: Running Spark version 3.5.2
[2024-11-01T13:37:50.961+0000] {spark_submit.py:634} INFO - 24/11/01 13:37:50 INFO SparkContext: OS info Linux, 5.15.153.1-microsoft-standard-WSL2, amd64
[2024-11-01T13:37:50.961+0000] {spark_submit.py:634} INFO - 24/11/01 13:37:50 INFO SparkContext: Java version 17.0.13
[2024-11-01T13:37:50.979+0000] {spark_submit.py:634} INFO - 24/11/01 13:37:50 INFO ResourceUtils: ==============================================================
[2024-11-01T13:37:50.980+0000] {spark_submit.py:634} INFO - 24/11/01 13:37:50 INFO ResourceUtils: No custom resources configured for spark.driver.
[2024-11-01T13:37:50.981+0000] {spark_submit.py:634} INFO - 24/11/01 13:37:50 INFO ResourceUtils: ==============================================================
[2024-11-01T13:37:50.981+0000] {spark_submit.py:634} INFO - 24/11/01 13:37:50 INFO SparkContext: Submitted application: Insert_data
[2024-11-01T13:37:50.998+0000] {spark_submit.py:634} INFO - 24/11/01 13:37:50 INFO ResourceProfile: Default ResourceProfile created, executor resources: Map(cores -> name: cores, amount: 1, script: , vendor: , memory -> name: memory, amount: 1024, script: , vendor: , offHeap -> name: offHeap, amount: 0, script: , vendor: ), task resources: Map(cpus -> name: cpus, amount: 1.0)
[2024-11-01T13:37:51.006+0000] {spark_submit.py:634} INFO - 24/11/01 13:37:51 INFO ResourceProfile: Limiting resource is cpu
[2024-11-01T13:37:51.007+0000] {spark_submit.py:634} INFO - 24/11/01 13:37:51 INFO ResourceProfileManager: Added ResourceProfile id: 0
[2024-11-01T13:37:51.049+0000] {spark_submit.py:634} INFO - 24/11/01 13:37:51 INFO SecurityManager: Changing view acls to: ***
[2024-11-01T13:37:51.049+0000] {spark_submit.py:634} INFO - 24/11/01 13:37:51 INFO SecurityManager: Changing modify acls to: ***
[2024-11-01T13:37:51.050+0000] {spark_submit.py:634} INFO - 24/11/01 13:37:51 INFO SecurityManager: Changing view acls groups to:
[2024-11-01T13:37:51.050+0000] {spark_submit.py:634} INFO - 24/11/01 13:37:51 INFO SecurityManager: Changing modify acls groups to:
[2024-11-01T13:37:51.051+0000] {spark_submit.py:634} INFO - 24/11/01 13:37:51 INFO SecurityManager: SecurityManager: authentication disabled; ui acls disabled; users with view permissions: ***; groups with view permissions: EMPTY; users with modify permissions: ***; groups with modify permissions: EMPTY
[2024-11-01T13:37:51.221+0000] {spark_submit.py:634} INFO - 24/11/01 13:37:51 INFO Utils: Successfully started service 'sparkDriver' on port 33243.
[2024-11-01T13:37:51.252+0000] {spark_submit.py:634} INFO - 24/11/01 13:37:51 INFO SparkEnv: Registering MapOutputTracker
[2024-11-01T13:37:51.280+0000] {spark_submit.py:634} INFO - 24/11/01 13:37:51 INFO SparkEnv: Registering BlockManagerMaster
[2024-11-01T13:37:51.302+0000] {spark_submit.py:634} INFO - 24/11/01 13:37:51 INFO BlockManagerMasterEndpoint: Using org.apache.spark.storage.DefaultTopologyMapper for getting topology information
[2024-11-01T13:37:51.302+0000] {spark_submit.py:634} INFO - 24/11/01 13:37:51 INFO BlockManagerMasterEndpoint: BlockManagerMasterEndpoint up
[2024-11-01T13:37:51.307+0000] {spark_submit.py:634} INFO - 24/11/01 13:37:51 INFO SparkEnv: Registering BlockManagerMasterHeartbeat
[2024-11-01T13:37:51.324+0000] {spark_submit.py:634} INFO - 24/11/01 13:37:51 INFO DiskBlockManager: Created local directory at /tmp/blockmgr-c33e073c-f84b-42bc-b511-d4693d7a98c4
[2024-11-01T13:37:51.336+0000] {spark_submit.py:634} INFO - 24/11/01 13:37:51 INFO MemoryStore: MemoryStore started with capacity 434.4 MiB
[2024-11-01T13:37:51.349+0000] {spark_submit.py:634} INFO - 24/11/01 13:37:51 INFO SparkEnv: Registering OutputCommitCoordinator
[2024-11-01T13:37:51.445+0000] {spark_submit.py:634} INFO - 24/11/01 13:37:51 INFO JettyUtils: Start Jetty 0.0.0.0:4040 for SparkUI
[2024-11-01T13:37:51.523+0000] {spark_submit.py:634} INFO - 24/11/01 13:37:51 INFO Utils: Successfully started service 'SparkUI' on port 4040.
[2024-11-01T13:37:51.567+0000] {spark_submit.py:634} INFO - 24/11/01 13:37:51 ERROR SparkContext: Failed to add /opt/bitnami/spark/jars/postgresql-42.5.0.jar to Spark environment
[2024-11-01T13:37:51.567+0000] {spark_submit.py:634} INFO - java.io.FileNotFoundException: Jar /opt/bitnami/spark/jars/postgresql-42.5.0.jar not found
[2024-11-01T13:37:51.568+0000] {spark_submit.py:634} INFO - at org.apache.spark.SparkContext.addLocalJarFile$1(SparkContext.scala:2095)
[2024-11-01T13:37:51.568+0000] {spark_submit.py:634} INFO - at org.apache.spark.SparkContext.addJar(SparkContext.scala:2151)
[2024-11-01T13:37:51.569+0000] {spark_submit.py:634} INFO - at org.apache.spark.SparkContext.$anonfun$new$15(SparkContext.scala:521)
[2024-11-01T13:37:51.569+0000] {spark_submit.py:634} INFO - at org.apache.spark.SparkContext.$anonfun$new$15$adapted(SparkContext.scala:521)
[2024-11-01T13:37:51.570+0000] {spark_submit.py:634} INFO - at scala.collection.mutable.ResizableArray.foreach(ResizableArray.scala:62)
[2024-11-01T13:37:51.570+0000] {spark_submit.py:634} INFO - at scala.collection.mutable.ResizableArray.foreach$(ResizableArray.scala:55)
[2024-11-01T13:37:51.571+0000] {spark_submit.py:634} INFO - at scala.collection.mutable.ArrayBuffer.foreach(ArrayBuffer.scala:49)
[2024-11-01T13:37:51.571+0000] {spark_submit.py:634} INFO - at org.apache.spark.SparkContext.<init>(SparkContext.scala:521)
[2024-11-01T13:37:51.571+0000] {spark_submit.py:634} INFO - at org.apache.spark.api.java.JavaSparkContext.<init>(JavaSparkContext.scala:58)
[2024-11-01T13:37:51.572+0000] {spark_submit.py:634} INFO - at java.base/jdk.internal.reflect.NativeConstructorAccessorImpl.newInstance0(Native Method)
[2024-11-01T13:37:51.572+0000] {spark_submit.py:634} INFO - at java.base/jdk.internal.reflect.NativeConstructorAccessorImpl.newInstance(NativeConstructorAccessorImpl.java:77)
[2024-11-01T13:37:51.572+0000] {spark_submit.py:634} INFO - at java.base/jdk.internal.reflect.DelegatingConstructorAccessorImpl.newInstance(DelegatingConstructorAccessorImpl.java:45)
[2024-11-01T13:37:51.573+0000] {spark_submit.py:634} INFO - at java.base/java.lang.reflect.Constructor.newInstanceWithCaller(Constructor.java:500)
[2024-11-01T13:37:51.573+0000] {spark_submit.py:634} INFO - at java.base/java.lang.reflect.Constructor.newInstance(Constructor.java:481)
[2024-11-01T13:37:51.573+0000] {spark_submit.py:634} INFO - at py4j.reflection.MethodInvoker.invoke(MethodInvoker.java:247)
[2024-11-01T13:37:51.574+0000] {spark_submit.py:634} INFO - at py4j.reflection.ReflectionEngine.invoke(ReflectionEngine.java:374)
[2024-11-01T13:37:51.574+0000] {spark_submit.py:634} INFO - at py4j.Gateway.invoke(Gateway.java:238)
[2024-11-01T13:37:51.574+0000] {spark_submit.py:634} INFO - at py4j.commands.ConstructorCommand.invokeConstructor(ConstructorCommand.java:80)
[2024-11-01T13:37:51.575+0000] {spark_submit.py:634} INFO - at py4j.commands.ConstructorCommand.execute(ConstructorCommand.java:69)
[2024-11-01T13:37:51.575+0000] {spark_submit.py:634} INFO - at py4j.ClientServerConnection.waitForCommands(ClientServerConnection.java:182)
[2024-11-01T13:37:51.575+0000] {spark_submit.py:634} INFO - at py4j.ClientServerConnection.run(ClientServerConnection.java:106)
[2024-11-01T13:37:51.576+0000] {spark_submit.py:634} INFO - at java.base/java.lang.Thread.run(Thread.java:840)
[2024-11-01T13:37:51.576+0000] {spark_submit.py:634} INFO - 24/11/01 13:37:51 INFO SparkContext: Added file file:///home/***/.ivy2/jars/org.postgresql_postgresql-42.5.0.jar at file:///home/***/.ivy2/jars/org.postgresql_postgresql-42.5.0.jar with timestamp 1730468270955
[2024-11-01T13:37:51.576+0000] {spark_submit.py:634} INFO - 24/11/01 13:37:51 INFO Utils: Copying /home/***/.ivy2/jars/org.postgresql_postgresql-42.5.0.jar to /tmp/spark-8306d62f-e78e-4899-86e7-754e7423ef39/userFiles-d19dab9d-43e5-4f2c-a243-fc5b655b5c69/org.postgresql_postgresql-42.5.0.jar
[2024-11-01T13:37:51.582+0000] {spark_submit.py:634} INFO - 24/11/01 13:37:51 INFO SparkContext: Added file file:///home/***/.ivy2/jars/org.checkerframework_checker-qual-3.5.0.jar at file:///home/***/.ivy2/jars/org.checkerframework_checker-qual-3.5.0.jar with timestamp 1730468270955
[2024-11-01T13:37:51.582+0000] {spark_submit.py:634} INFO - 24/11/01 13:37:51 INFO Utils: Copying /home/***/.ivy2/jars/org.checkerframework_checker-qual-3.5.0.jar to /tmp/spark-8306d62f-e78e-4899-86e7-754e7423ef39/userFiles-d19dab9d-43e5-4f2c-a243-fc5b655b5c69/org.checkerframework_checker-qual-3.5.0.jar
[2024-11-01T13:37:51.639+0000] {spark_submit.py:634} INFO - 24/11/01 13:37:51 INFO Executor: Starting executor ID driver on host b6f3296945ba
[2024-11-01T13:37:51.639+0000] {spark_submit.py:634} INFO - 24/11/01 13:37:51 INFO Executor: OS info Linux, 5.15.153.1-microsoft-standard-WSL2, amd64
[2024-11-01T13:37:51.640+0000] {spark_submit.py:634} INFO - 24/11/01 13:37:51 INFO Executor: Java version 17.0.13
[2024-11-01T13:37:51.645+0000] {spark_submit.py:634} INFO - 24/11/01 13:37:51 INFO Executor: Starting executor with user classpath (userClassPathFirst = false): ''
[2024-11-01T13:37:51.647+0000] {spark_submit.py:634} INFO - 24/11/01 13:37:51 INFO Executor: Created or updated repl class loader org.apache.spark.util.MutableURLClassLoader@165a4aa9 for default.
[2024-11-01T13:37:51.656+0000] {spark_submit.py:634} INFO - 24/11/01 13:37:51 INFO Executor: Fetching file:///home/***/.ivy2/jars/org.checkerframework_checker-qual-3.5.0.jar with timestamp 1730468270955
[2024-11-01T13:37:51.671+0000] {spark_submit.py:634} INFO - 24/11/01 13:37:51 INFO Utils: /home/***/.ivy2/jars/org.checkerframework_checker-qual-3.5.0.jar has been previously copied to /tmp/spark-8306d62f-e78e-4899-86e7-754e7423ef39/userFiles-d19dab9d-43e5-4f2c-a243-fc5b655b5c69/org.checkerframework_checker-qual-3.5.0.jar
[2024-11-01T13:37:51.675+0000] {spark_submit.py:634} INFO - 24/11/01 13:37:51 INFO Executor: Fetching file:///home/***/.ivy2/jars/org.postgresql_postgresql-42.5.0.jar with timestamp 1730468270955
[2024-11-01T13:37:51.680+0000] {spark_submit.py:634} INFO - 24/11/01 13:37:51 INFO Utils: /home/***/.ivy2/jars/org.postgresql_postgresql-42.5.0.jar has been previously copied to /tmp/spark-8306d62f-e78e-4899-86e7-754e7423ef39/userFiles-d19dab9d-43e5-4f2c-a243-fc5b655b5c69/org.postgresql_postgresql-42.5.0.jar
[2024-11-01T13:37:51.697+0000] {spark_submit.py:634} INFO - 24/11/01 13:37:51 INFO Utils: Successfully started service 'org.apache.spark.network.netty.NettyBlockTransferService' on port 38685.
[2024-11-01T13:37:51.698+0000] {spark_submit.py:634} INFO - 24/11/01 13:37:51 INFO NettyBlockTransferService: Server created on b6f3296945ba:38685
[2024-11-01T13:37:51.699+0000] {spark_submit.py:634} INFO - 24/11/01 13:37:51 INFO BlockManager: Using org.apache.spark.storage.RandomBlockReplicationPolicy for block replication policy
[2024-11-01T13:37:51.704+0000] {spark_submit.py:634} INFO - 24/11/01 13:37:51 INFO BlockManagerMaster: Registering BlockManager BlockManagerId(driver, b6f3296945ba, 38685, None)
[2024-11-01T13:37:51.707+0000] {spark_submit.py:634} INFO - 24/11/01 13:37:51 INFO BlockManagerMasterEndpoint: Registering block manager b6f3296945ba:38685 with 434.4 MiB RAM, BlockManagerId(driver, b6f3296945ba, 38685, None)
[2024-11-01T13:37:51.709+0000] {spark_submit.py:634} INFO - 24/11/01 13:37:51 INFO BlockManagerMaster: Registered BlockManager BlockManagerId(driver, b6f3296945ba, 38685, None)
[2024-11-01T13:37:51.710+0000] {spark_submit.py:634} INFO - 24/11/01 13:37:51 INFO BlockManager: Initialized BlockManager: BlockManagerId(driver, b6f3296945ba, 38685, None)
[2024-11-01T13:37:52.016+0000] {spark_submit.py:634} INFO - 24/11/01 13:37:52 INFO SharedState: Setting hive.metastore.warehouse.dir ('null') to the value of spark.sql.warehouse.dir.
[2024-11-01T13:37:52.018+0000] {spark_submit.py:634} INFO - 24/11/01 13:37:52 INFO SharedState: Warehouse path is 'file:/opt/***/spark-warehouse'.
[2024-11-01T13:37:53.725+0000] {spark_submit.py:634} INFO - 24/11/01 13:37:53 INFO InMemoryFileIndex: It took 876 ms to list leaf files for 24 paths.
[2024-11-01T13:37:54.041+0000] {spark_submit.py:634} INFO - 24/11/01 13:37:54 INFO SparkContext: Starting job: parquet at NativeMethodAccessorImpl.java:0
[2024-11-01T13:37:54.052+0000] {spark_submit.py:634} INFO - 24/11/01 13:37:54 INFO DAGScheduler: Got job 0 (parquet at NativeMethodAccessorImpl.java:0) with 1 output partitions
[2024-11-01T13:37:54.053+0000] {spark_submit.py:634} INFO - 24/11/01 13:37:54 INFO DAGScheduler: Final stage: ResultStage 0 (parquet at NativeMethodAccessorImpl.java:0)
[2024-11-01T13:37:54.054+0000] {spark_submit.py:634} INFO - 24/11/01 13:37:54 INFO DAGScheduler: Parents of final stage: List()
[2024-11-01T13:37:54.054+0000] {spark_submit.py:634} INFO - 24/11/01 13:37:54 INFO DAGScheduler: Missing parents: List()
[2024-11-01T13:37:54.057+0000] {spark_submit.py:634} INFO - 24/11/01 13:37:54 INFO DAGScheduler: Submitting ResultStage 0 (MapPartitionsRDD[1] at parquet at NativeMethodAccessorImpl.java:0), which has no missing parents
[2024-11-01T13:37:54.114+0000] {spark_submit.py:634} INFO - 24/11/01 13:37:54 INFO MemoryStore: Block broadcast_0 stored as values in memory (estimated size 104.2 KiB, free 434.3 MiB)
[2024-11-01T13:37:54.140+0000] {spark_submit.py:634} INFO - 24/11/01 13:37:54 INFO MemoryStore: Block broadcast_0_piece0 stored as bytes in memory (estimated size 37.6 KiB, free 434.3 MiB)
[2024-11-01T13:37:54.142+0000] {spark_submit.py:634} INFO - 24/11/01 13:37:54 INFO BlockManagerInfo: Added broadcast_0_piece0 in memory on b6f3296945ba:38685 (size: 37.6 KiB, free: 434.4 MiB)
[2024-11-01T13:37:54.145+0000] {spark_submit.py:634} INFO - 24/11/01 13:37:54 INFO SparkContext: Created broadcast 0 from broadcast at DAGScheduler.scala:1585
[2024-11-01T13:37:54.159+0000] {spark_submit.py:634} INFO - 24/11/01 13:37:54 INFO DAGScheduler: Submitting 1 missing tasks from ResultStage 0 (MapPartitionsRDD[1] at parquet at NativeMethodAccessorImpl.java:0) (first 15 tasks are for partitions Vector(0))
[2024-11-01T13:37:54.160+0000] {spark_submit.py:634} INFO - 24/11/01 13:37:54 INFO TaskSchedulerImpl: Adding task set 0.0 with 1 tasks resource profile 0
[2024-11-01T13:37:54.202+0000] {spark_submit.py:634} INFO - 24/11/01 13:37:54 INFO TaskSetManager: Starting task 0.0 in stage 0.0 (TID 0) (b6f3296945ba, executor driver, partition 0, PROCESS_LOCAL, 9514 bytes)
[2024-11-01T13:37:54.212+0000] {spark_submit.py:634} INFO - 24/11/01 13:37:54 INFO Executor: Running task 0.0 in stage 0.0 (TID 0)
[2024-11-01T13:37:54.556+0000] {spark_submit.py:634} INFO - 24/11/01 13:37:54 INFO Executor: Finished task 0.0 in stage 0.0 (TID 0). 2211 bytes result sent to driver
[2024-11-01T13:37:54.564+0000] {spark_submit.py:634} INFO - 24/11/01 13:37:54 INFO TaskSetManager: Finished task 0.0 in stage 0.0 (TID 0) in 377 ms on b6f3296945ba (executor driver) (1/1)
[2024-11-01T13:37:54.566+0000] {spark_submit.py:634} INFO - 24/11/01 13:37:54 INFO TaskSchedulerImpl: Removed TaskSet 0.0, whose tasks have all completed, from pool
[2024-11-01T13:37:54.571+0000] {spark_submit.py:634} INFO - 24/11/01 13:37:54 INFO DAGScheduler: ResultStage 0 (parquet at NativeMethodAccessorImpl.java:0) finished in 0.504 s
[2024-11-01T13:37:54.573+0000] {spark_submit.py:634} INFO - 24/11/01 13:37:54 INFO DAGScheduler: Job 0 is finished. Cancelling potential speculative or zombie tasks for this job
[2024-11-01T13:37:54.575+0000] {spark_submit.py:634} INFO - 24/11/01 13:37:54 INFO TaskSchedulerImpl: Killing all running tasks in stage 0: Stage finished
[2024-11-01T13:37:54.576+0000] {spark_submit.py:634} INFO - 24/11/01 13:37:54 INFO DAGScheduler: Job 0 finished: parquet at NativeMethodAccessorImpl.java:0, took 0.534868 s
[2024-11-01T13:37:55.013+0000] {spark_submit.py:634} INFO - 24/11/01 13:37:55 INFO BlockManagerInfo: Removed broadcast_0_piece0 on b6f3296945ba:38685 in memory (size: 37.6 KiB, free: 434.4 MiB)
[2024-11-01T13:37:56.014+0000] {spark_submit.py:634} INFO - 24/11/01 13:37:56 INFO FileSourceStrategy: Pushed Filters: IsNotNull(marca)
[2024-11-01T13:37:56.017+0000] {spark_submit.py:634} INFO - 24/11/01 13:37:56 INFO FileSourceStrategy: Post-Scan Filters: isnotnull(marca#1)
[2024-11-01T13:37:56.489+0000] {spark_submit.py:634} INFO - 24/11/01 13:37:56 INFO CodeGenerator: Code generated in 218.36751 ms
[2024-11-01T13:37:56.501+0000] {spark_submit.py:634} INFO - 24/11/01 13:37:56 INFO MemoryStore: Block broadcast_1 stored as values in memory (estimated size 203.0 KiB, free 434.2 MiB)
[2024-11-01T13:37:56.523+0000] {spark_submit.py:634} INFO - 24/11/01 13:37:56 INFO MemoryStore: Block broadcast_1_piece0 stored as bytes in memory (estimated size 35.4 KiB, free 434.2 MiB)
[2024-11-01T13:37:56.523+0000] {spark_submit.py:634} INFO - 24/11/01 13:37:56 INFO BlockManagerInfo: Added broadcast_1_piece0 in memory on b6f3296945ba:38685 (size: 35.4 KiB, free: 434.4 MiB)
[2024-11-01T13:37:56.526+0000] {spark_submit.py:634} INFO - 24/11/01 13:37:56 INFO SparkContext: Created broadcast 1 from $anonfun$withThreadLocalCaptured$1 at FutureTask.java:264
[2024-11-01T13:37:56.557+0000] {spark_submit.py:634} INFO - 24/11/01 13:37:56 INFO FileSourceScanExec: Planning scan with bin packing, max size: 101039239 bytes, open cost is considered as scanning 4194304 bytes.
[2024-11-01T13:37:56.630+0000] {spark_submit.py:634} INFO - 24/11/01 13:37:56 INFO SparkContext: Starting job: $anonfun$withThreadLocalCaptured$1 at FutureTask.java:264
[2024-11-01T13:37:56.635+0000] {spark_submit.py:634} INFO - 24/11/01 13:37:56 INFO DAGScheduler: Got job 1 ($anonfun$withThreadLocalCaptured$1 at FutureTask.java:264) with 1 output partitions
[2024-11-01T13:37:56.636+0000] {spark_submit.py:634} INFO - 24/11/01 13:37:56 INFO DAGScheduler: Final stage: ResultStage 1 ($anonfun$withThreadLocalCaptured$1 at FutureTask.java:264)
[2024-11-01T13:37:56.636+0000] {spark_submit.py:634} INFO - 24/11/01 13:37:56 INFO DAGScheduler: Parents of final stage: List()
[2024-11-01T13:37:56.636+0000] {spark_submit.py:634} INFO - 24/11/01 13:37:56 INFO DAGScheduler: Missing parents: List()
[2024-11-01T13:37:56.637+0000] {spark_submit.py:634} INFO - 24/11/01 13:37:56 INFO DAGScheduler: Submitting ResultStage 1 (MapPartitionsRDD[6] at $anonfun$withThreadLocalCaptured$1 at FutureTask.java:264), which has no missing parents
[2024-11-01T13:37:56.639+0000] {spark_submit.py:634} INFO - 24/11/01 13:37:56 INFO MemoryStore: Block broadcast_2 stored as values in memory (estimated size 18.9 KiB, free 434.1 MiB)
[2024-11-01T13:37:56.645+0000] {spark_submit.py:634} INFO - 24/11/01 13:37:56 INFO MemoryStore: Block broadcast_2_piece0 stored as bytes in memory (estimated size 7.4 KiB, free 434.1 MiB)
[2024-11-01T13:37:56.647+0000] {spark_submit.py:634} INFO - 24/11/01 13:37:56 INFO BlockManagerInfo: Added broadcast_2_piece0 in memory on b6f3296945ba:38685 (size: 7.4 KiB, free: 434.4 MiB)
[2024-11-01T13:37:56.648+0000] {spark_submit.py:634} INFO - 24/11/01 13:37:56 INFO SparkContext: Created broadcast 2 from broadcast at DAGScheduler.scala:1585
[2024-11-01T13:37:56.651+0000] {spark_submit.py:634} INFO - 24/11/01 13:37:56 INFO DAGScheduler: Submitting 1 missing tasks from ResultStage 1 (MapPartitionsRDD[6] at $anonfun$withThreadLocalCaptured$1 at FutureTask.java:264) (first 15 tasks are for partitions Vector(0))
[2024-11-01T13:37:56.652+0000] {spark_submit.py:634} INFO - 24/11/01 13:37:56 INFO TaskSchedulerImpl: Adding task set 1.0 with 1 tasks resource profile 0
[2024-11-01T13:37:56.658+0000] {spark_submit.py:634} INFO - 24/11/01 13:37:56 INFO TaskSetManager: Starting task 0.0 in stage 1.0 (TID 1) (b6f3296945ba, executor driver, partition 0, PROCESS_LOCAL, 14702 bytes)
[2024-11-01T13:37:56.659+0000] {spark_submit.py:634} INFO - 24/11/01 13:37:56 INFO Executor: Running task 0.0 in stage 1.0 (TID 1)
[2024-11-01T13:37:56.731+0000] {spark_submit.py:634} INFO - 24/11/01 13:37:56 INFO CodeGenerator: Code generated in 27.11699 ms
[2024-11-01T13:37:56.736+0000] {spark_submit.py:634} INFO - 24/11/01 13:37:56 INFO FileScanRDD: Reading File path: file:///opt/***/datalake/silverzone/kabum_2024-10-08/processador_k.parquet/part-00000-19df25d0-5684-4c80-b499-17fabbef906c-c000.snappy.parquet, range: 0-26931, partition values: [empty row]
[2024-11-01T13:37:56.857+0000] {spark_submit.py:634} INFO - 24/11/01 13:37:56 INFO FilterCompat: Filtering using predicate: noteq(marca, null)
[2024-11-01T13:37:56.967+0000] {spark_submit.py:634} INFO - 24/11/01 13:37:56 INFO CodecPool: Got brand-new decompressor [.snappy]
[2024-11-01T13:37:57.134+0000] {spark_submit.py:634} INFO - 24/11/01 13:37:57 INFO FileScanRDD: Reading File path: file:///opt/***/datalake/silverzone/kabum_2024-10-11/processador_k.parquet/part-00000-37b9a48d-d002-4673-885a-2d0ae87a1d9a-c000.snappy.parquet, range: 0-25284, partition values: [empty row]
[2024-11-01T13:37:57.223+0000] {spark_submit.py:634} INFO - 24/11/01 13:37:57 INFO FilterCompat: Filtering using predicate: noteq(marca, null)
[2024-11-01T13:37:57.245+0000] {spark_submit.py:634} INFO - 24/11/01 13:37:57 INFO FileScanRDD: Reading File path: file:///opt/***/datalake/silverzone/kabum_2024-10-26/processador_k.parquet/part-00000-6ad4696e-f9ea-4819-884d-b4775a66b29b-c000.snappy.parquet, range: 0-25001, partition values: [empty row]
[2024-11-01T13:37:57.328+0000] {spark_submit.py:634} INFO - 24/11/01 13:37:57 INFO FileScanRDD: Reading File path: file:///opt/***/datalake/silverzone/kabum_2024-10-23/processador_k.parquet/part-00000-6649498c-1913-4c36-95a8-af5345514ae4-c000.snappy.parquet, range: 0-24687, partition values: [empty row]
[2024-11-01T13:37:57.406+0000] {spark_submit.py:634} INFO - 24/11/01 13:37:57 INFO FileScanRDD: Reading File path: file:///opt/***/datalake/silverzone/kabum_2024-10-25/processador_k.parquet/part-00000-61a7979d-93aa-4e18-8693-2698ad227e4c-c000.snappy.parquet, range: 0-24680, partition values: [empty row]
[2024-11-01T13:37:57.479+0000] {spark_submit.py:634} INFO - 24/11/01 13:37:57 INFO FileScanRDD: Reading File path: file:///opt/***/datalake/silverzone/kabum_2024-10-21/processador_k.parquet/part-00000-b647d611-5ff2-40e9-b446-f43820ff111c-c000.snappy.parquet, range: 0-24606, partition values: [empty row]
[2024-11-01T13:37:57.552+0000] {spark_submit.py:634} INFO - 24/11/01 13:37:57 INFO FileScanRDD: Reading File path: file:///opt/***/datalake/silverzone/kabum_2024-10-15/processador_k.parquet/part-00000-ba4bebab-155c-4ca5-9de2-e9672970b0ac-c000.snappy.parquet, range: 0-24520, partition values: [empty row]
[2024-11-01T13:37:57.625+0000] {spark_submit.py:634} INFO - 24/11/01 13:37:57 INFO FilterCompat: Filtering using predicate: noteq(marca, null)
[2024-11-01T13:37:57.634+0000] {spark_submit.py:634} INFO - 24/11/01 13:37:57 INFO FileScanRDD: Reading File path: file:///opt/***/datalake/silverzone/kabum_2024-10-16/processador_k.parquet/part-00000-680d209d-1efc-4fc0-bf85-bbe346d01a9f-c000.snappy.parquet, range: 0-24483, partition values: [empty row]
[2024-11-01T13:37:57.699+0000] {spark_submit.py:634} INFO - 24/11/01 13:37:57 INFO FilterCompat: Filtering using predicate: noteq(marca, null)
[2024-11-01T13:37:57.711+0000] {spark_submit.py:634} INFO - 24/11/01 13:37:57 INFO FileScanRDD: Reading File path: file:///opt/***/datalake/silverzone/kabum_2024-10-17/processador_k.parquet/part-00000-47b9b13b-a3f8-4226-ba5c-ada833149250-c000.snappy.parquet, range: 0-24464, partition values: [empty row]
[2024-11-01T13:37:57.778+0000] {spark_submit.py:634} INFO - 24/11/01 13:37:57 INFO FilterCompat: Filtering using predicate: noteq(marca, null)
[2024-11-01T13:37:57.788+0000] {spark_submit.py:634} INFO - 24/11/01 13:37:57 INFO FileScanRDD: Reading File path: file:///opt/***/datalake/silverzone/kabum_2024-10-18/processador_k.parquet/part-00000-c014f90d-0a84-4604-9665-5fdad18bd418-c000.snappy.parquet, range: 0-24381, partition values: [empty row]
[2024-11-01T13:37:57.857+0000] {spark_submit.py:634} INFO - 24/11/01 13:37:57 INFO FilterCompat: Filtering using predicate: noteq(marca, null)
[2024-11-01T13:37:57.865+0000] {spark_submit.py:634} INFO - 24/11/01 13:37:57 INFO FileScanRDD: Reading File path: file:///opt/***/datalake/silverzone/kabum_2024-10-19/processador_k.parquet/part-00000-e57b252f-7d7e-4123-a70a-d1efa525b390-c000.snappy.parquet, range: 0-24333, partition values: [empty row]
[2024-11-01T13:37:57.938+0000] {spark_submit.py:634} INFO - 24/11/01 13:37:57 INFO FilterCompat: Filtering using predicate: noteq(marca, null)
[2024-11-01T13:37:57.949+0000] {spark_submit.py:634} INFO - 24/11/01 13:37:57 INFO FileScanRDD: Reading File path: file:///opt/***/datalake/silverzone/kabum_2024-10-22/processador_k.parquet/part-00000-15586bea-32b5-490b-b975-4c9218e73f3c-c000.snappy.parquet, range: 0-24227, partition values: [empty row]
[2024-11-01T13:37:58.029+0000] {spark_submit.py:634} INFO - 24/11/01 13:37:58 INFO FileScanRDD: Reading File path: file:///opt/***/datalake/silverzone/pichau_2024-10-08/processador_k.parquet/part-00000-b571e371-2773-44b0-a2e8-504ef37e771e-c000.snappy.parquet, range: 0-7270, partition values: [empty row]
[2024-11-01T13:37:58.097+0000] {spark_submit.py:634} INFO - 24/11/01 13:37:58 INFO FilterCompat: Filtering using predicate: noteq(marca, null)
[2024-11-01T13:37:58.105+0000] {spark_submit.py:634} INFO - 24/11/01 13:37:58 INFO FileScanRDD: Reading File path: file:///opt/***/datalake/silverzone/pichau_2024-10-11/processador_k.parquet/part-00000-b26f0f9b-e76a-4024-88a2-62350fc9017a-c000.snappy.parquet, range: 0-6884, partition values: [empty row]
[2024-11-01T13:37:58.179+0000] {spark_submit.py:634} INFO - 24/11/01 13:37:58 INFO FilterCompat: Filtering using predicate: noteq(marca, null)
[2024-11-01T13:37:58.185+0000] {spark_submit.py:634} INFO - 24/11/01 13:37:58 INFO FileScanRDD: Reading File path: file:///opt/***/datalake/silverzone/pichau_2024-10-23/processador_k.parquet/part-00000-47c2ed78-84f2-4f93-b675-1ae93be332aa-c000.snappy.parquet, range: 0-6771, partition values: [empty row]
[2024-11-01T13:37:58.259+0000] {spark_submit.py:634} INFO - 24/11/01 13:37:58 INFO FileScanRDD: Reading File path: file:///opt/***/datalake/silverzone/pichau_2024-10-15/processador_k.parquet/part-00000-4666e6e6-09f2-46fb-bdc8-c054fc85b87d-c000.snappy.parquet, range: 0-6550, partition values: [empty row]
[2024-11-01T13:37:58.329+0000] {spark_submit.py:634} INFO - 24/11/01 13:37:58 INFO FilterCompat: Filtering using predicate: noteq(marca, null)
[2024-11-01T13:37:58.336+0000] {spark_submit.py:634} INFO - 24/11/01 13:37:58 INFO FileScanRDD: Reading File path: file:///opt/***/datalake/silverzone/pichau_2024-10-17/processador_k.parquet/part-00000-ee783f18-6a3c-469d-9a68-55ec9419006e-c000.snappy.parquet, range: 0-6484, partition values: [empty row]
[2024-11-01T13:37:58.403+0000] {spark_submit.py:634} INFO - 24/11/01 13:37:58 INFO FilterCompat: Filtering using predicate: noteq(marca, null)
[2024-11-01T13:37:58.410+0000] {spark_submit.py:634} INFO - 24/11/01 13:37:58 INFO FileScanRDD: Reading File path: file:///opt/***/datalake/silverzone/pichau_2024-10-16/processador_k.parquet/part-00000-e7dbe39d-193c-45c0-a766-1a1e7ac787d5-c000.snappy.parquet, range: 0-6446, partition values: [empty row]
[2024-11-01T13:37:58.483+0000] {spark_submit.py:634} INFO - 24/11/01 13:37:58 INFO FilterCompat: Filtering using predicate: noteq(marca, null)
[2024-11-01T13:37:58.490+0000] {spark_submit.py:634} INFO - 24/11/01 13:37:58 INFO FileScanRDD: Reading File path: file:///opt/***/datalake/silverzone/pichau_2024-10-18/processador_k.parquet/part-00000-724f162d-0672-46de-9c72-d13870bc5245-c000.snappy.parquet, range: 0-6386, partition values: [empty row]
[2024-11-01T13:37:58.573+0000] {spark_submit.py:634} INFO - 24/11/01 13:37:58 INFO FilterCompat: Filtering using predicate: noteq(marca, null)
[2024-11-01T13:37:58.580+0000] {spark_submit.py:634} INFO - 24/11/01 13:37:58 INFO FileScanRDD: Reading File path: file:///opt/***/datalake/silverzone/pichau_2024-10-25/processador_k.parquet/part-00000-677cf95f-23a1-4745-9130-d9ac23a5332c-c000.snappy.parquet, range: 0-6378, partition values: [empty row]
[2024-11-01T13:37:58.663+0000] {spark_submit.py:634} INFO - 24/11/01 13:37:58 INFO FileScanRDD: Reading File path: file:///opt/***/datalake/silverzone/pichau_2024-10-19/processador_k.parquet/part-00000-22d17e49-1b7f-48d8-9ed2-6053eacdb8ea-c000.snappy.parquet, range: 0-6374, partition values: [empty row]
[2024-11-01T13:37:58.750+0000] {spark_submit.py:634} INFO - 24/11/01 13:37:58 INFO FilterCompat: Filtering using predicate: noteq(marca, null)
[2024-11-01T13:37:58.757+0000] {spark_submit.py:634} INFO - 24/11/01 13:37:58 INFO FileScanRDD: Reading File path: file:///opt/***/datalake/silverzone/pichau_2024-10-21/processador_k.parquet/part-00000-41ba3713-b8c0-404c-bbb9-a2aef64ee2fb-c000.snappy.parquet, range: 0-6353, partition values: [empty row]
[2024-11-01T13:37:58.828+0000] {spark_submit.py:634} INFO - 24/11/01 13:37:58 INFO FileScanRDD: Reading File path: file:///opt/***/datalake/silverzone/pichau_2024-10-22/processador_k.parquet/part-00000-c9f66eb2-2a01-4e6c-a0be-f0201abd1e56-c000.snappy.parquet, range: 0-6276, partition values: [empty row]
[2024-11-01T13:37:58.894+0000] {spark_submit.py:634} INFO - 24/11/01 13:37:58 INFO FileScanRDD: Reading File path: file:///opt/***/datalake/silverzone/pichau_2024-10-26/processador_k.parquet/part-00000-51e8e3a1-b04a-4dc8-b0e1-79cf2df64eec-c000.snappy.parquet, range: 0-6174, partition values: [empty row]
[2024-11-01T13:37:58.979+0000] {spark_submit.py:634} INFO - 24/11/01 13:37:58 INFO Executor: Finished task 0.0 in stage 1.0 (TID 1). 261308 bytes result sent to driver
[2024-11-01T13:37:58.982+0000] {spark_submit.py:634} INFO - 24/11/01 13:37:58 INFO TaskSetManager: Finished task 0.0 in stage 1.0 (TID 1) in 2328 ms on b6f3296945ba (executor driver) (1/1)
[2024-11-01T13:37:58.983+0000] {spark_submit.py:634} INFO - 24/11/01 13:37:58 INFO TaskSchedulerImpl: Removed TaskSet 1.0, whose tasks have all completed, from pool
[2024-11-01T13:37:58.984+0000] {spark_submit.py:634} INFO - 24/11/01 13:37:58 INFO DAGScheduler: ResultStage 1 ($anonfun$withThreadLocalCaptured$1 at FutureTask.java:264) finished in 2.348 s
[2024-11-01T13:37:58.984+0000] {spark_submit.py:634} INFO - 24/11/01 13:37:58 INFO DAGScheduler: Job 1 is finished. Cancelling potential speculative or zombie tasks for this job
[2024-11-01T13:37:58.985+0000] {spark_submit.py:634} INFO - 24/11/01 13:37:58 INFO TaskSchedulerImpl: Killing all running tasks in stage 1: Stage finished
[2024-11-01T13:37:58.985+0000] {spark_submit.py:634} INFO - 24/11/01 13:37:58 INFO DAGScheduler: Job 1 finished: $anonfun$withThreadLocalCaptured$1 at FutureTask.java:264, took 2.352829 s
[2024-11-01T13:37:59.015+0000] {spark_submit.py:634} INFO - 24/11/01 13:37:59 INFO CodeGenerator: Code generated in 13.450038 ms
[2024-11-01T13:37:59.027+0000] {spark_submit.py:634} INFO - 24/11/01 13:37:59 INFO BlockManagerInfo: Removed broadcast_2_piece0 on b6f3296945ba:38685 in memory (size: 7.4 KiB, free: 434.4 MiB)
[2024-11-01T13:37:59.050+0000] {spark_submit.py:634} INFO - 24/11/01 13:37:59 INFO MemoryStore: Block broadcast_3 stored as values in memory (estimated size 16.1 MiB, free 418.0 MiB)
[2024-11-01T13:37:59.059+0000] {spark_submit.py:634} INFO - 24/11/01 13:37:59 INFO MemoryStore: Block broadcast_3_piece0 stored as bytes in memory (estimated size 313.3 KiB, free 417.7 MiB)
[2024-11-01T13:37:59.060+0000] {spark_submit.py:634} INFO - 24/11/01 13:37:59 INFO BlockManagerInfo: Added broadcast_3_piece0 in memory on b6f3296945ba:38685 (size: 313.3 KiB, free: 434.1 MiB)
[2024-11-01T13:37:59.061+0000] {spark_submit.py:634} INFO - 24/11/01 13:37:59 INFO SparkContext: Created broadcast 3 from $anonfun$withThreadLocalCaptured$1 at FutureTask.java:264
[2024-11-01T13:37:59.131+0000] {spark_submit.py:634} INFO - 24/11/01 13:37:59 INFO CodeGenerator: Code generated in 23.034836 ms
[2024-11-01T13:37:59.142+0000] {spark_submit.py:634} INFO - 24/11/01 13:37:59 INFO SparkContext: Starting job: showString at NativeMethodAccessorImpl.java:0
[2024-11-01T13:37:59.144+0000] {spark_submit.py:634} INFO - 24/11/01 13:37:59 INFO DAGScheduler: Got job 2 (showString at NativeMethodAccessorImpl.java:0) with 1 output partitions
[2024-11-01T13:37:59.145+0000] {spark_submit.py:634} INFO - 24/11/01 13:37:59 INFO DAGScheduler: Final stage: ResultStage 2 (showString at NativeMethodAccessorImpl.java:0)
[2024-11-01T13:37:59.145+0000] {spark_submit.py:634} INFO - 24/11/01 13:37:59 INFO DAGScheduler: Parents of final stage: List()
[2024-11-01T13:37:59.146+0000] {spark_submit.py:634} INFO - 24/11/01 13:37:59 INFO DAGScheduler: Missing parents: List()
[2024-11-01T13:37:59.147+0000] {spark_submit.py:634} INFO - 24/11/01 13:37:59 INFO DAGScheduler: Submitting ResultStage 2 (MapPartitionsRDD[9] at showString at NativeMethodAccessorImpl.java:0), which has no missing parents
[2024-11-01T13:37:59.164+0000] {spark_submit.py:634} INFO - 24/11/01 13:37:59 INFO MemoryStore: Block broadcast_4 stored as values in memory (estimated size 17.3 KiB, free 417.7 MiB)
[2024-11-01T13:37:59.170+0000] {spark_submit.py:634} INFO - 24/11/01 13:37:59 INFO MemoryStore: Block broadcast_4_piece0 stored as bytes in memory (estimated size 8.2 KiB, free 417.7 MiB)
[2024-11-01T13:37:59.173+0000] {spark_submit.py:634} INFO - 24/11/01 13:37:59 INFO BlockManagerInfo: Added broadcast_4_piece0 in memory on b6f3296945ba:38685 (size: 8.2 KiB, free: 434.1 MiB)
[2024-11-01T13:37:59.173+0000] {spark_submit.py:634} INFO - 24/11/01 13:37:59 INFO SparkContext: Created broadcast 4 from broadcast at DAGScheduler.scala:1585
[2024-11-01T13:37:59.174+0000] {spark_submit.py:634} INFO - 24/11/01 13:37:59 INFO DAGScheduler: Submitting 1 missing tasks from ResultStage 2 (MapPartitionsRDD[9] at showString at NativeMethodAccessorImpl.java:0) (first 15 tasks are for partitions Vector(0))
[2024-11-01T13:37:59.175+0000] {spark_submit.py:634} INFO - 24/11/01 13:37:59 INFO TaskSchedulerImpl: Adding task set 2.0 with 1 tasks resource profile 0
[2024-11-01T13:37:59.176+0000] {spark_submit.py:634} INFO - 24/11/01 13:37:59 INFO TaskSetManager: Starting task 0.0 in stage 2.0 (TID 2) (b6f3296945ba, executor driver, partition 0, PROCESS_LOCAL, 9158 bytes)
[2024-11-01T13:37:59.176+0000] {spark_submit.py:634} INFO - 24/11/01 13:37:59 INFO Executor: Running task 0.0 in stage 2.0 (TID 2)
[2024-11-01T13:37:59.232+0000] {spark_submit.py:634} INFO - 24/11/01 13:37:59 INFO CodeGenerator: Code generated in 20.709691 ms
[2024-11-01T13:37:59.235+0000] {spark_submit.py:634} INFO - 24/11/01 13:37:59 INFO JDBCRDD: closed connection
[2024-11-01T13:37:59.242+0000] {spark_submit.py:634} INFO - 24/11/01 13:37:59 INFO Executor: Finished task 0.0 in stage 2.0 (TID 2). 1551 bytes result sent to driver
[2024-11-01T13:37:59.244+0000] {spark_submit.py:634} INFO - 24/11/01 13:37:59 INFO TaskSetManager: Finished task 0.0 in stage 2.0 (TID 2) in 71 ms on b6f3296945ba (executor driver) (1/1)
[2024-11-01T13:37:59.244+0000] {spark_submit.py:634} INFO - 24/11/01 13:37:59 INFO TaskSchedulerImpl: Removed TaskSet 2.0, whose tasks have all completed, from pool
[2024-11-01T13:37:59.245+0000] {spark_submit.py:634} INFO - 24/11/01 13:37:59 INFO DAGScheduler: ResultStage 2 (showString at NativeMethodAccessorImpl.java:0) finished in 0.097 s
[2024-11-01T13:37:59.251+0000] {spark_submit.py:634} INFO - 24/11/01 13:37:59 INFO DAGScheduler: Job 2 is finished. Cancelling potential speculative or zombie tasks for this job
[2024-11-01T13:37:59.252+0000] {spark_submit.py:634} INFO - 24/11/01 13:37:59 INFO TaskSchedulerImpl: Killing all running tasks in stage 2: Stage finished
[2024-11-01T13:37:59.252+0000] {spark_submit.py:634} INFO - 24/11/01 13:37:59 INFO DAGScheduler: Job 2 finished: showString at NativeMethodAccessorImpl.java:0, took 0.103457 s
[2024-11-01T13:37:59.253+0000] {spark_submit.py:634} INFO - +----------+------+---------------+-----+-----+---+----------+--------------+----------+
[2024-11-01T13:37:59.254+0000] {spark_submit.py:634} INFO - |id_mark_fk|modelo|frequencia_base|cache|value|uri|dataColect|ID_CATEGORY_FK|ID_SITE_FK|
[2024-11-01T13:37:59.254+0000] {spark_submit.py:634} INFO - +----------+------+---------------+-----+-----+---+----------+--------------+----------+
[2024-11-01T13:37:59.255+0000] {spark_submit.py:634} INFO - +----------+------+---------------+-----+-----+---+----------+--------------+----------+
[2024-11-01T13:37:59.255+0000] {spark_submit.py:634} INFO - 
[2024-11-01T13:37:59.428+0000] {spark_submit.py:634} INFO - Traceback (most recent call last):
[2024-11-01T13:37:59.429+0000] {spark_submit.py:634} INFO - File "/opt/bitnami/spark/src/scripts_spark/LoadFileToDB.py", line 86, in <module>
[2024-11-01T13:37:59.431+0000] {spark_submit.py:634} INFO - table_processador_mark.write.jdbc(url=url,table='tb_fact_processor',mode='append',properties=db_properties)
[2024-11-01T13:37:59.431+0000] {spark_submit.py:634} INFO - File "/home/***/.local/lib/python3.12/site-packages/pyspark/python/lib/pyspark.zip/pyspark/sql/readwriter.py", line 1984, in jdbc
[2024-11-01T13:37:59.432+0000] {spark_submit.py:634} INFO - File "/home/***/.local/lib/python3.12/site-packages/pyspark/python/lib/py4j-0.10.9.7-src.zip/py4j/java_gateway.py", line 1322, in __call__
[2024-11-01T13:37:59.432+0000] {spark_submit.py:634} INFO - File "/home/***/.local/lib/python3.12/site-packages/pyspark/python/lib/pyspark.zip/pyspark/errors/exceptions/captured.py", line 185, in deco
[2024-11-01T13:37:59.439+0000] {spark_submit.py:634} INFO - pyspark.errors.exceptions.captured.AnalysisException: Column modelo not found in schema Some(StructType(StructField(id_processor,IntegerType,false),StructField(model,StringType,true),StructField(frequency_base,DoubleType,true),StructField(cache,LongType,true),StructField(value,DecimalType(10,2),true),StructField(uri,StringType,true),StructField(datacolect,StringType,true),StructField(id_category_fk,LongType,true),StructField(id_site_fk,LongType,true),StructField(id_mark_fk,LongType,true))).
[2024-11-01T13:37:59.483+0000] {spark_submit.py:634} INFO - 24/11/01 13:37:59 INFO SparkContext: Invoking stop() from shutdown hook
[2024-11-01T13:37:59.483+0000] {spark_submit.py:634} INFO - 24/11/01 13:37:59 INFO SparkContext: SparkContext is stopping with exitCode 0.
[2024-11-01T13:37:59.491+0000] {spark_submit.py:634} INFO - 24/11/01 13:37:59 INFO SparkUI: Stopped Spark web UI at http://b6f3296945ba:4040
[2024-11-01T13:37:59.499+0000] {spark_submit.py:634} INFO - 24/11/01 13:37:59 INFO MapOutputTrackerMasterEndpoint: MapOutputTrackerMasterEndpoint stopped!
[2024-11-01T13:37:59.507+0000] {spark_submit.py:634} INFO - 24/11/01 13:37:59 INFO MemoryStore: MemoryStore cleared
[2024-11-01T13:37:59.508+0000] {spark_submit.py:634} INFO - 24/11/01 13:37:59 INFO BlockManager: BlockManager stopped
[2024-11-01T13:37:59.510+0000] {spark_submit.py:634} INFO - 24/11/01 13:37:59 INFO BlockManagerMaster: BlockManagerMaster stopped
[2024-11-01T13:37:59.512+0000] {spark_submit.py:634} INFO - 24/11/01 13:37:59 INFO OutputCommitCoordinator$OutputCommitCoordinatorEndpoint: OutputCommitCoordinator stopped!
[2024-11-01T13:37:59.517+0000] {spark_submit.py:634} INFO - 24/11/01 13:37:59 INFO SparkContext: Successfully stopped SparkContext
[2024-11-01T13:37:59.518+0000] {spark_submit.py:634} INFO - 24/11/01 13:37:59 INFO ShutdownHookManager: Shutdown hook called
[2024-11-01T13:37:59.518+0000] {spark_submit.py:634} INFO - 24/11/01 13:37:59 INFO ShutdownHookManager: Deleting directory /tmp/spark-c1e37da8-30f8-4ca2-a895-61160fc69034
[2024-11-01T13:37:59.522+0000] {spark_submit.py:634} INFO - 24/11/01 13:37:59 INFO ShutdownHookManager: Deleting directory /tmp/spark-8306d62f-e78e-4899-86e7-754e7423ef39/pyspark-58f6048c-c015-400e-b5d5-07af7df80543
[2024-11-01T13:37:59.526+0000] {spark_submit.py:634} INFO - 24/11/01 13:37:59 INFO ShutdownHookManager: Deleting directory /tmp/spark-8306d62f-e78e-4899-86e7-754e7423ef39
[2024-11-01T13:37:59.562+0000] {taskinstance.py:3310} ERROR - Task failed with exception
Traceback (most recent call last):
  File "/home/airflow/.local/lib/python3.12/site-packages/airflow/models/taskinstance.py", line 767, in _execute_task
    result = _execute_callable(context=context, **execute_callable_kwargs)
             ^^^^^^^^^^^^^^^^^^^^^^^^^^^^^^^^^^^^^^^^^^^^^^^^^^^^^^^^^^^^^
  File "/home/airflow/.local/lib/python3.12/site-packages/airflow/models/taskinstance.py", line 733, in _execute_callable
    return ExecutionCallableRunner(
           ^^^^^^^^^^^^^^^^^^^^^^^^
  File "/home/airflow/.local/lib/python3.12/site-packages/airflow/utils/operator_helpers.py", line 252, in run
    return self.func(*args, **kwargs)
           ^^^^^^^^^^^^^^^^^^^^^^^^^^
  File "/home/airflow/.local/lib/python3.12/site-packages/airflow/models/baseoperator.py", line 406, in wrapper
    return func(self, *args, **kwargs)
           ^^^^^^^^^^^^^^^^^^^^^^^^^^^
  File "/home/airflow/.local/lib/python3.12/site-packages/airflow/providers/apache/spark/operators/spark_submit.py", line 176, in execute
    self._hook.submit(self.application)
  File "/home/airflow/.local/lib/python3.12/site-packages/airflow/providers/apache/spark/hooks/spark_submit.py", line 560, in submit
    raise AirflowException(
airflow.exceptions.AirflowException: Cannot execute: spark-submit --master spark://spark:7077 --driver-class-path /opt/***/jars/postgresql-42.5.0.jar --jars /opt/***/jars/postgresql-42.5.0.jar --packages org.postgresql:postgresql:42.5.0 --name arrow-spark --deploy-mode client /opt/bitnami/spark/src/scripts_spark/LoadFileToDB.py. Error code is: 1.
[2024-11-01T13:37:59.565+0000] {taskinstance.py:1225} INFO - Marking task as FAILED. dag_id=LoadWebScraping, task_id=insert, run_id=manual__2024-11-01T13:37:44.482893+00:00, execution_date=20241101T133744, start_date=20241101T133747, end_date=20241101T133759
[2024-11-01T13:37:59.579+0000] {taskinstance.py:340} INFO - ::group::Post task execution logs
[2024-11-01T13:37:59.580+0000] {standard_task_runner.py:124} ERROR - Failed to execute job 80 for task insert (Cannot execute: spark-submit --master spark://spark:7077 --driver-class-path /opt/***/jars/postgresql-42.5.0.jar --jars /opt/***/jars/postgresql-42.5.0.jar --packages org.postgresql:postgresql:42.5.0 --name arrow-spark --deploy-mode client /opt/bitnami/spark/src/scripts_spark/LoadFileToDB.py. Error code is: 1.; 7790)
Traceback (most recent call last):
  File "/home/airflow/.local/lib/python3.12/site-packages/airflow/task/task_runner/standard_task_runner.py", line 117, in _start_by_fork
    ret = args.func(args, dag=self.dag)
          ^^^^^^^^^^^^^^^^^^^^^^^^^^^^^
  File "/home/airflow/.local/lib/python3.12/site-packages/airflow/cli/cli_config.py", line 49, in command
    return func(*args, **kwargs)
           ^^^^^^^^^^^^^^^^^^^^^
  File "/home/airflow/.local/lib/python3.12/site-packages/airflow/utils/cli.py", line 115, in wrapper
    return f(*args, **kwargs)
           ^^^^^^^^^^^^^^^^^^
  File "/home/airflow/.local/lib/python3.12/site-packages/airflow/cli/commands/task_command.py", line 483, in task_run
    task_return_code = _run_task_by_selected_method(args, _dag, ti)
                       ^^^^^^^^^^^^^^^^^^^^^^^^^^^^^^^^^^^^^^^^^^^^
  File "/home/airflow/.local/lib/python3.12/site-packages/airflow/cli/commands/task_command.py", line 256, in _run_task_by_selected_method
    return _run_raw_task(args, ti)
           ^^^^^^^^^^^^^^^^^^^^^^^
  File "/home/airflow/.local/lib/python3.12/site-packages/airflow/cli/commands/task_command.py", line 341, in _run_raw_task
    return ti._run_raw_task(
           ^^^^^^^^^^^^^^^^^
  File "/home/airflow/.local/lib/python3.12/site-packages/airflow/utils/session.py", line 97, in wrapper
    return func(*args, session=session, **kwargs)
           ^^^^^^^^^^^^^^^^^^^^^^^^^^^^^^^^^^^^^^
  File "/home/airflow/.local/lib/python3.12/site-packages/airflow/models/taskinstance.py", line 3004, in _run_raw_task
    return _run_raw_task(
           ^^^^^^^^^^^^^^
  File "/home/airflow/.local/lib/python3.12/site-packages/airflow/models/taskinstance.py", line 273, in _run_raw_task
    TaskInstance._execute_task_with_callbacks(
  File "/home/airflow/.local/lib/python3.12/site-packages/airflow/models/taskinstance.py", line 3158, in _execute_task_with_callbacks
    result = self._execute_task(context, task_orig)
             ^^^^^^^^^^^^^^^^^^^^^^^^^^^^^^^^^^^^^^
  File "/home/airflow/.local/lib/python3.12/site-packages/airflow/models/taskinstance.py", line 3182, in _execute_task
    return _execute_task(self, context, task_orig)
           ^^^^^^^^^^^^^^^^^^^^^^^^^^^^^^^^^^^^^^^
  File "/home/airflow/.local/lib/python3.12/site-packages/airflow/models/taskinstance.py", line 767, in _execute_task
    result = _execute_callable(context=context, **execute_callable_kwargs)
             ^^^^^^^^^^^^^^^^^^^^^^^^^^^^^^^^^^^^^^^^^^^^^^^^^^^^^^^^^^^^^
  File "/home/airflow/.local/lib/python3.12/site-packages/airflow/models/taskinstance.py", line 733, in _execute_callable
    return ExecutionCallableRunner(
           ^^^^^^^^^^^^^^^^^^^^^^^^
  File "/home/airflow/.local/lib/python3.12/site-packages/airflow/utils/operator_helpers.py", line 252, in run
    return self.func(*args, **kwargs)
           ^^^^^^^^^^^^^^^^^^^^^^^^^^
  File "/home/airflow/.local/lib/python3.12/site-packages/airflow/models/baseoperator.py", line 406, in wrapper
    return func(self, *args, **kwargs)
           ^^^^^^^^^^^^^^^^^^^^^^^^^^^
  File "/home/airflow/.local/lib/python3.12/site-packages/airflow/providers/apache/spark/operators/spark_submit.py", line 176, in execute
    self._hook.submit(self.application)
  File "/home/airflow/.local/lib/python3.12/site-packages/airflow/providers/apache/spark/hooks/spark_submit.py", line 560, in submit
    raise AirflowException(
airflow.exceptions.AirflowException: Cannot execute: spark-submit --master spark://spark:7077 --driver-class-path /opt/***/jars/postgresql-42.5.0.jar --jars /opt/***/jars/postgresql-42.5.0.jar --packages org.postgresql:postgresql:42.5.0 --name arrow-spark --deploy-mode client /opt/bitnami/spark/src/scripts_spark/LoadFileToDB.py. Error code is: 1.
[2024-11-01T13:37:59.609+0000] {local_task_job_runner.py:266} INFO - Task exited with return code 1
[2024-11-01T13:37:59.622+0000] {taskinstance.py:3900} INFO - 0 downstream tasks scheduled from follow-on schedule check
[2024-11-01T13:37:59.627+0000] {local_task_job_runner.py:245} INFO - ::endgroup::
