[2024-10-22T23:42:39.481+0000] {local_task_job_runner.py:123} INFO - ::group::Pre task execution logs
[2024-10-22T23:42:39.512+0000] {taskinstance.py:2612} INFO - Dependencies all met for dep_context=non-requeueable deps ti=<TaskInstance: pipeline_webscraping.Check_for_file_pichau manual__2024-10-22T23:34:28.332196+00:00 [queued]>
[2024-10-22T23:42:39.529+0000] {taskinstance.py:2612} INFO - Dependencies all met for dep_context=requeueable deps ti=<TaskInstance: pipeline_webscraping.Check_for_file_pichau manual__2024-10-22T23:34:28.332196+00:00 [queued]>
[2024-10-22T23:42:39.530+0000] {taskinstance.py:2865} INFO - Starting attempt 1 of 1
[2024-10-22T23:42:39.557+0000] {taskinstance.py:2888} INFO - Executing <Task(OperatorFileSensor): Check_for_file_pichau> on 2024-10-22 23:34:28.332196+00:00
[2024-10-22T23:42:39.569+0000] {warnings.py:112} WARNING - /home/***/.local/lib/python3.12/site-packages/***/task/task_runner/standard_task_runner.py:70: DeprecationWarning: This process (pid=1260) is multi-threaded, use of fork() may lead to deadlocks in the child.
  pid = os.fork()

[2024-10-22T23:42:39.570+0000] {standard_task_runner.py:72} INFO - Started process 1270 to run task
[2024-10-22T23:42:39.571+0000] {standard_task_runner.py:104} INFO - Running: ['***', 'tasks', 'run', 'pipeline_webscraping', 'Check_for_file_pichau', 'manual__2024-10-22T23:34:28.332196+00:00', '--job-id', '394', '--raw', '--subdir', 'DAGS_FOLDER/DagWebScraping.py', '--cfg-path', '/tmp/tmp2ls1p3us']
[2024-10-22T23:42:39.573+0000] {standard_task_runner.py:105} INFO - Job 394: Subtask Check_for_file_pichau
[2024-10-22T23:42:39.662+0000] {task_command.py:467} INFO - Running <TaskInstance: pipeline_webscraping.Check_for_file_pichau manual__2024-10-22T23:34:28.332196+00:00 [running]> on host e2c3a206786d
[2024-10-22T23:42:39.813+0000] {taskinstance.py:3131} INFO - Exporting env vars: AIRFLOW_CTX_DAG_OWNER='***' AIRFLOW_CTX_DAG_ID='pipeline_webscraping' AIRFLOW_CTX_TASK_ID='Check_for_file_pichau' AIRFLOW_CTX_EXECUTION_DATE='2024-10-22T23:34:28.332196+00:00' AIRFLOW_CTX_TRY_NUMBER='1' AIRFLOW_CTX_DAG_RUN_ID='manual__2024-10-22T23:34:28.332196+00:00'
[2024-10-22T23:42:39.816+0000] {taskinstance.py:731} INFO - ::endgroup::
[2024-10-22T23:42:39.855+0000] {baseoperator.py:405} WARNING - OperatorFileSensor.execute cannot be called outside TaskInstance!
[2024-10-22T23:42:39.942+0000] {base.py:336} INFO - Success criteria met. Exiting.
[2024-10-22T23:42:40.008+0000] {taskinstance.py:340} INFO - ::group::Post task execution logs
[2024-10-22T23:42:40.009+0000] {taskinstance.py:352} INFO - Marking task as SUCCESS. dag_id=pipeline_webscraping, task_id=Check_for_file_pichau, run_id=manual__2024-10-22T23:34:28.332196+00:00, execution_date=20241022T233428, start_date=20241022T234239, end_date=20241022T234240
[2024-10-22T23:42:40.075+0000] {local_task_job_runner.py:266} INFO - Task exited with return code 0
[2024-10-22T23:42:40.131+0000] {taskinstance.py:3900} INFO - 0 downstream tasks scheduled from follow-on schedule check
[2024-10-22T23:42:40.171+0000] {local_task_job_runner.py:245} INFO - ::endgroup::
