[2024-10-17T23:17:41.560+0000] {local_task_job_runner.py:123} INFO - ::group::Pre task execution logs
[2024-10-17T23:17:41.575+0000] {taskinstance.py:2612} INFO - Dependencies all met for dep_context=non-requeueable deps ti=<TaskInstance: LoadWebScraping.spark_job manual__2024-10-17T23:17:40.432035+00:00 [queued]>
[2024-10-17T23:17:41.585+0000] {taskinstance.py:2612} INFO - Dependencies all met for dep_context=requeueable deps ti=<TaskInstance: LoadWebScraping.spark_job manual__2024-10-17T23:17:40.432035+00:00 [queued]>
[2024-10-17T23:17:41.586+0000] {taskinstance.py:2865} INFO - Starting attempt 1 of 1
[2024-10-17T23:17:41.602+0000] {taskinstance.py:2888} INFO - Executing <Task(SparkSubmitOperator): spark_job> on 2024-10-17 23:17:40.432035+00:00
[2024-10-17T23:17:41.608+0000] {warnings.py:112} WARNING - /home/***/.local/lib/python3.12/site-packages/***/task/task_runner/standard_task_runner.py:70: DeprecationWarning: This process (pid=13374) is multi-threaded, use of fork() may lead to deadlocks in the child.
  pid = os.fork()

[2024-10-17T23:17:41.611+0000] {standard_task_runner.py:104} INFO - Running: ['***', 'tasks', 'run', 'LoadWebScraping', 'spark_job', 'manual__2024-10-17T23:17:40.432035+00:00', '--job-id', '203', '--raw', '--subdir', 'DAGS_FOLDER/LoadWebScraping.py', '--cfg-path', '/tmp/tmprgfhwqtq']
[2024-10-17T23:17:41.664+0000] {standard_task_runner.py:72} INFO - Started process 13377 to run task
[2024-10-17T23:17:41.665+0000] {standard_task_runner.py:105} INFO - Job 203: Subtask spark_job
[2024-10-17T23:17:41.717+0000] {task_command.py:467} INFO - Running <TaskInstance: LoadWebScraping.spark_job manual__2024-10-17T23:17:40.432035+00:00 [running]> on host cc66b6895e01
[2024-10-17T23:17:41.965+0000] {taskinstance.py:3131} INFO - Exporting env vars: AIRFLOW_CTX_DAG_OWNER='***' AIRFLOW_CTX_DAG_ID='LoadWebScraping' AIRFLOW_CTX_TASK_ID='spark_job' AIRFLOW_CTX_EXECUTION_DATE='2024-10-17T23:17:40.432035+00:00' AIRFLOW_CTX_TRY_NUMBER='1' AIRFLOW_CTX_DAG_RUN_ID='manual__2024-10-17T23:17:40.432035+00:00'
[2024-10-17T23:17:41.965+0000] {taskinstance.py:731} INFO - ::endgroup::
[2024-10-17T23:17:41.983+0000] {spark_submit.py:304} INFO - Could not load connection string spark_default, defaulting to yarn
[2024-10-17T23:17:41.985+0000] {spark_submit.py:473} INFO - Spark-Submit cmd: spark-submit --master yarn --driver-class-path /opt/***/jars/postgresql-42.5.0.jar --jars /opt/***/jars/postgresql-42.5.0.jar --packages org.postgresql:postgresql:42.5.0 --name arrow-spark /opt/bitnami/spark/src/scripts_spark/LoadFileToDB.py
[2024-10-17T23:17:43.573+0000] {spark_submit.py:634} INFO - :: loading settings :: url = jar:file:/home/***/.local/lib/python3.12/site-packages/pyspark/jars/ivy-2.5.1.jar!/org/apache/ivy/core/settings/ivysettings.xml
[2024-10-17T23:17:43.649+0000] {spark_submit.py:634} INFO - Ivy Default Cache set to: /home/***/.ivy2/cache
[2024-10-17T23:17:43.650+0000] {spark_submit.py:634} INFO - The jars for the packages stored in: /home/***/.ivy2/jars
[2024-10-17T23:17:43.660+0000] {spark_submit.py:634} INFO - org.postgresql#postgresql added as a dependency
[2024-10-17T23:17:43.662+0000] {spark_submit.py:634} INFO - :: resolving dependencies :: org.apache.spark#spark-submit-parent-aa8410b8-74ec-47d3-a49c-1facf9764da8;1.0
[2024-10-17T23:17:43.663+0000] {spark_submit.py:634} INFO - confs: [default]
[2024-10-17T23:17:43.794+0000] {spark_submit.py:634} INFO - found org.postgresql#postgresql;42.5.0 in central
[2024-10-17T23:17:43.820+0000] {spark_submit.py:634} INFO - found org.checkerframework#checker-qual;3.5.0 in central
[2024-10-17T23:17:43.835+0000] {spark_submit.py:634} INFO - :: resolution report :: resolve 169ms :: artifacts dl 6ms
[2024-10-17T23:17:43.847+0000] {spark_submit.py:634} INFO - :: modules in use:
[2024-10-17T23:17:43.848+0000] {spark_submit.py:634} INFO - org.checkerframework#checker-qual;3.5.0 from central in [default]
[2024-10-17T23:17:43.849+0000] {spark_submit.py:634} INFO - org.postgresql#postgresql;42.5.0 from central in [default]
[2024-10-17T23:17:43.849+0000] {spark_submit.py:634} INFO - ---------------------------------------------------------------------
[2024-10-17T23:17:43.850+0000] {spark_submit.py:634} INFO - |                  |            modules            ||   artifacts   |
[2024-10-17T23:17:43.850+0000] {spark_submit.py:634} INFO - |       conf       | number| search|dwnlded|evicted|| number|dwnlded|
[2024-10-17T23:17:43.853+0000] {spark_submit.py:634} INFO - ---------------------------------------------------------------------
[2024-10-17T23:17:43.854+0000] {spark_submit.py:634} INFO - |      default     |   2   |   0   |   0   |   0   ||   2   |   0   |
[2024-10-17T23:17:43.854+0000] {spark_submit.py:634} INFO - ---------------------------------------------------------------------
[2024-10-17T23:17:43.855+0000] {spark_submit.py:634} INFO - :: retrieving :: org.apache.spark#spark-submit-parent-aa8410b8-74ec-47d3-a49c-1facf9764da8
[2024-10-17T23:17:43.856+0000] {spark_submit.py:634} INFO - confs: [default]
[2024-10-17T23:17:43.856+0000] {spark_submit.py:634} INFO - 0 artifacts copied, 2 already retrieved (0kB/11ms)
[2024-10-17T23:17:44.037+0000] {spark_submit.py:634} INFO - 24/10/17 23:17:44 WARN NativeCodeLoader: Unable to load native-hadoop library for your platform... using builtin-java classes where applicable
[2024-10-17T23:17:45.421+0000] {spark_submit.py:634} INFO - 24/10/17 23:17:45 INFO SparkContext: Running Spark version 3.5.2
[2024-10-17T23:17:45.422+0000] {spark_submit.py:634} INFO - 24/10/17 23:17:45 INFO SparkContext: OS info Linux, 5.15.153.1-microsoft-standard-WSL2, amd64
[2024-10-17T23:17:45.423+0000] {spark_submit.py:634} INFO - 24/10/17 23:17:45 INFO SparkContext: Java version 17.0.12
[2024-10-17T23:17:45.443+0000] {spark_submit.py:634} INFO - 24/10/17 23:17:45 INFO ResourceUtils: ==============================================================
[2024-10-17T23:17:45.445+0000] {spark_submit.py:634} INFO - 24/10/17 23:17:45 INFO ResourceUtils: No custom resources configured for spark.driver.
[2024-10-17T23:17:45.445+0000] {spark_submit.py:634} INFO - 24/10/17 23:17:45 INFO ResourceUtils: ==============================================================
[2024-10-17T23:17:45.446+0000] {spark_submit.py:634} INFO - 24/10/17 23:17:45 INFO SparkContext: Submitted application: Exemplo
[2024-10-17T23:17:45.468+0000] {spark_submit.py:634} INFO - 24/10/17 23:17:45 INFO ResourceProfile: Default ResourceProfile created, executor resources: Map(cores -> name: cores, amount: 1, script: , vendor: , memory -> name: memory, amount: 1024, script: , vendor: , offHeap -> name: offHeap, amount: 0, script: , vendor: ), task resources: Map(cpus -> name: cpus, amount: 1.0)
[2024-10-17T23:17:45.479+0000] {spark_submit.py:634} INFO - 24/10/17 23:17:45 INFO ResourceProfile: Limiting resource is cpu
[2024-10-17T23:17:45.480+0000] {spark_submit.py:634} INFO - 24/10/17 23:17:45 INFO ResourceProfileManager: Added ResourceProfile id: 0
[2024-10-17T23:17:45.527+0000] {spark_submit.py:634} INFO - 24/10/17 23:17:45 INFO SecurityManager: Changing view acls to: ***
[2024-10-17T23:17:45.528+0000] {spark_submit.py:634} INFO - 24/10/17 23:17:45 INFO SecurityManager: Changing modify acls to: ***
[2024-10-17T23:17:45.528+0000] {spark_submit.py:634} INFO - 24/10/17 23:17:45 INFO SecurityManager: Changing view acls groups to:
[2024-10-17T23:17:45.529+0000] {spark_submit.py:634} INFO - 24/10/17 23:17:45 INFO SecurityManager: Changing modify acls groups to:
[2024-10-17T23:17:45.529+0000] {spark_submit.py:634} INFO - 24/10/17 23:17:45 INFO SecurityManager: SecurityManager: authentication disabled; ui acls disabled; users with view permissions: ***; groups with view permissions: EMPTY; users with modify permissions: ***; groups with modify permissions: EMPTY
[2024-10-17T23:17:45.708+0000] {spark_submit.py:634} INFO - 24/10/17 23:17:45 INFO Utils: Successfully started service 'sparkDriver' on port 32895.
[2024-10-17T23:17:45.738+0000] {spark_submit.py:634} INFO - 24/10/17 23:17:45 INFO SparkEnv: Registering MapOutputTracker
[2024-10-17T23:17:45.772+0000] {spark_submit.py:634} INFO - 24/10/17 23:17:45 INFO SparkEnv: Registering BlockManagerMaster
[2024-10-17T23:17:45.786+0000] {spark_submit.py:634} INFO - 24/10/17 23:17:45 INFO BlockManagerMasterEndpoint: Using org.apache.spark.storage.DefaultTopologyMapper for getting topology information
[2024-10-17T23:17:45.787+0000] {spark_submit.py:634} INFO - 24/10/17 23:17:45 INFO BlockManagerMasterEndpoint: BlockManagerMasterEndpoint up
[2024-10-17T23:17:45.791+0000] {spark_submit.py:634} INFO - 24/10/17 23:17:45 INFO SparkEnv: Registering BlockManagerMasterHeartbeat
[2024-10-17T23:17:45.813+0000] {spark_submit.py:634} INFO - 24/10/17 23:17:45 INFO DiskBlockManager: Created local directory at /tmp/blockmgr-4a940114-aff5-4680-ada7-37ac2763f508
[2024-10-17T23:17:45.827+0000] {spark_submit.py:634} INFO - 24/10/17 23:17:45 INFO MemoryStore: MemoryStore started with capacity 434.4 MiB
[2024-10-17T23:17:45.844+0000] {spark_submit.py:634} INFO - 24/10/17 23:17:45 INFO SparkEnv: Registering OutputCommitCoordinator
[2024-10-17T23:17:45.953+0000] {spark_submit.py:634} INFO - 24/10/17 23:17:45 INFO JettyUtils: Start Jetty 0.0.0.0:4040 for SparkUI
[2024-10-17T23:17:46.005+0000] {spark_submit.py:634} INFO - 24/10/17 23:17:46 INFO Utils: Successfully started service 'SparkUI' on port 4040.
[2024-10-17T23:17:46.035+0000] {spark_submit.py:634} INFO - 24/10/17 23:17:46 INFO SparkContext: Added JAR /opt/bitnami/spark/jars/postgresql-42.5.0.jar at spark://cc66b6895e01:32895/jars/postgresql-42.5.0.jar with timestamp 1729207065416
[2024-10-17T23:17:46.080+0000] {spark_submit.py:634} INFO - 24/10/17 23:17:46 INFO Executor: Starting executor ID driver on host cc66b6895e01
[2024-10-17T23:17:46.081+0000] {spark_submit.py:634} INFO - 24/10/17 23:17:46 INFO Executor: OS info Linux, 5.15.153.1-microsoft-standard-WSL2, amd64
[2024-10-17T23:17:46.081+0000] {spark_submit.py:634} INFO - 24/10/17 23:17:46 INFO Executor: Java version 17.0.12
[2024-10-17T23:17:46.086+0000] {spark_submit.py:634} INFO - 24/10/17 23:17:46 INFO Executor: Starting executor with user classpath (userClassPathFirst = false): ''
[2024-10-17T23:17:46.087+0000] {spark_submit.py:634} INFO - 24/10/17 23:17:46 INFO Executor: Created or updated repl class loader org.apache.spark.util.MutableURLClassLoader@11cf427d for default.
[2024-10-17T23:17:46.096+0000] {spark_submit.py:634} INFO - 24/10/17 23:17:46 INFO Executor: Fetching spark://cc66b6895e01:32895/jars/postgresql-42.5.0.jar with timestamp 1729207065416
[2024-10-17T23:17:46.133+0000] {spark_submit.py:634} INFO - 24/10/17 23:17:46 INFO TransportClientFactory: Successfully created connection to cc66b6895e01/172.18.0.4:32895 after 19 ms (0 ms spent in bootstraps)
[2024-10-17T23:17:46.137+0000] {spark_submit.py:634} INFO - 24/10/17 23:17:46 INFO Utils: Fetching spark://cc66b6895e01:32895/jars/postgresql-42.5.0.jar to /tmp/spark-6815d6d5-9c20-44ed-adad-b7104e8b9879/userFiles-10e7d0cf-0db5-4143-a82c-5acab3dfb981/fetchFileTemp11907377609179055637.tmp
[2024-10-17T23:17:46.163+0000] {spark_submit.py:634} INFO - 24/10/17 23:17:46 INFO Executor: Adding file:/tmp/spark-6815d6d5-9c20-44ed-adad-b7104e8b9879/userFiles-10e7d0cf-0db5-4143-a82c-5acab3dfb981/postgresql-42.5.0.jar to class loader default
[2024-10-17T23:17:46.169+0000] {spark_submit.py:634} INFO - 24/10/17 23:17:46 INFO Utils: Successfully started service 'org.apache.spark.network.netty.NettyBlockTransferService' on port 33275.
[2024-10-17T23:17:46.170+0000] {spark_submit.py:634} INFO - 24/10/17 23:17:46 INFO NettyBlockTransferService: Server created on cc66b6895e01:33275
[2024-10-17T23:17:46.171+0000] {spark_submit.py:634} INFO - 24/10/17 23:17:46 INFO BlockManager: Using org.apache.spark.storage.RandomBlockReplicationPolicy for block replication policy
[2024-10-17T23:17:46.175+0000] {spark_submit.py:634} INFO - 24/10/17 23:17:46 INFO BlockManagerMaster: Registering BlockManager BlockManagerId(driver, cc66b6895e01, 33275, None)
[2024-10-17T23:17:46.178+0000] {spark_submit.py:634} INFO - 24/10/17 23:17:46 INFO BlockManagerMasterEndpoint: Registering block manager cc66b6895e01:33275 with 434.4 MiB RAM, BlockManagerId(driver, cc66b6895e01, 33275, None)
[2024-10-17T23:17:46.179+0000] {spark_submit.py:634} INFO - 24/10/17 23:17:46 INFO BlockManagerMaster: Registered BlockManager BlockManagerId(driver, cc66b6895e01, 33275, None)
[2024-10-17T23:17:46.180+0000] {spark_submit.py:634} INFO - 24/10/17 23:17:46 INFO BlockManager: Initialized BlockManager: BlockManagerId(driver, cc66b6895e01, 33275, None)
[2024-10-17T23:17:46.474+0000] {spark_submit.py:634} INFO - 24/10/17 23:17:46 INFO SharedState: Setting hive.metastore.warehouse.dir ('null') to the value of spark.sql.warehouse.dir.
[2024-10-17T23:17:46.476+0000] {spark_submit.py:634} INFO - 24/10/17 23:17:46 INFO SharedState: Warehouse path is 'file:/opt/***/spark-warehouse'.
[2024-10-17T23:17:47.260+0000] {spark_submit.py:634} INFO - 24/10/17 23:17:47 INFO InMemoryFileIndex: It took 104 ms to list leaf files for 2 paths.
[2024-10-17T23:17:47.578+0000] {spark_submit.py:634} INFO - 24/10/17 23:17:47 INFO SparkContext: Starting job: parquet at NativeMethodAccessorImpl.java:0
[2024-10-17T23:17:47.591+0000] {spark_submit.py:634} INFO - 24/10/17 23:17:47 INFO DAGScheduler: Got job 0 (parquet at NativeMethodAccessorImpl.java:0) with 1 output partitions
[2024-10-17T23:17:47.591+0000] {spark_submit.py:634} INFO - 24/10/17 23:17:47 INFO DAGScheduler: Final stage: ResultStage 0 (parquet at NativeMethodAccessorImpl.java:0)
[2024-10-17T23:17:47.592+0000] {spark_submit.py:634} INFO - 24/10/17 23:17:47 INFO DAGScheduler: Parents of final stage: List()
[2024-10-17T23:17:47.592+0000] {spark_submit.py:634} INFO - 24/10/17 23:17:47 INFO DAGScheduler: Missing parents: List()
[2024-10-17T23:17:47.595+0000] {spark_submit.py:634} INFO - 24/10/17 23:17:47 INFO DAGScheduler: Submitting ResultStage 0 (MapPartitionsRDD[1] at parquet at NativeMethodAccessorImpl.java:0), which has no missing parents
[2024-10-17T23:17:47.645+0000] {spark_submit.py:634} INFO - 24/10/17 23:17:47 INFO MemoryStore: Block broadcast_0 stored as values in memory (estimated size 104.5 KiB, free 434.3 MiB)
[2024-10-17T23:17:47.668+0000] {spark_submit.py:634} INFO - 24/10/17 23:17:47 INFO MemoryStore: Block broadcast_0_piece0 stored as bytes in memory (estimated size 37.7 KiB, free 434.3 MiB)
[2024-10-17T23:17:47.671+0000] {spark_submit.py:634} INFO - 24/10/17 23:17:47 INFO BlockManagerInfo: Added broadcast_0_piece0 in memory on cc66b6895e01:33275 (size: 37.7 KiB, free: 434.4 MiB)
[2024-10-17T23:17:47.675+0000] {spark_submit.py:634} INFO - 24/10/17 23:17:47 INFO SparkContext: Created broadcast 0 from broadcast at DAGScheduler.scala:1585
[2024-10-17T23:17:47.690+0000] {spark_submit.py:634} INFO - 24/10/17 23:17:47 INFO DAGScheduler: Submitting 1 missing tasks from ResultStage 0 (MapPartitionsRDD[1] at parquet at NativeMethodAccessorImpl.java:0) (first 15 tasks are for partitions Vector(0))
[2024-10-17T23:17:47.691+0000] {spark_submit.py:634} INFO - 24/10/17 23:17:47 INFO TaskSchedulerImpl: Adding task set 0.0 with 1 tasks resource profile 0
[2024-10-17T23:17:47.733+0000] {spark_submit.py:634} INFO - 24/10/17 23:17:47 INFO TaskSetManager: Starting task 0.0 in stage 0.0 (TID 0) (cc66b6895e01, executor driver, partition 0, PROCESS_LOCAL, 9381 bytes)
[2024-10-17T23:17:47.744+0000] {spark_submit.py:634} INFO - 24/10/17 23:17:47 INFO Executor: Running task 0.0 in stage 0.0 (TID 0)
[2024-10-17T23:17:48.111+0000] {spark_submit.py:634} INFO - 24/10/17 23:17:48 INFO Executor: Finished task 0.0 in stage 0.0 (TID 0). 2162 bytes result sent to driver
[2024-10-17T23:17:48.125+0000] {spark_submit.py:634} INFO - 24/10/17 23:17:48 INFO TaskSetManager: Finished task 0.0 in stage 0.0 (TID 0) in 409 ms on cc66b6895e01 (executor driver) (1/1)
[2024-10-17T23:17:48.127+0000] {spark_submit.py:634} INFO - 24/10/17 23:17:48 INFO TaskSchedulerImpl: Removed TaskSet 0.0, whose tasks have all completed, from pool
[2024-10-17T23:17:48.130+0000] {spark_submit.py:634} INFO - 24/10/17 23:17:48 INFO DAGScheduler: ResultStage 0 (parquet at NativeMethodAccessorImpl.java:0) finished in 0.526 s
[2024-10-17T23:17:48.133+0000] {spark_submit.py:634} INFO - 24/10/17 23:17:48 INFO DAGScheduler: Job 0 is finished. Cancelling potential speculative or zombie tasks for this job
[2024-10-17T23:17:48.133+0000] {spark_submit.py:634} INFO - 24/10/17 23:17:48 INFO TaskSchedulerImpl: Killing all running tasks in stage 0: Stage finished
[2024-10-17T23:17:48.135+0000] {spark_submit.py:634} INFO - 24/10/17 23:17:48 INFO DAGScheduler: Job 0 finished: parquet at NativeMethodAccessorImpl.java:0, took 0.555900 s
[2024-10-17T23:17:48.881+0000] {spark_submit.py:634} INFO - 24/10/17 23:17:48 INFO BlockManagerInfo: Removed broadcast_0_piece0 on cc66b6895e01:33275 in memory (size: 37.7 KiB, free: 434.4 MiB)
[2024-10-17T23:17:49.351+0000] {spark_submit.py:634} INFO - 24/10/17 23:17:49 INFO FileSourceStrategy: Pushed Filters: IsNotNull(marca)
[2024-10-17T23:17:49.353+0000] {spark_submit.py:634} INFO - 24/10/17 23:17:49 INFO FileSourceStrategy: Post-Scan Filters: isnotnull(marca#0)
[2024-10-17T23:17:49.820+0000] {spark_submit.py:634} INFO - 24/10/17 23:17:49 INFO CodeGenerator: Code generated in 185.235967 ms
[2024-10-17T23:17:49.837+0000] {spark_submit.py:634} INFO - 24/10/17 23:17:49 INFO MemoryStore: Block broadcast_1 stored as values in memory (estimated size 203.4 KiB, free 434.2 MiB)
[2024-10-17T23:17:49.846+0000] {spark_submit.py:634} INFO - 24/10/17 23:17:49 INFO MemoryStore: Block broadcast_1_piece0 stored as bytes in memory (estimated size 35.7 KiB, free 434.2 MiB)
[2024-10-17T23:17:49.847+0000] {spark_submit.py:634} INFO - 24/10/17 23:17:49 INFO BlockManagerInfo: Added broadcast_1_piece0 in memory on cc66b6895e01:33275 (size: 35.7 KiB, free: 434.4 MiB)
[2024-10-17T23:17:49.847+0000] {spark_submit.py:634} INFO - 24/10/17 23:17:49 INFO SparkContext: Created broadcast 1 from $anonfun$withThreadLocalCaptured$1 at FutureTask.java:264
[2024-10-17T23:17:49.857+0000] {spark_submit.py:634} INFO - 24/10/17 23:17:49 INFO FileSourceScanExec: Planning scan with bin packing, max size: 8419556 bytes, open cost is considered as scanning 4194304 bytes.
[2024-10-17T23:17:49.915+0000] {spark_submit.py:634} INFO - 24/10/17 23:17:49 INFO SparkContext: Starting job: $anonfun$withThreadLocalCaptured$1 at FutureTask.java:264
[2024-10-17T23:17:49.916+0000] {spark_submit.py:634} INFO - 24/10/17 23:17:49 INFO DAGScheduler: Got job 1 ($anonfun$withThreadLocalCaptured$1 at FutureTask.java:264) with 1 output partitions
[2024-10-17T23:17:49.917+0000] {spark_submit.py:634} INFO - 24/10/17 23:17:49 INFO DAGScheduler: Final stage: ResultStage 1 ($anonfun$withThreadLocalCaptured$1 at FutureTask.java:264)
[2024-10-17T23:17:49.917+0000] {spark_submit.py:634} INFO - 24/10/17 23:17:49 INFO DAGScheduler: Parents of final stage: List()
[2024-10-17T23:17:49.916+0000] {spark_submit.py:634} INFO - 24/10/17 23:17:49 INFO DAGScheduler: Missing parents: List()
[2024-10-17T23:17:49.917+0000] {spark_submit.py:634} INFO - 24/10/17 23:17:49 INFO DAGScheduler: Submitting ResultStage 1 (MapPartitionsRDD[6] at $anonfun$withThreadLocalCaptured$1 at FutureTask.java:264), which has no missing parents
[2024-10-17T23:17:49.921+0000] {spark_submit.py:634} INFO - 24/10/17 23:17:49 INFO MemoryStore: Block broadcast_2 stored as values in memory (estimated size 18.9 KiB, free 434.1 MiB)
[2024-10-17T23:17:49.922+0000] {spark_submit.py:634} INFO - 24/10/17 23:17:49 INFO MemoryStore: Block broadcast_2_piece0 stored as bytes in memory (estimated size 7.4 KiB, free 434.1 MiB)
[2024-10-17T23:17:49.924+0000] {spark_submit.py:634} INFO - 24/10/17 23:17:49 INFO BlockManagerInfo: Added broadcast_2_piece0 in memory on cc66b6895e01:33275 (size: 7.4 KiB, free: 434.4 MiB)
[2024-10-17T23:17:49.925+0000] {spark_submit.py:634} INFO - 24/10/17 23:17:49 INFO SparkContext: Created broadcast 2 from broadcast at DAGScheduler.scala:1585
[2024-10-17T23:17:49.926+0000] {spark_submit.py:634} INFO - 24/10/17 23:17:49 INFO DAGScheduler: Submitting 1 missing tasks from ResultStage 1 (MapPartitionsRDD[6] at $anonfun$withThreadLocalCaptured$1 at FutureTask.java:264) (first 15 tasks are for partitions Vector(0))
[2024-10-17T23:17:49.926+0000] {spark_submit.py:634} INFO - 24/10/17 23:17:49 INFO TaskSchedulerImpl: Adding task set 1.0 with 1 tasks resource profile 0
[2024-10-17T23:17:49.929+0000] {spark_submit.py:634} INFO - 24/10/17 23:17:49 INFO TaskSetManager: Starting task 0.0 in stage 1.0 (TID 1) (cc66b6895e01, executor driver, partition 0, PROCESS_LOCAL, 10092 bytes)
[2024-10-17T23:17:49.930+0000] {spark_submit.py:634} INFO - 24/10/17 23:17:49 INFO Executor: Running task 0.0 in stage 1.0 (TID 1)
[2024-10-17T23:17:49.998+0000] {spark_submit.py:634} INFO - 24/10/17 23:17:49 INFO CodeGenerator: Code generated in 27.770894 ms
[2024-10-17T23:17:50.001+0000] {spark_submit.py:634} INFO - 24/10/17 23:17:50 INFO FileScanRDD: Reading File path: file:///opt/***/datalake/silverzone/kabum_2024-10-17/processador_k.parquet/part-00000-47b9b13b-a3f8-4226-ba5c-ada833149250-c000.snappy.parquet, range: 0-24464, partition values: [empty row]
[2024-10-17T23:17:50.106+0000] {spark_submit.py:634} INFO - 24/10/17 23:17:50 INFO FilterCompat: Filtering using predicate: noteq(marca, null)
[2024-10-17T23:17:50.201+0000] {spark_submit.py:634} INFO - 24/10/17 23:17:50 INFO CodecPool: Got brand-new decompressor [.snappy]
[2024-10-17T23:17:50.324+0000] {spark_submit.py:634} INFO - 24/10/17 23:17:50 INFO FileScanRDD: Reading File path: file:///opt/***/datalake/silverzone/pichau_2024-10-17/processador_k.parquet/part-00000-ee783f18-6a3c-469d-9a68-55ec9419006e-c000.snappy.parquet, range: 0-6484, partition values: [empty row]
[2024-10-17T23:17:50.376+0000] {spark_submit.py:634} INFO - 24/10/17 23:17:50 INFO FilterCompat: Filtering using predicate: noteq(marca, null)
[2024-10-17T23:17:50.393+0000] {spark_submit.py:634} INFO - 24/10/17 23:17:50 INFO Executor: Finished task 0.0 in stage 1.0 (TID 1). 39261 bytes result sent to driver
[2024-10-17T23:17:50.395+0000] {spark_submit.py:634} INFO - 24/10/17 23:17:50 INFO TaskSetManager: Finished task 0.0 in stage 1.0 (TID 1) in 468 ms on cc66b6895e01 (executor driver) (1/1)
[2024-10-17T23:17:50.396+0000] {spark_submit.py:634} INFO - 24/10/17 23:17:50 INFO TaskSchedulerImpl: Removed TaskSet 1.0, whose tasks have all completed, from pool
[2024-10-17T23:17:50.397+0000] {spark_submit.py:634} INFO - 24/10/17 23:17:50 INFO DAGScheduler: ResultStage 1 ($anonfun$withThreadLocalCaptured$1 at FutureTask.java:264) finished in 0.478 s
[2024-10-17T23:17:50.397+0000] {spark_submit.py:634} INFO - 24/10/17 23:17:50 INFO DAGScheduler: Job 1 is finished. Cancelling potential speculative or zombie tasks for this job
[2024-10-17T23:17:50.398+0000] {spark_submit.py:634} INFO - 24/10/17 23:17:50 INFO TaskSchedulerImpl: Killing all running tasks in stage 1: Stage finished
[2024-10-17T23:17:50.399+0000] {spark_submit.py:634} INFO - 24/10/17 23:17:50 INFO DAGScheduler: Job 1 finished: $anonfun$withThreadLocalCaptured$1 at FutureTask.java:264, took 0.483228 s
[2024-10-17T23:17:50.422+0000] {spark_submit.py:634} INFO - 24/10/17 23:17:50 INFO CodeGenerator: Code generated in 8.502749 ms
[2024-10-17T23:17:50.432+0000] {spark_submit.py:634} INFO - 24/10/17 23:17:50 INFO BlockManagerInfo: Removed broadcast_2_piece0 on cc66b6895e01:33275 in memory (size: 7.4 KiB, free: 434.4 MiB)
[2024-10-17T23:17:50.440+0000] {spark_submit.py:634} INFO - 24/10/17 23:17:50 INFO MemoryStore: Block broadcast_3 stored as values in memory (estimated size 16.0 MiB, free 418.2 MiB)
[2024-10-17T23:17:50.460+0000] {spark_submit.py:634} INFO - 24/10/17 23:17:50 INFO MemoryStore: Block broadcast_3_piece0 stored as bytes in memory (estimated size 45.2 KiB, free 418.1 MiB)
[2024-10-17T23:17:50.461+0000] {spark_submit.py:634} INFO - 24/10/17 23:17:50 INFO BlockManagerInfo: Added broadcast_3_piece0 in memory on cc66b6895e01:33275 (size: 45.2 KiB, free: 434.3 MiB)
[2024-10-17T23:17:50.463+0000] {spark_submit.py:634} INFO - 24/10/17 23:17:50 INFO SparkContext: Created broadcast 3 from $anonfun$withThreadLocalCaptured$1 at FutureTask.java:264
[2024-10-17T23:17:50.569+0000] {spark_submit.py:634} INFO - 24/10/17 23:17:50 INFO CodeGenerator: Code generated in 23.634127 ms
[2024-10-17T23:17:50.581+0000] {spark_submit.py:634} INFO - 24/10/17 23:17:50 INFO SparkContext: Starting job: showString at NativeMethodAccessorImpl.java:0
[2024-10-17T23:17:50.582+0000] {spark_submit.py:634} INFO - 24/10/17 23:17:50 INFO DAGScheduler: Got job 2 (showString at NativeMethodAccessorImpl.java:0) with 1 output partitions
[2024-10-17T23:17:50.582+0000] {spark_submit.py:634} INFO - 24/10/17 23:17:50 INFO DAGScheduler: Final stage: ResultStage 2 (showString at NativeMethodAccessorImpl.java:0)
[2024-10-17T23:17:50.583+0000] {spark_submit.py:634} INFO - 24/10/17 23:17:50 INFO DAGScheduler: Parents of final stage: List()
[2024-10-17T23:17:50.583+0000] {spark_submit.py:634} INFO - 24/10/17 23:17:50 INFO DAGScheduler: Missing parents: List()
[2024-10-17T23:17:50.584+0000] {spark_submit.py:634} INFO - 24/10/17 23:17:50 INFO DAGScheduler: Submitting ResultStage 2 (MapPartitionsRDD[9] at showString at NativeMethodAccessorImpl.java:0), which has no missing parents
[2024-10-17T23:17:50.597+0000] {spark_submit.py:634} INFO - 24/10/17 23:17:50 INFO MemoryStore: Block broadcast_4 stored as values in memory (estimated size 17.3 KiB, free 418.1 MiB)
[2024-10-17T23:17:50.605+0000] {spark_submit.py:634} INFO - 24/10/17 23:17:50 INFO MemoryStore: Block broadcast_4_piece0 stored as bytes in memory (estimated size 8.2 KiB, free 418.1 MiB)
[2024-10-17T23:17:50.608+0000] {spark_submit.py:634} INFO - 24/10/17 23:17:50 INFO BlockManagerInfo: Added broadcast_4_piece0 in memory on cc66b6895e01:33275 (size: 8.2 KiB, free: 434.3 MiB)
[2024-10-17T23:17:50.610+0000] {spark_submit.py:634} INFO - 24/10/17 23:17:50 INFO SparkContext: Created broadcast 4 from broadcast at DAGScheduler.scala:1585
[2024-10-17T23:17:50.615+0000] {spark_submit.py:634} INFO - 24/10/17 23:17:50 INFO DAGScheduler: Submitting 1 missing tasks from ResultStage 2 (MapPartitionsRDD[9] at showString at NativeMethodAccessorImpl.java:0) (first 15 tasks are for partitions Vector(0))
[2024-10-17T23:17:50.616+0000] {spark_submit.py:634} INFO - 24/10/17 23:17:50 INFO TaskSchedulerImpl: Adding task set 2.0 with 1 tasks resource profile 0
[2024-10-17T23:17:50.618+0000] {spark_submit.py:634} INFO - 24/10/17 23:17:50 INFO TaskSetManager: Starting task 0.0 in stage 2.0 (TID 2) (cc66b6895e01, executor driver, partition 0, PROCESS_LOCAL, 9025 bytes)
[2024-10-17T23:17:50.618+0000] {spark_submit.py:634} INFO - 24/10/17 23:17:50 INFO Executor: Running task 0.0 in stage 2.0 (TID 2)
[2024-10-17T23:17:50.688+0000] {spark_submit.py:634} INFO - 24/10/17 23:17:50 INFO CodeGenerator: Code generated in 24.711396 ms
[2024-10-17T23:17:50.714+0000] {spark_submit.py:634} INFO - 24/10/17 23:17:50 INFO JDBCRDD: closed connection
[2024-10-17T23:17:50.717+0000] {spark_submit.py:634} INFO - 24/10/17 23:17:50 INFO Executor: Finished task 0.0 in stage 2.0 (TID 2). 3478 bytes result sent to driver
[2024-10-17T23:17:50.731+0000] {spark_submit.py:634} INFO - 24/10/17 23:17:50 INFO TaskSetManager: Finished task 0.0 in stage 2.0 (TID 2) in 119 ms on cc66b6895e01 (executor driver) (1/1)
[2024-10-17T23:17:50.732+0000] {spark_submit.py:634} INFO - 24/10/17 23:17:50 INFO TaskSchedulerImpl: Removed TaskSet 2.0, whose tasks have all completed, from pool
[2024-10-17T23:17:50.733+0000] {spark_submit.py:634} INFO - 24/10/17 23:17:50 INFO DAGScheduler: ResultStage 2 (showString at NativeMethodAccessorImpl.java:0) finished in 0.149 s
[2024-10-17T23:17:50.735+0000] {spark_submit.py:634} INFO - 24/10/17 23:17:50 INFO DAGScheduler: Job 2 is finished. Cancelling potential speculative or zombie tasks for this job
[2024-10-17T23:17:50.736+0000] {spark_submit.py:634} INFO - 24/10/17 23:17:50 INFO TaskSchedulerImpl: Killing all running tasks in stage 2: Stage finished
[2024-10-17T23:17:50.737+0000] {spark_submit.py:634} INFO - 24/10/17 23:17:50 INFO DAGScheduler: Job 2 finished: showString at NativeMethodAccessorImpl.java:0, took 0.154280 s
[2024-10-17T23:17:51.504+0000] {spark_submit.py:634} INFO - 24/10/17 23:17:51 INFO BlockManagerInfo: Removed broadcast_4_piece0 on cc66b6895e01:33275 in memory (size: 8.2 KiB, free: 434.3 MiB)
[2024-10-17T23:17:51.689+0000] {spark_submit.py:634} INFO - 24/10/17 23:17:51 INFO CodeGenerator: Code generated in 12.071579 ms
[2024-10-17T23:17:51.697+0000] {spark_submit.py:634} INFO - +----------+-------+--------------+-----+-------+--------------------+----------+--------------+----------+
[2024-10-17T23:17:51.697+0000] {spark_submit.py:634} INFO - |id_mark_fk|  model|frequency_base|cache|  value|                 uri|DATACOLECT|ID_CATEGORY_FK|ID_SITE_FK|
[2024-10-17T23:17:51.698+0000] {spark_submit.py:634} INFO - +----------+-------+--------------+-----+-------+--------------------+----------+--------------+----------+
[2024-10-17T23:17:51.698+0000] {spark_submit.py:634} INFO - |         1|RYZEN 3|           4.0|    8| 599.99|https://www.picha...|2024-10-17|             2|         2|
[2024-10-17T23:17:51.699+0000] {spark_submit.py:634} INFO - |         1|RYZEN 3|           4.2|    8| 639.99|https://www.kabum...|2024-10-17|             2|         1|
[2024-10-17T23:17:51.699+0000] {spark_submit.py:634} INFO - |         2|RYZEN 9|           3.4|   72|2799.99|https://www.kabum...|2024-10-17|             2|         1|
[2024-10-17T23:17:51.700+0000] {spark_submit.py:634} INFO - |         3|CORE I9|           3.2|   36|3778.99|https://www.picha...|2024-10-17|             2|         2|
[2024-10-17T23:17:51.701+0000] {spark_submit.py:634} INFO - |         3|CORE I9|           3.2|   36|3778.99|https://www.picha...|2024-10-17|             2|         2|
[2024-10-17T23:17:51.701+0000] {spark_submit.py:634} INFO - |         3|CORE I9|           5.8|   36|5389.36|https://www.kabum...|2024-10-17|             2|         1|
[2024-10-17T23:17:51.702+0000] {spark_submit.py:634} INFO - |         4|RYZEN 7|           4.2|  104|2999.99|https://www.picha...|2024-10-17|             2|         2|
[2024-10-17T23:17:51.702+0000] {spark_submit.py:634} INFO - |         4|RYZEN 7|           4.2|  104|2999.99|https://www.picha...|2024-10-17|             2|         2|
[2024-10-17T23:17:51.703+0000] {spark_submit.py:634} INFO - |         4|RYZEN 7|           4.2|  104|3535.86|https://www.kabum...|2024-10-17|             2|         1|
[2024-10-17T23:17:51.703+0000] {spark_submit.py:634} INFO - |         4|RYZEN 7|           4.2|    0|3329.90|https://www.kabum...|2024-10-17|             2|         1|
[2024-10-17T23:17:51.704+0000] {spark_submit.py:634} INFO - |         4|RYZEN 7|           4.2|  104|3069.00|https://www.kabum...|2024-10-17|             2|         1|
[2024-10-17T23:17:51.704+0000] {spark_submit.py:634} INFO - |         5|RYZEN 7|           4.2|   24|1899.99|https://www.picha...|2024-10-17|             2|         2|
[2024-10-17T23:17:51.705+0000] {spark_submit.py:634} INFO - |         5|RYZEN 7|           4.2|   24|2059.11|https://www.kabum...|2024-10-17|             2|         1|
[2024-10-17T23:17:51.705+0000] {spark_submit.py:634} INFO - |         5|RYZEN 7|           4.2|    8|1999.99|https://www.kabum...|2024-10-17|             2|         1|
[2024-10-17T23:17:51.706+0000] {spark_submit.py:634} INFO - |         6|CORE I7|           3.4|   33|2689.99|https://www.picha...|2024-10-17|             2|         2|
[2024-10-17T23:17:51.706+0000] {spark_submit.py:634} INFO - |         6|CORE I7|           3.4|   33|2689.99|https://www.picha...|2024-10-17|             2|         2|
[2024-10-17T23:17:51.706+0000] {spark_submit.py:634} INFO - |         6|CORE I7|           5.4|   33|2377.67|https://www.kabum...|2024-10-17|             2|         1|
[2024-10-17T23:17:51.707+0000] {spark_submit.py:634} INFO - |         8|RYZEN 7|           3.8|   40|1899.99|https://www.picha...|2024-10-17|             2|         2|
[2024-10-17T23:17:51.707+0000] {spark_submit.py:634} INFO - |         8|RYZEN 7|           3.8|   32|2199.00|https://www.kabum...|2024-10-17|             2|         1|
[2024-10-17T23:17:51.708+0000] {spark_submit.py:634} INFO - |         8|RYZEN 7|           5.3|   40|1999.99|https://www.kabum...|2024-10-17|             2|         1|
[2024-10-17T23:17:51.708+0000] {spark_submit.py:634} INFO - +----------+-------+--------------+-----+-------+--------------------+----------+--------------+----------+
[2024-10-17T23:17:51.708+0000] {spark_submit.py:634} INFO - only showing top 20 rows
[2024-10-17T23:17:51.709+0000] {spark_submit.py:634} INFO - 
[2024-10-17T23:17:51.868+0000] {spark_submit.py:634} INFO - 24/10/17 23:17:51 INFO FileSourceStrategy: Pushed Filters: IsNotNull(marca)
[2024-10-17T23:17:51.869+0000] {spark_submit.py:634} INFO - 24/10/17 23:17:51 INFO FileSourceStrategy: Post-Scan Filters: isnotnull(marca#0)
[2024-10-17T23:17:51.898+0000] {spark_submit.py:634} INFO - 24/10/17 23:17:51 INFO MemoryStore: Block broadcast_5 stored as values in memory (estimated size 203.4 KiB, free 417.9 MiB)
[2024-10-17T23:17:51.914+0000] {spark_submit.py:634} INFO - 24/10/17 23:17:51 INFO MemoryStore: Block broadcast_5_piece0 stored as bytes in memory (estimated size 35.7 KiB, free 417.9 MiB)
[2024-10-17T23:17:51.915+0000] {spark_submit.py:634} INFO - 24/10/17 23:17:51 INFO BlockManagerInfo: Added broadcast_5_piece0 in memory on cc66b6895e01:33275 (size: 35.7 KiB, free: 434.3 MiB)
[2024-10-17T23:17:51.917+0000] {spark_submit.py:634} INFO - 24/10/17 23:17:51 INFO SparkContext: Created broadcast 5 from $anonfun$withThreadLocalCaptured$1 at FutureTask.java:264
[2024-10-17T23:17:51.918+0000] {spark_submit.py:634} INFO - 24/10/17 23:17:51 INFO FileSourceScanExec: Planning scan with bin packing, max size: 8419556 bytes, open cost is considered as scanning 4194304 bytes.
[2024-10-17T23:17:51.932+0000] {spark_submit.py:634} INFO - 24/10/17 23:17:51 INFO SparkContext: Starting job: $anonfun$withThreadLocalCaptured$1 at FutureTask.java:264
[2024-10-17T23:17:51.935+0000] {spark_submit.py:634} INFO - 24/10/17 23:17:51 INFO DAGScheduler: Got job 3 ($anonfun$withThreadLocalCaptured$1 at FutureTask.java:264) with 1 output partitions
[2024-10-17T23:17:51.935+0000] {spark_submit.py:634} INFO - 24/10/17 23:17:51 INFO DAGScheduler: Final stage: ResultStage 3 ($anonfun$withThreadLocalCaptured$1 at FutureTask.java:264)
[2024-10-17T23:17:51.936+0000] {spark_submit.py:634} INFO - 24/10/17 23:17:51 INFO DAGScheduler: Parents of final stage: List()
[2024-10-17T23:17:51.936+0000] {spark_submit.py:634} INFO - 24/10/17 23:17:51 INFO DAGScheduler: Missing parents: List()
[2024-10-17T23:17:51.937+0000] {spark_submit.py:634} INFO - 24/10/17 23:17:51 INFO DAGScheduler: Submitting ResultStage 3 (MapPartitionsRDD[14] at $anonfun$withThreadLocalCaptured$1 at FutureTask.java:264), which has no missing parents
[2024-10-17T23:17:51.938+0000] {spark_submit.py:634} INFO - 24/10/17 23:17:51 INFO MemoryStore: Block broadcast_6 stored as values in memory (estimated size 18.9 KiB, free 417.9 MiB)
[2024-10-17T23:17:51.939+0000] {spark_submit.py:634} INFO - 24/10/17 23:17:51 INFO MemoryStore: Block broadcast_6_piece0 stored as bytes in memory (estimated size 7.4 KiB, free 417.8 MiB)
[2024-10-17T23:17:51.940+0000] {spark_submit.py:634} INFO - 24/10/17 23:17:51 INFO BlockManagerInfo: Added broadcast_6_piece0 in memory on cc66b6895e01:33275 (size: 7.4 KiB, free: 434.3 MiB)
[2024-10-17T23:17:51.941+0000] {spark_submit.py:634} INFO - 24/10/17 23:17:51 INFO SparkContext: Created broadcast 6 from broadcast at DAGScheduler.scala:1585
[2024-10-17T23:17:51.942+0000] {spark_submit.py:634} INFO - 24/10/17 23:17:51 INFO DAGScheduler: Submitting 1 missing tasks from ResultStage 3 (MapPartitionsRDD[14] at $anonfun$withThreadLocalCaptured$1 at FutureTask.java:264) (first 15 tasks are for partitions Vector(0))
[2024-10-17T23:17:51.943+0000] {spark_submit.py:634} INFO - 24/10/17 23:17:51 INFO TaskSchedulerImpl: Adding task set 3.0 with 1 tasks resource profile 0
[2024-10-17T23:17:51.944+0000] {spark_submit.py:634} INFO - 24/10/17 23:17:51 INFO TaskSetManager: Starting task 0.0 in stage 3.0 (TID 3) (cc66b6895e01, executor driver, partition 0, PROCESS_LOCAL, 10092 bytes)
[2024-10-17T23:17:51.950+0000] {spark_submit.py:634} INFO - 24/10/17 23:17:51 INFO Executor: Running task 0.0 in stage 3.0 (TID 3)
[2024-10-17T23:17:51.957+0000] {spark_submit.py:634} INFO - 24/10/17 23:17:51 INFO FileScanRDD: Reading File path: file:///opt/***/datalake/silverzone/kabum_2024-10-17/processador_k.parquet/part-00000-47b9b13b-a3f8-4226-ba5c-ada833149250-c000.snappy.parquet, range: 0-24464, partition values: [empty row]
[2024-10-17T23:17:52.014+0000] {spark_submit.py:634} INFO - 24/10/17 23:17:52 INFO FilterCompat: Filtering using predicate: noteq(marca, null)
[2024-10-17T23:17:52.045+0000] {spark_submit.py:634} INFO - 24/10/17 23:17:52 INFO FileScanRDD: Reading File path: file:///opt/***/datalake/silverzone/pichau_2024-10-17/processador_k.parquet/part-00000-ee783f18-6a3c-469d-9a68-55ec9419006e-c000.snappy.parquet, range: 0-6484, partition values: [empty row]
[2024-10-17T23:17:52.081+0000] {spark_submit.py:634} INFO - 24/10/17 23:17:52 INFO BlockManagerInfo: Removed broadcast_1_piece0 on cc66b6895e01:33275 in memory (size: 35.7 KiB, free: 434.3 MiB)
[2024-10-17T23:17:52.094+0000] {spark_submit.py:634} INFO - 24/10/17 23:17:52 INFO BlockManagerInfo: Removed broadcast_3_piece0 on cc66b6895e01:33275 in memory (size: 45.2 KiB, free: 434.4 MiB)
[2024-10-17T23:17:52.129+0000] {spark_submit.py:634} INFO - 24/10/17 23:17:52 INFO FilterCompat: Filtering using predicate: noteq(marca, null)
[2024-10-17T23:17:52.138+0000] {spark_submit.py:634} INFO - 24/10/17 23:17:52 INFO Executor: Finished task 0.0 in stage 3.0 (TID 3). 39218 bytes result sent to driver
[2024-10-17T23:17:52.139+0000] {spark_submit.py:634} INFO - 24/10/17 23:17:52 INFO TaskSetManager: Finished task 0.0 in stage 3.0 (TID 3) in 196 ms on cc66b6895e01 (executor driver) (1/1)
[2024-10-17T23:17:52.140+0000] {spark_submit.py:634} INFO - 24/10/17 23:17:52 INFO TaskSchedulerImpl: Removed TaskSet 3.0, whose tasks have all completed, from pool
[2024-10-17T23:17:52.141+0000] {spark_submit.py:634} INFO - 24/10/17 23:17:52 INFO DAGScheduler: ResultStage 3 ($anonfun$withThreadLocalCaptured$1 at FutureTask.java:264) finished in 0.206 s
[2024-10-17T23:17:52.141+0000] {spark_submit.py:634} INFO - 24/10/17 23:17:52 INFO DAGScheduler: Job 3 is finished. Cancelling potential speculative or zombie tasks for this job
[2024-10-17T23:17:52.141+0000] {spark_submit.py:634} INFO - 24/10/17 23:17:52 INFO TaskSchedulerImpl: Killing all running tasks in stage 3: Stage finished
[2024-10-17T23:17:52.142+0000] {spark_submit.py:634} INFO - 24/10/17 23:17:52 INFO DAGScheduler: Job 3 finished: $anonfun$withThreadLocalCaptured$1 at FutureTask.java:264, took 0.208954 s
[2024-10-17T23:17:52.149+0000] {spark_submit.py:634} INFO - 24/10/17 23:17:52 INFO MemoryStore: Block broadcast_7 stored as values in memory (estimated size 16.0 MiB, free 418.1 MiB)
[2024-10-17T23:17:52.151+0000] {spark_submit.py:634} INFO - 24/10/17 23:17:52 INFO MemoryStore: Block broadcast_7_piece0 stored as bytes in memory (estimated size 45.2 KiB, free 418.1 MiB)
[2024-10-17T23:17:52.153+0000] {spark_submit.py:634} INFO - 24/10/17 23:17:52 INFO BlockManagerInfo: Added broadcast_7_piece0 in memory on cc66b6895e01:33275 (size: 45.2 KiB, free: 434.3 MiB)
[2024-10-17T23:17:52.153+0000] {spark_submit.py:634} INFO - 24/10/17 23:17:52 INFO SparkContext: Created broadcast 7 from $anonfun$withThreadLocalCaptured$1 at FutureTask.java:264
[2024-10-17T23:17:52.183+0000] {spark_submit.py:634} INFO - 24/10/17 23:17:52 INFO CodeGenerator: Code generated in 11.743759 ms
[2024-10-17T23:17:52.220+0000] {spark_submit.py:634} INFO - 24/10/17 23:17:52 INFO SparkContext: Starting job: jdbc at NativeMethodAccessorImpl.java:0
[2024-10-17T23:17:52.221+0000] {spark_submit.py:634} INFO - 24/10/17 23:17:52 INFO DAGScheduler: Got job 4 (jdbc at NativeMethodAccessorImpl.java:0) with 1 output partitions
[2024-10-17T23:17:52.222+0000] {spark_submit.py:634} INFO - 24/10/17 23:17:52 INFO DAGScheduler: Final stage: ResultStage 4 (jdbc at NativeMethodAccessorImpl.java:0)
[2024-10-17T23:17:52.222+0000] {spark_submit.py:634} INFO - 24/10/17 23:17:52 INFO DAGScheduler: Parents of final stage: List()
[2024-10-17T23:17:52.223+0000] {spark_submit.py:634} INFO - 24/10/17 23:17:52 INFO DAGScheduler: Missing parents: List()
[2024-10-17T23:17:52.223+0000] {spark_submit.py:634} INFO - 24/10/17 23:17:52 INFO DAGScheduler: Submitting ResultStage 4 (MapPartitionsRDD[19] at jdbc at NativeMethodAccessorImpl.java:0), which has no missing parents
[2024-10-17T23:17:52.262+0000] {spark_submit.py:634} INFO - 24/10/17 23:17:52 INFO MemoryStore: Block broadcast_8 stored as values in memory (estimated size 47.4 KiB, free 418.0 MiB)
[2024-10-17T23:17:52.264+0000] {spark_submit.py:634} INFO - 24/10/17 23:17:52 INFO MemoryStore: Block broadcast_8_piece0 stored as bytes in memory (estimated size 21.6 KiB, free 418.0 MiB)
[2024-10-17T23:17:52.265+0000] {spark_submit.py:634} INFO - 24/10/17 23:17:52 INFO BlockManagerInfo: Added broadcast_8_piece0 in memory on cc66b6895e01:33275 (size: 21.6 KiB, free: 434.3 MiB)
[2024-10-17T23:17:52.266+0000] {spark_submit.py:634} INFO - 24/10/17 23:17:52 INFO SparkContext: Created broadcast 8 from broadcast at DAGScheduler.scala:1585
[2024-10-17T23:17:52.266+0000] {spark_submit.py:634} INFO - 24/10/17 23:17:52 INFO DAGScheduler: Submitting 1 missing tasks from ResultStage 4 (MapPartitionsRDD[19] at jdbc at NativeMethodAccessorImpl.java:0) (first 15 tasks are for partitions Vector(0))
[2024-10-17T23:17:52.267+0000] {spark_submit.py:634} INFO - 24/10/17 23:17:52 INFO TaskSchedulerImpl: Adding task set 4.0 with 1 tasks resource profile 0
[2024-10-17T23:17:52.268+0000] {spark_submit.py:634} INFO - 24/10/17 23:17:52 INFO TaskSetManager: Starting task 0.0 in stage 4.0 (TID 4) (cc66b6895e01, executor driver, partition 0, PROCESS_LOCAL, 9025 bytes)
[2024-10-17T23:17:52.269+0000] {spark_submit.py:634} INFO - 24/10/17 23:17:52 INFO Executor: Running task 0.0 in stage 4.0 (TID 4)
[2024-10-17T23:17:52.323+0000] {spark_submit.py:634} INFO - 24/10/17 23:17:52 INFO CodeGenerator: Code generated in 14.504837 ms
[2024-10-17T23:17:52.346+0000] {spark_submit.py:634} INFO - 24/10/17 23:17:52 INFO CodeGenerator: Code generated in 16.078039 ms
[2024-10-17T23:17:52.463+0000] {spark_submit.py:634} INFO - 24/10/17 23:17:52 INFO JDBCRDD: closed connection
[2024-10-17T23:17:52.527+0000] {spark_submit.py:634} INFO - 24/10/17 23:17:52 INFO Executor: Finished task 0.0 in stage 4.0 (TID 4). 2331 bytes result sent to driver
[2024-10-17T23:17:52.531+0000] {spark_submit.py:634} INFO - 24/10/17 23:17:52 INFO TaskSetManager: Finished task 0.0 in stage 4.0 (TID 4) in 263 ms on cc66b6895e01 (executor driver) (1/1)
[2024-10-17T23:17:52.532+0000] {spark_submit.py:634} INFO - 24/10/17 23:17:52 INFO TaskSchedulerImpl: Removed TaskSet 4.0, whose tasks have all completed, from pool
[2024-10-17T23:17:52.533+0000] {spark_submit.py:634} INFO - 24/10/17 23:17:52 INFO DAGScheduler: ResultStage 4 (jdbc at NativeMethodAccessorImpl.java:0) finished in 0.309 s
[2024-10-17T23:17:52.534+0000] {spark_submit.py:634} INFO - 24/10/17 23:17:52 INFO DAGScheduler: Job 4 is finished. Cancelling potential speculative or zombie tasks for this job
[2024-10-17T23:17:52.535+0000] {spark_submit.py:634} INFO - 24/10/17 23:17:52 INFO TaskSchedulerImpl: Killing all running tasks in stage 4: Stage finished
[2024-10-17T23:17:52.539+0000] {spark_submit.py:634} INFO - 24/10/17 23:17:52 INFO DAGScheduler: Job 4 finished: jdbc at NativeMethodAccessorImpl.java:0, took 0.313338 s
[2024-10-17T23:17:52.798+0000] {spark_submit.py:634} INFO - 24/10/17 23:17:52 INFO InMemoryFileIndex: It took 94 ms to list leaf files for 2 paths.
[2024-10-17T23:17:52.809+0000] {spark_submit.py:634} INFO - 24/10/17 23:17:52 INFO BlockManagerInfo: Removed broadcast_5_piece0 on cc66b6895e01:33275 in memory (size: 35.7 KiB, free: 434.3 MiB)
[2024-10-17T23:17:52.814+0000] {spark_submit.py:634} INFO - 24/10/17 23:17:52 INFO BlockManagerInfo: Removed broadcast_7_piece0 on cc66b6895e01:33275 in memory (size: 45.2 KiB, free: 434.4 MiB)
[2024-10-17T23:17:52.837+0000] {spark_submit.py:634} INFO - 24/10/17 23:17:52 INFO BlockManagerInfo: Removed broadcast_8_piece0 on cc66b6895e01:33275 in memory (size: 21.6 KiB, free: 434.4 MiB)
[2024-10-17T23:17:52.853+0000] {spark_submit.py:634} INFO - 24/10/17 23:17:52 INFO SparkContext: Starting job: parquet at NativeMethodAccessorImpl.java:0
[2024-10-17T23:17:52.857+0000] {spark_submit.py:634} INFO - 24/10/17 23:17:52 INFO DAGScheduler: Got job 5 (parquet at NativeMethodAccessorImpl.java:0) with 1 output partitions
[2024-10-17T23:17:52.858+0000] {spark_submit.py:634} INFO - 24/10/17 23:17:52 INFO DAGScheduler: Final stage: ResultStage 5 (parquet at NativeMethodAccessorImpl.java:0)
[2024-10-17T23:17:52.859+0000] {spark_submit.py:634} INFO - 24/10/17 23:17:52 INFO DAGScheduler: Parents of final stage: List()
[2024-10-17T23:17:52.863+0000] {spark_submit.py:634} INFO - 24/10/17 23:17:52 INFO DAGScheduler: Missing parents: List()
[2024-10-17T23:17:52.868+0000] {spark_submit.py:634} INFO - 24/10/17 23:17:52 INFO DAGScheduler: Submitting ResultStage 5 (MapPartitionsRDD[21] at parquet at NativeMethodAccessorImpl.java:0), which has no missing parents
[2024-10-17T23:17:52.871+0000] {spark_submit.py:634} INFO - 24/10/17 23:17:52 INFO BlockManagerInfo: Removed broadcast_6_piece0 on cc66b6895e01:33275 in memory (size: 7.4 KiB, free: 434.4 MiB)
[2024-10-17T23:17:52.873+0000] {spark_submit.py:634} INFO - 24/10/17 23:17:52 INFO MemoryStore: Block broadcast_9 stored as values in memory (estimated size 104.5 KiB, free 434.3 MiB)
[2024-10-17T23:17:52.885+0000] {spark_submit.py:634} INFO - 24/10/17 23:17:52 INFO MemoryStore: Block broadcast_9_piece0 stored as bytes in memory (estimated size 37.7 KiB, free 434.3 MiB)
[2024-10-17T23:17:52.897+0000] {spark_submit.py:634} INFO - 24/10/17 23:17:52 INFO BlockManagerInfo: Added broadcast_9_piece0 in memory on cc66b6895e01:33275 (size: 37.7 KiB, free: 434.4 MiB)
[2024-10-17T23:17:52.899+0000] {spark_submit.py:634} INFO - 24/10/17 23:17:52 INFO SparkContext: Created broadcast 9 from broadcast at DAGScheduler.scala:1585
[2024-10-17T23:17:52.900+0000] {spark_submit.py:634} INFO - 24/10/17 23:17:52 INFO DAGScheduler: Submitting 1 missing tasks from ResultStage 5 (MapPartitionsRDD[21] at parquet at NativeMethodAccessorImpl.java:0) (first 15 tasks are for partitions Vector(0))
[2024-10-17T23:17:52.902+0000] {spark_submit.py:634} INFO - 24/10/17 23:17:52 INFO TaskSchedulerImpl: Adding task set 5.0 with 1 tasks resource profile 0
[2024-10-17T23:17:52.903+0000] {spark_submit.py:634} INFO - 24/10/17 23:17:52 INFO TaskSetManager: Starting task 0.0 in stage 5.0 (TID 5) (cc66b6895e01, executor driver, partition 0, PROCESS_LOCAL, 9377 bytes)
[2024-10-17T23:17:52.908+0000] {spark_submit.py:634} INFO - 24/10/17 23:17:52 INFO Executor: Running task 0.0 in stage 5.0 (TID 5)
[2024-10-17T23:17:52.955+0000] {spark_submit.py:634} INFO - 24/10/17 23:17:52 INFO Executor: Finished task 0.0 in stage 5.0 (TID 5). 2125 bytes result sent to driver
[2024-10-17T23:17:52.956+0000] {spark_submit.py:634} INFO - 24/10/17 23:17:52 INFO TaskSetManager: Finished task 0.0 in stage 5.0 (TID 5) in 55 ms on cc66b6895e01 (executor driver) (1/1)
[2024-10-17T23:17:52.957+0000] {spark_submit.py:634} INFO - 24/10/17 23:17:52 INFO TaskSchedulerImpl: Removed TaskSet 5.0, whose tasks have all completed, from pool
[2024-10-17T23:17:52.958+0000] {spark_submit.py:634} INFO - 24/10/17 23:17:52 INFO DAGScheduler: ResultStage 5 (parquet at NativeMethodAccessorImpl.java:0) finished in 0.100 s
[2024-10-17T23:17:52.959+0000] {spark_submit.py:634} INFO - 24/10/17 23:17:52 INFO DAGScheduler: Job 5 is finished. Cancelling potential speculative or zombie tasks for this job
[2024-10-17T23:17:52.960+0000] {spark_submit.py:634} INFO - 24/10/17 23:17:52 INFO TaskSchedulerImpl: Killing all running tasks in stage 5: Stage finished
[2024-10-17T23:17:52.961+0000] {spark_submit.py:634} INFO - 24/10/17 23:17:52 INFO DAGScheduler: Job 5 finished: parquet at NativeMethodAccessorImpl.java:0, took 0.106545 s
[2024-10-17T23:17:52.990+0000] {spark_submit.py:634} INFO - 24/10/17 23:17:52 INFO FileSourceStrategy: Pushed Filters:
[2024-10-17T23:17:52.990+0000] {spark_submit.py:634} INFO - 24/10/17 23:17:52 INFO FileSourceStrategy: Post-Scan Filters:
[2024-10-17T23:17:53.023+0000] {spark_submit.py:634} INFO - 24/10/17 23:17:53 INFO CodeGenerator: Code generated in 17.125106 ms
[2024-10-17T23:17:53.027+0000] {spark_submit.py:634} INFO - 24/10/17 23:17:53 INFO MemoryStore: Block broadcast_10 stored as values in memory (estimated size 203.7 KiB, free 434.1 MiB)
[2024-10-17T23:17:53.034+0000] {spark_submit.py:634} INFO - 24/10/17 23:17:53 INFO MemoryStore: Block broadcast_10_piece0 stored as bytes in memory (estimated size 35.8 KiB, free 434.0 MiB)
[2024-10-17T23:17:53.035+0000] {spark_submit.py:634} INFO - 24/10/17 23:17:53 INFO BlockManagerInfo: Added broadcast_10_piece0 in memory on cc66b6895e01:33275 (size: 35.8 KiB, free: 434.3 MiB)
[2024-10-17T23:17:53.036+0000] {spark_submit.py:634} INFO - 24/10/17 23:17:53 INFO SparkContext: Created broadcast 10 from showString at NativeMethodAccessorImpl.java:0
[2024-10-17T23:17:53.037+0000] {spark_submit.py:634} INFO - 24/10/17 23:17:53 INFO FileSourceScanExec: Planning scan with bin packing, max size: 8438945 bytes, open cost is considered as scanning 4194304 bytes.
[2024-10-17T23:17:53.044+0000] {spark_submit.py:634} INFO - 24/10/17 23:17:53 INFO SparkContext: Starting job: showString at NativeMethodAccessorImpl.java:0
[2024-10-17T23:17:53.045+0000] {spark_submit.py:634} INFO - 24/10/17 23:17:53 INFO DAGScheduler: Got job 6 (showString at NativeMethodAccessorImpl.java:0) with 1 output partitions
[2024-10-17T23:17:53.045+0000] {spark_submit.py:634} INFO - 24/10/17 23:17:53 INFO DAGScheduler: Final stage: ResultStage 6 (showString at NativeMethodAccessorImpl.java:0)
[2024-10-17T23:17:53.046+0000] {spark_submit.py:634} INFO - 24/10/17 23:17:53 INFO DAGScheduler: Parents of final stage: List()
[2024-10-17T23:17:53.046+0000] {spark_submit.py:634} INFO - 24/10/17 23:17:53 INFO DAGScheduler: Missing parents: List()
[2024-10-17T23:17:53.047+0000] {spark_submit.py:634} INFO - 24/10/17 23:17:53 INFO DAGScheduler: Submitting ResultStage 6 (MapPartitionsRDD[25] at showString at NativeMethodAccessorImpl.java:0), which has no missing parents
[2024-10-17T23:17:53.048+0000] {spark_submit.py:634} INFO - 24/10/17 23:17:53 INFO MemoryStore: Block broadcast_11 stored as values in memory (estimated size 21.1 KiB, free 434.0 MiB)
[2024-10-17T23:17:53.050+0000] {spark_submit.py:634} INFO - 24/10/17 23:17:53 INFO MemoryStore: Block broadcast_11_piece0 stored as bytes in memory (estimated size 7.8 KiB, free 434.0 MiB)
[2024-10-17T23:17:53.051+0000] {spark_submit.py:634} INFO - 24/10/17 23:17:53 INFO BlockManagerInfo: Added broadcast_11_piece0 in memory on cc66b6895e01:33275 (size: 7.8 KiB, free: 434.3 MiB)
[2024-10-17T23:17:53.052+0000] {spark_submit.py:634} INFO - 24/10/17 23:17:53 INFO SparkContext: Created broadcast 11 from broadcast at DAGScheduler.scala:1585
[2024-10-17T23:17:53.052+0000] {spark_submit.py:634} INFO - 24/10/17 23:17:53 INFO DAGScheduler: Submitting 1 missing tasks from ResultStage 6 (MapPartitionsRDD[25] at showString at NativeMethodAccessorImpl.java:0) (first 15 tasks are for partitions Vector(0))
[2024-10-17T23:17:53.053+0000] {spark_submit.py:634} INFO - 24/10/17 23:17:53 INFO TaskSchedulerImpl: Adding task set 6.0 with 1 tasks resource profile 0
[2024-10-17T23:17:53.053+0000] {spark_submit.py:634} INFO - 24/10/17 23:17:53 INFO TaskSetManager: Starting task 0.0 in stage 6.0 (TID 6) (cc66b6895e01, executor driver, partition 0, PROCESS_LOCAL, 10084 bytes)
[2024-10-17T23:17:53.054+0000] {spark_submit.py:634} INFO - 24/10/17 23:17:53 INFO Executor: Running task 0.0 in stage 6.0 (TID 6)
[2024-10-17T23:17:53.072+0000] {spark_submit.py:634} INFO - 24/10/17 23:17:53 INFO CodeGenerator: Code generated in 14.129813 ms
[2024-10-17T23:17:53.073+0000] {spark_submit.py:634} INFO - 24/10/17 23:17:53 INFO FileScanRDD: Reading File path: file:///opt/***/datalake/silverzone/kabum_2024-10-17/memoria_k.parquet/part-00000-11cc3f08-17cb-4b5c-a73e-89a4f6519858-c000.snappy.parquet, range: 0-39008, partition values: [empty row]
[2024-10-17T23:17:53.142+0000] {spark_submit.py:634} INFO - 24/10/17 23:17:53 INFO Executor: Finished task 0.0 in stage 6.0 (TID 6). 4640 bytes result sent to driver
[2024-10-17T23:17:53.142+0000] {spark_submit.py:634} INFO - 24/10/17 23:17:53 INFO TaskSetManager: Finished task 0.0 in stage 6.0 (TID 6) in 89 ms on cc66b6895e01 (executor driver) (1/1)
[2024-10-17T23:17:53.146+0000] {spark_submit.py:634} INFO - 24/10/17 23:17:53 INFO TaskSchedulerImpl: Removed TaskSet 6.0, whose tasks have all completed, from pool
[2024-10-17T23:17:53.147+0000] {spark_submit.py:634} INFO - 24/10/17 23:17:53 INFO DAGScheduler: ResultStage 6 (showString at NativeMethodAccessorImpl.java:0) finished in 0.097 s
[2024-10-17T23:17:53.147+0000] {spark_submit.py:634} INFO - 24/10/17 23:17:53 INFO DAGScheduler: Job 6 is finished. Cancelling potential speculative or zombie tasks for this job
[2024-10-17T23:17:53.148+0000] {spark_submit.py:634} INFO - 24/10/17 23:17:53 INFO TaskSchedulerImpl: Killing all running tasks in stage 6: Stage finished
[2024-10-17T23:17:53.148+0000] {spark_submit.py:634} INFO - 24/10/17 23:17:53 INFO DAGScheduler: Job 6 finished: showString at NativeMethodAccessorImpl.java:0, took 0.100507 s
[2024-10-17T23:17:53.158+0000] {spark_submit.py:634} INFO - 24/10/17 23:17:53 INFO CodeGenerator: Code generated in 8.897074 ms
[2024-10-17T23:17:53.161+0000] {spark_submit.py:634} INFO - +--------------------+---------+----+---+---+--------+------+--------------------+----------+-----------+
[2024-10-17T23:17:53.162+0000] {spark_submit.py:634} INFO - |                name|    marca| MHZ| GB|DDR|latencia| value|                link|dataColect|   category|
[2024-10-17T23:17:53.162+0000] {spark_submit.py:634} INFO - +--------------------+---------+----+---+---+--------+------+--------------------+----------+-----------+
[2024-10-17T23:17:53.163+0000] {spark_submit.py:634} INFO - |MEMRIA RAM KINGS...| KINGSTON|3200|  8|  4|      16|199.99|https://www.kabum...|2024-10-17|memoria-ram|
[2024-10-17T23:17:53.163+0000] {spark_submit.py:634} INFO - |MEMRIA RAM GAMER...|    HUSKY|3200|  8|  4|      19|124.99|https://www.kabum...|2024-10-17|memoria-ram|
[2024-10-17T23:17:53.164+0000] {spark_submit.py:634} INFO - |MEMRIA RAM KINGS...| KINGSTON|3200| 16|  4|      16|273.99|https://www.kabum...|2024-10-17|memoria-ram|
[2024-10-17T23:17:53.164+0000] {spark_submit.py:634} INFO - |MEMRIA RAM XPG S...|      XPG|3200| 16|  4|      16|279.99|https://www.kabum...|2024-10-17|memoria-ram|
[2024-10-17T23:17:53.165+0000] {spark_submit.py:634} INFO - |MEMRIA RAM RISE ...|RISE MODE|1600|  8|  3|      11| 64.99|https://www.kabum...|2024-10-17|memoria-ram|
[2024-10-17T23:17:53.165+0000] {spark_submit.py:634} INFO - |MEMRIA RAM XPG G...|      XPG|3200|  8|  4|      16|154.99|https://www.kabum...|2024-10-17|memoria-ram|
[2024-10-17T23:17:53.165+0000] {spark_submit.py:634} INFO - |MEMRIA RAM GAMER...|    HUSKY|3200| 16|  4|      19|219.99|https://www.kabum...|2024-10-17|memoria-ram|
[2024-10-17T23:17:53.166+0000] {spark_submit.py:634} INFO - |MEMRIA RAM KINGS...| KINGSTON|3200| 16|  4|      16|324.99|https://www.kabum...|2024-10-17|memoria-ram|
[2024-10-17T23:17:53.166+0000] {spark_submit.py:634} INFO - |MEMRIA RAM PARA ...|RISE MODE|1600|  8|  3|      11| 59.99|https://www.kabum...|2024-10-17|memoria-ram|
[2024-10-17T23:17:53.166+0000] {spark_submit.py:634} INFO - |MEMRIA RAM XPG G...|      XPG|3200| 16|  4|      16|299.99|https://www.kabum...|2024-10-17|memoria-ram|
[2024-10-17T23:17:53.167+0000] {spark_submit.py:634} INFO - |MEMRIA RAM PARA ...|   KABUM!|2666|  8|  4|      19|104.99|https://www.kabum...|2024-10-17|memoria-ram|
[2024-10-17T23:17:53.167+0000] {spark_submit.py:634} INFO - |MEMRIA RAM 8GB K...| NOT_INFO|   0|  8|  4|      22|119.99|https://www.kabum...|2024-10-17|memoria-ram|
[2024-10-17T23:17:53.168+0000] {spark_submit.py:634} INFO - |MEMRIA RAM 16GB ...| NOT_INFO|   0| 16|  4|      22|249.99|https://www.kabum...|2024-10-17|memoria-ram|
[2024-10-17T23:17:53.168+0000] {spark_submit.py:634} INFO - |MEMRIA RAM HUSKY...|    HUSKY|2666|  8|  4|      19|112.99|https://www.kabum...|2024-10-17|memoria-ram|
[2024-10-17T23:17:53.168+0000] {spark_submit.py:634} INFO - |MEMORIA RAM PARA ...|RISE MODE|2666| 16|  4|      19|219.99|https://www.kabum...|2024-10-17|memoria-ram|
[2024-10-17T23:17:53.169+0000] {spark_submit.py:634} INFO - |MEMRIA RAM PARA ...| KINGSTON|3200| 16|  4|      20|309.99|https://www.kabum...|2024-10-17|memoria-ram|
[2024-10-17T23:17:53.169+0000] {spark_submit.py:634} INFO - |MEMRIA RAM PARA ...| KINGSTON|3200|  8|  4|      20|167.99|https://www.kabum...|2024-10-17|memoria-ram|
[2024-10-17T23:17:53.170+0000] {spark_submit.py:634} INFO - |MEMRIA RAM RISE ...|RISE MODE|3200|  8|  4|      19|143.99|https://www.kabum...|2024-10-17|memoria-ram|
[2024-10-17T23:17:53.170+0000] {spark_submit.py:634} INFO - |MEMRIA RAM RISE ...|RISE MODE|3200|  8|  4|      19|134.99|https://www.kabum...|2024-10-17|memoria-ram|
[2024-10-17T23:17:53.170+0000] {spark_submit.py:634} INFO - |MEMRIA HUSKY TEC...|    HUSKY|3200|  8|  4|      19|114.99|https://www.kabum...|2024-10-17|memoria-ram|
[2024-10-17T23:17:53.171+0000] {spark_submit.py:634} INFO - +--------------------+---------+----+---+---+--------+------+--------------------+----------+-----------+
[2024-10-17T23:17:53.171+0000] {spark_submit.py:634} INFO - only showing top 20 rows
[2024-10-17T23:17:53.171+0000] {spark_submit.py:634} INFO - 
[2024-10-17T23:17:53.342+0000] {spark_submit.py:634} INFO - 24/10/17 23:17:53 INFO BlockManagerInfo: Removed broadcast_11_piece0 on cc66b6895e01:33275 in memory (size: 7.8 KiB, free: 434.3 MiB)
[2024-10-17T23:17:53.346+0000] {spark_submit.py:634} INFO - 24/10/17 23:17:53 INFO BlockManagerInfo: Removed broadcast_10_piece0 on cc66b6895e01:33275 in memory (size: 35.8 KiB, free: 434.4 MiB)
[2024-10-17T23:17:53.351+0000] {spark_submit.py:634} INFO - 24/10/17 23:17:53 INFO BlockManagerInfo: Removed broadcast_9_piece0 on cc66b6895e01:33275 in memory (size: 37.7 KiB, free: 434.4 MiB)
[2024-10-17T23:17:53.374+0000] {spark_submit.py:634} INFO - Traceback (most recent call last):
[2024-10-17T23:17:53.374+0000] {spark_submit.py:634} INFO - File "/opt/bitnami/spark/src/scripts_spark/LoadFileToDB.py", line 53, in <module>
[2024-10-17T23:17:53.376+0000] {spark_submit.py:634} INFO - table_memoria_mark.write.jdbc(url=url,table='tb_fact_memory',mode='append',properties=db_properties)
[2024-10-17T23:17:53.376+0000] {spark_submit.py:634} INFO - File "/home/***/.local/lib/python3.12/site-packages/pyspark/python/lib/pyspark.zip/pyspark/sql/readwriter.py", line 1984, in jdbc
[2024-10-17T23:17:53.377+0000] {spark_submit.py:634} INFO - File "/home/***/.local/lib/python3.12/site-packages/pyspark/python/lib/py4j-0.10.9.7-src.zip/py4j/java_gateway.py", line 1322, in __call__
[2024-10-17T23:17:53.378+0000] {spark_submit.py:634} INFO - File "/home/***/.local/lib/python3.12/site-packages/pyspark/python/lib/pyspark.zip/pyspark/errors/exceptions/captured.py", line 185, in deco
[2024-10-17T23:17:53.383+0000] {spark_submit.py:634} INFO - pyspark.errors.exceptions.captured.AnalysisException: Column category not found in schema Some(StructType(StructField(id_memory,IntegerType,false),StructField(memory_name,StringType,true),StructField(mhz,LongType,true),StructField(ddr,LongType,true),StructField(gb,LongType,true),StructField(latency,LongType,true),StructField(value,DecimalType(10,2),true),StructField(uri,StringType,true),StructField(data_collect,StringType,true),StructField(id_category_fk,LongType,true),StructField(id_site_fk,LongType,true),StructField(id_mark_fk,LongType,true))).
[2024-10-17T23:17:53.431+0000] {spark_submit.py:634} INFO - 24/10/17 23:17:53 INFO SparkContext: Invoking stop() from shutdown hook
[2024-10-17T23:17:53.432+0000] {spark_submit.py:634} INFO - 24/10/17 23:17:53 INFO SparkContext: SparkContext is stopping with exitCode 0.
[2024-10-17T23:17:53.443+0000] {spark_submit.py:634} INFO - 24/10/17 23:17:53 INFO SparkUI: Stopped Spark web UI at http://cc66b6895e01:4040
[2024-10-17T23:17:53.455+0000] {spark_submit.py:634} INFO - 24/10/17 23:17:53 INFO MapOutputTrackerMasterEndpoint: MapOutputTrackerMasterEndpoint stopped!
[2024-10-17T23:17:53.465+0000] {spark_submit.py:634} INFO - 24/10/17 23:17:53 INFO MemoryStore: MemoryStore cleared
[2024-10-17T23:17:53.465+0000] {spark_submit.py:634} INFO - 24/10/17 23:17:53 INFO BlockManager: BlockManager stopped
[2024-10-17T23:17:53.470+0000] {spark_submit.py:634} INFO - 24/10/17 23:17:53 INFO BlockManagerMaster: BlockManagerMaster stopped
[2024-10-17T23:17:53.472+0000] {spark_submit.py:634} INFO - 24/10/17 23:17:53 INFO OutputCommitCoordinator$OutputCommitCoordinatorEndpoint: OutputCommitCoordinator stopped!
[2024-10-17T23:17:53.477+0000] {spark_submit.py:634} INFO - 24/10/17 23:17:53 INFO SparkContext: Successfully stopped SparkContext
[2024-10-17T23:17:53.478+0000] {spark_submit.py:634} INFO - 24/10/17 23:17:53 INFO ShutdownHookManager: Shutdown hook called
[2024-10-17T23:17:53.478+0000] {spark_submit.py:634} INFO - 24/10/17 23:17:53 INFO ShutdownHookManager: Deleting directory /tmp/spark-6815d6d5-9c20-44ed-adad-b7104e8b9879/pyspark-4f717595-8de4-4484-91cd-094de9d2d3cc
[2024-10-17T23:17:53.482+0000] {spark_submit.py:634} INFO - 24/10/17 23:17:53 INFO ShutdownHookManager: Deleting directory /tmp/spark-6815d6d5-9c20-44ed-adad-b7104e8b9879
[2024-10-17T23:17:53.486+0000] {spark_submit.py:634} INFO - 24/10/17 23:17:53 INFO ShutdownHookManager: Deleting directory /tmp/spark-009c32ca-cdbd-4b72-ad50-872972e5fea2
[2024-10-17T23:17:53.529+0000] {taskinstance.py:3310} ERROR - Task failed with exception
Traceback (most recent call last):
  File "/home/airflow/.local/lib/python3.12/site-packages/airflow/models/taskinstance.py", line 767, in _execute_task
    result = _execute_callable(context=context, **execute_callable_kwargs)
             ^^^^^^^^^^^^^^^^^^^^^^^^^^^^^^^^^^^^^^^^^^^^^^^^^^^^^^^^^^^^^
  File "/home/airflow/.local/lib/python3.12/site-packages/airflow/models/taskinstance.py", line 733, in _execute_callable
    return ExecutionCallableRunner(
           ^^^^^^^^^^^^^^^^^^^^^^^^
  File "/home/airflow/.local/lib/python3.12/site-packages/airflow/utils/operator_helpers.py", line 252, in run
    return self.func(*args, **kwargs)
           ^^^^^^^^^^^^^^^^^^^^^^^^^^
  File "/home/airflow/.local/lib/python3.12/site-packages/airflow/models/baseoperator.py", line 406, in wrapper
    return func(self, *args, **kwargs)
           ^^^^^^^^^^^^^^^^^^^^^^^^^^^
  File "/home/airflow/.local/lib/python3.12/site-packages/airflow/providers/apache/spark/operators/spark_submit.py", line 176, in execute
    self._hook.submit(self.application)
  File "/home/airflow/.local/lib/python3.12/site-packages/airflow/providers/apache/spark/hooks/spark_submit.py", line 560, in submit
    raise AirflowException(
airflow.exceptions.AirflowException: Cannot execute: spark-submit --master yarn --driver-class-path /opt/***/jars/postgresql-42.5.0.jar --jars /opt/***/jars/postgresql-42.5.0.jar --packages org.postgresql:postgresql:42.5.0 --name arrow-spark /opt/bitnami/spark/src/scripts_spark/LoadFileToDB.py. Error code is: 1.
[2024-10-17T23:17:53.533+0000] {taskinstance.py:1225} INFO - Marking task as FAILED. dag_id=LoadWebScraping, task_id=spark_job, run_id=manual__2024-10-17T23:17:40.432035+00:00, execution_date=20241017T231740, start_date=20241017T231741, end_date=20241017T231753
[2024-10-17T23:17:53.548+0000] {taskinstance.py:340} INFO - ::group::Post task execution logs
[2024-10-17T23:17:53.549+0000] {standard_task_runner.py:124} ERROR - Failed to execute job 203 for task spark_job (Cannot execute: spark-submit --master yarn --driver-class-path /opt/***/jars/postgresql-42.5.0.jar --jars /opt/***/jars/postgresql-42.5.0.jar --packages org.postgresql:postgresql:42.5.0 --name arrow-spark /opt/bitnami/spark/src/scripts_spark/LoadFileToDB.py. Error code is: 1.; 13377)
Traceback (most recent call last):
  File "/home/airflow/.local/lib/python3.12/site-packages/airflow/task/task_runner/standard_task_runner.py", line 117, in _start_by_fork
    ret = args.func(args, dag=self.dag)
          ^^^^^^^^^^^^^^^^^^^^^^^^^^^^^
  File "/home/airflow/.local/lib/python3.12/site-packages/airflow/cli/cli_config.py", line 49, in command
    return func(*args, **kwargs)
           ^^^^^^^^^^^^^^^^^^^^^
  File "/home/airflow/.local/lib/python3.12/site-packages/airflow/utils/cli.py", line 115, in wrapper
    return f(*args, **kwargs)
           ^^^^^^^^^^^^^^^^^^
  File "/home/airflow/.local/lib/python3.12/site-packages/airflow/cli/commands/task_command.py", line 483, in task_run
    task_return_code = _run_task_by_selected_method(args, _dag, ti)
                       ^^^^^^^^^^^^^^^^^^^^^^^^^^^^^^^^^^^^^^^^^^^^
  File "/home/airflow/.local/lib/python3.12/site-packages/airflow/cli/commands/task_command.py", line 256, in _run_task_by_selected_method
    return _run_raw_task(args, ti)
           ^^^^^^^^^^^^^^^^^^^^^^^
  File "/home/airflow/.local/lib/python3.12/site-packages/airflow/cli/commands/task_command.py", line 341, in _run_raw_task
    return ti._run_raw_task(
           ^^^^^^^^^^^^^^^^^
  File "/home/airflow/.local/lib/python3.12/site-packages/airflow/utils/session.py", line 97, in wrapper
    return func(*args, session=session, **kwargs)
           ^^^^^^^^^^^^^^^^^^^^^^^^^^^^^^^^^^^^^^
  File "/home/airflow/.local/lib/python3.12/site-packages/airflow/models/taskinstance.py", line 3004, in _run_raw_task
    return _run_raw_task(
           ^^^^^^^^^^^^^^
  File "/home/airflow/.local/lib/python3.12/site-packages/airflow/models/taskinstance.py", line 273, in _run_raw_task
    TaskInstance._execute_task_with_callbacks(
  File "/home/airflow/.local/lib/python3.12/site-packages/airflow/models/taskinstance.py", line 3158, in _execute_task_with_callbacks
    result = self._execute_task(context, task_orig)
             ^^^^^^^^^^^^^^^^^^^^^^^^^^^^^^^^^^^^^^
  File "/home/airflow/.local/lib/python3.12/site-packages/airflow/models/taskinstance.py", line 3182, in _execute_task
    return _execute_task(self, context, task_orig)
           ^^^^^^^^^^^^^^^^^^^^^^^^^^^^^^^^^^^^^^^
  File "/home/airflow/.local/lib/python3.12/site-packages/airflow/models/taskinstance.py", line 767, in _execute_task
    result = _execute_callable(context=context, **execute_callable_kwargs)
             ^^^^^^^^^^^^^^^^^^^^^^^^^^^^^^^^^^^^^^^^^^^^^^^^^^^^^^^^^^^^^
  File "/home/airflow/.local/lib/python3.12/site-packages/airflow/models/taskinstance.py", line 733, in _execute_callable
    return ExecutionCallableRunner(
           ^^^^^^^^^^^^^^^^^^^^^^^^
  File "/home/airflow/.local/lib/python3.12/site-packages/airflow/utils/operator_helpers.py", line 252, in run
    return self.func(*args, **kwargs)
           ^^^^^^^^^^^^^^^^^^^^^^^^^^
  File "/home/airflow/.local/lib/python3.12/site-packages/airflow/models/baseoperator.py", line 406, in wrapper
    return func(self, *args, **kwargs)
           ^^^^^^^^^^^^^^^^^^^^^^^^^^^
  File "/home/airflow/.local/lib/python3.12/site-packages/airflow/providers/apache/spark/operators/spark_submit.py", line 176, in execute
    self._hook.submit(self.application)
  File "/home/airflow/.local/lib/python3.12/site-packages/airflow/providers/apache/spark/hooks/spark_submit.py", line 560, in submit
    raise AirflowException(
airflow.exceptions.AirflowException: Cannot execute: spark-submit --master yarn --driver-class-path /opt/***/jars/postgresql-42.5.0.jar --jars /opt/***/jars/postgresql-42.5.0.jar --packages org.postgresql:postgresql:42.5.0 --name arrow-spark /opt/bitnami/spark/src/scripts_spark/LoadFileToDB.py. Error code is: 1.
[2024-10-17T23:17:53.584+0000] {local_task_job_runner.py:266} INFO - Task exited with return code 1
[2024-10-17T23:17:53.597+0000] {taskinstance.py:3900} INFO - 0 downstream tasks scheduled from follow-on schedule check
[2024-10-17T23:17:53.603+0000] {local_task_job_runner.py:245} INFO - ::endgroup::
