[2024-10-21T13:10:15.093+0000] {local_task_job_runner.py:123} INFO - ::group::Pre task execution logs
[2024-10-21T13:10:15.109+0000] {taskinstance.py:2612} INFO - Dependencies all met for dep_context=non-requeueable deps ti=<TaskInstance: LoadWebScraping.spark_job manual__2024-10-21T13:10:11.575607+00:00 [queued]>
[2024-10-21T13:10:15.116+0000] {taskinstance.py:2612} INFO - Dependencies all met for dep_context=requeueable deps ti=<TaskInstance: LoadWebScraping.spark_job manual__2024-10-21T13:10:11.575607+00:00 [queued]>
[2024-10-21T13:10:15.117+0000] {taskinstance.py:2865} INFO - Starting attempt 1 of 1
[2024-10-21T13:10:15.132+0000] {taskinstance.py:2888} INFO - Executing <Task(SparkSubmitOperator): spark_job> on 2024-10-21 13:10:11.575607+00:00
[2024-10-21T13:10:15.137+0000] {warnings.py:112} WARNING - /home/***/.local/lib/python3.12/site-packages/***/task/task_runner/standard_task_runner.py:70: DeprecationWarning: This process (pid=2502) is multi-threaded, use of fork() may lead to deadlocks in the child.
  pid = os.fork()

[2024-10-21T13:10:15.139+0000] {standard_task_runner.py:72} INFO - Started process 2504 to run task
[2024-10-21T13:10:15.139+0000] {standard_task_runner.py:104} INFO - Running: ['***', 'tasks', 'run', 'LoadWebScraping', 'spark_job', 'manual__2024-10-21T13:10:11.575607+00:00', '--job-id', '309', '--raw', '--subdir', 'DAGS_FOLDER/LoadWebScraping.py', '--cfg-path', '/tmp/tmpxke91zy9']
[2024-10-21T13:10:15.142+0000] {standard_task_runner.py:105} INFO - Job 309: Subtask spark_job
[2024-10-21T13:10:15.186+0000] {task_command.py:467} INFO - Running <TaskInstance: LoadWebScraping.spark_job manual__2024-10-21T13:10:11.575607+00:00 [running]> on host e2c3a206786d
[2024-10-21T13:10:15.446+0000] {taskinstance.py:3131} INFO - Exporting env vars: AIRFLOW_CTX_DAG_OWNER='***' AIRFLOW_CTX_DAG_ID='LoadWebScraping' AIRFLOW_CTX_TASK_ID='spark_job' AIRFLOW_CTX_EXECUTION_DATE='2024-10-21T13:10:11.575607+00:00' AIRFLOW_CTX_TRY_NUMBER='1' AIRFLOW_CTX_DAG_RUN_ID='manual__2024-10-21T13:10:11.575607+00:00'
[2024-10-21T13:10:15.448+0000] {taskinstance.py:731} INFO - ::endgroup::
[2024-10-21T13:10:15.472+0000] {spark_submit.py:304} INFO - Could not load connection string spark_default, defaulting to yarn
[2024-10-21T13:10:15.475+0000] {spark_submit.py:473} INFO - Spark-Submit cmd: spark-submit --master yarn --driver-class-path /opt/***/jars/postgresql-42.5.0.jar --jars /opt/***/jars/postgresql-42.5.0.jar --packages org.postgresql:postgresql:42.5.0 --name arrow-spark /opt/bitnami/spark/src/scripts_spark/LoadFileToDB.py
[2024-10-21T13:10:16.853+0000] {spark_submit.py:634} INFO - :: loading settings :: url = jar:file:/home/***/.local/lib/python3.12/site-packages/pyspark/jars/ivy-2.5.1.jar!/org/apache/ivy/core/settings/ivysettings.xml
[2024-10-21T13:10:16.941+0000] {spark_submit.py:634} INFO - Ivy Default Cache set to: /home/***/.ivy2/cache
[2024-10-21T13:10:16.941+0000] {spark_submit.py:634} INFO - The jars for the packages stored in: /home/***/.ivy2/jars
[2024-10-21T13:10:16.950+0000] {spark_submit.py:634} INFO - org.postgresql#postgresql added as a dependency
[2024-10-21T13:10:16.951+0000] {spark_submit.py:634} INFO - :: resolving dependencies :: org.apache.spark#spark-submit-parent-5c5302c5-4ace-4215-ac5c-51d58676a0c4;1.0
[2024-10-21T13:10:16.951+0000] {spark_submit.py:634} INFO - confs: [default]
[2024-10-21T13:10:17.072+0000] {spark_submit.py:634} INFO - found org.postgresql#postgresql;42.5.0 in central
[2024-10-21T13:10:17.090+0000] {spark_submit.py:634} INFO - found org.checkerframework#checker-qual;3.5.0 in central
[2024-10-21T13:10:17.105+0000] {spark_submit.py:634} INFO - :: resolution report :: resolve 147ms :: artifacts dl 7ms
[2024-10-21T13:10:17.106+0000] {spark_submit.py:634} INFO - :: modules in use:
[2024-10-21T13:10:17.106+0000] {spark_submit.py:634} INFO - org.checkerframework#checker-qual;3.5.0 from central in [default]
[2024-10-21T13:10:17.107+0000] {spark_submit.py:634} INFO - org.postgresql#postgresql;42.5.0 from central in [default]
[2024-10-21T13:10:17.107+0000] {spark_submit.py:634} INFO - ---------------------------------------------------------------------
[2024-10-21T13:10:17.108+0000] {spark_submit.py:634} INFO - |                  |            modules            ||   artifacts   |
[2024-10-21T13:10:17.109+0000] {spark_submit.py:634} INFO - |       conf       | number| search|dwnlded|evicted|| number|dwnlded|
[2024-10-21T13:10:17.109+0000] {spark_submit.py:634} INFO - ---------------------------------------------------------------------
[2024-10-21T13:10:17.110+0000] {spark_submit.py:634} INFO - |      default     |   2   |   0   |   0   |   0   ||   2   |   0   |
[2024-10-21T13:10:17.112+0000] {spark_submit.py:634} INFO - ---------------------------------------------------------------------
[2024-10-21T13:10:17.112+0000] {spark_submit.py:634} INFO - :: retrieving :: org.apache.spark#spark-submit-parent-5c5302c5-4ace-4215-ac5c-51d58676a0c4
[2024-10-21T13:10:17.113+0000] {spark_submit.py:634} INFO - confs: [default]
[2024-10-21T13:10:17.116+0000] {spark_submit.py:634} INFO - 0 artifacts copied, 2 already retrieved (0kB/6ms)
[2024-10-21T13:10:17.282+0000] {spark_submit.py:634} INFO - 24/10/21 13:10:17 WARN NativeCodeLoader: Unable to load native-hadoop library for your platform... using builtin-java classes where applicable
[2024-10-21T13:10:18.718+0000] {spark_submit.py:634} INFO - 24/10/21 13:10:18 INFO SparkContext: Running Spark version 3.5.2
[2024-10-21T13:10:18.719+0000] {spark_submit.py:634} INFO - 24/10/21 13:10:18 INFO SparkContext: OS info Linux, 5.15.153.1-microsoft-standard-WSL2, amd64
[2024-10-21T13:10:18.720+0000] {spark_submit.py:634} INFO - 24/10/21 13:10:18 INFO SparkContext: Java version 17.0.12
[2024-10-21T13:10:18.739+0000] {spark_submit.py:634} INFO - 24/10/21 13:10:18 INFO ResourceUtils: ==============================================================
[2024-10-21T13:10:18.739+0000] {spark_submit.py:634} INFO - 24/10/21 13:10:18 INFO ResourceUtils: No custom resources configured for spark.driver.
[2024-10-21T13:10:18.740+0000] {spark_submit.py:634} INFO - 24/10/21 13:10:18 INFO ResourceUtils: ==============================================================
[2024-10-21T13:10:18.740+0000] {spark_submit.py:634} INFO - 24/10/21 13:10:18 INFO SparkContext: Submitted application: Exemplo
[2024-10-21T13:10:18.758+0000] {spark_submit.py:634} INFO - 24/10/21 13:10:18 INFO ResourceProfile: Default ResourceProfile created, executor resources: Map(cores -> name: cores, amount: 1, script: , vendor: , memory -> name: memory, amount: 1024, script: , vendor: , offHeap -> name: offHeap, amount: 0, script: , vendor: ), task resources: Map(cpus -> name: cpus, amount: 1.0)
[2024-10-21T13:10:18.765+0000] {spark_submit.py:634} INFO - 24/10/21 13:10:18 INFO ResourceProfile: Limiting resource is cpu
[2024-10-21T13:10:18.766+0000] {spark_submit.py:634} INFO - 24/10/21 13:10:18 INFO ResourceProfileManager: Added ResourceProfile id: 0
[2024-10-21T13:10:18.829+0000] {spark_submit.py:634} INFO - 24/10/21 13:10:18 INFO SecurityManager: Changing view acls to: ***
[2024-10-21T13:10:18.829+0000] {spark_submit.py:634} INFO - 24/10/21 13:10:18 INFO SecurityManager: Changing modify acls to: ***
[2024-10-21T13:10:18.830+0000] {spark_submit.py:634} INFO - 24/10/21 13:10:18 INFO SecurityManager: Changing view acls groups to:
[2024-10-21T13:10:18.831+0000] {spark_submit.py:634} INFO - 24/10/21 13:10:18 INFO SecurityManager: Changing modify acls groups to:
[2024-10-21T13:10:18.833+0000] {spark_submit.py:634} INFO - 24/10/21 13:10:18 INFO SecurityManager: SecurityManager: authentication disabled; ui acls disabled; users with view permissions: ***; groups with view permissions: EMPTY; users with modify permissions: ***; groups with modify permissions: EMPTY
[2024-10-21T13:10:19.032+0000] {spark_submit.py:634} INFO - 24/10/21 13:10:19 INFO Utils: Successfully started service 'sparkDriver' on port 35057.
[2024-10-21T13:10:19.063+0000] {spark_submit.py:634} INFO - 24/10/21 13:10:19 INFO SparkEnv: Registering MapOutputTracker
[2024-10-21T13:10:19.096+0000] {spark_submit.py:634} INFO - 24/10/21 13:10:19 INFO SparkEnv: Registering BlockManagerMaster
[2024-10-21T13:10:19.121+0000] {spark_submit.py:634} INFO - 24/10/21 13:10:19 INFO BlockManagerMasterEndpoint: Using org.apache.spark.storage.DefaultTopologyMapper for getting topology information
[2024-10-21T13:10:19.122+0000] {spark_submit.py:634} INFO - 24/10/21 13:10:19 INFO BlockManagerMasterEndpoint: BlockManagerMasterEndpoint up
[2024-10-21T13:10:19.126+0000] {spark_submit.py:634} INFO - 24/10/21 13:10:19 INFO SparkEnv: Registering BlockManagerMasterHeartbeat
[2024-10-21T13:10:19.145+0000] {spark_submit.py:634} INFO - 24/10/21 13:10:19 INFO DiskBlockManager: Created local directory at /tmp/blockmgr-ac74e30e-3a6b-4921-830e-7ef7bf4967cf
[2024-10-21T13:10:19.158+0000] {spark_submit.py:634} INFO - 24/10/21 13:10:19 INFO MemoryStore: MemoryStore started with capacity 434.4 MiB
[2024-10-21T13:10:19.171+0000] {spark_submit.py:634} INFO - 24/10/21 13:10:19 INFO SparkEnv: Registering OutputCommitCoordinator
[2024-10-21T13:10:19.289+0000] {spark_submit.py:634} INFO - 24/10/21 13:10:19 INFO JettyUtils: Start Jetty 0.0.0.0:4040 for SparkUI
[2024-10-21T13:10:19.350+0000] {spark_submit.py:634} INFO - 24/10/21 13:10:19 INFO Utils: Successfully started service 'SparkUI' on port 4040.
[2024-10-21T13:10:19.389+0000] {spark_submit.py:634} INFO - 24/10/21 13:10:19 INFO SparkContext: Added JAR /opt/bitnami/spark/jars/postgresql-42.5.0.jar at spark://e2c3a206786d:35057/jars/postgresql-42.5.0.jar with timestamp 1729516218712
[2024-10-21T13:10:19.488+0000] {spark_submit.py:634} INFO - 24/10/21 13:10:19 INFO Executor: Starting executor ID driver on host e2c3a206786d
[2024-10-21T13:10:19.489+0000] {spark_submit.py:634} INFO - 24/10/21 13:10:19 INFO Executor: OS info Linux, 5.15.153.1-microsoft-standard-WSL2, amd64
[2024-10-21T13:10:19.489+0000] {spark_submit.py:634} INFO - 24/10/21 13:10:19 INFO Executor: Java version 17.0.12
[2024-10-21T13:10:19.494+0000] {spark_submit.py:634} INFO - 24/10/21 13:10:19 INFO Executor: Starting executor with user classpath (userClassPathFirst = false): ''
[2024-10-21T13:10:19.495+0000] {spark_submit.py:634} INFO - 24/10/21 13:10:19 INFO Executor: Created or updated repl class loader org.apache.spark.util.MutableURLClassLoader@11cf427d for default.
[2024-10-21T13:10:19.506+0000] {spark_submit.py:634} INFO - 24/10/21 13:10:19 INFO Executor: Fetching spark://e2c3a206786d:35057/jars/postgresql-42.5.0.jar with timestamp 1729516218712
[2024-10-21T13:10:19.556+0000] {spark_submit.py:634} INFO - 24/10/21 13:10:19 INFO TransportClientFactory: Successfully created connection to e2c3a206786d/172.18.0.6:35057 after 28 ms (0 ms spent in bootstraps)
[2024-10-21T13:10:19.562+0000] {spark_submit.py:634} INFO - 24/10/21 13:10:19 INFO Utils: Fetching spark://e2c3a206786d:35057/jars/postgresql-42.5.0.jar to /tmp/spark-54f20d37-36c5-4cd4-8edb-e2453634eef6/userFiles-62dfc6a5-caef-4c1a-90cf-fb57ec3ea5bf/fetchFileTemp11718121901503076663.tmp
[2024-10-21T13:10:19.609+0000] {spark_submit.py:634} INFO - 24/10/21 13:10:19 INFO Executor: Adding file:/tmp/spark-54f20d37-36c5-4cd4-8edb-e2453634eef6/userFiles-62dfc6a5-caef-4c1a-90cf-fb57ec3ea5bf/postgresql-42.5.0.jar to class loader default
[2024-10-21T13:10:19.621+0000] {spark_submit.py:634} INFO - 24/10/21 13:10:19 INFO Utils: Successfully started service 'org.apache.spark.network.netty.NettyBlockTransferService' on port 41403.
[2024-10-21T13:10:19.621+0000] {spark_submit.py:634} INFO - 24/10/21 13:10:19 INFO NettyBlockTransferService: Server created on e2c3a206786d:41403
[2024-10-21T13:10:19.624+0000] {spark_submit.py:634} INFO - 24/10/21 13:10:19 INFO BlockManager: Using org.apache.spark.storage.RandomBlockReplicationPolicy for block replication policy
[2024-10-21T13:10:19.629+0000] {spark_submit.py:634} INFO - 24/10/21 13:10:19 INFO BlockManagerMaster: Registering BlockManager BlockManagerId(driver, e2c3a206786d, 41403, None)
[2024-10-21T13:10:19.633+0000] {spark_submit.py:634} INFO - 24/10/21 13:10:19 INFO BlockManagerMasterEndpoint: Registering block manager e2c3a206786d:41403 with 434.4 MiB RAM, BlockManagerId(driver, e2c3a206786d, 41403, None)
[2024-10-21T13:10:19.635+0000] {spark_submit.py:634} INFO - 24/10/21 13:10:19 INFO BlockManagerMaster: Registered BlockManager BlockManagerId(driver, e2c3a206786d, 41403, None)
[2024-10-21T13:10:19.638+0000] {spark_submit.py:634} INFO - 24/10/21 13:10:19 INFO BlockManager: Initialized BlockManager: BlockManagerId(driver, e2c3a206786d, 41403, None)
[2024-10-21T13:10:19.984+0000] {spark_submit.py:634} INFO - 24/10/21 13:10:19 INFO SharedState: Setting hive.metastore.warehouse.dir ('null') to the value of spark.sql.warehouse.dir.
[2024-10-21T13:10:19.986+0000] {spark_submit.py:634} INFO - 24/10/21 13:10:19 INFO SharedState: Warehouse path is 'file:/opt/***/spark-warehouse'.
[2024-10-21T13:10:20.781+0000] {spark_submit.py:634} INFO - 24/10/21 13:10:20 INFO InMemoryFileIndex: It took 105 ms to list leaf files for 2 paths.
[2024-10-21T13:10:21.120+0000] {spark_submit.py:634} INFO - 24/10/21 13:10:21 INFO SparkContext: Starting job: parquet at NativeMethodAccessorImpl.java:0
[2024-10-21T13:10:21.133+0000] {spark_submit.py:634} INFO - 24/10/21 13:10:21 INFO DAGScheduler: Got job 0 (parquet at NativeMethodAccessorImpl.java:0) with 1 output partitions
[2024-10-21T13:10:21.134+0000] {spark_submit.py:634} INFO - 24/10/21 13:10:21 INFO DAGScheduler: Final stage: ResultStage 0 (parquet at NativeMethodAccessorImpl.java:0)
[2024-10-21T13:10:21.134+0000] {spark_submit.py:634} INFO - 24/10/21 13:10:21 INFO DAGScheduler: Parents of final stage: List()
[2024-10-21T13:10:21.135+0000] {spark_submit.py:634} INFO - 24/10/21 13:10:21 INFO DAGScheduler: Missing parents: List()
[2024-10-21T13:10:21.139+0000] {spark_submit.py:634} INFO - 24/10/21 13:10:21 INFO DAGScheduler: Submitting ResultStage 0 (MapPartitionsRDD[1] at parquet at NativeMethodAccessorImpl.java:0), which has no missing parents
[2024-10-21T13:10:21.209+0000] {spark_submit.py:634} INFO - 24/10/21 13:10:21 INFO MemoryStore: Block broadcast_0 stored as values in memory (estimated size 104.5 KiB, free 434.3 MiB)
[2024-10-21T13:10:21.233+0000] {spark_submit.py:634} INFO - 24/10/21 13:10:21 INFO MemoryStore: Block broadcast_0_piece0 stored as bytes in memory (estimated size 37.7 KiB, free 434.3 MiB)
[2024-10-21T13:10:21.235+0000] {spark_submit.py:634} INFO - 24/10/21 13:10:21 INFO BlockManagerInfo: Added broadcast_0_piece0 in memory on e2c3a206786d:41403 (size: 37.7 KiB, free: 434.4 MiB)
[2024-10-21T13:10:21.238+0000] {spark_submit.py:634} INFO - 24/10/21 13:10:21 INFO SparkContext: Created broadcast 0 from broadcast at DAGScheduler.scala:1585
[2024-10-21T13:10:21.253+0000] {spark_submit.py:634} INFO - 24/10/21 13:10:21 INFO DAGScheduler: Submitting 1 missing tasks from ResultStage 0 (MapPartitionsRDD[1] at parquet at NativeMethodAccessorImpl.java:0) (first 15 tasks are for partitions Vector(0))
[2024-10-21T13:10:21.254+0000] {spark_submit.py:634} INFO - 24/10/21 13:10:21 INFO TaskSchedulerImpl: Adding task set 0.0 with 1 tasks resource profile 0
[2024-10-21T13:10:21.308+0000] {spark_submit.py:634} INFO - 24/10/21 13:10:21 INFO TaskSetManager: Starting task 0.0 in stage 0.0 (TID 0) (e2c3a206786d, executor driver, partition 0, PROCESS_LOCAL, 9381 bytes)
[2024-10-21T13:10:21.319+0000] {spark_submit.py:634} INFO - 24/10/21 13:10:21 INFO Executor: Running task 0.0 in stage 0.0 (TID 0)
[2024-10-21T13:10:21.632+0000] {spark_submit.py:634} INFO - 24/10/21 13:10:21 INFO Executor: Finished task 0.0 in stage 0.0 (TID 0). 2146 bytes result sent to driver
[2024-10-21T13:10:21.640+0000] {spark_submit.py:634} INFO - 24/10/21 13:10:21 INFO TaskSetManager: Finished task 0.0 in stage 0.0 (TID 0) in 353 ms on e2c3a206786d (executor driver) (1/1)
[2024-10-21T13:10:21.641+0000] {spark_submit.py:634} INFO - 24/10/21 13:10:21 INFO TaskSchedulerImpl: Removed TaskSet 0.0, whose tasks have all completed, from pool
[2024-10-21T13:10:21.647+0000] {spark_submit.py:634} INFO - 24/10/21 13:10:21 INFO DAGScheduler: ResultStage 0 (parquet at NativeMethodAccessorImpl.java:0) finished in 0.495 s
[2024-10-21T13:10:21.652+0000] {spark_submit.py:634} INFO - 24/10/21 13:10:21 INFO DAGScheduler: Job 0 is finished. Cancelling potential speculative or zombie tasks for this job
[2024-10-21T13:10:21.653+0000] {spark_submit.py:634} INFO - 24/10/21 13:10:21 INFO TaskSchedulerImpl: Killing all running tasks in stage 0: Stage finished
[2024-10-21T13:10:21.654+0000] {spark_submit.py:634} INFO - 24/10/21 13:10:21 INFO DAGScheduler: Job 0 finished: parquet at NativeMethodAccessorImpl.java:0, took 0.532749 s
[2024-10-21T13:10:21.913+0000] {spark_submit.py:634} INFO - 24/10/21 13:10:21 INFO BlockManagerInfo: Removed broadcast_0_piece0 on e2c3a206786d:41403 in memory (size: 37.7 KiB, free: 434.4 MiB)
[2024-10-21T13:10:22.113+0000] {spark_submit.py:634} INFO - Traceback (most recent call last):
[2024-10-21T13:10:22.114+0000] {spark_submit.py:634} INFO - File "/opt/bitnami/spark/src/scripts_spark/LoadFileToDB.py", line 59, in <module>
[2024-10-21T13:10:22.116+0000] {spark_submit.py:634} INFO - print(f'Entrou em '+{namefile})
[2024-10-21T13:10:22.116+0000] {spark_submit.py:634} INFO - ~~~~~~~~~~~~~^~~~~~~~~~~
[2024-10-21T13:10:22.117+0000] {spark_submit.py:634} INFO - TypeError: can only concatenate str (not "set") to str
[2024-10-21T13:10:22.174+0000] {spark_submit.py:634} INFO - 24/10/21 13:10:22 INFO SparkContext: Invoking stop() from shutdown hook
[2024-10-21T13:10:22.174+0000] {spark_submit.py:634} INFO - 24/10/21 13:10:22 INFO SparkContext: SparkContext is stopping with exitCode 0.
[2024-10-21T13:10:22.182+0000] {spark_submit.py:634} INFO - 24/10/21 13:10:22 INFO SparkUI: Stopped Spark web UI at http://e2c3a206786d:4040
[2024-10-21T13:10:22.192+0000] {spark_submit.py:634} INFO - 24/10/21 13:10:22 INFO MapOutputTrackerMasterEndpoint: MapOutputTrackerMasterEndpoint stopped!
[2024-10-21T13:10:22.200+0000] {spark_submit.py:634} INFO - 24/10/21 13:10:22 INFO MemoryStore: MemoryStore cleared
[2024-10-21T13:10:22.201+0000] {spark_submit.py:634} INFO - 24/10/21 13:10:22 INFO BlockManager: BlockManager stopped
[2024-10-21T13:10:22.204+0000] {spark_submit.py:634} INFO - 24/10/21 13:10:22 INFO BlockManagerMaster: BlockManagerMaster stopped
[2024-10-21T13:10:22.207+0000] {spark_submit.py:634} INFO - 24/10/21 13:10:22 INFO OutputCommitCoordinator$OutputCommitCoordinatorEndpoint: OutputCommitCoordinator stopped!
[2024-10-21T13:10:22.213+0000] {spark_submit.py:634} INFO - 24/10/21 13:10:22 INFO SparkContext: Successfully stopped SparkContext
[2024-10-21T13:10:22.214+0000] {spark_submit.py:634} INFO - 24/10/21 13:10:22 INFO ShutdownHookManager: Shutdown hook called
[2024-10-21T13:10:22.214+0000] {spark_submit.py:634} INFO - 24/10/21 13:10:22 INFO ShutdownHookManager: Deleting directory /tmp/spark-54f20d37-36c5-4cd4-8edb-e2453634eef6
[2024-10-21T13:10:22.218+0000] {spark_submit.py:634} INFO - 24/10/21 13:10:22 INFO ShutdownHookManager: Deleting directory /tmp/spark-54f20d37-36c5-4cd4-8edb-e2453634eef6/pyspark-95faa6d9-80ac-4eff-97e7-f70f39eca669
[2024-10-21T13:10:22.221+0000] {spark_submit.py:634} INFO - 24/10/21 13:10:22 INFO ShutdownHookManager: Deleting directory /tmp/spark-5c3c1515-78ba-44e7-ab76-7eec4e81ca43
[2024-10-21T13:10:22.257+0000] {taskinstance.py:3310} ERROR - Task failed with exception
Traceback (most recent call last):
  File "/home/airflow/.local/lib/python3.12/site-packages/airflow/models/taskinstance.py", line 767, in _execute_task
    result = _execute_callable(context=context, **execute_callable_kwargs)
             ^^^^^^^^^^^^^^^^^^^^^^^^^^^^^^^^^^^^^^^^^^^^^^^^^^^^^^^^^^^^^
  File "/home/airflow/.local/lib/python3.12/site-packages/airflow/models/taskinstance.py", line 733, in _execute_callable
    return ExecutionCallableRunner(
           ^^^^^^^^^^^^^^^^^^^^^^^^
  File "/home/airflow/.local/lib/python3.12/site-packages/airflow/utils/operator_helpers.py", line 252, in run
    return self.func(*args, **kwargs)
           ^^^^^^^^^^^^^^^^^^^^^^^^^^
  File "/home/airflow/.local/lib/python3.12/site-packages/airflow/models/baseoperator.py", line 406, in wrapper
    return func(self, *args, **kwargs)
           ^^^^^^^^^^^^^^^^^^^^^^^^^^^
  File "/home/airflow/.local/lib/python3.12/site-packages/airflow/providers/apache/spark/operators/spark_submit.py", line 176, in execute
    self._hook.submit(self.application)
  File "/home/airflow/.local/lib/python3.12/site-packages/airflow/providers/apache/spark/hooks/spark_submit.py", line 560, in submit
    raise AirflowException(
airflow.exceptions.AirflowException: Cannot execute: spark-submit --master yarn --driver-class-path /opt/***/jars/postgresql-42.5.0.jar --jars /opt/***/jars/postgresql-42.5.0.jar --packages org.postgresql:postgresql:42.5.0 --name arrow-spark /opt/bitnami/spark/src/scripts_spark/LoadFileToDB.py. Error code is: 1.
[2024-10-21T13:10:22.261+0000] {taskinstance.py:1225} INFO - Marking task as FAILED. dag_id=LoadWebScraping, task_id=spark_job, run_id=manual__2024-10-21T13:10:11.575607+00:00, execution_date=20241021T131011, start_date=20241021T131015, end_date=20241021T131022
[2024-10-21T13:10:22.272+0000] {taskinstance.py:340} INFO - ::group::Post task execution logs
[2024-10-21T13:10:22.273+0000] {standard_task_runner.py:124} ERROR - Failed to execute job 309 for task spark_job (Cannot execute: spark-submit --master yarn --driver-class-path /opt/***/jars/postgresql-42.5.0.jar --jars /opt/***/jars/postgresql-42.5.0.jar --packages org.postgresql:postgresql:42.5.0 --name arrow-spark /opt/bitnami/spark/src/scripts_spark/LoadFileToDB.py. Error code is: 1.; 2504)
Traceback (most recent call last):
  File "/home/airflow/.local/lib/python3.12/site-packages/airflow/task/task_runner/standard_task_runner.py", line 117, in _start_by_fork
    ret = args.func(args, dag=self.dag)
          ^^^^^^^^^^^^^^^^^^^^^^^^^^^^^
  File "/home/airflow/.local/lib/python3.12/site-packages/airflow/cli/cli_config.py", line 49, in command
    return func(*args, **kwargs)
           ^^^^^^^^^^^^^^^^^^^^^
  File "/home/airflow/.local/lib/python3.12/site-packages/airflow/utils/cli.py", line 115, in wrapper
    return f(*args, **kwargs)
           ^^^^^^^^^^^^^^^^^^
  File "/home/airflow/.local/lib/python3.12/site-packages/airflow/cli/commands/task_command.py", line 483, in task_run
    task_return_code = _run_task_by_selected_method(args, _dag, ti)
                       ^^^^^^^^^^^^^^^^^^^^^^^^^^^^^^^^^^^^^^^^^^^^
  File "/home/airflow/.local/lib/python3.12/site-packages/airflow/cli/commands/task_command.py", line 256, in _run_task_by_selected_method
    return _run_raw_task(args, ti)
           ^^^^^^^^^^^^^^^^^^^^^^^
  File "/home/airflow/.local/lib/python3.12/site-packages/airflow/cli/commands/task_command.py", line 341, in _run_raw_task
    return ti._run_raw_task(
           ^^^^^^^^^^^^^^^^^
  File "/home/airflow/.local/lib/python3.12/site-packages/airflow/utils/session.py", line 97, in wrapper
    return func(*args, session=session, **kwargs)
           ^^^^^^^^^^^^^^^^^^^^^^^^^^^^^^^^^^^^^^
  File "/home/airflow/.local/lib/python3.12/site-packages/airflow/models/taskinstance.py", line 3004, in _run_raw_task
    return _run_raw_task(
           ^^^^^^^^^^^^^^
  File "/home/airflow/.local/lib/python3.12/site-packages/airflow/models/taskinstance.py", line 273, in _run_raw_task
    TaskInstance._execute_task_with_callbacks(
  File "/home/airflow/.local/lib/python3.12/site-packages/airflow/models/taskinstance.py", line 3158, in _execute_task_with_callbacks
    result = self._execute_task(context, task_orig)
             ^^^^^^^^^^^^^^^^^^^^^^^^^^^^^^^^^^^^^^
  File "/home/airflow/.local/lib/python3.12/site-packages/airflow/models/taskinstance.py", line 3182, in _execute_task
    return _execute_task(self, context, task_orig)
           ^^^^^^^^^^^^^^^^^^^^^^^^^^^^^^^^^^^^^^^
  File "/home/airflow/.local/lib/python3.12/site-packages/airflow/models/taskinstance.py", line 767, in _execute_task
    result = _execute_callable(context=context, **execute_callable_kwargs)
             ^^^^^^^^^^^^^^^^^^^^^^^^^^^^^^^^^^^^^^^^^^^^^^^^^^^^^^^^^^^^^
  File "/home/airflow/.local/lib/python3.12/site-packages/airflow/models/taskinstance.py", line 733, in _execute_callable
    return ExecutionCallableRunner(
           ^^^^^^^^^^^^^^^^^^^^^^^^
  File "/home/airflow/.local/lib/python3.12/site-packages/airflow/utils/operator_helpers.py", line 252, in run
    return self.func(*args, **kwargs)
           ^^^^^^^^^^^^^^^^^^^^^^^^^^
  File "/home/airflow/.local/lib/python3.12/site-packages/airflow/models/baseoperator.py", line 406, in wrapper
    return func(self, *args, **kwargs)
           ^^^^^^^^^^^^^^^^^^^^^^^^^^^
  File "/home/airflow/.local/lib/python3.12/site-packages/airflow/providers/apache/spark/operators/spark_submit.py", line 176, in execute
    self._hook.submit(self.application)
  File "/home/airflow/.local/lib/python3.12/site-packages/airflow/providers/apache/spark/hooks/spark_submit.py", line 560, in submit
    raise AirflowException(
airflow.exceptions.AirflowException: Cannot execute: spark-submit --master yarn --driver-class-path /opt/***/jars/postgresql-42.5.0.jar --jars /opt/***/jars/postgresql-42.5.0.jar --packages org.postgresql:postgresql:42.5.0 --name arrow-spark /opt/bitnami/spark/src/scripts_spark/LoadFileToDB.py. Error code is: 1.
[2024-10-21T13:10:22.291+0000] {local_task_job_runner.py:266} INFO - Task exited with return code 1
[2024-10-21T13:10:22.338+0000] {taskinstance.py:3900} INFO - 0 downstream tasks scheduled from follow-on schedule check
[2024-10-21T13:10:22.344+0000] {local_task_job_runner.py:245} INFO - ::endgroup::
