[2024-10-05T11:25:46.695+0000] {local_task_job_runner.py:123} INFO - ::group::Pre task execution logs
[2024-10-05T11:25:46.712+0000] {taskinstance.py:2612} INFO - Dependencies all met for dep_context=non-requeueable deps ti=<TaskInstance: SitesWebScraping.pichau_tasks.Spark_Transformation_pichau manual__2024-10-05T11:23:18.386011+00:00 [queued]>
[2024-10-05T11:25:46.725+0000] {taskinstance.py:2612} INFO - Dependencies all met for dep_context=requeueable deps ti=<TaskInstance: SitesWebScraping.pichau_tasks.Spark_Transformation_pichau manual__2024-10-05T11:23:18.386011+00:00 [queued]>
[2024-10-05T11:25:46.725+0000] {taskinstance.py:2865} INFO - Starting attempt 1 of 1
[2024-10-05T11:25:46.745+0000] {taskinstance.py:2888} INFO - Executing <Task(OperatorSubmitSpark): pichau_tasks.Spark_Transformation_pichau> on 2024-10-05 11:23:18.386011+00:00
[2024-10-05T11:25:46.755+0000] {warnings.py:112} WARNING - /home/***/.local/lib/python3.12/site-packages/***/task/task_runner/standard_task_runner.py:70: DeprecationWarning: This process (pid=1023) is multi-threaded, use of fork() may lead to deadlocks in the child.
  pid = os.fork()

[2024-10-05T11:25:46.757+0000] {standard_task_runner.py:72} INFO - Started process 1024 to run task
[2024-10-05T11:25:46.757+0000] {standard_task_runner.py:104} INFO - Running: ['***', 'tasks', 'run', 'SitesWebScraping', 'pichau_tasks.Spark_Transformation_pichau', 'manual__2024-10-05T11:23:18.386011+00:00', '--job-id', '1145', '--raw', '--subdir', 'DAGS_FOLDER/DagWebScraping.py', '--cfg-path', '/tmp/tmpugq95kaj']
[2024-10-05T11:25:46.760+0000] {standard_task_runner.py:105} INFO - Job 1145: Subtask pichau_tasks.Spark_Transformation_pichau
[2024-10-05T11:25:46.814+0000] {task_command.py:467} INFO - Running <TaskInstance: SitesWebScraping.pichau_tasks.Spark_Transformation_pichau manual__2024-10-05T11:23:18.386011+00:00 [running]> on host e823e678f418
[2024-10-05T11:25:46.911+0000] {taskinstance.py:3131} INFO - Exporting env vars: AIRFLOW_CTX_DAG_OWNER='***' AIRFLOW_CTX_DAG_ID='SitesWebScraping' AIRFLOW_CTX_TASK_ID='pichau_tasks.Spark_Transformation_pichau' AIRFLOW_CTX_EXECUTION_DATE='2024-10-05T11:23:18.386011+00:00' AIRFLOW_CTX_TRY_NUMBER='1' AIRFLOW_CTX_DAG_RUN_ID='manual__2024-10-05T11:23:18.386011+00:00'
[2024-10-05T11:25:46.913+0000] {taskinstance.py:731} INFO - ::endgroup::
[2024-10-05T11:25:46.941+0000] {logging_mixin.py:190} INFO - None
[2024-10-05T11:25:46.941+0000] {baseoperator.py:405} WARNING - OperatorSubmitSpark.execute cannot be called outside TaskInstance!
[2024-10-05T11:25:46.949+0000] {base.py:84} INFO - Retrieving connection 'spark_default'
[2024-10-05T11:25:46.953+0000] {spark_submit.py:403} INFO - Spark-Submit cmd: spark-submit --master spark://spark:7077 --num-executors 2 --driver-memory 512M --name arrow-spark --deploy-mode client /opt/bitnami/spark/src/scripts_spark/WebScraping_Transformation.py --path_save_transfor None --json_file_path None
[2024-10-05T11:25:50.325+0000] {spark_submit.py:579} INFO - 24/10/05 11:25:50 INFO SparkContext: Running Spark version 3.5.2
[2024-10-05T11:25:50.326+0000] {spark_submit.py:579} INFO - 24/10/05 11:25:50 INFO SparkContext: OS info Linux, 5.15.153.1-microsoft-standard-WSL2, amd64
[2024-10-05T11:25:50.327+0000] {spark_submit.py:579} INFO - 24/10/05 11:25:50 INFO SparkContext: Java version 17.0.12
[2024-10-05T11:25:50.386+0000] {spark_submit.py:579} INFO - 24/10/05 11:25:50 WARN NativeCodeLoader: Unable to load native-hadoop library for your platform... using builtin-java classes where applicable
[2024-10-05T11:25:50.494+0000] {spark_submit.py:579} INFO - 24/10/05 11:25:50 INFO ResourceUtils: ==============================================================
[2024-10-05T11:25:50.494+0000] {spark_submit.py:579} INFO - 24/10/05 11:25:50 INFO ResourceUtils: No custom resources configured for spark.driver.
[2024-10-05T11:25:50.495+0000] {spark_submit.py:579} INFO - 24/10/05 11:25:50 INFO ResourceUtils: ==============================================================
[2024-10-05T11:25:50.495+0000] {spark_submit.py:579} INFO - 24/10/05 11:25:50 INFO SparkContext: Submitted application: Test
[2024-10-05T11:25:50.519+0000] {spark_submit.py:579} INFO - 24/10/05 11:25:50 INFO ResourceProfile: Default ResourceProfile created, executor resources: Map(cores -> name: cores, amount: 1, script: , vendor: , memory -> name: memory, amount: 1024, script: , vendor: , offHeap -> name: offHeap, amount: 0, script: , vendor: ), task resources: Map(cpus -> name: cpus, amount: 1.0)
[2024-10-05T11:25:50.530+0000] {spark_submit.py:579} INFO - 24/10/05 11:25:50 INFO ResourceProfile: Limiting resource is cpu
[2024-10-05T11:25:50.530+0000] {spark_submit.py:579} INFO - 24/10/05 11:25:50 INFO ResourceProfileManager: Added ResourceProfile id: 0
[2024-10-05T11:25:50.584+0000] {spark_submit.py:579} INFO - 24/10/05 11:25:50 INFO SecurityManager: Changing view acls to: ***
[2024-10-05T11:25:50.585+0000] {spark_submit.py:579} INFO - 24/10/05 11:25:50 INFO SecurityManager: Changing modify acls to: ***
[2024-10-05T11:25:50.585+0000] {spark_submit.py:579} INFO - 24/10/05 11:25:50 INFO SecurityManager: Changing view acls groups to:
[2024-10-05T11:25:50.589+0000] {spark_submit.py:579} INFO - 24/10/05 11:25:50 INFO SecurityManager: Changing modify acls groups to:
[2024-10-05T11:25:50.589+0000] {spark_submit.py:579} INFO - 24/10/05 11:25:50 INFO SecurityManager: SecurityManager: authentication disabled; ui acls disabled; users with view permissions: ***; groups with view permissions: EMPTY; users with modify permissions: ***; groups with modify permissions: EMPTY
[2024-10-05T11:25:50.811+0000] {spark_submit.py:579} INFO - 24/10/05 11:25:50 INFO Utils: Successfully started service 'sparkDriver' on port 45601.
[2024-10-05T11:25:50.836+0000] {spark_submit.py:579} INFO - 24/10/05 11:25:50 INFO SparkEnv: Registering MapOutputTracker
[2024-10-05T11:25:50.867+0000] {spark_submit.py:579} INFO - 24/10/05 11:25:50 INFO SparkEnv: Registering BlockManagerMaster
[2024-10-05T11:25:50.881+0000] {spark_submit.py:579} INFO - 24/10/05 11:25:50 INFO BlockManagerMasterEndpoint: Using org.apache.spark.storage.DefaultTopologyMapper for getting topology information
[2024-10-05T11:25:50.882+0000] {spark_submit.py:579} INFO - 24/10/05 11:25:50 INFO BlockManagerMasterEndpoint: BlockManagerMasterEndpoint up
[2024-10-05T11:25:50.885+0000] {spark_submit.py:579} INFO - 24/10/05 11:25:50 INFO SparkEnv: Registering BlockManagerMasterHeartbeat
[2024-10-05T11:25:50.908+0000] {spark_submit.py:579} INFO - 24/10/05 11:25:50 INFO DiskBlockManager: Created local directory at /tmp/blockmgr-93e04f50-b5f4-4030-a1df-ca7c9b07a227
[2024-10-05T11:25:50.928+0000] {spark_submit.py:579} INFO - 24/10/05 11:25:50 INFO MemoryStore: MemoryStore started with capacity 127.2 MiB
[2024-10-05T11:25:50.951+0000] {spark_submit.py:579} INFO - 24/10/05 11:25:50 INFO SparkEnv: Registering OutputCommitCoordinator
[2024-10-05T11:25:51.101+0000] {spark_submit.py:579} INFO - 24/10/05 11:25:51 INFO JettyUtils: Start Jetty 0.0.0.0:4040 for SparkUI
[2024-10-05T11:25:51.169+0000] {spark_submit.py:579} INFO - 24/10/05 11:25:51 INFO Utils: Successfully started service 'SparkUI' on port 4040.
[2024-10-05T11:25:51.357+0000] {spark_submit.py:579} INFO - 24/10/05 11:25:51 INFO Executor: Starting executor ID driver on host e823e678f418
[2024-10-05T11:25:51.358+0000] {spark_submit.py:579} INFO - 24/10/05 11:25:51 INFO Executor: OS info Linux, 5.15.153.1-microsoft-standard-WSL2, amd64
[2024-10-05T11:25:51.360+0000] {spark_submit.py:579} INFO - 24/10/05 11:25:51 INFO Executor: Java version 17.0.12
[2024-10-05T11:25:51.366+0000] {spark_submit.py:579} INFO - 24/10/05 11:25:51 INFO Executor: Starting executor with user classpath (userClassPathFirst = false): ''
[2024-10-05T11:25:51.368+0000] {spark_submit.py:579} INFO - 24/10/05 11:25:51 INFO Executor: Created or updated repl class loader org.apache.spark.util.MutableURLClassLoader@71c9df3d for default.
[2024-10-05T11:25:51.397+0000] {spark_submit.py:579} INFO - 24/10/05 11:25:51 INFO Utils: Successfully started service 'org.apache.spark.network.netty.NettyBlockTransferService' on port 33551.
[2024-10-05T11:25:51.398+0000] {spark_submit.py:579} INFO - 24/10/05 11:25:51 INFO NettyBlockTransferService: Server created on e823e678f418:33551
[2024-10-05T11:25:51.400+0000] {spark_submit.py:579} INFO - 24/10/05 11:25:51 INFO BlockManager: Using org.apache.spark.storage.RandomBlockReplicationPolicy for block replication policy
[2024-10-05T11:25:51.409+0000] {spark_submit.py:579} INFO - 24/10/05 11:25:51 INFO BlockManagerMaster: Registering BlockManager BlockManagerId(driver, e823e678f418, 33551, None)
[2024-10-05T11:25:51.414+0000] {spark_submit.py:579} INFO - 24/10/05 11:25:51 INFO BlockManagerMasterEndpoint: Registering block manager e823e678f418:33551 with 127.2 MiB RAM, BlockManagerId(driver, e823e678f418, 33551, None)
[2024-10-05T11:25:51.416+0000] {spark_submit.py:579} INFO - 24/10/05 11:25:51 INFO BlockManagerMaster: Registered BlockManager BlockManagerId(driver, e823e678f418, 33551, None)
[2024-10-05T11:25:51.418+0000] {spark_submit.py:579} INFO - 24/10/05 11:25:51 INFO BlockManager: Initialized BlockManager: BlockManagerId(driver, e823e678f418, 33551, None)
[2024-10-05T11:25:51.849+0000] {spark_submit.py:579} INFO - 24/10/05 11:25:51 INFO SharedState: Setting hive.metastore.warehouse.dir ('null') to the value of spark.sql.warehouse.dir.
[2024-10-05T11:25:51.855+0000] {spark_submit.py:579} INFO - 24/10/05 11:25:51 INFO SharedState: Warehouse path is 'file:/opt/***/spark-warehouse'.
[2024-10-05T11:25:53.046+0000] {spark_submit.py:579} INFO - Traceback (most recent call last):
[2024-10-05T11:25:53.047+0000] {spark_submit.py:579} INFO - File "/opt/bitnami/spark/src/scripts_spark/WebScraping_Transformation.py", line 129, in <module>
[2024-10-05T11:25:53.048+0000] {spark_submit.py:579} INFO - transformation_data(args.json_file_path,args.path_save_transfor)
[2024-10-05T11:25:53.049+0000] {spark_submit.py:579} INFO - File "/opt/bitnami/spark/src/scripts_spark/WebScraping_Transformation.py", line 28, in transformation_data
[2024-10-05T11:25:53.050+0000] {spark_submit.py:579} INFO - df=spark.read.json(path)
[2024-10-05T11:25:53.051+0000] {spark_submit.py:579} INFO - ^^^^^^^^^^^^^^^^^^^^^
[2024-10-05T11:25:53.051+0000] {spark_submit.py:579} INFO - File "/home/***/.local/lib/python3.12/site-packages/pyspark/python/lib/pyspark.zip/pyspark/sql/readwriter.py", line 425, in json
[2024-10-05T11:25:53.052+0000] {spark_submit.py:579} INFO - File "/home/***/.local/lib/python3.12/site-packages/pyspark/python/lib/py4j-0.10.9.7-src.zip/py4j/java_gateway.py", line 1322, in __call__
[2024-10-05T11:25:53.052+0000] {spark_submit.py:579} INFO - File "/home/***/.local/lib/python3.12/site-packages/pyspark/python/lib/pyspark.zip/pyspark/errors/exceptions/captured.py", line 185, in deco
[2024-10-05T11:25:53.060+0000] {spark_submit.py:579} INFO - pyspark.errors.exceptions.captured.AnalysisException: [PATH_NOT_FOUND] Path does not exist: file:/opt/***/None.
[2024-10-05T11:25:53.110+0000] {spark_submit.py:579} INFO - 24/10/05 11:25:53 INFO SparkContext: Invoking stop() from shutdown hook
[2024-10-05T11:25:53.111+0000] {spark_submit.py:579} INFO - 24/10/05 11:25:53 INFO SparkContext: SparkContext is stopping with exitCode 0.
[2024-10-05T11:25:53.120+0000] {spark_submit.py:579} INFO - 24/10/05 11:25:53 INFO SparkUI: Stopped Spark web UI at http://e823e678f418:4040
[2024-10-05T11:25:53.134+0000] {spark_submit.py:579} INFO - 24/10/05 11:25:53 INFO MapOutputTrackerMasterEndpoint: MapOutputTrackerMasterEndpoint stopped!
[2024-10-05T11:25:53.144+0000] {spark_submit.py:579} INFO - 24/10/05 11:25:53 INFO MemoryStore: MemoryStore cleared
[2024-10-05T11:25:53.144+0000] {spark_submit.py:579} INFO - 24/10/05 11:25:53 INFO BlockManager: BlockManager stopped
[2024-10-05T11:25:53.149+0000] {spark_submit.py:579} INFO - 24/10/05 11:25:53 INFO BlockManagerMaster: BlockManagerMaster stopped
[2024-10-05T11:25:53.151+0000] {spark_submit.py:579} INFO - 24/10/05 11:25:53 INFO OutputCommitCoordinator$OutputCommitCoordinatorEndpoint: OutputCommitCoordinator stopped!
[2024-10-05T11:25:53.158+0000] {spark_submit.py:579} INFO - 24/10/05 11:25:53 INFO SparkContext: Successfully stopped SparkContext
[2024-10-05T11:25:53.159+0000] {spark_submit.py:579} INFO - 24/10/05 11:25:53 INFO ShutdownHookManager: Shutdown hook called
[2024-10-05T11:25:53.161+0000] {spark_submit.py:579} INFO - 24/10/05 11:25:53 INFO ShutdownHookManager: Deleting directory /tmp/spark-11f16443-b90d-4e53-b18f-2eae86e6e174
[2024-10-05T11:25:53.164+0000] {spark_submit.py:579} INFO - 24/10/05 11:25:53 INFO ShutdownHookManager: Deleting directory /tmp/spark-105131e6-3caa-41f5-98fa-73d39ebfaa0e/pyspark-f331d570-9fa6-4f8c-adca-b61a3f978a11
[2024-10-05T11:25:53.168+0000] {spark_submit.py:579} INFO - 24/10/05 11:25:53 INFO ShutdownHookManager: Deleting directory /tmp/spark-105131e6-3caa-41f5-98fa-73d39ebfaa0e
[2024-10-05T11:25:53.217+0000] {taskinstance.py:3310} ERROR - Task failed with exception
Traceback (most recent call last):
  File "/home/airflow/.local/lib/python3.12/site-packages/airflow/models/taskinstance.py", line 767, in _execute_task
    result = _execute_callable(context=context, **execute_callable_kwargs)
             ^^^^^^^^^^^^^^^^^^^^^^^^^^^^^^^^^^^^^^^^^^^^^^^^^^^^^^^^^^^^^
  File "/home/airflow/.local/lib/python3.12/site-packages/airflow/models/taskinstance.py", line 733, in _execute_callable
    return ExecutionCallableRunner(
           ^^^^^^^^^^^^^^^^^^^^^^^^
  File "/home/airflow/.local/lib/python3.12/site-packages/airflow/utils/operator_helpers.py", line 252, in run
    return self.func(*args, **kwargs)
           ^^^^^^^^^^^^^^^^^^^^^^^^^^
  File "/home/airflow/.local/lib/python3.12/site-packages/airflow/models/baseoperator.py", line 406, in wrapper
    return func(self, *args, **kwargs)
           ^^^^^^^^^^^^^^^^^^^^^^^^^^^
  File "/opt/airflow/operators/OperatorSpark.py", line 22, in execute
    super().execute(context)
  File "/home/airflow/.local/lib/python3.12/site-packages/airflow/models/baseoperator.py", line 406, in wrapper
    return func(self, *args, **kwargs)
           ^^^^^^^^^^^^^^^^^^^^^^^^^^^
  File "/home/airflow/.local/lib/python3.12/site-packages/airflow/providers/apache/spark/operators/spark_submit.py", line 174, in execute
    self._hook.submit(self.application)
  File "/home/airflow/.local/lib/python3.12/site-packages/airflow/providers/apache/spark/hooks/spark_submit.py", line 505, in submit
    raise AirflowException(
airflow.exceptions.AirflowException: Cannot execute: spark-submit --master spark://spark:7077 --num-executors 2 --driver-memory 512M --name arrow-spark --deploy-mode client /opt/bitnami/spark/src/scripts_spark/WebScraping_Transformation.py --path_save_transfor None --json_file_path None. Error code is: 1.
[2024-10-05T11:25:53.224+0000] {taskinstance.py:1225} INFO - Marking task as FAILED. dag_id=SitesWebScraping, task_id=pichau_tasks.Spark_Transformation_pichau, run_id=manual__2024-10-05T11:23:18.386011+00:00, execution_date=20241005T112318, start_date=20241005T112546, end_date=20241005T112553
[2024-10-05T11:25:53.239+0000] {taskinstance.py:340} INFO - ::group::Post task execution logs
[2024-10-05T11:25:53.240+0000] {standard_task_runner.py:124} ERROR - Failed to execute job 1145 for task pichau_tasks.Spark_Transformation_pichau (Cannot execute: spark-submit --master spark://spark:7077 --num-executors 2 --driver-memory 512M --name arrow-spark --deploy-mode client /opt/bitnami/spark/src/scripts_spark/WebScraping_Transformation.py --path_save_transfor None --json_file_path None. Error code is: 1.; 1024)
Traceback (most recent call last):
  File "/home/airflow/.local/lib/python3.12/site-packages/airflow/task/task_runner/standard_task_runner.py", line 117, in _start_by_fork
    ret = args.func(args, dag=self.dag)
          ^^^^^^^^^^^^^^^^^^^^^^^^^^^^^
  File "/home/airflow/.local/lib/python3.12/site-packages/airflow/cli/cli_config.py", line 49, in command
    return func(*args, **kwargs)
           ^^^^^^^^^^^^^^^^^^^^^
  File "/home/airflow/.local/lib/python3.12/site-packages/airflow/utils/cli.py", line 115, in wrapper
    return f(*args, **kwargs)
           ^^^^^^^^^^^^^^^^^^
  File "/home/airflow/.local/lib/python3.12/site-packages/airflow/cli/commands/task_command.py", line 483, in task_run
    task_return_code = _run_task_by_selected_method(args, _dag, ti)
                       ^^^^^^^^^^^^^^^^^^^^^^^^^^^^^^^^^^^^^^^^^^^^
  File "/home/airflow/.local/lib/python3.12/site-packages/airflow/cli/commands/task_command.py", line 256, in _run_task_by_selected_method
    return _run_raw_task(args, ti)
           ^^^^^^^^^^^^^^^^^^^^^^^
  File "/home/airflow/.local/lib/python3.12/site-packages/airflow/cli/commands/task_command.py", line 341, in _run_raw_task
    return ti._run_raw_task(
           ^^^^^^^^^^^^^^^^^
  File "/home/airflow/.local/lib/python3.12/site-packages/airflow/utils/session.py", line 97, in wrapper
    return func(*args, session=session, **kwargs)
           ^^^^^^^^^^^^^^^^^^^^^^^^^^^^^^^^^^^^^^
  File "/home/airflow/.local/lib/python3.12/site-packages/airflow/models/taskinstance.py", line 3004, in _run_raw_task
    return _run_raw_task(
           ^^^^^^^^^^^^^^
  File "/home/airflow/.local/lib/python3.12/site-packages/airflow/models/taskinstance.py", line 273, in _run_raw_task
    TaskInstance._execute_task_with_callbacks(
  File "/home/airflow/.local/lib/python3.12/site-packages/airflow/models/taskinstance.py", line 3158, in _execute_task_with_callbacks
    result = self._execute_task(context, task_orig)
             ^^^^^^^^^^^^^^^^^^^^^^^^^^^^^^^^^^^^^^
  File "/home/airflow/.local/lib/python3.12/site-packages/airflow/models/taskinstance.py", line 3182, in _execute_task
    return _execute_task(self, context, task_orig)
           ^^^^^^^^^^^^^^^^^^^^^^^^^^^^^^^^^^^^^^^
  File "/home/airflow/.local/lib/python3.12/site-packages/airflow/models/taskinstance.py", line 767, in _execute_task
    result = _execute_callable(context=context, **execute_callable_kwargs)
             ^^^^^^^^^^^^^^^^^^^^^^^^^^^^^^^^^^^^^^^^^^^^^^^^^^^^^^^^^^^^^
  File "/home/airflow/.local/lib/python3.12/site-packages/airflow/models/taskinstance.py", line 733, in _execute_callable
    return ExecutionCallableRunner(
           ^^^^^^^^^^^^^^^^^^^^^^^^
  File "/home/airflow/.local/lib/python3.12/site-packages/airflow/utils/operator_helpers.py", line 252, in run
    return self.func(*args, **kwargs)
           ^^^^^^^^^^^^^^^^^^^^^^^^^^
  File "/home/airflow/.local/lib/python3.12/site-packages/airflow/models/baseoperator.py", line 406, in wrapper
    return func(self, *args, **kwargs)
           ^^^^^^^^^^^^^^^^^^^^^^^^^^^
  File "/opt/airflow/operators/OperatorSpark.py", line 22, in execute
    super().execute(context)
  File "/home/airflow/.local/lib/python3.12/site-packages/airflow/models/baseoperator.py", line 406, in wrapper
    return func(self, *args, **kwargs)
           ^^^^^^^^^^^^^^^^^^^^^^^^^^^
  File "/home/airflow/.local/lib/python3.12/site-packages/airflow/providers/apache/spark/operators/spark_submit.py", line 174, in execute
    self._hook.submit(self.application)
  File "/home/airflow/.local/lib/python3.12/site-packages/airflow/providers/apache/spark/hooks/spark_submit.py", line 505, in submit
    raise AirflowException(
airflow.exceptions.AirflowException: Cannot execute: spark-submit --master spark://spark:7077 --num-executors 2 --driver-memory 512M --name arrow-spark --deploy-mode client /opt/bitnami/spark/src/scripts_spark/WebScraping_Transformation.py --path_save_transfor None --json_file_path None. Error code is: 1.
[2024-10-05T11:25:53.261+0000] {local_task_job_runner.py:266} INFO - Task exited with return code 1
[2024-10-05T11:25:53.279+0000] {taskinstance.py:3900} INFO - 0 downstream tasks scheduled from follow-on schedule check
[2024-10-05T11:25:53.284+0000] {local_task_job_runner.py:245} INFO - ::endgroup::
