[2024-10-05T21:26:46.960+0000] {local_task_job_runner.py:123} INFO - ::group::Pre task execution logs
[2024-10-05T21:26:46.979+0000] {taskinstance.py:2612} INFO - Dependencies all met for dep_context=non-requeueable deps ti=<TaskInstance: pipeline_webscraping.kabum_tasks.Create_Container_Silver_kabum manual__2024-10-05T21:19:55.083482+00:00 [queued]>
[2024-10-05T21:26:46.987+0000] {taskinstance.py:2612} INFO - Dependencies all met for dep_context=requeueable deps ti=<TaskInstance: pipeline_webscraping.kabum_tasks.Create_Container_Silver_kabum manual__2024-10-05T21:19:55.083482+00:00 [queued]>
[2024-10-05T21:26:46.988+0000] {taskinstance.py:2865} INFO - Starting attempt 1 of 1
[2024-10-05T21:26:47.004+0000] {taskinstance.py:2888} INFO - Executing <Task(CreateContainerInDataLake): kabum_tasks.Create_Container_Silver_kabum> on 2024-10-05 21:19:55.083482+00:00
[2024-10-05T21:26:47.013+0000] {warnings.py:112} WARNING - /home/***/.local/lib/python3.12/site-packages/***/task/task_runner/standard_task_runner.py:70: DeprecationWarning: This process (pid=11835) is multi-threaded, use of fork() may lead to deadlocks in the child.
  pid = os.fork()

[2024-10-05T21:26:47.015+0000] {standard_task_runner.py:72} INFO - Started process 11837 to run task
[2024-10-05T21:26:47.015+0000] {standard_task_runner.py:104} INFO - Running: ['***', 'tasks', 'run', 'pipeline_webscraping', 'kabum_tasks.Create_Container_Silver_kabum', 'manual__2024-10-05T21:19:55.083482+00:00', '--job-id', '1234', '--raw', '--subdir', 'DAGS_FOLDER/DagWebScraping.py', '--cfg-path', '/tmp/tmph4wkumy5']
[2024-10-05T21:26:47.017+0000] {standard_task_runner.py:105} INFO - Job 1234: Subtask kabum_tasks.Create_Container_Silver_kabum
[2024-10-05T21:26:47.067+0000] {task_command.py:467} INFO - Running <TaskInstance: pipeline_webscraping.kabum_tasks.Create_Container_Silver_kabum manual__2024-10-05T21:19:55.083482+00:00 [running]> on host e823e678f418
[2024-10-05T21:26:47.186+0000] {taskinstance.py:3131} INFO - Exporting env vars: AIRFLOW_CTX_DAG_OWNER='***' AIRFLOW_CTX_DAG_ID='pipeline_webscraping' AIRFLOW_CTX_TASK_ID='kabum_tasks.Create_Container_Silver_kabum' AIRFLOW_CTX_EXECUTION_DATE='2024-10-05T21:19:55.083482+00:00' AIRFLOW_CTX_TRY_NUMBER='1' AIRFLOW_CTX_DAG_RUN_ID='manual__2024-10-05T21:19:55.083482+00:00'
[2024-10-05T21:26:47.187+0000] {taskinstance.py:731} INFO - ::endgroup::
[2024-10-05T21:26:47.202+0000] {baseoperator.py:405} WARNING - CreateContainerInDataLake.execute cannot be called outside TaskInstance!
[2024-10-05T21:26:47.203+0000] {subprocess.py:63} INFO - Tmp dir root location: /tmp
[2024-10-05T21:26:47.204+0000] {subprocess.py:75} INFO - Running command: ['/usr/bin/bash', '-c', 'mkdir -p /opt/***/datalake/silverzone/kabum_2024-10-05']
[2024-10-05T21:26:47.221+0000] {subprocess.py:86} INFO - Output:
[2024-10-05T21:26:47.229+0000] {subprocess.py:97} INFO - Command exited with return code 0
[2024-10-05T21:26:47.253+0000] {taskinstance.py:340} INFO - ::group::Post task execution logs
[2024-10-05T21:26:47.254+0000] {taskinstance.py:352} INFO - Marking task as SUCCESS. dag_id=pipeline_webscraping, task_id=kabum_tasks.Create_Container_Silver_kabum, run_id=manual__2024-10-05T21:19:55.083482+00:00, execution_date=20241005T211955, start_date=20241005T212646, end_date=20241005T212647
[2024-10-05T21:26:47.310+0000] {local_task_job_runner.py:266} INFO - Task exited with return code 0
[2024-10-05T21:26:47.338+0000] {taskinstance.py:3900} INFO - 1 downstream tasks scheduled from follow-on schedule check
[2024-10-05T21:26:47.341+0000] {local_task_job_runner.py:245} INFO - ::endgroup::
