[2024-10-05T20:49:16.835+0000] {local_task_job_runner.py:123} INFO - ::group::Pre task execution logs
[2024-10-05T20:49:16.850+0000] {taskinstance.py:2612} INFO - Dependencies all met for dep_context=non-requeueable deps ti=<TaskInstance: pipeline_webscraping.Check_for_file_pichau manual__2024-10-05T20:42:40.167692+00:00 [queued]>
[2024-10-05T20:49:16.858+0000] {taskinstance.py:2612} INFO - Dependencies all met for dep_context=requeueable deps ti=<TaskInstance: pipeline_webscraping.Check_for_file_pichau manual__2024-10-05T20:42:40.167692+00:00 [queued]>
[2024-10-05T20:49:16.873+0000] {taskinstance.py:2865} INFO - Starting attempt 1 of 1
[2024-10-05T20:49:16.895+0000] {taskinstance.py:2888} INFO - Executing <Task(OperatorFileSensor): Check_for_file_pichau> on 2024-10-05 20:42:40.167692+00:00
[2024-10-05T20:49:16.902+0000] {warnings.py:112} WARNING - /home/***/.local/lib/python3.12/site-packages/***/task/task_runner/standard_task_runner.py:70: DeprecationWarning: This process (pid=10298) is multi-threaded, use of fork() may lead to deadlocks in the child.
  pid = os.fork()

[2024-10-05T20:49:16.904+0000] {standard_task_runner.py:72} INFO - Started process 10302 to run task
[2024-10-05T20:49:16.904+0000] {standard_task_runner.py:104} INFO - Running: ['***', 'tasks', 'run', 'pipeline_webscraping', 'Check_for_file_pichau', 'manual__2024-10-05T20:42:40.167692+00:00', '--job-id', '1209', '--raw', '--subdir', 'DAGS_FOLDER/DagWebScraping.py', '--cfg-path', '/tmp/tmp21ix_11y']
[2024-10-05T20:49:16.907+0000] {standard_task_runner.py:105} INFO - Job 1209: Subtask Check_for_file_pichau
[2024-10-05T20:49:16.950+0000] {task_command.py:467} INFO - Running <TaskInstance: pipeline_webscraping.Check_for_file_pichau manual__2024-10-05T20:42:40.167692+00:00 [running]> on host e823e678f418
[2024-10-05T20:49:17.025+0000] {taskinstance.py:3131} INFO - Exporting env vars: AIRFLOW_CTX_DAG_OWNER='***' AIRFLOW_CTX_DAG_ID='pipeline_webscraping' AIRFLOW_CTX_TASK_ID='Check_for_file_pichau' AIRFLOW_CTX_EXECUTION_DATE='2024-10-05T20:42:40.167692+00:00' AIRFLOW_CTX_TRY_NUMBER='1' AIRFLOW_CTX_DAG_RUN_ID='manual__2024-10-05T20:42:40.167692+00:00'
[2024-10-05T20:49:17.027+0000] {taskinstance.py:731} INFO - ::endgroup::
[2024-10-05T20:49:17.040+0000] {baseoperator.py:405} WARNING - OperatorFileSensor.execute cannot be called outside TaskInstance!
[2024-10-05T20:49:17.067+0000] {base.py:336} INFO - Success criteria met. Exiting.
[2024-10-05T20:49:17.102+0000] {taskinstance.py:340} INFO - ::group::Post task execution logs
[2024-10-05T20:49:17.102+0000] {taskinstance.py:352} INFO - Marking task as SUCCESS. dag_id=pipeline_webscraping, task_id=Check_for_file_pichau, run_id=manual__2024-10-05T20:42:40.167692+00:00, execution_date=20241005T204240, start_date=20241005T204916, end_date=20241005T204917
[2024-10-05T20:49:17.198+0000] {local_task_job_runner.py:266} INFO - Task exited with return code 0
[2024-10-05T20:49:17.231+0000] {taskinstance.py:3900} INFO - 1 downstream tasks scheduled from follow-on schedule check
[2024-10-05T20:49:17.241+0000] {local_task_job_runner.py:245} INFO - ::endgroup::
