[2024-10-26T10:35:28.604+0000] {local_task_job_runner.py:123} INFO - ::group::Pre task execution logs
[2024-10-26T10:35:28.619+0000] {taskinstance.py:2612} INFO - Dependencies all met for dep_context=non-requeueable deps ti=<TaskInstance: pipeline_webscraping.kabum_tasks.Create_Container_Raw_kabum manual__2024-10-26T10:32:21.874161+00:00 [queued]>
[2024-10-26T10:35:28.627+0000] {taskinstance.py:2612} INFO - Dependencies all met for dep_context=requeueable deps ti=<TaskInstance: pipeline_webscraping.kabum_tasks.Create_Container_Raw_kabum manual__2024-10-26T10:32:21.874161+00:00 [queued]>
[2024-10-26T10:35:28.627+0000] {taskinstance.py:2865} INFO - Starting attempt 1 of 1
[2024-10-26T10:35:28.685+0000] {taskinstance.py:2888} INFO - Executing <Task(CreateContainerInDataLake): kabum_tasks.Create_Container_Raw_kabum> on 2024-10-26 10:32:21.874161+00:00
[2024-10-26T10:35:28.704+0000] {warnings.py:112} WARNING - /home/***/.local/lib/python3.12/site-packages/***/task/task_runner/standard_task_runner.py:70: DeprecationWarning: This process (pid=553) is multi-threaded, use of fork() may lead to deadlocks in the child.
  pid = os.fork()

[2024-10-26T10:35:28.706+0000] {standard_task_runner.py:72} INFO - Started process 555 to run task
[2024-10-26T10:35:28.706+0000] {standard_task_runner.py:104} INFO - Running: ['***', 'tasks', 'run', 'pipeline_webscraping', 'kabum_tasks.Create_Container_Raw_kabum', 'manual__2024-10-26T10:32:21.874161+00:00', '--job-id', '506', '--raw', '--subdir', 'DAGS_FOLDER/DagWebScraping.py', '--cfg-path', '/tmp/tmpvnye8gla']
[2024-10-26T10:35:28.710+0000] {standard_task_runner.py:105} INFO - Job 506: Subtask kabum_tasks.Create_Container_Raw_kabum
[2024-10-26T10:35:28.756+0000] {task_command.py:467} INFO - Running <TaskInstance: pipeline_webscraping.kabum_tasks.Create_Container_Raw_kabum manual__2024-10-26T10:32:21.874161+00:00 [running]> on host 76ae9b05cb63
[2024-10-26T10:35:28.905+0000] {taskinstance.py:3131} INFO - Exporting env vars: AIRFLOW_CTX_DAG_OWNER='***' AIRFLOW_CTX_DAG_ID='pipeline_webscraping' AIRFLOW_CTX_TASK_ID='kabum_tasks.Create_Container_Raw_kabum' AIRFLOW_CTX_EXECUTION_DATE='2024-10-26T10:32:21.874161+00:00' AIRFLOW_CTX_TRY_NUMBER='1' AIRFLOW_CTX_DAG_RUN_ID='manual__2024-10-26T10:32:21.874161+00:00'
[2024-10-26T10:35:28.907+0000] {taskinstance.py:731} INFO - ::endgroup::
[2024-10-26T10:35:28.930+0000] {baseoperator.py:405} WARNING - CreateContainerInDataLake.execute cannot be called outside TaskInstance!
[2024-10-26T10:35:28.931+0000] {subprocess.py:63} INFO - Tmp dir root location: /tmp
[2024-10-26T10:35:28.932+0000] {subprocess.py:75} INFO - Running command: ['/usr/bin/bash', '-c', 'mkdir -p /opt/***/datalake/rawzone/kabum_2024-10-26']
[2024-10-26T10:35:28.946+0000] {subprocess.py:86} INFO - Output:
[2024-10-26T10:35:28.971+0000] {subprocess.py:97} INFO - Command exited with return code 0
[2024-10-26T10:35:29.000+0000] {taskinstance.py:340} INFO - ::group::Post task execution logs
[2024-10-26T10:35:29.002+0000] {taskinstance.py:352} INFO - Marking task as SUCCESS. dag_id=pipeline_webscraping, task_id=kabum_tasks.Create_Container_Raw_kabum, run_id=manual__2024-10-26T10:32:21.874161+00:00, execution_date=20241026T103221, start_date=20241026T103528, end_date=20241026T103529
[2024-10-26T10:35:29.043+0000] {local_task_job_runner.py:266} INFO - Task exited with return code 0
[2024-10-26T10:35:29.077+0000] {taskinstance.py:3900} INFO - 1 downstream tasks scheduled from follow-on schedule check
[2024-10-26T10:35:29.081+0000] {local_task_job_runner.py:245} INFO - ::endgroup::
