[2024-09-09T20:45:15.674+0000] {local_task_job_runner.py:123} INFO - ::group::Pre task execution logs
[2024-09-09T20:45:15.689+0000] {taskinstance.py:2612} INFO - Dependencies all met for dep_context=non-requeueable deps ti=<TaskInstance: SitesWebScraping.WebScrapint manual__2024-09-09T20:45:13.881865+00:00 [queued]>
[2024-09-09T20:45:15.697+0000] {taskinstance.py:2612} INFO - Dependencies all met for dep_context=requeueable deps ti=<TaskInstance: SitesWebScraping.WebScrapint manual__2024-09-09T20:45:13.881865+00:00 [queued]>
[2024-09-09T20:45:15.698+0000] {taskinstance.py:2865} INFO - Starting attempt 1 of 1
[2024-09-09T20:45:15.713+0000] {taskinstance.py:2888} INFO - Executing <Task(WebScraping_K): WebScrapint> on 2024-09-09 20:45:13.881865+00:00
[2024-09-09T20:45:15.718+0000] {warnings.py:112} WARNING - /home/***/.local/lib/python3.12/site-packages/***/task/task_runner/standard_task_runner.py:70: DeprecationWarning: This process (pid=79) is multi-threaded, use of fork() may lead to deadlocks in the child.
  pid = os.fork()

[2024-09-09T20:45:15.719+0000] {standard_task_runner.py:72} INFO - Started process 80 to run task
[2024-09-09T20:45:15.720+0000] {standard_task_runner.py:104} INFO - Running: ['***', 'tasks', 'run', 'SitesWebScraping', 'WebScrapint', 'manual__2024-09-09T20:45:13.881865+00:00', '--job-id', '66', '--raw', '--subdir', 'DAGS_FOLDER/DagWebScraping.py', '--cfg-path', '/tmp/tmpfjpms2s3']
[2024-09-09T20:45:15.722+0000] {standard_task_runner.py:105} INFO - Job 66: Subtask WebScrapint
[2024-09-09T20:45:15.767+0000] {task_command.py:467} INFO - Running <TaskInstance: SitesWebScraping.WebScrapint manual__2024-09-09T20:45:13.881865+00:00 [running]> on host 34596671526b
[2024-09-09T20:45:15.838+0000] {taskinstance.py:3131} INFO - Exporting env vars: AIRFLOW_CTX_DAG_OWNER='***' AIRFLOW_CTX_DAG_ID='SitesWebScraping' AIRFLOW_CTX_TASK_ID='WebScrapint' AIRFLOW_CTX_EXECUTION_DATE='2024-09-09T20:45:13.881865+00:00' AIRFLOW_CTX_TRY_NUMBER='1' AIRFLOW_CTX_DAG_RUN_ID='manual__2024-09-09T20:45:13.881865+00:00'
[2024-09-09T20:45:15.839+0000] {taskinstance.py:731} INFO - ::endgroup::
[2024-09-09T20:45:23.270+0000] {logging_mixin.py:190} INFO - Economize em Placas-Mãe: Descontos de até 15% no PIX | KaBuM!Ir para o contéudo principalIr para o rodapéBuscar ProdutosVocê está em: Hardware > Placas-mãePlacas MãeFiltroEscolhaPreço crescentePreço decrescenteMais avaliadosMais recentesMais procuradosFabricantePromoçõesExibir:20 por página40 por página60 por página80 por página100 por página661 produtosVocê está em: Hardware > Placas-mãeCategoriasTODOSPlaca-Mãe AMDPlaca-Mãe Intel13%EM ESTOQUE(429)Placa Mãe Asus TUF GAMING A520M-PLUS II, AMD AM4, mATX, DDR4R$ 738,62R$ 559,99À vista no PIXou até 10x de R$ 63,63COMPRARTERMINA EM:
      06D
      15 :
      14 :
      40
    11%EM ESTOQUE(500)Placa Mãe Gigabyte B550M Aorus Elite (rev. 1.3), AMD AM4, Micro ATX, DDR4 - B550M AORUS ELITER$ 1.068,17R$ 829,99À vista no PIXou até 10x de R$ 94,31COMPRARTERMINA EM:
      01D
      15 :
      14 :
      40
    21%EM ESTOQUE(172)Placa-Mãe MSI B550M Pro-VDH WiFi, AMD AM4, mATXR$ 1.056,80R$ 729,99À vista no PIXou até 10x de R$ 82,95COMPRARTERMINA EM:
      06D
      15 :
      14 :
      40
    14%APENAS75UNID.(361)Placa-Mãe MSI MPG B550 Gaming Plus, AMD AM4, ATXR$ 1.198,85R$ 899,99À vista no PIXou até 10x de R$ 102,27COMPRARTERMINA EM:
      06D
      15 :
      14 :
      40
    15%APENAS84UNID.(470)Placa Mãe Asus TUF Gaming B550M-Plus, AMD AM4, mATX, DDR4R$ 1.210,21R$ 899,99À vista no PIXou até 10x de R$ 102,27COMPRARTERMINA EM:
      06D
      15 :
      14 :
      40
    (67)Placa Mãe MSI B450M-A Pro Max, AMD AM4, Micro-ATX, DDR4R$ 559,99À vista no PIXou até 10x de R$ 63,63COMPRARCOMPRAR16%EM ESTOQUE(1680)Placa Mãe ASRock B450M Steel Legend, AMD AM4, mATX, DDR4R$ 977,26R$ 714,99À vista no PIXou até 10x de R$ 81,24COMPRARTERMINA EM:
      01D
      15 :
      14 :
      40
    20%EM ESTOQUETOP OFERTAPlaca Mãe Asus Prime H610M-A D4, LGA 1700 H610, mATX, DDR4R$ 846,58R$ 589,99À vista no PIXou até 10x de R$ 67,04COMPRARTERMINA EM:
      01D
      15 :
      14 :
      40
    16%EM ESTOQUETOP OFERTAPlaca Mãe Gigabyte H610M (rev. 1.0), Intel LGA1700, H610, DDR4, mATX - H610M H DDR4R$ 693,17R$ 509,99À vista no PIXou até 10x de R$ 57,95COMPRARTERMINA EM:
      01D
      15 :
      14 :
      40
    (5)Placa Mãe Gigabyte B650M Gaming (Rev.1.0), AMD AM5, mATX, DDR5, RGB, WiFi - B650M GAMING WIFIR$ 1.084,99À vista no PIXou até 10x de R$ 123,29COMPRARCOMPRAR16%EM ESTOQUETOP OFERTAPlaca-Mãe Asus TUF Gaming B450M-Plus II, AMD AM4, mATX, DDR4R$ 909,08R$ 664,99À vista no PIXou até 10x de R$ 75,56COMPRARTERMINA EM:
      01D
      15 :
      14 :
      40
    (13)Placa-Mãe Gigabyte H510M H V2, Intel LGA 1200, 10ª E 11ª Geração, mATX, DDR4 - H510M H V2R$ 565,00À vista no PIXou até 10x de R$ 64,20COMPRARCOMPRAR12%APENAS9UNID.(111)Placa Mãe Asus Prime A520M-E, AMD AM4, mATX, DDR4R$ 659,08R$ 509,99À vista no PIXou até 10x de R$ 57,95COMPRARTERMINA EM:
      06D
      15 :
      14 :
      40
    20%EM ESTOQUE(111)Placa Mãe Asus Prime H510M-A, Intel Socket LGA1200, microATX, DDR4R$ 744,31R$ 519,99À vista no PIXou até 10x de R$ 59,09COMPRARTERMINA EM:
      06D
      15 :
      14 :
      40
    16%APENAS95UNID.TOP OFERTAPlaca-Mãe MSI B450M Pro-VDH Max p/ AMD AM4, m-ATX, DDR4R$ 721,58R$ 529,99À vista no PIXou até 10x de R$ 60,22COMPRARTERMINA EM:
      01D
      15 :
      14 :
      40
    14%EM ESTOQUE(30)Placa Mãe ASRock B660M Phantom Gaming 4, Intel, M-ATX, DDR4, Socket, LGA 1700R$ 988,63R$ 739,99À vista no PIXou até 10x de R$ 84,09COMPRARTERMINA EM:
      01D
      15 :
      14 :
      40
    (60)Placa Mãe Gigabyte A520M DS3H V2, AMD, Micro ATX, DDR4 - A520M DS3H V2R$ 584,99À vista no PIXou até 10x de R$ 66,47COMPRARCOMPRAR14%APENAS17UNID.(9)Placa Mãe Asus TUF GAMING A620M-PLUS WIFI, AMD AM5, mATX, DDR5, Wi-Fi, Bluetooth - 90MB1F00-M0EAY0R$ 1.272,71R$ 954,99À vista no PIXou até 10x de R$ 108,52COMPRARTERMINA EM:
      06D
      15 :
      14 :
      40
    16%APENAS91UNID.TOP OFERTAPlaca Mãe MSI B560M PRO-E, Intel LGA 1200, mATX, DDR4R$ 642,03R$ 469,99À vista no PIXou até 10x de R$ 53,40COMPRARTERMINA EM:
      01D
      15 :
      14 :
      40
    (6)Placa Mãe MSI Pro A620M-E, AMD AM5, M-ATX, DDR5 - PRO A620M-ER$ 674,99À vista no PIXou até 10x de R$ 76,70COMPRARCOMPRAR18%APENAS88UNID.(25)Placa Mãe Asus TUF Gaming B650M-Plus, AMD AM5 B650, mATX, DDR5 - 90MB1BG0-M0EAY0R$ 1.931,81R$ 1.379,99À vista no PIXou até 10x de R$ 156,81COMPRARTERMINA EM:
      06D
      15 :
      14 :
      40
    (18)Placa Mãe Gigabyte B550M Aorus Elite, AMD AM4, Micro ATX, DDR4R$ 809,00À vista no PIXou até 10x de R$ 89,88COMPRARCOMPRAR(19)Placa-Mãe Asus TUF Gaming B550M-PLUS, AMD AM4, mATX , DDR4, M.2, Aura para fita RGB - 90MB14A0-C1BAY0R$ 837,00À vista no PIXou até 10x de R$ 88,10COMPRARCOMPRAR(1)Placa Mãe MSI Pro B760M-E, Intel LGA 1700, M-ATX, DD4 - PRO B760M-E DDR4R$ 729,99À vista no PIXou até 10x de R$ 82,95COMPRARCOMPRAR13%APENAS39UNID.(2)Placa Mãe MSI Pro H610M-E DDR4, Intel LGA 1700, M-ATX, DDR4 - PRO H610M-E DDR4R$ 676,13R$ 514,99À vista no PIXou até 10x de R$ 58,52COMPRARTERMINA EM:
      06D
      15 :
      14 :
      40
    22%EM ESTOQUE(12)Placa Mãe ASUS Prime H510M-A R2.0, Intel, ATX, DDR4, LGA 1200, H470 - 90MB1FP0-M0EAY0R$ 738,62R$ 504,99À vista no PIXou até 10x de R$ 57,38COMPRARTERMINA EM:
      06D
      15 :
      14 :
      40
    21%APENAS42UNID.TOP OFERTAPlaca Mãe Asus Prime B550M-A, AMD AM4, mATX, DDR4R$ 1.016,00R$ 699,99À vista no PIXou até 10x de R$ 79,54COMPRARTERMINA EM:
      01D
      15 :
      14 :
      40
    (19)Placa Mãe Asus TUF Gaming B650M-Plus Wi-Fi, AMD AM5 B650, mATX, DDR5, Wi-Fi - 90MB1BF0-M0EAY0R$ 1.749,99À vista no PIXou até 10x de R$ 198,86COMPRARCOMPRAR11%APENAS71UNID.(1)Placa Mãe Asus TUF GAMING A520M-PLUS WIFI, AMD AM4, mATX, DDR4, RGB - 90MB17F0-M0EAY0R$ 886,36R$ 689,99À vista no PIXou até 10x de R$ 78,40COMPRARTERMINA EM:
      06D
      15 :
      14 :
      40
    11%APENAS98UNID.(42)Placa Mãe Gigabyte B760M AORUS ELITE (rev. 1.0), LGA 1700, DDR5R$ 1.647,72R$ 1.284,99À vista no PIXou até 10x de R$ 146,02COMPRARTERMINA EM:
      01D
      15 :
      14 :
      40
    17%EM ESTOQUE(24)Placa Mãe Asus Prime H610M-E D4, Intel LGA 1700, mATX, DDR4R$ 795,44R$ 579,99À vista no PIXou até 10x de R$ 65,90COMPRARTERMINA EM:
      01D
      15 :
      14 :
      40
    18%APENAS21UNID.(6)Placa Mãe Gigabyte H410M H V2, Intel, Micro ATX, DDR4 - H410M H V2R$ 636,35R$ 454,99À vista no PIXou até 10x de R$ 51,70COMPRARTERMINA EM:
      06D
      15 :
      14 :
      40
    12%EM ESTOQUEPlaca Mãe Asus TUF GAMING A620M-PLUS, AMD AM5, mATX, DDR5 - 90MB1EZ0-M0EAY0R$ 1.153,40R$ 889,99À vista no PIXou até 10x de R$ 101,13COMPRARTERMINA EM:
      06D
      15 :
      14 :
      40
    16%EM ESTOQUE(1)Placa Mãe Asus TUF Gaming B650M-E, WIFI, AMD AM5, B650, DDR5 - 90MB1FV0-M0EAY0R$ 1.698,85R$ 1.244,99À vista no PIXou até 10x de R$ 141,47COMPRARTERMINA EM:
      06D
      15 :
      14 :
      40
    13%APENAS46UNID.(2)Placa Mãe Gigabyte H610M H V3, Intel LGA 1700, M-ATX, DDR4, M.2R$ 761,35R$ 579,99À vista no PIXou até 10x de R$ 65,90COMPRARTERMINA EM:
      06D
      15 :
      14 :
      40
    (3)Placa Mãe Asus Prime A520M-E, AMD AM4, mATX, DDR4R$ 449,90À vista no PIXou até 10x de R$ 49,98COMPRARCOMPRAR(5)Placa Mãe Gigabyte H610M H V2, Intel, M-ATX, DDR4 - H610M H V2 DDR4R$ 624,98À vista no PIXou até 10x de R$ 71,02COMPRARCOMPRAR(32)Placa Mãe Asus TUF GAMING B760M-Plus, Intel LGA 1700, mATX, D4, DDR4 - 90MB1DI0-M0EAY0R$ 1.599,99À vista no PIXou até 10x de R$ 181,81COMPRARCOMPRAR25%EM ESTOQUE(11)Placa Mãe ASRock B650M PG Riptide, AMD, Micro ATX, DDR5 - 90-MXBJ9*R$ 1.749,99R$ 1.139,99À vista no PIXou até 10x de R$ 129,54COMPRARTERMINA EM:
      06D
      15 :
      14 :
      40
    (5)Placa Mãe ASRock H610M-HVS Intel, M-ATX, DDR4, Socket LGA 1700, HDMI, VGAR$ 499,99À vista no PIXou até 10x de R$ 56,81COMPRARCOMPRAR13%APENAS4UNID.(21)Placa Mãe ASRock B550M Steel Legend, AMD AM4, Micro ATX, DDR4R$ 1.392,03R$ 1.064,99À vista no PIXou até 10x de R$ 121,02COMPRARTERMINA EM:
      06D
      15 :
      14 :
      40
    16%APENAS97UNID.(8)Placa Mãe Asus Tuf Gaming Z790-Plus, Intel, ATX, DDR5, RGB, Wi-Fi, Bluetooth - 90MB1D80-M1EAY0R$ 2.659,08R$ 1.949,99À vista no PIXou até 10x de R$ 221,59COMPRARTERMINA EM:
      01D
      15 :
      14 :
      40
    24%EM ESTOQUE(124)Placa Mãe Asus TUF Gaming B550M-PLUS Wi-Fi II, AMD, mATX, DDR4, RGB, Wi-Fi - 90MB19Y0-M0EAY0R$ 1.806,81R$ 1.199,99À vista no PIXou até 10x de R$ 136,36COMPRARTERMINA EM:
      01D
      15 :
      14 :
      40
    23%APENAS19UNID.(1)Placa Mãe Gigabyte B760M Gaming DDR4, Intel LGA 1700 MATX, DDR4 - B760M GAMING DDR4R$ 1.232,94R$ 834,99À vista no PIXou até 10x de R$ 94,88COMPRARTERMINA EM:
      06D
      15 :
      14 :
      40
    24%APENAS62UNID.(1)Placa Mãe ASUS TUF GAMING B760M-PLUS WIFI II, Intel, DDR5 - 90MB1HE0-M0EAY0R$ 1.852,26R$ 1.224,99À vista no PIXou até 10x de R$ 139,20COMPRARTERMINA EM:
      06D
      15 :
      14 :
      40
    (3)Placa-Mãe Gigabyte A520m S2h, AMD AM4, M-ATX, DDR4R$ 488,43À vista no PIXou até 10x de R$ 53,09COMPRARCOMPRAR18%APENAS39UNID.Placa Mãe ASUS TUF Gaming B760M-E D4, Intel, M-ATX, DDR4 - 90MB1E90-M0EAY0R$ 1.340,90R$ 959,99À vista no PIXou até 10x de R$ 109,09COMPRARTERMINA EM:
      06D
      15 :
      14 :
      40
    (5)Placa Mãe MSI Pro B760-P DDR4 II, Intel LGA 1700, ATX, DDR4 - PRO B760-P DDR4 IIR$ 1.044,99À vista no PIXou até 10x de R$ 118,74COMPRARCOMPRAR(5)Placa Mãe MSI Pro B650M-P, AMD AM5, M-ATX, DDR5 - PRO B650M-PR$ 974,99À vista no PIXou até 10x de R$ 110,79COMPRARCOMPRAR14%APENAS13UNID.(9)Placa Mãe Asus Prime B760-Plus, Intel LGA 1700, D4,DDR4, ATX - 90MB1CW0-M0EAY0R$ 1.562,49R$ 1.169,99À vista no PIXou até 10x de R$ 132,95COMPRARTERMINA EM:
      06D
      15 :
      14 :
      40
    (10)Placa Mãe Asus TUF Gaming B650-Plus Wi-Fi, AMD AM5 B650, ATX, DDR5, Wi-Fi - 90MB1BZ0-M0EAY0R$ 1.889,99À vista no PIXou até 10x de R$ 214,77COMPRARCOMPRARPlaca-Mãe Gigabyte B560M Aorus Elite, Intel, Socket 1200, mATX, DDR4, RGB, HDMI, DP, Tipo-C, Som, USB 3.2R$ 1.199,00À vista no PIXou até 10x de R$ 119,90COMPRARCOMPRAR16%APENAS91UNID.(25)Placa Mãe Asus ROG Strix B550-F Gaming II, AMD AM4, ATX, DDR4, Wi-Fi, Aura Sync RGBR$ 2.113,63R$ 1.549,99À vista no PIXou até 10x de R$ 176,13COMPRARTERMINA EM:
      06D
      15 :
      14 :
      40
    16%EM ESTOQUE(14)Placa Mãe Asus TUF Gaming X670E-Plus Wi-Fi, AMD X670, AM5, DDR5 - 90MB1BK0-M0EAY0R$ 3.181,81R$ 2.329,99À vista no PIXou até 10x de R$ 264,77COMPRARTERMINA EM:
      01D
      15 :
      14 :
      40
    12%APENAS29UNID.(39)Placa Mãe Gigabyte A520M K V2 (rev. 1.0), AMD, Micro ATX, DDR4 - A520M K V2R$ 670,58R$ 499,99À vista no PIXou até 10x de R$ 58,82COMPRARTERMINA EM:
      06D
      15 :
      14 :
      40
    Placa Mãe Asus Prime A520m-k, Chipset A520, AMD, AM4, mATX, DDR4 - 90mb1500-m0eay0R$ 521,76À vista no PIXou até 10x de R$ 61,38COMPRARCOMPRAR(7)Placa Mãe Gigabyte B550m K Ultra Durable, AMD AM4, Micro ATX, 4xDDR4R$ 694,44À vista no PIXou até 10x de R$ 81,69COMPRARCOMPRAR5%APENAS3UNID.(18)Placa Mãe ASUS ROG Strix B550-A Gaming, AMD B550, ATX, DDR4R$ 1.749,99R$ 1.449,99À vista no PIXou até 10x de R$ 164,77COMPRARTERMINA EM:
      06D
      15 :
      14 :
      40
    (7)Placa Mãe Gigabyte X670 Aorus Elite AX, AMD AM5, ATX, DDR5, LED RGB, Bluetooth, Wi-Fi 6ER$ 2.509,99À vista no PIXou até 10x de R$ 285,22COMPRARCOMPRARPlaca Mãe Gigabyte, B450m K, AMD, Am4, MATX, DDR4R$ 530,07À vista no PIXou até 10x de R$ 56,39COMPRARCOMPRAR18%APENAS26UNID.(7)Placa Mãe Asus ROG STRIX B760-F Gaming Wi-Fi, Intel LGA 1700, ATX, DDR5, Wi-Fi - 90MB1CT0-M0EAY0R$ 2.732,94R$ 1.969,99À vista no PIXou até 10x de R$ 223,86COMPRARTERMINA EM:
      06D
      15 :
      14 :
      40
    (4)Placa Mãe Asus Rog Strix B650E-F Gaming WiFi, AMD, ATX, DDR5, RGB, WiFi, Bluetooth - 90MB1BQ0-M0EAY1R$ 2.639,99À vista no PIXou até 10x de R$ 299,99COMPRARCOMPRAR13%APENAS16UNID.(12)Placa Mãe Asus ROG Strix B650-A Gaming Wi-Fi, AMD AM5 B650, ATX, DDR5, Wi-Fi - 90MB1BP0-M0EAY0R$ 2.670,44R$ 2.039,99À vista no PIXou até 10x de R$ 231,81COMPRARTERMINA EM:
      06D
      15 :
      14 :
      40
    16%APENAS36UNID.(16)Placa Mãe B650 MSI MAG Tomahawk Wi-Fi, AMD AM5, ATX, DDR5 - MAG B650 TOMAHAWK WIFIR$ 2.258,81R$ 1.594,99À vista no PIXou até 10x de R$ 187,64COMPRARTERMINA EM:
      06D
      15 :
      14 :
      40
    18%APENAS29UNID.(2)Placa Mãe Asus PRIME H510M-K R2.0, INTEL, H470, mATX, DDR4 - 90MB1E80-C1BAY0R$ 693,17R$ 499,99À vista no PIXou até 10x de R$ 56,81COMPRARTERMINA EM:
      01D
      15 :
      14 :
      40
    11%APENAS17UNID.(175)Placa Mãe MSI MAG B550 Tomahawk, AMD AM4, ATX, DDR4R$ 1.710,21R$ 1.324,99À vista no PIXou até 10x de R$ 150,56COMPRARTERMINA EM:
      06D
      15 :
      14 :
      40
    19%APENAS47UNID.(10)Placa Mae Asus TUF Gaming X670E-Plus, AMD X670, AM5, DDR5 - 90MB1BJ0-C1BAY0R$ 2.806,80R$ 1.994,99À vista no PIXou até 10x de R$ 226,70COMPRARTERMINA EM:
      01D
      15 :
      14 :
      40
    (15)Placa Mãe Gigabyte B760m Aorus Elite, Intel 13ª/12ª Geração, LGA 1700, DDR5, Micro ATXR$ 1.125,00À vista no PIXou até 10x de R$ 125,00COMPRARCOMPRAR(6)Placa-Mãe Asus TUF Gaming X670E-Plus, AMD X670, AM5, ATX, DDR5 - 90MB1BJ0-M0EAY0R$ 1.889,10À vista no PIXou até 10x de R$ 209,90COMPRARCOMPRAR(5)Placa Mãe Asus Prime D4, Intel LGA 1700, mATX, DDR4 - H610M-ER$ 609,90À vista no PIXou até 10x de R$ 71,75COMPRARCOMPRAR18%APENAS4UNID.Placa Mãe Colorful Battle-AX B450M-K M.2 V14 V14, Chipset B450, AMD AM4, mATX, DDR4 - BAX-B450MKM2-DDR4-WWR$ 613,63R$ 439,99À vista no PIXou até 10x de R$ 49,99COMPRARTERMINA EM:
      06D
      15 :
      14 :
      40
    Placa-Mãe MSI A520M-A PRO, AMD AM4, mATX, DDR4, HDMI, GigalanR$ 549,10À vista no PIXou até 10x de R$ 57,80COMPRARCOMPRAR19%APENAS37UNID.(11)Placa Mãe Aorus B550 Elite V2, AMD B550, ATX, DDR4, (rev. 1.0)R$ 1.613,63R$ 1.149,99À vista no PIXou até 10x de R$ 130,68COMPRARTERMINA EM:
      06D
      15 :
      14 :
      40
    6%APENAS43UNID.(9)Placa Mãe Z790-P MSI PRO Wi-Fi, Intel LGA 1700, ATX, DDR5 - PRO Z790-P WIFIR$ 2.369,31R$ 1.944,99À vista no PIXou até 10x de R$ 221,02COMPRARTERMINA EM:
      06D
      15 :
      14 :
      40
    22%APENAS2UNID.Placa Mãe Asus TUF Gaming B650M-E, AMD AM5, B650, DDR5 - 90MB1FU0-M0EAY0R$ 1.715,90R$ 1.164,99À vista no PIXou até 10x de R$ 132,38COMPRARTERMINA EM:
      06D
      15 :
      14 :
      40
    14%APENAS3UNID.Placa Mãe ASUS PRIME Z790M-PLUS, Intel LGA 1700, mATX, DDR5, RGB - 90MB1E70-M0EAY0R$ 2.238,63R$ 1.679,99À vista no PIXou até 10x de R$ 190,90COMPRARTERMINA EM:
      06D
      15 :
      14 :
      40
    22%APENAS5UNID.Placa Mãe Asus Prime X670-P, AMD X670, AM5, DDR5 - 90MB1BU0-M0EAY0R$ 2.772,72R$ 1.884,99À vista no PIXou até 10x de R$ 214,20COMPRARTERMINA EM:
      06D
      15 :
      14 :
      40
    19%APENAS96UNID.(5)Placa Mãe ASUS Prime B650M-A WIFI II, AMD AM5, B650, DDR5, mATX, WiFiR$ 1.619,30R$ 1.149,99À vista no PIXou até 10x de R$ 130,68COMPRARTERMINA EM:
      06D
      15 :
      14 :
      40
    Placa-Mãe Msi B450m-A Pro Max, AMD AM4 - 911-7c52-030R$ 464,27À vista no PIXou até 10x de R$ 49,39COMPRARCOMPRAR(1)Placa Mãe Msi B450m Pro-Vdh Max, AMD AM4, Matx, DDR4, Chipset B450 - 911-7a38-063R$ 549,81À vista no PIXou até 10x de R$ 58,48COMPRARCOMPRAR(4)Placa-Mãe Gigabyte H610M-H, Intel 1700, 2x DDR4, M.2, HDMI, VGA, 12ª GeraçãoR$ 509,90À vista no PIXou até 10x de R$ 56,65COMPRARCOMPRAR24%APENAS40UNID.Placa Mãe ASRock A620M-HDV/M.2+, AMD A620, mATX, DDR5 - 90-MXBLKR$ 1.051,13R$ 694,99À vista no PIXou até 10x de R$ 78,97COMPRARTERMINA EM:
      06D
      15 :
      14 :
      40
    Placa Mãe Knup A320, Amd Ryzen, HDMI, DDR4, 32GB, 6 GB/s USB 3.0R$ 356,25À vista no PIXou até 10x de R$ 37,50COMPRARCOMPRARPlaca Mãe Knup A520, AMD Ryzen AM4, HDMI, DDR4, 16GB,  6 GB/s USB 3.0R$ 364,80À vista no PIXou até 10x de R$ 38,40COMPRARCOMPRAR14%APENAS1UNID.Placa Mãe Gigabyte Z790M Aorus Elite AX, Intel, ATX, DDR5, Wi-Fi, Bluetooth - Z790M AORUS ELITE AXR$ 2.658,81R$ 1.924,99À vista no PIXou até 10x de R$ 226,46COMPRARTERMINA EM:
      06D
      15 :
      14 :
      40
    (5)Placa-Mãe Gigabyte H310M-M.2, Intel LGA 1151 8ª GeraçãoR$ 575,00À vista no PIXou até 10x de R$ 57,50COMPRARCOMPRAR11%APENAS28UNID.Placa Mãe Asus PRIME A620M-E, AMD AM5, A620, mATX, DDR5 - 90MB1F50-M0EAY0R$ 920,44R$ 714,99À vista no PIXou até 10x de R$ 81,24COMPRARTERMINA EM:
      06D
      15 :
      14 :
      40
    (4)Placa Mãe Asus Rog Crosshair X670E Hero, AMD X670, AM5, DDR5, Wi-Fi - 90MB1BC0-M0EAY0R$ 5.904,99À vista no PIXou até 10x de R$ 656,11COMPRARCOMPRARPlaca Mãe Asus Prime H770-Plus, Intel, ATX, DDR5 - 90MB1EE0-M0EAY0R$ 1.509,99À vista no PIXou até 10x de R$ 171,59COMPRARCOMPRAR13%APENAS2UNID.(1)Placa Mãe Asus Rog Strix B760-i Gaming WiFi - 90MB1D90-M0EAY0R$ 2.232,94R$ 1.704,99À vista no PIXou até 10x de R$ 193,74COMPRARTERMINA EM:
      06D
      15 :
      14 :
      40
    3%APENAS1UNID.Placa Mãe Gigabyte Z790 UD AX, Intel LGA 1700, ATX, DDR5, Wi-Fi, Bluetooth - Z790 UD AX&#8203R$ 2.579,53R$ 2.194,99À vista no PIXou até 10x de R$ 249,43COMPRARTERMINA EM:
      06D
      15 :
      14 :
      40
    13%APENAS2UNID.(7)Placa Mãe Asus Rog Strix X670E-A Gaming Wi-Fi, AMD X670, AM5, DDR5 - 90MB1BM0-M0EAY0R$ 4.363,63R$ 3.329,99À vista no PIXou até 10x de R$ 378,40COMPRARTERMINA EM:
      06D
      15 :
      14 :
      40
    9%APENAS83UNID.Placa Mãe Gigabyte B650M D3HP, AMD AM5, Micro ATX, DDR5R$ 1.261,10R$ 1.024,99À vista no PIXou até 10x de R$ 113,88COMPRARTERMINA EM:
      06D
      15 :
      14 :
      40
    14%APENAS2UNID.(2)Placa Mãe Asus TUF GAMING H770-PRO WIFI, Intel, ATX, DDR5, Wi-Fi, Bluetooth - 90MB1D50-M0EAY0R$ 2.215,90R$ 1.664,99À vista no PIXou até 10x de R$ 189,20COMPRARTERMINA EM:
      06D
      15 :
      14 :
      40
    14%APENAS3UNID.(4)Placa Mae Asus ROG Strix X670E-F Gaming Wi-Fi, AMD X670, AM5, DDR5 - 90MB1BA0-M0EAY0R$ 4.494,30R$ 3.379,99À vista no PIXou até 10x de R$ 384,09COMPRARTERMINA EM:
      06D
      15 :
      14 :
      40
    12%APENAS1UNID.Placa Mãe Asus ROG MAXIMUS Z790 DARK HERO, INTEL, Z790, ATX, DDR5 - 90MB1F90-M0EAY0R$ 7.073,86R$ 5.444,99À vista no PIXou até 10x de R$ 618,74COMPRARTERMINA EM:
      06D
      15 :
      14 :
      40
    Placa Mãe Asus TUF GAMING B760-PLUS WIFI, INTEL, B760, ATX, DDR5 - 90MB1ER0-M0EAY0R$ 1.584,99À vista no PIXou até 10x de R$ 180,11COMPRARCOMPRAR(1)Placa Mãe Asus ROG Strix B650E-E Gaming Wi-Fi, AMD AM5 B650, ATX, DDR5, Wi-Fi - 90MB1BB0-M0EAY0R$ 2.959,99À vista no PIXou até 10x de R$ 336,36COMPRARCOMPRAR19%APENAS10UNID.(3)Placa Mãe Asus Prime Z790-A Wi-Fi, Intel LGA1700 Z790, ATX, DDR5 - 90MB1CS0-M0EAY0R$ 3.102,26R$ 2.199,99À vista no PIXou até 10x de R$ 249,99COMPRARTERMINA EM:
      06D
      15 :
      14 :
      40
    Placa Mãe Gigabyte B760m e Ultra Durable para Intel 1700, DDR5, Matx Rev. 1.0R$ 759,90À vista no PIXou até 10x de R$ 84,43COMPRARCOMPRAR1234567>>>Placa-Mãe
A placa-mãe é responsável por unir todos os componentes do computador, sendo uma peça de hardware fundamental na hora de montar o seu PC. Por isso, o KaBuM! oferece uma variedade de produtos, com a qualidade que você precisa na hora de escolher a sua. 
Confira uma seleção especial de placas-mãe, das marcas mais renomadas do mercado, e garanta o funcionamento perfeito da sua máquina!
 
Gigabyte
Vamos começar pela placa-mãe Gigabyte, que conta com toda a tecnologia de ponta para que o seu computador tenha o melhor desempenho. Elas oferecem 3 linhas de produtos, que são AORUS Gaming, GIGABYTE Gaming e Ultra Durable. 
Todas as linhas contam com ótima qualidade no desempenho, como os modelos de placas-mãe DDR3 e placas-mãe DDR4.E para aqueles que procuram uma placa-mãe gamer, a marca tem uma linha dedicada. Com isso, você poderá aproveitar a melhor eficiência durante seus jogos.
 
Placa-Mãe ASUS
A placa-mãe ASUS possui várias vantagens para o seu computador. Ela conta com uma série de modelos, tanto para atender as demandas básicas do dia a dia quanto para  as máquinas mais exigentes, como os PCs gamers.
Entre os modelos que a ASUS oferece, estão a placa-mãe B450 e a placa-mãe A320, com o soquete AM4.
 
ASRock
Se você está procurando uma placa-mãe de qualidade, e com o melhor custo-benefício, a ASRock tem produtos excelentes. Ela conta com os modelos de placa-mãe LGA 1155, que permite um processamento superior e mais qualificado.
Agora que você já sabe tudo sobre Placa-Mãe, conheça também nossa categoria de Memória RAM. 
 
Escolha a placa mãe LGA Ideal para Seu PC
Quando se trata de montar um computador, escolher a placa mãe certa é fundamental. As placas mãe com soquete LGA (Land Grid Array) são uma escolha popular por oferecerem alta performance e compatibilidade com diversos processadores Intel. Estes soquetes possuem pinos no próprio soquete, diferentemente dos soquetes PGA onde os pinos estão no processador. Isso facilita a instalação do CPU e diminui o risco de danificar os pinos durante o processo.
 
Existem vários tipos de soquetes LGA, cada um projetado para suportar diferentes gerações de processadores Intel. Aqui está uma lista dos mais comuns:
LGA 1151: Compatível com as 6ª e 7ª gerações de processadores Intel Core.
LGA 1200: Suporta a 10ª e 11ª gerações.
LGA 1700: Suporta as 12ª, 13ª e 14ª gerações.
 
Ao escolher sua placa mãe LGA, é crucial verificar a compatibilidade não só com o seu processador mas também considerar outros aspectos como tamanho da placa (ATX, Micro-ATX), número de slots RAM disponíveis, opções de conectividade e suporte para futuros upgrades.
Uma boa placa mãe pode servir como o coração do seu sistema por muitos anos, oferecendo suporte para melhorias na memória, armazenamento e capacidades gráficas conforme suas necessidades evoluem. Esteja você montando um PC gamer potente ou um workstation confiável, encontrar a placa mãe LGA certa é um passo crucial na construção do seu sistema ideal.
 
Encontre a placa mãe AM4 perfeita para seu processador Ryzen
A escolha da placa mãe é um passo crucial na montagem de qualquer PC, especialmente quando se trata de sistemas baseados em processadores AMD. As placas mãe com soquete AM4 são projetadas especificamente para abrigar a ampla gama de CPUs Ryzen da AMD, oferecendo compatibilidade e desempenho excepcionais. Este soquete suporta desde os primeiros Ryzen 1000 até as séries 6000. Os modelos de processadores Ryzen compatíveis com o soquete AM4 incluem:
 

Ryzen 3: Ideal para tarefas do dia a dia e jogos básicos.
Ryzen 5: Equilíbrio perfeito entre preço e performance para gamers e criadores de conteúdo.
Ryzen 7: Alta performance para jogos avançados e tarefas pesadas.
Ryzen 9: O topo de linha em termos de poder computacional para criação de conteúdo profissional e workstations.

 
Ao selecionar uma placa mãe AM4, considere recursos como suporte a memória DDR4, slots PCIe para expansão gráfica, conectividade USB/CPU avançada, além da capacidade de overclocking. 
 
Uma boa placa mãe pode elevar significativamente o desempenho do seu sistema, permitindo aproveitar ao máximo o potencial do seu processador Ryzen. Escolher cuidadosamente sua placa mãe garantirá que você tenha um PC robusto capaz de enfrentar tanto as demandas atuais quanto futuras.
 
Corre para o APP! e SE LIGA nas melhores condições de pagamento
 
Baixe o KaBuM! APP! São ofertas exclusivas na palma da sua mão. 
Aproveite também o PIX, novo meio de pagamento disponível no KaBuM!. Você terá a maior agilidade e facilidade em suas compras. E o melhor: com o PIX, você paga seus produtos com até 15% de desconto! Qual a função da placa-mãe?A placa-mãe tem a função de garantir o funcionamento equilibrado dos diversos componentes do computador. Ela une todas as partes do sistema em um só local, permitindo a troca de informação entre itens como memórias e processadores, por exemplo. Sem ela nenhum dispositivo funcionaria no computador.
O que saber antes de comprar uma placa-mãe?Primeiro, é importante considerar o tamanho da placa-mãe de acordo com a fonte e o gabinete. Você pode encontrar modelos EATX, ATX, Micro ATX e Mini ITX, por exemplo. Pense também no processador que vai utilizar; veja qual soquete ele exige e compre uma placa compatível. 
 
A placa-mãe também precisa ser compatível com a memória RAM. Uma memória de 4 pentes precisa de uma placa com quatro slots. Atente-se também se o componente é DDR3 ou DDR4. 
 
Em relação à escolha da placa de vídeo, procure no site da fabricante se há um slot compatível com a placa-mãe que você deseja. 
 
Para finalizar, há também as entradas SATA, responsáveis pelas conexões com os dispositivos de armazenamento, a exemplo dos HDs e SSDs. É preciso de uma conexão SATA para cada um desses dispositivos. 
Quais são os tipos de placa-mãe?Existem vários tipos de placa-mãe, cada uma adequada para diferentes necessidades e PCs. As principais são: 

ATX; 
Micro-ATX; 
Mini-ITX; e 
Extended ATX (E-ATX). 

 
A ATX é a mais comum, perfeita para a maioria dos builds e com bom espaço para expansão. A Micro-ATX é menor, ideal para builds compactas sem sacrificar muito a capacidade de expansão. A Mini-ITX é ainda menor, focada em PCs ultra compactos, perfeita para quem tem pouco espaço. Por último, a E-ATX é maior que a ATX padrão, oferecendo mais espaço para componentes de alta performance e sistemas de refrigeração avançados.
 Qual é a melhor placa-mãe?Para gamers e entusiastas, placas com chipset Z790 (Intel) ou X670 (AMD) são top de linha, oferecendo excelente desempenho e suporte a overclock. Se busca algo para trabalho pesado ou criação de conteúdo, modelos que suportam múltiplos processadores ou têm recursos avançados de conectividade podem ser ideais. Já para um PC mais básico ou montagens econômicas, chipsets como o B560 (Intel) ou B550 (AMD) entregam um ótimo custo-benefício. Lembre-se: a “melhor” é aquela que atende suas necessidades sem extrapolar seu orçamento. E aí, tá pronto para encontrar a sua placa-mãe ideal no KaBuM!?O que diferencia uma placa-mãe da outra?Essa é uma dúvida comum para quem tá se aventurando no mundo de montagens de setups e o  que diferencia uma placa-mãe da outra são principalmente o socket (compatibilidade com determinados processadores), o chipset (define recursos como suporte a overclock e tipos de conexões disponíveis), o tamanho (ATX, Micro-ATX, Mini-ITX, etc.), a quantidade e tipo de slots de expansão (para placas de vídeo, memória RAM), além das opções de conectividade (USB, SATA, M.2). 
 
Outros detalhes incluem a qualidade dos componentes usados na fabricação, recursos específicos como iluminação RGB ou sistemas de refrigeração avançados. Essencialmente, cada modelo é projetado para atender demandas e expectativas específicas — seja para gaming high-end, workstations profissionais ou PCs compactos. A escolha certa depende do seu projeto!
O que faz uma placa-mãe ser boa?Uma placa-mãe boa se destaca por vários fatores: compatibilidade com componentes atuais e futuros, qualidade de construção que garante durabilidade, recursos avançados como suporte a overclock e múltiplas conexões para SSDs e GPUs. Além disso, uma boa placa deve oferecer estabilidade para o sistema operacional e aplicativos, ter um bom sistema de refrigeração, e claro, uma BIOS intuitiva para ajustes finos. A capacidade de expansão através de slots adicionais e portas também é crucial. Quais são as placas AM4?As placas AM4 são projetadas para os processadores AMD Ryzen, abrangendo diversas séries e modelos. Entre as principais estão as B450, B550, voltadas para usuários que buscam um ótimo custo-benefício com boas opções de conectividade e suporte a overclock moderado; as X670 e X570, destinadas aos entusiastas e gamers que querem o máximo de desempenho, suporte a SLI/CrossFire, e recursos avançados como PCIe 4.0 na série X570; além das mais acessíveis A320, ideais para montagens básicas sem necessidade de overclocking. O que é o LGA da placa-mãe?O LGA (Land Grid Array) é um tipo de soquete encontrado em placas-mãe, onde os pinos de contato para o processador estão no próprio soquete, ao invés do processador. Isso facilita a instalação do CPU e diminui o risco de danos aos pinos. O LGA mais recente é o LGA 1700, introduzido pela Intel para sua 12ª geração de processadores Core. 
 
Esse soquete oferece uma nova disposição de pinos e melhor suporte para tecnologias avançadas como PCIe 5.0 e DDR5 RAM, garantindo compatibilidade com as últimas inovações em hardware. Se você está montando um PC top de linha, ficar atento ao tipo de LGA é essencial! Confira as opções com um precinho Ninja no KaBuM!
Quais placas suportam Intel Core?As placas-mãe que suportam processadores Intel Core variam de acordo com a geração do processador. Aqui estão algumas das principais:
 

Para 8ª e 9ª gerações (Coffee Lake): LGA 1151, com chipsets Z390, Z370, B360.
Para 10ª e 11ª gerações (Comet Lake e Rocket Lake): LGA 1200, com chipsets Z490, B460, H410 para a 10ª; Z590, B560 para a 11ª.
Para a 12ª geração (Alder Lake): LGA 1700, que suporta chipsets como Z690.

 
Cada chipset oferece um nível diferente de recursos e capacidades de expansão. Procurando o par perfeito para seu Intel Core? Se liga e dá uma olhada nas opções disponíveis no KaBuM!
Como escolher a melhor placa mãe?Para escolher a melhor placa mãe, considere:
 

Compatibilidade do Processador: Verifique o soquete para garantir que suporta seu CPU (ex: LGA 1151, AM4).
Tamanho: ATX, Micro-ATX, Mini-ITX - compatível com seu gabinete?
Recursos Necessários: Quantidade de slots de RAM, tipos de conexões (USB 3.0, Thunderbolt), suporte a overclock.
Expansão Futura: Número de slots PCIe para placas de vídeo ou outros componentes.
Qualidade e Durabilidade: Fabricantes renomados oferecem melhor construção e suporte.

E relaxa, se quiser uma ajudinha para fazer a escolha equilibrada entre funcionalidades e preço para o seu setup, com a compatibilidade entre os componentes, é só se ligar na ferramenta Monte Seu PC do KaBuM!.Categorias relacionadasPlacas-mãePlaca-Mãe AMDPlaca-Mãe IntelKaBuM! NewsReceba ofertasNomeE-mailCADASTRARKaBuM! RodapéDepartamentosAcessibilidadeNovidades e PromoçõesCompra SeguraInstitucionalMinha ContaAtendimentoMídias Sociais KaBuM!® é uma marca registrada de KABUM S.A | CNPJ: 05.570.714/0001-59 | Todos os direitos reservados. Os preços anunciados neste site ou via e-mail promocional podem ser alterados sem prévio aviso. O KaBuM! não é responsável por erros descritivos. As fotos contidas nesta página são meramente ilustrativas do produto e podem variar de acordo com o fornecedor/lote do fabricante. Este site trabalha 100% em criptografia SSL.  Clique aqui e veja as políticas de nossa empresa.



 






















Pushnews


Consentimento de CookiesNós utilizamos os cookies para personalizar anúncios, gerar dados estatísticos e garantir que você tenha a melhor experiência no KaBuM!.  Conheça a 
Política de Privacidade e a Política de Cookies do KaBuM!Entendi Centro de preferências de privacidadeQuando você visita um site, ele pode armazenar ou coletar informações no seu navegador, principalmente na forma de cookies. Essas informações podem ser sobre você, suas preferências ou seu dispositivo e são usadas principalmente para fazer o site funcionar como você espera. As informações normalmente não o identificam diretamente, mas podem oferecer uma experiência na web mais personalizada. Como respeitamos seu direito à privacidade, você pode optar por não permitir alguns tipos de cookies. Clique nos títulos das diferentes categorias para saber mais e alterar nossas configurações padrão. No entanto, o bloqueio de alguns tipos de cookies pode afetar sua experiência no website e os serviços que podemos oferecer.

A qualquer momento você pode alterar as suas preferências previamente escolhidas. Para isso, clique no link "Política de Privacidade" e depois em "Preferências de Cookies" que está fixado no no final da "Política de Cookies". Clique para "PERSONALIZAR", faça as edições e depois clique em "CONFIMAR MINHAS ESCOLHAS".
            Mais informaçõesPermitir todosGerenciar preferências de consentimentoCookies estritamente necessáriosSempre ativosEstes cookies são necessários para que o website funcione e não podem ser desligados nos nossos sistemas. Normalmente, eles só são configurados em resposta a ações levadas a cabo por si e que correspondem a uma solicitação de serviços, tais como definir as suas preferências de privacidade, iniciar sessão ou preencher formulários. Pode configurar o seu navegador para bloquear ou alertá-lo(a) sobre esses cookies, mas algumas partes do website não funcionarão. Estes cookies não armazenam qualquer informação pessoal identificável.Cookies de desempenho  Cookies de desempenho Estes cookies permitem-nos contar visitas e fontes de tráfego, para que possamos medir e melhorar o desempenho do nosso website. Eles ajudam-nos a saber quais são as páginas mais e menos populares e a ver como os visitantes se movimentam pelo website. Todas as informações recolhidas por estes cookies são agregadas e, por conseguinte, anónimas. Se não permitir estes cookies, não saberemos quando visitou o nosso site.Cookies de funcionalidade  Cookies de funcionalidade Estes cookies permitem que o site forneça uma funcionalidade e personalização melhoradas. Podem ser estabelecidos por nós ou por fornecedores externos cujos serviços adicionámos às nossas páginas. Se não permitir estes cookies algumas destas funcionalidades, ou mesmo todas, podem não atuar corretamente.Cookies de publicidade  Cookies de publicidade Estes cookies podem ser estabelecidos através do nosso site pelos nossos parceiros de publicidade. Podem ser usados por essas empresas para construir um perfil sobre os seus interesses e mostrar-lhe anúncios relevantes em outros websites. Eles não armazenam diretamente informações pessoais, mas são baseados na identificação exclusiva do seu navegador e dispositivo de internet. Se não permitir estes cookies, terá menos publicidade direcionada.Back ButtonBack  Search IconFilter IconClear checkbox label labelApply CancelConsent Leg.Interest checkbox label label checkbox label label checkbox label label Confirmar minhas escolhas
[2024-09-09T20:45:23.272+0000] {taskinstance.py:3310} ERROR - Task failed with exception
Traceback (most recent call last):
  File "/home/airflow/.local/lib/python3.12/site-packages/airflow/models/taskinstance.py", line 767, in _execute_task
    result = _execute_callable(context=context, **execute_callable_kwargs)
             ^^^^^^^^^^^^^^^^^^^^^^^^^^^^^^^^^^^^^^^^^^^^^^^^^^^^^^^^^^^^^
  File "/home/airflow/.local/lib/python3.12/site-packages/airflow/models/taskinstance.py", line 733, in _execute_callable
    return ExecutionCallableRunner(
           ^^^^^^^^^^^^^^^^^^^^^^^^
  File "/home/airflow/.local/lib/python3.12/site-packages/airflow/utils/operator_helpers.py", line 252, in run
    return self.func(*args, **kwargs)
           ^^^^^^^^^^^^^^^^^^^^^^^^^^
  File "/home/airflow/.local/lib/python3.12/site-packages/airflow/models/baseoperator.py", line 406, in wrapper
    return func(self, *args, **kwargs)
           ^^^^^^^^^^^^^^^^^^^^^^^^^^^
  File "/opt/airflow/operators/OperatorWebScraping.py", line 85, in execute
    result=self.ExtractDates()
           ^^^^^^^^^^^^^^^^^^^
  File "/opt/airflow/operators/OperatorWebScraping.py", line 80, in ExtractDates
    self.__ProcessamentoBeautifulSoup(html)
  File "/opt/airflow/operators/OperatorWebScraping.py", line 47, in __ProcessamentoBeautifulSoup
    link = product_link['href']
           ~~~~~~~~~~~~^^^^^^^^
TypeError: 'NoneType' object is not subscriptable
[2024-09-09T20:45:23.282+0000] {taskinstance.py:1225} INFO - Marking task as FAILED. dag_id=SitesWebScraping, task_id=WebScrapint, run_id=manual__2024-09-09T20:45:13.881865+00:00, execution_date=20240909T204513, start_date=20240909T204515, end_date=20240909T204523
[2024-09-09T20:45:23.295+0000] {taskinstance.py:340} INFO - ::group::Post task execution logs
[2024-09-09T20:45:23.295+0000] {standard_task_runner.py:124} ERROR - Failed to execute job 66 for task WebScrapint ('NoneType' object is not subscriptable; 80)
Traceback (most recent call last):
  File "/home/airflow/.local/lib/python3.12/site-packages/airflow/task/task_runner/standard_task_runner.py", line 117, in _start_by_fork
    ret = args.func(args, dag=self.dag)
          ^^^^^^^^^^^^^^^^^^^^^^^^^^^^^
  File "/home/airflow/.local/lib/python3.12/site-packages/airflow/cli/cli_config.py", line 49, in command
    return func(*args, **kwargs)
           ^^^^^^^^^^^^^^^^^^^^^
  File "/home/airflow/.local/lib/python3.12/site-packages/airflow/utils/cli.py", line 115, in wrapper
    return f(*args, **kwargs)
           ^^^^^^^^^^^^^^^^^^
  File "/home/airflow/.local/lib/python3.12/site-packages/airflow/cli/commands/task_command.py", line 483, in task_run
    task_return_code = _run_task_by_selected_method(args, _dag, ti)
                       ^^^^^^^^^^^^^^^^^^^^^^^^^^^^^^^^^^^^^^^^^^^^
  File "/home/airflow/.local/lib/python3.12/site-packages/airflow/cli/commands/task_command.py", line 256, in _run_task_by_selected_method
    return _run_raw_task(args, ti)
           ^^^^^^^^^^^^^^^^^^^^^^^
  File "/home/airflow/.local/lib/python3.12/site-packages/airflow/cli/commands/task_command.py", line 341, in _run_raw_task
    return ti._run_raw_task(
           ^^^^^^^^^^^^^^^^^
  File "/home/airflow/.local/lib/python3.12/site-packages/airflow/utils/session.py", line 97, in wrapper
    return func(*args, session=session, **kwargs)
           ^^^^^^^^^^^^^^^^^^^^^^^^^^^^^^^^^^^^^^
  File "/home/airflow/.local/lib/python3.12/site-packages/airflow/models/taskinstance.py", line 3004, in _run_raw_task
    return _run_raw_task(
           ^^^^^^^^^^^^^^
  File "/home/airflow/.local/lib/python3.12/site-packages/airflow/models/taskinstance.py", line 273, in _run_raw_task
    TaskInstance._execute_task_with_callbacks(
  File "/home/airflow/.local/lib/python3.12/site-packages/airflow/models/taskinstance.py", line 3158, in _execute_task_with_callbacks
    result = self._execute_task(context, task_orig)
             ^^^^^^^^^^^^^^^^^^^^^^^^^^^^^^^^^^^^^^
  File "/home/airflow/.local/lib/python3.12/site-packages/airflow/models/taskinstance.py", line 3182, in _execute_task
    return _execute_task(self, context, task_orig)
           ^^^^^^^^^^^^^^^^^^^^^^^^^^^^^^^^^^^^^^^
  File "/home/airflow/.local/lib/python3.12/site-packages/airflow/models/taskinstance.py", line 767, in _execute_task
    result = _execute_callable(context=context, **execute_callable_kwargs)
             ^^^^^^^^^^^^^^^^^^^^^^^^^^^^^^^^^^^^^^^^^^^^^^^^^^^^^^^^^^^^^
  File "/home/airflow/.local/lib/python3.12/site-packages/airflow/models/taskinstance.py", line 733, in _execute_callable
    return ExecutionCallableRunner(
           ^^^^^^^^^^^^^^^^^^^^^^^^
  File "/home/airflow/.local/lib/python3.12/site-packages/airflow/utils/operator_helpers.py", line 252, in run
    return self.func(*args, **kwargs)
           ^^^^^^^^^^^^^^^^^^^^^^^^^^
  File "/home/airflow/.local/lib/python3.12/site-packages/airflow/models/baseoperator.py", line 406, in wrapper
    return func(self, *args, **kwargs)
           ^^^^^^^^^^^^^^^^^^^^^^^^^^^
  File "/opt/airflow/operators/OperatorWebScraping.py", line 85, in execute
    result=self.ExtractDates()
           ^^^^^^^^^^^^^^^^^^^
  File "/opt/airflow/operators/OperatorWebScraping.py", line 80, in ExtractDates
    self.__ProcessamentoBeautifulSoup(html)
  File "/opt/airflow/operators/OperatorWebScraping.py", line 47, in __ProcessamentoBeautifulSoup
    link = product_link['href']
           ~~~~~~~~~~~~^^^^^^^^
TypeError: 'NoneType' object is not subscriptable
[2024-09-09T20:45:23.325+0000] {local_task_job_runner.py:266} INFO - Task exited with return code 1
[2024-09-09T20:45:23.339+0000] {taskinstance.py:3900} INFO - 0 downstream tasks scheduled from follow-on schedule check
[2024-09-09T20:45:23.344+0000] {local_task_job_runner.py:245} INFO - ::endgroup::
