[2024-11-02T13:04:34.057+0000] {local_task_job_runner.py:123} INFO - ::group::Pre task execution logs
[2024-11-02T13:04:34.070+0000] {taskinstance.py:2612} INFO - Dependencies all met for dep_context=non-requeueable deps ti=<TaskInstance: LoadWebScraping.insert manual__2024-11-02T13:04:30.449772+00:00 [queued]>
[2024-11-02T13:04:34.077+0000] {taskinstance.py:2612} INFO - Dependencies all met for dep_context=requeueable deps ti=<TaskInstance: LoadWebScraping.insert manual__2024-11-02T13:04:30.449772+00:00 [queued]>
[2024-11-02T13:04:34.078+0000] {taskinstance.py:2865} INFO - Starting attempt 1 of 1
[2024-11-02T13:04:34.093+0000] {taskinstance.py:2888} INFO - Executing <Task(SparkSubmitOperator): insert> on 2024-11-02 13:04:30.449772+00:00
[2024-11-02T13:04:34.098+0000] {warnings.py:112} WARNING - /home/***/.local/lib/python3.12/site-packages/***/task/task_runner/standard_task_runner.py:70: DeprecationWarning: This process (pid=8599) is multi-threaded, use of fork() may lead to deadlocks in the child.
  pid = os.fork()

[2024-11-02T13:04:34.100+0000] {standard_task_runner.py:72} INFO - Started process 8608 to run task
[2024-11-02T13:04:34.100+0000] {standard_task_runner.py:104} INFO - Running: ['***', 'tasks', 'run', 'LoadWebScraping', 'insert', 'manual__2024-11-02T13:04:30.449772+00:00', '--job-id', '206', '--raw', '--subdir', 'DAGS_FOLDER/LoadWebScraping.py', '--cfg-path', '/tmp/tmpfg17pcrm']
[2024-11-02T13:04:34.102+0000] {standard_task_runner.py:105} INFO - Job 206: Subtask insert
[2024-11-02T13:04:34.147+0000] {task_command.py:467} INFO - Running <TaskInstance: LoadWebScraping.insert manual__2024-11-02T13:04:30.449772+00:00 [running]> on host c9f99735a600
[2024-11-02T13:04:34.225+0000] {taskinstance.py:3131} INFO - Exporting env vars: AIRFLOW_CTX_DAG_OWNER='***' AIRFLOW_CTX_DAG_ID='LoadWebScraping' AIRFLOW_CTX_TASK_ID='insert' AIRFLOW_CTX_EXECUTION_DATE='2024-11-02T13:04:30.449772+00:00' AIRFLOW_CTX_TRY_NUMBER='1' AIRFLOW_CTX_DAG_RUN_ID='manual__2024-11-02T13:04:30.449772+00:00'
[2024-11-02T13:04:34.226+0000] {taskinstance.py:731} INFO - ::endgroup::
[2024-11-02T13:04:34.250+0000] {base.py:84} INFO - Retrieving connection 'spark_default'
[2024-11-02T13:04:34.252+0000] {spark_submit.py:327} ERROR - Failed to decode base64 keytab: Incorrect padding
[2024-11-02T13:04:34.253+0000] {spark_submit.py:304} INFO - Could not load connection string spark_default, defaulting to spark://spark:7077
[2024-11-02T13:04:34.255+0000] {spark_submit.py:473} INFO - Spark-Submit cmd: spark-submit --master spark://spark:7077 --driver-class-path /opt/***/jars/postgresql-42.5.0.jar --jars /opt/***/jars/postgresql-42.5.0.jar --packages org.postgresql:postgresql:42.5.0 --name arrow-spark --deploy-mode client /opt/bitnami/spark/src/scripts_spark/LoadFileToDB.py
[2024-11-02T13:04:35.822+0000] {spark_submit.py:634} INFO - :: loading settings :: url = jar:file:/home/***/.local/lib/python3.12/site-packages/pyspark/jars/ivy-2.5.1.jar!/org/apache/ivy/core/settings/ivysettings.xml
[2024-11-02T13:04:35.884+0000] {spark_submit.py:634} INFO - Ivy Default Cache set to: /home/***/.ivy2/cache
[2024-11-02T13:04:35.884+0000] {spark_submit.py:634} INFO - The jars for the packages stored in: /home/***/.ivy2/jars
[2024-11-02T13:04:35.892+0000] {spark_submit.py:634} INFO - org.postgresql#postgresql added as a dependency
[2024-11-02T13:04:35.894+0000] {spark_submit.py:634} INFO - :: resolving dependencies :: org.apache.spark#spark-submit-parent-5a36f5d1-c3c7-4b0c-b4e4-4d4cd6f0e74d;1.0
[2024-11-02T13:04:35.894+0000] {spark_submit.py:634} INFO - confs: [default]
[2024-11-02T13:04:35.977+0000] {spark_submit.py:634} INFO - found org.postgresql#postgresql;42.5.0 in central
[2024-11-02T13:04:35.995+0000] {spark_submit.py:634} INFO - found org.checkerframework#checker-qual;3.5.0 in central
[2024-11-02T13:04:36.007+0000] {spark_submit.py:634} INFO - :: resolution report :: resolve 109ms :: artifacts dl 5ms
[2024-11-02T13:04:36.008+0000] {spark_submit.py:634} INFO - :: modules in use:
[2024-11-02T13:04:36.008+0000] {spark_submit.py:634} INFO - org.checkerframework#checker-qual;3.5.0 from central in [default]
[2024-11-02T13:04:36.009+0000] {spark_submit.py:634} INFO - org.postgresql#postgresql;42.5.0 from central in [default]
[2024-11-02T13:04:36.009+0000] {spark_submit.py:634} INFO - ---------------------------------------------------------------------
[2024-11-02T13:04:36.009+0000] {spark_submit.py:634} INFO - |                  |            modules            ||   artifacts   |
[2024-11-02T13:04:36.010+0000] {spark_submit.py:634} INFO - |       conf       | number| search|dwnlded|evicted|| number|dwnlded|
[2024-11-02T13:04:36.010+0000] {spark_submit.py:634} INFO - ---------------------------------------------------------------------
[2024-11-02T13:04:36.011+0000] {spark_submit.py:634} INFO - |      default     |   2   |   0   |   0   |   0   ||   2   |   0   |
[2024-11-02T13:04:36.011+0000] {spark_submit.py:634} INFO - ---------------------------------------------------------------------
[2024-11-02T13:04:36.012+0000] {spark_submit.py:634} INFO - :: retrieving :: org.apache.spark#spark-submit-parent-5a36f5d1-c3c7-4b0c-b4e4-4d4cd6f0e74d
[2024-11-02T13:04:36.012+0000] {spark_submit.py:634} INFO - confs: [default]
[2024-11-02T13:04:36.014+0000] {spark_submit.py:634} INFO - 0 artifacts copied, 2 already retrieved (0kB/4ms)
[2024-11-02T13:04:36.162+0000] {spark_submit.py:634} INFO - 24/11/02 13:04:36 WARN NativeCodeLoader: Unable to load native-hadoop library for your platform... using builtin-java classes where applicable
[2024-11-02T13:04:36.297+0000] {spark_submit.py:634} INFO - 24/11/02 13:04:36 WARN DependencyUtils: Local jar /opt/***/jars/postgresql-42.5.0.jar does not exist, skipping.
[2024-11-02T13:04:38.851+0000] {spark_submit.py:634} INFO - 24/11/02 13:04:38 INFO SparkContext: Running Spark version 3.5.2
[2024-11-02T13:04:38.852+0000] {spark_submit.py:634} INFO - 24/11/02 13:04:38 INFO SparkContext: OS info Linux, 5.15.153.1-microsoft-standard-WSL2, amd64
[2024-11-02T13:04:38.852+0000] {spark_submit.py:634} INFO - 24/11/02 13:04:38 INFO SparkContext: Java version 17.0.13
[2024-11-02T13:04:38.870+0000] {spark_submit.py:634} INFO - 24/11/02 13:04:38 INFO ResourceUtils: ==============================================================
[2024-11-02T13:04:38.871+0000] {spark_submit.py:634} INFO - 24/11/02 13:04:38 INFO ResourceUtils: No custom resources configured for spark.driver.
[2024-11-02T13:04:38.871+0000] {spark_submit.py:634} INFO - 24/11/02 13:04:38 INFO ResourceUtils: ==============================================================
[2024-11-02T13:04:38.872+0000] {spark_submit.py:634} INFO - 24/11/02 13:04:38 INFO SparkContext: Submitted application: Insert_data
[2024-11-02T13:04:38.888+0000] {spark_submit.py:634} INFO - 24/11/02 13:04:38 INFO ResourceProfile: Default ResourceProfile created, executor resources: Map(cores -> name: cores, amount: 1, script: , vendor: , memory -> name: memory, amount: 1024, script: , vendor: , offHeap -> name: offHeap, amount: 0, script: , vendor: ), task resources: Map(cpus -> name: cpus, amount: 1.0)
[2024-11-02T13:04:38.895+0000] {spark_submit.py:634} INFO - 24/11/02 13:04:38 INFO ResourceProfile: Limiting resource is cpu
[2024-11-02T13:04:38.896+0000] {spark_submit.py:634} INFO - 24/11/02 13:04:38 INFO ResourceProfileManager: Added ResourceProfile id: 0
[2024-11-02T13:04:38.931+0000] {spark_submit.py:634} INFO - 24/11/02 13:04:38 INFO SecurityManager: Changing view acls to: ***
[2024-11-02T13:04:38.932+0000] {spark_submit.py:634} INFO - 24/11/02 13:04:38 INFO SecurityManager: Changing modify acls to: ***
[2024-11-02T13:04:38.932+0000] {spark_submit.py:634} INFO - 24/11/02 13:04:38 INFO SecurityManager: Changing view acls groups to:
[2024-11-02T13:04:38.933+0000] {spark_submit.py:634} INFO - 24/11/02 13:04:38 INFO SecurityManager: Changing modify acls groups to:
[2024-11-02T13:04:38.933+0000] {spark_submit.py:634} INFO - 24/11/02 13:04:38 INFO SecurityManager: SecurityManager: authentication disabled; ui acls disabled; users with view permissions: ***; groups with view permissions: EMPTY; users with modify permissions: ***; groups with modify permissions: EMPTY
[2024-11-02T13:04:39.084+0000] {spark_submit.py:634} INFO - 24/11/02 13:04:39 INFO Utils: Successfully started service 'sparkDriver' on port 38265.
[2024-11-02T13:04:39.111+0000] {spark_submit.py:634} INFO - 24/11/02 13:04:39 INFO SparkEnv: Registering MapOutputTracker
[2024-11-02T13:04:39.138+0000] {spark_submit.py:634} INFO - 24/11/02 13:04:39 INFO SparkEnv: Registering BlockManagerMaster
[2024-11-02T13:04:39.162+0000] {spark_submit.py:634} INFO - 24/11/02 13:04:39 INFO BlockManagerMasterEndpoint: Using org.apache.spark.storage.DefaultTopologyMapper for getting topology information
[2024-11-02T13:04:39.163+0000] {spark_submit.py:634} INFO - 24/11/02 13:04:39 INFO BlockManagerMasterEndpoint: BlockManagerMasterEndpoint up
[2024-11-02T13:04:39.170+0000] {spark_submit.py:634} INFO - 24/11/02 13:04:39 INFO SparkEnv: Registering BlockManagerMasterHeartbeat
[2024-11-02T13:04:39.189+0000] {spark_submit.py:634} INFO - 24/11/02 13:04:39 INFO DiskBlockManager: Created local directory at /tmp/blockmgr-2d1a6740-14f3-4379-bbb9-b8424f67b756
[2024-11-02T13:04:39.200+0000] {spark_submit.py:634} INFO - 24/11/02 13:04:39 INFO MemoryStore: MemoryStore started with capacity 434.4 MiB
[2024-11-02T13:04:39.212+0000] {spark_submit.py:634} INFO - 24/11/02 13:04:39 INFO SparkEnv: Registering OutputCommitCoordinator
[2024-11-02T13:04:39.305+0000] {spark_submit.py:634} INFO - 24/11/02 13:04:39 INFO JettyUtils: Start Jetty 0.0.0.0:4040 for SparkUI
[2024-11-02T13:04:39.355+0000] {spark_submit.py:634} INFO - 24/11/02 13:04:39 INFO Utils: Successfully started service 'SparkUI' on port 4040.
[2024-11-02T13:04:39.383+0000] {spark_submit.py:634} INFO - 24/11/02 13:04:39 ERROR SparkContext: Failed to add /opt/bitnami/spark/jars/postgresql-42.5.0.jar to Spark environment
[2024-11-02T13:04:39.384+0000] {spark_submit.py:634} INFO - java.io.FileNotFoundException: Jar /opt/bitnami/spark/jars/postgresql-42.5.0.jar not found
[2024-11-02T13:04:39.384+0000] {spark_submit.py:634} INFO - at org.apache.spark.SparkContext.addLocalJarFile$1(SparkContext.scala:2095)
[2024-11-02T13:04:39.385+0000] {spark_submit.py:634} INFO - at org.apache.spark.SparkContext.addJar(SparkContext.scala:2151)
[2024-11-02T13:04:39.385+0000] {spark_submit.py:634} INFO - at org.apache.spark.SparkContext.$anonfun$new$15(SparkContext.scala:521)
[2024-11-02T13:04:39.385+0000] {spark_submit.py:634} INFO - at org.apache.spark.SparkContext.$anonfun$new$15$adapted(SparkContext.scala:521)
[2024-11-02T13:04:39.386+0000] {spark_submit.py:634} INFO - at scala.collection.mutable.ResizableArray.foreach(ResizableArray.scala:62)
[2024-11-02T13:04:39.386+0000] {spark_submit.py:634} INFO - at scala.collection.mutable.ResizableArray.foreach$(ResizableArray.scala:55)
[2024-11-02T13:04:39.387+0000] {spark_submit.py:634} INFO - at scala.collection.mutable.ArrayBuffer.foreach(ArrayBuffer.scala:49)
[2024-11-02T13:04:39.387+0000] {spark_submit.py:634} INFO - at org.apache.spark.SparkContext.<init>(SparkContext.scala:521)
[2024-11-02T13:04:39.387+0000] {spark_submit.py:634} INFO - at org.apache.spark.api.java.JavaSparkContext.<init>(JavaSparkContext.scala:58)
[2024-11-02T13:04:39.388+0000] {spark_submit.py:634} INFO - at java.base/jdk.internal.reflect.NativeConstructorAccessorImpl.newInstance0(Native Method)
[2024-11-02T13:04:39.388+0000] {spark_submit.py:634} INFO - at java.base/jdk.internal.reflect.NativeConstructorAccessorImpl.newInstance(NativeConstructorAccessorImpl.java:77)
[2024-11-02T13:04:39.388+0000] {spark_submit.py:634} INFO - at java.base/jdk.internal.reflect.DelegatingConstructorAccessorImpl.newInstance(DelegatingConstructorAccessorImpl.java:45)
[2024-11-02T13:04:39.389+0000] {spark_submit.py:634} INFO - at java.base/java.lang.reflect.Constructor.newInstanceWithCaller(Constructor.java:500)
[2024-11-02T13:04:39.389+0000] {spark_submit.py:634} INFO - at java.base/java.lang.reflect.Constructor.newInstance(Constructor.java:481)
[2024-11-02T13:04:39.389+0000] {spark_submit.py:634} INFO - at py4j.reflection.MethodInvoker.invoke(MethodInvoker.java:247)
[2024-11-02T13:04:39.389+0000] {spark_submit.py:634} INFO - at py4j.reflection.ReflectionEngine.invoke(ReflectionEngine.java:374)
[2024-11-02T13:04:39.390+0000] {spark_submit.py:634} INFO - at py4j.Gateway.invoke(Gateway.java:238)
[2024-11-02T13:04:39.390+0000] {spark_submit.py:634} INFO - at py4j.commands.ConstructorCommand.invokeConstructor(ConstructorCommand.java:80)
[2024-11-02T13:04:39.391+0000] {spark_submit.py:634} INFO - at py4j.commands.ConstructorCommand.execute(ConstructorCommand.java:69)
[2024-11-02T13:04:39.391+0000] {spark_submit.py:634} INFO - at py4j.ClientServerConnection.waitForCommands(ClientServerConnection.java:182)
[2024-11-02T13:04:39.391+0000] {spark_submit.py:634} INFO - at py4j.ClientServerConnection.run(ClientServerConnection.java:106)
[2024-11-02T13:04:39.392+0000] {spark_submit.py:634} INFO - at java.base/java.lang.Thread.run(Thread.java:840)
[2024-11-02T13:04:39.392+0000] {spark_submit.py:634} INFO - 24/11/02 13:04:39 INFO SparkContext: Added file file:///home/***/.ivy2/jars/org.postgresql_postgresql-42.5.0.jar at file:///home/***/.ivy2/jars/org.postgresql_postgresql-42.5.0.jar with timestamp 1730552678846
[2024-11-02T13:04:39.393+0000] {spark_submit.py:634} INFO - 24/11/02 13:04:39 INFO Utils: Copying /home/***/.ivy2/jars/org.postgresql_postgresql-42.5.0.jar to /tmp/spark-36a44f01-49e0-4d2e-9ae7-3511c8762255/userFiles-b5b676eb-3917-47f3-bcba-da9a6b13bc91/org.postgresql_postgresql-42.5.0.jar
[2024-11-02T13:04:39.395+0000] {spark_submit.py:634} INFO - 24/11/02 13:04:39 INFO SparkContext: Added file file:///home/***/.ivy2/jars/org.checkerframework_checker-qual-3.5.0.jar at file:///home/***/.ivy2/jars/org.checkerframework_checker-qual-3.5.0.jar with timestamp 1730552678846
[2024-11-02T13:04:39.396+0000] {spark_submit.py:634} INFO - 24/11/02 13:04:39 INFO Utils: Copying /home/***/.ivy2/jars/org.checkerframework_checker-qual-3.5.0.jar to /tmp/spark-36a44f01-49e0-4d2e-9ae7-3511c8762255/userFiles-b5b676eb-3917-47f3-bcba-da9a6b13bc91/org.checkerframework_checker-qual-3.5.0.jar
[2024-11-02T13:04:39.457+0000] {spark_submit.py:634} INFO - 24/11/02 13:04:39 INFO Executor: Starting executor ID driver on host c9f99735a600
[2024-11-02T13:04:39.458+0000] {spark_submit.py:634} INFO - 24/11/02 13:04:39 INFO Executor: OS info Linux, 5.15.153.1-microsoft-standard-WSL2, amd64
[2024-11-02T13:04:39.458+0000] {spark_submit.py:634} INFO - 24/11/02 13:04:39 INFO Executor: Java version 17.0.13
[2024-11-02T13:04:39.464+0000] {spark_submit.py:634} INFO - 24/11/02 13:04:39 INFO Executor: Starting executor with user classpath (userClassPathFirst = false): ''
[2024-11-02T13:04:39.464+0000] {spark_submit.py:634} INFO - 24/11/02 13:04:39 INFO Executor: Created or updated repl class loader org.apache.spark.util.MutableURLClassLoader@6efb5fc5 for default.
[2024-11-02T13:04:39.474+0000] {spark_submit.py:634} INFO - 24/11/02 13:04:39 INFO Executor: Fetching file:///home/***/.ivy2/jars/org.checkerframework_checker-qual-3.5.0.jar with timestamp 1730552678846
[2024-11-02T13:04:39.490+0000] {spark_submit.py:634} INFO - 24/11/02 13:04:39 INFO Utils: /home/***/.ivy2/jars/org.checkerframework_checker-qual-3.5.0.jar has been previously copied to /tmp/spark-36a44f01-49e0-4d2e-9ae7-3511c8762255/userFiles-b5b676eb-3917-47f3-bcba-da9a6b13bc91/org.checkerframework_checker-qual-3.5.0.jar
[2024-11-02T13:04:39.494+0000] {spark_submit.py:634} INFO - 24/11/02 13:04:39 INFO Executor: Fetching file:///home/***/.ivy2/jars/org.postgresql_postgresql-42.5.0.jar with timestamp 1730552678846
[2024-11-02T13:04:39.498+0000] {spark_submit.py:634} INFO - 24/11/02 13:04:39 INFO Utils: /home/***/.ivy2/jars/org.postgresql_postgresql-42.5.0.jar has been previously copied to /tmp/spark-36a44f01-49e0-4d2e-9ae7-3511c8762255/userFiles-b5b676eb-3917-47f3-bcba-da9a6b13bc91/org.postgresql_postgresql-42.5.0.jar
[2024-11-02T13:04:39.510+0000] {spark_submit.py:634} INFO - 24/11/02 13:04:39 INFO Utils: Successfully started service 'org.apache.spark.network.netty.NettyBlockTransferService' on port 41067.
[2024-11-02T13:04:39.511+0000] {spark_submit.py:634} INFO - 24/11/02 13:04:39 INFO NettyBlockTransferService: Server created on c9f99735a600:41067
[2024-11-02T13:04:39.512+0000] {spark_submit.py:634} INFO - 24/11/02 13:04:39 INFO BlockManager: Using org.apache.spark.storage.RandomBlockReplicationPolicy for block replication policy
[2024-11-02T13:04:39.516+0000] {spark_submit.py:634} INFO - 24/11/02 13:04:39 INFO BlockManagerMaster: Registering BlockManager BlockManagerId(driver, c9f99735a600, 41067, None)
[2024-11-02T13:04:39.519+0000] {spark_submit.py:634} INFO - 24/11/02 13:04:39 INFO BlockManagerMasterEndpoint: Registering block manager c9f99735a600:41067 with 434.4 MiB RAM, BlockManagerId(driver, c9f99735a600, 41067, None)
[2024-11-02T13:04:39.521+0000] {spark_submit.py:634} INFO - 24/11/02 13:04:39 INFO BlockManagerMaster: Registered BlockManager BlockManagerId(driver, c9f99735a600, 41067, None)
[2024-11-02T13:04:39.522+0000] {spark_submit.py:634} INFO - 24/11/02 13:04:39 INFO BlockManager: Initialized BlockManager: BlockManagerId(driver, c9f99735a600, 41067, None)
[2024-11-02T13:04:39.793+0000] {spark_submit.py:634} INFO - 24/11/02 13:04:39 INFO SharedState: Setting hive.metastore.warehouse.dir ('null') to the value of spark.sql.warehouse.dir.
[2024-11-02T13:04:39.795+0000] {spark_submit.py:634} INFO - 24/11/02 13:04:39 INFO SharedState: Warehouse path is 'file:/opt/***/spark-warehouse'.
[2024-11-02T13:04:40.306+0000] {spark_submit.py:634} INFO - 24/11/02 13:04:40 WARN FileStreamSink: Assume no metadata directory. Error while looking for metadata directory in the path: s3a://silverzone/*/*_2024-11-02/memoria_k.parquet.
[2024-11-02T13:04:40.306+0000] {spark_submit.py:634} INFO - java.lang.RuntimeException: java.lang.ClassNotFoundException: Class org.apache.hadoop.fs.s3a.S3AFileSystem not found
[2024-11-02T13:04:40.307+0000] {spark_submit.py:634} INFO - at org.apache.hadoop.conf.Configuration.getClass(Configuration.java:2688)
[2024-11-02T13:04:40.307+0000] {spark_submit.py:634} INFO - at org.apache.hadoop.fs.FileSystem.getFileSystemClass(FileSystem.java:3431)
[2024-11-02T13:04:40.308+0000] {spark_submit.py:634} INFO - at org.apache.hadoop.fs.FileSystem.createFileSystem(FileSystem.java:3466)
[2024-11-02T13:04:40.308+0000] {spark_submit.py:634} INFO - at org.apache.hadoop.fs.FileSystem.access$300(FileSystem.java:174)
[2024-11-02T13:04:40.309+0000] {spark_submit.py:634} INFO - at org.apache.hadoop.fs.FileSystem$Cache.getInternal(FileSystem.java:3574)
[2024-11-02T13:04:40.309+0000] {spark_submit.py:634} INFO - at org.apache.hadoop.fs.FileSystem$Cache.get(FileSystem.java:3521)
[2024-11-02T13:04:40.309+0000] {spark_submit.py:634} INFO - at org.apache.hadoop.fs.FileSystem.get(FileSystem.java:540)
[2024-11-02T13:04:40.310+0000] {spark_submit.py:634} INFO - at org.apache.hadoop.fs.Path.getFileSystem(Path.java:365)
[2024-11-02T13:04:40.310+0000] {spark_submit.py:634} INFO - at org.apache.spark.sql.execution.streaming.FileStreamSink$.hasMetadata(FileStreamSink.scala:53)
[2024-11-02T13:04:40.310+0000] {spark_submit.py:634} INFO - at org.apache.spark.sql.execution.datasources.DataSource.resolveRelation(DataSource.scala:366)
[2024-11-02T13:04:40.311+0000] {spark_submit.py:634} INFO - at org.apache.spark.sql.DataFrameReader.loadV1Source(DataFrameReader.scala:229)
[2024-11-02T13:04:40.311+0000] {spark_submit.py:634} INFO - at org.apache.spark.sql.DataFrameReader.$anonfun$load$2(DataFrameReader.scala:211)
[2024-11-02T13:04:40.312+0000] {spark_submit.py:634} INFO - at scala.Option.getOrElse(Option.scala:189)
[2024-11-02T13:04:40.312+0000] {spark_submit.py:634} INFO - at org.apache.spark.sql.DataFrameReader.load(DataFrameReader.scala:211)
[2024-11-02T13:04:40.313+0000] {spark_submit.py:634} INFO - at org.apache.spark.sql.DataFrameReader.parquet(DataFrameReader.scala:563)
[2024-11-02T13:04:40.313+0000] {spark_submit.py:634} INFO - at java.base/jdk.internal.reflect.NativeMethodAccessorImpl.invoke0(Native Method)
[2024-11-02T13:04:40.313+0000] {spark_submit.py:634} INFO - at java.base/jdk.internal.reflect.NativeMethodAccessorImpl.invoke(NativeMethodAccessorImpl.java:77)
[2024-11-02T13:04:40.314+0000] {spark_submit.py:634} INFO - at java.base/jdk.internal.reflect.DelegatingMethodAccessorImpl.invoke(DelegatingMethodAccessorImpl.java:43)
[2024-11-02T13:04:40.314+0000] {spark_submit.py:634} INFO - at java.base/java.lang.reflect.Method.invoke(Method.java:569)
[2024-11-02T13:04:40.315+0000] {spark_submit.py:634} INFO - at py4j.reflection.MethodInvoker.invoke(MethodInvoker.java:244)
[2024-11-02T13:04:40.315+0000] {spark_submit.py:634} INFO - at py4j.reflection.ReflectionEngine.invoke(ReflectionEngine.java:374)
[2024-11-02T13:04:40.316+0000] {spark_submit.py:634} INFO - at py4j.Gateway.invoke(Gateway.java:282)
[2024-11-02T13:04:40.316+0000] {spark_submit.py:634} INFO - at py4j.commands.AbstractCommand.invokeMethod(AbstractCommand.java:132)
[2024-11-02T13:04:40.316+0000] {spark_submit.py:634} INFO - at py4j.commands.CallCommand.execute(CallCommand.java:79)
[2024-11-02T13:04:40.317+0000] {spark_submit.py:634} INFO - at py4j.ClientServerConnection.waitForCommands(ClientServerConnection.java:182)
[2024-11-02T13:04:40.317+0000] {spark_submit.py:634} INFO - at py4j.ClientServerConnection.run(ClientServerConnection.java:106)
[2024-11-02T13:04:40.318+0000] {spark_submit.py:634} INFO - at java.base/java.lang.Thread.run(Thread.java:840)
[2024-11-02T13:04:40.318+0000] {spark_submit.py:634} INFO - Caused by: java.lang.ClassNotFoundException: Class org.apache.hadoop.fs.s3a.S3AFileSystem not found
[2024-11-02T13:04:40.318+0000] {spark_submit.py:634} INFO - at org.apache.hadoop.conf.Configuration.getClassByName(Configuration.java:2592)
[2024-11-02T13:04:40.319+0000] {spark_submit.py:634} INFO - at org.apache.hadoop.conf.Configuration.getClass(Configuration.java:2686)
[2024-11-02T13:04:40.319+0000] {spark_submit.py:634} INFO - ... 26 more
[2024-11-02T13:04:40.355+0000] {spark_submit.py:634} INFO - Traceback (most recent call last):
[2024-11-02T13:04:40.355+0000] {spark_submit.py:634} INFO - File "/opt/bitnami/spark/src/scripts_spark/LoadFileToDB.py", line 43, in <module>
[2024-11-02T13:04:40.357+0000] {spark_submit.py:634} INFO - df_memoria = spark.read.parquet(local_path)
[2024-11-02T13:04:40.357+0000] {spark_submit.py:634} INFO - ^^^^^^^^^^^^^^^^^^^^^^^^^^^^^^
[2024-11-02T13:04:40.358+0000] {spark_submit.py:634} INFO - File "/home/***/.local/lib/python3.12/site-packages/pyspark/python/lib/pyspark.zip/pyspark/sql/readwriter.py", line 544, in parquet
[2024-11-02T13:04:40.358+0000] {spark_submit.py:634} INFO - File "/home/***/.local/lib/python3.12/site-packages/pyspark/python/lib/py4j-0.10.9.7-src.zip/py4j/java_gateway.py", line 1322, in __call__
[2024-11-02T13:04:40.359+0000] {spark_submit.py:634} INFO - File "/home/***/.local/lib/python3.12/site-packages/pyspark/python/lib/pyspark.zip/pyspark/errors/exceptions/captured.py", line 179, in deco
[2024-11-02T13:04:40.360+0000] {spark_submit.py:634} INFO - File "/home/***/.local/lib/python3.12/site-packages/pyspark/python/lib/py4j-0.10.9.7-src.zip/py4j/protocol.py", line 326, in get_return_value
[2024-11-02T13:04:40.362+0000] {spark_submit.py:634} INFO - py4j.protocol.Py4JJavaError: An error occurred while calling o40.parquet.
[2024-11-02T13:04:40.362+0000] {spark_submit.py:634} INFO - : java.lang.RuntimeException: java.lang.ClassNotFoundException: Class org.apache.hadoop.fs.s3a.S3AFileSystem not found
[2024-11-02T13:04:40.363+0000] {spark_submit.py:634} INFO - at org.apache.hadoop.conf.Configuration.getClass(Configuration.java:2688)
[2024-11-02T13:04:40.363+0000] {spark_submit.py:634} INFO - at org.apache.hadoop.fs.FileSystem.getFileSystemClass(FileSystem.java:3431)
[2024-11-02T13:04:40.364+0000] {spark_submit.py:634} INFO - at org.apache.hadoop.fs.FileSystem.createFileSystem(FileSystem.java:3466)
[2024-11-02T13:04:40.364+0000] {spark_submit.py:634} INFO - at org.apache.hadoop.fs.FileSystem.access$300(FileSystem.java:174)
[2024-11-02T13:04:40.365+0000] {spark_submit.py:634} INFO - at org.apache.hadoop.fs.FileSystem$Cache.getInternal(FileSystem.java:3574)
[2024-11-02T13:04:40.365+0000] {spark_submit.py:634} INFO - at org.apache.hadoop.fs.FileSystem$Cache.get(FileSystem.java:3521)
[2024-11-02T13:04:40.366+0000] {spark_submit.py:634} INFO - at org.apache.hadoop.fs.FileSystem.get(FileSystem.java:540)
[2024-11-02T13:04:40.366+0000] {spark_submit.py:634} INFO - at org.apache.hadoop.fs.Path.getFileSystem(Path.java:365)
[2024-11-02T13:04:40.366+0000] {spark_submit.py:634} INFO - at org.apache.spark.sql.execution.datasources.DataSource$.$anonfun$checkAndGlobPathIfNecessary$1(DataSource.scala:724)
[2024-11-02T13:04:40.367+0000] {spark_submit.py:634} INFO - at scala.collection.immutable.List.map(List.scala:293)
[2024-11-02T13:04:40.367+0000] {spark_submit.py:634} INFO - at org.apache.spark.sql.execution.datasources.DataSource$.checkAndGlobPathIfNecessary(DataSource.scala:722)
[2024-11-02T13:04:40.367+0000] {spark_submit.py:634} INFO - at org.apache.spark.sql.execution.datasources.DataSource.checkAndGlobPathIfNecessary(DataSource.scala:551)
[2024-11-02T13:04:40.368+0000] {spark_submit.py:634} INFO - at org.apache.spark.sql.execution.datasources.DataSource.resolveRelation(DataSource.scala:404)
[2024-11-02T13:04:40.368+0000] {spark_submit.py:634} INFO - at org.apache.spark.sql.DataFrameReader.loadV1Source(DataFrameReader.scala:229)
[2024-11-02T13:04:40.368+0000] {spark_submit.py:634} INFO - at org.apache.spark.sql.DataFrameReader.$anonfun$load$2(DataFrameReader.scala:211)
[2024-11-02T13:04:40.369+0000] {spark_submit.py:634} INFO - at scala.Option.getOrElse(Option.scala:189)
[2024-11-02T13:04:40.369+0000] {spark_submit.py:634} INFO - at org.apache.spark.sql.DataFrameReader.load(DataFrameReader.scala:211)
[2024-11-02T13:04:40.370+0000] {spark_submit.py:634} INFO - at org.apache.spark.sql.DataFrameReader.parquet(DataFrameReader.scala:563)
[2024-11-02T13:04:40.370+0000] {spark_submit.py:634} INFO - at java.base/jdk.internal.reflect.NativeMethodAccessorImpl.invoke0(Native Method)
[2024-11-02T13:04:40.370+0000] {spark_submit.py:634} INFO - at java.base/jdk.internal.reflect.NativeMethodAccessorImpl.invoke(NativeMethodAccessorImpl.java:77)
[2024-11-02T13:04:40.371+0000] {spark_submit.py:634} INFO - at java.base/jdk.internal.reflect.DelegatingMethodAccessorImpl.invoke(DelegatingMethodAccessorImpl.java:43)
[2024-11-02T13:04:40.371+0000] {spark_submit.py:634} INFO - at java.base/java.lang.reflect.Method.invoke(Method.java:569)
[2024-11-02T13:04:40.371+0000] {spark_submit.py:634} INFO - at py4j.reflection.MethodInvoker.invoke(MethodInvoker.java:244)
[2024-11-02T13:04:40.372+0000] {spark_submit.py:634} INFO - at py4j.reflection.ReflectionEngine.invoke(ReflectionEngine.java:374)
[2024-11-02T13:04:40.372+0000] {spark_submit.py:634} INFO - at py4j.Gateway.invoke(Gateway.java:282)
[2024-11-02T13:04:40.372+0000] {spark_submit.py:634} INFO - at py4j.commands.AbstractCommand.invokeMethod(AbstractCommand.java:132)
[2024-11-02T13:04:40.373+0000] {spark_submit.py:634} INFO - at py4j.commands.CallCommand.execute(CallCommand.java:79)
[2024-11-02T13:04:40.373+0000] {spark_submit.py:634} INFO - at py4j.ClientServerConnection.waitForCommands(ClientServerConnection.java:182)
[2024-11-02T13:04:40.373+0000] {spark_submit.py:634} INFO - at py4j.ClientServerConnection.run(ClientServerConnection.java:106)
[2024-11-02T13:04:40.374+0000] {spark_submit.py:634} INFO - at java.base/java.lang.Thread.run(Thread.java:840)
[2024-11-02T13:04:40.374+0000] {spark_submit.py:634} INFO - Caused by: java.lang.ClassNotFoundException: Class org.apache.hadoop.fs.s3a.S3AFileSystem not found
[2024-11-02T13:04:40.374+0000] {spark_submit.py:634} INFO - at org.apache.hadoop.conf.Configuration.getClassByName(Configuration.java:2592)
[2024-11-02T13:04:40.375+0000] {spark_submit.py:634} INFO - at org.apache.hadoop.conf.Configuration.getClass(Configuration.java:2686)
[2024-11-02T13:04:40.375+0000] {spark_submit.py:634} INFO - ... 29 more
[2024-11-02T13:04:40.375+0000] {spark_submit.py:634} INFO - 
[2024-11-02T13:04:40.376+0000] {spark_submit.py:634} INFO - [2024-11-02T13:04:40.362+0000] {clientserver.py:543} INFO - Closing down clientserver connection
[2024-11-02T13:04:40.584+0000] {spark_submit.py:634} INFO - 24/11/02 13:04:40 INFO SparkContext: Invoking stop() from shutdown hook
[2024-11-02T13:04:40.584+0000] {spark_submit.py:634} INFO - 24/11/02 13:04:40 INFO SparkContext: SparkContext is stopping with exitCode 0.
[2024-11-02T13:04:40.592+0000] {spark_submit.py:634} INFO - 24/11/02 13:04:40 INFO SparkUI: Stopped Spark web UI at http://c9f99735a600:4040
[2024-11-02T13:04:40.601+0000] {spark_submit.py:634} INFO - 24/11/02 13:04:40 INFO MapOutputTrackerMasterEndpoint: MapOutputTrackerMasterEndpoint stopped!
[2024-11-02T13:04:40.610+0000] {spark_submit.py:634} INFO - 24/11/02 13:04:40 INFO MemoryStore: MemoryStore cleared
[2024-11-02T13:04:40.611+0000] {spark_submit.py:634} INFO - 24/11/02 13:04:40 INFO BlockManager: BlockManager stopped
[2024-11-02T13:04:40.615+0000] {spark_submit.py:634} INFO - 24/11/02 13:04:40 INFO BlockManagerMaster: BlockManagerMaster stopped
[2024-11-02T13:04:40.618+0000] {spark_submit.py:634} INFO - 24/11/02 13:04:40 INFO OutputCommitCoordinator$OutputCommitCoordinatorEndpoint: OutputCommitCoordinator stopped!
[2024-11-02T13:04:40.623+0000] {spark_submit.py:634} INFO - 24/11/02 13:04:40 INFO SparkContext: Successfully stopped SparkContext
[2024-11-02T13:04:40.624+0000] {spark_submit.py:634} INFO - 24/11/02 13:04:40 INFO ShutdownHookManager: Shutdown hook called
[2024-11-02T13:04:40.625+0000] {spark_submit.py:634} INFO - 24/11/02 13:04:40 INFO ShutdownHookManager: Deleting directory /tmp/spark-373d3d7f-cd71-475f-adc7-c8f2d5d97fa4
[2024-11-02T13:04:40.628+0000] {spark_submit.py:634} INFO - 24/11/02 13:04:40 INFO ShutdownHookManager: Deleting directory /tmp/spark-36a44f01-49e0-4d2e-9ae7-3511c8762255/pyspark-daf13e43-ed60-4e8e-b2ea-009d67bf2890
[2024-11-02T13:04:40.631+0000] {spark_submit.py:634} INFO - 24/11/02 13:04:40 INFO ShutdownHookManager: Deleting directory /tmp/spark-36a44f01-49e0-4d2e-9ae7-3511c8762255
[2024-11-02T13:04:40.662+0000] {taskinstance.py:3310} ERROR - Task failed with exception
Traceback (most recent call last):
  File "/home/airflow/.local/lib/python3.12/site-packages/airflow/models/taskinstance.py", line 767, in _execute_task
    result = _execute_callable(context=context, **execute_callable_kwargs)
             ^^^^^^^^^^^^^^^^^^^^^^^^^^^^^^^^^^^^^^^^^^^^^^^^^^^^^^^^^^^^^
  File "/home/airflow/.local/lib/python3.12/site-packages/airflow/models/taskinstance.py", line 733, in _execute_callable
    return ExecutionCallableRunner(
           ^^^^^^^^^^^^^^^^^^^^^^^^
  File "/home/airflow/.local/lib/python3.12/site-packages/airflow/utils/operator_helpers.py", line 252, in run
    return self.func(*args, **kwargs)
           ^^^^^^^^^^^^^^^^^^^^^^^^^^
  File "/home/airflow/.local/lib/python3.12/site-packages/airflow/models/baseoperator.py", line 406, in wrapper
    return func(self, *args, **kwargs)
           ^^^^^^^^^^^^^^^^^^^^^^^^^^^
  File "/home/airflow/.local/lib/python3.12/site-packages/airflow/providers/apache/spark/operators/spark_submit.py", line 176, in execute
    self._hook.submit(self.application)
  File "/home/airflow/.local/lib/python3.12/site-packages/airflow/providers/apache/spark/hooks/spark_submit.py", line 560, in submit
    raise AirflowException(
airflow.exceptions.AirflowException: Cannot execute: spark-submit --master spark://spark:7077 --driver-class-path /opt/***/jars/postgresql-42.5.0.jar --jars /opt/***/jars/postgresql-42.5.0.jar --packages org.postgresql:postgresql:42.5.0 --name arrow-spark --deploy-mode client /opt/bitnami/spark/src/scripts_spark/LoadFileToDB.py. Error code is: 1.
[2024-11-02T13:04:40.665+0000] {taskinstance.py:1225} INFO - Marking task as FAILED. dag_id=LoadWebScraping, task_id=insert, run_id=manual__2024-11-02T13:04:30.449772+00:00, execution_date=20241102T130430, start_date=20241102T130434, end_date=20241102T130440
[2024-11-02T13:04:40.677+0000] {taskinstance.py:340} INFO - ::group::Post task execution logs
[2024-11-02T13:04:40.678+0000] {standard_task_runner.py:124} ERROR - Failed to execute job 206 for task insert (Cannot execute: spark-submit --master spark://spark:7077 --driver-class-path /opt/***/jars/postgresql-42.5.0.jar --jars /opt/***/jars/postgresql-42.5.0.jar --packages org.postgresql:postgresql:42.5.0 --name arrow-spark --deploy-mode client /opt/bitnami/spark/src/scripts_spark/LoadFileToDB.py. Error code is: 1.; 8608)
Traceback (most recent call last):
  File "/home/airflow/.local/lib/python3.12/site-packages/airflow/task/task_runner/standard_task_runner.py", line 117, in _start_by_fork
    ret = args.func(args, dag=self.dag)
          ^^^^^^^^^^^^^^^^^^^^^^^^^^^^^
  File "/home/airflow/.local/lib/python3.12/site-packages/airflow/cli/cli_config.py", line 49, in command
    return func(*args, **kwargs)
           ^^^^^^^^^^^^^^^^^^^^^
  File "/home/airflow/.local/lib/python3.12/site-packages/airflow/utils/cli.py", line 115, in wrapper
    return f(*args, **kwargs)
           ^^^^^^^^^^^^^^^^^^
  File "/home/airflow/.local/lib/python3.12/site-packages/airflow/cli/commands/task_command.py", line 483, in task_run
    task_return_code = _run_task_by_selected_method(args, _dag, ti)
                       ^^^^^^^^^^^^^^^^^^^^^^^^^^^^^^^^^^^^^^^^^^^^
  File "/home/airflow/.local/lib/python3.12/site-packages/airflow/cli/commands/task_command.py", line 256, in _run_task_by_selected_method
    return _run_raw_task(args, ti)
           ^^^^^^^^^^^^^^^^^^^^^^^
  File "/home/airflow/.local/lib/python3.12/site-packages/airflow/cli/commands/task_command.py", line 341, in _run_raw_task
    return ti._run_raw_task(
           ^^^^^^^^^^^^^^^^^
  File "/home/airflow/.local/lib/python3.12/site-packages/airflow/utils/session.py", line 97, in wrapper
    return func(*args, session=session, **kwargs)
           ^^^^^^^^^^^^^^^^^^^^^^^^^^^^^^^^^^^^^^
  File "/home/airflow/.local/lib/python3.12/site-packages/airflow/models/taskinstance.py", line 3004, in _run_raw_task
    return _run_raw_task(
           ^^^^^^^^^^^^^^
  File "/home/airflow/.local/lib/python3.12/site-packages/airflow/models/taskinstance.py", line 273, in _run_raw_task
    TaskInstance._execute_task_with_callbacks(
  File "/home/airflow/.local/lib/python3.12/site-packages/airflow/models/taskinstance.py", line 3158, in _execute_task_with_callbacks
    result = self._execute_task(context, task_orig)
             ^^^^^^^^^^^^^^^^^^^^^^^^^^^^^^^^^^^^^^
  File "/home/airflow/.local/lib/python3.12/site-packages/airflow/models/taskinstance.py", line 3182, in _execute_task
    return _execute_task(self, context, task_orig)
           ^^^^^^^^^^^^^^^^^^^^^^^^^^^^^^^^^^^^^^^
  File "/home/airflow/.local/lib/python3.12/site-packages/airflow/models/taskinstance.py", line 767, in _execute_task
    result = _execute_callable(context=context, **execute_callable_kwargs)
             ^^^^^^^^^^^^^^^^^^^^^^^^^^^^^^^^^^^^^^^^^^^^^^^^^^^^^^^^^^^^^
  File "/home/airflow/.local/lib/python3.12/site-packages/airflow/models/taskinstance.py", line 733, in _execute_callable
    return ExecutionCallableRunner(
           ^^^^^^^^^^^^^^^^^^^^^^^^
  File "/home/airflow/.local/lib/python3.12/site-packages/airflow/utils/operator_helpers.py", line 252, in run
    return self.func(*args, **kwargs)
           ^^^^^^^^^^^^^^^^^^^^^^^^^^
  File "/home/airflow/.local/lib/python3.12/site-packages/airflow/models/baseoperator.py", line 406, in wrapper
    return func(self, *args, **kwargs)
           ^^^^^^^^^^^^^^^^^^^^^^^^^^^
  File "/home/airflow/.local/lib/python3.12/site-packages/airflow/providers/apache/spark/operators/spark_submit.py", line 176, in execute
    self._hook.submit(self.application)
  File "/home/airflow/.local/lib/python3.12/site-packages/airflow/providers/apache/spark/hooks/spark_submit.py", line 560, in submit
    raise AirflowException(
airflow.exceptions.AirflowException: Cannot execute: spark-submit --master spark://spark:7077 --driver-class-path /opt/***/jars/postgresql-42.5.0.jar --jars /opt/***/jars/postgresql-42.5.0.jar --packages org.postgresql:postgresql:42.5.0 --name arrow-spark --deploy-mode client /opt/bitnami/spark/src/scripts_spark/LoadFileToDB.py. Error code is: 1.
[2024-11-02T13:04:40.706+0000] {local_task_job_runner.py:266} INFO - Task exited with return code 1
[2024-11-02T13:04:40.719+0000] {taskinstance.py:3900} INFO - 0 downstream tasks scheduled from follow-on schedule check
[2024-11-02T13:04:40.724+0000] {local_task_job_runner.py:245} INFO - ::endgroup::
