[2024-11-01T14:07:17.302+0000] {local_task_job_runner.py:123} INFO - ::group::Pre task execution logs
[2024-11-01T14:07:17.323+0000] {taskinstance.py:2612} INFO - Dependencies all met for dep_context=non-requeueable deps ti=<TaskInstance: LoadWebScraping.insert manual__2024-11-01T14:07:14.421795+00:00 [queued]>
[2024-11-01T14:07:17.334+0000] {taskinstance.py:2612} INFO - Dependencies all met for dep_context=requeueable deps ti=<TaskInstance: LoadWebScraping.insert manual__2024-11-01T14:07:14.421795+00:00 [queued]>
[2024-11-01T14:07:17.335+0000] {taskinstance.py:2865} INFO - Starting attempt 1 of 1
[2024-11-01T14:07:17.360+0000] {taskinstance.py:2888} INFO - Executing <Task(SparkSubmitOperator): insert> on 2024-11-01 14:07:14.421795+00:00
[2024-11-01T14:07:17.369+0000] {warnings.py:112} WARNING - /home/***/.local/lib/python3.12/site-packages/***/task/task_runner/standard_task_runner.py:70: DeprecationWarning: This process (pid=9240) is multi-threaded, use of fork() may lead to deadlocks in the child.
  pid = os.fork()

[2024-11-01T14:07:17.372+0000] {standard_task_runner.py:72} INFO - Started process 9242 to run task
[2024-11-01T14:07:17.372+0000] {standard_task_runner.py:104} INFO - Running: ['***', 'tasks', 'run', 'LoadWebScraping', 'insert', 'manual__2024-11-01T14:07:14.421795+00:00', '--job-id', '92', '--raw', '--subdir', 'DAGS_FOLDER/LoadWebScraping.py', '--cfg-path', '/tmp/tmpr8mo_0q3']
[2024-11-01T14:07:17.375+0000] {standard_task_runner.py:105} INFO - Job 92: Subtask insert
[2024-11-01T14:07:17.468+0000] {task_command.py:467} INFO - Running <TaskInstance: LoadWebScraping.insert manual__2024-11-01T14:07:14.421795+00:00 [running]> on host b6f3296945ba
[2024-11-01T14:07:17.626+0000] {taskinstance.py:3131} INFO - Exporting env vars: AIRFLOW_CTX_DAG_OWNER='***' AIRFLOW_CTX_DAG_ID='LoadWebScraping' AIRFLOW_CTX_TASK_ID='insert' AIRFLOW_CTX_EXECUTION_DATE='2024-11-01T14:07:14.421795+00:00' AIRFLOW_CTX_TRY_NUMBER='1' AIRFLOW_CTX_DAG_RUN_ID='manual__2024-11-01T14:07:14.421795+00:00'
[2024-11-01T14:07:17.628+0000] {taskinstance.py:731} INFO - ::endgroup::
[2024-11-01T14:07:17.651+0000] {base.py:84} INFO - Retrieving connection 'spark_default'
[2024-11-01T14:07:17.652+0000] {spark_submit.py:327} ERROR - Failed to decode base64 keytab: Incorrect padding
[2024-11-01T14:07:17.653+0000] {spark_submit.py:304} INFO - Could not load connection string spark_default, defaulting to spark://spark:7077
[2024-11-01T14:07:17.655+0000] {spark_submit.py:473} INFO - Spark-Submit cmd: spark-submit --master spark://spark:7077 --driver-class-path /opt/***/jars/postgresql-42.5.0.jar --jars /opt/***/jars/postgresql-42.5.0.jar --packages org.postgresql:postgresql:42.5.0 --name arrow-spark --deploy-mode client /opt/bitnami/spark/src/scripts_spark/LoadFileToDB.py
[2024-11-01T14:07:19.178+0000] {spark_submit.py:634} INFO - :: loading settings :: url = jar:file:/home/***/.local/lib/python3.12/site-packages/pyspark/jars/ivy-2.5.1.jar!/org/apache/ivy/core/settings/ivysettings.xml
[2024-11-01T14:07:19.233+0000] {spark_submit.py:634} INFO - Ivy Default Cache set to: /home/***/.ivy2/cache
[2024-11-01T14:07:19.234+0000] {spark_submit.py:634} INFO - The jars for the packages stored in: /home/***/.ivy2/jars
[2024-11-01T14:07:19.243+0000] {spark_submit.py:634} INFO - org.postgresql#postgresql added as a dependency
[2024-11-01T14:07:19.244+0000] {spark_submit.py:634} INFO - :: resolving dependencies :: org.apache.spark#spark-submit-parent-24cd83d9-7b7e-4fff-b781-58bf0cff0e21;1.0
[2024-11-01T14:07:19.244+0000] {spark_submit.py:634} INFO - confs: [default]
[2024-11-01T14:07:19.324+0000] {spark_submit.py:634} INFO - found org.postgresql#postgresql;42.5.0 in central
[2024-11-01T14:07:19.340+0000] {spark_submit.py:634} INFO - found org.checkerframework#checker-qual;3.5.0 in central
[2024-11-01T14:07:19.352+0000] {spark_submit.py:634} INFO - :: resolution report :: resolve 103ms :: artifacts dl 5ms
[2024-11-01T14:07:19.353+0000] {spark_submit.py:634} INFO - :: modules in use:
[2024-11-01T14:07:19.353+0000] {spark_submit.py:634} INFO - org.checkerframework#checker-qual;3.5.0 from central in [default]
[2024-11-01T14:07:19.354+0000] {spark_submit.py:634} INFO - org.postgresql#postgresql;42.5.0 from central in [default]
[2024-11-01T14:07:19.355+0000] {spark_submit.py:634} INFO - ---------------------------------------------------------------------
[2024-11-01T14:07:19.355+0000] {spark_submit.py:634} INFO - |                  |            modules            ||   artifacts   |
[2024-11-01T14:07:19.356+0000] {spark_submit.py:634} INFO - |       conf       | number| search|dwnlded|evicted|| number|dwnlded|
[2024-11-01T14:07:19.356+0000] {spark_submit.py:634} INFO - ---------------------------------------------------------------------
[2024-11-01T14:07:19.357+0000] {spark_submit.py:634} INFO - |      default     |   2   |   0   |   0   |   0   ||   2   |   0   |
[2024-11-01T14:07:19.357+0000] {spark_submit.py:634} INFO - ---------------------------------------------------------------------
[2024-11-01T14:07:19.358+0000] {spark_submit.py:634} INFO - :: retrieving :: org.apache.spark#spark-submit-parent-24cd83d9-7b7e-4fff-b781-58bf0cff0e21
[2024-11-01T14:07:19.358+0000] {spark_submit.py:634} INFO - confs: [default]
[2024-11-01T14:07:19.360+0000] {spark_submit.py:634} INFO - 0 artifacts copied, 2 already retrieved (0kB/4ms)
[2024-11-01T14:07:19.524+0000] {spark_submit.py:634} INFO - 24/11/01 14:07:19 WARN NativeCodeLoader: Unable to load native-hadoop library for your platform... using builtin-java classes where applicable
[2024-11-01T14:07:19.674+0000] {spark_submit.py:634} INFO - 24/11/01 14:07:19 WARN DependencyUtils: Local jar /opt/***/jars/postgresql-42.5.0.jar does not exist, skipping.
[2024-11-01T14:07:22.579+0000] {spark_submit.py:634} INFO - 24/11/01 14:07:22 INFO SparkContext: Running Spark version 3.5.2
[2024-11-01T14:07:22.580+0000] {spark_submit.py:634} INFO - 24/11/01 14:07:22 INFO SparkContext: OS info Linux, 5.15.153.1-microsoft-standard-WSL2, amd64
[2024-11-01T14:07:22.580+0000] {spark_submit.py:634} INFO - 24/11/01 14:07:22 INFO SparkContext: Java version 17.0.13
[2024-11-01T14:07:22.598+0000] {spark_submit.py:634} INFO - 24/11/01 14:07:22 INFO ResourceUtils: ==============================================================
[2024-11-01T14:07:22.598+0000] {spark_submit.py:634} INFO - 24/11/01 14:07:22 INFO ResourceUtils: No custom resources configured for spark.driver.
[2024-11-01T14:07:22.599+0000] {spark_submit.py:634} INFO - 24/11/01 14:07:22 INFO ResourceUtils: ==============================================================
[2024-11-01T14:07:22.599+0000] {spark_submit.py:634} INFO - 24/11/01 14:07:22 INFO SparkContext: Submitted application: Insert_data
[2024-11-01T14:07:22.617+0000] {spark_submit.py:634} INFO - 24/11/01 14:07:22 INFO ResourceProfile: Default ResourceProfile created, executor resources: Map(cores -> name: cores, amount: 1, script: , vendor: , memory -> name: memory, amount: 1024, script: , vendor: , offHeap -> name: offHeap, amount: 0, script: , vendor: ), task resources: Map(cpus -> name: cpus, amount: 1.0)
[2024-11-01T14:07:22.625+0000] {spark_submit.py:634} INFO - 24/11/01 14:07:22 INFO ResourceProfile: Limiting resource is cpu
[2024-11-01T14:07:22.625+0000] {spark_submit.py:634} INFO - 24/11/01 14:07:22 INFO ResourceProfileManager: Added ResourceProfile id: 0
[2024-11-01T14:07:22.667+0000] {spark_submit.py:634} INFO - 24/11/01 14:07:22 INFO SecurityManager: Changing view acls to: ***
[2024-11-01T14:07:22.668+0000] {spark_submit.py:634} INFO - 24/11/01 14:07:22 INFO SecurityManager: Changing modify acls to: ***
[2024-11-01T14:07:22.670+0000] {spark_submit.py:634} INFO - 24/11/01 14:07:22 INFO SecurityManager: Changing view acls groups to:
[2024-11-01T14:07:22.671+0000] {spark_submit.py:634} INFO - 24/11/01 14:07:22 INFO SecurityManager: Changing modify acls groups to:
[2024-11-01T14:07:22.671+0000] {spark_submit.py:634} INFO - 24/11/01 14:07:22 INFO SecurityManager: SecurityManager: authentication disabled; ui acls disabled; users with view permissions: ***; groups with view permissions: EMPTY; users with modify permissions: ***; groups with modify permissions: EMPTY
[2024-11-01T14:07:22.849+0000] {spark_submit.py:634} INFO - 24/11/01 14:07:22 INFO Utils: Successfully started service 'sparkDriver' on port 43005.
[2024-11-01T14:07:22.879+0000] {spark_submit.py:634} INFO - 24/11/01 14:07:22 INFO SparkEnv: Registering MapOutputTracker
[2024-11-01T14:07:22.909+0000] {spark_submit.py:634} INFO - 24/11/01 14:07:22 INFO SparkEnv: Registering BlockManagerMaster
[2024-11-01T14:07:22.929+0000] {spark_submit.py:634} INFO - 24/11/01 14:07:22 INFO BlockManagerMasterEndpoint: Using org.apache.spark.storage.DefaultTopologyMapper for getting topology information
[2024-11-01T14:07:22.930+0000] {spark_submit.py:634} INFO - 24/11/01 14:07:22 INFO BlockManagerMasterEndpoint: BlockManagerMasterEndpoint up
[2024-11-01T14:07:22.935+0000] {spark_submit.py:634} INFO - 24/11/01 14:07:22 INFO SparkEnv: Registering BlockManagerMasterHeartbeat
[2024-11-01T14:07:22.953+0000] {spark_submit.py:634} INFO - 24/11/01 14:07:22 INFO DiskBlockManager: Created local directory at /tmp/blockmgr-bda5b96e-4907-45f0-bcb3-44bac7e9d70c
[2024-11-01T14:07:22.964+0000] {spark_submit.py:634} INFO - 24/11/01 14:07:22 INFO MemoryStore: MemoryStore started with capacity 434.4 MiB
[2024-11-01T14:07:22.978+0000] {spark_submit.py:634} INFO - 24/11/01 14:07:22 INFO SparkEnv: Registering OutputCommitCoordinator
[2024-11-01T14:07:23.135+0000] {spark_submit.py:634} INFO - 24/11/01 14:07:23 INFO JettyUtils: Start Jetty 0.0.0.0:4040 for SparkUI
[2024-11-01T14:07:23.185+0000] {spark_submit.py:634} INFO - 24/11/01 14:07:23 INFO Utils: Successfully started service 'SparkUI' on port 4040.
[2024-11-01T14:07:23.215+0000] {spark_submit.py:634} INFO - 24/11/01 14:07:23 ERROR SparkContext: Failed to add /opt/bitnami/spark/jars/postgresql-42.5.0.jar to Spark environment
[2024-11-01T14:07:23.216+0000] {spark_submit.py:634} INFO - java.io.FileNotFoundException: Jar /opt/bitnami/spark/jars/postgresql-42.5.0.jar not found
[2024-11-01T14:07:23.216+0000] {spark_submit.py:634} INFO - at org.apache.spark.SparkContext.addLocalJarFile$1(SparkContext.scala:2095)
[2024-11-01T14:07:23.217+0000] {spark_submit.py:634} INFO - at org.apache.spark.SparkContext.addJar(SparkContext.scala:2151)
[2024-11-01T14:07:23.217+0000] {spark_submit.py:634} INFO - at org.apache.spark.SparkContext.$anonfun$new$15(SparkContext.scala:521)
[2024-11-01T14:07:23.218+0000] {spark_submit.py:634} INFO - at org.apache.spark.SparkContext.$anonfun$new$15$adapted(SparkContext.scala:521)
[2024-11-01T14:07:23.218+0000] {spark_submit.py:634} INFO - at scala.collection.mutable.ResizableArray.foreach(ResizableArray.scala:62)
[2024-11-01T14:07:23.218+0000] {spark_submit.py:634} INFO - at scala.collection.mutable.ResizableArray.foreach$(ResizableArray.scala:55)
[2024-11-01T14:07:23.219+0000] {spark_submit.py:634} INFO - at scala.collection.mutable.ArrayBuffer.foreach(ArrayBuffer.scala:49)
[2024-11-01T14:07:23.219+0000] {spark_submit.py:634} INFO - at org.apache.spark.SparkContext.<init>(SparkContext.scala:521)
[2024-11-01T14:07:23.220+0000] {spark_submit.py:634} INFO - at org.apache.spark.api.java.JavaSparkContext.<init>(JavaSparkContext.scala:58)
[2024-11-01T14:07:23.221+0000] {spark_submit.py:634} INFO - at java.base/jdk.internal.reflect.NativeConstructorAccessorImpl.newInstance0(Native Method)
[2024-11-01T14:07:23.222+0000] {spark_submit.py:634} INFO - at java.base/jdk.internal.reflect.NativeConstructorAccessorImpl.newInstance(NativeConstructorAccessorImpl.java:77)
[2024-11-01T14:07:23.223+0000] {spark_submit.py:634} INFO - at java.base/jdk.internal.reflect.DelegatingConstructorAccessorImpl.newInstance(DelegatingConstructorAccessorImpl.java:45)
[2024-11-01T14:07:23.224+0000] {spark_submit.py:634} INFO - at java.base/java.lang.reflect.Constructor.newInstanceWithCaller(Constructor.java:500)
[2024-11-01T14:07:23.224+0000] {spark_submit.py:634} INFO - at java.base/java.lang.reflect.Constructor.newInstance(Constructor.java:481)
[2024-11-01T14:07:23.225+0000] {spark_submit.py:634} INFO - at py4j.reflection.MethodInvoker.invoke(MethodInvoker.java:247)
[2024-11-01T14:07:23.225+0000] {spark_submit.py:634} INFO - at py4j.reflection.ReflectionEngine.invoke(ReflectionEngine.java:374)
[2024-11-01T14:07:23.226+0000] {spark_submit.py:634} INFO - at py4j.Gateway.invoke(Gateway.java:238)
[2024-11-01T14:07:23.226+0000] {spark_submit.py:634} INFO - at py4j.commands.ConstructorCommand.invokeConstructor(ConstructorCommand.java:80)
[2024-11-01T14:07:23.227+0000] {spark_submit.py:634} INFO - at py4j.commands.ConstructorCommand.execute(ConstructorCommand.java:69)
[2024-11-01T14:07:23.227+0000] {spark_submit.py:634} INFO - at py4j.ClientServerConnection.waitForCommands(ClientServerConnection.java:182)
[2024-11-01T14:07:23.227+0000] {spark_submit.py:634} INFO - at py4j.ClientServerConnection.run(ClientServerConnection.java:106)
[2024-11-01T14:07:23.228+0000] {spark_submit.py:634} INFO - at java.base/java.lang.Thread.run(Thread.java:840)
[2024-11-01T14:07:23.228+0000] {spark_submit.py:634} INFO - 24/11/01 14:07:23 INFO SparkContext: Added file file:///home/***/.ivy2/jars/org.postgresql_postgresql-42.5.0.jar at file:///home/***/.ivy2/jars/org.postgresql_postgresql-42.5.0.jar with timestamp 1730470042574
[2024-11-01T14:07:23.228+0000] {spark_submit.py:634} INFO - 24/11/01 14:07:23 INFO Utils: Copying /home/***/.ivy2/jars/org.postgresql_postgresql-42.5.0.jar to /tmp/spark-1df0d6d2-ee89-4b9b-9726-31cbb0189d9f/userFiles-30fe3c3c-4088-45fd-a6f3-715ca03c839f/org.postgresql_postgresql-42.5.0.jar
[2024-11-01T14:07:23.232+0000] {spark_submit.py:634} INFO - 24/11/01 14:07:23 INFO SparkContext: Added file file:///home/***/.ivy2/jars/org.checkerframework_checker-qual-3.5.0.jar at file:///home/***/.ivy2/jars/org.checkerframework_checker-qual-3.5.0.jar with timestamp 1730470042574
[2024-11-01T14:07:23.232+0000] {spark_submit.py:634} INFO - 24/11/01 14:07:23 INFO Utils: Copying /home/***/.ivy2/jars/org.checkerframework_checker-qual-3.5.0.jar to /tmp/spark-1df0d6d2-ee89-4b9b-9726-31cbb0189d9f/userFiles-30fe3c3c-4088-45fd-a6f3-715ca03c839f/org.checkerframework_checker-qual-3.5.0.jar
[2024-11-01T14:07:23.305+0000] {spark_submit.py:634} INFO - 24/11/01 14:07:23 INFO Executor: Starting executor ID driver on host b6f3296945ba
[2024-11-01T14:07:23.306+0000] {spark_submit.py:634} INFO - 24/11/01 14:07:23 INFO Executor: OS info Linux, 5.15.153.1-microsoft-standard-WSL2, amd64
[2024-11-01T14:07:23.306+0000] {spark_submit.py:634} INFO - 24/11/01 14:07:23 INFO Executor: Java version 17.0.13
[2024-11-01T14:07:23.313+0000] {spark_submit.py:634} INFO - 24/11/01 14:07:23 INFO Executor: Starting executor with user classpath (userClassPathFirst = false): ''
[2024-11-01T14:07:23.314+0000] {spark_submit.py:634} INFO - 24/11/01 14:07:23 INFO Executor: Created or updated repl class loader org.apache.spark.util.MutableURLClassLoader@165a4aa9 for default.
[2024-11-01T14:07:23.325+0000] {spark_submit.py:634} INFO - 24/11/01 14:07:23 INFO Executor: Fetching file:///home/***/.ivy2/jars/org.checkerframework_checker-qual-3.5.0.jar with timestamp 1730470042574
[2024-11-01T14:07:23.343+0000] {spark_submit.py:634} INFO - 24/11/01 14:07:23 INFO Utils: /home/***/.ivy2/jars/org.checkerframework_checker-qual-3.5.0.jar has been previously copied to /tmp/spark-1df0d6d2-ee89-4b9b-9726-31cbb0189d9f/userFiles-30fe3c3c-4088-45fd-a6f3-715ca03c839f/org.checkerframework_checker-qual-3.5.0.jar
[2024-11-01T14:07:23.348+0000] {spark_submit.py:634} INFO - 24/11/01 14:07:23 INFO Executor: Fetching file:///home/***/.ivy2/jars/org.postgresql_postgresql-42.5.0.jar with timestamp 1730470042574
[2024-11-01T14:07:23.351+0000] {spark_submit.py:634} INFO - 24/11/01 14:07:23 INFO Utils: /home/***/.ivy2/jars/org.postgresql_postgresql-42.5.0.jar has been previously copied to /tmp/spark-1df0d6d2-ee89-4b9b-9726-31cbb0189d9f/userFiles-30fe3c3c-4088-45fd-a6f3-715ca03c839f/org.postgresql_postgresql-42.5.0.jar
[2024-11-01T14:07:23.368+0000] {spark_submit.py:634} INFO - 24/11/01 14:07:23 INFO Utils: Successfully started service 'org.apache.spark.network.netty.NettyBlockTransferService' on port 36025.
[2024-11-01T14:07:23.368+0000] {spark_submit.py:634} INFO - 24/11/01 14:07:23 INFO NettyBlockTransferService: Server created on b6f3296945ba:36025
[2024-11-01T14:07:23.370+0000] {spark_submit.py:634} INFO - 24/11/01 14:07:23 INFO BlockManager: Using org.apache.spark.storage.RandomBlockReplicationPolicy for block replication policy
[2024-11-01T14:07:23.376+0000] {spark_submit.py:634} INFO - 24/11/01 14:07:23 INFO BlockManagerMaster: Registering BlockManager BlockManagerId(driver, b6f3296945ba, 36025, None)
[2024-11-01T14:07:23.379+0000] {spark_submit.py:634} INFO - 24/11/01 14:07:23 INFO BlockManagerMasterEndpoint: Registering block manager b6f3296945ba:36025 with 434.4 MiB RAM, BlockManagerId(driver, b6f3296945ba, 36025, None)
[2024-11-01T14:07:23.380+0000] {spark_submit.py:634} INFO - 24/11/01 14:07:23 INFO BlockManagerMaster: Registered BlockManager BlockManagerId(driver, b6f3296945ba, 36025, None)
[2024-11-01T14:07:23.382+0000] {spark_submit.py:634} INFO - 24/11/01 14:07:23 INFO BlockManager: Initialized BlockManager: BlockManagerId(driver, b6f3296945ba, 36025, None)
[2024-11-01T14:07:23.781+0000] {spark_submit.py:634} INFO - Traceback (most recent call last):
[2024-11-01T14:07:23.782+0000] {spark_submit.py:634} INFO - File "/opt/bitnami/spark/src/scripts_spark/LoadFileToDB.py", line 29, in <module>
[2024-11-01T14:07:23.790+0000] {spark_submit.py:634} INFO - teste=s3hook.list_prefixes()
[2024-11-01T14:07:23.790+0000] {spark_submit.py:634} INFO - ^^^^^^^^^^^^^^^^^^^^^^
[2024-11-01T14:07:23.791+0000] {spark_submit.py:634} INFO - File "/home/***/.local/lib/python3.12/site-packages/***/providers/amazon/aws/hooks/s3.py", line 115, in wrapper
[2024-11-01T14:07:23.793+0000] {spark_submit.py:634} INFO - bound_args = function_signature.bind(*args, **kwargs)
[2024-11-01T14:07:23.794+0000] {spark_submit.py:634} INFO - ^^^^^^^^^^^^^^^^^^^^^^^^^^^^^^^^^^^^^^^^
[2024-11-01T14:07:23.795+0000] {spark_submit.py:634} INFO - File "/usr/local/lib/python3.12/inspect.py", line 3273, in bind
[2024-11-01T14:07:23.795+0000] {spark_submit.py:634} INFO - return self._bind(args, kwargs)
[2024-11-01T14:07:23.796+0000] {spark_submit.py:634} INFO - ^^^^^^^^^^^^^^^^^^^^^^^^
[2024-11-01T14:07:23.797+0000] {spark_submit.py:634} INFO - File "/usr/local/lib/python3.12/inspect.py", line 3186, in _bind
[2024-11-01T14:07:23.798+0000] {spark_submit.py:634} INFO - raise TypeError(msg) from None
[2024-11-01T14:07:23.798+0000] {spark_submit.py:634} INFO - TypeError: missing a required argument: 'self'
[2024-11-01T14:07:23.799+0000] {spark_submit.py:634} INFO - [2024-11-01T14:07:23.787+0000] {clientserver.py:543} INFO - Closing down clientserver connection
[2024-11-01T14:07:24.062+0000] {spark_submit.py:634} INFO - 24/11/01 14:07:24 INFO SparkContext: Invoking stop() from shutdown hook
[2024-11-01T14:07:24.063+0000] {spark_submit.py:634} INFO - 24/11/01 14:07:24 INFO SparkContext: SparkContext is stopping with exitCode 0.
[2024-11-01T14:07:24.072+0000] {spark_submit.py:634} INFO - 24/11/01 14:07:24 INFO SparkUI: Stopped Spark web UI at http://b6f3296945ba:4040
[2024-11-01T14:07:24.082+0000] {spark_submit.py:634} INFO - 24/11/01 14:07:24 INFO MapOutputTrackerMasterEndpoint: MapOutputTrackerMasterEndpoint stopped!
[2024-11-01T14:07:24.095+0000] {spark_submit.py:634} INFO - 24/11/01 14:07:24 INFO MemoryStore: MemoryStore cleared
[2024-11-01T14:07:24.096+0000] {spark_submit.py:634} INFO - 24/11/01 14:07:24 INFO BlockManager: BlockManager stopped
[2024-11-01T14:07:24.100+0000] {spark_submit.py:634} INFO - 24/11/01 14:07:24 INFO BlockManagerMaster: BlockManagerMaster stopped
[2024-11-01T14:07:24.103+0000] {spark_submit.py:634} INFO - 24/11/01 14:07:24 INFO OutputCommitCoordinator$OutputCommitCoordinatorEndpoint: OutputCommitCoordinator stopped!
[2024-11-01T14:07:24.110+0000] {spark_submit.py:634} INFO - 24/11/01 14:07:24 INFO SparkContext: Successfully stopped SparkContext
[2024-11-01T14:07:24.111+0000] {spark_submit.py:634} INFO - 24/11/01 14:07:24 INFO ShutdownHookManager: Shutdown hook called
[2024-11-01T14:07:24.111+0000] {spark_submit.py:634} INFO - 24/11/01 14:07:24 INFO ShutdownHookManager: Deleting directory /tmp/spark-311f91c1-ef75-4b1a-ace5-25a4ca6c0b23
[2024-11-01T14:07:24.115+0000] {spark_submit.py:634} INFO - 24/11/01 14:07:24 INFO ShutdownHookManager: Deleting directory /tmp/spark-1df0d6d2-ee89-4b9b-9726-31cbb0189d9f/pyspark-3be68785-20da-4137-9230-cf646b8fd384
[2024-11-01T14:07:24.119+0000] {spark_submit.py:634} INFO - 24/11/01 14:07:24 INFO ShutdownHookManager: Deleting directory /tmp/spark-1df0d6d2-ee89-4b9b-9726-31cbb0189d9f
[2024-11-01T14:07:24.162+0000] {taskinstance.py:3310} ERROR - Task failed with exception
Traceback (most recent call last):
  File "/home/airflow/.local/lib/python3.12/site-packages/airflow/models/taskinstance.py", line 767, in _execute_task
    result = _execute_callable(context=context, **execute_callable_kwargs)
             ^^^^^^^^^^^^^^^^^^^^^^^^^^^^^^^^^^^^^^^^^^^^^^^^^^^^^^^^^^^^^
  File "/home/airflow/.local/lib/python3.12/site-packages/airflow/models/taskinstance.py", line 733, in _execute_callable
    return ExecutionCallableRunner(
           ^^^^^^^^^^^^^^^^^^^^^^^^
  File "/home/airflow/.local/lib/python3.12/site-packages/airflow/utils/operator_helpers.py", line 252, in run
    return self.func(*args, **kwargs)
           ^^^^^^^^^^^^^^^^^^^^^^^^^^
  File "/home/airflow/.local/lib/python3.12/site-packages/airflow/models/baseoperator.py", line 406, in wrapper
    return func(self, *args, **kwargs)
           ^^^^^^^^^^^^^^^^^^^^^^^^^^^
  File "/home/airflow/.local/lib/python3.12/site-packages/airflow/providers/apache/spark/operators/spark_submit.py", line 176, in execute
    self._hook.submit(self.application)
  File "/home/airflow/.local/lib/python3.12/site-packages/airflow/providers/apache/spark/hooks/spark_submit.py", line 560, in submit
    raise AirflowException(
airflow.exceptions.AirflowException: Cannot execute: spark-submit --master spark://spark:7077 --driver-class-path /opt/***/jars/postgresql-42.5.0.jar --jars /opt/***/jars/postgresql-42.5.0.jar --packages org.postgresql:postgresql:42.5.0 --name arrow-spark --deploy-mode client /opt/bitnami/spark/src/scripts_spark/LoadFileToDB.py. Error code is: 1.
[2024-11-01T14:07:24.166+0000] {taskinstance.py:1225} INFO - Marking task as FAILED. dag_id=LoadWebScraping, task_id=insert, run_id=manual__2024-11-01T14:07:14.421795+00:00, execution_date=20241101T140714, start_date=20241101T140717, end_date=20241101T140724
[2024-11-01T14:07:24.180+0000] {taskinstance.py:340} INFO - ::group::Post task execution logs
[2024-11-01T14:07:24.181+0000] {standard_task_runner.py:124} ERROR - Failed to execute job 92 for task insert (Cannot execute: spark-submit --master spark://spark:7077 --driver-class-path /opt/***/jars/postgresql-42.5.0.jar --jars /opt/***/jars/postgresql-42.5.0.jar --packages org.postgresql:postgresql:42.5.0 --name arrow-spark --deploy-mode client /opt/bitnami/spark/src/scripts_spark/LoadFileToDB.py. Error code is: 1.; 9242)
Traceback (most recent call last):
  File "/home/airflow/.local/lib/python3.12/site-packages/airflow/task/task_runner/standard_task_runner.py", line 117, in _start_by_fork
    ret = args.func(args, dag=self.dag)
          ^^^^^^^^^^^^^^^^^^^^^^^^^^^^^
  File "/home/airflow/.local/lib/python3.12/site-packages/airflow/cli/cli_config.py", line 49, in command
    return func(*args, **kwargs)
           ^^^^^^^^^^^^^^^^^^^^^
  File "/home/airflow/.local/lib/python3.12/site-packages/airflow/utils/cli.py", line 115, in wrapper
    return f(*args, **kwargs)
           ^^^^^^^^^^^^^^^^^^
  File "/home/airflow/.local/lib/python3.12/site-packages/airflow/cli/commands/task_command.py", line 483, in task_run
    task_return_code = _run_task_by_selected_method(args, _dag, ti)
                       ^^^^^^^^^^^^^^^^^^^^^^^^^^^^^^^^^^^^^^^^^^^^
  File "/home/airflow/.local/lib/python3.12/site-packages/airflow/cli/commands/task_command.py", line 256, in _run_task_by_selected_method
    return _run_raw_task(args, ti)
           ^^^^^^^^^^^^^^^^^^^^^^^
  File "/home/airflow/.local/lib/python3.12/site-packages/airflow/cli/commands/task_command.py", line 341, in _run_raw_task
    return ti._run_raw_task(
           ^^^^^^^^^^^^^^^^^
  File "/home/airflow/.local/lib/python3.12/site-packages/airflow/utils/session.py", line 97, in wrapper
    return func(*args, session=session, **kwargs)
           ^^^^^^^^^^^^^^^^^^^^^^^^^^^^^^^^^^^^^^
  File "/home/airflow/.local/lib/python3.12/site-packages/airflow/models/taskinstance.py", line 3004, in _run_raw_task
    return _run_raw_task(
           ^^^^^^^^^^^^^^
  File "/home/airflow/.local/lib/python3.12/site-packages/airflow/models/taskinstance.py", line 273, in _run_raw_task
    TaskInstance._execute_task_with_callbacks(
  File "/home/airflow/.local/lib/python3.12/site-packages/airflow/models/taskinstance.py", line 3158, in _execute_task_with_callbacks
    result = self._execute_task(context, task_orig)
             ^^^^^^^^^^^^^^^^^^^^^^^^^^^^^^^^^^^^^^
  File "/home/airflow/.local/lib/python3.12/site-packages/airflow/models/taskinstance.py", line 3182, in _execute_task
    return _execute_task(self, context, task_orig)
           ^^^^^^^^^^^^^^^^^^^^^^^^^^^^^^^^^^^^^^^
  File "/home/airflow/.local/lib/python3.12/site-packages/airflow/models/taskinstance.py", line 767, in _execute_task
    result = _execute_callable(context=context, **execute_callable_kwargs)
             ^^^^^^^^^^^^^^^^^^^^^^^^^^^^^^^^^^^^^^^^^^^^^^^^^^^^^^^^^^^^^
  File "/home/airflow/.local/lib/python3.12/site-packages/airflow/models/taskinstance.py", line 733, in _execute_callable
    return ExecutionCallableRunner(
           ^^^^^^^^^^^^^^^^^^^^^^^^
  File "/home/airflow/.local/lib/python3.12/site-packages/airflow/utils/operator_helpers.py", line 252, in run
    return self.func(*args, **kwargs)
           ^^^^^^^^^^^^^^^^^^^^^^^^^^
  File "/home/airflow/.local/lib/python3.12/site-packages/airflow/models/baseoperator.py", line 406, in wrapper
    return func(self, *args, **kwargs)
           ^^^^^^^^^^^^^^^^^^^^^^^^^^^
  File "/home/airflow/.local/lib/python3.12/site-packages/airflow/providers/apache/spark/operators/spark_submit.py", line 176, in execute
    self._hook.submit(self.application)
  File "/home/airflow/.local/lib/python3.12/site-packages/airflow/providers/apache/spark/hooks/spark_submit.py", line 560, in submit
    raise AirflowException(
airflow.exceptions.AirflowException: Cannot execute: spark-submit --master spark://spark:7077 --driver-class-path /opt/***/jars/postgresql-42.5.0.jar --jars /opt/***/jars/postgresql-42.5.0.jar --packages org.postgresql:postgresql:42.5.0 --name arrow-spark --deploy-mode client /opt/bitnami/spark/src/scripts_spark/LoadFileToDB.py. Error code is: 1.
[2024-11-01T14:07:24.228+0000] {local_task_job_runner.py:266} INFO - Task exited with return code 1
[2024-11-01T14:07:24.241+0000] {taskinstance.py:3900} INFO - 0 downstream tasks scheduled from follow-on schedule check
[2024-11-01T14:07:24.246+0000] {local_task_job_runner.py:245} INFO - ::endgroup::
