[2024-10-25T13:44:10.312+0000] {local_task_job_runner.py:123} INFO - ::group::Pre task execution logs
[2024-10-25T13:44:10.324+0000] {taskinstance.py:2612} INFO - Dependencies all met for dep_context=non-requeueable deps ti=<TaskInstance: pipeline_webscraping.pichau_tasks.Spark_Transformation_pichau manual__2024-10-25T13:41:31.264736+00:00 [queued]>
[2024-10-25T13:44:10.331+0000] {taskinstance.py:2612} INFO - Dependencies all met for dep_context=requeueable deps ti=<TaskInstance: pipeline_webscraping.pichau_tasks.Spark_Transformation_pichau manual__2024-10-25T13:41:31.264736+00:00 [queued]>
[2024-10-25T13:44:10.332+0000] {taskinstance.py:2865} INFO - Starting attempt 1 of 1
[2024-10-25T13:44:10.348+0000] {taskinstance.py:2888} INFO - Executing <Task(OperatorSubmitSpark): pichau_tasks.Spark_Transformation_pichau> on 2024-10-25 13:41:31.264736+00:00
[2024-10-25T13:44:10.353+0000] {warnings.py:112} WARNING - /home/***/.local/lib/python3.12/site-packages/***/task/task_runner/standard_task_runner.py:70: DeprecationWarning: This process (pid=1835) is multi-threaded, use of fork() may lead to deadlocks in the child.
  pid = os.fork()

[2024-10-25T13:44:10.355+0000] {standard_task_runner.py:72} INFO - Started process 1837 to run task
[2024-10-25T13:44:10.355+0000] {standard_task_runner.py:104} INFO - Running: ['***', 'tasks', 'run', 'pipeline_webscraping', 'pichau_tasks.Spark_Transformation_pichau', 'manual__2024-10-25T13:41:31.264736+00:00', '--job-id', '478', '--raw', '--subdir', 'DAGS_FOLDER/DagWebScraping.py', '--cfg-path', '/tmp/tmpjqr9pab7']
[2024-10-25T13:44:10.357+0000] {standard_task_runner.py:105} INFO - Job 478: Subtask pichau_tasks.Spark_Transformation_pichau
[2024-10-25T13:44:10.397+0000] {task_command.py:467} INFO - Running <TaskInstance: pipeline_webscraping.pichau_tasks.Spark_Transformation_pichau manual__2024-10-25T13:41:31.264736+00:00 [running]> on host 76ae9b05cb63
[2024-10-25T13:44:10.469+0000] {taskinstance.py:3131} INFO - Exporting env vars: AIRFLOW_CTX_DAG_OWNER='***' AIRFLOW_CTX_DAG_ID='pipeline_webscraping' AIRFLOW_CTX_TASK_ID='pichau_tasks.Spark_Transformation_pichau' AIRFLOW_CTX_EXECUTION_DATE='2024-10-25T13:41:31.264736+00:00' AIRFLOW_CTX_TRY_NUMBER='1' AIRFLOW_CTX_DAG_RUN_ID='manual__2024-10-25T13:41:31.264736+00:00'
[2024-10-25T13:44:10.470+0000] {taskinstance.py:731} INFO - ::endgroup::
[2024-10-25T13:44:10.498+0000] {baseoperator.py:405} WARNING - OperatorSubmitSpark.execute cannot be called outside TaskInstance!
[2024-10-25T13:44:10.505+0000] {spark_submit.py:304} INFO - Could not load connection string spark_default, defaulting to yarn
[2024-10-25T13:44:10.506+0000] {spark_submit.py:473} INFO - Spark-Submit cmd: spark-submit --master yarn --num-executors 2 --driver-memory 512M --name arrow-spark /opt/bitnami/spark/src/scripts_spark/WebScraping_Transformation.py --path_save_transfor /opt/***/datalake/silverzone/pichau_2024-10-25 --json_file_path pichau_2024-10-25/data.json
[2024-10-25T13:44:14.325+0000] {spark_submit.py:634} INFO - 24/10/25 13:44:14 INFO SparkContext: Running Spark version 3.5.2
[2024-10-25T13:44:14.327+0000] {spark_submit.py:634} INFO - 24/10/25 13:44:14 INFO SparkContext: OS info Linux, 5.15.153.1-microsoft-standard-WSL2, amd64
[2024-10-25T13:44:14.327+0000] {spark_submit.py:634} INFO - 24/10/25 13:44:14 INFO SparkContext: Java version 17.0.13
[2024-10-25T13:44:14.401+0000] {spark_submit.py:634} INFO - 24/10/25 13:44:14 WARN NativeCodeLoader: Unable to load native-hadoop library for your platform... using builtin-java classes where applicable
[2024-10-25T13:44:14.502+0000] {spark_submit.py:634} INFO - 24/10/25 13:44:14 INFO ResourceUtils: ==============================================================
[2024-10-25T13:44:14.503+0000] {spark_submit.py:634} INFO - 24/10/25 13:44:14 INFO ResourceUtils: No custom resources configured for spark.driver.
[2024-10-25T13:44:14.503+0000] {spark_submit.py:634} INFO - 24/10/25 13:44:14 INFO ResourceUtils: ==============================================================
[2024-10-25T13:44:14.504+0000] {spark_submit.py:634} INFO - 24/10/25 13:44:14 INFO SparkContext: Submitted application: Test
[2024-10-25T13:44:14.524+0000] {spark_submit.py:634} INFO - 24/10/25 13:44:14 INFO ResourceProfile: Default ResourceProfile created, executor resources: Map(cores -> name: cores, amount: 1, script: , vendor: , memory -> name: memory, amount: 1024, script: , vendor: , offHeap -> name: offHeap, amount: 0, script: , vendor: ), task resources: Map(cpus -> name: cpus, amount: 1.0)
[2024-10-25T13:44:14.532+0000] {spark_submit.py:634} INFO - 24/10/25 13:44:14 INFO ResourceProfile: Limiting resource is cpu
[2024-10-25T13:44:14.532+0000] {spark_submit.py:634} INFO - 24/10/25 13:44:14 INFO ResourceProfileManager: Added ResourceProfile id: 0
[2024-10-25T13:44:14.591+0000] {spark_submit.py:634} INFO - 24/10/25 13:44:14 INFO SecurityManager: Changing view acls to: ***
[2024-10-25T13:44:14.591+0000] {spark_submit.py:634} INFO - 24/10/25 13:44:14 INFO SecurityManager: Changing modify acls to: ***
[2024-10-25T13:44:14.592+0000] {spark_submit.py:634} INFO - 24/10/25 13:44:14 INFO SecurityManager: Changing view acls groups to:
[2024-10-25T13:44:14.592+0000] {spark_submit.py:634} INFO - 24/10/25 13:44:14 INFO SecurityManager: Changing modify acls groups to:
[2024-10-25T13:44:14.593+0000] {spark_submit.py:634} INFO - 24/10/25 13:44:14 INFO SecurityManager: SecurityManager: authentication disabled; ui acls disabled; users with view permissions: ***; groups with view permissions: EMPTY; users with modify permissions: ***; groups with modify permissions: EMPTY
[2024-10-25T13:44:14.825+0000] {spark_submit.py:634} INFO - 24/10/25 13:44:14 INFO Utils: Successfully started service 'sparkDriver' on port 46867.
[2024-10-25T13:44:14.856+0000] {spark_submit.py:634} INFO - 24/10/25 13:44:14 INFO SparkEnv: Registering MapOutputTracker
[2024-10-25T13:44:14.891+0000] {spark_submit.py:634} INFO - 24/10/25 13:44:14 INFO SparkEnv: Registering BlockManagerMaster
[2024-10-25T13:44:14.911+0000] {spark_submit.py:634} INFO - 24/10/25 13:44:14 INFO BlockManagerMasterEndpoint: Using org.apache.spark.storage.DefaultTopologyMapper for getting topology information
[2024-10-25T13:44:14.912+0000] {spark_submit.py:634} INFO - 24/10/25 13:44:14 INFO BlockManagerMasterEndpoint: BlockManagerMasterEndpoint up
[2024-10-25T13:44:14.916+0000] {spark_submit.py:634} INFO - 24/10/25 13:44:14 INFO SparkEnv: Registering BlockManagerMasterHeartbeat
[2024-10-25T13:44:14.942+0000] {spark_submit.py:634} INFO - 24/10/25 13:44:14 INFO DiskBlockManager: Created local directory at /tmp/blockmgr-3f502124-0e0f-4d8c-bc51-a0cde3cf8d38
[2024-10-25T13:44:14.954+0000] {spark_submit.py:634} INFO - 24/10/25 13:44:14 INFO MemoryStore: MemoryStore started with capacity 127.2 MiB
[2024-10-25T13:44:14.969+0000] {spark_submit.py:634} INFO - 24/10/25 13:44:14 INFO SparkEnv: Registering OutputCommitCoordinator
[2024-10-25T13:44:15.103+0000] {spark_submit.py:634} INFO - 24/10/25 13:44:15 INFO JettyUtils: Start Jetty 0.0.0.0:4040 for SparkUI
[2024-10-25T13:44:15.167+0000] {spark_submit.py:634} INFO - 24/10/25 13:44:15 INFO Utils: Successfully started service 'SparkUI' on port 4040.
[2024-10-25T13:44:15.272+0000] {spark_submit.py:634} INFO - 24/10/25 13:44:15 INFO Executor: Starting executor ID driver on host 76ae9b05cb63
[2024-10-25T13:44:15.273+0000] {spark_submit.py:634} INFO - 24/10/25 13:44:15 INFO Executor: OS info Linux, 5.15.153.1-microsoft-standard-WSL2, amd64
[2024-10-25T13:44:15.274+0000] {spark_submit.py:634} INFO - 24/10/25 13:44:15 INFO Executor: Java version 17.0.13
[2024-10-25T13:44:15.280+0000] {spark_submit.py:634} INFO - 24/10/25 13:44:15 INFO Executor: Starting executor with user classpath (userClassPathFirst = false): ''
[2024-10-25T13:44:15.281+0000] {spark_submit.py:634} INFO - 24/10/25 13:44:15 INFO Executor: Created or updated repl class loader org.apache.spark.util.MutableURLClassLoader@20f5cd44 for default.
[2024-10-25T13:44:15.297+0000] {spark_submit.py:634} INFO - 24/10/25 13:44:15 INFO Utils: Successfully started service 'org.apache.spark.network.netty.NettyBlockTransferService' on port 39387.
[2024-10-25T13:44:15.298+0000] {spark_submit.py:634} INFO - 24/10/25 13:44:15 INFO NettyBlockTransferService: Server created on 76ae9b05cb63:39387
[2024-10-25T13:44:15.300+0000] {spark_submit.py:634} INFO - 24/10/25 13:44:15 INFO BlockManager: Using org.apache.spark.storage.RandomBlockReplicationPolicy for block replication policy
[2024-10-25T13:44:15.305+0000] {spark_submit.py:634} INFO - 24/10/25 13:44:15 INFO BlockManagerMaster: Registering BlockManager BlockManagerId(driver, 76ae9b05cb63, 39387, None)
[2024-10-25T13:44:15.308+0000] {spark_submit.py:634} INFO - 24/10/25 13:44:15 INFO BlockManagerMasterEndpoint: Registering block manager 76ae9b05cb63:39387 with 127.2 MiB RAM, BlockManagerId(driver, 76ae9b05cb63, 39387, None)
[2024-10-25T13:44:15.310+0000] {spark_submit.py:634} INFO - 24/10/25 13:44:15 INFO BlockManagerMaster: Registered BlockManager BlockManagerId(driver, 76ae9b05cb63, 39387, None)
[2024-10-25T13:44:15.311+0000] {spark_submit.py:634} INFO - 24/10/25 13:44:15 INFO BlockManager: Initialized BlockManager: BlockManagerId(driver, 76ae9b05cb63, 39387, None)
[2024-10-25T13:44:15.734+0000] {spark_submit.py:634} INFO - 24/10/25 13:44:15 INFO SharedState: Setting hive.metastore.warehouse.dir ('null') to the value of spark.sql.warehouse.dir.
[2024-10-25T13:44:15.740+0000] {spark_submit.py:634} INFO - 24/10/25 13:44:15 INFO SharedState: Warehouse path is 'file:/opt/***/spark-warehouse'.
[2024-10-25T13:44:16.738+0000] {spark_submit.py:634} INFO - Traceback (most recent call last):
[2024-10-25T13:44:16.738+0000] {spark_submit.py:634} INFO - File "/opt/bitnami/spark/src/scripts_spark/WebScraping_Transformation.py", line 168, in <module>
[2024-10-25T13:44:16.740+0000] {spark_submit.py:634} INFO - transformation_data(args.json_file_path,args.path_save_transfor)
[2024-10-25T13:44:16.740+0000] {spark_submit.py:634} INFO - File "/opt/bitnami/spark/src/scripts_spark/WebScraping_Transformation.py", line 33, in transformation_data
[2024-10-25T13:44:16.742+0000] {spark_submit.py:634} INFO - df=spark.read.json(path)
[2024-10-25T13:44:16.742+0000] {spark_submit.py:634} INFO - ^^^^^^^^^^^^^^^^^^^^^
[2024-10-25T13:44:16.742+0000] {spark_submit.py:634} INFO - File "/home/***/.local/lib/python3.12/site-packages/pyspark/python/lib/pyspark.zip/pyspark/sql/readwriter.py", line 425, in json
[2024-10-25T13:44:16.743+0000] {spark_submit.py:634} INFO - File "/home/***/.local/lib/python3.12/site-packages/pyspark/python/lib/py4j-0.10.9.7-src.zip/py4j/java_gateway.py", line 1322, in __call__
[2024-10-25T13:44:16.743+0000] {spark_submit.py:634} INFO - File "/home/***/.local/lib/python3.12/site-packages/pyspark/python/lib/pyspark.zip/pyspark/errors/exceptions/captured.py", line 185, in deco
[2024-10-25T13:44:16.750+0000] {spark_submit.py:634} INFO - pyspark.errors.exceptions.captured.AnalysisException: [PATH_NOT_FOUND] Path does not exist: file:/opt/***/pichau_2024-10-25/data.json.
[2024-10-25T13:44:16.800+0000] {spark_submit.py:634} INFO - 24/10/25 13:44:16 INFO SparkContext: Invoking stop() from shutdown hook
[2024-10-25T13:44:16.801+0000] {spark_submit.py:634} INFO - 24/10/25 13:44:16 INFO SparkContext: SparkContext is stopping with exitCode 0.
[2024-10-25T13:44:16.810+0000] {spark_submit.py:634} INFO - 24/10/25 13:44:16 INFO SparkUI: Stopped Spark web UI at http://76ae9b05cb63:4040
[2024-10-25T13:44:16.823+0000] {spark_submit.py:634} INFO - 24/10/25 13:44:16 INFO MapOutputTrackerMasterEndpoint: MapOutputTrackerMasterEndpoint stopped!
[2024-10-25T13:44:16.835+0000] {spark_submit.py:634} INFO - 24/10/25 13:44:16 INFO MemoryStore: MemoryStore cleared
[2024-10-25T13:44:16.836+0000] {spark_submit.py:634} INFO - 24/10/25 13:44:16 INFO BlockManager: BlockManager stopped
[2024-10-25T13:44:16.841+0000] {spark_submit.py:634} INFO - 24/10/25 13:44:16 INFO BlockManagerMaster: BlockManagerMaster stopped
[2024-10-25T13:44:16.844+0000] {spark_submit.py:634} INFO - 24/10/25 13:44:16 INFO OutputCommitCoordinator$OutputCommitCoordinatorEndpoint: OutputCommitCoordinator stopped!
[2024-10-25T13:44:16.851+0000] {spark_submit.py:634} INFO - 24/10/25 13:44:16 INFO SparkContext: Successfully stopped SparkContext
[2024-10-25T13:44:16.852+0000] {spark_submit.py:634} INFO - 24/10/25 13:44:16 INFO ShutdownHookManager: Shutdown hook called
[2024-10-25T13:44:16.861+0000] {spark_submit.py:634} INFO - 24/10/25 13:44:16 INFO ShutdownHookManager: Deleting directory /tmp/spark-f0ee29ed-26b9-4536-8760-444ca3b4ae7e/pyspark-dc936036-794d-46cb-8821-4f928fcb5daf
[2024-10-25T13:44:16.862+0000] {spark_submit.py:634} INFO - 24/10/25 13:44:16 INFO ShutdownHookManager: Deleting directory /tmp/spark-463cf2e3-9872-475a-b77d-aed246dbbd0d
[2024-10-25T13:44:16.862+0000] {spark_submit.py:634} INFO - 24/10/25 13:44:16 INFO ShutdownHookManager: Deleting directory /tmp/spark-f0ee29ed-26b9-4536-8760-444ca3b4ae7e
[2024-10-25T13:44:16.903+0000] {taskinstance.py:3310} ERROR - Task failed with exception
Traceback (most recent call last):
  File "/home/airflow/.local/lib/python3.12/site-packages/airflow/models/taskinstance.py", line 767, in _execute_task
    result = _execute_callable(context=context, **execute_callable_kwargs)
             ^^^^^^^^^^^^^^^^^^^^^^^^^^^^^^^^^^^^^^^^^^^^^^^^^^^^^^^^^^^^^
  File "/home/airflow/.local/lib/python3.12/site-packages/airflow/models/taskinstance.py", line 733, in _execute_callable
    return ExecutionCallableRunner(
           ^^^^^^^^^^^^^^^^^^^^^^^^
  File "/home/airflow/.local/lib/python3.12/site-packages/airflow/utils/operator_helpers.py", line 252, in run
    return self.func(*args, **kwargs)
           ^^^^^^^^^^^^^^^^^^^^^^^^^^
  File "/home/airflow/.local/lib/python3.12/site-packages/airflow/models/baseoperator.py", line 406, in wrapper
    return func(self, *args, **kwargs)
           ^^^^^^^^^^^^^^^^^^^^^^^^^^^
  File "/opt/airflow/operators/OperatorSpark.py", line 21, in execute
    super().execute(context)
  File "/home/airflow/.local/lib/python3.12/site-packages/airflow/models/baseoperator.py", line 406, in wrapper
    return func(self, *args, **kwargs)
           ^^^^^^^^^^^^^^^^^^^^^^^^^^^
  File "/home/airflow/.local/lib/python3.12/site-packages/airflow/providers/apache/spark/operators/spark_submit.py", line 176, in execute
    self._hook.submit(self.application)
  File "/home/airflow/.local/lib/python3.12/site-packages/airflow/providers/apache/spark/hooks/spark_submit.py", line 560, in submit
    raise AirflowException(
airflow.exceptions.AirflowException: Cannot execute: spark-submit --master yarn --num-executors 2 --driver-memory 512M --name arrow-spark /opt/bitnami/spark/src/scripts_spark/WebScraping_Transformation.py --path_save_transfor /opt/***/datalake/silverzone/pichau_2024-10-25 --json_file_path pichau_2024-10-25/data.json. Error code is: 1.
[2024-10-25T13:44:16.912+0000] {taskinstance.py:1225} INFO - Marking task as FAILED. dag_id=pipeline_webscraping, task_id=pichau_tasks.Spark_Transformation_pichau, run_id=manual__2024-10-25T13:41:31.264736+00:00, execution_date=20241025T134131, start_date=20241025T134410, end_date=20241025T134416
[2024-10-25T13:44:16.925+0000] {taskinstance.py:340} INFO - ::group::Post task execution logs
[2024-10-25T13:44:16.925+0000] {standard_task_runner.py:124} ERROR - Failed to execute job 478 for task pichau_tasks.Spark_Transformation_pichau (Cannot execute: spark-submit --master yarn --num-executors 2 --driver-memory 512M --name arrow-spark /opt/bitnami/spark/src/scripts_spark/WebScraping_Transformation.py --path_save_transfor /opt/***/datalake/silverzone/pichau_2024-10-25 --json_file_path pichau_2024-10-25/data.json. Error code is: 1.; 1837)
Traceback (most recent call last):
  File "/home/airflow/.local/lib/python3.12/site-packages/airflow/task/task_runner/standard_task_runner.py", line 117, in _start_by_fork
    ret = args.func(args, dag=self.dag)
          ^^^^^^^^^^^^^^^^^^^^^^^^^^^^^
  File "/home/airflow/.local/lib/python3.12/site-packages/airflow/cli/cli_config.py", line 49, in command
    return func(*args, **kwargs)
           ^^^^^^^^^^^^^^^^^^^^^
  File "/home/airflow/.local/lib/python3.12/site-packages/airflow/utils/cli.py", line 115, in wrapper
    return f(*args, **kwargs)
           ^^^^^^^^^^^^^^^^^^
  File "/home/airflow/.local/lib/python3.12/site-packages/airflow/cli/commands/task_command.py", line 483, in task_run
    task_return_code = _run_task_by_selected_method(args, _dag, ti)
                       ^^^^^^^^^^^^^^^^^^^^^^^^^^^^^^^^^^^^^^^^^^^^
  File "/home/airflow/.local/lib/python3.12/site-packages/airflow/cli/commands/task_command.py", line 256, in _run_task_by_selected_method
    return _run_raw_task(args, ti)
           ^^^^^^^^^^^^^^^^^^^^^^^
  File "/home/airflow/.local/lib/python3.12/site-packages/airflow/cli/commands/task_command.py", line 341, in _run_raw_task
    return ti._run_raw_task(
           ^^^^^^^^^^^^^^^^^
  File "/home/airflow/.local/lib/python3.12/site-packages/airflow/utils/session.py", line 97, in wrapper
    return func(*args, session=session, **kwargs)
           ^^^^^^^^^^^^^^^^^^^^^^^^^^^^^^^^^^^^^^
  File "/home/airflow/.local/lib/python3.12/site-packages/airflow/models/taskinstance.py", line 3004, in _run_raw_task
    return _run_raw_task(
           ^^^^^^^^^^^^^^
  File "/home/airflow/.local/lib/python3.12/site-packages/airflow/models/taskinstance.py", line 273, in _run_raw_task
    TaskInstance._execute_task_with_callbacks(
  File "/home/airflow/.local/lib/python3.12/site-packages/airflow/models/taskinstance.py", line 3158, in _execute_task_with_callbacks
    result = self._execute_task(context, task_orig)
             ^^^^^^^^^^^^^^^^^^^^^^^^^^^^^^^^^^^^^^
  File "/home/airflow/.local/lib/python3.12/site-packages/airflow/models/taskinstance.py", line 3182, in _execute_task
    return _execute_task(self, context, task_orig)
           ^^^^^^^^^^^^^^^^^^^^^^^^^^^^^^^^^^^^^^^
  File "/home/airflow/.local/lib/python3.12/site-packages/airflow/models/taskinstance.py", line 767, in _execute_task
    result = _execute_callable(context=context, **execute_callable_kwargs)
             ^^^^^^^^^^^^^^^^^^^^^^^^^^^^^^^^^^^^^^^^^^^^^^^^^^^^^^^^^^^^^
  File "/home/airflow/.local/lib/python3.12/site-packages/airflow/models/taskinstance.py", line 733, in _execute_callable
    return ExecutionCallableRunner(
           ^^^^^^^^^^^^^^^^^^^^^^^^
  File "/home/airflow/.local/lib/python3.12/site-packages/airflow/utils/operator_helpers.py", line 252, in run
    return self.func(*args, **kwargs)
           ^^^^^^^^^^^^^^^^^^^^^^^^^^
  File "/home/airflow/.local/lib/python3.12/site-packages/airflow/models/baseoperator.py", line 406, in wrapper
    return func(self, *args, **kwargs)
           ^^^^^^^^^^^^^^^^^^^^^^^^^^^
  File "/opt/airflow/operators/OperatorSpark.py", line 21, in execute
    super().execute(context)
  File "/home/airflow/.local/lib/python3.12/site-packages/airflow/models/baseoperator.py", line 406, in wrapper
    return func(self, *args, **kwargs)
           ^^^^^^^^^^^^^^^^^^^^^^^^^^^
  File "/home/airflow/.local/lib/python3.12/site-packages/airflow/providers/apache/spark/operators/spark_submit.py", line 176, in execute
    self._hook.submit(self.application)
  File "/home/airflow/.local/lib/python3.12/site-packages/airflow/providers/apache/spark/hooks/spark_submit.py", line 560, in submit
    raise AirflowException(
airflow.exceptions.AirflowException: Cannot execute: spark-submit --master yarn --num-executors 2 --driver-memory 512M --name arrow-spark /opt/bitnami/spark/src/scripts_spark/WebScraping_Transformation.py --path_save_transfor /opt/***/datalake/silverzone/pichau_2024-10-25 --json_file_path pichau_2024-10-25/data.json. Error code is: 1.
[2024-10-25T13:44:16.948+0000] {local_task_job_runner.py:266} INFO - Task exited with return code 1
[2024-10-25T13:44:17.009+0000] {taskinstance.py:3900} INFO - 0 downstream tasks scheduled from follow-on schedule check
[2024-10-25T13:44:17.018+0000] {local_task_job_runner.py:245} INFO - ::endgroup::
