[2024-11-03T01:03:04.103+0000] {local_task_job_runner.py:123} INFO - ::group::Pre task execution logs
[2024-11-03T01:03:04.121+0000] {taskinstance.py:2612} INFO - Dependencies all met for dep_context=non-requeueable deps ti=<TaskInstance: LoadWebScraping.insert manual__2024-11-03T01:03:00.110016+00:00 [queued]>
[2024-11-03T01:03:04.130+0000] {taskinstance.py:2612} INFO - Dependencies all met for dep_context=requeueable deps ti=<TaskInstance: LoadWebScraping.insert manual__2024-11-03T01:03:00.110016+00:00 [queued]>
[2024-11-03T01:03:04.131+0000] {taskinstance.py:2865} INFO - Starting attempt 1 of 1
[2024-11-03T01:03:04.149+0000] {taskinstance.py:2888} INFO - Executing <Task(SparkSubmitOperator): insert> on 2024-11-03 01:03:00.110016+00:00
[2024-11-03T01:03:04.154+0000] {warnings.py:112} WARNING - /home/***/.local/lib/python3.12/site-packages/***/task/task_runner/standard_task_runner.py:70: DeprecationWarning: This process (pid=385) is multi-threaded, use of fork() may lead to deadlocks in the child.
  pid = os.fork()

[2024-11-03T01:03:04.155+0000] {standard_task_runner.py:72} INFO - Started process 387 to run task
[2024-11-03T01:03:04.156+0000] {standard_task_runner.py:104} INFO - Running: ['***', 'tasks', 'run', 'LoadWebScraping', 'insert', 'manual__2024-11-03T01:03:00.110016+00:00', '--job-id', '236', '--raw', '--subdir', 'DAGS_FOLDER/LoadWebScraping.py', '--cfg-path', '/tmp/tmp7idctu3o']
[2024-11-03T01:03:04.159+0000] {standard_task_runner.py:105} INFO - Job 236: Subtask insert
[2024-11-03T01:03:04.201+0000] {task_command.py:467} INFO - Running <TaskInstance: LoadWebScraping.insert manual__2024-11-03T01:03:00.110016+00:00 [running]> on host c9f99735a600
[2024-11-03T01:03:04.285+0000] {taskinstance.py:3131} INFO - Exporting env vars: AIRFLOW_CTX_DAG_OWNER='***' AIRFLOW_CTX_DAG_ID='LoadWebScraping' AIRFLOW_CTX_TASK_ID='insert' AIRFLOW_CTX_EXECUTION_DATE='2024-11-03T01:03:00.110016+00:00' AIRFLOW_CTX_TRY_NUMBER='1' AIRFLOW_CTX_DAG_RUN_ID='manual__2024-11-03T01:03:00.110016+00:00'
[2024-11-03T01:03:04.286+0000] {taskinstance.py:731} INFO - ::endgroup::
[2024-11-03T01:03:04.308+0000] {base.py:84} INFO - Retrieving connection 'spark_default'
[2024-11-03T01:03:04.309+0000] {spark_submit.py:327} ERROR - Failed to decode base64 keytab: Incorrect padding
[2024-11-03T01:03:04.310+0000] {spark_submit.py:304} INFO - Could not load connection string spark_default, defaulting to spark://spark:7077
[2024-11-03T01:03:04.312+0000] {spark_submit.py:473} INFO - Spark-Submit cmd: spark-submit --master spark://spark:7077 --driver-class-path /opt/***/jars/postgresql-42.5.0.jar --jars /opt/***/jars/postgresql-42.5.0.jar --packages org.postgresql:postgresql:42.5.0 --name arrow-spark --deploy-mode client /opt/bitnami/spark/src/scripts_spark/LoadFileToDB.py
[2024-11-03T01:03:05.851+0000] {spark_submit.py:634} INFO - :: loading settings :: url = jar:file:/home/***/.local/lib/python3.12/site-packages/pyspark/jars/ivy-2.5.1.jar!/org/apache/ivy/core/settings/ivysettings.xml
[2024-11-03T01:03:05.918+0000] {spark_submit.py:634} INFO - Ivy Default Cache set to: /home/***/.ivy2/cache
[2024-11-03T01:03:05.918+0000] {spark_submit.py:634} INFO - The jars for the packages stored in: /home/***/.ivy2/jars
[2024-11-03T01:03:05.922+0000] {spark_submit.py:634} INFO - org.postgresql#postgresql added as a dependency
[2024-11-03T01:03:05.923+0000] {spark_submit.py:634} INFO - :: resolving dependencies :: org.apache.spark#spark-submit-parent-289b9651-40fe-4e37-8e49-77365e402707;1.0
[2024-11-03T01:03:05.923+0000] {spark_submit.py:634} INFO - confs: [default]
[2024-11-03T01:03:06.012+0000] {spark_submit.py:634} INFO - found org.postgresql#postgresql;42.5.0 in central
[2024-11-03T01:03:06.031+0000] {spark_submit.py:634} INFO - found org.checkerframework#checker-qual;3.5.0 in central
[2024-11-03T01:03:06.045+0000] {spark_submit.py:634} INFO - :: resolution report :: resolve 117ms :: artifacts dl 5ms
[2024-11-03T01:03:06.047+0000] {spark_submit.py:634} INFO - :: modules in use:
[2024-11-03T01:03:06.048+0000] {spark_submit.py:634} INFO - org.checkerframework#checker-qual;3.5.0 from central in [default]
[2024-11-03T01:03:06.049+0000] {spark_submit.py:634} INFO - org.postgresql#postgresql;42.5.0 from central in [default]
[2024-11-03T01:03:06.049+0000] {spark_submit.py:634} INFO - ---------------------------------------------------------------------
[2024-11-03T01:03:06.050+0000] {spark_submit.py:634} INFO - |                  |            modules            ||   artifacts   |
[2024-11-03T01:03:06.050+0000] {spark_submit.py:634} INFO - |       conf       | number| search|dwnlded|evicted|| number|dwnlded|
[2024-11-03T01:03:06.050+0000] {spark_submit.py:634} INFO - ---------------------------------------------------------------------
[2024-11-03T01:03:06.051+0000] {spark_submit.py:634} INFO - |      default     |   2   |   0   |   0   |   0   ||   2   |   0   |
[2024-11-03T01:03:06.051+0000] {spark_submit.py:634} INFO - ---------------------------------------------------------------------
[2024-11-03T01:03:06.052+0000] {spark_submit.py:634} INFO - :: retrieving :: org.apache.spark#spark-submit-parent-289b9651-40fe-4e37-8e49-77365e402707
[2024-11-03T01:03:06.072+0000] {spark_submit.py:634} INFO - confs: [default]
[2024-11-03T01:03:06.073+0000] {spark_submit.py:634} INFO - 0 artifacts copied, 2 already retrieved (0kB/12ms)
[2024-11-03T01:03:06.267+0000] {spark_submit.py:634} INFO - 24/11/03 01:03:06 WARN NativeCodeLoader: Unable to load native-hadoop library for your platform... using builtin-java classes where applicable
[2024-11-03T01:03:06.429+0000] {spark_submit.py:634} INFO - 24/11/03 01:03:06 WARN DependencyUtils: Local jar /opt/***/jars/postgresql-42.5.0.jar does not exist, skipping.
[2024-11-03T01:03:09.180+0000] {spark_submit.py:634} INFO - 24/11/03 01:03:09 INFO SparkContext: Running Spark version 3.5.2
[2024-11-03T01:03:09.181+0000] {spark_submit.py:634} INFO - 24/11/03 01:03:09 INFO SparkContext: OS info Linux, 5.15.153.1-microsoft-standard-WSL2, amd64
[2024-11-03T01:03:09.182+0000] {spark_submit.py:634} INFO - 24/11/03 01:03:09 INFO SparkContext: Java version 17.0.13
[2024-11-03T01:03:09.204+0000] {spark_submit.py:634} INFO - 24/11/03 01:03:09 INFO ResourceUtils: ==============================================================
[2024-11-03T01:03:09.204+0000] {spark_submit.py:634} INFO - 24/11/03 01:03:09 INFO ResourceUtils: No custom resources configured for spark.driver.
[2024-11-03T01:03:09.205+0000] {spark_submit.py:634} INFO - 24/11/03 01:03:09 INFO ResourceUtils: ==============================================================
[2024-11-03T01:03:09.206+0000] {spark_submit.py:634} INFO - 24/11/03 01:03:09 INFO SparkContext: Submitted application: Insert_data
[2024-11-03T01:03:09.228+0000] {spark_submit.py:634} INFO - 24/11/03 01:03:09 INFO ResourceProfile: Default ResourceProfile created, executor resources: Map(cores -> name: cores, amount: 1, script: , vendor: , memory -> name: memory, amount: 1024, script: , vendor: , offHeap -> name: offHeap, amount: 0, script: , vendor: ), task resources: Map(cpus -> name: cpus, amount: 1.0)
[2024-11-03T01:03:09.236+0000] {spark_submit.py:634} INFO - 24/11/03 01:03:09 INFO ResourceProfile: Limiting resource is cpu
[2024-11-03T01:03:09.236+0000] {spark_submit.py:634} INFO - 24/11/03 01:03:09 INFO ResourceProfileManager: Added ResourceProfile id: 0
[2024-11-03T01:03:09.278+0000] {spark_submit.py:634} INFO - 24/11/03 01:03:09 INFO SecurityManager: Changing view acls to: ***
[2024-11-03T01:03:09.279+0000] {spark_submit.py:634} INFO - 24/11/03 01:03:09 INFO SecurityManager: Changing modify acls to: ***
[2024-11-03T01:03:09.280+0000] {spark_submit.py:634} INFO - 24/11/03 01:03:09 INFO SecurityManager: Changing view acls groups to:
[2024-11-03T01:03:09.280+0000] {spark_submit.py:634} INFO - 24/11/03 01:03:09 INFO SecurityManager: Changing modify acls groups to:
[2024-11-03T01:03:09.280+0000] {spark_submit.py:634} INFO - 24/11/03 01:03:09 INFO SecurityManager: SecurityManager: authentication disabled; ui acls disabled; users with view permissions: ***; groups with view permissions: EMPTY; users with modify permissions: ***; groups with modify permissions: EMPTY
[2024-11-03T01:03:09.443+0000] {spark_submit.py:634} INFO - 24/11/03 01:03:09 INFO Utils: Successfully started service 'sparkDriver' on port 41815.
[2024-11-03T01:03:09.471+0000] {spark_submit.py:634} INFO - 24/11/03 01:03:09 INFO SparkEnv: Registering MapOutputTracker
[2024-11-03T01:03:09.498+0000] {spark_submit.py:634} INFO - 24/11/03 01:03:09 INFO SparkEnv: Registering BlockManagerMaster
[2024-11-03T01:03:09.520+0000] {spark_submit.py:634} INFO - 24/11/03 01:03:09 INFO BlockManagerMasterEndpoint: Using org.apache.spark.storage.DefaultTopologyMapper for getting topology information
[2024-11-03T01:03:09.520+0000] {spark_submit.py:634} INFO - 24/11/03 01:03:09 INFO BlockManagerMasterEndpoint: BlockManagerMasterEndpoint up
[2024-11-03T01:03:09.524+0000] {spark_submit.py:634} INFO - 24/11/03 01:03:09 INFO SparkEnv: Registering BlockManagerMasterHeartbeat
[2024-11-03T01:03:09.541+0000] {spark_submit.py:634} INFO - 24/11/03 01:03:09 INFO DiskBlockManager: Created local directory at /tmp/blockmgr-fd75cc1d-9971-49d0-bf76-006021236a05
[2024-11-03T01:03:09.551+0000] {spark_submit.py:634} INFO - 24/11/03 01:03:09 INFO MemoryStore: MemoryStore started with capacity 434.4 MiB
[2024-11-03T01:03:09.567+0000] {spark_submit.py:634} INFO - 24/11/03 01:03:09 INFO SparkEnv: Registering OutputCommitCoordinator
[2024-11-03T01:03:09.670+0000] {spark_submit.py:634} INFO - 24/11/03 01:03:09 INFO JettyUtils: Start Jetty 0.0.0.0:4040 for SparkUI
[2024-11-03T01:03:09.731+0000] {spark_submit.py:634} INFO - 24/11/03 01:03:09 INFO Utils: Successfully started service 'SparkUI' on port 4040.
[2024-11-03T01:03:09.762+0000] {spark_submit.py:634} INFO - 24/11/03 01:03:09 ERROR SparkContext: Failed to add file:/opt/***/jars/postgresql-42.5.0.jar to Spark environment
[2024-11-03T01:03:09.763+0000] {spark_submit.py:634} INFO - java.io.FileNotFoundException: Jar /opt/***/jars/postgresql-42.5.0.jar not found
[2024-11-03T01:03:09.763+0000] {spark_submit.py:634} INFO - at org.apache.spark.SparkContext.addLocalJarFile$1(SparkContext.scala:2095)
[2024-11-03T01:03:09.763+0000] {spark_submit.py:634} INFO - at org.apache.spark.SparkContext.addJar(SparkContext.scala:2151)
[2024-11-03T01:03:09.764+0000] {spark_submit.py:634} INFO - at org.apache.spark.SparkContext.$anonfun$new$15(SparkContext.scala:521)
[2024-11-03T01:03:09.764+0000] {spark_submit.py:634} INFO - at org.apache.spark.SparkContext.$anonfun$new$15$adapted(SparkContext.scala:521)
[2024-11-03T01:03:09.765+0000] {spark_submit.py:634} INFO - at scala.collection.mutable.ResizableArray.foreach(ResizableArray.scala:62)
[2024-11-03T01:03:09.765+0000] {spark_submit.py:634} INFO - at scala.collection.mutable.ResizableArray.foreach$(ResizableArray.scala:55)
[2024-11-03T01:03:09.765+0000] {spark_submit.py:634} INFO - at scala.collection.mutable.ArrayBuffer.foreach(ArrayBuffer.scala:49)
[2024-11-03T01:03:09.766+0000] {spark_submit.py:634} INFO - at org.apache.spark.SparkContext.<init>(SparkContext.scala:521)
[2024-11-03T01:03:09.766+0000] {spark_submit.py:634} INFO - at org.apache.spark.api.java.JavaSparkContext.<init>(JavaSparkContext.scala:58)
[2024-11-03T01:03:09.767+0000] {spark_submit.py:634} INFO - at java.base/jdk.internal.reflect.NativeConstructorAccessorImpl.newInstance0(Native Method)
[2024-11-03T01:03:09.767+0000] {spark_submit.py:634} INFO - at java.base/jdk.internal.reflect.NativeConstructorAccessorImpl.newInstance(NativeConstructorAccessorImpl.java:77)
[2024-11-03T01:03:09.767+0000] {spark_submit.py:634} INFO - at java.base/jdk.internal.reflect.DelegatingConstructorAccessorImpl.newInstance(DelegatingConstructorAccessorImpl.java:45)
[2024-11-03T01:03:09.768+0000] {spark_submit.py:634} INFO - at java.base/java.lang.reflect.Constructor.newInstanceWithCaller(Constructor.java:500)
[2024-11-03T01:03:09.768+0000] {spark_submit.py:634} INFO - at java.base/java.lang.reflect.Constructor.newInstance(Constructor.java:481)
[2024-11-03T01:03:09.769+0000] {spark_submit.py:634} INFO - at py4j.reflection.MethodInvoker.invoke(MethodInvoker.java:247)
[2024-11-03T01:03:09.769+0000] {spark_submit.py:634} INFO - at py4j.reflection.ReflectionEngine.invoke(ReflectionEngine.java:374)
[2024-11-03T01:03:09.769+0000] {spark_submit.py:634} INFO - at py4j.Gateway.invoke(Gateway.java:238)
[2024-11-03T01:03:09.770+0000] {spark_submit.py:634} INFO - at py4j.commands.ConstructorCommand.invokeConstructor(ConstructorCommand.java:80)
[2024-11-03T01:03:09.771+0000] {spark_submit.py:634} INFO - at py4j.commands.ConstructorCommand.execute(ConstructorCommand.java:69)
[2024-11-03T01:03:09.771+0000] {spark_submit.py:634} INFO - at py4j.ClientServerConnection.waitForCommands(ClientServerConnection.java:182)
[2024-11-03T01:03:09.771+0000] {spark_submit.py:634} INFO - at py4j.ClientServerConnection.run(ClientServerConnection.java:106)
[2024-11-03T01:03:09.772+0000] {spark_submit.py:634} INFO - at java.base/java.lang.Thread.run(Thread.java:840)
[2024-11-03T01:03:09.772+0000] {spark_submit.py:634} INFO - 24/11/03 01:03:09 INFO SparkContext: Added JAR file:///home/***/.ivy2/jars/org.postgresql_postgresql-42.5.0.jar at spark://c9f99735a600:41815/jars/org.postgresql_postgresql-42.5.0.jar with timestamp 1730595789175
[2024-11-03T01:03:09.773+0000] {spark_submit.py:634} INFO - 24/11/03 01:03:09 INFO SparkContext: Added JAR file:///home/***/.ivy2/jars/org.checkerframework_checker-qual-3.5.0.jar at spark://c9f99735a600:41815/jars/org.checkerframework_checker-qual-3.5.0.jar with timestamp 1730595789175
[2024-11-03T01:03:09.773+0000] {spark_submit.py:634} INFO - 24/11/03 01:03:09 INFO SparkContext: Added file file:///home/***/.ivy2/jars/org.postgresql_postgresql-42.5.0.jar at file:///home/***/.ivy2/jars/org.postgresql_postgresql-42.5.0.jar with timestamp 1730595789175
[2024-11-03T01:03:09.773+0000] {spark_submit.py:634} INFO - 24/11/03 01:03:09 INFO Utils: Copying /home/***/.ivy2/jars/org.postgresql_postgresql-42.5.0.jar to /tmp/spark-2b3a2299-0df7-4b4f-856f-81252f4b3e33/userFiles-e1d1b3ed-ffc4-4997-a738-0f049edd8a7e/org.postgresql_postgresql-42.5.0.jar
[2024-11-03T01:03:09.779+0000] {spark_submit.py:634} INFO - 24/11/03 01:03:09 INFO SparkContext: Added file file:///home/***/.ivy2/jars/org.checkerframework_checker-qual-3.5.0.jar at file:///home/***/.ivy2/jars/org.checkerframework_checker-qual-3.5.0.jar with timestamp 1730595789175
[2024-11-03T01:03:09.779+0000] {spark_submit.py:634} INFO - 24/11/03 01:03:09 INFO Utils: Copying /home/***/.ivy2/jars/org.checkerframework_checker-qual-3.5.0.jar to /tmp/spark-2b3a2299-0df7-4b4f-856f-81252f4b3e33/userFiles-e1d1b3ed-ffc4-4997-a738-0f049edd8a7e/org.checkerframework_checker-qual-3.5.0.jar
[2024-11-03T01:03:09.839+0000] {spark_submit.py:634} INFO - 24/11/03 01:03:09 INFO Executor: Starting executor ID driver on host c9f99735a600
[2024-11-03T01:03:09.840+0000] {spark_submit.py:634} INFO - 24/11/03 01:03:09 INFO Executor: OS info Linux, 5.15.153.1-microsoft-standard-WSL2, amd64
[2024-11-03T01:03:09.841+0000] {spark_submit.py:634} INFO - 24/11/03 01:03:09 INFO Executor: Java version 17.0.13
[2024-11-03T01:03:09.846+0000] {spark_submit.py:634} INFO - 24/11/03 01:03:09 INFO Executor: Starting executor with user classpath (userClassPathFirst = false): ''
[2024-11-03T01:03:09.846+0000] {spark_submit.py:634} INFO - 24/11/03 01:03:09 INFO Executor: Created or updated repl class loader org.apache.spark.util.MutableURLClassLoader@398f024e for default.
[2024-11-03T01:03:09.856+0000] {spark_submit.py:634} INFO - 24/11/03 01:03:09 INFO Executor: Fetching file:///home/***/.ivy2/jars/org.checkerframework_checker-qual-3.5.0.jar with timestamp 1730595789175
[2024-11-03T01:03:09.871+0000] {spark_submit.py:634} INFO - 24/11/03 01:03:09 INFO Utils: /home/***/.ivy2/jars/org.checkerframework_checker-qual-3.5.0.jar has been previously copied to /tmp/spark-2b3a2299-0df7-4b4f-856f-81252f4b3e33/userFiles-e1d1b3ed-ffc4-4997-a738-0f049edd8a7e/org.checkerframework_checker-qual-3.5.0.jar
[2024-11-03T01:03:09.875+0000] {spark_submit.py:634} INFO - 24/11/03 01:03:09 INFO Executor: Fetching file:///home/***/.ivy2/jars/org.postgresql_postgresql-42.5.0.jar with timestamp 1730595789175
[2024-11-03T01:03:09.878+0000] {spark_submit.py:634} INFO - 24/11/03 01:03:09 INFO Utils: /home/***/.ivy2/jars/org.postgresql_postgresql-42.5.0.jar has been previously copied to /tmp/spark-2b3a2299-0df7-4b4f-856f-81252f4b3e33/userFiles-e1d1b3ed-ffc4-4997-a738-0f049edd8a7e/org.postgresql_postgresql-42.5.0.jar
[2024-11-03T01:03:09.883+0000] {spark_submit.py:634} INFO - 24/11/03 01:03:09 INFO Executor: Fetching spark://c9f99735a600:41815/jars/org.checkerframework_checker-qual-3.5.0.jar with timestamp 1730595789175
[2024-11-03T01:03:09.909+0000] {spark_submit.py:634} INFO - 24/11/03 01:03:09 INFO TransportClientFactory: Successfully created connection to c9f99735a600/172.18.0.7:41815 after 18 ms (0 ms spent in bootstraps)
[2024-11-03T01:03:09.914+0000] {spark_submit.py:634} INFO - 24/11/03 01:03:09 INFO Utils: Fetching spark://c9f99735a600:41815/jars/org.checkerframework_checker-qual-3.5.0.jar to /tmp/spark-2b3a2299-0df7-4b4f-856f-81252f4b3e33/userFiles-e1d1b3ed-ffc4-4997-a738-0f049edd8a7e/fetchFileTemp3716573726014390801.tmp
[2024-11-03T01:03:09.930+0000] {spark_submit.py:634} INFO - 24/11/03 01:03:09 INFO Utils: /tmp/spark-2b3a2299-0df7-4b4f-856f-81252f4b3e33/userFiles-e1d1b3ed-ffc4-4997-a738-0f049edd8a7e/fetchFileTemp3716573726014390801.tmp has been previously copied to /tmp/spark-2b3a2299-0df7-4b4f-856f-81252f4b3e33/userFiles-e1d1b3ed-ffc4-4997-a738-0f049edd8a7e/org.checkerframework_checker-qual-3.5.0.jar
[2024-11-03T01:03:09.935+0000] {spark_submit.py:634} INFO - 24/11/03 01:03:09 INFO Executor: Adding file:/tmp/spark-2b3a2299-0df7-4b4f-856f-81252f4b3e33/userFiles-e1d1b3ed-ffc4-4997-a738-0f049edd8a7e/org.checkerframework_checker-qual-3.5.0.jar to class loader default
[2024-11-03T01:03:09.935+0000] {spark_submit.py:634} INFO - 24/11/03 01:03:09 INFO Executor: Fetching spark://c9f99735a600:41815/jars/org.postgresql_postgresql-42.5.0.jar with timestamp 1730595789175
[2024-11-03T01:03:09.936+0000] {spark_submit.py:634} INFO - 24/11/03 01:03:09 INFO Utils: Fetching spark://c9f99735a600:41815/jars/org.postgresql_postgresql-42.5.0.jar to /tmp/spark-2b3a2299-0df7-4b4f-856f-81252f4b3e33/userFiles-e1d1b3ed-ffc4-4997-a738-0f049edd8a7e/fetchFileTemp1712478493363143680.tmp
[2024-11-03T01:03:09.942+0000] {spark_submit.py:634} INFO - 24/11/03 01:03:09 INFO Utils: /tmp/spark-2b3a2299-0df7-4b4f-856f-81252f4b3e33/userFiles-e1d1b3ed-ffc4-4997-a738-0f049edd8a7e/fetchFileTemp1712478493363143680.tmp has been previously copied to /tmp/spark-2b3a2299-0df7-4b4f-856f-81252f4b3e33/userFiles-e1d1b3ed-ffc4-4997-a738-0f049edd8a7e/org.postgresql_postgresql-42.5.0.jar
[2024-11-03T01:03:09.951+0000] {spark_submit.py:634} INFO - 24/11/03 01:03:09 INFO Executor: Adding file:/tmp/spark-2b3a2299-0df7-4b4f-856f-81252f4b3e33/userFiles-e1d1b3ed-ffc4-4997-a738-0f049edd8a7e/org.postgresql_postgresql-42.5.0.jar to class loader default
[2024-11-03T01:03:09.959+0000] {spark_submit.py:634} INFO - 24/11/03 01:03:09 INFO Utils: Successfully started service 'org.apache.spark.network.netty.NettyBlockTransferService' on port 36187.
[2024-11-03T01:03:09.960+0000] {spark_submit.py:634} INFO - 24/11/03 01:03:09 INFO NettyBlockTransferService: Server created on c9f99735a600:36187
[2024-11-03T01:03:09.961+0000] {spark_submit.py:634} INFO - 24/11/03 01:03:09 INFO BlockManager: Using org.apache.spark.storage.RandomBlockReplicationPolicy for block replication policy
[2024-11-03T01:03:09.966+0000] {spark_submit.py:634} INFO - 24/11/03 01:03:09 INFO BlockManagerMaster: Registering BlockManager BlockManagerId(driver, c9f99735a600, 36187, None)
[2024-11-03T01:03:09.970+0000] {spark_submit.py:634} INFO - 24/11/03 01:03:09 INFO BlockManagerMasterEndpoint: Registering block manager c9f99735a600:36187 with 434.4 MiB RAM, BlockManagerId(driver, c9f99735a600, 36187, None)
[2024-11-03T01:03:09.971+0000] {spark_submit.py:634} INFO - 24/11/03 01:03:09 INFO BlockManagerMaster: Registered BlockManager BlockManagerId(driver, c9f99735a600, 36187, None)
[2024-11-03T01:03:09.972+0000] {spark_submit.py:634} INFO - 24/11/03 01:03:09 INFO BlockManager: Initialized BlockManager: BlockManagerId(driver, c9f99735a600, 36187, None)
[2024-11-03T01:03:10.278+0000] {spark_submit.py:634} INFO - 24/11/03 01:03:10 INFO SharedState: Setting hive.metastore.warehouse.dir ('null') to the value of spark.sql.warehouse.dir.
[2024-11-03T01:03:10.280+0000] {spark_submit.py:634} INFO - 24/11/03 01:03:10 INFO SharedState: Warehouse path is 'file:/opt/***/spark-warehouse'.
[2024-11-03T01:03:10.841+0000] {spark_submit.py:634} INFO - 24/11/03 01:03:10 WARN FileStreamSink: Assume no metadata directory. Error while looking for metadata directory in the path: s3a://silverzone/kabum/kabum_2024-11-03/processador_k.parquet/*.
[2024-11-03T01:03:10.842+0000] {spark_submit.py:634} INFO - java.lang.RuntimeException: java.lang.ClassNotFoundException: Class org.apache.hadoop.fs.s3a.S3AFileSystem not found
[2024-11-03T01:03:10.842+0000] {spark_submit.py:634} INFO - at org.apache.hadoop.conf.Configuration.getClass(Configuration.java:2688)
[2024-11-03T01:03:10.843+0000] {spark_submit.py:634} INFO - at org.apache.hadoop.fs.FileSystem.getFileSystemClass(FileSystem.java:3431)
[2024-11-03T01:03:10.843+0000] {spark_submit.py:634} INFO - at org.apache.hadoop.fs.FileSystem.createFileSystem(FileSystem.java:3466)
[2024-11-03T01:03:10.844+0000] {spark_submit.py:634} INFO - at org.apache.hadoop.fs.FileSystem.access$300(FileSystem.java:174)
[2024-11-03T01:03:10.844+0000] {spark_submit.py:634} INFO - at org.apache.hadoop.fs.FileSystem$Cache.getInternal(FileSystem.java:3574)
[2024-11-03T01:03:10.844+0000] {spark_submit.py:634} INFO - at org.apache.hadoop.fs.FileSystem$Cache.get(FileSystem.java:3521)
[2024-11-03T01:03:10.845+0000] {spark_submit.py:634} INFO - at org.apache.hadoop.fs.FileSystem.get(FileSystem.java:540)
[2024-11-03T01:03:10.845+0000] {spark_submit.py:634} INFO - at org.apache.hadoop.fs.Path.getFileSystem(Path.java:365)
[2024-11-03T01:03:10.846+0000] {spark_submit.py:634} INFO - at org.apache.spark.sql.execution.streaming.FileStreamSink$.hasMetadata(FileStreamSink.scala:53)
[2024-11-03T01:03:10.846+0000] {spark_submit.py:634} INFO - at org.apache.spark.sql.execution.datasources.DataSource.resolveRelation(DataSource.scala:366)
[2024-11-03T01:03:10.846+0000] {spark_submit.py:634} INFO - at org.apache.spark.sql.DataFrameReader.loadV1Source(DataFrameReader.scala:229)
[2024-11-03T01:03:10.847+0000] {spark_submit.py:634} INFO - at org.apache.spark.sql.DataFrameReader.$anonfun$load$2(DataFrameReader.scala:211)
[2024-11-03T01:03:10.847+0000] {spark_submit.py:634} INFO - at scala.Option.getOrElse(Option.scala:189)
[2024-11-03T01:03:10.848+0000] {spark_submit.py:634} INFO - at org.apache.spark.sql.DataFrameReader.load(DataFrameReader.scala:211)
[2024-11-03T01:03:10.848+0000] {spark_submit.py:634} INFO - at org.apache.spark.sql.DataFrameReader.parquet(DataFrameReader.scala:563)
[2024-11-03T01:03:10.848+0000] {spark_submit.py:634} INFO - at java.base/jdk.internal.reflect.NativeMethodAccessorImpl.invoke0(Native Method)
[2024-11-03T01:03:10.849+0000] {spark_submit.py:634} INFO - at java.base/jdk.internal.reflect.NativeMethodAccessorImpl.invoke(NativeMethodAccessorImpl.java:77)
[2024-11-03T01:03:10.849+0000] {spark_submit.py:634} INFO - at java.base/jdk.internal.reflect.DelegatingMethodAccessorImpl.invoke(DelegatingMethodAccessorImpl.java:43)
[2024-11-03T01:03:10.850+0000] {spark_submit.py:634} INFO - at java.base/java.lang.reflect.Method.invoke(Method.java:569)
[2024-11-03T01:03:10.850+0000] {spark_submit.py:634} INFO - at py4j.reflection.MethodInvoker.invoke(MethodInvoker.java:244)
[2024-11-03T01:03:10.850+0000] {spark_submit.py:634} INFO - at py4j.reflection.ReflectionEngine.invoke(ReflectionEngine.java:374)
[2024-11-03T01:03:10.851+0000] {spark_submit.py:634} INFO - at py4j.Gateway.invoke(Gateway.java:282)
[2024-11-03T01:03:10.851+0000] {spark_submit.py:634} INFO - at py4j.commands.AbstractCommand.invokeMethod(AbstractCommand.java:132)
[2024-11-03T01:03:10.852+0000] {spark_submit.py:634} INFO - at py4j.commands.CallCommand.execute(CallCommand.java:79)
[2024-11-03T01:03:10.852+0000] {spark_submit.py:634} INFO - at py4j.ClientServerConnection.waitForCommands(ClientServerConnection.java:182)
[2024-11-03T01:03:10.852+0000] {spark_submit.py:634} INFO - at py4j.ClientServerConnection.run(ClientServerConnection.java:106)
[2024-11-03T01:03:10.853+0000] {spark_submit.py:634} INFO - at java.base/java.lang.Thread.run(Thread.java:840)
[2024-11-03T01:03:10.853+0000] {spark_submit.py:634} INFO - Caused by: java.lang.ClassNotFoundException: Class org.apache.hadoop.fs.s3a.S3AFileSystem not found
[2024-11-03T01:03:10.853+0000] {spark_submit.py:634} INFO - at org.apache.hadoop.conf.Configuration.getClassByName(Configuration.java:2592)
[2024-11-03T01:03:10.854+0000] {spark_submit.py:634} INFO - at org.apache.hadoop.conf.Configuration.getClass(Configuration.java:2686)
[2024-11-03T01:03:10.854+0000] {spark_submit.py:634} INFO - ... 26 more
[2024-11-03T01:03:10.886+0000] {spark_submit.py:634} INFO - Traceback (most recent call last):
[2024-11-03T01:03:10.887+0000] {spark_submit.py:634} INFO - File "/opt/bitnami/spark/src/scripts_spark/LoadFileToDB.py", line 78, in <module>
[2024-11-03T01:03:10.888+0000] {spark_submit.py:634} INFO - df_processador = spark.read.parquet(local_path)
[2024-11-03T01:03:10.889+0000] {spark_submit.py:634} INFO - ^^^^^^^^^^^^^^^^^^^^^^^^^^^^^^
[2024-11-03T01:03:10.889+0000] {spark_submit.py:634} INFO - File "/home/***/.local/lib/python3.12/site-packages/pyspark/python/lib/pyspark.zip/pyspark/sql/readwriter.py", line 544, in parquet
[2024-11-03T01:03:10.890+0000] {spark_submit.py:634} INFO - File "/home/***/.local/lib/python3.12/site-packages/pyspark/python/lib/py4j-0.10.9.7-src.zip/py4j/java_gateway.py", line 1322, in __call__
[2024-11-03T01:03:10.891+0000] {spark_submit.py:634} INFO - File "/home/***/.local/lib/python3.12/site-packages/pyspark/python/lib/pyspark.zip/pyspark/errors/exceptions/captured.py", line 179, in deco
[2024-11-03T01:03:10.892+0000] {spark_submit.py:634} INFO - File "/home/***/.local/lib/python3.12/site-packages/pyspark/python/lib/py4j-0.10.9.7-src.zip/py4j/protocol.py", line 326, in get_return_value
[2024-11-03T01:03:10.894+0000] {spark_submit.py:634} INFO - py4j.protocol.Py4JJavaError: An error occurred while calling o41.parquet.
[2024-11-03T01:03:10.894+0000] {spark_submit.py:634} INFO - : java.lang.RuntimeException: java.lang.ClassNotFoundException: Class org.apache.hadoop.fs.s3a.S3AFileSystem not found
[2024-11-03T01:03:10.894+0000] {spark_submit.py:634} INFO - at org.apache.hadoop.conf.Configuration.getClass(Configuration.java:2688)
[2024-11-03T01:03:10.895+0000] {spark_submit.py:634} INFO - at org.apache.hadoop.fs.FileSystem.getFileSystemClass(FileSystem.java:3431)
[2024-11-03T01:03:10.895+0000] {spark_submit.py:634} INFO - at org.apache.hadoop.fs.FileSystem.createFileSystem(FileSystem.java:3466)
[2024-11-03T01:03:10.895+0000] {spark_submit.py:634} INFO - at org.apache.hadoop.fs.FileSystem.access$300(FileSystem.java:174)
[2024-11-03T01:03:10.896+0000] {spark_submit.py:634} INFO - at org.apache.hadoop.fs.FileSystem$Cache.getInternal(FileSystem.java:3574)
[2024-11-03T01:03:10.896+0000] {spark_submit.py:634} INFO - at org.apache.hadoop.fs.FileSystem$Cache.get(FileSystem.java:3521)
[2024-11-03T01:03:10.896+0000] {spark_submit.py:634} INFO - at org.apache.hadoop.fs.FileSystem.get(FileSystem.java:540)
[2024-11-03T01:03:10.897+0000] {spark_submit.py:634} INFO - at org.apache.hadoop.fs.Path.getFileSystem(Path.java:365)
[2024-11-03T01:03:10.897+0000] {spark_submit.py:634} INFO - at org.apache.spark.sql.execution.datasources.DataSource$.$anonfun$checkAndGlobPathIfNecessary$1(DataSource.scala:724)
[2024-11-03T01:03:10.897+0000] {spark_submit.py:634} INFO - at scala.collection.immutable.List.map(List.scala:293)
[2024-11-03T01:03:10.898+0000] {spark_submit.py:634} INFO - at org.apache.spark.sql.execution.datasources.DataSource$.checkAndGlobPathIfNecessary(DataSource.scala:722)
[2024-11-03T01:03:10.898+0000] {spark_submit.py:634} INFO - at org.apache.spark.sql.execution.datasources.DataSource.checkAndGlobPathIfNecessary(DataSource.scala:551)
[2024-11-03T01:03:10.898+0000] {spark_submit.py:634} INFO - at org.apache.spark.sql.execution.datasources.DataSource.resolveRelation(DataSource.scala:404)
[2024-11-03T01:03:10.899+0000] {spark_submit.py:634} INFO - at org.apache.spark.sql.DataFrameReader.loadV1Source(DataFrameReader.scala:229)
[2024-11-03T01:03:10.899+0000] {spark_submit.py:634} INFO - at org.apache.spark.sql.DataFrameReader.$anonfun$load$2(DataFrameReader.scala:211)
[2024-11-03T01:03:10.899+0000] {spark_submit.py:634} INFO - at scala.Option.getOrElse(Option.scala:189)
[2024-11-03T01:03:10.900+0000] {spark_submit.py:634} INFO - at org.apache.spark.sql.DataFrameReader.load(DataFrameReader.scala:211)
[2024-11-03T01:03:10.900+0000] {spark_submit.py:634} INFO - at org.apache.spark.sql.DataFrameReader.parquet(DataFrameReader.scala:563)
[2024-11-03T01:03:10.900+0000] {spark_submit.py:634} INFO - at java.base/jdk.internal.reflect.NativeMethodAccessorImpl.invoke0(Native Method)
[2024-11-03T01:03:10.901+0000] {spark_submit.py:634} INFO - at java.base/jdk.internal.reflect.NativeMethodAccessorImpl.invoke(NativeMethodAccessorImpl.java:77)
[2024-11-03T01:03:10.901+0000] {spark_submit.py:634} INFO - at java.base/jdk.internal.reflect.DelegatingMethodAccessorImpl.invoke(DelegatingMethodAccessorImpl.java:43)
[2024-11-03T01:03:10.901+0000] {spark_submit.py:634} INFO - at java.base/java.lang.reflect.Method.invoke(Method.java:569)
[2024-11-03T01:03:10.902+0000] {spark_submit.py:634} INFO - at py4j.reflection.MethodInvoker.invoke(MethodInvoker.java:244)
[2024-11-03T01:03:10.902+0000] {spark_submit.py:634} INFO - at py4j.reflection.ReflectionEngine.invoke(ReflectionEngine.java:374)
[2024-11-03T01:03:10.902+0000] {spark_submit.py:634} INFO - at py4j.Gateway.invoke(Gateway.java:282)
[2024-11-03T01:03:10.903+0000] {spark_submit.py:634} INFO - at py4j.commands.AbstractCommand.invokeMethod(AbstractCommand.java:132)
[2024-11-03T01:03:10.903+0000] {spark_submit.py:634} INFO - at py4j.commands.CallCommand.execute(CallCommand.java:79)
[2024-11-03T01:03:10.903+0000] {spark_submit.py:634} INFO - at py4j.ClientServerConnection.waitForCommands(ClientServerConnection.java:182)
[2024-11-03T01:03:10.904+0000] {spark_submit.py:634} INFO - at py4j.ClientServerConnection.run(ClientServerConnection.java:106)
[2024-11-03T01:03:10.904+0000] {spark_submit.py:634} INFO - at java.base/java.lang.Thread.run(Thread.java:840)
[2024-11-03T01:03:10.904+0000] {spark_submit.py:634} INFO - Caused by: java.lang.ClassNotFoundException: Class org.apache.hadoop.fs.s3a.S3AFileSystem not found
[2024-11-03T01:03:10.905+0000] {spark_submit.py:634} INFO - at org.apache.hadoop.conf.Configuration.getClassByName(Configuration.java:2592)
[2024-11-03T01:03:10.905+0000] {spark_submit.py:634} INFO - at org.apache.hadoop.conf.Configuration.getClass(Configuration.java:2686)
[2024-11-03T01:03:10.905+0000] {spark_submit.py:634} INFO - ... 29 more
[2024-11-03T01:03:10.906+0000] {spark_submit.py:634} INFO - 
[2024-11-03T01:03:10.906+0000] {spark_submit.py:634} INFO - [2024-11-03T01:03:10.894+0000] {clientserver.py:543} INFO - Closing down clientserver connection
[2024-11-03T01:03:11.122+0000] {spark_submit.py:634} INFO - 24/11/03 01:03:11 INFO SparkContext: Invoking stop() from shutdown hook
[2024-11-03T01:03:11.124+0000] {spark_submit.py:634} INFO - 24/11/03 01:03:11 INFO SparkContext: SparkContext is stopping with exitCode 0.
[2024-11-03T01:03:11.131+0000] {spark_submit.py:634} INFO - 24/11/03 01:03:11 INFO SparkUI: Stopped Spark web UI at http://c9f99735a600:4040
[2024-11-03T01:03:11.140+0000] {spark_submit.py:634} INFO - 24/11/03 01:03:11 INFO MapOutputTrackerMasterEndpoint: MapOutputTrackerMasterEndpoint stopped!
[2024-11-03T01:03:11.148+0000] {spark_submit.py:634} INFO - 24/11/03 01:03:11 INFO MemoryStore: MemoryStore cleared
[2024-11-03T01:03:11.149+0000] {spark_submit.py:634} INFO - 24/11/03 01:03:11 INFO BlockManager: BlockManager stopped
[2024-11-03T01:03:11.154+0000] {spark_submit.py:634} INFO - 24/11/03 01:03:11 INFO BlockManagerMaster: BlockManagerMaster stopped
[2024-11-03T01:03:11.156+0000] {spark_submit.py:634} INFO - 24/11/03 01:03:11 INFO OutputCommitCoordinator$OutputCommitCoordinatorEndpoint: OutputCommitCoordinator stopped!
[2024-11-03T01:03:11.162+0000] {spark_submit.py:634} INFO - 24/11/03 01:03:11 INFO SparkContext: Successfully stopped SparkContext
[2024-11-03T01:03:11.162+0000] {spark_submit.py:634} INFO - 24/11/03 01:03:11 INFO ShutdownHookManager: Shutdown hook called
[2024-11-03T01:03:11.163+0000] {spark_submit.py:634} INFO - 24/11/03 01:03:11 INFO ShutdownHookManager: Deleting directory /tmp/spark-fc10e1df-891e-4355-8abc-6f2d7705d574
[2024-11-03T01:03:11.166+0000] {spark_submit.py:634} INFO - 24/11/03 01:03:11 INFO ShutdownHookManager: Deleting directory /tmp/spark-2b3a2299-0df7-4b4f-856f-81252f4b3e33/pyspark-cbcf3c10-20a3-4044-af22-26b2a6048a8a
[2024-11-03T01:03:11.169+0000] {spark_submit.py:634} INFO - 24/11/03 01:03:11 INFO ShutdownHookManager: Deleting directory /tmp/spark-2b3a2299-0df7-4b4f-856f-81252f4b3e33
[2024-11-03T01:03:11.200+0000] {taskinstance.py:3310} ERROR - Task failed with exception
Traceback (most recent call last):
  File "/home/airflow/.local/lib/python3.12/site-packages/airflow/models/taskinstance.py", line 767, in _execute_task
    result = _execute_callable(context=context, **execute_callable_kwargs)
             ^^^^^^^^^^^^^^^^^^^^^^^^^^^^^^^^^^^^^^^^^^^^^^^^^^^^^^^^^^^^^
  File "/home/airflow/.local/lib/python3.12/site-packages/airflow/models/taskinstance.py", line 733, in _execute_callable
    return ExecutionCallableRunner(
           ^^^^^^^^^^^^^^^^^^^^^^^^
  File "/home/airflow/.local/lib/python3.12/site-packages/airflow/utils/operator_helpers.py", line 252, in run
    return self.func(*args, **kwargs)
           ^^^^^^^^^^^^^^^^^^^^^^^^^^
  File "/home/airflow/.local/lib/python3.12/site-packages/airflow/models/baseoperator.py", line 406, in wrapper
    return func(self, *args, **kwargs)
           ^^^^^^^^^^^^^^^^^^^^^^^^^^^
  File "/home/airflow/.local/lib/python3.12/site-packages/airflow/providers/apache/spark/operators/spark_submit.py", line 176, in execute
    self._hook.submit(self.application)
  File "/home/airflow/.local/lib/python3.12/site-packages/airflow/providers/apache/spark/hooks/spark_submit.py", line 560, in submit
    raise AirflowException(
airflow.exceptions.AirflowException: Cannot execute: spark-submit --master spark://spark:7077 --driver-class-path /opt/***/jars/postgresql-42.5.0.jar --jars /opt/***/jars/postgresql-42.5.0.jar --packages org.postgresql:postgresql:42.5.0 --name arrow-spark --deploy-mode client /opt/bitnami/spark/src/scripts_spark/LoadFileToDB.py. Error code is: 1.
[2024-11-03T01:03:11.204+0000] {taskinstance.py:1225} INFO - Marking task as FAILED. dag_id=LoadWebScraping, task_id=insert, run_id=manual__2024-11-03T01:03:00.110016+00:00, execution_date=20241103T010300, start_date=20241103T010304, end_date=20241103T010311
[2024-11-03T01:03:11.216+0000] {taskinstance.py:340} INFO - ::group::Post task execution logs
[2024-11-03T01:03:11.217+0000] {standard_task_runner.py:124} ERROR - Failed to execute job 236 for task insert (Cannot execute: spark-submit --master spark://spark:7077 --driver-class-path /opt/***/jars/postgresql-42.5.0.jar --jars /opt/***/jars/postgresql-42.5.0.jar --packages org.postgresql:postgresql:42.5.0 --name arrow-spark --deploy-mode client /opt/bitnami/spark/src/scripts_spark/LoadFileToDB.py. Error code is: 1.; 387)
Traceback (most recent call last):
  File "/home/airflow/.local/lib/python3.12/site-packages/airflow/task/task_runner/standard_task_runner.py", line 117, in _start_by_fork
    ret = args.func(args, dag=self.dag)
          ^^^^^^^^^^^^^^^^^^^^^^^^^^^^^
  File "/home/airflow/.local/lib/python3.12/site-packages/airflow/cli/cli_config.py", line 49, in command
    return func(*args, **kwargs)
           ^^^^^^^^^^^^^^^^^^^^^
  File "/home/airflow/.local/lib/python3.12/site-packages/airflow/utils/cli.py", line 115, in wrapper
    return f(*args, **kwargs)
           ^^^^^^^^^^^^^^^^^^
  File "/home/airflow/.local/lib/python3.12/site-packages/airflow/cli/commands/task_command.py", line 483, in task_run
    task_return_code = _run_task_by_selected_method(args, _dag, ti)
                       ^^^^^^^^^^^^^^^^^^^^^^^^^^^^^^^^^^^^^^^^^^^^
  File "/home/airflow/.local/lib/python3.12/site-packages/airflow/cli/commands/task_command.py", line 256, in _run_task_by_selected_method
    return _run_raw_task(args, ti)
           ^^^^^^^^^^^^^^^^^^^^^^^
  File "/home/airflow/.local/lib/python3.12/site-packages/airflow/cli/commands/task_command.py", line 341, in _run_raw_task
    return ti._run_raw_task(
           ^^^^^^^^^^^^^^^^^
  File "/home/airflow/.local/lib/python3.12/site-packages/airflow/utils/session.py", line 97, in wrapper
    return func(*args, session=session, **kwargs)
           ^^^^^^^^^^^^^^^^^^^^^^^^^^^^^^^^^^^^^^
  File "/home/airflow/.local/lib/python3.12/site-packages/airflow/models/taskinstance.py", line 3004, in _run_raw_task
    return _run_raw_task(
           ^^^^^^^^^^^^^^
  File "/home/airflow/.local/lib/python3.12/site-packages/airflow/models/taskinstance.py", line 273, in _run_raw_task
    TaskInstance._execute_task_with_callbacks(
  File "/home/airflow/.local/lib/python3.12/site-packages/airflow/models/taskinstance.py", line 3158, in _execute_task_with_callbacks
    result = self._execute_task(context, task_orig)
             ^^^^^^^^^^^^^^^^^^^^^^^^^^^^^^^^^^^^^^
  File "/home/airflow/.local/lib/python3.12/site-packages/airflow/models/taskinstance.py", line 3182, in _execute_task
    return _execute_task(self, context, task_orig)
           ^^^^^^^^^^^^^^^^^^^^^^^^^^^^^^^^^^^^^^^
  File "/home/airflow/.local/lib/python3.12/site-packages/airflow/models/taskinstance.py", line 767, in _execute_task
    result = _execute_callable(context=context, **execute_callable_kwargs)
             ^^^^^^^^^^^^^^^^^^^^^^^^^^^^^^^^^^^^^^^^^^^^^^^^^^^^^^^^^^^^^
  File "/home/airflow/.local/lib/python3.12/site-packages/airflow/models/taskinstance.py", line 733, in _execute_callable
    return ExecutionCallableRunner(
           ^^^^^^^^^^^^^^^^^^^^^^^^
  File "/home/airflow/.local/lib/python3.12/site-packages/airflow/utils/operator_helpers.py", line 252, in run
    return self.func(*args, **kwargs)
           ^^^^^^^^^^^^^^^^^^^^^^^^^^
  File "/home/airflow/.local/lib/python3.12/site-packages/airflow/models/baseoperator.py", line 406, in wrapper
    return func(self, *args, **kwargs)
           ^^^^^^^^^^^^^^^^^^^^^^^^^^^
  File "/home/airflow/.local/lib/python3.12/site-packages/airflow/providers/apache/spark/operators/spark_submit.py", line 176, in execute
    self._hook.submit(self.application)
  File "/home/airflow/.local/lib/python3.12/site-packages/airflow/providers/apache/spark/hooks/spark_submit.py", line 560, in submit
    raise AirflowException(
airflow.exceptions.AirflowException: Cannot execute: spark-submit --master spark://spark:7077 --driver-class-path /opt/***/jars/postgresql-42.5.0.jar --jars /opt/***/jars/postgresql-42.5.0.jar --packages org.postgresql:postgresql:42.5.0 --name arrow-spark --deploy-mode client /opt/bitnami/spark/src/scripts_spark/LoadFileToDB.py. Error code is: 1.
[2024-11-03T01:03:11.245+0000] {local_task_job_runner.py:266} INFO - Task exited with return code 1
[2024-11-03T01:03:11.262+0000] {taskinstance.py:3900} INFO - 0 downstream tasks scheduled from follow-on schedule check
[2024-11-03T01:03:11.267+0000] {local_task_job_runner.py:245} INFO - ::endgroup::
