[2024-09-01T18:25:45.196+0000] {taskinstance.py:1957} INFO - Dependencies all met for dep_context=non-requeueable deps ti=<TaskInstance: ApiExec.save_data_task manual__2024-09-01T15:01:44.142003+00:00 [queued]>
[2024-09-01T18:25:45.204+0000] {taskinstance.py:1957} INFO - Dependencies all met for dep_context=requeueable deps ti=<TaskInstance: ApiExec.save_data_task manual__2024-09-01T15:01:44.142003+00:00 [queued]>
[2024-09-01T18:25:45.205+0000] {taskinstance.py:2171} INFO - Starting attempt 2 of 2
[2024-09-01T18:25:45.220+0000] {taskinstance.py:2192} INFO - Executing <Task(PythonOperator): save_data_task> on 2024-09-01 15:01:44.142003+00:00
[2024-09-01T18:25:45.225+0000] {standard_task_runner.py:60} INFO - Started process 2288 to run task
[2024-09-01T18:25:45.228+0000] {standard_task_runner.py:87} INFO - Running: ['***', 'tasks', 'run', 'ApiExec', 'save_data_task', 'manual__2024-09-01T15:01:44.142003+00:00', '--job-id', '309', '--raw', '--subdir', 'DAGS_FOLDER/ApiExecDag.py', '--cfg-path', '/tmp/tmpgfw6alw5']
[2024-09-01T18:25:45.232+0000] {standard_task_runner.py:88} INFO - Job 309: Subtask save_data_task
[2024-09-01T18:25:45.275+0000] {task_command.py:423} INFO - Running <TaskInstance: ApiExec.save_data_task manual__2024-09-01T15:01:44.142003+00:00 [running]> on host 5057ef2b5bb4
[2024-09-01T18:25:45.357+0000] {taskinstance.py:2481} INFO - Exporting env vars: AIRFLOW_CTX_DAG_OWNER='***' AIRFLOW_CTX_DAG_ID='ApiExec' AIRFLOW_CTX_TASK_ID='save_data_task' AIRFLOW_CTX_EXECUTION_DATE='2024-09-01T15:01:44.142003+00:00' AIRFLOW_CTX_TRY_NUMBER='2' AIRFLOW_CTX_DAG_RUN_ID='manual__2024-09-01T15:01:44.142003+00:00'
[2024-09-01T18:25:45.361+0000] {taskinstance.py:2699} ERROR - Task failed with exception
Traceback (most recent call last):
  File "/home/airflow/.local/lib/python3.8/site-packages/airflow/models/taskinstance.py", line 433, in _execute_task
    result = execute_callable(context=context, **execute_callable_kwargs)
  File "/home/airflow/.local/lib/python3.8/site-packages/airflow/operators/python.py", line 199, in execute
    return_value = self.execute_callable()
  File "/home/airflow/.local/lib/python3.8/site-packages/airflow/operators/python.py", line 216, in execute_callable
    return self.python_callable(*self.op_args, **self.op_kwargs)
TypeError: save_data() missing 1 required positional argument: 'to'
[2024-09-01T18:25:45.463+0000] {taskinstance.py:1138} INFO - Marking task as FAILED. dag_id=ApiExec, task_id=save_data_task, execution_date=20240901T150144, start_date=20240901T182545, end_date=20240901T182545
[2024-09-01T18:25:45.482+0000] {standard_task_runner.py:107} ERROR - Failed to execute job 309 for task save_data_task (save_data() missing 1 required positional argument: 'to'; 2288)
[2024-09-01T18:25:45.521+0000] {local_task_job_runner.py:234} INFO - Task exited with return code 1
[2024-09-01T18:25:45.537+0000] {taskinstance.py:3281} INFO - 0 downstream tasks scheduled from follow-on schedule check
