[2024-10-17T20:11:57.591+0000] {local_task_job_runner.py:123} INFO - ::group::Pre task execution logs
[2024-10-17T20:11:57.607+0000] {taskinstance.py:2612} INFO - Dependencies all met for dep_context=non-requeueable deps ti=<TaskInstance: LoadWebScraping.spark_job manual__2024-10-17T20:11:55.907912+00:00 [queued]>
[2024-10-17T20:11:57.615+0000] {taskinstance.py:2612} INFO - Dependencies all met for dep_context=requeueable deps ti=<TaskInstance: LoadWebScraping.spark_job manual__2024-10-17T20:11:55.907912+00:00 [queued]>
[2024-10-17T20:11:57.616+0000] {taskinstance.py:2865} INFO - Starting attempt 1 of 1
[2024-10-17T20:11:57.629+0000] {taskinstance.py:2888} INFO - Executing <Task(SparkSubmitOperator): spark_job> on 2024-10-17 20:11:55.907912+00:00
[2024-10-17T20:11:57.634+0000] {warnings.py:112} WARNING - /home/***/.local/lib/python3.12/site-packages/***/task/task_runner/standard_task_runner.py:70: DeprecationWarning: This process (pid=7139) is multi-threaded, use of fork() may lead to deadlocks in the child.
  pid = os.fork()

[2024-10-17T20:11:57.636+0000] {standard_task_runner.py:72} INFO - Started process 7143 to run task
[2024-10-17T20:11:57.636+0000] {standard_task_runner.py:104} INFO - Running: ['***', 'tasks', 'run', 'LoadWebScraping', 'spark_job', 'manual__2024-10-17T20:11:55.907912+00:00', '--job-id', '150', '--raw', '--subdir', 'DAGS_FOLDER/LoadWebScraping.py', '--cfg-path', '/tmp/tmp_mu78ruq']
[2024-10-17T20:11:57.639+0000] {standard_task_runner.py:105} INFO - Job 150: Subtask spark_job
[2024-10-17T20:11:57.838+0000] {task_command.py:467} INFO - Running <TaskInstance: LoadWebScraping.spark_job manual__2024-10-17T20:11:55.907912+00:00 [running]> on host cc66b6895e01
[2024-10-17T20:11:58.234+0000] {taskinstance.py:3131} INFO - Exporting env vars: AIRFLOW_CTX_DAG_OWNER='***' AIRFLOW_CTX_DAG_ID='LoadWebScraping' AIRFLOW_CTX_TASK_ID='spark_job' AIRFLOW_CTX_EXECUTION_DATE='2024-10-17T20:11:55.907912+00:00' AIRFLOW_CTX_TRY_NUMBER='1' AIRFLOW_CTX_DAG_RUN_ID='manual__2024-10-17T20:11:55.907912+00:00'
[2024-10-17T20:11:58.237+0000] {taskinstance.py:731} INFO - ::endgroup::
[2024-10-17T20:11:58.298+0000] {spark_submit.py:304} INFO - Could not load connection string spark_default, defaulting to yarn
[2024-10-17T20:11:58.303+0000] {spark_submit.py:473} INFO - Spark-Submit cmd: spark-submit --master yarn --driver-class-path /opt/***/jars/postgresql-42.5.0.jar --jars /opt/***/jars/postgresql-42.5.0.jar --packages org.postgresql:postgresql:42.5.0 --name arrow-spark /opt/bitnami/spark/src/scripts_spark/LoadFileToDB.py
[2024-10-17T20:12:00.064+0000] {spark_submit.py:634} INFO - :: loading settings :: url = jar:file:/home/***/.local/lib/python3.12/site-packages/pyspark/jars/ivy-2.5.1.jar!/org/apache/ivy/core/settings/ivysettings.xml
[2024-10-17T20:12:00.155+0000] {spark_submit.py:634} INFO - Ivy Default Cache set to: /home/***/.ivy2/cache
[2024-10-17T20:12:00.177+0000] {spark_submit.py:634} INFO - The jars for the packages stored in: /home/***/.ivy2/jars
[2024-10-17T20:12:00.183+0000] {spark_submit.py:634} INFO - org.postgresql#postgresql added as a dependency
[2024-10-17T20:12:00.185+0000] {spark_submit.py:634} INFO - :: resolving dependencies :: org.apache.spark#spark-submit-parent-6942e0cf-cedc-44e7-a2d3-4df47fb3c4ae;1.0
[2024-10-17T20:12:00.185+0000] {spark_submit.py:634} INFO - confs: [default]
[2024-10-17T20:12:00.269+0000] {spark_submit.py:634} INFO - found org.postgresql#postgresql;42.5.0 in central
[2024-10-17T20:12:00.284+0000] {spark_submit.py:634} INFO - found org.checkerframework#checker-qual;3.5.0 in central
[2024-10-17T20:12:00.296+0000] {spark_submit.py:634} INFO - :: resolution report :: resolve 107ms :: artifacts dl 4ms
[2024-10-17T20:12:00.296+0000] {spark_submit.py:634} INFO - :: modules in use:
[2024-10-17T20:12:00.297+0000] {spark_submit.py:634} INFO - org.checkerframework#checker-qual;3.5.0 from central in [default]
[2024-10-17T20:12:00.297+0000] {spark_submit.py:634} INFO - org.postgresql#postgresql;42.5.0 from central in [default]
[2024-10-17T20:12:00.298+0000] {spark_submit.py:634} INFO - ---------------------------------------------------------------------
[2024-10-17T20:12:00.298+0000] {spark_submit.py:634} INFO - |                  |            modules            ||   artifacts   |
[2024-10-17T20:12:00.299+0000] {spark_submit.py:634} INFO - |       conf       | number| search|dwnlded|evicted|| number|dwnlded|
[2024-10-17T20:12:00.299+0000] {spark_submit.py:634} INFO - ---------------------------------------------------------------------
[2024-10-17T20:12:00.300+0000] {spark_submit.py:634} INFO - |      default     |   2   |   0   |   0   |   0   ||   2   |   0   |
[2024-10-17T20:12:00.300+0000] {spark_submit.py:634} INFO - ---------------------------------------------------------------------
[2024-10-17T20:12:00.300+0000] {spark_submit.py:634} INFO - :: retrieving :: org.apache.spark#spark-submit-parent-6942e0cf-cedc-44e7-a2d3-4df47fb3c4ae
[2024-10-17T20:12:00.301+0000] {spark_submit.py:634} INFO - confs: [default]
[2024-10-17T20:12:00.302+0000] {spark_submit.py:634} INFO - 0 artifacts copied, 2 already retrieved (0kB/3ms)
[2024-10-17T20:12:00.447+0000] {spark_submit.py:634} INFO - 24/10/17 20:12:00 WARN NativeCodeLoader: Unable to load native-hadoop library for your platform... using builtin-java classes where applicable
[2024-10-17T20:12:01.856+0000] {spark_submit.py:634} INFO - 24/10/17 20:12:01 INFO SparkContext: Running Spark version 3.5.2
[2024-10-17T20:12:01.857+0000] {spark_submit.py:634} INFO - 24/10/17 20:12:01 INFO SparkContext: OS info Linux, 5.15.153.1-microsoft-standard-WSL2, amd64
[2024-10-17T20:12:01.858+0000] {spark_submit.py:634} INFO - 24/10/17 20:12:01 INFO SparkContext: Java version 17.0.12
[2024-10-17T20:12:01.883+0000] {spark_submit.py:634} INFO - 24/10/17 20:12:01 INFO ResourceUtils: ==============================================================
[2024-10-17T20:12:01.884+0000] {spark_submit.py:634} INFO - 24/10/17 20:12:01 INFO ResourceUtils: No custom resources configured for spark.driver.
[2024-10-17T20:12:01.886+0000] {spark_submit.py:634} INFO - 24/10/17 20:12:01 INFO ResourceUtils: ==============================================================
[2024-10-17T20:12:01.887+0000] {spark_submit.py:634} INFO - 24/10/17 20:12:01 INFO SparkContext: Submitted application: Exemplo
[2024-10-17T20:12:01.914+0000] {spark_submit.py:634} INFO - 24/10/17 20:12:01 INFO ResourceProfile: Default ResourceProfile created, executor resources: Map(cores -> name: cores, amount: 1, script: , vendor: , memory -> name: memory, amount: 1024, script: , vendor: , offHeap -> name: offHeap, amount: 0, script: , vendor: ), task resources: Map(cpus -> name: cpus, amount: 1.0)
[2024-10-17T20:12:01.926+0000] {spark_submit.py:634} INFO - 24/10/17 20:12:01 INFO ResourceProfile: Limiting resource is cpu
[2024-10-17T20:12:01.926+0000] {spark_submit.py:634} INFO - 24/10/17 20:12:01 INFO ResourceProfileManager: Added ResourceProfile id: 0
[2024-10-17T20:12:01.992+0000] {spark_submit.py:634} INFO - 24/10/17 20:12:01 INFO SecurityManager: Changing view acls to: ***
[2024-10-17T20:12:01.993+0000] {spark_submit.py:634} INFO - 24/10/17 20:12:01 INFO SecurityManager: Changing modify acls to: ***
[2024-10-17T20:12:01.993+0000] {spark_submit.py:634} INFO - 24/10/17 20:12:01 INFO SecurityManager: Changing view acls groups to:
[2024-10-17T20:12:01.994+0000] {spark_submit.py:634} INFO - 24/10/17 20:12:01 INFO SecurityManager: Changing modify acls groups to:
[2024-10-17T20:12:01.994+0000] {spark_submit.py:634} INFO - 24/10/17 20:12:01 INFO SecurityManager: SecurityManager: authentication disabled; ui acls disabled; users with view permissions: ***; groups with view permissions: EMPTY; users with modify permissions: ***; groups with modify permissions: EMPTY
[2024-10-17T20:12:02.194+0000] {spark_submit.py:634} INFO - 24/10/17 20:12:02 INFO Utils: Successfully started service 'sparkDriver' on port 35297.
[2024-10-17T20:12:02.223+0000] {spark_submit.py:634} INFO - 24/10/17 20:12:02 INFO SparkEnv: Registering MapOutputTracker
[2024-10-17T20:12:02.250+0000] {spark_submit.py:634} INFO - 24/10/17 20:12:02 INFO SparkEnv: Registering BlockManagerMaster
[2024-10-17T20:12:02.274+0000] {spark_submit.py:634} INFO - 24/10/17 20:12:02 INFO BlockManagerMasterEndpoint: Using org.apache.spark.storage.DefaultTopologyMapper for getting topology information
[2024-10-17T20:12:02.274+0000] {spark_submit.py:634} INFO - 24/10/17 20:12:02 INFO BlockManagerMasterEndpoint: BlockManagerMasterEndpoint up
[2024-10-17T20:12:02.278+0000] {spark_submit.py:634} INFO - 24/10/17 20:12:02 INFO SparkEnv: Registering BlockManagerMasterHeartbeat
[2024-10-17T20:12:02.306+0000] {spark_submit.py:634} INFO - 24/10/17 20:12:02 INFO DiskBlockManager: Created local directory at /tmp/blockmgr-ba30cbc8-50fe-4a7c-8c8a-76df15f1d7e0
[2024-10-17T20:12:02.318+0000] {spark_submit.py:634} INFO - 24/10/17 20:12:02 INFO MemoryStore: MemoryStore started with capacity 434.4 MiB
[2024-10-17T20:12:02.332+0000] {spark_submit.py:634} INFO - 24/10/17 20:12:02 INFO SparkEnv: Registering OutputCommitCoordinator
[2024-10-17T20:12:02.427+0000] {spark_submit.py:634} INFO - 24/10/17 20:12:02 INFO JettyUtils: Start Jetty 0.0.0.0:4040 for SparkUI
[2024-10-17T20:12:02.475+0000] {spark_submit.py:634} INFO - 24/10/17 20:12:02 INFO Utils: Successfully started service 'SparkUI' on port 4040.
[2024-10-17T20:12:02.505+0000] {spark_submit.py:634} INFO - 24/10/17 20:12:02 INFO SparkContext: Added JAR /opt/bitnami/spark/jars/postgresql-42.5.0.jar at spark://cc66b6895e01:35297/jars/postgresql-42.5.0.jar with timestamp 1729195921849
[2024-10-17T20:12:02.550+0000] {spark_submit.py:634} INFO - 24/10/17 20:12:02 INFO Executor: Starting executor ID driver on host cc66b6895e01
[2024-10-17T20:12:02.550+0000] {spark_submit.py:634} INFO - 24/10/17 20:12:02 INFO Executor: OS info Linux, 5.15.153.1-microsoft-standard-WSL2, amd64
[2024-10-17T20:12:02.551+0000] {spark_submit.py:634} INFO - 24/10/17 20:12:02 INFO Executor: Java version 17.0.12
[2024-10-17T20:12:02.555+0000] {spark_submit.py:634} INFO - 24/10/17 20:12:02 INFO Executor: Starting executor with user classpath (userClassPathFirst = false): ''
[2024-10-17T20:12:02.556+0000] {spark_submit.py:634} INFO - 24/10/17 20:12:02 INFO Executor: Created or updated repl class loader org.apache.spark.util.MutableURLClassLoader@713b962f for default.
[2024-10-17T20:12:02.565+0000] {spark_submit.py:634} INFO - 24/10/17 20:12:02 INFO Executor: Fetching spark://cc66b6895e01:35297/jars/postgresql-42.5.0.jar with timestamp 1729195921849
[2024-10-17T20:12:02.600+0000] {spark_submit.py:634} INFO - 24/10/17 20:12:02 INFO TransportClientFactory: Successfully created connection to cc66b6895e01/172.18.0.4:35297 after 18 ms (0 ms spent in bootstraps)
[2024-10-17T20:12:02.605+0000] {spark_submit.py:634} INFO - 24/10/17 20:12:02 INFO Utils: Fetching spark://cc66b6895e01:35297/jars/postgresql-42.5.0.jar to /tmp/spark-a79ee686-0550-4001-a3a2-3cb1224a301b/userFiles-574a4d46-75a0-44c7-ae5a-8aea58aab727/fetchFileTemp15878622832819563091.tmp
[2024-10-17T20:12:02.630+0000] {spark_submit.py:634} INFO - 24/10/17 20:12:02 INFO Executor: Adding file:/tmp/spark-a79ee686-0550-4001-a3a2-3cb1224a301b/userFiles-574a4d46-75a0-44c7-ae5a-8aea58aab727/postgresql-42.5.0.jar to class loader default
[2024-10-17T20:12:02.637+0000] {spark_submit.py:634} INFO - 24/10/17 20:12:02 INFO Utils: Successfully started service 'org.apache.spark.network.netty.NettyBlockTransferService' on port 41193.
[2024-10-17T20:12:02.637+0000] {spark_submit.py:634} INFO - 24/10/17 20:12:02 INFO NettyBlockTransferService: Server created on cc66b6895e01:41193
[2024-10-17T20:12:02.639+0000] {spark_submit.py:634} INFO - 24/10/17 20:12:02 INFO BlockManager: Using org.apache.spark.storage.RandomBlockReplicationPolicy for block replication policy
[2024-10-17T20:12:02.644+0000] {spark_submit.py:634} INFO - 24/10/17 20:12:02 INFO BlockManagerMaster: Registering BlockManager BlockManagerId(driver, cc66b6895e01, 41193, None)
[2024-10-17T20:12:02.647+0000] {spark_submit.py:634} INFO - 24/10/17 20:12:02 INFO BlockManagerMasterEndpoint: Registering block manager cc66b6895e01:41193 with 434.4 MiB RAM, BlockManagerId(driver, cc66b6895e01, 41193, None)
[2024-10-17T20:12:02.649+0000] {spark_submit.py:634} INFO - 24/10/17 20:12:02 INFO BlockManagerMaster: Registered BlockManager BlockManagerId(driver, cc66b6895e01, 41193, None)
[2024-10-17T20:12:02.650+0000] {spark_submit.py:634} INFO - 24/10/17 20:12:02 INFO BlockManager: Initialized BlockManager: BlockManagerId(driver, cc66b6895e01, 41193, None)
[2024-10-17T20:12:02.928+0000] {spark_submit.py:634} INFO - 24/10/17 20:12:02 INFO SharedState: Setting hive.metastore.warehouse.dir ('null') to the value of spark.sql.warehouse.dir.
[2024-10-17T20:12:02.930+0000] {spark_submit.py:634} INFO - 24/10/17 20:12:02 INFO SharedState: Warehouse path is 'file:/opt/***/spark-warehouse'.
[2024-10-17T20:12:03.943+0000] {spark_submit.py:634} INFO - Traceback (most recent call last):
[2024-10-17T20:12:03.944+0000] {spark_submit.py:634} INFO - File "/opt/bitnami/spark/src/scripts_spark/LoadFileToDB.py", line 90, in <module>
[2024-10-17T20:12:03.945+0000] {spark_submit.py:634} INFO - placa_video = spark.read.parquet('/opt/***/datalake/silverzone/*/placa_video.parquet')
[2024-10-17T20:12:03.946+0000] {spark_submit.py:634} INFO - ^^^^^^^^^^^^^^^^^^^^^^^^^^^^^^^^^^^^^^^^^^^^^^^^^^^^^^^^^^^^^^^^^^^^^^^^^^^^
[2024-10-17T20:12:03.946+0000] {spark_submit.py:634} INFO - File "/home/***/.local/lib/python3.12/site-packages/pyspark/python/lib/pyspark.zip/pyspark/sql/readwriter.py", line 544, in parquet
[2024-10-17T20:12:03.946+0000] {spark_submit.py:634} INFO - File "/home/***/.local/lib/python3.12/site-packages/pyspark/python/lib/py4j-0.10.9.7-src.zip/py4j/java_gateway.py", line 1322, in __call__
[2024-10-17T20:12:03.947+0000] {spark_submit.py:634} INFO - File "/home/***/.local/lib/python3.12/site-packages/pyspark/python/lib/pyspark.zip/pyspark/errors/exceptions/captured.py", line 185, in deco
[2024-10-17T20:12:03.954+0000] {spark_submit.py:634} INFO - pyspark.errors.exceptions.captured.AnalysisException: [PATH_NOT_FOUND] Path does not exist: file:/opt/***/datalake/silverzone/*/placa_video.parquet.
[2024-10-17T20:12:04.004+0000] {spark_submit.py:634} INFO - 24/10/17 20:12:04 INFO SparkContext: Invoking stop() from shutdown hook
[2024-10-17T20:12:04.005+0000] {spark_submit.py:634} INFO - 24/10/17 20:12:04 INFO SparkContext: SparkContext is stopping with exitCode 0.
[2024-10-17T20:12:04.013+0000] {spark_submit.py:634} INFO - 24/10/17 20:12:04 INFO SparkUI: Stopped Spark web UI at http://cc66b6895e01:4040
[2024-10-17T20:12:04.025+0000] {spark_submit.py:634} INFO - 24/10/17 20:12:04 INFO MapOutputTrackerMasterEndpoint: MapOutputTrackerMasterEndpoint stopped!
[2024-10-17T20:12:04.036+0000] {spark_submit.py:634} INFO - 24/10/17 20:12:04 INFO MemoryStore: MemoryStore cleared
[2024-10-17T20:12:04.036+0000] {spark_submit.py:634} INFO - 24/10/17 20:12:04 INFO BlockManager: BlockManager stopped
[2024-10-17T20:12:04.042+0000] {spark_submit.py:634} INFO - 24/10/17 20:12:04 INFO BlockManagerMaster: BlockManagerMaster stopped
[2024-10-17T20:12:04.045+0000] {spark_submit.py:634} INFO - 24/10/17 20:12:04 INFO OutputCommitCoordinator$OutputCommitCoordinatorEndpoint: OutputCommitCoordinator stopped!
[2024-10-17T20:12:04.052+0000] {spark_submit.py:634} INFO - 24/10/17 20:12:04 INFO SparkContext: Successfully stopped SparkContext
[2024-10-17T20:12:04.054+0000] {spark_submit.py:634} INFO - 24/10/17 20:12:04 INFO ShutdownHookManager: Shutdown hook called
[2024-10-17T20:12:04.055+0000] {spark_submit.py:634} INFO - 24/10/17 20:12:04 INFO ShutdownHookManager: Deleting directory /tmp/spark-a79ee686-0550-4001-a3a2-3cb1224a301b
[2024-10-17T20:12:04.060+0000] {spark_submit.py:634} INFO - 24/10/17 20:12:04 INFO ShutdownHookManager: Deleting directory /tmp/spark-6af9fc7a-a828-48f1-8940-ac5a890b093d
[2024-10-17T20:12:04.064+0000] {spark_submit.py:634} INFO - 24/10/17 20:12:04 INFO ShutdownHookManager: Deleting directory /tmp/spark-a79ee686-0550-4001-a3a2-3cb1224a301b/pyspark-7d9d50ef-bb7b-42f4-b103-5124ee566270
[2024-10-17T20:12:04.106+0000] {taskinstance.py:3310} ERROR - Task failed with exception
Traceback (most recent call last):
  File "/home/airflow/.local/lib/python3.12/site-packages/airflow/models/taskinstance.py", line 767, in _execute_task
    result = _execute_callable(context=context, **execute_callable_kwargs)
             ^^^^^^^^^^^^^^^^^^^^^^^^^^^^^^^^^^^^^^^^^^^^^^^^^^^^^^^^^^^^^
  File "/home/airflow/.local/lib/python3.12/site-packages/airflow/models/taskinstance.py", line 733, in _execute_callable
    return ExecutionCallableRunner(
           ^^^^^^^^^^^^^^^^^^^^^^^^
  File "/home/airflow/.local/lib/python3.12/site-packages/airflow/utils/operator_helpers.py", line 252, in run
    return self.func(*args, **kwargs)
           ^^^^^^^^^^^^^^^^^^^^^^^^^^
  File "/home/airflow/.local/lib/python3.12/site-packages/airflow/models/baseoperator.py", line 406, in wrapper
    return func(self, *args, **kwargs)
           ^^^^^^^^^^^^^^^^^^^^^^^^^^^
  File "/home/airflow/.local/lib/python3.12/site-packages/airflow/providers/apache/spark/operators/spark_submit.py", line 176, in execute
    self._hook.submit(self.application)
  File "/home/airflow/.local/lib/python3.12/site-packages/airflow/providers/apache/spark/hooks/spark_submit.py", line 560, in submit
    raise AirflowException(
airflow.exceptions.AirflowException: Cannot execute: spark-submit --master yarn --driver-class-path /opt/***/jars/postgresql-42.5.0.jar --jars /opt/***/jars/postgresql-42.5.0.jar --packages org.postgresql:postgresql:42.5.0 --name arrow-spark /opt/bitnami/spark/src/scripts_spark/LoadFileToDB.py. Error code is: 1.
[2024-10-17T20:12:04.110+0000] {taskinstance.py:1225} INFO - Marking task as FAILED. dag_id=LoadWebScraping, task_id=spark_job, run_id=manual__2024-10-17T20:11:55.907912+00:00, execution_date=20241017T201155, start_date=20241017T201157, end_date=20241017T201204
[2024-10-17T20:12:04.130+0000] {taskinstance.py:340} INFO - ::group::Post task execution logs
[2024-10-17T20:12:04.135+0000] {standard_task_runner.py:124} ERROR - Failed to execute job 150 for task spark_job (Cannot execute: spark-submit --master yarn --driver-class-path /opt/***/jars/postgresql-42.5.0.jar --jars /opt/***/jars/postgresql-42.5.0.jar --packages org.postgresql:postgresql:42.5.0 --name arrow-spark /opt/bitnami/spark/src/scripts_spark/LoadFileToDB.py. Error code is: 1.; 7143)
Traceback (most recent call last):
  File "/home/airflow/.local/lib/python3.12/site-packages/airflow/task/task_runner/standard_task_runner.py", line 117, in _start_by_fork
    ret = args.func(args, dag=self.dag)
          ^^^^^^^^^^^^^^^^^^^^^^^^^^^^^
  File "/home/airflow/.local/lib/python3.12/site-packages/airflow/cli/cli_config.py", line 49, in command
    return func(*args, **kwargs)
           ^^^^^^^^^^^^^^^^^^^^^
  File "/home/airflow/.local/lib/python3.12/site-packages/airflow/utils/cli.py", line 115, in wrapper
    return f(*args, **kwargs)
           ^^^^^^^^^^^^^^^^^^
  File "/home/airflow/.local/lib/python3.12/site-packages/airflow/cli/commands/task_command.py", line 483, in task_run
    task_return_code = _run_task_by_selected_method(args, _dag, ti)
                       ^^^^^^^^^^^^^^^^^^^^^^^^^^^^^^^^^^^^^^^^^^^^
  File "/home/airflow/.local/lib/python3.12/site-packages/airflow/cli/commands/task_command.py", line 256, in _run_task_by_selected_method
    return _run_raw_task(args, ti)
           ^^^^^^^^^^^^^^^^^^^^^^^
  File "/home/airflow/.local/lib/python3.12/site-packages/airflow/cli/commands/task_command.py", line 341, in _run_raw_task
    return ti._run_raw_task(
           ^^^^^^^^^^^^^^^^^
  File "/home/airflow/.local/lib/python3.12/site-packages/airflow/utils/session.py", line 97, in wrapper
    return func(*args, session=session, **kwargs)
           ^^^^^^^^^^^^^^^^^^^^^^^^^^^^^^^^^^^^^^
  File "/home/airflow/.local/lib/python3.12/site-packages/airflow/models/taskinstance.py", line 3004, in _run_raw_task
    return _run_raw_task(
           ^^^^^^^^^^^^^^
  File "/home/airflow/.local/lib/python3.12/site-packages/airflow/models/taskinstance.py", line 273, in _run_raw_task
    TaskInstance._execute_task_with_callbacks(
  File "/home/airflow/.local/lib/python3.12/site-packages/airflow/models/taskinstance.py", line 3158, in _execute_task_with_callbacks
    result = self._execute_task(context, task_orig)
             ^^^^^^^^^^^^^^^^^^^^^^^^^^^^^^^^^^^^^^
  File "/home/airflow/.local/lib/python3.12/site-packages/airflow/models/taskinstance.py", line 3182, in _execute_task
    return _execute_task(self, context, task_orig)
           ^^^^^^^^^^^^^^^^^^^^^^^^^^^^^^^^^^^^^^^
  File "/home/airflow/.local/lib/python3.12/site-packages/airflow/models/taskinstance.py", line 767, in _execute_task
    result = _execute_callable(context=context, **execute_callable_kwargs)
             ^^^^^^^^^^^^^^^^^^^^^^^^^^^^^^^^^^^^^^^^^^^^^^^^^^^^^^^^^^^^^
  File "/home/airflow/.local/lib/python3.12/site-packages/airflow/models/taskinstance.py", line 733, in _execute_callable
    return ExecutionCallableRunner(
           ^^^^^^^^^^^^^^^^^^^^^^^^
  File "/home/airflow/.local/lib/python3.12/site-packages/airflow/utils/operator_helpers.py", line 252, in run
    return self.func(*args, **kwargs)
           ^^^^^^^^^^^^^^^^^^^^^^^^^^
  File "/home/airflow/.local/lib/python3.12/site-packages/airflow/models/baseoperator.py", line 406, in wrapper
    return func(self, *args, **kwargs)
           ^^^^^^^^^^^^^^^^^^^^^^^^^^^
  File "/home/airflow/.local/lib/python3.12/site-packages/airflow/providers/apache/spark/operators/spark_submit.py", line 176, in execute
    self._hook.submit(self.application)
  File "/home/airflow/.local/lib/python3.12/site-packages/airflow/providers/apache/spark/hooks/spark_submit.py", line 560, in submit
    raise AirflowException(
airflow.exceptions.AirflowException: Cannot execute: spark-submit --master yarn --driver-class-path /opt/***/jars/postgresql-42.5.0.jar --jars /opt/***/jars/postgresql-42.5.0.jar --packages org.postgresql:postgresql:42.5.0 --name arrow-spark /opt/bitnami/spark/src/scripts_spark/LoadFileToDB.py. Error code is: 1.
[2024-10-17T20:12:04.215+0000] {local_task_job_runner.py:266} INFO - Task exited with return code 1
[2024-10-17T20:12:04.237+0000] {taskinstance.py:3900} INFO - 0 downstream tasks scheduled from follow-on schedule check
[2024-10-17T20:12:04.241+0000] {local_task_job_runner.py:245} INFO - ::endgroup::
