[2024-10-07T23:33:59.838+0000] {local_task_job_runner.py:123} INFO - ::group::Pre task execution logs
[2024-10-07T23:33:59.854+0000] {taskinstance.py:2612} INFO - Dependencies all met for dep_context=non-requeueable deps ti=<TaskInstance: pipeline_webscraping.pichau_tasks.Spark_Transformation_pichau manual__2024-10-07T23:31:26.493529+00:00 [queued]>
[2024-10-07T23:33:59.861+0000] {taskinstance.py:2612} INFO - Dependencies all met for dep_context=requeueable deps ti=<TaskInstance: pipeline_webscraping.pichau_tasks.Spark_Transformation_pichau manual__2024-10-07T23:31:26.493529+00:00 [queued]>
[2024-10-07T23:33:59.862+0000] {taskinstance.py:2865} INFO - Starting attempt 1 of 1
[2024-10-07T23:33:59.879+0000] {taskinstance.py:2888} INFO - Executing <Task(OperatorSubmitSpark): pichau_tasks.Spark_Transformation_pichau> on 2024-10-07 23:31:26.493529+00:00
[2024-10-07T23:33:59.891+0000] {warnings.py:112} WARNING - /home/***/.local/lib/python3.12/site-packages/***/task/task_runner/standard_task_runner.py:70: DeprecationWarning: This process (pid=8935) is multi-threaded, use of fork() may lead to deadlocks in the child.
  pid = os.fork()

[2024-10-07T23:33:59.893+0000] {standard_task_runner.py:72} INFO - Started process 8937 to run task
[2024-10-07T23:33:59.894+0000] {standard_task_runner.py:104} INFO - Running: ['***', 'tasks', 'run', 'pipeline_webscraping', 'pichau_tasks.Spark_Transformation_pichau', 'manual__2024-10-07T23:31:26.493529+00:00', '--job-id', '1381', '--raw', '--subdir', 'DAGS_FOLDER/DagWebScraping.py', '--cfg-path', '/tmp/tmp6f_ckyyr']
[2024-10-07T23:33:59.898+0000] {standard_task_runner.py:105} INFO - Job 1381: Subtask pichau_tasks.Spark_Transformation_pichau
[2024-10-07T23:33:59.950+0000] {task_command.py:467} INFO - Running <TaskInstance: pipeline_webscraping.pichau_tasks.Spark_Transformation_pichau manual__2024-10-07T23:31:26.493529+00:00 [running]> on host 97b4e38b3eb9
[2024-10-07T23:34:00.031+0000] {taskinstance.py:3131} INFO - Exporting env vars: AIRFLOW_CTX_DAG_OWNER='***' AIRFLOW_CTX_DAG_ID='pipeline_webscraping' AIRFLOW_CTX_TASK_ID='pichau_tasks.Spark_Transformation_pichau' AIRFLOW_CTX_EXECUTION_DATE='2024-10-07T23:31:26.493529+00:00' AIRFLOW_CTX_TRY_NUMBER='1' AIRFLOW_CTX_DAG_RUN_ID='manual__2024-10-07T23:31:26.493529+00:00'
[2024-10-07T23:34:00.033+0000] {taskinstance.py:731} INFO - ::endgroup::
[2024-10-07T23:34:00.060+0000] {logging_mixin.py:190} INFO - teste /opt/***/datalake/rawzone/pichau_2024-10-07/data.json
[2024-10-07T23:34:00.061+0000] {baseoperator.py:405} WARNING - OperatorSubmitSpark.execute cannot be called outside TaskInstance!
[2024-10-07T23:34:00.071+0000] {base.py:84} INFO - Retrieving connection 'spark_default'
[2024-10-07T23:34:00.073+0000] {spark_submit.py:403} INFO - Spark-Submit cmd: spark-submit --master spark://spark:7077 --num-executors 2 --driver-memory 512M --name arrow-spark --deploy-mode client /opt/bitnami/spark/src/scripts_spark/WebScraping_Transformation.py --path_save_transfor /opt/***/datalake/silverzone/pichau_2024-10-07 --json_file_path /opt/***/datalake/rawzone/pichau_2024-10-07/data.json
[2024-10-07T23:34:03.046+0000] {spark_submit.py:579} INFO - 24/10/07 23:34:03 INFO SparkContext: Running Spark version 3.5.2
[2024-10-07T23:34:03.048+0000] {spark_submit.py:579} INFO - 24/10/07 23:34:03 INFO SparkContext: OS info Linux, 5.15.153.1-microsoft-standard-WSL2, amd64
[2024-10-07T23:34:03.048+0000] {spark_submit.py:579} INFO - 24/10/07 23:34:03 INFO SparkContext: Java version 17.0.12
[2024-10-07T23:34:03.098+0000] {spark_submit.py:579} INFO - 24/10/07 23:34:03 WARN NativeCodeLoader: Unable to load native-hadoop library for your platform... using builtin-java classes where applicable
[2024-10-07T23:34:03.182+0000] {spark_submit.py:579} INFO - 24/10/07 23:34:03 INFO ResourceUtils: ==============================================================
[2024-10-07T23:34:03.185+0000] {spark_submit.py:579} INFO - 24/10/07 23:34:03 INFO ResourceUtils: No custom resources configured for spark.driver.
[2024-10-07T23:34:03.186+0000] {spark_submit.py:579} INFO - 24/10/07 23:34:03 INFO ResourceUtils: ==============================================================
[2024-10-07T23:34:03.186+0000] {spark_submit.py:579} INFO - 24/10/07 23:34:03 INFO SparkContext: Submitted application: Test
[2024-10-07T23:34:03.208+0000] {spark_submit.py:579} INFO - 24/10/07 23:34:03 INFO ResourceProfile: Default ResourceProfile created, executor resources: Map(cores -> name: cores, amount: 1, script: , vendor: , memory -> name: memory, amount: 1024, script: , vendor: , offHeap -> name: offHeap, amount: 0, script: , vendor: ), task resources: Map(cpus -> name: cpus, amount: 1.0)
[2024-10-07T23:34:03.215+0000] {spark_submit.py:579} INFO - 24/10/07 23:34:03 INFO ResourceProfile: Limiting resource is cpu
[2024-10-07T23:34:03.216+0000] {spark_submit.py:579} INFO - 24/10/07 23:34:03 INFO ResourceProfileManager: Added ResourceProfile id: 0
[2024-10-07T23:34:03.274+0000] {spark_submit.py:579} INFO - 24/10/07 23:34:03 INFO SecurityManager: Changing view acls to: ***
[2024-10-07T23:34:03.275+0000] {spark_submit.py:579} INFO - 24/10/07 23:34:03 INFO SecurityManager: Changing modify acls to: ***
[2024-10-07T23:34:03.276+0000] {spark_submit.py:579} INFO - 24/10/07 23:34:03 INFO SecurityManager: Changing view acls groups to:
[2024-10-07T23:34:03.276+0000] {spark_submit.py:579} INFO - 24/10/07 23:34:03 INFO SecurityManager: Changing modify acls groups to:
[2024-10-07T23:34:03.277+0000] {spark_submit.py:579} INFO - 24/10/07 23:34:03 INFO SecurityManager: SecurityManager: authentication disabled; ui acls disabled; users with view permissions: ***; groups with view permissions: EMPTY; users with modify permissions: ***; groups with modify permissions: EMPTY
[2024-10-07T23:34:03.528+0000] {spark_submit.py:579} INFO - 24/10/07 23:34:03 INFO Utils: Successfully started service 'sparkDriver' on port 45547.
[2024-10-07T23:34:03.556+0000] {spark_submit.py:579} INFO - 24/10/07 23:34:03 INFO SparkEnv: Registering MapOutputTracker
[2024-10-07T23:34:03.587+0000] {spark_submit.py:579} INFO - 24/10/07 23:34:03 INFO SparkEnv: Registering BlockManagerMaster
[2024-10-07T23:34:03.599+0000] {spark_submit.py:579} INFO - 24/10/07 23:34:03 INFO BlockManagerMasterEndpoint: Using org.apache.spark.storage.DefaultTopologyMapper for getting topology information
[2024-10-07T23:34:03.600+0000] {spark_submit.py:579} INFO - 24/10/07 23:34:03 INFO BlockManagerMasterEndpoint: BlockManagerMasterEndpoint up
[2024-10-07T23:34:03.605+0000] {spark_submit.py:579} INFO - 24/10/07 23:34:03 INFO SparkEnv: Registering BlockManagerMasterHeartbeat
[2024-10-07T23:34:03.623+0000] {spark_submit.py:579} INFO - 24/10/07 23:34:03 INFO DiskBlockManager: Created local directory at /tmp/blockmgr-b4b1065d-381c-4f7e-b35c-e48528ce1413
[2024-10-07T23:34:03.636+0000] {spark_submit.py:579} INFO - 24/10/07 23:34:03 INFO MemoryStore: MemoryStore started with capacity 127.2 MiB
[2024-10-07T23:34:03.649+0000] {spark_submit.py:579} INFO - 24/10/07 23:34:03 INFO SparkEnv: Registering OutputCommitCoordinator
[2024-10-07T23:34:03.769+0000] {spark_submit.py:579} INFO - 24/10/07 23:34:03 INFO JettyUtils: Start Jetty 0.0.0.0:4040 for SparkUI
[2024-10-07T23:34:03.851+0000] {spark_submit.py:579} INFO - 24/10/07 23:34:03 INFO Utils: Successfully started service 'SparkUI' on port 4040.
[2024-10-07T23:34:03.975+0000] {spark_submit.py:579} INFO - 24/10/07 23:34:03 INFO Executor: Starting executor ID driver on host 97b4e38b3eb9
[2024-10-07T23:34:03.976+0000] {spark_submit.py:579} INFO - 24/10/07 23:34:03 INFO Executor: OS info Linux, 5.15.153.1-microsoft-standard-WSL2, amd64
[2024-10-07T23:34:03.976+0000] {spark_submit.py:579} INFO - 24/10/07 23:34:03 INFO Executor: Java version 17.0.12
[2024-10-07T23:34:03.983+0000] {spark_submit.py:579} INFO - 24/10/07 23:34:03 INFO Executor: Starting executor with user classpath (userClassPathFirst = false): ''
[2024-10-07T23:34:03.987+0000] {spark_submit.py:579} INFO - 24/10/07 23:34:03 INFO Executor: Created or updated repl class loader org.apache.spark.util.MutableURLClassLoader@500a3a48 for default.
[2024-10-07T23:34:04.010+0000] {spark_submit.py:579} INFO - 24/10/07 23:34:04 INFO Utils: Successfully started service 'org.apache.spark.network.netty.NettyBlockTransferService' on port 37213.
[2024-10-07T23:34:04.011+0000] {spark_submit.py:579} INFO - 24/10/07 23:34:04 INFO NettyBlockTransferService: Server created on 97b4e38b3eb9:37213
[2024-10-07T23:34:04.012+0000] {spark_submit.py:579} INFO - 24/10/07 23:34:04 INFO BlockManager: Using org.apache.spark.storage.RandomBlockReplicationPolicy for block replication policy
[2024-10-07T23:34:04.020+0000] {spark_submit.py:579} INFO - 24/10/07 23:34:04 INFO BlockManagerMaster: Registering BlockManager BlockManagerId(driver, 97b4e38b3eb9, 37213, None)
[2024-10-07T23:34:04.023+0000] {spark_submit.py:579} INFO - 24/10/07 23:34:04 INFO BlockManagerMasterEndpoint: Registering block manager 97b4e38b3eb9:37213 with 127.2 MiB RAM, BlockManagerId(driver, 97b4e38b3eb9, 37213, None)
[2024-10-07T23:34:04.025+0000] {spark_submit.py:579} INFO - 24/10/07 23:34:04 INFO BlockManagerMaster: Registered BlockManager BlockManagerId(driver, 97b4e38b3eb9, 37213, None)
[2024-10-07T23:34:04.026+0000] {spark_submit.py:579} INFO - 24/10/07 23:34:04 INFO BlockManager: Initialized BlockManager: BlockManagerId(driver, 97b4e38b3eb9, 37213, None)
[2024-10-07T23:34:04.499+0000] {spark_submit.py:579} INFO - 24/10/07 23:34:04 INFO SharedState: Setting hive.metastore.warehouse.dir ('null') to the value of spark.sql.warehouse.dir.
[2024-10-07T23:34:04.516+0000] {spark_submit.py:579} INFO - 24/10/07 23:34:04 INFO SharedState: Warehouse path is 'file:/opt/***/spark-warehouse'.
[2024-10-07T23:34:05.699+0000] {spark_submit.py:579} INFO - 24/10/07 23:34:05 INFO InMemoryFileIndex: It took 50 ms to list leaf files for 1 paths.
[2024-10-07T23:34:05.779+0000] {spark_submit.py:579} INFO - 24/10/07 23:34:05 INFO InMemoryFileIndex: It took 11 ms to list leaf files for 1 paths.
[2024-10-07T23:34:08.055+0000] {spark_submit.py:579} INFO - 24/10/07 23:34:08 INFO FileSourceStrategy: Pushed Filters:
[2024-10-07T23:34:08.058+0000] {spark_submit.py:579} INFO - 24/10/07 23:34:08 INFO FileSourceStrategy: Post-Scan Filters:
[2024-10-07T23:34:08.285+0000] {spark_submit.py:579} INFO - 24/10/07 23:34:08 INFO MemoryStore: Block broadcast_0 stored as values in memory (estimated size 199.4 KiB, free 127.0 MiB)
[2024-10-07T23:34:08.334+0000] {spark_submit.py:579} INFO - 24/10/07 23:34:08 INFO MemoryStore: Block broadcast_0_piece0 stored as bytes in memory (estimated size 34.2 KiB, free 127.0 MiB)
[2024-10-07T23:34:08.337+0000] {spark_submit.py:579} INFO - 24/10/07 23:34:08 INFO BlockManagerInfo: Added broadcast_0_piece0 in memory on 97b4e38b3eb9:37213 (size: 34.2 KiB, free: 127.2 MiB)
[2024-10-07T23:34:08.345+0000] {spark_submit.py:579} INFO - 24/10/07 23:34:08 INFO SparkContext: Created broadcast 0 from json at NativeMethodAccessorImpl.java:0
[2024-10-07T23:34:08.355+0000] {spark_submit.py:579} INFO - 24/10/07 23:34:08 INFO FileSourceScanExec: Planning scan with bin packing, max size: 4315988 bytes, open cost is considered as scanning 4194304 bytes.
[2024-10-07T23:34:08.502+0000] {spark_submit.py:579} INFO - 24/10/07 23:34:08 INFO SparkContext: Starting job: json at NativeMethodAccessorImpl.java:0
[2024-10-07T23:34:08.529+0000] {spark_submit.py:579} INFO - 24/10/07 23:34:08 INFO DAGScheduler: Got job 0 (json at NativeMethodAccessorImpl.java:0) with 1 output partitions
[2024-10-07T23:34:08.530+0000] {spark_submit.py:579} INFO - 24/10/07 23:34:08 INFO DAGScheduler: Final stage: ResultStage 0 (json at NativeMethodAccessorImpl.java:0)
[2024-10-07T23:34:08.530+0000] {spark_submit.py:579} INFO - 24/10/07 23:34:08 INFO DAGScheduler: Parents of final stage: List()
[2024-10-07T23:34:08.531+0000] {spark_submit.py:579} INFO - 24/10/07 23:34:08 INFO DAGScheduler: Missing parents: List()
[2024-10-07T23:34:08.534+0000] {spark_submit.py:579} INFO - 24/10/07 23:34:08 INFO DAGScheduler: Submitting ResultStage 0 (MapPartitionsRDD[3] at json at NativeMethodAccessorImpl.java:0), which has no missing parents
[2024-10-07T23:34:08.614+0000] {spark_submit.py:579} INFO - 24/10/07 23:34:08 INFO MemoryStore: Block broadcast_1 stored as values in memory (estimated size 16.1 KiB, free 127.0 MiB)
[2024-10-07T23:34:08.615+0000] {spark_submit.py:579} INFO - 24/10/07 23:34:08 INFO MemoryStore: Block broadcast_1_piece0 stored as bytes in memory (estimated size 7.5 KiB, free 126.9 MiB)
[2024-10-07T23:34:08.616+0000] {spark_submit.py:579} INFO - 24/10/07 23:34:08 INFO BlockManagerInfo: Added broadcast_1_piece0 in memory on 97b4e38b3eb9:37213 (size: 7.5 KiB, free: 127.2 MiB)
[2024-10-07T23:34:08.617+0000] {spark_submit.py:579} INFO - 24/10/07 23:34:08 INFO SparkContext: Created broadcast 1 from broadcast at DAGScheduler.scala:1585
[2024-10-07T23:34:08.634+0000] {spark_submit.py:579} INFO - 24/10/07 23:34:08 INFO DAGScheduler: Submitting 1 missing tasks from ResultStage 0 (MapPartitionsRDD[3] at json at NativeMethodAccessorImpl.java:0) (first 15 tasks are for partitions Vector(0))
[2024-10-07T23:34:08.635+0000] {spark_submit.py:579} INFO - 24/10/07 23:34:08 INFO TaskSchedulerImpl: Adding task set 0.0 with 1 tasks resource profile 0
[2024-10-07T23:34:08.674+0000] {spark_submit.py:579} INFO - 24/10/07 23:34:08 INFO TaskSetManager: Starting task 0.0 in stage 0.0 (TID 0) (97b4e38b3eb9, executor driver, partition 0, PROCESS_LOCAL, 9626 bytes)
[2024-10-07T23:34:08.685+0000] {spark_submit.py:579} INFO - 24/10/07 23:34:08 INFO Executor: Running task 0.0 in stage 0.0 (TID 0)
[2024-10-07T23:34:08.783+0000] {spark_submit.py:579} INFO - 24/10/07 23:34:08 INFO FileScanRDD: Reading File path: file:///opt/***/datalake/rawzone/pichau_2024-10-07/data.json, range: 0-121684, partition values: [empty row]
[2024-10-07T23:34:08.962+0000] {spark_submit.py:579} INFO - 24/10/07 23:34:08 INFO CodeGenerator: Code generated in 151.165223 ms
[2024-10-07T23:34:09.066+0000] {spark_submit.py:579} INFO - 24/10/07 23:34:09 INFO Executor: Finished task 0.0 in stage 0.0 (TID 0). 2030 bytes result sent to driver
[2024-10-07T23:34:09.073+0000] {spark_submit.py:579} INFO - 24/10/07 23:34:09 INFO TaskSetManager: Finished task 0.0 in stage 0.0 (TID 0) in 408 ms on 97b4e38b3eb9 (executor driver) (1/1)
[2024-10-07T23:34:09.075+0000] {spark_submit.py:579} INFO - 24/10/07 23:34:09 INFO TaskSchedulerImpl: Removed TaskSet 0.0, whose tasks have all completed, from pool
[2024-10-07T23:34:09.079+0000] {spark_submit.py:579} INFO - 24/10/07 23:34:09 INFO DAGScheduler: ResultStage 0 (json at NativeMethodAccessorImpl.java:0) finished in 0.534 s
[2024-10-07T23:34:09.082+0000] {spark_submit.py:579} INFO - 24/10/07 23:34:09 INFO DAGScheduler: Job 0 is finished. Cancelling potential speculative or zombie tasks for this job
[2024-10-07T23:34:09.082+0000] {spark_submit.py:579} INFO - 24/10/07 23:34:09 INFO TaskSchedulerImpl: Killing all running tasks in stage 0: Stage finished
[2024-10-07T23:34:09.084+0000] {spark_submit.py:579} INFO - 24/10/07 23:34:09 INFO DAGScheduler: Job 0 finished: json at NativeMethodAccessorImpl.java:0, took 0.581134 s
[2024-10-07T23:34:09.796+0000] {spark_submit.py:579} INFO - 24/10/07 23:34:09 INFO BlockManagerInfo: Removed broadcast_0_piece0 on 97b4e38b3eb9:37213 in memory (size: 34.2 KiB, free: 127.2 MiB)
[2024-10-07T23:34:09.801+0000] {spark_submit.py:579} INFO - 24/10/07 23:34:09 INFO BlockManagerInfo: Removed broadcast_1_piece0 on 97b4e38b3eb9:37213 in memory (size: 7.5 KiB, free: 127.2 MiB)
[2024-10-07T23:34:10.131+0000] {spark_submit.py:579} INFO - 24/10/07 23:34:10 INFO FileSourceStrategy: Pushed Filters: IsNotNull(category),EqualTo(category,placas-mae)
[2024-10-07T23:34:10.134+0000] {spark_submit.py:579} INFO - 24/10/07 23:34:10 INFO FileSourceStrategy: Post-Scan Filters: isnotnull(category#8),(category#8 = placas-mae)
[2024-10-07T23:34:10.217+0000] {spark_submit.py:579} INFO - 24/10/07 23:34:10 INFO ParquetUtils: Using default output committer for Parquet: org.apache.parquet.hadoop.ParquetOutputCommitter
[2024-10-07T23:34:10.236+0000] {spark_submit.py:579} INFO - 24/10/07 23:34:10 INFO FileOutputCommitter: File Output Committer Algorithm version is 1
[2024-10-07T23:34:10.236+0000] {spark_submit.py:579} INFO - 24/10/07 23:34:10 INFO FileOutputCommitter: FileOutputCommitter skip cleanup _temporary folders under output directory:false, ignore cleanup failures: false
[2024-10-07T23:34:10.237+0000] {spark_submit.py:579} INFO - 24/10/07 23:34:10 INFO SQLHadoopMapReduceCommitProtocol: Using user defined output committer class org.apache.parquet.hadoop.ParquetOutputCommitter
[2024-10-07T23:34:10.238+0000] {spark_submit.py:579} INFO - 24/10/07 23:34:10 INFO FileOutputCommitter: File Output Committer Algorithm version is 1
[2024-10-07T23:34:10.238+0000] {spark_submit.py:579} INFO - 24/10/07 23:34:10 INFO FileOutputCommitter: FileOutputCommitter skip cleanup _temporary folders under output directory:false, ignore cleanup failures: false
[2024-10-07T23:34:10.239+0000] {spark_submit.py:579} INFO - 24/10/07 23:34:10 INFO SQLHadoopMapReduceCommitProtocol: Using output committer class org.apache.parquet.hadoop.ParquetOutputCommitter
[2024-10-07T23:34:10.435+0000] {spark_submit.py:579} INFO - 24/10/07 23:34:10 INFO CodeGenerator: Code generated in 70.485601 ms
[2024-10-07T23:34:10.439+0000] {spark_submit.py:579} INFO - 24/10/07 23:34:10 INFO MemoryStore: Block broadcast_2 stored as values in memory (estimated size 199.3 KiB, free 127.0 MiB)
[2024-10-07T23:34:10.452+0000] {spark_submit.py:579} INFO - 24/10/07 23:34:10 INFO MemoryStore: Block broadcast_2_piece0 stored as bytes in memory (estimated size 34.2 KiB, free 127.0 MiB)
[2024-10-07T23:34:10.453+0000] {spark_submit.py:579} INFO - 24/10/07 23:34:10 INFO BlockManagerInfo: Added broadcast_2_piece0 in memory on 97b4e38b3eb9:37213 (size: 34.2 KiB, free: 127.2 MiB)
[2024-10-07T23:34:10.454+0000] {spark_submit.py:579} INFO - 24/10/07 23:34:10 INFO SparkContext: Created broadcast 2 from parquet at NativeMethodAccessorImpl.java:0
[2024-10-07T23:34:10.457+0000] {spark_submit.py:579} INFO - 24/10/07 23:34:10 INFO FileSourceScanExec: Planning scan with bin packing, max size: 4315988 bytes, open cost is considered as scanning 4194304 bytes.
[2024-10-07T23:34:10.476+0000] {spark_submit.py:579} INFO - 24/10/07 23:34:10 INFO SparkContext: Starting job: parquet at NativeMethodAccessorImpl.java:0
[2024-10-07T23:34:10.483+0000] {spark_submit.py:579} INFO - 24/10/07 23:34:10 INFO DAGScheduler: Got job 1 (parquet at NativeMethodAccessorImpl.java:0) with 1 output partitions
[2024-10-07T23:34:10.484+0000] {spark_submit.py:579} INFO - 24/10/07 23:34:10 INFO DAGScheduler: Final stage: ResultStage 1 (parquet at NativeMethodAccessorImpl.java:0)
[2024-10-07T23:34:10.484+0000] {spark_submit.py:579} INFO - 24/10/07 23:34:10 INFO DAGScheduler: Parents of final stage: List()
[2024-10-07T23:34:10.485+0000] {spark_submit.py:579} INFO - 24/10/07 23:34:10 INFO DAGScheduler: Missing parents: List()
[2024-10-07T23:34:10.485+0000] {spark_submit.py:579} INFO - 24/10/07 23:34:10 INFO DAGScheduler: Submitting ResultStage 1 (MapPartitionsRDD[7] at parquet at NativeMethodAccessorImpl.java:0), which has no missing parents
[2024-10-07T23:34:10.516+0000] {spark_submit.py:579} INFO - 24/10/07 23:34:10 INFO MemoryStore: Block broadcast_3 stored as values in memory (estimated size 229.4 KiB, free 126.7 MiB)
[2024-10-07T23:34:10.518+0000] {spark_submit.py:579} INFO - 24/10/07 23:34:10 INFO MemoryStore: Block broadcast_3_piece0 stored as bytes in memory (estimated size 81.6 KiB, free 126.7 MiB)
[2024-10-07T23:34:10.518+0000] {spark_submit.py:579} INFO - 24/10/07 23:34:10 INFO BlockManagerInfo: Added broadcast_3_piece0 in memory on 97b4e38b3eb9:37213 (size: 81.6 KiB, free: 127.1 MiB)
[2024-10-07T23:34:10.519+0000] {spark_submit.py:579} INFO - 24/10/07 23:34:10 INFO SparkContext: Created broadcast 3 from broadcast at DAGScheduler.scala:1585
[2024-10-07T23:34:10.520+0000] {spark_submit.py:579} INFO - 24/10/07 23:34:10 INFO DAGScheduler: Submitting 1 missing tasks from ResultStage 1 (MapPartitionsRDD[7] at parquet at NativeMethodAccessorImpl.java:0) (first 15 tasks are for partitions Vector(0))
[2024-10-07T23:34:10.520+0000] {spark_submit.py:579} INFO - 24/10/07 23:34:10 INFO TaskSchedulerImpl: Adding task set 1.0 with 1 tasks resource profile 0
[2024-10-07T23:34:10.521+0000] {spark_submit.py:579} INFO - 24/10/07 23:34:10 INFO TaskSetManager: Starting task 0.0 in stage 1.0 (TID 1) (97b4e38b3eb9, executor driver, partition 0, PROCESS_LOCAL, 9626 bytes)
[2024-10-07T23:34:10.522+0000] {spark_submit.py:579} INFO - 24/10/07 23:34:10 INFO Executor: Running task 0.0 in stage 1.0 (TID 1)
[2024-10-07T23:34:10.631+0000] {spark_submit.py:579} INFO - 24/10/07 23:34:10 INFO CodeGenerator: Code generated in 62.019753 ms
[2024-10-07T23:34:10.637+0000] {spark_submit.py:579} INFO - 24/10/07 23:34:10 INFO FileOutputCommitter: File Output Committer Algorithm version is 1
[2024-10-07T23:34:10.638+0000] {spark_submit.py:579} INFO - 24/10/07 23:34:10 INFO FileOutputCommitter: FileOutputCommitter skip cleanup _temporary folders under output directory:false, ignore cleanup failures: false
[2024-10-07T23:34:10.638+0000] {spark_submit.py:579} INFO - 24/10/07 23:34:10 INFO SQLHadoopMapReduceCommitProtocol: Using user defined output committer class org.apache.parquet.hadoop.ParquetOutputCommitter
[2024-10-07T23:34:10.639+0000] {spark_submit.py:579} INFO - 24/10/07 23:34:10 INFO FileOutputCommitter: File Output Committer Algorithm version is 1
[2024-10-07T23:34:10.639+0000] {spark_submit.py:579} INFO - 24/10/07 23:34:10 INFO FileOutputCommitter: FileOutputCommitter skip cleanup _temporary folders under output directory:false, ignore cleanup failures: false
[2024-10-07T23:34:10.639+0000] {spark_submit.py:579} INFO - 24/10/07 23:34:10 INFO SQLHadoopMapReduceCommitProtocol: Using output committer class org.apache.parquet.hadoop.ParquetOutputCommitter
[2024-10-07T23:34:10.650+0000] {spark_submit.py:579} INFO - 24/10/07 23:34:10 INFO CodecConfig: Compression: SNAPPY
[2024-10-07T23:34:10.654+0000] {spark_submit.py:579} INFO - 24/10/07 23:34:10 INFO CodecConfig: Compression: SNAPPY
[2024-10-07T23:34:10.670+0000] {spark_submit.py:579} INFO - 24/10/07 23:34:10 INFO ParquetOutputFormat: ParquetRecordWriter [block size: 134217728b, row group padding size: 8388608b, validating: false]
[2024-10-07T23:34:10.701+0000] {spark_submit.py:579} INFO - 24/10/07 23:34:10 INFO ParquetWriteSupport: Initialized Parquet WriteSupport with Catalyst schema:
[2024-10-07T23:34:10.702+0000] {spark_submit.py:579} INFO - {
[2024-10-07T23:34:10.702+0000] {spark_submit.py:579} INFO - "type" : "struct",
[2024-10-07T23:34:10.702+0000] {spark_submit.py:579} INFO - "fields" : [ {
[2024-10-07T23:34:10.703+0000] {spark_submit.py:579} INFO - "name" : "id_placa_mae",
[2024-10-07T23:34:10.703+0000] {spark_submit.py:579} INFO - "type" : "long",
[2024-10-07T23:34:10.703+0000] {spark_submit.py:579} INFO - "nullable" : false,
[2024-10-07T23:34:10.704+0000] {spark_submit.py:579} INFO - "metadata" : { }
[2024-10-07T23:34:10.704+0000] {spark_submit.py:579} INFO - }, {
[2024-10-07T23:34:10.704+0000] {spark_submit.py:579} INFO - "name" : "name",
[2024-10-07T23:34:10.705+0000] {spark_submit.py:579} INFO - "type" : "string",
[2024-10-07T23:34:10.705+0000] {spark_submit.py:579} INFO - "nullable" : true,
[2024-10-07T23:34:10.706+0000] {spark_submit.py:579} INFO - "metadata" : { }
[2024-10-07T23:34:10.706+0000] {spark_submit.py:579} INFO - }, {
[2024-10-07T23:34:10.706+0000] {spark_submit.py:579} INFO - "name" : "marca",
[2024-10-07T23:34:10.706+0000] {spark_submit.py:579} INFO - "type" : "string",
[2024-10-07T23:34:10.707+0000] {spark_submit.py:579} INFO - "nullable" : true,
[2024-10-07T23:34:10.707+0000] {spark_submit.py:579} INFO - "metadata" : { }
[2024-10-07T23:34:10.712+0000] {spark_submit.py:579} INFO - }, {
[2024-10-07T23:34:10.712+0000] {spark_submit.py:579} INFO - "name" : "modelo",
[2024-10-07T23:34:10.713+0000] {spark_submit.py:579} INFO - "type" : "string",
[2024-10-07T23:34:10.713+0000] {spark_submit.py:579} INFO - "nullable" : true,
[2024-10-07T23:34:10.714+0000] {spark_submit.py:579} INFO - "metadata" : { }
[2024-10-07T23:34:10.714+0000] {spark_submit.py:579} INFO - }, {
[2024-10-07T23:34:10.714+0000] {spark_submit.py:579} INFO - "name" : "socket",
[2024-10-07T23:34:10.715+0000] {spark_submit.py:579} INFO - "type" : "string",
[2024-10-07T23:34:10.715+0000] {spark_submit.py:579} INFO - "nullable" : true,
[2024-10-07T23:34:10.715+0000] {spark_submit.py:579} INFO - "metadata" : { }
[2024-10-07T23:34:10.716+0000] {spark_submit.py:579} INFO - }, {
[2024-10-07T23:34:10.716+0000] {spark_submit.py:579} INFO - "name" : "DDR",
[2024-10-07T23:34:10.716+0000] {spark_submit.py:579} INFO - "type" : "long",
[2024-10-07T23:34:10.717+0000] {spark_submit.py:579} INFO - "nullable" : true,
[2024-10-07T23:34:10.717+0000] {spark_submit.py:579} INFO - "metadata" : { }
[2024-10-07T23:34:10.717+0000] {spark_submit.py:579} INFO - }, {
[2024-10-07T23:34:10.718+0000] {spark_submit.py:579} INFO - "name" : "value",
[2024-10-07T23:34:10.718+0000] {spark_submit.py:579} INFO - "type" : "decimal(12,2)",
[2024-10-07T23:34:10.719+0000] {spark_submit.py:579} INFO - "nullable" : true,
[2024-10-07T23:34:10.719+0000] {spark_submit.py:579} INFO - "metadata" : { }
[2024-10-07T23:34:10.720+0000] {spark_submit.py:579} INFO - }, {
[2024-10-07T23:34:10.720+0000] {spark_submit.py:579} INFO - "name" : "link",
[2024-10-07T23:34:10.721+0000] {spark_submit.py:579} INFO - "type" : "string",
[2024-10-07T23:34:10.721+0000] {spark_submit.py:579} INFO - "nullable" : true,
[2024-10-07T23:34:10.721+0000] {spark_submit.py:579} INFO - "metadata" : { }
[2024-10-07T23:34:10.722+0000] {spark_submit.py:579} INFO - } ]
[2024-10-07T23:34:10.722+0000] {spark_submit.py:579} INFO - }
[2024-10-07T23:34:10.722+0000] {spark_submit.py:579} INFO - and corresponding Parquet message type:
[2024-10-07T23:34:10.723+0000] {spark_submit.py:579} INFO - message spark_schema {
[2024-10-07T23:34:10.723+0000] {spark_submit.py:579} INFO - required int64 id_placa_mae;
[2024-10-07T23:34:10.723+0000] {spark_submit.py:579} INFO - optional binary name (STRING);
[2024-10-07T23:34:10.724+0000] {spark_submit.py:579} INFO - optional binary marca (STRING);
[2024-10-07T23:34:10.724+0000] {spark_submit.py:579} INFO - optional binary modelo (STRING);
[2024-10-07T23:34:10.725+0000] {spark_submit.py:579} INFO - optional binary socket (STRING);
[2024-10-07T23:34:10.726+0000] {spark_submit.py:579} INFO - optional int64 DDR;
[2024-10-07T23:34:10.727+0000] {spark_submit.py:579} INFO - optional int64 value (DECIMAL(12,2));
[2024-10-07T23:34:10.728+0000] {spark_submit.py:579} INFO - optional binary link (STRING);
[2024-10-07T23:34:10.728+0000] {spark_submit.py:579} INFO - }
[2024-10-07T23:34:10.729+0000] {spark_submit.py:579} INFO - 
[2024-10-07T23:34:10.730+0000] {spark_submit.py:579} INFO - 
[2024-10-07T23:34:10.821+0000] {spark_submit.py:579} INFO - 24/10/07 23:34:10 INFO CodecPool: Got brand-new compressor [.snappy]
[2024-10-07T23:34:10.969+0000] {spark_submit.py:579} INFO - 24/10/07 23:34:10 INFO FileScanRDD: Reading File path: file:///opt/***/datalake/rawzone/pichau_2024-10-07/data.json, range: 0-121684, partition values: [empty row]
[2024-10-07T23:34:10.980+0000] {spark_submit.py:579} INFO - 24/10/07 23:34:10 INFO CodeGenerator: Code generated in 8.093633 ms
[2024-10-07T23:34:11.006+0000] {spark_submit.py:579} INFO - 24/10/07 23:34:11 INFO CodeGenerator: Code generated in 7.362403 ms
[2024-10-07T23:34:11.421+0000] {spark_submit.py:579} INFO - 24/10/07 23:34:11 INFO FileOutputCommitter: Saved output of task 'attempt_202410072334104738367298275352658_0001_m_000000_1' to file:/opt/***/datalake/silverzone/pichau_2024-10-07/placa_mae.parquet/_temporary/0/task_202410072334104738367298275352658_0001_m_000000
[2024-10-07T23:34:11.422+0000] {spark_submit.py:579} INFO - 24/10/07 23:34:11 INFO SparkHadoopMapRedUtil: attempt_202410072334104738367298275352658_0001_m_000000_1: Committed. Elapsed time: 34 ms.
[2024-10-07T23:34:11.428+0000] {spark_submit.py:579} INFO - 24/10/07 23:34:11 INFO Executor: Finished task 0.0 in stage 1.0 (TID 1). 2669 bytes result sent to driver
[2024-10-07T23:34:11.430+0000] {spark_submit.py:579} INFO - 24/10/07 23:34:11 INFO TaskSetManager: Finished task 0.0 in stage 1.0 (TID 1) in 909 ms on 97b4e38b3eb9 (executor driver) (1/1)
[2024-10-07T23:34:11.431+0000] {spark_submit.py:579} INFO - 24/10/07 23:34:11 INFO TaskSchedulerImpl: Removed TaskSet 1.0, whose tasks have all completed, from pool
[2024-10-07T23:34:11.432+0000] {spark_submit.py:579} INFO - 24/10/07 23:34:11 INFO DAGScheduler: ResultStage 1 (parquet at NativeMethodAccessorImpl.java:0) finished in 0.952 s
[2024-10-07T23:34:11.432+0000] {spark_submit.py:579} INFO - 24/10/07 23:34:11 INFO DAGScheduler: Job 1 is finished. Cancelling potential speculative or zombie tasks for this job
[2024-10-07T23:34:11.433+0000] {spark_submit.py:579} INFO - 24/10/07 23:34:11 INFO TaskSchedulerImpl: Killing all running tasks in stage 1: Stage finished
[2024-10-07T23:34:11.434+0000] {spark_submit.py:579} INFO - 24/10/07 23:34:11 INFO DAGScheduler: Job 1 finished: parquet at NativeMethodAccessorImpl.java:0, took 0.956664 s
[2024-10-07T23:34:11.435+0000] {spark_submit.py:579} INFO - 24/10/07 23:34:11 INFO FileFormatWriter: Start to commit write Job 44c98cc4-5798-4d22-8a27-a14d9c4884ba.
[2024-10-07T23:34:11.631+0000] {spark_submit.py:579} INFO - 24/10/07 23:34:11 INFO FileFormatWriter: Write Job 44c98cc4-5798-4d22-8a27-a14d9c4884ba committed. Elapsed time: 195 ms.
[2024-10-07T23:34:11.634+0000] {spark_submit.py:579} INFO - 24/10/07 23:34:11 INFO FileFormatWriter: Finished processing stats for write job 44c98cc4-5798-4d22-8a27-a14d9c4884ba.
[2024-10-07T23:34:11.692+0000] {spark_submit.py:579} INFO - 24/10/07 23:34:11 INFO FileSourceStrategy: Pushed Filters: IsNotNull(category),EqualTo(category,memoria-ram)
[2024-10-07T23:34:11.693+0000] {spark_submit.py:579} INFO - 24/10/07 23:34:11 INFO FileSourceStrategy: Post-Scan Filters: isnotnull(category#8),(category#8 = memoria-ram)
[2024-10-07T23:34:11.704+0000] {spark_submit.py:579} INFO - 24/10/07 23:34:11 INFO ParquetUtils: Using default output committer for Parquet: org.apache.parquet.hadoop.ParquetOutputCommitter
[2024-10-07T23:34:11.705+0000] {spark_submit.py:579} INFO - 24/10/07 23:34:11 INFO FileOutputCommitter: File Output Committer Algorithm version is 1
[2024-10-07T23:34:11.706+0000] {spark_submit.py:579} INFO - 24/10/07 23:34:11 INFO FileOutputCommitter: FileOutputCommitter skip cleanup _temporary folders under output directory:false, ignore cleanup failures: false
[2024-10-07T23:34:11.706+0000] {spark_submit.py:579} INFO - 24/10/07 23:34:11 INFO SQLHadoopMapReduceCommitProtocol: Using user defined output committer class org.apache.parquet.hadoop.ParquetOutputCommitter
[2024-10-07T23:34:11.707+0000] {spark_submit.py:579} INFO - 24/10/07 23:34:11 INFO FileOutputCommitter: File Output Committer Algorithm version is 1
[2024-10-07T23:34:11.707+0000] {spark_submit.py:579} INFO - 24/10/07 23:34:11 INFO FileOutputCommitter: FileOutputCommitter skip cleanup _temporary folders under output directory:false, ignore cleanup failures: false
[2024-10-07T23:34:11.708+0000] {spark_submit.py:579} INFO - 24/10/07 23:34:11 INFO SQLHadoopMapReduceCommitProtocol: Using output committer class org.apache.parquet.hadoop.ParquetOutputCommitter
[2024-10-07T23:34:11.826+0000] {spark_submit.py:579} INFO - 24/10/07 23:34:11 INFO CodeGenerator: Code generated in 40.862582 ms
[2024-10-07T23:34:11.830+0000] {spark_submit.py:579} INFO - 24/10/07 23:34:11 INFO MemoryStore: Block broadcast_4 stored as values in memory (estimated size 199.3 KiB, free 126.5 MiB)
[2024-10-07T23:34:11.838+0000] {spark_submit.py:579} INFO - 24/10/07 23:34:11 INFO MemoryStore: Block broadcast_4_piece0 stored as bytes in memory (estimated size 34.2 KiB, free 126.4 MiB)
[2024-10-07T23:34:11.838+0000] {spark_submit.py:579} INFO - 24/10/07 23:34:11 INFO BlockManagerInfo: Added broadcast_4_piece0 in memory on 97b4e38b3eb9:37213 (size: 34.2 KiB, free: 127.1 MiB)
[2024-10-07T23:34:11.839+0000] {spark_submit.py:579} INFO - 24/10/07 23:34:11 INFO SparkContext: Created broadcast 4 from parquet at NativeMethodAccessorImpl.java:0
[2024-10-07T23:34:11.840+0000] {spark_submit.py:579} INFO - 24/10/07 23:34:11 INFO FileSourceScanExec: Planning scan with bin packing, max size: 4315988 bytes, open cost is considered as scanning 4194304 bytes.
[2024-10-07T23:34:11.847+0000] {spark_submit.py:579} INFO - 24/10/07 23:34:11 INFO SparkContext: Starting job: parquet at NativeMethodAccessorImpl.java:0
[2024-10-07T23:34:11.848+0000] {spark_submit.py:579} INFO - 24/10/07 23:34:11 INFO DAGScheduler: Got job 2 (parquet at NativeMethodAccessorImpl.java:0) with 1 output partitions
[2024-10-07T23:34:11.849+0000] {spark_submit.py:579} INFO - 24/10/07 23:34:11 INFO DAGScheduler: Final stage: ResultStage 2 (parquet at NativeMethodAccessorImpl.java:0)
[2024-10-07T23:34:11.849+0000] {spark_submit.py:579} INFO - 24/10/07 23:34:11 INFO DAGScheduler: Parents of final stage: List()
[2024-10-07T23:34:11.849+0000] {spark_submit.py:579} INFO - 24/10/07 23:34:11 INFO DAGScheduler: Missing parents: List()
[2024-10-07T23:34:11.850+0000] {spark_submit.py:579} INFO - 24/10/07 23:34:11 INFO DAGScheduler: Submitting ResultStage 2 (MapPartitionsRDD[11] at parquet at NativeMethodAccessorImpl.java:0), which has no missing parents
[2024-10-07T23:34:11.863+0000] {spark_submit.py:579} INFO - 24/10/07 23:34:11 INFO MemoryStore: Block broadcast_5 stored as values in memory (estimated size 237.1 KiB, free 126.2 MiB)
[2024-10-07T23:34:11.865+0000] {spark_submit.py:579} INFO - 24/10/07 23:34:11 INFO MemoryStore: Block broadcast_5_piece0 stored as bytes in memory (estimated size 83.5 KiB, free 126.1 MiB)
[2024-10-07T23:34:11.866+0000] {spark_submit.py:579} INFO - 24/10/07 23:34:11 INFO BlockManagerInfo: Added broadcast_5_piece0 in memory on 97b4e38b3eb9:37213 (size: 83.5 KiB, free: 127.0 MiB)
[2024-10-07T23:34:11.867+0000] {spark_submit.py:579} INFO - 24/10/07 23:34:11 INFO SparkContext: Created broadcast 5 from broadcast at DAGScheduler.scala:1585
[2024-10-07T23:34:11.868+0000] {spark_submit.py:579} INFO - 24/10/07 23:34:11 INFO DAGScheduler: Submitting 1 missing tasks from ResultStage 2 (MapPartitionsRDD[11] at parquet at NativeMethodAccessorImpl.java:0) (first 15 tasks are for partitions Vector(0))
[2024-10-07T23:34:11.869+0000] {spark_submit.py:579} INFO - 24/10/07 23:34:11 INFO TaskSchedulerImpl: Adding task set 2.0 with 1 tasks resource profile 0
[2024-10-07T23:34:11.870+0000] {spark_submit.py:579} INFO - 24/10/07 23:34:11 INFO TaskSetManager: Starting task 0.0 in stage 2.0 (TID 2) (97b4e38b3eb9, executor driver, partition 0, PROCESS_LOCAL, 9626 bytes)
[2024-10-07T23:34:11.870+0000] {spark_submit.py:579} INFO - 24/10/07 23:34:11 INFO Executor: Running task 0.0 in stage 2.0 (TID 2)
[2024-10-07T23:34:11.921+0000] {spark_submit.py:579} INFO - 24/10/07 23:34:11 INFO CodeGenerator: Code generated in 37.357437 ms
[2024-10-07T23:34:11.923+0000] {spark_submit.py:579} INFO - 24/10/07 23:34:11 INFO FileOutputCommitter: File Output Committer Algorithm version is 1
[2024-10-07T23:34:11.923+0000] {spark_submit.py:579} INFO - 24/10/07 23:34:11 INFO FileOutputCommitter: FileOutputCommitter skip cleanup _temporary folders under output directory:false, ignore cleanup failures: false
[2024-10-07T23:34:11.924+0000] {spark_submit.py:579} INFO - 24/10/07 23:34:11 INFO SQLHadoopMapReduceCommitProtocol: Using user defined output committer class org.apache.parquet.hadoop.ParquetOutputCommitter
[2024-10-07T23:34:11.924+0000] {spark_submit.py:579} INFO - 24/10/07 23:34:11 INFO FileOutputCommitter: File Output Committer Algorithm version is 1
[2024-10-07T23:34:11.925+0000] {spark_submit.py:579} INFO - 24/10/07 23:34:11 INFO FileOutputCommitter: FileOutputCommitter skip cleanup _temporary folders under output directory:false, ignore cleanup failures: false
[2024-10-07T23:34:11.925+0000] {spark_submit.py:579} INFO - 24/10/07 23:34:11 INFO SQLHadoopMapReduceCommitProtocol: Using output committer class org.apache.parquet.hadoop.ParquetOutputCommitter
[2024-10-07T23:34:11.926+0000] {spark_submit.py:579} INFO - 24/10/07 23:34:11 INFO CodecConfig: Compression: SNAPPY
[2024-10-07T23:34:11.926+0000] {spark_submit.py:579} INFO - 24/10/07 23:34:11 INFO CodecConfig: Compression: SNAPPY
[2024-10-07T23:34:11.927+0000] {spark_submit.py:579} INFO - 24/10/07 23:34:11 INFO ParquetOutputFormat: ParquetRecordWriter [block size: 134217728b, row group padding size: 8388608b, validating: false]
[2024-10-07T23:34:11.929+0000] {spark_submit.py:579} INFO - 24/10/07 23:34:11 INFO ParquetWriteSupport: Initialized Parquet WriteSupport with Catalyst schema:
[2024-10-07T23:34:11.930+0000] {spark_submit.py:579} INFO - {
[2024-10-07T23:34:11.930+0000] {spark_submit.py:579} INFO - "type" : "struct",
[2024-10-07T23:34:11.930+0000] {spark_submit.py:579} INFO - "fields" : [ {
[2024-10-07T23:34:11.931+0000] {spark_submit.py:579} INFO - "name" : "id_memoria_ram",
[2024-10-07T23:34:11.931+0000] {spark_submit.py:579} INFO - "type" : "long",
[2024-10-07T23:34:11.932+0000] {spark_submit.py:579} INFO - "nullable" : false,
[2024-10-07T23:34:11.932+0000] {spark_submit.py:579} INFO - "metadata" : { }
[2024-10-07T23:34:11.932+0000] {spark_submit.py:579} INFO - }, {
[2024-10-07T23:34:11.933+0000] {spark_submit.py:579} INFO - "name" : "name",
[2024-10-07T23:34:11.933+0000] {spark_submit.py:579} INFO - "type" : "string",
[2024-10-07T23:34:11.934+0000] {spark_submit.py:579} INFO - "nullable" : true,
[2024-10-07T23:34:11.934+0000] {spark_submit.py:579} INFO - "metadata" : { }
[2024-10-07T23:34:11.934+0000] {spark_submit.py:579} INFO - }, {
[2024-10-07T23:34:11.935+0000] {spark_submit.py:579} INFO - "name" : "marca",
[2024-10-07T23:34:11.935+0000] {spark_submit.py:579} INFO - "type" : "string",
[2024-10-07T23:34:11.935+0000] {spark_submit.py:579} INFO - "nullable" : true,
[2024-10-07T23:34:11.936+0000] {spark_submit.py:579} INFO - "metadata" : { }
[2024-10-07T23:34:11.936+0000] {spark_submit.py:579} INFO - }, {
[2024-10-07T23:34:11.936+0000] {spark_submit.py:579} INFO - "name" : "MHZ",
[2024-10-07T23:34:11.937+0000] {spark_submit.py:579} INFO - "type" : "long",
[2024-10-07T23:34:11.937+0000] {spark_submit.py:579} INFO - "nullable" : true,
[2024-10-07T23:34:11.937+0000] {spark_submit.py:579} INFO - "metadata" : { }
[2024-10-07T23:34:11.938+0000] {spark_submit.py:579} INFO - }, {
[2024-10-07T23:34:11.938+0000] {spark_submit.py:579} INFO - "name" : "GB",
[2024-10-07T23:34:11.938+0000] {spark_submit.py:579} INFO - "type" : "long",
[2024-10-07T23:34:11.939+0000] {spark_submit.py:579} INFO - "nullable" : true,
[2024-10-07T23:34:11.939+0000] {spark_submit.py:579} INFO - "metadata" : { }
[2024-10-07T23:34:11.939+0000] {spark_submit.py:579} INFO - }, {
[2024-10-07T23:34:11.940+0000] {spark_submit.py:579} INFO - "name" : "DDR",
[2024-10-07T23:34:11.940+0000] {spark_submit.py:579} INFO - "type" : "long",
[2024-10-07T23:34:11.940+0000] {spark_submit.py:579} INFO - "nullable" : true,
[2024-10-07T23:34:11.941+0000] {spark_submit.py:579} INFO - "metadata" : { }
[2024-10-07T23:34:11.941+0000] {spark_submit.py:579} INFO - }, {
[2024-10-07T23:34:11.941+0000] {spark_submit.py:579} INFO - "name" : "latencia",
[2024-10-07T23:34:11.942+0000] {spark_submit.py:579} INFO - "type" : "long",
[2024-10-07T23:34:11.942+0000] {spark_submit.py:579} INFO - "nullable" : true,
[2024-10-07T23:34:11.944+0000] {spark_submit.py:579} INFO - "metadata" : { }
[2024-10-07T23:34:11.945+0000] {spark_submit.py:579} INFO - }, {
[2024-10-07T23:34:11.945+0000] {spark_submit.py:579} INFO - "name" : "value",
[2024-10-07T23:34:11.945+0000] {spark_submit.py:579} INFO - "type" : "decimal(12,2)",
[2024-10-07T23:34:11.946+0000] {spark_submit.py:579} INFO - "nullable" : true,
[2024-10-07T23:34:11.946+0000] {spark_submit.py:579} INFO - "metadata" : { }
[2024-10-07T23:34:11.946+0000] {spark_submit.py:579} INFO - }, {
[2024-10-07T23:34:11.947+0000] {spark_submit.py:579} INFO - "name" : "link",
[2024-10-07T23:34:11.947+0000] {spark_submit.py:579} INFO - "type" : "string",
[2024-10-07T23:34:11.947+0000] {spark_submit.py:579} INFO - "nullable" : true,
[2024-10-07T23:34:11.948+0000] {spark_submit.py:579} INFO - "metadata" : { }
[2024-10-07T23:34:11.948+0000] {spark_submit.py:579} INFO - } ]
[2024-10-07T23:34:11.948+0000] {spark_submit.py:579} INFO - }
[2024-10-07T23:34:11.949+0000] {spark_submit.py:579} INFO - and corresponding Parquet message type:
[2024-10-07T23:34:11.949+0000] {spark_submit.py:579} INFO - message spark_schema {
[2024-10-07T23:34:11.949+0000] {spark_submit.py:579} INFO - required int64 id_memoria_ram;
[2024-10-07T23:34:11.950+0000] {spark_submit.py:579} INFO - optional binary name (STRING);
[2024-10-07T23:34:11.950+0000] {spark_submit.py:579} INFO - optional binary marca (STRING);
[2024-10-07T23:34:11.950+0000] {spark_submit.py:579} INFO - optional int64 MHZ;
[2024-10-07T23:34:11.951+0000] {spark_submit.py:579} INFO - optional int64 GB;
[2024-10-07T23:34:11.951+0000] {spark_submit.py:579} INFO - optional int64 DDR;
[2024-10-07T23:34:11.951+0000] {spark_submit.py:579} INFO - optional int64 latencia;
[2024-10-07T23:34:11.952+0000] {spark_submit.py:579} INFO - optional int64 value (DECIMAL(12,2));
[2024-10-07T23:34:11.952+0000] {spark_submit.py:579} INFO - optional binary link (STRING);
[2024-10-07T23:34:11.952+0000] {spark_submit.py:579} INFO - }
[2024-10-07T23:34:11.953+0000] {spark_submit.py:579} INFO - 
[2024-10-07T23:34:11.953+0000] {spark_submit.py:579} INFO - 
[2024-10-07T23:34:12.021+0000] {spark_submit.py:579} INFO - 24/10/07 23:34:12 INFO FileScanRDD: Reading File path: file:///opt/***/datalake/rawzone/pichau_2024-10-07/data.json, range: 0-121684, partition values: [empty row]
[2024-10-07T23:34:12.138+0000] {spark_submit.py:579} INFO - 24/10/07 23:34:12 INFO FileOutputCommitter: Saved output of task 'attempt_202410072334118825617070968979021_0002_m_000000_2' to file:/opt/***/datalake/silverzone/pichau_2024-10-07/memoria_k.parquet/_temporary/0/task_202410072334118825617070968979021_0002_m_000000
[2024-10-07T23:34:12.138+0000] {spark_submit.py:579} INFO - 24/10/07 23:34:12 INFO SparkHadoopMapRedUtil: attempt_202410072334118825617070968979021_0002_m_000000_2: Committed. Elapsed time: 33 ms.
[2024-10-07T23:34:12.140+0000] {spark_submit.py:579} INFO - 24/10/07 23:34:12 INFO Executor: Finished task 0.0 in stage 2.0 (TID 2). 2583 bytes result sent to driver
[2024-10-07T23:34:12.142+0000] {spark_submit.py:579} INFO - 24/10/07 23:34:12 INFO TaskSetManager: Finished task 0.0 in stage 2.0 (TID 2) in 272 ms on 97b4e38b3eb9 (executor driver) (1/1)
[2024-10-07T23:34:12.143+0000] {spark_submit.py:579} INFO - 24/10/07 23:34:12 INFO TaskSchedulerImpl: Removed TaskSet 2.0, whose tasks have all completed, from pool
[2024-10-07T23:34:12.143+0000] {spark_submit.py:579} INFO - 24/10/07 23:34:12 INFO DAGScheduler: ResultStage 2 (parquet at NativeMethodAccessorImpl.java:0) finished in 0.292 s
[2024-10-07T23:34:12.144+0000] {spark_submit.py:579} INFO - 24/10/07 23:34:12 INFO DAGScheduler: Job 2 is finished. Cancelling potential speculative or zombie tasks for this job
[2024-10-07T23:34:12.144+0000] {spark_submit.py:579} INFO - 24/10/07 23:34:12 INFO TaskSchedulerImpl: Killing all running tasks in stage 2: Stage finished
[2024-10-07T23:34:12.145+0000] {spark_submit.py:579} INFO - 24/10/07 23:34:12 INFO DAGScheduler: Job 2 finished: parquet at NativeMethodAccessorImpl.java:0, took 0.296285 s
[2024-10-07T23:34:12.145+0000] {spark_submit.py:579} INFO - 24/10/07 23:34:12 INFO FileFormatWriter: Start to commit write Job 50d781e0-eac5-48b6-a5da-dff0be46c583.
[2024-10-07T23:34:12.351+0000] {spark_submit.py:579} INFO - 24/10/07 23:34:12 INFO FileFormatWriter: Write Job 50d781e0-eac5-48b6-a5da-dff0be46c583 committed. Elapsed time: 206 ms.
[2024-10-07T23:34:12.351+0000] {spark_submit.py:579} INFO - 24/10/07 23:34:12 INFO FileFormatWriter: Finished processing stats for write job 50d781e0-eac5-48b6-a5da-dff0be46c583.
[2024-10-07T23:34:12.390+0000] {spark_submit.py:579} INFO - 24/10/07 23:34:12 INFO FileSourceStrategy: Pushed Filters: IsNotNull(category),EqualTo(category,processadores)
[2024-10-07T23:34:12.390+0000] {spark_submit.py:579} INFO - 24/10/07 23:34:12 INFO FileSourceStrategy: Post-Scan Filters: isnotnull(category#8),(category#8 = processadores)
[2024-10-07T23:34:12.400+0000] {spark_submit.py:579} INFO - 24/10/07 23:34:12 INFO ParquetUtils: Using default output committer for Parquet: org.apache.parquet.hadoop.ParquetOutputCommitter
[2024-10-07T23:34:12.402+0000] {spark_submit.py:579} INFO - 24/10/07 23:34:12 INFO FileOutputCommitter: File Output Committer Algorithm version is 1
[2024-10-07T23:34:12.402+0000] {spark_submit.py:579} INFO - 24/10/07 23:34:12 INFO FileOutputCommitter: FileOutputCommitter skip cleanup _temporary folders under output directory:false, ignore cleanup failures: false
[2024-10-07T23:34:12.402+0000] {spark_submit.py:579} INFO - 24/10/07 23:34:12 INFO SQLHadoopMapReduceCommitProtocol: Using user defined output committer class org.apache.parquet.hadoop.ParquetOutputCommitter
[2024-10-07T23:34:12.403+0000] {spark_submit.py:579} INFO - 24/10/07 23:34:12 INFO FileOutputCommitter: File Output Committer Algorithm version is 1
[2024-10-07T23:34:12.403+0000] {spark_submit.py:579} INFO - 24/10/07 23:34:12 INFO FileOutputCommitter: FileOutputCommitter skip cleanup _temporary folders under output directory:false, ignore cleanup failures: false
[2024-10-07T23:34:12.404+0000] {spark_submit.py:579} INFO - 24/10/07 23:34:12 INFO SQLHadoopMapReduceCommitProtocol: Using output committer class org.apache.parquet.hadoop.ParquetOutputCommitter
[2024-10-07T23:34:12.500+0000] {spark_submit.py:579} INFO - 24/10/07 23:34:12 INFO CodeGenerator: Code generated in 31.492496 ms
[2024-10-07T23:34:12.503+0000] {spark_submit.py:579} INFO - 24/10/07 23:34:12 INFO MemoryStore: Block broadcast_6 stored as values in memory (estimated size 199.3 KiB, free 125.9 MiB)
[2024-10-07T23:34:12.511+0000] {spark_submit.py:579} INFO - 24/10/07 23:34:12 INFO MemoryStore: Block broadcast_6_piece0 stored as bytes in memory (estimated size 34.2 KiB, free 125.9 MiB)
[2024-10-07T23:34:12.514+0000] {spark_submit.py:579} INFO - 24/10/07 23:34:12 INFO BlockManagerInfo: Added broadcast_6_piece0 in memory on 97b4e38b3eb9:37213 (size: 34.2 KiB, free: 126.9 MiB)
[2024-10-07T23:34:12.515+0000] {spark_submit.py:579} INFO - 24/10/07 23:34:12 INFO SparkContext: Created broadcast 6 from parquet at NativeMethodAccessorImpl.java:0
[2024-10-07T23:34:12.515+0000] {spark_submit.py:579} INFO - 24/10/07 23:34:12 INFO FileSourceScanExec: Planning scan with bin packing, max size: 4315988 bytes, open cost is considered as scanning 4194304 bytes.
[2024-10-07T23:34:12.520+0000] {spark_submit.py:579} INFO - 24/10/07 23:34:12 INFO SparkContext: Starting job: parquet at NativeMethodAccessorImpl.java:0
[2024-10-07T23:34:12.521+0000] {spark_submit.py:579} INFO - 24/10/07 23:34:12 INFO DAGScheduler: Got job 3 (parquet at NativeMethodAccessorImpl.java:0) with 1 output partitions
[2024-10-07T23:34:12.521+0000] {spark_submit.py:579} INFO - 24/10/07 23:34:12 INFO DAGScheduler: Final stage: ResultStage 3 (parquet at NativeMethodAccessorImpl.java:0)
[2024-10-07T23:34:12.522+0000] {spark_submit.py:579} INFO - 24/10/07 23:34:12 INFO DAGScheduler: Parents of final stage: List()
[2024-10-07T23:34:12.523+0000] {spark_submit.py:579} INFO - 24/10/07 23:34:12 INFO DAGScheduler: Missing parents: List()
[2024-10-07T23:34:12.523+0000] {spark_submit.py:579} INFO - 24/10/07 23:34:12 INFO DAGScheduler: Submitting ResultStage 3 (MapPartitionsRDD[15] at parquet at NativeMethodAccessorImpl.java:0), which has no missing parents
[2024-10-07T23:34:12.535+0000] {spark_submit.py:579} INFO - 24/10/07 23:34:12 INFO MemoryStore: Block broadcast_7 stored as values in memory (estimated size 231.3 KiB, free 125.7 MiB)
[2024-10-07T23:34:12.537+0000] {spark_submit.py:579} INFO - 24/10/07 23:34:12 INFO MemoryStore: Block broadcast_7_piece0 stored as bytes in memory (estimated size 82.0 KiB, free 125.6 MiB)
[2024-10-07T23:34:12.538+0000] {spark_submit.py:579} INFO - 24/10/07 23:34:12 INFO BlockManagerInfo: Added broadcast_7_piece0 in memory on 97b4e38b3eb9:37213 (size: 82.0 KiB, free: 126.9 MiB)
[2024-10-07T23:34:12.539+0000] {spark_submit.py:579} INFO - 24/10/07 23:34:12 INFO SparkContext: Created broadcast 7 from broadcast at DAGScheduler.scala:1585
[2024-10-07T23:34:12.539+0000] {spark_submit.py:579} INFO - 24/10/07 23:34:12 INFO DAGScheduler: Submitting 1 missing tasks from ResultStage 3 (MapPartitionsRDD[15] at parquet at NativeMethodAccessorImpl.java:0) (first 15 tasks are for partitions Vector(0))
[2024-10-07T23:34:12.540+0000] {spark_submit.py:579} INFO - 24/10/07 23:34:12 INFO TaskSchedulerImpl: Adding task set 3.0 with 1 tasks resource profile 0
[2024-10-07T23:34:12.540+0000] {spark_submit.py:579} INFO - 24/10/07 23:34:12 INFO TaskSetManager: Starting task 0.0 in stage 3.0 (TID 3) (97b4e38b3eb9, executor driver, partition 0, PROCESS_LOCAL, 9626 bytes)
[2024-10-07T23:34:12.541+0000] {spark_submit.py:579} INFO - 24/10/07 23:34:12 INFO Executor: Running task 0.0 in stage 3.0 (TID 3)
[2024-10-07T23:34:12.568+0000] {spark_submit.py:579} INFO - 24/10/07 23:34:12 INFO BlockManagerInfo: Removed broadcast_4_piece0 on 97b4e38b3eb9:37213 in memory (size: 34.2 KiB, free: 126.9 MiB)
[2024-10-07T23:34:12.606+0000] {spark_submit.py:579} INFO - 24/10/07 23:34:12 INFO BlockManagerInfo: Removed broadcast_2_piece0 on 97b4e38b3eb9:37213 in memory (size: 34.2 KiB, free: 126.9 MiB)
[2024-10-07T23:34:12.614+0000] {spark_submit.py:579} INFO - 24/10/07 23:34:12 INFO BlockManagerInfo: Removed broadcast_5_piece0 on 97b4e38b3eb9:37213 in memory (size: 83.5 KiB, free: 127.0 MiB)
[2024-10-07T23:34:12.618+0000] {spark_submit.py:579} INFO - 24/10/07 23:34:12 INFO BlockManagerInfo: Removed broadcast_3_piece0 on 97b4e38b3eb9:37213 in memory (size: 81.6 KiB, free: 127.1 MiB)
[2024-10-07T23:34:12.622+0000] {spark_submit.py:579} INFO - 24/10/07 23:34:12 INFO CodeGenerator: Code generated in 61.295823 ms
[2024-10-07T23:34:12.624+0000] {spark_submit.py:579} INFO - 24/10/07 23:34:12 INFO FileOutputCommitter: File Output Committer Algorithm version is 1
[2024-10-07T23:34:12.625+0000] {spark_submit.py:579} INFO - 24/10/07 23:34:12 INFO FileOutputCommitter: FileOutputCommitter skip cleanup _temporary folders under output directory:false, ignore cleanup failures: false
[2024-10-07T23:34:12.626+0000] {spark_submit.py:579} INFO - 24/10/07 23:34:12 INFO SQLHadoopMapReduceCommitProtocol: Using user defined output committer class org.apache.parquet.hadoop.ParquetOutputCommitter
[2024-10-07T23:34:12.627+0000] {spark_submit.py:579} INFO - 24/10/07 23:34:12 INFO FileOutputCommitter: File Output Committer Algorithm version is 1
[2024-10-07T23:34:12.628+0000] {spark_submit.py:579} INFO - 24/10/07 23:34:12 INFO FileOutputCommitter: FileOutputCommitter skip cleanup _temporary folders under output directory:false, ignore cleanup failures: false
[2024-10-07T23:34:12.629+0000] {spark_submit.py:579} INFO - 24/10/07 23:34:12 INFO SQLHadoopMapReduceCommitProtocol: Using output committer class org.apache.parquet.hadoop.ParquetOutputCommitter
[2024-10-07T23:34:12.630+0000] {spark_submit.py:579} INFO - 24/10/07 23:34:12 INFO CodecConfig: Compression: SNAPPY
[2024-10-07T23:34:12.632+0000] {spark_submit.py:579} INFO - 24/10/07 23:34:12 INFO CodecConfig: Compression: SNAPPY
[2024-10-07T23:34:12.634+0000] {spark_submit.py:579} INFO - 24/10/07 23:34:12 INFO ParquetOutputFormat: ParquetRecordWriter [block size: 134217728b, row group padding size: 8388608b, validating: false]
[2024-10-07T23:34:12.638+0000] {spark_submit.py:579} INFO - 24/10/07 23:34:12 INFO ParquetWriteSupport: Initialized Parquet WriteSupport with Catalyst schema:
[2024-10-07T23:34:12.638+0000] {spark_submit.py:579} INFO - {
[2024-10-07T23:34:12.639+0000] {spark_submit.py:579} INFO - "type" : "struct",
[2024-10-07T23:34:12.639+0000] {spark_submit.py:579} INFO - "fields" : [ {
[2024-10-07T23:34:12.639+0000] {spark_submit.py:579} INFO - "name" : "id_processador",
[2024-10-07T23:34:12.639+0000] {spark_submit.py:579} INFO - "type" : "long",
[2024-10-07T23:34:12.640+0000] {spark_submit.py:579} INFO - "nullable" : false,
[2024-10-07T23:34:12.640+0000] {spark_submit.py:579} INFO - "metadata" : { }
[2024-10-07T23:34:12.640+0000] {spark_submit.py:579} INFO - }, {
[2024-10-07T23:34:12.641+0000] {spark_submit.py:579} INFO - "name" : "marca",
[2024-10-07T23:34:12.641+0000] {spark_submit.py:579} INFO - "type" : "string",
[2024-10-07T23:34:12.641+0000] {spark_submit.py:579} INFO - "nullable" : true,
[2024-10-07T23:34:12.642+0000] {spark_submit.py:579} INFO - "metadata" : { }
[2024-10-07T23:34:12.642+0000] {spark_submit.py:579} INFO - }, {
[2024-10-07T23:34:12.642+0000] {spark_submit.py:579} INFO - "name" : "modelo",
[2024-10-07T23:34:12.643+0000] {spark_submit.py:579} INFO - "type" : "string",
[2024-10-07T23:34:12.644+0000] {spark_submit.py:579} INFO - "nullable" : true,
[2024-10-07T23:34:12.645+0000] {spark_submit.py:579} INFO - "metadata" : { }
[2024-10-07T23:34:12.645+0000] {spark_submit.py:579} INFO - }, {
[2024-10-07T23:34:12.645+0000] {spark_submit.py:579} INFO - "name" : "frequencia_base",
[2024-10-07T23:34:12.646+0000] {spark_submit.py:579} INFO - "type" : "double",
[2024-10-07T23:34:12.646+0000] {spark_submit.py:579} INFO - "nullable" : true,
[2024-10-07T23:34:12.646+0000] {spark_submit.py:579} INFO - "metadata" : { }
[2024-10-07T23:34:12.647+0000] {spark_submit.py:579} INFO - }, {
[2024-10-07T23:34:12.647+0000] {spark_submit.py:579} INFO - "name" : "cache",
[2024-10-07T23:34:12.647+0000] {spark_submit.py:579} INFO - "type" : "long",
[2024-10-07T23:34:12.648+0000] {spark_submit.py:579} INFO - "nullable" : true,
[2024-10-07T23:34:12.648+0000] {spark_submit.py:579} INFO - "metadata" : { }
[2024-10-07T23:34:12.649+0000] {spark_submit.py:579} INFO - }, {
[2024-10-07T23:34:12.649+0000] {spark_submit.py:579} INFO - "name" : "value",
[2024-10-07T23:34:12.649+0000] {spark_submit.py:579} INFO - "type" : "decimal(12,2)",
[2024-10-07T23:34:12.650+0000] {spark_submit.py:579} INFO - "nullable" : true,
[2024-10-07T23:34:12.650+0000] {spark_submit.py:579} INFO - "metadata" : { }
[2024-10-07T23:34:12.651+0000] {spark_submit.py:579} INFO - }, {
[2024-10-07T23:34:12.651+0000] {spark_submit.py:579} INFO - "name" : "link",
[2024-10-07T23:34:12.652+0000] {spark_submit.py:579} INFO - "type" : "string",
[2024-10-07T23:34:12.652+0000] {spark_submit.py:579} INFO - "nullable" : true,
[2024-10-07T23:34:12.653+0000] {spark_submit.py:579} INFO - "metadata" : { }
[2024-10-07T23:34:12.653+0000] {spark_submit.py:579} INFO - } ]
[2024-10-07T23:34:12.654+0000] {spark_submit.py:579} INFO - }
[2024-10-07T23:34:12.655+0000] {spark_submit.py:579} INFO - and corresponding Parquet message type:
[2024-10-07T23:34:12.656+0000] {spark_submit.py:579} INFO - message spark_schema {
[2024-10-07T23:34:12.656+0000] {spark_submit.py:579} INFO - required int64 id_processador;
[2024-10-07T23:34:12.657+0000] {spark_submit.py:579} INFO - optional binary marca (STRING);
[2024-10-07T23:34:12.657+0000] {spark_submit.py:579} INFO - optional binary modelo (STRING);
[2024-10-07T23:34:12.658+0000] {spark_submit.py:579} INFO - optional double frequencia_base;
[2024-10-07T23:34:12.658+0000] {spark_submit.py:579} INFO - optional int64 cache;
[2024-10-07T23:34:12.658+0000] {spark_submit.py:579} INFO - optional int64 value (DECIMAL(12,2));
[2024-10-07T23:34:12.659+0000] {spark_submit.py:579} INFO - optional binary link (STRING);
[2024-10-07T23:34:12.659+0000] {spark_submit.py:579} INFO - }
[2024-10-07T23:34:12.660+0000] {spark_submit.py:579} INFO - 
[2024-10-07T23:34:12.660+0000] {spark_submit.py:579} INFO - 
[2024-10-07T23:34:12.738+0000] {spark_submit.py:579} INFO - 24/10/07 23:34:12 INFO FileScanRDD: Reading File path: file:///opt/***/datalake/rawzone/pichau_2024-10-07/data.json, range: 0-121684, partition values: [empty row]
[2024-10-07T23:34:12.860+0000] {spark_submit.py:579} INFO - 24/10/07 23:34:12 INFO FileOutputCommitter: Saved output of task 'attempt_202410072334124911073436480944710_0003_m_000000_3' to file:/opt/***/datalake/silverzone/pichau_2024-10-07/processador_k.parquet/_temporary/0/task_202410072334124911073436480944710_0003_m_000000
[2024-10-07T23:34:12.861+0000] {spark_submit.py:579} INFO - 24/10/07 23:34:12 INFO SparkHadoopMapRedUtil: attempt_202410072334124911073436480944710_0003_m_000000_3: Committed. Elapsed time: 34 ms.
[2024-10-07T23:34:12.862+0000] {spark_submit.py:579} INFO - 24/10/07 23:34:12 INFO Executor: Finished task 0.0 in stage 3.0 (TID 3). 2626 bytes result sent to driver
[2024-10-07T23:34:12.865+0000] {spark_submit.py:579} INFO - 24/10/07 23:34:12 INFO TaskSetManager: Finished task 0.0 in stage 3.0 (TID 3) in 324 ms on 97b4e38b3eb9 (executor driver) (1/1)
[2024-10-07T23:34:12.865+0000] {spark_submit.py:579} INFO - 24/10/07 23:34:12 INFO TaskSchedulerImpl: Removed TaskSet 3.0, whose tasks have all completed, from pool
[2024-10-07T23:34:12.867+0000] {spark_submit.py:579} INFO - 24/10/07 23:34:12 INFO DAGScheduler: ResultStage 3 (parquet at NativeMethodAccessorImpl.java:0) finished in 0.343 s
[2024-10-07T23:34:12.867+0000] {spark_submit.py:579} INFO - 24/10/07 23:34:12 INFO DAGScheduler: Job 3 is finished. Cancelling potential speculative or zombie tasks for this job
[2024-10-07T23:34:12.868+0000] {spark_submit.py:579} INFO - 24/10/07 23:34:12 INFO TaskSchedulerImpl: Killing all running tasks in stage 3: Stage finished
[2024-10-07T23:34:12.868+0000] {spark_submit.py:579} INFO - 24/10/07 23:34:12 INFO DAGScheduler: Job 3 finished: parquet at NativeMethodAccessorImpl.java:0, took 0.348063 s
[2024-10-07T23:34:12.868+0000] {spark_submit.py:579} INFO - 24/10/07 23:34:12 INFO FileFormatWriter: Start to commit write Job 02f3c8bc-b111-4cdd-9263-5695e94b40fb.
[2024-10-07T23:34:13.066+0000] {spark_submit.py:579} INFO - 24/10/07 23:34:13 INFO FileFormatWriter: Write Job 02f3c8bc-b111-4cdd-9263-5695e94b40fb committed. Elapsed time: 198 ms.
[2024-10-07T23:34:13.067+0000] {spark_submit.py:579} INFO - 24/10/07 23:34:13 INFO FileFormatWriter: Finished processing stats for write job 02f3c8bc-b111-4cdd-9263-5695e94b40fb.
[2024-10-07T23:34:13.118+0000] {spark_submit.py:579} INFO - 24/10/07 23:34:13 INFO FileSourceStrategy: Pushed Filters: IsNotNull(category),EqualTo(category,placa-de-video-vga)
[2024-10-07T23:34:13.121+0000] {spark_submit.py:579} INFO - 24/10/07 23:34:13 INFO FileSourceStrategy: Post-Scan Filters: isnotnull(category#8),(category#8 = placa-de-video-vga)
[2024-10-07T23:34:13.146+0000] {spark_submit.py:579} INFO - 24/10/07 23:34:13 INFO ParquetUtils: Using default output committer for Parquet: org.apache.parquet.hadoop.ParquetOutputCommitter
[2024-10-07T23:34:13.148+0000] {spark_submit.py:579} INFO - 24/10/07 23:34:13 INFO FileOutputCommitter: File Output Committer Algorithm version is 1
[2024-10-07T23:34:13.149+0000] {spark_submit.py:579} INFO - 24/10/07 23:34:13 INFO FileOutputCommitter: FileOutputCommitter skip cleanup _temporary folders under output directory:false, ignore cleanup failures: false
[2024-10-07T23:34:13.149+0000] {spark_submit.py:579} INFO - 24/10/07 23:34:13 INFO SQLHadoopMapReduceCommitProtocol: Using user defined output committer class org.apache.parquet.hadoop.ParquetOutputCommitter
[2024-10-07T23:34:13.151+0000] {spark_submit.py:579} INFO - 24/10/07 23:34:13 INFO FileOutputCommitter: File Output Committer Algorithm version is 1
[2024-10-07T23:34:13.151+0000] {spark_submit.py:579} INFO - 24/10/07 23:34:13 INFO FileOutputCommitter: FileOutputCommitter skip cleanup _temporary folders under output directory:false, ignore cleanup failures: false
[2024-10-07T23:34:13.152+0000] {spark_submit.py:579} INFO - 24/10/07 23:34:13 INFO SQLHadoopMapReduceCommitProtocol: Using output committer class org.apache.parquet.hadoop.ParquetOutputCommitter
[2024-10-07T23:34:13.244+0000] {spark_submit.py:579} INFO - 24/10/07 23:34:13 INFO CodeGenerator: Code generated in 20.034925 ms
[2024-10-07T23:34:13.247+0000] {spark_submit.py:579} INFO - 24/10/07 23:34:13 INFO MemoryStore: Block broadcast_8 stored as values in memory (estimated size 199.3 KiB, free 126.5 MiB)
[2024-10-07T23:34:13.254+0000] {spark_submit.py:579} INFO - 24/10/07 23:34:13 INFO MemoryStore: Block broadcast_8_piece0 stored as bytes in memory (estimated size 34.2 KiB, free 126.4 MiB)
[2024-10-07T23:34:13.256+0000] {spark_submit.py:579} INFO - 24/10/07 23:34:13 INFO BlockManagerInfo: Added broadcast_8_piece0 in memory on 97b4e38b3eb9:37213 (size: 34.2 KiB, free: 127.1 MiB)
[2024-10-07T23:34:13.256+0000] {spark_submit.py:579} INFO - 24/10/07 23:34:13 INFO SparkContext: Created broadcast 8 from parquet at NativeMethodAccessorImpl.java:0
[2024-10-07T23:34:13.257+0000] {spark_submit.py:579} INFO - 24/10/07 23:34:13 INFO FileSourceScanExec: Planning scan with bin packing, max size: 4315988 bytes, open cost is considered as scanning 4194304 bytes.
[2024-10-07T23:34:13.266+0000] {spark_submit.py:579} INFO - 24/10/07 23:34:13 INFO SparkContext: Starting job: parquet at NativeMethodAccessorImpl.java:0
[2024-10-07T23:34:13.267+0000] {spark_submit.py:579} INFO - 24/10/07 23:34:13 INFO DAGScheduler: Got job 4 (parquet at NativeMethodAccessorImpl.java:0) with 1 output partitions
[2024-10-07T23:34:13.268+0000] {spark_submit.py:579} INFO - 24/10/07 23:34:13 INFO DAGScheduler: Final stage: ResultStage 4 (parquet at NativeMethodAccessorImpl.java:0)
[2024-10-07T23:34:13.268+0000] {spark_submit.py:579} INFO - 24/10/07 23:34:13 INFO DAGScheduler: Parents of final stage: List()
[2024-10-07T23:34:13.269+0000] {spark_submit.py:579} INFO - 24/10/07 23:34:13 INFO DAGScheduler: Missing parents: List()
[2024-10-07T23:34:13.269+0000] {spark_submit.py:579} INFO - 24/10/07 23:34:13 INFO DAGScheduler: Submitting ResultStage 4 (MapPartitionsRDD[19] at parquet at NativeMethodAccessorImpl.java:0), which has no missing parents
[2024-10-07T23:34:13.283+0000] {spark_submit.py:579} INFO - 24/10/07 23:34:13 INFO MemoryStore: Block broadcast_9 stored as values in memory (estimated size 229.4 KiB, free 126.2 MiB)
[2024-10-07T23:34:13.284+0000] {spark_submit.py:579} INFO - 24/10/07 23:34:13 INFO MemoryStore: Block broadcast_9_piece0 stored as bytes in memory (estimated size 81.6 KiB, free 126.1 MiB)
[2024-10-07T23:34:13.288+0000] {spark_submit.py:579} INFO - 24/10/07 23:34:13 INFO BlockManagerInfo: Added broadcast_9_piece0 in memory on 97b4e38b3eb9:37213 (size: 81.6 KiB, free: 127.0 MiB)
[2024-10-07T23:34:13.289+0000] {spark_submit.py:579} INFO - 24/10/07 23:34:13 INFO SparkContext: Created broadcast 9 from broadcast at DAGScheduler.scala:1585
[2024-10-07T23:34:13.290+0000] {spark_submit.py:579} INFO - 24/10/07 23:34:13 INFO DAGScheduler: Submitting 1 missing tasks from ResultStage 4 (MapPartitionsRDD[19] at parquet at NativeMethodAccessorImpl.java:0) (first 15 tasks are for partitions Vector(0))
[2024-10-07T23:34:13.290+0000] {spark_submit.py:579} INFO - 24/10/07 23:34:13 INFO TaskSchedulerImpl: Adding task set 4.0 with 1 tasks resource profile 0
[2024-10-07T23:34:13.291+0000] {spark_submit.py:579} INFO - 24/10/07 23:34:13 INFO TaskSetManager: Starting task 0.0 in stage 4.0 (TID 4) (97b4e38b3eb9, executor driver, partition 0, PROCESS_LOCAL, 9626 bytes)
[2024-10-07T23:34:13.306+0000] {spark_submit.py:579} INFO - 24/10/07 23:34:13 INFO Executor: Running task 0.0 in stage 4.0 (TID 4)
[2024-10-07T23:34:13.332+0000] {spark_submit.py:579} INFO - 24/10/07 23:34:13 INFO CodeGenerator: Code generated in 23.920285 ms
[2024-10-07T23:34:13.333+0000] {spark_submit.py:579} INFO - 24/10/07 23:34:13 INFO FileOutputCommitter: File Output Committer Algorithm version is 1
[2024-10-07T23:34:13.334+0000] {spark_submit.py:579} INFO - 24/10/07 23:34:13 INFO FileOutputCommitter: FileOutputCommitter skip cleanup _temporary folders under output directory:false, ignore cleanup failures: false
[2024-10-07T23:34:13.334+0000] {spark_submit.py:579} INFO - 24/10/07 23:34:13 INFO SQLHadoopMapReduceCommitProtocol: Using user defined output committer class org.apache.parquet.hadoop.ParquetOutputCommitter
[2024-10-07T23:34:13.335+0000] {spark_submit.py:579} INFO - 24/10/07 23:34:13 INFO FileOutputCommitter: File Output Committer Algorithm version is 1
[2024-10-07T23:34:13.335+0000] {spark_submit.py:579} INFO - 24/10/07 23:34:13 INFO FileOutputCommitter: FileOutputCommitter skip cleanup _temporary folders under output directory:false, ignore cleanup failures: false
[2024-10-07T23:34:13.335+0000] {spark_submit.py:579} INFO - 24/10/07 23:34:13 INFO SQLHadoopMapReduceCommitProtocol: Using output committer class org.apache.parquet.hadoop.ParquetOutputCommitter
[2024-10-07T23:34:13.336+0000] {spark_submit.py:579} INFO - 24/10/07 23:34:13 INFO CodecConfig: Compression: SNAPPY
[2024-10-07T23:34:13.336+0000] {spark_submit.py:579} INFO - 24/10/07 23:34:13 INFO CodecConfig: Compression: SNAPPY
[2024-10-07T23:34:13.337+0000] {spark_submit.py:579} INFO - 24/10/07 23:34:13 INFO ParquetOutputFormat: ParquetRecordWriter [block size: 134217728b, row group padding size: 8388608b, validating: false]
[2024-10-07T23:34:13.337+0000] {spark_submit.py:579} INFO - 24/10/07 23:34:13 INFO ParquetWriteSupport: Initialized Parquet WriteSupport with Catalyst schema:
[2024-10-07T23:34:13.338+0000] {spark_submit.py:579} INFO - {
[2024-10-07T23:34:13.338+0000] {spark_submit.py:579} INFO - "type" : "struct",
[2024-10-07T23:34:13.338+0000] {spark_submit.py:579} INFO - "fields" : [ {
[2024-10-07T23:34:13.339+0000] {spark_submit.py:579} INFO - "name" : "id_placa_video",
[2024-10-07T23:34:13.340+0000] {spark_submit.py:579} INFO - "type" : "long",
[2024-10-07T23:34:13.340+0000] {spark_submit.py:579} INFO - "nullable" : false,
[2024-10-07T23:34:13.341+0000] {spark_submit.py:579} INFO - "metadata" : { }
[2024-10-07T23:34:13.341+0000] {spark_submit.py:579} INFO - }, {
[2024-10-07T23:34:13.343+0000] {spark_submit.py:579} INFO - "name" : "marca",
[2024-10-07T23:34:13.344+0000] {spark_submit.py:579} INFO - "type" : "string",
[2024-10-07T23:34:13.344+0000] {spark_submit.py:579} INFO - "nullable" : true,
[2024-10-07T23:34:13.345+0000] {spark_submit.py:579} INFO - "metadata" : { }
[2024-10-07T23:34:13.345+0000] {spark_submit.py:579} INFO - }, {
[2024-10-07T23:34:13.348+0000] {spark_submit.py:579} INFO - "name" : "modelo",
[2024-10-07T23:34:13.350+0000] {spark_submit.py:579} INFO - "type" : "string",
[2024-10-07T23:34:13.351+0000] {spark_submit.py:579} INFO - "nullable" : true,
[2024-10-07T23:34:13.352+0000] {spark_submit.py:579} INFO - "metadata" : { }
[2024-10-07T23:34:13.353+0000] {spark_submit.py:579} INFO - }, {
[2024-10-07T23:34:13.353+0000] {spark_submit.py:579} INFO - "name" : "GB",
[2024-10-07T23:34:13.354+0000] {spark_submit.py:579} INFO - "type" : "long",
[2024-10-07T23:34:13.354+0000] {spark_submit.py:579} INFO - "nullable" : true,
[2024-10-07T23:34:13.354+0000] {spark_submit.py:579} INFO - "metadata" : { }
[2024-10-07T23:34:13.355+0000] {spark_submit.py:579} INFO - }, {
[2024-10-07T23:34:13.355+0000] {spark_submit.py:579} INFO - "name" : "tipo_memoria",
[2024-10-07T23:34:13.355+0000] {spark_submit.py:579} INFO - "type" : "string",
[2024-10-07T23:34:13.356+0000] {spark_submit.py:579} INFO - "nullable" : true,
[2024-10-07T23:34:13.356+0000] {spark_submit.py:579} INFO - "metadata" : { }
[2024-10-07T23:34:13.356+0000] {spark_submit.py:579} INFO - }, {
[2024-10-07T23:34:13.357+0000] {spark_submit.py:579} INFO - "name" : "value",
[2024-10-07T23:34:13.358+0000] {spark_submit.py:579} INFO - "type" : "decimal(12,2)",
[2024-10-07T23:34:13.358+0000] {spark_submit.py:579} INFO - "nullable" : true,
[2024-10-07T23:34:13.359+0000] {spark_submit.py:579} INFO - "metadata" : { }
[2024-10-07T23:34:13.359+0000] {spark_submit.py:579} INFO - }, {
[2024-10-07T23:34:13.360+0000] {spark_submit.py:579} INFO - "name" : "link",
[2024-10-07T23:34:13.360+0000] {spark_submit.py:579} INFO - "type" : "string",
[2024-10-07T23:34:13.361+0000] {spark_submit.py:579} INFO - "nullable" : true,
[2024-10-07T23:34:13.361+0000] {spark_submit.py:579} INFO - "metadata" : { }
[2024-10-07T23:34:13.362+0000] {spark_submit.py:579} INFO - } ]
[2024-10-07T23:34:13.362+0000] {spark_submit.py:579} INFO - }
[2024-10-07T23:34:13.362+0000] {spark_submit.py:579} INFO - and corresponding Parquet message type:
[2024-10-07T23:34:13.363+0000] {spark_submit.py:579} INFO - message spark_schema {
[2024-10-07T23:34:13.363+0000] {spark_submit.py:579} INFO - required int64 id_placa_video;
[2024-10-07T23:34:13.364+0000] {spark_submit.py:579} INFO - optional binary marca (STRING);
[2024-10-07T23:34:13.364+0000] {spark_submit.py:579} INFO - optional binary modelo (STRING);
[2024-10-07T23:34:13.365+0000] {spark_submit.py:579} INFO - optional int64 GB;
[2024-10-07T23:34:13.365+0000] {spark_submit.py:579} INFO - optional binary tipo_memoria (STRING);
[2024-10-07T23:34:13.365+0000] {spark_submit.py:579} INFO - optional int64 value (DECIMAL(12,2));
[2024-10-07T23:34:13.365+0000] {spark_submit.py:579} INFO - optional binary link (STRING);
[2024-10-07T23:34:13.366+0000] {spark_submit.py:579} INFO - }
[2024-10-07T23:34:13.366+0000] {spark_submit.py:579} INFO - 
[2024-10-07T23:34:13.366+0000] {spark_submit.py:579} INFO - 
[2024-10-07T23:34:13.459+0000] {spark_submit.py:579} INFO - 24/10/07 23:34:13 INFO FileScanRDD: Reading File path: file:///opt/***/datalake/rawzone/pichau_2024-10-07/data.json, range: 0-121684, partition values: [empty row]
[2024-10-07T23:34:13.563+0000] {spark_submit.py:579} INFO - 24/10/07 23:34:13 INFO FileOutputCommitter: Saved output of task 'attempt_20241007233413383762138795973278_0004_m_000000_4' to file:/opt/***/datalake/silverzone/pichau_2024-10-07/placa_video_k.parquet/_temporary/0/task_20241007233413383762138795973278_0004_m_000000
[2024-10-07T23:34:13.564+0000] {spark_submit.py:579} INFO - 24/10/07 23:34:13 INFO SparkHadoopMapRedUtil: attempt_20241007233413383762138795973278_0004_m_000000_4: Committed. Elapsed time: 32 ms.
[2024-10-07T23:34:13.565+0000] {spark_submit.py:579} INFO - 24/10/07 23:34:13 INFO Executor: Finished task 0.0 in stage 4.0 (TID 4). 2583 bytes result sent to driver
[2024-10-07T23:34:13.567+0000] {spark_submit.py:579} INFO - 24/10/07 23:34:13 INFO TaskSetManager: Finished task 0.0 in stage 4.0 (TID 4) in 275 ms on 97b4e38b3eb9 (executor driver) (1/1)
[2024-10-07T23:34:13.569+0000] {spark_submit.py:579} INFO - 24/10/07 23:34:13 INFO TaskSchedulerImpl: Removed TaskSet 4.0, whose tasks have all completed, from pool
[2024-10-07T23:34:13.570+0000] {spark_submit.py:579} INFO - 24/10/07 23:34:13 INFO DAGScheduler: ResultStage 4 (parquet at NativeMethodAccessorImpl.java:0) finished in 0.298 s
[2024-10-07T23:34:13.570+0000] {spark_submit.py:579} INFO - 24/10/07 23:34:13 INFO DAGScheduler: Job 4 is finished. Cancelling potential speculative or zombie tasks for this job
[2024-10-07T23:34:13.571+0000] {spark_submit.py:579} INFO - 24/10/07 23:34:13 INFO TaskSchedulerImpl: Killing all running tasks in stage 4: Stage finished
[2024-10-07T23:34:13.571+0000] {spark_submit.py:579} INFO - 24/10/07 23:34:13 INFO DAGScheduler: Job 4 finished: parquet at NativeMethodAccessorImpl.java:0, took 0.302701 s
[2024-10-07T23:34:13.571+0000] {spark_submit.py:579} INFO - 24/10/07 23:34:13 INFO FileFormatWriter: Start to commit write Job 8d9ca785-d7fa-44d7-b4fd-7c647b29a4f6.
[2024-10-07T23:34:13.758+0000] {spark_submit.py:579} INFO - 24/10/07 23:34:13 INFO FileFormatWriter: Write Job 8d9ca785-d7fa-44d7-b4fd-7c647b29a4f6 committed. Elapsed time: 188 ms.
[2024-10-07T23:34:13.759+0000] {spark_submit.py:579} INFO - 24/10/07 23:34:13 INFO FileFormatWriter: Finished processing stats for write job 8d9ca785-d7fa-44d7-b4fd-7c647b29a4f6.
[2024-10-07T23:34:13.759+0000] {spark_submit.py:579} INFO - 24/10/07 23:34:13 INFO SparkContext: SparkContext is stopping with exitCode 0.
[2024-10-07T23:34:13.769+0000] {spark_submit.py:579} INFO - 24/10/07 23:34:13 INFO SparkUI: Stopped Spark web UI at http://97b4e38b3eb9:4040
[2024-10-07T23:34:13.779+0000] {spark_submit.py:579} INFO - 24/10/07 23:34:13 INFO MapOutputTrackerMasterEndpoint: MapOutputTrackerMasterEndpoint stopped!
[2024-10-07T23:34:13.789+0000] {spark_submit.py:579} INFO - 24/10/07 23:34:13 INFO MemoryStore: MemoryStore cleared
[2024-10-07T23:34:13.789+0000] {spark_submit.py:579} INFO - 24/10/07 23:34:13 INFO BlockManager: BlockManager stopped
[2024-10-07T23:34:13.792+0000] {spark_submit.py:579} INFO - 24/10/07 23:34:13 INFO BlockManagerMaster: BlockManagerMaster stopped
[2024-10-07T23:34:13.794+0000] {spark_submit.py:579} INFO - 24/10/07 23:34:13 INFO OutputCommitCoordinator$OutputCommitCoordinatorEndpoint: OutputCommitCoordinator stopped!
[2024-10-07T23:34:13.799+0000] {spark_submit.py:579} INFO - 24/10/07 23:34:13 INFO SparkContext: Successfully stopped SparkContext
[2024-10-07T23:34:14.317+0000] {spark_submit.py:579} INFO - 24/10/07 23:34:14 INFO ShutdownHookManager: Shutdown hook called
[2024-10-07T23:34:14.318+0000] {spark_submit.py:579} INFO - 24/10/07 23:34:14 INFO ShutdownHookManager: Deleting directory /tmp/spark-628610ba-f05e-4aaa-a65a-83f655aaf342
[2024-10-07T23:34:14.322+0000] {spark_submit.py:579} INFO - 24/10/07 23:34:14 INFO ShutdownHookManager: Deleting directory /tmp/spark-5f2e4ff5-a1f3-4c3d-8578-b08787ab610a/pyspark-6c97c14d-dcc0-44f7-b860-ec9c0c2f42a0
[2024-10-07T23:34:14.325+0000] {spark_submit.py:579} INFO - 24/10/07 23:34:14 INFO ShutdownHookManager: Deleting directory /tmp/spark-5f2e4ff5-a1f3-4c3d-8578-b08787ab610a
[2024-10-07T23:34:14.370+0000] {taskinstance.py:340} INFO - ::group::Post task execution logs
[2024-10-07T23:34:14.371+0000] {taskinstance.py:352} INFO - Marking task as SUCCESS. dag_id=pipeline_webscraping, task_id=pichau_tasks.Spark_Transformation_pichau, run_id=manual__2024-10-07T23:31:26.493529+00:00, execution_date=20241007T233126, start_date=20241007T233359, end_date=20241007T233414
[2024-10-07T23:34:14.400+0000] {local_task_job_runner.py:266} INFO - Task exited with return code 0
[2024-10-07T23:34:14.428+0000] {taskinstance.py:3900} INFO - 1 downstream tasks scheduled from follow-on schedule check
[2024-10-07T23:34:14.434+0000] {local_task_job_runner.py:245} INFO - ::endgroup::
