[2024-09-17T22:40:25.015+0000] {local_task_job_runner.py:123} INFO - ::group::Pre task execution logs
[2024-09-17T22:40:25.031+0000] {taskinstance.py:2612} INFO - Dependencies all met for dep_context=non-requeueable deps ti=<TaskInstance: SitesWebScraping.create_container_kabum manual__2024-09-17T22:40:24.071490+00:00 [queued]>
[2024-09-17T22:40:25.037+0000] {taskinstance.py:2612} INFO - Dependencies all met for dep_context=requeueable deps ti=<TaskInstance: SitesWebScraping.create_container_kabum manual__2024-09-17T22:40:24.071490+00:00 [queued]>
[2024-09-17T22:40:25.038+0000] {taskinstance.py:2865} INFO - Starting attempt 1 of 1
[2024-09-17T22:40:25.054+0000] {taskinstance.py:2888} INFO - Executing <Task(CreateContainerInDataLake): create_container_kabum> on 2024-09-17 22:40:24.071490+00:00
[2024-09-17T22:40:25.059+0000] {warnings.py:112} WARNING - /home/***/.local/lib/python3.12/site-packages/***/task/task_runner/standard_task_runner.py:70: DeprecationWarning: This process (pid=107) is multi-threaded, use of fork() may lead to deadlocks in the child.
  pid = os.fork()

[2024-09-17T22:40:25.060+0000] {standard_task_runner.py:72} INFO - Started process 108 to run task
[2024-09-17T22:40:25.060+0000] {standard_task_runner.py:104} INFO - Running: ['***', 'tasks', 'run', 'SitesWebScraping', 'create_container_kabum', 'manual__2024-09-17T22:40:24.071490+00:00', '--job-id', '330', '--raw', '--subdir', 'DAGS_FOLDER/DagWebScraping.py', '--cfg-path', '/tmp/tmpha_qcg_7']
[2024-09-17T22:40:25.062+0000] {standard_task_runner.py:105} INFO - Job 330: Subtask create_container_kabum
[2024-09-17T22:40:25.107+0000] {task_command.py:467} INFO - Running <TaskInstance: SitesWebScraping.create_container_kabum manual__2024-09-17T22:40:24.071490+00:00 [running]> on host f68b46b1a319
[2024-09-17T22:40:25.181+0000] {taskinstance.py:3131} INFO - Exporting env vars: AIRFLOW_CTX_DAG_OWNER='***' AIRFLOW_CTX_DAG_ID='SitesWebScraping' AIRFLOW_CTX_TASK_ID='create_container_kabum' AIRFLOW_CTX_EXECUTION_DATE='2024-09-17T22:40:24.071490+00:00' AIRFLOW_CTX_TRY_NUMBER='1' AIRFLOW_CTX_DAG_RUN_ID='manual__2024-09-17T22:40:24.071490+00:00'
[2024-09-17T22:40:25.182+0000] {taskinstance.py:731} INFO - ::endgroup::
[2024-09-17T22:40:25.201+0000] {baseoperator.py:405} WARNING - CreateContainerInDataLake.execute cannot be called outside TaskInstance!
[2024-09-17T22:40:25.202+0000] {subprocess.py:63} INFO - Tmp dir root location: /tmp
[2024-09-17T22:40:25.203+0000] {subprocess.py:75} INFO - Running command: ['/usr/bin/bash', '-c', 'mkdir -p /opt/***/datalake/rawzone/kabum=2024-09-17']
[2024-09-17T22:40:25.210+0000] {subprocess.py:86} INFO - Output:
[2024-09-17T22:40:25.215+0000] {subprocess.py:97} INFO - Command exited with return code 0
[2024-09-17T22:40:25.255+0000] {taskinstance.py:340} INFO - ::group::Post task execution logs
[2024-09-17T22:40:25.256+0000] {taskinstance.py:352} INFO - Marking task as SUCCESS. dag_id=SitesWebScraping, task_id=create_container_kabum, run_id=manual__2024-09-17T22:40:24.071490+00:00, execution_date=20240917T224024, start_date=20240917T224025, end_date=20240917T224025
[2024-09-17T22:40:25.316+0000] {local_task_job_runner.py:266} INFO - Task exited with return code 0
[2024-09-17T22:40:25.346+0000] {taskinstance.py:3900} INFO - 1 downstream tasks scheduled from follow-on schedule check
[2024-09-17T22:40:25.349+0000] {local_task_job_runner.py:245} INFO - ::endgroup::
