[2024-10-02T20:56:57.829+0000] {local_task_job_runner.py:123} INFO - ::group::Pre task execution logs
[2024-10-02T20:56:57.847+0000] {taskinstance.py:2612} INFO - Dependencies all met for dep_context=non-requeueable deps ti=<TaskInstance: SitesWebScraping.Spark_Transformation manual__2024-10-02T20:54:54.550616+00:00 [queued]>
[2024-10-02T20:56:57.855+0000] {taskinstance.py:2612} INFO - Dependencies all met for dep_context=requeueable deps ti=<TaskInstance: SitesWebScraping.Spark_Transformation manual__2024-10-02T20:54:54.550616+00:00 [queued]>
[2024-10-02T20:56:57.856+0000] {taskinstance.py:2865} INFO - Starting attempt 1 of 1
[2024-10-02T20:56:57.870+0000] {taskinstance.py:2888} INFO - Executing <Task(OperatorSubmitSpark): Spark_Transformation> on 2024-10-02 20:54:54.550616+00:00
[2024-10-02T20:56:57.875+0000] {warnings.py:112} WARNING - /home/***/.local/lib/python3.12/site-packages/***/task/task_runner/standard_task_runner.py:70: DeprecationWarning: This process (pid=947) is multi-threaded, use of fork() may lead to deadlocks in the child.
  pid = os.fork()

[2024-10-02T20:56:57.876+0000] {standard_task_runner.py:72} INFO - Started process 948 to run task
[2024-10-02T20:56:57.877+0000] {standard_task_runner.py:104} INFO - Running: ['***', 'tasks', 'run', 'SitesWebScraping', 'Spark_Transformation', 'manual__2024-10-02T20:54:54.550616+00:00', '--job-id', '758', '--raw', '--subdir', 'DAGS_FOLDER/DagWebScraping.py', '--cfg-path', '/tmp/tmpsv78s256']
[2024-10-02T20:56:57.879+0000] {standard_task_runner.py:105} INFO - Job 758: Subtask Spark_Transformation
[2024-10-02T20:56:57.920+0000] {task_command.py:467} INFO - Running <TaskInstance: SitesWebScraping.Spark_Transformation manual__2024-10-02T20:54:54.550616+00:00 [running]> on host f8603ea05473
[2024-10-02T20:56:57.997+0000] {taskinstance.py:3131} INFO - Exporting env vars: AIRFLOW_CTX_DAG_OWNER='***' AIRFLOW_CTX_DAG_ID='SitesWebScraping' AIRFLOW_CTX_TASK_ID='Spark_Transformation' AIRFLOW_CTX_EXECUTION_DATE='2024-10-02T20:54:54.550616+00:00' AIRFLOW_CTX_TRY_NUMBER='1' AIRFLOW_CTX_DAG_RUN_ID='manual__2024-10-02T20:54:54.550616+00:00'
[2024-10-02T20:56:57.999+0000] {taskinstance.py:731} INFO - ::endgroup::
[2024-10-02T20:56:58.026+0000] {baseoperator.py:405} WARNING - OperatorSubmitSpark.execute cannot be called outside TaskInstance!
[2024-10-02T20:56:58.033+0000] {base.py:84} INFO - Retrieving connection 'spark_default'
[2024-10-02T20:56:58.035+0000] {spark_submit.py:403} INFO - Spark-Submit cmd: spark-submit --master spark://spark:7077 --num-executors 2 --driver-memory 512M --name arrow-spark --deploy-mode client /opt/bitnami/spark/src/scripts_spark/WebScraping_Transformation.py --path_save_transfor /opt/***/datalake/silverzone/pichau_2024-10-02 --json_file_path None
[2024-10-02T20:57:00.747+0000] {spark_submit.py:579} INFO - 24/10/02 20:57:00 INFO SparkContext: Running Spark version 3.5.2
[2024-10-02T20:57:00.749+0000] {spark_submit.py:579} INFO - 24/10/02 20:57:00 INFO SparkContext: OS info Linux, 5.15.153.1-microsoft-standard-WSL2, amd64
[2024-10-02T20:57:00.749+0000] {spark_submit.py:579} INFO - 24/10/02 20:57:00 INFO SparkContext: Java version 17.0.12
[2024-10-02T20:57:00.793+0000] {spark_submit.py:579} INFO - 24/10/02 20:57:00 WARN NativeCodeLoader: Unable to load native-hadoop library for your platform... using builtin-java classes where applicable
[2024-10-02T20:57:00.859+0000] {spark_submit.py:579} INFO - 24/10/02 20:57:00 INFO ResourceUtils: ==============================================================
[2024-10-02T20:57:00.860+0000] {spark_submit.py:579} INFO - 24/10/02 20:57:00 INFO ResourceUtils: No custom resources configured for spark.driver.
[2024-10-02T20:57:00.860+0000] {spark_submit.py:579} INFO - 24/10/02 20:57:00 INFO ResourceUtils: ==============================================================
[2024-10-02T20:57:00.861+0000] {spark_submit.py:579} INFO - 24/10/02 20:57:00 INFO SparkContext: Submitted application: Test
[2024-10-02T20:57:00.877+0000] {spark_submit.py:579} INFO - 24/10/02 20:57:00 INFO ResourceProfile: Default ResourceProfile created, executor resources: Map(cores -> name: cores, amount: 1, script: , vendor: , memory -> name: memory, amount: 1024, script: , vendor: , offHeap -> name: offHeap, amount: 0, script: , vendor: ), task resources: Map(cpus -> name: cpus, amount: 1.0)
[2024-10-02T20:57:00.885+0000] {spark_submit.py:579} INFO - 24/10/02 20:57:00 INFO ResourceProfile: Limiting resource is cpu
[2024-10-02T20:57:00.886+0000] {spark_submit.py:579} INFO - 24/10/02 20:57:00 INFO ResourceProfileManager: Added ResourceProfile id: 0
[2024-10-02T20:57:00.926+0000] {spark_submit.py:579} INFO - 24/10/02 20:57:00 INFO SecurityManager: Changing view acls to: ***
[2024-10-02T20:57:00.927+0000] {spark_submit.py:579} INFO - 24/10/02 20:57:00 INFO SecurityManager: Changing modify acls to: ***
[2024-10-02T20:57:00.928+0000] {spark_submit.py:579} INFO - 24/10/02 20:57:00 INFO SecurityManager: Changing view acls groups to:
[2024-10-02T20:57:00.928+0000] {spark_submit.py:579} INFO - 24/10/02 20:57:00 INFO SecurityManager: Changing modify acls groups to:
[2024-10-02T20:57:00.928+0000] {spark_submit.py:579} INFO - 24/10/02 20:57:00 INFO SecurityManager: SecurityManager: authentication disabled; ui acls disabled; users with view permissions: ***; groups with view permissions: EMPTY; users with modify permissions: ***; groups with modify permissions: EMPTY
[2024-10-02T20:57:01.105+0000] {spark_submit.py:579} INFO - 24/10/02 20:57:01 INFO Utils: Successfully started service 'sparkDriver' on port 40531.
[2024-10-02T20:57:01.127+0000] {spark_submit.py:579} INFO - 24/10/02 20:57:01 INFO SparkEnv: Registering MapOutputTracker
[2024-10-02T20:57:01.156+0000] {spark_submit.py:579} INFO - 24/10/02 20:57:01 INFO SparkEnv: Registering BlockManagerMaster
[2024-10-02T20:57:01.171+0000] {spark_submit.py:579} INFO - 24/10/02 20:57:01 INFO BlockManagerMasterEndpoint: Using org.apache.spark.storage.DefaultTopologyMapper for getting topology information
[2024-10-02T20:57:01.172+0000] {spark_submit.py:579} INFO - 24/10/02 20:57:01 INFO BlockManagerMasterEndpoint: BlockManagerMasterEndpoint up
[2024-10-02T20:57:01.175+0000] {spark_submit.py:579} INFO - 24/10/02 20:57:01 INFO SparkEnv: Registering BlockManagerMasterHeartbeat
[2024-10-02T20:57:01.196+0000] {spark_submit.py:579} INFO - 24/10/02 20:57:01 INFO DiskBlockManager: Created local directory at /tmp/blockmgr-02a6cbf5-45ec-48c2-956b-83c290850c59
[2024-10-02T20:57:01.210+0000] {spark_submit.py:579} INFO - 24/10/02 20:57:01 INFO MemoryStore: MemoryStore started with capacity 127.2 MiB
[2024-10-02T20:57:01.227+0000] {spark_submit.py:579} INFO - 24/10/02 20:57:01 INFO SparkEnv: Registering OutputCommitCoordinator
[2024-10-02T20:57:01.350+0000] {spark_submit.py:579} INFO - 24/10/02 20:57:01 INFO JettyUtils: Start Jetty 0.0.0.0:4040 for SparkUI
[2024-10-02T20:57:01.425+0000] {spark_submit.py:579} INFO - 24/10/02 20:57:01 INFO Utils: Successfully started service 'SparkUI' on port 4040.
[2024-10-02T20:57:01.606+0000] {spark_submit.py:579} INFO - 24/10/02 20:57:01 INFO Executor: Starting executor ID driver on host f8603ea05473
[2024-10-02T20:57:01.607+0000] {spark_submit.py:579} INFO - 24/10/02 20:57:01 INFO Executor: OS info Linux, 5.15.153.1-microsoft-standard-WSL2, amd64
[2024-10-02T20:57:01.607+0000] {spark_submit.py:579} INFO - 24/10/02 20:57:01 INFO Executor: Java version 17.0.12
[2024-10-02T20:57:01.617+0000] {spark_submit.py:579} INFO - 24/10/02 20:57:01 INFO Executor: Starting executor with user classpath (userClassPathFirst = false): ''
[2024-10-02T20:57:01.618+0000] {spark_submit.py:579} INFO - 24/10/02 20:57:01 INFO Executor: Created or updated repl class loader org.apache.spark.util.MutableURLClassLoader@71c9df3d for default.
[2024-10-02T20:57:01.646+0000] {spark_submit.py:579} INFO - 24/10/02 20:57:01 INFO Utils: Successfully started service 'org.apache.spark.network.netty.NettyBlockTransferService' on port 35969.
[2024-10-02T20:57:01.647+0000] {spark_submit.py:579} INFO - 24/10/02 20:57:01 INFO NettyBlockTransferService: Server created on f8603ea05473:35969
[2024-10-02T20:57:01.648+0000] {spark_submit.py:579} INFO - 24/10/02 20:57:01 INFO BlockManager: Using org.apache.spark.storage.RandomBlockReplicationPolicy for block replication policy
[2024-10-02T20:57:01.655+0000] {spark_submit.py:579} INFO - 24/10/02 20:57:01 INFO BlockManagerMaster: Registering BlockManager BlockManagerId(driver, f8603ea05473, 35969, None)
[2024-10-02T20:57:01.661+0000] {spark_submit.py:579} INFO - 24/10/02 20:57:01 INFO BlockManagerMasterEndpoint: Registering block manager f8603ea05473:35969 with 127.2 MiB RAM, BlockManagerId(driver, f8603ea05473, 35969, None)
[2024-10-02T20:57:01.664+0000] {spark_submit.py:579} INFO - 24/10/02 20:57:01 INFO BlockManagerMaster: Registered BlockManager BlockManagerId(driver, f8603ea05473, 35969, None)
[2024-10-02T20:57:01.665+0000] {spark_submit.py:579} INFO - 24/10/02 20:57:01 INFO BlockManager: Initialized BlockManager: BlockManagerId(driver, f8603ea05473, 35969, None)
[2024-10-02T20:57:02.063+0000] {spark_submit.py:579} INFO - 24/10/02 20:57:02 INFO SharedState: Setting hive.metastore.warehouse.dir ('null') to the value of spark.sql.warehouse.dir.
[2024-10-02T20:57:02.069+0000] {spark_submit.py:579} INFO - 24/10/02 20:57:02 INFO SharedState: Warehouse path is 'file:/opt/***/spark-warehouse'.
[2024-10-02T20:57:03.001+0000] {spark_submit.py:579} INFO - Traceback (most recent call last):
[2024-10-02T20:57:03.001+0000] {spark_submit.py:579} INFO - File "/opt/bitnami/spark/src/scripts_spark/WebScraping_Transformation.py", line 130, in <module>
[2024-10-02T20:57:03.002+0000] {spark_submit.py:579} INFO - transformation_data(args.json_file_path,args.path_save_transfor)
[2024-10-02T20:57:03.003+0000] {spark_submit.py:579} INFO - File "/opt/bitnami/spark/src/scripts_spark/WebScraping_Transformation.py", line 29, in transformation_data
[2024-10-02T20:57:03.004+0000] {spark_submit.py:579} INFO - df=spark.read.json(path)
[2024-10-02T20:57:03.005+0000] {spark_submit.py:579} INFO - ^^^^^^^^^^^^^^^^^^^^^
[2024-10-02T20:57:03.005+0000] {spark_submit.py:579} INFO - File "/home/***/.local/lib/python3.12/site-packages/pyspark/python/lib/pyspark.zip/pyspark/sql/readwriter.py", line 425, in json
[2024-10-02T20:57:03.006+0000] {spark_submit.py:579} INFO - File "/home/***/.local/lib/python3.12/site-packages/pyspark/python/lib/py4j-0.10.9.7-src.zip/py4j/java_gateway.py", line 1322, in __call__
[2024-10-02T20:57:03.006+0000] {spark_submit.py:579} INFO - File "/home/***/.local/lib/python3.12/site-packages/pyspark/python/lib/pyspark.zip/pyspark/errors/exceptions/captured.py", line 185, in deco
[2024-10-02T20:57:03.013+0000] {spark_submit.py:579} INFO - pyspark.errors.exceptions.captured.AnalysisException: [PATH_NOT_FOUND] Path does not exist: file:/opt/***/None.
[2024-10-02T20:57:03.075+0000] {spark_submit.py:579} INFO - 24/10/02 20:57:03 INFO SparkContext: Invoking stop() from shutdown hook
[2024-10-02T20:57:03.076+0000] {spark_submit.py:579} INFO - 24/10/02 20:57:03 INFO SparkContext: SparkContext is stopping with exitCode 0.
[2024-10-02T20:57:03.084+0000] {spark_submit.py:579} INFO - 24/10/02 20:57:03 INFO SparkUI: Stopped Spark web UI at http://f8603ea05473:4040
[2024-10-02T20:57:03.095+0000] {spark_submit.py:579} INFO - 24/10/02 20:57:03 INFO MapOutputTrackerMasterEndpoint: MapOutputTrackerMasterEndpoint stopped!
[2024-10-02T20:57:03.105+0000] {spark_submit.py:579} INFO - 24/10/02 20:57:03 INFO MemoryStore: MemoryStore cleared
[2024-10-02T20:57:03.105+0000] {spark_submit.py:579} INFO - 24/10/02 20:57:03 INFO BlockManager: BlockManager stopped
[2024-10-02T20:57:03.110+0000] {spark_submit.py:579} INFO - 24/10/02 20:57:03 INFO BlockManagerMaster: BlockManagerMaster stopped
[2024-10-02T20:57:03.112+0000] {spark_submit.py:579} INFO - 24/10/02 20:57:03 INFO OutputCommitCoordinator$OutputCommitCoordinatorEndpoint: OutputCommitCoordinator stopped!
[2024-10-02T20:57:03.118+0000] {spark_submit.py:579} INFO - 24/10/02 20:57:03 INFO SparkContext: Successfully stopped SparkContext
[2024-10-02T20:57:03.118+0000] {spark_submit.py:579} INFO - 24/10/02 20:57:03 INFO ShutdownHookManager: Shutdown hook called
[2024-10-02T20:57:03.119+0000] {spark_submit.py:579} INFO - 24/10/02 20:57:03 INFO ShutdownHookManager: Deleting directory /tmp/spark-8ac7a956-b349-44ad-95d3-284c864a6584/pyspark-105d6096-283c-4112-9602-8d991dd97168
[2024-10-02T20:57:03.123+0000] {spark_submit.py:579} INFO - 24/10/02 20:57:03 INFO ShutdownHookManager: Deleting directory /tmp/spark-7779a4ef-5ade-4671-b3f4-f77a51e64df3
[2024-10-02T20:57:03.127+0000] {spark_submit.py:579} INFO - 24/10/02 20:57:03 INFO ShutdownHookManager: Deleting directory /tmp/spark-8ac7a956-b349-44ad-95d3-284c864a6584
[2024-10-02T20:57:03.186+0000] {taskinstance.py:3310} ERROR - Task failed with exception
Traceback (most recent call last):
  File "/home/airflow/.local/lib/python3.12/site-packages/airflow/models/taskinstance.py", line 767, in _execute_task
    result = _execute_callable(context=context, **execute_callable_kwargs)
             ^^^^^^^^^^^^^^^^^^^^^^^^^^^^^^^^^^^^^^^^^^^^^^^^^^^^^^^^^^^^^
  File "/home/airflow/.local/lib/python3.12/site-packages/airflow/models/taskinstance.py", line 733, in _execute_callable
    return ExecutionCallableRunner(
           ^^^^^^^^^^^^^^^^^^^^^^^^
  File "/home/airflow/.local/lib/python3.12/site-packages/airflow/utils/operator_helpers.py", line 252, in run
    return self.func(*args, **kwargs)
           ^^^^^^^^^^^^^^^^^^^^^^^^^^
  File "/home/airflow/.local/lib/python3.12/site-packages/airflow/models/baseoperator.py", line 406, in wrapper
    return func(self, *args, **kwargs)
           ^^^^^^^^^^^^^^^^^^^^^^^^^^^
  File "/opt/airflow/operators/OperatorSpark.py", line 20, in execute
    super().execute(context)
  File "/home/airflow/.local/lib/python3.12/site-packages/airflow/models/baseoperator.py", line 406, in wrapper
    return func(self, *args, **kwargs)
           ^^^^^^^^^^^^^^^^^^^^^^^^^^^
  File "/home/airflow/.local/lib/python3.12/site-packages/airflow/providers/apache/spark/operators/spark_submit.py", line 174, in execute
    self._hook.submit(self.application)
  File "/home/airflow/.local/lib/python3.12/site-packages/airflow/providers/apache/spark/hooks/spark_submit.py", line 505, in submit
    raise AirflowException(
airflow.exceptions.AirflowException: Cannot execute: spark-submit --master spark://spark:7077 --num-executors 2 --driver-memory 512M --name arrow-spark --deploy-mode client /opt/bitnami/spark/src/scripts_spark/WebScraping_Transformation.py --path_save_transfor /opt/***/datalake/silverzone/pichau_2024-10-02 --json_file_path None. Error code is: 1.
[2024-10-02T20:57:03.192+0000] {taskinstance.py:1225} INFO - Marking task as FAILED. dag_id=SitesWebScraping, task_id=Spark_Transformation, run_id=manual__2024-10-02T20:54:54.550616+00:00, execution_date=20241002T205454, start_date=20241002T205657, end_date=20241002T205703
[2024-10-02T20:57:03.205+0000] {taskinstance.py:340} INFO - ::group::Post task execution logs
[2024-10-02T20:57:03.206+0000] {standard_task_runner.py:124} ERROR - Failed to execute job 758 for task Spark_Transformation (Cannot execute: spark-submit --master spark://spark:7077 --num-executors 2 --driver-memory 512M --name arrow-spark --deploy-mode client /opt/bitnami/spark/src/scripts_spark/WebScraping_Transformation.py --path_save_transfor /opt/***/datalake/silverzone/pichau_2024-10-02 --json_file_path None. Error code is: 1.; 948)
Traceback (most recent call last):
  File "/home/airflow/.local/lib/python3.12/site-packages/airflow/task/task_runner/standard_task_runner.py", line 117, in _start_by_fork
    ret = args.func(args, dag=self.dag)
          ^^^^^^^^^^^^^^^^^^^^^^^^^^^^^
  File "/home/airflow/.local/lib/python3.12/site-packages/airflow/cli/cli_config.py", line 49, in command
    return func(*args, **kwargs)
           ^^^^^^^^^^^^^^^^^^^^^
  File "/home/airflow/.local/lib/python3.12/site-packages/airflow/utils/cli.py", line 115, in wrapper
    return f(*args, **kwargs)
           ^^^^^^^^^^^^^^^^^^
  File "/home/airflow/.local/lib/python3.12/site-packages/airflow/cli/commands/task_command.py", line 483, in task_run
    task_return_code = _run_task_by_selected_method(args, _dag, ti)
                       ^^^^^^^^^^^^^^^^^^^^^^^^^^^^^^^^^^^^^^^^^^^^
  File "/home/airflow/.local/lib/python3.12/site-packages/airflow/cli/commands/task_command.py", line 256, in _run_task_by_selected_method
    return _run_raw_task(args, ti)
           ^^^^^^^^^^^^^^^^^^^^^^^
  File "/home/airflow/.local/lib/python3.12/site-packages/airflow/cli/commands/task_command.py", line 341, in _run_raw_task
    return ti._run_raw_task(
           ^^^^^^^^^^^^^^^^^
  File "/home/airflow/.local/lib/python3.12/site-packages/airflow/utils/session.py", line 97, in wrapper
    return func(*args, session=session, **kwargs)
           ^^^^^^^^^^^^^^^^^^^^^^^^^^^^^^^^^^^^^^
  File "/home/airflow/.local/lib/python3.12/site-packages/airflow/models/taskinstance.py", line 3004, in _run_raw_task
    return _run_raw_task(
           ^^^^^^^^^^^^^^
  File "/home/airflow/.local/lib/python3.12/site-packages/airflow/models/taskinstance.py", line 273, in _run_raw_task
    TaskInstance._execute_task_with_callbacks(
  File "/home/airflow/.local/lib/python3.12/site-packages/airflow/models/taskinstance.py", line 3158, in _execute_task_with_callbacks
    result = self._execute_task(context, task_orig)
             ^^^^^^^^^^^^^^^^^^^^^^^^^^^^^^^^^^^^^^
  File "/home/airflow/.local/lib/python3.12/site-packages/airflow/models/taskinstance.py", line 3182, in _execute_task
    return _execute_task(self, context, task_orig)
           ^^^^^^^^^^^^^^^^^^^^^^^^^^^^^^^^^^^^^^^
  File "/home/airflow/.local/lib/python3.12/site-packages/airflow/models/taskinstance.py", line 767, in _execute_task
    result = _execute_callable(context=context, **execute_callable_kwargs)
             ^^^^^^^^^^^^^^^^^^^^^^^^^^^^^^^^^^^^^^^^^^^^^^^^^^^^^^^^^^^^^
  File "/home/airflow/.local/lib/python3.12/site-packages/airflow/models/taskinstance.py", line 733, in _execute_callable
    return ExecutionCallableRunner(
           ^^^^^^^^^^^^^^^^^^^^^^^^
  File "/home/airflow/.local/lib/python3.12/site-packages/airflow/utils/operator_helpers.py", line 252, in run
    return self.func(*args, **kwargs)
           ^^^^^^^^^^^^^^^^^^^^^^^^^^
  File "/home/airflow/.local/lib/python3.12/site-packages/airflow/models/baseoperator.py", line 406, in wrapper
    return func(self, *args, **kwargs)
           ^^^^^^^^^^^^^^^^^^^^^^^^^^^
  File "/opt/airflow/operators/OperatorSpark.py", line 20, in execute
    super().execute(context)
  File "/home/airflow/.local/lib/python3.12/site-packages/airflow/models/baseoperator.py", line 406, in wrapper
    return func(self, *args, **kwargs)
           ^^^^^^^^^^^^^^^^^^^^^^^^^^^
  File "/home/airflow/.local/lib/python3.12/site-packages/airflow/providers/apache/spark/operators/spark_submit.py", line 174, in execute
    self._hook.submit(self.application)
  File "/home/airflow/.local/lib/python3.12/site-packages/airflow/providers/apache/spark/hooks/spark_submit.py", line 505, in submit
    raise AirflowException(
airflow.exceptions.AirflowException: Cannot execute: spark-submit --master spark://spark:7077 --num-executors 2 --driver-memory 512M --name arrow-spark --deploy-mode client /opt/bitnami/spark/src/scripts_spark/WebScraping_Transformation.py --path_save_transfor /opt/***/datalake/silverzone/pichau_2024-10-02 --json_file_path None. Error code is: 1.
[2024-10-02T20:57:03.245+0000] {local_task_job_runner.py:266} INFO - Task exited with return code 1
[2024-10-02T20:57:03.265+0000] {taskinstance.py:3900} INFO - 0 downstream tasks scheduled from follow-on schedule check
[2024-10-02T20:57:03.270+0000] {local_task_job_runner.py:245} INFO - ::endgroup::
