[2024-10-01T18:36:22.955+0000] {local_task_job_runner.py:123} INFO - ::group::Pre task execution logs
[2024-10-01T18:36:22.973+0000] {taskinstance.py:2612} INFO - Dependencies all met for dep_context=non-requeueable deps ti=<TaskInstance: SitesWebScraping.Await_file_Transformed manual__2024-10-01T18:36:19.823085+00:00 [queued]>
[2024-10-01T18:36:22.987+0000] {taskinstance.py:2612} INFO - Dependencies all met for dep_context=requeueable deps ti=<TaskInstance: SitesWebScraping.Await_file_Transformed manual__2024-10-01T18:36:19.823085+00:00 [queued]>
[2024-10-01T18:36:22.988+0000] {taskinstance.py:2865} INFO - Starting attempt 1 of 1
[2024-10-01T18:36:23.009+0000] {taskinstance.py:2888} INFO - Executing <Task(OperatorFileSensor): Await_file_Transformed> on 2024-10-01 18:36:19.823085+00:00
[2024-10-01T18:36:23.015+0000] {warnings.py:112} WARNING - /home/***/.local/lib/python3.12/site-packages/***/task/task_runner/standard_task_runner.py:70: DeprecationWarning: This process (pid=415) is multi-threaded, use of fork() may lead to deadlocks in the child.
  pid = os.fork()

[2024-10-01T18:36:23.017+0000] {standard_task_runner.py:72} INFO - Started process 416 to run task
[2024-10-01T18:36:23.017+0000] {standard_task_runner.py:104} INFO - Running: ['***', 'tasks', 'run', 'SitesWebScraping', 'Await_file_Transformed', 'manual__2024-10-01T18:36:19.823085+00:00', '--job-id', '613', '--raw', '--subdir', 'DAGS_FOLDER/DagWebScraping.py', '--cfg-path', '/tmp/tmp6unm_p6t']
[2024-10-01T18:36:23.019+0000] {standard_task_runner.py:105} INFO - Job 613: Subtask Await_file_Transformed
[2024-10-01T18:36:23.125+0000] {task_command.py:467} INFO - Running <TaskInstance: SitesWebScraping.Await_file_Transformed manual__2024-10-01T18:36:19.823085+00:00 [running]> on host eb305769d48a
[2024-10-01T18:36:23.214+0000] {taskinstance.py:3131} INFO - Exporting env vars: AIRFLOW_CTX_DAG_OWNER='***' AIRFLOW_CTX_DAG_ID='SitesWebScraping' AIRFLOW_CTX_TASK_ID='Await_file_Transformed' AIRFLOW_CTX_EXECUTION_DATE='2024-10-01T18:36:19.823085+00:00' AIRFLOW_CTX_TRY_NUMBER='1' AIRFLOW_CTX_DAG_RUN_ID='manual__2024-10-01T18:36:19.823085+00:00'
[2024-10-01T18:36:23.215+0000] {taskinstance.py:731} INFO - ::endgroup::
[2024-10-01T18:36:23.229+0000] {baseoperator.py:405} WARNING - OperatorFileSensor.execute cannot be called outside TaskInstance!
[2024-10-01T18:43:58.427+0000] {local_task_job_runner.py:346} WARNING - State of this instance has been externally set to removed. Terminating instance.
[2024-10-01T18:43:58.429+0000] {local_task_job_runner.py:245} INFO - ::endgroup::
[2024-10-01T18:43:58.430+0000] {process_utils.py:132} INFO - Sending 15 to group 416. PIDs of all processes in the group: [416]
[2024-10-01T18:43:58.431+0000] {process_utils.py:87} INFO - Sending the signal 15 to group 416
[2024-10-01T18:43:58.432+0000] {taskinstance.py:3092} ERROR - Received SIGTERM. Terminating subprocesses.
[2024-10-01T18:43:58.452+0000] {taskinstance.py:340} INFO - ::group::Post task execution logs
[2024-10-01T18:43:58.484+0000] {process_utils.py:80} INFO - Process psutil.Process(pid=416, status='terminated', exitcode=0, started='18:36:22') (416) terminated with exit code 0
