[2024-10-07T23:22:04.749+0000] {local_task_job_runner.py:123} INFO - ::group::Pre task execution logs
[2024-10-07T23:22:04.762+0000] {taskinstance.py:2612} INFO - Dependencies all met for dep_context=non-requeueable deps ti=<TaskInstance: pipeline_webscraping.kabum_tasks.Create_Container_Silver_kabum manual__2024-10-07T23:16:04.971250+00:00 [queued]>
[2024-10-07T23:22:04.772+0000] {taskinstance.py:2612} INFO - Dependencies all met for dep_context=requeueable deps ti=<TaskInstance: pipeline_webscraping.kabum_tasks.Create_Container_Silver_kabum manual__2024-10-07T23:16:04.971250+00:00 [queued]>
[2024-10-07T23:22:04.773+0000] {taskinstance.py:2865} INFO - Starting attempt 1 of 1
[2024-10-07T23:22:04.790+0000] {taskinstance.py:2888} INFO - Executing <Task(CreateContainerInDataLake): kabum_tasks.Create_Container_Silver_kabum> on 2024-10-07 23:16:04.971250+00:00
[2024-10-07T23:22:04.797+0000] {warnings.py:112} WARNING - /home/***/.local/lib/python3.12/site-packages/***/task/task_runner/standard_task_runner.py:70: DeprecationWarning: This process (pid=8507) is multi-threaded, use of fork() may lead to deadlocks in the child.
  pid = os.fork()

[2024-10-07T23:22:04.800+0000] {standard_task_runner.py:72} INFO - Started process 8509 to run task
[2024-10-07T23:22:04.799+0000] {standard_task_runner.py:104} INFO - Running: ['***', 'tasks', 'run', 'pipeline_webscraping', 'kabum_tasks.Create_Container_Silver_kabum', 'manual__2024-10-07T23:16:04.971250+00:00', '--job-id', '1373', '--raw', '--subdir', 'DAGS_FOLDER/DagWebScraping.py', '--cfg-path', '/tmp/tmpqu3imvm6']
[2024-10-07T23:22:04.801+0000] {standard_task_runner.py:105} INFO - Job 1373: Subtask kabum_tasks.Create_Container_Silver_kabum
[2024-10-07T23:22:04.859+0000] {task_command.py:467} INFO - Running <TaskInstance: pipeline_webscraping.kabum_tasks.Create_Container_Silver_kabum manual__2024-10-07T23:16:04.971250+00:00 [running]> on host 97b4e38b3eb9
[2024-10-07T23:22:04.986+0000] {taskinstance.py:3131} INFO - Exporting env vars: AIRFLOW_CTX_DAG_OWNER='***' AIRFLOW_CTX_DAG_ID='pipeline_webscraping' AIRFLOW_CTX_TASK_ID='kabum_tasks.Create_Container_Silver_kabum' AIRFLOW_CTX_EXECUTION_DATE='2024-10-07T23:16:04.971250+00:00' AIRFLOW_CTX_TRY_NUMBER='1' AIRFLOW_CTX_DAG_RUN_ID='manual__2024-10-07T23:16:04.971250+00:00'
[2024-10-07T23:22:04.988+0000] {taskinstance.py:731} INFO - ::endgroup::
[2024-10-07T23:22:05.009+0000] {baseoperator.py:405} WARNING - CreateContainerInDataLake.execute cannot be called outside TaskInstance!
[2024-10-07T23:22:05.010+0000] {subprocess.py:63} INFO - Tmp dir root location: /tmp
[2024-10-07T23:22:05.011+0000] {subprocess.py:75} INFO - Running command: ['/usr/bin/bash', '-c', 'mkdir -p /opt/***/datalake/silverzone/kabum_2024-10-07']
[2024-10-07T23:22:05.025+0000] {subprocess.py:86} INFO - Output:
[2024-10-07T23:22:05.034+0000] {subprocess.py:97} INFO - Command exited with return code 0
[2024-10-07T23:22:05.064+0000] {taskinstance.py:340} INFO - ::group::Post task execution logs
[2024-10-07T23:22:05.066+0000] {taskinstance.py:352} INFO - Marking task as SUCCESS. dag_id=pipeline_webscraping, task_id=kabum_tasks.Create_Container_Silver_kabum, run_id=manual__2024-10-07T23:16:04.971250+00:00, execution_date=20241007T231604, start_date=20241007T232204, end_date=20241007T232205
[2024-10-07T23:22:05.095+0000] {local_task_job_runner.py:266} INFO - Task exited with return code 0
[2024-10-07T23:22:05.125+0000] {taskinstance.py:3900} INFO - 1 downstream tasks scheduled from follow-on schedule check
[2024-10-07T23:22:05.166+0000] {local_task_job_runner.py:245} INFO - ::endgroup::
