[2024-10-05T14:49:27.283+0000] {local_task_job_runner.py:123} INFO - ::group::Pre task execution logs
[2024-10-05T14:49:27.301+0000] {taskinstance.py:2612} INFO - Dependencies all met for dep_context=non-requeueable deps ti=<TaskInstance: pichau_pipeline.pichau_tasks.Web_Extraction_pichau manual__2024-10-05T14:49:23.452056+00:00 [queued]>
[2024-10-05T14:49:27.311+0000] {taskinstance.py:2612} INFO - Dependencies all met for dep_context=requeueable deps ti=<TaskInstance: pichau_pipeline.pichau_tasks.Web_Extraction_pichau manual__2024-10-05T14:49:23.452056+00:00 [queued]>
[2024-10-05T14:49:27.311+0000] {taskinstance.py:2865} INFO - Starting attempt 1 of 1
[2024-10-05T14:49:27.329+0000] {taskinstance.py:2888} INFO - Executing <Task(OperatorSiteA): pichau_tasks.Web_Extraction_pichau> on 2024-10-05 14:49:23.452056+00:00
[2024-10-05T14:49:27.334+0000] {warnings.py:112} WARNING - /home/***/.local/lib/python3.12/site-packages/***/task/task_runner/standard_task_runner.py:70: DeprecationWarning: This process (pid=4664) is multi-threaded, use of fork() may lead to deadlocks in the child.
  pid = os.fork()

[2024-10-05T14:49:27.335+0000] {standard_task_runner.py:72} INFO - Started process 4665 to run task
[2024-10-05T14:49:27.335+0000] {standard_task_runner.py:104} INFO - Running: ['***', 'tasks', 'run', 'pichau_pipeline', 'pichau_tasks.Web_Extraction_pichau', 'manual__2024-10-05T14:49:23.452056+00:00', '--job-id', '1193', '--raw', '--subdir', 'DAGS_FOLDER/DagWebScraping.py', '--cfg-path', '/tmp/tmpj2vbquqi']
[2024-10-05T14:49:27.338+0000] {standard_task_runner.py:105} INFO - Job 1193: Subtask pichau_tasks.Web_Extraction_pichau
[2024-10-05T14:49:27.389+0000] {task_command.py:467} INFO - Running <TaskInstance: pichau_pipeline.pichau_tasks.Web_Extraction_pichau manual__2024-10-05T14:49:23.452056+00:00 [running]> on host e823e678f418
[2024-10-05T14:49:27.473+0000] {taskinstance.py:3131} INFO - Exporting env vars: AIRFLOW_CTX_DAG_OWNER='***' AIRFLOW_CTX_DAG_ID='pichau_pipeline' AIRFLOW_CTX_TASK_ID='pichau_tasks.Web_Extraction_pichau' AIRFLOW_CTX_EXECUTION_DATE='2024-10-05T14:49:23.452056+00:00' AIRFLOW_CTX_TRY_NUMBER='1' AIRFLOW_CTX_DAG_RUN_ID='manual__2024-10-05T14:49:23.452056+00:00'
[2024-10-05T14:49:27.476+0000] {taskinstance.py:731} INFO - ::endgroup::
[2024-10-05T14:51:54.232+0000] {logging_mixin.py:190} INFO - Create_Container_Raw_pichau
[2024-10-05T14:51:54.243+0000] {logging_mixin.py:190} INFO - /opt/***/datalake/rawzone/pichau_2024-10-05
[2024-10-05T14:51:54.273+0000] {taskinstance.py:340} INFO - ::group::Post task execution logs
[2024-10-05T14:51:54.273+0000] {taskinstance.py:352} INFO - Marking task as SUCCESS. dag_id=pichau_pipeline, task_id=pichau_tasks.Web_Extraction_pichau, run_id=manual__2024-10-05T14:49:23.452056+00:00, execution_date=20241005T144923, start_date=20241005T144927, end_date=20241005T145154
[2024-10-05T14:51:54.310+0000] {local_task_job_runner.py:266} INFO - Task exited with return code 0
[2024-10-05T14:51:54.339+0000] {taskinstance.py:3900} INFO - 1 downstream tasks scheduled from follow-on schedule check
[2024-10-05T14:51:54.344+0000] {local_task_job_runner.py:245} INFO - ::endgroup::
