[2024-09-28T13:33:18.613+0000] {local_task_job_runner.py:123} INFO - ::group::Pre task execution logs
[2024-09-28T13:33:18.636+0000] {taskinstance.py:2612} INFO - Dependencies all met for dep_context=non-requeueable deps ti=<TaskInstance: EmailDag.tsk1 manual__2024-09-28T13:33:17.807592+00:00 [queued]>
[2024-09-28T13:33:18.644+0000] {taskinstance.py:2612} INFO - Dependencies all met for dep_context=requeueable deps ti=<TaskInstance: EmailDag.tsk1 manual__2024-09-28T13:33:17.807592+00:00 [queued]>
[2024-09-28T13:33:18.645+0000] {taskinstance.py:2865} INFO - Starting attempt 1 of 2
[2024-09-28T13:33:18.663+0000] {taskinstance.py:2888} INFO - Executing <Task(BashOperator): tsk1> on 2024-09-28 13:33:17.807592+00:00
[2024-09-28T13:33:18.668+0000] {warnings.py:112} WARNING - /home/***/.local/lib/python3.12/site-packages/***/task/task_runner/standard_task_runner.py:70: DeprecationWarning: This process (pid=1012) is multi-threaded, use of fork() may lead to deadlocks in the child.
  pid = os.fork()

[2024-09-28T13:33:18.670+0000] {standard_task_runner.py:72} INFO - Started process 1014 to run task
[2024-09-28T13:33:18.670+0000] {standard_task_runner.py:104} INFO - Running: ['***', 'tasks', 'run', 'EmailDag', 'tsk1', 'manual__2024-09-28T13:33:17.807592+00:00', '--job-id', '217', '--raw', '--subdir', 'DAGS_FOLDER/EmailDag.py', '--cfg-path', '/tmp/tmp61tzm6lc']
[2024-09-28T13:33:18.671+0000] {standard_task_runner.py:105} INFO - Job 217: Subtask tsk1
[2024-09-28T13:33:18.718+0000] {task_command.py:467} INFO - Running <TaskInstance: EmailDag.tsk1 manual__2024-09-28T13:33:17.807592+00:00 [running]> on host c65b2842f56b
[2024-09-28T13:33:18.810+0000] {taskinstance.py:3131} INFO - Exporting env vars: AIRFLOW_CTX_DAG_EMAIL='lucas_alves.210@outlook.com' AIRFLOW_CTX_DAG_OWNER='***' AIRFLOW_CTX_DAG_ID='EmailDag' AIRFLOW_CTX_TASK_ID='tsk1' AIRFLOW_CTX_EXECUTION_DATE='2024-09-28T13:33:17.807592+00:00' AIRFLOW_CTX_TRY_NUMBER='1' AIRFLOW_CTX_DAG_RUN_ID='manual__2024-09-28T13:33:17.807592+00:00'
[2024-09-28T13:33:18.811+0000] {taskinstance.py:731} INFO - ::endgroup::
[2024-09-28T13:33:18.827+0000] {subprocess.py:63} INFO - Tmp dir root location: /tmp
[2024-09-28T13:33:18.829+0000] {subprocess.py:75} INFO - Running command: ['/usr/bin/bash', '-c', 'sleep 1']
[2024-09-28T13:33:18.837+0000] {subprocess.py:86} INFO - Output:
[2024-09-28T13:33:19.840+0000] {subprocess.py:97} INFO - Command exited with return code 0
[2024-09-28T13:33:19.870+0000] {taskinstance.py:340} INFO - ::group::Post task execution logs
[2024-09-28T13:33:19.871+0000] {taskinstance.py:352} INFO - Marking task as SUCCESS. dag_id=EmailDag, task_id=tsk1, run_id=manual__2024-09-28T13:33:17.807592+00:00, execution_date=20240928T133317, start_date=20240928T133318, end_date=20240928T133319
[2024-09-28T13:33:19.930+0000] {local_task_job_runner.py:266} INFO - Task exited with return code 0
[2024-09-28T13:33:19.938+0000] {local_task_job_runner.py:245} INFO - ::endgroup::
