[2024-10-17T18:20:20.912+0000] {local_task_job_runner.py:123} INFO - ::group::Pre task execution logs
[2024-10-17T18:20:20.927+0000] {taskinstance.py:2612} INFO - Dependencies all met for dep_context=non-requeueable deps ti=<TaskInstance: LoadWebScraping.spark_job manual__2024-10-17T18:20:18.984944+00:00 [queued]>
[2024-10-17T18:20:20.934+0000] {taskinstance.py:2612} INFO - Dependencies all met for dep_context=requeueable deps ti=<TaskInstance: LoadWebScraping.spark_job manual__2024-10-17T18:20:18.984944+00:00 [queued]>
[2024-10-17T18:20:20.935+0000] {taskinstance.py:2865} INFO - Starting attempt 1 of 1
[2024-10-17T18:20:20.948+0000] {taskinstance.py:2888} INFO - Executing <Task(SparkSubmitOperator): spark_job> on 2024-10-17 18:20:18.984944+00:00
[2024-10-17T18:20:20.953+0000] {warnings.py:112} WARNING - /home/***/.local/lib/python3.12/site-packages/***/task/task_runner/standard_task_runner.py:70: DeprecationWarning: This process (pid=340) is multi-threaded, use of fork() may lead to deadlocks in the child.
  pid = os.fork()

[2024-10-17T18:20:20.955+0000] {standard_task_runner.py:72} INFO - Started process 344 to run task
[2024-10-17T18:20:20.956+0000] {standard_task_runner.py:104} INFO - Running: ['***', 'tasks', 'run', 'LoadWebScraping', 'spark_job', 'manual__2024-10-17T18:20:18.984944+00:00', '--job-id', '81', '--raw', '--subdir', 'DAGS_FOLDER/LoadWebScraping.py', '--cfg-path', '/tmp/tmptt2j6po7']
[2024-10-17T18:20:20.959+0000] {standard_task_runner.py:105} INFO - Job 81: Subtask spark_job
[2024-10-17T18:20:21.003+0000] {task_command.py:467} INFO - Running <TaskInstance: LoadWebScraping.spark_job manual__2024-10-17T18:20:18.984944+00:00 [running]> on host cc66b6895e01
[2024-10-17T18:20:21.439+0000] {taskinstance.py:3131} INFO - Exporting env vars: AIRFLOW_CTX_DAG_OWNER='***' AIRFLOW_CTX_DAG_ID='LoadWebScraping' AIRFLOW_CTX_TASK_ID='spark_job' AIRFLOW_CTX_EXECUTION_DATE='2024-10-17T18:20:18.984944+00:00' AIRFLOW_CTX_TRY_NUMBER='1' AIRFLOW_CTX_DAG_RUN_ID='manual__2024-10-17T18:20:18.984944+00:00'
[2024-10-17T18:20:21.440+0000] {taskinstance.py:731} INFO - ::endgroup::
[2024-10-17T18:20:21.462+0000] {spark_submit.py:304} INFO - Could not load connection string spark_default, defaulting to yarn
[2024-10-17T18:20:21.464+0000] {spark_submit.py:473} INFO - Spark-Submit cmd: spark-submit --master yarn --driver-class-path /opt/***/jars/postgresql-42.5.0.jar --jars /opt/***/jars/postgresql-42.5.0.jar --packages org.postgresql:postgresql:42.5.0 --name arrow-spark /opt/bitnami/spark/src/scripts_spark/LoadFileToDB.py
[2024-10-17T18:20:23.148+0000] {spark_submit.py:634} INFO - :: loading settings :: url = jar:file:/home/***/.local/lib/python3.12/site-packages/pyspark/jars/ivy-2.5.1.jar!/org/apache/ivy/core/settings/ivysettings.xml
[2024-10-17T18:20:23.234+0000] {spark_submit.py:634} INFO - Ivy Default Cache set to: /home/***/.ivy2/cache
[2024-10-17T18:20:23.235+0000] {spark_submit.py:634} INFO - The jars for the packages stored in: /home/***/.ivy2/jars
[2024-10-17T18:20:23.245+0000] {spark_submit.py:634} INFO - org.postgresql#postgresql added as a dependency
[2024-10-17T18:20:23.246+0000] {spark_submit.py:634} INFO - :: resolving dependencies :: org.apache.spark#spark-submit-parent-14c4cb9a-15d3-418a-a40e-822d32d1f636;1.0
[2024-10-17T18:20:23.246+0000] {spark_submit.py:634} INFO - confs: [default]
[2024-10-17T18:20:23.327+0000] {spark_submit.py:634} INFO - found org.postgresql#postgresql;42.5.0 in central
[2024-10-17T18:20:23.344+0000] {spark_submit.py:634} INFO - found org.checkerframework#checker-qual;3.5.0 in central
[2024-10-17T18:20:23.354+0000] {spark_submit.py:634} INFO - :: resolution report :: resolve 104ms :: artifacts dl 4ms
[2024-10-17T18:20:23.355+0000] {spark_submit.py:634} INFO - :: modules in use:
[2024-10-17T18:20:23.356+0000] {spark_submit.py:634} INFO - org.checkerframework#checker-qual;3.5.0 from central in [default]
[2024-10-17T18:20:23.356+0000] {spark_submit.py:634} INFO - org.postgresql#postgresql;42.5.0 from central in [default]
[2024-10-17T18:20:23.357+0000] {spark_submit.py:634} INFO - ---------------------------------------------------------------------
[2024-10-17T18:20:23.357+0000] {spark_submit.py:634} INFO - |                  |            modules            ||   artifacts   |
[2024-10-17T18:20:23.358+0000] {spark_submit.py:634} INFO - |       conf       | number| search|dwnlded|evicted|| number|dwnlded|
[2024-10-17T18:20:23.358+0000] {spark_submit.py:634} INFO - ---------------------------------------------------------------------
[2024-10-17T18:20:23.359+0000] {spark_submit.py:634} INFO - |      default     |   2   |   0   |   0   |   0   ||   2   |   0   |
[2024-10-17T18:20:23.359+0000] {spark_submit.py:634} INFO - ---------------------------------------------------------------------
[2024-10-17T18:20:23.359+0000] {spark_submit.py:634} INFO - :: retrieving :: org.apache.spark#spark-submit-parent-14c4cb9a-15d3-418a-a40e-822d32d1f636
[2024-10-17T18:20:23.360+0000] {spark_submit.py:634} INFO - confs: [default]
[2024-10-17T18:20:23.361+0000] {spark_submit.py:634} INFO - 0 artifacts copied, 2 already retrieved (0kB/4ms)
[2024-10-17T18:20:23.509+0000] {spark_submit.py:634} INFO - 24/10/17 18:20:23 WARN NativeCodeLoader: Unable to load native-hadoop library for your platform... using builtin-java classes where applicable
[2024-10-17T18:20:24.865+0000] {spark_submit.py:634} INFO - 24/10/17 18:20:24 INFO SparkContext: Running Spark version 3.5.2
[2024-10-17T18:20:24.866+0000] {spark_submit.py:634} INFO - 24/10/17 18:20:24 INFO SparkContext: OS info Linux, 5.15.153.1-microsoft-standard-WSL2, amd64
[2024-10-17T18:20:24.866+0000] {spark_submit.py:634} INFO - 24/10/17 18:20:24 INFO SparkContext: Java version 17.0.12
[2024-10-17T18:20:24.885+0000] {spark_submit.py:634} INFO - 24/10/17 18:20:24 INFO ResourceUtils: ==============================================================
[2024-10-17T18:20:24.886+0000] {spark_submit.py:634} INFO - 24/10/17 18:20:24 INFO ResourceUtils: No custom resources configured for spark.driver.
[2024-10-17T18:20:24.886+0000] {spark_submit.py:634} INFO - 24/10/17 18:20:24 INFO ResourceUtils: ==============================================================
[2024-10-17T18:20:24.887+0000] {spark_submit.py:634} INFO - 24/10/17 18:20:24 INFO SparkContext: Submitted application: Exemplo
[2024-10-17T18:20:24.904+0000] {spark_submit.py:634} INFO - 24/10/17 18:20:24 INFO ResourceProfile: Default ResourceProfile created, executor resources: Map(cores -> name: cores, amount: 1, script: , vendor: , memory -> name: memory, amount: 1024, script: , vendor: , offHeap -> name: offHeap, amount: 0, script: , vendor: ), task resources: Map(cpus -> name: cpus, amount: 1.0)
[2024-10-17T18:20:24.911+0000] {spark_submit.py:634} INFO - 24/10/17 18:20:24 INFO ResourceProfile: Limiting resource is cpu
[2024-10-17T18:20:24.913+0000] {spark_submit.py:634} INFO - 24/10/17 18:20:24 INFO ResourceProfileManager: Added ResourceProfile id: 0
[2024-10-17T18:20:24.956+0000] {spark_submit.py:634} INFO - 24/10/17 18:20:24 INFO SecurityManager: Changing view acls to: ***
[2024-10-17T18:20:24.957+0000] {spark_submit.py:634} INFO - 24/10/17 18:20:24 INFO SecurityManager: Changing modify acls to: ***
[2024-10-17T18:20:24.958+0000] {spark_submit.py:634} INFO - 24/10/17 18:20:24 INFO SecurityManager: Changing view acls groups to:
[2024-10-17T18:20:24.959+0000] {spark_submit.py:634} INFO - 24/10/17 18:20:24 INFO SecurityManager: Changing modify acls groups to:
[2024-10-17T18:20:24.959+0000] {spark_submit.py:634} INFO - 24/10/17 18:20:24 INFO SecurityManager: SecurityManager: authentication disabled; ui acls disabled; users with view permissions: ***; groups with view permissions: EMPTY; users with modify permissions: ***; groups with modify permissions: EMPTY
[2024-10-17T18:20:25.133+0000] {spark_submit.py:634} INFO - 24/10/17 18:20:25 INFO Utils: Successfully started service 'sparkDriver' on port 42789.
[2024-10-17T18:20:25.162+0000] {spark_submit.py:634} INFO - 24/10/17 18:20:25 INFO SparkEnv: Registering MapOutputTracker
[2024-10-17T18:20:25.189+0000] {spark_submit.py:634} INFO - 24/10/17 18:20:25 INFO SparkEnv: Registering BlockManagerMaster
[2024-10-17T18:20:25.208+0000] {spark_submit.py:634} INFO - 24/10/17 18:20:25 INFO BlockManagerMasterEndpoint: Using org.apache.spark.storage.DefaultTopologyMapper for getting topology information
[2024-10-17T18:20:25.209+0000] {spark_submit.py:634} INFO - 24/10/17 18:20:25 INFO BlockManagerMasterEndpoint: BlockManagerMasterEndpoint up
[2024-10-17T18:20:25.214+0000] {spark_submit.py:634} INFO - 24/10/17 18:20:25 INFO SparkEnv: Registering BlockManagerMasterHeartbeat
[2024-10-17T18:20:25.229+0000] {spark_submit.py:634} INFO - 24/10/17 18:20:25 INFO DiskBlockManager: Created local directory at /tmp/blockmgr-aa84690e-6da2-4846-988d-310a85c94b30
[2024-10-17T18:20:25.239+0000] {spark_submit.py:634} INFO - 24/10/17 18:20:25 INFO MemoryStore: MemoryStore started with capacity 434.4 MiB
[2024-10-17T18:20:25.251+0000] {spark_submit.py:634} INFO - 24/10/17 18:20:25 INFO SparkEnv: Registering OutputCommitCoordinator
[2024-10-17T18:20:25.355+0000] {spark_submit.py:634} INFO - 24/10/17 18:20:25 INFO JettyUtils: Start Jetty 0.0.0.0:4040 for SparkUI
[2024-10-17T18:20:25.410+0000] {spark_submit.py:634} INFO - 24/10/17 18:20:25 INFO Utils: Successfully started service 'SparkUI' on port 4040.
[2024-10-17T18:20:25.442+0000] {spark_submit.py:634} INFO - 24/10/17 18:20:25 INFO SparkContext: Added JAR /opt/bitnami/spark/jars/postgresql-42.5.0.jar at spark://cc66b6895e01:42789/jars/postgresql-42.5.0.jar with timestamp 1729189224859
[2024-10-17T18:20:25.494+0000] {spark_submit.py:634} INFO - 24/10/17 18:20:25 INFO Executor: Starting executor ID driver on host cc66b6895e01
[2024-10-17T18:20:25.495+0000] {spark_submit.py:634} INFO - 24/10/17 18:20:25 INFO Executor: OS info Linux, 5.15.153.1-microsoft-standard-WSL2, amd64
[2024-10-17T18:20:25.495+0000] {spark_submit.py:634} INFO - 24/10/17 18:20:25 INFO Executor: Java version 17.0.12
[2024-10-17T18:20:25.500+0000] {spark_submit.py:634} INFO - 24/10/17 18:20:25 INFO Executor: Starting executor with user classpath (userClassPathFirst = false): ''
[2024-10-17T18:20:25.501+0000] {spark_submit.py:634} INFO - 24/10/17 18:20:25 INFO Executor: Created or updated repl class loader org.apache.spark.util.MutableURLClassLoader@11cf427d for default.
[2024-10-17T18:20:25.511+0000] {spark_submit.py:634} INFO - 24/10/17 18:20:25 INFO Executor: Fetching spark://cc66b6895e01:42789/jars/postgresql-42.5.0.jar with timestamp 1729189224859
[2024-10-17T18:20:25.558+0000] {spark_submit.py:634} INFO - 24/10/17 18:20:25 INFO TransportClientFactory: Successfully created connection to cc66b6895e01/172.18.0.4:42789 after 23 ms (0 ms spent in bootstraps)
[2024-10-17T18:20:25.563+0000] {spark_submit.py:634} INFO - 24/10/17 18:20:25 INFO Utils: Fetching spark://cc66b6895e01:42789/jars/postgresql-42.5.0.jar to /tmp/spark-5ddad99a-5660-4d0c-a13b-150aa376652d/userFiles-30f27060-c82d-4bb5-8393-40a66193ee0d/fetchFileTemp6793401238056886510.tmp
[2024-10-17T18:20:25.592+0000] {spark_submit.py:634} INFO - 24/10/17 18:20:25 INFO Executor: Adding file:/tmp/spark-5ddad99a-5660-4d0c-a13b-150aa376652d/userFiles-30f27060-c82d-4bb5-8393-40a66193ee0d/postgresql-42.5.0.jar to class loader default
[2024-10-17T18:20:25.598+0000] {spark_submit.py:634} INFO - 24/10/17 18:20:25 INFO Utils: Successfully started service 'org.apache.spark.network.netty.NettyBlockTransferService' on port 36925.
[2024-10-17T18:20:25.599+0000] {spark_submit.py:634} INFO - 24/10/17 18:20:25 INFO NettyBlockTransferService: Server created on cc66b6895e01:36925
[2024-10-17T18:20:25.600+0000] {spark_submit.py:634} INFO - 24/10/17 18:20:25 INFO BlockManager: Using org.apache.spark.storage.RandomBlockReplicationPolicy for block replication policy
[2024-10-17T18:20:25.604+0000] {spark_submit.py:634} INFO - 24/10/17 18:20:25 INFO BlockManagerMaster: Registering BlockManager BlockManagerId(driver, cc66b6895e01, 36925, None)
[2024-10-17T18:20:25.607+0000] {spark_submit.py:634} INFO - 24/10/17 18:20:25 INFO BlockManagerMasterEndpoint: Registering block manager cc66b6895e01:36925 with 434.4 MiB RAM, BlockManagerId(driver, cc66b6895e01, 36925, None)
[2024-10-17T18:20:25.608+0000] {spark_submit.py:634} INFO - 24/10/17 18:20:25 INFO BlockManagerMaster: Registered BlockManager BlockManagerId(driver, cc66b6895e01, 36925, None)
[2024-10-17T18:20:25.609+0000] {spark_submit.py:634} INFO - 24/10/17 18:20:25 INFO BlockManager: Initialized BlockManager: BlockManagerId(driver, cc66b6895e01, 36925, None)
[2024-10-17T18:20:25.954+0000] {spark_submit.py:634} INFO - 24/10/17 18:20:25 INFO SharedState: Setting hive.metastore.warehouse.dir ('null') to the value of spark.sql.warehouse.dir.
[2024-10-17T18:20:25.956+0000] {spark_submit.py:634} INFO - 24/10/17 18:20:25 INFO SharedState: Warehouse path is 'file:/opt/***/spark-warehouse'.
[2024-10-17T18:20:26.790+0000] {spark_submit.py:634} INFO - 24/10/17 18:20:26 INFO InMemoryFileIndex: It took 150 ms to list leaf files for 4 paths.
[2024-10-17T18:20:27.110+0000] {spark_submit.py:634} INFO - 24/10/17 18:20:27 INFO SparkContext: Starting job: parquet at NativeMethodAccessorImpl.java:0
[2024-10-17T18:20:27.122+0000] {spark_submit.py:634} INFO - 24/10/17 18:20:27 INFO DAGScheduler: Got job 0 (parquet at NativeMethodAccessorImpl.java:0) with 1 output partitions
[2024-10-17T18:20:27.123+0000] {spark_submit.py:634} INFO - 24/10/17 18:20:27 INFO DAGScheduler: Final stage: ResultStage 0 (parquet at NativeMethodAccessorImpl.java:0)
[2024-10-17T18:20:27.123+0000] {spark_submit.py:634} INFO - 24/10/17 18:20:27 INFO DAGScheduler: Parents of final stage: List()
[2024-10-17T18:20:27.124+0000] {spark_submit.py:634} INFO - 24/10/17 18:20:27 INFO DAGScheduler: Missing parents: List()
[2024-10-17T18:20:27.127+0000] {spark_submit.py:634} INFO - 24/10/17 18:20:27 INFO DAGScheduler: Submitting ResultStage 0 (MapPartitionsRDD[1] at parquet at NativeMethodAccessorImpl.java:0), which has no missing parents
[2024-10-17T18:20:27.177+0000] {spark_submit.py:634} INFO - 24/10/17 18:20:27 INFO MemoryStore: Block broadcast_0 stored as values in memory (estimated size 104.5 KiB, free 434.3 MiB)
[2024-10-17T18:20:27.198+0000] {spark_submit.py:634} INFO - 24/10/17 18:20:27 INFO MemoryStore: Block broadcast_0_piece0 stored as bytes in memory (estimated size 37.7 KiB, free 434.3 MiB)
[2024-10-17T18:20:27.200+0000] {spark_submit.py:634} INFO - 24/10/17 18:20:27 INFO BlockManagerInfo: Added broadcast_0_piece0 in memory on cc66b6895e01:36925 (size: 37.7 KiB, free: 434.4 MiB)
[2024-10-17T18:20:27.202+0000] {spark_submit.py:634} INFO - 24/10/17 18:20:27 INFO SparkContext: Created broadcast 0 from broadcast at DAGScheduler.scala:1585
[2024-10-17T18:20:27.216+0000] {spark_submit.py:634} INFO - 24/10/17 18:20:27 INFO DAGScheduler: Submitting 1 missing tasks from ResultStage 0 (MapPartitionsRDD[1] at parquet at NativeMethodAccessorImpl.java:0) (first 15 tasks are for partitions Vector(0))
[2024-10-17T18:20:27.217+0000] {spark_submit.py:634} INFO - 24/10/17 18:20:27 INFO TaskSchedulerImpl: Adding task set 0.0 with 1 tasks resource profile 0
[2024-10-17T18:20:27.255+0000] {spark_submit.py:634} INFO - 24/10/17 18:20:27 INFO TaskSetManager: Starting task 0.0 in stage 0.0 (TID 0) (cc66b6895e01, executor driver, partition 0, PROCESS_LOCAL, 9378 bytes)
[2024-10-17T18:20:27.265+0000] {spark_submit.py:634} INFO - 24/10/17 18:20:27 INFO Executor: Running task 0.0 in stage 0.0 (TID 0)
[2024-10-17T18:20:27.542+0000] {spark_submit.py:634} INFO - 24/10/17 18:20:27 INFO Executor: Finished task 0.0 in stage 0.0 (TID 0). 1663 bytes result sent to driver
[2024-10-17T18:20:27.549+0000] {spark_submit.py:634} INFO - 24/10/17 18:20:27 INFO TaskSetManager: Finished task 0.0 in stage 0.0 (TID 0) in 310 ms on cc66b6895e01 (executor driver) (1/1)
[2024-10-17T18:20:27.550+0000] {spark_submit.py:634} INFO - 24/10/17 18:20:27 INFO TaskSchedulerImpl: Removed TaskSet 0.0, whose tasks have all completed, from pool
[2024-10-17T18:20:27.554+0000] {spark_submit.py:634} INFO - 24/10/17 18:20:27 INFO DAGScheduler: ResultStage 0 (parquet at NativeMethodAccessorImpl.java:0) finished in 0.415 s
[2024-10-17T18:20:27.556+0000] {spark_submit.py:634} INFO - 24/10/17 18:20:27 INFO DAGScheduler: Job 0 is finished. Cancelling potential speculative or zombie tasks for this job
[2024-10-17T18:20:27.557+0000] {spark_submit.py:634} INFO - 24/10/17 18:20:27 INFO TaskSchedulerImpl: Killing all running tasks in stage 0: Stage finished
[2024-10-17T18:20:27.558+0000] {spark_submit.py:634} INFO - 24/10/17 18:20:27 INFO DAGScheduler: Job 0 finished: parquet at NativeMethodAccessorImpl.java:0, took 0.447179 s
[2024-10-17T18:20:27.603+0000] {spark_submit.py:634} INFO - 24/10/17 18:20:27 INFO BlockManagerInfo: Removed broadcast_0_piece0 on cc66b6895e01:36925 in memory (size: 37.7 KiB, free: 434.4 MiB)
[2024-10-17T18:20:28.233+0000] {spark_submit.py:634} INFO - 24/10/17 18:20:28 INFO InMemoryFileIndex: It took 118 ms to list leaf files for 4 paths.
[2024-10-17T18:20:28.265+0000] {spark_submit.py:634} INFO - 24/10/17 18:20:28 INFO SparkContext: Starting job: parquet at NativeMethodAccessorImpl.java:0
[2024-10-17T18:20:28.266+0000] {spark_submit.py:634} INFO - 24/10/17 18:20:28 INFO DAGScheduler: Got job 1 (parquet at NativeMethodAccessorImpl.java:0) with 1 output partitions
[2024-10-17T18:20:28.267+0000] {spark_submit.py:634} INFO - 24/10/17 18:20:28 INFO DAGScheduler: Final stage: ResultStage 1 (parquet at NativeMethodAccessorImpl.java:0)
[2024-10-17T18:20:28.268+0000] {spark_submit.py:634} INFO - 24/10/17 18:20:28 INFO DAGScheduler: Parents of final stage: List()
[2024-10-17T18:20:28.268+0000] {spark_submit.py:634} INFO - 24/10/17 18:20:28 INFO DAGScheduler: Missing parents: List()
[2024-10-17T18:20:28.268+0000] {spark_submit.py:634} INFO - 24/10/17 18:20:28 INFO DAGScheduler: Submitting ResultStage 1 (MapPartitionsRDD[3] at parquet at NativeMethodAccessorImpl.java:0), which has no missing parents
[2024-10-17T18:20:28.276+0000] {spark_submit.py:634} INFO - 24/10/17 18:20:28 INFO MemoryStore: Block broadcast_1 stored as values in memory (estimated size 104.5 KiB, free 434.3 MiB)
[2024-10-17T18:20:28.278+0000] {spark_submit.py:634} INFO - 24/10/17 18:20:28 INFO MemoryStore: Block broadcast_1_piece0 stored as bytes in memory (estimated size 37.7 KiB, free 434.3 MiB)
[2024-10-17T18:20:28.278+0000] {spark_submit.py:634} INFO - 24/10/17 18:20:28 INFO BlockManagerInfo: Added broadcast_1_piece0 in memory on cc66b6895e01:36925 (size: 37.7 KiB, free: 434.4 MiB)
[2024-10-17T18:20:28.279+0000] {spark_submit.py:634} INFO - 24/10/17 18:20:28 INFO SparkContext: Created broadcast 1 from broadcast at DAGScheduler.scala:1585
[2024-10-17T18:20:28.280+0000] {spark_submit.py:634} INFO - 24/10/17 18:20:28 INFO DAGScheduler: Submitting 1 missing tasks from ResultStage 1 (MapPartitionsRDD[3] at parquet at NativeMethodAccessorImpl.java:0) (first 15 tasks are for partitions Vector(0))
[2024-10-17T18:20:28.280+0000] {spark_submit.py:634} INFO - 24/10/17 18:20:28 INFO TaskSchedulerImpl: Adding task set 1.0 with 1 tasks resource profile 0
[2024-10-17T18:20:28.281+0000] {spark_submit.py:634} INFO - 24/10/17 18:20:28 INFO TaskSetManager: Starting task 0.0 in stage 1.0 (TID 1) (cc66b6895e01, executor driver, partition 0, PROCESS_LOCAL, 9377 bytes)
[2024-10-17T18:20:28.282+0000] {spark_submit.py:634} INFO - 24/10/17 18:20:28 INFO Executor: Running task 0.0 in stage 1.0 (TID 1)
[2024-10-17T18:20:28.336+0000] {spark_submit.py:634} INFO - 24/10/17 18:20:28 INFO Executor: Finished task 0.0 in stage 1.0 (TID 1). 1663 bytes result sent to driver
[2024-10-17T18:20:28.337+0000] {spark_submit.py:634} INFO - 24/10/17 18:20:28 INFO TaskSetManager: Finished task 0.0 in stage 1.0 (TID 1) in 56 ms on cc66b6895e01 (executor driver) (1/1)
[2024-10-17T18:20:28.338+0000] {spark_submit.py:634} INFO - 24/10/17 18:20:28 INFO TaskSchedulerImpl: Removed TaskSet 1.0, whose tasks have all completed, from pool
[2024-10-17T18:20:28.339+0000] {spark_submit.py:634} INFO - 24/10/17 18:20:28 INFO DAGScheduler: ResultStage 1 (parquet at NativeMethodAccessorImpl.java:0) finished in 0.070 s
[2024-10-17T18:20:28.345+0000] {spark_submit.py:634} INFO - 24/10/17 18:20:28 INFO DAGScheduler: Job 1 is finished. Cancelling potential speculative or zombie tasks for this job
[2024-10-17T18:20:28.345+0000] {spark_submit.py:634} INFO - 24/10/17 18:20:28 INFO TaskSchedulerImpl: Killing all running tasks in stage 1: Stage finished
[2024-10-17T18:20:28.346+0000] {spark_submit.py:634} INFO - 24/10/17 18:20:28 INFO DAGScheduler: Job 1 finished: parquet at NativeMethodAccessorImpl.java:0, took 0.073751 s
[2024-10-17T18:20:28.617+0000] {spark_submit.py:634} INFO - 24/10/17 18:20:28 INFO FileSourceStrategy: Pushed Filters:
[2024-10-17T18:20:28.618+0000] {spark_submit.py:634} INFO - 24/10/17 18:20:28 INFO FileSourceStrategy: Post-Scan Filters:
[2024-10-17T18:20:28.922+0000] {spark_submit.py:634} INFO - 24/10/17 18:20:28 INFO BlockManagerInfo: Removed broadcast_1_piece0 on cc66b6895e01:36925 in memory (size: 37.7 KiB, free: 434.4 MiB)
[2024-10-17T18:20:28.937+0000] {spark_submit.py:634} INFO - 24/10/17 18:20:28 INFO CodeGenerator: Code generated in 198.648032 ms
[2024-10-17T18:20:28.954+0000] {spark_submit.py:634} INFO - 24/10/17 18:20:28 INFO MemoryStore: Block broadcast_2 stored as values in memory (estimated size 202.6 KiB, free 434.2 MiB)
[2024-10-17T18:20:28.962+0000] {spark_submit.py:634} INFO - 24/10/17 18:20:28 INFO MemoryStore: Block broadcast_2_piece0 stored as bytes in memory (estimated size 35.3 KiB, free 434.2 MiB)
[2024-10-17T18:20:28.963+0000] {spark_submit.py:634} INFO - 24/10/17 18:20:28 INFO BlockManagerInfo: Added broadcast_2_piece0 in memory on cc66b6895e01:36925 (size: 35.3 KiB, free: 434.4 MiB)
[2024-10-17T18:20:28.964+0000] {spark_submit.py:634} INFO - 24/10/17 18:20:28 INFO SparkContext: Created broadcast 2 from showString at NativeMethodAccessorImpl.java:0
[2024-10-17T18:20:28.974+0000] {spark_submit.py:634} INFO - 24/10/17 18:20:28 INFO FileSourceScanExec: Planning scan with bin packing, max size: 16782037 bytes, open cost is considered as scanning 4194304 bytes.
[2024-10-17T18:20:29.001+0000] {spark_submit.py:634} INFO - 24/10/17 18:20:29 INFO SparkContext: Starting job: showString at NativeMethodAccessorImpl.java:0
[2024-10-17T18:20:29.002+0000] {spark_submit.py:634} INFO - 24/10/17 18:20:29 INFO DAGScheduler: Got job 2 (showString at NativeMethodAccessorImpl.java:0) with 1 output partitions
[2024-10-17T18:20:29.003+0000] {spark_submit.py:634} INFO - 24/10/17 18:20:29 INFO DAGScheduler: Final stage: ResultStage 2 (showString at NativeMethodAccessorImpl.java:0)
[2024-10-17T18:20:29.003+0000] {spark_submit.py:634} INFO - 24/10/17 18:20:29 INFO DAGScheduler: Parents of final stage: List()
[2024-10-17T18:20:29.004+0000] {spark_submit.py:634} INFO - 24/10/17 18:20:29 INFO DAGScheduler: Missing parents: List()
[2024-10-17T18:20:29.004+0000] {spark_submit.py:634} INFO - 24/10/17 18:20:29 INFO DAGScheduler: Submitting ResultStage 2 (MapPartitionsRDD[7] at showString at NativeMethodAccessorImpl.java:0), which has no missing parents
[2024-10-17T18:20:29.022+0000] {spark_submit.py:634} INFO - 24/10/17 18:20:29 INFO MemoryStore: Block broadcast_3 stored as values in memory (estimated size 14.1 KiB, free 434.2 MiB)
[2024-10-17T18:20:29.024+0000] {spark_submit.py:634} INFO - 24/10/17 18:20:29 INFO MemoryStore: Block broadcast_3_piece0 stored as bytes in memory (estimated size 6.2 KiB, free 434.1 MiB)
[2024-10-17T18:20:29.024+0000] {spark_submit.py:634} INFO - 24/10/17 18:20:29 INFO BlockManagerInfo: Added broadcast_3_piece0 in memory on cc66b6895e01:36925 (size: 6.2 KiB, free: 434.4 MiB)
[2024-10-17T18:20:29.025+0000] {spark_submit.py:634} INFO - 24/10/17 18:20:29 INFO SparkContext: Created broadcast 3 from broadcast at DAGScheduler.scala:1585
[2024-10-17T18:20:29.026+0000] {spark_submit.py:634} INFO - 24/10/17 18:20:29 INFO DAGScheduler: Submitting 1 missing tasks from ResultStage 2 (MapPartitionsRDD[7] at showString at NativeMethodAccessorImpl.java:0) (first 15 tasks are for partitions Vector(0))
[2024-10-17T18:20:29.026+0000] {spark_submit.py:634} INFO - 24/10/17 18:20:29 INFO TaskSchedulerImpl: Adding task set 2.0 with 1 tasks resource profile 0
[2024-10-17T18:20:29.029+0000] {spark_submit.py:634} INFO - 24/10/17 18:20:29 INFO TaskSetManager: Starting task 0.0 in stage 2.0 (TID 2) (cc66b6895e01, executor driver, partition 0, PROCESS_LOCAL, 10485 bytes)
[2024-10-17T18:20:29.030+0000] {spark_submit.py:634} INFO - 24/10/17 18:20:29 INFO Executor: Running task 0.0 in stage 2.0 (TID 2)
[2024-10-17T18:20:29.069+0000] {spark_submit.py:634} INFO - 24/10/17 18:20:29 INFO CodeGenerator: Code generated in 12.380938 ms
[2024-10-17T18:20:29.072+0000] {spark_submit.py:634} INFO - 24/10/17 18:20:29 INFO FileScanRDD: Reading File path: file:///opt/***/datalake/silverzone/pichau_2024-10-08/dim_marca.parquet/part-00000-eaf0b330-5a42-4a4a-abb7-5c1b2a5487cc-c000.snappy.parquet, range: 0-1246, partition values: [empty row]
[2024-10-17T18:20:29.200+0000] {spark_submit.py:634} INFO - 24/10/17 18:20:29 INFO CodecPool: Got brand-new decompressor [.snappy]
[2024-10-17T18:20:29.312+0000] {spark_submit.py:634} INFO - 24/10/17 18:20:29 INFO Executor: Finished task 0.0 in stage 2.0 (TID 2). 2166 bytes result sent to driver
[2024-10-17T18:20:29.314+0000] {spark_submit.py:634} INFO - 24/10/17 18:20:29 INFO TaskSetManager: Finished task 0.0 in stage 2.0 (TID 2) in 287 ms on cc66b6895e01 (executor driver) (1/1)
[2024-10-17T18:20:29.315+0000] {spark_submit.py:634} INFO - 24/10/17 18:20:29 INFO TaskSchedulerImpl: Removed TaskSet 2.0, whose tasks have all completed, from pool
[2024-10-17T18:20:29.316+0000] {spark_submit.py:634} INFO - 24/10/17 18:20:29 INFO DAGScheduler: ResultStage 2 (showString at NativeMethodAccessorImpl.java:0) finished in 0.309 s
[2024-10-17T18:20:29.316+0000] {spark_submit.py:634} INFO - 24/10/17 18:20:29 INFO DAGScheduler: Job 2 is finished. Cancelling potential speculative or zombie tasks for this job
[2024-10-17T18:20:29.317+0000] {spark_submit.py:634} INFO - 24/10/17 18:20:29 INFO TaskSchedulerImpl: Killing all running tasks in stage 2: Stage finished
[2024-10-17T18:20:29.317+0000] {spark_submit.py:634} INFO - 24/10/17 18:20:29 INFO DAGScheduler: Job 2 finished: showString at NativeMethodAccessorImpl.java:0, took 0.314559 s
[2024-10-17T18:20:30.020+0000] {spark_submit.py:634} INFO - 24/10/17 18:20:30 INFO CodeGenerator: Code generated in 8.958989 ms
[2024-10-17T18:20:30.028+0000] {spark_submit.py:634} INFO - +--------------------+
[2024-10-17T18:20:30.029+0000] {spark_submit.py:634} INFO - |               marca|
[2024-10-17T18:20:30.030+0000] {spark_submit.py:634} INFO - +--------------------+
[2024-10-17T18:20:30.030+0000] {spark_submit.py:634} INFO - |            SAPPHIRE|
[2024-10-17T18:20:30.031+0000] {spark_submit.py:634} INFO - |            NOT_INFO|
[2024-10-17T18:20:30.031+0000] {spark_submit.py:634} INFO - |                 PNY|
[2024-10-17T18:20:30.032+0000] {spark_submit.py:634} INFO - |                 AMD|
[2024-10-17T18:20:30.032+0000] {spark_submit.py:634} INFO - |               PCYES|
[2024-10-17T18:20:30.033+0000] {spark_submit.py:634} INFO - |              ASROCK|
[2024-10-17T18:20:30.033+0000] {spark_submit.py:634} INFO - |PROCESSADOR AMD R...|
[2024-10-17T18:20:30.034+0000] {spark_submit.py:634} INFO - |PROCESSADOR AMD R...|
[2024-10-17T18:20:30.034+0000] {spark_submit.py:634} INFO - |PROCESSADOR INTEL...|
[2024-10-17T18:20:30.034+0000] {spark_submit.py:634} INFO - |PROCESSADOR AMD R...|
[2024-10-17T18:20:30.035+0000] {spark_submit.py:634} INFO - |PROCESSADOR INTEL...|
[2024-10-17T18:20:30.035+0000] {spark_submit.py:634} INFO - |PROCESSADOR AMD R...|
[2024-10-17T18:20:30.036+0000] {spark_submit.py:634} INFO - |PROCESSADOR AMD R...|
[2024-10-17T18:20:30.036+0000] {spark_submit.py:634} INFO - |PROCESSADOR AMD R...|
[2024-10-17T18:20:30.037+0000] {spark_submit.py:634} INFO - |PROCESSADOR AMD R...|
[2024-10-17T18:20:30.037+0000] {spark_submit.py:634} INFO - |PROCESSADOR AMD R...|
[2024-10-17T18:20:30.038+0000] {spark_submit.py:634} INFO - |PROCESSADOR AMD R...|
[2024-10-17T18:20:30.038+0000] {spark_submit.py:634} INFO - |PROCESSADOR AMD R...|
[2024-10-17T18:20:30.038+0000] {spark_submit.py:634} INFO - |PROCESSADOR INTEL...|
[2024-10-17T18:20:30.039+0000] {spark_submit.py:634} INFO - |PROCESSADOR INTEL...|
[2024-10-17T18:20:30.039+0000] {spark_submit.py:634} INFO - +--------------------+
[2024-10-17T18:20:30.039+0000] {spark_submit.py:634} INFO - only showing top 20 rows
[2024-10-17T18:20:30.040+0000] {spark_submit.py:634} INFO - 
[2024-10-17T18:20:30.050+0000] {spark_submit.py:634} INFO - 24/10/17 18:20:30 INFO FileSourceStrategy: Pushed Filters:
[2024-10-17T18:20:30.051+0000] {spark_submit.py:634} INFO - 24/10/17 18:20:30 INFO FileSourceStrategy: Post-Scan Filters:
[2024-10-17T18:20:30.069+0000] {spark_submit.py:634} INFO - 24/10/17 18:20:30 INFO MemoryStore: Block broadcast_4 stored as values in memory (estimated size 202.6 KiB, free 433.9 MiB)
[2024-10-17T18:20:30.076+0000] {spark_submit.py:634} INFO - 24/10/17 18:20:30 INFO MemoryStore: Block broadcast_4_piece0 stored as bytes in memory (estimated size 35.3 KiB, free 433.9 MiB)
[2024-10-17T18:20:30.077+0000] {spark_submit.py:634} INFO - 24/10/17 18:20:30 INFO BlockManagerInfo: Added broadcast_4_piece0 in memory on cc66b6895e01:36925 (size: 35.3 KiB, free: 434.3 MiB)
[2024-10-17T18:20:30.078+0000] {spark_submit.py:634} INFO - 24/10/17 18:20:30 INFO SparkContext: Created broadcast 4 from showString at NativeMethodAccessorImpl.java:0
[2024-10-17T18:20:30.079+0000] {spark_submit.py:634} INFO - 24/10/17 18:20:30 INFO FileSourceScanExec: Planning scan with bin packing, max size: 16798470 bytes, open cost is considered as scanning 4194304 bytes.
[2024-10-17T18:20:30.092+0000] {spark_submit.py:634} INFO - 24/10/17 18:20:30 INFO SparkContext: Starting job: showString at NativeMethodAccessorImpl.java:0
[2024-10-17T18:20:30.093+0000] {spark_submit.py:634} INFO - 24/10/17 18:20:30 INFO BlockManagerInfo: Removed broadcast_3_piece0 on cc66b6895e01:36925 in memory (size: 6.2 KiB, free: 434.3 MiB)
[2024-10-17T18:20:30.093+0000] {spark_submit.py:634} INFO - 24/10/17 18:20:30 INFO DAGScheduler: Got job 3 (showString at NativeMethodAccessorImpl.java:0) with 1 output partitions
[2024-10-17T18:20:30.094+0000] {spark_submit.py:634} INFO - 24/10/17 18:20:30 INFO DAGScheduler: Final stage: ResultStage 3 (showString at NativeMethodAccessorImpl.java:0)
[2024-10-17T18:20:30.094+0000] {spark_submit.py:634} INFO - 24/10/17 18:20:30 INFO DAGScheduler: Parents of final stage: List()
[2024-10-17T18:20:30.095+0000] {spark_submit.py:634} INFO - 24/10/17 18:20:30 INFO DAGScheduler: Missing parents: List()
[2024-10-17T18:20:30.095+0000] {spark_submit.py:634} INFO - 24/10/17 18:20:30 INFO DAGScheduler: Submitting ResultStage 3 (MapPartitionsRDD[11] at showString at NativeMethodAccessorImpl.java:0), which has no missing parents
[2024-10-17T18:20:30.096+0000] {spark_submit.py:634} INFO - 24/10/17 18:20:30 INFO MemoryStore: Block broadcast_5 stored as values in memory (estimated size 14.1 KiB, free 433.9 MiB)
[2024-10-17T18:20:30.098+0000] {spark_submit.py:634} INFO - 24/10/17 18:20:30 INFO MemoryStore: Block broadcast_5_piece0 stored as bytes in memory (estimated size 6.2 KiB, free 433.9 MiB)
[2024-10-17T18:20:30.099+0000] {spark_submit.py:634} INFO - 24/10/17 18:20:30 INFO BlockManagerInfo: Added broadcast_5_piece0 in memory on cc66b6895e01:36925 (size: 6.2 KiB, free: 434.3 MiB)
[2024-10-17T18:20:30.100+0000] {spark_submit.py:634} INFO - 24/10/17 18:20:30 INFO SparkContext: Created broadcast 5 from broadcast at DAGScheduler.scala:1585
[2024-10-17T18:20:30.101+0000] {spark_submit.py:634} INFO - 24/10/17 18:20:30 INFO BlockManagerInfo: Removed broadcast_2_piece0 on cc66b6895e01:36925 in memory (size: 35.3 KiB, free: 434.4 MiB)
[2024-10-17T18:20:30.101+0000] {spark_submit.py:634} INFO - 24/10/17 18:20:30 INFO DAGScheduler: Submitting 1 missing tasks from ResultStage 3 (MapPartitionsRDD[11] at showString at NativeMethodAccessorImpl.java:0) (first 15 tasks are for partitions Vector(0))
[2024-10-17T18:20:30.102+0000] {spark_submit.py:634} INFO - 24/10/17 18:20:30 INFO TaskSchedulerImpl: Adding task set 3.0 with 1 tasks resource profile 0
[2024-10-17T18:20:30.103+0000] {spark_submit.py:634} INFO - 24/10/17 18:20:30 INFO TaskSetManager: Starting task 0.0 in stage 3.0 (TID 3) (cc66b6895e01, executor driver, partition 0, PROCESS_LOCAL, 10481 bytes)
[2024-10-17T18:20:30.103+0000] {spark_submit.py:634} INFO - 24/10/17 18:20:30 INFO Executor: Running task 0.0 in stage 3.0 (TID 3)
[2024-10-17T18:20:30.107+0000] {spark_submit.py:634} INFO - 24/10/17 18:20:30 INFO FileScanRDD: Reading File path: file:///opt/***/datalake/silverzone/kabum_2024-10-11/dim_marca.parquet/part-00000-d8228eec-115b-4488-9160-cbb0376594df-c000.snappy.parquet, range: 0-5464, partition values: [empty row]
[2024-10-17T18:20:30.178+0000] {spark_submit.py:634} INFO - 24/10/17 18:20:30 INFO Executor: Finished task 0.0 in stage 3.0 (TID 3). 2254 bytes result sent to driver
[2024-10-17T18:20:30.180+0000] {spark_submit.py:634} INFO - 24/10/17 18:20:30 INFO TaskSetManager: Finished task 0.0 in stage 3.0 (TID 3) in 77 ms on cc66b6895e01 (executor driver) (1/1)
[2024-10-17T18:20:30.182+0000] {spark_submit.py:634} INFO - 24/10/17 18:20:30 INFO TaskSchedulerImpl: Removed TaskSet 3.0, whose tasks have all completed, from pool
[2024-10-17T18:20:30.182+0000] {spark_submit.py:634} INFO - 24/10/17 18:20:30 INFO DAGScheduler: ResultStage 3 (showString at NativeMethodAccessorImpl.java:0) finished in 0.085 s
[2024-10-17T18:20:30.183+0000] {spark_submit.py:634} INFO - 24/10/17 18:20:30 INFO DAGScheduler: Job 3 is finished. Cancelling potential speculative or zombie tasks for this job
[2024-10-17T18:20:30.183+0000] {spark_submit.py:634} INFO - 24/10/17 18:20:30 INFO TaskSchedulerImpl: Killing all running tasks in stage 3: Stage finished
[2024-10-17T18:20:30.184+0000] {spark_submit.py:634} INFO - 24/10/17 18:20:30 INFO DAGScheduler: Job 3 finished: showString at NativeMethodAccessorImpl.java:0, took 0.090428 s
[2024-10-17T18:20:30.189+0000] {spark_submit.py:634} INFO - +--------------------+
[2024-10-17T18:20:30.189+0000] {spark_submit.py:634} INFO - |               marca|
[2024-10-17T18:20:30.190+0000] {spark_submit.py:634} INFO - +--------------------+
[2024-10-17T18:20:30.191+0000] {spark_submit.py:634} INFO - |            REVENGER|
[2024-10-17T18:20:30.191+0000] {spark_submit.py:634} INFO - |            SAPPHIRE|
[2024-10-17T18:20:30.192+0000] {spark_submit.py:634} INFO - |              NVIDIA|
[2024-10-17T18:20:30.192+0000] {spark_submit.py:634} INFO - |                AFOX|
[2024-10-17T18:20:30.193+0000] {spark_submit.py:634} INFO - |            NOT_INFO|
[2024-10-17T18:20:30.193+0000] {spark_submit.py:634} INFO - |                 PNY|
[2024-10-17T18:20:30.193+0000] {spark_submit.py:634} INFO - |                 AMD|
[2024-10-17T18:20:30.194+0000] {spark_submit.py:634} INFO - |               AITEK|
[2024-10-17T18:20:30.194+0000] {spark_submit.py:634} INFO - |               PCYES|
[2024-10-17T18:20:30.194+0000] {spark_submit.py:634} INFO - |                 BRX|
[2024-10-17T18:20:30.195+0000] {spark_submit.py:634} INFO - |              ASROCK|
[2024-10-17T18:20:30.195+0000] {spark_submit.py:634} INFO - |PROCESSADOR INTEL...|
[2024-10-17T18:20:30.196+0000] {spark_submit.py:634} INFO - |PROCESSADOR INTEL...|
[2024-10-17T18:20:30.196+0000] {spark_submit.py:634} INFO - |PROCESSADOR AMD R...|
[2024-10-17T18:20:30.197+0000] {spark_submit.py:634} INFO - |PROCESSADOR AMD R...|
[2024-10-17T18:20:30.197+0000] {spark_submit.py:634} INFO - |PROCESSADOR INTEL...|
[2024-10-17T18:20:30.198+0000] {spark_submit.py:634} INFO - |PROCESSADOR INTEL...|
[2024-10-17T18:20:30.198+0000] {spark_submit.py:634} INFO - |PROCESSADOR INTEL...|
[2024-10-17T18:20:30.199+0000] {spark_submit.py:634} INFO - |PROCESSADOR AMD R...|
[2024-10-17T18:20:30.199+0000] {spark_submit.py:634} INFO - |PROCESSADOR INTEL...|
[2024-10-17T18:20:30.199+0000] {spark_submit.py:634} INFO - +--------------------+
[2024-10-17T18:20:30.200+0000] {spark_submit.py:634} INFO - only showing top 20 rows
[2024-10-17T18:20:30.200+0000] {spark_submit.py:634} INFO - 
[2024-10-17T18:20:30.234+0000] {spark_submit.py:634} INFO - 24/10/17 18:20:30 INFO SparkContext: Invoking stop() from shutdown hook
[2024-10-17T18:20:30.235+0000] {spark_submit.py:634} INFO - 24/10/17 18:20:30 INFO SparkContext: SparkContext is stopping with exitCode 0.
[2024-10-17T18:20:30.242+0000] {spark_submit.py:634} INFO - 24/10/17 18:20:30 INFO SparkUI: Stopped Spark web UI at http://cc66b6895e01:4040
[2024-10-17T18:20:30.252+0000] {spark_submit.py:634} INFO - 24/10/17 18:20:30 INFO MapOutputTrackerMasterEndpoint: MapOutputTrackerMasterEndpoint stopped!
[2024-10-17T18:20:30.260+0000] {spark_submit.py:634} INFO - 24/10/17 18:20:30 INFO MemoryStore: MemoryStore cleared
[2024-10-17T18:20:30.261+0000] {spark_submit.py:634} INFO - 24/10/17 18:20:30 INFO BlockManager: BlockManager stopped
[2024-10-17T18:20:30.263+0000] {spark_submit.py:634} INFO - 24/10/17 18:20:30 INFO BlockManagerMaster: BlockManagerMaster stopped
[2024-10-17T18:20:30.265+0000] {spark_submit.py:634} INFO - 24/10/17 18:20:30 INFO OutputCommitCoordinator$OutputCommitCoordinatorEndpoint: OutputCommitCoordinator stopped!
[2024-10-17T18:20:30.270+0000] {spark_submit.py:634} INFO - 24/10/17 18:20:30 INFO SparkContext: Successfully stopped SparkContext
[2024-10-17T18:20:30.271+0000] {spark_submit.py:634} INFO - 24/10/17 18:20:30 INFO ShutdownHookManager: Shutdown hook called
[2024-10-17T18:20:30.271+0000] {spark_submit.py:634} INFO - 24/10/17 18:20:30 INFO ShutdownHookManager: Deleting directory /tmp/spark-5ddad99a-5660-4d0c-a13b-150aa376652d/pyspark-827f5af4-6025-418c-8d1b-a75dc05974a7
[2024-10-17T18:20:30.275+0000] {spark_submit.py:634} INFO - 24/10/17 18:20:30 INFO ShutdownHookManager: Deleting directory /tmp/spark-5ddad99a-5660-4d0c-a13b-150aa376652d
[2024-10-17T18:20:30.278+0000] {spark_submit.py:634} INFO - 24/10/17 18:20:30 INFO ShutdownHookManager: Deleting directory /tmp/spark-0f913b16-c139-4e16-b9f1-e58d4ae86edb
[2024-10-17T18:20:30.313+0000] {taskinstance.py:340} INFO - ::group::Post task execution logs
[2024-10-17T18:20:30.313+0000] {taskinstance.py:352} INFO - Marking task as SUCCESS. dag_id=LoadWebScraping, task_id=spark_job, run_id=manual__2024-10-17T18:20:18.984944+00:00, execution_date=20241017T182018, start_date=20241017T182020, end_date=20241017T182030
[2024-10-17T18:20:30.364+0000] {local_task_job_runner.py:266} INFO - Task exited with return code 0
[2024-10-17T18:20:30.376+0000] {taskinstance.py:3900} INFO - 0 downstream tasks scheduled from follow-on schedule check
[2024-10-17T18:20:30.380+0000] {local_task_job_runner.py:245} INFO - ::endgroup::
