[2024-10-02T23:04:18.598+0000] {local_task_job_runner.py:123} INFO - ::group::Pre task execution logs
[2024-10-02T23:04:18.616+0000] {taskinstance.py:2612} INFO - Dependencies all met for dep_context=non-requeueable deps ti=<TaskInstance: SitesWebScraping.Create_Container_Raw manual__2024-10-02T23:04:17.450099+00:00 [queued]>
[2024-10-02T23:04:18.624+0000] {taskinstance.py:2612} INFO - Dependencies all met for dep_context=requeueable deps ti=<TaskInstance: SitesWebScraping.Create_Container_Raw manual__2024-10-02T23:04:17.450099+00:00 [queued]>
[2024-10-02T23:04:18.625+0000] {taskinstance.py:2865} INFO - Starting attempt 1 of 1
[2024-10-02T23:04:18.638+0000] {taskinstance.py:2888} INFO - Executing <Task(CreateContainerInDataLake): Create_Container_Raw> on 2024-10-02 23:04:17.450099+00:00
[2024-10-02T23:04:18.643+0000] {warnings.py:112} WARNING - /home/***/.local/lib/python3.12/site-packages/***/task/task_runner/standard_task_runner.py:70: DeprecationWarning: This process (pid=4699) is multi-threaded, use of fork() may lead to deadlocks in the child.
  pid = os.fork()

[2024-10-02T23:04:18.644+0000] {standard_task_runner.py:72} INFO - Started process 4700 to run task
[2024-10-02T23:04:18.645+0000] {standard_task_runner.py:104} INFO - Running: ['***', 'tasks', 'run', 'SitesWebScraping', 'Create_Container_Raw', 'manual__2024-10-02T23:04:17.450099+00:00', '--job-id', '848', '--raw', '--subdir', 'DAGS_FOLDER/DagWebScraping.py', '--cfg-path', '/tmp/tmpzkz75v3q']
[2024-10-02T23:04:18.647+0000] {standard_task_runner.py:105} INFO - Job 848: Subtask Create_Container_Raw
[2024-10-02T23:04:18.691+0000] {task_command.py:467} INFO - Running <TaskInstance: SitesWebScraping.Create_Container_Raw manual__2024-10-02T23:04:17.450099+00:00 [running]> on host f8603ea05473
[2024-10-02T23:04:18.772+0000] {taskinstance.py:3131} INFO - Exporting env vars: AIRFLOW_CTX_DAG_OWNER='***' AIRFLOW_CTX_DAG_ID='SitesWebScraping' AIRFLOW_CTX_TASK_ID='Create_Container_Raw' AIRFLOW_CTX_EXECUTION_DATE='2024-10-02T23:04:17.450099+00:00' AIRFLOW_CTX_TRY_NUMBER='1' AIRFLOW_CTX_DAG_RUN_ID='manual__2024-10-02T23:04:17.450099+00:00'
[2024-10-02T23:04:18.773+0000] {taskinstance.py:731} INFO - ::endgroup::
[2024-10-02T23:04:18.786+0000] {baseoperator.py:405} WARNING - CreateContainerInDataLake.execute cannot be called outside TaskInstance!
[2024-10-02T23:04:18.787+0000] {subprocess.py:63} INFO - Tmp dir root location: /tmp
[2024-10-02T23:04:18.788+0000] {subprocess.py:75} INFO - Running command: ['/usr/bin/bash', '-c', 'mkdir -p /opt/***/datalake/rawzone/pichau_2024-10-02']
[2024-10-02T23:04:18.797+0000] {subprocess.py:86} INFO - Output:
[2024-10-02T23:04:18.801+0000] {subprocess.py:97} INFO - Command exited with return code 0
[2024-10-02T23:04:18.826+0000] {taskinstance.py:340} INFO - ::group::Post task execution logs
[2024-10-02T23:04:18.826+0000] {taskinstance.py:352} INFO - Marking task as SUCCESS. dag_id=SitesWebScraping, task_id=Create_Container_Raw, run_id=manual__2024-10-02T23:04:17.450099+00:00, execution_date=20241002T230417, start_date=20241002T230418, end_date=20241002T230418
[2024-10-02T23:04:18.859+0000] {local_task_job_runner.py:266} INFO - Task exited with return code 0
[2024-10-02T23:04:18.885+0000] {taskinstance.py:3900} INFO - 1 downstream tasks scheduled from follow-on schedule check
[2024-10-02T23:04:18.891+0000] {local_task_job_runner.py:245} INFO - ::endgroup::
