[2024-11-02T02:04:16.992+0000] {local_task_job_runner.py:123} INFO - ::group::Pre task execution logs
[2024-11-02T02:04:17.007+0000] {taskinstance.py:2612} INFO - Dependencies all met for dep_context=non-requeueable deps ti=<TaskInstance: LoadWebScraping.insert manual__2024-11-02T02:04:13.410480+00:00 [queued]>
[2024-11-02T02:04:17.014+0000] {taskinstance.py:2612} INFO - Dependencies all met for dep_context=requeueable deps ti=<TaskInstance: LoadWebScraping.insert manual__2024-11-02T02:04:13.410480+00:00 [queued]>
[2024-11-02T02:04:17.015+0000] {taskinstance.py:2865} INFO - Starting attempt 1 of 1
[2024-11-02T02:04:17.028+0000] {taskinstance.py:2888} INFO - Executing <Task(SparkSubmitOperator): insert> on 2024-11-02 02:04:13.410480+00:00
[2024-11-02T02:04:17.034+0000] {warnings.py:112} WARNING - /home/***/.local/lib/python3.12/site-packages/***/task/task_runner/standard_task_runner.py:70: DeprecationWarning: This process (pid=3338) is multi-threaded, use of fork() may lead to deadlocks in the child.
  pid = os.fork()

[2024-11-02T02:04:17.036+0000] {standard_task_runner.py:72} INFO - Started process 3340 to run task
[2024-11-02T02:04:17.036+0000] {standard_task_runner.py:104} INFO - Running: ['***', 'tasks', 'run', 'LoadWebScraping', 'insert', 'manual__2024-11-02T02:04:13.410480+00:00', '--job-id', '130', '--raw', '--subdir', 'DAGS_FOLDER/LoadWebScraping.py', '--cfg-path', '/tmp/tmpa_5p9r5r']
[2024-11-02T02:04:17.039+0000] {standard_task_runner.py:105} INFO - Job 130: Subtask insert
[2024-11-02T02:04:17.079+0000] {task_command.py:467} INFO - Running <TaskInstance: LoadWebScraping.insert manual__2024-11-02T02:04:13.410480+00:00 [running]> on host c9f99735a600
[2024-11-02T02:04:17.157+0000] {taskinstance.py:3131} INFO - Exporting env vars: AIRFLOW_CTX_DAG_OWNER='***' AIRFLOW_CTX_DAG_ID='LoadWebScraping' AIRFLOW_CTX_TASK_ID='insert' AIRFLOW_CTX_EXECUTION_DATE='2024-11-02T02:04:13.410480+00:00' AIRFLOW_CTX_TRY_NUMBER='1' AIRFLOW_CTX_DAG_RUN_ID='manual__2024-11-02T02:04:13.410480+00:00'
[2024-11-02T02:04:17.158+0000] {taskinstance.py:731} INFO - ::endgroup::
[2024-11-02T02:04:17.177+0000] {base.py:84} INFO - Retrieving connection 'spark_default'
[2024-11-02T02:04:17.178+0000] {spark_submit.py:327} ERROR - Failed to decode base64 keytab: Incorrect padding
[2024-11-02T02:04:17.179+0000] {spark_submit.py:304} INFO - Could not load connection string spark_default, defaulting to spark://spark:7077
[2024-11-02T02:04:17.181+0000] {spark_submit.py:473} INFO - Spark-Submit cmd: spark-submit --master spark://spark:7077 --driver-class-path /opt/***/jars/postgresql-42.5.0.jar --jars /opt/***/jars/postgresql-42.5.0.jar --packages org.postgresql:postgresql:42.5.0 --name arrow-spark --deploy-mode client /opt/bitnami/spark/src/scripts_spark/LoadFileToDB.py
[2024-11-02T02:04:18.751+0000] {spark_submit.py:634} INFO - :: loading settings :: url = jar:file:/home/***/.local/lib/python3.12/site-packages/pyspark/jars/ivy-2.5.1.jar!/org/apache/ivy/core/settings/ivysettings.xml
[2024-11-02T02:04:18.811+0000] {spark_submit.py:634} INFO - Ivy Default Cache set to: /home/***/.ivy2/cache
[2024-11-02T02:04:18.811+0000] {spark_submit.py:634} INFO - The jars for the packages stored in: /home/***/.ivy2/jars
[2024-11-02T02:04:18.821+0000] {spark_submit.py:634} INFO - org.postgresql#postgresql added as a dependency
[2024-11-02T02:04:18.822+0000] {spark_submit.py:634} INFO - :: resolving dependencies :: org.apache.spark#spark-submit-parent-7a02c6ff-5344-4cf6-97f2-97c5ef331ba0;1.0
[2024-11-02T02:04:18.823+0000] {spark_submit.py:634} INFO - confs: [default]
[2024-11-02T02:04:18.905+0000] {spark_submit.py:634} INFO - found org.postgresql#postgresql;42.5.0 in central
[2024-11-02T02:04:18.923+0000] {spark_submit.py:634} INFO - found org.checkerframework#checker-qual;3.5.0 in central
[2024-11-02T02:04:18.937+0000] {spark_submit.py:634} INFO - :: resolution report :: resolve 110ms :: artifacts dl 4ms
[2024-11-02T02:04:18.937+0000] {spark_submit.py:634} INFO - :: modules in use:
[2024-11-02T02:04:18.938+0000] {spark_submit.py:634} INFO - org.checkerframework#checker-qual;3.5.0 from central in [default]
[2024-11-02T02:04:18.938+0000] {spark_submit.py:634} INFO - org.postgresql#postgresql;42.5.0 from central in [default]
[2024-11-02T02:04:18.939+0000] {spark_submit.py:634} INFO - ---------------------------------------------------------------------
[2024-11-02T02:04:18.939+0000] {spark_submit.py:634} INFO - |                  |            modules            ||   artifacts   |
[2024-11-02T02:04:18.940+0000] {spark_submit.py:634} INFO - |       conf       | number| search|dwnlded|evicted|| number|dwnlded|
[2024-11-02T02:04:18.940+0000] {spark_submit.py:634} INFO - ---------------------------------------------------------------------
[2024-11-02T02:04:18.940+0000] {spark_submit.py:634} INFO - |      default     |   2   |   0   |   0   |   0   ||   2   |   0   |
[2024-11-02T02:04:18.941+0000] {spark_submit.py:634} INFO - ---------------------------------------------------------------------
[2024-11-02T02:04:18.941+0000] {spark_submit.py:634} INFO - :: retrieving :: org.apache.spark#spark-submit-parent-7a02c6ff-5344-4cf6-97f2-97c5ef331ba0
[2024-11-02T02:04:18.942+0000] {spark_submit.py:634} INFO - confs: [default]
[2024-11-02T02:04:18.944+0000] {spark_submit.py:634} INFO - 0 artifacts copied, 2 already retrieved (0kB/4ms)
[2024-11-02T02:04:19.088+0000] {spark_submit.py:634} INFO - 24/11/02 02:04:19 WARN NativeCodeLoader: Unable to load native-hadoop library for your platform... using builtin-java classes where applicable
[2024-11-02T02:04:19.228+0000] {spark_submit.py:634} INFO - 24/11/02 02:04:19 WARN DependencyUtils: Local jar /opt/***/jars/postgresql-42.5.0.jar does not exist, skipping.
[2024-11-02T02:04:21.957+0000] {spark_submit.py:634} INFO - 24/11/02 02:04:21 INFO SparkContext: Running Spark version 3.5.2
[2024-11-02T02:04:21.958+0000] {spark_submit.py:634} INFO - 24/11/02 02:04:21 INFO SparkContext: OS info Linux, 5.15.153.1-microsoft-standard-WSL2, amd64
[2024-11-02T02:04:21.958+0000] {spark_submit.py:634} INFO - 24/11/02 02:04:21 INFO SparkContext: Java version 17.0.13
[2024-11-02T02:04:21.979+0000] {spark_submit.py:634} INFO - 24/11/02 02:04:21 INFO ResourceUtils: ==============================================================
[2024-11-02T02:04:21.980+0000] {spark_submit.py:634} INFO - 24/11/02 02:04:21 INFO ResourceUtils: No custom resources configured for spark.driver.
[2024-11-02T02:04:21.980+0000] {spark_submit.py:634} INFO - 24/11/02 02:04:21 INFO ResourceUtils: ==============================================================
[2024-11-02T02:04:21.981+0000] {spark_submit.py:634} INFO - 24/11/02 02:04:21 INFO SparkContext: Submitted application: Insert_data
[2024-11-02T02:04:22.001+0000] {spark_submit.py:634} INFO - 24/11/02 02:04:22 INFO ResourceProfile: Default ResourceProfile created, executor resources: Map(cores -> name: cores, amount: 1, script: , vendor: , memory -> name: memory, amount: 1024, script: , vendor: , offHeap -> name: offHeap, amount: 0, script: , vendor: ), task resources: Map(cpus -> name: cpus, amount: 1.0)
[2024-11-02T02:04:22.010+0000] {spark_submit.py:634} INFO - 24/11/02 02:04:22 INFO ResourceProfile: Limiting resource is cpu
[2024-11-02T02:04:22.010+0000] {spark_submit.py:634} INFO - 24/11/02 02:04:22 INFO ResourceProfileManager: Added ResourceProfile id: 0
[2024-11-02T02:04:22.055+0000] {spark_submit.py:634} INFO - 24/11/02 02:04:22 INFO SecurityManager: Changing view acls to: ***
[2024-11-02T02:04:22.056+0000] {spark_submit.py:634} INFO - 24/11/02 02:04:22 INFO SecurityManager: Changing modify acls to: ***
[2024-11-02T02:04:22.056+0000] {spark_submit.py:634} INFO - 24/11/02 02:04:22 INFO SecurityManager: Changing view acls groups to:
[2024-11-02T02:04:22.056+0000] {spark_submit.py:634} INFO - 24/11/02 02:04:22 INFO SecurityManager: Changing modify acls groups to:
[2024-11-02T02:04:22.057+0000] {spark_submit.py:634} INFO - 24/11/02 02:04:22 INFO SecurityManager: SecurityManager: authentication disabled; ui acls disabled; users with view permissions: ***; groups with view permissions: EMPTY; users with modify permissions: ***; groups with modify permissions: EMPTY
[2024-11-02T02:04:22.235+0000] {spark_submit.py:634} INFO - 24/11/02 02:04:22 INFO Utils: Successfully started service 'sparkDriver' on port 41065.
[2024-11-02T02:04:22.276+0000] {spark_submit.py:634} INFO - 24/11/02 02:04:22 INFO SparkEnv: Registering MapOutputTracker
[2024-11-02T02:04:22.304+0000] {spark_submit.py:634} INFO - 24/11/02 02:04:22 INFO SparkEnv: Registering BlockManagerMaster
[2024-11-02T02:04:22.324+0000] {spark_submit.py:634} INFO - 24/11/02 02:04:22 INFO BlockManagerMasterEndpoint: Using org.apache.spark.storage.DefaultTopologyMapper for getting topology information
[2024-11-02T02:04:22.325+0000] {spark_submit.py:634} INFO - 24/11/02 02:04:22 INFO BlockManagerMasterEndpoint: BlockManagerMasterEndpoint up
[2024-11-02T02:04:22.328+0000] {spark_submit.py:634} INFO - 24/11/02 02:04:22 INFO SparkEnv: Registering BlockManagerMasterHeartbeat
[2024-11-02T02:04:22.349+0000] {spark_submit.py:634} INFO - 24/11/02 02:04:22 INFO DiskBlockManager: Created local directory at /tmp/blockmgr-6a9edb86-dfa0-46a7-b14d-63be92a23ebe
[2024-11-02T02:04:22.364+0000] {spark_submit.py:634} INFO - 24/11/02 02:04:22 INFO MemoryStore: MemoryStore started with capacity 434.4 MiB
[2024-11-02T02:04:22.380+0000] {spark_submit.py:634} INFO - 24/11/02 02:04:22 INFO SparkEnv: Registering OutputCommitCoordinator
[2024-11-02T02:04:22.490+0000] {spark_submit.py:634} INFO - 24/11/02 02:04:22 INFO JettyUtils: Start Jetty 0.0.0.0:4040 for SparkUI
[2024-11-02T02:04:22.550+0000] {spark_submit.py:634} INFO - 24/11/02 02:04:22 INFO Utils: Successfully started service 'SparkUI' on port 4040.
[2024-11-02T02:04:22.580+0000] {spark_submit.py:634} INFO - 24/11/02 02:04:22 ERROR SparkContext: Failed to add /opt/bitnami/spark/jars/postgresql-42.5.0.jar to Spark environment
[2024-11-02T02:04:22.580+0000] {spark_submit.py:634} INFO - java.io.FileNotFoundException: Jar /opt/bitnami/spark/jars/postgresql-42.5.0.jar not found
[2024-11-02T02:04:22.581+0000] {spark_submit.py:634} INFO - at org.apache.spark.SparkContext.addLocalJarFile$1(SparkContext.scala:2095)
[2024-11-02T02:04:22.581+0000] {spark_submit.py:634} INFO - at org.apache.spark.SparkContext.addJar(SparkContext.scala:2151)
[2024-11-02T02:04:22.581+0000] {spark_submit.py:634} INFO - at org.apache.spark.SparkContext.$anonfun$new$15(SparkContext.scala:521)
[2024-11-02T02:04:22.582+0000] {spark_submit.py:634} INFO - at org.apache.spark.SparkContext.$anonfun$new$15$adapted(SparkContext.scala:521)
[2024-11-02T02:04:22.582+0000] {spark_submit.py:634} INFO - at scala.collection.mutable.ResizableArray.foreach(ResizableArray.scala:62)
[2024-11-02T02:04:22.584+0000] {spark_submit.py:634} INFO - at scala.collection.mutable.ResizableArray.foreach$(ResizableArray.scala:55)
[2024-11-02T02:04:22.584+0000] {spark_submit.py:634} INFO - at scala.collection.mutable.ArrayBuffer.foreach(ArrayBuffer.scala:49)
[2024-11-02T02:04:22.585+0000] {spark_submit.py:634} INFO - at org.apache.spark.SparkContext.<init>(SparkContext.scala:521)
[2024-11-02T02:04:22.585+0000] {spark_submit.py:634} INFO - at org.apache.spark.api.java.JavaSparkContext.<init>(JavaSparkContext.scala:58)
[2024-11-02T02:04:22.586+0000] {spark_submit.py:634} INFO - at java.base/jdk.internal.reflect.NativeConstructorAccessorImpl.newInstance0(Native Method)
[2024-11-02T02:04:22.586+0000] {spark_submit.py:634} INFO - at java.base/jdk.internal.reflect.NativeConstructorAccessorImpl.newInstance(NativeConstructorAccessorImpl.java:77)
[2024-11-02T02:04:22.587+0000] {spark_submit.py:634} INFO - at java.base/jdk.internal.reflect.DelegatingConstructorAccessorImpl.newInstance(DelegatingConstructorAccessorImpl.java:45)
[2024-11-02T02:04:22.587+0000] {spark_submit.py:634} INFO - at java.base/java.lang.reflect.Constructor.newInstanceWithCaller(Constructor.java:500)
[2024-11-02T02:04:22.587+0000] {spark_submit.py:634} INFO - at java.base/java.lang.reflect.Constructor.newInstance(Constructor.java:481)
[2024-11-02T02:04:22.588+0000] {spark_submit.py:634} INFO - at py4j.reflection.MethodInvoker.invoke(MethodInvoker.java:247)
[2024-11-02T02:04:22.588+0000] {spark_submit.py:634} INFO - at py4j.reflection.ReflectionEngine.invoke(ReflectionEngine.java:374)
[2024-11-02T02:04:22.588+0000] {spark_submit.py:634} INFO - at py4j.Gateway.invoke(Gateway.java:238)
[2024-11-02T02:04:22.589+0000] {spark_submit.py:634} INFO - at py4j.commands.ConstructorCommand.invokeConstructor(ConstructorCommand.java:80)
[2024-11-02T02:04:22.589+0000] {spark_submit.py:634} INFO - at py4j.commands.ConstructorCommand.execute(ConstructorCommand.java:69)
[2024-11-02T02:04:22.590+0000] {spark_submit.py:634} INFO - at py4j.ClientServerConnection.waitForCommands(ClientServerConnection.java:182)
[2024-11-02T02:04:22.590+0000] {spark_submit.py:634} INFO - at py4j.ClientServerConnection.run(ClientServerConnection.java:106)
[2024-11-02T02:04:22.590+0000] {spark_submit.py:634} INFO - at java.base/java.lang.Thread.run(Thread.java:840)
[2024-11-02T02:04:22.591+0000] {spark_submit.py:634} INFO - 24/11/02 02:04:22 INFO SparkContext: Added file file:///home/***/.ivy2/jars/org.postgresql_postgresql-42.5.0.jar at file:///home/***/.ivy2/jars/org.postgresql_postgresql-42.5.0.jar with timestamp 1730513061950
[2024-11-02T02:04:22.591+0000] {spark_submit.py:634} INFO - 24/11/02 02:04:22 INFO Utils: Copying /home/***/.ivy2/jars/org.postgresql_postgresql-42.5.0.jar to /tmp/spark-8634b1e3-0b15-4fcb-991e-f86e97c45cd0/userFiles-335c741b-e844-4687-8437-3e614d14194f/org.postgresql_postgresql-42.5.0.jar
[2024-11-02T02:04:22.595+0000] {spark_submit.py:634} INFO - 24/11/02 02:04:22 INFO SparkContext: Added file file:///home/***/.ivy2/jars/org.checkerframework_checker-qual-3.5.0.jar at file:///home/***/.ivy2/jars/org.checkerframework_checker-qual-3.5.0.jar with timestamp 1730513061950
[2024-11-02T02:04:22.595+0000] {spark_submit.py:634} INFO - 24/11/02 02:04:22 INFO Utils: Copying /home/***/.ivy2/jars/org.checkerframework_checker-qual-3.5.0.jar to /tmp/spark-8634b1e3-0b15-4fcb-991e-f86e97c45cd0/userFiles-335c741b-e844-4687-8437-3e614d14194f/org.checkerframework_checker-qual-3.5.0.jar
[2024-11-02T02:04:22.668+0000] {spark_submit.py:634} INFO - 24/11/02 02:04:22 INFO Executor: Starting executor ID driver on host c9f99735a600
[2024-11-02T02:04:22.668+0000] {spark_submit.py:634} INFO - 24/11/02 02:04:22 INFO Executor: OS info Linux, 5.15.153.1-microsoft-standard-WSL2, amd64
[2024-11-02T02:04:22.669+0000] {spark_submit.py:634} INFO - 24/11/02 02:04:22 INFO Executor: Java version 17.0.13
[2024-11-02T02:04:22.679+0000] {spark_submit.py:634} INFO - 24/11/02 02:04:22 INFO Executor: Starting executor with user classpath (userClassPathFirst = false): ''
[2024-11-02T02:04:22.680+0000] {spark_submit.py:634} INFO - 24/11/02 02:04:22 INFO Executor: Created or updated repl class loader org.apache.spark.util.MutableURLClassLoader@165a4aa9 for default.
[2024-11-02T02:04:22.689+0000] {spark_submit.py:634} INFO - 24/11/02 02:04:22 INFO Executor: Fetching file:///home/***/.ivy2/jars/org.checkerframework_checker-qual-3.5.0.jar with timestamp 1730513061950
[2024-11-02T02:04:22.704+0000] {spark_submit.py:634} INFO - 24/11/02 02:04:22 INFO Utils: /home/***/.ivy2/jars/org.checkerframework_checker-qual-3.5.0.jar has been previously copied to /tmp/spark-8634b1e3-0b15-4fcb-991e-f86e97c45cd0/userFiles-335c741b-e844-4687-8437-3e614d14194f/org.checkerframework_checker-qual-3.5.0.jar
[2024-11-02T02:04:22.708+0000] {spark_submit.py:634} INFO - 24/11/02 02:04:22 INFO Executor: Fetching file:///home/***/.ivy2/jars/org.postgresql_postgresql-42.5.0.jar with timestamp 1730513061950
[2024-11-02T02:04:22.711+0000] {spark_submit.py:634} INFO - 24/11/02 02:04:22 INFO Utils: /home/***/.ivy2/jars/org.postgresql_postgresql-42.5.0.jar has been previously copied to /tmp/spark-8634b1e3-0b15-4fcb-991e-f86e97c45cd0/userFiles-335c741b-e844-4687-8437-3e614d14194f/org.postgresql_postgresql-42.5.0.jar
[2024-11-02T02:04:22.725+0000] {spark_submit.py:634} INFO - 24/11/02 02:04:22 INFO Utils: Successfully started service 'org.apache.spark.network.netty.NettyBlockTransferService' on port 34431.
[2024-11-02T02:04:22.726+0000] {spark_submit.py:634} INFO - 24/11/02 02:04:22 INFO NettyBlockTransferService: Server created on c9f99735a600:34431
[2024-11-02T02:04:22.727+0000] {spark_submit.py:634} INFO - 24/11/02 02:04:22 INFO BlockManager: Using org.apache.spark.storage.RandomBlockReplicationPolicy for block replication policy
[2024-11-02T02:04:22.731+0000] {spark_submit.py:634} INFO - 24/11/02 02:04:22 INFO BlockManagerMaster: Registering BlockManager BlockManagerId(driver, c9f99735a600, 34431, None)
[2024-11-02T02:04:22.735+0000] {spark_submit.py:634} INFO - 24/11/02 02:04:22 INFO BlockManagerMasterEndpoint: Registering block manager c9f99735a600:34431 with 434.4 MiB RAM, BlockManagerId(driver, c9f99735a600, 34431, None)
[2024-11-02T02:04:22.737+0000] {spark_submit.py:634} INFO - 24/11/02 02:04:22 INFO BlockManagerMaster: Registered BlockManager BlockManagerId(driver, c9f99735a600, 34431, None)
[2024-11-02T02:04:22.738+0000] {spark_submit.py:634} INFO - 24/11/02 02:04:22 INFO BlockManager: Initialized BlockManager: BlockManagerId(driver, c9f99735a600, 34431, None)
[2024-11-02T02:04:23.689+0000] {spark_submit.py:634} INFO - [2024-11-02T02:04:23.688+0000] {base.py:84} INFO - Retrieving connection 's3_connect'
[2024-11-02T02:04:23.690+0000] {spark_submit.py:634} INFO - [2024-11-02T02:04:23.689+0000] {connection_wrapper.py:388} INFO - AWS Connection (conn_id='s3_connect', conn_type='aws') credentials retrieved from login and password.
[2024-11-02T02:04:27.968+0000] {spark_submit.py:634} INFO - 24/11/02 02:04:27 INFO SharedState: Setting hive.metastore.warehouse.dir ('null') to the value of spark.sql.warehouse.dir.
[2024-11-02T02:04:27.970+0000] {spark_submit.py:634} INFO - 24/11/02 02:04:27 INFO SharedState: Warehouse path is 'file:/opt/***/spark-warehouse'.
[2024-11-02T02:04:28.731+0000] {spark_submit.py:634} INFO - 24/11/02 02:04:28 INFO InMemoryFileIndex: It took 58 ms to list leaf files for 1 paths.
[2024-11-02T02:04:29.056+0000] {spark_submit.py:634} INFO - 24/11/02 02:04:29 INFO SparkContext: Starting job: parquet at NativeMethodAccessorImpl.java:0
[2024-11-02T02:04:29.068+0000] {spark_submit.py:634} INFO - 24/11/02 02:04:29 INFO DAGScheduler: Got job 0 (parquet at NativeMethodAccessorImpl.java:0) with 1 output partitions
[2024-11-02T02:04:29.069+0000] {spark_submit.py:634} INFO - 24/11/02 02:04:29 INFO DAGScheduler: Final stage: ResultStage 0 (parquet at NativeMethodAccessorImpl.java:0)
[2024-11-02T02:04:29.069+0000] {spark_submit.py:634} INFO - 24/11/02 02:04:29 INFO DAGScheduler: Parents of final stage: List()
[2024-11-02T02:04:29.070+0000] {spark_submit.py:634} INFO - 24/11/02 02:04:29 INFO DAGScheduler: Missing parents: List()
[2024-11-02T02:04:29.073+0000] {spark_submit.py:634} INFO - 24/11/02 02:04:29 INFO DAGScheduler: Submitting ResultStage 0 (MapPartitionsRDD[1] at parquet at NativeMethodAccessorImpl.java:0), which has no missing parents
[2024-11-02T02:04:29.129+0000] {spark_submit.py:634} INFO - 24/11/02 02:04:29 INFO MemoryStore: Block broadcast_0 stored as values in memory (estimated size 104.2 KiB, free 434.3 MiB)
[2024-11-02T02:04:29.150+0000] {spark_submit.py:634} INFO - 24/11/02 02:04:29 INFO MemoryStore: Block broadcast_0_piece0 stored as bytes in memory (estimated size 37.6 KiB, free 434.3 MiB)
[2024-11-02T02:04:29.153+0000] {spark_submit.py:634} INFO - 24/11/02 02:04:29 INFO BlockManagerInfo: Added broadcast_0_piece0 in memory on c9f99735a600:34431 (size: 37.6 KiB, free: 434.4 MiB)
[2024-11-02T02:04:29.156+0000] {spark_submit.py:634} INFO - 24/11/02 02:04:29 INFO SparkContext: Created broadcast 0 from broadcast at DAGScheduler.scala:1585
[2024-11-02T02:04:29.169+0000] {spark_submit.py:634} INFO - 24/11/02 02:04:29 INFO DAGScheduler: Submitting 1 missing tasks from ResultStage 0 (MapPartitionsRDD[1] at parquet at NativeMethodAccessorImpl.java:0) (first 15 tasks are for partitions Vector(0))
[2024-11-02T02:04:29.170+0000] {spark_submit.py:634} INFO - 24/11/02 02:04:29 INFO TaskSchedulerImpl: Adding task set 0.0 with 1 tasks resource profile 0
[2024-11-02T02:04:29.207+0000] {spark_submit.py:634} INFO - 24/11/02 02:04:29 INFO TaskSetManager: Starting task 0.0 in stage 0.0 (TID 0) (c9f99735a600, executor driver, partition 0, PROCESS_LOCAL, 9514 bytes)
[2024-11-02T02:04:29.217+0000] {spark_submit.py:634} INFO - 24/11/02 02:04:29 INFO Executor: Running task 0.0 in stage 0.0 (TID 0)
[2024-11-02T02:04:29.496+0000] {spark_submit.py:634} INFO - 24/11/02 02:04:29 INFO Executor: Finished task 0.0 in stage 0.0 (TID 0). 1709 bytes result sent to driver
[2024-11-02T02:04:29.504+0000] {spark_submit.py:634} INFO - 24/11/02 02:04:29 INFO TaskSetManager: Finished task 0.0 in stage 0.0 (TID 0) in 312 ms on c9f99735a600 (executor driver) (1/1)
[2024-11-02T02:04:29.506+0000] {spark_submit.py:634} INFO - 24/11/02 02:04:29 INFO TaskSchedulerImpl: Removed TaskSet 0.0, whose tasks have all completed, from pool
[2024-11-02T02:04:29.510+0000] {spark_submit.py:634} INFO - 24/11/02 02:04:29 INFO DAGScheduler: ResultStage 0 (parquet at NativeMethodAccessorImpl.java:0) finished in 0.427 s
[2024-11-02T02:04:29.513+0000] {spark_submit.py:634} INFO - 24/11/02 02:04:29 INFO DAGScheduler: Job 0 is finished. Cancelling potential speculative or zombie tasks for this job
[2024-11-02T02:04:29.514+0000] {spark_submit.py:634} INFO - 24/11/02 02:04:29 INFO TaskSchedulerImpl: Killing all running tasks in stage 0: Stage finished
[2024-11-02T02:04:29.515+0000] {spark_submit.py:634} INFO - 24/11/02 02:04:29 INFO DAGScheduler: Job 0 finished: parquet at NativeMethodAccessorImpl.java:0, took 0.458592 s
[2024-11-02T02:04:29.992+0000] {spark_submit.py:634} INFO - root
[2024-11-02T02:04:29.993+0000] {spark_submit.py:634} INFO - |-- category: string (nullable = true)
[2024-11-02T02:04:29.993+0000] {spark_submit.py:634} INFO - 
[2024-11-02T02:04:30.201+0000] {spark_submit.py:634} INFO - 24/11/02 02:04:30 INFO BlockManagerInfo: Removed broadcast_0_piece0 on c9f99735a600:34431 in memory (size: 37.6 KiB, free: 434.4 MiB)
[2024-11-02T02:04:30.553+0000] {spark_submit.py:634} INFO - Traceback (most recent call last):
[2024-11-02T02:04:30.554+0000] {spark_submit.py:634} INFO - File "/opt/bitnami/spark/src/scripts_spark/LoadFileToDB.py", line 95, in <module>
[2024-11-02T02:04:30.557+0000] {spark_submit.py:634} INFO - insert_date_dim()
[2024-11-02T02:04:30.558+0000] {spark_submit.py:634} INFO - File "/opt/bitnami/spark/src/scripts_spark/LoadFileToDB.py", line 90, in insert_date_dim
[2024-11-02T02:04:30.560+0000] {spark_submit.py:634} INFO - df_category.write.jdbc(url=url,table='tb_dim_category',mode='append',properties=db_properties)
[2024-11-02T02:04:30.561+0000] {spark_submit.py:634} INFO - File "/home/***/.local/lib/python3.12/site-packages/pyspark/python/lib/pyspark.zip/pyspark/sql/readwriter.py", line 1984, in jdbc
[2024-11-02T02:04:30.562+0000] {spark_submit.py:634} INFO - File "/home/***/.local/lib/python3.12/site-packages/pyspark/python/lib/py4j-0.10.9.7-src.zip/py4j/java_gateway.py", line 1322, in __call__
[2024-11-02T02:04:30.563+0000] {spark_submit.py:634} INFO - File "/home/***/.local/lib/python3.12/site-packages/pyspark/python/lib/pyspark.zip/pyspark/errors/exceptions/captured.py", line 185, in deco
[2024-11-02T02:04:30.569+0000] {spark_submit.py:634} INFO - pyspark.errors.exceptions.captured.AnalysisException: Column category not found in schema Some(StructType(StructField(id_category,IntegerType,false),StructField(name_category,StringType,true))).
[2024-11-02T02:04:30.571+0000] {spark_submit.py:634} INFO - [2024-11-02T02:04:30.570+0000] {clientserver.py:543} INFO - Closing down clientserver connection
[2024-11-02T02:04:30.962+0000] {spark_submit.py:634} INFO - 24/11/02 02:04:30 INFO SparkContext: Invoking stop() from shutdown hook
[2024-11-02T02:04:30.963+0000] {spark_submit.py:634} INFO - 24/11/02 02:04:30 INFO SparkContext: SparkContext is stopping with exitCode 0.
[2024-11-02T02:04:30.970+0000] {spark_submit.py:634} INFO - 24/11/02 02:04:30 INFO SparkUI: Stopped Spark web UI at http://c9f99735a600:4040
[2024-11-02T02:04:30.978+0000] {spark_submit.py:634} INFO - 24/11/02 02:04:30 INFO MapOutputTrackerMasterEndpoint: MapOutputTrackerMasterEndpoint stopped!
[2024-11-02T02:04:30.986+0000] {spark_submit.py:634} INFO - 24/11/02 02:04:30 INFO MemoryStore: MemoryStore cleared
[2024-11-02T02:04:30.986+0000] {spark_submit.py:634} INFO - 24/11/02 02:04:30 INFO BlockManager: BlockManager stopped
[2024-11-02T02:04:30.989+0000] {spark_submit.py:634} INFO - 24/11/02 02:04:30 INFO BlockManagerMaster: BlockManagerMaster stopped
[2024-11-02T02:04:30.990+0000] {spark_submit.py:634} INFO - 24/11/02 02:04:30 INFO OutputCommitCoordinator$OutputCommitCoordinatorEndpoint: OutputCommitCoordinator stopped!
[2024-11-02T02:04:30.996+0000] {spark_submit.py:634} INFO - 24/11/02 02:04:30 INFO SparkContext: Successfully stopped SparkContext
[2024-11-02T02:04:30.996+0000] {spark_submit.py:634} INFO - 24/11/02 02:04:30 INFO ShutdownHookManager: Shutdown hook called
[2024-11-02T02:04:30.997+0000] {spark_submit.py:634} INFO - 24/11/02 02:04:30 INFO ShutdownHookManager: Deleting directory /tmp/spark-39fb5da5-ea3c-4fbe-bb64-ad1762f75500
[2024-11-02T02:04:31.000+0000] {spark_submit.py:634} INFO - 24/11/02 02:04:31 INFO ShutdownHookManager: Deleting directory /tmp/spark-8634b1e3-0b15-4fcb-991e-f86e97c45cd0/pyspark-a30d7b2f-7015-4101-8aed-2a999ca74ad0
[2024-11-02T02:04:31.004+0000] {spark_submit.py:634} INFO - 24/11/02 02:04:31 INFO ShutdownHookManager: Deleting directory /tmp/spark-8634b1e3-0b15-4fcb-991e-f86e97c45cd0
[2024-11-02T02:04:31.045+0000] {taskinstance.py:3310} ERROR - Task failed with exception
Traceback (most recent call last):
  File "/home/airflow/.local/lib/python3.12/site-packages/airflow/models/taskinstance.py", line 767, in _execute_task
    result = _execute_callable(context=context, **execute_callable_kwargs)
             ^^^^^^^^^^^^^^^^^^^^^^^^^^^^^^^^^^^^^^^^^^^^^^^^^^^^^^^^^^^^^
  File "/home/airflow/.local/lib/python3.12/site-packages/airflow/models/taskinstance.py", line 733, in _execute_callable
    return ExecutionCallableRunner(
           ^^^^^^^^^^^^^^^^^^^^^^^^
  File "/home/airflow/.local/lib/python3.12/site-packages/airflow/utils/operator_helpers.py", line 252, in run
    return self.func(*args, **kwargs)
           ^^^^^^^^^^^^^^^^^^^^^^^^^^
  File "/home/airflow/.local/lib/python3.12/site-packages/airflow/models/baseoperator.py", line 406, in wrapper
    return func(self, *args, **kwargs)
           ^^^^^^^^^^^^^^^^^^^^^^^^^^^
  File "/home/airflow/.local/lib/python3.12/site-packages/airflow/providers/apache/spark/operators/spark_submit.py", line 176, in execute
    self._hook.submit(self.application)
  File "/home/airflow/.local/lib/python3.12/site-packages/airflow/providers/apache/spark/hooks/spark_submit.py", line 560, in submit
    raise AirflowException(
airflow.exceptions.AirflowException: Cannot execute: spark-submit --master spark://spark:7077 --driver-class-path /opt/***/jars/postgresql-42.5.0.jar --jars /opt/***/jars/postgresql-42.5.0.jar --packages org.postgresql:postgresql:42.5.0 --name arrow-spark --deploy-mode client /opt/bitnami/spark/src/scripts_spark/LoadFileToDB.py. Error code is: 1.
[2024-11-02T02:04:31.048+0000] {taskinstance.py:1225} INFO - Marking task as FAILED. dag_id=LoadWebScraping, task_id=insert, run_id=manual__2024-11-02T02:04:13.410480+00:00, execution_date=20241102T020413, start_date=20241102T020417, end_date=20241102T020431
[2024-11-02T02:04:31.062+0000] {taskinstance.py:340} INFO - ::group::Post task execution logs
[2024-11-02T02:04:31.063+0000] {standard_task_runner.py:124} ERROR - Failed to execute job 130 for task insert (Cannot execute: spark-submit --master spark://spark:7077 --driver-class-path /opt/***/jars/postgresql-42.5.0.jar --jars /opt/***/jars/postgresql-42.5.0.jar --packages org.postgresql:postgresql:42.5.0 --name arrow-spark --deploy-mode client /opt/bitnami/spark/src/scripts_spark/LoadFileToDB.py. Error code is: 1.; 3340)
Traceback (most recent call last):
  File "/home/airflow/.local/lib/python3.12/site-packages/airflow/task/task_runner/standard_task_runner.py", line 117, in _start_by_fork
    ret = args.func(args, dag=self.dag)
          ^^^^^^^^^^^^^^^^^^^^^^^^^^^^^
  File "/home/airflow/.local/lib/python3.12/site-packages/airflow/cli/cli_config.py", line 49, in command
    return func(*args, **kwargs)
           ^^^^^^^^^^^^^^^^^^^^^
  File "/home/airflow/.local/lib/python3.12/site-packages/airflow/utils/cli.py", line 115, in wrapper
    return f(*args, **kwargs)
           ^^^^^^^^^^^^^^^^^^
  File "/home/airflow/.local/lib/python3.12/site-packages/airflow/cli/commands/task_command.py", line 483, in task_run
    task_return_code = _run_task_by_selected_method(args, _dag, ti)
                       ^^^^^^^^^^^^^^^^^^^^^^^^^^^^^^^^^^^^^^^^^^^^
  File "/home/airflow/.local/lib/python3.12/site-packages/airflow/cli/commands/task_command.py", line 256, in _run_task_by_selected_method
    return _run_raw_task(args, ti)
           ^^^^^^^^^^^^^^^^^^^^^^^
  File "/home/airflow/.local/lib/python3.12/site-packages/airflow/cli/commands/task_command.py", line 341, in _run_raw_task
    return ti._run_raw_task(
           ^^^^^^^^^^^^^^^^^
  File "/home/airflow/.local/lib/python3.12/site-packages/airflow/utils/session.py", line 97, in wrapper
    return func(*args, session=session, **kwargs)
           ^^^^^^^^^^^^^^^^^^^^^^^^^^^^^^^^^^^^^^
  File "/home/airflow/.local/lib/python3.12/site-packages/airflow/models/taskinstance.py", line 3004, in _run_raw_task
    return _run_raw_task(
           ^^^^^^^^^^^^^^
  File "/home/airflow/.local/lib/python3.12/site-packages/airflow/models/taskinstance.py", line 273, in _run_raw_task
    TaskInstance._execute_task_with_callbacks(
  File "/home/airflow/.local/lib/python3.12/site-packages/airflow/models/taskinstance.py", line 3158, in _execute_task_with_callbacks
    result = self._execute_task(context, task_orig)
             ^^^^^^^^^^^^^^^^^^^^^^^^^^^^^^^^^^^^^^
  File "/home/airflow/.local/lib/python3.12/site-packages/airflow/models/taskinstance.py", line 3182, in _execute_task
    return _execute_task(self, context, task_orig)
           ^^^^^^^^^^^^^^^^^^^^^^^^^^^^^^^^^^^^^^^
  File "/home/airflow/.local/lib/python3.12/site-packages/airflow/models/taskinstance.py", line 767, in _execute_task
    result = _execute_callable(context=context, **execute_callable_kwargs)
             ^^^^^^^^^^^^^^^^^^^^^^^^^^^^^^^^^^^^^^^^^^^^^^^^^^^^^^^^^^^^^
  File "/home/airflow/.local/lib/python3.12/site-packages/airflow/models/taskinstance.py", line 733, in _execute_callable
    return ExecutionCallableRunner(
           ^^^^^^^^^^^^^^^^^^^^^^^^
  File "/home/airflow/.local/lib/python3.12/site-packages/airflow/utils/operator_helpers.py", line 252, in run
    return self.func(*args, **kwargs)
           ^^^^^^^^^^^^^^^^^^^^^^^^^^
  File "/home/airflow/.local/lib/python3.12/site-packages/airflow/models/baseoperator.py", line 406, in wrapper
    return func(self, *args, **kwargs)
           ^^^^^^^^^^^^^^^^^^^^^^^^^^^
  File "/home/airflow/.local/lib/python3.12/site-packages/airflow/providers/apache/spark/operators/spark_submit.py", line 176, in execute
    self._hook.submit(self.application)
  File "/home/airflow/.local/lib/python3.12/site-packages/airflow/providers/apache/spark/hooks/spark_submit.py", line 560, in submit
    raise AirflowException(
airflow.exceptions.AirflowException: Cannot execute: spark-submit --master spark://spark:7077 --driver-class-path /opt/***/jars/postgresql-42.5.0.jar --jars /opt/***/jars/postgresql-42.5.0.jar --packages org.postgresql:postgresql:42.5.0 --name arrow-spark --deploy-mode client /opt/bitnami/spark/src/scripts_spark/LoadFileToDB.py. Error code is: 1.
[2024-11-02T02:04:31.098+0000] {local_task_job_runner.py:266} INFO - Task exited with return code 1
[2024-11-02T02:04:31.110+0000] {taskinstance.py:3900} INFO - 0 downstream tasks scheduled from follow-on schedule check
[2024-11-02T02:04:31.115+0000] {local_task_job_runner.py:245} INFO - ::endgroup::
