[2024-10-09T23:42:07.393+0000] {local_task_job_runner.py:123} INFO - ::group::Pre task execution logs
[2024-10-09T23:42:07.410+0000] {taskinstance.py:2612} INFO - Dependencies all met for dep_context=non-requeueable deps ti=<TaskInstance: LoadWebScraping.load_parquet_to manual__2024-10-09T23:42:04.076214+00:00 [queued]>
[2024-10-09T23:42:07.418+0000] {taskinstance.py:2612} INFO - Dependencies all met for dep_context=requeueable deps ti=<TaskInstance: LoadWebScraping.load_parquet_to manual__2024-10-09T23:42:04.076214+00:00 [queued]>
[2024-10-09T23:42:07.418+0000] {taskinstance.py:2865} INFO - Starting attempt 1 of 1
[2024-10-09T23:42:07.432+0000] {taskinstance.py:2888} INFO - Executing <Task(SparkSubmitOperator): load_parquet_to> on 2024-10-09 23:42:04.076214+00:00
[2024-10-09T23:42:07.437+0000] {warnings.py:112} WARNING - /home/***/.local/lib/python3.12/site-packages/***/task/task_runner/standard_task_runner.py:70: DeprecationWarning: This process (pid=10007) is multi-threaded, use of fork() may lead to deadlocks in the child.
  pid = os.fork()

[2024-10-09T23:42:07.439+0000] {standard_task_runner.py:72} INFO - Started process 10009 to run task
[2024-10-09T23:42:07.440+0000] {standard_task_runner.py:104} INFO - Running: ['***', 'tasks', 'run', 'LoadWebScraping', 'load_parquet_to', 'manual__2024-10-09T23:42:04.076214+00:00', '--job-id', '1537', '--raw', '--subdir', 'DAGS_FOLDER/LoadWebScraping.py', '--cfg-path', '/tmp/tmpw9c6umri']
[2024-10-09T23:42:07.442+0000] {standard_task_runner.py:105} INFO - Job 1537: Subtask load_parquet_to
[2024-10-09T23:42:07.487+0000] {task_command.py:467} INFO - Running <TaskInstance: LoadWebScraping.load_parquet_to manual__2024-10-09T23:42:04.076214+00:00 [running]> on host 97b4e38b3eb9
[2024-10-09T23:42:07.721+0000] {taskinstance.py:3131} INFO - Exporting env vars: AIRFLOW_CTX_DAG_OWNER='***' AIRFLOW_CTX_DAG_ID='LoadWebScraping' AIRFLOW_CTX_TASK_ID='load_parquet_to' AIRFLOW_CTX_EXECUTION_DATE='2024-10-09T23:42:04.076214+00:00' AIRFLOW_CTX_TRY_NUMBER='1' AIRFLOW_CTX_DAG_RUN_ID='manual__2024-10-09T23:42:04.076214+00:00'
[2024-10-09T23:42:07.722+0000] {taskinstance.py:731} INFO - ::endgroup::
[2024-10-09T23:42:07.742+0000] {base.py:84} INFO - Retrieving connection 'spark_default'
[2024-10-09T23:42:07.744+0000] {spark_submit.py:403} INFO - Spark-Submit cmd: spark-submit --master spark://spark:7077 --packages org.postgresql:postgresql:42.2.18 --executor-cores 2 --executor-memory 2g --name load_parquet_to_postgres --deploy-mode client /opt/bitnami/spark/src/scripts_spark/LoadFileToDB.py
[2024-10-09T23:42:09.414+0000] {spark_submit.py:579} INFO - :: loading settings :: url = jar:file:/home/***/.local/lib/python3.12/site-packages/pyspark/jars/ivy-2.5.1.jar!/org/apache/ivy/core/settings/ivysettings.xml
[2024-10-09T23:42:09.531+0000] {spark_submit.py:579} INFO - Ivy Default Cache set to: /home/***/.ivy2/cache
[2024-10-09T23:42:09.532+0000] {spark_submit.py:579} INFO - The jars for the packages stored in: /home/***/.ivy2/jars
[2024-10-09T23:42:09.541+0000] {spark_submit.py:579} INFO - org.postgresql#postgresql added as a dependency
[2024-10-09T23:42:09.543+0000] {spark_submit.py:579} INFO - :: resolving dependencies :: org.apache.spark#spark-submit-parent-2bdcd75f-aa85-427f-a9c3-789b354d5359;1.0
[2024-10-09T23:42:09.544+0000] {spark_submit.py:579} INFO - confs: [default]
[2024-10-09T23:42:09.639+0000] {spark_submit.py:579} INFO - found org.postgresql#postgresql;42.2.18 in central
[2024-10-09T23:42:09.659+0000] {spark_submit.py:579} INFO - found org.checkerframework#checker-qual;3.5.0 in central
[2024-10-09T23:42:09.671+0000] {spark_submit.py:579} INFO - :: resolution report :: resolve 124ms :: artifacts dl 4ms
[2024-10-09T23:42:09.672+0000] {spark_submit.py:579} INFO - :: modules in use:
[2024-10-09T23:42:09.673+0000] {spark_submit.py:579} INFO - org.checkerframework#checker-qual;3.5.0 from central in [default]
[2024-10-09T23:42:09.673+0000] {spark_submit.py:579} INFO - org.postgresql#postgresql;42.2.18 from central in [default]
[2024-10-09T23:42:09.674+0000] {spark_submit.py:579} INFO - ---------------------------------------------------------------------
[2024-10-09T23:42:09.675+0000] {spark_submit.py:579} INFO - |                  |            modules            ||   artifacts   |
[2024-10-09T23:42:09.676+0000] {spark_submit.py:579} INFO - |       conf       | number| search|dwnlded|evicted|| number|dwnlded|
[2024-10-09T23:42:09.676+0000] {spark_submit.py:579} INFO - ---------------------------------------------------------------------
[2024-10-09T23:42:09.677+0000] {spark_submit.py:579} INFO - |      default     |   2   |   0   |   0   |   0   ||   2   |   0   |
[2024-10-09T23:42:09.677+0000] {spark_submit.py:579} INFO - ---------------------------------------------------------------------
[2024-10-09T23:42:09.678+0000] {spark_submit.py:579} INFO - :: retrieving :: org.apache.spark#spark-submit-parent-2bdcd75f-aa85-427f-a9c3-789b354d5359
[2024-10-09T23:42:09.678+0000] {spark_submit.py:579} INFO - confs: [default]
[2024-10-09T23:42:09.680+0000] {spark_submit.py:579} INFO - 0 artifacts copied, 2 already retrieved (0kB/4ms)
[2024-10-09T23:42:09.839+0000] {spark_submit.py:579} INFO - 24/10/09 23:42:09 WARN NativeCodeLoader: Unable to load native-hadoop library for your platform... using builtin-java classes where applicable
[2024-10-09T23:42:11.213+0000] {spark_submit.py:579} INFO - 24/10/09 23:42:11 INFO SparkContext: Running Spark version 3.5.2
[2024-10-09T23:42:11.213+0000] {spark_submit.py:579} INFO - 24/10/09 23:42:11 INFO SparkContext: OS info Linux, 5.15.153.1-microsoft-standard-WSL2, amd64
[2024-10-09T23:42:11.214+0000] {spark_submit.py:579} INFO - 24/10/09 23:42:11 INFO SparkContext: Java version 17.0.12
[2024-10-09T23:42:11.241+0000] {spark_submit.py:579} INFO - 24/10/09 23:42:11 INFO ResourceUtils: ==============================================================
[2024-10-09T23:42:11.244+0000] {spark_submit.py:579} INFO - 24/10/09 23:42:11 INFO ResourceUtils: No custom resources configured for spark.driver.
[2024-10-09T23:42:11.245+0000] {spark_submit.py:579} INFO - 24/10/09 23:42:11 INFO ResourceUtils: ==============================================================
[2024-10-09T23:42:11.245+0000] {spark_submit.py:579} INFO - 24/10/09 23:42:11 INFO SparkContext: Submitted application: Load Parquet
[2024-10-09T23:42:11.267+0000] {spark_submit.py:579} INFO - 24/10/09 23:42:11 INFO ResourceProfile: Default ResourceProfile created, executor resources: Map(cores -> name: cores, amount: 2, script: , vendor: , memory -> name: memory, amount: 2048, script: , vendor: , offHeap -> name: offHeap, amount: 0, script: , vendor: ), task resources: Map(cpus -> name: cpus, amount: 1.0)
[2024-10-09T23:42:11.279+0000] {spark_submit.py:579} INFO - 24/10/09 23:42:11 INFO ResourceProfile: Limiting resource is cpus at 2 tasks per executor
[2024-10-09T23:42:11.286+0000] {spark_submit.py:579} INFO - 24/10/09 23:42:11 INFO ResourceProfileManager: Added ResourceProfile id: 0
[2024-10-09T23:42:11.331+0000] {spark_submit.py:579} INFO - 24/10/09 23:42:11 INFO SecurityManager: Changing view acls to: ***
[2024-10-09T23:42:11.332+0000] {spark_submit.py:579} INFO - 24/10/09 23:42:11 INFO SecurityManager: Changing modify acls to: ***
[2024-10-09T23:42:11.332+0000] {spark_submit.py:579} INFO - 24/10/09 23:42:11 INFO SecurityManager: Changing view acls groups to:
[2024-10-09T23:42:11.332+0000] {spark_submit.py:579} INFO - 24/10/09 23:42:11 INFO SecurityManager: Changing modify acls groups to:
[2024-10-09T23:42:11.333+0000] {spark_submit.py:579} INFO - 24/10/09 23:42:11 INFO SecurityManager: SecurityManager: authentication disabled; ui acls disabled; users with view permissions: ***; groups with view permissions: EMPTY; users with modify permissions: ***; groups with modify permissions: EMPTY
[2024-10-09T23:42:11.510+0000] {spark_submit.py:579} INFO - 24/10/09 23:42:11 INFO Utils: Successfully started service 'sparkDriver' on port 45713.
[2024-10-09T23:42:11.547+0000] {spark_submit.py:579} INFO - 24/10/09 23:42:11 INFO SparkEnv: Registering MapOutputTracker
[2024-10-09T23:42:11.583+0000] {spark_submit.py:579} INFO - 24/10/09 23:42:11 INFO SparkEnv: Registering BlockManagerMaster
[2024-10-09T23:42:11.608+0000] {spark_submit.py:579} INFO - 24/10/09 23:42:11 INFO BlockManagerMasterEndpoint: Using org.apache.spark.storage.DefaultTopologyMapper for getting topology information
[2024-10-09T23:42:11.609+0000] {spark_submit.py:579} INFO - 24/10/09 23:42:11 INFO BlockManagerMasterEndpoint: BlockManagerMasterEndpoint up
[2024-10-09T23:42:11.613+0000] {spark_submit.py:579} INFO - 24/10/09 23:42:11 INFO SparkEnv: Registering BlockManagerMasterHeartbeat
[2024-10-09T23:42:11.632+0000] {spark_submit.py:579} INFO - 24/10/09 23:42:11 INFO DiskBlockManager: Created local directory at /tmp/blockmgr-9a1c0f74-37d0-4031-bfc9-0658ecae386d
[2024-10-09T23:42:11.646+0000] {spark_submit.py:579} INFO - 24/10/09 23:42:11 INFO MemoryStore: MemoryStore started with capacity 434.4 MiB
[2024-10-09T23:42:11.660+0000] {spark_submit.py:579} INFO - 24/10/09 23:42:11 INFO SparkEnv: Registering OutputCommitCoordinator
[2024-10-09T23:42:11.768+0000] {spark_submit.py:579} INFO - 24/10/09 23:42:11 INFO JettyUtils: Start Jetty 0.0.0.0:4040 for SparkUI
[2024-10-09T23:42:11.818+0000] {spark_submit.py:579} INFO - 24/10/09 23:42:11 INFO Utils: Successfully started service 'SparkUI' on port 4040.
[2024-10-09T23:42:11.848+0000] {spark_submit.py:579} INFO - 24/10/09 23:42:11 ERROR SparkContext: Failed to add /opt/bitnami/spark/jars/postgresql-42.2.18.jar to Spark environment
[2024-10-09T23:42:11.848+0000] {spark_submit.py:579} INFO - java.io.FileNotFoundException: Jar /opt/bitnami/spark/jars/postgresql-42.2.18.jar not found
[2024-10-09T23:42:11.849+0000] {spark_submit.py:579} INFO - at org.apache.spark.SparkContext.addLocalJarFile$1(SparkContext.scala:2095)
[2024-10-09T23:42:11.849+0000] {spark_submit.py:579} INFO - at org.apache.spark.SparkContext.addJar(SparkContext.scala:2151)
[2024-10-09T23:42:11.849+0000] {spark_submit.py:579} INFO - at org.apache.spark.SparkContext.$anonfun$new$15(SparkContext.scala:521)
[2024-10-09T23:42:11.850+0000] {spark_submit.py:579} INFO - at org.apache.spark.SparkContext.$anonfun$new$15$adapted(SparkContext.scala:521)
[2024-10-09T23:42:11.850+0000] {spark_submit.py:579} INFO - at scala.collection.mutable.ResizableArray.foreach(ResizableArray.scala:62)
[2024-10-09T23:42:11.850+0000] {spark_submit.py:579} INFO - at scala.collection.mutable.ResizableArray.foreach$(ResizableArray.scala:55)
[2024-10-09T23:42:11.851+0000] {spark_submit.py:579} INFO - at scala.collection.mutable.ArrayBuffer.foreach(ArrayBuffer.scala:49)
[2024-10-09T23:42:11.851+0000] {spark_submit.py:579} INFO - at org.apache.spark.SparkContext.<init>(SparkContext.scala:521)
[2024-10-09T23:42:11.851+0000] {spark_submit.py:579} INFO - at org.apache.spark.api.java.JavaSparkContext.<init>(JavaSparkContext.scala:58)
[2024-10-09T23:42:11.852+0000] {spark_submit.py:579} INFO - at java.base/jdk.internal.reflect.NativeConstructorAccessorImpl.newInstance0(Native Method)
[2024-10-09T23:42:11.852+0000] {spark_submit.py:579} INFO - at java.base/jdk.internal.reflect.NativeConstructorAccessorImpl.newInstance(NativeConstructorAccessorImpl.java:77)
[2024-10-09T23:42:11.852+0000] {spark_submit.py:579} INFO - at java.base/jdk.internal.reflect.DelegatingConstructorAccessorImpl.newInstance(DelegatingConstructorAccessorImpl.java:45)
[2024-10-09T23:42:11.853+0000] {spark_submit.py:579} INFO - at java.base/java.lang.reflect.Constructor.newInstanceWithCaller(Constructor.java:500)
[2024-10-09T23:42:11.853+0000] {spark_submit.py:579} INFO - at java.base/java.lang.reflect.Constructor.newInstance(Constructor.java:481)
[2024-10-09T23:42:11.853+0000] {spark_submit.py:579} INFO - at py4j.reflection.MethodInvoker.invoke(MethodInvoker.java:247)
[2024-10-09T23:42:11.854+0000] {spark_submit.py:579} INFO - at py4j.reflection.ReflectionEngine.invoke(ReflectionEngine.java:374)
[2024-10-09T23:42:11.854+0000] {spark_submit.py:579} INFO - at py4j.Gateway.invoke(Gateway.java:238)
[2024-10-09T23:42:11.854+0000] {spark_submit.py:579} INFO - at py4j.commands.ConstructorCommand.invokeConstructor(ConstructorCommand.java:80)
[2024-10-09T23:42:11.855+0000] {spark_submit.py:579} INFO - at py4j.commands.ConstructorCommand.execute(ConstructorCommand.java:69)
[2024-10-09T23:42:11.855+0000] {spark_submit.py:579} INFO - at py4j.ClientServerConnection.waitForCommands(ClientServerConnection.java:182)
[2024-10-09T23:42:11.855+0000] {spark_submit.py:579} INFO - at py4j.ClientServerConnection.run(ClientServerConnection.java:106)
[2024-10-09T23:42:11.855+0000] {spark_submit.py:579} INFO - at java.base/java.lang.Thread.run(Thread.java:840)
[2024-10-09T23:42:11.856+0000] {spark_submit.py:579} INFO - 24/10/09 23:42:11 INFO SparkContext: Added file file:///home/***/.ivy2/jars/org.postgresql_postgresql-42.2.18.jar at spark://97b4e38b3eb9:45713/files/org.postgresql_postgresql-42.2.18.jar with timestamp 1728517331206
[2024-10-09T23:42:11.856+0000] {spark_submit.py:579} INFO - 24/10/09 23:42:11 INFO Utils: Copying /home/***/.ivy2/jars/org.postgresql_postgresql-42.2.18.jar to /tmp/spark-7b5e45d4-36ea-40aa-9b5a-ab54c5108190/userFiles-053b806c-68ec-4faa-a23f-786838e4727c/org.postgresql_postgresql-42.2.18.jar
[2024-10-09T23:42:11.861+0000] {spark_submit.py:579} INFO - 24/10/09 23:42:11 INFO SparkContext: Added file file:///home/***/.ivy2/jars/org.checkerframework_checker-qual-3.5.0.jar at spark://97b4e38b3eb9:45713/files/org.checkerframework_checker-qual-3.5.0.jar with timestamp 1728517331206
[2024-10-09T23:42:11.862+0000] {spark_submit.py:579} INFO - 24/10/09 23:42:11 INFO Utils: Copying /home/***/.ivy2/jars/org.checkerframework_checker-qual-3.5.0.jar to /tmp/spark-7b5e45d4-36ea-40aa-9b5a-ab54c5108190/userFiles-053b806c-68ec-4faa-a23f-786838e4727c/org.checkerframework_checker-qual-3.5.0.jar
[2024-10-09T23:42:11.928+0000] {spark_submit.py:579} INFO - 24/10/09 23:42:11 INFO StandaloneAppClient$ClientEndpoint: Connecting to master spark://spark:7077...
[2024-10-09T23:42:11.969+0000] {spark_submit.py:579} INFO - 24/10/09 23:42:11 INFO TransportClientFactory: Successfully created connection to spark/172.18.0.9:7077 after 23 ms (0 ms spent in bootstraps)
[2024-10-09T23:42:12.047+0000] {spark_submit.py:579} INFO - 24/10/09 23:42:12 INFO StandaloneSchedulerBackend: Connected to Spark cluster with app ID app-20241009234212-0029
[2024-10-09T23:42:12.050+0000] {spark_submit.py:579} INFO - 24/10/09 23:42:12 INFO StandaloneAppClient$ClientEndpoint: Executor added: app-20241009234212-0029/0 on worker-20241009180256-172.18.0.8-37477 (172.18.0.8:37477) with 2 core(s)
[2024-10-09T23:42:12.055+0000] {spark_submit.py:579} INFO - 24/10/09 23:42:12 INFO StandaloneSchedulerBackend: Granted executor ID app-20241009234212-0029/0 on hostPort 172.18.0.8:37477 with 2 core(s), 2.0 GiB RAM
[2024-10-09T23:42:12.057+0000] {spark_submit.py:579} INFO - 24/10/09 23:42:12 INFO StandaloneAppClient$ClientEndpoint: Executor added: app-20241009234212-0029/1 on worker-20241009180256-172.18.0.8-37477 (172.18.0.8:37477) with 2 core(s)
[2024-10-09T23:42:12.066+0000] {spark_submit.py:579} INFO - 24/10/09 23:42:12 INFO StandaloneSchedulerBackend: Granted executor ID app-20241009234212-0029/1 on hostPort 172.18.0.8:37477 with 2 core(s), 2.0 GiB RAM
[2024-10-09T23:42:12.067+0000] {spark_submit.py:579} INFO - 24/10/09 23:42:12 INFO StandaloneAppClient$ClientEndpoint: Executor added: app-20241009234212-0029/2 on worker-20241009180256-172.18.0.8-37477 (172.18.0.8:37477) with 2 core(s)
[2024-10-09T23:42:12.068+0000] {spark_submit.py:579} INFO - 24/10/09 23:42:12 INFO StandaloneSchedulerBackend: Granted executor ID app-20241009234212-0029/2 on hostPort 172.18.0.8:37477 with 2 core(s), 2.0 GiB RAM
[2024-10-09T23:42:12.072+0000] {spark_submit.py:579} INFO - 24/10/09 23:42:12 INFO Utils: Successfully started service 'org.apache.spark.network.netty.NettyBlockTransferService' on port 34109.
[2024-10-09T23:42:12.078+0000] {spark_submit.py:579} INFO - 24/10/09 23:42:12 INFO NettyBlockTransferService: Server created on 97b4e38b3eb9:34109
[2024-10-09T23:42:12.079+0000] {spark_submit.py:579} INFO - 24/10/09 23:42:12 INFO BlockManager: Using org.apache.spark.storage.RandomBlockReplicationPolicy for block replication policy
[2024-10-09T23:42:12.083+0000] {spark_submit.py:579} INFO - 24/10/09 23:42:12 INFO BlockManagerMaster: Registering BlockManager BlockManagerId(driver, 97b4e38b3eb9, 34109, None)
[2024-10-09T23:42:12.087+0000] {spark_submit.py:579} INFO - 24/10/09 23:42:12 INFO BlockManagerMasterEndpoint: Registering block manager 97b4e38b3eb9:34109 with 434.4 MiB RAM, BlockManagerId(driver, 97b4e38b3eb9, 34109, None)
[2024-10-09T23:42:12.098+0000] {spark_submit.py:579} INFO - 24/10/09 23:42:12 INFO BlockManagerMaster: Registered BlockManager BlockManagerId(driver, 97b4e38b3eb9, 34109, None)
[2024-10-09T23:42:12.101+0000] {spark_submit.py:579} INFO - 24/10/09 23:42:12 INFO BlockManager: Initialized BlockManager: BlockManagerId(driver, 97b4e38b3eb9, 34109, None)
[2024-10-09T23:42:12.112+0000] {spark_submit.py:579} INFO - 24/10/09 23:42:12 INFO StandaloneAppClient$ClientEndpoint: Executor updated: app-20241009234212-0029/0 is now RUNNING
[2024-10-09T23:42:12.112+0000] {spark_submit.py:579} INFO - 24/10/09 23:42:12 INFO StandaloneAppClient$ClientEndpoint: Executor updated: app-20241009234212-0029/2 is now RUNNING
[2024-10-09T23:42:12.118+0000] {spark_submit.py:579} INFO - 24/10/09 23:42:12 INFO StandaloneAppClient$ClientEndpoint: Executor updated: app-20241009234212-0029/1 is now RUNNING
[2024-10-09T23:42:12.451+0000] {spark_submit.py:579} INFO - 24/10/09 23:42:12 INFO StandaloneSchedulerBackend: SchedulerBackend is ready for scheduling beginning after reached minRegisteredResourcesRatio: 0.0
[2024-10-09T23:42:12.742+0000] {spark_submit.py:579} INFO - TESTE
[2024-10-09T23:42:12.754+0000] {spark_submit.py:579} INFO - 24/10/09 23:42:12 INFO SharedState: Setting hive.metastore.warehouse.dir ('null') to the value of spark.sql.warehouse.dir.
[2024-10-09T23:42:12.756+0000] {spark_submit.py:579} INFO - 24/10/09 23:42:12 INFO SharedState: Warehouse path is 'file:/opt/***/spark-warehouse'.
[2024-10-09T23:42:14.205+0000] {spark_submit.py:579} INFO - 24/10/09 23:42:14 INFO InMemoryFileIndex: It took 62 ms to list leaf files for 2 paths.
[2024-10-09T23:42:14.644+0000] {spark_submit.py:579} INFO - 24/10/09 23:42:14 INFO SparkContext: Starting job: parquet at NativeMethodAccessorImpl.java:0
[2024-10-09T23:42:14.677+0000] {spark_submit.py:579} INFO - 24/10/09 23:42:14 INFO DAGScheduler: Got job 0 (parquet at NativeMethodAccessorImpl.java:0) with 1 output partitions
[2024-10-09T23:42:14.679+0000] {spark_submit.py:579} INFO - 24/10/09 23:42:14 INFO DAGScheduler: Final stage: ResultStage 0 (parquet at NativeMethodAccessorImpl.java:0)
[2024-10-09T23:42:14.680+0000] {spark_submit.py:579} INFO - 24/10/09 23:42:14 INFO DAGScheduler: Parents of final stage: List()
[2024-10-09T23:42:14.681+0000] {spark_submit.py:579} INFO - 24/10/09 23:42:14 INFO DAGScheduler: Missing parents: List()
[2024-10-09T23:42:14.690+0000] {spark_submit.py:579} INFO - 24/10/09 23:42:14 INFO DAGScheduler: Submitting ResultStage 0 (MapPartitionsRDD[1] at parquet at NativeMethodAccessorImpl.java:0), which has no missing parents
[2024-10-09T23:42:14.838+0000] {spark_submit.py:579} INFO - 24/10/09 23:42:14 INFO MemoryStore: Block broadcast_0 stored as values in memory (estimated size 104.2 KiB, free 434.3 MiB)
[2024-10-09T23:42:14.914+0000] {spark_submit.py:579} INFO - 24/10/09 23:42:14 INFO MemoryStore: Block broadcast_0_piece0 stored as bytes in memory (estimated size 37.6 KiB, free 434.3 MiB)
[2024-10-09T23:42:14.920+0000] {spark_submit.py:579} INFO - 24/10/09 23:42:14 INFO BlockManagerInfo: Added broadcast_0_piece0 in memory on 97b4e38b3eb9:34109 (size: 37.6 KiB, free: 434.4 MiB)
[2024-10-09T23:42:14.922+0000] {spark_submit.py:579} INFO - 24/10/09 23:42:14 INFO SparkContext: Created broadcast 0 from broadcast at DAGScheduler.scala:1585
[2024-10-09T23:42:14.957+0000] {spark_submit.py:579} INFO - 24/10/09 23:42:14 INFO DAGScheduler: Submitting 1 missing tasks from ResultStage 0 (MapPartitionsRDD[1] at parquet at NativeMethodAccessorImpl.java:0) (first 15 tasks are for partitions Vector(0))
[2024-10-09T23:42:14.959+0000] {spark_submit.py:579} INFO - 24/10/09 23:42:14 INFO TaskSchedulerImpl: Adding task set 0.0 with 1 tasks resource profile 0
[2024-10-09T23:42:16.604+0000] {spark_submit.py:579} INFO - 24/10/09 23:42:16 INFO StandaloneSchedulerBackend$StandaloneDriverEndpoint: Registered executor NettyRpcEndpointRef(spark-client://Executor) (172.18.0.8:35848) with ID 2,  ResourceProfileId 0
[2024-10-09T23:42:16.677+0000] {spark_submit.py:579} INFO - 24/10/09 23:42:16 INFO BlockManagerMasterEndpoint: Registering block manager 172.18.0.8:40137 with 1048.8 MiB RAM, BlockManagerId(2, 172.18.0.8, 40137, None)
[2024-10-09T23:42:16.716+0000] {spark_submit.py:579} INFO - 24/10/09 23:42:16 INFO StandaloneSchedulerBackend$StandaloneDriverEndpoint: Registered executor NettyRpcEndpointRef(spark-client://Executor) (172.18.0.8:35852) with ID 1,  ResourceProfileId 0
[2024-10-09T23:42:16.800+0000] {spark_submit.py:579} INFO - 24/10/09 23:42:16 INFO BlockManagerMasterEndpoint: Registering block manager 172.18.0.8:46029 with 1048.8 MiB RAM, BlockManagerId(1, 172.18.0.8, 46029, None)
[2024-10-09T23:42:16.887+0000] {spark_submit.py:579} INFO - 24/10/09 23:42:16 INFO TaskSetManager: Starting task 0.0 in stage 0.0 (TID 0) (172.18.0.8, executor 2, partition 0, PROCESS_LOCAL, 9517 bytes)
[2024-10-09T23:42:16.941+0000] {spark_submit.py:579} INFO - 24/10/09 23:42:16 INFO StandaloneSchedulerBackend$StandaloneDriverEndpoint: Registered executor NettyRpcEndpointRef(spark-client://Executor) (172.18.0.8:35876) with ID 0,  ResourceProfileId 0
[2024-10-09T23:42:17.009+0000] {spark_submit.py:579} INFO - 24/10/09 23:42:17 INFO BlockManagerMasterEndpoint: Registering block manager 172.18.0.8:43819 with 1048.8 MiB RAM, BlockManagerId(0, 172.18.0.8, 43819, None)
[2024-10-09T23:42:17.286+0000] {spark_submit.py:579} INFO - 24/10/09 23:42:17 INFO BlockManagerInfo: Added broadcast_0_piece0 in memory on 172.18.0.8:40137 (size: 37.6 KiB, free: 1048.8 MiB)
[2024-10-09T23:42:17.906+0000] {spark_submit.py:579} INFO - 24/10/09 23:42:17 INFO TaskSetManager: Finished task 0.0 in stage 0.0 (TID 0) in 1047 ms on 172.18.0.8 (executor 2) (1/1)
[2024-10-09T23:42:17.908+0000] {spark_submit.py:579} INFO - 24/10/09 23:42:17 INFO TaskSchedulerImpl: Removed TaskSet 0.0, whose tasks have all completed, from pool
[2024-10-09T23:42:17.912+0000] {spark_submit.py:579} INFO - 24/10/09 23:42:17 INFO DAGScheduler: ResultStage 0 (parquet at NativeMethodAccessorImpl.java:0) finished in 3.174 s
[2024-10-09T23:42:17.915+0000] {spark_submit.py:579} INFO - 24/10/09 23:42:17 INFO DAGScheduler: Job 0 is finished. Cancelling potential speculative or zombie tasks for this job
[2024-10-09T23:42:17.915+0000] {spark_submit.py:579} INFO - 24/10/09 23:42:17 INFO TaskSchedulerImpl: Killing all running tasks in stage 0: Stage finished
[2024-10-09T23:42:17.917+0000] {spark_submit.py:579} INFO - 24/10/09 23:42:17 INFO DAGScheduler: Job 0 finished: parquet at NativeMethodAccessorImpl.java:0, took 3.273348 s
[2024-10-09T23:42:18.517+0000] {spark_submit.py:579} INFO - 24/10/09 23:42:18 INFO BlockManagerInfo: Removed broadcast_0_piece0 on 97b4e38b3eb9:34109 in memory (size: 37.6 KiB, free: 434.4 MiB)
[2024-10-09T23:42:18.540+0000] {spark_submit.py:579} INFO - TESTE0
[2024-10-09T23:42:18.541+0000] {spark_submit.py:579} INFO - 24/10/09 23:42:18 INFO BlockManagerInfo: Removed broadcast_0_piece0 on 172.18.0.8:40137 in memory (size: 37.6 KiB, free: 1048.8 MiB)
[2024-10-09T23:42:18.862+0000] {spark_submit.py:579} INFO - 24/10/09 23:42:18 INFO FileSourceStrategy: Pushed Filters:
[2024-10-09T23:42:18.863+0000] {spark_submit.py:579} INFO - 24/10/09 23:42:18 INFO FileSourceStrategy: Post-Scan Filters:
[2024-10-09T23:42:19.358+0000] {spark_submit.py:579} INFO - 24/10/09 23:42:19 INFO CodeGenerator: Code generated in 306.777998 ms
[2024-10-09T23:42:19.430+0000] {spark_submit.py:579} INFO - 24/10/09 23:42:19 INFO MemoryStore: Block broadcast_1 stored as values in memory (estimated size 202.4 KiB, free 434.2 MiB)
[2024-10-09T23:42:19.439+0000] {spark_submit.py:579} INFO - 24/10/09 23:42:19 INFO MemoryStore: Block broadcast_1_piece0 stored as bytes in memory (estimated size 35.3 KiB, free 434.2 MiB)
[2024-10-09T23:42:19.440+0000] {spark_submit.py:579} INFO - 24/10/09 23:42:19 INFO BlockManagerInfo: Added broadcast_1_piece0 in memory on 97b4e38b3eb9:34109 (size: 35.3 KiB, free: 434.4 MiB)
[2024-10-09T23:42:19.443+0000] {spark_submit.py:579} INFO - 24/10/09 23:42:19 INFO SparkContext: Created broadcast 1 from showString at NativeMethodAccessorImpl.java:0
[2024-10-09T23:42:19.457+0000] {spark_submit.py:579} INFO - 24/10/09 23:42:19 INFO FileSourceScanExec: Planning scan with bin packing, max size: 4194304 bytes, open cost is considered as scanning 4194304 bytes.
[2024-10-09T23:42:19.498+0000] {spark_submit.py:579} INFO - 24/10/09 23:42:19 INFO SparkContext: Starting job: showString at NativeMethodAccessorImpl.java:0
[2024-10-09T23:42:19.499+0000] {spark_submit.py:579} INFO - 24/10/09 23:42:19 INFO DAGScheduler: Got job 1 (showString at NativeMethodAccessorImpl.java:0) with 1 output partitions
[2024-10-09T23:42:19.500+0000] {spark_submit.py:579} INFO - 24/10/09 23:42:19 INFO DAGScheduler: Final stage: ResultStage 1 (showString at NativeMethodAccessorImpl.java:0)
[2024-10-09T23:42:19.501+0000] {spark_submit.py:579} INFO - 24/10/09 23:42:19 INFO DAGScheduler: Parents of final stage: List()
[2024-10-09T23:42:19.501+0000] {spark_submit.py:579} INFO - 24/10/09 23:42:19 INFO DAGScheduler: Missing parents: List()
[2024-10-09T23:42:19.502+0000] {spark_submit.py:579} INFO - 24/10/09 23:42:19 INFO DAGScheduler: Submitting ResultStage 1 (MapPartitionsRDD[5] at showString at NativeMethodAccessorImpl.java:0), which has no missing parents
[2024-10-09T23:42:19.525+0000] {spark_submit.py:579} INFO - 24/10/09 23:42:19 INFO MemoryStore: Block broadcast_2 stored as values in memory (estimated size 14.8 KiB, free 434.2 MiB)
[2024-10-09T23:42:19.532+0000] {spark_submit.py:579} INFO - 24/10/09 23:42:19 INFO MemoryStore: Block broadcast_2_piece0 stored as bytes in memory (estimated size 6.4 KiB, free 434.1 MiB)
[2024-10-09T23:42:19.534+0000] {spark_submit.py:579} INFO - 24/10/09 23:42:19 INFO BlockManagerInfo: Added broadcast_2_piece0 in memory on 97b4e38b3eb9:34109 (size: 6.4 KiB, free: 434.4 MiB)
[2024-10-09T23:42:19.534+0000] {spark_submit.py:579} INFO - 24/10/09 23:42:19 INFO SparkContext: Created broadcast 2 from broadcast at DAGScheduler.scala:1585
[2024-10-09T23:42:19.535+0000] {spark_submit.py:579} INFO - 24/10/09 23:42:19 INFO DAGScheduler: Submitting 1 missing tasks from ResultStage 1 (MapPartitionsRDD[5] at showString at NativeMethodAccessorImpl.java:0) (first 15 tasks are for partitions Vector(0))
[2024-10-09T23:42:19.536+0000] {spark_submit.py:579} INFO - 24/10/09 23:42:19 INFO TaskSchedulerImpl: Adding task set 1.0 with 1 tasks resource profile 0
[2024-10-09T23:42:19.539+0000] {spark_submit.py:579} INFO - 24/10/09 23:42:19 INFO TaskSetManager: Starting task 0.0 in stage 1.0 (TID 1) (172.18.0.8, executor 2, partition 0, PROCESS_LOCAL, 10024 bytes)
[2024-10-09T23:42:19.582+0000] {spark_submit.py:579} INFO - 24/10/09 23:42:19 INFO BlockManagerInfo: Added broadcast_2_piece0 in memory on 172.18.0.8:40137 (size: 6.4 KiB, free: 1048.8 MiB)
[2024-10-09T23:42:20.135+0000] {spark_submit.py:579} INFO - 24/10/09 23:42:20 INFO BlockManagerInfo: Added broadcast_1_piece0 in memory on 172.18.0.8:40137 (size: 35.3 KiB, free: 1048.8 MiB)
[2024-10-09T23:42:20.689+0000] {spark_submit.py:579} INFO - 24/10/09 23:42:20 INFO TaskSetManager: Finished task 0.0 in stage 1.0 (TID 1) in 1151 ms on 172.18.0.8 (executor 2) (1/1)
[2024-10-09T23:42:20.689+0000] {spark_submit.py:579} INFO - 24/10/09 23:42:20 INFO TaskSchedulerImpl: Removed TaskSet 1.0, whose tasks have all completed, from pool
[2024-10-09T23:42:20.690+0000] {spark_submit.py:579} INFO - 24/10/09 23:42:20 INFO DAGScheduler: ResultStage 1 (showString at NativeMethodAccessorImpl.java:0) finished in 1.187 s
[2024-10-09T23:42:20.692+0000] {spark_submit.py:579} INFO - 24/10/09 23:42:20 INFO DAGScheduler: Job 1 is finished. Cancelling potential speculative or zombie tasks for this job
[2024-10-09T23:42:20.692+0000] {spark_submit.py:579} INFO - 24/10/09 23:42:20 INFO TaskSchedulerImpl: Killing all running tasks in stage 1: Stage finished
[2024-10-09T23:42:20.693+0000] {spark_submit.py:579} INFO - 24/10/09 23:42:20 INFO DAGScheduler: Job 1 finished: showString at NativeMethodAccessorImpl.java:0, took 1.193939 s
[2024-10-09T23:42:20.812+0000] {spark_submit.py:579} INFO - 24/10/09 23:42:20 INFO BlockManagerInfo: Removed broadcast_2_piece0 on 97b4e38b3eb9:34109 in memory (size: 6.4 KiB, free: 434.4 MiB)
[2024-10-09T23:42:20.815+0000] {spark_submit.py:579} INFO - 24/10/09 23:42:20 INFO BlockManagerInfo: Removed broadcast_2_piece0 on 172.18.0.8:40137 in memory (size: 6.4 KiB, free: 1048.8 MiB)
[2024-10-09T23:42:21.612+0000] {spark_submit.py:579} INFO - 24/10/09 23:42:21 INFO CodeGenerator: Code generated in 9.708386 ms
[2024-10-09T23:42:21.619+0000] {spark_submit.py:579} INFO - +------+-------+
[2024-10-09T23:42:21.619+0000] {spark_submit.py:579} INFO - |  site|id_site|
[2024-10-09T23:42:21.620+0000] {spark_submit.py:579} INFO - +------+-------+
[2024-10-09T23:42:21.620+0000] {spark_submit.py:579} INFO - | kabum|      1|
[2024-10-09T23:42:21.621+0000] {spark_submit.py:579} INFO - |pichau|      2|
[2024-10-09T23:42:21.621+0000] {spark_submit.py:579} INFO - +------+-------+
[2024-10-09T23:42:21.622+0000] {spark_submit.py:579} INFO - 
[2024-10-09T23:42:21.679+0000] {spark_submit.py:579} INFO - Erro ao salvar no PostgreSQL: An error occurred while calling o40.save.
[2024-10-09T23:42:21.679+0000] {spark_submit.py:579} INFO - : java.sql.SQLException: No suitable driver
[2024-10-09T23:42:21.680+0000] {spark_submit.py:579} INFO - at java.sql/java.sql.DriverManager.getDriver(DriverManager.java:299)
[2024-10-09T23:42:21.680+0000] {spark_submit.py:579} INFO - at org.apache.spark.sql.execution.datasources.jdbc.JDBCOptions.$anonfun$driverClass$2(JDBCOptions.scala:109)
[2024-10-09T23:42:21.681+0000] {spark_submit.py:579} INFO - at scala.Option.getOrElse(Option.scala:189)
[2024-10-09T23:42:21.681+0000] {spark_submit.py:579} INFO - at org.apache.spark.sql.execution.datasources.jdbc.JDBCOptions.<init>(JDBCOptions.scala:109)
[2024-10-09T23:42:21.682+0000] {spark_submit.py:579} INFO - at org.apache.spark.sql.execution.datasources.jdbc.JdbcOptionsInWrite.<init>(JDBCOptions.scala:254)
[2024-10-09T23:42:21.682+0000] {spark_submit.py:579} INFO - at org.apache.spark.sql.execution.datasources.jdbc.JdbcOptionsInWrite.<init>(JDBCOptions.scala:258)
[2024-10-09T23:42:21.682+0000] {spark_submit.py:579} INFO - at org.apache.spark.sql.execution.datasources.jdbc.JdbcRelationProvider.createRelation(JdbcRelationProvider.scala:47)
[2024-10-09T23:42:21.683+0000] {spark_submit.py:579} INFO - at org.apache.spark.sql.execution.datasources.SaveIntoDataSourceCommand.run(SaveIntoDataSourceCommand.scala:48)
[2024-10-09T23:42:21.683+0000] {spark_submit.py:579} INFO - at org.apache.spark.sql.execution.command.ExecutedCommandExec.sideEffectResult$lzycompute(commands.scala:75)
[2024-10-09T23:42:21.683+0000] {spark_submit.py:579} INFO - at org.apache.spark.sql.execution.command.ExecutedCommandExec.sideEffectResult(commands.scala:73)
[2024-10-09T23:42:21.684+0000] {spark_submit.py:579} INFO - at org.apache.spark.sql.execution.command.ExecutedCommandExec.executeCollect(commands.scala:84)
[2024-10-09T23:42:21.684+0000] {spark_submit.py:579} INFO - at org.apache.spark.sql.execution.QueryExecution$$anonfun$eagerlyExecuteCommands$1.$anonfun$applyOrElse$1(QueryExecution.scala:107)
[2024-10-09T23:42:21.684+0000] {spark_submit.py:579} INFO - at org.apache.spark.sql.execution.SQLExecution$.$anonfun$withNewExecutionId$6(SQLExecution.scala:125)
[2024-10-09T23:42:21.685+0000] {spark_submit.py:579} INFO - at org.apache.spark.sql.execution.SQLExecution$.withSQLConfPropagated(SQLExecution.scala:201)
[2024-10-09T23:42:21.685+0000] {spark_submit.py:579} INFO - at org.apache.spark.sql.execution.SQLExecution$.$anonfun$withNewExecutionId$1(SQLExecution.scala:108)
[2024-10-09T23:42:21.685+0000] {spark_submit.py:579} INFO - at org.apache.spark.sql.SparkSession.withActive(SparkSession.scala:900)
[2024-10-09T23:42:21.686+0000] {spark_submit.py:579} INFO - at org.apache.spark.sql.execution.SQLExecution$.withNewExecutionId(SQLExecution.scala:66)
[2024-10-09T23:42:21.686+0000] {spark_submit.py:579} INFO - at org.apache.spark.sql.execution.QueryExecution$$anonfun$eagerlyExecuteCommands$1.applyOrElse(QueryExecution.scala:107)
[2024-10-09T23:42:21.686+0000] {spark_submit.py:579} INFO - at org.apache.spark.sql.execution.QueryExecution$$anonfun$eagerlyExecuteCommands$1.applyOrElse(QueryExecution.scala:98)
[2024-10-09T23:42:21.687+0000] {spark_submit.py:579} INFO - at org.apache.spark.sql.catalyst.trees.TreeNode.$anonfun$transformDownWithPruning$1(TreeNode.scala:461)
[2024-10-09T23:42:21.687+0000] {spark_submit.py:579} INFO - at org.apache.spark.sql.catalyst.trees.CurrentOrigin$.withOrigin(origin.scala:76)
[2024-10-09T23:42:21.687+0000] {spark_submit.py:579} INFO - at org.apache.spark.sql.catalyst.trees.TreeNode.transformDownWithPruning(TreeNode.scala:461)
[2024-10-09T23:42:21.688+0000] {spark_submit.py:579} INFO - at org.apache.spark.sql.catalyst.plans.logical.LogicalPlan.org$apache$spark$sql$catalyst$plans$logical$AnalysisHelper$$super$transformDownWithPruning(LogicalPlan.scala:32)
[2024-10-09T23:42:21.688+0000] {spark_submit.py:579} INFO - at org.apache.spark.sql.catalyst.plans.logical.AnalysisHelper.transformDownWithPruning(AnalysisHelper.scala:267)
[2024-10-09T23:42:21.688+0000] {spark_submit.py:579} INFO - at org.apache.spark.sql.catalyst.plans.logical.AnalysisHelper.transformDownWithPruning$(AnalysisHelper.scala:263)
[2024-10-09T23:42:21.689+0000] {spark_submit.py:579} INFO - at org.apache.spark.sql.catalyst.plans.logical.LogicalPlan.transformDownWithPruning(LogicalPlan.scala:32)
[2024-10-09T23:42:21.689+0000] {spark_submit.py:579} INFO - at org.apache.spark.sql.catalyst.plans.logical.LogicalPlan.transformDownWithPruning(LogicalPlan.scala:32)
[2024-10-09T23:42:21.689+0000] {spark_submit.py:579} INFO - at org.apache.spark.sql.catalyst.trees.TreeNode.transformDown(TreeNode.scala:437)
[2024-10-09T23:42:21.689+0000] {spark_submit.py:579} INFO - at org.apache.spark.sql.execution.QueryExecution.eagerlyExecuteCommands(QueryExecution.scala:98)
[2024-10-09T23:42:21.690+0000] {spark_submit.py:579} INFO - at org.apache.spark.sql.execution.QueryExecution.commandExecuted$lzycompute(QueryExecution.scala:85)
[2024-10-09T23:42:21.690+0000] {spark_submit.py:579} INFO - at org.apache.spark.sql.execution.QueryExecution.commandExecuted(QueryExecution.scala:83)
[2024-10-09T23:42:21.690+0000] {spark_submit.py:579} INFO - at org.apache.spark.sql.execution.QueryExecution.assertCommandExecuted(QueryExecution.scala:142)
[2024-10-09T23:42:21.691+0000] {spark_submit.py:579} INFO - at org.apache.spark.sql.DataFrameWriter.runCommand(DataFrameWriter.scala:859)
[2024-10-09T23:42:21.691+0000] {spark_submit.py:579} INFO - at org.apache.spark.sql.DataFrameWriter.saveToV1Source(DataFrameWriter.scala:388)
[2024-10-09T23:42:21.691+0000] {spark_submit.py:579} INFO - at org.apache.spark.sql.DataFrameWriter.saveInternal(DataFrameWriter.scala:361)
[2024-10-09T23:42:21.692+0000] {spark_submit.py:579} INFO - at org.apache.spark.sql.DataFrameWriter.save(DataFrameWriter.scala:248)
[2024-10-09T23:42:21.692+0000] {spark_submit.py:579} INFO - at java.base/jdk.internal.reflect.NativeMethodAccessorImpl.invoke0(Native Method)
[2024-10-09T23:42:21.692+0000] {spark_submit.py:579} INFO - at java.base/jdk.internal.reflect.NativeMethodAccessorImpl.invoke(NativeMethodAccessorImpl.java:77)
[2024-10-09T23:42:21.693+0000] {spark_submit.py:579} INFO - at java.base/jdk.internal.reflect.DelegatingMethodAccessorImpl.invoke(DelegatingMethodAccessorImpl.java:43)
[2024-10-09T23:42:21.693+0000] {spark_submit.py:579} INFO - at java.base/java.lang.reflect.Method.invoke(Method.java:569)
[2024-10-09T23:42:21.693+0000] {spark_submit.py:579} INFO - at py4j.reflection.MethodInvoker.invoke(MethodInvoker.java:244)
[2024-10-09T23:42:21.694+0000] {spark_submit.py:579} INFO - at py4j.reflection.ReflectionEngine.invoke(ReflectionEngine.java:374)
[2024-10-09T23:42:21.694+0000] {spark_submit.py:579} INFO - at py4j.Gateway.invoke(Gateway.java:282)
[2024-10-09T23:42:21.694+0000] {spark_submit.py:579} INFO - at py4j.commands.AbstractCommand.invokeMethod(AbstractCommand.java:132)
[2024-10-09T23:42:21.694+0000] {spark_submit.py:579} INFO - at py4j.commands.CallCommand.execute(CallCommand.java:79)
[2024-10-09T23:42:21.695+0000] {spark_submit.py:579} INFO - at py4j.ClientServerConnection.waitForCommands(ClientServerConnection.java:182)
[2024-10-09T23:42:21.695+0000] {spark_submit.py:579} INFO - at py4j.ClientServerConnection.run(ClientServerConnection.java:106)
[2024-10-09T23:42:21.695+0000] {spark_submit.py:579} INFO - at java.base/java.lang.Thread.run(Thread.java:840)
[2024-10-09T23:42:21.696+0000] {spark_submit.py:579} INFO - 
[2024-10-09T23:42:21.722+0000] {spark_submit.py:579} INFO - 24/10/09 23:42:21 INFO SparkContext: Invoking stop() from shutdown hook
[2024-10-09T23:42:21.723+0000] {spark_submit.py:579} INFO - 24/10/09 23:42:21 INFO SparkContext: SparkContext is stopping with exitCode 0.
[2024-10-09T23:42:21.731+0000] {spark_submit.py:579} INFO - 24/10/09 23:42:21 INFO SparkUI: Stopped Spark web UI at http://97b4e38b3eb9:4040
[2024-10-09T23:42:21.735+0000] {spark_submit.py:579} INFO - 24/10/09 23:42:21 INFO StandaloneSchedulerBackend: Shutting down all executors
[2024-10-09T23:42:21.735+0000] {spark_submit.py:579} INFO - 24/10/09 23:42:21 INFO StandaloneSchedulerBackend$StandaloneDriverEndpoint: Asking each executor to shut down
[2024-10-09T23:42:21.766+0000] {spark_submit.py:579} INFO - 24/10/09 23:42:21 INFO MapOutputTrackerMasterEndpoint: MapOutputTrackerMasterEndpoint stopped!
[2024-10-09T23:42:21.807+0000] {spark_submit.py:579} INFO - 24/10/09 23:42:21 INFO MemoryStore: MemoryStore cleared
[2024-10-09T23:42:21.808+0000] {spark_submit.py:579} INFO - 24/10/09 23:42:21 INFO BlockManager: BlockManager stopped
[2024-10-09T23:42:21.813+0000] {spark_submit.py:579} INFO - 24/10/09 23:42:21 INFO BlockManagerMaster: BlockManagerMaster stopped
[2024-10-09T23:42:21.815+0000] {spark_submit.py:579} INFO - 24/10/09 23:42:21 INFO OutputCommitCoordinator$OutputCommitCoordinatorEndpoint: OutputCommitCoordinator stopped!
[2024-10-09T23:42:21.829+0000] {spark_submit.py:579} INFO - 24/10/09 23:42:21 INFO SparkContext: Successfully stopped SparkContext
[2024-10-09T23:42:21.830+0000] {spark_submit.py:579} INFO - 24/10/09 23:42:21 INFO ShutdownHookManager: Shutdown hook called
[2024-10-09T23:42:21.835+0000] {spark_submit.py:579} INFO - 24/10/09 23:42:21 INFO ShutdownHookManager: Deleting directory /tmp/spark-7b5e45d4-36ea-40aa-9b5a-ab54c5108190
[2024-10-09T23:42:21.843+0000] {spark_submit.py:579} INFO - 24/10/09 23:42:21 INFO ShutdownHookManager: Deleting directory /tmp/spark-a3423007-efd8-4a3d-9635-f9cfb43e0e79
[2024-10-09T23:42:21.847+0000] {spark_submit.py:579} INFO - 24/10/09 23:42:21 INFO ShutdownHookManager: Deleting directory /tmp/spark-7b5e45d4-36ea-40aa-9b5a-ab54c5108190/pyspark-c05ce694-5448-4b1f-8b42-bdcb3607b400
[2024-10-09T23:42:21.902+0000] {taskinstance.py:340} INFO - ::group::Post task execution logs
[2024-10-09T23:42:21.903+0000] {taskinstance.py:352} INFO - Marking task as SUCCESS. dag_id=LoadWebScraping, task_id=load_parquet_to, run_id=manual__2024-10-09T23:42:04.076214+00:00, execution_date=20241009T234204, start_date=20241009T234207, end_date=20241009T234221
[2024-10-09T23:42:21.961+0000] {local_task_job_runner.py:266} INFO - Task exited with return code 0
[2024-10-09T23:42:21.980+0000] {taskinstance.py:3900} INFO - 0 downstream tasks scheduled from follow-on schedule check
[2024-10-09T23:42:21.985+0000] {local_task_job_runner.py:245} INFO - ::endgroup::
