[2024-10-02T19:48:00.593+0000] {local_task_job_runner.py:123} INFO - ::group::Pre task execution logs
[2024-10-02T19:48:00.607+0000] {taskinstance.py:2612} INFO - Dependencies all met for dep_context=non-requeueable deps ti=<TaskInstance: SitesWebScraping.Web_Extraction_siteA manual__2024-10-02T19:47:57.335388+00:00 [queued]>
[2024-10-02T19:48:00.615+0000] {taskinstance.py:2612} INFO - Dependencies all met for dep_context=requeueable deps ti=<TaskInstance: SitesWebScraping.Web_Extraction_siteA manual__2024-10-02T19:47:57.335388+00:00 [queued]>
[2024-10-02T19:48:00.616+0000] {taskinstance.py:2865} INFO - Starting attempt 1 of 1
[2024-10-02T19:48:00.631+0000] {taskinstance.py:2888} INFO - Executing <Task(OperatorSiteA): Web_Extraction_siteA> on 2024-10-02 19:47:57.335388+00:00
[2024-10-02T19:48:00.635+0000] {warnings.py:112} WARNING - /home/***/.local/lib/python3.12/site-packages/***/task/task_runner/standard_task_runner.py:70: DeprecationWarning: This process (pid=466) is multi-threaded, use of fork() may lead to deadlocks in the child.
  pid = os.fork()

[2024-10-02T19:48:00.636+0000] {standard_task_runner.py:72} INFO - Started process 467 to run task
[2024-10-02T19:48:00.637+0000] {standard_task_runner.py:104} INFO - Running: ['***', 'tasks', 'run', 'SitesWebScraping', 'Web_Extraction_siteA', 'manual__2024-10-02T19:47:57.335388+00:00', '--job-id', '684', '--raw', '--subdir', 'DAGS_FOLDER/DagWebScraping.py', '--cfg-path', '/tmp/tmps40d12g7']
[2024-10-02T19:48:00.639+0000] {standard_task_runner.py:105} INFO - Job 684: Subtask Web_Extraction_siteA
[2024-10-02T19:48:00.678+0000] {task_command.py:467} INFO - Running <TaskInstance: SitesWebScraping.Web_Extraction_siteA manual__2024-10-02T19:47:57.335388+00:00 [running]> on host eb305769d48a
[2024-10-02T19:48:00.756+0000] {taskinstance.py:3131} INFO - Exporting env vars: AIRFLOW_CTX_DAG_OWNER='***' AIRFLOW_CTX_DAG_ID='SitesWebScraping' AIRFLOW_CTX_TASK_ID='Web_Extraction_siteA' AIRFLOW_CTX_EXECUTION_DATE='2024-10-02T19:47:57.335388+00:00' AIRFLOW_CTX_TRY_NUMBER='1' AIRFLOW_CTX_DAG_RUN_ID='manual__2024-10-02T19:47:57.335388+00:00'
[2024-10-02T19:48:00.757+0000] {taskinstance.py:731} INFO - ::endgroup::
[2024-10-02T19:48:02.013+0000] {logging_mixin.py:190} INFO - https://www.pichau.com.br/hardware/placa-m-e?page=1
[2024-10-02T19:48:07.549+0000] {logging_mixin.py:190} INFO - https://www.pichau.com.br/hardware/placa-m-e?page=2
[2024-10-02T19:48:13.102+0000] {logging_mixin.py:190} INFO - https://www.pichau.com.br/hardware/placa-m-e?page=3
[2024-10-02T19:48:18.659+0000] {logging_mixin.py:190} INFO - https://www.pichau.com.br/hardware/placa-m-e?page=4
[2024-10-02T19:48:24.190+0000] {logging_mixin.py:190} INFO - https://www.pichau.com.br/hardware/placa-m-e?page=5
[2024-10-02T19:48:29.741+0000] {logging_mixin.py:190} INFO - https://www.pichau.com.br/hardware/processadores?page=1
[2024-10-02T19:48:35.276+0000] {logging_mixin.py:190} INFO - https://www.pichau.com.br/hardware/processadores?page=2
[2024-10-02T19:48:41.628+0000] {logging_mixin.py:190} INFO - https://www.pichau.com.br/hardware/processadores?page=3
[2024-10-02T19:48:47.625+0000] {logging_mixin.py:190} INFO - https://www.pichau.com.br/hardware/processadores?page=4
[2024-10-02T19:48:53.377+0000] {logging_mixin.py:190} INFO - https://www.pichau.com.br/hardware/processadores?page=5
[2024-10-02T19:49:00.487+0000] {logging_mixin.py:190} INFO - https://www.pichau.com.br/hardware/memorias?page=1
[2024-10-02T19:49:06.124+0000] {logging_mixin.py:190} INFO - https://www.pichau.com.br/hardware/memorias?page=2
[2024-10-02T19:49:11.672+0000] {logging_mixin.py:190} INFO - https://www.pichau.com.br/hardware/memorias?page=3
[2024-10-02T19:49:17.242+0000] {logging_mixin.py:190} INFO - https://www.pichau.com.br/hardware/memorias?page=4
[2024-10-02T19:49:22.794+0000] {logging_mixin.py:190} INFO - https://www.pichau.com.br/hardware/memorias?page=5
[2024-10-02T19:49:28.377+0000] {logging_mixin.py:190} INFO - https://www.pichau.com.br/hardware/placa-de-video?page=1
[2024-10-02T19:49:34.085+0000] {logging_mixin.py:190} INFO - https://www.pichau.com.br/hardware/placa-de-video?page=2
[2024-10-02T19:49:39.695+0000] {logging_mixin.py:190} INFO - https://www.pichau.com.br/hardware/placa-de-video?page=3
[2024-10-02T19:49:45.254+0000] {logging_mixin.py:190} INFO - https://www.pichau.com.br/hardware/placa-de-video?page=4
[2024-10-02T19:49:50.813+0000] {logging_mixin.py:190} INFO - https://www.pichau.com.br/hardware/placa-de-video?page=5
[2024-10-02T19:49:56.020+0000] {taskinstance.py:340} INFO - ::group::Post task execution logs
[2024-10-02T19:49:56.020+0000] {taskinstance.py:352} INFO - Marking task as SUCCESS. dag_id=SitesWebScraping, task_id=Web_Extraction_siteA, run_id=manual__2024-10-02T19:47:57.335388+00:00, execution_date=20241002T194757, start_date=20241002T194800, end_date=20241002T194956
[2024-10-02T19:49:56.051+0000] {local_task_job_runner.py:266} INFO - Task exited with return code 0
[2024-10-02T19:49:56.074+0000] {taskinstance.py:3900} INFO - 1 downstream tasks scheduled from follow-on schedule check
[2024-10-02T19:49:56.079+0000] {local_task_job_runner.py:245} INFO - ::endgroup::
