[2024-10-05T20:49:00.077+0000] {local_task_job_runner.py:123} INFO - ::group::Pre task execution logs
[2024-10-05T20:49:00.104+0000] {taskinstance.py:2612} INFO - Dependencies all met for dep_context=non-requeueable deps ti=<TaskInstance: pipeline_webscraping.kabum_tasks.Spark_Transformation_kabum manual__2024-10-05T20:42:40.167692+00:00 [queued]>
[2024-10-05T20:49:00.112+0000] {taskinstance.py:2612} INFO - Dependencies all met for dep_context=requeueable deps ti=<TaskInstance: pipeline_webscraping.kabum_tasks.Spark_Transformation_kabum manual__2024-10-05T20:42:40.167692+00:00 [queued]>
[2024-10-05T20:49:00.113+0000] {taskinstance.py:2865} INFO - Starting attempt 1 of 1
[2024-10-05T20:49:00.142+0000] {taskinstance.py:2888} INFO - Executing <Task(OperatorSubmitSpark): kabum_tasks.Spark_Transformation_kabum> on 2024-10-05 20:42:40.167692+00:00
[2024-10-05T20:49:00.148+0000] {warnings.py:112} WARNING - /home/***/.local/lib/python3.12/site-packages/***/task/task_runner/standard_task_runner.py:70: DeprecationWarning: This process (pid=10048) is multi-threaded, use of fork() may lead to deadlocks in the child.
  pid = os.fork()

[2024-10-05T20:49:00.150+0000] {standard_task_runner.py:72} INFO - Started process 10050 to run task
[2024-10-05T20:49:00.150+0000] {standard_task_runner.py:104} INFO - Running: ['***', 'tasks', 'run', 'pipeline_webscraping', 'kabum_tasks.Spark_Transformation_kabum', 'manual__2024-10-05T20:42:40.167692+00:00', '--job-id', '1207', '--raw', '--subdir', 'DAGS_FOLDER/DagWebScraping.py', '--cfg-path', '/tmp/tmpajf5wa80']
[2024-10-05T20:49:00.152+0000] {standard_task_runner.py:105} INFO - Job 1207: Subtask kabum_tasks.Spark_Transformation_kabum
[2024-10-05T20:49:00.234+0000] {task_command.py:467} INFO - Running <TaskInstance: pipeline_webscraping.kabum_tasks.Spark_Transformation_kabum manual__2024-10-05T20:42:40.167692+00:00 [running]> on host e823e678f418
[2024-10-05T20:49:00.359+0000] {taskinstance.py:3131} INFO - Exporting env vars: AIRFLOW_CTX_DAG_OWNER='***' AIRFLOW_CTX_DAG_ID='pipeline_webscraping' AIRFLOW_CTX_TASK_ID='kabum_tasks.Spark_Transformation_kabum' AIRFLOW_CTX_EXECUTION_DATE='2024-10-05T20:42:40.167692+00:00' AIRFLOW_CTX_TRY_NUMBER='1' AIRFLOW_CTX_DAG_RUN_ID='manual__2024-10-05T20:42:40.167692+00:00'
[2024-10-05T20:49:00.361+0000] {taskinstance.py:731} INFO - ::endgroup::
[2024-10-05T20:49:00.394+0000] {logging_mixin.py:190} INFO - teste /opt/***/datalake/rawzone/kabum_2024-10-05/data.json
[2024-10-05T20:49:00.395+0000] {baseoperator.py:405} WARNING - OperatorSubmitSpark.execute cannot be called outside TaskInstance!
[2024-10-05T20:49:00.409+0000] {base.py:84} INFO - Retrieving connection 'spark_default'
[2024-10-05T20:49:00.410+0000] {spark_submit.py:403} INFO - Spark-Submit cmd: spark-submit --master spark://spark:7077 --num-executors 2 --driver-memory 512M --name arrow-spark --deploy-mode client /opt/bitnami/spark/src/scripts_spark/WebScraping_Transformation.py --path_save_transfor /opt/***/datalake/silverzone/kabum_2024-10-05 --json_file_path /opt/***/datalake/rawzone/kabum_2024-10-05/data.json
[2024-10-05T20:49:03.789+0000] {spark_submit.py:579} INFO - 24/10/05 20:49:03 INFO SparkContext: Running Spark version 3.5.2
[2024-10-05T20:49:03.791+0000] {spark_submit.py:579} INFO - 24/10/05 20:49:03 INFO SparkContext: OS info Linux, 5.15.153.1-microsoft-standard-WSL2, amd64
[2024-10-05T20:49:03.792+0000] {spark_submit.py:579} INFO - 24/10/05 20:49:03 INFO SparkContext: Java version 17.0.12
[2024-10-05T20:49:03.841+0000] {spark_submit.py:579} INFO - 24/10/05 20:49:03 WARN NativeCodeLoader: Unable to load native-hadoop library for your platform... using builtin-java classes where applicable
[2024-10-05T20:49:03.930+0000] {spark_submit.py:579} INFO - 24/10/05 20:49:03 INFO ResourceUtils: ==============================================================
[2024-10-05T20:49:03.930+0000] {spark_submit.py:579} INFO - 24/10/05 20:49:03 INFO ResourceUtils: No custom resources configured for spark.driver.
[2024-10-05T20:49:03.931+0000] {spark_submit.py:579} INFO - 24/10/05 20:49:03 INFO ResourceUtils: ==============================================================
[2024-10-05T20:49:03.931+0000] {spark_submit.py:579} INFO - 24/10/05 20:49:03 INFO SparkContext: Submitted application: Test
[2024-10-05T20:49:03.955+0000] {spark_submit.py:579} INFO - 24/10/05 20:49:03 INFO ResourceProfile: Default ResourceProfile created, executor resources: Map(cores -> name: cores, amount: 1, script: , vendor: , memory -> name: memory, amount: 1024, script: , vendor: , offHeap -> name: offHeap, amount: 0, script: , vendor: ), task resources: Map(cpus -> name: cpus, amount: 1.0)
[2024-10-05T20:49:03.964+0000] {spark_submit.py:579} INFO - 24/10/05 20:49:03 INFO ResourceProfile: Limiting resource is cpu
[2024-10-05T20:49:03.965+0000] {spark_submit.py:579} INFO - 24/10/05 20:49:03 INFO ResourceProfileManager: Added ResourceProfile id: 0
[2024-10-05T20:49:04.026+0000] {spark_submit.py:579} INFO - 24/10/05 20:49:04 INFO SecurityManager: Changing view acls to: ***
[2024-10-05T20:49:04.027+0000] {spark_submit.py:579} INFO - 24/10/05 20:49:04 INFO SecurityManager: Changing modify acls to: ***
[2024-10-05T20:49:04.028+0000] {spark_submit.py:579} INFO - 24/10/05 20:49:04 INFO SecurityManager: Changing view acls groups to:
[2024-10-05T20:49:04.029+0000] {spark_submit.py:579} INFO - 24/10/05 20:49:04 INFO SecurityManager: Changing modify acls groups to:
[2024-10-05T20:49:04.030+0000] {spark_submit.py:579} INFO - 24/10/05 20:49:04 INFO SecurityManager: SecurityManager: authentication disabled; ui acls disabled; users with view permissions: ***; groups with view permissions: EMPTY; users with modify permissions: ***; groups with modify permissions: EMPTY
[2024-10-05T20:49:04.291+0000] {spark_submit.py:579} INFO - 24/10/05 20:49:04 INFO Utils: Successfully started service 'sparkDriver' on port 41495.
[2024-10-05T20:49:04.322+0000] {spark_submit.py:579} INFO - 24/10/05 20:49:04 INFO SparkEnv: Registering MapOutputTracker
[2024-10-05T20:49:04.355+0000] {spark_submit.py:579} INFO - 24/10/05 20:49:04 INFO SparkEnv: Registering BlockManagerMaster
[2024-10-05T20:49:04.371+0000] {spark_submit.py:579} INFO - 24/10/05 20:49:04 INFO BlockManagerMasterEndpoint: Using org.apache.spark.storage.DefaultTopologyMapper for getting topology information
[2024-10-05T20:49:04.371+0000] {spark_submit.py:579} INFO - 24/10/05 20:49:04 INFO BlockManagerMasterEndpoint: BlockManagerMasterEndpoint up
[2024-10-05T20:49:04.375+0000] {spark_submit.py:579} INFO - 24/10/05 20:49:04 INFO SparkEnv: Registering BlockManagerMasterHeartbeat
[2024-10-05T20:49:04.415+0000] {spark_submit.py:579} INFO - 24/10/05 20:49:04 INFO DiskBlockManager: Created local directory at /tmp/blockmgr-b6838f32-34e0-4219-9cb5-e8d14f1f9b1d
[2024-10-05T20:49:04.432+0000] {spark_submit.py:579} INFO - 24/10/05 20:49:04 INFO MemoryStore: MemoryStore started with capacity 127.2 MiB
[2024-10-05T20:49:04.453+0000] {spark_submit.py:579} INFO - 24/10/05 20:49:04 INFO SparkEnv: Registering OutputCommitCoordinator
[2024-10-05T20:49:04.587+0000] {spark_submit.py:579} INFO - 24/10/05 20:49:04 INFO JettyUtils: Start Jetty 0.0.0.0:4040 for SparkUI
[2024-10-05T20:49:04.669+0000] {spark_submit.py:579} INFO - 24/10/05 20:49:04 INFO Utils: Successfully started service 'SparkUI' on port 4040.
[2024-10-05T20:49:04.815+0000] {spark_submit.py:579} INFO - 24/10/05 20:49:04 INFO Executor: Starting executor ID driver on host e823e678f418
[2024-10-05T20:49:04.815+0000] {spark_submit.py:579} INFO - 24/10/05 20:49:04 INFO Executor: OS info Linux, 5.15.153.1-microsoft-standard-WSL2, amd64
[2024-10-05T20:49:04.816+0000] {spark_submit.py:579} INFO - 24/10/05 20:49:04 INFO Executor: Java version 17.0.12
[2024-10-05T20:49:04.823+0000] {spark_submit.py:579} INFO - 24/10/05 20:49:04 INFO Executor: Starting executor with user classpath (userClassPathFirst = false): ''
[2024-10-05T20:49:04.824+0000] {spark_submit.py:579} INFO - 24/10/05 20:49:04 INFO Executor: Created or updated repl class loader org.apache.spark.util.MutableURLClassLoader@71c9df3d for default.
[2024-10-05T20:49:04.847+0000] {spark_submit.py:579} INFO - 24/10/05 20:49:04 INFO Utils: Successfully started service 'org.apache.spark.network.netty.NettyBlockTransferService' on port 37349.
[2024-10-05T20:49:04.848+0000] {spark_submit.py:579} INFO - 24/10/05 20:49:04 INFO NettyBlockTransferService: Server created on e823e678f418:37349
[2024-10-05T20:49:04.850+0000] {spark_submit.py:579} INFO - 24/10/05 20:49:04 INFO BlockManager: Using org.apache.spark.storage.RandomBlockReplicationPolicy for block replication policy
[2024-10-05T20:49:04.856+0000] {spark_submit.py:579} INFO - 24/10/05 20:49:04 INFO BlockManagerMaster: Registering BlockManager BlockManagerId(driver, e823e678f418, 37349, None)
[2024-10-05T20:49:04.860+0000] {spark_submit.py:579} INFO - 24/10/05 20:49:04 INFO BlockManagerMasterEndpoint: Registering block manager e823e678f418:37349 with 127.2 MiB RAM, BlockManagerId(driver, e823e678f418, 37349, None)
[2024-10-05T20:49:04.862+0000] {spark_submit.py:579} INFO - 24/10/05 20:49:04 INFO BlockManagerMaster: Registered BlockManager BlockManagerId(driver, e823e678f418, 37349, None)
[2024-10-05T20:49:04.864+0000] {spark_submit.py:579} INFO - 24/10/05 20:49:04 INFO BlockManager: Initialized BlockManager: BlockManagerId(driver, e823e678f418, 37349, None)
[2024-10-05T20:49:05.310+0000] {spark_submit.py:579} INFO - 24/10/05 20:49:05 INFO SharedState: Setting hive.metastore.warehouse.dir ('null') to the value of spark.sql.warehouse.dir.
[2024-10-05T20:49:05.316+0000] {spark_submit.py:579} INFO - 24/10/05 20:49:05 INFO SharedState: Warehouse path is 'file:/opt/***/spark-warehouse'.
[2024-10-05T20:49:06.210+0000] {spark_submit.py:579} INFO - 24/10/05 20:49:06 INFO InMemoryFileIndex: It took 59 ms to list leaf files for 1 paths.
[2024-10-05T20:49:06.355+0000] {spark_submit.py:579} INFO - 24/10/05 20:49:06 INFO InMemoryFileIndex: It took 21 ms to list leaf files for 1 paths.
[2024-10-05T20:49:08.192+0000] {spark_submit.py:579} INFO - 24/10/05 20:49:08 INFO FileSourceStrategy: Pushed Filters:
[2024-10-05T20:49:08.193+0000] {spark_submit.py:579} INFO - 24/10/05 20:49:08 INFO FileSourceStrategy: Post-Scan Filters:
[2024-10-05T20:49:08.408+0000] {spark_submit.py:579} INFO - 24/10/05 20:49:08 INFO MemoryStore: Block broadcast_0 stored as values in memory (estimated size 199.4 KiB, free 127.0 MiB)
[2024-10-05T20:49:08.452+0000] {spark_submit.py:579} INFO - 24/10/05 20:49:08 INFO MemoryStore: Block broadcast_0_piece0 stored as bytes in memory (estimated size 34.2 KiB, free 127.0 MiB)
[2024-10-05T20:49:08.460+0000] {spark_submit.py:579} INFO - 24/10/05 20:49:08 INFO BlockManagerInfo: Added broadcast_0_piece0 in memory on e823e678f418:37349 (size: 34.2 KiB, free: 127.2 MiB)
[2024-10-05T20:49:08.466+0000] {spark_submit.py:579} INFO - 24/10/05 20:49:08 INFO SparkContext: Created broadcast 0 from json at NativeMethodAccessorImpl.java:0
[2024-10-05T20:49:08.477+0000] {spark_submit.py:579} INFO - 24/10/05 20:49:08 INFO FileSourceScanExec: Planning scan with bin packing, max size: 4667391 bytes, open cost is considered as scanning 4194304 bytes.
[2024-10-05T20:49:08.608+0000] {spark_submit.py:579} INFO - 24/10/05 20:49:08 INFO SparkContext: Starting job: json at NativeMethodAccessorImpl.java:0
[2024-10-05T20:49:08.630+0000] {spark_submit.py:579} INFO - 24/10/05 20:49:08 INFO DAGScheduler: Got job 0 (json at NativeMethodAccessorImpl.java:0) with 1 output partitions
[2024-10-05T20:49:08.630+0000] {spark_submit.py:579} INFO - 24/10/05 20:49:08 INFO DAGScheduler: Final stage: ResultStage 0 (json at NativeMethodAccessorImpl.java:0)
[2024-10-05T20:49:08.631+0000] {spark_submit.py:579} INFO - 24/10/05 20:49:08 INFO DAGScheduler: Parents of final stage: List()
[2024-10-05T20:49:08.632+0000] {spark_submit.py:579} INFO - 24/10/05 20:49:08 INFO DAGScheduler: Missing parents: List()
[2024-10-05T20:49:08.635+0000] {spark_submit.py:579} INFO - 24/10/05 20:49:08 INFO DAGScheduler: Submitting ResultStage 0 (MapPartitionsRDD[3] at json at NativeMethodAccessorImpl.java:0), which has no missing parents
[2024-10-05T20:49:08.734+0000] {spark_submit.py:579} INFO - 24/10/05 20:49:08 INFO MemoryStore: Block broadcast_1 stored as values in memory (estimated size 16.1 KiB, free 127.0 MiB)
[2024-10-05T20:49:08.736+0000] {spark_submit.py:579} INFO - 24/10/05 20:49:08 INFO MemoryStore: Block broadcast_1_piece0 stored as bytes in memory (estimated size 7.5 KiB, free 126.9 MiB)
[2024-10-05T20:49:08.742+0000] {spark_submit.py:579} INFO - 24/10/05 20:49:08 INFO BlockManagerInfo: Added broadcast_1_piece0 in memory on e823e678f418:37349 (size: 7.5 KiB, free: 127.2 MiB)
[2024-10-05T20:49:08.743+0000] {spark_submit.py:579} INFO - 24/10/05 20:49:08 INFO SparkContext: Created broadcast 1 from broadcast at DAGScheduler.scala:1585
[2024-10-05T20:49:08.762+0000] {spark_submit.py:579} INFO - 24/10/05 20:49:08 INFO DAGScheduler: Submitting 1 missing tasks from ResultStage 0 (MapPartitionsRDD[3] at json at NativeMethodAccessorImpl.java:0) (first 15 tasks are for partitions Vector(0))
[2024-10-05T20:49:08.764+0000] {spark_submit.py:579} INFO - 24/10/05 20:49:08 INFO TaskSchedulerImpl: Adding task set 0.0 with 1 tasks resource profile 0
[2024-10-05T20:49:08.828+0000] {spark_submit.py:579} INFO - 24/10/05 20:49:08 INFO TaskSetManager: Starting task 0.0 in stage 0.0 (TID 0) (e823e678f418, executor driver, partition 0, PROCESS_LOCAL, 9625 bytes)
[2024-10-05T20:49:08.842+0000] {spark_submit.py:579} INFO - 24/10/05 20:49:08 INFO Executor: Running task 0.0 in stage 0.0 (TID 0)
[2024-10-05T20:49:08.937+0000] {spark_submit.py:579} INFO - 24/10/05 20:49:08 INFO FileScanRDD: Reading File path: file:///opt/***/datalake/rawzone/kabum_2024-10-05/data.json, range: 0-473087, partition values: [empty row]
[2024-10-05T20:49:09.161+0000] {spark_submit.py:579} INFO - 24/10/05 20:49:09 INFO CodeGenerator: Code generated in 183.832163 ms
[2024-10-05T20:49:09.298+0000] {spark_submit.py:579} INFO - 24/10/05 20:49:09 INFO Executor: Finished task 0.0 in stage 0.0 (TID 0). 2073 bytes result sent to driver
[2024-10-05T20:49:09.306+0000] {spark_submit.py:579} INFO - 24/10/05 20:49:09 INFO TaskSetManager: Finished task 0.0 in stage 0.0 (TID 0) in 498 ms on e823e678f418 (executor driver) (1/1)
[2024-10-05T20:49:09.308+0000] {spark_submit.py:579} INFO - 24/10/05 20:49:09 INFO TaskSchedulerImpl: Removed TaskSet 0.0, whose tasks have all completed, from pool
[2024-10-05T20:49:09.313+0000] {spark_submit.py:579} INFO - 24/10/05 20:49:09 INFO DAGScheduler: ResultStage 0 (json at NativeMethodAccessorImpl.java:0) finished in 0.660 s
[2024-10-05T20:49:09.316+0000] {spark_submit.py:579} INFO - 24/10/05 20:49:09 INFO DAGScheduler: Job 0 is finished. Cancelling potential speculative or zombie tasks for this job
[2024-10-05T20:49:09.319+0000] {spark_submit.py:579} INFO - 24/10/05 20:49:09 INFO TaskSchedulerImpl: Killing all running tasks in stage 0: Stage finished
[2024-10-05T20:49:09.320+0000] {spark_submit.py:579} INFO - 24/10/05 20:49:09 INFO DAGScheduler: Job 0 finished: json at NativeMethodAccessorImpl.java:0, took 0.708849 s
[2024-10-05T20:49:09.624+0000] {spark_submit.py:579} INFO - 24/10/05 20:49:09 INFO BlockManagerInfo: Removed broadcast_1_piece0 on e823e678f418:37349 in memory (size: 7.5 KiB, free: 127.2 MiB)
[2024-10-05T20:49:10.293+0000] {spark_submit.py:579} INFO - 24/10/05 20:49:10 INFO FileSourceStrategy: Pushed Filters: IsNotNull(category),EqualTo(category,placas-mae)
[2024-10-05T20:49:10.295+0000] {spark_submit.py:579} INFO - 24/10/05 20:49:10 INFO FileSourceStrategy: Post-Scan Filters: isnotnull(category#8),(category#8 = placas-mae)
[2024-10-05T20:49:10.357+0000] {spark_submit.py:579} INFO - 24/10/05 20:49:10 INFO ParquetUtils: Using default output committer for Parquet: org.apache.parquet.hadoop.ParquetOutputCommitter
[2024-10-05T20:49:10.371+0000] {spark_submit.py:579} INFO - 24/10/05 20:49:10 INFO FileOutputCommitter: File Output Committer Algorithm version is 1
[2024-10-05T20:49:10.371+0000] {spark_submit.py:579} INFO - 24/10/05 20:49:10 INFO FileOutputCommitter: FileOutputCommitter skip cleanup _temporary folders under output directory:false, ignore cleanup failures: false
[2024-10-05T20:49:10.372+0000] {spark_submit.py:579} INFO - 24/10/05 20:49:10 INFO SQLHadoopMapReduceCommitProtocol: Using user defined output committer class org.apache.parquet.hadoop.ParquetOutputCommitter
[2024-10-05T20:49:10.373+0000] {spark_submit.py:579} INFO - 24/10/05 20:49:10 INFO FileOutputCommitter: File Output Committer Algorithm version is 1
[2024-10-05T20:49:10.373+0000] {spark_submit.py:579} INFO - 24/10/05 20:49:10 INFO FileOutputCommitter: FileOutputCommitter skip cleanup _temporary folders under output directory:false, ignore cleanup failures: false
[2024-10-05T20:49:10.374+0000] {spark_submit.py:579} INFO - 24/10/05 20:49:10 INFO SQLHadoopMapReduceCommitProtocol: Using output committer class org.apache.parquet.hadoop.ParquetOutputCommitter
[2024-10-05T20:49:10.563+0000] {spark_submit.py:579} INFO - 24/10/05 20:49:10 INFO CodeGenerator: Code generated in 84.687455 ms
[2024-10-05T20:49:10.569+0000] {spark_submit.py:579} INFO - 24/10/05 20:49:10 INFO MemoryStore: Block broadcast_2 stored as values in memory (estimated size 199.3 KiB, free 126.8 MiB)
[2024-10-05T20:49:10.587+0000] {spark_submit.py:579} INFO - 24/10/05 20:49:10 INFO MemoryStore: Block broadcast_2_piece0 stored as bytes in memory (estimated size 34.2 KiB, free 126.7 MiB)
[2024-10-05T20:49:10.588+0000] {spark_submit.py:579} INFO - 24/10/05 20:49:10 INFO BlockManagerInfo: Added broadcast_2_piece0 in memory on e823e678f418:37349 (size: 34.2 KiB, free: 127.1 MiB)
[2024-10-05T20:49:10.590+0000] {spark_submit.py:579} INFO - 24/10/05 20:49:10 INFO SparkContext: Created broadcast 2 from parquet at NativeMethodAccessorImpl.java:0
[2024-10-05T20:49:10.593+0000] {spark_submit.py:579} INFO - 24/10/05 20:49:10 INFO FileSourceScanExec: Planning scan with bin packing, max size: 4667391 bytes, open cost is considered as scanning 4194304 bytes.
[2024-10-05T20:49:10.608+0000] {spark_submit.py:579} INFO - 24/10/05 20:49:10 INFO BlockManagerInfo: Removed broadcast_0_piece0 on e823e678f418:37349 in memory (size: 34.2 KiB, free: 127.2 MiB)
[2024-10-05T20:49:10.619+0000] {spark_submit.py:579} INFO - 24/10/05 20:49:10 INFO SparkContext: Starting job: parquet at NativeMethodAccessorImpl.java:0
[2024-10-05T20:49:10.620+0000] {spark_submit.py:579} INFO - 24/10/05 20:49:10 INFO DAGScheduler: Got job 1 (parquet at NativeMethodAccessorImpl.java:0) with 1 output partitions
[2024-10-05T20:49:10.620+0000] {spark_submit.py:579} INFO - 24/10/05 20:49:10 INFO DAGScheduler: Final stage: ResultStage 1 (parquet at NativeMethodAccessorImpl.java:0)
[2024-10-05T20:49:10.622+0000] {spark_submit.py:579} INFO - 24/10/05 20:49:10 INFO DAGScheduler: Parents of final stage: List()
[2024-10-05T20:49:10.622+0000] {spark_submit.py:579} INFO - 24/10/05 20:49:10 INFO DAGScheduler: Missing parents: List()
[2024-10-05T20:49:10.623+0000] {spark_submit.py:579} INFO - 24/10/05 20:49:10 INFO DAGScheduler: Submitting ResultStage 1 (MapPartitionsRDD[7] at parquet at NativeMethodAccessorImpl.java:0), which has no missing parents
[2024-10-05T20:49:10.649+0000] {spark_submit.py:579} INFO - 24/10/05 20:49:10 INFO MemoryStore: Block broadcast_3 stored as values in memory (estimated size 229.7 KiB, free 126.7 MiB)
[2024-10-05T20:49:10.654+0000] {spark_submit.py:579} INFO - 24/10/05 20:49:10 INFO MemoryStore: Block broadcast_3_piece0 stored as bytes in memory (estimated size 81.9 KiB, free 126.7 MiB)
[2024-10-05T20:49:10.655+0000] {spark_submit.py:579} INFO - 24/10/05 20:49:10 INFO BlockManagerInfo: Added broadcast_3_piece0 in memory on e823e678f418:37349 (size: 81.9 KiB, free: 127.1 MiB)
[2024-10-05T20:49:10.656+0000] {spark_submit.py:579} INFO - 24/10/05 20:49:10 INFO SparkContext: Created broadcast 3 from broadcast at DAGScheduler.scala:1585
[2024-10-05T20:49:10.657+0000] {spark_submit.py:579} INFO - 24/10/05 20:49:10 INFO DAGScheduler: Submitting 1 missing tasks from ResultStage 1 (MapPartitionsRDD[7] at parquet at NativeMethodAccessorImpl.java:0) (first 15 tasks are for partitions Vector(0))
[2024-10-05T20:49:10.657+0000] {spark_submit.py:579} INFO - 24/10/05 20:49:10 INFO TaskSchedulerImpl: Adding task set 1.0 with 1 tasks resource profile 0
[2024-10-05T20:49:10.658+0000] {spark_submit.py:579} INFO - 24/10/05 20:49:10 INFO TaskSetManager: Starting task 0.0 in stage 1.0 (TID 1) (e823e678f418, executor driver, partition 0, PROCESS_LOCAL, 9625 bytes)
[2024-10-05T20:49:10.659+0000] {spark_submit.py:579} INFO - 24/10/05 20:49:10 INFO Executor: Running task 0.0 in stage 1.0 (TID 1)
[2024-10-05T20:49:10.737+0000] {spark_submit.py:579} INFO - 24/10/05 20:49:10 INFO CodeGenerator: Code generated in 37.199967 ms
[2024-10-05T20:49:10.741+0000] {spark_submit.py:579} INFO - 24/10/05 20:49:10 INFO FileOutputCommitter: File Output Committer Algorithm version is 1
[2024-10-05T20:49:10.741+0000] {spark_submit.py:579} INFO - 24/10/05 20:49:10 INFO FileOutputCommitter: FileOutputCommitter skip cleanup _temporary folders under output directory:false, ignore cleanup failures: false
[2024-10-05T20:49:10.742+0000] {spark_submit.py:579} INFO - 24/10/05 20:49:10 INFO SQLHadoopMapReduceCommitProtocol: Using user defined output committer class org.apache.parquet.hadoop.ParquetOutputCommitter
[2024-10-05T20:49:10.742+0000] {spark_submit.py:579} INFO - 24/10/05 20:49:10 INFO FileOutputCommitter: File Output Committer Algorithm version is 1
[2024-10-05T20:49:10.742+0000] {spark_submit.py:579} INFO - 24/10/05 20:49:10 INFO FileOutputCommitter: FileOutputCommitter skip cleanup _temporary folders under output directory:false, ignore cleanup failures: false
[2024-10-05T20:49:10.743+0000] {spark_submit.py:579} INFO - 24/10/05 20:49:10 INFO SQLHadoopMapReduceCommitProtocol: Using output committer class org.apache.parquet.hadoop.ParquetOutputCommitter
[2024-10-05T20:49:10.746+0000] {spark_submit.py:579} INFO - 24/10/05 20:49:10 INFO CodecConfig: Compression: SNAPPY
[2024-10-05T20:49:10.748+0000] {spark_submit.py:579} INFO - 24/10/05 20:49:10 INFO CodecConfig: Compression: SNAPPY
[2024-10-05T20:49:10.763+0000] {spark_submit.py:579} INFO - 24/10/05 20:49:10 INFO ParquetOutputFormat: ParquetRecordWriter [block size: 134217728b, row group padding size: 8388608b, validating: false]
[2024-10-05T20:49:10.784+0000] {spark_submit.py:579} INFO - 24/10/05 20:49:10 INFO ParquetWriteSupport: Initialized Parquet WriteSupport with Catalyst schema:
[2024-10-05T20:49:10.785+0000] {spark_submit.py:579} INFO - {
[2024-10-05T20:49:10.786+0000] {spark_submit.py:579} INFO - "type" : "struct",
[2024-10-05T20:49:10.786+0000] {spark_submit.py:579} INFO - "fields" : [ {
[2024-10-05T20:49:10.786+0000] {spark_submit.py:579} INFO - "name" : "id_placa_mae",
[2024-10-05T20:49:10.787+0000] {spark_submit.py:579} INFO - "type" : "long",
[2024-10-05T20:49:10.787+0000] {spark_submit.py:579} INFO - "nullable" : false,
[2024-10-05T20:49:10.787+0000] {spark_submit.py:579} INFO - "metadata" : { }
[2024-10-05T20:49:10.788+0000] {spark_submit.py:579} INFO - }, {
[2024-10-05T20:49:10.788+0000] {spark_submit.py:579} INFO - "name" : "name",
[2024-10-05T20:49:10.788+0000] {spark_submit.py:579} INFO - "type" : "string",
[2024-10-05T20:49:10.789+0000] {spark_submit.py:579} INFO - "nullable" : true,
[2024-10-05T20:49:10.789+0000] {spark_submit.py:579} INFO - "metadata" : { }
[2024-10-05T20:49:10.790+0000] {spark_submit.py:579} INFO - }, {
[2024-10-05T20:49:10.790+0000] {spark_submit.py:579} INFO - "name" : "marca",
[2024-10-05T20:49:10.790+0000] {spark_submit.py:579} INFO - "type" : "string",
[2024-10-05T20:49:10.791+0000] {spark_submit.py:579} INFO - "nullable" : true,
[2024-10-05T20:49:10.791+0000] {spark_submit.py:579} INFO - "metadata" : { }
[2024-10-05T20:49:10.792+0000] {spark_submit.py:579} INFO - }, {
[2024-10-05T20:49:10.792+0000] {spark_submit.py:579} INFO - "name" : "modelo",
[2024-10-05T20:49:10.793+0000] {spark_submit.py:579} INFO - "type" : "string",
[2024-10-05T20:49:10.793+0000] {spark_submit.py:579} INFO - "nullable" : true,
[2024-10-05T20:49:10.793+0000] {spark_submit.py:579} INFO - "metadata" : { }
[2024-10-05T20:49:10.794+0000] {spark_submit.py:579} INFO - }, {
[2024-10-05T20:49:10.794+0000] {spark_submit.py:579} INFO - "name" : "socket",
[2024-10-05T20:49:10.795+0000] {spark_submit.py:579} INFO - "type" : "string",
[2024-10-05T20:49:10.796+0000] {spark_submit.py:579} INFO - "nullable" : true,
[2024-10-05T20:49:10.796+0000] {spark_submit.py:579} INFO - "metadata" : { }
[2024-10-05T20:49:10.797+0000] {spark_submit.py:579} INFO - }, {
[2024-10-05T20:49:10.797+0000] {spark_submit.py:579} INFO - "name" : "DDR",
[2024-10-05T20:49:10.797+0000] {spark_submit.py:579} INFO - "type" : "long",
[2024-10-05T20:49:10.798+0000] {spark_submit.py:579} INFO - "nullable" : true,
[2024-10-05T20:49:10.799+0000] {spark_submit.py:579} INFO - "metadata" : { }
[2024-10-05T20:49:10.800+0000] {spark_submit.py:579} INFO - }, {
[2024-10-05T20:49:10.800+0000] {spark_submit.py:579} INFO - "name" : "value",
[2024-10-05T20:49:10.801+0000] {spark_submit.py:579} INFO - "type" : "double",
[2024-10-05T20:49:10.801+0000] {spark_submit.py:579} INFO - "nullable" : true,
[2024-10-05T20:49:10.802+0000] {spark_submit.py:579} INFO - "metadata" : { }
[2024-10-05T20:49:10.802+0000] {spark_submit.py:579} INFO - }, {
[2024-10-05T20:49:10.803+0000] {spark_submit.py:579} INFO - "name" : "link",
[2024-10-05T20:49:10.804+0000] {spark_submit.py:579} INFO - "type" : "string",
[2024-10-05T20:49:10.804+0000] {spark_submit.py:579} INFO - "nullable" : true,
[2024-10-05T20:49:10.805+0000] {spark_submit.py:579} INFO - "metadata" : { }
[2024-10-05T20:49:10.805+0000] {spark_submit.py:579} INFO - } ]
[2024-10-05T20:49:10.805+0000] {spark_submit.py:579} INFO - }
[2024-10-05T20:49:10.806+0000] {spark_submit.py:579} INFO - and corresponding Parquet message type:
[2024-10-05T20:49:10.806+0000] {spark_submit.py:579} INFO - message spark_schema {
[2024-10-05T20:49:10.807+0000] {spark_submit.py:579} INFO - required int64 id_placa_mae;
[2024-10-05T20:49:10.807+0000] {spark_submit.py:579} INFO - optional binary name (STRING);
[2024-10-05T20:49:10.808+0000] {spark_submit.py:579} INFO - optional binary marca (STRING);
[2024-10-05T20:49:10.808+0000] {spark_submit.py:579} INFO - optional binary modelo (STRING);
[2024-10-05T20:49:10.809+0000] {spark_submit.py:579} INFO - optional binary socket (STRING);
[2024-10-05T20:49:10.809+0000] {spark_submit.py:579} INFO - optional int64 DDR;
[2024-10-05T20:49:10.810+0000] {spark_submit.py:579} INFO - optional double value;
[2024-10-05T20:49:10.810+0000] {spark_submit.py:579} INFO - optional binary link (STRING);
[2024-10-05T20:49:10.811+0000] {spark_submit.py:579} INFO - }
[2024-10-05T20:49:10.811+0000] {spark_submit.py:579} INFO - 
[2024-10-05T20:49:10.812+0000] {spark_submit.py:579} INFO - 
[2024-10-05T20:49:10.890+0000] {spark_submit.py:579} INFO - 24/10/05 20:49:10 INFO CodecPool: Got brand-new compressor [.snappy]
[2024-10-05T20:49:11.026+0000] {spark_submit.py:579} INFO - 24/10/05 20:49:11 INFO FileScanRDD: Reading File path: file:///opt/***/datalake/rawzone/kabum_2024-10-05/data.json, range: 0-473087, partition values: [empty row]
[2024-10-05T20:49:11.036+0000] {spark_submit.py:579} INFO - 24/10/05 20:49:11 INFO CodeGenerator: Code generated in 7.833345 ms
[2024-10-05T20:49:11.053+0000] {spark_submit.py:579} INFO - 24/10/05 20:49:11 INFO CodeGenerator: Code generated in 5.352968 ms
[2024-10-05T20:49:11.498+0000] {spark_submit.py:579} INFO - 24/10/05 20:49:11 INFO FileOutputCommitter: Saved output of task 'attempt_202410052049104948782343445823495_0001_m_000000_1' to file:/opt/***/datalake/silverzone/kabum_2024-10-05/placa_mae.parquet/_temporary/0/task_202410052049104948782343445823495_0001_m_000000
[2024-10-05T20:49:11.499+0000] {spark_submit.py:579} INFO - 24/10/05 20:49:11 INFO SparkHadoopMapRedUtil: attempt_202410052049104948782343445823495_0001_m_000000_1: Committed. Elapsed time: 34 ms.
[2024-10-05T20:49:11.507+0000] {spark_submit.py:579} INFO - 24/10/05 20:49:11 INFO Executor: Finished task 0.0 in stage 1.0 (TID 1). 2669 bytes result sent to driver
[2024-10-05T20:49:11.512+0000] {spark_submit.py:579} INFO - 24/10/05 20:49:11 INFO TaskSetManager: Finished task 0.0 in stage 1.0 (TID 1) in 851 ms on e823e678f418 (executor driver) (1/1)
[2024-10-05T20:49:11.513+0000] {spark_submit.py:579} INFO - 24/10/05 20:49:11 INFO TaskSchedulerImpl: Removed TaskSet 1.0, whose tasks have all completed, from pool
[2024-10-05T20:49:11.514+0000] {spark_submit.py:579} INFO - 24/10/05 20:49:11 INFO DAGScheduler: ResultStage 1 (parquet at NativeMethodAccessorImpl.java:0) finished in 0.895 s
[2024-10-05T20:49:11.517+0000] {spark_submit.py:579} INFO - 24/10/05 20:49:11 INFO DAGScheduler: Job 1 is finished. Cancelling potential speculative or zombie tasks for this job
[2024-10-05T20:49:11.518+0000] {spark_submit.py:579} INFO - 24/10/05 20:49:11 INFO TaskSchedulerImpl: Killing all running tasks in stage 1: Stage finished
[2024-10-05T20:49:11.518+0000] {spark_submit.py:579} INFO - 24/10/05 20:49:11 INFO DAGScheduler: Job 1 finished: parquet at NativeMethodAccessorImpl.java:0, took 0.903333 s
[2024-10-05T20:49:11.519+0000] {spark_submit.py:579} INFO - 24/10/05 20:49:11 INFO FileFormatWriter: Start to commit write Job a0147f9f-289c-49f1-8792-d4892c12eeb4.
[2024-10-05T20:49:11.710+0000] {spark_submit.py:579} INFO - 24/10/05 20:49:11 INFO FileFormatWriter: Write Job a0147f9f-289c-49f1-8792-d4892c12eeb4 committed. Elapsed time: 190 ms.
[2024-10-05T20:49:11.714+0000] {spark_submit.py:579} INFO - 24/10/05 20:49:11 INFO FileFormatWriter: Finished processing stats for write job a0147f9f-289c-49f1-8792-d4892c12eeb4.
[2024-10-05T20:49:11.791+0000] {spark_submit.py:579} INFO - 24/10/05 20:49:11 INFO FileSourceStrategy: Pushed Filters: IsNotNull(category),EqualTo(category,memoria-ram)
[2024-10-05T20:49:11.862+0000] {spark_submit.py:579} INFO - 24/10/05 20:49:11 INFO FileSourceStrategy: Post-Scan Filters: isnotnull(category#8),(category#8 = memoria-ram)
[2024-10-05T20:49:11.881+0000] {spark_submit.py:579} INFO - 24/10/05 20:49:11 INFO ParquetUtils: Using default output committer for Parquet: org.apache.parquet.hadoop.ParquetOutputCommitter
[2024-10-05T20:49:11.901+0000] {spark_submit.py:579} INFO - 24/10/05 20:49:11 INFO FileOutputCommitter: File Output Committer Algorithm version is 1
[2024-10-05T20:49:11.906+0000] {spark_submit.py:579} INFO - 24/10/05 20:49:11 INFO FileOutputCommitter: FileOutputCommitter skip cleanup _temporary folders under output directory:false, ignore cleanup failures: false
[2024-10-05T20:49:11.908+0000] {spark_submit.py:579} INFO - 24/10/05 20:49:11 INFO SQLHadoopMapReduceCommitProtocol: Using user defined output committer class org.apache.parquet.hadoop.ParquetOutputCommitter
[2024-10-05T20:49:11.911+0000] {spark_submit.py:579} INFO - 24/10/05 20:49:11 INFO FileOutputCommitter: File Output Committer Algorithm version is 1
[2024-10-05T20:49:11.915+0000] {spark_submit.py:579} INFO - 24/10/05 20:49:11 INFO FileOutputCommitter: FileOutputCommitter skip cleanup _temporary folders under output directory:false, ignore cleanup failures: false
[2024-10-05T20:49:11.917+0000] {spark_submit.py:579} INFO - 24/10/05 20:49:11 INFO SQLHadoopMapReduceCommitProtocol: Using output committer class org.apache.parquet.hadoop.ParquetOutputCommitter
[2024-10-05T20:49:12.134+0000] {spark_submit.py:579} INFO - 24/10/05 20:49:12 INFO CodeGenerator: Code generated in 49.739634 ms
[2024-10-05T20:49:12.137+0000] {spark_submit.py:579} INFO - 24/10/05 20:49:12 INFO MemoryStore: Block broadcast_4 stored as values in memory (estimated size 199.3 KiB, free 126.5 MiB)
[2024-10-05T20:49:12.145+0000] {spark_submit.py:579} INFO - 24/10/05 20:49:12 INFO MemoryStore: Block broadcast_4_piece0 stored as bytes in memory (estimated size 34.2 KiB, free 126.4 MiB)
[2024-10-05T20:49:12.147+0000] {spark_submit.py:579} INFO - 24/10/05 20:49:12 INFO BlockManagerInfo: Added broadcast_4_piece0 in memory on e823e678f418:37349 (size: 34.2 KiB, free: 127.1 MiB)
[2024-10-05T20:49:12.151+0000] {spark_submit.py:579} INFO - 24/10/05 20:49:12 INFO SparkContext: Created broadcast 4 from parquet at NativeMethodAccessorImpl.java:0
[2024-10-05T20:49:12.152+0000] {spark_submit.py:579} INFO - 24/10/05 20:49:12 INFO FileSourceScanExec: Planning scan with bin packing, max size: 4667391 bytes, open cost is considered as scanning 4194304 bytes.
[2024-10-05T20:49:12.159+0000] {spark_submit.py:579} INFO - 24/10/05 20:49:12 INFO SparkContext: Starting job: parquet at NativeMethodAccessorImpl.java:0
[2024-10-05T20:49:12.163+0000] {spark_submit.py:579} INFO - 24/10/05 20:49:12 INFO DAGScheduler: Got job 2 (parquet at NativeMethodAccessorImpl.java:0) with 1 output partitions
[2024-10-05T20:49:12.166+0000] {spark_submit.py:579} INFO - 24/10/05 20:49:12 INFO DAGScheduler: Final stage: ResultStage 2 (parquet at NativeMethodAccessorImpl.java:0)
[2024-10-05T20:49:12.167+0000] {spark_submit.py:579} INFO - 24/10/05 20:49:12 INFO DAGScheduler: Parents of final stage: List()
[2024-10-05T20:49:12.167+0000] {spark_submit.py:579} INFO - 24/10/05 20:49:12 INFO DAGScheduler: Missing parents: List()
[2024-10-05T20:49:12.167+0000] {spark_submit.py:579} INFO - 24/10/05 20:49:12 INFO DAGScheduler: Submitting ResultStage 2 (MapPartitionsRDD[11] at parquet at NativeMethodAccessorImpl.java:0), which has no missing parents
[2024-10-05T20:49:12.185+0000] {spark_submit.py:579} INFO - 24/10/05 20:49:12 INFO MemoryStore: Block broadcast_5 stored as values in memory (estimated size 237.4 KiB, free 126.2 MiB)
[2024-10-05T20:49:12.188+0000] {spark_submit.py:579} INFO - 24/10/05 20:49:12 INFO MemoryStore: Block broadcast_5_piece0 stored as bytes in memory (estimated size 83.6 KiB, free 126.1 MiB)
[2024-10-05T20:49:12.189+0000] {spark_submit.py:579} INFO - 24/10/05 20:49:12 INFO BlockManagerInfo: Added broadcast_5_piece0 in memory on e823e678f418:37349 (size: 83.6 KiB, free: 127.0 MiB)
[2024-10-05T20:49:12.190+0000] {spark_submit.py:579} INFO - 24/10/05 20:49:12 INFO SparkContext: Created broadcast 5 from broadcast at DAGScheduler.scala:1585
[2024-10-05T20:49:12.194+0000] {spark_submit.py:579} INFO - 24/10/05 20:49:12 INFO DAGScheduler: Submitting 1 missing tasks from ResultStage 2 (MapPartitionsRDD[11] at parquet at NativeMethodAccessorImpl.java:0) (first 15 tasks are for partitions Vector(0))
[2024-10-05T20:49:12.195+0000] {spark_submit.py:579} INFO - 24/10/05 20:49:12 INFO TaskSchedulerImpl: Adding task set 2.0 with 1 tasks resource profile 0
[2024-10-05T20:49:12.196+0000] {spark_submit.py:579} INFO - 24/10/05 20:49:12 INFO TaskSetManager: Starting task 0.0 in stage 2.0 (TID 2) (e823e678f418, executor driver, partition 0, PROCESS_LOCAL, 9625 bytes)
[2024-10-05T20:49:12.197+0000] {spark_submit.py:579} INFO - 24/10/05 20:49:12 INFO Executor: Running task 0.0 in stage 2.0 (TID 2)
[2024-10-05T20:49:12.271+0000] {spark_submit.py:579} INFO - 24/10/05 20:49:12 INFO CodeGenerator: Code generated in 52.392348 ms
[2024-10-05T20:49:12.273+0000] {spark_submit.py:579} INFO - 24/10/05 20:49:12 INFO FileOutputCommitter: File Output Committer Algorithm version is 1
[2024-10-05T20:49:12.274+0000] {spark_submit.py:579} INFO - 24/10/05 20:49:12 INFO FileOutputCommitter: FileOutputCommitter skip cleanup _temporary folders under output directory:false, ignore cleanup failures: false
[2024-10-05T20:49:12.275+0000] {spark_submit.py:579} INFO - 24/10/05 20:49:12 INFO SQLHadoopMapReduceCommitProtocol: Using user defined output committer class org.apache.parquet.hadoop.ParquetOutputCommitter
[2024-10-05T20:49:12.275+0000] {spark_submit.py:579} INFO - 24/10/05 20:49:12 INFO FileOutputCommitter: File Output Committer Algorithm version is 1
[2024-10-05T20:49:12.276+0000] {spark_submit.py:579} INFO - 24/10/05 20:49:12 INFO FileOutputCommitter: FileOutputCommitter skip cleanup _temporary folders under output directory:false, ignore cleanup failures: false
[2024-10-05T20:49:12.276+0000] {spark_submit.py:579} INFO - 24/10/05 20:49:12 INFO SQLHadoopMapReduceCommitProtocol: Using output committer class org.apache.parquet.hadoop.ParquetOutputCommitter
[2024-10-05T20:49:12.277+0000] {spark_submit.py:579} INFO - 24/10/05 20:49:12 INFO CodecConfig: Compression: SNAPPY
[2024-10-05T20:49:12.278+0000] {spark_submit.py:579} INFO - 24/10/05 20:49:12 INFO CodecConfig: Compression: SNAPPY
[2024-10-05T20:49:12.279+0000] {spark_submit.py:579} INFO - 24/10/05 20:49:12 INFO ParquetOutputFormat: ParquetRecordWriter [block size: 134217728b, row group padding size: 8388608b, validating: false]
[2024-10-05T20:49:12.281+0000] {spark_submit.py:579} INFO - 24/10/05 20:49:12 INFO ParquetWriteSupport: Initialized Parquet WriteSupport with Catalyst schema:
[2024-10-05T20:49:12.281+0000] {spark_submit.py:579} INFO - {
[2024-10-05T20:49:12.282+0000] {spark_submit.py:579} INFO - "type" : "struct",
[2024-10-05T20:49:12.282+0000] {spark_submit.py:579} INFO - "fields" : [ {
[2024-10-05T20:49:12.282+0000] {spark_submit.py:579} INFO - "name" : "id_memoria_ram",
[2024-10-05T20:49:12.283+0000] {spark_submit.py:579} INFO - "type" : "long",
[2024-10-05T20:49:12.283+0000] {spark_submit.py:579} INFO - "nullable" : false,
[2024-10-05T20:49:12.284+0000] {spark_submit.py:579} INFO - "metadata" : { }
[2024-10-05T20:49:12.284+0000] {spark_submit.py:579} INFO - }, {
[2024-10-05T20:49:12.284+0000] {spark_submit.py:579} INFO - "name" : "name",
[2024-10-05T20:49:12.285+0000] {spark_submit.py:579} INFO - "type" : "string",
[2024-10-05T20:49:12.285+0000] {spark_submit.py:579} INFO - "nullable" : true,
[2024-10-05T20:49:12.285+0000] {spark_submit.py:579} INFO - "metadata" : { }
[2024-10-05T20:49:12.286+0000] {spark_submit.py:579} INFO - }, {
[2024-10-05T20:49:12.286+0000] {spark_submit.py:579} INFO - "name" : "marca",
[2024-10-05T20:49:12.287+0000] {spark_submit.py:579} INFO - "type" : "string",
[2024-10-05T20:49:12.287+0000] {spark_submit.py:579} INFO - "nullable" : true,
[2024-10-05T20:49:12.288+0000] {spark_submit.py:579} INFO - "metadata" : { }
[2024-10-05T20:49:12.288+0000] {spark_submit.py:579} INFO - }, {
[2024-10-05T20:49:12.288+0000] {spark_submit.py:579} INFO - "name" : "MHZ",
[2024-10-05T20:49:12.289+0000] {spark_submit.py:579} INFO - "type" : "long",
[2024-10-05T20:49:12.289+0000] {spark_submit.py:579} INFO - "nullable" : true,
[2024-10-05T20:49:12.290+0000] {spark_submit.py:579} INFO - "metadata" : { }
[2024-10-05T20:49:12.290+0000] {spark_submit.py:579} INFO - }, {
[2024-10-05T20:49:12.291+0000] {spark_submit.py:579} INFO - "name" : "GB",
[2024-10-05T20:49:12.291+0000] {spark_submit.py:579} INFO - "type" : "long",
[2024-10-05T20:49:12.292+0000] {spark_submit.py:579} INFO - "nullable" : true,
[2024-10-05T20:49:12.292+0000] {spark_submit.py:579} INFO - "metadata" : { }
[2024-10-05T20:49:12.293+0000] {spark_submit.py:579} INFO - }, {
[2024-10-05T20:49:12.293+0000] {spark_submit.py:579} INFO - "name" : "DDR",
[2024-10-05T20:49:12.294+0000] {spark_submit.py:579} INFO - "type" : "long",
[2024-10-05T20:49:12.295+0000] {spark_submit.py:579} INFO - "nullable" : true,
[2024-10-05T20:49:12.296+0000] {spark_submit.py:579} INFO - "metadata" : { }
[2024-10-05T20:49:12.296+0000] {spark_submit.py:579} INFO - }, {
[2024-10-05T20:49:12.296+0000] {spark_submit.py:579} INFO - "name" : "latencia",
[2024-10-05T20:49:12.297+0000] {spark_submit.py:579} INFO - "type" : "long",
[2024-10-05T20:49:12.297+0000] {spark_submit.py:579} INFO - "nullable" : true,
[2024-10-05T20:49:12.297+0000] {spark_submit.py:579} INFO - "metadata" : { }
[2024-10-05T20:49:12.298+0000] {spark_submit.py:579} INFO - }, {
[2024-10-05T20:49:12.298+0000] {spark_submit.py:579} INFO - "name" : "value",
[2024-10-05T20:49:12.298+0000] {spark_submit.py:579} INFO - "type" : "double",
[2024-10-05T20:49:12.299+0000] {spark_submit.py:579} INFO - "nullable" : true,
[2024-10-05T20:49:12.299+0000] {spark_submit.py:579} INFO - "metadata" : { }
[2024-10-05T20:49:12.299+0000] {spark_submit.py:579} INFO - }, {
[2024-10-05T20:49:12.300+0000] {spark_submit.py:579} INFO - "name" : "link",
[2024-10-05T20:49:12.300+0000] {spark_submit.py:579} INFO - "type" : "string",
[2024-10-05T20:49:12.301+0000] {spark_submit.py:579} INFO - "nullable" : true,
[2024-10-05T20:49:12.301+0000] {spark_submit.py:579} INFO - "metadata" : { }
[2024-10-05T20:49:12.301+0000] {spark_submit.py:579} INFO - } ]
[2024-10-05T20:49:12.302+0000] {spark_submit.py:579} INFO - }
[2024-10-05T20:49:12.302+0000] {spark_submit.py:579} INFO - and corresponding Parquet message type:
[2024-10-05T20:49:12.302+0000] {spark_submit.py:579} INFO - message spark_schema {
[2024-10-05T20:49:12.303+0000] {spark_submit.py:579} INFO - required int64 id_memoria_ram;
[2024-10-05T20:49:12.303+0000] {spark_submit.py:579} INFO - optional binary name (STRING);
[2024-10-05T20:49:12.303+0000] {spark_submit.py:579} INFO - optional binary marca (STRING);
[2024-10-05T20:49:12.303+0000] {spark_submit.py:579} INFO - optional int64 MHZ;
[2024-10-05T20:49:12.304+0000] {spark_submit.py:579} INFO - optional int64 GB;
[2024-10-05T20:49:12.304+0000] {spark_submit.py:579} INFO - optional int64 DDR;
[2024-10-05T20:49:12.305+0000] {spark_submit.py:579} INFO - optional int64 latencia;
[2024-10-05T20:49:12.305+0000] {spark_submit.py:579} INFO - optional double value;
[2024-10-05T20:49:12.306+0000] {spark_submit.py:579} INFO - optional binary link (STRING);
[2024-10-05T20:49:12.306+0000] {spark_submit.py:579} INFO - }
[2024-10-05T20:49:12.307+0000] {spark_submit.py:579} INFO - 
[2024-10-05T20:49:12.307+0000] {spark_submit.py:579} INFO - 
[2024-10-05T20:49:12.383+0000] {spark_submit.py:579} INFO - 24/10/05 20:49:12 INFO FileScanRDD: Reading File path: file:///opt/***/datalake/rawzone/kabum_2024-10-05/data.json, range: 0-473087, partition values: [empty row]
[2024-10-05T20:49:12.415+0000] {spark_submit.py:579} INFO - 24/10/05 20:49:12 INFO BlockManagerInfo: Removed broadcast_3_piece0 on e823e678f418:37349 in memory (size: 81.9 KiB, free: 127.1 MiB)
[2024-10-05T20:49:12.430+0000] {spark_submit.py:579} INFO - 24/10/05 20:49:12 INFO BlockManagerInfo: Removed broadcast_2_piece0 on e823e678f418:37349 in memory (size: 34.2 KiB, free: 127.1 MiB)
[2024-10-05T20:49:12.531+0000] {spark_submit.py:579} INFO - 24/10/05 20:49:12 INFO FileOutputCommitter: Saved output of task 'attempt_202410052049126879543829419378436_0002_m_000000_2' to file:/opt/***/datalake/silverzone/kabum_2024-10-05/memoria_k.parquet/_temporary/0/task_202410052049126879543829419378436_0002_m_000000
[2024-10-05T20:49:12.531+0000] {spark_submit.py:579} INFO - 24/10/05 20:49:12 INFO SparkHadoopMapRedUtil: attempt_202410052049126879543829419378436_0002_m_000000_2: Committed. Elapsed time: 32 ms.
[2024-10-05T20:49:12.533+0000] {spark_submit.py:579} INFO - 24/10/05 20:49:12 INFO Executor: Finished task 0.0 in stage 2.0 (TID 2). 2626 bytes result sent to driver
[2024-10-05T20:49:12.535+0000] {spark_submit.py:579} INFO - 24/10/05 20:49:12 INFO TaskSetManager: Finished task 0.0 in stage 2.0 (TID 2) in 338 ms on e823e678f418 (executor driver) (1/1)
[2024-10-05T20:49:12.535+0000] {spark_submit.py:579} INFO - 24/10/05 20:49:12 INFO TaskSchedulerImpl: Removed TaskSet 2.0, whose tasks have all completed, from pool
[2024-10-05T20:49:12.536+0000] {spark_submit.py:579} INFO - 24/10/05 20:49:12 INFO DAGScheduler: ResultStage 2 (parquet at NativeMethodAccessorImpl.java:0) finished in 0.371 s
[2024-10-05T20:49:12.536+0000] {spark_submit.py:579} INFO - 24/10/05 20:49:12 INFO DAGScheduler: Job 2 is finished. Cancelling potential speculative or zombie tasks for this job
[2024-10-05T20:49:12.537+0000] {spark_submit.py:579} INFO - 24/10/05 20:49:12 INFO TaskSchedulerImpl: Killing all running tasks in stage 2: Stage finished
[2024-10-05T20:49:12.537+0000] {spark_submit.py:579} INFO - 24/10/05 20:49:12 INFO DAGScheduler: Job 2 finished: parquet at NativeMethodAccessorImpl.java:0, took 0.377221 s
[2024-10-05T20:49:12.537+0000] {spark_submit.py:579} INFO - 24/10/05 20:49:12 INFO FileFormatWriter: Start to commit write Job ce29800e-bd81-4ae3-ab57-cac72052bb6b.
[2024-10-05T20:49:12.717+0000] {spark_submit.py:579} INFO - 24/10/05 20:49:12 INFO FileFormatWriter: Write Job ce29800e-bd81-4ae3-ab57-cac72052bb6b committed. Elapsed time: 180 ms.
[2024-10-05T20:49:12.718+0000] {spark_submit.py:579} INFO - 24/10/05 20:49:12 INFO FileFormatWriter: Finished processing stats for write job ce29800e-bd81-4ae3-ab57-cac72052bb6b.
[2024-10-05T20:49:12.768+0000] {spark_submit.py:579} INFO - 24/10/05 20:49:12 INFO FileSourceStrategy: Pushed Filters: IsNotNull(category),EqualTo(category,processadores)
[2024-10-05T20:49:12.769+0000] {spark_submit.py:579} INFO - 24/10/05 20:49:12 INFO FileSourceStrategy: Post-Scan Filters: isnotnull(category#8),(category#8 = processadores)
[2024-10-05T20:49:12.782+0000] {spark_submit.py:579} INFO - 24/10/05 20:49:12 INFO ParquetUtils: Using default output committer for Parquet: org.apache.parquet.hadoop.ParquetOutputCommitter
[2024-10-05T20:49:12.783+0000] {spark_submit.py:579} INFO - 24/10/05 20:49:12 INFO FileOutputCommitter: File Output Committer Algorithm version is 1
[2024-10-05T20:49:12.784+0000] {spark_submit.py:579} INFO - 24/10/05 20:49:12 INFO FileOutputCommitter: FileOutputCommitter skip cleanup _temporary folders under output directory:false, ignore cleanup failures: false
[2024-10-05T20:49:12.785+0000] {spark_submit.py:579} INFO - 24/10/05 20:49:12 INFO SQLHadoopMapReduceCommitProtocol: Using user defined output committer class org.apache.parquet.hadoop.ParquetOutputCommitter
[2024-10-05T20:49:12.785+0000] {spark_submit.py:579} INFO - 24/10/05 20:49:12 INFO FileOutputCommitter: File Output Committer Algorithm version is 1
[2024-10-05T20:49:12.786+0000] {spark_submit.py:579} INFO - 24/10/05 20:49:12 INFO FileOutputCommitter: FileOutputCommitter skip cleanup _temporary folders under output directory:false, ignore cleanup failures: false
[2024-10-05T20:49:12.786+0000] {spark_submit.py:579} INFO - 24/10/05 20:49:12 INFO SQLHadoopMapReduceCommitProtocol: Using output committer class org.apache.parquet.hadoop.ParquetOutputCommitter
[2024-10-05T20:49:12.875+0000] {spark_submit.py:579} INFO - 24/10/05 20:49:12 INFO CodeGenerator: Code generated in 28.962342 ms
[2024-10-05T20:49:12.878+0000] {spark_submit.py:579} INFO - 24/10/05 20:49:12 INFO MemoryStore: Block broadcast_6 stored as values in memory (estimated size 199.3 KiB, free 126.5 MiB)
[2024-10-05T20:49:12.886+0000] {spark_submit.py:579} INFO - 24/10/05 20:49:12 INFO MemoryStore: Block broadcast_6_piece0 stored as bytes in memory (estimated size 34.2 KiB, free 126.4 MiB)
[2024-10-05T20:49:12.887+0000] {spark_submit.py:579} INFO - 24/10/05 20:49:12 INFO BlockManagerInfo: Added broadcast_6_piece0 in memory on e823e678f418:37349 (size: 34.2 KiB, free: 127.1 MiB)
[2024-10-05T20:49:12.888+0000] {spark_submit.py:579} INFO - 24/10/05 20:49:12 INFO SparkContext: Created broadcast 6 from parquet at NativeMethodAccessorImpl.java:0
[2024-10-05T20:49:12.889+0000] {spark_submit.py:579} INFO - 24/10/05 20:49:12 INFO FileSourceScanExec: Planning scan with bin packing, max size: 4667391 bytes, open cost is considered as scanning 4194304 bytes.
[2024-10-05T20:49:12.897+0000] {spark_submit.py:579} INFO - 24/10/05 20:49:12 INFO BlockManagerInfo: Removed broadcast_5_piece0 on e823e678f418:37349 in memory (size: 83.6 KiB, free: 127.1 MiB)
[2024-10-05T20:49:12.900+0000] {spark_submit.py:579} INFO - 24/10/05 20:49:12 INFO SparkContext: Starting job: parquet at NativeMethodAccessorImpl.java:0
[2024-10-05T20:49:12.902+0000] {spark_submit.py:579} INFO - 24/10/05 20:49:12 INFO DAGScheduler: Got job 3 (parquet at NativeMethodAccessorImpl.java:0) with 1 output partitions
[2024-10-05T20:49:12.904+0000] {spark_submit.py:579} INFO - 24/10/05 20:49:12 INFO DAGScheduler: Final stage: ResultStage 3 (parquet at NativeMethodAccessorImpl.java:0)
[2024-10-05T20:49:12.905+0000] {spark_submit.py:579} INFO - 24/10/05 20:49:12 INFO DAGScheduler: Parents of final stage: List()
[2024-10-05T20:49:12.905+0000] {spark_submit.py:579} INFO - 24/10/05 20:49:12 INFO DAGScheduler: Missing parents: List()
[2024-10-05T20:49:12.906+0000] {spark_submit.py:579} INFO - 24/10/05 20:49:12 INFO DAGScheduler: Submitting ResultStage 3 (MapPartitionsRDD[15] at parquet at NativeMethodAccessorImpl.java:0), which has no missing parents
[2024-10-05T20:49:12.919+0000] {spark_submit.py:579} INFO - 24/10/05 20:49:12 INFO MemoryStore: Block broadcast_7 stored as values in memory (estimated size 231.5 KiB, free 126.5 MiB)
[2024-10-05T20:49:12.921+0000] {spark_submit.py:579} INFO - 24/10/05 20:49:12 INFO MemoryStore: Block broadcast_7_piece0 stored as bytes in memory (estimated size 82.0 KiB, free 126.4 MiB)
[2024-10-05T20:49:12.922+0000] {spark_submit.py:579} INFO - 24/10/05 20:49:12 INFO BlockManagerInfo: Added broadcast_7_piece0 in memory on e823e678f418:37349 (size: 82.0 KiB, free: 127.1 MiB)
[2024-10-05T20:49:12.923+0000] {spark_submit.py:579} INFO - 24/10/05 20:49:12 INFO SparkContext: Created broadcast 7 from broadcast at DAGScheduler.scala:1585
[2024-10-05T20:49:12.923+0000] {spark_submit.py:579} INFO - 24/10/05 20:49:12 INFO DAGScheduler: Submitting 1 missing tasks from ResultStage 3 (MapPartitionsRDD[15] at parquet at NativeMethodAccessorImpl.java:0) (first 15 tasks are for partitions Vector(0))
[2024-10-05T20:49:12.924+0000] {spark_submit.py:579} INFO - 24/10/05 20:49:12 INFO TaskSchedulerImpl: Adding task set 3.0 with 1 tasks resource profile 0
[2024-10-05T20:49:12.925+0000] {spark_submit.py:579} INFO - 24/10/05 20:49:12 INFO TaskSetManager: Starting task 0.0 in stage 3.0 (TID 3) (e823e678f418, executor driver, partition 0, PROCESS_LOCAL, 9625 bytes)
[2024-10-05T20:49:12.925+0000] {spark_submit.py:579} INFO - 24/10/05 20:49:12 INFO Executor: Running task 0.0 in stage 3.0 (TID 3)
[2024-10-05T20:49:12.975+0000] {spark_submit.py:579} INFO - 24/10/05 20:49:12 INFO CodeGenerator: Code generated in 35.630028 ms
[2024-10-05T20:49:12.977+0000] {spark_submit.py:579} INFO - 24/10/05 20:49:12 INFO FileOutputCommitter: File Output Committer Algorithm version is 1
[2024-10-05T20:49:12.978+0000] {spark_submit.py:579} INFO - 24/10/05 20:49:12 INFO FileOutputCommitter: FileOutputCommitter skip cleanup _temporary folders under output directory:false, ignore cleanup failures: false
[2024-10-05T20:49:12.979+0000] {spark_submit.py:579} INFO - 24/10/05 20:49:12 INFO SQLHadoopMapReduceCommitProtocol: Using user defined output committer class org.apache.parquet.hadoop.ParquetOutputCommitter
[2024-10-05T20:49:12.979+0000] {spark_submit.py:579} INFO - 24/10/05 20:49:12 INFO FileOutputCommitter: File Output Committer Algorithm version is 1
[2024-10-05T20:49:12.980+0000] {spark_submit.py:579} INFO - 24/10/05 20:49:12 INFO FileOutputCommitter: FileOutputCommitter skip cleanup _temporary folders under output directory:false, ignore cleanup failures: false
[2024-10-05T20:49:12.980+0000] {spark_submit.py:579} INFO - 24/10/05 20:49:12 INFO SQLHadoopMapReduceCommitProtocol: Using output committer class org.apache.parquet.hadoop.ParquetOutputCommitter
[2024-10-05T20:49:12.981+0000] {spark_submit.py:579} INFO - 24/10/05 20:49:12 INFO CodecConfig: Compression: SNAPPY
[2024-10-05T20:49:12.981+0000] {spark_submit.py:579} INFO - 24/10/05 20:49:12 INFO CodecConfig: Compression: SNAPPY
[2024-10-05T20:49:12.981+0000] {spark_submit.py:579} INFO - 24/10/05 20:49:12 INFO ParquetOutputFormat: ParquetRecordWriter [block size: 134217728b, row group padding size: 8388608b, validating: false]
[2024-10-05T20:49:12.982+0000] {spark_submit.py:579} INFO - 24/10/05 20:49:12 INFO ParquetWriteSupport: Initialized Parquet WriteSupport with Catalyst schema:
[2024-10-05T20:49:12.983+0000] {spark_submit.py:579} INFO - {
[2024-10-05T20:49:12.984+0000] {spark_submit.py:579} INFO - "type" : "struct",
[2024-10-05T20:49:12.984+0000] {spark_submit.py:579} INFO - "fields" : [ {
[2024-10-05T20:49:12.985+0000] {spark_submit.py:579} INFO - "name" : "id_processador",
[2024-10-05T20:49:12.985+0000] {spark_submit.py:579} INFO - "type" : "long",
[2024-10-05T20:49:12.985+0000] {spark_submit.py:579} INFO - "nullable" : false,
[2024-10-05T20:49:12.986+0000] {spark_submit.py:579} INFO - "metadata" : { }
[2024-10-05T20:49:12.986+0000] {spark_submit.py:579} INFO - }, {
[2024-10-05T20:49:12.987+0000] {spark_submit.py:579} INFO - "name" : "marca",
[2024-10-05T20:49:12.987+0000] {spark_submit.py:579} INFO - "type" : "string",
[2024-10-05T20:49:12.987+0000] {spark_submit.py:579} INFO - "nullable" : true,
[2024-10-05T20:49:12.988+0000] {spark_submit.py:579} INFO - "metadata" : { }
[2024-10-05T20:49:12.988+0000] {spark_submit.py:579} INFO - }, {
[2024-10-05T20:49:12.989+0000] {spark_submit.py:579} INFO - "name" : "modelo",
[2024-10-05T20:49:12.989+0000] {spark_submit.py:579} INFO - "type" : "string",
[2024-10-05T20:49:12.990+0000] {spark_submit.py:579} INFO - "nullable" : true,
[2024-10-05T20:49:12.990+0000] {spark_submit.py:579} INFO - "metadata" : { }
[2024-10-05T20:49:12.991+0000] {spark_submit.py:579} INFO - }, {
[2024-10-05T20:49:12.991+0000] {spark_submit.py:579} INFO - "name" : "frequencia_base",
[2024-10-05T20:49:12.991+0000] {spark_submit.py:579} INFO - "type" : "double",
[2024-10-05T20:49:12.992+0000] {spark_submit.py:579} INFO - "nullable" : true,
[2024-10-05T20:49:12.992+0000] {spark_submit.py:579} INFO - "metadata" : { }
[2024-10-05T20:49:12.993+0000] {spark_submit.py:579} INFO - }, {
[2024-10-05T20:49:12.993+0000] {spark_submit.py:579} INFO - "name" : "cache",
[2024-10-05T20:49:12.994+0000] {spark_submit.py:579} INFO - "type" : "long",
[2024-10-05T20:49:12.994+0000] {spark_submit.py:579} INFO - "nullable" : true,
[2024-10-05T20:49:12.995+0000] {spark_submit.py:579} INFO - "metadata" : { }
[2024-10-05T20:49:12.995+0000] {spark_submit.py:579} INFO - }, {
[2024-10-05T20:49:12.996+0000] {spark_submit.py:579} INFO - "name" : "value",
[2024-10-05T20:49:12.996+0000] {spark_submit.py:579} INFO - "type" : "double",
[2024-10-05T20:49:12.996+0000] {spark_submit.py:579} INFO - "nullable" : true,
[2024-10-05T20:49:12.997+0000] {spark_submit.py:579} INFO - "metadata" : { }
[2024-10-05T20:49:12.997+0000] {spark_submit.py:579} INFO - }, {
[2024-10-05T20:49:12.997+0000] {spark_submit.py:579} INFO - "name" : "link",
[2024-10-05T20:49:12.998+0000] {spark_submit.py:579} INFO - "type" : "string",
[2024-10-05T20:49:12.998+0000] {spark_submit.py:579} INFO - "nullable" : true,
[2024-10-05T20:49:12.998+0000] {spark_submit.py:579} INFO - "metadata" : { }
[2024-10-05T20:49:12.999+0000] {spark_submit.py:579} INFO - } ]
[2024-10-05T20:49:13.000+0000] {spark_submit.py:579} INFO - }
[2024-10-05T20:49:13.000+0000] {spark_submit.py:579} INFO - and corresponding Parquet message type:
[2024-10-05T20:49:13.001+0000] {spark_submit.py:579} INFO - message spark_schema {
[2024-10-05T20:49:13.001+0000] {spark_submit.py:579} INFO - required int64 id_processador;
[2024-10-05T20:49:13.001+0000] {spark_submit.py:579} INFO - optional binary marca (STRING);
[2024-10-05T20:49:13.002+0000] {spark_submit.py:579} INFO - optional binary modelo (STRING);
[2024-10-05T20:49:13.002+0000] {spark_submit.py:579} INFO - optional double frequencia_base;
[2024-10-05T20:49:13.003+0000] {spark_submit.py:579} INFO - optional int64 cache;
[2024-10-05T20:49:13.003+0000] {spark_submit.py:579} INFO - optional double value;
[2024-10-05T20:49:13.003+0000] {spark_submit.py:579} INFO - optional binary link (STRING);
[2024-10-05T20:49:13.004+0000] {spark_submit.py:579} INFO - }
[2024-10-05T20:49:13.004+0000] {spark_submit.py:579} INFO - 
[2024-10-05T20:49:13.005+0000] {spark_submit.py:579} INFO - 
[2024-10-05T20:49:13.075+0000] {spark_submit.py:579} INFO - 24/10/05 20:49:13 INFO FileScanRDD: Reading File path: file:///opt/***/datalake/rawzone/kabum_2024-10-05/data.json, range: 0-473087, partition values: [empty row]
[2024-10-05T20:49:13.195+0000] {spark_submit.py:579} INFO - 24/10/05 20:49:13 INFO FileOutputCommitter: Saved output of task 'attempt_202410052049127505140985483193814_0003_m_000000_3' to file:/opt/***/datalake/silverzone/kabum_2024-10-05/processador_k.parquet/_temporary/0/task_202410052049127505140985483193814_0003_m_000000
[2024-10-05T20:49:13.196+0000] {spark_submit.py:579} INFO - 24/10/05 20:49:13 INFO SparkHadoopMapRedUtil: attempt_202410052049127505140985483193814_0003_m_000000_3: Committed. Elapsed time: 34 ms.
[2024-10-05T20:49:13.197+0000] {spark_submit.py:579} INFO - 24/10/05 20:49:13 INFO Executor: Finished task 0.0 in stage 3.0 (TID 3). 2583 bytes result sent to driver
[2024-10-05T20:49:13.200+0000] {spark_submit.py:579} INFO - 24/10/05 20:49:13 INFO TaskSetManager: Finished task 0.0 in stage 3.0 (TID 3) in 275 ms on e823e678f418 (executor driver) (1/1)
[2024-10-05T20:49:13.200+0000] {spark_submit.py:579} INFO - 24/10/05 20:49:13 INFO TaskSchedulerImpl: Removed TaskSet 3.0, whose tasks have all completed, from pool
[2024-10-05T20:49:13.201+0000] {spark_submit.py:579} INFO - 24/10/05 20:49:13 INFO DAGScheduler: ResultStage 3 (parquet at NativeMethodAccessorImpl.java:0) finished in 0.298 s
[2024-10-05T20:49:13.202+0000] {spark_submit.py:579} INFO - 24/10/05 20:49:13 INFO DAGScheduler: Job 3 is finished. Cancelling potential speculative or zombie tasks for this job
[2024-10-05T20:49:13.202+0000] {spark_submit.py:579} INFO - 24/10/05 20:49:13 INFO TaskSchedulerImpl: Killing all running tasks in stage 3: Stage finished
[2024-10-05T20:49:13.203+0000] {spark_submit.py:579} INFO - 24/10/05 20:49:13 INFO DAGScheduler: Job 3 finished: parquet at NativeMethodAccessorImpl.java:0, took 0.301630 s
[2024-10-05T20:49:13.203+0000] {spark_submit.py:579} INFO - 24/10/05 20:49:13 INFO FileFormatWriter: Start to commit write Job 3a45d682-91bd-4399-8975-cb2d24acac43.
[2024-10-05T20:49:13.401+0000] {spark_submit.py:579} INFO - 24/10/05 20:49:13 INFO FileFormatWriter: Write Job 3a45d682-91bd-4399-8975-cb2d24acac43 committed. Elapsed time: 197 ms.
[2024-10-05T20:49:13.401+0000] {spark_submit.py:579} INFO - 24/10/05 20:49:13 INFO FileFormatWriter: Finished processing stats for write job 3a45d682-91bd-4399-8975-cb2d24acac43.
[2024-10-05T20:49:13.442+0000] {spark_submit.py:579} INFO - 24/10/05 20:49:13 INFO FileSourceStrategy: Pushed Filters: IsNotNull(category),EqualTo(category,placa-de-video-vga)
[2024-10-05T20:49:13.443+0000] {spark_submit.py:579} INFO - 24/10/05 20:49:13 INFO FileSourceStrategy: Post-Scan Filters: isnotnull(category#8),(category#8 = placa-de-video-vga)
[2024-10-05T20:49:13.457+0000] {spark_submit.py:579} INFO - 24/10/05 20:49:13 INFO ParquetUtils: Using default output committer for Parquet: org.apache.parquet.hadoop.ParquetOutputCommitter
[2024-10-05T20:49:13.458+0000] {spark_submit.py:579} INFO - 24/10/05 20:49:13 INFO FileOutputCommitter: File Output Committer Algorithm version is 1
[2024-10-05T20:49:13.458+0000] {spark_submit.py:579} INFO - 24/10/05 20:49:13 INFO FileOutputCommitter: FileOutputCommitter skip cleanup _temporary folders under output directory:false, ignore cleanup failures: false
[2024-10-05T20:49:13.459+0000] {spark_submit.py:579} INFO - 24/10/05 20:49:13 INFO SQLHadoopMapReduceCommitProtocol: Using user defined output committer class org.apache.parquet.hadoop.ParquetOutputCommitter
[2024-10-05T20:49:13.459+0000] {spark_submit.py:579} INFO - 24/10/05 20:49:13 INFO FileOutputCommitter: File Output Committer Algorithm version is 1
[2024-10-05T20:49:13.459+0000] {spark_submit.py:579} INFO - 24/10/05 20:49:13 INFO FileOutputCommitter: FileOutputCommitter skip cleanup _temporary folders under output directory:false, ignore cleanup failures: false
[2024-10-05T20:49:13.460+0000] {spark_submit.py:579} INFO - 24/10/05 20:49:13 INFO SQLHadoopMapReduceCommitProtocol: Using output committer class org.apache.parquet.hadoop.ParquetOutputCommitter
[2024-10-05T20:49:13.551+0000] {spark_submit.py:579} INFO - 24/10/05 20:49:13 INFO CodeGenerator: Code generated in 30.877524 ms
[2024-10-05T20:49:13.554+0000] {spark_submit.py:579} INFO - 24/10/05 20:49:13 INFO BlockManagerInfo: Removed broadcast_7_piece0 on e823e678f418:37349 in memory (size: 82.0 KiB, free: 127.1 MiB)
[2024-10-05T20:49:13.555+0000] {spark_submit.py:579} INFO - 24/10/05 20:49:13 INFO MemoryStore: Block broadcast_8 stored as values in memory (estimated size 199.3 KiB, free 126.5 MiB)
[2024-10-05T20:49:13.564+0000] {spark_submit.py:579} INFO - 24/10/05 20:49:13 INFO MemoryStore: Block broadcast_8_piece0 stored as bytes in memory (estimated size 34.2 KiB, free 126.5 MiB)
[2024-10-05T20:49:13.565+0000] {spark_submit.py:579} INFO - 24/10/05 20:49:13 INFO BlockManagerInfo: Added broadcast_8_piece0 in memory on e823e678f418:37349 (size: 34.2 KiB, free: 127.1 MiB)
[2024-10-05T20:49:13.566+0000] {spark_submit.py:579} INFO - 24/10/05 20:49:13 INFO SparkContext: Created broadcast 8 from parquet at NativeMethodAccessorImpl.java:0
[2024-10-05T20:49:13.567+0000] {spark_submit.py:579} INFO - 24/10/05 20:49:13 INFO FileSourceScanExec: Planning scan with bin packing, max size: 4667391 bytes, open cost is considered as scanning 4194304 bytes.
[2024-10-05T20:49:13.573+0000] {spark_submit.py:579} INFO - 24/10/05 20:49:13 INFO SparkContext: Starting job: parquet at NativeMethodAccessorImpl.java:0
[2024-10-05T20:49:13.574+0000] {spark_submit.py:579} INFO - 24/10/05 20:49:13 INFO DAGScheduler: Got job 4 (parquet at NativeMethodAccessorImpl.java:0) with 1 output partitions
[2024-10-05T20:49:13.576+0000] {spark_submit.py:579} INFO - 24/10/05 20:49:13 INFO DAGScheduler: Final stage: ResultStage 4 (parquet at NativeMethodAccessorImpl.java:0)
[2024-10-05T20:49:13.576+0000] {spark_submit.py:579} INFO - 24/10/05 20:49:13 INFO DAGScheduler: Parents of final stage: List()
[2024-10-05T20:49:13.577+0000] {spark_submit.py:579} INFO - 24/10/05 20:49:13 INFO DAGScheduler: Missing parents: List()
[2024-10-05T20:49:13.577+0000] {spark_submit.py:579} INFO - 24/10/05 20:49:13 INFO DAGScheduler: Submitting ResultStage 4 (MapPartitionsRDD[19] at parquet at NativeMethodAccessorImpl.java:0), which has no missing parents
[2024-10-05T20:49:13.597+0000] {spark_submit.py:579} INFO - 24/10/05 20:49:13 INFO MemoryStore: Block broadcast_9 stored as values in memory (estimated size 229.7 KiB, free 126.3 MiB)
[2024-10-05T20:49:13.601+0000] {spark_submit.py:579} INFO - 24/10/05 20:49:13 INFO BlockManagerInfo: Removed broadcast_4_piece0 on e823e678f418:37349 in memory (size: 34.2 KiB, free: 127.1 MiB)
[2024-10-05T20:49:13.604+0000] {spark_submit.py:579} INFO - 24/10/05 20:49:13 INFO MemoryStore: Block broadcast_9_piece0 stored as bytes in memory (estimated size 81.8 KiB, free 126.4 MiB)
[2024-10-05T20:49:13.605+0000] {spark_submit.py:579} INFO - 24/10/05 20:49:13 INFO BlockManagerInfo: Added broadcast_9_piece0 in memory on e823e678f418:37349 (size: 81.8 KiB, free: 127.1 MiB)
[2024-10-05T20:49:13.606+0000] {spark_submit.py:579} INFO - 24/10/05 20:49:13 INFO SparkContext: Created broadcast 9 from broadcast at DAGScheduler.scala:1585
[2024-10-05T20:49:13.607+0000] {spark_submit.py:579} INFO - 24/10/05 20:49:13 INFO DAGScheduler: Submitting 1 missing tasks from ResultStage 4 (MapPartitionsRDD[19] at parquet at NativeMethodAccessorImpl.java:0) (first 15 tasks are for partitions Vector(0))
[2024-10-05T20:49:13.607+0000] {spark_submit.py:579} INFO - 24/10/05 20:49:13 INFO TaskSchedulerImpl: Adding task set 4.0 with 1 tasks resource profile 0
[2024-10-05T20:49:13.608+0000] {spark_submit.py:579} INFO - 24/10/05 20:49:13 INFO TaskSetManager: Starting task 0.0 in stage 4.0 (TID 4) (e823e678f418, executor driver, partition 0, PROCESS_LOCAL, 9625 bytes)
[2024-10-05T20:49:13.609+0000] {spark_submit.py:579} INFO - 24/10/05 20:49:13 INFO Executor: Running task 0.0 in stage 4.0 (TID 4)
[2024-10-05T20:49:13.647+0000] {spark_submit.py:579} INFO - 24/10/05 20:49:13 INFO CodeGenerator: Code generated in 24.744561 ms
[2024-10-05T20:49:13.648+0000] {spark_submit.py:579} INFO - 24/10/05 20:49:13 INFO FileOutputCommitter: File Output Committer Algorithm version is 1
[2024-10-05T20:49:13.649+0000] {spark_submit.py:579} INFO - 24/10/05 20:49:13 INFO FileOutputCommitter: FileOutputCommitter skip cleanup _temporary folders under output directory:false, ignore cleanup failures: false
[2024-10-05T20:49:13.649+0000] {spark_submit.py:579} INFO - 24/10/05 20:49:13 INFO SQLHadoopMapReduceCommitProtocol: Using user defined output committer class org.apache.parquet.hadoop.ParquetOutputCommitter
[2024-10-05T20:49:13.649+0000] {spark_submit.py:579} INFO - 24/10/05 20:49:13 INFO FileOutputCommitter: File Output Committer Algorithm version is 1
[2024-10-05T20:49:13.650+0000] {spark_submit.py:579} INFO - 24/10/05 20:49:13 INFO FileOutputCommitter: FileOutputCommitter skip cleanup _temporary folders under output directory:false, ignore cleanup failures: false
[2024-10-05T20:49:13.650+0000] {spark_submit.py:579} INFO - 24/10/05 20:49:13 INFO SQLHadoopMapReduceCommitProtocol: Using output committer class org.apache.parquet.hadoop.ParquetOutputCommitter
[2024-10-05T20:49:13.650+0000] {spark_submit.py:579} INFO - 24/10/05 20:49:13 INFO CodecConfig: Compression: SNAPPY
[2024-10-05T20:49:13.651+0000] {spark_submit.py:579} INFO - 24/10/05 20:49:13 INFO CodecConfig: Compression: SNAPPY
[2024-10-05T20:49:13.651+0000] {spark_submit.py:579} INFO - 24/10/05 20:49:13 INFO ParquetOutputFormat: ParquetRecordWriter [block size: 134217728b, row group padding size: 8388608b, validating: false]
[2024-10-05T20:49:13.652+0000] {spark_submit.py:579} INFO - 24/10/05 20:49:13 INFO ParquetWriteSupport: Initialized Parquet WriteSupport with Catalyst schema:
[2024-10-05T20:49:13.652+0000] {spark_submit.py:579} INFO - {
[2024-10-05T20:49:13.653+0000] {spark_submit.py:579} INFO - "type" : "struct",
[2024-10-05T20:49:13.653+0000] {spark_submit.py:579} INFO - "fields" : [ {
[2024-10-05T20:49:13.653+0000] {spark_submit.py:579} INFO - "name" : "id_placa_video",
[2024-10-05T20:49:13.654+0000] {spark_submit.py:579} INFO - "type" : "long",
[2024-10-05T20:49:13.654+0000] {spark_submit.py:579} INFO - "nullable" : false,
[2024-10-05T20:49:13.654+0000] {spark_submit.py:579} INFO - "metadata" : { }
[2024-10-05T20:49:13.654+0000] {spark_submit.py:579} INFO - }, {
[2024-10-05T20:49:13.655+0000] {spark_submit.py:579} INFO - "name" : "marca",
[2024-10-05T20:49:13.655+0000] {spark_submit.py:579} INFO - "type" : "string",
[2024-10-05T20:49:13.656+0000] {spark_submit.py:579} INFO - "nullable" : true,
[2024-10-05T20:49:13.656+0000] {spark_submit.py:579} INFO - "metadata" : { }
[2024-10-05T20:49:13.656+0000] {spark_submit.py:579} INFO - }, {
[2024-10-05T20:49:13.656+0000] {spark_submit.py:579} INFO - "name" : "modelo",
[2024-10-05T20:49:13.657+0000] {spark_submit.py:579} INFO - "type" : "string",
[2024-10-05T20:49:13.657+0000] {spark_submit.py:579} INFO - "nullable" : true,
[2024-10-05T20:49:13.657+0000] {spark_submit.py:579} INFO - "metadata" : { }
[2024-10-05T20:49:13.657+0000] {spark_submit.py:579} INFO - }, {
[2024-10-05T20:49:13.658+0000] {spark_submit.py:579} INFO - "name" : "GB",
[2024-10-05T20:49:13.658+0000] {spark_submit.py:579} INFO - "type" : "long",
[2024-10-05T20:49:13.658+0000] {spark_submit.py:579} INFO - "nullable" : true,
[2024-10-05T20:49:13.659+0000] {spark_submit.py:579} INFO - "metadata" : { }
[2024-10-05T20:49:13.659+0000] {spark_submit.py:579} INFO - }, {
[2024-10-05T20:49:13.659+0000] {spark_submit.py:579} INFO - "name" : "tipo_memoria",
[2024-10-05T20:49:13.659+0000] {spark_submit.py:579} INFO - "type" : "string",
[2024-10-05T20:49:13.660+0000] {spark_submit.py:579} INFO - "nullable" : true,
[2024-10-05T20:49:13.660+0000] {spark_submit.py:579} INFO - "metadata" : { }
[2024-10-05T20:49:13.660+0000] {spark_submit.py:579} INFO - }, {
[2024-10-05T20:49:13.661+0000] {spark_submit.py:579} INFO - "name" : "value",
[2024-10-05T20:49:13.662+0000] {spark_submit.py:579} INFO - "type" : "double",
[2024-10-05T20:49:13.662+0000] {spark_submit.py:579} INFO - "nullable" : true,
[2024-10-05T20:49:13.663+0000] {spark_submit.py:579} INFO - "metadata" : { }
[2024-10-05T20:49:13.663+0000] {spark_submit.py:579} INFO - }, {
[2024-10-05T20:49:13.664+0000] {spark_submit.py:579} INFO - "name" : "link",
[2024-10-05T20:49:13.665+0000] {spark_submit.py:579} INFO - "type" : "string",
[2024-10-05T20:49:13.665+0000] {spark_submit.py:579} INFO - "nullable" : true,
[2024-10-05T20:49:13.666+0000] {spark_submit.py:579} INFO - "metadata" : { }
[2024-10-05T20:49:13.666+0000] {spark_submit.py:579} INFO - } ]
[2024-10-05T20:49:13.668+0000] {spark_submit.py:579} INFO - }
[2024-10-05T20:49:13.668+0000] {spark_submit.py:579} INFO - and corresponding Parquet message type:
[2024-10-05T20:49:13.669+0000] {spark_submit.py:579} INFO - message spark_schema {
[2024-10-05T20:49:13.669+0000] {spark_submit.py:579} INFO - required int64 id_placa_video;
[2024-10-05T20:49:13.670+0000] {spark_submit.py:579} INFO - optional binary marca (STRING);
[2024-10-05T20:49:13.670+0000] {spark_submit.py:579} INFO - optional binary modelo (STRING);
[2024-10-05T20:49:13.671+0000] {spark_submit.py:579} INFO - optional int64 GB;
[2024-10-05T20:49:13.671+0000] {spark_submit.py:579} INFO - optional binary tipo_memoria (STRING);
[2024-10-05T20:49:13.671+0000] {spark_submit.py:579} INFO - optional double value;
[2024-10-05T20:49:13.672+0000] {spark_submit.py:579} INFO - optional binary link (STRING);
[2024-10-05T20:49:13.672+0000] {spark_submit.py:579} INFO - }
[2024-10-05T20:49:13.672+0000] {spark_submit.py:579} INFO - 
[2024-10-05T20:49:13.673+0000] {spark_submit.py:579} INFO - 
[2024-10-05T20:49:13.729+0000] {spark_submit.py:579} INFO - 24/10/05 20:49:13 INFO FileScanRDD: Reading File path: file:///opt/***/datalake/rawzone/kabum_2024-10-05/data.json, range: 0-473087, partition values: [empty row]
[2024-10-05T20:49:13.833+0000] {spark_submit.py:579} INFO - 24/10/05 20:49:13 INFO FileOutputCommitter: Saved output of task 'attempt_202410052049131886792207482236438_0004_m_000000_4' to file:/opt/***/datalake/silverzone/kabum_2024-10-05/placa_video_k.parquet/_temporary/0/task_202410052049131886792207482236438_0004_m_000000
[2024-10-05T20:49:13.834+0000] {spark_submit.py:579} INFO - 24/10/05 20:49:13 INFO SparkHadoopMapRedUtil: attempt_202410052049131886792207482236438_0004_m_000000_4: Committed. Elapsed time: 31 ms.
[2024-10-05T20:49:13.835+0000] {spark_submit.py:579} INFO - 24/10/05 20:49:13 INFO Executor: Finished task 0.0 in stage 4.0 (TID 4). 2583 bytes result sent to driver
[2024-10-05T20:49:13.836+0000] {spark_submit.py:579} INFO - 24/10/05 20:49:13 INFO TaskSetManager: Finished task 0.0 in stage 4.0 (TID 4) in 229 ms on e823e678f418 (executor driver) (1/1)
[2024-10-05T20:49:13.837+0000] {spark_submit.py:579} INFO - 24/10/05 20:49:13 INFO TaskSchedulerImpl: Removed TaskSet 4.0, whose tasks have all completed, from pool
[2024-10-05T20:49:13.837+0000] {spark_submit.py:579} INFO - 24/10/05 20:49:13 INFO DAGScheduler: ResultStage 4 (parquet at NativeMethodAccessorImpl.java:0) finished in 0.262 s
[2024-10-05T20:49:13.838+0000] {spark_submit.py:579} INFO - 24/10/05 20:49:13 INFO DAGScheduler: Job 4 is finished. Cancelling potential speculative or zombie tasks for this job
[2024-10-05T20:49:13.838+0000] {spark_submit.py:579} INFO - 24/10/05 20:49:13 INFO TaskSchedulerImpl: Killing all running tasks in stage 4: Stage finished
[2024-10-05T20:49:13.839+0000] {spark_submit.py:579} INFO - 24/10/05 20:49:13 INFO DAGScheduler: Job 4 finished: parquet at NativeMethodAccessorImpl.java:0, took 0.263996 s
[2024-10-05T20:49:13.839+0000] {spark_submit.py:579} INFO - 24/10/05 20:49:13 INFO FileFormatWriter: Start to commit write Job d8f83b1b-1bf3-47ad-87dd-b9960c9f045a.
[2024-10-05T20:49:14.003+0000] {spark_submit.py:579} INFO - 24/10/05 20:49:14 INFO FileFormatWriter: Write Job d8f83b1b-1bf3-47ad-87dd-b9960c9f045a committed. Elapsed time: 165 ms.
[2024-10-05T20:49:14.004+0000] {spark_submit.py:579} INFO - 24/10/05 20:49:14 INFO FileFormatWriter: Finished processing stats for write job d8f83b1b-1bf3-47ad-87dd-b9960c9f045a.
[2024-10-05T20:49:14.005+0000] {spark_submit.py:579} INFO - 24/10/05 20:49:14 INFO SparkContext: SparkContext is stopping with exitCode 0.
[2024-10-05T20:49:14.016+0000] {spark_submit.py:579} INFO - 24/10/05 20:49:14 INFO SparkUI: Stopped Spark web UI at http://e823e678f418:4040
[2024-10-05T20:49:14.028+0000] {spark_submit.py:579} INFO - 24/10/05 20:49:14 INFO MapOutputTrackerMasterEndpoint: MapOutputTrackerMasterEndpoint stopped!
[2024-10-05T20:49:14.040+0000] {spark_submit.py:579} INFO - 24/10/05 20:49:14 INFO MemoryStore: MemoryStore cleared
[2024-10-05T20:49:14.042+0000] {spark_submit.py:579} INFO - 24/10/05 20:49:14 INFO BlockManager: BlockManager stopped
[2024-10-05T20:49:14.050+0000] {spark_submit.py:579} INFO - 24/10/05 20:49:14 INFO BlockManagerMaster: BlockManagerMaster stopped
[2024-10-05T20:49:14.053+0000] {spark_submit.py:579} INFO - 24/10/05 20:49:14 INFO OutputCommitCoordinator$OutputCommitCoordinatorEndpoint: OutputCommitCoordinator stopped!
[2024-10-05T20:49:14.059+0000] {spark_submit.py:579} INFO - 24/10/05 20:49:14 INFO SparkContext: Successfully stopped SparkContext
[2024-10-05T20:49:14.164+0000] {spark_submit.py:579} INFO - 24/10/05 20:49:14 INFO ShutdownHookManager: Shutdown hook called
[2024-10-05T20:49:14.164+0000] {spark_submit.py:579} INFO - 24/10/05 20:49:14 INFO ShutdownHookManager: Deleting directory /tmp/spark-611f7ef4-d098-40c4-b937-c5813e7eed5a
[2024-10-05T20:49:14.168+0000] {spark_submit.py:579} INFO - 24/10/05 20:49:14 INFO ShutdownHookManager: Deleting directory /tmp/spark-50f6e8b2-d470-49ed-a909-fa198aff7243
[2024-10-05T20:49:14.172+0000] {spark_submit.py:579} INFO - 24/10/05 20:49:14 INFO ShutdownHookManager: Deleting directory /tmp/spark-611f7ef4-d098-40c4-b937-c5813e7eed5a/pyspark-c0489863-273e-4b96-a21c-2e29e732de67
[2024-10-05T20:49:14.216+0000] {taskinstance.py:340} INFO - ::group::Post task execution logs
[2024-10-05T20:49:14.216+0000] {taskinstance.py:352} INFO - Marking task as SUCCESS. dag_id=pipeline_webscraping, task_id=kabum_tasks.Spark_Transformation_kabum, run_id=manual__2024-10-05T20:42:40.167692+00:00, execution_date=20241005T204240, start_date=20241005T204900, end_date=20241005T204914
[2024-10-05T20:49:14.270+0000] {local_task_job_runner.py:266} INFO - Task exited with return code 0
[2024-10-05T20:49:14.364+0000] {taskinstance.py:3900} INFO - 2 downstream tasks scheduled from follow-on schedule check
[2024-10-05T20:49:14.369+0000] {local_task_job_runner.py:245} INFO - ::endgroup::
