[2024-10-02T21:12:41.680+0000] {local_task_job_runner.py:123} INFO - ::group::Pre task execution logs
[2024-10-02T21:12:41.697+0000] {taskinstance.py:2612} INFO - Dependencies all met for dep_context=non-requeueable deps ti=<TaskInstance: SitesWebScraping.Create_Container_Raw manual__2024-10-02T21:12:40.923097+00:00 [queued]>
[2024-10-02T21:12:41.705+0000] {taskinstance.py:2612} INFO - Dependencies all met for dep_context=requeueable deps ti=<TaskInstance: SitesWebScraping.Create_Container_Raw manual__2024-10-02T21:12:40.923097+00:00 [queued]>
[2024-10-02T21:12:41.705+0000] {taskinstance.py:2865} INFO - Starting attempt 1 of 1
[2024-10-02T21:12:41.757+0000] {taskinstance.py:2888} INFO - Executing <Task(CreateContainerInDataLake): Create_Container_Raw> on 2024-10-02 21:12:40.923097+00:00
[2024-10-02T21:12:41.777+0000] {warnings.py:112} WARNING - /home/***/.local/lib/python3.12/site-packages/***/task/task_runner/standard_task_runner.py:70: DeprecationWarning: This process (pid=1553) is multi-threaded, use of fork() may lead to deadlocks in the child.
  pid = os.fork()

[2024-10-02T21:12:41.782+0000] {standard_task_runner.py:72} INFO - Started process 1554 to run task
[2024-10-02T21:12:41.780+0000] {standard_task_runner.py:104} INFO - Running: ['***', 'tasks', 'run', 'SitesWebScraping', 'Create_Container_Raw', 'manual__2024-10-02T21:12:40.923097+00:00', '--job-id', '770', '--raw', '--subdir', 'DAGS_FOLDER/DagWebScraping.py', '--cfg-path', '/tmp/tmpvmd2tpu1']
[2024-10-02T21:12:41.793+0000] {standard_task_runner.py:105} INFO - Job 770: Subtask Create_Container_Raw
[2024-10-02T21:12:41.837+0000] {task_command.py:467} INFO - Running <TaskInstance: SitesWebScraping.Create_Container_Raw manual__2024-10-02T21:12:40.923097+00:00 [running]> on host f8603ea05473
[2024-10-02T21:12:41.911+0000] {taskinstance.py:3131} INFO - Exporting env vars: AIRFLOW_CTX_DAG_OWNER='***' AIRFLOW_CTX_DAG_ID='SitesWebScraping' AIRFLOW_CTX_TASK_ID='Create_Container_Raw' AIRFLOW_CTX_EXECUTION_DATE='2024-10-02T21:12:40.923097+00:00' AIRFLOW_CTX_TRY_NUMBER='1' AIRFLOW_CTX_DAG_RUN_ID='manual__2024-10-02T21:12:40.923097+00:00'
[2024-10-02T21:12:41.913+0000] {taskinstance.py:731} INFO - ::endgroup::
[2024-10-02T21:12:41.927+0000] {baseoperator.py:405} WARNING - CreateContainerInDataLake.execute cannot be called outside TaskInstance!
[2024-10-02T21:12:41.928+0000] {subprocess.py:63} INFO - Tmp dir root location: /tmp
[2024-10-02T21:12:41.929+0000] {subprocess.py:75} INFO - Running command: ['/usr/bin/bash', '-c', 'mkdir -p /opt/***/datalake/rawzone/pichau_2024-10-02']
[2024-10-02T21:12:41.938+0000] {subprocess.py:86} INFO - Output:
[2024-10-02T21:12:41.944+0000] {subprocess.py:97} INFO - Command exited with return code 0
[2024-10-02T21:12:41.970+0000] {taskinstance.py:340} INFO - ::group::Post task execution logs
[2024-10-02T21:12:41.971+0000] {taskinstance.py:352} INFO - Marking task as SUCCESS. dag_id=SitesWebScraping, task_id=Create_Container_Raw, run_id=manual__2024-10-02T21:12:40.923097+00:00, execution_date=20241002T211240, start_date=20241002T211241, end_date=20241002T211241
[2024-10-02T21:12:42.007+0000] {local_task_job_runner.py:266} INFO - Task exited with return code 0
[2024-10-02T21:12:42.034+0000] {taskinstance.py:3900} INFO - 1 downstream tasks scheduled from follow-on schedule check
[2024-10-02T21:12:42.038+0000] {local_task_job_runner.py:245} INFO - ::endgroup::
