[2024-11-03T01:38:07.346+0000] {local_task_job_runner.py:123} INFO - ::group::Pre task execution logs
[2024-11-03T01:38:07.360+0000] {taskinstance.py:2612} INFO - Dependencies all met for dep_context=non-requeueable deps ti=<TaskInstance: LoadWebScraping.insert manual__2024-11-03T01:38:02.588833+00:00 [queued]>
[2024-11-03T01:38:07.367+0000] {taskinstance.py:2612} INFO - Dependencies all met for dep_context=requeueable deps ti=<TaskInstance: LoadWebScraping.insert manual__2024-11-03T01:38:02.588833+00:00 [queued]>
[2024-11-03T01:38:07.368+0000] {taskinstance.py:2865} INFO - Starting attempt 1 of 1
[2024-11-03T01:38:07.382+0000] {taskinstance.py:2888} INFO - Executing <Task(SparkSubmitOperator): insert> on 2024-11-03 01:38:02.588833+00:00
[2024-11-03T01:38:07.387+0000] {warnings.py:112} WARNING - /home/***/.local/lib/python3.12/site-packages/***/task/task_runner/standard_task_runner.py:70: DeprecationWarning: This process (pid=72) is multi-threaded, use of fork() may lead to deadlocks in the child.
  pid = os.fork()

[2024-11-03T01:38:07.388+0000] {standard_task_runner.py:72} INFO - Started process 74 to run task
[2024-11-03T01:38:07.389+0000] {standard_task_runner.py:104} INFO - Running: ['***', 'tasks', 'run', 'LoadWebScraping', 'insert', 'manual__2024-11-03T01:38:02.588833+00:00', '--job-id', '250', '--raw', '--subdir', 'DAGS_FOLDER/LoadWebScraping.py', '--cfg-path', '/tmp/tmpirwlc1re']
[2024-11-03T01:38:07.391+0000] {standard_task_runner.py:105} INFO - Job 250: Subtask insert
[2024-11-03T01:38:07.452+0000] {task_command.py:467} INFO - Running <TaskInstance: LoadWebScraping.insert manual__2024-11-03T01:38:02.588833+00:00 [running]> on host f2a2c0e12dc6
[2024-11-03T01:38:07.523+0000] {taskinstance.py:3131} INFO - Exporting env vars: AIRFLOW_CTX_DAG_OWNER='***' AIRFLOW_CTX_DAG_ID='LoadWebScraping' AIRFLOW_CTX_TASK_ID='insert' AIRFLOW_CTX_EXECUTION_DATE='2024-11-03T01:38:02.588833+00:00' AIRFLOW_CTX_TRY_NUMBER='1' AIRFLOW_CTX_DAG_RUN_ID='manual__2024-11-03T01:38:02.588833+00:00'
[2024-11-03T01:38:07.524+0000] {taskinstance.py:731} INFO - ::endgroup::
[2024-11-03T01:38:07.542+0000] {base.py:84} INFO - Retrieving connection 'spark_default'
[2024-11-03T01:38:07.543+0000] {spark_submit.py:327} ERROR - Failed to decode base64 keytab: Incorrect padding
[2024-11-03T01:38:07.544+0000] {spark_submit.py:304} INFO - Could not load connection string spark_default, defaulting to spark://spark:7077
[2024-11-03T01:38:07.545+0000] {spark_submit.py:473} INFO - Spark-Submit cmd: spark-submit --master spark://spark:7077 --driver-class-path /opt/***/jars/postgresql-42.5.0.jar --packages org.apache.hadoop:hadoop-aws:3.3.1,org.postgresql:postgresql:42.5.0 --name arrow-spark --deploy-mode client /opt/bitnami/spark/src/scripts_spark/LoadFileToDB.py
[2024-11-03T01:38:09.046+0000] {spark_submit.py:634} INFO - :: loading settings :: url = jar:file:/home/***/.local/lib/python3.12/site-packages/pyspark/jars/ivy-2.5.1.jar!/org/apache/ivy/core/settings/ivysettings.xml
[2024-11-03T01:38:09.100+0000] {spark_submit.py:634} INFO - Ivy Default Cache set to: /home/***/.ivy2/cache
[2024-11-03T01:38:09.101+0000] {spark_submit.py:634} INFO - The jars for the packages stored in: /home/***/.ivy2/jars
[2024-11-03T01:38:09.111+0000] {spark_submit.py:634} INFO - org.apache.hadoop#hadoop-aws added as a dependency
[2024-11-03T01:38:09.111+0000] {spark_submit.py:634} INFO - org.postgresql#postgresql added as a dependency
[2024-11-03T01:38:09.112+0000] {spark_submit.py:634} INFO - :: resolving dependencies :: org.apache.spark#spark-submit-parent-35b15ce7-1e8d-43ee-8de0-36e0ad6a8398;1.0
[2024-11-03T01:38:09.112+0000] {spark_submit.py:634} INFO - confs: [default]
[2024-11-03T01:38:13.246+0000] {spark_submit.py:634} INFO - found org.apache.hadoop#hadoop-aws;3.3.1 in central
[2024-11-03T01:38:14.763+0000] {spark_submit.py:634} INFO - found com.amazonaws#aws-java-sdk-bundle;1.11.901 in central
[2024-11-03T01:38:17.567+0000] {spark_submit.py:634} INFO - found org.wildfly.openssl#wildfly-openssl;1.0.7.Final in central
[2024-11-03T01:38:17.856+0000] {spark_submit.py:634} INFO - found org.postgresql#postgresql;42.5.0 in central
[2024-11-03T01:38:18.151+0000] {spark_submit.py:634} INFO - found org.checkerframework#checker-qual;3.5.0 in central
[2024-11-03T01:38:18.296+0000] {spark_submit.py:634} INFO - downloading https://repo1.maven.org/maven2/org/apache/hadoop/hadoop-aws/3.3.1/hadoop-aws-3.3.1.jar ...
[2024-11-03T01:38:19.008+0000] {spark_submit.py:634} INFO - [SUCCESSFUL ] org.apache.hadoop#hadoop-aws;3.3.1!hadoop-aws.jar (846ms)
[2024-11-03T01:38:19.183+0000] {spark_submit.py:634} INFO - downloading https://repo1.maven.org/maven2/org/postgresql/postgresql/42.5.0/postgresql-42.5.0.jar ...
[2024-11-03T01:38:19.539+0000] {spark_submit.py:634} INFO - [SUCCESSFUL ] org.postgresql#postgresql;42.5.0!postgresql.jar (530ms)
[2024-11-03T01:38:19.682+0000] {spark_submit.py:634} INFO - downloading https://repo1.maven.org/maven2/com/amazonaws/aws-java-sdk-bundle/1.11.901/aws-java-sdk-bundle-1.11.901.jar ...
[2024-11-03T01:40:26.138+0000] {spark_submit.py:634} INFO - [SUCCESSFUL ] com.amazonaws#aws-java-sdk-bundle;1.11.901!aws-java-sdk-bundle.jar (126598ms)
[2024-11-03T01:40:26.283+0000] {spark_submit.py:634} INFO - downloading https://repo1.maven.org/maven2/org/wildfly/openssl/wildfly-openssl/1.0.7.Final/wildfly-openssl-1.0.7.Final.jar ...
[2024-11-03T01:40:26.622+0000] {spark_submit.py:634} INFO - [SUCCESSFUL ] org.wildfly.openssl#wildfly-openssl;1.0.7.Final!wildfly-openssl.jar (482ms)
[2024-11-03T01:40:26.763+0000] {spark_submit.py:634} INFO - downloading https://repo1.maven.org/maven2/org/checkerframework/checker-qual/3.5.0/checker-qual-3.5.0.jar ...
[2024-11-03T01:40:26.986+0000] {spark_submit.py:634} INFO - [SUCCESSFUL ] org.checkerframework#checker-qual;3.5.0!checker-qual.jar (362ms)
[2024-11-03T01:40:26.987+0000] {spark_submit.py:634} INFO - :: resolution report :: resolve 9049ms :: artifacts dl 128827ms
[2024-11-03T01:40:26.988+0000] {spark_submit.py:634} INFO - :: modules in use:
[2024-11-03T01:40:26.988+0000] {spark_submit.py:634} INFO - com.amazonaws#aws-java-sdk-bundle;1.11.901 from central in [default]
[2024-11-03T01:40:26.989+0000] {spark_submit.py:634} INFO - org.apache.hadoop#hadoop-aws;3.3.1 from central in [default]
[2024-11-03T01:40:26.989+0000] {spark_submit.py:634} INFO - org.checkerframework#checker-qual;3.5.0 from central in [default]
[2024-11-03T01:40:26.990+0000] {spark_submit.py:634} INFO - org.postgresql#postgresql;42.5.0 from central in [default]
[2024-11-03T01:40:26.990+0000] {spark_submit.py:634} INFO - org.wildfly.openssl#wildfly-openssl;1.0.7.Final from central in [default]
[2024-11-03T01:40:26.991+0000] {spark_submit.py:634} INFO - ---------------------------------------------------------------------
[2024-11-03T01:40:26.992+0000] {spark_submit.py:634} INFO - |                  |            modules            ||   artifacts   |
[2024-11-03T01:40:26.992+0000] {spark_submit.py:634} INFO - |       conf       | number| search|dwnlded|evicted|| number|dwnlded|
[2024-11-03T01:40:26.993+0000] {spark_submit.py:634} INFO - ---------------------------------------------------------------------
[2024-11-03T01:40:26.993+0000] {spark_submit.py:634} INFO - |      default     |   5   |   5   |   5   |   0   ||   5   |   5   |
[2024-11-03T01:40:26.994+0000] {spark_submit.py:634} INFO - ---------------------------------------------------------------------
[2024-11-03T01:40:26.994+0000] {spark_submit.py:634} INFO - :: retrieving :: org.apache.spark#spark-submit-parent-35b15ce7-1e8d-43ee-8de0-36e0ad6a8398
[2024-11-03T01:40:26.995+0000] {spark_submit.py:634} INFO - confs: [default]
[2024-11-03T01:40:27.374+0000] {spark_submit.py:634} INFO - 5 artifacts copied, 0 already retrieved (190309kB/380ms)
[2024-11-03T01:40:27.999+0000] {spark_submit.py:634} INFO - 24/11/03 01:40:27 WARN NativeCodeLoader: Unable to load native-hadoop library for your platform... using builtin-java classes where applicable
[2024-11-03T01:40:32.795+0000] {spark_submit.py:634} INFO - 24/11/03 01:40:32 INFO SparkContext: Running Spark version 3.5.2
[2024-11-03T01:40:32.796+0000] {spark_submit.py:634} INFO - 24/11/03 01:40:32 INFO SparkContext: OS info Linux, 5.15.153.1-microsoft-standard-WSL2, amd64
[2024-11-03T01:40:32.797+0000] {spark_submit.py:634} INFO - 24/11/03 01:40:32 INFO SparkContext: Java version 17.0.13
[2024-11-03T01:40:32.824+0000] {spark_submit.py:634} INFO - 24/11/03 01:40:32 INFO ResourceUtils: ==============================================================
[2024-11-03T01:40:32.825+0000] {spark_submit.py:634} INFO - 24/11/03 01:40:32 INFO ResourceUtils: No custom resources configured for spark.driver.
[2024-11-03T01:40:32.826+0000] {spark_submit.py:634} INFO - 24/11/03 01:40:32 INFO ResourceUtils: ==============================================================
[2024-11-03T01:40:32.826+0000] {spark_submit.py:634} INFO - 24/11/03 01:40:32 INFO SparkContext: Submitted application: Insert_data
[2024-11-03T01:40:32.853+0000] {spark_submit.py:634} INFO - 24/11/03 01:40:32 INFO ResourceProfile: Default ResourceProfile created, executor resources: Map(cores -> name: cores, amount: 1, script: , vendor: , memory -> name: memory, amount: 1024, script: , vendor: , offHeap -> name: offHeap, amount: 0, script: , vendor: ), task resources: Map(cpus -> name: cpus, amount: 1.0)
[2024-11-03T01:40:32.862+0000] {spark_submit.py:634} INFO - 24/11/03 01:40:32 INFO ResourceProfile: Limiting resource is cpu
[2024-11-03T01:40:32.863+0000] {spark_submit.py:634} INFO - 24/11/03 01:40:32 INFO ResourceProfileManager: Added ResourceProfile id: 0
[2024-11-03T01:40:32.934+0000] {spark_submit.py:634} INFO - 24/11/03 01:40:32 INFO SecurityManager: Changing view acls to: ***
[2024-11-03T01:40:32.935+0000] {spark_submit.py:634} INFO - 24/11/03 01:40:32 INFO SecurityManager: Changing modify acls to: ***
[2024-11-03T01:40:32.935+0000] {spark_submit.py:634} INFO - 24/11/03 01:40:32 INFO SecurityManager: Changing view acls groups to:
[2024-11-03T01:40:32.935+0000] {spark_submit.py:634} INFO - 24/11/03 01:40:32 INFO SecurityManager: Changing modify acls groups to:
[2024-11-03T01:40:32.936+0000] {spark_submit.py:634} INFO - 24/11/03 01:40:32 INFO SecurityManager: SecurityManager: authentication disabled; ui acls disabled; users with view permissions: ***; groups with view permissions: EMPTY; users with modify permissions: ***; groups with modify permissions: EMPTY
[2024-11-03T01:40:33.223+0000] {spark_submit.py:634} INFO - 24/11/03 01:40:33 INFO Utils: Successfully started service 'sparkDriver' on port 40763.
[2024-11-03T01:40:33.266+0000] {spark_submit.py:634} INFO - 24/11/03 01:40:33 INFO SparkEnv: Registering MapOutputTracker
[2024-11-03T01:40:33.309+0000] {spark_submit.py:634} INFO - 24/11/03 01:40:33 INFO SparkEnv: Registering BlockManagerMaster
[2024-11-03T01:40:33.327+0000] {spark_submit.py:634} INFO - 24/11/03 01:40:33 INFO BlockManagerMasterEndpoint: Using org.apache.spark.storage.DefaultTopologyMapper for getting topology information
[2024-11-03T01:40:33.328+0000] {spark_submit.py:634} INFO - 24/11/03 01:40:33 INFO BlockManagerMasterEndpoint: BlockManagerMasterEndpoint up
[2024-11-03T01:40:33.333+0000] {spark_submit.py:634} INFO - 24/11/03 01:40:33 INFO SparkEnv: Registering BlockManagerMasterHeartbeat
[2024-11-03T01:40:33.361+0000] {spark_submit.py:634} INFO - 24/11/03 01:40:33 INFO DiskBlockManager: Created local directory at /tmp/blockmgr-6414624c-3ccc-440b-ba53-f611d281d7ca
[2024-11-03T01:40:33.375+0000] {spark_submit.py:634} INFO - 24/11/03 01:40:33 INFO MemoryStore: MemoryStore started with capacity 434.4 MiB
[2024-11-03T01:40:33.389+0000] {spark_submit.py:634} INFO - 24/11/03 01:40:33 INFO SparkEnv: Registering OutputCommitCoordinator
[2024-11-03T01:40:33.569+0000] {spark_submit.py:634} INFO - 24/11/03 01:40:33 INFO JettyUtils: Start Jetty 0.0.0.0:4040 for SparkUI
[2024-11-03T01:40:33.629+0000] {spark_submit.py:634} INFO - 24/11/03 01:40:33 INFO Utils: Successfully started service 'SparkUI' on port 4040.
[2024-11-03T01:40:33.662+0000] {spark_submit.py:634} INFO - 24/11/03 01:40:33 INFO SparkContext: Added JAR file:///home/***/.ivy2/jars/org.apache.hadoop_hadoop-aws-3.3.1.jar at spark://f2a2c0e12dc6:40763/jars/org.apache.hadoop_hadoop-aws-3.3.1.jar with timestamp 1730598032785
[2024-11-03T01:40:33.662+0000] {spark_submit.py:634} INFO - 24/11/03 01:40:33 INFO SparkContext: Added JAR file:///home/***/.ivy2/jars/org.postgresql_postgresql-42.5.0.jar at spark://f2a2c0e12dc6:40763/jars/org.postgresql_postgresql-42.5.0.jar with timestamp 1730598032785
[2024-11-03T01:40:33.663+0000] {spark_submit.py:634} INFO - 24/11/03 01:40:33 INFO SparkContext: Added JAR file:///home/***/.ivy2/jars/com.amazonaws_aws-java-sdk-bundle-1.11.901.jar at spark://f2a2c0e12dc6:40763/jars/com.amazonaws_aws-java-sdk-bundle-1.11.901.jar with timestamp 1730598032785
[2024-11-03T01:40:33.663+0000] {spark_submit.py:634} INFO - 24/11/03 01:40:33 INFO SparkContext: Added JAR file:///home/***/.ivy2/jars/org.wildfly.openssl_wildfly-openssl-1.0.7.Final.jar at spark://f2a2c0e12dc6:40763/jars/org.wildfly.openssl_wildfly-openssl-1.0.7.Final.jar with timestamp 1730598032785
[2024-11-03T01:40:33.664+0000] {spark_submit.py:634} INFO - 24/11/03 01:40:33 INFO SparkContext: Added JAR file:///home/***/.ivy2/jars/org.checkerframework_checker-qual-3.5.0.jar at spark://f2a2c0e12dc6:40763/jars/org.checkerframework_checker-qual-3.5.0.jar with timestamp 1730598032785
[2024-11-03T01:40:33.665+0000] {spark_submit.py:634} INFO - 24/11/03 01:40:33 INFO SparkContext: Added file file:///home/***/.ivy2/jars/org.apache.hadoop_hadoop-aws-3.3.1.jar at file:///home/***/.ivy2/jars/org.apache.hadoop_hadoop-aws-3.3.1.jar with timestamp 1730598032785
[2024-11-03T01:40:33.667+0000] {spark_submit.py:634} INFO - 24/11/03 01:40:33 INFO Utils: Copying /home/***/.ivy2/jars/org.apache.hadoop_hadoop-aws-3.3.1.jar to /tmp/spark-e03d81df-0084-41d7-9139-a36199299106/userFiles-eeb1c152-700f-4901-81f3-450176dcef33/org.apache.hadoop_hadoop-aws-3.3.1.jar
[2024-11-03T01:40:33.717+0000] {spark_submit.py:634} INFO - 24/11/03 01:40:33 INFO SparkContext: Added file file:///home/***/.ivy2/jars/org.postgresql_postgresql-42.5.0.jar at file:///home/***/.ivy2/jars/org.postgresql_postgresql-42.5.0.jar with timestamp 1730598032785
[2024-11-03T01:40:33.717+0000] {spark_submit.py:634} INFO - 24/11/03 01:40:33 INFO Utils: Copying /home/***/.ivy2/jars/org.postgresql_postgresql-42.5.0.jar to /tmp/spark-e03d81df-0084-41d7-9139-a36199299106/userFiles-eeb1c152-700f-4901-81f3-450176dcef33/org.postgresql_postgresql-42.5.0.jar
[2024-11-03T01:40:33.723+0000] {spark_submit.py:634} INFO - 24/11/03 01:40:33 INFO SparkContext: Added file file:///home/***/.ivy2/jars/com.amazonaws_aws-java-sdk-bundle-1.11.901.jar at file:///home/***/.ivy2/jars/com.amazonaws_aws-java-sdk-bundle-1.11.901.jar with timestamp 1730598032785
[2024-11-03T01:40:33.724+0000] {spark_submit.py:634} INFO - 24/11/03 01:40:33 INFO Utils: Copying /home/***/.ivy2/jars/com.amazonaws_aws-java-sdk-bundle-1.11.901.jar to /tmp/spark-e03d81df-0084-41d7-9139-a36199299106/userFiles-eeb1c152-700f-4901-81f3-450176dcef33/com.amazonaws_aws-java-sdk-bundle-1.11.901.jar
[2024-11-03T01:40:34.131+0000] {spark_submit.py:634} INFO - 24/11/03 01:40:34 INFO SparkContext: Added file file:///home/***/.ivy2/jars/org.wildfly.openssl_wildfly-openssl-1.0.7.Final.jar at file:///home/***/.ivy2/jars/org.wildfly.openssl_wildfly-openssl-1.0.7.Final.jar with timestamp 1730598032785
[2024-11-03T01:40:34.132+0000] {spark_submit.py:634} INFO - 24/11/03 01:40:34 INFO Utils: Copying /home/***/.ivy2/jars/org.wildfly.openssl_wildfly-openssl-1.0.7.Final.jar to /tmp/spark-e03d81df-0084-41d7-9139-a36199299106/userFiles-eeb1c152-700f-4901-81f3-450176dcef33/org.wildfly.openssl_wildfly-openssl-1.0.7.Final.jar
[2024-11-03T01:40:34.139+0000] {spark_submit.py:634} INFO - 24/11/03 01:40:34 INFO SparkContext: Added file file:///home/***/.ivy2/jars/org.checkerframework_checker-qual-3.5.0.jar at file:///home/***/.ivy2/jars/org.checkerframework_checker-qual-3.5.0.jar with timestamp 1730598032785
[2024-11-03T01:40:34.140+0000] {spark_submit.py:634} INFO - 24/11/03 01:40:34 INFO Utils: Copying /home/***/.ivy2/jars/org.checkerframework_checker-qual-3.5.0.jar to /tmp/spark-e03d81df-0084-41d7-9139-a36199299106/userFiles-eeb1c152-700f-4901-81f3-450176dcef33/org.checkerframework_checker-qual-3.5.0.jar
[2024-11-03T01:40:35.405+0000] {spark_submit.py:634} INFO - 24/11/03 01:40:35 INFO Executor: Starting executor ID driver on host f2a2c0e12dc6
[2024-11-03T01:40:35.406+0000] {spark_submit.py:634} INFO - 24/11/03 01:40:35 INFO Executor: OS info Linux, 5.15.153.1-microsoft-standard-WSL2, amd64
[2024-11-03T01:40:35.406+0000] {spark_submit.py:634} INFO - 24/11/03 01:40:35 INFO Executor: Java version 17.0.13
[2024-11-03T01:40:35.636+0000] {spark_submit.py:634} INFO - 24/11/03 01:40:35 INFO Executor: Starting executor with user classpath (userClassPathFirst = false): ''
[2024-11-03T01:40:35.636+0000] {spark_submit.py:634} INFO - 24/11/03 01:40:35 INFO Executor: Created or updated repl class loader org.apache.spark.util.MutableURLClassLoader@6e3ae22b for default.
[2024-11-03T01:40:35.667+0000] {spark_submit.py:634} INFO - 24/11/03 01:40:35 INFO Executor: Fetching file:///home/***/.ivy2/jars/com.amazonaws_aws-java-sdk-bundle-1.11.901.jar with timestamp 1730598032785
[2024-11-03T01:40:35.983+0000] {spark_submit.py:634} INFO - 24/11/03 01:40:35 INFO Utils: /home/***/.ivy2/jars/com.amazonaws_aws-java-sdk-bundle-1.11.901.jar has been previously copied to /tmp/spark-e03d81df-0084-41d7-9139-a36199299106/userFiles-eeb1c152-700f-4901-81f3-450176dcef33/com.amazonaws_aws-java-sdk-bundle-1.11.901.jar
[2024-11-03T01:40:37.921+0000] {spark_submit.py:634} INFO - 24/11/03 01:40:37 INFO Executor: Fetching file:///home/***/.ivy2/jars/org.checkerframework_checker-qual-3.5.0.jar with timestamp 1730598032785
[2024-11-03T01:40:37.932+0000] {spark_submit.py:634} INFO - 24/11/03 01:40:37 INFO Utils: /home/***/.ivy2/jars/org.checkerframework_checker-qual-3.5.0.jar has been previously copied to /tmp/spark-e03d81df-0084-41d7-9139-a36199299106/userFiles-eeb1c152-700f-4901-81f3-450176dcef33/org.checkerframework_checker-qual-3.5.0.jar
[2024-11-03T01:40:37.948+0000] {spark_submit.py:634} INFO - 24/11/03 01:40:37 INFO Executor: Fetching file:///home/***/.ivy2/jars/org.apache.hadoop_hadoop-aws-3.3.1.jar with timestamp 1730598032785
[2024-11-03T01:40:37.949+0000] {spark_submit.py:634} INFO - 24/11/03 01:40:37 INFO Utils: /home/***/.ivy2/jars/org.apache.hadoop_hadoop-aws-3.3.1.jar has been previously copied to /tmp/spark-e03d81df-0084-41d7-9139-a36199299106/userFiles-eeb1c152-700f-4901-81f3-450176dcef33/org.apache.hadoop_hadoop-aws-3.3.1.jar
[2024-11-03T01:40:37.950+0000] {spark_submit.py:634} INFO - 24/11/03 01:40:37 INFO Executor: Fetching file:///home/***/.ivy2/jars/org.postgresql_postgresql-42.5.0.jar with timestamp 1730598032785
[2024-11-03T01:40:37.951+0000] {spark_submit.py:634} INFO - 24/11/03 01:40:37 INFO Utils: /home/***/.ivy2/jars/org.postgresql_postgresql-42.5.0.jar has been previously copied to /tmp/spark-e03d81df-0084-41d7-9139-a36199299106/userFiles-eeb1c152-700f-4901-81f3-450176dcef33/org.postgresql_postgresql-42.5.0.jar
[2024-11-03T01:40:37.951+0000] {spark_submit.py:634} INFO - 24/11/03 01:40:37 INFO Executor: Fetching file:///home/***/.ivy2/jars/org.wildfly.openssl_wildfly-openssl-1.0.7.Final.jar with timestamp 1730598032785
[2024-11-03T01:40:37.951+0000] {spark_submit.py:634} INFO - 24/11/03 01:40:37 INFO Utils: /home/***/.ivy2/jars/org.wildfly.openssl_wildfly-openssl-1.0.7.Final.jar has been previously copied to /tmp/spark-e03d81df-0084-41d7-9139-a36199299106/userFiles-eeb1c152-700f-4901-81f3-450176dcef33/org.wildfly.openssl_wildfly-openssl-1.0.7.Final.jar
[2024-11-03T01:40:37.958+0000] {spark_submit.py:634} INFO - 24/11/03 01:40:37 INFO Executor: Fetching spark://f2a2c0e12dc6:40763/jars/org.apache.hadoop_hadoop-aws-3.3.1.jar with timestamp 1730598032785
[2024-11-03T01:40:38.020+0000] {spark_submit.py:634} INFO - 24/11/03 01:40:38 INFO TransportClientFactory: Successfully created connection to f2a2c0e12dc6/172.18.0.10:40763 after 40 ms (0 ms spent in bootstraps)
[2024-11-03T01:40:38.025+0000] {spark_submit.py:634} INFO - 24/11/03 01:40:38 INFO Utils: Fetching spark://f2a2c0e12dc6:40763/jars/org.apache.hadoop_hadoop-aws-3.3.1.jar to /tmp/spark-e03d81df-0084-41d7-9139-a36199299106/userFiles-eeb1c152-700f-4901-81f3-450176dcef33/fetchFileTemp6396118216018446144.tmp
[2024-11-03T01:40:38.053+0000] {spark_submit.py:634} INFO - 24/11/03 01:40:38 INFO Utils: /tmp/spark-e03d81df-0084-41d7-9139-a36199299106/userFiles-eeb1c152-700f-4901-81f3-450176dcef33/fetchFileTemp6396118216018446144.tmp has been previously copied to /tmp/spark-e03d81df-0084-41d7-9139-a36199299106/userFiles-eeb1c152-700f-4901-81f3-450176dcef33/org.apache.hadoop_hadoop-aws-3.3.1.jar
[2024-11-03T01:40:38.065+0000] {spark_submit.py:634} INFO - 24/11/03 01:40:38 INFO Executor: Adding file:/tmp/spark-e03d81df-0084-41d7-9139-a36199299106/userFiles-eeb1c152-700f-4901-81f3-450176dcef33/org.apache.hadoop_hadoop-aws-3.3.1.jar to class loader default
[2024-11-03T01:40:38.074+0000] {spark_submit.py:634} INFO - 24/11/03 01:40:38 INFO Executor: Fetching spark://f2a2c0e12dc6:40763/jars/org.wildfly.openssl_wildfly-openssl-1.0.7.Final.jar with timestamp 1730598032785
[2024-11-03T01:40:38.075+0000] {spark_submit.py:634} INFO - 24/11/03 01:40:38 INFO Utils: Fetching spark://f2a2c0e12dc6:40763/jars/org.wildfly.openssl_wildfly-openssl-1.0.7.Final.jar to /tmp/spark-e03d81df-0084-41d7-9139-a36199299106/userFiles-eeb1c152-700f-4901-81f3-450176dcef33/fetchFileTemp11082527747745372966.tmp
[2024-11-03T01:40:38.083+0000] {spark_submit.py:634} INFO - 24/11/03 01:40:38 INFO Utils: /tmp/spark-e03d81df-0084-41d7-9139-a36199299106/userFiles-eeb1c152-700f-4901-81f3-450176dcef33/fetchFileTemp11082527747745372966.tmp has been previously copied to /tmp/spark-e03d81df-0084-41d7-9139-a36199299106/userFiles-eeb1c152-700f-4901-81f3-450176dcef33/org.wildfly.openssl_wildfly-openssl-1.0.7.Final.jar
[2024-11-03T01:40:38.092+0000] {spark_submit.py:634} INFO - 24/11/03 01:40:38 INFO Executor: Adding file:/tmp/spark-e03d81df-0084-41d7-9139-a36199299106/userFiles-eeb1c152-700f-4901-81f3-450176dcef33/org.wildfly.openssl_wildfly-openssl-1.0.7.Final.jar to class loader default
[2024-11-03T01:40:38.093+0000] {spark_submit.py:634} INFO - 24/11/03 01:40:38 INFO Executor: Fetching spark://f2a2c0e12dc6:40763/jars/com.amazonaws_aws-java-sdk-bundle-1.11.901.jar with timestamp 1730598032785
[2024-11-03T01:40:38.098+0000] {spark_submit.py:634} INFO - 24/11/03 01:40:38 INFO Utils: Fetching spark://f2a2c0e12dc6:40763/jars/com.amazonaws_aws-java-sdk-bundle-1.11.901.jar to /tmp/spark-e03d81df-0084-41d7-9139-a36199299106/userFiles-eeb1c152-700f-4901-81f3-450176dcef33/fetchFileTemp13739628477166079397.tmp
[2024-11-03T01:40:40.339+0000] {spark_submit.py:634} INFO - 24/11/03 01:40:40 INFO Utils: /tmp/spark-e03d81df-0084-41d7-9139-a36199299106/userFiles-eeb1c152-700f-4901-81f3-450176dcef33/fetchFileTemp13739628477166079397.tmp has been previously copied to /tmp/spark-e03d81df-0084-41d7-9139-a36199299106/userFiles-eeb1c152-700f-4901-81f3-450176dcef33/com.amazonaws_aws-java-sdk-bundle-1.11.901.jar
[2024-11-03T01:40:46.050+0000] {spark_submit.py:634} INFO - 24/11/03 01:40:46 INFO Executor: Adding file:/tmp/spark-e03d81df-0084-41d7-9139-a36199299106/userFiles-eeb1c152-700f-4901-81f3-450176dcef33/com.amazonaws_aws-java-sdk-bundle-1.11.901.jar to class loader default
[2024-11-03T01:40:46.051+0000] {spark_submit.py:634} INFO - 24/11/03 01:40:46 INFO Executor: Fetching spark://f2a2c0e12dc6:40763/jars/org.checkerframework_checker-qual-3.5.0.jar with timestamp 1730598032785
[2024-11-03T01:40:46.053+0000] {spark_submit.py:634} INFO - 24/11/03 01:40:46 INFO Utils: Fetching spark://f2a2c0e12dc6:40763/jars/org.checkerframework_checker-qual-3.5.0.jar to /tmp/spark-e03d81df-0084-41d7-9139-a36199299106/userFiles-eeb1c152-700f-4901-81f3-450176dcef33/fetchFileTemp7891245547481984489.tmp
[2024-11-03T01:40:46.056+0000] {spark_submit.py:634} INFO - 24/11/03 01:40:46 INFO Utils: /tmp/spark-e03d81df-0084-41d7-9139-a36199299106/userFiles-eeb1c152-700f-4901-81f3-450176dcef33/fetchFileTemp7891245547481984489.tmp has been previously copied to /tmp/spark-e03d81df-0084-41d7-9139-a36199299106/userFiles-eeb1c152-700f-4901-81f3-450176dcef33/org.checkerframework_checker-qual-3.5.0.jar
[2024-11-03T01:40:46.064+0000] {spark_submit.py:634} INFO - 24/11/03 01:40:46 INFO Executor: Adding file:/tmp/spark-e03d81df-0084-41d7-9139-a36199299106/userFiles-eeb1c152-700f-4901-81f3-450176dcef33/org.checkerframework_checker-qual-3.5.0.jar to class loader default
[2024-11-03T01:40:46.065+0000] {spark_submit.py:634} INFO - 24/11/03 01:40:46 INFO Executor: Fetching spark://f2a2c0e12dc6:40763/jars/org.postgresql_postgresql-42.5.0.jar with timestamp 1730598032785
[2024-11-03T01:40:46.066+0000] {spark_submit.py:634} INFO - 24/11/03 01:40:46 INFO Utils: Fetching spark://f2a2c0e12dc6:40763/jars/org.postgresql_postgresql-42.5.0.jar to /tmp/spark-e03d81df-0084-41d7-9139-a36199299106/userFiles-eeb1c152-700f-4901-81f3-450176dcef33/fetchFileTemp8990247706435428756.tmp
[2024-11-03T01:40:46.073+0000] {spark_submit.py:634} INFO - 24/11/03 01:40:46 INFO Utils: /tmp/spark-e03d81df-0084-41d7-9139-a36199299106/userFiles-eeb1c152-700f-4901-81f3-450176dcef33/fetchFileTemp8990247706435428756.tmp has been previously copied to /tmp/spark-e03d81df-0084-41d7-9139-a36199299106/userFiles-eeb1c152-700f-4901-81f3-450176dcef33/org.postgresql_postgresql-42.5.0.jar
[2024-11-03T01:40:46.085+0000] {spark_submit.py:634} INFO - 24/11/03 01:40:46 INFO Executor: Adding file:/tmp/spark-e03d81df-0084-41d7-9139-a36199299106/userFiles-eeb1c152-700f-4901-81f3-450176dcef33/org.postgresql_postgresql-42.5.0.jar to class loader default
[2024-11-03T01:40:46.093+0000] {spark_submit.py:634} INFO - 24/11/03 01:40:46 INFO Utils: Successfully started service 'org.apache.spark.network.netty.NettyBlockTransferService' on port 41543.
[2024-11-03T01:40:46.093+0000] {spark_submit.py:634} INFO - 24/11/03 01:40:46 INFO NettyBlockTransferService: Server created on f2a2c0e12dc6:41543
[2024-11-03T01:40:46.094+0000] {spark_submit.py:634} INFO - 24/11/03 01:40:46 INFO BlockManager: Using org.apache.spark.storage.RandomBlockReplicationPolicy for block replication policy
[2024-11-03T01:40:46.100+0000] {spark_submit.py:634} INFO - 24/11/03 01:40:46 INFO BlockManagerMaster: Registering BlockManager BlockManagerId(driver, f2a2c0e12dc6, 41543, None)
[2024-11-03T01:40:46.106+0000] {spark_submit.py:634} INFO - 24/11/03 01:40:46 INFO BlockManagerMasterEndpoint: Registering block manager f2a2c0e12dc6:41543 with 434.4 MiB RAM, BlockManagerId(driver, f2a2c0e12dc6, 41543, None)
[2024-11-03T01:40:46.109+0000] {spark_submit.py:634} INFO - 24/11/03 01:40:46 INFO BlockManagerMaster: Registered BlockManager BlockManagerId(driver, f2a2c0e12dc6, 41543, None)
[2024-11-03T01:40:46.111+0000] {spark_submit.py:634} INFO - 24/11/03 01:40:46 INFO BlockManager: Initialized BlockManager: BlockManagerId(driver, f2a2c0e12dc6, 41543, None)
[2024-11-03T01:40:46.586+0000] {spark_submit.py:634} INFO - 24/11/03 01:40:46 INFO SharedState: Setting hive.metastore.warehouse.dir ('null') to the value of spark.sql.warehouse.dir.
[2024-11-03T01:40:46.590+0000] {spark_submit.py:634} INFO - 24/11/03 01:40:46 INFO SharedState: Warehouse path is 'file:/opt/***/spark-warehouse'.
[2024-11-03T01:40:47.458+0000] {spark_submit.py:634} INFO - 24/11/03 01:40:47 WARN MetricsConfig: Cannot locate configuration: tried hadoop-metrics2-s3a-file-system.properties,hadoop-metrics2.properties
[2024-11-03T01:40:47.471+0000] {spark_submit.py:634} INFO - 24/11/03 01:40:47 INFO MetricsSystemImpl: Scheduled Metric snapshot period at 10 second(s).
[2024-11-03T01:40:47.472+0000] {spark_submit.py:634} INFO - 24/11/03 01:40:47 INFO MetricsSystemImpl: s3a-file-system metrics system started
[2024-11-03T01:40:48.481+0000] {spark_submit.py:634} INFO - Traceback (most recent call last):
[2024-11-03T01:40:48.482+0000] {spark_submit.py:634} INFO - File "/opt/bitnami/spark/src/scripts_spark/LoadFileToDB.py", line 55, in <module>
[2024-11-03T01:40:48.484+0000] {spark_submit.py:634} INFO - df_memoria = spark.read.parquet(local_path)
[2024-11-03T01:40:48.484+0000] {spark_submit.py:634} INFO - ^^^^^^^^^^^^^^^^^^^^^^^^^^^^^^
[2024-11-03T01:40:48.484+0000] {spark_submit.py:634} INFO - File "/home/***/.local/lib/python3.12/site-packages/pyspark/python/lib/pyspark.zip/pyspark/sql/readwriter.py", line 544, in parquet
[2024-11-03T01:40:48.485+0000] {spark_submit.py:634} INFO - File "/home/***/.local/lib/python3.12/site-packages/pyspark/python/lib/py4j-0.10.9.7-src.zip/py4j/java_gateway.py", line 1322, in __call__
[2024-11-03T01:40:48.486+0000] {spark_submit.py:634} INFO - File "/home/***/.local/lib/python3.12/site-packages/pyspark/python/lib/pyspark.zip/pyspark/errors/exceptions/captured.py", line 185, in deco
[2024-11-03T01:40:48.494+0000] {spark_submit.py:634} INFO - pyspark.errors.exceptions.captured.AnalysisException: [PATH_NOT_FOUND] Path does not exist: s3a://silverzone/kabum/kabum_2024-11-03/memoria_k.parquet.
[2024-11-03T01:40:48.496+0000] {spark_submit.py:634} INFO - [2024-11-03T01:40:48.494+0000] {clientserver.py:543} INFO - Closing down clientserver connection
[2024-11-03T01:40:48.917+0000] {spark_submit.py:634} INFO - 24/11/03 01:40:48 INFO SparkContext: Invoking stop() from shutdown hook
[2024-11-03T01:40:48.918+0000] {spark_submit.py:634} INFO - 24/11/03 01:40:48 INFO SparkContext: SparkContext is stopping with exitCode 0.
[2024-11-03T01:40:48.927+0000] {spark_submit.py:634} INFO - 24/11/03 01:40:48 INFO SparkUI: Stopped Spark web UI at http://f2a2c0e12dc6:4040
[2024-11-03T01:40:48.938+0000] {spark_submit.py:634} INFO - 24/11/03 01:40:48 INFO MapOutputTrackerMasterEndpoint: MapOutputTrackerMasterEndpoint stopped!
[2024-11-03T01:40:48.949+0000] {spark_submit.py:634} INFO - 24/11/03 01:40:48 INFO MemoryStore: MemoryStore cleared
[2024-11-03T01:40:48.949+0000] {spark_submit.py:634} INFO - 24/11/03 01:40:48 INFO BlockManager: BlockManager stopped
[2024-11-03T01:40:48.959+0000] {spark_submit.py:634} INFO - 24/11/03 01:40:48 INFO BlockManagerMaster: BlockManagerMaster stopped
[2024-11-03T01:40:48.962+0000] {spark_submit.py:634} INFO - 24/11/03 01:40:48 INFO OutputCommitCoordinator$OutputCommitCoordinatorEndpoint: OutputCommitCoordinator stopped!
[2024-11-03T01:40:48.990+0000] {spark_submit.py:634} INFO - 24/11/03 01:40:48 INFO SparkContext: Successfully stopped SparkContext
[2024-11-03T01:40:48.990+0000] {spark_submit.py:634} INFO - 24/11/03 01:40:48 INFO ShutdownHookManager: Shutdown hook called
[2024-11-03T01:40:48.991+0000] {spark_submit.py:634} INFO - 24/11/03 01:40:48 INFO ShutdownHookManager: Deleting directory /tmp/spark-e03d81df-0084-41d7-9139-a36199299106
[2024-11-03T01:40:48.994+0000] {spark_submit.py:634} INFO - 24/11/03 01:40:48 INFO ShutdownHookManager: Deleting directory /tmp/spark-b5768722-1616-47f5-bd83-0cf909c7792a
[2024-11-03T01:40:48.997+0000] {spark_submit.py:634} INFO - 24/11/03 01:40:48 INFO ShutdownHookManager: Deleting directory /tmp/spark-e03d81df-0084-41d7-9139-a36199299106/pyspark-f2f2ed91-d99d-4ed3-aaba-118cb95f22db
[2024-11-03T01:40:49.002+0000] {spark_submit.py:634} INFO - 24/11/03 01:40:49 INFO MetricsSystemImpl: Stopping s3a-file-system metrics system...
[2024-11-03T01:40:49.003+0000] {spark_submit.py:634} INFO - 24/11/03 01:40:49 INFO MetricsSystemImpl: s3a-file-system metrics system stopped.
[2024-11-03T01:40:49.003+0000] {spark_submit.py:634} INFO - 24/11/03 01:40:49 INFO MetricsSystemImpl: s3a-file-system metrics system shutdown complete.
[2024-11-03T01:40:49.048+0000] {taskinstance.py:3310} ERROR - Task failed with exception
Traceback (most recent call last):
  File "/home/airflow/.local/lib/python3.12/site-packages/airflow/models/taskinstance.py", line 767, in _execute_task
    result = _execute_callable(context=context, **execute_callable_kwargs)
             ^^^^^^^^^^^^^^^^^^^^^^^^^^^^^^^^^^^^^^^^^^^^^^^^^^^^^^^^^^^^^
  File "/home/airflow/.local/lib/python3.12/site-packages/airflow/models/taskinstance.py", line 733, in _execute_callable
    return ExecutionCallableRunner(
           ^^^^^^^^^^^^^^^^^^^^^^^^
  File "/home/airflow/.local/lib/python3.12/site-packages/airflow/utils/operator_helpers.py", line 252, in run
    return self.func(*args, **kwargs)
           ^^^^^^^^^^^^^^^^^^^^^^^^^^
  File "/home/airflow/.local/lib/python3.12/site-packages/airflow/models/baseoperator.py", line 406, in wrapper
    return func(self, *args, **kwargs)
           ^^^^^^^^^^^^^^^^^^^^^^^^^^^
  File "/home/airflow/.local/lib/python3.12/site-packages/airflow/providers/apache/spark/operators/spark_submit.py", line 176, in execute
    self._hook.submit(self.application)
  File "/home/airflow/.local/lib/python3.12/site-packages/airflow/providers/apache/spark/hooks/spark_submit.py", line 560, in submit
    raise AirflowException(
airflow.exceptions.AirflowException: Cannot execute: spark-submit --master spark://spark:7077 --driver-class-path /opt/***/jars/postgresql-42.5.0.jar --packages org.apache.hadoop:hadoop-aws:3.3.1,org.postgresql:postgresql:42.5.0 --name arrow-spark --deploy-mode client /opt/bitnami/spark/src/scripts_spark/LoadFileToDB.py. Error code is: 1.
[2024-11-03T01:40:49.054+0000] {taskinstance.py:1225} INFO - Marking task as FAILED. dag_id=LoadWebScraping, task_id=insert, run_id=manual__2024-11-03T01:38:02.588833+00:00, execution_date=20241103T013802, start_date=20241103T013807, end_date=20241103T014049
[2024-11-03T01:40:49.072+0000] {taskinstance.py:340} INFO - ::group::Post task execution logs
[2024-11-03T01:40:49.073+0000] {standard_task_runner.py:124} ERROR - Failed to execute job 250 for task insert (Cannot execute: spark-submit --master spark://spark:7077 --driver-class-path /opt/***/jars/postgresql-42.5.0.jar --packages org.apache.hadoop:hadoop-aws:3.3.1,org.postgresql:postgresql:42.5.0 --name arrow-spark --deploy-mode client /opt/bitnami/spark/src/scripts_spark/LoadFileToDB.py. Error code is: 1.; 74)
Traceback (most recent call last):
  File "/home/airflow/.local/lib/python3.12/site-packages/airflow/task/task_runner/standard_task_runner.py", line 117, in _start_by_fork
    ret = args.func(args, dag=self.dag)
          ^^^^^^^^^^^^^^^^^^^^^^^^^^^^^
  File "/home/airflow/.local/lib/python3.12/site-packages/airflow/cli/cli_config.py", line 49, in command
    return func(*args, **kwargs)
           ^^^^^^^^^^^^^^^^^^^^^
  File "/home/airflow/.local/lib/python3.12/site-packages/airflow/utils/cli.py", line 115, in wrapper
    return f(*args, **kwargs)
           ^^^^^^^^^^^^^^^^^^
  File "/home/airflow/.local/lib/python3.12/site-packages/airflow/cli/commands/task_command.py", line 483, in task_run
    task_return_code = _run_task_by_selected_method(args, _dag, ti)
                       ^^^^^^^^^^^^^^^^^^^^^^^^^^^^^^^^^^^^^^^^^^^^
  File "/home/airflow/.local/lib/python3.12/site-packages/airflow/cli/commands/task_command.py", line 256, in _run_task_by_selected_method
    return _run_raw_task(args, ti)
           ^^^^^^^^^^^^^^^^^^^^^^^
  File "/home/airflow/.local/lib/python3.12/site-packages/airflow/cli/commands/task_command.py", line 341, in _run_raw_task
    return ti._run_raw_task(
           ^^^^^^^^^^^^^^^^^
  File "/home/airflow/.local/lib/python3.12/site-packages/airflow/utils/session.py", line 97, in wrapper
    return func(*args, session=session, **kwargs)
           ^^^^^^^^^^^^^^^^^^^^^^^^^^^^^^^^^^^^^^
  File "/home/airflow/.local/lib/python3.12/site-packages/airflow/models/taskinstance.py", line 3004, in _run_raw_task
    return _run_raw_task(
           ^^^^^^^^^^^^^^
  File "/home/airflow/.local/lib/python3.12/site-packages/airflow/models/taskinstance.py", line 273, in _run_raw_task
    TaskInstance._execute_task_with_callbacks(
  File "/home/airflow/.local/lib/python3.12/site-packages/airflow/models/taskinstance.py", line 3158, in _execute_task_with_callbacks
    result = self._execute_task(context, task_orig)
             ^^^^^^^^^^^^^^^^^^^^^^^^^^^^^^^^^^^^^^
  File "/home/airflow/.local/lib/python3.12/site-packages/airflow/models/taskinstance.py", line 3182, in _execute_task
    return _execute_task(self, context, task_orig)
           ^^^^^^^^^^^^^^^^^^^^^^^^^^^^^^^^^^^^^^^
  File "/home/airflow/.local/lib/python3.12/site-packages/airflow/models/taskinstance.py", line 767, in _execute_task
    result = _execute_callable(context=context, **execute_callable_kwargs)
             ^^^^^^^^^^^^^^^^^^^^^^^^^^^^^^^^^^^^^^^^^^^^^^^^^^^^^^^^^^^^^
  File "/home/airflow/.local/lib/python3.12/site-packages/airflow/models/taskinstance.py", line 733, in _execute_callable
    return ExecutionCallableRunner(
           ^^^^^^^^^^^^^^^^^^^^^^^^
  File "/home/airflow/.local/lib/python3.12/site-packages/airflow/utils/operator_helpers.py", line 252, in run
    return self.func(*args, **kwargs)
           ^^^^^^^^^^^^^^^^^^^^^^^^^^
  File "/home/airflow/.local/lib/python3.12/site-packages/airflow/models/baseoperator.py", line 406, in wrapper
    return func(self, *args, **kwargs)
           ^^^^^^^^^^^^^^^^^^^^^^^^^^^
  File "/home/airflow/.local/lib/python3.12/site-packages/airflow/providers/apache/spark/operators/spark_submit.py", line 176, in execute
    self._hook.submit(self.application)
  File "/home/airflow/.local/lib/python3.12/site-packages/airflow/providers/apache/spark/hooks/spark_submit.py", line 560, in submit
    raise AirflowException(
airflow.exceptions.AirflowException: Cannot execute: spark-submit --master spark://spark:7077 --driver-class-path /opt/***/jars/postgresql-42.5.0.jar --packages org.apache.hadoop:hadoop-aws:3.3.1,org.postgresql:postgresql:42.5.0 --name arrow-spark --deploy-mode client /opt/bitnami/spark/src/scripts_spark/LoadFileToDB.py. Error code is: 1.
[2024-11-03T01:40:49.090+0000] {local_task_job_runner.py:266} INFO - Task exited with return code 1
[2024-11-03T01:40:49.105+0000] {taskinstance.py:3900} INFO - 0 downstream tasks scheduled from follow-on schedule check
[2024-11-03T01:40:49.110+0000] {local_task_job_runner.py:245} INFO - ::endgroup::
