[2024-10-01T18:34:23.598+0000] {local_task_job_runner.py:123} INFO - ::group::Pre task execution logs
[2024-10-01T18:34:23.619+0000] {taskinstance.py:2612} INFO - Dependencies all met for dep_context=non-requeueable deps ti=<TaskInstance: SitesWebScraping.Await_file_Transformed manual__2024-10-01T18:34:21.211952+00:00 [queued]>
[2024-10-01T18:34:23.629+0000] {taskinstance.py:2612} INFO - Dependencies all met for dep_context=requeueable deps ti=<TaskInstance: SitesWebScraping.Await_file_Transformed manual__2024-10-01T18:34:21.211952+00:00 [queued]>
[2024-10-01T18:34:23.630+0000] {taskinstance.py:2865} INFO - Starting attempt 1 of 1
[2024-10-01T18:34:23.646+0000] {taskinstance.py:2888} INFO - Executing <Task(OperatorFileSensor): Await_file_Transformed> on 2024-10-01 18:34:21.211952+00:00
[2024-10-01T18:34:23.655+0000] {warnings.py:112} WARNING - /home/***/.local/lib/python3.12/site-packages/***/task/task_runner/standard_task_runner.py:70: DeprecationWarning: This process (pid=380) is multi-threaded, use of fork() may lead to deadlocks in the child.
  pid = os.fork()

[2024-10-01T18:34:23.658+0000] {standard_task_runner.py:72} INFO - Started process 381 to run task
[2024-10-01T18:34:23.657+0000] {standard_task_runner.py:104} INFO - Running: ['***', 'tasks', 'run', 'SitesWebScraping', 'Await_file_Transformed', 'manual__2024-10-01T18:34:21.211952+00:00', '--job-id', '609', '--raw', '--subdir', 'DAGS_FOLDER/DagWebScraping.py', '--cfg-path', '/tmp/tmpn27st04g']
[2024-10-01T18:34:23.659+0000] {standard_task_runner.py:105} INFO - Job 609: Subtask Await_file_Transformed
[2024-10-01T18:34:23.726+0000] {task_command.py:467} INFO - Running <TaskInstance: SitesWebScraping.Await_file_Transformed manual__2024-10-01T18:34:21.211952+00:00 [running]> on host eb305769d48a
[2024-10-01T18:34:23.837+0000] {taskinstance.py:3131} INFO - Exporting env vars: AIRFLOW_CTX_DAG_OWNER='***' AIRFLOW_CTX_DAG_ID='SitesWebScraping' AIRFLOW_CTX_TASK_ID='Await_file_Transformed' AIRFLOW_CTX_EXECUTION_DATE='2024-10-01T18:34:21.211952+00:00' AIRFLOW_CTX_TRY_NUMBER='1' AIRFLOW_CTX_DAG_RUN_ID='manual__2024-10-01T18:34:21.211952+00:00'
[2024-10-01T18:34:23.839+0000] {taskinstance.py:731} INFO - ::endgroup::
[2024-10-01T18:34:23.862+0000] {baseoperator.py:405} WARNING - OperatorFileSensor.execute cannot be called outside TaskInstance!
[2024-10-01T18:34:23.878+0000] {logging_mixin.py:190} INFO - /opt/***/datalake/rawzone/kabum_2024-10-01
[2024-10-01T18:35:23.911+0000] {logging_mixin.py:190} INFO - /opt/***/datalake/rawzone/kabum_2024-10-01
[2024-10-01T18:36:23.921+0000] {logging_mixin.py:190} INFO - /opt/***/datalake/rawzone/kabum_2024-10-01
[2024-10-01T18:37:23.943+0000] {logging_mixin.py:190} INFO - /opt/***/datalake/rawzone/kabum_2024-10-01
[2024-10-01T18:38:23.956+0000] {logging_mixin.py:190} INFO - /opt/***/datalake/rawzone/kabum_2024-10-01
[2024-10-01T18:39:23.962+0000] {logging_mixin.py:190} INFO - /opt/***/datalake/rawzone/kabum_2024-10-01
[2024-10-01T18:40:23.966+0000] {logging_mixin.py:190} INFO - /opt/***/datalake/rawzone/kabum_2024-10-01
[2024-10-01T18:41:23.970+0000] {logging_mixin.py:190} INFO - /opt/***/datalake/rawzone/kabum_2024-10-01
[2024-10-01T18:42:23.973+0000] {logging_mixin.py:190} INFO - /opt/***/datalake/rawzone/kabum_2024-10-01
[2024-10-01T18:43:23.998+0000] {logging_mixin.py:190} INFO - /opt/***/datalake/rawzone/kabum_2024-10-01
[2024-10-01T18:43:55.708+0000] {local_task_job_runner.py:346} WARNING - State of this instance has been externally set to removed. Terminating instance.
[2024-10-01T18:43:55.713+0000] {local_task_job_runner.py:245} INFO - ::endgroup::
[2024-10-01T18:43:55.716+0000] {process_utils.py:132} INFO - Sending 15 to group 381. PIDs of all processes in the group: [381]
[2024-10-01T18:43:55.717+0000] {process_utils.py:87} INFO - Sending the signal 15 to group 381
[2024-10-01T18:43:55.718+0000] {taskinstance.py:3092} ERROR - Received SIGTERM. Terminating subprocesses.
[2024-10-01T18:43:55.758+0000] {taskinstance.py:340} INFO - ::group::Post task execution logs
[2024-10-01T18:43:55.771+0000] {process_utils.py:80} INFO - Process psutil.Process(pid=381, status='terminated', exitcode=0, started='18:34:23') (381) terminated with exit code 0
