[2024-10-02T21:27:28.925+0000] {local_task_job_runner.py:123} INFO - ::group::Pre task execution logs
[2024-10-02T21:27:28.943+0000] {taskinstance.py:2612} INFO - Dependencies all met for dep_context=non-requeueable deps ti=<TaskInstance: SitesWebScraping.Web_Extraction_siteA manual__2024-10-02T21:27:26.618163+00:00 [queued]>
[2024-10-02T21:27:28.952+0000] {taskinstance.py:2612} INFO - Dependencies all met for dep_context=requeueable deps ti=<TaskInstance: SitesWebScraping.Web_Extraction_siteA manual__2024-10-02T21:27:26.618163+00:00 [queued]>
[2024-10-02T21:27:28.953+0000] {taskinstance.py:2865} INFO - Starting attempt 1 of 1
[2024-10-02T21:27:28.968+0000] {taskinstance.py:2888} INFO - Executing <Task(OperatorSiteA): Web_Extraction_siteA> on 2024-10-02 21:27:26.618163+00:00
[2024-10-02T21:27:28.973+0000] {warnings.py:112} WARNING - /home/***/.local/lib/python3.12/site-packages/***/task/task_runner/standard_task_runner.py:70: DeprecationWarning: This process (pid=1925) is multi-threaded, use of fork() may lead to deadlocks in the child.
  pid = os.fork()

[2024-10-02T21:27:28.975+0000] {standard_task_runner.py:72} INFO - Started process 1933 to run task
[2024-10-02T21:27:28.975+0000] {standard_task_runner.py:104} INFO - Running: ['***', 'tasks', 'run', 'SitesWebScraping', 'Web_Extraction_siteA', 'manual__2024-10-02T21:27:26.618163+00:00', '--job-id', '788', '--raw', '--subdir', 'DAGS_FOLDER/DagWebScraping.py', '--cfg-path', '/tmp/tmplzll5u_y']
[2024-10-02T21:27:28.977+0000] {standard_task_runner.py:105} INFO - Job 788: Subtask Web_Extraction_siteA
[2024-10-02T21:27:29.020+0000] {task_command.py:467} INFO - Running <TaskInstance: SitesWebScraping.Web_Extraction_siteA manual__2024-10-02T21:27:26.618163+00:00 [running]> on host f8603ea05473
[2024-10-02T21:27:29.096+0000] {taskinstance.py:3131} INFO - Exporting env vars: AIRFLOW_CTX_DAG_OWNER='***' AIRFLOW_CTX_DAG_ID='SitesWebScraping' AIRFLOW_CTX_TASK_ID='Web_Extraction_siteA' AIRFLOW_CTX_EXECUTION_DATE='2024-10-02T21:27:26.618163+00:00' AIRFLOW_CTX_TRY_NUMBER='1' AIRFLOW_CTX_DAG_RUN_ID='manual__2024-10-02T21:27:26.618163+00:00'
[2024-10-02T21:27:29.097+0000] {taskinstance.py:731} INFO - ::endgroup::
[2024-10-02T21:27:38.786+0000] {logging_mixin.py:190} INFO - placas-mae
[2024-10-02T21:27:38.795+0000] {logging_mixin.py:190} INFO - None
[2024-10-02T21:27:38.795+0000] {logging_mixin.py:190} INFO - Placa Mae Pichau Danuri B550M-PX, DDR4, Socket AM4, M-ATX, Chipset AMD B550, PCH-DNRB550M-PX
[2024-10-02T21:27:38.801+0000] {logging_mixin.py:190} INFO - None
[2024-10-02T21:27:38.802+0000] {logging_mixin.py:190} INFO - None
[2024-10-02T21:27:38.802+0000] {logging_mixin.py:190} INFO - None
[2024-10-02T21:27:38.803+0000] {logging_mixin.py:190} INFO - None
[2024-10-02T21:27:38.803+0000] {logging_mixin.py:190} INFO - None
[2024-10-02T21:27:38.804+0000] {logging_mixin.py:190} INFO - None
[2024-10-02T21:27:38.804+0000] {logging_mixin.py:190} INFO - None
[2024-10-02T21:27:38.805+0000] {logging_mixin.py:190} INFO - None
[2024-10-02T21:27:38.805+0000] {logging_mixin.py:190} INFO - Placa Mae Pichau Danuri B550M-PX, DDR4, Socket AM4, M-ATX, Chipset AMD B550, PCH-DNRB550M-PX
[2024-10-02T21:27:38.806+0000] {logging_mixin.py:190} INFO - None
[2024-10-02T21:27:38.806+0000] {logging_mixin.py:190} INFO - None
[2024-10-02T21:27:38.807+0000] {logging_mixin.py:190} INFO - Placa Mae Pichau B550M K, DDR4, Socket AMD AM4, M-ATX, Chipset AMD B550, B550M-K-1P
[2024-10-02T21:27:38.807+0000] {logging_mixin.py:190} INFO - None
[2024-10-02T21:27:38.808+0000] {logging_mixin.py:190} INFO - None
[2024-10-02T21:27:38.808+0000] {logging_mixin.py:190} INFO - Placa Mae Gigabyte B550M K, DDR4, Socket AMD AM4, M-ATX, Chipset AMD B550, B550M-K
[2024-10-02T21:27:38.809+0000] {logging_mixin.py:190} INFO - None
[2024-10-02T21:27:38.809+0000] {logging_mixin.py:190} INFO - None
[2024-10-02T21:27:38.810+0000] {logging_mixin.py:190} INFO - Placa Mae Gigabyte B550M Aorus Elite DDR4 Socket AM4 Chipset AMD B550
[2024-10-02T21:27:38.810+0000] {logging_mixin.py:190} INFO - None
[2024-10-02T21:27:38.811+0000] {logging_mixin.py:190} INFO - None
[2024-10-02T21:27:38.811+0000] {logging_mixin.py:190} INFO - Placa Mae ASRock B450M Steel Legend DDR4 Socket AM4 Chipset AMD B450
[2024-10-02T21:27:38.812+0000] {logging_mixin.py:190} INFO - None
[2024-10-02T21:27:38.812+0000] {logging_mixin.py:190} INFO - None
[2024-10-02T21:27:38.812+0000] {logging_mixin.py:190} INFO - Placa Mae Mancer A520M DX, DDR4, Socket AMD AM4, M-ATX, Chipset AMD A520, MCR-A520M-DXV3
[2024-10-02T21:27:38.813+0000] {logging_mixin.py:190} INFO - None
[2024-10-02T21:27:38.813+0000] {logging_mixin.py:190} INFO - None
[2024-10-02T21:27:38.814+0000] {logging_mixin.py:190} INFO - Placa Mae Gigabyte B760M Aorus Elite, DDR5, Socket LGA 1700, M-ATX, Chipset Intel B760, B760M-AORUS-ELITE
[2024-10-02T21:27:38.815+0000] {logging_mixin.py:190} INFO - None
[2024-10-02T21:27:38.815+0000] {logging_mixin.py:190} INFO - None
[2024-10-02T21:27:38.816+0000] {logging_mixin.py:190} INFO - Placa Mae Mancer B560M-DX, DDR4, LGA 1200, M-ATX, Chipset Intel B560, MCR-B560M-DX
[2024-10-02T21:27:38.816+0000] {logging_mixin.py:190} INFO - None
[2024-10-02T21:27:38.817+0000] {logging_mixin.py:190} INFO - None
[2024-10-02T21:27:38.817+0000] {logging_mixin.py:190} INFO - Placa Mae Asus TUF Gaming A520M-PLUS II, DDR4, Socket AMD AM4, M-ATX, Chipset AMD A520, TUF-GAMING-A520M-PLUS-II
[2024-10-02T21:27:38.818+0000] {logging_mixin.py:190} INFO - None
[2024-10-02T21:27:38.818+0000] {logging_mixin.py:190} INFO - None
[2024-10-02T21:27:38.819+0000] {logging_mixin.py:190} INFO - Placa Mae MSI B450M-A PRO MAX II, DDR4, Socket AM4, M-ATX, Chipset AMD B450, B450M-A-PRO-MAX-II
[2024-10-02T21:27:38.819+0000] {logging_mixin.py:190} INFO - None
[2024-10-02T21:27:38.820+0000] {logging_mixin.py:190} INFO - None
[2024-10-02T21:27:38.820+0000] {logging_mixin.py:190} INFO - Placa Mae ASRock B660M Phantom Gaming 4, DDR4, Socket LGA1700, M-ATX, Chipset Intel B660, B660M-PHANTOM-GAMING
[2024-10-02T21:27:38.821+0000] {logging_mixin.py:190} INFO - None
[2024-10-02T21:27:38.821+0000] {logging_mixin.py:190} INFO - None
[2024-10-02T21:27:38.821+0000] {logging_mixin.py:190} INFO - Placa Mae MSI Pro B650M-P, DDR5, Socket AMD AM5, M-ATX, Chipset AMD B650, PRO-B650M-P
[2024-10-02T21:27:38.822+0000] {logging_mixin.py:190} INFO - None
[2024-10-02T21:27:38.822+0000] {logging_mixin.py:190} INFO - None
[2024-10-02T21:27:38.823+0000] {logging_mixin.py:190} INFO - Placa Mae Mancer H510M-DX, DDR4, LGA 1200, M-ATX, Chipset Intel H510, MCR-H510M-DX
[2024-10-02T21:27:38.823+0000] {logging_mixin.py:190} INFO - None
[2024-10-02T21:27:38.824+0000] {logging_mixin.py:190} INFO - None
[2024-10-02T21:27:38.824+0000] {logging_mixin.py:190} INFO - Placa Mae ASRock H510M-HVS R2.0, DDR4, Socket LGA1200, M-ATX, Chipset Intel H510, H510M-HVS-R2.0
[2024-10-02T21:27:38.825+0000] {logging_mixin.py:190} INFO - None
[2024-10-02T21:27:38.825+0000] {logging_mixin.py:190} INFO - None
[2024-10-02T21:27:38.826+0000] {logging_mixin.py:190} INFO - Placa Mae Mancer A520M-DX, DDR4,Socket AMD AM4, M-ATX, Chipset AMD A520, MCR-A520M-DX
[2024-10-02T21:27:38.826+0000] {logging_mixin.py:190} INFO - None
[2024-10-02T21:27:38.827+0000] {logging_mixin.py:190} INFO - None
[2024-10-02T21:27:38.827+0000] {logging_mixin.py:190} INFO - Placa Mae Asus TUF Gaming B650M-E, DDR5, Socket AMD AM5, M-ATX, Chipset AMD B650, TUF-GAMING-B650M-E
[2024-10-02T21:27:38.828+0000] {logging_mixin.py:190} INFO - None
[2024-10-02T21:27:38.828+0000] {logging_mixin.py:190} INFO - None
[2024-10-02T21:27:38.828+0000] {logging_mixin.py:190} INFO - Placa Mae ASRock H610M-HVS/M.2 R2.0, Socket LGA1700, M-ATX, Chipset Intel H610, H610M-HVS-M.2-R2
[2024-10-02T21:27:38.829+0000] {logging_mixin.py:190} INFO - None
[2024-10-02T21:27:38.829+0000] {logging_mixin.py:190} INFO - None
[2024-10-02T21:27:38.830+0000] {logging_mixin.py:190} INFO - Placa Mae Mancer H610M-DX, DDR4, Socket LGA1700, M-ATX, Chipset Intel H610, MCR-H610M-DXV2
[2024-10-02T21:27:38.830+0000] {logging_mixin.py:190} INFO - None
[2024-10-02T21:27:38.831+0000] {logging_mixin.py:190} INFO - None
[2024-10-02T21:27:38.831+0000] {logging_mixin.py:190} INFO - Placa Mae ASRock A520M-HVS, DDR4, Socket AM4, M-ATX, Chipset AMD A520, A520M-HVS
[2024-10-02T21:27:38.832+0000] {logging_mixin.py:190} INFO - None
[2024-10-02T21:27:38.832+0000] {logging_mixin.py:190} INFO - None
[2024-10-02T21:27:38.833+0000] {logging_mixin.py:190} INFO - Placa Mae Asus Tuf Gaming B650M-E WIFI, DDR5, Socket AMD AM5, M-ATX, Chipset AMD B650, TUF-GAMING-B650M-E-WIFI
[2024-10-02T21:27:38.833+0000] {logging_mixin.py:190} INFO - None
[2024-10-02T21:27:38.834+0000] {logging_mixin.py:190} INFO - None
[2024-10-02T21:27:38.834+0000] {logging_mixin.py:190} INFO - Placa Mae Pichau Alphard H610M-T, DDR4, LGA 1700, M-ATX, Chipset Intel H610, PCH-ALPH610M-T
[2024-10-02T21:27:38.835+0000] {logging_mixin.py:190} INFO - None
[2024-10-02T21:27:38.835+0000] {logging_mixin.py:190} INFO - None
[2024-10-02T21:27:38.836+0000] {logging_mixin.py:190} INFO - Placa Mae MSI PRO B550M-P GEN3, DDR4, Socket AM4, M-ATX, Chipset AMD B550, PRO-B550M-P-GEN3
[2024-10-02T21:27:38.836+0000] {logging_mixin.py:190} INFO - None
[2024-10-02T21:27:38.837+0000] {logging_mixin.py:190} INFO - None
[2024-10-02T21:27:38.837+0000] {logging_mixin.py:190} INFO - Placa Mae Asus TUF Gaming B760M-PLUS II, DDR5, Socket LGA 1700, M-ATX, Chipset Intel B760, TUF-GAMING-B760M-PLUS-II
[2024-10-02T21:27:38.838+0000] {logging_mixin.py:190} INFO - None
[2024-10-02T21:27:38.838+0000] {logging_mixin.py:190} INFO - None
[2024-10-02T21:27:38.839+0000] {logging_mixin.py:190} INFO - Placa Mae Asus ROG Strix X670E-I Gaming Wifi, DDR5, Socket AM5, ITX, Chipset AMD X670, ROG-STRIX-X670E-I-GAMING-WIFI
[2024-10-02T21:27:38.839+0000] {logging_mixin.py:190} INFO - None
[2024-10-02T21:27:38.840+0000] {logging_mixin.py:190} INFO - None
[2024-10-02T21:27:38.840+0000] {logging_mixin.py:190} INFO - Placa Mae Aigo B760L D4, DDR4, LGA 1700, M-ATX, Chipset Intel B760, AIGO-B760L-D4
[2024-10-02T21:27:38.840+0000] {logging_mixin.py:190} INFO - None
[2024-10-02T21:27:38.841+0000] {logging_mixin.py:190} INFO - None
[2024-10-02T21:27:38.841+0000] {logging_mixin.py:190} INFO - Placa Mae Aigo H511M, DDR4, LGA 1200, M-ATX, Chipset Intel H470, AIGO-H511M
[2024-10-02T21:27:38.842+0000] {logging_mixin.py:190} INFO - None
[2024-10-02T21:27:38.842+0000] {logging_mixin.py:190} INFO - None
[2024-10-02T21:27:38.843+0000] {logging_mixin.py:190} INFO - Placa Mae Aigo H610, DDR4, LGA 1700, M-ATX, Chipset Intel H610, AIGO-H610M
[2024-10-02T21:27:38.843+0000] {logging_mixin.py:190} INFO - None
[2024-10-02T21:27:38.844+0000] {logging_mixin.py:190} INFO - None
[2024-10-02T21:27:38.844+0000] {logging_mixin.py:190} INFO - Placa Mae Asus B760M-AYW WIFI, DDR5, Socket LGA 1700, M-ATX, Chipset Intel B760, B760M-AYW-WIFI
[2024-10-02T21:27:38.845+0000] {logging_mixin.py:190} INFO - None
[2024-10-02T21:27:38.845+0000] {logging_mixin.py:190} INFO - None
[2024-10-02T21:27:38.845+0000] {logging_mixin.py:190} INFO - Placa Mae Asus Prime H610M-A, DDR5, Socket LGA 1700, M-ATX, Chipset Intel H610, PRIME-H610M-A
[2024-10-02T21:27:38.846+0000] {logging_mixin.py:190} INFO - None
[2024-10-02T21:27:38.846+0000] {logging_mixin.py:190} INFO - None
[2024-10-02T21:27:38.847+0000] {logging_mixin.py:190} INFO - Placa Mae Asus Prime B650M-R, DDR5, Socket AM5, M-ATX, Chipset AMD B650, PRIME-B650M-R
[2024-10-02T21:27:38.847+0000] {logging_mixin.py:190} INFO - None
[2024-10-02T21:27:38.848+0000] {logging_mixin.py:190} INFO - None
[2024-10-02T21:27:38.848+0000] {logging_mixin.py:190} INFO - Placa Mae Asus ROG Strix B650E-I Gaming Wifi, DDR5, Socket AM5, ITX, Chipset B650, ROG-STRIX-B650E-I-GAMING-WIFI
[2024-10-02T21:27:38.849+0000] {logging_mixin.py:190} INFO - None
[2024-10-02T21:27:38.849+0000] {logging_mixin.py:190} INFO - None
[2024-10-02T21:27:38.850+0000] {logging_mixin.py:190} INFO - Placa Mae Asus ROG Strix B760-I Gaming Wifi, DDR5, Socket LGA1700, ITX, Chipset Intel B760, ROG-STRIX-B760-I-GAMING-WIFI
[2024-10-02T21:27:38.850+0000] {logging_mixin.py:190} INFO - None
[2024-10-02T21:27:38.851+0000] {logging_mixin.py:190} INFO - None
[2024-10-02T21:27:38.851+0000] {logging_mixin.py:190} INFO - Placa Mae Asus ROG Strix Z790-I Gaming Wifi, DDR5, Socket LGA1700, ITX, Chipset Intel Z790, ROG-STRIX-Z790-I-GAMING-WIFI
[2024-10-02T21:27:38.852+0000] {logging_mixin.py:190} INFO - None
[2024-10-02T21:27:38.852+0000] {logging_mixin.py:190} INFO - None
[2024-10-02T21:27:38.853+0000] {logging_mixin.py:190} INFO - Placa Mae Gigabyte B650M D3HP AX, DDR5, Socket AM5, M-ATX, Chipset AMD B650, B650M-D3HP-AX
[2024-10-02T21:27:38.853+0000] {logging_mixin.py:190} INFO - None
[2024-10-02T21:27:38.854+0000] {logging_mixin.py:190} INFO - None
[2024-10-02T21:27:38.854+0000] {logging_mixin.py:190} INFO - Placa Mae Gigabyte B760M Gaming AC, DDR4, LGA1700, ATX, Socket Intel B760M, B760M-GAMING-AC-DDR4
[2024-10-02T21:27:38.855+0000] {logging_mixin.py:190} INFO - None
[2024-10-02T21:27:38.855+0000] {logging_mixin.py:190} INFO - None
[2024-10-02T21:27:38.856+0000] {logging_mixin.py:190} INFO - Placa Mae Gigabyte B760 DS3H AX, DDR5, Socket LGA 1700, ATX, Chipset Intel B760, B760-DS3H-AX
[2024-10-02T21:27:38.856+0000] {logging_mixin.py:190} INFO - None
[2024-10-02T21:27:38.857+0000] {logging_mixin.py:190} INFO - None
[2024-10-02T21:27:38.857+0000] {logging_mixin.py:190} INFO - None
[2024-10-02T21:27:38.858+0000] {logging_mixin.py:190} INFO - None
[2024-10-02T21:27:38.858+0000] {logging_mixin.py:190} INFO - None
[2024-10-02T21:27:38.858+0000] {logging_mixin.py:190} INFO - None
[2024-10-02T21:27:38.859+0000] {logging_mixin.py:190} INFO - None
[2024-10-02T21:27:38.859+0000] {logging_mixin.py:190} INFO - None
[2024-10-02T21:27:38.860+0000] {logging_mixin.py:190} INFO - None
[2024-10-02T21:27:38.860+0000] {logging_mixin.py:190} INFO - None
[2024-10-02T21:27:38.861+0000] {logging_mixin.py:190} INFO - None
[2024-10-02T21:27:38.861+0000] {logging_mixin.py:190} INFO - None
[2024-10-02T21:27:38.862+0000] {logging_mixin.py:190} INFO - None
[2024-10-02T21:27:38.862+0000] {logging_mixin.py:190} INFO - None
[2024-10-02T21:27:38.862+0000] {logging_mixin.py:190} INFO - None
[2024-10-02T21:27:38.863+0000] {logging_mixin.py:190} INFO - None
[2024-10-02T21:27:38.863+0000] {logging_mixin.py:190} INFO - None
[2024-10-02T21:27:38.864+0000] {logging_mixin.py:190} INFO - None
[2024-10-02T21:27:38.864+0000] {logging_mixin.py:190} INFO - None
[2024-10-02T21:27:38.865+0000] {logging_mixin.py:190} INFO - None
[2024-10-02T21:27:38.865+0000] {logging_mixin.py:190} INFO - None
[2024-10-02T21:27:38.866+0000] {logging_mixin.py:190} INFO - None
[2024-10-02T21:27:38.866+0000] {logging_mixin.py:190} INFO - None
[2024-10-02T21:27:38.866+0000] {logging_mixin.py:190} INFO - None
[2024-10-02T21:27:38.867+0000] {logging_mixin.py:190} INFO - None
[2024-10-02T21:27:38.867+0000] {logging_mixin.py:190} INFO - None
[2024-10-02T21:27:38.868+0000] {logging_mixin.py:190} INFO - None
[2024-10-02T21:27:38.868+0000] {logging_mixin.py:190} INFO - None
[2024-10-02T21:27:39.003+0000] {taskinstance.py:3310} ERROR - Task failed with exception
Traceback (most recent call last):
  File "/home/airflow/.local/lib/python3.12/site-packages/airflow/models/taskinstance.py", line 767, in _execute_task
    result = _execute_callable(context=context, **execute_callable_kwargs)
             ^^^^^^^^^^^^^^^^^^^^^^^^^^^^^^^^^^^^^^^^^^^^^^^^^^^^^^^^^^^^^
  File "/home/airflow/.local/lib/python3.12/site-packages/airflow/models/taskinstance.py", line 733, in _execute_callable
    return ExecutionCallableRunner(
           ^^^^^^^^^^^^^^^^^^^^^^^^
  File "/home/airflow/.local/lib/python3.12/site-packages/airflow/utils/operator_helpers.py", line 252, in run
    return self.func(*args, **kwargs)
           ^^^^^^^^^^^^^^^^^^^^^^^^^^
  File "/home/airflow/.local/lib/python3.12/site-packages/airflow/models/baseoperator.py", line 406, in wrapper
    return func(self, *args, **kwargs)
           ^^^^^^^^^^^^^^^^^^^^^^^^^^^
  File "/opt/airflow/operators/OperatorSiteBase.py", line 82, in execute
    self.ExtractDates()
  File "/opt/airflow/operators/OperatorSiteBase.py", line 50, in ExtractDates
    driver.get(base_url)
  File "/home/airflow/.local/lib/python3.12/site-packages/selenium/webdriver/remote/webdriver.py", line 363, in get
    self.execute(Command.GET, {"url": url})
  File "/home/airflow/.local/lib/python3.12/site-packages/selenium/webdriver/remote/webdriver.py", line 354, in execute
    self.error_handler.check_response(response)
  File "/home/airflow/.local/lib/python3.12/site-packages/selenium/webdriver/remote/errorhandler.py", line 229, in check_response
    raise exception_class(message, screen, stacktrace)
selenium.common.exceptions.InvalidSessionIdException: Message: Unable to find session with ID: 01d4a923201c3f339dcab8467f61880b
Build info: version: '4.24.0', revision: '748ffc9bc3'
System info: os.name: 'Linux', os.arch: 'amd64', os.version: '5.15.153.1-microsoft-standard-WSL2', java.version: '17.0.12'
Driver info: driver.version: unknown
Stacktrace:
org.openqa.selenium.NoSuchSessionException: Unable to find session with ID: 01d4a923201c3f339dcab8467f61880b
Build info: version: '4.24.0', revision: '748ffc9bc3'
System info: os.name: 'Linux', os.arch: 'amd64', os.version: '5.15.153.1-microsoft-standard-WSL2', java.version: '17.0.12'
Driver info: driver.version: unknown
	at org.openqa.selenium.grid.sessionmap.local.LocalSessionMap.get(LocalSessionMap.java:116)
	at org.openqa.selenium.grid.sessionmap.SessionMap.getUri(SessionMap.java:84)
	at org.openqa.selenium.grid.router.HandleSession.lambda$loadSessionId$4(HandleSession.java:223)
	at io.opentelemetry.context.Context.lambda$wrap$2(Context.java:224)
	at org.openqa.selenium.grid.router.HandleSession.execute(HandleSession.java:180)
	at org.openqa.selenium.remote.http.Route$PredicatedRoute.handle(Route.java:397)
	at org.openqa.selenium.remote.http.Route.execute(Route.java:69)
	at org.openqa.selenium.remote.http.Route$CombinedRoute.handle(Route.java:360)
	at org.openqa.selenium.remote.http.Route.execute(Route.java:69)
	at org.openqa.selenium.grid.router.Router.execute(Router.java:87)
	at org.openqa.selenium.grid.web.EnsureSpecCompliantResponseHeaders.lambda$apply$0(EnsureSpecCompliantResponseHeaders.java:34)
	at org.openqa.selenium.remote.http.Filter$1.execute(Filter.java:63)
	at org.openqa.selenium.remote.http.Route$CombinedRoute.handle(Route.java:360)
	at org.openqa.selenium.remote.http.Route.execute(Route.java:69)
	at org.openqa.selenium.remote.http.Route$NestedRoute.handle(Route.java:270)
	at org.openqa.selenium.remote.http.Route.execute(Route.java:69)
	at org.openqa.selenium.remote.http.Route$CombinedRoute.handle(Route.java:360)
	at org.openqa.selenium.remote.http.Route.execute(Route.java:69)
	at org.openqa.selenium.remote.AddWebDriverSpecHeaders.lambda$apply$0(AddWebDriverSpecHeaders.java:35)
	at org.openqa.selenium.remote.ErrorFilter.lambda$apply$0(ErrorFilter.java:44)
	at org.openqa.selenium.remote.http.Filter$1.execute(Filter.java:63)
	at org.openqa.selenium.remote.ErrorFilter.lambda$apply$0(ErrorFilter.java:44)
	at org.openqa.selenium.remote.http.Filter$1.execute(Filter.java:63)
	at org.openqa.selenium.netty.server.SeleniumHandler.lambda$channelRead0$0(SeleniumHandler.java:44)
	at java.base/java.util.concurrent.Executors$RunnableAdapter.call(Executors.java:539)
	at java.base/java.util.concurrent.FutureTask.run(FutureTask.java:264)
	at java.base/java.util.concurrent.ThreadPoolExecutor.runWorker(ThreadPoolExecutor.java:1136)
	at java.base/java.util.concurrent.ThreadPoolExecutor$Worker.run(ThreadPoolExecutor.java:635)
	at java.base/java.lang.Thread.run(Thread.java:840)

[2024-10-02T21:27:39.017+0000] {taskinstance.py:1225} INFO - Marking task as FAILED. dag_id=SitesWebScraping, task_id=Web_Extraction_siteA, run_id=manual__2024-10-02T21:27:26.618163+00:00, execution_date=20241002T212726, start_date=20241002T212728, end_date=20241002T212739
[2024-10-02T21:27:39.034+0000] {taskinstance.py:340} INFO - ::group::Post task execution logs
[2024-10-02T21:27:39.035+0000] {standard_task_runner.py:124} ERROR - Failed to execute job 788 for task Web_Extraction_siteA (Message: Unable to find session with ID: 01d4a923201c3f339dcab8467f61880b
Build info: version: '4.24.0', revision: '748ffc9bc3'
System info: os.name: 'Linux', os.arch: 'amd64', os.version: '5.15.153.1-microsoft-standard-WSL2', java.version: '17.0.12'
Driver info: driver.version: unknown
Stacktrace:
org.openqa.selenium.NoSuchSessionException: Unable to find session with ID: 01d4a923201c3f339dcab8467f61880b
Build info: version: '4.24.0', revision: '748ffc9bc3'
System info: os.name: 'Linux', os.arch: 'amd64', os.version: '5.15.153.1-microsoft-standard-WSL2', java.version: '17.0.12'
Driver info: driver.version: unknown
	at org.openqa.selenium.grid.sessionmap.local.LocalSessionMap.get(LocalSessionMap.java:116)
	at org.openqa.selenium.grid.sessionmap.SessionMap.getUri(SessionMap.java:84)
	at org.openqa.selenium.grid.router.HandleSession.lambda$loadSessionId$4(HandleSession.java:223)
	at io.opentelemetry.context.Context.lambda$wrap$2(Context.java:224)
	at org.openqa.selenium.grid.router.HandleSession.execute(HandleSession.java:180)
	at org.openqa.selenium.remote.http.Route$PredicatedRoute.handle(Route.java:397)
	at org.openqa.selenium.remote.http.Route.execute(Route.java:69)
	at org.openqa.selenium.remote.http.Route$CombinedRoute.handle(Route.java:360)
	at org.openqa.selenium.remote.http.Route.execute(Route.java:69)
	at org.openqa.selenium.grid.router.Router.execute(Router.java:87)
	at org.openqa.selenium.grid.web.EnsureSpecCompliantResponseHeaders.lambda$apply$0(EnsureSpecCompliantResponseHeaders.java:34)
	at org.openqa.selenium.remote.http.Filter$1.execute(Filter.java:63)
	at org.openqa.selenium.remote.http.Route$CombinedRoute.handle(Route.java:360)
	at org.openqa.selenium.remote.http.Route.execute(Route.java:69)
	at org.openqa.selenium.remote.http.Route$NestedRoute.handle(Route.java:270)
	at org.openqa.selenium.remote.http.Route.execute(Route.java:69)
	at org.openqa.selenium.remote.http.Route$CombinedRoute.handle(Route.java:360)
	at org.openqa.selenium.remote.http.Route.execute(Route.java:69)
	at org.openqa.selenium.remote.AddWebDriverSpecHeaders.lambda$apply$0(AddWebDriverSpecHeaders.java:35)
	at org.openqa.selenium.remote.ErrorFilter.lambda$apply$0(ErrorFilter.java:44)
	at org.openqa.selenium.remote.http.Filter$1.execute(Filter.java:63)
	at org.openqa.selenium.remote.ErrorFilter.lambda$apply$0(ErrorFilter.java:44)
	at org.openqa.selenium.remote.http.Filter$1.execute(Filter.java:63)
	at org.openqa.selenium.netty.server.SeleniumHandler.lambda$channelRead0$0(SeleniumHandler.java:44)
	at java.base/java.util.concurrent.Executors$RunnableAdapter.call(Executors.java:539)
	at java.base/java.util.concurrent.FutureTask.run(FutureTask.java:264)
	at java.base/java.util.concurrent.ThreadPoolExecutor.runWorker(ThreadPoolExecutor.java:1136)
	at java.base/java.util.concurrent.ThreadPoolExecutor$Worker.run(ThreadPoolExecutor.java:635)
	at java.base/java.lang.Thread.run(Thread.java:840)
; 1933)
Traceback (most recent call last):
  File "/home/airflow/.local/lib/python3.12/site-packages/airflow/task/task_runner/standard_task_runner.py", line 117, in _start_by_fork
    ret = args.func(args, dag=self.dag)
          ^^^^^^^^^^^^^^^^^^^^^^^^^^^^^
  File "/home/airflow/.local/lib/python3.12/site-packages/airflow/cli/cli_config.py", line 49, in command
    return func(*args, **kwargs)
           ^^^^^^^^^^^^^^^^^^^^^
  File "/home/airflow/.local/lib/python3.12/site-packages/airflow/utils/cli.py", line 115, in wrapper
    return f(*args, **kwargs)
           ^^^^^^^^^^^^^^^^^^
  File "/home/airflow/.local/lib/python3.12/site-packages/airflow/cli/commands/task_command.py", line 483, in task_run
    task_return_code = _run_task_by_selected_method(args, _dag, ti)
                       ^^^^^^^^^^^^^^^^^^^^^^^^^^^^^^^^^^^^^^^^^^^^
  File "/home/airflow/.local/lib/python3.12/site-packages/airflow/cli/commands/task_command.py", line 256, in _run_task_by_selected_method
    return _run_raw_task(args, ti)
           ^^^^^^^^^^^^^^^^^^^^^^^
  File "/home/airflow/.local/lib/python3.12/site-packages/airflow/cli/commands/task_command.py", line 341, in _run_raw_task
    return ti._run_raw_task(
           ^^^^^^^^^^^^^^^^^
  File "/home/airflow/.local/lib/python3.12/site-packages/airflow/utils/session.py", line 97, in wrapper
    return func(*args, session=session, **kwargs)
           ^^^^^^^^^^^^^^^^^^^^^^^^^^^^^^^^^^^^^^
  File "/home/airflow/.local/lib/python3.12/site-packages/airflow/models/taskinstance.py", line 3004, in _run_raw_task
    return _run_raw_task(
           ^^^^^^^^^^^^^^
  File "/home/airflow/.local/lib/python3.12/site-packages/airflow/models/taskinstance.py", line 273, in _run_raw_task
    TaskInstance._execute_task_with_callbacks(
  File "/home/airflow/.local/lib/python3.12/site-packages/airflow/models/taskinstance.py", line 3158, in _execute_task_with_callbacks
    result = self._execute_task(context, task_orig)
             ^^^^^^^^^^^^^^^^^^^^^^^^^^^^^^^^^^^^^^
  File "/home/airflow/.local/lib/python3.12/site-packages/airflow/models/taskinstance.py", line 3182, in _execute_task
    return _execute_task(self, context, task_orig)
           ^^^^^^^^^^^^^^^^^^^^^^^^^^^^^^^^^^^^^^^
  File "/home/airflow/.local/lib/python3.12/site-packages/airflow/models/taskinstance.py", line 767, in _execute_task
    result = _execute_callable(context=context, **execute_callable_kwargs)
             ^^^^^^^^^^^^^^^^^^^^^^^^^^^^^^^^^^^^^^^^^^^^^^^^^^^^^^^^^^^^^
  File "/home/airflow/.local/lib/python3.12/site-packages/airflow/models/taskinstance.py", line 733, in _execute_callable
    return ExecutionCallableRunner(
           ^^^^^^^^^^^^^^^^^^^^^^^^
  File "/home/airflow/.local/lib/python3.12/site-packages/airflow/utils/operator_helpers.py", line 252, in run
    return self.func(*args, **kwargs)
           ^^^^^^^^^^^^^^^^^^^^^^^^^^
  File "/home/airflow/.local/lib/python3.12/site-packages/airflow/models/baseoperator.py", line 406, in wrapper
    return func(self, *args, **kwargs)
           ^^^^^^^^^^^^^^^^^^^^^^^^^^^
  File "/opt/airflow/operators/OperatorSiteBase.py", line 82, in execute
    self.ExtractDates()
  File "/opt/airflow/operators/OperatorSiteBase.py", line 50, in ExtractDates
    driver.get(base_url)
  File "/home/airflow/.local/lib/python3.12/site-packages/selenium/webdriver/remote/webdriver.py", line 363, in get
    self.execute(Command.GET, {"url": url})
  File "/home/airflow/.local/lib/python3.12/site-packages/selenium/webdriver/remote/webdriver.py", line 354, in execute
    self.error_handler.check_response(response)
  File "/home/airflow/.local/lib/python3.12/site-packages/selenium/webdriver/remote/errorhandler.py", line 229, in check_response
    raise exception_class(message, screen, stacktrace)
selenium.common.exceptions.InvalidSessionIdException: Message: Unable to find session with ID: 01d4a923201c3f339dcab8467f61880b
Build info: version: '4.24.0', revision: '748ffc9bc3'
System info: os.name: 'Linux', os.arch: 'amd64', os.version: '5.15.153.1-microsoft-standard-WSL2', java.version: '17.0.12'
Driver info: driver.version: unknown
Stacktrace:
org.openqa.selenium.NoSuchSessionException: Unable to find session with ID: 01d4a923201c3f339dcab8467f61880b
Build info: version: '4.24.0', revision: '748ffc9bc3'
System info: os.name: 'Linux', os.arch: 'amd64', os.version: '5.15.153.1-microsoft-standard-WSL2', java.version: '17.0.12'
Driver info: driver.version: unknown
	at org.openqa.selenium.grid.sessionmap.local.LocalSessionMap.get(LocalSessionMap.java:116)
	at org.openqa.selenium.grid.sessionmap.SessionMap.getUri(SessionMap.java:84)
	at org.openqa.selenium.grid.router.HandleSession.lambda$loadSessionId$4(HandleSession.java:223)
	at io.opentelemetry.context.Context.lambda$wrap$2(Context.java:224)
	at org.openqa.selenium.grid.router.HandleSession.execute(HandleSession.java:180)
	at org.openqa.selenium.remote.http.Route$PredicatedRoute.handle(Route.java:397)
	at org.openqa.selenium.remote.http.Route.execute(Route.java:69)
	at org.openqa.selenium.remote.http.Route$CombinedRoute.handle(Route.java:360)
	at org.openqa.selenium.remote.http.Route.execute(Route.java:69)
	at org.openqa.selenium.grid.router.Router.execute(Router.java:87)
	at org.openqa.selenium.grid.web.EnsureSpecCompliantResponseHeaders.lambda$apply$0(EnsureSpecCompliantResponseHeaders.java:34)
	at org.openqa.selenium.remote.http.Filter$1.execute(Filter.java:63)
	at org.openqa.selenium.remote.http.Route$CombinedRoute.handle(Route.java:360)
	at org.openqa.selenium.remote.http.Route.execute(Route.java:69)
	at org.openqa.selenium.remote.http.Route$NestedRoute.handle(Route.java:270)
	at org.openqa.selenium.remote.http.Route.execute(Route.java:69)
	at org.openqa.selenium.remote.http.Route$CombinedRoute.handle(Route.java:360)
	at org.openqa.selenium.remote.http.Route.execute(Route.java:69)
	at org.openqa.selenium.remote.AddWebDriverSpecHeaders.lambda$apply$0(AddWebDriverSpecHeaders.java:35)
	at org.openqa.selenium.remote.ErrorFilter.lambda$apply$0(ErrorFilter.java:44)
	at org.openqa.selenium.remote.http.Filter$1.execute(Filter.java:63)
	at org.openqa.selenium.remote.ErrorFilter.lambda$apply$0(ErrorFilter.java:44)
	at org.openqa.selenium.remote.http.Filter$1.execute(Filter.java:63)
	at org.openqa.selenium.netty.server.SeleniumHandler.lambda$channelRead0$0(SeleniumHandler.java:44)
	at java.base/java.util.concurrent.Executors$RunnableAdapter.call(Executors.java:539)
	at java.base/java.util.concurrent.FutureTask.run(FutureTask.java:264)
	at java.base/java.util.concurrent.ThreadPoolExecutor.runWorker(ThreadPoolExecutor.java:1136)
	at java.base/java.util.concurrent.ThreadPoolExecutor$Worker.run(ThreadPoolExecutor.java:635)
	at java.base/java.lang.Thread.run(Thread.java:840)

[2024-10-02T21:27:39.069+0000] {local_task_job_runner.py:266} INFO - Task exited with return code 1
[2024-10-02T21:27:39.092+0000] {taskinstance.py:3900} INFO - 0 downstream tasks scheduled from follow-on schedule check
[2024-10-02T21:27:39.098+0000] {local_task_job_runner.py:245} INFO - ::endgroup::
