[2024-09-04T22:40:25.463+0000] {processor.py:186} INFO - Started process (PID=67) to work on /home/airflow/.local/lib/python3.12/site-packages/airflow/example_dags/example_branch_day_of_week_operator.py
[2024-09-04T22:40:25.464+0000] {processor.py:914} INFO - Processing file /home/airflow/.local/lib/python3.12/site-packages/airflow/example_dags/example_branch_day_of_week_operator.py for tasks to queue
[2024-09-04T22:40:25.468+0000] {logging_mixin.py:190} INFO - [2024-09-04T22:40:25.468+0000] {dagbag.py:587} INFO - Filling up the DagBag from /home/airflow/.local/lib/python3.12/site-packages/airflow/example_dags/example_branch_day_of_week_operator.py
[2024-09-04T22:40:25.478+0000] {processor.py:925} INFO - DAG(s) 'example_weekday_branch_operator' retrieved from /home/airflow/.local/lib/python3.12/site-packages/airflow/example_dags/example_branch_day_of_week_operator.py
[2024-09-04T22:40:25.714+0000] {logging_mixin.py:190} INFO - [2024-09-04T22:40:25.713+0000] {override.py:1858} INFO - Created Permission View: can delete on DAG:example_weekday_branch_operator
[2024-09-04T22:40:25.773+0000] {logging_mixin.py:190} INFO - [2024-09-04T22:40:25.773+0000] {override.py:1858} INFO - Created Permission View: can edit on DAG:example_weekday_branch_operator
[2024-09-04T22:40:25.843+0000] {logging_mixin.py:190} INFO - [2024-09-04T22:40:25.842+0000] {override.py:1858} INFO - Created Permission View: can read on DAG:example_weekday_branch_operator
[2024-09-04T22:40:25.843+0000] {logging_mixin.py:190} INFO - [2024-09-04T22:40:25.843+0000] {dag.py:3211} INFO - Sync 1 DAGs
[2024-09-04T22:40:25.857+0000] {logging_mixin.py:190} INFO - [2024-09-04T22:40:25.857+0000] {dag.py:3234} INFO - Creating ORM DAG for example_weekday_branch_operator
[2024-09-04T22:40:25.869+0000] {logging_mixin.py:190} INFO - [2024-09-04T22:40:25.869+0000] {dag.py:4138} INFO - Setting next_dagrun for example_weekday_branch_operator to 2024-09-03 00:00:00+00:00, run_after=2024-09-04 00:00:00+00:00
[2024-09-04T22:40:25.943+0000] {processor.py:208} INFO - Processing /home/airflow/.local/lib/python3.12/site-packages/airflow/example_dags/example_branch_day_of_week_operator.py took 0.485 seconds
[2024-09-04T22:40:56.888+0000] {processor.py:186} INFO - Started process (PID=134) to work on /home/airflow/.local/lib/python3.12/site-packages/airflow/example_dags/example_branch_day_of_week_operator.py
[2024-09-04T22:40:56.889+0000] {processor.py:914} INFO - Processing file /home/airflow/.local/lib/python3.12/site-packages/airflow/example_dags/example_branch_day_of_week_operator.py for tasks to queue
[2024-09-04T22:40:56.892+0000] {logging_mixin.py:190} INFO - [2024-09-04T22:40:56.892+0000] {dagbag.py:587} INFO - Filling up the DagBag from /home/airflow/.local/lib/python3.12/site-packages/airflow/example_dags/example_branch_day_of_week_operator.py
[2024-09-04T22:40:56.900+0000] {processor.py:925} INFO - DAG(s) 'example_weekday_branch_operator' retrieved from /home/airflow/.local/lib/python3.12/site-packages/airflow/example_dags/example_branch_day_of_week_operator.py
[2024-09-04T22:40:56.921+0000] {logging_mixin.py:190} INFO - [2024-09-04T22:40:56.920+0000] {dag.py:3211} INFO - Sync 1 DAGs
[2024-09-04T22:40:56.943+0000] {logging_mixin.py:190} INFO - [2024-09-04T22:40:56.943+0000] {dag.py:4138} INFO - Setting next_dagrun for example_weekday_branch_operator to 2024-09-03 00:00:00+00:00, run_after=2024-09-04 00:00:00+00:00
[2024-09-04T22:40:57.025+0000] {processor.py:208} INFO - Processing /home/airflow/.local/lib/python3.12/site-packages/airflow/example_dags/example_branch_day_of_week_operator.py took 0.141 seconds
[2024-09-04T22:41:27.148+0000] {processor.py:186} INFO - Started process (PID=201) to work on /home/airflow/.local/lib/python3.12/site-packages/airflow/example_dags/example_branch_day_of_week_operator.py
[2024-09-04T22:41:27.149+0000] {processor.py:914} INFO - Processing file /home/airflow/.local/lib/python3.12/site-packages/airflow/example_dags/example_branch_day_of_week_operator.py for tasks to queue
[2024-09-04T22:41:27.152+0000] {logging_mixin.py:190} INFO - [2024-09-04T22:41:27.151+0000] {dagbag.py:587} INFO - Filling up the DagBag from /home/airflow/.local/lib/python3.12/site-packages/airflow/example_dags/example_branch_day_of_week_operator.py
[2024-09-04T22:41:27.160+0000] {processor.py:925} INFO - DAG(s) 'example_weekday_branch_operator' retrieved from /home/airflow/.local/lib/python3.12/site-packages/airflow/example_dags/example_branch_day_of_week_operator.py
[2024-09-04T22:41:27.181+0000] {logging_mixin.py:190} INFO - [2024-09-04T22:41:27.180+0000] {dag.py:3211} INFO - Sync 1 DAGs
[2024-09-04T22:41:27.203+0000] {logging_mixin.py:190} INFO - [2024-09-04T22:41:27.203+0000] {dag.py:4138} INFO - Setting next_dagrun for example_weekday_branch_operator to 2024-09-03 00:00:00+00:00, run_after=2024-09-04 00:00:00+00:00
[2024-09-04T22:41:27.223+0000] {processor.py:208} INFO - Processing /home/airflow/.local/lib/python3.12/site-packages/airflow/example_dags/example_branch_day_of_week_operator.py took 0.080 seconds
[2024-09-04T22:41:57.899+0000] {processor.py:186} INFO - Started process (PID=268) to work on /home/airflow/.local/lib/python3.12/site-packages/airflow/example_dags/example_branch_day_of_week_operator.py
[2024-09-04T22:41:57.900+0000] {processor.py:914} INFO - Processing file /home/airflow/.local/lib/python3.12/site-packages/airflow/example_dags/example_branch_day_of_week_operator.py for tasks to queue
[2024-09-04T22:41:57.901+0000] {logging_mixin.py:190} INFO - [2024-09-04T22:41:57.901+0000] {dagbag.py:587} INFO - Filling up the DagBag from /home/airflow/.local/lib/python3.12/site-packages/airflow/example_dags/example_branch_day_of_week_operator.py
[2024-09-04T22:41:57.909+0000] {processor.py:925} INFO - DAG(s) 'example_weekday_branch_operator' retrieved from /home/airflow/.local/lib/python3.12/site-packages/airflow/example_dags/example_branch_day_of_week_operator.py
[2024-09-04T22:41:57.928+0000] {logging_mixin.py:190} INFO - [2024-09-04T22:41:57.927+0000] {dag.py:3211} INFO - Sync 1 DAGs
[2024-09-04T22:41:57.948+0000] {logging_mixin.py:190} INFO - [2024-09-04T22:41:57.948+0000] {dag.py:4138} INFO - Setting next_dagrun for example_weekday_branch_operator to 2024-09-03 00:00:00+00:00, run_after=2024-09-04 00:00:00+00:00
[2024-09-04T22:42:01.778+0000] {processor.py:208} INFO - Processing /home/airflow/.local/lib/python3.12/site-packages/airflow/example_dags/example_branch_day_of_week_operator.py took 3.884 seconds
[2024-09-04T22:42:31.887+0000] {processor.py:186} INFO - Started process (PID=335) to work on /home/airflow/.local/lib/python3.12/site-packages/airflow/example_dags/example_branch_day_of_week_operator.py
[2024-09-04T22:42:31.888+0000] {processor.py:914} INFO - Processing file /home/airflow/.local/lib/python3.12/site-packages/airflow/example_dags/example_branch_day_of_week_operator.py for tasks to queue
[2024-09-04T22:42:31.890+0000] {logging_mixin.py:190} INFO - [2024-09-04T22:42:31.890+0000] {dagbag.py:587} INFO - Filling up the DagBag from /home/airflow/.local/lib/python3.12/site-packages/airflow/example_dags/example_branch_day_of_week_operator.py
[2024-09-04T22:42:31.899+0000] {processor.py:925} INFO - DAG(s) 'example_weekday_branch_operator' retrieved from /home/airflow/.local/lib/python3.12/site-packages/airflow/example_dags/example_branch_day_of_week_operator.py
[2024-09-04T22:42:31.918+0000] {logging_mixin.py:190} INFO - [2024-09-04T22:42:31.917+0000] {dag.py:3211} INFO - Sync 1 DAGs
[2024-09-04T22:42:31.939+0000] {logging_mixin.py:190} INFO - [2024-09-04T22:42:31.939+0000] {dag.py:4138} INFO - Setting next_dagrun for example_weekday_branch_operator to 2024-09-03 00:00:00+00:00, run_after=2024-09-04 00:00:00+00:00
[2024-09-04T22:42:31.959+0000] {processor.py:208} INFO - Processing /home/airflow/.local/lib/python3.12/site-packages/airflow/example_dags/example_branch_day_of_week_operator.py took 0.078 seconds
[2024-09-04T22:43:02.223+0000] {processor.py:186} INFO - Started process (PID=402) to work on /home/airflow/.local/lib/python3.12/site-packages/airflow/example_dags/example_branch_day_of_week_operator.py
[2024-09-04T22:43:02.224+0000] {processor.py:914} INFO - Processing file /home/airflow/.local/lib/python3.12/site-packages/airflow/example_dags/example_branch_day_of_week_operator.py for tasks to queue
[2024-09-04T22:43:02.227+0000] {logging_mixin.py:190} INFO - [2024-09-04T22:43:02.227+0000] {dagbag.py:587} INFO - Filling up the DagBag from /home/airflow/.local/lib/python3.12/site-packages/airflow/example_dags/example_branch_day_of_week_operator.py
[2024-09-04T22:43:02.236+0000] {processor.py:925} INFO - DAG(s) 'example_weekday_branch_operator' retrieved from /home/airflow/.local/lib/python3.12/site-packages/airflow/example_dags/example_branch_day_of_week_operator.py
[2024-09-04T22:43:02.255+0000] {logging_mixin.py:190} INFO - [2024-09-04T22:43:02.254+0000] {dag.py:3211} INFO - Sync 1 DAGs
[2024-09-04T22:43:02.283+0000] {logging_mixin.py:190} INFO - [2024-09-04T22:43:02.283+0000] {dag.py:4138} INFO - Setting next_dagrun for example_weekday_branch_operator to 2024-09-03 00:00:00+00:00, run_after=2024-09-04 00:00:00+00:00
[2024-09-04T22:43:02.307+0000] {processor.py:208} INFO - Processing /home/airflow/.local/lib/python3.12/site-packages/airflow/example_dags/example_branch_day_of_week_operator.py took 0.088 seconds
[2024-09-04T22:43:32.601+0000] {processor.py:186} INFO - Started process (PID=469) to work on /home/airflow/.local/lib/python3.12/site-packages/airflow/example_dags/example_branch_day_of_week_operator.py
[2024-09-04T22:43:32.602+0000] {processor.py:914} INFO - Processing file /home/airflow/.local/lib/python3.12/site-packages/airflow/example_dags/example_branch_day_of_week_operator.py for tasks to queue
[2024-09-04T22:43:32.605+0000] {logging_mixin.py:190} INFO - [2024-09-04T22:43:32.605+0000] {dagbag.py:587} INFO - Filling up the DagBag from /home/airflow/.local/lib/python3.12/site-packages/airflow/example_dags/example_branch_day_of_week_operator.py
[2024-09-04T22:43:32.613+0000] {processor.py:925} INFO - DAG(s) 'example_weekday_branch_operator' retrieved from /home/airflow/.local/lib/python3.12/site-packages/airflow/example_dags/example_branch_day_of_week_operator.py
[2024-09-04T22:43:32.632+0000] {logging_mixin.py:190} INFO - [2024-09-04T22:43:32.632+0000] {dag.py:3211} INFO - Sync 1 DAGs
[2024-09-04T22:43:32.655+0000] {logging_mixin.py:190} INFO - [2024-09-04T22:43:32.655+0000] {dag.py:4138} INFO - Setting next_dagrun for example_weekday_branch_operator to 2024-09-03 00:00:00+00:00, run_after=2024-09-04 00:00:00+00:00
[2024-09-04T22:43:32.697+0000] {processor.py:208} INFO - Processing /home/airflow/.local/lib/python3.12/site-packages/airflow/example_dags/example_branch_day_of_week_operator.py took 0.102 seconds
[2024-09-04T22:44:03.464+0000] {processor.py:186} INFO - Started process (PID=536) to work on /home/airflow/.local/lib/python3.12/site-packages/airflow/example_dags/example_branch_day_of_week_operator.py
[2024-09-04T22:44:03.465+0000] {processor.py:914} INFO - Processing file /home/airflow/.local/lib/python3.12/site-packages/airflow/example_dags/example_branch_day_of_week_operator.py for tasks to queue
[2024-09-04T22:44:03.467+0000] {logging_mixin.py:190} INFO - [2024-09-04T22:44:03.466+0000] {dagbag.py:587} INFO - Filling up the DagBag from /home/airflow/.local/lib/python3.12/site-packages/airflow/example_dags/example_branch_day_of_week_operator.py
[2024-09-04T22:44:03.475+0000] {processor.py:925} INFO - DAG(s) 'example_weekday_branch_operator' retrieved from /home/airflow/.local/lib/python3.12/site-packages/airflow/example_dags/example_branch_day_of_week_operator.py
[2024-09-04T22:44:03.498+0000] {logging_mixin.py:190} INFO - [2024-09-04T22:44:03.498+0000] {dag.py:3211} INFO - Sync 1 DAGs
[2024-09-04T22:44:03.519+0000] {logging_mixin.py:190} INFO - [2024-09-04T22:44:03.519+0000] {dag.py:4138} INFO - Setting next_dagrun for example_weekday_branch_operator to 2024-09-03 00:00:00+00:00, run_after=2024-09-04 00:00:00+00:00
[2024-09-04T22:44:03.538+0000] {processor.py:208} INFO - Processing /home/airflow/.local/lib/python3.12/site-packages/airflow/example_dags/example_branch_day_of_week_operator.py took 0.079 seconds
[2024-09-04T22:44:33.890+0000] {processor.py:186} INFO - Started process (PID=604) to work on /home/airflow/.local/lib/python3.12/site-packages/airflow/example_dags/example_branch_day_of_week_operator.py
[2024-09-04T22:44:33.891+0000] {processor.py:914} INFO - Processing file /home/airflow/.local/lib/python3.12/site-packages/airflow/example_dags/example_branch_day_of_week_operator.py for tasks to queue
[2024-09-04T22:44:33.894+0000] {logging_mixin.py:190} INFO - [2024-09-04T22:44:33.893+0000] {dagbag.py:587} INFO - Filling up the DagBag from /home/airflow/.local/lib/python3.12/site-packages/airflow/example_dags/example_branch_day_of_week_operator.py
[2024-09-04T22:44:33.902+0000] {processor.py:925} INFO - DAG(s) 'example_weekday_branch_operator' retrieved from /home/airflow/.local/lib/python3.12/site-packages/airflow/example_dags/example_branch_day_of_week_operator.py
[2024-09-04T22:44:33.921+0000] {logging_mixin.py:190} INFO - [2024-09-04T22:44:33.921+0000] {dag.py:3211} INFO - Sync 1 DAGs
[2024-09-04T22:44:33.942+0000] {logging_mixin.py:190} INFO - [2024-09-04T22:44:33.942+0000] {dag.py:4138} INFO - Setting next_dagrun for example_weekday_branch_operator to 2024-09-03 00:00:00+00:00, run_after=2024-09-04 00:00:00+00:00
[2024-09-04T22:44:34.039+0000] {processor.py:208} INFO - Processing /home/airflow/.local/lib/python3.12/site-packages/airflow/example_dags/example_branch_day_of_week_operator.py took 0.155 seconds
[2024-09-04T22:45:04.297+0000] {processor.py:186} INFO - Started process (PID=671) to work on /home/airflow/.local/lib/python3.12/site-packages/airflow/example_dags/example_branch_day_of_week_operator.py
[2024-09-04T22:45:04.298+0000] {processor.py:914} INFO - Processing file /home/airflow/.local/lib/python3.12/site-packages/airflow/example_dags/example_branch_day_of_week_operator.py for tasks to queue
[2024-09-04T22:45:04.300+0000] {logging_mixin.py:190} INFO - [2024-09-04T22:45:04.300+0000] {dagbag.py:587} INFO - Filling up the DagBag from /home/airflow/.local/lib/python3.12/site-packages/airflow/example_dags/example_branch_day_of_week_operator.py
[2024-09-04T22:45:04.309+0000] {processor.py:925} INFO - DAG(s) 'example_weekday_branch_operator' retrieved from /home/airflow/.local/lib/python3.12/site-packages/airflow/example_dags/example_branch_day_of_week_operator.py
[2024-09-04T22:45:04.329+0000] {logging_mixin.py:190} INFO - [2024-09-04T22:45:04.329+0000] {dag.py:3211} INFO - Sync 1 DAGs
[2024-09-04T22:45:04.351+0000] {logging_mixin.py:190} INFO - [2024-09-04T22:45:04.350+0000] {dag.py:4138} INFO - Setting next_dagrun for example_weekday_branch_operator to 2024-09-03 00:00:00+00:00, run_after=2024-09-04 00:00:00+00:00
[2024-09-04T22:45:04.368+0000] {processor.py:208} INFO - Processing /home/airflow/.local/lib/python3.12/site-packages/airflow/example_dags/example_branch_day_of_week_operator.py took 0.077 seconds
[2024-09-04T22:45:34.826+0000] {processor.py:186} INFO - Started process (PID=738) to work on /home/airflow/.local/lib/python3.12/site-packages/airflow/example_dags/example_branch_day_of_week_operator.py
[2024-09-04T22:45:34.827+0000] {processor.py:914} INFO - Processing file /home/airflow/.local/lib/python3.12/site-packages/airflow/example_dags/example_branch_day_of_week_operator.py for tasks to queue
[2024-09-04T22:45:34.830+0000] {logging_mixin.py:190} INFO - [2024-09-04T22:45:34.830+0000] {dagbag.py:587} INFO - Filling up the DagBag from /home/airflow/.local/lib/python3.12/site-packages/airflow/example_dags/example_branch_day_of_week_operator.py
[2024-09-04T22:45:34.838+0000] {processor.py:925} INFO - DAG(s) 'example_weekday_branch_operator' retrieved from /home/airflow/.local/lib/python3.12/site-packages/airflow/example_dags/example_branch_day_of_week_operator.py
[2024-09-04T22:45:34.857+0000] {logging_mixin.py:190} INFO - [2024-09-04T22:45:34.857+0000] {dag.py:3211} INFO - Sync 1 DAGs
[2024-09-04T22:45:34.878+0000] {logging_mixin.py:190} INFO - [2024-09-04T22:45:34.878+0000] {dag.py:4138} INFO - Setting next_dagrun for example_weekday_branch_operator to 2024-09-03 00:00:00+00:00, run_after=2024-09-04 00:00:00+00:00
[2024-09-04T22:45:34.898+0000] {processor.py:208} INFO - Processing /home/airflow/.local/lib/python3.12/site-packages/airflow/example_dags/example_branch_day_of_week_operator.py took 0.077 seconds
[2024-09-04T22:46:05.505+0000] {processor.py:186} INFO - Started process (PID=805) to work on /home/airflow/.local/lib/python3.12/site-packages/airflow/example_dags/example_branch_day_of_week_operator.py
[2024-09-04T22:46:05.506+0000] {processor.py:914} INFO - Processing file /home/airflow/.local/lib/python3.12/site-packages/airflow/example_dags/example_branch_day_of_week_operator.py for tasks to queue
[2024-09-04T22:46:05.513+0000] {logging_mixin.py:190} INFO - [2024-09-04T22:46:05.513+0000] {dagbag.py:587} INFO - Filling up the DagBag from /home/airflow/.local/lib/python3.12/site-packages/airflow/example_dags/example_branch_day_of_week_operator.py
[2024-09-04T22:46:05.521+0000] {processor.py:925} INFO - DAG(s) 'example_weekday_branch_operator' retrieved from /home/airflow/.local/lib/python3.12/site-packages/airflow/example_dags/example_branch_day_of_week_operator.py
[2024-09-04T22:46:05.547+0000] {logging_mixin.py:190} INFO - [2024-09-04T22:46:05.546+0000] {dag.py:3211} INFO - Sync 1 DAGs
[2024-09-04T22:46:05.597+0000] {logging_mixin.py:190} INFO - [2024-09-04T22:46:05.597+0000] {dag.py:4138} INFO - Setting next_dagrun for example_weekday_branch_operator to 2024-09-03 00:00:00+00:00, run_after=2024-09-04 00:00:00+00:00
[2024-09-04T22:46:05.618+0000] {processor.py:208} INFO - Processing /home/airflow/.local/lib/python3.12/site-packages/airflow/example_dags/example_branch_day_of_week_operator.py took 0.118 seconds
[2024-09-04T22:46:35.940+0000] {processor.py:186} INFO - Started process (PID=872) to work on /home/airflow/.local/lib/python3.12/site-packages/airflow/example_dags/example_branch_day_of_week_operator.py
[2024-09-04T22:46:35.941+0000] {processor.py:914} INFO - Processing file /home/airflow/.local/lib/python3.12/site-packages/airflow/example_dags/example_branch_day_of_week_operator.py for tasks to queue
[2024-09-04T22:46:35.944+0000] {logging_mixin.py:190} INFO - [2024-09-04T22:46:35.943+0000] {dagbag.py:587} INFO - Filling up the DagBag from /home/airflow/.local/lib/python3.12/site-packages/airflow/example_dags/example_branch_day_of_week_operator.py
[2024-09-04T22:46:35.953+0000] {processor.py:925} INFO - DAG(s) 'example_weekday_branch_operator' retrieved from /home/airflow/.local/lib/python3.12/site-packages/airflow/example_dags/example_branch_day_of_week_operator.py
[2024-09-04T22:46:35.973+0000] {logging_mixin.py:190} INFO - [2024-09-04T22:46:35.973+0000] {dag.py:3211} INFO - Sync 1 DAGs
[2024-09-04T22:46:36.003+0000] {logging_mixin.py:190} INFO - [2024-09-04T22:46:36.003+0000] {dag.py:4138} INFO - Setting next_dagrun for example_weekday_branch_operator to 2024-09-03 00:00:00+00:00, run_after=2024-09-04 00:00:00+00:00
[2024-09-04T22:46:36.027+0000] {processor.py:208} INFO - Processing /home/airflow/.local/lib/python3.12/site-packages/airflow/example_dags/example_branch_day_of_week_operator.py took 0.092 seconds
[2024-09-04T22:47:06.535+0000] {processor.py:186} INFO - Started process (PID=939) to work on /home/airflow/.local/lib/python3.12/site-packages/airflow/example_dags/example_branch_day_of_week_operator.py
[2024-09-04T22:47:06.536+0000] {processor.py:914} INFO - Processing file /home/airflow/.local/lib/python3.12/site-packages/airflow/example_dags/example_branch_day_of_week_operator.py for tasks to queue
[2024-09-04T22:47:06.538+0000] {logging_mixin.py:190} INFO - [2024-09-04T22:47:06.538+0000] {dagbag.py:587} INFO - Filling up the DagBag from /home/airflow/.local/lib/python3.12/site-packages/airflow/example_dags/example_branch_day_of_week_operator.py
[2024-09-04T22:47:06.547+0000] {processor.py:925} INFO - DAG(s) 'example_weekday_branch_operator' retrieved from /home/airflow/.local/lib/python3.12/site-packages/airflow/example_dags/example_branch_day_of_week_operator.py
[2024-09-04T22:47:06.566+0000] {logging_mixin.py:190} INFO - [2024-09-04T22:47:06.566+0000] {dag.py:3211} INFO - Sync 1 DAGs
[2024-09-04T22:47:06.592+0000] {logging_mixin.py:190} INFO - [2024-09-04T22:47:06.592+0000] {dag.py:4138} INFO - Setting next_dagrun for example_weekday_branch_operator to 2024-09-03 00:00:00+00:00, run_after=2024-09-04 00:00:00+00:00
[2024-09-04T22:47:06.692+0000] {processor.py:208} INFO - Processing /home/airflow/.local/lib/python3.12/site-packages/airflow/example_dags/example_branch_day_of_week_operator.py took 0.163 seconds
[2024-09-04T22:47:36.877+0000] {processor.py:186} INFO - Started process (PID=1006) to work on /home/airflow/.local/lib/python3.12/site-packages/airflow/example_dags/example_branch_day_of_week_operator.py
[2024-09-04T22:47:36.878+0000] {processor.py:914} INFO - Processing file /home/airflow/.local/lib/python3.12/site-packages/airflow/example_dags/example_branch_day_of_week_operator.py for tasks to queue
[2024-09-04T22:47:36.880+0000] {logging_mixin.py:190} INFO - [2024-09-04T22:47:36.879+0000] {dagbag.py:587} INFO - Filling up the DagBag from /home/airflow/.local/lib/python3.12/site-packages/airflow/example_dags/example_branch_day_of_week_operator.py
[2024-09-04T22:47:36.888+0000] {processor.py:925} INFO - DAG(s) 'example_weekday_branch_operator' retrieved from /home/airflow/.local/lib/python3.12/site-packages/airflow/example_dags/example_branch_day_of_week_operator.py
[2024-09-04T22:47:36.907+0000] {logging_mixin.py:190} INFO - [2024-09-04T22:47:36.907+0000] {dag.py:3211} INFO - Sync 1 DAGs
[2024-09-04T22:47:36.929+0000] {logging_mixin.py:190} INFO - [2024-09-04T22:47:36.928+0000] {dag.py:4138} INFO - Setting next_dagrun for example_weekday_branch_operator to 2024-09-03 00:00:00+00:00, run_after=2024-09-04 00:00:00+00:00
[2024-09-04T22:47:36.950+0000] {processor.py:208} INFO - Processing /home/airflow/.local/lib/python3.12/site-packages/airflow/example_dags/example_branch_day_of_week_operator.py took 0.079 seconds
[2024-09-04T22:48:07.380+0000] {processor.py:186} INFO - Started process (PID=1073) to work on /home/airflow/.local/lib/python3.12/site-packages/airflow/example_dags/example_branch_day_of_week_operator.py
[2024-09-04T22:48:07.381+0000] {processor.py:914} INFO - Processing file /home/airflow/.local/lib/python3.12/site-packages/airflow/example_dags/example_branch_day_of_week_operator.py for tasks to queue
[2024-09-04T22:48:07.383+0000] {logging_mixin.py:190} INFO - [2024-09-04T22:48:07.382+0000] {dagbag.py:587} INFO - Filling up the DagBag from /home/airflow/.local/lib/python3.12/site-packages/airflow/example_dags/example_branch_day_of_week_operator.py
[2024-09-04T22:48:07.391+0000] {processor.py:925} INFO - DAG(s) 'example_weekday_branch_operator' retrieved from /home/airflow/.local/lib/python3.12/site-packages/airflow/example_dags/example_branch_day_of_week_operator.py
[2024-09-04T22:48:07.410+0000] {logging_mixin.py:190} INFO - [2024-09-04T22:48:07.410+0000] {dag.py:3211} INFO - Sync 1 DAGs
[2024-09-04T22:48:07.430+0000] {logging_mixin.py:190} INFO - [2024-09-04T22:48:07.430+0000] {dag.py:4138} INFO - Setting next_dagrun for example_weekday_branch_operator to 2024-09-03 00:00:00+00:00, run_after=2024-09-04 00:00:00+00:00
[2024-09-04T22:48:07.448+0000] {processor.py:208} INFO - Processing /home/airflow/.local/lib/python3.12/site-packages/airflow/example_dags/example_branch_day_of_week_operator.py took 0.073 seconds
[2024-09-04T22:48:37.993+0000] {processor.py:186} INFO - Started process (PID=1140) to work on /home/airflow/.local/lib/python3.12/site-packages/airflow/example_dags/example_branch_day_of_week_operator.py
[2024-09-04T22:48:37.994+0000] {processor.py:914} INFO - Processing file /home/airflow/.local/lib/python3.12/site-packages/airflow/example_dags/example_branch_day_of_week_operator.py for tasks to queue
[2024-09-04T22:48:37.996+0000] {logging_mixin.py:190} INFO - [2024-09-04T22:48:37.996+0000] {dagbag.py:587} INFO - Filling up the DagBag from /home/airflow/.local/lib/python3.12/site-packages/airflow/example_dags/example_branch_day_of_week_operator.py
[2024-09-04T22:48:38.004+0000] {processor.py:925} INFO - DAG(s) 'example_weekday_branch_operator' retrieved from /home/airflow/.local/lib/python3.12/site-packages/airflow/example_dags/example_branch_day_of_week_operator.py
[2024-09-04T22:48:38.023+0000] {logging_mixin.py:190} INFO - [2024-09-04T22:48:38.023+0000] {dag.py:3211} INFO - Sync 1 DAGs
[2024-09-04T22:48:38.044+0000] {logging_mixin.py:190} INFO - [2024-09-04T22:48:38.044+0000] {dag.py:4138} INFO - Setting next_dagrun for example_weekday_branch_operator to 2024-09-03 00:00:00+00:00, run_after=2024-09-04 00:00:00+00:00
[2024-09-04T22:48:38.064+0000] {processor.py:208} INFO - Processing /home/airflow/.local/lib/python3.12/site-packages/airflow/example_dags/example_branch_day_of_week_operator.py took 0.076 seconds
[2024-09-04T22:49:08.213+0000] {processor.py:186} INFO - Started process (PID=1207) to work on /home/airflow/.local/lib/python3.12/site-packages/airflow/example_dags/example_branch_day_of_week_operator.py
[2024-09-04T22:49:08.214+0000] {processor.py:914} INFO - Processing file /home/airflow/.local/lib/python3.12/site-packages/airflow/example_dags/example_branch_day_of_week_operator.py for tasks to queue
[2024-09-04T22:49:08.216+0000] {logging_mixin.py:190} INFO - [2024-09-04T22:49:08.216+0000] {dagbag.py:587} INFO - Filling up the DagBag from /home/airflow/.local/lib/python3.12/site-packages/airflow/example_dags/example_branch_day_of_week_operator.py
[2024-09-04T22:49:08.225+0000] {processor.py:925} INFO - DAG(s) 'example_weekday_branch_operator' retrieved from /home/airflow/.local/lib/python3.12/site-packages/airflow/example_dags/example_branch_day_of_week_operator.py
[2024-09-04T22:49:08.244+0000] {logging_mixin.py:190} INFO - [2024-09-04T22:49:08.243+0000] {dag.py:3211} INFO - Sync 1 DAGs
[2024-09-04T22:49:08.265+0000] {logging_mixin.py:190} INFO - [2024-09-04T22:49:08.264+0000] {dag.py:4138} INFO - Setting next_dagrun for example_weekday_branch_operator to 2024-09-03 00:00:00+00:00, run_after=2024-09-04 00:00:00+00:00
[2024-09-04T22:49:08.284+0000] {processor.py:208} INFO - Processing /home/airflow/.local/lib/python3.12/site-packages/airflow/example_dags/example_branch_day_of_week_operator.py took 0.076 seconds
[2024-09-04T22:49:38.398+0000] {processor.py:186} INFO - Started process (PID=1274) to work on /home/airflow/.local/lib/python3.12/site-packages/airflow/example_dags/example_branch_day_of_week_operator.py
[2024-09-04T22:49:38.399+0000] {processor.py:914} INFO - Processing file /home/airflow/.local/lib/python3.12/site-packages/airflow/example_dags/example_branch_day_of_week_operator.py for tasks to queue
[2024-09-04T22:49:38.401+0000] {logging_mixin.py:190} INFO - [2024-09-04T22:49:38.401+0000] {dagbag.py:587} INFO - Filling up the DagBag from /home/airflow/.local/lib/python3.12/site-packages/airflow/example_dags/example_branch_day_of_week_operator.py
[2024-09-04T22:49:38.409+0000] {processor.py:925} INFO - DAG(s) 'example_weekday_branch_operator' retrieved from /home/airflow/.local/lib/python3.12/site-packages/airflow/example_dags/example_branch_day_of_week_operator.py
[2024-09-04T22:49:38.427+0000] {logging_mixin.py:190} INFO - [2024-09-04T22:49:38.427+0000] {dag.py:3211} INFO - Sync 1 DAGs
[2024-09-04T22:49:38.448+0000] {logging_mixin.py:190} INFO - [2024-09-04T22:49:38.448+0000] {dag.py:4138} INFO - Setting next_dagrun for example_weekday_branch_operator to 2024-09-03 00:00:00+00:00, run_after=2024-09-04 00:00:00+00:00
[2024-09-04T22:49:38.469+0000] {processor.py:208} INFO - Processing /home/airflow/.local/lib/python3.12/site-packages/airflow/example_dags/example_branch_day_of_week_operator.py took 0.077 seconds
[2024-09-04T22:50:08.524+0000] {processor.py:186} INFO - Started process (PID=1340) to work on /home/airflow/.local/lib/python3.12/site-packages/airflow/example_dags/example_branch_day_of_week_operator.py
[2024-09-04T22:50:08.525+0000] {processor.py:914} INFO - Processing file /home/airflow/.local/lib/python3.12/site-packages/airflow/example_dags/example_branch_day_of_week_operator.py for tasks to queue
[2024-09-04T22:50:08.527+0000] {logging_mixin.py:190} INFO - [2024-09-04T22:50:08.526+0000] {dagbag.py:587} INFO - Filling up the DagBag from /home/airflow/.local/lib/python3.12/site-packages/airflow/example_dags/example_branch_day_of_week_operator.py
[2024-09-04T22:50:08.535+0000] {processor.py:925} INFO - DAG(s) 'example_weekday_branch_operator' retrieved from /home/airflow/.local/lib/python3.12/site-packages/airflow/example_dags/example_branch_day_of_week_operator.py
[2024-09-04T22:50:08.553+0000] {logging_mixin.py:190} INFO - [2024-09-04T22:50:08.553+0000] {dag.py:3211} INFO - Sync 1 DAGs
[2024-09-04T22:50:08.573+0000] {logging_mixin.py:190} INFO - [2024-09-04T22:50:08.573+0000] {dag.py:4138} INFO - Setting next_dagrun for example_weekday_branch_operator to 2024-09-03 00:00:00+00:00, run_after=2024-09-04 00:00:00+00:00
[2024-09-04T22:50:08.592+0000] {processor.py:208} INFO - Processing /home/airflow/.local/lib/python3.12/site-packages/airflow/example_dags/example_branch_day_of_week_operator.py took 0.074 seconds
[2024-09-04T22:50:38.758+0000] {processor.py:186} INFO - Started process (PID=1407) to work on /home/airflow/.local/lib/python3.12/site-packages/airflow/example_dags/example_branch_day_of_week_operator.py
[2024-09-04T22:50:38.759+0000] {processor.py:914} INFO - Processing file /home/airflow/.local/lib/python3.12/site-packages/airflow/example_dags/example_branch_day_of_week_operator.py for tasks to queue
[2024-09-04T22:50:38.761+0000] {logging_mixin.py:190} INFO - [2024-09-04T22:50:38.760+0000] {dagbag.py:587} INFO - Filling up the DagBag from /home/airflow/.local/lib/python3.12/site-packages/airflow/example_dags/example_branch_day_of_week_operator.py
[2024-09-04T22:50:38.768+0000] {processor.py:925} INFO - DAG(s) 'example_weekday_branch_operator' retrieved from /home/airflow/.local/lib/python3.12/site-packages/airflow/example_dags/example_branch_day_of_week_operator.py
[2024-09-04T22:50:38.786+0000] {logging_mixin.py:190} INFO - [2024-09-04T22:50:38.786+0000] {dag.py:3211} INFO - Sync 1 DAGs
[2024-09-04T22:50:38.808+0000] {logging_mixin.py:190} INFO - [2024-09-04T22:50:38.807+0000] {dag.py:4138} INFO - Setting next_dagrun for example_weekday_branch_operator to 2024-09-03 00:00:00+00:00, run_after=2024-09-04 00:00:00+00:00
[2024-09-04T22:50:38.826+0000] {processor.py:208} INFO - Processing /home/airflow/.local/lib/python3.12/site-packages/airflow/example_dags/example_branch_day_of_week_operator.py took 0.073 seconds
[2024-09-04T22:51:08.939+0000] {processor.py:186} INFO - Started process (PID=1475) to work on /home/airflow/.local/lib/python3.12/site-packages/airflow/example_dags/example_branch_day_of_week_operator.py
[2024-09-04T22:51:08.940+0000] {processor.py:914} INFO - Processing file /home/airflow/.local/lib/python3.12/site-packages/airflow/example_dags/example_branch_day_of_week_operator.py for tasks to queue
[2024-09-04T22:51:08.942+0000] {logging_mixin.py:190} INFO - [2024-09-04T22:51:08.942+0000] {dagbag.py:587} INFO - Filling up the DagBag from /home/airflow/.local/lib/python3.12/site-packages/airflow/example_dags/example_branch_day_of_week_operator.py
[2024-09-04T22:51:08.950+0000] {processor.py:925} INFO - DAG(s) 'example_weekday_branch_operator' retrieved from /home/airflow/.local/lib/python3.12/site-packages/airflow/example_dags/example_branch_day_of_week_operator.py
[2024-09-04T22:51:08.968+0000] {logging_mixin.py:190} INFO - [2024-09-04T22:51:08.967+0000] {dag.py:3211} INFO - Sync 1 DAGs
[2024-09-04T22:51:08.989+0000] {logging_mixin.py:190} INFO - [2024-09-04T22:51:08.988+0000] {dag.py:4138} INFO - Setting next_dagrun for example_weekday_branch_operator to 2024-09-03 00:00:00+00:00, run_after=2024-09-04 00:00:00+00:00
[2024-09-04T22:51:09.008+0000] {processor.py:208} INFO - Processing /home/airflow/.local/lib/python3.12/site-packages/airflow/example_dags/example_branch_day_of_week_operator.py took 0.074 seconds
[2024-09-04T22:51:39.554+0000] {processor.py:186} INFO - Started process (PID=1542) to work on /home/airflow/.local/lib/python3.12/site-packages/airflow/example_dags/example_branch_day_of_week_operator.py
[2024-09-04T22:51:39.562+0000] {processor.py:914} INFO - Processing file /home/airflow/.local/lib/python3.12/site-packages/airflow/example_dags/example_branch_day_of_week_operator.py for tasks to queue
[2024-09-04T22:51:39.565+0000] {logging_mixin.py:190} INFO - [2024-09-04T22:51:39.565+0000] {dagbag.py:587} INFO - Filling up the DagBag from /home/airflow/.local/lib/python3.12/site-packages/airflow/example_dags/example_branch_day_of_week_operator.py
[2024-09-04T22:51:39.584+0000] {processor.py:925} INFO - DAG(s) 'example_weekday_branch_operator' retrieved from /home/airflow/.local/lib/python3.12/site-packages/airflow/example_dags/example_branch_day_of_week_operator.py
[2024-09-04T22:51:39.616+0000] {logging_mixin.py:190} INFO - [2024-09-04T22:51:39.616+0000] {dag.py:3211} INFO - Sync 1 DAGs
[2024-09-04T22:51:39.653+0000] {logging_mixin.py:190} INFO - [2024-09-04T22:51:39.653+0000] {dag.py:4138} INFO - Setting next_dagrun for example_weekday_branch_operator to 2024-09-03 00:00:00+00:00, run_after=2024-09-04 00:00:00+00:00
[2024-09-04T22:51:39.792+0000] {processor.py:208} INFO - Processing /home/airflow/.local/lib/python3.12/site-packages/airflow/example_dags/example_branch_day_of_week_operator.py took 0.251 seconds
[2024-09-04T22:52:10.324+0000] {processor.py:186} INFO - Started process (PID=1609) to work on /home/airflow/.local/lib/python3.12/site-packages/airflow/example_dags/example_branch_day_of_week_operator.py
[2024-09-04T22:52:10.324+0000] {processor.py:914} INFO - Processing file /home/airflow/.local/lib/python3.12/site-packages/airflow/example_dags/example_branch_day_of_week_operator.py for tasks to queue
[2024-09-04T22:52:10.326+0000] {logging_mixin.py:190} INFO - [2024-09-04T22:52:10.326+0000] {dagbag.py:587} INFO - Filling up the DagBag from /home/airflow/.local/lib/python3.12/site-packages/airflow/example_dags/example_branch_day_of_week_operator.py
[2024-09-04T22:52:10.334+0000] {processor.py:925} INFO - DAG(s) 'example_weekday_branch_operator' retrieved from /home/airflow/.local/lib/python3.12/site-packages/airflow/example_dags/example_branch_day_of_week_operator.py
[2024-09-04T22:52:10.351+0000] {logging_mixin.py:190} INFO - [2024-09-04T22:52:10.351+0000] {dag.py:3211} INFO - Sync 1 DAGs
[2024-09-04T22:52:10.371+0000] {logging_mixin.py:190} INFO - [2024-09-04T22:52:10.371+0000] {dag.py:4138} INFO - Setting next_dagrun for example_weekday_branch_operator to 2024-09-03 00:00:00+00:00, run_after=2024-09-04 00:00:00+00:00
[2024-09-04T22:52:10.388+0000] {processor.py:208} INFO - Processing /home/airflow/.local/lib/python3.12/site-packages/airflow/example_dags/example_branch_day_of_week_operator.py took 0.069 seconds
[2024-09-04T22:52:41.296+0000] {processor.py:186} INFO - Started process (PID=1676) to work on /home/airflow/.local/lib/python3.12/site-packages/airflow/example_dags/example_branch_day_of_week_operator.py
[2024-09-04T22:52:41.297+0000] {processor.py:914} INFO - Processing file /home/airflow/.local/lib/python3.12/site-packages/airflow/example_dags/example_branch_day_of_week_operator.py for tasks to queue
[2024-09-04T22:52:41.299+0000] {logging_mixin.py:190} INFO - [2024-09-04T22:52:41.299+0000] {dagbag.py:587} INFO - Filling up the DagBag from /home/airflow/.local/lib/python3.12/site-packages/airflow/example_dags/example_branch_day_of_week_operator.py
[2024-09-04T22:52:41.308+0000] {processor.py:925} INFO - DAG(s) 'example_weekday_branch_operator' retrieved from /home/airflow/.local/lib/python3.12/site-packages/airflow/example_dags/example_branch_day_of_week_operator.py
[2024-09-04T22:52:41.327+0000] {logging_mixin.py:190} INFO - [2024-09-04T22:52:41.327+0000] {dag.py:3211} INFO - Sync 1 DAGs
[2024-09-04T22:52:41.348+0000] {logging_mixin.py:190} INFO - [2024-09-04T22:52:41.348+0000] {dag.py:4138} INFO - Setting next_dagrun for example_weekday_branch_operator to 2024-09-03 00:00:00+00:00, run_after=2024-09-04 00:00:00+00:00
[2024-09-04T22:52:41.369+0000] {processor.py:208} INFO - Processing /home/airflow/.local/lib/python3.12/site-packages/airflow/example_dags/example_branch_day_of_week_operator.py took 0.078 seconds
[2024-09-04T22:53:11.867+0000] {processor.py:186} INFO - Started process (PID=1743) to work on /home/airflow/.local/lib/python3.12/site-packages/airflow/example_dags/example_branch_day_of_week_operator.py
[2024-09-04T22:53:11.868+0000] {processor.py:914} INFO - Processing file /home/airflow/.local/lib/python3.12/site-packages/airflow/example_dags/example_branch_day_of_week_operator.py for tasks to queue
[2024-09-04T22:53:11.870+0000] {logging_mixin.py:190} INFO - [2024-09-04T22:53:11.870+0000] {dagbag.py:587} INFO - Filling up the DagBag from /home/airflow/.local/lib/python3.12/site-packages/airflow/example_dags/example_branch_day_of_week_operator.py
[2024-09-04T22:53:11.878+0000] {processor.py:925} INFO - DAG(s) 'example_weekday_branch_operator' retrieved from /home/airflow/.local/lib/python3.12/site-packages/airflow/example_dags/example_branch_day_of_week_operator.py
[2024-09-04T22:53:11.896+0000] {logging_mixin.py:190} INFO - [2024-09-04T22:53:11.896+0000] {dag.py:3211} INFO - Sync 1 DAGs
[2024-09-04T22:53:11.916+0000] {logging_mixin.py:190} INFO - [2024-09-04T22:53:11.916+0000] {dag.py:4138} INFO - Setting next_dagrun for example_weekday_branch_operator to 2024-09-03 00:00:00+00:00, run_after=2024-09-04 00:00:00+00:00
[2024-09-04T22:53:11.933+0000] {processor.py:208} INFO - Processing /home/airflow/.local/lib/python3.12/site-packages/airflow/example_dags/example_branch_day_of_week_operator.py took 0.071 seconds
[2024-09-04T22:53:42.593+0000] {processor.py:186} INFO - Started process (PID=1809) to work on /home/airflow/.local/lib/python3.12/site-packages/airflow/example_dags/example_branch_day_of_week_operator.py
[2024-09-04T22:53:42.594+0000] {processor.py:914} INFO - Processing file /home/airflow/.local/lib/python3.12/site-packages/airflow/example_dags/example_branch_day_of_week_operator.py for tasks to queue
[2024-09-04T22:53:42.596+0000] {logging_mixin.py:190} INFO - [2024-09-04T22:53:42.596+0000] {dagbag.py:587} INFO - Filling up the DagBag from /home/airflow/.local/lib/python3.12/site-packages/airflow/example_dags/example_branch_day_of_week_operator.py
[2024-09-04T22:53:42.604+0000] {processor.py:925} INFO - DAG(s) 'example_weekday_branch_operator' retrieved from /home/airflow/.local/lib/python3.12/site-packages/airflow/example_dags/example_branch_day_of_week_operator.py
[2024-09-04T22:53:42.621+0000] {logging_mixin.py:190} INFO - [2024-09-04T22:53:42.621+0000] {dag.py:3211} INFO - Sync 1 DAGs
[2024-09-04T22:53:42.643+0000] {logging_mixin.py:190} INFO - [2024-09-04T22:53:42.643+0000] {dag.py:4138} INFO - Setting next_dagrun for example_weekday_branch_operator to 2024-09-03 00:00:00+00:00, run_after=2024-09-04 00:00:00+00:00
[2024-09-04T22:53:42.663+0000] {processor.py:208} INFO - Processing /home/airflow/.local/lib/python3.12/site-packages/airflow/example_dags/example_branch_day_of_week_operator.py took 0.075 seconds
[2024-09-04T22:54:13.279+0000] {processor.py:186} INFO - Started process (PID=1876) to work on /home/airflow/.local/lib/python3.12/site-packages/airflow/example_dags/example_branch_day_of_week_operator.py
[2024-09-04T22:54:13.280+0000] {processor.py:914} INFO - Processing file /home/airflow/.local/lib/python3.12/site-packages/airflow/example_dags/example_branch_day_of_week_operator.py for tasks to queue
[2024-09-04T22:54:13.282+0000] {logging_mixin.py:190} INFO - [2024-09-04T22:54:13.281+0000] {dagbag.py:587} INFO - Filling up the DagBag from /home/airflow/.local/lib/python3.12/site-packages/airflow/example_dags/example_branch_day_of_week_operator.py
[2024-09-04T22:54:13.290+0000] {processor.py:925} INFO - DAG(s) 'example_weekday_branch_operator' retrieved from /home/airflow/.local/lib/python3.12/site-packages/airflow/example_dags/example_branch_day_of_week_operator.py
[2024-09-04T22:54:13.307+0000] {logging_mixin.py:190} INFO - [2024-09-04T22:54:13.307+0000] {dag.py:3211} INFO - Sync 1 DAGs
[2024-09-04T22:54:13.327+0000] {logging_mixin.py:190} INFO - [2024-09-04T22:54:13.327+0000] {dag.py:4138} INFO - Setting next_dagrun for example_weekday_branch_operator to 2024-09-03 00:00:00+00:00, run_after=2024-09-04 00:00:00+00:00
[2024-09-04T22:54:13.346+0000] {processor.py:208} INFO - Processing /home/airflow/.local/lib/python3.12/site-packages/airflow/example_dags/example_branch_day_of_week_operator.py took 0.072 seconds
