[2024-09-04T22:40:31.083+0000] {processor.py:186} INFO - Started process (PID=83) to work on /home/airflow/.local/lib/python3.12/site-packages/airflow/example_dags/example_sensor_decorator.py
[2024-09-04T22:40:31.084+0000] {processor.py:914} INFO - Processing file /home/airflow/.local/lib/python3.12/site-packages/airflow/example_dags/example_sensor_decorator.py for tasks to queue
[2024-09-04T22:40:31.086+0000] {logging_mixin.py:190} INFO - [2024-09-04T22:40:31.086+0000] {dagbag.py:587} INFO - Filling up the DagBag from /home/airflow/.local/lib/python3.12/site-packages/airflow/example_dags/example_sensor_decorator.py
[2024-09-04T22:40:31.152+0000] {processor.py:925} INFO - DAG(s) 'example_sensor_decorator' retrieved from /home/airflow/.local/lib/python3.12/site-packages/airflow/example_dags/example_sensor_decorator.py
[2024-09-04T22:40:31.404+0000] {logging_mixin.py:190} INFO - [2024-09-04T22:40:31.403+0000] {override.py:1858} INFO - Created Permission View: can delete on DAG:example_sensor_decorator
[2024-09-04T22:40:31.479+0000] {logging_mixin.py:190} INFO - [2024-09-04T22:40:31.479+0000] {override.py:1858} INFO - Created Permission View: can edit on DAG:example_sensor_decorator
[2024-09-04T22:40:31.491+0000] {logging_mixin.py:190} INFO - [2024-09-04T22:40:31.490+0000] {override.py:1858} INFO - Created Permission View: can read on DAG:example_sensor_decorator
[2024-09-04T22:40:31.493+0000] {logging_mixin.py:190} INFO - [2024-09-04T22:40:31.493+0000] {dag.py:3211} INFO - Sync 1 DAGs
[2024-09-04T22:40:31.506+0000] {logging_mixin.py:190} INFO - [2024-09-04T22:40:31.505+0000] {dag.py:3234} INFO - Creating ORM DAG for example_sensor_decorator
[2024-09-04T22:40:31.506+0000] {logging_mixin.py:190} INFO - [2024-09-04T22:40:31.506+0000] {dag.py:4138} INFO - Setting next_dagrun for example_sensor_decorator to None, run_after=None
[2024-09-04T22:40:31.569+0000] {processor.py:208} INFO - Processing /home/airflow/.local/lib/python3.12/site-packages/airflow/example_dags/example_sensor_decorator.py took 0.492 seconds
[2024-09-04T22:41:02.299+0000] {processor.py:186} INFO - Started process (PID=150) to work on /home/airflow/.local/lib/python3.12/site-packages/airflow/example_dags/example_sensor_decorator.py
[2024-09-04T22:41:02.301+0000] {processor.py:914} INFO - Processing file /home/airflow/.local/lib/python3.12/site-packages/airflow/example_dags/example_sensor_decorator.py for tasks to queue
[2024-09-04T22:41:02.304+0000] {logging_mixin.py:190} INFO - [2024-09-04T22:41:02.303+0000] {dagbag.py:587} INFO - Filling up the DagBag from /home/airflow/.local/lib/python3.12/site-packages/airflow/example_dags/example_sensor_decorator.py
[2024-09-04T22:41:02.312+0000] {processor.py:925} INFO - DAG(s) 'example_sensor_decorator' retrieved from /home/airflow/.local/lib/python3.12/site-packages/airflow/example_dags/example_sensor_decorator.py
[2024-09-04T22:41:02.330+0000] {logging_mixin.py:190} INFO - [2024-09-04T22:41:02.330+0000] {dag.py:3211} INFO - Sync 1 DAGs
[2024-09-04T22:41:02.347+0000] {logging_mixin.py:190} INFO - [2024-09-04T22:41:02.347+0000] {dag.py:4138} INFO - Setting next_dagrun for example_sensor_decorator to None, run_after=None
[2024-09-04T22:41:02.398+0000] {processor.py:208} INFO - Processing /home/airflow/.local/lib/python3.12/site-packages/airflow/example_dags/example_sensor_decorator.py took 0.103 seconds
[2024-09-04T22:41:32.991+0000] {processor.py:186} INFO - Started process (PID=217) to work on /home/airflow/.local/lib/python3.12/site-packages/airflow/example_dags/example_sensor_decorator.py
[2024-09-04T22:41:32.992+0000] {processor.py:914} INFO - Processing file /home/airflow/.local/lib/python3.12/site-packages/airflow/example_dags/example_sensor_decorator.py for tasks to queue
[2024-09-04T22:41:32.994+0000] {logging_mixin.py:190} INFO - [2024-09-04T22:41:32.994+0000] {dagbag.py:587} INFO - Filling up the DagBag from /home/airflow/.local/lib/python3.12/site-packages/airflow/example_dags/example_sensor_decorator.py
[2024-09-04T22:41:33.001+0000] {processor.py:925} INFO - DAG(s) 'example_sensor_decorator' retrieved from /home/airflow/.local/lib/python3.12/site-packages/airflow/example_dags/example_sensor_decorator.py
[2024-09-04T22:41:33.018+0000] {logging_mixin.py:190} INFO - [2024-09-04T22:41:33.018+0000] {dag.py:3211} INFO - Sync 1 DAGs
[2024-09-04T22:41:33.033+0000] {logging_mixin.py:190} INFO - [2024-09-04T22:41:33.033+0000] {dag.py:4138} INFO - Setting next_dagrun for example_sensor_decorator to None, run_after=None
[2024-09-04T22:41:33.053+0000] {processor.py:208} INFO - Processing /home/airflow/.local/lib/python3.12/site-packages/airflow/example_dags/example_sensor_decorator.py took 0.068 seconds
[2024-09-04T22:42:04.003+0000] {processor.py:186} INFO - Started process (PID=284) to work on /home/airflow/.local/lib/python3.12/site-packages/airflow/example_dags/example_sensor_decorator.py
[2024-09-04T22:42:04.003+0000] {processor.py:914} INFO - Processing file /home/airflow/.local/lib/python3.12/site-packages/airflow/example_dags/example_sensor_decorator.py for tasks to queue
[2024-09-04T22:42:04.007+0000] {logging_mixin.py:190} INFO - [2024-09-04T22:42:04.007+0000] {dagbag.py:587} INFO - Filling up the DagBag from /home/airflow/.local/lib/python3.12/site-packages/airflow/example_dags/example_sensor_decorator.py
[2024-09-04T22:42:04.015+0000] {processor.py:925} INFO - DAG(s) 'example_sensor_decorator' retrieved from /home/airflow/.local/lib/python3.12/site-packages/airflow/example_dags/example_sensor_decorator.py
[2024-09-04T22:42:04.035+0000] {logging_mixin.py:190} INFO - [2024-09-04T22:42:04.034+0000] {dag.py:3211} INFO - Sync 1 DAGs
[2024-09-04T22:42:04.050+0000] {logging_mixin.py:190} INFO - [2024-09-04T22:42:04.050+0000] {dag.py:4138} INFO - Setting next_dagrun for example_sensor_decorator to None, run_after=None
[2024-09-04T22:42:04.072+0000] {processor.py:208} INFO - Processing /home/airflow/.local/lib/python3.12/site-packages/airflow/example_dags/example_sensor_decorator.py took 0.075 seconds
[2024-09-04T22:42:34.372+0000] {processor.py:186} INFO - Started process (PID=351) to work on /home/airflow/.local/lib/python3.12/site-packages/airflow/example_dags/example_sensor_decorator.py
[2024-09-04T22:42:34.373+0000] {processor.py:914} INFO - Processing file /home/airflow/.local/lib/python3.12/site-packages/airflow/example_dags/example_sensor_decorator.py for tasks to queue
[2024-09-04T22:42:34.375+0000] {logging_mixin.py:190} INFO - [2024-09-04T22:42:34.375+0000] {dagbag.py:587} INFO - Filling up the DagBag from /home/airflow/.local/lib/python3.12/site-packages/airflow/example_dags/example_sensor_decorator.py
[2024-09-04T22:42:34.382+0000] {processor.py:925} INFO - DAG(s) 'example_sensor_decorator' retrieved from /home/airflow/.local/lib/python3.12/site-packages/airflow/example_dags/example_sensor_decorator.py
[2024-09-04T22:42:34.398+0000] {logging_mixin.py:190} INFO - [2024-09-04T22:42:34.398+0000] {dag.py:3211} INFO - Sync 1 DAGs
[2024-09-04T22:42:34.419+0000] {logging_mixin.py:190} INFO - [2024-09-04T22:42:34.418+0000] {dag.py:4138} INFO - Setting next_dagrun for example_sensor_decorator to None, run_after=None
[2024-09-04T22:42:34.443+0000] {processor.py:208} INFO - Processing /home/airflow/.local/lib/python3.12/site-packages/airflow/example_dags/example_sensor_decorator.py took 0.076 seconds
[2024-09-04T22:43:04.659+0000] {processor.py:186} INFO - Started process (PID=418) to work on /home/airflow/.local/lib/python3.12/site-packages/airflow/example_dags/example_sensor_decorator.py
[2024-09-04T22:43:04.660+0000] {processor.py:914} INFO - Processing file /home/airflow/.local/lib/python3.12/site-packages/airflow/example_dags/example_sensor_decorator.py for tasks to queue
[2024-09-04T22:43:04.662+0000] {logging_mixin.py:190} INFO - [2024-09-04T22:43:04.662+0000] {dagbag.py:587} INFO - Filling up the DagBag from /home/airflow/.local/lib/python3.12/site-packages/airflow/example_dags/example_sensor_decorator.py
[2024-09-04T22:43:04.669+0000] {processor.py:925} INFO - DAG(s) 'example_sensor_decorator' retrieved from /home/airflow/.local/lib/python3.12/site-packages/airflow/example_dags/example_sensor_decorator.py
[2024-09-04T22:43:04.686+0000] {logging_mixin.py:190} INFO - [2024-09-04T22:43:04.686+0000] {dag.py:3211} INFO - Sync 1 DAGs
[2024-09-04T22:43:04.699+0000] {logging_mixin.py:190} INFO - [2024-09-04T22:43:04.699+0000] {dag.py:4138} INFO - Setting next_dagrun for example_sensor_decorator to None, run_after=None
[2024-09-04T22:43:04.719+0000] {processor.py:208} INFO - Processing /home/airflow/.local/lib/python3.12/site-packages/airflow/example_dags/example_sensor_decorator.py took 0.064 seconds
[2024-09-04T22:43:34.814+0000] {processor.py:186} INFO - Started process (PID=484) to work on /home/airflow/.local/lib/python3.12/site-packages/airflow/example_dags/example_sensor_decorator.py
[2024-09-04T22:43:34.815+0000] {processor.py:914} INFO - Processing file /home/airflow/.local/lib/python3.12/site-packages/airflow/example_dags/example_sensor_decorator.py for tasks to queue
[2024-09-04T22:43:34.817+0000] {logging_mixin.py:190} INFO - [2024-09-04T22:43:34.817+0000] {dagbag.py:587} INFO - Filling up the DagBag from /home/airflow/.local/lib/python3.12/site-packages/airflow/example_dags/example_sensor_decorator.py
[2024-09-04T22:43:34.824+0000] {processor.py:925} INFO - DAG(s) 'example_sensor_decorator' retrieved from /home/airflow/.local/lib/python3.12/site-packages/airflow/example_dags/example_sensor_decorator.py
[2024-09-04T22:43:34.842+0000] {logging_mixin.py:190} INFO - [2024-09-04T22:43:34.842+0000] {dag.py:3211} INFO - Sync 1 DAGs
[2024-09-04T22:43:34.856+0000] {logging_mixin.py:190} INFO - [2024-09-04T22:43:34.855+0000] {dag.py:4138} INFO - Setting next_dagrun for example_sensor_decorator to None, run_after=None
[2024-09-04T22:43:34.873+0000] {processor.py:208} INFO - Processing /home/airflow/.local/lib/python3.12/site-packages/airflow/example_dags/example_sensor_decorator.py took 0.064 seconds
[2024-09-04T22:44:05.861+0000] {processor.py:186} INFO - Started process (PID=552) to work on /home/airflow/.local/lib/python3.12/site-packages/airflow/example_dags/example_sensor_decorator.py
[2024-09-04T22:44:05.862+0000] {processor.py:914} INFO - Processing file /home/airflow/.local/lib/python3.12/site-packages/airflow/example_dags/example_sensor_decorator.py for tasks to queue
[2024-09-04T22:44:05.865+0000] {logging_mixin.py:190} INFO - [2024-09-04T22:44:05.864+0000] {dagbag.py:587} INFO - Filling up the DagBag from /home/airflow/.local/lib/python3.12/site-packages/airflow/example_dags/example_sensor_decorator.py
[2024-09-04T22:44:05.872+0000] {processor.py:925} INFO - DAG(s) 'example_sensor_decorator' retrieved from /home/airflow/.local/lib/python3.12/site-packages/airflow/example_dags/example_sensor_decorator.py
[2024-09-04T22:44:05.889+0000] {logging_mixin.py:190} INFO - [2024-09-04T22:44:05.889+0000] {dag.py:3211} INFO - Sync 1 DAGs
[2024-09-04T22:44:05.901+0000] {logging_mixin.py:190} INFO - [2024-09-04T22:44:05.901+0000] {dag.py:4138} INFO - Setting next_dagrun for example_sensor_decorator to None, run_after=None
[2024-09-04T22:44:05.920+0000] {processor.py:208} INFO - Processing /home/airflow/.local/lib/python3.12/site-packages/airflow/example_dags/example_sensor_decorator.py took 0.063 seconds
[2024-09-04T22:44:36.232+0000] {processor.py:186} INFO - Started process (PID=620) to work on /home/airflow/.local/lib/python3.12/site-packages/airflow/example_dags/example_sensor_decorator.py
[2024-09-04T22:44:36.233+0000] {processor.py:914} INFO - Processing file /home/airflow/.local/lib/python3.12/site-packages/airflow/example_dags/example_sensor_decorator.py for tasks to queue
[2024-09-04T22:44:36.235+0000] {logging_mixin.py:190} INFO - [2024-09-04T22:44:36.235+0000] {dagbag.py:587} INFO - Filling up the DagBag from /home/airflow/.local/lib/python3.12/site-packages/airflow/example_dags/example_sensor_decorator.py
[2024-09-04T22:44:36.242+0000] {processor.py:925} INFO - DAG(s) 'example_sensor_decorator' retrieved from /home/airflow/.local/lib/python3.12/site-packages/airflow/example_dags/example_sensor_decorator.py
[2024-09-04T22:44:36.259+0000] {logging_mixin.py:190} INFO - [2024-09-04T22:44:36.259+0000] {dag.py:3211} INFO - Sync 1 DAGs
[2024-09-04T22:44:36.271+0000] {logging_mixin.py:190} INFO - [2024-09-04T22:44:36.271+0000] {dag.py:4138} INFO - Setting next_dagrun for example_sensor_decorator to None, run_after=None
[2024-09-04T22:44:36.289+0000] {processor.py:208} INFO - Processing /home/airflow/.local/lib/python3.12/site-packages/airflow/example_dags/example_sensor_decorator.py took 0.062 seconds
[2024-09-04T22:45:06.947+0000] {processor.py:186} INFO - Started process (PID=687) to work on /home/airflow/.local/lib/python3.12/site-packages/airflow/example_dags/example_sensor_decorator.py
[2024-09-04T22:45:06.947+0000] {processor.py:914} INFO - Processing file /home/airflow/.local/lib/python3.12/site-packages/airflow/example_dags/example_sensor_decorator.py for tasks to queue
[2024-09-04T22:45:06.949+0000] {logging_mixin.py:190} INFO - [2024-09-04T22:45:06.949+0000] {dagbag.py:587} INFO - Filling up the DagBag from /home/airflow/.local/lib/python3.12/site-packages/airflow/example_dags/example_sensor_decorator.py
[2024-09-04T22:45:06.956+0000] {processor.py:925} INFO - DAG(s) 'example_sensor_decorator' retrieved from /home/airflow/.local/lib/python3.12/site-packages/airflow/example_dags/example_sensor_decorator.py
[2024-09-04T22:45:06.973+0000] {logging_mixin.py:190} INFO - [2024-09-04T22:45:06.973+0000] {dag.py:3211} INFO - Sync 1 DAGs
[2024-09-04T22:45:06.986+0000] {logging_mixin.py:190} INFO - [2024-09-04T22:45:06.985+0000] {dag.py:4138} INFO - Setting next_dagrun for example_sensor_decorator to None, run_after=None
[2024-09-04T22:45:07.003+0000] {processor.py:208} INFO - Processing /home/airflow/.local/lib/python3.12/site-packages/airflow/example_dags/example_sensor_decorator.py took 0.062 seconds
[2024-09-04T22:45:37.133+0000] {processor.py:186} INFO - Started process (PID=754) to work on /home/airflow/.local/lib/python3.12/site-packages/airflow/example_dags/example_sensor_decorator.py
[2024-09-04T22:45:37.134+0000] {processor.py:914} INFO - Processing file /home/airflow/.local/lib/python3.12/site-packages/airflow/example_dags/example_sensor_decorator.py for tasks to queue
[2024-09-04T22:45:37.136+0000] {logging_mixin.py:190} INFO - [2024-09-04T22:45:37.135+0000] {dagbag.py:587} INFO - Filling up the DagBag from /home/airflow/.local/lib/python3.12/site-packages/airflow/example_dags/example_sensor_decorator.py
[2024-09-04T22:45:37.142+0000] {processor.py:925} INFO - DAG(s) 'example_sensor_decorator' retrieved from /home/airflow/.local/lib/python3.12/site-packages/airflow/example_dags/example_sensor_decorator.py
[2024-09-04T22:45:37.159+0000] {logging_mixin.py:190} INFO - [2024-09-04T22:45:37.158+0000] {dag.py:3211} INFO - Sync 1 DAGs
[2024-09-04T22:45:37.174+0000] {logging_mixin.py:190} INFO - [2024-09-04T22:45:37.174+0000] {dag.py:4138} INFO - Setting next_dagrun for example_sensor_decorator to None, run_after=None
[2024-09-04T22:45:37.191+0000] {processor.py:208} INFO - Processing /home/airflow/.local/lib/python3.12/site-packages/airflow/example_dags/example_sensor_decorator.py took 0.064 seconds
[2024-09-04T22:46:07.954+0000] {processor.py:186} INFO - Started process (PID=821) to work on /home/airflow/.local/lib/python3.12/site-packages/airflow/example_dags/example_sensor_decorator.py
[2024-09-04T22:46:07.955+0000] {processor.py:914} INFO - Processing file /home/airflow/.local/lib/python3.12/site-packages/airflow/example_dags/example_sensor_decorator.py for tasks to queue
[2024-09-04T22:46:07.957+0000] {logging_mixin.py:190} INFO - [2024-09-04T22:46:07.957+0000] {dagbag.py:587} INFO - Filling up the DagBag from /home/airflow/.local/lib/python3.12/site-packages/airflow/example_dags/example_sensor_decorator.py
[2024-09-04T22:46:07.965+0000] {processor.py:925} INFO - DAG(s) 'example_sensor_decorator' retrieved from /home/airflow/.local/lib/python3.12/site-packages/airflow/example_dags/example_sensor_decorator.py
[2024-09-04T22:46:07.983+0000] {logging_mixin.py:190} INFO - [2024-09-04T22:46:07.982+0000] {dag.py:3211} INFO - Sync 1 DAGs
[2024-09-04T22:46:07.995+0000] {logging_mixin.py:190} INFO - [2024-09-04T22:46:07.995+0000] {dag.py:4138} INFO - Setting next_dagrun for example_sensor_decorator to None, run_after=None
[2024-09-04T22:46:08.014+0000] {processor.py:208} INFO - Processing /home/airflow/.local/lib/python3.12/site-packages/airflow/example_dags/example_sensor_decorator.py took 0.065 seconds
[2024-09-04T22:46:38.415+0000] {processor.py:186} INFO - Started process (PID=888) to work on /home/airflow/.local/lib/python3.12/site-packages/airflow/example_dags/example_sensor_decorator.py
[2024-09-04T22:46:38.416+0000] {processor.py:914} INFO - Processing file /home/airflow/.local/lib/python3.12/site-packages/airflow/example_dags/example_sensor_decorator.py for tasks to queue
[2024-09-04T22:46:38.418+0000] {logging_mixin.py:190} INFO - [2024-09-04T22:46:38.418+0000] {dagbag.py:587} INFO - Filling up the DagBag from /home/airflow/.local/lib/python3.12/site-packages/airflow/example_dags/example_sensor_decorator.py
[2024-09-04T22:46:38.426+0000] {processor.py:925} INFO - DAG(s) 'example_sensor_decorator' retrieved from /home/airflow/.local/lib/python3.12/site-packages/airflow/example_dags/example_sensor_decorator.py
[2024-09-04T22:46:38.452+0000] {logging_mixin.py:190} INFO - [2024-09-04T22:46:38.452+0000] {dag.py:3211} INFO - Sync 1 DAGs
[2024-09-04T22:46:38.474+0000] {logging_mixin.py:190} INFO - [2024-09-04T22:46:38.473+0000] {dag.py:4138} INFO - Setting next_dagrun for example_sensor_decorator to None, run_after=None
[2024-09-04T22:46:38.501+0000] {processor.py:208} INFO - Processing /home/airflow/.local/lib/python3.12/site-packages/airflow/example_dags/example_sensor_decorator.py took 0.093 seconds
[2024-09-04T22:47:08.785+0000] {processor.py:186} INFO - Started process (PID=955) to work on /home/airflow/.local/lib/python3.12/site-packages/airflow/example_dags/example_sensor_decorator.py
[2024-09-04T22:47:08.786+0000] {processor.py:914} INFO - Processing file /home/airflow/.local/lib/python3.12/site-packages/airflow/example_dags/example_sensor_decorator.py for tasks to queue
[2024-09-04T22:47:08.788+0000] {logging_mixin.py:190} INFO - [2024-09-04T22:47:08.788+0000] {dagbag.py:587} INFO - Filling up the DagBag from /home/airflow/.local/lib/python3.12/site-packages/airflow/example_dags/example_sensor_decorator.py
[2024-09-04T22:47:08.795+0000] {processor.py:925} INFO - DAG(s) 'example_sensor_decorator' retrieved from /home/airflow/.local/lib/python3.12/site-packages/airflow/example_dags/example_sensor_decorator.py
[2024-09-04T22:47:08.812+0000] {logging_mixin.py:190} INFO - [2024-09-04T22:47:08.812+0000] {dag.py:3211} INFO - Sync 1 DAGs
[2024-09-04T22:47:08.825+0000] {logging_mixin.py:190} INFO - [2024-09-04T22:47:08.825+0000] {dag.py:4138} INFO - Setting next_dagrun for example_sensor_decorator to None, run_after=None
[2024-09-04T22:47:08.846+0000] {processor.py:208} INFO - Processing /home/airflow/.local/lib/python3.12/site-packages/airflow/example_dags/example_sensor_decorator.py took 0.065 seconds
[2024-09-04T22:47:39.189+0000] {processor.py:186} INFO - Started process (PID=1022) to work on /home/airflow/.local/lib/python3.12/site-packages/airflow/example_dags/example_sensor_decorator.py
[2024-09-04T22:47:39.191+0000] {processor.py:914} INFO - Processing file /home/airflow/.local/lib/python3.12/site-packages/airflow/example_dags/example_sensor_decorator.py for tasks to queue
[2024-09-04T22:47:39.193+0000] {logging_mixin.py:190} INFO - [2024-09-04T22:47:39.192+0000] {dagbag.py:587} INFO - Filling up the DagBag from /home/airflow/.local/lib/python3.12/site-packages/airflow/example_dags/example_sensor_decorator.py
[2024-09-04T22:47:39.200+0000] {processor.py:925} INFO - DAG(s) 'example_sensor_decorator' retrieved from /home/airflow/.local/lib/python3.12/site-packages/airflow/example_dags/example_sensor_decorator.py
[2024-09-04T22:47:39.217+0000] {logging_mixin.py:190} INFO - [2024-09-04T22:47:39.217+0000] {dag.py:3211} INFO - Sync 1 DAGs
[2024-09-04T22:47:39.229+0000] {logging_mixin.py:190} INFO - [2024-09-04T22:47:39.229+0000] {dag.py:4138} INFO - Setting next_dagrun for example_sensor_decorator to None, run_after=None
[2024-09-04T22:47:39.247+0000] {processor.py:208} INFO - Processing /home/airflow/.local/lib/python3.12/site-packages/airflow/example_dags/example_sensor_decorator.py took 0.064 seconds
[2024-09-04T22:48:09.442+0000] {processor.py:186} INFO - Started process (PID=1089) to work on /home/airflow/.local/lib/python3.12/site-packages/airflow/example_dags/example_sensor_decorator.py
[2024-09-04T22:48:09.443+0000] {processor.py:914} INFO - Processing file /home/airflow/.local/lib/python3.12/site-packages/airflow/example_dags/example_sensor_decorator.py for tasks to queue
[2024-09-04T22:48:09.445+0000] {logging_mixin.py:190} INFO - [2024-09-04T22:48:09.445+0000] {dagbag.py:587} INFO - Filling up the DagBag from /home/airflow/.local/lib/python3.12/site-packages/airflow/example_dags/example_sensor_decorator.py
[2024-09-04T22:48:09.451+0000] {processor.py:925} INFO - DAG(s) 'example_sensor_decorator' retrieved from /home/airflow/.local/lib/python3.12/site-packages/airflow/example_dags/example_sensor_decorator.py
[2024-09-04T22:48:09.468+0000] {logging_mixin.py:190} INFO - [2024-09-04T22:48:09.467+0000] {dag.py:3211} INFO - Sync 1 DAGs
[2024-09-04T22:48:09.480+0000] {logging_mixin.py:190} INFO - [2024-09-04T22:48:09.479+0000] {dag.py:4138} INFO - Setting next_dagrun for example_sensor_decorator to None, run_after=None
[2024-09-04T22:48:09.499+0000] {processor.py:208} INFO - Processing /home/airflow/.local/lib/python3.12/site-packages/airflow/example_dags/example_sensor_decorator.py took 0.062 seconds
[2024-09-04T22:48:40.336+0000] {processor.py:186} INFO - Started process (PID=1156) to work on /home/airflow/.local/lib/python3.12/site-packages/airflow/example_dags/example_sensor_decorator.py
[2024-09-04T22:48:40.336+0000] {processor.py:914} INFO - Processing file /home/airflow/.local/lib/python3.12/site-packages/airflow/example_dags/example_sensor_decorator.py for tasks to queue
[2024-09-04T22:48:40.339+0000] {logging_mixin.py:190} INFO - [2024-09-04T22:48:40.339+0000] {dagbag.py:587} INFO - Filling up the DagBag from /home/airflow/.local/lib/python3.12/site-packages/airflow/example_dags/example_sensor_decorator.py
[2024-09-04T22:48:40.346+0000] {processor.py:925} INFO - DAG(s) 'example_sensor_decorator' retrieved from /home/airflow/.local/lib/python3.12/site-packages/airflow/example_dags/example_sensor_decorator.py
[2024-09-04T22:48:40.364+0000] {logging_mixin.py:190} INFO - [2024-09-04T22:48:40.364+0000] {dag.py:3211} INFO - Sync 1 DAGs
[2024-09-04T22:48:40.377+0000] {logging_mixin.py:190} INFO - [2024-09-04T22:48:40.377+0000] {dag.py:4138} INFO - Setting next_dagrun for example_sensor_decorator to None, run_after=None
[2024-09-04T22:48:40.395+0000] {processor.py:208} INFO - Processing /home/airflow/.local/lib/python3.12/site-packages/airflow/example_dags/example_sensor_decorator.py took 0.064 seconds
[2024-09-04T22:49:11.243+0000] {processor.py:186} INFO - Started process (PID=1223) to work on /home/airflow/.local/lib/python3.12/site-packages/airflow/example_dags/example_sensor_decorator.py
[2024-09-04T22:49:11.244+0000] {processor.py:914} INFO - Processing file /home/airflow/.local/lib/python3.12/site-packages/airflow/example_dags/example_sensor_decorator.py for tasks to queue
[2024-09-04T22:49:11.246+0000] {logging_mixin.py:190} INFO - [2024-09-04T22:49:11.246+0000] {dagbag.py:587} INFO - Filling up the DagBag from /home/airflow/.local/lib/python3.12/site-packages/airflow/example_dags/example_sensor_decorator.py
[2024-09-04T22:49:11.253+0000] {processor.py:925} INFO - DAG(s) 'example_sensor_decorator' retrieved from /home/airflow/.local/lib/python3.12/site-packages/airflow/example_dags/example_sensor_decorator.py
[2024-09-04T22:49:11.269+0000] {logging_mixin.py:190} INFO - [2024-09-04T22:49:11.269+0000] {dag.py:3211} INFO - Sync 1 DAGs
[2024-09-04T22:49:11.283+0000] {logging_mixin.py:190} INFO - [2024-09-04T22:49:11.282+0000] {dag.py:4138} INFO - Setting next_dagrun for example_sensor_decorator to None, run_after=None
[2024-09-04T22:49:11.301+0000] {processor.py:208} INFO - Processing /home/airflow/.local/lib/python3.12/site-packages/airflow/example_dags/example_sensor_decorator.py took 0.064 seconds
[2024-09-04T22:49:41.523+0000] {processor.py:186} INFO - Started process (PID=1290) to work on /home/airflow/.local/lib/python3.12/site-packages/airflow/example_dags/example_sensor_decorator.py
[2024-09-04T22:49:41.524+0000] {processor.py:914} INFO - Processing file /home/airflow/.local/lib/python3.12/site-packages/airflow/example_dags/example_sensor_decorator.py for tasks to queue
[2024-09-04T22:49:41.526+0000] {logging_mixin.py:190} INFO - [2024-09-04T22:49:41.526+0000] {dagbag.py:587} INFO - Filling up the DagBag from /home/airflow/.local/lib/python3.12/site-packages/airflow/example_dags/example_sensor_decorator.py
[2024-09-04T22:49:41.532+0000] {processor.py:925} INFO - DAG(s) 'example_sensor_decorator' retrieved from /home/airflow/.local/lib/python3.12/site-packages/airflow/example_dags/example_sensor_decorator.py
[2024-09-04T22:49:41.549+0000] {logging_mixin.py:190} INFO - [2024-09-04T22:49:41.549+0000] {dag.py:3211} INFO - Sync 1 DAGs
[2024-09-04T22:49:41.562+0000] {logging_mixin.py:190} INFO - [2024-09-04T22:49:41.562+0000] {dag.py:4138} INFO - Setting next_dagrun for example_sensor_decorator to None, run_after=None
[2024-09-04T22:49:41.580+0000] {processor.py:208} INFO - Processing /home/airflow/.local/lib/python3.12/site-packages/airflow/example_dags/example_sensor_decorator.py took 0.062 seconds
[2024-09-04T22:50:11.662+0000] {processor.py:186} INFO - Started process (PID=1357) to work on /home/airflow/.local/lib/python3.12/site-packages/airflow/example_dags/example_sensor_decorator.py
[2024-09-04T22:50:11.662+0000] {processor.py:914} INFO - Processing file /home/airflow/.local/lib/python3.12/site-packages/airflow/example_dags/example_sensor_decorator.py for tasks to queue
[2024-09-04T22:50:11.665+0000] {logging_mixin.py:190} INFO - [2024-09-04T22:50:11.664+0000] {dagbag.py:587} INFO - Filling up the DagBag from /home/airflow/.local/lib/python3.12/site-packages/airflow/example_dags/example_sensor_decorator.py
[2024-09-04T22:50:11.674+0000] {processor.py:925} INFO - DAG(s) 'example_sensor_decorator' retrieved from /home/airflow/.local/lib/python3.12/site-packages/airflow/example_dags/example_sensor_decorator.py
[2024-09-04T22:50:11.692+0000] {logging_mixin.py:190} INFO - [2024-09-04T22:50:11.691+0000] {dag.py:3211} INFO - Sync 1 DAGs
[2024-09-04T22:50:11.704+0000] {logging_mixin.py:190} INFO - [2024-09-04T22:50:11.704+0000] {dag.py:4138} INFO - Setting next_dagrun for example_sensor_decorator to None, run_after=None
[2024-09-04T22:50:11.723+0000] {processor.py:208} INFO - Processing /home/airflow/.local/lib/python3.12/site-packages/airflow/example_dags/example_sensor_decorator.py took 0.067 seconds
[2024-09-04T22:50:42.856+0000] {processor.py:186} INFO - Started process (PID=1424) to work on /home/airflow/.local/lib/python3.12/site-packages/airflow/example_dags/example_sensor_decorator.py
[2024-09-04T22:50:42.857+0000] {processor.py:914} INFO - Processing file /home/airflow/.local/lib/python3.12/site-packages/airflow/example_dags/example_sensor_decorator.py for tasks to queue
[2024-09-04T22:50:42.859+0000] {logging_mixin.py:190} INFO - [2024-09-04T22:50:42.859+0000] {dagbag.py:587} INFO - Filling up the DagBag from /home/airflow/.local/lib/python3.12/site-packages/airflow/example_dags/example_sensor_decorator.py
[2024-09-04T22:50:42.867+0000] {processor.py:925} INFO - DAG(s) 'example_sensor_decorator' retrieved from /home/airflow/.local/lib/python3.12/site-packages/airflow/example_dags/example_sensor_decorator.py
[2024-09-04T22:50:42.888+0000] {logging_mixin.py:190} INFO - [2024-09-04T22:50:42.888+0000] {dag.py:3211} INFO - Sync 1 DAGs
[2024-09-04T22:50:42.903+0000] {logging_mixin.py:190} INFO - [2024-09-04T22:50:42.903+0000] {dag.py:4138} INFO - Setting next_dagrun for example_sensor_decorator to None, run_after=None
[2024-09-04T22:50:42.924+0000] {processor.py:208} INFO - Processing /home/airflow/.local/lib/python3.12/site-packages/airflow/example_dags/example_sensor_decorator.py took 0.074 seconds
[2024-09-04T22:51:13.004+0000] {processor.py:186} INFO - Started process (PID=1491) to work on /home/airflow/.local/lib/python3.12/site-packages/airflow/example_dags/example_sensor_decorator.py
[2024-09-04T22:51:13.005+0000] {processor.py:914} INFO - Processing file /home/airflow/.local/lib/python3.12/site-packages/airflow/example_dags/example_sensor_decorator.py for tasks to queue
[2024-09-04T22:51:13.007+0000] {logging_mixin.py:190} INFO - [2024-09-04T22:51:13.006+0000] {dagbag.py:587} INFO - Filling up the DagBag from /home/airflow/.local/lib/python3.12/site-packages/airflow/example_dags/example_sensor_decorator.py
[2024-09-04T22:51:13.013+0000] {processor.py:925} INFO - DAG(s) 'example_sensor_decorator' retrieved from /home/airflow/.local/lib/python3.12/site-packages/airflow/example_dags/example_sensor_decorator.py
[2024-09-04T22:51:13.031+0000] {logging_mixin.py:190} INFO - [2024-09-04T22:51:13.031+0000] {dag.py:3211} INFO - Sync 1 DAGs
[2024-09-04T22:51:13.044+0000] {logging_mixin.py:190} INFO - [2024-09-04T22:51:13.044+0000] {dag.py:4138} INFO - Setting next_dagrun for example_sensor_decorator to None, run_after=None
[2024-09-04T22:51:13.062+0000] {processor.py:208} INFO - Processing /home/airflow/.local/lib/python3.12/site-packages/airflow/example_dags/example_sensor_decorator.py took 0.064 seconds
[2024-09-04T22:51:43.886+0000] {processor.py:186} INFO - Started process (PID=1558) to work on /home/airflow/.local/lib/python3.12/site-packages/airflow/example_dags/example_sensor_decorator.py
[2024-09-04T22:51:43.887+0000] {processor.py:914} INFO - Processing file /home/airflow/.local/lib/python3.12/site-packages/airflow/example_dags/example_sensor_decorator.py for tasks to queue
[2024-09-04T22:51:43.889+0000] {logging_mixin.py:190} INFO - [2024-09-04T22:51:43.889+0000] {dagbag.py:587} INFO - Filling up the DagBag from /home/airflow/.local/lib/python3.12/site-packages/airflow/example_dags/example_sensor_decorator.py
[2024-09-04T22:51:43.896+0000] {processor.py:925} INFO - DAG(s) 'example_sensor_decorator' retrieved from /home/airflow/.local/lib/python3.12/site-packages/airflow/example_dags/example_sensor_decorator.py
[2024-09-04T22:51:43.913+0000] {logging_mixin.py:190} INFO - [2024-09-04T22:51:43.913+0000] {dag.py:3211} INFO - Sync 1 DAGs
[2024-09-04T22:51:43.927+0000] {logging_mixin.py:190} INFO - [2024-09-04T22:51:43.927+0000] {dag.py:4138} INFO - Setting next_dagrun for example_sensor_decorator to None, run_after=None
[2024-09-04T22:51:43.945+0000] {processor.py:208} INFO - Processing /home/airflow/.local/lib/python3.12/site-packages/airflow/example_dags/example_sensor_decorator.py took 0.064 seconds
[2024-09-04T22:52:14.491+0000] {processor.py:186} INFO - Started process (PID=1625) to work on /home/airflow/.local/lib/python3.12/site-packages/airflow/example_dags/example_sensor_decorator.py
[2024-09-04T22:52:14.492+0000] {processor.py:914} INFO - Processing file /home/airflow/.local/lib/python3.12/site-packages/airflow/example_dags/example_sensor_decorator.py for tasks to queue
[2024-09-04T22:52:14.494+0000] {logging_mixin.py:190} INFO - [2024-09-04T22:52:14.493+0000] {dagbag.py:587} INFO - Filling up the DagBag from /home/airflow/.local/lib/python3.12/site-packages/airflow/example_dags/example_sensor_decorator.py
[2024-09-04T22:52:14.501+0000] {processor.py:925} INFO - DAG(s) 'example_sensor_decorator' retrieved from /home/airflow/.local/lib/python3.12/site-packages/airflow/example_dags/example_sensor_decorator.py
[2024-09-04T22:52:14.518+0000] {logging_mixin.py:190} INFO - [2024-09-04T22:52:14.518+0000] {dag.py:3211} INFO - Sync 1 DAGs
[2024-09-04T22:52:14.530+0000] {logging_mixin.py:190} INFO - [2024-09-04T22:52:14.530+0000] {dag.py:4138} INFO - Setting next_dagrun for example_sensor_decorator to None, run_after=None
[2024-09-04T22:52:14.549+0000] {processor.py:208} INFO - Processing /home/airflow/.local/lib/python3.12/site-packages/airflow/example_dags/example_sensor_decorator.py took 0.063 seconds
[2024-09-04T22:52:45.263+0000] {processor.py:186} INFO - Started process (PID=1692) to work on /home/airflow/.local/lib/python3.12/site-packages/airflow/example_dags/example_sensor_decorator.py
[2024-09-04T22:52:45.264+0000] {processor.py:914} INFO - Processing file /home/airflow/.local/lib/python3.12/site-packages/airflow/example_dags/example_sensor_decorator.py for tasks to queue
[2024-09-04T22:52:45.266+0000] {logging_mixin.py:190} INFO - [2024-09-04T22:52:45.266+0000] {dagbag.py:587} INFO - Filling up the DagBag from /home/airflow/.local/lib/python3.12/site-packages/airflow/example_dags/example_sensor_decorator.py
[2024-09-04T22:52:45.273+0000] {processor.py:925} INFO - DAG(s) 'example_sensor_decorator' retrieved from /home/airflow/.local/lib/python3.12/site-packages/airflow/example_dags/example_sensor_decorator.py
[2024-09-04T22:52:45.289+0000] {logging_mixin.py:190} INFO - [2024-09-04T22:52:45.289+0000] {dag.py:3211} INFO - Sync 1 DAGs
[2024-09-04T22:52:45.302+0000] {logging_mixin.py:190} INFO - [2024-09-04T22:52:45.301+0000] {dag.py:4138} INFO - Setting next_dagrun for example_sensor_decorator to None, run_after=None
[2024-09-04T22:52:45.320+0000] {processor.py:208} INFO - Processing /home/airflow/.local/lib/python3.12/site-packages/airflow/example_dags/example_sensor_decorator.py took 0.062 seconds
[2024-09-04T22:53:15.855+0000] {processor.py:186} INFO - Started process (PID=1759) to work on /home/airflow/.local/lib/python3.12/site-packages/airflow/example_dags/example_sensor_decorator.py
[2024-09-04T22:53:15.856+0000] {processor.py:914} INFO - Processing file /home/airflow/.local/lib/python3.12/site-packages/airflow/example_dags/example_sensor_decorator.py for tasks to queue
[2024-09-04T22:53:15.858+0000] {logging_mixin.py:190} INFO - [2024-09-04T22:53:15.858+0000] {dagbag.py:587} INFO - Filling up the DagBag from /home/airflow/.local/lib/python3.12/site-packages/airflow/example_dags/example_sensor_decorator.py
[2024-09-04T22:53:15.865+0000] {processor.py:925} INFO - DAG(s) 'example_sensor_decorator' retrieved from /home/airflow/.local/lib/python3.12/site-packages/airflow/example_dags/example_sensor_decorator.py
[2024-09-04T22:53:15.883+0000] {logging_mixin.py:190} INFO - [2024-09-04T22:53:15.883+0000] {dag.py:3211} INFO - Sync 1 DAGs
[2024-09-04T22:53:15.897+0000] {logging_mixin.py:190} INFO - [2024-09-04T22:53:15.897+0000] {dag.py:4138} INFO - Setting next_dagrun for example_sensor_decorator to None, run_after=None
[2024-09-04T22:53:15.918+0000] {processor.py:208} INFO - Processing /home/airflow/.local/lib/python3.12/site-packages/airflow/example_dags/example_sensor_decorator.py took 0.068 seconds
[2024-09-04T22:53:46.524+0000] {processor.py:186} INFO - Started process (PID=1825) to work on /home/airflow/.local/lib/python3.12/site-packages/airflow/example_dags/example_sensor_decorator.py
[2024-09-04T22:53:46.525+0000] {processor.py:914} INFO - Processing file /home/airflow/.local/lib/python3.12/site-packages/airflow/example_dags/example_sensor_decorator.py for tasks to queue
[2024-09-04T22:53:46.527+0000] {logging_mixin.py:190} INFO - [2024-09-04T22:53:46.527+0000] {dagbag.py:587} INFO - Filling up the DagBag from /home/airflow/.local/lib/python3.12/site-packages/airflow/example_dags/example_sensor_decorator.py
[2024-09-04T22:53:46.534+0000] {processor.py:925} INFO - DAG(s) 'example_sensor_decorator' retrieved from /home/airflow/.local/lib/python3.12/site-packages/airflow/example_dags/example_sensor_decorator.py
[2024-09-04T22:53:46.552+0000] {logging_mixin.py:190} INFO - [2024-09-04T22:53:46.551+0000] {dag.py:3211} INFO - Sync 1 DAGs
[2024-09-04T22:53:46.564+0000] {logging_mixin.py:190} INFO - [2024-09-04T22:53:46.564+0000] {dag.py:4138} INFO - Setting next_dagrun for example_sensor_decorator to None, run_after=None
[2024-09-04T22:53:46.580+0000] {processor.py:208} INFO - Processing /home/airflow/.local/lib/python3.12/site-packages/airflow/example_dags/example_sensor_decorator.py took 0.061 seconds
