[2024-09-04T22:40:33.276+0000] {processor.py:186} INFO - Started process (PID=86) to work on /home/airflow/.local/lib/python3.12/site-packages/airflow/example_dags/example_external_task_marker_dag.py
[2024-09-04T22:40:33.279+0000] {processor.py:914} INFO - Processing file /home/airflow/.local/lib/python3.12/site-packages/airflow/example_dags/example_external_task_marker_dag.py for tasks to queue
[2024-09-04T22:40:33.284+0000] {logging_mixin.py:190} INFO - [2024-09-04T22:40:33.283+0000] {dagbag.py:587} INFO - Filling up the DagBag from /home/airflow/.local/lib/python3.12/site-packages/airflow/example_dags/example_external_task_marker_dag.py
[2024-09-04T22:40:33.296+0000] {processor.py:925} INFO - DAG(s) 'example_external_task_marker_parent', 'example_external_task_marker_child' retrieved from /home/airflow/.local/lib/python3.12/site-packages/airflow/example_dags/example_external_task_marker_dag.py
[2024-09-04T22:40:33.528+0000] {logging_mixin.py:190} INFO - [2024-09-04T22:40:33.526+0000] {override.py:1858} INFO - Created Permission View: can delete on DAG:example_external_task_marker_parent
[2024-09-04T22:40:33.617+0000] {logging_mixin.py:190} INFO - [2024-09-04T22:40:33.616+0000] {override.py:1858} INFO - Created Permission View: can edit on DAG:example_external_task_marker_parent
[2024-09-04T22:40:33.629+0000] {logging_mixin.py:190} INFO - [2024-09-04T22:40:33.629+0000] {override.py:1858} INFO - Created Permission View: can read on DAG:example_external_task_marker_parent
[2024-09-04T22:40:33.781+0000] {logging_mixin.py:190} INFO - [2024-09-04T22:40:33.780+0000] {override.py:1858} INFO - Created Permission View: can delete on DAG:example_external_task_marker_child
[2024-09-04T22:40:33.869+0000] {logging_mixin.py:190} INFO - [2024-09-04T22:40:33.869+0000] {override.py:1858} INFO - Created Permission View: can edit on DAG:example_external_task_marker_child
[2024-09-04T22:40:33.880+0000] {logging_mixin.py:190} INFO - [2024-09-04T22:40:33.880+0000] {override.py:1858} INFO - Created Permission View: can read on DAG:example_external_task_marker_child
[2024-09-04T22:40:33.882+0000] {logging_mixin.py:190} INFO - [2024-09-04T22:40:33.881+0000] {dag.py:3211} INFO - Sync 2 DAGs
[2024-09-04T22:40:33.894+0000] {logging_mixin.py:190} INFO - [2024-09-04T22:40:33.893+0000] {dag.py:3234} INFO - Creating ORM DAG for example_external_task_marker_parent
[2024-09-04T22:40:33.895+0000] {logging_mixin.py:190} INFO - [2024-09-04T22:40:33.895+0000] {dag.py:3234} INFO - Creating ORM DAG for example_external_task_marker_child
[2024-09-04T22:40:33.896+0000] {logging_mixin.py:190} INFO - [2024-09-04T22:40:33.896+0000] {dag.py:4138} INFO - Setting next_dagrun for example_external_task_marker_child to None, run_after=None
[2024-09-04T22:40:33.897+0000] {logging_mixin.py:190} INFO - [2024-09-04T22:40:33.897+0000] {dag.py:4138} INFO - Setting next_dagrun for example_external_task_marker_parent to None, run_after=None
[2024-09-04T22:40:33.967+0000] {processor.py:208} INFO - Processing /home/airflow/.local/lib/python3.12/site-packages/airflow/example_dags/example_external_task_marker_dag.py took 0.699 seconds
[2024-09-04T22:41:04.474+0000] {processor.py:186} INFO - Started process (PID=152) to work on /home/airflow/.local/lib/python3.12/site-packages/airflow/example_dags/example_external_task_marker_dag.py
[2024-09-04T22:41:04.475+0000] {processor.py:914} INFO - Processing file /home/airflow/.local/lib/python3.12/site-packages/airflow/example_dags/example_external_task_marker_dag.py for tasks to queue
[2024-09-04T22:41:04.478+0000] {logging_mixin.py:190} INFO - [2024-09-04T22:41:04.478+0000] {dagbag.py:587} INFO - Filling up the DagBag from /home/airflow/.local/lib/python3.12/site-packages/airflow/example_dags/example_external_task_marker_dag.py
[2024-09-04T22:41:04.486+0000] {processor.py:925} INFO - DAG(s) 'example_external_task_marker_parent', 'example_external_task_marker_child' retrieved from /home/airflow/.local/lib/python3.12/site-packages/airflow/example_dags/example_external_task_marker_dag.py
[2024-09-04T22:41:04.509+0000] {logging_mixin.py:190} INFO - [2024-09-04T22:41:04.508+0000] {dag.py:3211} INFO - Sync 2 DAGs
[2024-09-04T22:41:04.522+0000] {logging_mixin.py:190} INFO - [2024-09-04T22:41:04.522+0000] {dag.py:4138} INFO - Setting next_dagrun for example_external_task_marker_child to None, run_after=None
[2024-09-04T22:41:04.526+0000] {logging_mixin.py:190} INFO - [2024-09-04T22:41:04.526+0000] {dag.py:4138} INFO - Setting next_dagrun for example_external_task_marker_parent to None, run_after=None
[2024-09-04T22:41:04.546+0000] {processor.py:208} INFO - Processing /home/airflow/.local/lib/python3.12/site-packages/airflow/example_dags/example_external_task_marker_dag.py took 0.076 seconds
[2024-09-04T22:41:35.186+0000] {processor.py:186} INFO - Started process (PID=219) to work on /home/airflow/.local/lib/python3.12/site-packages/airflow/example_dags/example_external_task_marker_dag.py
[2024-09-04T22:41:35.187+0000] {processor.py:914} INFO - Processing file /home/airflow/.local/lib/python3.12/site-packages/airflow/example_dags/example_external_task_marker_dag.py for tasks to queue
[2024-09-04T22:41:35.189+0000] {logging_mixin.py:190} INFO - [2024-09-04T22:41:35.189+0000] {dagbag.py:587} INFO - Filling up the DagBag from /home/airflow/.local/lib/python3.12/site-packages/airflow/example_dags/example_external_task_marker_dag.py
[2024-09-04T22:41:35.196+0000] {processor.py:925} INFO - DAG(s) 'example_external_task_marker_child', 'example_external_task_marker_parent' retrieved from /home/airflow/.local/lib/python3.12/site-packages/airflow/example_dags/example_external_task_marker_dag.py
[2024-09-04T22:41:35.215+0000] {logging_mixin.py:190} INFO - [2024-09-04T22:41:35.215+0000] {dag.py:3211} INFO - Sync 2 DAGs
[2024-09-04T22:41:35.228+0000] {logging_mixin.py:190} INFO - [2024-09-04T22:41:35.227+0000] {dag.py:4138} INFO - Setting next_dagrun for example_external_task_marker_child to None, run_after=None
[2024-09-04T22:41:35.231+0000] {logging_mixin.py:190} INFO - [2024-09-04T22:41:35.231+0000] {dag.py:4138} INFO - Setting next_dagrun for example_external_task_marker_parent to None, run_after=None
[2024-09-04T22:41:35.248+0000] {processor.py:208} INFO - Processing /home/airflow/.local/lib/python3.12/site-packages/airflow/example_dags/example_external_task_marker_dag.py took 0.067 seconds
[2024-09-04T22:42:06.178+0000] {processor.py:186} INFO - Started process (PID=286) to work on /home/airflow/.local/lib/python3.12/site-packages/airflow/example_dags/example_external_task_marker_dag.py
[2024-09-04T22:42:06.179+0000] {processor.py:914} INFO - Processing file /home/airflow/.local/lib/python3.12/site-packages/airflow/example_dags/example_external_task_marker_dag.py for tasks to queue
[2024-09-04T22:42:06.181+0000] {logging_mixin.py:190} INFO - [2024-09-04T22:42:06.180+0000] {dagbag.py:587} INFO - Filling up the DagBag from /home/airflow/.local/lib/python3.12/site-packages/airflow/example_dags/example_external_task_marker_dag.py
[2024-09-04T22:42:06.188+0000] {processor.py:925} INFO - DAG(s) 'example_external_task_marker_parent', 'example_external_task_marker_child' retrieved from /home/airflow/.local/lib/python3.12/site-packages/airflow/example_dags/example_external_task_marker_dag.py
[2024-09-04T22:42:06.209+0000] {logging_mixin.py:190} INFO - [2024-09-04T22:42:06.209+0000] {dag.py:3211} INFO - Sync 2 DAGs
[2024-09-04T22:42:06.222+0000] {logging_mixin.py:190} INFO - [2024-09-04T22:42:06.222+0000] {dag.py:4138} INFO - Setting next_dagrun for example_external_task_marker_child to None, run_after=None
[2024-09-04T22:42:06.226+0000] {logging_mixin.py:190} INFO - [2024-09-04T22:42:06.226+0000] {dag.py:4138} INFO - Setting next_dagrun for example_external_task_marker_parent to None, run_after=None
[2024-09-04T22:42:06.244+0000] {processor.py:208} INFO - Processing /home/airflow/.local/lib/python3.12/site-packages/airflow/example_dags/example_external_task_marker_dag.py took 0.073 seconds
[2024-09-04T22:42:36.504+0000] {processor.py:186} INFO - Started process (PID=353) to work on /home/airflow/.local/lib/python3.12/site-packages/airflow/example_dags/example_external_task_marker_dag.py
[2024-09-04T22:42:36.505+0000] {processor.py:914} INFO - Processing file /home/airflow/.local/lib/python3.12/site-packages/airflow/example_dags/example_external_task_marker_dag.py for tasks to queue
[2024-09-04T22:42:36.507+0000] {logging_mixin.py:190} INFO - [2024-09-04T22:42:36.507+0000] {dagbag.py:587} INFO - Filling up the DagBag from /home/airflow/.local/lib/python3.12/site-packages/airflow/example_dags/example_external_task_marker_dag.py
[2024-09-04T22:42:36.514+0000] {processor.py:925} INFO - DAG(s) 'example_external_task_marker_parent', 'example_external_task_marker_child' retrieved from /home/airflow/.local/lib/python3.12/site-packages/airflow/example_dags/example_external_task_marker_dag.py
[2024-09-04T22:42:36.535+0000] {logging_mixin.py:190} INFO - [2024-09-04T22:42:36.535+0000] {dag.py:3211} INFO - Sync 2 DAGs
[2024-09-04T22:42:36.549+0000] {logging_mixin.py:190} INFO - [2024-09-04T22:42:36.548+0000] {dag.py:4138} INFO - Setting next_dagrun for example_external_task_marker_child to None, run_after=None
[2024-09-04T22:42:36.552+0000] {logging_mixin.py:190} INFO - [2024-09-04T22:42:36.552+0000] {dag.py:4138} INFO - Setting next_dagrun for example_external_task_marker_parent to None, run_after=None
[2024-09-04T22:42:36.569+0000] {processor.py:208} INFO - Processing /home/airflow/.local/lib/python3.12/site-packages/airflow/example_dags/example_external_task_marker_dag.py took 0.070 seconds
[2024-09-04T22:43:06.858+0000] {processor.py:186} INFO - Started process (PID=420) to work on /home/airflow/.local/lib/python3.12/site-packages/airflow/example_dags/example_external_task_marker_dag.py
[2024-09-04T22:43:06.859+0000] {processor.py:914} INFO - Processing file /home/airflow/.local/lib/python3.12/site-packages/airflow/example_dags/example_external_task_marker_dag.py for tasks to queue
[2024-09-04T22:43:06.862+0000] {logging_mixin.py:190} INFO - [2024-09-04T22:43:06.861+0000] {dagbag.py:587} INFO - Filling up the DagBag from /home/airflow/.local/lib/python3.12/site-packages/airflow/example_dags/example_external_task_marker_dag.py
[2024-09-04T22:43:06.870+0000] {processor.py:925} INFO - DAG(s) 'example_external_task_marker_child', 'example_external_task_marker_parent' retrieved from /home/airflow/.local/lib/python3.12/site-packages/airflow/example_dags/example_external_task_marker_dag.py
[2024-09-04T22:43:06.890+0000] {logging_mixin.py:190} INFO - [2024-09-04T22:43:06.890+0000] {dag.py:3211} INFO - Sync 2 DAGs
[2024-09-04T22:43:06.903+0000] {logging_mixin.py:190} INFO - [2024-09-04T22:43:06.902+0000] {dag.py:4138} INFO - Setting next_dagrun for example_external_task_marker_child to None, run_after=None
[2024-09-04T22:43:06.907+0000] {logging_mixin.py:190} INFO - [2024-09-04T22:43:06.906+0000] {dag.py:4138} INFO - Setting next_dagrun for example_external_task_marker_parent to None, run_after=None
[2024-09-04T22:43:06.924+0000] {processor.py:208} INFO - Processing /home/airflow/.local/lib/python3.12/site-packages/airflow/example_dags/example_external_task_marker_dag.py took 0.071 seconds
[2024-09-04T22:43:37.035+0000] {processor.py:186} INFO - Started process (PID=487) to work on /home/airflow/.local/lib/python3.12/site-packages/airflow/example_dags/example_external_task_marker_dag.py
[2024-09-04T22:43:37.037+0000] {processor.py:914} INFO - Processing file /home/airflow/.local/lib/python3.12/site-packages/airflow/example_dags/example_external_task_marker_dag.py for tasks to queue
[2024-09-04T22:43:37.040+0000] {logging_mixin.py:190} INFO - [2024-09-04T22:43:37.039+0000] {dagbag.py:587} INFO - Filling up the DagBag from /home/airflow/.local/lib/python3.12/site-packages/airflow/example_dags/example_external_task_marker_dag.py
[2024-09-04T22:43:37.048+0000] {processor.py:925} INFO - DAG(s) 'example_external_task_marker_child', 'example_external_task_marker_parent' retrieved from /home/airflow/.local/lib/python3.12/site-packages/airflow/example_dags/example_external_task_marker_dag.py
[2024-09-04T22:43:37.072+0000] {logging_mixin.py:190} INFO - [2024-09-04T22:43:37.071+0000] {dag.py:3211} INFO - Sync 2 DAGs
[2024-09-04T22:43:37.084+0000] {logging_mixin.py:190} INFO - [2024-09-04T22:43:37.084+0000] {dag.py:4138} INFO - Setting next_dagrun for example_external_task_marker_child to None, run_after=None
[2024-09-04T22:43:37.088+0000] {logging_mixin.py:190} INFO - [2024-09-04T22:43:37.088+0000] {dag.py:4138} INFO - Setting next_dagrun for example_external_task_marker_parent to None, run_after=None
[2024-09-04T22:43:37.103+0000] {processor.py:208} INFO - Processing /home/airflow/.local/lib/python3.12/site-packages/airflow/example_dags/example_external_task_marker_dag.py took 0.072 seconds
[2024-09-04T22:44:08.045+0000] {processor.py:186} INFO - Started process (PID=554) to work on /home/airflow/.local/lib/python3.12/site-packages/airflow/example_dags/example_external_task_marker_dag.py
[2024-09-04T22:44:08.046+0000] {processor.py:914} INFO - Processing file /home/airflow/.local/lib/python3.12/site-packages/airflow/example_dags/example_external_task_marker_dag.py for tasks to queue
[2024-09-04T22:44:08.048+0000] {logging_mixin.py:190} INFO - [2024-09-04T22:44:08.048+0000] {dagbag.py:587} INFO - Filling up the DagBag from /home/airflow/.local/lib/python3.12/site-packages/airflow/example_dags/example_external_task_marker_dag.py
[2024-09-04T22:44:08.054+0000] {processor.py:925} INFO - DAG(s) 'example_external_task_marker_parent', 'example_external_task_marker_child' retrieved from /home/airflow/.local/lib/python3.12/site-packages/airflow/example_dags/example_external_task_marker_dag.py
[2024-09-04T22:44:08.075+0000] {logging_mixin.py:190} INFO - [2024-09-04T22:44:08.075+0000] {dag.py:3211} INFO - Sync 2 DAGs
[2024-09-04T22:44:08.088+0000] {logging_mixin.py:190} INFO - [2024-09-04T22:44:08.087+0000] {dag.py:4138} INFO - Setting next_dagrun for example_external_task_marker_child to None, run_after=None
[2024-09-04T22:44:08.091+0000] {logging_mixin.py:190} INFO - [2024-09-04T22:44:08.091+0000] {dag.py:4138} INFO - Setting next_dagrun for example_external_task_marker_parent to None, run_after=None
[2024-09-04T22:44:08.108+0000] {processor.py:208} INFO - Processing /home/airflow/.local/lib/python3.12/site-packages/airflow/example_dags/example_external_task_marker_dag.py took 0.068 seconds
[2024-09-04T22:44:38.342+0000] {processor.py:186} INFO - Started process (PID=622) to work on /home/airflow/.local/lib/python3.12/site-packages/airflow/example_dags/example_external_task_marker_dag.py
[2024-09-04T22:44:38.343+0000] {processor.py:914} INFO - Processing file /home/airflow/.local/lib/python3.12/site-packages/airflow/example_dags/example_external_task_marker_dag.py for tasks to queue
[2024-09-04T22:44:38.345+0000] {logging_mixin.py:190} INFO - [2024-09-04T22:44:38.345+0000] {dagbag.py:587} INFO - Filling up the DagBag from /home/airflow/.local/lib/python3.12/site-packages/airflow/example_dags/example_external_task_marker_dag.py
[2024-09-04T22:44:38.352+0000] {processor.py:925} INFO - DAG(s) 'example_external_task_marker_child', 'example_external_task_marker_parent' retrieved from /home/airflow/.local/lib/python3.12/site-packages/airflow/example_dags/example_external_task_marker_dag.py
[2024-09-04T22:44:38.372+0000] {logging_mixin.py:190} INFO - [2024-09-04T22:44:38.372+0000] {dag.py:3211} INFO - Sync 2 DAGs
[2024-09-04T22:44:38.385+0000] {logging_mixin.py:190} INFO - [2024-09-04T22:44:38.385+0000] {dag.py:4138} INFO - Setting next_dagrun for example_external_task_marker_child to None, run_after=None
[2024-09-04T22:44:38.389+0000] {logging_mixin.py:190} INFO - [2024-09-04T22:44:38.388+0000] {dag.py:4138} INFO - Setting next_dagrun for example_external_task_marker_parent to None, run_after=None
[2024-09-04T22:44:38.404+0000] {processor.py:208} INFO - Processing /home/airflow/.local/lib/python3.12/site-packages/airflow/example_dags/example_external_task_marker_dag.py took 0.066 seconds
[2024-09-04T22:45:09.061+0000] {processor.py:186} INFO - Started process (PID=689) to work on /home/airflow/.local/lib/python3.12/site-packages/airflow/example_dags/example_external_task_marker_dag.py
[2024-09-04T22:45:09.062+0000] {processor.py:914} INFO - Processing file /home/airflow/.local/lib/python3.12/site-packages/airflow/example_dags/example_external_task_marker_dag.py for tasks to queue
[2024-09-04T22:45:09.064+0000] {logging_mixin.py:190} INFO - [2024-09-04T22:45:09.064+0000] {dagbag.py:587} INFO - Filling up the DagBag from /home/airflow/.local/lib/python3.12/site-packages/airflow/example_dags/example_external_task_marker_dag.py
[2024-09-04T22:45:09.071+0000] {processor.py:925} INFO - DAG(s) 'example_external_task_marker_child', 'example_external_task_marker_parent' retrieved from /home/airflow/.local/lib/python3.12/site-packages/airflow/example_dags/example_external_task_marker_dag.py
[2024-09-04T22:45:09.091+0000] {logging_mixin.py:190} INFO - [2024-09-04T22:45:09.091+0000] {dag.py:3211} INFO - Sync 2 DAGs
[2024-09-04T22:45:09.105+0000] {logging_mixin.py:190} INFO - [2024-09-04T22:45:09.105+0000] {dag.py:4138} INFO - Setting next_dagrun for example_external_task_marker_child to None, run_after=None
[2024-09-04T22:45:09.108+0000] {logging_mixin.py:190} INFO - [2024-09-04T22:45:09.108+0000] {dag.py:4138} INFO - Setting next_dagrun for example_external_task_marker_parent to None, run_after=None
[2024-09-04T22:45:09.125+0000] {processor.py:208} INFO - Processing /home/airflow/.local/lib/python3.12/site-packages/airflow/example_dags/example_external_task_marker_dag.py took 0.068 seconds
[2024-09-04T22:45:39.304+0000] {processor.py:186} INFO - Started process (PID=756) to work on /home/airflow/.local/lib/python3.12/site-packages/airflow/example_dags/example_external_task_marker_dag.py
[2024-09-04T22:45:39.305+0000] {processor.py:914} INFO - Processing file /home/airflow/.local/lib/python3.12/site-packages/airflow/example_dags/example_external_task_marker_dag.py for tasks to queue
[2024-09-04T22:45:39.307+0000] {logging_mixin.py:190} INFO - [2024-09-04T22:45:39.307+0000] {dagbag.py:587} INFO - Filling up the DagBag from /home/airflow/.local/lib/python3.12/site-packages/airflow/example_dags/example_external_task_marker_dag.py
[2024-09-04T22:45:39.314+0000] {processor.py:925} INFO - DAG(s) 'example_external_task_marker_child', 'example_external_task_marker_parent' retrieved from /home/airflow/.local/lib/python3.12/site-packages/airflow/example_dags/example_external_task_marker_dag.py
[2024-09-04T22:45:39.335+0000] {logging_mixin.py:190} INFO - [2024-09-04T22:45:39.334+0000] {dag.py:3211} INFO - Sync 2 DAGs
[2024-09-04T22:45:39.347+0000] {logging_mixin.py:190} INFO - [2024-09-04T22:45:39.347+0000] {dag.py:4138} INFO - Setting next_dagrun for example_external_task_marker_child to None, run_after=None
[2024-09-04T22:45:39.351+0000] {logging_mixin.py:190} INFO - [2024-09-04T22:45:39.351+0000] {dag.py:4138} INFO - Setting next_dagrun for example_external_task_marker_parent to None, run_after=None
[2024-09-04T22:45:39.366+0000] {processor.py:208} INFO - Processing /home/airflow/.local/lib/python3.12/site-packages/airflow/example_dags/example_external_task_marker_dag.py took 0.067 seconds
[2024-09-04T22:46:10.071+0000] {processor.py:186} INFO - Started process (PID=823) to work on /home/airflow/.local/lib/python3.12/site-packages/airflow/example_dags/example_external_task_marker_dag.py
[2024-09-04T22:46:10.072+0000] {processor.py:914} INFO - Processing file /home/airflow/.local/lib/python3.12/site-packages/airflow/example_dags/example_external_task_marker_dag.py for tasks to queue
[2024-09-04T22:46:10.074+0000] {logging_mixin.py:190} INFO - [2024-09-04T22:46:10.073+0000] {dagbag.py:587} INFO - Filling up the DagBag from /home/airflow/.local/lib/python3.12/site-packages/airflow/example_dags/example_external_task_marker_dag.py
[2024-09-04T22:46:10.081+0000] {processor.py:925} INFO - DAG(s) 'example_external_task_marker_parent', 'example_external_task_marker_child' retrieved from /home/airflow/.local/lib/python3.12/site-packages/airflow/example_dags/example_external_task_marker_dag.py
[2024-09-04T22:46:10.105+0000] {logging_mixin.py:190} INFO - [2024-09-04T22:46:10.105+0000] {dag.py:3211} INFO - Sync 2 DAGs
[2024-09-04T22:46:10.120+0000] {logging_mixin.py:190} INFO - [2024-09-04T22:46:10.120+0000] {dag.py:4138} INFO - Setting next_dagrun for example_external_task_marker_child to None, run_after=None
[2024-09-04T22:46:10.124+0000] {logging_mixin.py:190} INFO - [2024-09-04T22:46:10.124+0000] {dag.py:4138} INFO - Setting next_dagrun for example_external_task_marker_parent to None, run_after=None
[2024-09-04T22:46:10.143+0000] {processor.py:208} INFO - Processing /home/airflow/.local/lib/python3.12/site-packages/airflow/example_dags/example_external_task_marker_dag.py took 0.077 seconds
[2024-09-04T22:46:40.613+0000] {processor.py:186} INFO - Started process (PID=890) to work on /home/airflow/.local/lib/python3.12/site-packages/airflow/example_dags/example_external_task_marker_dag.py
[2024-09-04T22:46:40.615+0000] {processor.py:914} INFO - Processing file /home/airflow/.local/lib/python3.12/site-packages/airflow/example_dags/example_external_task_marker_dag.py for tasks to queue
[2024-09-04T22:46:40.617+0000] {logging_mixin.py:190} INFO - [2024-09-04T22:46:40.616+0000] {dagbag.py:587} INFO - Filling up the DagBag from /home/airflow/.local/lib/python3.12/site-packages/airflow/example_dags/example_external_task_marker_dag.py
[2024-09-04T22:46:40.623+0000] {processor.py:925} INFO - DAG(s) 'example_external_task_marker_child', 'example_external_task_marker_parent' retrieved from /home/airflow/.local/lib/python3.12/site-packages/airflow/example_dags/example_external_task_marker_dag.py
[2024-09-04T22:46:40.645+0000] {logging_mixin.py:190} INFO - [2024-09-04T22:46:40.644+0000] {dag.py:3211} INFO - Sync 2 DAGs
[2024-09-04T22:46:40.660+0000] {logging_mixin.py:190} INFO - [2024-09-04T22:46:40.659+0000] {dag.py:4138} INFO - Setting next_dagrun for example_external_task_marker_child to None, run_after=None
[2024-09-04T22:46:40.663+0000] {logging_mixin.py:190} INFO - [2024-09-04T22:46:40.663+0000] {dag.py:4138} INFO - Setting next_dagrun for example_external_task_marker_parent to None, run_after=None
[2024-09-04T22:46:40.681+0000] {processor.py:208} INFO - Processing /home/airflow/.local/lib/python3.12/site-packages/airflow/example_dags/example_external_task_marker_dag.py took 0.073 seconds
[2024-09-04T22:47:10.971+0000] {processor.py:186} INFO - Started process (PID=957) to work on /home/airflow/.local/lib/python3.12/site-packages/airflow/example_dags/example_external_task_marker_dag.py
[2024-09-04T22:47:10.972+0000] {processor.py:914} INFO - Processing file /home/airflow/.local/lib/python3.12/site-packages/airflow/example_dags/example_external_task_marker_dag.py for tasks to queue
[2024-09-04T22:47:10.974+0000] {logging_mixin.py:190} INFO - [2024-09-04T22:47:10.974+0000] {dagbag.py:587} INFO - Filling up the DagBag from /home/airflow/.local/lib/python3.12/site-packages/airflow/example_dags/example_external_task_marker_dag.py
[2024-09-04T22:47:10.982+0000] {processor.py:925} INFO - DAG(s) 'example_external_task_marker_parent', 'example_external_task_marker_child' retrieved from /home/airflow/.local/lib/python3.12/site-packages/airflow/example_dags/example_external_task_marker_dag.py
[2024-09-04T22:47:11.002+0000] {logging_mixin.py:190} INFO - [2024-09-04T22:47:11.002+0000] {dag.py:3211} INFO - Sync 2 DAGs
[2024-09-04T22:47:11.016+0000] {logging_mixin.py:190} INFO - [2024-09-04T22:47:11.016+0000] {dag.py:4138} INFO - Setting next_dagrun for example_external_task_marker_child to None, run_after=None
[2024-09-04T22:47:11.019+0000] {logging_mixin.py:190} INFO - [2024-09-04T22:47:11.019+0000] {dag.py:4138} INFO - Setting next_dagrun for example_external_task_marker_parent to None, run_after=None
[2024-09-04T22:47:11.035+0000] {processor.py:208} INFO - Processing /home/airflow/.local/lib/python3.12/site-packages/airflow/example_dags/example_external_task_marker_dag.py took 0.069 seconds
[2024-09-04T22:47:41.386+0000] {processor.py:186} INFO - Started process (PID=1024) to work on /home/airflow/.local/lib/python3.12/site-packages/airflow/example_dags/example_external_task_marker_dag.py
[2024-09-04T22:47:41.387+0000] {processor.py:914} INFO - Processing file /home/airflow/.local/lib/python3.12/site-packages/airflow/example_dags/example_external_task_marker_dag.py for tasks to queue
[2024-09-04T22:47:41.389+0000] {logging_mixin.py:190} INFO - [2024-09-04T22:47:41.389+0000] {dagbag.py:587} INFO - Filling up the DagBag from /home/airflow/.local/lib/python3.12/site-packages/airflow/example_dags/example_external_task_marker_dag.py
[2024-09-04T22:47:41.397+0000] {processor.py:925} INFO - DAG(s) 'example_external_task_marker_parent', 'example_external_task_marker_child' retrieved from /home/airflow/.local/lib/python3.12/site-packages/airflow/example_dags/example_external_task_marker_dag.py
[2024-09-04T22:47:41.417+0000] {logging_mixin.py:190} INFO - [2024-09-04T22:47:41.417+0000] {dag.py:3211} INFO - Sync 2 DAGs
[2024-09-04T22:47:41.429+0000] {logging_mixin.py:190} INFO - [2024-09-04T22:47:41.429+0000] {dag.py:4138} INFO - Setting next_dagrun for example_external_task_marker_child to None, run_after=None
[2024-09-04T22:47:41.432+0000] {logging_mixin.py:190} INFO - [2024-09-04T22:47:41.432+0000] {dag.py:4138} INFO - Setting next_dagrun for example_external_task_marker_parent to None, run_after=None
[2024-09-04T22:47:41.451+0000] {processor.py:208} INFO - Processing /home/airflow/.local/lib/python3.12/site-packages/airflow/example_dags/example_external_task_marker_dag.py took 0.070 seconds
[2024-09-04T22:48:11.555+0000] {processor.py:186} INFO - Started process (PID=1091) to work on /home/airflow/.local/lib/python3.12/site-packages/airflow/example_dags/example_external_task_marker_dag.py
[2024-09-04T22:48:11.556+0000] {processor.py:914} INFO - Processing file /home/airflow/.local/lib/python3.12/site-packages/airflow/example_dags/example_external_task_marker_dag.py for tasks to queue
[2024-09-04T22:48:11.558+0000] {logging_mixin.py:190} INFO - [2024-09-04T22:48:11.558+0000] {dagbag.py:587} INFO - Filling up the DagBag from /home/airflow/.local/lib/python3.12/site-packages/airflow/example_dags/example_external_task_marker_dag.py
[2024-09-04T22:48:11.566+0000] {processor.py:925} INFO - DAG(s) 'example_external_task_marker_parent', 'example_external_task_marker_child' retrieved from /home/airflow/.local/lib/python3.12/site-packages/airflow/example_dags/example_external_task_marker_dag.py
[2024-09-04T22:48:11.587+0000] {logging_mixin.py:190} INFO - [2024-09-04T22:48:11.587+0000] {dag.py:3211} INFO - Sync 2 DAGs
[2024-09-04T22:48:11.599+0000] {logging_mixin.py:190} INFO - [2024-09-04T22:48:11.599+0000] {dag.py:4138} INFO - Setting next_dagrun for example_external_task_marker_child to None, run_after=None
[2024-09-04T22:48:11.603+0000] {logging_mixin.py:190} INFO - [2024-09-04T22:48:11.603+0000] {dag.py:4138} INFO - Setting next_dagrun for example_external_task_marker_parent to None, run_after=None
[2024-09-04T22:48:11.621+0000] {processor.py:208} INFO - Processing /home/airflow/.local/lib/python3.12/site-packages/airflow/example_dags/example_external_task_marker_dag.py took 0.071 seconds
[2024-09-04T22:48:42.525+0000] {processor.py:186} INFO - Started process (PID=1158) to work on /home/airflow/.local/lib/python3.12/site-packages/airflow/example_dags/example_external_task_marker_dag.py
[2024-09-04T22:48:42.526+0000] {processor.py:914} INFO - Processing file /home/airflow/.local/lib/python3.12/site-packages/airflow/example_dags/example_external_task_marker_dag.py for tasks to queue
[2024-09-04T22:48:42.528+0000] {logging_mixin.py:190} INFO - [2024-09-04T22:48:42.528+0000] {dagbag.py:587} INFO - Filling up the DagBag from /home/airflow/.local/lib/python3.12/site-packages/airflow/example_dags/example_external_task_marker_dag.py
[2024-09-04T22:48:42.535+0000] {processor.py:925} INFO - DAG(s) 'example_external_task_marker_child', 'example_external_task_marker_parent' retrieved from /home/airflow/.local/lib/python3.12/site-packages/airflow/example_dags/example_external_task_marker_dag.py
[2024-09-04T22:48:42.557+0000] {logging_mixin.py:190} INFO - [2024-09-04T22:48:42.557+0000] {dag.py:3211} INFO - Sync 2 DAGs
[2024-09-04T22:48:42.570+0000] {logging_mixin.py:190} INFO - [2024-09-04T22:48:42.570+0000] {dag.py:4138} INFO - Setting next_dagrun for example_external_task_marker_child to None, run_after=None
[2024-09-04T22:48:42.575+0000] {logging_mixin.py:190} INFO - [2024-09-04T22:48:42.575+0000] {dag.py:4138} INFO - Setting next_dagrun for example_external_task_marker_parent to None, run_after=None
[2024-09-04T22:48:42.594+0000] {processor.py:208} INFO - Processing /home/airflow/.local/lib/python3.12/site-packages/airflow/example_dags/example_external_task_marker_dag.py took 0.075 seconds
[2024-09-04T22:49:13.417+0000] {processor.py:186} INFO - Started process (PID=1225) to work on /home/airflow/.local/lib/python3.12/site-packages/airflow/example_dags/example_external_task_marker_dag.py
[2024-09-04T22:49:13.418+0000] {processor.py:914} INFO - Processing file /home/airflow/.local/lib/python3.12/site-packages/airflow/example_dags/example_external_task_marker_dag.py for tasks to queue
[2024-09-04T22:49:13.420+0000] {logging_mixin.py:190} INFO - [2024-09-04T22:49:13.420+0000] {dagbag.py:587} INFO - Filling up the DagBag from /home/airflow/.local/lib/python3.12/site-packages/airflow/example_dags/example_external_task_marker_dag.py
[2024-09-04T22:49:13.427+0000] {processor.py:925} INFO - DAG(s) 'example_external_task_marker_parent', 'example_external_task_marker_child' retrieved from /home/airflow/.local/lib/python3.12/site-packages/airflow/example_dags/example_external_task_marker_dag.py
[2024-09-04T22:49:13.447+0000] {logging_mixin.py:190} INFO - [2024-09-04T22:49:13.446+0000] {dag.py:3211} INFO - Sync 2 DAGs
[2024-09-04T22:49:13.462+0000] {logging_mixin.py:190} INFO - [2024-09-04T22:49:13.461+0000] {dag.py:4138} INFO - Setting next_dagrun for example_external_task_marker_child to None, run_after=None
[2024-09-04T22:49:13.465+0000] {logging_mixin.py:190} INFO - [2024-09-04T22:49:13.465+0000] {dag.py:4138} INFO - Setting next_dagrun for example_external_task_marker_parent to None, run_after=None
[2024-09-04T22:49:13.481+0000] {processor.py:208} INFO - Processing /home/airflow/.local/lib/python3.12/site-packages/airflow/example_dags/example_external_task_marker_dag.py took 0.069 seconds
[2024-09-04T22:49:43.642+0000] {processor.py:186} INFO - Started process (PID=1292) to work on /home/airflow/.local/lib/python3.12/site-packages/airflow/example_dags/example_external_task_marker_dag.py
[2024-09-04T22:49:43.643+0000] {processor.py:914} INFO - Processing file /home/airflow/.local/lib/python3.12/site-packages/airflow/example_dags/example_external_task_marker_dag.py for tasks to queue
[2024-09-04T22:49:43.645+0000] {logging_mixin.py:190} INFO - [2024-09-04T22:49:43.645+0000] {dagbag.py:587} INFO - Filling up the DagBag from /home/airflow/.local/lib/python3.12/site-packages/airflow/example_dags/example_external_task_marker_dag.py
[2024-09-04T22:49:43.652+0000] {processor.py:925} INFO - DAG(s) 'example_external_task_marker_parent', 'example_external_task_marker_child' retrieved from /home/airflow/.local/lib/python3.12/site-packages/airflow/example_dags/example_external_task_marker_dag.py
[2024-09-04T22:49:43.673+0000] {logging_mixin.py:190} INFO - [2024-09-04T22:49:43.673+0000] {dag.py:3211} INFO - Sync 2 DAGs
[2024-09-04T22:49:43.688+0000] {logging_mixin.py:190} INFO - [2024-09-04T22:49:43.687+0000] {dag.py:4138} INFO - Setting next_dagrun for example_external_task_marker_child to None, run_after=None
[2024-09-04T22:49:43.692+0000] {logging_mixin.py:190} INFO - [2024-09-04T22:49:43.692+0000] {dag.py:4138} INFO - Setting next_dagrun for example_external_task_marker_parent to None, run_after=None
[2024-09-04T22:49:43.708+0000] {processor.py:208} INFO - Processing /home/airflow/.local/lib/python3.12/site-packages/airflow/example_dags/example_external_task_marker_dag.py took 0.071 seconds
[2024-09-04T22:50:13.874+0000] {processor.py:186} INFO - Started process (PID=1359) to work on /home/airflow/.local/lib/python3.12/site-packages/airflow/example_dags/example_external_task_marker_dag.py
[2024-09-04T22:50:13.875+0000] {processor.py:914} INFO - Processing file /home/airflow/.local/lib/python3.12/site-packages/airflow/example_dags/example_external_task_marker_dag.py for tasks to queue
[2024-09-04T22:50:13.877+0000] {logging_mixin.py:190} INFO - [2024-09-04T22:50:13.877+0000] {dagbag.py:587} INFO - Filling up the DagBag from /home/airflow/.local/lib/python3.12/site-packages/airflow/example_dags/example_external_task_marker_dag.py
[2024-09-04T22:50:13.883+0000] {processor.py:925} INFO - DAG(s) 'example_external_task_marker_parent', 'example_external_task_marker_child' retrieved from /home/airflow/.local/lib/python3.12/site-packages/airflow/example_dags/example_external_task_marker_dag.py
[2024-09-04T22:50:13.903+0000] {logging_mixin.py:190} INFO - [2024-09-04T22:50:13.902+0000] {dag.py:3211} INFO - Sync 2 DAGs
[2024-09-04T22:50:13.915+0000] {logging_mixin.py:190} INFO - [2024-09-04T22:50:13.915+0000] {dag.py:4138} INFO - Setting next_dagrun for example_external_task_marker_child to None, run_after=None
[2024-09-04T22:50:13.919+0000] {logging_mixin.py:190} INFO - [2024-09-04T22:50:13.918+0000] {dag.py:4138} INFO - Setting next_dagrun for example_external_task_marker_parent to None, run_after=None
[2024-09-04T22:50:13.934+0000] {processor.py:208} INFO - Processing /home/airflow/.local/lib/python3.12/site-packages/airflow/example_dags/example_external_task_marker_dag.py took 0.066 seconds
[2024-09-04T22:50:43.973+0000] {processor.py:186} INFO - Started process (PID=1426) to work on /home/airflow/.local/lib/python3.12/site-packages/airflow/example_dags/example_external_task_marker_dag.py
[2024-09-04T22:50:43.974+0000] {processor.py:914} INFO - Processing file /home/airflow/.local/lib/python3.12/site-packages/airflow/example_dags/example_external_task_marker_dag.py for tasks to queue
[2024-09-04T22:50:43.976+0000] {logging_mixin.py:190} INFO - [2024-09-04T22:50:43.975+0000] {dagbag.py:587} INFO - Filling up the DagBag from /home/airflow/.local/lib/python3.12/site-packages/airflow/example_dags/example_external_task_marker_dag.py
[2024-09-04T22:50:43.983+0000] {processor.py:925} INFO - DAG(s) 'example_external_task_marker_parent', 'example_external_task_marker_child' retrieved from /home/airflow/.local/lib/python3.12/site-packages/airflow/example_dags/example_external_task_marker_dag.py
[2024-09-04T22:50:44.003+0000] {logging_mixin.py:190} INFO - [2024-09-04T22:50:44.003+0000] {dag.py:3211} INFO - Sync 2 DAGs
[2024-09-04T22:50:44.016+0000] {logging_mixin.py:190} INFO - [2024-09-04T22:50:44.016+0000] {dag.py:4138} INFO - Setting next_dagrun for example_external_task_marker_child to None, run_after=None
[2024-09-04T22:50:44.020+0000] {logging_mixin.py:190} INFO - [2024-09-04T22:50:44.020+0000] {dag.py:4138} INFO - Setting next_dagrun for example_external_task_marker_parent to None, run_after=None
[2024-09-04T22:50:44.037+0000] {processor.py:208} INFO - Processing /home/airflow/.local/lib/python3.12/site-packages/airflow/example_dags/example_external_task_marker_dag.py took 0.070 seconds
[2024-09-04T22:51:14.187+0000] {processor.py:186} INFO - Started process (PID=1493) to work on /home/airflow/.local/lib/python3.12/site-packages/airflow/example_dags/example_external_task_marker_dag.py
[2024-09-04T22:51:14.187+0000] {processor.py:914} INFO - Processing file /home/airflow/.local/lib/python3.12/site-packages/airflow/example_dags/example_external_task_marker_dag.py for tasks to queue
[2024-09-04T22:51:14.189+0000] {logging_mixin.py:190} INFO - [2024-09-04T22:51:14.189+0000] {dagbag.py:587} INFO - Filling up the DagBag from /home/airflow/.local/lib/python3.12/site-packages/airflow/example_dags/example_external_task_marker_dag.py
[2024-09-04T22:51:14.196+0000] {processor.py:925} INFO - DAG(s) 'example_external_task_marker_parent', 'example_external_task_marker_child' retrieved from /home/airflow/.local/lib/python3.12/site-packages/airflow/example_dags/example_external_task_marker_dag.py
[2024-09-04T22:51:14.216+0000] {logging_mixin.py:190} INFO - [2024-09-04T22:51:14.216+0000] {dag.py:3211} INFO - Sync 2 DAGs
[2024-09-04T22:51:14.229+0000] {logging_mixin.py:190} INFO - [2024-09-04T22:51:14.229+0000] {dag.py:4138} INFO - Setting next_dagrun for example_external_task_marker_child to None, run_after=None
[2024-09-04T22:51:14.233+0000] {logging_mixin.py:190} INFO - [2024-09-04T22:51:14.233+0000] {dag.py:4138} INFO - Setting next_dagrun for example_external_task_marker_parent to None, run_after=None
[2024-09-04T22:51:14.309+0000] {processor.py:208} INFO - Processing /home/airflow/.local/lib/python3.12/site-packages/airflow/example_dags/example_external_task_marker_dag.py took 0.128 seconds
[2024-09-04T22:51:45.055+0000] {processor.py:186} INFO - Started process (PID=1560) to work on /home/airflow/.local/lib/python3.12/site-packages/airflow/example_dags/example_external_task_marker_dag.py
[2024-09-04T22:51:45.056+0000] {processor.py:914} INFO - Processing file /home/airflow/.local/lib/python3.12/site-packages/airflow/example_dags/example_external_task_marker_dag.py for tasks to queue
[2024-09-04T22:51:45.058+0000] {logging_mixin.py:190} INFO - [2024-09-04T22:51:45.058+0000] {dagbag.py:587} INFO - Filling up the DagBag from /home/airflow/.local/lib/python3.12/site-packages/airflow/example_dags/example_external_task_marker_dag.py
[2024-09-04T22:51:45.066+0000] {processor.py:925} INFO - DAG(s) 'example_external_task_marker_parent', 'example_external_task_marker_child' retrieved from /home/airflow/.local/lib/python3.12/site-packages/airflow/example_dags/example_external_task_marker_dag.py
[2024-09-04T22:51:45.089+0000] {logging_mixin.py:190} INFO - [2024-09-04T22:51:45.089+0000] {dag.py:3211} INFO - Sync 2 DAGs
[2024-09-04T22:51:45.102+0000] {logging_mixin.py:190} INFO - [2024-09-04T22:51:45.101+0000] {dag.py:4138} INFO - Setting next_dagrun for example_external_task_marker_child to None, run_after=None
[2024-09-04T22:51:45.105+0000] {logging_mixin.py:190} INFO - [2024-09-04T22:51:45.105+0000] {dag.py:4138} INFO - Setting next_dagrun for example_external_task_marker_parent to None, run_after=None
[2024-09-04T22:51:45.119+0000] {processor.py:208} INFO - Processing /home/airflow/.local/lib/python3.12/site-packages/airflow/example_dags/example_external_task_marker_dag.py took 0.070 seconds
[2024-09-04T22:52:15.594+0000] {processor.py:186} INFO - Started process (PID=1627) to work on /home/airflow/.local/lib/python3.12/site-packages/airflow/example_dags/example_external_task_marker_dag.py
[2024-09-04T22:52:15.595+0000] {processor.py:914} INFO - Processing file /home/airflow/.local/lib/python3.12/site-packages/airflow/example_dags/example_external_task_marker_dag.py for tasks to queue
[2024-09-04T22:52:15.597+0000] {logging_mixin.py:190} INFO - [2024-09-04T22:52:15.597+0000] {dagbag.py:587} INFO - Filling up the DagBag from /home/airflow/.local/lib/python3.12/site-packages/airflow/example_dags/example_external_task_marker_dag.py
[2024-09-04T22:52:15.604+0000] {processor.py:925} INFO - DAG(s) 'example_external_task_marker_parent', 'example_external_task_marker_child' retrieved from /home/airflow/.local/lib/python3.12/site-packages/airflow/example_dags/example_external_task_marker_dag.py
[2024-09-04T22:52:15.623+0000] {logging_mixin.py:190} INFO - [2024-09-04T22:52:15.623+0000] {dag.py:3211} INFO - Sync 2 DAGs
[2024-09-04T22:52:15.636+0000] {logging_mixin.py:190} INFO - [2024-09-04T22:52:15.636+0000] {dag.py:4138} INFO - Setting next_dagrun for example_external_task_marker_child to None, run_after=None
[2024-09-04T22:52:15.639+0000] {logging_mixin.py:190} INFO - [2024-09-04T22:52:15.639+0000] {dag.py:4138} INFO - Setting next_dagrun for example_external_task_marker_parent to None, run_after=None
[2024-09-04T22:52:15.656+0000] {processor.py:208} INFO - Processing /home/airflow/.local/lib/python3.12/site-packages/airflow/example_dags/example_external_task_marker_dag.py took 0.068 seconds
[2024-09-04T22:52:46.408+0000] {processor.py:186} INFO - Started process (PID=1694) to work on /home/airflow/.local/lib/python3.12/site-packages/airflow/example_dags/example_external_task_marker_dag.py
[2024-09-04T22:52:46.409+0000] {processor.py:914} INFO - Processing file /home/airflow/.local/lib/python3.12/site-packages/airflow/example_dags/example_external_task_marker_dag.py for tasks to queue
[2024-09-04T22:52:46.411+0000] {logging_mixin.py:190} INFO - [2024-09-04T22:52:46.411+0000] {dagbag.py:587} INFO - Filling up the DagBag from /home/airflow/.local/lib/python3.12/site-packages/airflow/example_dags/example_external_task_marker_dag.py
[2024-09-04T22:52:46.417+0000] {processor.py:925} INFO - DAG(s) 'example_external_task_marker_parent', 'example_external_task_marker_child' retrieved from /home/airflow/.local/lib/python3.12/site-packages/airflow/example_dags/example_external_task_marker_dag.py
[2024-09-04T22:52:46.438+0000] {logging_mixin.py:190} INFO - [2024-09-04T22:52:46.438+0000] {dag.py:3211} INFO - Sync 2 DAGs
[2024-09-04T22:52:46.452+0000] {logging_mixin.py:190} INFO - [2024-09-04T22:52:46.452+0000] {dag.py:4138} INFO - Setting next_dagrun for example_external_task_marker_child to None, run_after=None
[2024-09-04T22:52:46.456+0000] {logging_mixin.py:190} INFO - [2024-09-04T22:52:46.456+0000] {dag.py:4138} INFO - Setting next_dagrun for example_external_task_marker_parent to None, run_after=None
[2024-09-04T22:52:46.471+0000] {processor.py:208} INFO - Processing /home/airflow/.local/lib/python3.12/site-packages/airflow/example_dags/example_external_task_marker_dag.py took 0.068 seconds
[2024-09-04T22:53:17.029+0000] {processor.py:186} INFO - Started process (PID=1761) to work on /home/airflow/.local/lib/python3.12/site-packages/airflow/example_dags/example_external_task_marker_dag.py
[2024-09-04T22:53:17.030+0000] {processor.py:914} INFO - Processing file /home/airflow/.local/lib/python3.12/site-packages/airflow/example_dags/example_external_task_marker_dag.py for tasks to queue
[2024-09-04T22:53:17.032+0000] {logging_mixin.py:190} INFO - [2024-09-04T22:53:17.032+0000] {dagbag.py:587} INFO - Filling up the DagBag from /home/airflow/.local/lib/python3.12/site-packages/airflow/example_dags/example_external_task_marker_dag.py
[2024-09-04T22:53:17.039+0000] {processor.py:925} INFO - DAG(s) 'example_external_task_marker_parent', 'example_external_task_marker_child' retrieved from /home/airflow/.local/lib/python3.12/site-packages/airflow/example_dags/example_external_task_marker_dag.py
[2024-09-04T22:53:17.060+0000] {logging_mixin.py:190} INFO - [2024-09-04T22:53:17.059+0000] {dag.py:3211} INFO - Sync 2 DAGs
[2024-09-04T22:53:17.073+0000] {logging_mixin.py:190} INFO - [2024-09-04T22:53:17.073+0000] {dag.py:4138} INFO - Setting next_dagrun for example_external_task_marker_child to None, run_after=None
[2024-09-04T22:53:17.077+0000] {logging_mixin.py:190} INFO - [2024-09-04T22:53:17.077+0000] {dag.py:4138} INFO - Setting next_dagrun for example_external_task_marker_parent to None, run_after=None
[2024-09-04T22:53:17.093+0000] {processor.py:208} INFO - Processing /home/airflow/.local/lib/python3.12/site-packages/airflow/example_dags/example_external_task_marker_dag.py took 0.069 seconds
[2024-09-04T22:53:47.663+0000] {processor.py:186} INFO - Started process (PID=1827) to work on /home/airflow/.local/lib/python3.12/site-packages/airflow/example_dags/example_external_task_marker_dag.py
[2024-09-04T22:53:47.664+0000] {processor.py:914} INFO - Processing file /home/airflow/.local/lib/python3.12/site-packages/airflow/example_dags/example_external_task_marker_dag.py for tasks to queue
[2024-09-04T22:53:47.666+0000] {logging_mixin.py:190} INFO - [2024-09-04T22:53:47.666+0000] {dagbag.py:587} INFO - Filling up the DagBag from /home/airflow/.local/lib/python3.12/site-packages/airflow/example_dags/example_external_task_marker_dag.py
[2024-09-04T22:53:47.673+0000] {processor.py:925} INFO - DAG(s) 'example_external_task_marker_child', 'example_external_task_marker_parent' retrieved from /home/airflow/.local/lib/python3.12/site-packages/airflow/example_dags/example_external_task_marker_dag.py
[2024-09-04T22:53:47.693+0000] {logging_mixin.py:190} INFO - [2024-09-04T22:53:47.692+0000] {dag.py:3211} INFO - Sync 2 DAGs
[2024-09-04T22:53:47.709+0000] {logging_mixin.py:190} INFO - [2024-09-04T22:53:47.709+0000] {dag.py:4138} INFO - Setting next_dagrun for example_external_task_marker_child to None, run_after=None
[2024-09-04T22:53:47.713+0000] {logging_mixin.py:190} INFO - [2024-09-04T22:53:47.713+0000] {dag.py:4138} INFO - Setting next_dagrun for example_external_task_marker_parent to None, run_after=None
[2024-09-04T22:53:47.730+0000] {processor.py:208} INFO - Processing /home/airflow/.local/lib/python3.12/site-packages/airflow/example_dags/example_external_task_marker_dag.py took 0.071 seconds
