[2024-09-04T22:40:31.081+0000] {processor.py:186} INFO - Started process (PID=82) to work on /home/airflow/.local/lib/python3.12/site-packages/airflow/example_dags/example_dag_decorator.py
[2024-09-04T22:40:31.083+0000] {processor.py:914} INFO - Processing file /home/airflow/.local/lib/python3.12/site-packages/airflow/example_dags/example_dag_decorator.py for tasks to queue
[2024-09-04T22:40:31.086+0000] {logging_mixin.py:190} INFO - [2024-09-04T22:40:31.086+0000] {dagbag.py:587} INFO - Filling up the DagBag from /home/airflow/.local/lib/python3.12/site-packages/airflow/example_dags/example_dag_decorator.py
[2024-09-04T22:40:31.162+0000] {processor.py:925} INFO - DAG(s) 'example_dag_decorator' retrieved from /home/airflow/.local/lib/python3.12/site-packages/airflow/example_dags/example_dag_decorator.py
[2024-09-04T22:40:31.417+0000] {logging_mixin.py:190} INFO - [2024-09-04T22:40:31.416+0000] {override.py:1858} INFO - Created Permission View: can delete on DAG:example_dag_decorator
[2024-09-04T22:40:31.483+0000] {logging_mixin.py:190} INFO - [2024-09-04T22:40:31.482+0000] {override.py:1858} INFO - Created Permission View: can edit on DAG:example_dag_decorator
[2024-09-04T22:40:31.495+0000] {logging_mixin.py:190} INFO - [2024-09-04T22:40:31.494+0000] {override.py:1858} INFO - Created Permission View: can read on DAG:example_dag_decorator
[2024-09-04T22:40:31.495+0000] {logging_mixin.py:190} INFO - [2024-09-04T22:40:31.495+0000] {dag.py:3211} INFO - Sync 1 DAGs
[2024-09-04T22:40:31.507+0000] {logging_mixin.py:190} INFO - [2024-09-04T22:40:31.507+0000] {dag.py:3234} INFO - Creating ORM DAG for example_dag_decorator
[2024-09-04T22:40:31.509+0000] {logging_mixin.py:190} INFO - [2024-09-04T22:40:31.509+0000] {dag.py:4138} INFO - Setting next_dagrun for example_dag_decorator to None, run_after=None
[2024-09-04T22:40:31.570+0000] {processor.py:208} INFO - Processing /home/airflow/.local/lib/python3.12/site-packages/airflow/example_dags/example_dag_decorator.py took 0.493 seconds
[2024-09-04T22:41:02.299+0000] {processor.py:186} INFO - Started process (PID=149) to work on /home/airflow/.local/lib/python3.12/site-packages/airflow/example_dags/example_dag_decorator.py
[2024-09-04T22:41:02.300+0000] {processor.py:914} INFO - Processing file /home/airflow/.local/lib/python3.12/site-packages/airflow/example_dags/example_dag_decorator.py for tasks to queue
[2024-09-04T22:41:02.302+0000] {logging_mixin.py:190} INFO - [2024-09-04T22:41:02.302+0000] {dagbag.py:587} INFO - Filling up the DagBag from /home/airflow/.local/lib/python3.12/site-packages/airflow/example_dags/example_dag_decorator.py
[2024-09-04T22:41:02.316+0000] {processor.py:925} INFO - DAG(s) 'example_dag_decorator' retrieved from /home/airflow/.local/lib/python3.12/site-packages/airflow/example_dags/example_dag_decorator.py
[2024-09-04T22:41:02.425+0000] {logging_mixin.py:190} INFO - [2024-09-04T22:41:02.425+0000] {dag.py:3211} INFO - Sync 1 DAGs
[2024-09-04T22:41:02.435+0000] {logging_mixin.py:190} INFO - [2024-09-04T22:41:02.435+0000] {dag.py:4138} INFO - Setting next_dagrun for example_dag_decorator to None, run_after=None
[2024-09-04T22:41:02.837+0000] {processor.py:208} INFO - Processing /home/airflow/.local/lib/python3.12/site-packages/airflow/example_dags/example_dag_decorator.py took 0.544 seconds
[2024-09-04T22:41:32.990+0000] {processor.py:186} INFO - Started process (PID=216) to work on /home/airflow/.local/lib/python3.12/site-packages/airflow/example_dags/example_dag_decorator.py
[2024-09-04T22:41:32.991+0000] {processor.py:914} INFO - Processing file /home/airflow/.local/lib/python3.12/site-packages/airflow/example_dags/example_dag_decorator.py for tasks to queue
[2024-09-04T22:41:32.994+0000] {logging_mixin.py:190} INFO - [2024-09-04T22:41:32.993+0000] {dagbag.py:587} INFO - Filling up the DagBag from /home/airflow/.local/lib/python3.12/site-packages/airflow/example_dags/example_dag_decorator.py
[2024-09-04T22:41:33.003+0000] {processor.py:925} INFO - DAG(s) 'example_dag_decorator' retrieved from /home/airflow/.local/lib/python3.12/site-packages/airflow/example_dags/example_dag_decorator.py
[2024-09-04T22:41:33.105+0000] {logging_mixin.py:190} INFO - [2024-09-04T22:41:33.104+0000] {dag.py:3211} INFO - Sync 1 DAGs
[2024-09-04T22:41:33.117+0000] {logging_mixin.py:190} INFO - [2024-09-04T22:41:33.116+0000] {dag.py:4138} INFO - Setting next_dagrun for example_dag_decorator to None, run_after=None
[2024-09-04T22:41:33.134+0000] {processor.py:208} INFO - Processing /home/airflow/.local/lib/python3.12/site-packages/airflow/example_dags/example_dag_decorator.py took 0.149 seconds
[2024-09-04T22:42:03.910+0000] {processor.py:186} INFO - Started process (PID=283) to work on /home/airflow/.local/lib/python3.12/site-packages/airflow/example_dags/example_dag_decorator.py
[2024-09-04T22:42:03.911+0000] {processor.py:914} INFO - Processing file /home/airflow/.local/lib/python3.12/site-packages/airflow/example_dags/example_dag_decorator.py for tasks to queue
[2024-09-04T22:42:03.913+0000] {logging_mixin.py:190} INFO - [2024-09-04T22:42:03.913+0000] {dagbag.py:587} INFO - Filling up the DagBag from /home/airflow/.local/lib/python3.12/site-packages/airflow/example_dags/example_dag_decorator.py
[2024-09-04T22:42:03.925+0000] {processor.py:925} INFO - DAG(s) 'example_dag_decorator' retrieved from /home/airflow/.local/lib/python3.12/site-packages/airflow/example_dags/example_dag_decorator.py
[2024-09-04T22:42:04.041+0000] {logging_mixin.py:190} INFO - [2024-09-04T22:42:04.041+0000] {dag.py:3211} INFO - Sync 1 DAGs
[2024-09-04T22:42:04.053+0000] {logging_mixin.py:190} INFO - [2024-09-04T22:42:04.053+0000] {dag.py:4138} INFO - Setting next_dagrun for example_dag_decorator to None, run_after=None
[2024-09-04T22:42:04.075+0000] {processor.py:208} INFO - Processing /home/airflow/.local/lib/python3.12/site-packages/airflow/example_dags/example_dag_decorator.py took 0.171 seconds
[2024-09-04T22:42:34.275+0000] {processor.py:186} INFO - Started process (PID=350) to work on /home/airflow/.local/lib/python3.12/site-packages/airflow/example_dags/example_dag_decorator.py
[2024-09-04T22:42:34.276+0000] {processor.py:914} INFO - Processing file /home/airflow/.local/lib/python3.12/site-packages/airflow/example_dags/example_dag_decorator.py for tasks to queue
[2024-09-04T22:42:34.278+0000] {logging_mixin.py:190} INFO - [2024-09-04T22:42:34.278+0000] {dagbag.py:587} INFO - Filling up the DagBag from /home/airflow/.local/lib/python3.12/site-packages/airflow/example_dags/example_dag_decorator.py
[2024-09-04T22:42:34.294+0000] {processor.py:925} INFO - DAG(s) 'example_dag_decorator' retrieved from /home/airflow/.local/lib/python3.12/site-packages/airflow/example_dags/example_dag_decorator.py
[2024-09-04T22:42:34.391+0000] {logging_mixin.py:190} INFO - [2024-09-04T22:42:34.391+0000] {dag.py:3211} INFO - Sync 1 DAGs
[2024-09-04T22:42:34.403+0000] {logging_mixin.py:190} INFO - [2024-09-04T22:42:34.403+0000] {dag.py:4138} INFO - Setting next_dagrun for example_dag_decorator to None, run_after=None
[2024-09-04T22:42:34.432+0000] {processor.py:208} INFO - Processing /home/airflow/.local/lib/python3.12/site-packages/airflow/example_dags/example_dag_decorator.py took 0.164 seconds
[2024-09-04T22:43:04.658+0000] {processor.py:186} INFO - Started process (PID=417) to work on /home/airflow/.local/lib/python3.12/site-packages/airflow/example_dags/example_dag_decorator.py
[2024-09-04T22:43:04.658+0000] {processor.py:914} INFO - Processing file /home/airflow/.local/lib/python3.12/site-packages/airflow/example_dags/example_dag_decorator.py for tasks to queue
[2024-09-04T22:43:04.660+0000] {logging_mixin.py:190} INFO - [2024-09-04T22:43:04.660+0000] {dagbag.py:587} INFO - Filling up the DagBag from /home/airflow/.local/lib/python3.12/site-packages/airflow/example_dags/example_dag_decorator.py
[2024-09-04T22:43:04.671+0000] {processor.py:925} INFO - DAG(s) 'example_dag_decorator' retrieved from /home/airflow/.local/lib/python3.12/site-packages/airflow/example_dags/example_dag_decorator.py
[2024-09-04T22:43:04.763+0000] {logging_mixin.py:190} INFO - [2024-09-04T22:43:04.763+0000] {dag.py:3211} INFO - Sync 1 DAGs
[2024-09-04T22:43:04.775+0000] {logging_mixin.py:190} INFO - [2024-09-04T22:43:04.774+0000] {dag.py:4138} INFO - Setting next_dagrun for example_dag_decorator to None, run_after=None
[2024-09-04T22:43:04.800+0000] {processor.py:208} INFO - Processing /home/airflow/.local/lib/python3.12/site-packages/airflow/example_dags/example_dag_decorator.py took 0.147 seconds
[2024-09-04T22:43:34.850+0000] {processor.py:186} INFO - Started process (PID=485) to work on /home/airflow/.local/lib/python3.12/site-packages/airflow/example_dags/example_dag_decorator.py
[2024-09-04T22:43:34.851+0000] {processor.py:914} INFO - Processing file /home/airflow/.local/lib/python3.12/site-packages/airflow/example_dags/example_dag_decorator.py for tasks to queue
[2024-09-04T22:43:34.853+0000] {logging_mixin.py:190} INFO - [2024-09-04T22:43:34.853+0000] {dagbag.py:587} INFO - Filling up the DagBag from /home/airflow/.local/lib/python3.12/site-packages/airflow/example_dags/example_dag_decorator.py
[2024-09-04T22:43:34.863+0000] {processor.py:925} INFO - DAG(s) 'example_dag_decorator' retrieved from /home/airflow/.local/lib/python3.12/site-packages/airflow/example_dags/example_dag_decorator.py
[2024-09-04T22:43:34.959+0000] {logging_mixin.py:190} INFO - [2024-09-04T22:43:34.959+0000] {dag.py:3211} INFO - Sync 1 DAGs
[2024-09-04T22:43:34.972+0000] {logging_mixin.py:190} INFO - [2024-09-04T22:43:34.972+0000] {dag.py:4138} INFO - Setting next_dagrun for example_dag_decorator to None, run_after=None
[2024-09-04T22:43:34.991+0000] {processor.py:208} INFO - Processing /home/airflow/.local/lib/python3.12/site-packages/airflow/example_dags/example_dag_decorator.py took 0.147 seconds
[2024-09-04T22:44:05.822+0000] {processor.py:186} INFO - Started process (PID=551) to work on /home/airflow/.local/lib/python3.12/site-packages/airflow/example_dags/example_dag_decorator.py
[2024-09-04T22:44:05.823+0000] {processor.py:914} INFO - Processing file /home/airflow/.local/lib/python3.12/site-packages/airflow/example_dags/example_dag_decorator.py for tasks to queue
[2024-09-04T22:44:05.825+0000] {logging_mixin.py:190} INFO - [2024-09-04T22:44:05.825+0000] {dagbag.py:587} INFO - Filling up the DagBag from /home/airflow/.local/lib/python3.12/site-packages/airflow/example_dags/example_dag_decorator.py
[2024-09-04T22:44:05.836+0000] {processor.py:925} INFO - DAG(s) 'example_dag_decorator' retrieved from /home/airflow/.local/lib/python3.12/site-packages/airflow/example_dags/example_dag_decorator.py
[2024-09-04T22:44:05.929+0000] {logging_mixin.py:190} INFO - [2024-09-04T22:44:05.929+0000] {dag.py:3211} INFO - Sync 1 DAGs
[2024-09-04T22:44:05.940+0000] {logging_mixin.py:190} INFO - [2024-09-04T22:44:05.940+0000] {dag.py:4138} INFO - Setting next_dagrun for example_dag_decorator to None, run_after=None
[2024-09-04T22:44:05.959+0000] {processor.py:208} INFO - Processing /home/airflow/.local/lib/python3.12/site-packages/airflow/example_dags/example_dag_decorator.py took 0.142 seconds
[2024-09-04T22:44:36.069+0000] {processor.py:186} INFO - Started process (PID=619) to work on /home/airflow/.local/lib/python3.12/site-packages/airflow/example_dags/example_dag_decorator.py
[2024-09-04T22:44:36.070+0000] {processor.py:914} INFO - Processing file /home/airflow/.local/lib/python3.12/site-packages/airflow/example_dags/example_dag_decorator.py for tasks to queue
[2024-09-04T22:44:36.072+0000] {logging_mixin.py:190} INFO - [2024-09-04T22:44:36.072+0000] {dagbag.py:587} INFO - Filling up the DagBag from /home/airflow/.local/lib/python3.12/site-packages/airflow/example_dags/example_dag_decorator.py
[2024-09-04T22:44:36.082+0000] {processor.py:925} INFO - DAG(s) 'example_dag_decorator' retrieved from /home/airflow/.local/lib/python3.12/site-packages/airflow/example_dags/example_dag_decorator.py
[2024-09-04T22:44:36.170+0000] {logging_mixin.py:190} INFO - [2024-09-04T22:44:36.169+0000] {dag.py:3211} INFO - Sync 1 DAGs
[2024-09-04T22:44:36.180+0000] {logging_mixin.py:190} INFO - [2024-09-04T22:44:36.180+0000] {dag.py:4138} INFO - Setting next_dagrun for example_dag_decorator to None, run_after=None
[2024-09-04T22:44:36.198+0000] {processor.py:208} INFO - Processing /home/airflow/.local/lib/python3.12/site-packages/airflow/example_dags/example_dag_decorator.py took 0.134 seconds
[2024-09-04T22:45:06.737+0000] {processor.py:186} INFO - Started process (PID=686) to work on /home/airflow/.local/lib/python3.12/site-packages/airflow/example_dags/example_dag_decorator.py
[2024-09-04T22:45:06.738+0000] {processor.py:914} INFO - Processing file /home/airflow/.local/lib/python3.12/site-packages/airflow/example_dags/example_dag_decorator.py for tasks to queue
[2024-09-04T22:45:06.740+0000] {logging_mixin.py:190} INFO - [2024-09-04T22:45:06.739+0000] {dagbag.py:587} INFO - Filling up the DagBag from /home/airflow/.local/lib/python3.12/site-packages/airflow/example_dags/example_dag_decorator.py
[2024-09-04T22:45:06.750+0000] {processor.py:925} INFO - DAG(s) 'example_dag_decorator' retrieved from /home/airflow/.local/lib/python3.12/site-packages/airflow/example_dags/example_dag_decorator.py
[2024-09-04T22:45:06.839+0000] {logging_mixin.py:190} INFO - [2024-09-04T22:45:06.839+0000] {dag.py:3211} INFO - Sync 1 DAGs
[2024-09-04T22:45:06.852+0000] {logging_mixin.py:190} INFO - [2024-09-04T22:45:06.852+0000] {dag.py:4138} INFO - Setting next_dagrun for example_dag_decorator to None, run_after=None
[2024-09-04T22:45:06.906+0000] {processor.py:208} INFO - Processing /home/airflow/.local/lib/python3.12/site-packages/airflow/example_dags/example_dag_decorator.py took 0.174 seconds
[2024-09-04T22:45:37.084+0000] {processor.py:186} INFO - Started process (PID=753) to work on /home/airflow/.local/lib/python3.12/site-packages/airflow/example_dags/example_dag_decorator.py
[2024-09-04T22:45:37.084+0000] {processor.py:914} INFO - Processing file /home/airflow/.local/lib/python3.12/site-packages/airflow/example_dags/example_dag_decorator.py for tasks to queue
[2024-09-04T22:45:37.086+0000] {logging_mixin.py:190} INFO - [2024-09-04T22:45:37.086+0000] {dagbag.py:587} INFO - Filling up the DagBag from /home/airflow/.local/lib/python3.12/site-packages/airflow/example_dags/example_dag_decorator.py
[2024-09-04T22:45:37.097+0000] {processor.py:925} INFO - DAG(s) 'example_dag_decorator' retrieved from /home/airflow/.local/lib/python3.12/site-packages/airflow/example_dags/example_dag_decorator.py
[2024-09-04T22:45:37.194+0000] {logging_mixin.py:190} INFO - [2024-09-04T22:45:37.193+0000] {dag.py:3211} INFO - Sync 1 DAGs
[2024-09-04T22:45:37.207+0000] {logging_mixin.py:190} INFO - [2024-09-04T22:45:37.207+0000] {dag.py:4138} INFO - Setting next_dagrun for example_dag_decorator to None, run_after=None
[2024-09-04T22:45:37.227+0000] {processor.py:208} INFO - Processing /home/airflow/.local/lib/python3.12/site-packages/airflow/example_dags/example_dag_decorator.py took 0.148 seconds
[2024-09-04T22:46:07.834+0000] {processor.py:186} INFO - Started process (PID=820) to work on /home/airflow/.local/lib/python3.12/site-packages/airflow/example_dags/example_dag_decorator.py
[2024-09-04T22:46:07.835+0000] {processor.py:914} INFO - Processing file /home/airflow/.local/lib/python3.12/site-packages/airflow/example_dags/example_dag_decorator.py for tasks to queue
[2024-09-04T22:46:07.837+0000] {logging_mixin.py:190} INFO - [2024-09-04T22:46:07.837+0000] {dagbag.py:587} INFO - Filling up the DagBag from /home/airflow/.local/lib/python3.12/site-packages/airflow/example_dags/example_dag_decorator.py
[2024-09-04T22:46:07.848+0000] {processor.py:925} INFO - DAG(s) 'example_dag_decorator' retrieved from /home/airflow/.local/lib/python3.12/site-packages/airflow/example_dags/example_dag_decorator.py
[2024-09-04T22:46:07.942+0000] {logging_mixin.py:190} INFO - [2024-09-04T22:46:07.942+0000] {dag.py:3211} INFO - Sync 1 DAGs
[2024-09-04T22:46:07.954+0000] {logging_mixin.py:190} INFO - [2024-09-04T22:46:07.953+0000] {dag.py:4138} INFO - Setting next_dagrun for example_dag_decorator to None, run_after=None
[2024-09-04T22:46:07.973+0000] {processor.py:208} INFO - Processing /home/airflow/.local/lib/python3.12/site-packages/airflow/example_dags/example_dag_decorator.py took 0.145 seconds
[2024-09-04T22:46:38.359+0000] {processor.py:186} INFO - Started process (PID=887) to work on /home/airflow/.local/lib/python3.12/site-packages/airflow/example_dags/example_dag_decorator.py
[2024-09-04T22:46:38.362+0000] {processor.py:914} INFO - Processing file /home/airflow/.local/lib/python3.12/site-packages/airflow/example_dags/example_dag_decorator.py for tasks to queue
[2024-09-04T22:46:38.364+0000] {logging_mixin.py:190} INFO - [2024-09-04T22:46:38.363+0000] {dagbag.py:587} INFO - Filling up the DagBag from /home/airflow/.local/lib/python3.12/site-packages/airflow/example_dags/example_dag_decorator.py
[2024-09-04T22:46:38.374+0000] {processor.py:925} INFO - DAG(s) 'example_dag_decorator' retrieved from /home/airflow/.local/lib/python3.12/site-packages/airflow/example_dags/example_dag_decorator.py
[2024-09-04T22:46:38.492+0000] {logging_mixin.py:190} INFO - [2024-09-04T22:46:38.492+0000] {dag.py:3211} INFO - Sync 1 DAGs
[2024-09-04T22:46:38.506+0000] {logging_mixin.py:190} INFO - [2024-09-04T22:46:38.506+0000] {dag.py:4138} INFO - Setting next_dagrun for example_dag_decorator to None, run_after=None
[2024-09-04T22:46:38.527+0000] {processor.py:208} INFO - Processing /home/airflow/.local/lib/python3.12/site-packages/airflow/example_dags/example_dag_decorator.py took 0.173 seconds
[2024-09-04T22:47:08.753+0000] {processor.py:186} INFO - Started process (PID=954) to work on /home/airflow/.local/lib/python3.12/site-packages/airflow/example_dags/example_dag_decorator.py
[2024-09-04T22:47:08.754+0000] {processor.py:914} INFO - Processing file /home/airflow/.local/lib/python3.12/site-packages/airflow/example_dags/example_dag_decorator.py for tasks to queue
[2024-09-04T22:47:08.756+0000] {logging_mixin.py:190} INFO - [2024-09-04T22:47:08.756+0000] {dagbag.py:587} INFO - Filling up the DagBag from /home/airflow/.local/lib/python3.12/site-packages/airflow/example_dags/example_dag_decorator.py
[2024-09-04T22:47:08.771+0000] {processor.py:925} INFO - DAG(s) 'example_dag_decorator' retrieved from /home/airflow/.local/lib/python3.12/site-packages/airflow/example_dags/example_dag_decorator.py
[2024-09-04T22:47:08.864+0000] {logging_mixin.py:190} INFO - [2024-09-04T22:47:08.863+0000] {dag.py:3211} INFO - Sync 1 DAGs
[2024-09-04T22:47:08.875+0000] {logging_mixin.py:190} INFO - [2024-09-04T22:47:08.875+0000] {dag.py:4138} INFO - Setting next_dagrun for example_dag_decorator to None, run_after=None
[2024-09-04T22:47:08.893+0000] {processor.py:208} INFO - Processing /home/airflow/.local/lib/python3.12/site-packages/airflow/example_dags/example_dag_decorator.py took 0.145 seconds
[2024-09-04T22:47:39.163+0000] {processor.py:186} INFO - Started process (PID=1021) to work on /home/airflow/.local/lib/python3.12/site-packages/airflow/example_dags/example_dag_decorator.py
[2024-09-04T22:47:39.164+0000] {processor.py:914} INFO - Processing file /home/airflow/.local/lib/python3.12/site-packages/airflow/example_dags/example_dag_decorator.py for tasks to queue
[2024-09-04T22:47:39.166+0000] {logging_mixin.py:190} INFO - [2024-09-04T22:47:39.166+0000] {dagbag.py:587} INFO - Filling up the DagBag from /home/airflow/.local/lib/python3.12/site-packages/airflow/example_dags/example_dag_decorator.py
[2024-09-04T22:47:39.177+0000] {processor.py:925} INFO - DAG(s) 'example_dag_decorator' retrieved from /home/airflow/.local/lib/python3.12/site-packages/airflow/example_dags/example_dag_decorator.py
[2024-09-04T22:47:39.266+0000] {logging_mixin.py:190} INFO - [2024-09-04T22:47:39.266+0000] {dag.py:3211} INFO - Sync 1 DAGs
[2024-09-04T22:47:39.278+0000] {logging_mixin.py:190} INFO - [2024-09-04T22:47:39.278+0000] {dag.py:4138} INFO - Setting next_dagrun for example_dag_decorator to None, run_after=None
[2024-09-04T22:47:39.296+0000] {processor.py:208} INFO - Processing /home/airflow/.local/lib/python3.12/site-packages/airflow/example_dags/example_dag_decorator.py took 0.138 seconds
[2024-09-04T22:48:09.368+0000] {processor.py:186} INFO - Started process (PID=1088) to work on /home/airflow/.local/lib/python3.12/site-packages/airflow/example_dags/example_dag_decorator.py
[2024-09-04T22:48:09.369+0000] {processor.py:914} INFO - Processing file /home/airflow/.local/lib/python3.12/site-packages/airflow/example_dags/example_dag_decorator.py for tasks to queue
[2024-09-04T22:48:09.371+0000] {logging_mixin.py:190} INFO - [2024-09-04T22:48:09.370+0000] {dagbag.py:587} INFO - Filling up the DagBag from /home/airflow/.local/lib/python3.12/site-packages/airflow/example_dags/example_dag_decorator.py
[2024-09-04T22:48:09.381+0000] {processor.py:925} INFO - DAG(s) 'example_dag_decorator' retrieved from /home/airflow/.local/lib/python3.12/site-packages/airflow/example_dags/example_dag_decorator.py
[2024-09-04T22:48:09.473+0000] {logging_mixin.py:190} INFO - [2024-09-04T22:48:09.473+0000] {dag.py:3211} INFO - Sync 1 DAGs
[2024-09-04T22:48:09.483+0000] {logging_mixin.py:190} INFO - [2024-09-04T22:48:09.483+0000] {dag.py:4138} INFO - Setting next_dagrun for example_dag_decorator to None, run_after=None
[2024-09-04T22:48:09.504+0000] {processor.py:208} INFO - Processing /home/airflow/.local/lib/python3.12/site-packages/airflow/example_dags/example_dag_decorator.py took 0.141 seconds
[2024-09-04T22:48:40.320+0000] {processor.py:186} INFO - Started process (PID=1155) to work on /home/airflow/.local/lib/python3.12/site-packages/airflow/example_dags/example_dag_decorator.py
[2024-09-04T22:48:40.322+0000] {processor.py:914} INFO - Processing file /home/airflow/.local/lib/python3.12/site-packages/airflow/example_dags/example_dag_decorator.py for tasks to queue
[2024-09-04T22:48:40.324+0000] {logging_mixin.py:190} INFO - [2024-09-04T22:48:40.323+0000] {dagbag.py:587} INFO - Filling up the DagBag from /home/airflow/.local/lib/python3.12/site-packages/airflow/example_dags/example_dag_decorator.py
[2024-09-04T22:48:40.333+0000] {processor.py:925} INFO - DAG(s) 'example_dag_decorator' retrieved from /home/airflow/.local/lib/python3.12/site-packages/airflow/example_dags/example_dag_decorator.py
[2024-09-04T22:48:40.428+0000] {logging_mixin.py:190} INFO - [2024-09-04T22:48:40.428+0000] {dag.py:3211} INFO - Sync 1 DAGs
[2024-09-04T22:48:40.439+0000] {logging_mixin.py:190} INFO - [2024-09-04T22:48:40.439+0000] {dag.py:4138} INFO - Setting next_dagrun for example_dag_decorator to None, run_after=None
[2024-09-04T22:48:40.466+0000] {processor.py:208} INFO - Processing /home/airflow/.local/lib/python3.12/site-packages/airflow/example_dags/example_dag_decorator.py took 0.151 seconds
[2024-09-04T22:49:11.227+0000] {processor.py:186} INFO - Started process (PID=1222) to work on /home/airflow/.local/lib/python3.12/site-packages/airflow/example_dags/example_dag_decorator.py
[2024-09-04T22:49:11.228+0000] {processor.py:914} INFO - Processing file /home/airflow/.local/lib/python3.12/site-packages/airflow/example_dags/example_dag_decorator.py for tasks to queue
[2024-09-04T22:49:11.230+0000] {logging_mixin.py:190} INFO - [2024-09-04T22:49:11.229+0000] {dagbag.py:587} INFO - Filling up the DagBag from /home/airflow/.local/lib/python3.12/site-packages/airflow/example_dags/example_dag_decorator.py
[2024-09-04T22:49:11.240+0000] {processor.py:925} INFO - DAG(s) 'example_dag_decorator' retrieved from /home/airflow/.local/lib/python3.12/site-packages/airflow/example_dags/example_dag_decorator.py
[2024-09-04T22:49:11.333+0000] {logging_mixin.py:190} INFO - [2024-09-04T22:49:11.332+0000] {dag.py:3211} INFO - Sync 1 DAGs
[2024-09-04T22:49:11.343+0000] {logging_mixin.py:190} INFO - [2024-09-04T22:49:11.343+0000] {dag.py:4138} INFO - Setting next_dagrun for example_dag_decorator to None, run_after=None
[2024-09-04T22:49:11.361+0000] {processor.py:208} INFO - Processing /home/airflow/.local/lib/python3.12/site-packages/airflow/example_dags/example_dag_decorator.py took 0.139 seconds
[2024-09-04T22:49:41.427+0000] {processor.py:186} INFO - Started process (PID=1289) to work on /home/airflow/.local/lib/python3.12/site-packages/airflow/example_dags/example_dag_decorator.py
[2024-09-04T22:49:41.428+0000] {processor.py:914} INFO - Processing file /home/airflow/.local/lib/python3.12/site-packages/airflow/example_dags/example_dag_decorator.py for tasks to queue
[2024-09-04T22:49:41.430+0000] {logging_mixin.py:190} INFO - [2024-09-04T22:49:41.430+0000] {dagbag.py:587} INFO - Filling up the DagBag from /home/airflow/.local/lib/python3.12/site-packages/airflow/example_dags/example_dag_decorator.py
[2024-09-04T22:49:41.440+0000] {processor.py:925} INFO - DAG(s) 'example_dag_decorator' retrieved from /home/airflow/.local/lib/python3.12/site-packages/airflow/example_dags/example_dag_decorator.py
[2024-09-04T22:49:41.460+0000] {logging_mixin.py:190} INFO - [2024-09-04T22:49:41.460+0000] {dag.py:3211} INFO - Sync 1 DAGs
[2024-09-04T22:49:41.473+0000] {logging_mixin.py:190} INFO - [2024-09-04T22:49:41.473+0000] {dag.py:4138} INFO - Setting next_dagrun for example_dag_decorator to None, run_after=None
[2024-09-04T22:49:41.490+0000] {processor.py:208} INFO - Processing /home/airflow/.local/lib/python3.12/site-packages/airflow/example_dags/example_dag_decorator.py took 0.068 seconds
[2024-09-04T22:50:11.647+0000] {processor.py:186} INFO - Started process (PID=1356) to work on /home/airflow/.local/lib/python3.12/site-packages/airflow/example_dags/example_dag_decorator.py
[2024-09-04T22:50:11.648+0000] {processor.py:914} INFO - Processing file /home/airflow/.local/lib/python3.12/site-packages/airflow/example_dags/example_dag_decorator.py for tasks to queue
[2024-09-04T22:50:11.650+0000] {logging_mixin.py:190} INFO - [2024-09-04T22:50:11.649+0000] {dagbag.py:587} INFO - Filling up the DagBag from /home/airflow/.local/lib/python3.12/site-packages/airflow/example_dags/example_dag_decorator.py
[2024-09-04T22:50:11.660+0000] {processor.py:925} INFO - DAG(s) 'example_dag_decorator' retrieved from /home/airflow/.local/lib/python3.12/site-packages/airflow/example_dags/example_dag_decorator.py
[2024-09-04T22:50:11.756+0000] {logging_mixin.py:190} INFO - [2024-09-04T22:50:11.756+0000] {dag.py:3211} INFO - Sync 1 DAGs
[2024-09-04T22:50:11.766+0000] {logging_mixin.py:190} INFO - [2024-09-04T22:50:11.766+0000] {dag.py:4138} INFO - Setting next_dagrun for example_dag_decorator to None, run_after=None
[2024-09-04T22:50:11.785+0000] {processor.py:208} INFO - Processing /home/airflow/.local/lib/python3.12/site-packages/airflow/example_dags/example_dag_decorator.py took 0.143 seconds
[2024-09-04T22:50:42.655+0000] {processor.py:186} INFO - Started process (PID=1423) to work on /home/airflow/.local/lib/python3.12/site-packages/airflow/example_dags/example_dag_decorator.py
[2024-09-04T22:50:42.656+0000] {processor.py:914} INFO - Processing file /home/airflow/.local/lib/python3.12/site-packages/airflow/example_dags/example_dag_decorator.py for tasks to queue
[2024-09-04T22:50:42.658+0000] {logging_mixin.py:190} INFO - [2024-09-04T22:50:42.658+0000] {dagbag.py:587} INFO - Filling up the DagBag from /home/airflow/.local/lib/python3.12/site-packages/airflow/example_dags/example_dag_decorator.py
[2024-09-04T22:50:42.669+0000] {processor.py:925} INFO - DAG(s) 'example_dag_decorator' retrieved from /home/airflow/.local/lib/python3.12/site-packages/airflow/example_dags/example_dag_decorator.py
[2024-09-04T22:50:42.769+0000] {logging_mixin.py:190} INFO - [2024-09-04T22:50:42.768+0000] {dag.py:3211} INFO - Sync 1 DAGs
[2024-09-04T22:50:42.779+0000] {logging_mixin.py:190} INFO - [2024-09-04T22:50:42.779+0000] {dag.py:4138} INFO - Setting next_dagrun for example_dag_decorator to None, run_after=None
[2024-09-04T22:50:42.807+0000] {processor.py:208} INFO - Processing /home/airflow/.local/lib/python3.12/site-packages/airflow/example_dags/example_dag_decorator.py took 0.158 seconds
[2024-09-04T22:51:12.957+0000] {processor.py:186} INFO - Started process (PID=1490) to work on /home/airflow/.local/lib/python3.12/site-packages/airflow/example_dags/example_dag_decorator.py
[2024-09-04T22:51:12.958+0000] {processor.py:914} INFO - Processing file /home/airflow/.local/lib/python3.12/site-packages/airflow/example_dags/example_dag_decorator.py for tasks to queue
[2024-09-04T22:51:12.961+0000] {logging_mixin.py:190} INFO - [2024-09-04T22:51:12.960+0000] {dagbag.py:587} INFO - Filling up the DagBag from /home/airflow/.local/lib/python3.12/site-packages/airflow/example_dags/example_dag_decorator.py
[2024-09-04T22:51:12.971+0000] {processor.py:925} INFO - DAG(s) 'example_dag_decorator' retrieved from /home/airflow/.local/lib/python3.12/site-packages/airflow/example_dags/example_dag_decorator.py
[2024-09-04T22:51:13.071+0000] {logging_mixin.py:190} INFO - [2024-09-04T22:51:13.071+0000] {dag.py:3211} INFO - Sync 1 DAGs
[2024-09-04T22:51:13.084+0000] {logging_mixin.py:190} INFO - [2024-09-04T22:51:13.084+0000] {dag.py:4138} INFO - Setting next_dagrun for example_dag_decorator to None, run_after=None
[2024-09-04T22:51:13.106+0000] {processor.py:208} INFO - Processing /home/airflow/.local/lib/python3.12/site-packages/airflow/example_dags/example_dag_decorator.py took 0.154 seconds
[2024-09-04T22:51:43.871+0000] {processor.py:186} INFO - Started process (PID=1557) to work on /home/airflow/.local/lib/python3.12/site-packages/airflow/example_dags/example_dag_decorator.py
[2024-09-04T22:51:43.872+0000] {processor.py:914} INFO - Processing file /home/airflow/.local/lib/python3.12/site-packages/airflow/example_dags/example_dag_decorator.py for tasks to queue
[2024-09-04T22:51:43.874+0000] {logging_mixin.py:190} INFO - [2024-09-04T22:51:43.874+0000] {dagbag.py:587} INFO - Filling up the DagBag from /home/airflow/.local/lib/python3.12/site-packages/airflow/example_dags/example_dag_decorator.py
[2024-09-04T22:51:43.885+0000] {processor.py:925} INFO - DAG(s) 'example_dag_decorator' retrieved from /home/airflow/.local/lib/python3.12/site-packages/airflow/example_dags/example_dag_decorator.py
[2024-09-04T22:51:43.977+0000] {logging_mixin.py:190} INFO - [2024-09-04T22:51:43.977+0000] {dag.py:3211} INFO - Sync 1 DAGs
[2024-09-04T22:51:43.989+0000] {logging_mixin.py:190} INFO - [2024-09-04T22:51:43.989+0000] {dag.py:4138} INFO - Setting next_dagrun for example_dag_decorator to None, run_after=None
[2024-09-04T22:51:44.007+0000] {processor.py:208} INFO - Processing /home/airflow/.local/lib/python3.12/site-packages/airflow/example_dags/example_dag_decorator.py took 0.141 seconds
[2024-09-04T22:52:14.490+0000] {processor.py:186} INFO - Started process (PID=1624) to work on /home/airflow/.local/lib/python3.12/site-packages/airflow/example_dags/example_dag_decorator.py
[2024-09-04T22:52:14.491+0000] {processor.py:914} INFO - Processing file /home/airflow/.local/lib/python3.12/site-packages/airflow/example_dags/example_dag_decorator.py for tasks to queue
[2024-09-04T22:52:14.494+0000] {logging_mixin.py:190} INFO - [2024-09-04T22:52:14.493+0000] {dagbag.py:587} INFO - Filling up the DagBag from /home/airflow/.local/lib/python3.12/site-packages/airflow/example_dags/example_dag_decorator.py
[2024-09-04T22:52:14.504+0000] {processor.py:925} INFO - DAG(s) 'example_dag_decorator' retrieved from /home/airflow/.local/lib/python3.12/site-packages/airflow/example_dags/example_dag_decorator.py
[2024-09-04T22:52:14.598+0000] {logging_mixin.py:190} INFO - [2024-09-04T22:52:14.598+0000] {dag.py:3211} INFO - Sync 1 DAGs
[2024-09-04T22:52:14.609+0000] {logging_mixin.py:190} INFO - [2024-09-04T22:52:14.609+0000] {dag.py:4138} INFO - Setting next_dagrun for example_dag_decorator to None, run_after=None
[2024-09-04T22:52:14.629+0000] {processor.py:208} INFO - Processing /home/airflow/.local/lib/python3.12/site-packages/airflow/example_dags/example_dag_decorator.py took 0.144 seconds
[2024-09-04T22:52:45.220+0000] {processor.py:186} INFO - Started process (PID=1691) to work on /home/airflow/.local/lib/python3.12/site-packages/airflow/example_dags/example_dag_decorator.py
[2024-09-04T22:52:45.221+0000] {processor.py:914} INFO - Processing file /home/airflow/.local/lib/python3.12/site-packages/airflow/example_dags/example_dag_decorator.py for tasks to queue
[2024-09-04T22:52:45.223+0000] {logging_mixin.py:190} INFO - [2024-09-04T22:52:45.223+0000] {dagbag.py:587} INFO - Filling up the DagBag from /home/airflow/.local/lib/python3.12/site-packages/airflow/example_dags/example_dag_decorator.py
[2024-09-04T22:52:45.234+0000] {processor.py:925} INFO - DAG(s) 'example_dag_decorator' retrieved from /home/airflow/.local/lib/python3.12/site-packages/airflow/example_dags/example_dag_decorator.py
[2024-09-04T22:52:45.329+0000] {logging_mixin.py:190} INFO - [2024-09-04T22:52:45.329+0000] {dag.py:3211} INFO - Sync 1 DAGs
[2024-09-04T22:52:45.342+0000] {logging_mixin.py:190} INFO - [2024-09-04T22:52:45.342+0000] {dag.py:4138} INFO - Setting next_dagrun for example_dag_decorator to None, run_after=None
[2024-09-04T22:52:45.361+0000] {processor.py:208} INFO - Processing /home/airflow/.local/lib/python3.12/site-packages/airflow/example_dags/example_dag_decorator.py took 0.145 seconds
[2024-09-04T22:53:15.822+0000] {processor.py:186} INFO - Started process (PID=1758) to work on /home/airflow/.local/lib/python3.12/site-packages/airflow/example_dags/example_dag_decorator.py
[2024-09-04T22:53:15.823+0000] {processor.py:914} INFO - Processing file /home/airflow/.local/lib/python3.12/site-packages/airflow/example_dags/example_dag_decorator.py for tasks to queue
[2024-09-04T22:53:15.825+0000] {logging_mixin.py:190} INFO - [2024-09-04T22:53:15.825+0000] {dagbag.py:587} INFO - Filling up the DagBag from /home/airflow/.local/lib/python3.12/site-packages/airflow/example_dags/example_dag_decorator.py
[2024-09-04T22:53:15.838+0000] {processor.py:925} INFO - DAG(s) 'example_dag_decorator' retrieved from /home/airflow/.local/lib/python3.12/site-packages/airflow/example_dags/example_dag_decorator.py
[2024-09-04T22:53:15.938+0000] {logging_mixin.py:190} INFO - [2024-09-04T22:53:15.938+0000] {dag.py:3211} INFO - Sync 1 DAGs
[2024-09-04T22:53:15.950+0000] {logging_mixin.py:190} INFO - [2024-09-04T22:53:15.950+0000] {dag.py:4138} INFO - Setting next_dagrun for example_dag_decorator to None, run_after=None
[2024-09-04T22:53:15.968+0000] {processor.py:208} INFO - Processing /home/airflow/.local/lib/python3.12/site-packages/airflow/example_dags/example_dag_decorator.py took 0.152 seconds
[2024-09-04T22:53:46.485+0000] {processor.py:186} INFO - Started process (PID=1824) to work on /home/airflow/.local/lib/python3.12/site-packages/airflow/example_dags/example_dag_decorator.py
[2024-09-04T22:53:46.486+0000] {processor.py:914} INFO - Processing file /home/airflow/.local/lib/python3.12/site-packages/airflow/example_dags/example_dag_decorator.py for tasks to queue
[2024-09-04T22:53:46.488+0000] {logging_mixin.py:190} INFO - [2024-09-04T22:53:46.488+0000] {dagbag.py:587} INFO - Filling up the DagBag from /home/airflow/.local/lib/python3.12/site-packages/airflow/example_dags/example_dag_decorator.py
[2024-09-04T22:53:46.498+0000] {processor.py:925} INFO - DAG(s) 'example_dag_decorator' retrieved from /home/airflow/.local/lib/python3.12/site-packages/airflow/example_dags/example_dag_decorator.py
[2024-09-04T22:53:46.589+0000] {logging_mixin.py:190} INFO - [2024-09-04T22:53:46.589+0000] {dag.py:3211} INFO - Sync 1 DAGs
[2024-09-04T22:53:46.601+0000] {logging_mixin.py:190} INFO - [2024-09-04T22:53:46.600+0000] {dag.py:4138} INFO - Setting next_dagrun for example_dag_decorator to None, run_after=None
[2024-09-04T22:53:46.618+0000] {processor.py:208} INFO - Processing /home/airflow/.local/lib/python3.12/site-packages/airflow/example_dags/example_dag_decorator.py took 0.138 seconds
