[2024-11-04T11:02:40.331+0000] {processor.py:186} INFO - Started process (PID=65) to work on /opt/airflow/dags/BancoDeDadosDag.py
[2024-11-04T11:02:40.348+0000] {processor.py:914} INFO - Processing file /opt/airflow/dags/BancoDeDadosDag.py for tasks to queue
[2024-11-04T11:02:40.365+0000] {logging_mixin.py:190} INFO - [2024-11-04T11:02:40.364+0000] {dagbag.py:587} INFO - Filling up the DagBag from /opt/airflow/dags/BancoDeDadosDag.py
[2024-11-04T11:02:40.493+0000] {logging_mixin.py:190} INFO - [2024-11-04T11:02:40.462+0000] {dagbag.py:386} ERROR - Failed to import: /opt/airflow/dags/BancoDeDadosDag.py
Traceback (most recent call last):
  File "/home/airflow/.local/lib/python3.12/site-packages/airflow/models/dagbag.py", line 382, in parse
    loader.exec_module(new_module)
  File "<frozen importlib._bootstrap_external>", line 995, in exec_module
  File "<frozen importlib._bootstrap>", line 488, in _call_with_frames_removed
  File "/opt/airflow/dags/BancoDeDadosDag.py", line 4, in <module>
    from airflow.provider.postgres.operator.postgress import PostgresOperator
ModuleNotFoundError: No module named 'airflow.provider'
[2024-11-04T11:02:40.497+0000] {processor.py:927} WARNING - No viable dags retrieved from /opt/airflow/dags/BancoDeDadosDag.py
[2024-11-04T11:02:40.578+0000] {processor.py:208} INFO - Processing /opt/airflow/dags/BancoDeDadosDag.py took 0.267 seconds
[2024-11-04T11:03:11.141+0000] {processor.py:186} INFO - Started process (PID=89) to work on /opt/airflow/dags/BancoDeDadosDag.py
[2024-11-04T11:03:11.142+0000] {processor.py:914} INFO - Processing file /opt/airflow/dags/BancoDeDadosDag.py for tasks to queue
[2024-11-04T11:03:11.144+0000] {logging_mixin.py:190} INFO - [2024-11-04T11:03:11.143+0000] {dagbag.py:587} INFO - Filling up the DagBag from /opt/airflow/dags/BancoDeDadosDag.py
[2024-11-04T11:03:11.163+0000] {logging_mixin.py:190} INFO - [2024-11-04T11:03:11.159+0000] {dagbag.py:386} ERROR - Failed to import: /opt/airflow/dags/BancoDeDadosDag.py
Traceback (most recent call last):
  File "/home/airflow/.local/lib/python3.12/site-packages/airflow/models/dagbag.py", line 382, in parse
    loader.exec_module(new_module)
  File "<frozen importlib._bootstrap_external>", line 995, in exec_module
  File "<frozen importlib._bootstrap>", line 488, in _call_with_frames_removed
  File "/opt/airflow/dags/BancoDeDadosDag.py", line 4, in <module>
    from airflow.provider.postgres.operator.postgress import PostgresOperator
ModuleNotFoundError: No module named 'airflow.provider'
[2024-11-04T11:03:11.164+0000] {processor.py:927} WARNING - No viable dags retrieved from /opt/airflow/dags/BancoDeDadosDag.py
[2024-11-04T11:03:11.187+0000] {processor.py:208} INFO - Processing /opt/airflow/dags/BancoDeDadosDag.py took 0.054 seconds
[2024-11-04T11:03:41.296+0000] {processor.py:186} INFO - Started process (PID=113) to work on /opt/airflow/dags/BancoDeDadosDag.py
[2024-11-04T11:03:41.297+0000] {processor.py:914} INFO - Processing file /opt/airflow/dags/BancoDeDadosDag.py for tasks to queue
[2024-11-04T11:03:41.300+0000] {logging_mixin.py:190} INFO - [2024-11-04T11:03:41.299+0000] {dagbag.py:587} INFO - Filling up the DagBag from /opt/airflow/dags/BancoDeDadosDag.py
[2024-11-04T11:03:41.316+0000] {logging_mixin.py:190} INFO - [2024-11-04T11:03:41.313+0000] {dagbag.py:386} ERROR - Failed to import: /opt/airflow/dags/BancoDeDadosDag.py
Traceback (most recent call last):
  File "/home/airflow/.local/lib/python3.12/site-packages/airflow/models/dagbag.py", line 382, in parse
    loader.exec_module(new_module)
  File "<frozen importlib._bootstrap_external>", line 995, in exec_module
  File "<frozen importlib._bootstrap>", line 488, in _call_with_frames_removed
  File "/opt/airflow/dags/BancoDeDadosDag.py", line 4, in <module>
    from airflow.provider.postgres.operator.postgress import PostgresOperator
ModuleNotFoundError: No module named 'airflow.provider'
[2024-11-04T11:03:41.321+0000] {processor.py:927} WARNING - No viable dags retrieved from /opt/airflow/dags/BancoDeDadosDag.py
[2024-11-04T11:03:41.344+0000] {processor.py:208} INFO - Processing /opt/airflow/dags/BancoDeDadosDag.py took 0.063 seconds
[2024-11-04T11:04:11.394+0000] {processor.py:186} INFO - Started process (PID=137) to work on /opt/airflow/dags/BancoDeDadosDag.py
[2024-11-04T11:04:11.396+0000] {processor.py:914} INFO - Processing file /opt/airflow/dags/BancoDeDadosDag.py for tasks to queue
[2024-11-04T11:04:11.399+0000] {logging_mixin.py:190} INFO - [2024-11-04T11:04:11.399+0000] {dagbag.py:587} INFO - Filling up the DagBag from /opt/airflow/dags/BancoDeDadosDag.py
[2024-11-04T11:04:11.414+0000] {logging_mixin.py:190} INFO - [2024-11-04T11:04:11.410+0000] {dagbag.py:386} ERROR - Failed to import: /opt/airflow/dags/BancoDeDadosDag.py
Traceback (most recent call last):
  File "/home/airflow/.local/lib/python3.12/site-packages/airflow/models/dagbag.py", line 382, in parse
    loader.exec_module(new_module)
  File "<frozen importlib._bootstrap_external>", line 995, in exec_module
  File "<frozen importlib._bootstrap>", line 488, in _call_with_frames_removed
  File "/opt/airflow/dags/BancoDeDadosDag.py", line 4, in <module>
    from airflow.provider.postgres.operator.postgress import PostgresOperator
ModuleNotFoundError: No module named 'airflow.provider'
[2024-11-04T11:04:11.415+0000] {processor.py:927} WARNING - No viable dags retrieved from /opt/airflow/dags/BancoDeDadosDag.py
[2024-11-04T11:04:11.435+0000] {processor.py:208} INFO - Processing /opt/airflow/dags/BancoDeDadosDag.py took 0.048 seconds
[2024-11-04T11:04:41.958+0000] {processor.py:186} INFO - Started process (PID=162) to work on /opt/airflow/dags/BancoDeDadosDag.py
[2024-11-04T11:04:41.959+0000] {processor.py:914} INFO - Processing file /opt/airflow/dags/BancoDeDadosDag.py for tasks to queue
[2024-11-04T11:04:41.961+0000] {logging_mixin.py:190} INFO - [2024-11-04T11:04:41.961+0000] {dagbag.py:587} INFO - Filling up the DagBag from /opt/airflow/dags/BancoDeDadosDag.py
[2024-11-04T11:04:41.977+0000] {logging_mixin.py:190} INFO - [2024-11-04T11:04:41.974+0000] {dagbag.py:386} ERROR - Failed to import: /opt/airflow/dags/BancoDeDadosDag.py
Traceback (most recent call last):
  File "/home/airflow/.local/lib/python3.12/site-packages/airflow/models/dagbag.py", line 382, in parse
    loader.exec_module(new_module)
  File "<frozen importlib._bootstrap_external>", line 995, in exec_module
  File "<frozen importlib._bootstrap>", line 488, in _call_with_frames_removed
  File "/opt/airflow/dags/BancoDeDadosDag.py", line 4, in <module>
    from airflow.provider.postgres.operator.postgress import PostgresOperator
ModuleNotFoundError: No module named 'airflow.provider'
[2024-11-04T11:04:41.979+0000] {processor.py:927} WARNING - No viable dags retrieved from /opt/airflow/dags/BancoDeDadosDag.py
[2024-11-04T11:04:42.007+0000] {processor.py:208} INFO - Processing /opt/airflow/dags/BancoDeDadosDag.py took 0.055 seconds
[2024-11-04T11:05:12.443+0000] {processor.py:186} INFO - Started process (PID=187) to work on /opt/airflow/dags/BancoDeDadosDag.py
[2024-11-04T11:05:12.444+0000] {processor.py:914} INFO - Processing file /opt/airflow/dags/BancoDeDadosDag.py for tasks to queue
[2024-11-04T11:05:12.454+0000] {logging_mixin.py:190} INFO - [2024-11-04T11:05:12.453+0000] {dagbag.py:587} INFO - Filling up the DagBag from /opt/airflow/dags/BancoDeDadosDag.py
[2024-11-04T11:05:12.470+0000] {logging_mixin.py:190} INFO - [2024-11-04T11:05:12.466+0000] {dagbag.py:386} ERROR - Failed to import: /opt/airflow/dags/BancoDeDadosDag.py
Traceback (most recent call last):
  File "/home/airflow/.local/lib/python3.12/site-packages/airflow/models/dagbag.py", line 382, in parse
    loader.exec_module(new_module)
  File "<frozen importlib._bootstrap_external>", line 995, in exec_module
  File "<frozen importlib._bootstrap>", line 488, in _call_with_frames_removed
  File "/opt/airflow/dags/BancoDeDadosDag.py", line 4, in <module>
    from airflow.provider.postgres.operator.postgress import PostgresOperator
ModuleNotFoundError: No module named 'airflow.provider'
[2024-11-04T11:05:12.472+0000] {processor.py:927} WARNING - No viable dags retrieved from /opt/airflow/dags/BancoDeDadosDag.py
[2024-11-04T11:05:12.499+0000] {processor.py:208} INFO - Processing /opt/airflow/dags/BancoDeDadosDag.py took 0.063 seconds
[2024-11-04T11:05:42.574+0000] {processor.py:186} INFO - Started process (PID=211) to work on /opt/airflow/dags/BancoDeDadosDag.py
[2024-11-04T11:05:42.575+0000] {processor.py:914} INFO - Processing file /opt/airflow/dags/BancoDeDadosDag.py for tasks to queue
[2024-11-04T11:05:42.582+0000] {logging_mixin.py:190} INFO - [2024-11-04T11:05:42.582+0000] {dagbag.py:587} INFO - Filling up the DagBag from /opt/airflow/dags/BancoDeDadosDag.py
[2024-11-04T11:05:42.597+0000] {logging_mixin.py:190} INFO - [2024-11-04T11:05:42.593+0000] {dagbag.py:386} ERROR - Failed to import: /opt/airflow/dags/BancoDeDadosDag.py
Traceback (most recent call last):
  File "/home/airflow/.local/lib/python3.12/site-packages/airflow/models/dagbag.py", line 382, in parse
    loader.exec_module(new_module)
  File "<frozen importlib._bootstrap_external>", line 995, in exec_module
  File "<frozen importlib._bootstrap>", line 488, in _call_with_frames_removed
  File "/opt/airflow/dags/BancoDeDadosDag.py", line 4, in <module>
    from airflow.provider.postgres.operator.postgress import PostgresOperator
ModuleNotFoundError: No module named 'airflow.provider'
[2024-11-04T11:05:42.598+0000] {processor.py:927} WARNING - No viable dags retrieved from /opt/airflow/dags/BancoDeDadosDag.py
[2024-11-04T11:05:42.625+0000] {processor.py:208} INFO - Processing /opt/airflow/dags/BancoDeDadosDag.py took 0.057 seconds
[2024-11-04T11:06:13.151+0000] {processor.py:186} INFO - Started process (PID=237) to work on /opt/airflow/dags/BancoDeDadosDag.py
[2024-11-04T11:06:13.152+0000] {processor.py:914} INFO - Processing file /opt/airflow/dags/BancoDeDadosDag.py for tasks to queue
[2024-11-04T11:06:13.154+0000] {logging_mixin.py:190} INFO - [2024-11-04T11:06:13.153+0000] {dagbag.py:587} INFO - Filling up the DagBag from /opt/airflow/dags/BancoDeDadosDag.py
[2024-11-04T11:06:13.165+0000] {logging_mixin.py:190} INFO - [2024-11-04T11:06:13.162+0000] {dagbag.py:386} ERROR - Failed to import: /opt/airflow/dags/BancoDeDadosDag.py
Traceback (most recent call last):
  File "/home/airflow/.local/lib/python3.12/site-packages/airflow/models/dagbag.py", line 382, in parse
    loader.exec_module(new_module)
  File "<frozen importlib._bootstrap_external>", line 995, in exec_module
  File "<frozen importlib._bootstrap>", line 488, in _call_with_frames_removed
  File "/opt/airflow/dags/BancoDeDadosDag.py", line 4, in <module>
    from airflow.provider.postgres.operator.postgress import PostgresOperator
ModuleNotFoundError: No module named 'airflow.provider'
[2024-11-04T11:06:13.167+0000] {processor.py:927} WARNING - No viable dags retrieved from /opt/airflow/dags/BancoDeDadosDag.py
[2024-11-04T11:06:13.190+0000] {processor.py:208} INFO - Processing /opt/airflow/dags/BancoDeDadosDag.py took 0.051 seconds
[2024-11-04T11:06:43.574+0000] {processor.py:186} INFO - Started process (PID=262) to work on /opt/airflow/dags/BancoDeDadosDag.py
[2024-11-04T11:06:43.575+0000] {processor.py:914} INFO - Processing file /opt/airflow/dags/BancoDeDadosDag.py for tasks to queue
[2024-11-04T11:06:43.577+0000] {logging_mixin.py:190} INFO - [2024-11-04T11:06:43.577+0000] {dagbag.py:587} INFO - Filling up the DagBag from /opt/airflow/dags/BancoDeDadosDag.py
[2024-11-04T11:06:43.590+0000] {logging_mixin.py:190} INFO - [2024-11-04T11:06:43.586+0000] {dagbag.py:386} ERROR - Failed to import: /opt/airflow/dags/BancoDeDadosDag.py
Traceback (most recent call last):
  File "/home/airflow/.local/lib/python3.12/site-packages/airflow/models/dagbag.py", line 382, in parse
    loader.exec_module(new_module)
  File "<frozen importlib._bootstrap_external>", line 995, in exec_module
  File "<frozen importlib._bootstrap>", line 488, in _call_with_frames_removed
  File "/opt/airflow/dags/BancoDeDadosDag.py", line 4, in <module>
    from airflow.provider.postgres.operator.postgress import PostgresOperator
ModuleNotFoundError: No module named 'airflow.provider'
[2024-11-04T11:06:43.591+0000] {processor.py:927} WARNING - No viable dags retrieved from /opt/airflow/dags/BancoDeDadosDag.py
[2024-11-04T11:06:43.610+0000] {processor.py:208} INFO - Processing /opt/airflow/dags/BancoDeDadosDag.py took 0.042 seconds
[2024-11-04T11:07:13.801+0000] {processor.py:186} INFO - Started process (PID=287) to work on /opt/airflow/dags/BancoDeDadosDag.py
[2024-11-04T11:07:13.868+0000] {processor.py:914} INFO - Processing file /opt/airflow/dags/BancoDeDadosDag.py for tasks to queue
[2024-11-04T11:07:13.879+0000] {logging_mixin.py:190} INFO - [2024-11-04T11:07:13.878+0000] {dagbag.py:587} INFO - Filling up the DagBag from /opt/airflow/dags/BancoDeDadosDag.py
[2024-11-04T11:07:13.906+0000] {logging_mixin.py:190} INFO - [2024-11-04T11:07:13.898+0000] {dagbag.py:386} ERROR - Failed to import: /opt/airflow/dags/BancoDeDadosDag.py
Traceback (most recent call last):
  File "/home/airflow/.local/lib/python3.12/site-packages/airflow/models/dagbag.py", line 382, in parse
    loader.exec_module(new_module)
  File "<frozen importlib._bootstrap_external>", line 995, in exec_module
  File "<frozen importlib._bootstrap>", line 488, in _call_with_frames_removed
  File "/opt/airflow/dags/BancoDeDadosDag.py", line 4, in <module>
    from airflow.provider.postgres.operator.postgress import PostgresOperator
ModuleNotFoundError: No module named 'airflow.provider'
[2024-11-04T11:07:13.909+0000] {processor.py:927} WARNING - No viable dags retrieved from /opt/airflow/dags/BancoDeDadosDag.py
[2024-11-04T11:07:13.941+0000] {processor.py:208} INFO - Processing /opt/airflow/dags/BancoDeDadosDag.py took 0.161 seconds
[2024-11-04T11:07:44.979+0000] {processor.py:186} INFO - Started process (PID=312) to work on /opt/airflow/dags/BancoDeDadosDag.py
[2024-11-04T11:07:44.981+0000] {processor.py:914} INFO - Processing file /opt/airflow/dags/BancoDeDadosDag.py for tasks to queue
[2024-11-04T11:07:45.148+0000] {logging_mixin.py:190} INFO - [2024-11-04T11:07:45.147+0000] {dagbag.py:587} INFO - Filling up the DagBag from /opt/airflow/dags/BancoDeDadosDag.py
[2024-11-04T11:07:45.276+0000] {logging_mixin.py:190} INFO - [2024-11-04T11:07:45.273+0000] {dagbag.py:386} ERROR - Failed to import: /opt/airflow/dags/BancoDeDadosDag.py
Traceback (most recent call last):
  File "/home/airflow/.local/lib/python3.12/site-packages/airflow/models/dagbag.py", line 382, in parse
    loader.exec_module(new_module)
  File "<frozen importlib._bootstrap_external>", line 995, in exec_module
  File "<frozen importlib._bootstrap>", line 488, in _call_with_frames_removed
  File "/opt/airflow/dags/BancoDeDadosDag.py", line 4, in <module>
    from airflow.provider.postgres.operator.postgress import PostgresOperator
ModuleNotFoundError: No module named 'airflow.provider'
[2024-11-04T11:07:45.278+0000] {processor.py:927} WARNING - No viable dags retrieved from /opt/airflow/dags/BancoDeDadosDag.py
[2024-11-04T11:07:45.335+0000] {processor.py:208} INFO - Processing /opt/airflow/dags/BancoDeDadosDag.py took 0.368 seconds
[2024-11-04T11:08:15.477+0000] {processor.py:186} INFO - Started process (PID=336) to work on /opt/airflow/dags/BancoDeDadosDag.py
[2024-11-04T11:08:15.478+0000] {processor.py:914} INFO - Processing file /opt/airflow/dags/BancoDeDadosDag.py for tasks to queue
[2024-11-04T11:08:15.481+0000] {logging_mixin.py:190} INFO - [2024-11-04T11:08:15.480+0000] {dagbag.py:587} INFO - Filling up the DagBag from /opt/airflow/dags/BancoDeDadosDag.py
[2024-11-04T11:08:15.495+0000] {logging_mixin.py:190} INFO - [2024-11-04T11:08:15.491+0000] {dagbag.py:386} ERROR - Failed to import: /opt/airflow/dags/BancoDeDadosDag.py
Traceback (most recent call last):
  File "/home/airflow/.local/lib/python3.12/site-packages/airflow/models/dagbag.py", line 382, in parse
    loader.exec_module(new_module)
  File "<frozen importlib._bootstrap_external>", line 995, in exec_module
  File "<frozen importlib._bootstrap>", line 488, in _call_with_frames_removed
  File "/opt/airflow/dags/BancoDeDadosDag.py", line 4, in <module>
    from airflow.provider.postgres.operator.postgress import PostgresOperator
ModuleNotFoundError: No module named 'airflow.provider'
[2024-11-04T11:08:15.496+0000] {processor.py:927} WARNING - No viable dags retrieved from /opt/airflow/dags/BancoDeDadosDag.py
[2024-11-04T11:08:15.520+0000] {processor.py:208} INFO - Processing /opt/airflow/dags/BancoDeDadosDag.py took 0.051 seconds
[2024-11-04T11:08:46.226+0000] {processor.py:186} INFO - Started process (PID=363) to work on /opt/airflow/dags/BancoDeDadosDag.py
[2024-11-04T11:08:46.227+0000] {processor.py:914} INFO - Processing file /opt/airflow/dags/BancoDeDadosDag.py for tasks to queue
[2024-11-04T11:08:46.230+0000] {logging_mixin.py:190} INFO - [2024-11-04T11:08:46.230+0000] {dagbag.py:587} INFO - Filling up the DagBag from /opt/airflow/dags/BancoDeDadosDag.py
[2024-11-04T11:08:46.247+0000] {logging_mixin.py:190} INFO - [2024-11-04T11:08:46.244+0000] {dagbag.py:386} ERROR - Failed to import: /opt/airflow/dags/BancoDeDadosDag.py
Traceback (most recent call last):
  File "/home/airflow/.local/lib/python3.12/site-packages/airflow/models/dagbag.py", line 382, in parse
    loader.exec_module(new_module)
  File "<frozen importlib._bootstrap_external>", line 995, in exec_module
  File "<frozen importlib._bootstrap>", line 488, in _call_with_frames_removed
  File "/opt/airflow/dags/BancoDeDadosDag.py", line 4, in <module>
    from airflow.provider.postgres.operator.postgress import PostgresOperator
ModuleNotFoundError: No module named 'airflow.provider'
[2024-11-04T11:08:46.249+0000] {processor.py:927} WARNING - No viable dags retrieved from /opt/airflow/dags/BancoDeDadosDag.py
[2024-11-04T11:08:46.274+0000] {processor.py:208} INFO - Processing /opt/airflow/dags/BancoDeDadosDag.py took 0.057 seconds
[2024-11-04T11:09:16.958+0000] {processor.py:186} INFO - Started process (PID=388) to work on /opt/airflow/dags/BancoDeDadosDag.py
[2024-11-04T11:09:16.959+0000] {processor.py:914} INFO - Processing file /opt/airflow/dags/BancoDeDadosDag.py for tasks to queue
[2024-11-04T11:09:16.963+0000] {logging_mixin.py:190} INFO - [2024-11-04T11:09:16.962+0000] {dagbag.py:587} INFO - Filling up the DagBag from /opt/airflow/dags/BancoDeDadosDag.py
[2024-11-04T11:09:16.986+0000] {logging_mixin.py:190} INFO - [2024-11-04T11:09:16.977+0000] {dagbag.py:386} ERROR - Failed to import: /opt/airflow/dags/BancoDeDadosDag.py
Traceback (most recent call last):
  File "/home/airflow/.local/lib/python3.12/site-packages/airflow/models/dagbag.py", line 382, in parse
    loader.exec_module(new_module)
  File "<frozen importlib._bootstrap_external>", line 995, in exec_module
  File "<frozen importlib._bootstrap>", line 488, in _call_with_frames_removed
  File "/opt/airflow/dags/BancoDeDadosDag.py", line 4, in <module>
    from airflow.provider.postgres.operator.postgress import PostgresOperator
ModuleNotFoundError: No module named 'airflow.provider'
[2024-11-04T11:09:16.988+0000] {processor.py:927} WARNING - No viable dags retrieved from /opt/airflow/dags/BancoDeDadosDag.py
[2024-11-04T11:09:17.018+0000] {processor.py:208} INFO - Processing /opt/airflow/dags/BancoDeDadosDag.py took 0.069 seconds
[2024-11-04T11:09:47.370+0000] {processor.py:186} INFO - Started process (PID=413) to work on /opt/airflow/dags/BancoDeDadosDag.py
[2024-11-04T11:09:47.371+0000] {processor.py:914} INFO - Processing file /opt/airflow/dags/BancoDeDadosDag.py for tasks to queue
[2024-11-04T11:09:47.375+0000] {logging_mixin.py:190} INFO - [2024-11-04T11:09:47.374+0000] {dagbag.py:587} INFO - Filling up the DagBag from /opt/airflow/dags/BancoDeDadosDag.py
[2024-11-04T11:09:47.392+0000] {logging_mixin.py:190} INFO - [2024-11-04T11:09:47.388+0000] {dagbag.py:386} ERROR - Failed to import: /opt/airflow/dags/BancoDeDadosDag.py
Traceback (most recent call last):
  File "/home/airflow/.local/lib/python3.12/site-packages/airflow/models/dagbag.py", line 382, in parse
    loader.exec_module(new_module)
  File "<frozen importlib._bootstrap_external>", line 995, in exec_module
  File "<frozen importlib._bootstrap>", line 488, in _call_with_frames_removed
  File "/opt/airflow/dags/BancoDeDadosDag.py", line 4, in <module>
    from airflow.provider.postgres.operator.postgress import PostgresOperator
ModuleNotFoundError: No module named 'airflow.provider'
[2024-11-04T11:09:47.393+0000] {processor.py:927} WARNING - No viable dags retrieved from /opt/airflow/dags/BancoDeDadosDag.py
[2024-11-04T11:09:47.417+0000] {processor.py:208} INFO - Processing /opt/airflow/dags/BancoDeDadosDag.py took 0.053 seconds
[2024-11-04T11:10:18.092+0000] {processor.py:186} INFO - Started process (PID=438) to work on /opt/airflow/dags/BancoDeDadosDag.py
[2024-11-04T11:10:18.093+0000] {processor.py:914} INFO - Processing file /opt/airflow/dags/BancoDeDadosDag.py for tasks to queue
[2024-11-04T11:10:18.096+0000] {logging_mixin.py:190} INFO - [2024-11-04T11:10:18.096+0000] {dagbag.py:587} INFO - Filling up the DagBag from /opt/airflow/dags/BancoDeDadosDag.py
[2024-11-04T11:10:18.109+0000] {logging_mixin.py:190} INFO - [2024-11-04T11:10:18.106+0000] {dagbag.py:386} ERROR - Failed to import: /opt/airflow/dags/BancoDeDadosDag.py
Traceback (most recent call last):
  File "/home/airflow/.local/lib/python3.12/site-packages/airflow/models/dagbag.py", line 382, in parse
    loader.exec_module(new_module)
  File "<frozen importlib._bootstrap_external>", line 995, in exec_module
  File "<frozen importlib._bootstrap>", line 488, in _call_with_frames_removed
  File "/opt/airflow/dags/BancoDeDadosDag.py", line 4, in <module>
    from airflow.provider.postgres.operator.postgress import PostgresOperator
ModuleNotFoundError: No module named 'airflow.provider'
[2024-11-04T11:10:18.111+0000] {processor.py:927} WARNING - No viable dags retrieved from /opt/airflow/dags/BancoDeDadosDag.py
[2024-11-04T11:10:18.132+0000] {processor.py:208} INFO - Processing /opt/airflow/dags/BancoDeDadosDag.py took 0.048 seconds
[2024-11-04T11:10:48.548+0000] {processor.py:186} INFO - Started process (PID=463) to work on /opt/airflow/dags/BancoDeDadosDag.py
[2024-11-04T11:10:48.549+0000] {processor.py:914} INFO - Processing file /opt/airflow/dags/BancoDeDadosDag.py for tasks to queue
[2024-11-04T11:10:48.557+0000] {logging_mixin.py:190} INFO - [2024-11-04T11:10:48.557+0000] {dagbag.py:587} INFO - Filling up the DagBag from /opt/airflow/dags/BancoDeDadosDag.py
[2024-11-04T11:10:48.577+0000] {logging_mixin.py:190} INFO - [2024-11-04T11:10:48.572+0000] {dagbag.py:386} ERROR - Failed to import: /opt/airflow/dags/BancoDeDadosDag.py
Traceback (most recent call last):
  File "/home/airflow/.local/lib/python3.12/site-packages/airflow/models/dagbag.py", line 382, in parse
    loader.exec_module(new_module)
  File "<frozen importlib._bootstrap_external>", line 995, in exec_module
  File "<frozen importlib._bootstrap>", line 488, in _call_with_frames_removed
  File "/opt/airflow/dags/BancoDeDadosDag.py", line 4, in <module>
    from airflow.provider.postgres.operator.postgress import PostgresOperator
ModuleNotFoundError: No module named 'airflow.provider'
[2024-11-04T11:10:48.578+0000] {processor.py:927} WARNING - No viable dags retrieved from /opt/airflow/dags/BancoDeDadosDag.py
[2024-11-04T11:10:48.603+0000] {processor.py:208} INFO - Processing /opt/airflow/dags/BancoDeDadosDag.py took 0.061 seconds
[2024-11-04T11:11:18.892+0000] {processor.py:186} INFO - Started process (PID=488) to work on /opt/airflow/dags/BancoDeDadosDag.py
[2024-11-04T11:11:18.893+0000] {processor.py:914} INFO - Processing file /opt/airflow/dags/BancoDeDadosDag.py for tasks to queue
[2024-11-04T11:11:18.896+0000] {logging_mixin.py:190} INFO - [2024-11-04T11:11:18.896+0000] {dagbag.py:587} INFO - Filling up the DagBag from /opt/airflow/dags/BancoDeDadosDag.py
[2024-11-04T11:11:18.913+0000] {logging_mixin.py:190} INFO - [2024-11-04T11:11:18.910+0000] {dagbag.py:386} ERROR - Failed to import: /opt/airflow/dags/BancoDeDadosDag.py
Traceback (most recent call last):
  File "/home/airflow/.local/lib/python3.12/site-packages/airflow/models/dagbag.py", line 382, in parse
    loader.exec_module(new_module)
  File "<frozen importlib._bootstrap_external>", line 995, in exec_module
  File "<frozen importlib._bootstrap>", line 488, in _call_with_frames_removed
  File "/opt/airflow/dags/BancoDeDadosDag.py", line 4, in <module>
    from airflow.provider.postgres.operator.postgress import PostgresOperator
ModuleNotFoundError: No module named 'airflow.provider'
[2024-11-04T11:11:18.918+0000] {processor.py:927} WARNING - No viable dags retrieved from /opt/airflow/dags/BancoDeDadosDag.py
[2024-11-04T11:11:18.944+0000] {processor.py:208} INFO - Processing /opt/airflow/dags/BancoDeDadosDag.py took 0.064 seconds
[2024-11-04T11:11:49.616+0000] {processor.py:186} INFO - Started process (PID=513) to work on /opt/airflow/dags/BancoDeDadosDag.py
[2024-11-04T11:11:49.617+0000] {processor.py:914} INFO - Processing file /opt/airflow/dags/BancoDeDadosDag.py for tasks to queue
[2024-11-04T11:11:49.622+0000] {logging_mixin.py:190} INFO - [2024-11-04T11:11:49.622+0000] {dagbag.py:587} INFO - Filling up the DagBag from /opt/airflow/dags/BancoDeDadosDag.py
[2024-11-04T11:11:49.669+0000] {logging_mixin.py:190} INFO - [2024-11-04T11:11:49.645+0000] {dagbag.py:386} ERROR - Failed to import: /opt/airflow/dags/BancoDeDadosDag.py
Traceback (most recent call last):
  File "/home/airflow/.local/lib/python3.12/site-packages/airflow/models/dagbag.py", line 382, in parse
    loader.exec_module(new_module)
  File "<frozen importlib._bootstrap_external>", line 995, in exec_module
  File "<frozen importlib._bootstrap>", line 488, in _call_with_frames_removed
  File "/opt/airflow/dags/BancoDeDadosDag.py", line 4, in <module>
    from airflow.provider.postgres.operator.postgress import PostgresOperator
ModuleNotFoundError: No module named 'airflow.provider'
[2024-11-04T11:11:49.670+0000] {processor.py:927} WARNING - No viable dags retrieved from /opt/airflow/dags/BancoDeDadosDag.py
[2024-11-04T11:11:49.705+0000] {processor.py:208} INFO - Processing /opt/airflow/dags/BancoDeDadosDag.py took 0.100 seconds
[2024-11-04T11:12:19.929+0000] {processor.py:186} INFO - Started process (PID=542) to work on /opt/airflow/dags/BancoDeDadosDag.py
[2024-11-04T11:12:19.931+0000] {processor.py:914} INFO - Processing file /opt/airflow/dags/BancoDeDadosDag.py for tasks to queue
[2024-11-04T11:12:19.939+0000] {logging_mixin.py:190} INFO - [2024-11-04T11:12:19.939+0000] {dagbag.py:587} INFO - Filling up the DagBag from /opt/airflow/dags/BancoDeDadosDag.py
[2024-11-04T11:12:19.958+0000] {logging_mixin.py:190} INFO - [2024-11-04T11:12:19.955+0000] {dagbag.py:386} ERROR - Failed to import: /opt/airflow/dags/BancoDeDadosDag.py
Traceback (most recent call last):
  File "/home/airflow/.local/lib/python3.12/site-packages/airflow/models/dagbag.py", line 382, in parse
    loader.exec_module(new_module)
  File "<frozen importlib._bootstrap_external>", line 995, in exec_module
  File "<frozen importlib._bootstrap>", line 488, in _call_with_frames_removed
  File "/opt/airflow/dags/BancoDeDadosDag.py", line 4, in <module>
    from airflow.provider.postgres.operator.postgress import PostgresOperator
ModuleNotFoundError: No module named 'airflow.provider'
[2024-11-04T11:12:19.959+0000] {processor.py:927} WARNING - No viable dags retrieved from /opt/airflow/dags/BancoDeDadosDag.py
[2024-11-04T11:12:19.981+0000] {processor.py:208} INFO - Processing /opt/airflow/dags/BancoDeDadosDag.py took 0.064 seconds
[2024-11-04T11:12:50.787+0000] {processor.py:186} INFO - Started process (PID=568) to work on /opt/airflow/dags/BancoDeDadosDag.py
[2024-11-04T11:12:50.788+0000] {processor.py:914} INFO - Processing file /opt/airflow/dags/BancoDeDadosDag.py for tasks to queue
[2024-11-04T11:12:50.791+0000] {logging_mixin.py:190} INFO - [2024-11-04T11:12:50.791+0000] {dagbag.py:587} INFO - Filling up the DagBag from /opt/airflow/dags/BancoDeDadosDag.py
[2024-11-04T11:12:50.805+0000] {logging_mixin.py:190} INFO - [2024-11-04T11:12:50.802+0000] {dagbag.py:386} ERROR - Failed to import: /opt/airflow/dags/BancoDeDadosDag.py
Traceback (most recent call last):
  File "/home/airflow/.local/lib/python3.12/site-packages/airflow/models/dagbag.py", line 382, in parse
    loader.exec_module(new_module)
  File "<frozen importlib._bootstrap_external>", line 995, in exec_module
  File "<frozen importlib._bootstrap>", line 488, in _call_with_frames_removed
  File "/opt/airflow/dags/BancoDeDadosDag.py", line 4, in <module>
    from airflow.provider.postgres.operator.postgress import PostgresOperator
ModuleNotFoundError: No module named 'airflow.provider'
[2024-11-04T11:12:50.806+0000] {processor.py:927} WARNING - No viable dags retrieved from /opt/airflow/dags/BancoDeDadosDag.py
[2024-11-04T11:12:50.829+0000] {processor.py:208} INFO - Processing /opt/airflow/dags/BancoDeDadosDag.py took 0.049 seconds
[2024-11-04T11:13:21.515+0000] {processor.py:186} INFO - Started process (PID=593) to work on /opt/airflow/dags/BancoDeDadosDag.py
[2024-11-04T11:13:21.516+0000] {processor.py:914} INFO - Processing file /opt/airflow/dags/BancoDeDadosDag.py for tasks to queue
[2024-11-04T11:13:21.519+0000] {logging_mixin.py:190} INFO - [2024-11-04T11:13:21.519+0000] {dagbag.py:587} INFO - Filling up the DagBag from /opt/airflow/dags/BancoDeDadosDag.py
[2024-11-04T11:13:21.533+0000] {logging_mixin.py:190} INFO - [2024-11-04T11:13:21.529+0000] {dagbag.py:386} ERROR - Failed to import: /opt/airflow/dags/BancoDeDadosDag.py
Traceback (most recent call last):
  File "/home/airflow/.local/lib/python3.12/site-packages/airflow/models/dagbag.py", line 382, in parse
    loader.exec_module(new_module)
  File "<frozen importlib._bootstrap_external>", line 995, in exec_module
  File "<frozen importlib._bootstrap>", line 488, in _call_with_frames_removed
  File "/opt/airflow/dags/BancoDeDadosDag.py", line 4, in <module>
    from airflow.provider.postgres.operator.postgress import PostgresOperator
ModuleNotFoundError: No module named 'airflow.provider'
[2024-11-04T11:13:21.534+0000] {processor.py:927} WARNING - No viable dags retrieved from /opt/airflow/dags/BancoDeDadosDag.py
[2024-11-04T11:13:21.552+0000] {processor.py:208} INFO - Processing /opt/airflow/dags/BancoDeDadosDag.py took 0.043 seconds
[2024-11-04T11:13:52.561+0000] {processor.py:186} INFO - Started process (PID=618) to work on /opt/airflow/dags/BancoDeDadosDag.py
[2024-11-04T11:13:52.562+0000] {processor.py:914} INFO - Processing file /opt/airflow/dags/BancoDeDadosDag.py for tasks to queue
[2024-11-04T11:13:52.565+0000] {logging_mixin.py:190} INFO - [2024-11-04T11:13:52.565+0000] {dagbag.py:587} INFO - Filling up the DagBag from /opt/airflow/dags/BancoDeDadosDag.py
[2024-11-04T11:13:52.580+0000] {logging_mixin.py:190} INFO - [2024-11-04T11:13:52.576+0000] {dagbag.py:386} ERROR - Failed to import: /opt/airflow/dags/BancoDeDadosDag.py
Traceback (most recent call last):
  File "/home/airflow/.local/lib/python3.12/site-packages/airflow/models/dagbag.py", line 382, in parse
    loader.exec_module(new_module)
  File "<frozen importlib._bootstrap_external>", line 995, in exec_module
  File "<frozen importlib._bootstrap>", line 488, in _call_with_frames_removed
  File "/opt/airflow/dags/BancoDeDadosDag.py", line 4, in <module>
    from airflow.provider.postgres.operator.postgress import PostgresOperator
ModuleNotFoundError: No module named 'airflow.provider'
[2024-11-04T11:13:52.581+0000] {processor.py:927} WARNING - No viable dags retrieved from /opt/airflow/dags/BancoDeDadosDag.py
[2024-11-04T11:13:52.600+0000] {processor.py:208} INFO - Processing /opt/airflow/dags/BancoDeDadosDag.py took 0.046 seconds
[2024-11-04T11:14:23.610+0000] {processor.py:186} INFO - Started process (PID=643) to work on /opt/airflow/dags/BancoDeDadosDag.py
[2024-11-04T11:14:23.612+0000] {processor.py:914} INFO - Processing file /opt/airflow/dags/BancoDeDadosDag.py for tasks to queue
[2024-11-04T11:14:23.615+0000] {logging_mixin.py:190} INFO - [2024-11-04T11:14:23.614+0000] {dagbag.py:587} INFO - Filling up the DagBag from /opt/airflow/dags/BancoDeDadosDag.py
[2024-11-04T11:14:23.629+0000] {logging_mixin.py:190} INFO - [2024-11-04T11:14:23.626+0000] {dagbag.py:386} ERROR - Failed to import: /opt/airflow/dags/BancoDeDadosDag.py
Traceback (most recent call last):
  File "/home/airflow/.local/lib/python3.12/site-packages/airflow/models/dagbag.py", line 382, in parse
    loader.exec_module(new_module)
  File "<frozen importlib._bootstrap_external>", line 995, in exec_module
  File "<frozen importlib._bootstrap>", line 488, in _call_with_frames_removed
  File "/opt/airflow/dags/BancoDeDadosDag.py", line 4, in <module>
    from airflow.provider.postgres.operator.postgress import PostgresOperator
ModuleNotFoundError: No module named 'airflow.provider'
[2024-11-04T11:14:23.631+0000] {processor.py:927} WARNING - No viable dags retrieved from /opt/airflow/dags/BancoDeDadosDag.py
[2024-11-04T11:14:23.652+0000] {processor.py:208} INFO - Processing /opt/airflow/dags/BancoDeDadosDag.py took 0.049 seconds
[2024-11-04T11:14:54.497+0000] {processor.py:186} INFO - Started process (PID=668) to work on /opt/airflow/dags/BancoDeDadosDag.py
[2024-11-04T11:14:54.498+0000] {processor.py:914} INFO - Processing file /opt/airflow/dags/BancoDeDadosDag.py for tasks to queue
[2024-11-04T11:14:54.501+0000] {logging_mixin.py:190} INFO - [2024-11-04T11:14:54.500+0000] {dagbag.py:587} INFO - Filling up the DagBag from /opt/airflow/dags/BancoDeDadosDag.py
[2024-11-04T11:14:54.515+0000] {logging_mixin.py:190} INFO - [2024-11-04T11:14:54.511+0000] {dagbag.py:386} ERROR - Failed to import: /opt/airflow/dags/BancoDeDadosDag.py
Traceback (most recent call last):
  File "/home/airflow/.local/lib/python3.12/site-packages/airflow/models/dagbag.py", line 382, in parse
    loader.exec_module(new_module)
  File "<frozen importlib._bootstrap_external>", line 995, in exec_module
  File "<frozen importlib._bootstrap>", line 488, in _call_with_frames_removed
  File "/opt/airflow/dags/BancoDeDadosDag.py", line 4, in <module>
    from airflow.provider.postgres.operator.postgress import PostgresOperator
ModuleNotFoundError: No module named 'airflow.provider'
[2024-11-04T11:14:54.516+0000] {processor.py:927} WARNING - No viable dags retrieved from /opt/airflow/dags/BancoDeDadosDag.py
[2024-11-04T11:14:54.536+0000] {processor.py:208} INFO - Processing /opt/airflow/dags/BancoDeDadosDag.py took 0.047 seconds
[2024-11-04T11:15:25.297+0000] {processor.py:186} INFO - Started process (PID=693) to work on /opt/airflow/dags/BancoDeDadosDag.py
[2024-11-04T11:15:25.298+0000] {processor.py:914} INFO - Processing file /opt/airflow/dags/BancoDeDadosDag.py for tasks to queue
[2024-11-04T11:15:25.301+0000] {logging_mixin.py:190} INFO - [2024-11-04T11:15:25.300+0000] {dagbag.py:587} INFO - Filling up the DagBag from /opt/airflow/dags/BancoDeDadosDag.py
[2024-11-04T11:15:25.315+0000] {logging_mixin.py:190} INFO - [2024-11-04T11:15:25.312+0000] {dagbag.py:386} ERROR - Failed to import: /opt/airflow/dags/BancoDeDadosDag.py
Traceback (most recent call last):
  File "/home/airflow/.local/lib/python3.12/site-packages/airflow/models/dagbag.py", line 382, in parse
    loader.exec_module(new_module)
  File "<frozen importlib._bootstrap_external>", line 995, in exec_module
  File "<frozen importlib._bootstrap>", line 488, in _call_with_frames_removed
  File "/opt/airflow/dags/BancoDeDadosDag.py", line 4, in <module>
    from airflow.provider.postgres.operator.postgress import PostgresOperator
ModuleNotFoundError: No module named 'airflow.provider'
[2024-11-04T11:15:25.316+0000] {processor.py:927} WARNING - No viable dags retrieved from /opt/airflow/dags/BancoDeDadosDag.py
[2024-11-04T11:15:25.337+0000] {processor.py:208} INFO - Processing /opt/airflow/dags/BancoDeDadosDag.py took 0.046 seconds
[2024-11-04T11:15:55.713+0000] {processor.py:186} INFO - Started process (PID=719) to work on /opt/airflow/dags/BancoDeDadosDag.py
[2024-11-04T11:15:55.714+0000] {processor.py:914} INFO - Processing file /opt/airflow/dags/BancoDeDadosDag.py for tasks to queue
[2024-11-04T11:15:55.716+0000] {logging_mixin.py:190} INFO - [2024-11-04T11:15:55.716+0000] {dagbag.py:587} INFO - Filling up the DagBag from /opt/airflow/dags/BancoDeDadosDag.py
[2024-11-04T11:15:55.730+0000] {logging_mixin.py:190} INFO - [2024-11-04T11:15:55.727+0000] {dagbag.py:386} ERROR - Failed to import: /opt/airflow/dags/BancoDeDadosDag.py
Traceback (most recent call last):
  File "/home/airflow/.local/lib/python3.12/site-packages/airflow/models/dagbag.py", line 382, in parse
    loader.exec_module(new_module)
  File "<frozen importlib._bootstrap_external>", line 995, in exec_module
  File "<frozen importlib._bootstrap>", line 488, in _call_with_frames_removed
  File "/opt/airflow/dags/BancoDeDadosDag.py", line 4, in <module>
    from airflow.provider.postgres.operator.postgress import PostgresOperator
ModuleNotFoundError: No module named 'airflow.provider'
[2024-11-04T11:15:55.731+0000] {processor.py:927} WARNING - No viable dags retrieved from /opt/airflow/dags/BancoDeDadosDag.py
[2024-11-04T11:15:55.754+0000] {processor.py:208} INFO - Processing /opt/airflow/dags/BancoDeDadosDag.py took 0.047 seconds
[2024-11-04T11:16:26.691+0000] {processor.py:186} INFO - Started process (PID=744) to work on /opt/airflow/dags/BancoDeDadosDag.py
[2024-11-04T11:16:26.692+0000] {processor.py:914} INFO - Processing file /opt/airflow/dags/BancoDeDadosDag.py for tasks to queue
[2024-11-04T11:16:26.695+0000] {logging_mixin.py:190} INFO - [2024-11-04T11:16:26.695+0000] {dagbag.py:587} INFO - Filling up the DagBag from /opt/airflow/dags/BancoDeDadosDag.py
[2024-11-04T11:16:26.709+0000] {logging_mixin.py:190} INFO - [2024-11-04T11:16:26.706+0000] {dagbag.py:386} ERROR - Failed to import: /opt/airflow/dags/BancoDeDadosDag.py
Traceback (most recent call last):
  File "/home/airflow/.local/lib/python3.12/site-packages/airflow/models/dagbag.py", line 382, in parse
    loader.exec_module(new_module)
  File "<frozen importlib._bootstrap_external>", line 995, in exec_module
  File "<frozen importlib._bootstrap>", line 488, in _call_with_frames_removed
  File "/opt/airflow/dags/BancoDeDadosDag.py", line 4, in <module>
    from airflow.provider.postgres.operator.postgress import PostgresOperator
ModuleNotFoundError: No module named 'airflow.provider'
[2024-11-04T11:16:26.710+0000] {processor.py:927} WARNING - No viable dags retrieved from /opt/airflow/dags/BancoDeDadosDag.py
[2024-11-04T11:16:26.730+0000] {processor.py:208} INFO - Processing /opt/airflow/dags/BancoDeDadosDag.py took 0.045 seconds
[2024-11-04T11:16:57.567+0000] {processor.py:186} INFO - Started process (PID=769) to work on /opt/airflow/dags/BancoDeDadosDag.py
[2024-11-04T11:16:57.569+0000] {processor.py:914} INFO - Processing file /opt/airflow/dags/BancoDeDadosDag.py for tasks to queue
[2024-11-04T11:16:57.575+0000] {logging_mixin.py:190} INFO - [2024-11-04T11:16:57.575+0000] {dagbag.py:587} INFO - Filling up the DagBag from /opt/airflow/dags/BancoDeDadosDag.py
[2024-11-04T11:16:57.593+0000] {logging_mixin.py:190} INFO - [2024-11-04T11:16:57.585+0000] {dagbag.py:386} ERROR - Failed to import: /opt/airflow/dags/BancoDeDadosDag.py
Traceback (most recent call last):
  File "/home/airflow/.local/lib/python3.12/site-packages/airflow/models/dagbag.py", line 382, in parse
    loader.exec_module(new_module)
  File "<frozen importlib._bootstrap_external>", line 995, in exec_module
  File "<frozen importlib._bootstrap>", line 488, in _call_with_frames_removed
  File "/opt/airflow/dags/BancoDeDadosDag.py", line 4, in <module>
    from airflow.provider.postgres.operator.postgress import PostgresOperator
ModuleNotFoundError: No module named 'airflow.provider'
[2024-11-04T11:16:57.594+0000] {processor.py:927} WARNING - No viable dags retrieved from /opt/airflow/dags/BancoDeDadosDag.py
[2024-11-04T11:16:57.615+0000] {processor.py:208} INFO - Processing /opt/airflow/dags/BancoDeDadosDag.py took 0.054 seconds
[2024-11-04T11:17:27.788+0000] {processor.py:186} INFO - Started process (PID=794) to work on /opt/airflow/dags/BancoDeDadosDag.py
[2024-11-04T11:17:27.789+0000] {processor.py:914} INFO - Processing file /opt/airflow/dags/BancoDeDadosDag.py for tasks to queue
[2024-11-04T11:17:27.792+0000] {logging_mixin.py:190} INFO - [2024-11-04T11:17:27.792+0000] {dagbag.py:587} INFO - Filling up the DagBag from /opt/airflow/dags/BancoDeDadosDag.py
[2024-11-04T11:17:27.806+0000] {logging_mixin.py:190} INFO - [2024-11-04T11:17:27.803+0000] {dagbag.py:386} ERROR - Failed to import: /opt/airflow/dags/BancoDeDadosDag.py
Traceback (most recent call last):
  File "/home/airflow/.local/lib/python3.12/site-packages/airflow/models/dagbag.py", line 382, in parse
    loader.exec_module(new_module)
  File "<frozen importlib._bootstrap_external>", line 995, in exec_module
  File "<frozen importlib._bootstrap>", line 488, in _call_with_frames_removed
  File "/opt/airflow/dags/BancoDeDadosDag.py", line 4, in <module>
    from airflow.provider.postgres.operator.postgress import PostgresOperator
ModuleNotFoundError: No module named 'airflow.provider'
[2024-11-04T11:17:27.807+0000] {processor.py:927} WARNING - No viable dags retrieved from /opt/airflow/dags/BancoDeDadosDag.py
[2024-11-04T11:17:27.827+0000] {processor.py:208} INFO - Processing /opt/airflow/dags/BancoDeDadosDag.py took 0.045 seconds
[2024-11-04T11:17:59.660+0000] {logging_mixin.py:190} INFO - [2024-11-04T11:17:59.659+0000] {process_utils.py:266} INFO - Waiting up to 5 seconds for processes to exit...
