[2024-11-04T11:02:43.149+0000] {processor.py:186} INFO - Started process (PID=75) to work on /opt/airflow/dags/DependenteDaDagPararelismo.py
[2024-11-04T11:02:43.153+0000] {processor.py:914} INFO - Processing file /opt/airflow/dags/DependenteDaDagPararelismo.py for tasks to queue
[2024-11-04T11:02:43.163+0000] {logging_mixin.py:190} INFO - [2024-11-04T11:02:43.162+0000] {dagbag.py:587} INFO - Filling up the DagBag from /opt/airflow/dags/DependenteDaDagPararelismo.py
[2024-11-04T11:02:43.228+0000] {processor.py:925} INFO - DAG(s) 'DependenteDaDag_Paralelismo' retrieved from /opt/airflow/dags/DependenteDaDagPararelismo.py
[2024-11-04T11:02:43.483+0000] {logging_mixin.py:190} INFO - [2024-11-04T11:02:43.483+0000] {dag.py:3229} INFO - Sync 1 DAGs
[2024-11-04T11:02:43.513+0000] {logging_mixin.py:190} INFO - [2024-11-04T11:02:43.513+0000] {dag.py:4156} INFO - Setting next_dagrun for DependenteDaDag_Paralelismo to None, run_after=None
[2024-11-04T11:02:43.559+0000] {processor.py:208} INFO - Processing /opt/airflow/dags/DependenteDaDagPararelismo.py took 0.455 seconds
[2024-11-04T11:03:13.974+0000] {processor.py:186} INFO - Started process (PID=100) to work on /opt/airflow/dags/DependenteDaDagPararelismo.py
[2024-11-04T11:03:13.975+0000] {processor.py:914} INFO - Processing file /opt/airflow/dags/DependenteDaDagPararelismo.py for tasks to queue
[2024-11-04T11:03:13.977+0000] {logging_mixin.py:190} INFO - [2024-11-04T11:03:13.977+0000] {dagbag.py:587} INFO - Filling up the DagBag from /opt/airflow/dags/DependenteDaDagPararelismo.py
[2024-11-04T11:03:13.993+0000] {processor.py:925} INFO - DAG(s) 'DependenteDaDag_Paralelismo' retrieved from /opt/airflow/dags/DependenteDaDagPararelismo.py
[2024-11-04T11:03:14.025+0000] {logging_mixin.py:190} INFO - [2024-11-04T11:03:14.025+0000] {dag.py:3229} INFO - Sync 1 DAGs
[2024-11-04T11:03:14.038+0000] {logging_mixin.py:190} INFO - [2024-11-04T11:03:14.038+0000] {dag.py:4156} INFO - Setting next_dagrun for DependenteDaDag_Paralelismo to None, run_after=None
[2024-11-04T11:03:14.063+0000] {processor.py:208} INFO - Processing /opt/airflow/dags/DependenteDaDagPararelismo.py took 0.096 seconds
[2024-11-04T11:03:44.229+0000] {processor.py:186} INFO - Started process (PID=125) to work on /opt/airflow/dags/DependenteDaDagPararelismo.py
[2024-11-04T11:03:44.230+0000] {processor.py:914} INFO - Processing file /opt/airflow/dags/DependenteDaDagPararelismo.py for tasks to queue
[2024-11-04T11:03:44.233+0000] {logging_mixin.py:190} INFO - [2024-11-04T11:03:44.232+0000] {dagbag.py:587} INFO - Filling up the DagBag from /opt/airflow/dags/DependenteDaDagPararelismo.py
[2024-11-04T11:03:44.251+0000] {processor.py:925} INFO - DAG(s) 'DependenteDaDag_Paralelismo' retrieved from /opt/airflow/dags/DependenteDaDagPararelismo.py
[2024-11-04T11:03:44.273+0000] {logging_mixin.py:190} INFO - [2024-11-04T11:03:44.273+0000] {dag.py:3229} INFO - Sync 1 DAGs
[2024-11-04T11:03:44.295+0000] {logging_mixin.py:190} INFO - [2024-11-04T11:03:44.295+0000] {dag.py:4156} INFO - Setting next_dagrun for DependenteDaDag_Paralelismo to None, run_after=None
[2024-11-04T11:03:44.316+0000] {processor.py:208} INFO - Processing /opt/airflow/dags/DependenteDaDagPararelismo.py took 0.093 seconds
[2024-11-04T11:04:15.774+0000] {processor.py:186} INFO - Started process (PID=150) to work on /opt/airflow/dags/DependenteDaDagPararelismo.py
[2024-11-04T11:04:15.776+0000] {processor.py:914} INFO - Processing file /opt/airflow/dags/DependenteDaDagPararelismo.py for tasks to queue
[2024-11-04T11:04:15.778+0000] {logging_mixin.py:190} INFO - [2024-11-04T11:04:15.778+0000] {dagbag.py:587} INFO - Filling up the DagBag from /opt/airflow/dags/DependenteDaDagPararelismo.py
[2024-11-04T11:04:15.792+0000] {processor.py:925} INFO - DAG(s) 'DependenteDaDag_Paralelismo' retrieved from /opt/airflow/dags/DependenteDaDagPararelismo.py
[2024-11-04T11:04:15.814+0000] {logging_mixin.py:190} INFO - [2024-11-04T11:04:15.814+0000] {dag.py:3229} INFO - Sync 1 DAGs
[2024-11-04T11:04:15.828+0000] {logging_mixin.py:190} INFO - [2024-11-04T11:04:15.828+0000] {dag.py:4156} INFO - Setting next_dagrun for DependenteDaDag_Paralelismo to None, run_after=None
[2024-11-04T11:04:15.852+0000] {processor.py:208} INFO - Processing /opt/airflow/dags/DependenteDaDagPararelismo.py took 0.085 seconds
[2024-11-04T11:04:46.692+0000] {processor.py:186} INFO - Started process (PID=174) to work on /opt/airflow/dags/DependenteDaDagPararelismo.py
[2024-11-04T11:04:46.694+0000] {processor.py:914} INFO - Processing file /opt/airflow/dags/DependenteDaDagPararelismo.py for tasks to queue
[2024-11-04T11:04:46.699+0000] {logging_mixin.py:190} INFO - [2024-11-04T11:04:46.698+0000] {dagbag.py:587} INFO - Filling up the DagBag from /opt/airflow/dags/DependenteDaDagPararelismo.py
[2024-11-04T11:04:46.744+0000] {processor.py:925} INFO - DAG(s) 'DependenteDaDag_Paralelismo' retrieved from /opt/airflow/dags/DependenteDaDagPararelismo.py
[2024-11-04T11:04:46.823+0000] {logging_mixin.py:190} INFO - [2024-11-04T11:04:46.822+0000] {dag.py:3229} INFO - Sync 1 DAGs
[2024-11-04T11:04:46.843+0000] {logging_mixin.py:190} INFO - [2024-11-04T11:04:46.843+0000] {dag.py:4156} INFO - Setting next_dagrun for DependenteDaDag_Paralelismo to None, run_after=None
[2024-11-04T11:04:46.879+0000] {processor.py:208} INFO - Processing /opt/airflow/dags/DependenteDaDagPararelismo.py took 0.206 seconds
[2024-11-04T11:05:17.488+0000] {processor.py:186} INFO - Started process (PID=199) to work on /opt/airflow/dags/DependenteDaDagPararelismo.py
[2024-11-04T11:05:17.489+0000] {processor.py:914} INFO - Processing file /opt/airflow/dags/DependenteDaDagPararelismo.py for tasks to queue
[2024-11-04T11:05:17.492+0000] {logging_mixin.py:190} INFO - [2024-11-04T11:05:17.492+0000] {dagbag.py:587} INFO - Filling up the DagBag from /opt/airflow/dags/DependenteDaDagPararelismo.py
[2024-11-04T11:05:17.514+0000] {processor.py:925} INFO - DAG(s) 'DependenteDaDag_Paralelismo' retrieved from /opt/airflow/dags/DependenteDaDagPararelismo.py
[2024-11-04T11:05:17.538+0000] {logging_mixin.py:190} INFO - [2024-11-04T11:05:17.537+0000] {dag.py:3229} INFO - Sync 1 DAGs
[2024-11-04T11:05:17.551+0000] {logging_mixin.py:190} INFO - [2024-11-04T11:05:17.550+0000] {dag.py:4156} INFO - Setting next_dagrun for DependenteDaDag_Paralelismo to None, run_after=None
[2024-11-04T11:05:17.572+0000] {processor.py:208} INFO - Processing /opt/airflow/dags/DependenteDaDagPararelismo.py took 0.091 seconds
[2024-11-04T11:05:47.765+0000] {processor.py:186} INFO - Started process (PID=224) to work on /opt/airflow/dags/DependenteDaDagPararelismo.py
[2024-11-04T11:05:47.767+0000] {processor.py:914} INFO - Processing file /opt/airflow/dags/DependenteDaDagPararelismo.py for tasks to queue
[2024-11-04T11:05:47.769+0000] {logging_mixin.py:190} INFO - [2024-11-04T11:05:47.769+0000] {dagbag.py:587} INFO - Filling up the DagBag from /opt/airflow/dags/DependenteDaDagPararelismo.py
[2024-11-04T11:05:47.787+0000] {processor.py:925} INFO - DAG(s) 'DependenteDaDag_Paralelismo' retrieved from /opt/airflow/dags/DependenteDaDagPararelismo.py
[2024-11-04T11:05:47.807+0000] {logging_mixin.py:190} INFO - [2024-11-04T11:05:47.807+0000] {dag.py:3229} INFO - Sync 1 DAGs
[2024-11-04T11:05:47.821+0000] {logging_mixin.py:190} INFO - [2024-11-04T11:05:47.820+0000] {dag.py:4156} INFO - Setting next_dagrun for DependenteDaDag_Paralelismo to None, run_after=None
[2024-11-04T11:05:47.842+0000] {processor.py:208} INFO - Processing /opt/airflow/dags/DependenteDaDagPararelismo.py took 0.083 seconds
[2024-11-04T11:06:18.182+0000] {processor.py:186} INFO - Started process (PID=249) to work on /opt/airflow/dags/DependenteDaDagPararelismo.py
[2024-11-04T11:06:18.185+0000] {processor.py:914} INFO - Processing file /opt/airflow/dags/DependenteDaDagPararelismo.py for tasks to queue
[2024-11-04T11:06:18.187+0000] {logging_mixin.py:190} INFO - [2024-11-04T11:06:18.187+0000] {dagbag.py:587} INFO - Filling up the DagBag from /opt/airflow/dags/DependenteDaDagPararelismo.py
[2024-11-04T11:06:18.205+0000] {processor.py:925} INFO - DAG(s) 'DependenteDaDag_Paralelismo' retrieved from /opt/airflow/dags/DependenteDaDagPararelismo.py
[2024-11-04T11:06:18.227+0000] {logging_mixin.py:190} INFO - [2024-11-04T11:06:18.226+0000] {dag.py:3229} INFO - Sync 1 DAGs
[2024-11-04T11:06:18.245+0000] {logging_mixin.py:190} INFO - [2024-11-04T11:06:18.244+0000] {dag.py:4156} INFO - Setting next_dagrun for DependenteDaDag_Paralelismo to None, run_after=None
[2024-11-04T11:06:18.395+0000] {processor.py:208} INFO - Processing /opt/airflow/dags/DependenteDaDagPararelismo.py took 0.219 seconds
[2024-11-04T11:06:48.700+0000] {processor.py:186} INFO - Started process (PID=274) to work on /opt/airflow/dags/DependenteDaDagPararelismo.py
[2024-11-04T11:06:48.701+0000] {processor.py:914} INFO - Processing file /opt/airflow/dags/DependenteDaDagPararelismo.py for tasks to queue
[2024-11-04T11:06:48.703+0000] {logging_mixin.py:190} INFO - [2024-11-04T11:06:48.703+0000] {dagbag.py:587} INFO - Filling up the DagBag from /opt/airflow/dags/DependenteDaDagPararelismo.py
[2024-11-04T11:06:48.719+0000] {processor.py:925} INFO - DAG(s) 'DependenteDaDag_Paralelismo' retrieved from /opt/airflow/dags/DependenteDaDagPararelismo.py
[2024-11-04T11:06:48.740+0000] {logging_mixin.py:190} INFO - [2024-11-04T11:06:48.739+0000] {dag.py:3229} INFO - Sync 1 DAGs
[2024-11-04T11:06:48.754+0000] {logging_mixin.py:190} INFO - [2024-11-04T11:06:48.754+0000] {dag.py:4156} INFO - Setting next_dagrun for DependenteDaDag_Paralelismo to None, run_after=None
[2024-11-04T11:06:48.894+0000] {processor.py:208} INFO - Processing /opt/airflow/dags/DependenteDaDagPararelismo.py took 0.202 seconds
[2024-11-04T11:07:20.720+0000] {processor.py:186} INFO - Started process (PID=299) to work on /opt/airflow/dags/DependenteDaDagPararelismo.py
[2024-11-04T11:07:20.724+0000] {processor.py:914} INFO - Processing file /opt/airflow/dags/DependenteDaDagPararelismo.py for tasks to queue
[2024-11-04T11:07:20.727+0000] {logging_mixin.py:190} INFO - [2024-11-04T11:07:20.726+0000] {dagbag.py:587} INFO - Filling up the DagBag from /opt/airflow/dags/DependenteDaDagPararelismo.py
[2024-11-04T11:07:20.753+0000] {processor.py:925} INFO - DAG(s) 'DependenteDaDag_Paralelismo' retrieved from /opt/airflow/dags/DependenteDaDagPararelismo.py
[2024-11-04T11:07:20.782+0000] {logging_mixin.py:190} INFO - [2024-11-04T11:07:20.782+0000] {dag.py:3229} INFO - Sync 1 DAGs
[2024-11-04T11:07:20.802+0000] {logging_mixin.py:190} INFO - [2024-11-04T11:07:20.801+0000] {dag.py:4156} INFO - Setting next_dagrun for DependenteDaDag_Paralelismo to None, run_after=None
[2024-11-04T11:07:20.826+0000] {processor.py:208} INFO - Processing /opt/airflow/dags/DependenteDaDagPararelismo.py took 0.114 seconds
[2024-11-04T11:07:51.539+0000] {processor.py:186} INFO - Started process (PID=324) to work on /opt/airflow/dags/DependenteDaDagPararelismo.py
[2024-11-04T11:07:51.540+0000] {processor.py:914} INFO - Processing file /opt/airflow/dags/DependenteDaDagPararelismo.py for tasks to queue
[2024-11-04T11:07:51.542+0000] {logging_mixin.py:190} INFO - [2024-11-04T11:07:51.542+0000] {dagbag.py:587} INFO - Filling up the DagBag from /opt/airflow/dags/DependenteDaDagPararelismo.py
[2024-11-04T11:07:51.557+0000] {processor.py:925} INFO - DAG(s) 'DependenteDaDag_Paralelismo' retrieved from /opt/airflow/dags/DependenteDaDagPararelismo.py
[2024-11-04T11:07:51.576+0000] {logging_mixin.py:190} INFO - [2024-11-04T11:07:51.576+0000] {dag.py:3229} INFO - Sync 1 DAGs
[2024-11-04T11:07:51.591+0000] {logging_mixin.py:190} INFO - [2024-11-04T11:07:51.589+0000] {dag.py:4156} INFO - Setting next_dagrun for DependenteDaDag_Paralelismo to None, run_after=None
[2024-11-04T11:07:51.616+0000] {processor.py:208} INFO - Processing /opt/airflow/dags/DependenteDaDagPararelismo.py took 0.083 seconds
[2024-11-04T11:08:22.552+0000] {processor.py:186} INFO - Started process (PID=349) to work on /opt/airflow/dags/DependenteDaDagPararelismo.py
[2024-11-04T11:08:22.553+0000] {processor.py:914} INFO - Processing file /opt/airflow/dags/DependenteDaDagPararelismo.py for tasks to queue
[2024-11-04T11:08:22.556+0000] {logging_mixin.py:190} INFO - [2024-11-04T11:08:22.555+0000] {dagbag.py:587} INFO - Filling up the DagBag from /opt/airflow/dags/DependenteDaDagPararelismo.py
[2024-11-04T11:08:22.575+0000] {processor.py:925} INFO - DAG(s) 'DependenteDaDag_Paralelismo' retrieved from /opt/airflow/dags/DependenteDaDagPararelismo.py
[2024-11-04T11:08:22.602+0000] {logging_mixin.py:190} INFO - [2024-11-04T11:08:22.602+0000] {dag.py:3229} INFO - Sync 1 DAGs
[2024-11-04T11:08:22.619+0000] {logging_mixin.py:190} INFO - [2024-11-04T11:08:22.619+0000] {dag.py:4156} INFO - Setting next_dagrun for DependenteDaDag_Paralelismo to None, run_after=None
[2024-11-04T11:08:22.642+0000] {processor.py:208} INFO - Processing /opt/airflow/dags/DependenteDaDagPararelismo.py took 0.097 seconds
[2024-11-04T11:08:53.940+0000] {processor.py:186} INFO - Started process (PID=374) to work on /opt/airflow/dags/DependenteDaDagPararelismo.py
[2024-11-04T11:08:53.941+0000] {processor.py:914} INFO - Processing file /opt/airflow/dags/DependenteDaDagPararelismo.py for tasks to queue
[2024-11-04T11:08:53.944+0000] {logging_mixin.py:190} INFO - [2024-11-04T11:08:53.943+0000] {dagbag.py:587} INFO - Filling up the DagBag from /opt/airflow/dags/DependenteDaDagPararelismo.py
[2024-11-04T11:08:53.960+0000] {processor.py:925} INFO - DAG(s) 'DependenteDaDag_Paralelismo' retrieved from /opt/airflow/dags/DependenteDaDagPararelismo.py
[2024-11-04T11:08:53.983+0000] {logging_mixin.py:190} INFO - [2024-11-04T11:08:53.983+0000] {dag.py:3229} INFO - Sync 1 DAGs
[2024-11-04T11:08:54.000+0000] {logging_mixin.py:190} INFO - [2024-11-04T11:08:54.000+0000] {dag.py:4156} INFO - Setting next_dagrun for DependenteDaDag_Paralelismo to None, run_after=None
[2024-11-04T11:08:54.409+0000] {processor.py:208} INFO - Processing /opt/airflow/dags/DependenteDaDagPararelismo.py took 0.475 seconds
[2024-11-04T11:09:24.954+0000] {processor.py:186} INFO - Started process (PID=398) to work on /opt/airflow/dags/DependenteDaDagPararelismo.py
[2024-11-04T11:09:24.955+0000] {processor.py:914} INFO - Processing file /opt/airflow/dags/DependenteDaDagPararelismo.py for tasks to queue
[2024-11-04T11:09:24.959+0000] {logging_mixin.py:190} INFO - [2024-11-04T11:09:24.958+0000] {dagbag.py:587} INFO - Filling up the DagBag from /opt/airflow/dags/DependenteDaDagPararelismo.py
[2024-11-04T11:09:24.975+0000] {processor.py:925} INFO - DAG(s) 'DependenteDaDag_Paralelismo' retrieved from /opt/airflow/dags/DependenteDaDagPararelismo.py
[2024-11-04T11:09:24.996+0000] {logging_mixin.py:190} INFO - [2024-11-04T11:09:24.996+0000] {dag.py:3229} INFO - Sync 1 DAGs
[2024-11-04T11:09:25.009+0000] {logging_mixin.py:190} INFO - [2024-11-04T11:09:25.009+0000] {dag.py:4156} INFO - Setting next_dagrun for DependenteDaDag_Paralelismo to None, run_after=None
[2024-11-04T11:09:25.030+0000] {processor.py:208} INFO - Processing /opt/airflow/dags/DependenteDaDagPararelismo.py took 0.081 seconds
[2024-11-04T11:09:55.556+0000] {processor.py:186} INFO - Started process (PID=423) to work on /opt/airflow/dags/DependenteDaDagPararelismo.py
[2024-11-04T11:09:55.557+0000] {processor.py:914} INFO - Processing file /opt/airflow/dags/DependenteDaDagPararelismo.py for tasks to queue
[2024-11-04T11:09:55.561+0000] {logging_mixin.py:190} INFO - [2024-11-04T11:09:55.560+0000] {dagbag.py:587} INFO - Filling up the DagBag from /opt/airflow/dags/DependenteDaDagPararelismo.py
[2024-11-04T11:09:55.577+0000] {processor.py:925} INFO - DAG(s) 'DependenteDaDag_Paralelismo' retrieved from /opt/airflow/dags/DependenteDaDagPararelismo.py
[2024-11-04T11:09:55.602+0000] {logging_mixin.py:190} INFO - [2024-11-04T11:09:55.602+0000] {dag.py:3229} INFO - Sync 1 DAGs
[2024-11-04T11:09:55.618+0000] {logging_mixin.py:190} INFO - [2024-11-04T11:09:55.617+0000] {dag.py:4156} INFO - Setting next_dagrun for DependenteDaDag_Paralelismo to None, run_after=None
[2024-11-04T11:09:55.652+0000] {processor.py:208} INFO - Processing /opt/airflow/dags/DependenteDaDagPararelismo.py took 0.104 seconds
[2024-11-04T11:10:25.873+0000] {processor.py:186} INFO - Started process (PID=448) to work on /opt/airflow/dags/DependenteDaDagPararelismo.py
[2024-11-04T11:10:25.873+0000] {processor.py:914} INFO - Processing file /opt/airflow/dags/DependenteDaDagPararelismo.py for tasks to queue
[2024-11-04T11:10:25.876+0000] {logging_mixin.py:190} INFO - [2024-11-04T11:10:25.876+0000] {dagbag.py:587} INFO - Filling up the DagBag from /opt/airflow/dags/DependenteDaDagPararelismo.py
[2024-11-04T11:10:25.890+0000] {processor.py:925} INFO - DAG(s) 'DependenteDaDag_Paralelismo' retrieved from /opt/airflow/dags/DependenteDaDagPararelismo.py
[2024-11-04T11:10:25.910+0000] {logging_mixin.py:190} INFO - [2024-11-04T11:10:25.910+0000] {dag.py:3229} INFO - Sync 1 DAGs
[2024-11-04T11:10:25.924+0000] {logging_mixin.py:190} INFO - [2024-11-04T11:10:25.923+0000] {dag.py:4156} INFO - Setting next_dagrun for DependenteDaDag_Paralelismo to None, run_after=None
[2024-11-04T11:10:25.945+0000] {processor.py:208} INFO - Processing /opt/airflow/dags/DependenteDaDagPararelismo.py took 0.078 seconds
[2024-11-04T11:10:56.295+0000] {processor.py:186} INFO - Started process (PID=473) to work on /opt/airflow/dags/DependenteDaDagPararelismo.py
[2024-11-04T11:10:56.296+0000] {processor.py:914} INFO - Processing file /opt/airflow/dags/DependenteDaDagPararelismo.py for tasks to queue
[2024-11-04T11:10:56.299+0000] {logging_mixin.py:190} INFO - [2024-11-04T11:10:56.299+0000] {dagbag.py:587} INFO - Filling up the DagBag from /opt/airflow/dags/DependenteDaDagPararelismo.py
[2024-11-04T11:10:56.318+0000] {processor.py:925} INFO - DAG(s) 'DependenteDaDag_Paralelismo' retrieved from /opt/airflow/dags/DependenteDaDagPararelismo.py
[2024-11-04T11:10:56.340+0000] {logging_mixin.py:190} INFO - [2024-11-04T11:10:56.340+0000] {dag.py:3229} INFO - Sync 1 DAGs
[2024-11-04T11:10:56.368+0000] {logging_mixin.py:190} INFO - [2024-11-04T11:10:56.367+0000] {dag.py:4156} INFO - Setting next_dagrun for DependenteDaDag_Paralelismo to None, run_after=None
[2024-11-04T11:10:56.440+0000] {processor.py:208} INFO - Processing /opt/airflow/dags/DependenteDaDagPararelismo.py took 0.152 seconds
[2024-11-04T11:11:26.629+0000] {processor.py:186} INFO - Started process (PID=498) to work on /opt/airflow/dags/DependenteDaDagPararelismo.py
[2024-11-04T11:11:26.630+0000] {processor.py:914} INFO - Processing file /opt/airflow/dags/DependenteDaDagPararelismo.py for tasks to queue
[2024-11-04T11:11:26.638+0000] {logging_mixin.py:190} INFO - [2024-11-04T11:11:26.638+0000] {dagbag.py:587} INFO - Filling up the DagBag from /opt/airflow/dags/DependenteDaDagPararelismo.py
[2024-11-04T11:11:26.659+0000] {processor.py:925} INFO - DAG(s) 'DependenteDaDag_Paralelismo' retrieved from /opt/airflow/dags/DependenteDaDagPararelismo.py
[2024-11-04T11:11:26.686+0000] {logging_mixin.py:190} INFO - [2024-11-04T11:11:26.686+0000] {dag.py:3229} INFO - Sync 1 DAGs
[2024-11-04T11:11:26.703+0000] {logging_mixin.py:190} INFO - [2024-11-04T11:11:26.703+0000] {dag.py:4156} INFO - Setting next_dagrun for DependenteDaDag_Paralelismo to None, run_after=None
[2024-11-04T11:11:26.728+0000] {processor.py:208} INFO - Processing /opt/airflow/dags/DependenteDaDagPararelismo.py took 0.140 seconds
[2024-11-04T11:11:56.835+0000] {processor.py:186} INFO - Started process (PID=523) to work on /opt/airflow/dags/DependenteDaDagPararelismo.py
[2024-11-04T11:11:56.836+0000] {processor.py:914} INFO - Processing file /opt/airflow/dags/DependenteDaDagPararelismo.py for tasks to queue
[2024-11-04T11:11:56.841+0000] {logging_mixin.py:190} INFO - [2024-11-04T11:11:56.841+0000] {dagbag.py:587} INFO - Filling up the DagBag from /opt/airflow/dags/DependenteDaDagPararelismo.py
[2024-11-04T11:11:56.860+0000] {processor.py:925} INFO - DAG(s) 'DependenteDaDag_Paralelismo' retrieved from /opt/airflow/dags/DependenteDaDagPararelismo.py
[2024-11-04T11:11:56.885+0000] {logging_mixin.py:190} INFO - [2024-11-04T11:11:56.885+0000] {dag.py:3229} INFO - Sync 1 DAGs
[2024-11-04T11:11:56.904+0000] {logging_mixin.py:190} INFO - [2024-11-04T11:11:56.904+0000] {dag.py:4156} INFO - Setting next_dagrun for DependenteDaDag_Paralelismo to None, run_after=None
[2024-11-04T11:11:56.943+0000] {processor.py:208} INFO - Processing /opt/airflow/dags/DependenteDaDagPararelismo.py took 0.117 seconds
[2024-11-04T11:12:28.102+0000] {processor.py:186} INFO - Started process (PID=552) to work on /opt/airflow/dags/DependenteDaDagPararelismo.py
[2024-11-04T11:12:28.103+0000] {processor.py:914} INFO - Processing file /opt/airflow/dags/DependenteDaDagPararelismo.py for tasks to queue
[2024-11-04T11:12:28.106+0000] {logging_mixin.py:190} INFO - [2024-11-04T11:12:28.105+0000] {dagbag.py:587} INFO - Filling up the DagBag from /opt/airflow/dags/DependenteDaDagPararelismo.py
[2024-11-04T11:12:28.128+0000] {processor.py:925} INFO - DAG(s) 'DependenteDaDag_Paralelismo' retrieved from /opt/airflow/dags/DependenteDaDagPararelismo.py
[2024-11-04T11:12:28.151+0000] {logging_mixin.py:190} INFO - [2024-11-04T11:12:28.151+0000] {dag.py:3229} INFO - Sync 1 DAGs
[2024-11-04T11:12:28.165+0000] {logging_mixin.py:190} INFO - [2024-11-04T11:12:28.165+0000] {dag.py:4156} INFO - Setting next_dagrun for DependenteDaDag_Paralelismo to None, run_after=None
[2024-11-04T11:12:28.313+0000] {processor.py:208} INFO - Processing /opt/airflow/dags/DependenteDaDagPararelismo.py took 0.217 seconds
[2024-11-04T11:12:58.452+0000] {processor.py:186} INFO - Started process (PID=578) to work on /opt/airflow/dags/DependenteDaDagPararelismo.py
[2024-11-04T11:12:58.453+0000] {processor.py:914} INFO - Processing file /opt/airflow/dags/DependenteDaDagPararelismo.py for tasks to queue
[2024-11-04T11:12:58.456+0000] {logging_mixin.py:190} INFO - [2024-11-04T11:12:58.456+0000] {dagbag.py:587} INFO - Filling up the DagBag from /opt/airflow/dags/DependenteDaDagPararelismo.py
[2024-11-04T11:12:58.473+0000] {processor.py:925} INFO - DAG(s) 'DependenteDaDag_Paralelismo' retrieved from /opt/airflow/dags/DependenteDaDagPararelismo.py
[2024-11-04T11:12:58.494+0000] {logging_mixin.py:190} INFO - [2024-11-04T11:12:58.494+0000] {dag.py:3229} INFO - Sync 1 DAGs
[2024-11-04T11:12:58.508+0000] {logging_mixin.py:190} INFO - [2024-11-04T11:12:58.508+0000] {dag.py:4156} INFO - Setting next_dagrun for DependenteDaDag_Paralelismo to None, run_after=None
[2024-11-04T11:12:58.530+0000] {processor.py:208} INFO - Processing /opt/airflow/dags/DependenteDaDagPararelismo.py took 0.083 seconds
[2024-11-04T11:13:29.204+0000] {processor.py:186} INFO - Started process (PID=603) to work on /opt/airflow/dags/DependenteDaDagPararelismo.py
[2024-11-04T11:13:29.205+0000] {processor.py:914} INFO - Processing file /opt/airflow/dags/DependenteDaDagPararelismo.py for tasks to queue
[2024-11-04T11:13:29.207+0000] {logging_mixin.py:190} INFO - [2024-11-04T11:13:29.207+0000] {dagbag.py:587} INFO - Filling up the DagBag from /opt/airflow/dags/DependenteDaDagPararelismo.py
[2024-11-04T11:13:29.225+0000] {processor.py:925} INFO - DAG(s) 'DependenteDaDag_Paralelismo' retrieved from /opt/airflow/dags/DependenteDaDagPararelismo.py
[2024-11-04T11:13:29.246+0000] {logging_mixin.py:190} INFO - [2024-11-04T11:13:29.246+0000] {dag.py:3229} INFO - Sync 1 DAGs
[2024-11-04T11:13:29.260+0000] {logging_mixin.py:190} INFO - [2024-11-04T11:13:29.260+0000] {dag.py:4156} INFO - Setting next_dagrun for DependenteDaDag_Paralelismo to None, run_after=None
[2024-11-04T11:13:29.280+0000] {processor.py:208} INFO - Processing /opt/airflow/dags/DependenteDaDagPararelismo.py took 0.082 seconds
[2024-11-04T11:13:59.465+0000] {processor.py:186} INFO - Started process (PID=628) to work on /opt/airflow/dags/DependenteDaDagPararelismo.py
[2024-11-04T11:13:59.467+0000] {processor.py:914} INFO - Processing file /opt/airflow/dags/DependenteDaDagPararelismo.py for tasks to queue
[2024-11-04T11:13:59.474+0000] {logging_mixin.py:190} INFO - [2024-11-04T11:13:59.474+0000] {dagbag.py:587} INFO - Filling up the DagBag from /opt/airflow/dags/DependenteDaDagPararelismo.py
[2024-11-04T11:13:59.495+0000] {processor.py:925} INFO - DAG(s) 'DependenteDaDag_Paralelismo' retrieved from /opt/airflow/dags/DependenteDaDagPararelismo.py
[2024-11-04T11:13:59.519+0000] {logging_mixin.py:190} INFO - [2024-11-04T11:13:59.519+0000] {dag.py:3229} INFO - Sync 1 DAGs
[2024-11-04T11:13:59.533+0000] {logging_mixin.py:190} INFO - [2024-11-04T11:13:59.533+0000] {dag.py:4156} INFO - Setting next_dagrun for DependenteDaDag_Paralelismo to None, run_after=None
[2024-11-04T11:13:59.559+0000] {processor.py:208} INFO - Processing /opt/airflow/dags/DependenteDaDagPararelismo.py took 0.101 seconds
[2024-11-04T11:14:30.209+0000] {processor.py:186} INFO - Started process (PID=653) to work on /opt/airflow/dags/DependenteDaDagPararelismo.py
[2024-11-04T11:14:30.210+0000] {processor.py:914} INFO - Processing file /opt/airflow/dags/DependenteDaDagPararelismo.py for tasks to queue
[2024-11-04T11:14:30.213+0000] {logging_mixin.py:190} INFO - [2024-11-04T11:14:30.212+0000] {dagbag.py:587} INFO - Filling up the DagBag from /opt/airflow/dags/DependenteDaDagPararelismo.py
[2024-11-04T11:14:30.227+0000] {processor.py:925} INFO - DAG(s) 'DependenteDaDag_Paralelismo' retrieved from /opt/airflow/dags/DependenteDaDagPararelismo.py
[2024-11-04T11:14:30.247+0000] {logging_mixin.py:190} INFO - [2024-11-04T11:14:30.247+0000] {dag.py:3229} INFO - Sync 1 DAGs
[2024-11-04T11:14:30.261+0000] {logging_mixin.py:190} INFO - [2024-11-04T11:14:30.261+0000] {dag.py:4156} INFO - Setting next_dagrun for DependenteDaDag_Paralelismo to None, run_after=None
[2024-11-04T11:14:30.281+0000] {processor.py:208} INFO - Processing /opt/airflow/dags/DependenteDaDagPararelismo.py took 0.078 seconds
[2024-11-04T11:15:01.153+0000] {processor.py:186} INFO - Started process (PID=678) to work on /opt/airflow/dags/DependenteDaDagPararelismo.py
[2024-11-04T11:15:01.154+0000] {processor.py:914} INFO - Processing file /opt/airflow/dags/DependenteDaDagPararelismo.py for tasks to queue
[2024-11-04T11:15:01.157+0000] {logging_mixin.py:190} INFO - [2024-11-04T11:15:01.157+0000] {dagbag.py:587} INFO - Filling up the DagBag from /opt/airflow/dags/DependenteDaDagPararelismo.py
[2024-11-04T11:15:01.176+0000] {processor.py:925} INFO - DAG(s) 'DependenteDaDag_Paralelismo' retrieved from /opt/airflow/dags/DependenteDaDagPararelismo.py
[2024-11-04T11:15:01.199+0000] {logging_mixin.py:190} INFO - [2024-11-04T11:15:01.199+0000] {dag.py:3229} INFO - Sync 1 DAGs
[2024-11-04T11:15:01.215+0000] {logging_mixin.py:190} INFO - [2024-11-04T11:15:01.215+0000] {dag.py:4156} INFO - Setting next_dagrun for DependenteDaDag_Paralelismo to None, run_after=None
[2024-11-04T11:15:01.244+0000] {processor.py:208} INFO - Processing /opt/airflow/dags/DependenteDaDagPararelismo.py took 0.097 seconds
[2024-11-04T11:15:31.405+0000] {processor.py:186} INFO - Started process (PID=703) to work on /opt/airflow/dags/DependenteDaDagPararelismo.py
[2024-11-04T11:15:31.406+0000] {processor.py:914} INFO - Processing file /opt/airflow/dags/DependenteDaDagPararelismo.py for tasks to queue
[2024-11-04T11:15:31.408+0000] {logging_mixin.py:190} INFO - [2024-11-04T11:15:31.408+0000] {dagbag.py:587} INFO - Filling up the DagBag from /opt/airflow/dags/DependenteDaDagPararelismo.py
[2024-11-04T11:15:31.447+0000] {processor.py:925} INFO - DAG(s) 'DependenteDaDag_Paralelismo' retrieved from /opt/airflow/dags/DependenteDaDagPararelismo.py
[2024-11-04T11:15:31.509+0000] {logging_mixin.py:190} INFO - [2024-11-04T11:15:31.509+0000] {dag.py:3229} INFO - Sync 1 DAGs
[2024-11-04T11:15:31.544+0000] {logging_mixin.py:190} INFO - [2024-11-04T11:15:31.544+0000] {dag.py:4156} INFO - Setting next_dagrun for DependenteDaDag_Paralelismo to None, run_after=None
[2024-11-04T11:15:31.593+0000] {processor.py:208} INFO - Processing /opt/airflow/dags/DependenteDaDagPararelismo.py took 0.209 seconds
[2024-11-04T11:16:02.544+0000] {processor.py:186} INFO - Started process (PID=729) to work on /opt/airflow/dags/DependenteDaDagPararelismo.py
[2024-11-04T11:16:02.544+0000] {processor.py:914} INFO - Processing file /opt/airflow/dags/DependenteDaDagPararelismo.py for tasks to queue
[2024-11-04T11:16:02.548+0000] {logging_mixin.py:190} INFO - [2024-11-04T11:16:02.547+0000] {dagbag.py:587} INFO - Filling up the DagBag from /opt/airflow/dags/DependenteDaDagPararelismo.py
[2024-11-04T11:16:02.562+0000] {processor.py:925} INFO - DAG(s) 'DependenteDaDag_Paralelismo' retrieved from /opt/airflow/dags/DependenteDaDagPararelismo.py
[2024-11-04T11:16:02.584+0000] {logging_mixin.py:190} INFO - [2024-11-04T11:16:02.583+0000] {dag.py:3229} INFO - Sync 1 DAGs
[2024-11-04T11:16:02.598+0000] {logging_mixin.py:190} INFO - [2024-11-04T11:16:02.597+0000] {dag.py:4156} INFO - Setting next_dagrun for DependenteDaDag_Paralelismo to None, run_after=None
[2024-11-04T11:16:02.618+0000] {processor.py:208} INFO - Processing /opt/airflow/dags/DependenteDaDagPararelismo.py took 0.080 seconds
[2024-11-04T11:16:33.350+0000] {processor.py:186} INFO - Started process (PID=754) to work on /opt/airflow/dags/DependenteDaDagPararelismo.py
[2024-11-04T11:16:33.351+0000] {processor.py:914} INFO - Processing file /opt/airflow/dags/DependenteDaDagPararelismo.py for tasks to queue
[2024-11-04T11:16:33.354+0000] {logging_mixin.py:190} INFO - [2024-11-04T11:16:33.354+0000] {dagbag.py:587} INFO - Filling up the DagBag from /opt/airflow/dags/DependenteDaDagPararelismo.py
[2024-11-04T11:16:33.377+0000] {processor.py:925} INFO - DAG(s) 'DependenteDaDag_Paralelismo' retrieved from /opt/airflow/dags/DependenteDaDagPararelismo.py
[2024-11-04T11:16:33.399+0000] {logging_mixin.py:190} INFO - [2024-11-04T11:16:33.399+0000] {dag.py:3229} INFO - Sync 1 DAGs
[2024-11-04T11:16:33.414+0000] {logging_mixin.py:190} INFO - [2024-11-04T11:16:33.414+0000] {dag.py:4156} INFO - Setting next_dagrun for DependenteDaDag_Paralelismo to None, run_after=None
[2024-11-04T11:16:33.439+0000] {processor.py:208} INFO - Processing /opt/airflow/dags/DependenteDaDagPararelismo.py took 0.096 seconds
[2024-11-04T11:17:03.540+0000] {processor.py:186} INFO - Started process (PID=779) to work on /opt/airflow/dags/DependenteDaDagPararelismo.py
[2024-11-04T11:17:03.541+0000] {processor.py:914} INFO - Processing file /opt/airflow/dags/DependenteDaDagPararelismo.py for tasks to queue
[2024-11-04T11:17:03.545+0000] {logging_mixin.py:190} INFO - [2024-11-04T11:17:03.544+0000] {dagbag.py:587} INFO - Filling up the DagBag from /opt/airflow/dags/DependenteDaDagPararelismo.py
[2024-11-04T11:17:03.565+0000] {processor.py:925} INFO - DAG(s) 'DependenteDaDag_Paralelismo' retrieved from /opt/airflow/dags/DependenteDaDagPararelismo.py
[2024-11-04T11:17:03.589+0000] {logging_mixin.py:190} INFO - [2024-11-04T11:17:03.589+0000] {dag.py:3229} INFO - Sync 1 DAGs
[2024-11-04T11:17:03.608+0000] {logging_mixin.py:190} INFO - [2024-11-04T11:17:03.608+0000] {dag.py:4156} INFO - Setting next_dagrun for DependenteDaDag_Paralelismo to None, run_after=None
[2024-11-04T11:17:03.635+0000] {processor.py:208} INFO - Processing /opt/airflow/dags/DependenteDaDagPararelismo.py took 0.102 seconds
[2024-11-04T11:17:33.768+0000] {processor.py:186} INFO - Started process (PID=804) to work on /opt/airflow/dags/DependenteDaDagPararelismo.py
[2024-11-04T11:17:33.769+0000] {processor.py:914} INFO - Processing file /opt/airflow/dags/DependenteDaDagPararelismo.py for tasks to queue
[2024-11-04T11:17:33.771+0000] {logging_mixin.py:190} INFO - [2024-11-04T11:17:33.771+0000] {dagbag.py:587} INFO - Filling up the DagBag from /opt/airflow/dags/DependenteDaDagPararelismo.py
[2024-11-04T11:17:33.788+0000] {processor.py:925} INFO - DAG(s) 'DependenteDaDag_Paralelismo' retrieved from /opt/airflow/dags/DependenteDaDagPararelismo.py
[2024-11-04T11:17:33.813+0000] {logging_mixin.py:190} INFO - [2024-11-04T11:17:33.813+0000] {dag.py:3229} INFO - Sync 1 DAGs
[2024-11-04T11:17:33.831+0000] {logging_mixin.py:190} INFO - [2024-11-04T11:17:33.830+0000] {dag.py:4156} INFO - Setting next_dagrun for DependenteDaDag_Paralelismo to None, run_after=None
[2024-11-04T11:17:33.864+0000] {processor.py:208} INFO - Processing /opt/airflow/dags/DependenteDaDagPararelismo.py took 0.103 seconds
