[2024-11-04T11:02:40.836+0000] {processor.py:186} INFO - Started process (PID=67) to work on /opt/airflow/dags/PararelismoDag.py
[2024-11-04T11:02:40.843+0000] {processor.py:914} INFO - Processing file /opt/airflow/dags/PararelismoDag.py for tasks to queue
[2024-11-04T11:02:40.847+0000] {logging_mixin.py:190} INFO - [2024-11-04T11:02:40.847+0000] {dagbag.py:587} INFO - Filling up the DagBag from /opt/airflow/dags/PararelismoDag.py
[2024-11-04T11:02:40.887+0000] {processor.py:925} INFO - DAG(s) 'Pararelismo' retrieved from /opt/airflow/dags/PararelismoDag.py
[2024-11-04T11:02:41.305+0000] {logging_mixin.py:190} INFO - [2024-11-04T11:02:41.305+0000] {dag.py:3229} INFO - Sync 1 DAGs
[2024-11-04T11:02:41.325+0000] {logging_mixin.py:190} INFO - [2024-11-04T11:02:41.325+0000] {dag.py:4156} INFO - Setting next_dagrun for Pararelismo to None, run_after=None
[2024-11-04T11:02:41.367+0000] {processor.py:208} INFO - Processing /opt/airflow/dags/PararelismoDag.py took 0.537 seconds
[2024-11-04T11:03:12.329+0000] {processor.py:186} INFO - Started process (PID=92) to work on /opt/airflow/dags/PararelismoDag.py
[2024-11-04T11:03:12.330+0000] {processor.py:914} INFO - Processing file /opt/airflow/dags/PararelismoDag.py for tasks to queue
[2024-11-04T11:03:12.333+0000] {logging_mixin.py:190} INFO - [2024-11-04T11:03:12.332+0000] {dagbag.py:587} INFO - Filling up the DagBag from /opt/airflow/dags/PararelismoDag.py
[2024-11-04T11:03:12.360+0000] {processor.py:925} INFO - DAG(s) 'Pararelismo' retrieved from /opt/airflow/dags/PararelismoDag.py
[2024-11-04T11:03:12.384+0000] {logging_mixin.py:190} INFO - [2024-11-04T11:03:12.384+0000] {dag.py:3229} INFO - Sync 1 DAGs
[2024-11-04T11:03:12.399+0000] {logging_mixin.py:190} INFO - [2024-11-04T11:03:12.399+0000] {dag.py:4156} INFO - Setting next_dagrun for Pararelismo to None, run_after=None
[2024-11-04T11:03:12.422+0000] {processor.py:208} INFO - Processing /opt/airflow/dags/PararelismoDag.py took 0.098 seconds
[2024-11-04T11:03:42.646+0000] {processor.py:186} INFO - Started process (PID=116) to work on /opt/airflow/dags/PararelismoDag.py
[2024-11-04T11:03:42.647+0000] {processor.py:914} INFO - Processing file /opt/airflow/dags/PararelismoDag.py for tasks to queue
[2024-11-04T11:03:42.650+0000] {logging_mixin.py:190} INFO - [2024-11-04T11:03:42.649+0000] {dagbag.py:587} INFO - Filling up the DagBag from /opt/airflow/dags/PararelismoDag.py
[2024-11-04T11:03:42.674+0000] {processor.py:925} INFO - DAG(s) 'Pararelismo' retrieved from /opt/airflow/dags/PararelismoDag.py
[2024-11-04T11:03:42.697+0000] {logging_mixin.py:190} INFO - [2024-11-04T11:03:42.697+0000] {dag.py:3229} INFO - Sync 1 DAGs
[2024-11-04T11:03:42.712+0000] {logging_mixin.py:190} INFO - [2024-11-04T11:03:42.712+0000] {dag.py:4156} INFO - Setting next_dagrun for Pararelismo to None, run_after=None
[2024-11-04T11:03:42.731+0000] {processor.py:208} INFO - Processing /opt/airflow/dags/PararelismoDag.py took 0.091 seconds
[2024-11-04T11:04:13.667+0000] {processor.py:186} INFO - Started process (PID=142) to work on /opt/airflow/dags/PararelismoDag.py
[2024-11-04T11:04:13.669+0000] {processor.py:914} INFO - Processing file /opt/airflow/dags/PararelismoDag.py for tasks to queue
[2024-11-04T11:04:13.672+0000] {logging_mixin.py:190} INFO - [2024-11-04T11:04:13.672+0000] {dagbag.py:587} INFO - Filling up the DagBag from /opt/airflow/dags/PararelismoDag.py
[2024-11-04T11:04:13.695+0000] {processor.py:925} INFO - DAG(s) 'Pararelismo' retrieved from /opt/airflow/dags/PararelismoDag.py
[2024-11-04T11:04:13.723+0000] {logging_mixin.py:190} INFO - [2024-11-04T11:04:13.722+0000] {dag.py:3229} INFO - Sync 1 DAGs
[2024-11-04T11:04:13.737+0000] {logging_mixin.py:190} INFO - [2024-11-04T11:04:13.737+0000] {dag.py:4156} INFO - Setting next_dagrun for Pararelismo to None, run_after=None
[2024-11-04T11:04:13.756+0000] {processor.py:208} INFO - Processing /opt/airflow/dags/PararelismoDag.py took 0.098 seconds
[2024-11-04T11:04:44.529+0000] {processor.py:186} INFO - Started process (PID=166) to work on /opt/airflow/dags/PararelismoDag.py
[2024-11-04T11:04:44.582+0000] {processor.py:914} INFO - Processing file /opt/airflow/dags/PararelismoDag.py for tasks to queue
[2024-11-04T11:04:44.600+0000] {logging_mixin.py:190} INFO - [2024-11-04T11:04:44.593+0000] {dagbag.py:587} INFO - Filling up the DagBag from /opt/airflow/dags/PararelismoDag.py
[2024-11-04T11:04:44.762+0000] {processor.py:925} INFO - DAG(s) 'Pararelismo' retrieved from /opt/airflow/dags/PararelismoDag.py
[2024-11-04T11:04:45.052+0000] {logging_mixin.py:190} INFO - [2024-11-04T11:04:45.051+0000] {dag.py:3229} INFO - Sync 1 DAGs
[2024-11-04T11:04:45.087+0000] {logging_mixin.py:190} INFO - [2024-11-04T11:04:45.086+0000] {dag.py:4156} INFO - Setting next_dagrun for Pararelismo to None, run_after=None
[2024-11-04T11:04:45.160+0000] {processor.py:208} INFO - Processing /opt/airflow/dags/PararelismoDag.py took 0.670 seconds
[2024-11-04T11:05:15.759+0000] {processor.py:186} INFO - Started process (PID=191) to work on /opt/airflow/dags/PararelismoDag.py
[2024-11-04T11:05:15.762+0000] {processor.py:914} INFO - Processing file /opt/airflow/dags/PararelismoDag.py for tasks to queue
[2024-11-04T11:05:15.765+0000] {logging_mixin.py:190} INFO - [2024-11-04T11:05:15.764+0000] {dagbag.py:587} INFO - Filling up the DagBag from /opt/airflow/dags/PararelismoDag.py
[2024-11-04T11:05:15.786+0000] {processor.py:925} INFO - DAG(s) 'Pararelismo' retrieved from /opt/airflow/dags/PararelismoDag.py
[2024-11-04T11:05:15.815+0000] {logging_mixin.py:190} INFO - [2024-11-04T11:05:15.815+0000] {dag.py:3229} INFO - Sync 1 DAGs
[2024-11-04T11:05:15.830+0000] {logging_mixin.py:190} INFO - [2024-11-04T11:05:15.830+0000] {dag.py:4156} INFO - Setting next_dagrun for Pararelismo to None, run_after=None
[2024-11-04T11:05:15.859+0000] {processor.py:208} INFO - Processing /opt/airflow/dags/PararelismoDag.py took 0.106 seconds
[2024-11-04T11:05:46.177+0000] {processor.py:186} INFO - Started process (PID=216) to work on /opt/airflow/dags/PararelismoDag.py
[2024-11-04T11:05:46.178+0000] {processor.py:914} INFO - Processing file /opt/airflow/dags/PararelismoDag.py for tasks to queue
[2024-11-04T11:05:46.181+0000] {logging_mixin.py:190} INFO - [2024-11-04T11:05:46.180+0000] {dagbag.py:587} INFO - Filling up the DagBag from /opt/airflow/dags/PararelismoDag.py
[2024-11-04T11:05:46.206+0000] {processor.py:925} INFO - DAG(s) 'Pararelismo' retrieved from /opt/airflow/dags/PararelismoDag.py
[2024-11-04T11:05:46.229+0000] {logging_mixin.py:190} INFO - [2024-11-04T11:05:46.229+0000] {dag.py:3229} INFO - Sync 1 DAGs
[2024-11-04T11:05:46.250+0000] {logging_mixin.py:190} INFO - [2024-11-04T11:05:46.249+0000] {dag.py:4156} INFO - Setting next_dagrun for Pararelismo to None, run_after=None
[2024-11-04T11:05:46.272+0000] {processor.py:208} INFO - Processing /opt/airflow/dags/PararelismoDag.py took 0.102 seconds
[2024-11-04T11:06:16.419+0000] {processor.py:186} INFO - Started process (PID=240) to work on /opt/airflow/dags/PararelismoDag.py
[2024-11-04T11:06:16.420+0000] {processor.py:914} INFO - Processing file /opt/airflow/dags/PararelismoDag.py for tasks to queue
[2024-11-04T11:06:16.423+0000] {logging_mixin.py:190} INFO - [2024-11-04T11:06:16.423+0000] {dagbag.py:587} INFO - Filling up the DagBag from /opt/airflow/dags/PararelismoDag.py
[2024-11-04T11:06:16.444+0000] {processor.py:925} INFO - DAG(s) 'Pararelismo' retrieved from /opt/airflow/dags/PararelismoDag.py
[2024-11-04T11:06:16.470+0000] {logging_mixin.py:190} INFO - [2024-11-04T11:06:16.470+0000] {dag.py:3229} INFO - Sync 1 DAGs
[2024-11-04T11:06:16.486+0000] {logging_mixin.py:190} INFO - [2024-11-04T11:06:16.486+0000] {dag.py:4156} INFO - Setting next_dagrun for Pararelismo to None, run_after=None
[2024-11-04T11:06:16.511+0000] {processor.py:208} INFO - Processing /opt/airflow/dags/PararelismoDag.py took 0.098 seconds
[2024-11-04T11:06:46.841+0000] {processor.py:186} INFO - Started process (PID=265) to work on /opt/airflow/dags/PararelismoDag.py
[2024-11-04T11:06:46.842+0000] {processor.py:914} INFO - Processing file /opt/airflow/dags/PararelismoDag.py for tasks to queue
[2024-11-04T11:06:46.844+0000] {logging_mixin.py:190} INFO - [2024-11-04T11:06:46.844+0000] {dagbag.py:587} INFO - Filling up the DagBag from /opt/airflow/dags/PararelismoDag.py
[2024-11-04T11:06:46.866+0000] {processor.py:925} INFO - DAG(s) 'Pararelismo' retrieved from /opt/airflow/dags/PararelismoDag.py
[2024-11-04T11:06:46.889+0000] {logging_mixin.py:190} INFO - [2024-11-04T11:06:46.888+0000] {dag.py:3229} INFO - Sync 1 DAGs
[2024-11-04T11:06:46.905+0000] {logging_mixin.py:190} INFO - [2024-11-04T11:06:46.905+0000] {dag.py:4156} INFO - Setting next_dagrun for Pararelismo to None, run_after=None
[2024-11-04T11:06:46.926+0000] {processor.py:208} INFO - Processing /opt/airflow/dags/PararelismoDag.py took 0.092 seconds
[2024-11-04T11:07:17.258+0000] {processor.py:186} INFO - Started process (PID=290) to work on /opt/airflow/dags/PararelismoDag.py
[2024-11-04T11:07:17.259+0000] {processor.py:914} INFO - Processing file /opt/airflow/dags/PararelismoDag.py for tasks to queue
[2024-11-04T11:07:17.262+0000] {logging_mixin.py:190} INFO - [2024-11-04T11:07:17.262+0000] {dagbag.py:587} INFO - Filling up the DagBag from /opt/airflow/dags/PararelismoDag.py
[2024-11-04T11:07:17.333+0000] {processor.py:925} INFO - DAG(s) 'Pararelismo' retrieved from /opt/airflow/dags/PararelismoDag.py
[2024-11-04T11:07:17.502+0000] {logging_mixin.py:190} INFO - [2024-11-04T11:07:17.501+0000] {dag.py:3229} INFO - Sync 1 DAGs
[2024-11-04T11:07:17.756+0000] {logging_mixin.py:190} INFO - [2024-11-04T11:07:17.756+0000] {dag.py:4156} INFO - Setting next_dagrun for Pararelismo to None, run_after=None
[2024-11-04T11:07:18.034+0000] {processor.py:208} INFO - Processing /opt/airflow/dags/PararelismoDag.py took 0.808 seconds
[2024-11-04T11:07:48.653+0000] {processor.py:186} INFO - Started process (PID=315) to work on /opt/airflow/dags/PararelismoDag.py
[2024-11-04T11:07:48.653+0000] {processor.py:914} INFO - Processing file /opt/airflow/dags/PararelismoDag.py for tasks to queue
[2024-11-04T11:07:48.656+0000] {logging_mixin.py:190} INFO - [2024-11-04T11:07:48.656+0000] {dagbag.py:587} INFO - Filling up the DagBag from /opt/airflow/dags/PararelismoDag.py
[2024-11-04T11:07:48.697+0000] {processor.py:925} INFO - DAG(s) 'Pararelismo' retrieved from /opt/airflow/dags/PararelismoDag.py
[2024-11-04T11:07:48.737+0000] {logging_mixin.py:190} INFO - [2024-11-04T11:07:48.736+0000] {dag.py:3229} INFO - Sync 1 DAGs
[2024-11-04T11:07:48.757+0000] {logging_mixin.py:190} INFO - [2024-11-04T11:07:48.757+0000] {dag.py:4156} INFO - Setting next_dagrun for Pararelismo to None, run_after=None
[2024-11-04T11:07:48.779+0000] {processor.py:208} INFO - Processing /opt/airflow/dags/PararelismoDag.py took 0.140 seconds
[2024-11-04T11:08:18.923+0000] {processor.py:186} INFO - Started process (PID=340) to work on /opt/airflow/dags/PararelismoDag.py
[2024-11-04T11:08:18.924+0000] {processor.py:914} INFO - Processing file /opt/airflow/dags/PararelismoDag.py for tasks to queue
[2024-11-04T11:08:18.929+0000] {logging_mixin.py:190} INFO - [2024-11-04T11:08:18.928+0000] {dagbag.py:587} INFO - Filling up the DagBag from /opt/airflow/dags/PararelismoDag.py
[2024-11-04T11:08:18.953+0000] {processor.py:925} INFO - DAG(s) 'Pararelismo' retrieved from /opt/airflow/dags/PararelismoDag.py
[2024-11-04T11:08:18.987+0000] {logging_mixin.py:190} INFO - [2024-11-04T11:08:18.986+0000] {dag.py:3229} INFO - Sync 1 DAGs
[2024-11-04T11:08:19.006+0000] {logging_mixin.py:190} INFO - [2024-11-04T11:08:19.006+0000] {dag.py:4156} INFO - Setting next_dagrun for Pararelismo to None, run_after=None
[2024-11-04T11:08:19.028+0000] {processor.py:208} INFO - Processing /opt/airflow/dags/PararelismoDag.py took 0.111 seconds
[2024-11-04T11:08:49.455+0000] {processor.py:186} INFO - Started process (PID=365) to work on /opt/airflow/dags/PararelismoDag.py
[2024-11-04T11:08:49.456+0000] {processor.py:914} INFO - Processing file /opt/airflow/dags/PararelismoDag.py for tasks to queue
[2024-11-04T11:08:49.461+0000] {logging_mixin.py:190} INFO - [2024-11-04T11:08:49.461+0000] {dagbag.py:587} INFO - Filling up the DagBag from /opt/airflow/dags/PararelismoDag.py
[2024-11-04T11:08:49.503+0000] {processor.py:925} INFO - DAG(s) 'Pararelismo' retrieved from /opt/airflow/dags/PararelismoDag.py
[2024-11-04T11:08:49.536+0000] {logging_mixin.py:190} INFO - [2024-11-04T11:08:49.531+0000] {dag.py:3229} INFO - Sync 1 DAGs
[2024-11-04T11:08:49.555+0000] {logging_mixin.py:190} INFO - [2024-11-04T11:08:49.555+0000] {dag.py:4156} INFO - Setting next_dagrun for Pararelismo to None, run_after=None
[2024-11-04T11:08:49.580+0000] {processor.py:208} INFO - Processing /opt/airflow/dags/PararelismoDag.py took 0.133 seconds
[2024-11-04T11:09:20.136+0000] {processor.py:186} INFO - Started process (PID=390) to work on /opt/airflow/dags/PararelismoDag.py
[2024-11-04T11:09:20.137+0000] {processor.py:914} INFO - Processing file /opt/airflow/dags/PararelismoDag.py for tasks to queue
[2024-11-04T11:09:20.140+0000] {logging_mixin.py:190} INFO - [2024-11-04T11:09:20.140+0000] {dagbag.py:587} INFO - Filling up the DagBag from /opt/airflow/dags/PararelismoDag.py
[2024-11-04T11:09:20.170+0000] {processor.py:925} INFO - DAG(s) 'Pararelismo' retrieved from /opt/airflow/dags/PararelismoDag.py
[2024-11-04T11:09:20.195+0000] {logging_mixin.py:190} INFO - [2024-11-04T11:09:20.194+0000] {dag.py:3229} INFO - Sync 1 DAGs
[2024-11-04T11:09:20.212+0000] {logging_mixin.py:190} INFO - [2024-11-04T11:09:20.211+0000] {dag.py:4156} INFO - Setting next_dagrun for Pararelismo to None, run_after=None
[2024-11-04T11:09:20.233+0000] {processor.py:208} INFO - Processing /opt/airflow/dags/PararelismoDag.py took 0.104 seconds
[2024-11-04T11:09:50.531+0000] {processor.py:186} INFO - Started process (PID=415) to work on /opt/airflow/dags/PararelismoDag.py
[2024-11-04T11:09:50.532+0000] {processor.py:914} INFO - Processing file /opt/airflow/dags/PararelismoDag.py for tasks to queue
[2024-11-04T11:09:50.536+0000] {logging_mixin.py:190} INFO - [2024-11-04T11:09:50.536+0000] {dagbag.py:587} INFO - Filling up the DagBag from /opt/airflow/dags/PararelismoDag.py
[2024-11-04T11:09:50.563+0000] {processor.py:925} INFO - DAG(s) 'Pararelismo' retrieved from /opt/airflow/dags/PararelismoDag.py
[2024-11-04T11:09:50.598+0000] {logging_mixin.py:190} INFO - [2024-11-04T11:09:50.598+0000] {dag.py:3229} INFO - Sync 1 DAGs
[2024-11-04T11:09:50.626+0000] {logging_mixin.py:190} INFO - [2024-11-04T11:09:50.626+0000] {dag.py:4156} INFO - Setting next_dagrun for Pararelismo to None, run_after=None
[2024-11-04T11:09:50.657+0000] {processor.py:208} INFO - Processing /opt/airflow/dags/PararelismoDag.py took 0.134 seconds
[2024-11-04T11:10:21.226+0000] {processor.py:186} INFO - Started process (PID=440) to work on /opt/airflow/dags/PararelismoDag.py
[2024-11-04T11:10:21.227+0000] {processor.py:914} INFO - Processing file /opt/airflow/dags/PararelismoDag.py for tasks to queue
[2024-11-04T11:10:21.229+0000] {logging_mixin.py:190} INFO - [2024-11-04T11:10:21.229+0000] {dagbag.py:587} INFO - Filling up the DagBag from /opt/airflow/dags/PararelismoDag.py
[2024-11-04T11:10:21.252+0000] {processor.py:925} INFO - DAG(s) 'Pararelismo' retrieved from /opt/airflow/dags/PararelismoDag.py
[2024-11-04T11:10:21.275+0000] {logging_mixin.py:190} INFO - [2024-11-04T11:10:21.275+0000] {dag.py:3229} INFO - Sync 1 DAGs
[2024-11-04T11:10:21.290+0000] {logging_mixin.py:190} INFO - [2024-11-04T11:10:21.289+0000] {dag.py:4156} INFO - Setting next_dagrun for Pararelismo to None, run_after=None
[2024-11-04T11:10:21.313+0000] {processor.py:208} INFO - Processing /opt/airflow/dags/PararelismoDag.py took 0.094 seconds
[2024-11-04T11:10:51.743+0000] {processor.py:186} INFO - Started process (PID=465) to work on /opt/airflow/dags/PararelismoDag.py
[2024-11-04T11:10:51.745+0000] {processor.py:914} INFO - Processing file /opt/airflow/dags/PararelismoDag.py for tasks to queue
[2024-11-04T11:10:51.749+0000] {logging_mixin.py:190} INFO - [2024-11-04T11:10:51.749+0000] {dagbag.py:587} INFO - Filling up the DagBag from /opt/airflow/dags/PararelismoDag.py
[2024-11-04T11:10:51.773+0000] {processor.py:925} INFO - DAG(s) 'Pararelismo' retrieved from /opt/airflow/dags/PararelismoDag.py
[2024-11-04T11:10:51.802+0000] {logging_mixin.py:190} INFO - [2024-11-04T11:10:51.802+0000] {dag.py:3229} INFO - Sync 1 DAGs
[2024-11-04T11:10:51.825+0000] {logging_mixin.py:190} INFO - [2024-11-04T11:10:51.825+0000] {dag.py:4156} INFO - Setting next_dagrun for Pararelismo to None, run_after=None
[2024-11-04T11:10:51.862+0000] {processor.py:208} INFO - Processing /opt/airflow/dags/PararelismoDag.py took 0.128 seconds
[2024-11-04T11:11:22.140+0000] {processor.py:186} INFO - Started process (PID=490) to work on /opt/airflow/dags/PararelismoDag.py
[2024-11-04T11:11:22.142+0000] {processor.py:914} INFO - Processing file /opt/airflow/dags/PararelismoDag.py for tasks to queue
[2024-11-04T11:11:22.144+0000] {logging_mixin.py:190} INFO - [2024-11-04T11:11:22.144+0000] {dagbag.py:587} INFO - Filling up the DagBag from /opt/airflow/dags/PararelismoDag.py
[2024-11-04T11:11:22.169+0000] {processor.py:925} INFO - DAG(s) 'Pararelismo' retrieved from /opt/airflow/dags/PararelismoDag.py
[2024-11-04T11:11:22.193+0000] {logging_mixin.py:190} INFO - [2024-11-04T11:11:22.192+0000] {dag.py:3229} INFO - Sync 1 DAGs
[2024-11-04T11:11:22.208+0000] {logging_mixin.py:190} INFO - [2024-11-04T11:11:22.208+0000] {dag.py:4156} INFO - Setting next_dagrun for Pararelismo to None, run_after=None
[2024-11-04T11:11:22.230+0000] {processor.py:208} INFO - Processing /opt/airflow/dags/PararelismoDag.py took 0.099 seconds
[2024-11-04T11:11:52.832+0000] {processor.py:186} INFO - Started process (PID=515) to work on /opt/airflow/dags/PararelismoDag.py
[2024-11-04T11:11:52.836+0000] {processor.py:914} INFO - Processing file /opt/airflow/dags/PararelismoDag.py for tasks to queue
[2024-11-04T11:11:52.838+0000] {logging_mixin.py:190} INFO - [2024-11-04T11:11:52.838+0000] {dagbag.py:587} INFO - Filling up the DagBag from /opt/airflow/dags/PararelismoDag.py
[2024-11-04T11:11:52.863+0000] {processor.py:925} INFO - DAG(s) 'Pararelismo' retrieved from /opt/airflow/dags/PararelismoDag.py
[2024-11-04T11:11:52.889+0000] {logging_mixin.py:190} INFO - [2024-11-04T11:11:52.889+0000] {dag.py:3229} INFO - Sync 1 DAGs
[2024-11-04T11:11:52.907+0000] {logging_mixin.py:190} INFO - [2024-11-04T11:11:52.906+0000] {dag.py:4156} INFO - Setting next_dagrun for Pararelismo to None, run_after=None
[2024-11-04T11:11:53.413+0000] {processor.py:208} INFO - Processing /opt/airflow/dags/PararelismoDag.py took 0.587 seconds
[2024-11-04T11:12:24.110+0000] {processor.py:186} INFO - Started process (PID=544) to work on /opt/airflow/dags/PararelismoDag.py
[2024-11-04T11:12:24.111+0000] {processor.py:914} INFO - Processing file /opt/airflow/dags/PararelismoDag.py for tasks to queue
[2024-11-04T11:12:24.114+0000] {logging_mixin.py:190} INFO - [2024-11-04T11:12:24.113+0000] {dagbag.py:587} INFO - Filling up the DagBag from /opt/airflow/dags/PararelismoDag.py
[2024-11-04T11:12:24.140+0000] {processor.py:925} INFO - DAG(s) 'Pararelismo' retrieved from /opt/airflow/dags/PararelismoDag.py
[2024-11-04T11:12:24.168+0000] {logging_mixin.py:190} INFO - [2024-11-04T11:12:24.167+0000] {dag.py:3229} INFO - Sync 1 DAGs
[2024-11-04T11:12:24.184+0000] {logging_mixin.py:190} INFO - [2024-11-04T11:12:24.184+0000] {dag.py:4156} INFO - Setting next_dagrun for Pararelismo to None, run_after=None
[2024-11-04T11:12:24.214+0000] {processor.py:208} INFO - Processing /opt/airflow/dags/PararelismoDag.py took 0.114 seconds
[2024-11-04T11:12:54.944+0000] {processor.py:186} INFO - Started process (PID=570) to work on /opt/airflow/dags/PararelismoDag.py
[2024-11-04T11:12:54.945+0000] {processor.py:914} INFO - Processing file /opt/airflow/dags/PararelismoDag.py for tasks to queue
[2024-11-04T11:12:54.948+0000] {logging_mixin.py:190} INFO - [2024-11-04T11:12:54.947+0000] {dagbag.py:587} INFO - Filling up the DagBag from /opt/airflow/dags/PararelismoDag.py
[2024-11-04T11:12:54.971+0000] {processor.py:925} INFO - DAG(s) 'Pararelismo' retrieved from /opt/airflow/dags/PararelismoDag.py
[2024-11-04T11:12:54.993+0000] {logging_mixin.py:190} INFO - [2024-11-04T11:12:54.993+0000] {dag.py:3229} INFO - Sync 1 DAGs
[2024-11-04T11:12:55.009+0000] {logging_mixin.py:190} INFO - [2024-11-04T11:12:55.009+0000] {dag.py:4156} INFO - Setting next_dagrun for Pararelismo to None, run_after=None
[2024-11-04T11:12:55.031+0000] {processor.py:208} INFO - Processing /opt/airflow/dags/PararelismoDag.py took 0.093 seconds
[2024-11-04T11:13:25.673+0000] {processor.py:186} INFO - Started process (PID=595) to work on /opt/airflow/dags/PararelismoDag.py
[2024-11-04T11:13:25.674+0000] {processor.py:914} INFO - Processing file /opt/airflow/dags/PararelismoDag.py for tasks to queue
[2024-11-04T11:13:25.677+0000] {logging_mixin.py:190} INFO - [2024-11-04T11:13:25.677+0000] {dagbag.py:587} INFO - Filling up the DagBag from /opt/airflow/dags/PararelismoDag.py
[2024-11-04T11:13:25.696+0000] {processor.py:925} INFO - DAG(s) 'Pararelismo' retrieved from /opt/airflow/dags/PararelismoDag.py
[2024-11-04T11:13:25.720+0000] {logging_mixin.py:190} INFO - [2024-11-04T11:13:25.720+0000] {dag.py:3229} INFO - Sync 1 DAGs
[2024-11-04T11:13:25.735+0000] {logging_mixin.py:190} INFO - [2024-11-04T11:13:25.734+0000] {dag.py:4156} INFO - Setting next_dagrun for Pararelismo to None, run_after=None
[2024-11-04T11:13:25.756+0000] {processor.py:208} INFO - Processing /opt/airflow/dags/PararelismoDag.py took 0.089 seconds
[2024-11-04T11:13:55.885+0000] {processor.py:186} INFO - Started process (PID=621) to work on /opt/airflow/dags/PararelismoDag.py
[2024-11-04T11:13:55.886+0000] {processor.py:914} INFO - Processing file /opt/airflow/dags/PararelismoDag.py for tasks to queue
[2024-11-04T11:13:55.888+0000] {logging_mixin.py:190} INFO - [2024-11-04T11:13:55.888+0000] {dagbag.py:587} INFO - Filling up the DagBag from /opt/airflow/dags/PararelismoDag.py
[2024-11-04T11:13:55.910+0000] {processor.py:925} INFO - DAG(s) 'Pararelismo' retrieved from /opt/airflow/dags/PararelismoDag.py
[2024-11-04T11:13:55.935+0000] {logging_mixin.py:190} INFO - [2024-11-04T11:13:55.934+0000] {dag.py:3229} INFO - Sync 1 DAGs
[2024-11-04T11:13:55.961+0000] {logging_mixin.py:190} INFO - [2024-11-04T11:13:55.960+0000] {dag.py:4156} INFO - Setting next_dagrun for Pararelismo to None, run_after=None
[2024-11-04T11:13:56.022+0000] {processor.py:208} INFO - Processing /opt/airflow/dags/PararelismoDag.py took 0.143 seconds
[2024-11-04T11:14:26.744+0000] {processor.py:186} INFO - Started process (PID=645) to work on /opt/airflow/dags/PararelismoDag.py
[2024-11-04T11:14:26.745+0000] {processor.py:914} INFO - Processing file /opt/airflow/dags/PararelismoDag.py for tasks to queue
[2024-11-04T11:14:26.748+0000] {logging_mixin.py:190} INFO - [2024-11-04T11:14:26.747+0000] {dagbag.py:587} INFO - Filling up the DagBag from /opt/airflow/dags/PararelismoDag.py
[2024-11-04T11:14:26.769+0000] {processor.py:925} INFO - DAG(s) 'Pararelismo' retrieved from /opt/airflow/dags/PararelismoDag.py
[2024-11-04T11:14:26.793+0000] {logging_mixin.py:190} INFO - [2024-11-04T11:14:26.793+0000] {dag.py:3229} INFO - Sync 1 DAGs
[2024-11-04T11:14:26.810+0000] {logging_mixin.py:190} INFO - [2024-11-04T11:14:26.809+0000] {dag.py:4156} INFO - Setting next_dagrun for Pararelismo to None, run_after=None
[2024-11-04T11:14:26.832+0000] {processor.py:208} INFO - Processing /opt/airflow/dags/PararelismoDag.py took 0.095 seconds
[2024-11-04T11:14:57.625+0000] {processor.py:186} INFO - Started process (PID=670) to work on /opt/airflow/dags/PararelismoDag.py
[2024-11-04T11:14:57.625+0000] {processor.py:914} INFO - Processing file /opt/airflow/dags/PararelismoDag.py for tasks to queue
[2024-11-04T11:14:57.628+0000] {logging_mixin.py:190} INFO - [2024-11-04T11:14:57.628+0000] {dagbag.py:587} INFO - Filling up the DagBag from /opt/airflow/dags/PararelismoDag.py
[2024-11-04T11:14:57.648+0000] {processor.py:925} INFO - DAG(s) 'Pararelismo' retrieved from /opt/airflow/dags/PararelismoDag.py
[2024-11-04T11:14:57.671+0000] {logging_mixin.py:190} INFO - [2024-11-04T11:14:57.670+0000] {dag.py:3229} INFO - Sync 1 DAGs
[2024-11-04T11:14:57.686+0000] {logging_mixin.py:190} INFO - [2024-11-04T11:14:57.685+0000] {dag.py:4156} INFO - Setting next_dagrun for Pararelismo to None, run_after=None
[2024-11-04T11:14:57.707+0000] {processor.py:208} INFO - Processing /opt/airflow/dags/PararelismoDag.py took 0.088 seconds
[2024-11-04T11:15:28.674+0000] {processor.py:186} INFO - Started process (PID=695) to work on /opt/airflow/dags/PararelismoDag.py
[2024-11-04T11:15:28.675+0000] {processor.py:914} INFO - Processing file /opt/airflow/dags/PararelismoDag.py for tasks to queue
[2024-11-04T11:15:28.685+0000] {logging_mixin.py:190} INFO - [2024-11-04T11:15:28.685+0000] {dagbag.py:587} INFO - Filling up the DagBag from /opt/airflow/dags/PararelismoDag.py
[2024-11-04T11:15:28.722+0000] {processor.py:925} INFO - DAG(s) 'Pararelismo' retrieved from /opt/airflow/dags/PararelismoDag.py
[2024-11-04T11:15:28.765+0000] {logging_mixin.py:190} INFO - [2024-11-04T11:15:28.765+0000] {dag.py:3229} INFO - Sync 1 DAGs
[2024-11-04T11:15:28.802+0000] {logging_mixin.py:190} INFO - [2024-11-04T11:15:28.802+0000] {dag.py:4156} INFO - Setting next_dagrun for Pararelismo to None, run_after=None
[2024-11-04T11:15:28.839+0000] {processor.py:208} INFO - Processing /opt/airflow/dags/PararelismoDag.py took 0.173 seconds
[2024-11-04T11:15:58.899+0000] {processor.py:186} INFO - Started process (PID=722) to work on /opt/airflow/dags/PararelismoDag.py
[2024-11-04T11:15:58.900+0000] {processor.py:914} INFO - Processing file /opt/airflow/dags/PararelismoDag.py for tasks to queue
[2024-11-04T11:15:58.902+0000] {logging_mixin.py:190} INFO - [2024-11-04T11:15:58.902+0000] {dagbag.py:587} INFO - Filling up the DagBag from /opt/airflow/dags/PararelismoDag.py
[2024-11-04T11:15:58.924+0000] {processor.py:925} INFO - DAG(s) 'Pararelismo' retrieved from /opt/airflow/dags/PararelismoDag.py
[2024-11-04T11:15:58.945+0000] {logging_mixin.py:190} INFO - [2024-11-04T11:15:58.945+0000] {dag.py:3229} INFO - Sync 1 DAGs
[2024-11-04T11:15:58.958+0000] {logging_mixin.py:190} INFO - [2024-11-04T11:15:58.958+0000] {dag.py:4156} INFO - Setting next_dagrun for Pararelismo to None, run_after=None
[2024-11-04T11:15:58.978+0000] {processor.py:208} INFO - Processing /opt/airflow/dags/PararelismoDag.py took 0.085 seconds
[2024-11-04T11:16:29.860+0000] {processor.py:186} INFO - Started process (PID=746) to work on /opt/airflow/dags/PararelismoDag.py
[2024-11-04T11:16:29.861+0000] {processor.py:914} INFO - Processing file /opt/airflow/dags/PararelismoDag.py for tasks to queue
[2024-11-04T11:16:29.864+0000] {logging_mixin.py:190} INFO - [2024-11-04T11:16:29.864+0000] {dagbag.py:587} INFO - Filling up the DagBag from /opt/airflow/dags/PararelismoDag.py
[2024-11-04T11:16:29.888+0000] {processor.py:925} INFO - DAG(s) 'Pararelismo' retrieved from /opt/airflow/dags/PararelismoDag.py
[2024-11-04T11:16:29.913+0000] {logging_mixin.py:190} INFO - [2024-11-04T11:16:29.912+0000] {dag.py:3229} INFO - Sync 1 DAGs
[2024-11-04T11:16:29.928+0000] {logging_mixin.py:190} INFO - [2024-11-04T11:16:29.927+0000] {dag.py:4156} INFO - Setting next_dagrun for Pararelismo to None, run_after=None
[2024-11-04T11:16:29.949+0000] {processor.py:208} INFO - Processing /opt/airflow/dags/PararelismoDag.py took 0.096 seconds
[2024-11-04T11:17:00.816+0000] {processor.py:186} INFO - Started process (PID=771) to work on /opt/airflow/dags/PararelismoDag.py
[2024-11-04T11:17:00.817+0000] {processor.py:914} INFO - Processing file /opt/airflow/dags/PararelismoDag.py for tasks to queue
[2024-11-04T11:17:00.820+0000] {logging_mixin.py:190} INFO - [2024-11-04T11:17:00.819+0000] {dagbag.py:587} INFO - Filling up the DagBag from /opt/airflow/dags/PararelismoDag.py
[2024-11-04T11:17:00.876+0000] {processor.py:925} INFO - DAG(s) 'Pararelismo' retrieved from /opt/airflow/dags/PararelismoDag.py
[2024-11-04T11:17:00.911+0000] {logging_mixin.py:190} INFO - [2024-11-04T11:17:00.910+0000] {dag.py:3229} INFO - Sync 1 DAGs
[2024-11-04T11:17:00.941+0000] {logging_mixin.py:190} INFO - [2024-11-04T11:17:00.940+0000] {dag.py:4156} INFO - Setting next_dagrun for Pararelismo to None, run_after=None
[2024-11-04T11:17:00.979+0000] {processor.py:208} INFO - Processing /opt/airflow/dags/PararelismoDag.py took 0.177 seconds
[2024-11-04T11:17:31.106+0000] {processor.py:186} INFO - Started process (PID=797) to work on /opt/airflow/dags/PararelismoDag.py
[2024-11-04T11:17:31.108+0000] {processor.py:914} INFO - Processing file /opt/airflow/dags/PararelismoDag.py for tasks to queue
[2024-11-04T11:17:31.112+0000] {logging_mixin.py:190} INFO - [2024-11-04T11:17:31.111+0000] {dagbag.py:587} INFO - Filling up the DagBag from /opt/airflow/dags/PararelismoDag.py
[2024-11-04T11:17:31.144+0000] {processor.py:925} INFO - DAG(s) 'Pararelismo' retrieved from /opt/airflow/dags/PararelismoDag.py
[2024-11-04T11:17:31.169+0000] {logging_mixin.py:190} INFO - [2024-11-04T11:17:31.169+0000] {dag.py:3229} INFO - Sync 1 DAGs
[2024-11-04T11:17:31.186+0000] {logging_mixin.py:190} INFO - [2024-11-04T11:17:31.186+0000] {dag.py:4156} INFO - Setting next_dagrun for Pararelismo to None, run_after=None
[2024-11-04T11:17:31.211+0000] {processor.py:208} INFO - Processing /opt/airflow/dags/PararelismoDag.py took 0.112 seconds
