[2024-10-10T18:38:59.339+0000] {local_task_job_runner.py:123} INFO - ::group::Pre task execution logs
[2024-10-10T18:38:59.355+0000] {taskinstance.py:2612} INFO - Dependencies all met for dep_context=non-requeueable deps ti=<TaskInstance: LoadWebScraping.submit_job manual__2024-10-10T18:38:54.977781+00:00 [queued]>
[2024-10-10T18:38:59.363+0000] {taskinstance.py:2612} INFO - Dependencies all met for dep_context=requeueable deps ti=<TaskInstance: LoadWebScraping.submit_job manual__2024-10-10T18:38:54.977781+00:00 [queued]>
[2024-10-10T18:38:59.364+0000] {taskinstance.py:2865} INFO - Starting attempt 1 of 1
[2024-10-10T18:38:59.380+0000] {taskinstance.py:2888} INFO - Executing <Task(SparkSubmitOperator): submit_job> on 2024-10-10 18:38:54.977781+00:00
[2024-10-10T18:38:59.385+0000] {warnings.py:112} WARNING - /home/***/.local/lib/python3.12/site-packages/***/task/task_runner/standard_task_runner.py:70: DeprecationWarning: This process (pid=72) is multi-threaded, use of fork() may lead to deadlocks in the child.
  pid = os.fork()

[2024-10-10T18:38:59.387+0000] {standard_task_runner.py:72} INFO - Started process 74 to run task
[2024-10-10T18:38:59.387+0000] {standard_task_runner.py:104} INFO - Running: ['***', 'tasks', 'run', 'LoadWebScraping', 'submit_job', 'manual__2024-10-10T18:38:54.977781+00:00', '--job-id', '1596', '--raw', '--subdir', 'DAGS_FOLDER/LoadWebScraping.py', '--cfg-path', '/tmp/tmp2_ldt23i']
[2024-10-10T18:38:59.389+0000] {standard_task_runner.py:105} INFO - Job 1596: Subtask submit_job
[2024-10-10T18:38:59.434+0000] {task_command.py:467} INFO - Running <TaskInstance: LoadWebScraping.submit_job manual__2024-10-10T18:38:54.977781+00:00 [running]> on host 6f21323f9f5f
[2024-10-10T18:38:59.692+0000] {taskinstance.py:3131} INFO - Exporting env vars: AIRFLOW_CTX_DAG_OWNER='***' AIRFLOW_CTX_DAG_ID='LoadWebScraping' AIRFLOW_CTX_TASK_ID='submit_job' AIRFLOW_CTX_EXECUTION_DATE='2024-10-10T18:38:54.977781+00:00' AIRFLOW_CTX_TRY_NUMBER='1' AIRFLOW_CTX_DAG_RUN_ID='manual__2024-10-10T18:38:54.977781+00:00'
[2024-10-10T18:38:59.693+0000] {taskinstance.py:731} INFO - ::endgroup::
[2024-10-10T18:38:59.711+0000] {base.py:84} INFO - Retrieving connection 'spark_default'
[2024-10-10T18:38:59.713+0000] {spark_submit.py:403} INFO - Spark-Submit cmd: spark-submit --master spark://spark:7077 --jars /opt/bitnami/spark/jars/postgresql-42.5.0.jar --name arrow-spark --deploy-mode client /opt/bitnami/spark/src/scripts_spark/LoadFileToDB.py
[2024-10-10T18:39:01.305+0000] {spark_submit.py:579} INFO - 24/10/10 18:39:01 WARN NativeCodeLoader: Unable to load native-hadoop library for your platform... using builtin-java classes where applicable
[2024-10-10T18:39:01.440+0000] {spark_submit.py:579} INFO - 24/10/10 18:39:01 WARN DependencyUtils: Local jar /opt/bitnami/spark/jars/postgresql-42.5.0.jar does not exist, skipping.
[2024-10-10T18:39:02.598+0000] {spark_submit.py:579} INFO - 24/10/10 18:39:02 INFO SparkContext: Running Spark version 3.5.2
[2024-10-10T18:39:02.598+0000] {spark_submit.py:579} INFO - 24/10/10 18:39:02 INFO SparkContext: OS info Linux, 5.15.153.1-microsoft-standard-WSL2, amd64
[2024-10-10T18:39:02.599+0000] {spark_submit.py:579} INFO - 24/10/10 18:39:02 INFO SparkContext: Java version 17.0.12
[2024-10-10T18:39:02.625+0000] {spark_submit.py:579} INFO - 24/10/10 18:39:02 INFO ResourceUtils: ==============================================================
[2024-10-10T18:39:02.625+0000] {spark_submit.py:579} INFO - 24/10/10 18:39:02 INFO ResourceUtils: No custom resources configured for spark.driver.
[2024-10-10T18:39:02.626+0000] {spark_submit.py:579} INFO - 24/10/10 18:39:02 INFO ResourceUtils: ==============================================================
[2024-10-10T18:39:02.627+0000] {spark_submit.py:579} INFO - 24/10/10 18:39:02 INFO SparkContext: Submitted application: Load Parquet
[2024-10-10T18:39:02.645+0000] {spark_submit.py:579} INFO - 24/10/10 18:39:02 INFO ResourceProfile: Default ResourceProfile created, executor resources: Map(memory -> name: memory, amount: 1024, script: , vendor: , offHeap -> name: offHeap, amount: 0, script: , vendor: ), task resources: Map(cpus -> name: cpus, amount: 1.0)
[2024-10-10T18:39:02.652+0000] {spark_submit.py:579} INFO - 24/10/10 18:39:02 INFO ResourceProfile: Limiting resource is cpu
[2024-10-10T18:39:02.653+0000] {spark_submit.py:579} INFO - 24/10/10 18:39:02 INFO ResourceProfileManager: Added ResourceProfile id: 0
[2024-10-10T18:39:02.694+0000] {spark_submit.py:579} INFO - 24/10/10 18:39:02 INFO SecurityManager: Changing view acls to: ***
[2024-10-10T18:39:02.695+0000] {spark_submit.py:579} INFO - 24/10/10 18:39:02 INFO SecurityManager: Changing modify acls to: ***
[2024-10-10T18:39:02.696+0000] {spark_submit.py:579} INFO - 24/10/10 18:39:02 INFO SecurityManager: Changing view acls groups to:
[2024-10-10T18:39:02.696+0000] {spark_submit.py:579} INFO - 24/10/10 18:39:02 INFO SecurityManager: Changing modify acls groups to:
[2024-10-10T18:39:02.697+0000] {spark_submit.py:579} INFO - 24/10/10 18:39:02 INFO SecurityManager: SecurityManager: authentication disabled; ui acls disabled; users with view permissions: ***; groups with view permissions: EMPTY; users with modify permissions: ***; groups with modify permissions: EMPTY
[2024-10-10T18:39:02.870+0000] {spark_submit.py:579} INFO - 24/10/10 18:39:02 INFO Utils: Successfully started service 'sparkDriver' on port 42371.
[2024-10-10T18:39:02.895+0000] {spark_submit.py:579} INFO - 24/10/10 18:39:02 INFO SparkEnv: Registering MapOutputTracker
[2024-10-10T18:39:02.924+0000] {spark_submit.py:579} INFO - 24/10/10 18:39:02 INFO SparkEnv: Registering BlockManagerMaster
[2024-10-10T18:39:02.938+0000] {spark_submit.py:579} INFO - 24/10/10 18:39:02 INFO BlockManagerMasterEndpoint: Using org.apache.spark.storage.DefaultTopologyMapper for getting topology information
[2024-10-10T18:39:02.938+0000] {spark_submit.py:579} INFO - 24/10/10 18:39:02 INFO BlockManagerMasterEndpoint: BlockManagerMasterEndpoint up
[2024-10-10T18:39:02.942+0000] {spark_submit.py:579} INFO - 24/10/10 18:39:02 INFO SparkEnv: Registering BlockManagerMasterHeartbeat
[2024-10-10T18:39:02.960+0000] {spark_submit.py:579} INFO - 24/10/10 18:39:02 INFO DiskBlockManager: Created local directory at /tmp/blockmgr-27aa60e6-1a2d-41de-96b9-0ae895b677f3
[2024-10-10T18:39:02.972+0000] {spark_submit.py:579} INFO - 24/10/10 18:39:02 INFO MemoryStore: MemoryStore started with capacity 434.4 MiB
[2024-10-10T18:39:02.990+0000] {spark_submit.py:579} INFO - 24/10/10 18:39:02 INFO SparkEnv: Registering OutputCommitCoordinator
[2024-10-10T18:39:03.101+0000] {spark_submit.py:579} INFO - 24/10/10 18:39:03 INFO JettyUtils: Start Jetty 0.0.0.0:4040 for SparkUI
[2024-10-10T18:39:03.160+0000] {spark_submit.py:579} INFO - 24/10/10 18:39:03 INFO Utils: Successfully started service 'SparkUI' on port 4040.
[2024-10-10T18:39:03.191+0000] {spark_submit.py:579} INFO - 24/10/10 18:39:03 ERROR SparkContext: Failed to add /opt/bitnami/spark/jars/postgresql-42.5.0.jar to Spark environment
[2024-10-10T18:39:03.191+0000] {spark_submit.py:579} INFO - java.io.FileNotFoundException: Jar /opt/bitnami/spark/jars/postgresql-42.5.0.jar not found
[2024-10-10T18:39:03.192+0000] {spark_submit.py:579} INFO - at org.apache.spark.SparkContext.addLocalJarFile$1(SparkContext.scala:2095)
[2024-10-10T18:39:03.192+0000] {spark_submit.py:579} INFO - at org.apache.spark.SparkContext.addJar(SparkContext.scala:2151)
[2024-10-10T18:39:03.193+0000] {spark_submit.py:579} INFO - at org.apache.spark.SparkContext.$anonfun$new$15(SparkContext.scala:521)
[2024-10-10T18:39:03.193+0000] {spark_submit.py:579} INFO - at org.apache.spark.SparkContext.$anonfun$new$15$adapted(SparkContext.scala:521)
[2024-10-10T18:39:03.194+0000] {spark_submit.py:579} INFO - at scala.collection.mutable.ResizableArray.foreach(ResizableArray.scala:62)
[2024-10-10T18:39:03.194+0000] {spark_submit.py:579} INFO - at scala.collection.mutable.ResizableArray.foreach$(ResizableArray.scala:55)
[2024-10-10T18:39:03.195+0000] {spark_submit.py:579} INFO - at scala.collection.mutable.ArrayBuffer.foreach(ArrayBuffer.scala:49)
[2024-10-10T18:39:03.195+0000] {spark_submit.py:579} INFO - at org.apache.spark.SparkContext.<init>(SparkContext.scala:521)
[2024-10-10T18:39:03.195+0000] {spark_submit.py:579} INFO - at org.apache.spark.api.java.JavaSparkContext.<init>(JavaSparkContext.scala:58)
[2024-10-10T18:39:03.196+0000] {spark_submit.py:579} INFO - at java.base/jdk.internal.reflect.NativeConstructorAccessorImpl.newInstance0(Native Method)
[2024-10-10T18:39:03.196+0000] {spark_submit.py:579} INFO - at java.base/jdk.internal.reflect.NativeConstructorAccessorImpl.newInstance(NativeConstructorAccessorImpl.java:77)
[2024-10-10T18:39:03.197+0000] {spark_submit.py:579} INFO - at java.base/jdk.internal.reflect.DelegatingConstructorAccessorImpl.newInstance(DelegatingConstructorAccessorImpl.java:45)
[2024-10-10T18:39:03.197+0000] {spark_submit.py:579} INFO - at java.base/java.lang.reflect.Constructor.newInstanceWithCaller(Constructor.java:500)
[2024-10-10T18:39:03.198+0000] {spark_submit.py:579} INFO - at java.base/java.lang.reflect.Constructor.newInstance(Constructor.java:481)
[2024-10-10T18:39:03.198+0000] {spark_submit.py:579} INFO - at py4j.reflection.MethodInvoker.invoke(MethodInvoker.java:247)
[2024-10-10T18:39:03.198+0000] {spark_submit.py:579} INFO - at py4j.reflection.ReflectionEngine.invoke(ReflectionEngine.java:374)
[2024-10-10T18:39:03.199+0000] {spark_submit.py:579} INFO - at py4j.Gateway.invoke(Gateway.java:238)
[2024-10-10T18:39:03.199+0000] {spark_submit.py:579} INFO - at py4j.commands.ConstructorCommand.invokeConstructor(ConstructorCommand.java:80)
[2024-10-10T18:39:03.200+0000] {spark_submit.py:579} INFO - at py4j.commands.ConstructorCommand.execute(ConstructorCommand.java:69)
[2024-10-10T18:39:03.200+0000] {spark_submit.py:579} INFO - at py4j.ClientServerConnection.waitForCommands(ClientServerConnection.java:182)
[2024-10-10T18:39:03.200+0000] {spark_submit.py:579} INFO - at py4j.ClientServerConnection.run(ClientServerConnection.java:106)
[2024-10-10T18:39:03.201+0000] {spark_submit.py:579} INFO - at java.base/java.lang.Thread.run(Thread.java:840)
[2024-10-10T18:39:03.254+0000] {spark_submit.py:579} INFO - 24/10/10 18:39:03 INFO StandaloneAppClient$ClientEndpoint: Connecting to master spark://spark:7077...
[2024-10-10T18:39:03.295+0000] {spark_submit.py:579} INFO - 24/10/10 18:39:03 INFO TransportClientFactory: Successfully created connection to spark/172.18.0.2:7077 after 25 ms (0 ms spent in bootstraps)
[2024-10-10T18:39:03.417+0000] {spark_submit.py:579} INFO - 24/10/10 18:39:03 INFO StandaloneSchedulerBackend: Connected to Spark cluster with app ID app-20241010183903-0000
[2024-10-10T18:39:03.426+0000] {spark_submit.py:579} INFO - 24/10/10 18:39:03 INFO Utils: Successfully started service 'org.apache.spark.network.netty.NettyBlockTransferService' on port 43467.
[2024-10-10T18:39:03.427+0000] {spark_submit.py:579} INFO - 24/10/10 18:39:03 INFO NettyBlockTransferService: Server created on 6f21323f9f5f:43467
[2024-10-10T18:39:03.429+0000] {spark_submit.py:579} INFO - 24/10/10 18:39:03 INFO BlockManager: Using org.apache.spark.storage.RandomBlockReplicationPolicy for block replication policy
[2024-10-10T18:39:03.435+0000] {spark_submit.py:579} INFO - 24/10/10 18:39:03 INFO BlockManagerMaster: Registering BlockManager BlockManagerId(driver, 6f21323f9f5f, 43467, None)
[2024-10-10T18:39:03.441+0000] {spark_submit.py:579} INFO - 24/10/10 18:39:03 INFO BlockManagerMasterEndpoint: Registering block manager 6f21323f9f5f:43467 with 434.4 MiB RAM, BlockManagerId(driver, 6f21323f9f5f, 43467, None)
[2024-10-10T18:39:03.441+0000] {spark_submit.py:579} INFO - 24/10/10 18:39:03 INFO BlockManagerMaster: Registered BlockManager BlockManagerId(driver, 6f21323f9f5f, 43467, None)
[2024-10-10T18:39:03.443+0000] {spark_submit.py:579} INFO - 24/10/10 18:39:03 INFO BlockManager: Initialized BlockManager: BlockManagerId(driver, 6f21323f9f5f, 43467, None)
[2024-10-10T18:39:03.443+0000] {spark_submit.py:579} INFO - 24/10/10 18:39:03 INFO StandaloneAppClient$ClientEndpoint: Executor added: app-20241010183903-0000/0 on worker-20241010183721-172.18.0.6-46595 (172.18.0.6:46595) with 6 core(s)
[2024-10-10T18:39:03.445+0000] {spark_submit.py:579} INFO - 24/10/10 18:39:03 INFO StandaloneSchedulerBackend: Granted executor ID app-20241010183903-0000/0 on hostPort 172.18.0.6:46595 with 6 core(s), 1024.0 MiB RAM
[2024-10-10T18:39:03.602+0000] {spark_submit.py:579} INFO - 24/10/10 18:39:03 INFO StandaloneAppClient$ClientEndpoint: Executor updated: app-20241010183903-0000/0 is now RUNNING
[2024-10-10T18:39:03.648+0000] {spark_submit.py:579} INFO - 24/10/10 18:39:03 INFO StandaloneSchedulerBackend: SchedulerBackend is ready for scheduling beginning after reached minRegisteredResourcesRatio: 0.0
[2024-10-10T18:39:03.827+0000] {spark_submit.py:579} INFO - TESTE
[2024-10-10T18:39:03.833+0000] {spark_submit.py:579} INFO - 24/10/10 18:39:03 INFO SharedState: Setting hive.metastore.warehouse.dir ('null') to the value of spark.sql.warehouse.dir.
[2024-10-10T18:39:03.835+0000] {spark_submit.py:579} INFO - 24/10/10 18:39:03 INFO SharedState: Warehouse path is 'file:/opt/***/spark-warehouse'.
[2024-10-10T18:39:04.633+0000] {spark_submit.py:579} INFO - 24/10/10 18:39:04 INFO InMemoryFileIndex: It took 79 ms to list leaf files for 1 paths.
[2024-10-10T18:39:05.019+0000] {spark_submit.py:579} INFO - 24/10/10 18:39:05 INFO SparkContext: Starting job: parquet at NativeMethodAccessorImpl.java:0
[2024-10-10T18:39:05.033+0000] {spark_submit.py:579} INFO - 24/10/10 18:39:05 INFO DAGScheduler: Got job 0 (parquet at NativeMethodAccessorImpl.java:0) with 1 output partitions
[2024-10-10T18:39:05.034+0000] {spark_submit.py:579} INFO - 24/10/10 18:39:05 INFO DAGScheduler: Final stage: ResultStage 0 (parquet at NativeMethodAccessorImpl.java:0)
[2024-10-10T18:39:05.034+0000] {spark_submit.py:579} INFO - 24/10/10 18:39:05 INFO DAGScheduler: Parents of final stage: List()
[2024-10-10T18:39:05.036+0000] {spark_submit.py:579} INFO - 24/10/10 18:39:05 INFO DAGScheduler: Missing parents: List()
[2024-10-10T18:39:05.046+0000] {spark_submit.py:579} INFO - 24/10/10 18:39:05 INFO DAGScheduler: Submitting ResultStage 0 (MapPartitionsRDD[1] at parquet at NativeMethodAccessorImpl.java:0), which has no missing parents
[2024-10-10T18:39:05.142+0000] {spark_submit.py:579} INFO - 24/10/10 18:39:05 INFO MemoryStore: Block broadcast_0 stored as values in memory (estimated size 103.4 KiB, free 434.3 MiB)
[2024-10-10T18:39:05.170+0000] {spark_submit.py:579} INFO - 24/10/10 18:39:05 INFO MemoryStore: Block broadcast_0_piece0 stored as bytes in memory (estimated size 37.3 KiB, free 434.3 MiB)
[2024-10-10T18:39:05.173+0000] {spark_submit.py:579} INFO - 24/10/10 18:39:05 INFO BlockManagerInfo: Added broadcast_0_piece0 in memory on 6f21323f9f5f:43467 (size: 37.3 KiB, free: 434.4 MiB)
[2024-10-10T18:39:05.179+0000] {spark_submit.py:579} INFO - 24/10/10 18:39:05 INFO SparkContext: Created broadcast 0 from broadcast at DAGScheduler.scala:1585
[2024-10-10T18:39:05.213+0000] {spark_submit.py:579} INFO - 24/10/10 18:39:05 INFO DAGScheduler: Submitting 1 missing tasks from ResultStage 0 (MapPartitionsRDD[1] at parquet at NativeMethodAccessorImpl.java:0) (first 15 tasks are for partitions Vector(0))
[2024-10-10T18:39:05.215+0000] {spark_submit.py:579} INFO - 24/10/10 18:39:05 INFO TaskSchedulerImpl: Adding task set 0.0 with 1 tasks resource profile 0
[2024-10-10T18:39:05.792+0000] {spark_submit.py:579} INFO - 24/10/10 18:39:05 INFO StandaloneSchedulerBackend$StandaloneDriverEndpoint: Registered executor NettyRpcEndpointRef(spark-client://Executor) (172.18.0.6:36914) with ID 0,  ResourceProfileId 0
[2024-10-10T18:39:05.854+0000] {spark_submit.py:579} INFO - 24/10/10 18:39:05 INFO BlockManagerMasterEndpoint: Registering block manager 172.18.0.6:46667 with 434.4 MiB RAM, BlockManagerId(0, 172.18.0.6, 46667, None)
[2024-10-10T18:39:05.903+0000] {spark_submit.py:579} INFO - 24/10/10 18:39:05 INFO TaskSetManager: Starting task 0.0 in stage 0.0 (TID 0) (172.18.0.6, executor 0, partition 0, PROCESS_LOCAL, 9238 bytes)
[2024-10-10T18:39:06.100+0000] {spark_submit.py:579} INFO - 24/10/10 18:39:06 INFO BlockManagerInfo: Added broadcast_0_piece0 in memory on 172.18.0.6:46667 (size: 37.3 KiB, free: 434.4 MiB)
[2024-10-10T18:39:06.632+0000] {spark_submit.py:579} INFO - 24/10/10 18:39:06 INFO TaskSetManager: Finished task 0.0 in stage 0.0 (TID 0) in 739 ms on 172.18.0.6 (executor 0) (1/1)
[2024-10-10T18:39:06.634+0000] {spark_submit.py:579} INFO - 24/10/10 18:39:06 INFO TaskSchedulerImpl: Removed TaskSet 0.0, whose tasks have all completed, from pool
[2024-10-10T18:39:06.638+0000] {spark_submit.py:579} INFO - 24/10/10 18:39:06 INFO DAGScheduler: ResultStage 0 (parquet at NativeMethodAccessorImpl.java:0) finished in 1.560 s
[2024-10-10T18:39:06.640+0000] {spark_submit.py:579} INFO - 24/10/10 18:39:06 INFO DAGScheduler: Job 0 is finished. Cancelling potential speculative or zombie tasks for this job
[2024-10-10T18:39:06.640+0000] {spark_submit.py:579} INFO - 24/10/10 18:39:06 INFO TaskSchedulerImpl: Killing all running tasks in stage 0: Stage finished
[2024-10-10T18:39:06.642+0000] {spark_submit.py:579} INFO - 24/10/10 18:39:06 INFO DAGScheduler: Job 0 finished: parquet at NativeMethodAccessorImpl.java:0, took 1.625529 s
[2024-10-10T18:39:06.879+0000] {spark_submit.py:579} INFO - 24/10/10 18:39:06 INFO BlockManagerInfo: Removed broadcast_0_piece0 on 6f21323f9f5f:43467 in memory (size: 37.3 KiB, free: 434.4 MiB)
[2024-10-10T18:39:06.896+0000] {spark_submit.py:579} INFO - 24/10/10 18:39:06 INFO BlockManagerInfo: Removed broadcast_0_piece0 on 172.18.0.6:46667 in memory (size: 37.3 KiB, free: 434.4 MiB)
[2024-10-10T18:39:07.346+0000] {spark_submit.py:579} INFO - 24/10/10 18:39:07 INFO FileSourceStrategy: Pushed Filters:
[2024-10-10T18:39:07.347+0000] {spark_submit.py:579} INFO - 24/10/10 18:39:07 INFO FileSourceStrategy: Post-Scan Filters:
[2024-10-10T18:39:07.612+0000] {spark_submit.py:579} INFO - 24/10/10 18:39:07 INFO CodeGenerator: Code generated in 140.441678 ms
[2024-10-10T18:39:07.637+0000] {spark_submit.py:579} INFO - 24/10/10 18:39:07 INFO MemoryStore: Block broadcast_1 stored as values in memory (estimated size 201.3 KiB, free 434.2 MiB)
[2024-10-10T18:39:07.648+0000] {spark_submit.py:579} INFO - 24/10/10 18:39:07 INFO MemoryStore: Block broadcast_1_piece0 stored as bytes in memory (estimated size 35.0 KiB, free 434.2 MiB)
[2024-10-10T18:39:07.649+0000] {spark_submit.py:579} INFO - 24/10/10 18:39:07 INFO BlockManagerInfo: Added broadcast_1_piece0 in memory on 6f21323f9f5f:43467 (size: 35.0 KiB, free: 434.4 MiB)
[2024-10-10T18:39:07.650+0000] {spark_submit.py:579} INFO - 24/10/10 18:39:07 INFO SparkContext: Created broadcast 1 from showString at NativeMethodAccessorImpl.java:0
[2024-10-10T18:39:07.659+0000] {spark_submit.py:579} INFO - 24/10/10 18:39:07 INFO FileSourceScanExec: Planning scan with bin packing, max size: 4194304 bytes, open cost is considered as scanning 4194304 bytes.
[2024-10-10T18:39:07.690+0000] {spark_submit.py:579} INFO - 24/10/10 18:39:07 INFO SparkContext: Starting job: showString at NativeMethodAccessorImpl.java:0
[2024-10-10T18:39:07.691+0000] {spark_submit.py:579} INFO - 24/10/10 18:39:07 INFO DAGScheduler: Got job 1 (showString at NativeMethodAccessorImpl.java:0) with 1 output partitions
[2024-10-10T18:39:07.692+0000] {spark_submit.py:579} INFO - 24/10/10 18:39:07 INFO DAGScheduler: Final stage: ResultStage 1 (showString at NativeMethodAccessorImpl.java:0)
[2024-10-10T18:39:07.692+0000] {spark_submit.py:579} INFO - 24/10/10 18:39:07 INFO DAGScheduler: Parents of final stage: List()
[2024-10-10T18:39:07.693+0000] {spark_submit.py:579} INFO - 24/10/10 18:39:07 INFO DAGScheduler: Missing parents: List()
[2024-10-10T18:39:07.694+0000] {spark_submit.py:579} INFO - 24/10/10 18:39:07 INFO DAGScheduler: Submitting ResultStage 1 (MapPartitionsRDD[5] at showString at NativeMethodAccessorImpl.java:0), which has no missing parents
[2024-10-10T18:39:07.715+0000] {spark_submit.py:579} INFO - 24/10/10 18:39:07 INFO MemoryStore: Block broadcast_2 stored as values in memory (estimated size 14.8 KiB, free 434.2 MiB)
[2024-10-10T18:39:07.720+0000] {spark_submit.py:579} INFO - 24/10/10 18:39:07 INFO MemoryStore: Block broadcast_2_piece0 stored as bytes in memory (estimated size 6.4 KiB, free 434.1 MiB)
[2024-10-10T18:39:07.721+0000] {spark_submit.py:579} INFO - 24/10/10 18:39:07 INFO BlockManagerInfo: Added broadcast_2_piece0 in memory on 6f21323f9f5f:43467 (size: 6.4 KiB, free: 434.4 MiB)
[2024-10-10T18:39:07.721+0000] {spark_submit.py:579} INFO - 24/10/10 18:39:07 INFO SparkContext: Created broadcast 2 from broadcast at DAGScheduler.scala:1585
[2024-10-10T18:39:07.722+0000] {spark_submit.py:579} INFO - 24/10/10 18:39:07 INFO DAGScheduler: Submitting 1 missing tasks from ResultStage 1 (MapPartitionsRDD[5] at showString at NativeMethodAccessorImpl.java:0) (first 15 tasks are for partitions Vector(0))
[2024-10-10T18:39:07.723+0000] {spark_submit.py:579} INFO - 24/10/10 18:39:07 INFO TaskSchedulerImpl: Adding task set 1.0 with 1 tasks resource profile 0
[2024-10-10T18:39:07.726+0000] {spark_submit.py:579} INFO - 24/10/10 18:39:07 INFO TaskSetManager: Starting task 0.0 in stage 1.0 (TID 1) (172.18.0.6, executor 0, partition 0, PROCESS_LOCAL, 9708 bytes)
[2024-10-10T18:39:07.759+0000] {spark_submit.py:579} INFO - 24/10/10 18:39:07 INFO BlockManagerInfo: Added broadcast_2_piece0 in memory on 172.18.0.6:46667 (size: 6.4 KiB, free: 434.4 MiB)
[2024-10-10T18:39:08.077+0000] {spark_submit.py:579} INFO - 24/10/10 18:39:08 INFO BlockManagerInfo: Added broadcast_1_piece0 in memory on 172.18.0.6:46667 (size: 35.0 KiB, free: 434.4 MiB)
[2024-10-10T18:39:08.409+0000] {spark_submit.py:579} INFO - 24/10/10 18:39:08 INFO TaskSetManager: Finished task 0.0 in stage 1.0 (TID 1) in 685 ms on 172.18.0.6 (executor 0) (1/1)
[2024-10-10T18:39:08.410+0000] {spark_submit.py:579} INFO - 24/10/10 18:39:08 INFO TaskSchedulerImpl: Removed TaskSet 1.0, whose tasks have all completed, from pool
[2024-10-10T18:39:08.411+0000] {spark_submit.py:579} INFO - 24/10/10 18:39:08 INFO DAGScheduler: ResultStage 1 (showString at NativeMethodAccessorImpl.java:0) finished in 0.715 s
[2024-10-10T18:39:08.411+0000] {spark_submit.py:579} INFO - 24/10/10 18:39:08 INFO DAGScheduler: Job 1 is finished. Cancelling potential speculative or zombie tasks for this job
[2024-10-10T18:39:08.412+0000] {spark_submit.py:579} INFO - 24/10/10 18:39:08 INFO TaskSchedulerImpl: Killing all running tasks in stage 1: Stage finished
[2024-10-10T18:39:08.413+0000] {spark_submit.py:579} INFO - 24/10/10 18:39:08 INFO DAGScheduler: Job 1 finished: showString at NativeMethodAccessorImpl.java:0, took 0.721079 s
[2024-10-10T18:39:08.947+0000] {spark_submit.py:579} INFO - 24/10/10 18:39:08 INFO BlockManagerInfo: Removed broadcast_2_piece0 on 6f21323f9f5f:43467 in memory (size: 6.4 KiB, free: 434.4 MiB)
[2024-10-10T18:39:08.950+0000] {spark_submit.py:579} INFO - 24/10/10 18:39:08 INFO BlockManagerInfo: Removed broadcast_2_piece0 on 172.18.0.6:46667 in memory (size: 6.4 KiB, free: 434.4 MiB)
[2024-10-10T18:39:09.091+0000] {spark_submit.py:579} INFO - 24/10/10 18:39:09 INFO CodeGenerator: Code generated in 9.179472 ms
[2024-10-10T18:39:09.098+0000] {spark_submit.py:579} INFO - +------+-------+
[2024-10-10T18:39:09.099+0000] {spark_submit.py:579} INFO - |  site|id_site|
[2024-10-10T18:39:09.099+0000] {spark_submit.py:579} INFO - +------+-------+
[2024-10-10T18:39:09.099+0000] {spark_submit.py:579} INFO - | kabum|      1|
[2024-10-10T18:39:09.100+0000] {spark_submit.py:579} INFO - |pichau|      2|
[2024-10-10T18:39:09.100+0000] {spark_submit.py:579} INFO - +------+-------+
[2024-10-10T18:39:09.101+0000] {spark_submit.py:579} INFO - 
[2024-10-10T18:39:09.101+0000] {spark_submit.py:579} INFO - TESTE0
[2024-10-10T18:39:09.120+0000] {spark_submit.py:579} INFO - 24/10/10 18:39:09 INFO FileSourceStrategy: Pushed Filters:
[2024-10-10T18:39:09.121+0000] {spark_submit.py:579} INFO - 24/10/10 18:39:09 INFO FileSourceStrategy: Post-Scan Filters:
[2024-10-10T18:39:09.140+0000] {spark_submit.py:579} INFO - 24/10/10 18:39:09 INFO MemoryStore: Block broadcast_3 stored as values in memory (estimated size 201.3 KiB, free 434.0 MiB)
[2024-10-10T18:39:09.153+0000] {spark_submit.py:579} INFO - 24/10/10 18:39:09 INFO MemoryStore: Block broadcast_3_piece0 stored as bytes in memory (estimated size 35.0 KiB, free 433.9 MiB)
[2024-10-10T18:39:09.154+0000] {spark_submit.py:579} INFO - 24/10/10 18:39:09 INFO BlockManagerInfo: Added broadcast_3_piece0 in memory on 6f21323f9f5f:43467 (size: 35.0 KiB, free: 434.3 MiB)
[2024-10-10T18:39:09.155+0000] {spark_submit.py:579} INFO - 24/10/10 18:39:09 INFO SparkContext: Created broadcast 3 from showString at NativeMethodAccessorImpl.java:0
[2024-10-10T18:39:09.156+0000] {spark_submit.py:579} INFO - 24/10/10 18:39:09 INFO FileSourceScanExec: Planning scan with bin packing, max size: 4194304 bytes, open cost is considered as scanning 4194304 bytes.
[2024-10-10T18:39:09.165+0000] {spark_submit.py:579} INFO - 24/10/10 18:39:09 INFO SparkContext: Starting job: showString at NativeMethodAccessorImpl.java:0
[2024-10-10T18:39:09.166+0000] {spark_submit.py:579} INFO - 24/10/10 18:39:09 INFO DAGScheduler: Got job 2 (showString at NativeMethodAccessorImpl.java:0) with 1 output partitions
[2024-10-10T18:39:09.167+0000] {spark_submit.py:579} INFO - 24/10/10 18:39:09 INFO DAGScheduler: Final stage: ResultStage 2 (showString at NativeMethodAccessorImpl.java:0)
[2024-10-10T18:39:09.167+0000] {spark_submit.py:579} INFO - 24/10/10 18:39:09 INFO DAGScheduler: Parents of final stage: List()
[2024-10-10T18:39:09.168+0000] {spark_submit.py:579} INFO - 24/10/10 18:39:09 INFO DAGScheduler: Missing parents: List()
[2024-10-10T18:39:09.168+0000] {spark_submit.py:579} INFO - 24/10/10 18:39:09 INFO DAGScheduler: Submitting ResultStage 2 (MapPartitionsRDD[9] at showString at NativeMethodAccessorImpl.java:0), which has no missing parents
[2024-10-10T18:39:09.172+0000] {spark_submit.py:579} INFO - 24/10/10 18:39:09 INFO MemoryStore: Block broadcast_4 stored as values in memory (estimated size 14.8 KiB, free 433.9 MiB)
[2024-10-10T18:39:09.174+0000] {spark_submit.py:579} INFO - 24/10/10 18:39:09 INFO MemoryStore: Block broadcast_4_piece0 stored as bytes in memory (estimated size 6.4 KiB, free 433.9 MiB)
[2024-10-10T18:39:09.175+0000] {spark_submit.py:579} INFO - 24/10/10 18:39:09 INFO BlockManagerInfo: Added broadcast_4_piece0 in memory on 6f21323f9f5f:43467 (size: 6.4 KiB, free: 434.3 MiB)
[2024-10-10T18:39:09.175+0000] {spark_submit.py:579} INFO - 24/10/10 18:39:09 INFO SparkContext: Created broadcast 4 from broadcast at DAGScheduler.scala:1585
[2024-10-10T18:39:09.176+0000] {spark_submit.py:579} INFO - 24/10/10 18:39:09 INFO DAGScheduler: Submitting 1 missing tasks from ResultStage 2 (MapPartitionsRDD[9] at showString at NativeMethodAccessorImpl.java:0) (first 15 tasks are for partitions Vector(0))
[2024-10-10T18:39:09.177+0000] {spark_submit.py:579} INFO - 24/10/10 18:39:09 INFO TaskSchedulerImpl: Adding task set 2.0 with 1 tasks resource profile 0
[2024-10-10T18:39:09.178+0000] {spark_submit.py:579} INFO - 24/10/10 18:39:09 INFO TaskSetManager: Starting task 0.0 in stage 2.0 (TID 2) (172.18.0.6, executor 0, partition 0, PROCESS_LOCAL, 9708 bytes)
[2024-10-10T18:39:09.193+0000] {spark_submit.py:579} INFO - 24/10/10 18:39:09 INFO BlockManagerInfo: Added broadcast_4_piece0 in memory on 172.18.0.6:46667 (size: 6.4 KiB, free: 434.4 MiB)
[2024-10-10T18:39:09.208+0000] {spark_submit.py:579} INFO - 24/10/10 18:39:09 INFO BlockManagerInfo: Added broadcast_3_piece0 in memory on 172.18.0.6:46667 (size: 35.0 KiB, free: 434.3 MiB)
[2024-10-10T18:39:09.298+0000] {spark_submit.py:579} INFO - 24/10/10 18:39:09 INFO TaskSetManager: Finished task 0.0 in stage 2.0 (TID 2) in 121 ms on 172.18.0.6 (executor 0) (1/1)
[2024-10-10T18:39:09.299+0000] {spark_submit.py:579} INFO - 24/10/10 18:39:09 INFO TaskSchedulerImpl: Removed TaskSet 2.0, whose tasks have all completed, from pool
[2024-10-10T18:39:09.299+0000] {spark_submit.py:579} INFO - 24/10/10 18:39:09 INFO DAGScheduler: ResultStage 2 (showString at NativeMethodAccessorImpl.java:0) finished in 0.131 s
[2024-10-10T18:39:09.300+0000] {spark_submit.py:579} INFO - 24/10/10 18:39:09 INFO DAGScheduler: Job 2 is finished. Cancelling potential speculative or zombie tasks for this job
[2024-10-10T18:39:09.300+0000] {spark_submit.py:579} INFO - 24/10/10 18:39:09 INFO TaskSchedulerImpl: Killing all running tasks in stage 2: Stage finished
[2024-10-10T18:39:09.300+0000] {spark_submit.py:579} INFO - 24/10/10 18:39:09 INFO DAGScheduler: Job 2 finished: showString at NativeMethodAccessorImpl.java:0, took 0.134750 s
[2024-10-10T18:39:09.304+0000] {spark_submit.py:579} INFO - +------+-------+
[2024-10-10T18:39:09.305+0000] {spark_submit.py:579} INFO - |  site|id_site|
[2024-10-10T18:39:09.305+0000] {spark_submit.py:579} INFO - +------+-------+
[2024-10-10T18:39:09.305+0000] {spark_submit.py:579} INFO - | kabum|      1|
[2024-10-10T18:39:09.306+0000] {spark_submit.py:579} INFO - |pichau|      2|
[2024-10-10T18:39:09.306+0000] {spark_submit.py:579} INFO - +------+-------+
[2024-10-10T18:39:09.306+0000] {spark_submit.py:579} INFO - 
[2024-10-10T18:39:09.361+0000] {spark_submit.py:579} INFO - Traceback (most recent call last):
[2024-10-10T18:39:09.362+0000] {spark_submit.py:579} INFO - File "/opt/bitnami/spark/src/scripts_spark/LoadFileToDB.py", line 26, in <module>
[2024-10-10T18:39:09.364+0000] {spark_submit.py:579} INFO - .save()
[2024-10-10T18:39:09.364+0000] {spark_submit.py:579} INFO - ^^^^^^
[2024-10-10T18:39:09.365+0000] {spark_submit.py:579} INFO - File "/home/***/.local/lib/python3.12/site-packages/pyspark/python/lib/pyspark.zip/pyspark/sql/readwriter.py", line 1461, in save
[2024-10-10T18:39:09.365+0000] {spark_submit.py:579} INFO - File "/home/***/.local/lib/python3.12/site-packages/pyspark/python/lib/py4j-0.10.9.7-src.zip/py4j/java_gateway.py", line 1322, in __call__
[2024-10-10T18:39:09.365+0000] {spark_submit.py:579} INFO - File "/home/***/.local/lib/python3.12/site-packages/pyspark/python/lib/pyspark.zip/pyspark/errors/exceptions/captured.py", line 179, in deco
[2024-10-10T18:39:09.366+0000] {spark_submit.py:579} INFO - File "/home/***/.local/lib/python3.12/site-packages/pyspark/python/lib/py4j-0.10.9.7-src.zip/py4j/protocol.py", line 326, in get_return_value
[2024-10-10T18:39:09.368+0000] {spark_submit.py:579} INFO - py4j.protocol.Py4JJavaError: An error occurred while calling o37.save.
[2024-10-10T18:39:09.368+0000] {spark_submit.py:579} INFO - : java.sql.SQLException: No suitable driver
[2024-10-10T18:39:09.369+0000] {spark_submit.py:579} INFO - at java.sql/java.sql.DriverManager.getDriver(DriverManager.java:299)
[2024-10-10T18:39:09.369+0000] {spark_submit.py:579} INFO - at org.apache.spark.sql.execution.datasources.jdbc.JDBCOptions.$anonfun$driverClass$2(JDBCOptions.scala:109)
[2024-10-10T18:39:09.369+0000] {spark_submit.py:579} INFO - at scala.Option.getOrElse(Option.scala:189)
[2024-10-10T18:39:09.370+0000] {spark_submit.py:579} INFO - at org.apache.spark.sql.execution.datasources.jdbc.JDBCOptions.<init>(JDBCOptions.scala:109)
[2024-10-10T18:39:09.370+0000] {spark_submit.py:579} INFO - at org.apache.spark.sql.execution.datasources.jdbc.JdbcOptionsInWrite.<init>(JDBCOptions.scala:254)
[2024-10-10T18:39:09.370+0000] {spark_submit.py:579} INFO - at org.apache.spark.sql.execution.datasources.jdbc.JdbcOptionsInWrite.<init>(JDBCOptions.scala:258)
[2024-10-10T18:39:09.371+0000] {spark_submit.py:579} INFO - at org.apache.spark.sql.execution.datasources.jdbc.JdbcRelationProvider.createRelation(JdbcRelationProvider.scala:47)
[2024-10-10T18:39:09.371+0000] {spark_submit.py:579} INFO - at org.apache.spark.sql.execution.datasources.SaveIntoDataSourceCommand.run(SaveIntoDataSourceCommand.scala:48)
[2024-10-10T18:39:09.371+0000] {spark_submit.py:579} INFO - at org.apache.spark.sql.execution.command.ExecutedCommandExec.sideEffectResult$lzycompute(commands.scala:75)
[2024-10-10T18:39:09.372+0000] {spark_submit.py:579} INFO - at org.apache.spark.sql.execution.command.ExecutedCommandExec.sideEffectResult(commands.scala:73)
[2024-10-10T18:39:09.372+0000] {spark_submit.py:579} INFO - at org.apache.spark.sql.execution.command.ExecutedCommandExec.executeCollect(commands.scala:84)
[2024-10-10T18:39:09.372+0000] {spark_submit.py:579} INFO - at org.apache.spark.sql.execution.QueryExecution$$anonfun$eagerlyExecuteCommands$1.$anonfun$applyOrElse$1(QueryExecution.scala:107)
[2024-10-10T18:39:09.372+0000] {spark_submit.py:579} INFO - at org.apache.spark.sql.execution.SQLExecution$.$anonfun$withNewExecutionId$6(SQLExecution.scala:125)
[2024-10-10T18:39:09.373+0000] {spark_submit.py:579} INFO - at org.apache.spark.sql.execution.SQLExecution$.withSQLConfPropagated(SQLExecution.scala:201)
[2024-10-10T18:39:09.373+0000] {spark_submit.py:579} INFO - at org.apache.spark.sql.execution.SQLExecution$.$anonfun$withNewExecutionId$1(SQLExecution.scala:108)
[2024-10-10T18:39:09.374+0000] {spark_submit.py:579} INFO - at org.apache.spark.sql.SparkSession.withActive(SparkSession.scala:900)
[2024-10-10T18:39:09.374+0000] {spark_submit.py:579} INFO - at org.apache.spark.sql.execution.SQLExecution$.withNewExecutionId(SQLExecution.scala:66)
[2024-10-10T18:39:09.374+0000] {spark_submit.py:579} INFO - at org.apache.spark.sql.execution.QueryExecution$$anonfun$eagerlyExecuteCommands$1.applyOrElse(QueryExecution.scala:107)
[2024-10-10T18:39:09.375+0000] {spark_submit.py:579} INFO - at org.apache.spark.sql.execution.QueryExecution$$anonfun$eagerlyExecuteCommands$1.applyOrElse(QueryExecution.scala:98)
[2024-10-10T18:39:09.375+0000] {spark_submit.py:579} INFO - at org.apache.spark.sql.catalyst.trees.TreeNode.$anonfun$transformDownWithPruning$1(TreeNode.scala:461)
[2024-10-10T18:39:09.376+0000] {spark_submit.py:579} INFO - at org.apache.spark.sql.catalyst.trees.CurrentOrigin$.withOrigin(origin.scala:76)
[2024-10-10T18:39:09.376+0000] {spark_submit.py:579} INFO - at org.apache.spark.sql.catalyst.trees.TreeNode.transformDownWithPruning(TreeNode.scala:461)
[2024-10-10T18:39:09.376+0000] {spark_submit.py:579} INFO - at org.apache.spark.sql.catalyst.plans.logical.LogicalPlan.org$apache$spark$sql$catalyst$plans$logical$AnalysisHelper$$super$transformDownWithPruning(LogicalPlan.scala:32)
[2024-10-10T18:39:09.377+0000] {spark_submit.py:579} INFO - at org.apache.spark.sql.catalyst.plans.logical.AnalysisHelper.transformDownWithPruning(AnalysisHelper.scala:267)
[2024-10-10T18:39:09.377+0000] {spark_submit.py:579} INFO - at org.apache.spark.sql.catalyst.plans.logical.AnalysisHelper.transformDownWithPruning$(AnalysisHelper.scala:263)
[2024-10-10T18:39:09.377+0000] {spark_submit.py:579} INFO - at org.apache.spark.sql.catalyst.plans.logical.LogicalPlan.transformDownWithPruning(LogicalPlan.scala:32)
[2024-10-10T18:39:09.378+0000] {spark_submit.py:579} INFO - at org.apache.spark.sql.catalyst.plans.logical.LogicalPlan.transformDownWithPruning(LogicalPlan.scala:32)
[2024-10-10T18:39:09.378+0000] {spark_submit.py:579} INFO - at org.apache.spark.sql.catalyst.trees.TreeNode.transformDown(TreeNode.scala:437)
[2024-10-10T18:39:09.378+0000] {spark_submit.py:579} INFO - at org.apache.spark.sql.execution.QueryExecution.eagerlyExecuteCommands(QueryExecution.scala:98)
[2024-10-10T18:39:09.379+0000] {spark_submit.py:579} INFO - at org.apache.spark.sql.execution.QueryExecution.commandExecuted$lzycompute(QueryExecution.scala:85)
[2024-10-10T18:39:09.380+0000] {spark_submit.py:579} INFO - at org.apache.spark.sql.execution.QueryExecution.commandExecuted(QueryExecution.scala:83)
[2024-10-10T18:39:09.380+0000] {spark_submit.py:579} INFO - at org.apache.spark.sql.execution.QueryExecution.assertCommandExecuted(QueryExecution.scala:142)
[2024-10-10T18:39:09.381+0000] {spark_submit.py:579} INFO - at org.apache.spark.sql.DataFrameWriter.runCommand(DataFrameWriter.scala:859)
[2024-10-10T18:39:09.381+0000] {spark_submit.py:579} INFO - at org.apache.spark.sql.DataFrameWriter.saveToV1Source(DataFrameWriter.scala:388)
[2024-10-10T18:39:09.382+0000] {spark_submit.py:579} INFO - at org.apache.spark.sql.DataFrameWriter.saveInternal(DataFrameWriter.scala:361)
[2024-10-10T18:39:09.382+0000] {spark_submit.py:579} INFO - at org.apache.spark.sql.DataFrameWriter.save(DataFrameWriter.scala:248)
[2024-10-10T18:39:09.383+0000] {spark_submit.py:579} INFO - at java.base/jdk.internal.reflect.NativeMethodAccessorImpl.invoke0(Native Method)
[2024-10-10T18:39:09.383+0000] {spark_submit.py:579} INFO - at java.base/jdk.internal.reflect.NativeMethodAccessorImpl.invoke(NativeMethodAccessorImpl.java:77)
[2024-10-10T18:39:09.383+0000] {spark_submit.py:579} INFO - at java.base/jdk.internal.reflect.DelegatingMethodAccessorImpl.invoke(DelegatingMethodAccessorImpl.java:43)
[2024-10-10T18:39:09.384+0000] {spark_submit.py:579} INFO - at java.base/java.lang.reflect.Method.invoke(Method.java:569)
[2024-10-10T18:39:09.384+0000] {spark_submit.py:579} INFO - at py4j.reflection.MethodInvoker.invoke(MethodInvoker.java:244)
[2024-10-10T18:39:09.385+0000] {spark_submit.py:579} INFO - at py4j.reflection.ReflectionEngine.invoke(ReflectionEngine.java:374)
[2024-10-10T18:39:09.385+0000] {spark_submit.py:579} INFO - at py4j.Gateway.invoke(Gateway.java:282)
[2024-10-10T18:39:09.385+0000] {spark_submit.py:579} INFO - at py4j.commands.AbstractCommand.invokeMethod(AbstractCommand.java:132)
[2024-10-10T18:39:09.386+0000] {spark_submit.py:579} INFO - at py4j.commands.CallCommand.execute(CallCommand.java:79)
[2024-10-10T18:39:09.386+0000] {spark_submit.py:579} INFO - at py4j.ClientServerConnection.waitForCommands(ClientServerConnection.java:182)
[2024-10-10T18:39:09.387+0000] {spark_submit.py:579} INFO - at py4j.ClientServerConnection.run(ClientServerConnection.java:106)
[2024-10-10T18:39:09.387+0000] {spark_submit.py:579} INFO - at java.base/java.lang.Thread.run(Thread.java:840)
[2024-10-10T18:39:09.388+0000] {spark_submit.py:579} INFO - 
[2024-10-10T18:39:09.417+0000] {spark_submit.py:579} INFO - 24/10/10 18:39:09 INFO SparkContext: Invoking stop() from shutdown hook
[2024-10-10T18:39:09.417+0000] {spark_submit.py:579} INFO - 24/10/10 18:39:09 INFO SparkContext: SparkContext is stopping with exitCode 0.
[2024-10-10T18:39:09.424+0000] {spark_submit.py:579} INFO - 24/10/10 18:39:09 INFO SparkUI: Stopped Spark web UI at http://6f21323f9f5f:4040
[2024-10-10T18:39:09.427+0000] {spark_submit.py:579} INFO - 24/10/10 18:39:09 INFO StandaloneSchedulerBackend: Shutting down all executors
[2024-10-10T18:39:09.428+0000] {spark_submit.py:579} INFO - 24/10/10 18:39:09 INFO StandaloneSchedulerBackend$StandaloneDriverEndpoint: Asking each executor to shut down
[2024-10-10T18:39:09.445+0000] {spark_submit.py:579} INFO - 24/10/10 18:39:09 INFO MapOutputTrackerMasterEndpoint: MapOutputTrackerMasterEndpoint stopped!
[2024-10-10T18:39:09.485+0000] {spark_submit.py:579} INFO - 24/10/10 18:39:09 INFO MemoryStore: MemoryStore cleared
[2024-10-10T18:39:09.486+0000] {spark_submit.py:579} INFO - 24/10/10 18:39:09 INFO BlockManager: BlockManager stopped
[2024-10-10T18:39:09.488+0000] {spark_submit.py:579} INFO - 24/10/10 18:39:09 INFO BlockManagerMaster: BlockManagerMaster stopped
[2024-10-10T18:39:09.490+0000] {spark_submit.py:579} INFO - 24/10/10 18:39:09 INFO OutputCommitCoordinator$OutputCommitCoordinatorEndpoint: OutputCommitCoordinator stopped!
[2024-10-10T18:39:09.502+0000] {spark_submit.py:579} INFO - 24/10/10 18:39:09 INFO SparkContext: Successfully stopped SparkContext
[2024-10-10T18:39:09.502+0000] {spark_submit.py:579} INFO - 24/10/10 18:39:09 INFO ShutdownHookManager: Shutdown hook called
[2024-10-10T18:39:09.503+0000] {spark_submit.py:579} INFO - 24/10/10 18:39:09 INFO ShutdownHookManager: Deleting directory /tmp/spark-f8e91fd2-0fdc-40cb-bb9a-80060b777f9e
[2024-10-10T18:39:09.507+0000] {spark_submit.py:579} INFO - 24/10/10 18:39:09 INFO ShutdownHookManager: Deleting directory /tmp/spark-6abc20e6-050d-4514-aa8e-b6372f56e573/pyspark-e667d29e-96af-4f70-9ad3-d5d2b104d771
[2024-10-10T18:39:09.510+0000] {spark_submit.py:579} INFO - 24/10/10 18:39:09 INFO ShutdownHookManager: Deleting directory /tmp/spark-6abc20e6-050d-4514-aa8e-b6372f56e573
[2024-10-10T18:39:09.556+0000] {taskinstance.py:3310} ERROR - Task failed with exception
Traceback (most recent call last):
  File "/home/airflow/.local/lib/python3.12/site-packages/airflow/models/taskinstance.py", line 767, in _execute_task
    result = _execute_callable(context=context, **execute_callable_kwargs)
             ^^^^^^^^^^^^^^^^^^^^^^^^^^^^^^^^^^^^^^^^^^^^^^^^^^^^^^^^^^^^^
  File "/home/airflow/.local/lib/python3.12/site-packages/airflow/models/taskinstance.py", line 733, in _execute_callable
    return ExecutionCallableRunner(
           ^^^^^^^^^^^^^^^^^^^^^^^^
  File "/home/airflow/.local/lib/python3.12/site-packages/airflow/utils/operator_helpers.py", line 252, in run
    return self.func(*args, **kwargs)
           ^^^^^^^^^^^^^^^^^^^^^^^^^^
  File "/home/airflow/.local/lib/python3.12/site-packages/airflow/models/baseoperator.py", line 406, in wrapper
    return func(self, *args, **kwargs)
           ^^^^^^^^^^^^^^^^^^^^^^^^^^^
  File "/home/airflow/.local/lib/python3.12/site-packages/airflow/providers/apache/spark/operators/spark_submit.py", line 174, in execute
    self._hook.submit(self.application)
  File "/home/airflow/.local/lib/python3.12/site-packages/airflow/providers/apache/spark/hooks/spark_submit.py", line 505, in submit
    raise AirflowException(
airflow.exceptions.AirflowException: Cannot execute: spark-submit --master spark://spark:7077 --jars /opt/bitnami/spark/jars/postgresql-42.5.0.jar --name arrow-spark --deploy-mode client /opt/bitnami/spark/src/scripts_spark/LoadFileToDB.py. Error code is: 1.
[2024-10-10T18:39:09.560+0000] {taskinstance.py:1225} INFO - Marking task as FAILED. dag_id=LoadWebScraping, task_id=submit_job, run_id=manual__2024-10-10T18:38:54.977781+00:00, execution_date=20241010T183854, start_date=20241010T183859, end_date=20241010T183909
[2024-10-10T18:39:09.574+0000] {taskinstance.py:340} INFO - ::group::Post task execution logs
[2024-10-10T18:39:09.574+0000] {standard_task_runner.py:124} ERROR - Failed to execute job 1596 for task submit_job (Cannot execute: spark-submit --master spark://spark:7077 --jars /opt/bitnami/spark/jars/postgresql-42.5.0.jar --name arrow-spark --deploy-mode client /opt/bitnami/spark/src/scripts_spark/LoadFileToDB.py. Error code is: 1.; 74)
Traceback (most recent call last):
  File "/home/airflow/.local/lib/python3.12/site-packages/airflow/task/task_runner/standard_task_runner.py", line 117, in _start_by_fork
    ret = args.func(args, dag=self.dag)
          ^^^^^^^^^^^^^^^^^^^^^^^^^^^^^
  File "/home/airflow/.local/lib/python3.12/site-packages/airflow/cli/cli_config.py", line 49, in command
    return func(*args, **kwargs)
           ^^^^^^^^^^^^^^^^^^^^^
  File "/home/airflow/.local/lib/python3.12/site-packages/airflow/utils/cli.py", line 115, in wrapper
    return f(*args, **kwargs)
           ^^^^^^^^^^^^^^^^^^
  File "/home/airflow/.local/lib/python3.12/site-packages/airflow/cli/commands/task_command.py", line 483, in task_run
    task_return_code = _run_task_by_selected_method(args, _dag, ti)
                       ^^^^^^^^^^^^^^^^^^^^^^^^^^^^^^^^^^^^^^^^^^^^
  File "/home/airflow/.local/lib/python3.12/site-packages/airflow/cli/commands/task_command.py", line 256, in _run_task_by_selected_method
    return _run_raw_task(args, ti)
           ^^^^^^^^^^^^^^^^^^^^^^^
  File "/home/airflow/.local/lib/python3.12/site-packages/airflow/cli/commands/task_command.py", line 341, in _run_raw_task
    return ti._run_raw_task(
           ^^^^^^^^^^^^^^^^^
  File "/home/airflow/.local/lib/python3.12/site-packages/airflow/utils/session.py", line 97, in wrapper
    return func(*args, session=session, **kwargs)
           ^^^^^^^^^^^^^^^^^^^^^^^^^^^^^^^^^^^^^^
  File "/home/airflow/.local/lib/python3.12/site-packages/airflow/models/taskinstance.py", line 3004, in _run_raw_task
    return _run_raw_task(
           ^^^^^^^^^^^^^^
  File "/home/airflow/.local/lib/python3.12/site-packages/airflow/models/taskinstance.py", line 273, in _run_raw_task
    TaskInstance._execute_task_with_callbacks(
  File "/home/airflow/.local/lib/python3.12/site-packages/airflow/models/taskinstance.py", line 3158, in _execute_task_with_callbacks
    result = self._execute_task(context, task_orig)
             ^^^^^^^^^^^^^^^^^^^^^^^^^^^^^^^^^^^^^^
  File "/home/airflow/.local/lib/python3.12/site-packages/airflow/models/taskinstance.py", line 3182, in _execute_task
    return _execute_task(self, context, task_orig)
           ^^^^^^^^^^^^^^^^^^^^^^^^^^^^^^^^^^^^^^^
  File "/home/airflow/.local/lib/python3.12/site-packages/airflow/models/taskinstance.py", line 767, in _execute_task
    result = _execute_callable(context=context, **execute_callable_kwargs)
             ^^^^^^^^^^^^^^^^^^^^^^^^^^^^^^^^^^^^^^^^^^^^^^^^^^^^^^^^^^^^^
  File "/home/airflow/.local/lib/python3.12/site-packages/airflow/models/taskinstance.py", line 733, in _execute_callable
    return ExecutionCallableRunner(
           ^^^^^^^^^^^^^^^^^^^^^^^^
  File "/home/airflow/.local/lib/python3.12/site-packages/airflow/utils/operator_helpers.py", line 252, in run
    return self.func(*args, **kwargs)
           ^^^^^^^^^^^^^^^^^^^^^^^^^^
  File "/home/airflow/.local/lib/python3.12/site-packages/airflow/models/baseoperator.py", line 406, in wrapper
    return func(self, *args, **kwargs)
           ^^^^^^^^^^^^^^^^^^^^^^^^^^^
  File "/home/airflow/.local/lib/python3.12/site-packages/airflow/providers/apache/spark/operators/spark_submit.py", line 174, in execute
    self._hook.submit(self.application)
  File "/home/airflow/.local/lib/python3.12/site-packages/airflow/providers/apache/spark/hooks/spark_submit.py", line 505, in submit
    raise AirflowException(
airflow.exceptions.AirflowException: Cannot execute: spark-submit --master spark://spark:7077 --jars /opt/bitnami/spark/jars/postgresql-42.5.0.jar --name arrow-spark --deploy-mode client /opt/bitnami/spark/src/scripts_spark/LoadFileToDB.py. Error code is: 1.
[2024-10-10T18:39:09.606+0000] {local_task_job_runner.py:266} INFO - Task exited with return code 1
[2024-10-10T18:39:09.634+0000] {taskinstance.py:3900} INFO - 0 downstream tasks scheduled from follow-on schedule check
[2024-10-10T18:39:09.639+0000] {local_task_job_runner.py:245} INFO - ::endgroup::
