[2024-09-29T15:50:45.322+0000] {local_task_job_runner.py:123} INFO - ::group::Pre task execution logs
[2024-09-29T15:50:45.348+0000] {taskinstance.py:2612} INFO - Dependencies all met for dep_context=non-requeueable deps ti=<TaskInstance: SitesWebScraping.Create_Container_Raw manual__2024-09-29T15:50:42.655831+00:00 [queued]>
[2024-09-29T15:50:45.370+0000] {taskinstance.py:2612} INFO - Dependencies all met for dep_context=requeueable deps ti=<TaskInstance: SitesWebScraping.Create_Container_Raw manual__2024-09-29T15:50:42.655831+00:00 [queued]>
[2024-09-29T15:50:45.371+0000] {taskinstance.py:2865} INFO - Starting attempt 1 of 1
[2024-09-29T15:50:45.388+0000] {taskinstance.py:2888} INFO - Executing <Task(CreateContainerInDataLake): Create_Container_Raw> on 2024-09-29 15:50:42.655831+00:00
[2024-09-29T15:50:45.394+0000] {warnings.py:112} WARNING - /home/***/.local/lib/python3.12/site-packages/***/task/task_runner/standard_task_runner.py:70: DeprecationWarning: This process (pid=62) is multi-threaded, use of fork() may lead to deadlocks in the child.
  pid = os.fork()

[2024-09-29T15:50:45.395+0000] {standard_task_runner.py:72} INFO - Started process 63 to run task
[2024-09-29T15:50:45.396+0000] {standard_task_runner.py:104} INFO - Running: ['***', 'tasks', 'run', 'SitesWebScraping', 'Create_Container_Raw', 'manual__2024-09-29T15:50:42.655831+00:00', '--job-id', '453', '--raw', '--subdir', 'DAGS_FOLDER/DagWebScraping.py', '--cfg-path', '/tmp/tmpxioq36wx']
[2024-09-29T15:50:45.399+0000] {standard_task_runner.py:105} INFO - Job 453: Subtask Create_Container_Raw
[2024-09-29T15:50:45.453+0000] {task_command.py:467} INFO - Running <TaskInstance: SitesWebScraping.Create_Container_Raw manual__2024-09-29T15:50:42.655831+00:00 [running]> on host 93857e7cdd60
[2024-09-29T15:50:45.536+0000] {taskinstance.py:3131} INFO - Exporting env vars: AIRFLOW_CTX_DAG_OWNER='***' AIRFLOW_CTX_DAG_ID='SitesWebScraping' AIRFLOW_CTX_TASK_ID='Create_Container_Raw' AIRFLOW_CTX_EXECUTION_DATE='2024-09-29T15:50:42.655831+00:00' AIRFLOW_CTX_TRY_NUMBER='1' AIRFLOW_CTX_DAG_RUN_ID='manual__2024-09-29T15:50:42.655831+00:00'
[2024-09-29T15:50:45.537+0000] {taskinstance.py:731} INFO - ::endgroup::
[2024-09-29T15:50:45.572+0000] {baseoperator.py:405} WARNING - CreateContainerInDataLake.execute cannot be called outside TaskInstance!
[2024-09-29T15:50:45.573+0000] {subprocess.py:63} INFO - Tmp dir root location: /tmp
[2024-09-29T15:50:45.574+0000] {subprocess.py:75} INFO - Running command: ['/usr/bin/bash', '-c', 'mkdir -p /opt/***/datalake/rawzone/kabum_2024-09-29']
[2024-09-29T15:50:45.582+0000] {subprocess.py:86} INFO - Output:
[2024-09-29T15:50:45.587+0000] {subprocess.py:97} INFO - Command exited with return code 0
[2024-09-29T15:50:45.619+0000] {taskinstance.py:340} INFO - ::group::Post task execution logs
[2024-09-29T15:50:45.620+0000] {taskinstance.py:352} INFO - Marking task as SUCCESS. dag_id=SitesWebScraping, task_id=Create_Container_Raw, run_id=manual__2024-09-29T15:50:42.655831+00:00, execution_date=20240929T155042, start_date=20240929T155045, end_date=20240929T155045
[2024-09-29T15:50:45.652+0000] {local_task_job_runner.py:266} INFO - Task exited with return code 0
[2024-09-29T15:50:45.760+0000] {taskinstance.py:3900} INFO - 1 downstream tasks scheduled from follow-on schedule check
[2024-09-29T15:50:45.767+0000] {local_task_job_runner.py:245} INFO - ::endgroup::
