[2024-08-16T22:28:13.978+0000] {processor.py:161} INFO - Started process (PID=58) to work on /home/airflow/.local/lib/python3.8/site-packages/airflow/example_dags/example_skip_dag.py
[2024-08-16T22:28:13.981+0000] {processor.py:830} INFO - Processing file /home/airflow/.local/lib/python3.8/site-packages/airflow/example_dags/example_skip_dag.py for tasks to queue
[2024-08-16T22:28:13.984+0000] {logging_mixin.py:188} INFO - [2024-08-16T22:28:13.983+0000] {dagbag.py:538} INFO - Filling up the DagBag from /home/airflow/.local/lib/python3.8/site-packages/airflow/example_dags/example_skip_dag.py
[2024-08-16T22:28:13.994+0000] {processor.py:840} INFO - DAG(s) 'example_skip_dag' retrieved from /home/airflow/.local/lib/python3.8/site-packages/airflow/example_dags/example_skip_dag.py
[2024-08-16T22:28:14.008+0000] {logging_mixin.py:188} INFO - [2024-08-16T22:28:14.008+0000] {dag.py:3033} INFO - Sync 1 DAGs
[2024-08-16T22:28:14.042+0000] {logging_mixin.py:188} INFO - [2024-08-16T22:28:14.042+0000] {dag.py:3820} INFO - Setting next_dagrun for example_skip_dag to 2024-08-15T00:00:00+00:00, run_after=2024-08-16T00:00:00+00:00
[2024-08-16T22:28:14.071+0000] {processor.py:183} INFO - Processing /home/airflow/.local/lib/python3.8/site-packages/airflow/example_dags/example_skip_dag.py took 0.097 seconds
[2024-08-16T22:28:44.839+0000] {processor.py:161} INFO - Started process (PID=114) to work on /home/airflow/.local/lib/python3.8/site-packages/airflow/example_dags/example_skip_dag.py
[2024-08-16T22:28:44.840+0000] {processor.py:830} INFO - Processing file /home/airflow/.local/lib/python3.8/site-packages/airflow/example_dags/example_skip_dag.py for tasks to queue
[2024-08-16T22:28:44.842+0000] {logging_mixin.py:188} INFO - [2024-08-16T22:28:44.841+0000] {dagbag.py:538} INFO - Filling up the DagBag from /home/airflow/.local/lib/python3.8/site-packages/airflow/example_dags/example_skip_dag.py
[2024-08-16T22:28:44.849+0000] {processor.py:840} INFO - DAG(s) 'example_skip_dag' retrieved from /home/airflow/.local/lib/python3.8/site-packages/airflow/example_dags/example_skip_dag.py
[2024-08-16T22:28:44.951+0000] {logging_mixin.py:188} INFO - [2024-08-16T22:28:44.950+0000] {dag.py:3033} INFO - Sync 1 DAGs
[2024-08-16T22:28:44.975+0000] {logging_mixin.py:188} INFO - [2024-08-16T22:28:44.974+0000] {dag.py:3820} INFO - Setting next_dagrun for example_skip_dag to 2024-08-15T00:00:00+00:00, run_after=2024-08-16T00:00:00+00:00
[2024-08-16T22:28:44.998+0000] {processor.py:183} INFO - Processing /home/airflow/.local/lib/python3.8/site-packages/airflow/example_dags/example_skip_dag.py took 0.162 seconds
[2024-08-16T22:29:15.814+0000] {processor.py:161} INFO - Started process (PID=170) to work on /home/airflow/.local/lib/python3.8/site-packages/airflow/example_dags/example_skip_dag.py
[2024-08-16T22:29:15.815+0000] {processor.py:830} INFO - Processing file /home/airflow/.local/lib/python3.8/site-packages/airflow/example_dags/example_skip_dag.py for tasks to queue
[2024-08-16T22:29:15.818+0000] {logging_mixin.py:188} INFO - [2024-08-16T22:29:15.818+0000] {dagbag.py:538} INFO - Filling up the DagBag from /home/airflow/.local/lib/python3.8/site-packages/airflow/example_dags/example_skip_dag.py
[2024-08-16T22:29:15.824+0000] {processor.py:840} INFO - DAG(s) 'example_skip_dag' retrieved from /home/airflow/.local/lib/python3.8/site-packages/airflow/example_dags/example_skip_dag.py
[2024-08-16T22:29:15.844+0000] {logging_mixin.py:188} INFO - [2024-08-16T22:29:15.843+0000] {dag.py:3033} INFO - Sync 1 DAGs
[2024-08-16T22:29:15.864+0000] {logging_mixin.py:188} INFO - [2024-08-16T22:29:15.864+0000] {dag.py:3820} INFO - Setting next_dagrun for example_skip_dag to 2024-08-15T00:00:00+00:00, run_after=2024-08-16T00:00:00+00:00
[2024-08-16T22:29:15.883+0000] {processor.py:183} INFO - Processing /home/airflow/.local/lib/python3.8/site-packages/airflow/example_dags/example_skip_dag.py took 0.072 seconds
[2024-08-16T22:29:46.021+0000] {processor.py:161} INFO - Started process (PID=226) to work on /home/airflow/.local/lib/python3.8/site-packages/airflow/example_dags/example_skip_dag.py
[2024-08-16T22:29:46.022+0000] {processor.py:830} INFO - Processing file /home/airflow/.local/lib/python3.8/site-packages/airflow/example_dags/example_skip_dag.py for tasks to queue
[2024-08-16T22:29:46.024+0000] {logging_mixin.py:188} INFO - [2024-08-16T22:29:46.024+0000] {dagbag.py:538} INFO - Filling up the DagBag from /home/airflow/.local/lib/python3.8/site-packages/airflow/example_dags/example_skip_dag.py
[2024-08-16T22:29:46.031+0000] {processor.py:840} INFO - DAG(s) 'example_skip_dag' retrieved from /home/airflow/.local/lib/python3.8/site-packages/airflow/example_dags/example_skip_dag.py
[2024-08-16T22:29:46.049+0000] {logging_mixin.py:188} INFO - [2024-08-16T22:29:46.049+0000] {dag.py:3033} INFO - Sync 1 DAGs
[2024-08-16T22:29:46.069+0000] {logging_mixin.py:188} INFO - [2024-08-16T22:29:46.069+0000] {dag.py:3820} INFO - Setting next_dagrun for example_skip_dag to 2024-08-15T00:00:00+00:00, run_after=2024-08-16T00:00:00+00:00
[2024-08-16T22:29:46.087+0000] {processor.py:183} INFO - Processing /home/airflow/.local/lib/python3.8/site-packages/airflow/example_dags/example_skip_dag.py took 0.069 seconds
[2024-08-16T22:30:16.340+0000] {processor.py:161} INFO - Started process (PID=282) to work on /home/airflow/.local/lib/python3.8/site-packages/airflow/example_dags/example_skip_dag.py
[2024-08-16T22:30:16.341+0000] {processor.py:830} INFO - Processing file /home/airflow/.local/lib/python3.8/site-packages/airflow/example_dags/example_skip_dag.py for tasks to queue
[2024-08-16T22:30:16.344+0000] {logging_mixin.py:188} INFO - [2024-08-16T22:30:16.344+0000] {dagbag.py:538} INFO - Filling up the DagBag from /home/airflow/.local/lib/python3.8/site-packages/airflow/example_dags/example_skip_dag.py
[2024-08-16T22:30:16.355+0000] {processor.py:840} INFO - DAG(s) 'example_skip_dag' retrieved from /home/airflow/.local/lib/python3.8/site-packages/airflow/example_dags/example_skip_dag.py
[2024-08-16T22:30:16.374+0000] {logging_mixin.py:188} INFO - [2024-08-16T22:30:16.374+0000] {dag.py:3033} INFO - Sync 1 DAGs
[2024-08-16T22:30:16.394+0000] {logging_mixin.py:188} INFO - [2024-08-16T22:30:16.394+0000] {dag.py:3820} INFO - Setting next_dagrun for example_skip_dag to 2024-08-15T00:00:00+00:00, run_after=2024-08-16T00:00:00+00:00
[2024-08-16T22:30:16.416+0000] {processor.py:183} INFO - Processing /home/airflow/.local/lib/python3.8/site-packages/airflow/example_dags/example_skip_dag.py took 0.080 seconds
[2024-08-16T22:30:46.674+0000] {processor.py:161} INFO - Started process (PID=338) to work on /home/airflow/.local/lib/python3.8/site-packages/airflow/example_dags/example_skip_dag.py
[2024-08-16T22:30:46.675+0000] {processor.py:830} INFO - Processing file /home/airflow/.local/lib/python3.8/site-packages/airflow/example_dags/example_skip_dag.py for tasks to queue
[2024-08-16T22:30:46.677+0000] {logging_mixin.py:188} INFO - [2024-08-16T22:30:46.677+0000] {dagbag.py:538} INFO - Filling up the DagBag from /home/airflow/.local/lib/python3.8/site-packages/airflow/example_dags/example_skip_dag.py
[2024-08-16T22:30:46.683+0000] {processor.py:840} INFO - DAG(s) 'example_skip_dag' retrieved from /home/airflow/.local/lib/python3.8/site-packages/airflow/example_dags/example_skip_dag.py
[2024-08-16T22:30:46.703+0000] {logging_mixin.py:188} INFO - [2024-08-16T22:30:46.703+0000] {dag.py:3033} INFO - Sync 1 DAGs
[2024-08-16T22:30:46.723+0000] {logging_mixin.py:188} INFO - [2024-08-16T22:30:46.723+0000] {dag.py:3820} INFO - Setting next_dagrun for example_skip_dag to 2024-08-15T00:00:00+00:00, run_after=2024-08-16T00:00:00+00:00
[2024-08-16T22:30:46.741+0000] {processor.py:183} INFO - Processing /home/airflow/.local/lib/python3.8/site-packages/airflow/example_dags/example_skip_dag.py took 0.070 seconds
[2024-08-16T22:31:17.017+0000] {processor.py:161} INFO - Started process (PID=394) to work on /home/airflow/.local/lib/python3.8/site-packages/airflow/example_dags/example_skip_dag.py
[2024-08-16T22:31:17.018+0000] {processor.py:830} INFO - Processing file /home/airflow/.local/lib/python3.8/site-packages/airflow/example_dags/example_skip_dag.py for tasks to queue
[2024-08-16T22:31:17.021+0000] {logging_mixin.py:188} INFO - [2024-08-16T22:31:17.020+0000] {dagbag.py:538} INFO - Filling up the DagBag from /home/airflow/.local/lib/python3.8/site-packages/airflow/example_dags/example_skip_dag.py
[2024-08-16T22:31:17.027+0000] {processor.py:840} INFO - DAG(s) 'example_skip_dag' retrieved from /home/airflow/.local/lib/python3.8/site-packages/airflow/example_dags/example_skip_dag.py
[2024-08-16T22:31:17.046+0000] {logging_mixin.py:188} INFO - [2024-08-16T22:31:17.046+0000] {dag.py:3033} INFO - Sync 1 DAGs
[2024-08-16T22:31:17.067+0000] {logging_mixin.py:188} INFO - [2024-08-16T22:31:17.067+0000] {dag.py:3820} INFO - Setting next_dagrun for example_skip_dag to 2024-08-15T00:00:00+00:00, run_after=2024-08-16T00:00:00+00:00
[2024-08-16T22:31:17.089+0000] {processor.py:183} INFO - Processing /home/airflow/.local/lib/python3.8/site-packages/airflow/example_dags/example_skip_dag.py took 0.075 seconds
[2024-08-16T22:31:47.305+0000] {processor.py:161} INFO - Started process (PID=450) to work on /home/airflow/.local/lib/python3.8/site-packages/airflow/example_dags/example_skip_dag.py
[2024-08-16T22:31:47.306+0000] {processor.py:830} INFO - Processing file /home/airflow/.local/lib/python3.8/site-packages/airflow/example_dags/example_skip_dag.py for tasks to queue
[2024-08-16T22:31:47.308+0000] {logging_mixin.py:188} INFO - [2024-08-16T22:31:47.307+0000] {dagbag.py:538} INFO - Filling up the DagBag from /home/airflow/.local/lib/python3.8/site-packages/airflow/example_dags/example_skip_dag.py
[2024-08-16T22:31:47.314+0000] {processor.py:840} INFO - DAG(s) 'example_skip_dag' retrieved from /home/airflow/.local/lib/python3.8/site-packages/airflow/example_dags/example_skip_dag.py
[2024-08-16T22:31:47.334+0000] {logging_mixin.py:188} INFO - [2024-08-16T22:31:47.334+0000] {dag.py:3033} INFO - Sync 1 DAGs
[2024-08-16T22:31:47.356+0000] {logging_mixin.py:188} INFO - [2024-08-16T22:31:47.356+0000] {dag.py:3820} INFO - Setting next_dagrun for example_skip_dag to 2024-08-15T00:00:00+00:00, run_after=2024-08-16T00:00:00+00:00
[2024-08-16T22:31:47.449+0000] {processor.py:183} INFO - Processing /home/airflow/.local/lib/python3.8/site-packages/airflow/example_dags/example_skip_dag.py took 0.148 seconds
[2024-08-16T22:32:17.562+0000] {processor.py:161} INFO - Started process (PID=506) to work on /home/airflow/.local/lib/python3.8/site-packages/airflow/example_dags/example_skip_dag.py
[2024-08-16T22:32:17.563+0000] {processor.py:830} INFO - Processing file /home/airflow/.local/lib/python3.8/site-packages/airflow/example_dags/example_skip_dag.py for tasks to queue
[2024-08-16T22:32:17.565+0000] {logging_mixin.py:188} INFO - [2024-08-16T22:32:17.565+0000] {dagbag.py:538} INFO - Filling up the DagBag from /home/airflow/.local/lib/python3.8/site-packages/airflow/example_dags/example_skip_dag.py
[2024-08-16T22:32:17.571+0000] {processor.py:840} INFO - DAG(s) 'example_skip_dag' retrieved from /home/airflow/.local/lib/python3.8/site-packages/airflow/example_dags/example_skip_dag.py
[2024-08-16T22:32:17.590+0000] {logging_mixin.py:188} INFO - [2024-08-16T22:32:17.590+0000] {dag.py:3033} INFO - Sync 1 DAGs
[2024-08-16T22:32:17.610+0000] {logging_mixin.py:188} INFO - [2024-08-16T22:32:17.610+0000] {dag.py:3820} INFO - Setting next_dagrun for example_skip_dag to 2024-08-15T00:00:00+00:00, run_after=2024-08-16T00:00:00+00:00
[2024-08-16T22:32:17.631+0000] {processor.py:183} INFO - Processing /home/airflow/.local/lib/python3.8/site-packages/airflow/example_dags/example_skip_dag.py took 0.071 seconds
[2024-08-16T22:32:47.697+0000] {processor.py:161} INFO - Started process (PID=562) to work on /home/airflow/.local/lib/python3.8/site-packages/airflow/example_dags/example_skip_dag.py
[2024-08-16T22:32:47.698+0000] {processor.py:830} INFO - Processing file /home/airflow/.local/lib/python3.8/site-packages/airflow/example_dags/example_skip_dag.py for tasks to queue
[2024-08-16T22:32:47.700+0000] {logging_mixin.py:188} INFO - [2024-08-16T22:32:47.700+0000] {dagbag.py:538} INFO - Filling up the DagBag from /home/airflow/.local/lib/python3.8/site-packages/airflow/example_dags/example_skip_dag.py
[2024-08-16T22:32:47.706+0000] {processor.py:840} INFO - DAG(s) 'example_skip_dag' retrieved from /home/airflow/.local/lib/python3.8/site-packages/airflow/example_dags/example_skip_dag.py
[2024-08-16T22:32:47.725+0000] {logging_mixin.py:188} INFO - [2024-08-16T22:32:47.725+0000] {dag.py:3033} INFO - Sync 1 DAGs
[2024-08-16T22:32:47.746+0000] {logging_mixin.py:188} INFO - [2024-08-16T22:32:47.746+0000] {dag.py:3820} INFO - Setting next_dagrun for example_skip_dag to 2024-08-15T00:00:00+00:00, run_after=2024-08-16T00:00:00+00:00
[2024-08-16T22:32:47.765+0000] {processor.py:183} INFO - Processing /home/airflow/.local/lib/python3.8/site-packages/airflow/example_dags/example_skip_dag.py took 0.071 seconds
[2024-08-16T22:33:18.072+0000] {processor.py:161} INFO - Started process (PID=618) to work on /home/airflow/.local/lib/python3.8/site-packages/airflow/example_dags/example_skip_dag.py
[2024-08-16T22:33:18.073+0000] {processor.py:830} INFO - Processing file /home/airflow/.local/lib/python3.8/site-packages/airflow/example_dags/example_skip_dag.py for tasks to queue
[2024-08-16T22:33:18.075+0000] {logging_mixin.py:188} INFO - [2024-08-16T22:33:18.075+0000] {dagbag.py:538} INFO - Filling up the DagBag from /home/airflow/.local/lib/python3.8/site-packages/airflow/example_dags/example_skip_dag.py
[2024-08-16T22:33:18.082+0000] {processor.py:840} INFO - DAG(s) 'example_skip_dag' retrieved from /home/airflow/.local/lib/python3.8/site-packages/airflow/example_dags/example_skip_dag.py
[2024-08-16T22:33:18.104+0000] {logging_mixin.py:188} INFO - [2024-08-16T22:33:18.104+0000] {dag.py:3033} INFO - Sync 1 DAGs
[2024-08-16T22:33:18.124+0000] {logging_mixin.py:188} INFO - [2024-08-16T22:33:18.124+0000] {dag.py:3820} INFO - Setting next_dagrun for example_skip_dag to 2024-08-15T00:00:00+00:00, run_after=2024-08-16T00:00:00+00:00
[2024-08-16T22:33:18.145+0000] {processor.py:183} INFO - Processing /home/airflow/.local/lib/python3.8/site-packages/airflow/example_dags/example_skip_dag.py took 0.075 seconds
[2024-08-16T22:33:48.532+0000] {processor.py:161} INFO - Started process (PID=674) to work on /home/airflow/.local/lib/python3.8/site-packages/airflow/example_dags/example_skip_dag.py
[2024-08-16T22:33:48.532+0000] {processor.py:830} INFO - Processing file /home/airflow/.local/lib/python3.8/site-packages/airflow/example_dags/example_skip_dag.py for tasks to queue
[2024-08-16T22:33:48.535+0000] {logging_mixin.py:188} INFO - [2024-08-16T22:33:48.534+0000] {dagbag.py:538} INFO - Filling up the DagBag from /home/airflow/.local/lib/python3.8/site-packages/airflow/example_dags/example_skip_dag.py
[2024-08-16T22:33:48.540+0000] {processor.py:840} INFO - DAG(s) 'example_skip_dag' retrieved from /home/airflow/.local/lib/python3.8/site-packages/airflow/example_dags/example_skip_dag.py
[2024-08-16T22:33:48.562+0000] {logging_mixin.py:188} INFO - [2024-08-16T22:33:48.562+0000] {dag.py:3033} INFO - Sync 1 DAGs
[2024-08-16T22:33:48.582+0000] {logging_mixin.py:188} INFO - [2024-08-16T22:33:48.582+0000] {dag.py:3820} INFO - Setting next_dagrun for example_skip_dag to 2024-08-15T00:00:00+00:00, run_after=2024-08-16T00:00:00+00:00
[2024-08-16T22:33:48.602+0000] {processor.py:183} INFO - Processing /home/airflow/.local/lib/python3.8/site-packages/airflow/example_dags/example_skip_dag.py took 0.073 seconds
[2024-08-16T22:34:19.233+0000] {processor.py:161} INFO - Started process (PID=730) to work on /home/airflow/.local/lib/python3.8/site-packages/airflow/example_dags/example_skip_dag.py
[2024-08-16T22:34:19.234+0000] {processor.py:830} INFO - Processing file /home/airflow/.local/lib/python3.8/site-packages/airflow/example_dags/example_skip_dag.py for tasks to queue
[2024-08-16T22:34:19.236+0000] {logging_mixin.py:188} INFO - [2024-08-16T22:34:19.236+0000] {dagbag.py:538} INFO - Filling up the DagBag from /home/airflow/.local/lib/python3.8/site-packages/airflow/example_dags/example_skip_dag.py
[2024-08-16T22:34:19.245+0000] {processor.py:840} INFO - DAG(s) 'example_skip_dag' retrieved from /home/airflow/.local/lib/python3.8/site-packages/airflow/example_dags/example_skip_dag.py
[2024-08-16T22:34:19.270+0000] {logging_mixin.py:188} INFO - [2024-08-16T22:34:19.270+0000] {dag.py:3033} INFO - Sync 1 DAGs
[2024-08-16T22:34:19.294+0000] {logging_mixin.py:188} INFO - [2024-08-16T22:34:19.294+0000] {dag.py:3820} INFO - Setting next_dagrun for example_skip_dag to 2024-08-15T00:00:00+00:00, run_after=2024-08-16T00:00:00+00:00
[2024-08-16T22:34:19.316+0000] {processor.py:183} INFO - Processing /home/airflow/.local/lib/python3.8/site-packages/airflow/example_dags/example_skip_dag.py took 0.086 seconds
[2024-08-16T22:34:49.797+0000] {processor.py:161} INFO - Started process (PID=786) to work on /home/airflow/.local/lib/python3.8/site-packages/airflow/example_dags/example_skip_dag.py
[2024-08-16T22:34:49.798+0000] {processor.py:830} INFO - Processing file /home/airflow/.local/lib/python3.8/site-packages/airflow/example_dags/example_skip_dag.py for tasks to queue
[2024-08-16T22:34:49.800+0000] {logging_mixin.py:188} INFO - [2024-08-16T22:34:49.800+0000] {dagbag.py:538} INFO - Filling up the DagBag from /home/airflow/.local/lib/python3.8/site-packages/airflow/example_dags/example_skip_dag.py
[2024-08-16T22:34:49.806+0000] {processor.py:840} INFO - DAG(s) 'example_skip_dag' retrieved from /home/airflow/.local/lib/python3.8/site-packages/airflow/example_dags/example_skip_dag.py
[2024-08-16T22:34:49.826+0000] {logging_mixin.py:188} INFO - [2024-08-16T22:34:49.826+0000] {dag.py:3033} INFO - Sync 1 DAGs
[2024-08-16T22:34:49.846+0000] {logging_mixin.py:188} INFO - [2024-08-16T22:34:49.846+0000] {dag.py:3820} INFO - Setting next_dagrun for example_skip_dag to 2024-08-15T00:00:00+00:00, run_after=2024-08-16T00:00:00+00:00
[2024-08-16T22:34:49.864+0000] {processor.py:183} INFO - Processing /home/airflow/.local/lib/python3.8/site-packages/airflow/example_dags/example_skip_dag.py took 0.070 seconds
[2024-08-16T22:35:20.311+0000] {processor.py:161} INFO - Started process (PID=842) to work on /home/airflow/.local/lib/python3.8/site-packages/airflow/example_dags/example_skip_dag.py
[2024-08-16T22:35:20.312+0000] {processor.py:830} INFO - Processing file /home/airflow/.local/lib/python3.8/site-packages/airflow/example_dags/example_skip_dag.py for tasks to queue
[2024-08-16T22:35:20.314+0000] {logging_mixin.py:188} INFO - [2024-08-16T22:35:20.313+0000] {dagbag.py:538} INFO - Filling up the DagBag from /home/airflow/.local/lib/python3.8/site-packages/airflow/example_dags/example_skip_dag.py
[2024-08-16T22:35:20.320+0000] {processor.py:840} INFO - DAG(s) 'example_skip_dag' retrieved from /home/airflow/.local/lib/python3.8/site-packages/airflow/example_dags/example_skip_dag.py
[2024-08-16T22:35:20.340+0000] {logging_mixin.py:188} INFO - [2024-08-16T22:35:20.340+0000] {dag.py:3033} INFO - Sync 1 DAGs
[2024-08-16T22:35:20.361+0000] {logging_mixin.py:188} INFO - [2024-08-16T22:35:20.361+0000] {dag.py:3820} INFO - Setting next_dagrun for example_skip_dag to 2024-08-15T00:00:00+00:00, run_after=2024-08-16T00:00:00+00:00
[2024-08-16T22:35:20.379+0000] {processor.py:183} INFO - Processing /home/airflow/.local/lib/python3.8/site-packages/airflow/example_dags/example_skip_dag.py took 0.071 seconds
[2024-08-16T22:35:50.922+0000] {processor.py:161} INFO - Started process (PID=898) to work on /home/airflow/.local/lib/python3.8/site-packages/airflow/example_dags/example_skip_dag.py
[2024-08-16T22:35:50.922+0000] {processor.py:830} INFO - Processing file /home/airflow/.local/lib/python3.8/site-packages/airflow/example_dags/example_skip_dag.py for tasks to queue
[2024-08-16T22:35:50.924+0000] {logging_mixin.py:188} INFO - [2024-08-16T22:35:50.924+0000] {dagbag.py:538} INFO - Filling up the DagBag from /home/airflow/.local/lib/python3.8/site-packages/airflow/example_dags/example_skip_dag.py
[2024-08-16T22:35:50.931+0000] {processor.py:840} INFO - DAG(s) 'example_skip_dag' retrieved from /home/airflow/.local/lib/python3.8/site-packages/airflow/example_dags/example_skip_dag.py
[2024-08-16T22:35:50.951+0000] {logging_mixin.py:188} INFO - [2024-08-16T22:35:50.951+0000] {dag.py:3033} INFO - Sync 1 DAGs
[2024-08-16T22:35:50.971+0000] {logging_mixin.py:188} INFO - [2024-08-16T22:35:50.971+0000] {dag.py:3820} INFO - Setting next_dagrun for example_skip_dag to 2024-08-15T00:00:00+00:00, run_after=2024-08-16T00:00:00+00:00
[2024-08-16T22:35:50.994+0000] {processor.py:183} INFO - Processing /home/airflow/.local/lib/python3.8/site-packages/airflow/example_dags/example_skip_dag.py took 0.075 seconds
[2024-08-16T22:36:21.519+0000] {processor.py:161} INFO - Started process (PID=954) to work on /home/airflow/.local/lib/python3.8/site-packages/airflow/example_dags/example_skip_dag.py
[2024-08-16T22:36:21.520+0000] {processor.py:830} INFO - Processing file /home/airflow/.local/lib/python3.8/site-packages/airflow/example_dags/example_skip_dag.py for tasks to queue
[2024-08-16T22:36:21.522+0000] {logging_mixin.py:188} INFO - [2024-08-16T22:36:21.522+0000] {dagbag.py:538} INFO - Filling up the DagBag from /home/airflow/.local/lib/python3.8/site-packages/airflow/example_dags/example_skip_dag.py
[2024-08-16T22:36:21.528+0000] {processor.py:840} INFO - DAG(s) 'example_skip_dag' retrieved from /home/airflow/.local/lib/python3.8/site-packages/airflow/example_dags/example_skip_dag.py
[2024-08-16T22:36:21.549+0000] {logging_mixin.py:188} INFO - [2024-08-16T22:36:21.548+0000] {dag.py:3033} INFO - Sync 1 DAGs
[2024-08-16T22:36:21.569+0000] {logging_mixin.py:188} INFO - [2024-08-16T22:36:21.568+0000] {dag.py:3820} INFO - Setting next_dagrun for example_skip_dag to 2024-08-15T00:00:00+00:00, run_after=2024-08-16T00:00:00+00:00
[2024-08-16T22:36:21.588+0000] {processor.py:183} INFO - Processing /home/airflow/.local/lib/python3.8/site-packages/airflow/example_dags/example_skip_dag.py took 0.072 seconds
[2024-08-16T22:36:52.101+0000] {processor.py:161} INFO - Started process (PID=1010) to work on /home/airflow/.local/lib/python3.8/site-packages/airflow/example_dags/example_skip_dag.py
[2024-08-16T22:36:52.102+0000] {processor.py:830} INFO - Processing file /home/airflow/.local/lib/python3.8/site-packages/airflow/example_dags/example_skip_dag.py for tasks to queue
[2024-08-16T22:36:52.104+0000] {logging_mixin.py:188} INFO - [2024-08-16T22:36:52.104+0000] {dagbag.py:538} INFO - Filling up the DagBag from /home/airflow/.local/lib/python3.8/site-packages/airflow/example_dags/example_skip_dag.py
[2024-08-16T22:36:52.110+0000] {processor.py:840} INFO - DAG(s) 'example_skip_dag' retrieved from /home/airflow/.local/lib/python3.8/site-packages/airflow/example_dags/example_skip_dag.py
[2024-08-16T22:36:52.132+0000] {logging_mixin.py:188} INFO - [2024-08-16T22:36:52.132+0000] {dag.py:3033} INFO - Sync 1 DAGs
[2024-08-16T22:36:52.155+0000] {logging_mixin.py:188} INFO - [2024-08-16T22:36:52.155+0000] {dag.py:3820} INFO - Setting next_dagrun for example_skip_dag to 2024-08-15T00:00:00+00:00, run_after=2024-08-16T00:00:00+00:00
[2024-08-16T22:36:52.175+0000] {processor.py:183} INFO - Processing /home/airflow/.local/lib/python3.8/site-packages/airflow/example_dags/example_skip_dag.py took 0.077 seconds
