[2024-08-16T22:28:15.150+0000] {processor.py:161} INFO - Started process (PID=72) to work on /home/airflow/.local/lib/python3.8/site-packages/airflow/example_dags/example_sensor_decorator.py
[2024-08-16T22:28:15.153+0000] {processor.py:830} INFO - Processing file /home/airflow/.local/lib/python3.8/site-packages/airflow/example_dags/example_sensor_decorator.py for tasks to queue
[2024-08-16T22:28:15.158+0000] {logging_mixin.py:188} INFO - [2024-08-16T22:28:15.157+0000] {dagbag.py:538} INFO - Filling up the DagBag from /home/airflow/.local/lib/python3.8/site-packages/airflow/example_dags/example_sensor_decorator.py
[2024-08-16T22:28:15.167+0000] {processor.py:840} INFO - DAG(s) 'example_sensor_decorator' retrieved from /home/airflow/.local/lib/python3.8/site-packages/airflow/example_dags/example_sensor_decorator.py
[2024-08-16T22:28:15.183+0000] {logging_mixin.py:188} INFO - [2024-08-16T22:28:15.183+0000] {dag.py:3033} INFO - Sync 1 DAGs
[2024-08-16T22:28:15.201+0000] {logging_mixin.py:188} INFO - [2024-08-16T22:28:15.200+0000] {dag.py:3820} INFO - Setting next_dagrun for example_sensor_decorator to None, run_after=None
[2024-08-16T22:28:15.226+0000] {processor.py:183} INFO - Processing /home/airflow/.local/lib/python3.8/site-packages/airflow/example_dags/example_sensor_decorator.py took 0.081 seconds
[2024-08-16T22:28:46.517+0000] {processor.py:161} INFO - Started process (PID=128) to work on /home/airflow/.local/lib/python3.8/site-packages/airflow/example_dags/example_sensor_decorator.py
[2024-08-16T22:28:46.521+0000] {processor.py:830} INFO - Processing file /home/airflow/.local/lib/python3.8/site-packages/airflow/example_dags/example_sensor_decorator.py for tasks to queue
[2024-08-16T22:28:46.540+0000] {logging_mixin.py:188} INFO - [2024-08-16T22:28:46.540+0000] {dagbag.py:538} INFO - Filling up the DagBag from /home/airflow/.local/lib/python3.8/site-packages/airflow/example_dags/example_sensor_decorator.py
[2024-08-16T22:28:46.548+0000] {processor.py:840} INFO - DAG(s) 'example_sensor_decorator' retrieved from /home/airflow/.local/lib/python3.8/site-packages/airflow/example_dags/example_sensor_decorator.py
[2024-08-16T22:28:46.673+0000] {logging_mixin.py:188} INFO - [2024-08-16T22:28:46.673+0000] {dag.py:3033} INFO - Sync 1 DAGs
[2024-08-16T22:28:46.690+0000] {logging_mixin.py:188} INFO - [2024-08-16T22:28:46.690+0000] {dag.py:3820} INFO - Setting next_dagrun for example_sensor_decorator to None, run_after=None
[2024-08-16T22:28:46.718+0000] {processor.py:183} INFO - Processing /home/airflow/.local/lib/python3.8/site-packages/airflow/example_dags/example_sensor_decorator.py took 0.210 seconds
[2024-08-16T22:29:17.509+0000] {processor.py:161} INFO - Started process (PID=184) to work on /home/airflow/.local/lib/python3.8/site-packages/airflow/example_dags/example_sensor_decorator.py
[2024-08-16T22:29:17.510+0000] {processor.py:830} INFO - Processing file /home/airflow/.local/lib/python3.8/site-packages/airflow/example_dags/example_sensor_decorator.py for tasks to queue
[2024-08-16T22:29:17.513+0000] {logging_mixin.py:188} INFO - [2024-08-16T22:29:17.513+0000] {dagbag.py:538} INFO - Filling up the DagBag from /home/airflow/.local/lib/python3.8/site-packages/airflow/example_dags/example_sensor_decorator.py
[2024-08-16T22:29:17.519+0000] {processor.py:840} INFO - DAG(s) 'example_sensor_decorator' retrieved from /home/airflow/.local/lib/python3.8/site-packages/airflow/example_dags/example_sensor_decorator.py
[2024-08-16T22:29:17.539+0000] {logging_mixin.py:188} INFO - [2024-08-16T22:29:17.539+0000] {dag.py:3033} INFO - Sync 1 DAGs
[2024-08-16T22:29:17.553+0000] {logging_mixin.py:188} INFO - [2024-08-16T22:29:17.552+0000] {dag.py:3820} INFO - Setting next_dagrun for example_sensor_decorator to None, run_after=None
[2024-08-16T22:29:17.574+0000] {processor.py:183} INFO - Processing /home/airflow/.local/lib/python3.8/site-packages/airflow/example_dags/example_sensor_decorator.py took 0.067 seconds
[2024-08-16T22:29:47.663+0000] {processor.py:161} INFO - Started process (PID=239) to work on /home/airflow/.local/lib/python3.8/site-packages/airflow/example_dags/example_sensor_decorator.py
[2024-08-16T22:29:47.664+0000] {processor.py:830} INFO - Processing file /home/airflow/.local/lib/python3.8/site-packages/airflow/example_dags/example_sensor_decorator.py for tasks to queue
[2024-08-16T22:29:47.666+0000] {logging_mixin.py:188} INFO - [2024-08-16T22:29:47.666+0000] {dagbag.py:538} INFO - Filling up the DagBag from /home/airflow/.local/lib/python3.8/site-packages/airflow/example_dags/example_sensor_decorator.py
[2024-08-16T22:29:47.672+0000] {processor.py:840} INFO - DAG(s) 'example_sensor_decorator' retrieved from /home/airflow/.local/lib/python3.8/site-packages/airflow/example_dags/example_sensor_decorator.py
[2024-08-16T22:29:47.691+0000] {logging_mixin.py:188} INFO - [2024-08-16T22:29:47.691+0000] {dag.py:3033} INFO - Sync 1 DAGs
[2024-08-16T22:29:47.704+0000] {logging_mixin.py:188} INFO - [2024-08-16T22:29:47.703+0000] {dag.py:3820} INFO - Setting next_dagrun for example_sensor_decorator to None, run_after=None
[2024-08-16T22:29:47.724+0000] {processor.py:183} INFO - Processing /home/airflow/.local/lib/python3.8/site-packages/airflow/example_dags/example_sensor_decorator.py took 0.064 seconds
[2024-08-16T22:30:18.326+0000] {processor.py:161} INFO - Started process (PID=296) to work on /home/airflow/.local/lib/python3.8/site-packages/airflow/example_dags/example_sensor_decorator.py
[2024-08-16T22:30:18.327+0000] {processor.py:830} INFO - Processing file /home/airflow/.local/lib/python3.8/site-packages/airflow/example_dags/example_sensor_decorator.py for tasks to queue
[2024-08-16T22:30:18.329+0000] {logging_mixin.py:188} INFO - [2024-08-16T22:30:18.329+0000] {dagbag.py:538} INFO - Filling up the DagBag from /home/airflow/.local/lib/python3.8/site-packages/airflow/example_dags/example_sensor_decorator.py
[2024-08-16T22:30:18.335+0000] {processor.py:840} INFO - DAG(s) 'example_sensor_decorator' retrieved from /home/airflow/.local/lib/python3.8/site-packages/airflow/example_dags/example_sensor_decorator.py
[2024-08-16T22:30:18.352+0000] {logging_mixin.py:188} INFO - [2024-08-16T22:30:18.352+0000] {dag.py:3033} INFO - Sync 1 DAGs
[2024-08-16T22:30:18.363+0000] {logging_mixin.py:188} INFO - [2024-08-16T22:30:18.363+0000] {dag.py:3820} INFO - Setting next_dagrun for example_sensor_decorator to None, run_after=None
[2024-08-16T22:30:18.381+0000] {processor.py:183} INFO - Processing /home/airflow/.local/lib/python3.8/site-packages/airflow/example_dags/example_sensor_decorator.py took 0.058 seconds
[2024-08-16T22:30:49.391+0000] {processor.py:161} INFO - Started process (PID=352) to work on /home/airflow/.local/lib/python3.8/site-packages/airflow/example_dags/example_sensor_decorator.py
[2024-08-16T22:30:49.392+0000] {processor.py:830} INFO - Processing file /home/airflow/.local/lib/python3.8/site-packages/airflow/example_dags/example_sensor_decorator.py for tasks to queue
[2024-08-16T22:30:49.394+0000] {logging_mixin.py:188} INFO - [2024-08-16T22:30:49.394+0000] {dagbag.py:538} INFO - Filling up the DagBag from /home/airflow/.local/lib/python3.8/site-packages/airflow/example_dags/example_sensor_decorator.py
[2024-08-16T22:30:49.400+0000] {processor.py:840} INFO - DAG(s) 'example_sensor_decorator' retrieved from /home/airflow/.local/lib/python3.8/site-packages/airflow/example_dags/example_sensor_decorator.py
[2024-08-16T22:30:49.419+0000] {logging_mixin.py:188} INFO - [2024-08-16T22:30:49.419+0000] {dag.py:3033} INFO - Sync 1 DAGs
[2024-08-16T22:30:49.431+0000] {logging_mixin.py:188} INFO - [2024-08-16T22:30:49.431+0000] {dag.py:3820} INFO - Setting next_dagrun for example_sensor_decorator to None, run_after=None
[2024-08-16T22:30:49.474+0000] {processor.py:183} INFO - Processing /home/airflow/.local/lib/python3.8/site-packages/airflow/example_dags/example_sensor_decorator.py took 0.086 seconds
[2024-08-16T22:31:19.612+0000] {processor.py:161} INFO - Started process (PID=407) to work on /home/airflow/.local/lib/python3.8/site-packages/airflow/example_dags/example_sensor_decorator.py
[2024-08-16T22:31:19.613+0000] {processor.py:830} INFO - Processing file /home/airflow/.local/lib/python3.8/site-packages/airflow/example_dags/example_sensor_decorator.py for tasks to queue
[2024-08-16T22:31:19.615+0000] {logging_mixin.py:188} INFO - [2024-08-16T22:31:19.615+0000] {dagbag.py:538} INFO - Filling up the DagBag from /home/airflow/.local/lib/python3.8/site-packages/airflow/example_dags/example_sensor_decorator.py
[2024-08-16T22:31:19.621+0000] {processor.py:840} INFO - DAG(s) 'example_sensor_decorator' retrieved from /home/airflow/.local/lib/python3.8/site-packages/airflow/example_dags/example_sensor_decorator.py
[2024-08-16T22:31:19.638+0000] {logging_mixin.py:188} INFO - [2024-08-16T22:31:19.638+0000] {dag.py:3033} INFO - Sync 1 DAGs
[2024-08-16T22:31:19.650+0000] {logging_mixin.py:188} INFO - [2024-08-16T22:31:19.650+0000] {dag.py:3820} INFO - Setting next_dagrun for example_sensor_decorator to None, run_after=None
[2024-08-16T22:31:19.671+0000] {processor.py:183} INFO - Processing /home/airflow/.local/lib/python3.8/site-packages/airflow/example_dags/example_sensor_decorator.py took 0.061 seconds
[2024-08-16T22:31:50.076+0000] {processor.py:161} INFO - Started process (PID=464) to work on /home/airflow/.local/lib/python3.8/site-packages/airflow/example_dags/example_sensor_decorator.py
[2024-08-16T22:31:50.077+0000] {processor.py:830} INFO - Processing file /home/airflow/.local/lib/python3.8/site-packages/airflow/example_dags/example_sensor_decorator.py for tasks to queue
[2024-08-16T22:31:50.079+0000] {logging_mixin.py:188} INFO - [2024-08-16T22:31:50.078+0000] {dagbag.py:538} INFO - Filling up the DagBag from /home/airflow/.local/lib/python3.8/site-packages/airflow/example_dags/example_sensor_decorator.py
[2024-08-16T22:31:50.084+0000] {processor.py:840} INFO - DAG(s) 'example_sensor_decorator' retrieved from /home/airflow/.local/lib/python3.8/site-packages/airflow/example_dags/example_sensor_decorator.py
[2024-08-16T22:31:50.102+0000] {logging_mixin.py:188} INFO - [2024-08-16T22:31:50.101+0000] {dag.py:3033} INFO - Sync 1 DAGs
[2024-08-16T22:31:50.114+0000] {logging_mixin.py:188} INFO - [2024-08-16T22:31:50.113+0000] {dag.py:3820} INFO - Setting next_dagrun for example_sensor_decorator to None, run_after=None
[2024-08-16T22:31:50.134+0000] {processor.py:183} INFO - Processing /home/airflow/.local/lib/python3.8/site-packages/airflow/example_dags/example_sensor_decorator.py took 0.061 seconds
[2024-08-16T22:32:20.366+0000] {processor.py:161} INFO - Started process (PID=520) to work on /home/airflow/.local/lib/python3.8/site-packages/airflow/example_dags/example_sensor_decorator.py
[2024-08-16T22:32:20.367+0000] {processor.py:830} INFO - Processing file /home/airflow/.local/lib/python3.8/site-packages/airflow/example_dags/example_sensor_decorator.py for tasks to queue
[2024-08-16T22:32:20.369+0000] {logging_mixin.py:188} INFO - [2024-08-16T22:32:20.369+0000] {dagbag.py:538} INFO - Filling up the DagBag from /home/airflow/.local/lib/python3.8/site-packages/airflow/example_dags/example_sensor_decorator.py
[2024-08-16T22:32:20.374+0000] {processor.py:840} INFO - DAG(s) 'example_sensor_decorator' retrieved from /home/airflow/.local/lib/python3.8/site-packages/airflow/example_dags/example_sensor_decorator.py
[2024-08-16T22:32:20.391+0000] {logging_mixin.py:188} INFO - [2024-08-16T22:32:20.391+0000] {dag.py:3033} INFO - Sync 1 DAGs
[2024-08-16T22:32:20.402+0000] {logging_mixin.py:188} INFO - [2024-08-16T22:32:20.402+0000] {dag.py:3820} INFO - Setting next_dagrun for example_sensor_decorator to None, run_after=None
[2024-08-16T22:32:20.421+0000] {processor.py:183} INFO - Processing /home/airflow/.local/lib/python3.8/site-packages/airflow/example_dags/example_sensor_decorator.py took 0.058 seconds
[2024-08-16T22:32:50.493+0000] {processor.py:161} INFO - Started process (PID=575) to work on /home/airflow/.local/lib/python3.8/site-packages/airflow/example_dags/example_sensor_decorator.py
[2024-08-16T22:32:50.494+0000] {processor.py:830} INFO - Processing file /home/airflow/.local/lib/python3.8/site-packages/airflow/example_dags/example_sensor_decorator.py for tasks to queue
[2024-08-16T22:32:50.496+0000] {logging_mixin.py:188} INFO - [2024-08-16T22:32:50.496+0000] {dagbag.py:538} INFO - Filling up the DagBag from /home/airflow/.local/lib/python3.8/site-packages/airflow/example_dags/example_sensor_decorator.py
[2024-08-16T22:32:50.502+0000] {processor.py:840} INFO - DAG(s) 'example_sensor_decorator' retrieved from /home/airflow/.local/lib/python3.8/site-packages/airflow/example_dags/example_sensor_decorator.py
[2024-08-16T22:32:50.520+0000] {logging_mixin.py:188} INFO - [2024-08-16T22:32:50.520+0000] {dag.py:3033} INFO - Sync 1 DAGs
[2024-08-16T22:32:50.531+0000] {logging_mixin.py:188} INFO - [2024-08-16T22:32:50.531+0000] {dag.py:3820} INFO - Setting next_dagrun for example_sensor_decorator to None, run_after=None
[2024-08-16T22:32:50.550+0000] {processor.py:183} INFO - Processing /home/airflow/.local/lib/python3.8/site-packages/airflow/example_dags/example_sensor_decorator.py took 0.060 seconds
[2024-08-16T22:33:20.690+0000] {processor.py:161} INFO - Started process (PID=631) to work on /home/airflow/.local/lib/python3.8/site-packages/airflow/example_dags/example_sensor_decorator.py
[2024-08-16T22:33:20.691+0000] {processor.py:830} INFO - Processing file /home/airflow/.local/lib/python3.8/site-packages/airflow/example_dags/example_sensor_decorator.py for tasks to queue
[2024-08-16T22:33:20.695+0000] {logging_mixin.py:188} INFO - [2024-08-16T22:33:20.694+0000] {dagbag.py:538} INFO - Filling up the DagBag from /home/airflow/.local/lib/python3.8/site-packages/airflow/example_dags/example_sensor_decorator.py
[2024-08-16T22:33:20.705+0000] {processor.py:840} INFO - DAG(s) 'example_sensor_decorator' retrieved from /home/airflow/.local/lib/python3.8/site-packages/airflow/example_dags/example_sensor_decorator.py
[2024-08-16T22:33:20.726+0000] {logging_mixin.py:188} INFO - [2024-08-16T22:33:20.725+0000] {dag.py:3033} INFO - Sync 1 DAGs
[2024-08-16T22:33:20.738+0000] {logging_mixin.py:188} INFO - [2024-08-16T22:33:20.738+0000] {dag.py:3820} INFO - Setting next_dagrun for example_sensor_decorator to None, run_after=None
[2024-08-16T22:33:20.759+0000] {processor.py:183} INFO - Processing /home/airflow/.local/lib/python3.8/site-packages/airflow/example_dags/example_sensor_decorator.py took 0.073 seconds
[2024-08-16T22:33:51.147+0000] {processor.py:161} INFO - Started process (PID=687) to work on /home/airflow/.local/lib/python3.8/site-packages/airflow/example_dags/example_sensor_decorator.py
[2024-08-16T22:33:51.148+0000] {processor.py:830} INFO - Processing file /home/airflow/.local/lib/python3.8/site-packages/airflow/example_dags/example_sensor_decorator.py for tasks to queue
[2024-08-16T22:33:51.150+0000] {logging_mixin.py:188} INFO - [2024-08-16T22:33:51.150+0000] {dagbag.py:538} INFO - Filling up the DagBag from /home/airflow/.local/lib/python3.8/site-packages/airflow/example_dags/example_sensor_decorator.py
[2024-08-16T22:33:51.155+0000] {processor.py:840} INFO - DAG(s) 'example_sensor_decorator' retrieved from /home/airflow/.local/lib/python3.8/site-packages/airflow/example_dags/example_sensor_decorator.py
[2024-08-16T22:33:51.173+0000] {logging_mixin.py:188} INFO - [2024-08-16T22:33:51.173+0000] {dag.py:3033} INFO - Sync 1 DAGs
[2024-08-16T22:33:51.185+0000] {logging_mixin.py:188} INFO - [2024-08-16T22:33:51.185+0000] {dag.py:3820} INFO - Setting next_dagrun for example_sensor_decorator to None, run_after=None
[2024-08-16T22:33:51.204+0000] {processor.py:183} INFO - Processing /home/airflow/.local/lib/python3.8/site-packages/airflow/example_dags/example_sensor_decorator.py took 0.060 seconds
[2024-08-16T22:34:21.943+0000] {processor.py:161} INFO - Started process (PID=744) to work on /home/airflow/.local/lib/python3.8/site-packages/airflow/example_dags/example_sensor_decorator.py
[2024-08-16T22:34:21.944+0000] {processor.py:830} INFO - Processing file /home/airflow/.local/lib/python3.8/site-packages/airflow/example_dags/example_sensor_decorator.py for tasks to queue
[2024-08-16T22:34:21.945+0000] {logging_mixin.py:188} INFO - [2024-08-16T22:34:21.945+0000] {dagbag.py:538} INFO - Filling up the DagBag from /home/airflow/.local/lib/python3.8/site-packages/airflow/example_dags/example_sensor_decorator.py
[2024-08-16T22:34:21.951+0000] {processor.py:840} INFO - DAG(s) 'example_sensor_decorator' retrieved from /home/airflow/.local/lib/python3.8/site-packages/airflow/example_dags/example_sensor_decorator.py
[2024-08-16T22:34:21.968+0000] {logging_mixin.py:188} INFO - [2024-08-16T22:34:21.968+0000] {dag.py:3033} INFO - Sync 1 DAGs
[2024-08-16T22:34:21.979+0000] {logging_mixin.py:188} INFO - [2024-08-16T22:34:21.979+0000] {dag.py:3820} INFO - Setting next_dagrun for example_sensor_decorator to None, run_after=None
[2024-08-16T22:34:22.000+0000] {processor.py:183} INFO - Processing /home/airflow/.local/lib/python3.8/site-packages/airflow/example_dags/example_sensor_decorator.py took 0.060 seconds
[2024-08-16T22:34:52.474+0000] {processor.py:161} INFO - Started process (PID=800) to work on /home/airflow/.local/lib/python3.8/site-packages/airflow/example_dags/example_sensor_decorator.py
[2024-08-16T22:34:52.475+0000] {processor.py:830} INFO - Processing file /home/airflow/.local/lib/python3.8/site-packages/airflow/example_dags/example_sensor_decorator.py for tasks to queue
[2024-08-16T22:34:52.477+0000] {logging_mixin.py:188} INFO - [2024-08-16T22:34:52.477+0000] {dagbag.py:538} INFO - Filling up the DagBag from /home/airflow/.local/lib/python3.8/site-packages/airflow/example_dags/example_sensor_decorator.py
[2024-08-16T22:34:52.482+0000] {processor.py:840} INFO - DAG(s) 'example_sensor_decorator' retrieved from /home/airflow/.local/lib/python3.8/site-packages/airflow/example_dags/example_sensor_decorator.py
[2024-08-16T22:34:52.499+0000] {logging_mixin.py:188} INFO - [2024-08-16T22:34:52.499+0000] {dag.py:3033} INFO - Sync 1 DAGs
[2024-08-16T22:34:52.511+0000] {logging_mixin.py:188} INFO - [2024-08-16T22:34:52.511+0000] {dag.py:3820} INFO - Setting next_dagrun for example_sensor_decorator to None, run_after=None
[2024-08-16T22:34:52.530+0000] {processor.py:183} INFO - Processing /home/airflow/.local/lib/python3.8/site-packages/airflow/example_dags/example_sensor_decorator.py took 0.059 seconds
[2024-08-16T22:35:23.015+0000] {processor.py:161} INFO - Started process (PID=856) to work on /home/airflow/.local/lib/python3.8/site-packages/airflow/example_dags/example_sensor_decorator.py
[2024-08-16T22:35:23.016+0000] {processor.py:830} INFO - Processing file /home/airflow/.local/lib/python3.8/site-packages/airflow/example_dags/example_sensor_decorator.py for tasks to queue
[2024-08-16T22:35:23.018+0000] {logging_mixin.py:188} INFO - [2024-08-16T22:35:23.018+0000] {dagbag.py:538} INFO - Filling up the DagBag from /home/airflow/.local/lib/python3.8/site-packages/airflow/example_dags/example_sensor_decorator.py
[2024-08-16T22:35:23.023+0000] {processor.py:840} INFO - DAG(s) 'example_sensor_decorator' retrieved from /home/airflow/.local/lib/python3.8/site-packages/airflow/example_dags/example_sensor_decorator.py
[2024-08-16T22:35:23.041+0000] {logging_mixin.py:188} INFO - [2024-08-16T22:35:23.041+0000] {dag.py:3033} INFO - Sync 1 DAGs
[2024-08-16T22:35:23.053+0000] {logging_mixin.py:188} INFO - [2024-08-16T22:35:23.052+0000] {dag.py:3820} INFO - Setting next_dagrun for example_sensor_decorator to None, run_after=None
[2024-08-16T22:35:23.073+0000] {processor.py:183} INFO - Processing /home/airflow/.local/lib/python3.8/site-packages/airflow/example_dags/example_sensor_decorator.py took 0.061 seconds
[2024-08-16T22:35:53.583+0000] {processor.py:161} INFO - Started process (PID=912) to work on /home/airflow/.local/lib/python3.8/site-packages/airflow/example_dags/example_sensor_decorator.py
[2024-08-16T22:35:53.584+0000] {processor.py:830} INFO - Processing file /home/airflow/.local/lib/python3.8/site-packages/airflow/example_dags/example_sensor_decorator.py for tasks to queue
[2024-08-16T22:35:53.586+0000] {logging_mixin.py:188} INFO - [2024-08-16T22:35:53.586+0000] {dagbag.py:538} INFO - Filling up the DagBag from /home/airflow/.local/lib/python3.8/site-packages/airflow/example_dags/example_sensor_decorator.py
[2024-08-16T22:35:53.591+0000] {processor.py:840} INFO - DAG(s) 'example_sensor_decorator' retrieved from /home/airflow/.local/lib/python3.8/site-packages/airflow/example_dags/example_sensor_decorator.py
[2024-08-16T22:35:53.608+0000] {logging_mixin.py:188} INFO - [2024-08-16T22:35:53.608+0000] {dag.py:3033} INFO - Sync 1 DAGs
[2024-08-16T22:35:53.620+0000] {logging_mixin.py:188} INFO - [2024-08-16T22:35:53.620+0000] {dag.py:3820} INFO - Setting next_dagrun for example_sensor_decorator to None, run_after=None
[2024-08-16T22:35:53.637+0000] {processor.py:183} INFO - Processing /home/airflow/.local/lib/python3.8/site-packages/airflow/example_dags/example_sensor_decorator.py took 0.057 seconds
[2024-08-16T22:36:24.200+0000] {processor.py:161} INFO - Started process (PID=968) to work on /home/airflow/.local/lib/python3.8/site-packages/airflow/example_dags/example_sensor_decorator.py
[2024-08-16T22:36:24.201+0000] {processor.py:830} INFO - Processing file /home/airflow/.local/lib/python3.8/site-packages/airflow/example_dags/example_sensor_decorator.py for tasks to queue
[2024-08-16T22:36:24.203+0000] {logging_mixin.py:188} INFO - [2024-08-16T22:36:24.203+0000] {dagbag.py:538} INFO - Filling up the DagBag from /home/airflow/.local/lib/python3.8/site-packages/airflow/example_dags/example_sensor_decorator.py
[2024-08-16T22:36:24.216+0000] {processor.py:840} INFO - DAG(s) 'example_sensor_decorator' retrieved from /home/airflow/.local/lib/python3.8/site-packages/airflow/example_dags/example_sensor_decorator.py
[2024-08-16T22:36:24.238+0000] {logging_mixin.py:188} INFO - [2024-08-16T22:36:24.237+0000] {dag.py:3033} INFO - Sync 1 DAGs
[2024-08-16T22:36:24.250+0000] {logging_mixin.py:188} INFO - [2024-08-16T22:36:24.250+0000] {dag.py:3820} INFO - Setting next_dagrun for example_sensor_decorator to None, run_after=None
[2024-08-16T22:36:24.268+0000] {processor.py:183} INFO - Processing /home/airflow/.local/lib/python3.8/site-packages/airflow/example_dags/example_sensor_decorator.py took 0.071 seconds
[2024-08-16T22:36:54.787+0000] {processor.py:161} INFO - Started process (PID=1024) to work on /home/airflow/.local/lib/python3.8/site-packages/airflow/example_dags/example_sensor_decorator.py
[2024-08-16T22:36:54.788+0000] {processor.py:830} INFO - Processing file /home/airflow/.local/lib/python3.8/site-packages/airflow/example_dags/example_sensor_decorator.py for tasks to queue
[2024-08-16T22:36:54.790+0000] {logging_mixin.py:188} INFO - [2024-08-16T22:36:54.790+0000] {dagbag.py:538} INFO - Filling up the DagBag from /home/airflow/.local/lib/python3.8/site-packages/airflow/example_dags/example_sensor_decorator.py
[2024-08-16T22:36:54.796+0000] {processor.py:840} INFO - DAG(s) 'example_sensor_decorator' retrieved from /home/airflow/.local/lib/python3.8/site-packages/airflow/example_dags/example_sensor_decorator.py
[2024-08-16T22:36:54.816+0000] {logging_mixin.py:188} INFO - [2024-08-16T22:36:54.816+0000] {dag.py:3033} INFO - Sync 1 DAGs
[2024-08-16T22:36:54.828+0000] {logging_mixin.py:188} INFO - [2024-08-16T22:36:54.828+0000] {dag.py:3820} INFO - Setting next_dagrun for example_sensor_decorator to None, run_after=None
[2024-08-16T22:36:54.850+0000] {processor.py:183} INFO - Processing /home/airflow/.local/lib/python3.8/site-packages/airflow/example_dags/example_sensor_decorator.py took 0.065 seconds
