[2024-09-21T19:42:30.152+0000] {local_task_job_runner.py:123} INFO - ::group::Pre task execution logs
[2024-09-21T19:42:30.175+0000] {taskinstance.py:2612} INFO - Dependencies all met for dep_context=non-requeueable deps ti=<TaskInstance: SitesWebScraping.create_container_kabum manual__2024-09-21T19:42:28.555940+00:00 [queued]>
[2024-09-21T19:42:30.184+0000] {taskinstance.py:2612} INFO - Dependencies all met for dep_context=requeueable deps ti=<TaskInstance: SitesWebScraping.create_container_kabum manual__2024-09-21T19:42:28.555940+00:00 [queued]>
[2024-09-21T19:42:30.185+0000] {taskinstance.py:2865} INFO - Starting attempt 1 of 1
[2024-09-21T19:42:30.212+0000] {taskinstance.py:2888} INFO - Executing <Task(CreateContainerInDataLake): create_container_kabum> on 2024-09-21 19:42:28.555940+00:00
[2024-09-21T19:42:30.219+0000] {warnings.py:112} WARNING - /home/***/.local/lib/python3.12/site-packages/***/task/task_runner/standard_task_runner.py:70: DeprecationWarning: This process (pid=287) is multi-threaded, use of fork() may lead to deadlocks in the child.
  pid = os.fork()

[2024-09-21T19:42:30.221+0000] {standard_task_runner.py:72} INFO - Started process 290 to run task
[2024-09-21T19:42:30.224+0000] {standard_task_runner.py:104} INFO - Running: ['***', 'tasks', 'run', 'SitesWebScraping', 'create_container_kabum', 'manual__2024-09-21T19:42:28.555940+00:00', '--job-id', '302', '--raw', '--subdir', 'DAGS_FOLDER/DagWebScraping.py', '--cfg-path', '/tmp/tmp4qba3lri']
[2024-09-21T19:42:30.227+0000] {standard_task_runner.py:105} INFO - Job 302: Subtask create_container_kabum
[2024-09-21T19:42:30.360+0000] {task_command.py:467} INFO - Running <TaskInstance: SitesWebScraping.create_container_kabum manual__2024-09-21T19:42:28.555940+00:00 [running]> on host 5e231fc45183
[2024-09-21T19:42:30.451+0000] {taskinstance.py:3131} INFO - Exporting env vars: AIRFLOW_CTX_DAG_OWNER='***' AIRFLOW_CTX_DAG_ID='SitesWebScraping' AIRFLOW_CTX_TASK_ID='create_container_kabum' AIRFLOW_CTX_EXECUTION_DATE='2024-09-21T19:42:28.555940+00:00' AIRFLOW_CTX_TRY_NUMBER='1' AIRFLOW_CTX_DAG_RUN_ID='manual__2024-09-21T19:42:28.555940+00:00'
[2024-09-21T19:42:30.453+0000] {taskinstance.py:731} INFO - ::endgroup::
[2024-09-21T19:42:30.468+0000] {baseoperator.py:405} WARNING - CreateContainerInDataLake.execute cannot be called outside TaskInstance!
[2024-09-21T19:42:30.469+0000] {subprocess.py:63} INFO - Tmp dir root location: /tmp
[2024-09-21T19:42:30.470+0000] {subprocess.py:75} INFO - Running command: ['/usr/bin/bash', '-c', 'mkdir -p /opt/***/datalake/rawzone/kabum=2024-09-21']
[2024-09-21T19:42:30.482+0000] {subprocess.py:86} INFO - Output:
[2024-09-21T19:42:30.488+0000] {subprocess.py:97} INFO - Command exited with return code 0
[2024-09-21T19:42:30.519+0000] {taskinstance.py:340} INFO - ::group::Post task execution logs
[2024-09-21T19:42:30.520+0000] {taskinstance.py:352} INFO - Marking task as SUCCESS. dag_id=SitesWebScraping, task_id=create_container_kabum, run_id=manual__2024-09-21T19:42:28.555940+00:00, execution_date=20240921T194228, start_date=20240921T194230, end_date=20240921T194230
[2024-09-21T19:42:30.556+0000] {local_task_job_runner.py:266} INFO - Task exited with return code 0
[2024-09-21T19:42:30.565+0000] {local_task_job_runner.py:245} INFO - ::endgroup::
