[2024-10-05T13:15:22.919+0000] {local_task_job_runner.py:123} INFO - ::group::Pre task execution logs
[2024-10-05T13:15:22.940+0000] {taskinstance.py:2612} INFO - Dependencies all met for dep_context=non-requeueable deps ti=<TaskInstance: Pipeline_kabum.pichau_tasks.Web_Extraction_pichau manual__2024-10-05T13:15:19.504571+00:00 [queued]>
[2024-10-05T13:15:22.949+0000] {taskinstance.py:2612} INFO - Dependencies all met for dep_context=requeueable deps ti=<TaskInstance: Pipeline_kabum.pichau_tasks.Web_Extraction_pichau manual__2024-10-05T13:15:19.504571+00:00 [queued]>
[2024-10-05T13:15:22.950+0000] {taskinstance.py:2865} INFO - Starting attempt 1 of 1
[2024-10-05T13:15:22.966+0000] {taskinstance.py:2888} INFO - Executing <Task(OperatorSiteA): pichau_tasks.Web_Extraction_pichau> on 2024-10-05 13:15:19.504571+00:00
[2024-10-05T13:15:22.972+0000] {warnings.py:112} WARNING - /home/***/.local/lib/python3.12/site-packages/***/task/task_runner/standard_task_runner.py:70: DeprecationWarning: This process (pid=2622) is multi-threaded, use of fork() may lead to deadlocks in the child.
  pid = os.fork()

[2024-10-05T13:15:22.974+0000] {standard_task_runner.py:72} INFO - Started process 2623 to run task
[2024-10-05T13:15:22.973+0000] {standard_task_runner.py:104} INFO - Running: ['***', 'tasks', 'run', 'Pipeline_kabum', 'pichau_tasks.Web_Extraction_pichau', 'manual__2024-10-05T13:15:19.504571+00:00', '--job-id', '1163', '--raw', '--subdir', 'DAGS_FOLDER/DagWebScraping.py', '--cfg-path', '/tmp/tmp5gcwdj8y']
[2024-10-05T13:15:22.975+0000] {standard_task_runner.py:105} INFO - Job 1163: Subtask pichau_tasks.Web_Extraction_pichau
[2024-10-05T13:15:23.020+0000] {task_command.py:467} INFO - Running <TaskInstance: Pipeline_kabum.pichau_tasks.Web_Extraction_pichau manual__2024-10-05T13:15:19.504571+00:00 [running]> on host e823e678f418
[2024-10-05T13:15:23.095+0000] {taskinstance.py:3131} INFO - Exporting env vars: AIRFLOW_CTX_DAG_OWNER='***' AIRFLOW_CTX_DAG_ID='Pipeline_kabum' AIRFLOW_CTX_TASK_ID='pichau_tasks.Web_Extraction_pichau' AIRFLOW_CTX_EXECUTION_DATE='2024-10-05T13:15:19.504571+00:00' AIRFLOW_CTX_TRY_NUMBER='1' AIRFLOW_CTX_DAG_RUN_ID='manual__2024-10-05T13:15:19.504571+00:00'
[2024-10-05T13:15:23.096+0000] {taskinstance.py:731} INFO - ::endgroup::
[2024-10-05T13:17:40.503+0000] {taskinstance.py:3310} ERROR - Task failed with exception
Traceback (most recent call last):
  File "/home/airflow/.local/lib/python3.12/site-packages/airflow/models/taskinstance.py", line 767, in _execute_task
    result = _execute_callable(context=context, **execute_callable_kwargs)
             ^^^^^^^^^^^^^^^^^^^^^^^^^^^^^^^^^^^^^^^^^^^^^^^^^^^^^^^^^^^^^
  File "/home/airflow/.local/lib/python3.12/site-packages/airflow/models/taskinstance.py", line 733, in _execute_callable
    return ExecutionCallableRunner(
           ^^^^^^^^^^^^^^^^^^^^^^^^
  File "/home/airflow/.local/lib/python3.12/site-packages/airflow/utils/operator_helpers.py", line 252, in run
    return self.func(*args, **kwargs)
           ^^^^^^^^^^^^^^^^^^^^^^^^^^
  File "/home/airflow/.local/lib/python3.12/site-packages/airflow/models/baseoperator.py", line 406, in wrapper
    return func(self, *args, **kwargs)
           ^^^^^^^^^^^^^^^^^^^^^^^^^^^
  File "/opt/airflow/operators/OperatorSiteA.py", line 98, in execute
    self.SaveFile(context)
  File "/opt/airflow/operators/OperatorSiteBase.py", line 75, in SaveFile
    filepath = os.path.join(path, 'data.json')
               ^^^^^^^^^^^^^^^^^^^^^^^^^^^^^^^
  File "<frozen posixpath>", line 76, in join
TypeError: expected str, bytes or os.PathLike object, not NoneType
[2024-10-05T13:17:40.517+0000] {taskinstance.py:1225} INFO - Marking task as FAILED. dag_id=Pipeline_kabum, task_id=pichau_tasks.Web_Extraction_pichau, run_id=manual__2024-10-05T13:15:19.504571+00:00, execution_date=20241005T131519, start_date=20241005T131522, end_date=20241005T131740
[2024-10-05T13:17:40.539+0000] {taskinstance.py:340} INFO - ::group::Post task execution logs
[2024-10-05T13:17:40.542+0000] {standard_task_runner.py:124} ERROR - Failed to execute job 1163 for task pichau_tasks.Web_Extraction_pichau (expected str, bytes or os.PathLike object, not NoneType; 2623)
Traceback (most recent call last):
  File "/home/airflow/.local/lib/python3.12/site-packages/airflow/task/task_runner/standard_task_runner.py", line 117, in _start_by_fork
    ret = args.func(args, dag=self.dag)
          ^^^^^^^^^^^^^^^^^^^^^^^^^^^^^
  File "/home/airflow/.local/lib/python3.12/site-packages/airflow/cli/cli_config.py", line 49, in command
    return func(*args, **kwargs)
           ^^^^^^^^^^^^^^^^^^^^^
  File "/home/airflow/.local/lib/python3.12/site-packages/airflow/utils/cli.py", line 115, in wrapper
    return f(*args, **kwargs)
           ^^^^^^^^^^^^^^^^^^
  File "/home/airflow/.local/lib/python3.12/site-packages/airflow/cli/commands/task_command.py", line 483, in task_run
    task_return_code = _run_task_by_selected_method(args, _dag, ti)
                       ^^^^^^^^^^^^^^^^^^^^^^^^^^^^^^^^^^^^^^^^^^^^
  File "/home/airflow/.local/lib/python3.12/site-packages/airflow/cli/commands/task_command.py", line 256, in _run_task_by_selected_method
    return _run_raw_task(args, ti)
           ^^^^^^^^^^^^^^^^^^^^^^^
  File "/home/airflow/.local/lib/python3.12/site-packages/airflow/cli/commands/task_command.py", line 341, in _run_raw_task
    return ti._run_raw_task(
           ^^^^^^^^^^^^^^^^^
  File "/home/airflow/.local/lib/python3.12/site-packages/airflow/utils/session.py", line 97, in wrapper
    return func(*args, session=session, **kwargs)
           ^^^^^^^^^^^^^^^^^^^^^^^^^^^^^^^^^^^^^^
  File "/home/airflow/.local/lib/python3.12/site-packages/airflow/models/taskinstance.py", line 3004, in _run_raw_task
    return _run_raw_task(
           ^^^^^^^^^^^^^^
  File "/home/airflow/.local/lib/python3.12/site-packages/airflow/models/taskinstance.py", line 273, in _run_raw_task
    TaskInstance._execute_task_with_callbacks(
  File "/home/airflow/.local/lib/python3.12/site-packages/airflow/models/taskinstance.py", line 3158, in _execute_task_with_callbacks
    result = self._execute_task(context, task_orig)
             ^^^^^^^^^^^^^^^^^^^^^^^^^^^^^^^^^^^^^^
  File "/home/airflow/.local/lib/python3.12/site-packages/airflow/models/taskinstance.py", line 3182, in _execute_task
    return _execute_task(self, context, task_orig)
           ^^^^^^^^^^^^^^^^^^^^^^^^^^^^^^^^^^^^^^^
  File "/home/airflow/.local/lib/python3.12/site-packages/airflow/models/taskinstance.py", line 767, in _execute_task
    result = _execute_callable(context=context, **execute_callable_kwargs)
             ^^^^^^^^^^^^^^^^^^^^^^^^^^^^^^^^^^^^^^^^^^^^^^^^^^^^^^^^^^^^^
  File "/home/airflow/.local/lib/python3.12/site-packages/airflow/models/taskinstance.py", line 733, in _execute_callable
    return ExecutionCallableRunner(
           ^^^^^^^^^^^^^^^^^^^^^^^^
  File "/home/airflow/.local/lib/python3.12/site-packages/airflow/utils/operator_helpers.py", line 252, in run
    return self.func(*args, **kwargs)
           ^^^^^^^^^^^^^^^^^^^^^^^^^^
  File "/home/airflow/.local/lib/python3.12/site-packages/airflow/models/baseoperator.py", line 406, in wrapper
    return func(self, *args, **kwargs)
           ^^^^^^^^^^^^^^^^^^^^^^^^^^^
  File "/opt/airflow/operators/OperatorSiteA.py", line 98, in execute
    self.SaveFile(context)
  File "/opt/airflow/operators/OperatorSiteBase.py", line 75, in SaveFile
    filepath = os.path.join(path, 'data.json')
               ^^^^^^^^^^^^^^^^^^^^^^^^^^^^^^^
  File "<frozen posixpath>", line 76, in join
TypeError: expected str, bytes or os.PathLike object, not NoneType
[2024-10-05T13:17:40.576+0000] {local_task_job_runner.py:266} INFO - Task exited with return code 1
[2024-10-05T13:17:40.596+0000] {taskinstance.py:3900} INFO - 0 downstream tasks scheduled from follow-on schedule check
[2024-10-05T13:17:40.601+0000] {local_task_job_runner.py:245} INFO - ::endgroup::
