[2024-10-03T21:54:41.358+0000] {local_task_job_runner.py:123} INFO - ::group::Pre task execution logs
[2024-10-03T21:54:41.376+0000] {taskinstance.py:2612} INFO - Dependencies all met for dep_context=non-requeueable deps ti=<TaskInstance: SitesWebScraping.Check_for_file manual__2024-10-03T21:51:58.632187+00:00 [queued]>
[2024-10-03T21:54:41.385+0000] {taskinstance.py:2612} INFO - Dependencies all met for dep_context=requeueable deps ti=<TaskInstance: SitesWebScraping.Check_for_file manual__2024-10-03T21:51:58.632187+00:00 [queued]>
[2024-10-03T21:54:41.387+0000] {taskinstance.py:2865} INFO - Starting attempt 1 of 1
[2024-10-03T21:54:41.403+0000] {taskinstance.py:2888} INFO - Executing <Task(OperatorFileSensor): Check_for_file> on 2024-10-03 21:51:58.632187+00:00
[2024-10-03T21:54:41.408+0000] {warnings.py:112} WARNING - /home/***/.local/lib/python3.12/site-packages/***/task/task_runner/standard_task_runner.py:70: DeprecationWarning: This process (pid=6012) is multi-threaded, use of fork() may lead to deadlocks in the child.
  pid = os.fork()

[2024-10-03T21:54:41.409+0000] {standard_task_runner.py:72} INFO - Started process 6013 to run task
[2024-10-03T21:54:41.409+0000] {standard_task_runner.py:104} INFO - Running: ['***', 'tasks', 'run', 'SitesWebScraping', 'Check_for_file', 'manual__2024-10-03T21:51:58.632187+00:00', '--job-id', '1004', '--raw', '--subdir', 'DAGS_FOLDER/DagWebScraping.py', '--cfg-path', '/tmp/tmpatqu2hp7']
[2024-10-03T21:54:41.412+0000] {standard_task_runner.py:105} INFO - Job 1004: Subtask Check_for_file
[2024-10-03T21:54:41.455+0000] {task_command.py:467} INFO - Running <TaskInstance: SitesWebScraping.Check_for_file manual__2024-10-03T21:51:58.632187+00:00 [running]> on host f8603ea05473
[2024-10-03T21:54:41.536+0000] {taskinstance.py:3131} INFO - Exporting env vars: AIRFLOW_CTX_DAG_OWNER='***' AIRFLOW_CTX_DAG_ID='SitesWebScraping' AIRFLOW_CTX_TASK_ID='Check_for_file' AIRFLOW_CTX_EXECUTION_DATE='2024-10-03T21:51:58.632187+00:00' AIRFLOW_CTX_TRY_NUMBER='1' AIRFLOW_CTX_DAG_RUN_ID='manual__2024-10-03T21:51:58.632187+00:00'
[2024-10-03T21:54:41.537+0000] {taskinstance.py:731} INFO - ::endgroup::
[2024-10-03T21:54:41.552+0000] {baseoperator.py:405} WARNING - OperatorFileSensor.execute cannot be called outside TaskInstance!
[2024-10-03T21:54:41.579+0000] {base.py:336} INFO - Success criteria met. Exiting.
[2024-10-03T21:54:41.607+0000] {taskinstance.py:340} INFO - ::group::Post task execution logs
[2024-10-03T21:54:41.608+0000] {taskinstance.py:352} INFO - Marking task as SUCCESS. dag_id=SitesWebScraping, task_id=Check_for_file, run_id=manual__2024-10-03T21:51:58.632187+00:00, execution_date=20241003T215158, start_date=20241003T215441, end_date=20241003T215441
[2024-10-03T21:54:41.626+0000] {local_task_job_runner.py:266} INFO - Task exited with return code 0
[2024-10-03T21:54:41.655+0000] {taskinstance.py:3900} INFO - 1 downstream tasks scheduled from follow-on schedule check
[2024-10-03T21:54:41.660+0000] {local_task_job_runner.py:245} INFO - ::endgroup::
