[2024-10-09T20:43:51.875+0000] {local_task_job_runner.py:123} INFO - ::group::Pre task execution logs
[2024-10-09T20:43:51.893+0000] {taskinstance.py:2612} INFO - Dependencies all met for dep_context=non-requeueable deps ti=<TaskInstance: LoadWebScraping.load_parquet_to_postgres manual__2024-10-09T20:43:49.355807+00:00 [queued]>
[2024-10-09T20:43:51.901+0000] {taskinstance.py:2612} INFO - Dependencies all met for dep_context=requeueable deps ti=<TaskInstance: LoadWebScraping.load_parquet_to_postgres manual__2024-10-09T20:43:49.355807+00:00 [queued]>
[2024-10-09T20:43:51.902+0000] {taskinstance.py:2865} INFO - Starting attempt 1 of 1
[2024-10-09T20:43:51.917+0000] {taskinstance.py:2888} INFO - Executing <Task(SparkJDBCOperator): load_parquet_to_postgres> on 2024-10-09 20:43:49.355807+00:00
[2024-10-09T20:43:51.927+0000] {warnings.py:112} WARNING - /home/***/.local/lib/python3.12/site-packages/***/task/task_runner/standard_task_runner.py:70: DeprecationWarning: This process (pid=4629) is multi-threaded, use of fork() may lead to deadlocks in the child.
  pid = os.fork()

[2024-10-09T20:43:51.929+0000] {standard_task_runner.py:72} INFO - Started process 4631 to run task
[2024-10-09T20:43:51.930+0000] {standard_task_runner.py:104} INFO - Running: ['***', 'tasks', 'run', 'LoadWebScraping', 'load_parquet_to_postgres', 'manual__2024-10-09T20:43:49.355807+00:00', '--job-id', '1494', '--raw', '--subdir', 'DAGS_FOLDER/LoadWebScraping.py', '--cfg-path', '/tmp/tmpx9fwcip7']
[2024-10-09T20:43:51.933+0000] {standard_task_runner.py:105} INFO - Job 1494: Subtask load_parquet_to_postgres
[2024-10-09T20:43:51.981+0000] {task_command.py:467} INFO - Running <TaskInstance: LoadWebScraping.load_parquet_to_postgres manual__2024-10-09T20:43:49.355807+00:00 [running]> on host 97b4e38b3eb9
[2024-10-09T20:43:52.414+0000] {taskinstance.py:3131} INFO - Exporting env vars: AIRFLOW_CTX_DAG_OWNER='***' AIRFLOW_CTX_DAG_ID='LoadWebScraping' AIRFLOW_CTX_TASK_ID='load_parquet_to_postgres' AIRFLOW_CTX_EXECUTION_DATE='2024-10-09T20:43:49.355807+00:00' AIRFLOW_CTX_TRY_NUMBER='1' AIRFLOW_CTX_DAG_RUN_ID='manual__2024-10-09T20:43:49.355807+00:00'
[2024-10-09T20:43:52.415+0000] {taskinstance.py:731} INFO - ::endgroup::
[2024-10-09T20:43:52.432+0000] {base.py:84} INFO - Retrieving connection 'spark_default'
[2024-10-09T20:43:52.437+0000] {base.py:84} INFO - Retrieving connection 'postgres-***'
[2024-10-09T20:43:52.439+0000] {spark_submit.py:403} INFO - Spark-Submit cmd: spark-submit --master spark://spark:7077 --name ***-spark-jdbc --deploy-mode client /home/***/.local/lib/python3.12/site-packages/***/providers/apache/spark/hooks/spark_jdbc_script.py -cmdType spark_to_jdbc -url host.docker.internal:5432/DW_webscraping -user *** -password ****** -jdbcTable public.tb_dim_site -jdbcDriver org.postgresql.Driver
[2024-10-09T20:43:55.160+0000] {spark_submit.py:579} INFO - 24/10/09 20:43:55 INFO SparkContext: Running Spark version 3.5.2
[2024-10-09T20:43:55.162+0000] {spark_submit.py:579} INFO - 24/10/09 20:43:55 INFO SparkContext: OS info Linux, 5.15.153.1-microsoft-standard-WSL2, amd64
[2024-10-09T20:43:55.162+0000] {spark_submit.py:579} INFO - 24/10/09 20:43:55 INFO SparkContext: Java version 17.0.12
[2024-10-09T20:43:55.203+0000] {spark_submit.py:579} INFO - 24/10/09 20:43:55 WARN NativeCodeLoader: Unable to load native-hadoop library for your platform... using builtin-java classes where applicable
[2024-10-09T20:43:55.267+0000] {spark_submit.py:579} INFO - 24/10/09 20:43:55 INFO ResourceUtils: ==============================================================
[2024-10-09T20:43:55.268+0000] {spark_submit.py:579} INFO - 24/10/09 20:43:55 INFO ResourceUtils: No custom resources configured for spark.driver.
[2024-10-09T20:43:55.269+0000] {spark_submit.py:579} INFO - 24/10/09 20:43:55 INFO ResourceUtils: ==============================================================
[2024-10-09T20:43:55.269+0000] {spark_submit.py:579} INFO - 24/10/09 20:43:55 INFO SparkContext: Submitted application: None
[2024-10-09T20:43:55.286+0000] {spark_submit.py:579} INFO - 24/10/09 20:43:55 INFO ResourceProfile: Default ResourceProfile created, executor resources: Map(memory -> name: memory, amount: 1024, script: , vendor: , offHeap -> name: offHeap, amount: 0, script: , vendor: ), task resources: Map(cpus -> name: cpus, amount: 1.0)
[2024-10-09T20:43:55.293+0000] {spark_submit.py:579} INFO - 24/10/09 20:43:55 INFO ResourceProfile: Limiting resource is cpu
[2024-10-09T20:43:55.293+0000] {spark_submit.py:579} INFO - 24/10/09 20:43:55 INFO ResourceProfileManager: Added ResourceProfile id: 0
[2024-10-09T20:43:55.331+0000] {spark_submit.py:579} INFO - 24/10/09 20:43:55 INFO SecurityManager: Changing view acls to: ***
[2024-10-09T20:43:55.332+0000] {spark_submit.py:579} INFO - 24/10/09 20:43:55 INFO SecurityManager: Changing modify acls to: ***
[2024-10-09T20:43:55.332+0000] {spark_submit.py:579} INFO - 24/10/09 20:43:55 INFO SecurityManager: Changing view acls groups to:
[2024-10-09T20:43:55.333+0000] {spark_submit.py:579} INFO - 24/10/09 20:43:55 INFO SecurityManager: Changing modify acls groups to:
[2024-10-09T20:43:55.334+0000] {spark_submit.py:579} INFO - 24/10/09 20:43:55 INFO SecurityManager: SecurityManager: authentication disabled; ui acls disabled; users with view permissions: ***; groups with view permissions: EMPTY; users with modify permissions: ***; groups with modify permissions: EMPTY
[2024-10-09T20:43:55.493+0000] {spark_submit.py:579} INFO - 24/10/09 20:43:55 INFO Utils: Successfully started service 'sparkDriver' on port 34397.
[2024-10-09T20:43:55.514+0000] {spark_submit.py:579} INFO - 24/10/09 20:43:55 INFO SparkEnv: Registering MapOutputTracker
[2024-10-09T20:43:55.539+0000] {spark_submit.py:579} INFO - 24/10/09 20:43:55 INFO SparkEnv: Registering BlockManagerMaster
[2024-10-09T20:43:55.552+0000] {spark_submit.py:579} INFO - 24/10/09 20:43:55 INFO BlockManagerMasterEndpoint: Using org.apache.spark.storage.DefaultTopologyMapper for getting topology information
[2024-10-09T20:43:55.553+0000] {spark_submit.py:579} INFO - 24/10/09 20:43:55 INFO BlockManagerMasterEndpoint: BlockManagerMasterEndpoint up
[2024-10-09T20:43:55.556+0000] {spark_submit.py:579} INFO - 24/10/09 20:43:55 INFO SparkEnv: Registering BlockManagerMasterHeartbeat
[2024-10-09T20:43:55.571+0000] {spark_submit.py:579} INFO - 24/10/09 20:43:55 INFO DiskBlockManager: Created local directory at /tmp/blockmgr-bf367db8-ca2a-4009-950b-9e10003620e0
[2024-10-09T20:43:55.581+0000] {spark_submit.py:579} INFO - 24/10/09 20:43:55 INFO MemoryStore: MemoryStore started with capacity 434.4 MiB
[2024-10-09T20:43:55.592+0000] {spark_submit.py:579} INFO - 24/10/09 20:43:55 INFO SparkEnv: Registering OutputCommitCoordinator
[2024-10-09T20:43:55.686+0000] {spark_submit.py:579} INFO - 24/10/09 20:43:55 INFO JettyUtils: Start Jetty 0.0.0.0:4040 for SparkUI
[2024-10-09T20:43:55.734+0000] {spark_submit.py:579} INFO - 24/10/09 20:43:55 INFO Utils: Successfully started service 'SparkUI' on port 4040.
[2024-10-09T20:43:55.825+0000] {spark_submit.py:579} INFO - 24/10/09 20:43:55 INFO StandaloneAppClient$ClientEndpoint: Connecting to master spark://spark:7077...
[2024-10-09T20:43:55.857+0000] {spark_submit.py:579} INFO - 24/10/09 20:43:55 INFO TransportClientFactory: Successfully created connection to spark/172.18.0.9:7077 after 17 ms (0 ms spent in bootstraps)
[2024-10-09T20:43:55.920+0000] {spark_submit.py:579} INFO - 24/10/09 20:43:55 INFO StandaloneSchedulerBackend: Connected to Spark cluster with app ID app-20241009204355-0015
[2024-10-09T20:43:55.922+0000] {spark_submit.py:579} INFO - 24/10/09 20:43:55 INFO StandaloneAppClient$ClientEndpoint: Executor added: app-20241009204355-0015/0 on worker-20241009180256-172.18.0.8-37477 (172.18.0.8:37477) with 6 core(s)
[2024-10-09T20:43:55.923+0000] {spark_submit.py:579} INFO - 24/10/09 20:43:55 INFO StandaloneSchedulerBackend: Granted executor ID app-20241009204355-0015/0 on hostPort 172.18.0.8:37477 with 6 core(s), 1024.0 MiB RAM
[2024-10-09T20:43:55.928+0000] {spark_submit.py:579} INFO - 24/10/09 20:43:55 INFO Utils: Successfully started service 'org.apache.spark.network.netty.NettyBlockTransferService' on port 43521.
[2024-10-09T20:43:55.929+0000] {spark_submit.py:579} INFO - 24/10/09 20:43:55 INFO NettyBlockTransferService: Server created on 97b4e38b3eb9:43521
[2024-10-09T20:43:55.930+0000] {spark_submit.py:579} INFO - 24/10/09 20:43:55 INFO BlockManager: Using org.apache.spark.storage.RandomBlockReplicationPolicy for block replication policy
[2024-10-09T20:43:55.934+0000] {spark_submit.py:579} INFO - 24/10/09 20:43:55 INFO BlockManagerMaster: Registering BlockManager BlockManagerId(driver, 97b4e38b3eb9, 43521, None)
[2024-10-09T20:43:55.937+0000] {spark_submit.py:579} INFO - 24/10/09 20:43:55 INFO BlockManagerMasterEndpoint: Registering block manager 97b4e38b3eb9:43521 with 434.4 MiB RAM, BlockManagerId(driver, 97b4e38b3eb9, 43521, None)
[2024-10-09T20:43:55.939+0000] {spark_submit.py:579} INFO - 24/10/09 20:43:55 INFO BlockManagerMaster: Registered BlockManager BlockManagerId(driver, 97b4e38b3eb9, 43521, None)
[2024-10-09T20:43:55.941+0000] {spark_submit.py:579} INFO - 24/10/09 20:43:55 INFO BlockManager: Initialized BlockManager: BlockManagerId(driver, 97b4e38b3eb9, 43521, None)
[2024-10-09T20:43:55.970+0000] {spark_submit.py:579} INFO - 24/10/09 20:43:55 INFO StandaloneAppClient$ClientEndpoint: Executor updated: app-20241009204355-0015/0 is now RUNNING
[2024-10-09T20:43:56.103+0000] {spark_submit.py:579} INFO - 24/10/09 20:43:56 INFO StandaloneSchedulerBackend: SchedulerBackend is ready for scheduling beginning after reached minRegisteredResourcesRatio: 0.0
[2024-10-09T20:43:56.369+0000] {spark_submit.py:579} INFO - 24/10/09 20:43:56 INFO SharedState: Setting hive.metastore.warehouse.dir ('null') to the value of spark.sql.warehouse.dir.
[2024-10-09T20:43:56.402+0000] {spark_submit.py:579} INFO - Traceback (most recent call last):
[2024-10-09T20:43:56.402+0000] {spark_submit.py:579} INFO - File "/home/***/.local/lib/python3.12/site-packages/***/providers/apache/spark/hooks/spark_jdbc_script.py", line 191, in <module>
[2024-10-09T20:43:56.403+0000] {spark_submit.py:579} INFO - _run_spark(arguments=_parse_arguments())
[2024-10-09T20:43:56.403+0000] {spark_submit.py:579} INFO - File "/home/***/.local/lib/python3.12/site-packages/***/providers/apache/spark/hooks/spark_jdbc_script.py", line 157, in _run_spark
[2024-10-09T20:43:56.404+0000] {spark_submit.py:579} INFO - spark_write_to_jdbc(
[2024-10-09T20:43:56.405+0000] {spark_submit.py:579} INFO - File "/home/***/.local/lib/python3.12/site-packages/***/providers/apache/spark/hooks/spark_jdbc_script.py", line 73, in spark_write_to_jdbc
[2024-10-09T20:43:56.406+0000] {spark_submit.py:579} INFO - writer = spark_session.table(metastore_table).write
[2024-10-09T20:43:56.406+0000] {spark_submit.py:579} INFO - ^^^^^^^^^^^^^^^^^^^^^^^^^^^^^^^^^^^^
[2024-10-09T20:43:56.408+0000] {spark_submit.py:579} INFO - File "/home/***/.local/lib/python3.12/site-packages/pyspark/python/lib/pyspark.zip/pyspark/sql/session.py", line 1667, in table
[2024-10-09T20:43:56.409+0000] {spark_submit.py:579} INFO - File "/home/***/.local/lib/python3.12/site-packages/pyspark/python/lib/py4j-0.10.9.7-src.zip/py4j/java_gateway.py", line 1322, in __call__
[2024-10-09T20:43:56.409+0000] {spark_submit.py:579} INFO - File "/home/***/.local/lib/python3.12/site-packages/pyspark/python/lib/pyspark.zip/pyspark/errors/exceptions/captured.py", line 185, in deco
[2024-10-09T20:43:56.425+0000] {spark_submit.py:579} INFO - pyspark.errors.exceptions.captured.IllegalArgumentException24/10/09 20:43:56 INFO SharedState: Setting hive.metastore.warehouse.dir ('null') to the value of spark.sql.warehouse.dir.
[2024-10-09T20:43:56.455+0000] {spark_submit.py:579} INFO - : The value of property spark.app.name must not be null
[2024-10-09T20:43:56.456+0000] {spark_submit.py:579} INFO - 
[2024-10-09T20:43:56.457+0000] {spark_submit.py:579} INFO - JVM stacktrace:
[2024-10-09T20:43:56.458+0000] {spark_submit.py:579} INFO - java.lang.IllegalArgumentException: The value of property spark.app.name must not be null
[2024-10-09T20:43:56.459+0000] {spark_submit.py:579} INFO - at org.apache.hadoop.thirdparty.com.google.common.base.Preconditions.checkArgument(Preconditions.java:219)
[2024-10-09T20:43:56.459+0000] {spark_submit.py:579} INFO - at org.apache.hadoop.conf.Configuration.set(Configuration.java:1403)
[2024-10-09T20:43:56.460+0000] {spark_submit.py:579} INFO - at org.apache.hadoop.conf.Configuration.set(Configuration.java:1384)
[2024-10-09T20:43:56.460+0000] {spark_submit.py:579} INFO - at org.apache.spark.sql.internal.SharedState.$anonfun$x$1$2(SharedState.scala:77)
[2024-10-09T20:43:56.461+0000] {spark_submit.py:579} INFO - at scala.collection.immutable.Map$Map2.foreach(Map.scala:273)
[2024-10-09T20:43:56.461+0000] {spark_submit.py:579} INFO - at org.apache.spark.sql.internal.SharedState.<init>(SharedState.scala:69)
[2024-10-09T20:43:56.462+0000] {spark_submit.py:579} INFO - at org.apache.spark.sql.SparkSession.$anonfun$sharedState$1(SparkSession.scala:143)
[2024-10-09T20:43:56.462+0000] {spark_submit.py:579} INFO - at scala.Option.getOrElse(Option.scala:189)
[2024-10-09T20:43:56.475+0000] {spark_submit.py:579} INFO - at org.apache.spark.sql.SparkSession.sharedState$lzycompute(SparkSession.scala:143)
[2024-10-09T20:43:56.476+0000] {spark_submit.py:579} INFO - at org.apache.spark.sql.SparkSession.sharedState(SparkSession.scala:142)
[2024-10-09T20:43:56.478+0000] {spark_submit.py:579} INFO - at org.apache.spark.sql.SparkSession.$anonfun$sessionState$2(SparkSession.scala:162)
[2024-10-09T20:43:56.479+0000] {spark_submit.py:579} INFO - at scala.Option.getOrElse(Option.scala:189)
[2024-10-09T20:43:56.480+0000] {spark_submit.py:579} INFO - at org.apache.spark.sql.SparkSession.sessionState$lzycompute(SparkSession.scala:160)
[2024-10-09T20:43:56.481+0000] {spark_submit.py:579} INFO - at org.apache.spark.sql.SparkSession.sessionState(SparkSession.scala:157)
[2024-10-09T20:43:56.482+0000] {spark_submit.py:579} INFO - at org.apache.spark.sql.DataFrameReader.<init>(DataFrameReader.scala:699)
[2024-10-09T20:43:56.489+0000] {spark_submit.py:579} INFO - at org.apache.spark.sql.SparkSession.read(SparkSession.scala:783)
[2024-10-09T20:43:56.493+0000] {spark_submit.py:579} INFO - at org.apache.spark.sql.SparkSession.table(SparkSession.scala:602)
[2024-10-09T20:43:56.496+0000] {spark_submit.py:579} INFO - at java.base/jdk.internal.reflect.NativeMethodAccessorImpl.invoke0(Native Method)
[2024-10-09T20:43:56.496+0000] {spark_submit.py:579} INFO - at java.base/jdk.internal.reflect.NativeMethodAccessorImpl.invoke(NativeMethodAccessorImpl.java:77)
[2024-10-09T20:43:56.497+0000] {spark_submit.py:579} INFO - at java.base/jdk.internal.reflect.DelegatingMethodAccessorImpl.invoke(DelegatingMethodAccessorImpl.java:43)
[2024-10-09T20:43:56.497+0000] {spark_submit.py:579} INFO - at java.base/java.lang.reflect.Method.invoke(Method.java:569)
[2024-10-09T20:43:56.498+0000] {spark_submit.py:579} INFO - at py4j.reflection.MethodInvoker.invoke(MethodInvoker.java:244)
[2024-10-09T20:43:56.499+0000] {spark_submit.py:579} INFO - at py4j.reflection.ReflectionEngine.invoke(ReflectionEngine.java:374)
[2024-10-09T20:43:56.499+0000] {spark_submit.py:579} INFO - at py4j.Gateway.invoke(Gateway.java:282)
[2024-10-09T20:43:56.501+0000] {spark_submit.py:579} INFO - at py4j.commands.AbstractCommand.invokeMethod(AbstractCommand.java:132)
[2024-10-09T20:43:56.502+0000] {spark_submit.py:579} INFO - at py4j.commands.CallCommand.execute(CallCommand.java:79)
[2024-10-09T20:43:56.503+0000] {spark_submit.py:579} INFO - at py4j.ClientServerConnection.waitForCommands(ClientServerConnection.java:182)
[2024-10-09T20:43:56.503+0000] {spark_submit.py:579} INFO - at py4j.ClientServerConnection.run(ClientServerConnection.java:106)
[2024-10-09T20:43:56.504+0000] {spark_submit.py:579} INFO - at java.base/java.lang.Thread.run(Thread.java:840)
[2024-10-09T20:43:56.504+0000] {spark_submit.py:579} INFO - 
[2024-10-09T20:43:56.516+0000] {spark_submit.py:579} INFO - 24/10/09 20:43:56 INFO SparkContext: Invoking stop() from shutdown hook
[2024-10-09T20:43:56.517+0000] {spark_submit.py:579} INFO - 24/10/09 20:43:56 INFO SparkContext: SparkContext is stopping with exitCode 0.
[2024-10-09T20:43:56.553+0000] {spark_submit.py:579} INFO - 24/10/09 20:43:56 INFO SparkUI: Stopped Spark web UI at http://97b4e38b3eb9:4040
[2024-10-09T20:43:56.558+0000] {spark_submit.py:579} INFO - 24/10/09 20:43:56 INFO StandaloneSchedulerBackend: Shutting down all executors
[2024-10-09T20:43:56.561+0000] {spark_submit.py:579} INFO - 24/10/09 20:43:56 INFO StandaloneSchedulerBackend$StandaloneDriverEndpoint: Asking each executor to shut down
[2024-10-09T20:43:56.585+0000] {spark_submit.py:579} INFO - 24/10/09 20:43:56 INFO MapOutputTrackerMasterEndpoint: MapOutputTrackerMasterEndpoint stopped!
[2024-10-09T20:43:56.603+0000] {spark_submit.py:579} INFO - 24/10/09 20:43:56 INFO MemoryStore: MemoryStore cleared
[2024-10-09T20:43:56.604+0000] {spark_submit.py:579} INFO - 24/10/09 20:43:56 INFO BlockManager: BlockManager stopped
[2024-10-09T20:43:56.613+0000] {spark_submit.py:579} INFO - 24/10/09 20:43:56 INFO BlockManagerMaster: BlockManagerMaster stopped
[2024-10-09T20:43:56.618+0000] {spark_submit.py:579} INFO - 24/10/09 20:43:56 INFO OutputCommitCoordinator$OutputCommitCoordinatorEndpoint: OutputCommitCoordinator stopped!
[2024-10-09T20:43:56.628+0000] {spark_submit.py:579} INFO - 24/10/09 20:43:56 INFO SparkContext: Successfully stopped SparkContext
[2024-10-09T20:43:56.629+0000] {spark_submit.py:579} INFO - 24/10/09 20:43:56 INFO ShutdownHookManager: Shutdown hook called
[2024-10-09T20:43:56.629+0000] {spark_submit.py:579} INFO - 24/10/09 20:43:56 INFO ShutdownHookManager: Deleting directory /tmp/spark-d5bef366-6155-4742-9d19-35cff3dd23fd
[2024-10-09T20:43:56.634+0000] {spark_submit.py:579} INFO - 24/10/09 20:43:56 INFO ShutdownHookManager: Deleting directory /tmp/spark-ffd008f8-c469-480a-9c87-173b7bab19a3
[2024-10-09T20:43:56.639+0000] {spark_submit.py:579} INFO - 24/10/09 20:43:56 INFO ShutdownHookManager: Deleting directory /tmp/spark-ffd008f8-c469-480a-9c87-173b7bab19a3/pyspark-510c74cd-8894-42e0-ae63-e6423ec17863
[2024-10-09T20:43:56.683+0000] {taskinstance.py:3310} ERROR - Task failed with exception
Traceback (most recent call last):
  File "/home/airflow/.local/lib/python3.12/site-packages/airflow/models/taskinstance.py", line 767, in _execute_task
    result = _execute_callable(context=context, **execute_callable_kwargs)
             ^^^^^^^^^^^^^^^^^^^^^^^^^^^^^^^^^^^^^^^^^^^^^^^^^^^^^^^^^^^^^
  File "/home/airflow/.local/lib/python3.12/site-packages/airflow/models/taskinstance.py", line 733, in _execute_callable
    return ExecutionCallableRunner(
           ^^^^^^^^^^^^^^^^^^^^^^^^
  File "/home/airflow/.local/lib/python3.12/site-packages/airflow/utils/operator_helpers.py", line 252, in run
    return self.func(*args, **kwargs)
           ^^^^^^^^^^^^^^^^^^^^^^^^^^
  File "/home/airflow/.local/lib/python3.12/site-packages/airflow/models/baseoperator.py", line 406, in wrapper
    return func(self, *args, **kwargs)
           ^^^^^^^^^^^^^^^^^^^^^^^^^^^
  File "/home/airflow/.local/lib/python3.12/site-packages/airflow/providers/apache/spark/operators/spark_jdbc.py", line 143, in execute
    self._hook.submit_jdbc_job()
  File "/home/airflow/.local/lib/python3.12/site-packages/airflow/providers/apache/spark/hooks/spark_jdbc.py", line 233, in submit_jdbc_job
    self.submit(application=f"{os.path.dirname(os.path.abspath(__file__))}/spark_jdbc_script.py")
  File "/home/airflow/.local/lib/python3.12/site-packages/airflow/providers/apache/spark/hooks/spark_submit.py", line 505, in submit
    raise AirflowException(
airflow.exceptions.AirflowException: Cannot execute: spark-submit --master spark://spark:7077 --name ***-spark-jdbc --deploy-mode client /home/***/.local/lib/python3.12/site-packages/***/providers/apache/spark/hooks/spark_jdbc_script.py -cmdType spark_to_jdbc -url host.docker.internal:5432/DW_webscraping -user *** -password ****** -jdbcTable public.tb_dim_site -jdbcDriver org.postgresql.Driver. Error code is: 1.
[2024-10-09T20:43:56.688+0000] {taskinstance.py:1225} INFO - Marking task as FAILED. dag_id=LoadWebScraping, task_id=load_parquet_to_postgres, run_id=manual__2024-10-09T20:43:49.355807+00:00, execution_date=20241009T204349, start_date=20241009T204351, end_date=20241009T204356
[2024-10-09T20:43:56.703+0000] {taskinstance.py:340} INFO - ::group::Post task execution logs
[2024-10-09T20:43:56.703+0000] {standard_task_runner.py:124} ERROR - Failed to execute job 1494 for task load_parquet_to_postgres (Cannot execute: spark-submit --master spark://spark:7077 --name ***-spark-jdbc --deploy-mode client /home/***/.local/lib/python3.12/site-packages/***/providers/apache/spark/hooks/spark_jdbc_script.py -cmdType spark_to_jdbc -url host.docker.internal:5432/DW_webscraping -user *** -password ****** -jdbcTable public.tb_dim_site -jdbcDriver org.postgresql.Driver. Error code is: 1.; 4631)
Traceback (most recent call last):
  File "/home/airflow/.local/lib/python3.12/site-packages/airflow/task/task_runner/standard_task_runner.py", line 117, in _start_by_fork
    ret = args.func(args, dag=self.dag)
          ^^^^^^^^^^^^^^^^^^^^^^^^^^^^^
  File "/home/airflow/.local/lib/python3.12/site-packages/airflow/cli/cli_config.py", line 49, in command
    return func(*args, **kwargs)
           ^^^^^^^^^^^^^^^^^^^^^
  File "/home/airflow/.local/lib/python3.12/site-packages/airflow/utils/cli.py", line 115, in wrapper
    return f(*args, **kwargs)
           ^^^^^^^^^^^^^^^^^^
  File "/home/airflow/.local/lib/python3.12/site-packages/airflow/cli/commands/task_command.py", line 483, in task_run
    task_return_code = _run_task_by_selected_method(args, _dag, ti)
                       ^^^^^^^^^^^^^^^^^^^^^^^^^^^^^^^^^^^^^^^^^^^^
  File "/home/airflow/.local/lib/python3.12/site-packages/airflow/cli/commands/task_command.py", line 256, in _run_task_by_selected_method
    return _run_raw_task(args, ti)
           ^^^^^^^^^^^^^^^^^^^^^^^
  File "/home/airflow/.local/lib/python3.12/site-packages/airflow/cli/commands/task_command.py", line 341, in _run_raw_task
    return ti._run_raw_task(
           ^^^^^^^^^^^^^^^^^
  File "/home/airflow/.local/lib/python3.12/site-packages/airflow/utils/session.py", line 97, in wrapper
    return func(*args, session=session, **kwargs)
           ^^^^^^^^^^^^^^^^^^^^^^^^^^^^^^^^^^^^^^
  File "/home/airflow/.local/lib/python3.12/site-packages/airflow/models/taskinstance.py", line 3004, in _run_raw_task
    return _run_raw_task(
           ^^^^^^^^^^^^^^
  File "/home/airflow/.local/lib/python3.12/site-packages/airflow/models/taskinstance.py", line 273, in _run_raw_task
    TaskInstance._execute_task_with_callbacks(
  File "/home/airflow/.local/lib/python3.12/site-packages/airflow/models/taskinstance.py", line 3158, in _execute_task_with_callbacks
    result = self._execute_task(context, task_orig)
             ^^^^^^^^^^^^^^^^^^^^^^^^^^^^^^^^^^^^^^
  File "/home/airflow/.local/lib/python3.12/site-packages/airflow/models/taskinstance.py", line 3182, in _execute_task
    return _execute_task(self, context, task_orig)
           ^^^^^^^^^^^^^^^^^^^^^^^^^^^^^^^^^^^^^^^
  File "/home/airflow/.local/lib/python3.12/site-packages/airflow/models/taskinstance.py", line 767, in _execute_task
    result = _execute_callable(context=context, **execute_callable_kwargs)
             ^^^^^^^^^^^^^^^^^^^^^^^^^^^^^^^^^^^^^^^^^^^^^^^^^^^^^^^^^^^^^
  File "/home/airflow/.local/lib/python3.12/site-packages/airflow/models/taskinstance.py", line 733, in _execute_callable
    return ExecutionCallableRunner(
           ^^^^^^^^^^^^^^^^^^^^^^^^
  File "/home/airflow/.local/lib/python3.12/site-packages/airflow/utils/operator_helpers.py", line 252, in run
    return self.func(*args, **kwargs)
           ^^^^^^^^^^^^^^^^^^^^^^^^^^
  File "/home/airflow/.local/lib/python3.12/site-packages/airflow/models/baseoperator.py", line 406, in wrapper
    return func(self, *args, **kwargs)
           ^^^^^^^^^^^^^^^^^^^^^^^^^^^
  File "/home/airflow/.local/lib/python3.12/site-packages/airflow/providers/apache/spark/operators/spark_jdbc.py", line 143, in execute
    self._hook.submit_jdbc_job()
  File "/home/airflow/.local/lib/python3.12/site-packages/airflow/providers/apache/spark/hooks/spark_jdbc.py", line 233, in submit_jdbc_job
    self.submit(application=f"{os.path.dirname(os.path.abspath(__file__))}/spark_jdbc_script.py")
  File "/home/airflow/.local/lib/python3.12/site-packages/airflow/providers/apache/spark/hooks/spark_submit.py", line 505, in submit
    raise AirflowException(
airflow.exceptions.AirflowException: Cannot execute: spark-submit --master spark://spark:7077 --name ***-spark-jdbc --deploy-mode client /home/***/.local/lib/python3.12/site-packages/***/providers/apache/spark/hooks/spark_jdbc_script.py -cmdType spark_to_jdbc -url host.docker.internal:5432/DW_webscraping -user *** -password ****** -jdbcTable public.tb_dim_site -jdbcDriver org.postgresql.Driver. Error code is: 1.
[2024-10-09T20:43:56.738+0000] {local_task_job_runner.py:266} INFO - Task exited with return code 1
[2024-10-09T20:43:56.757+0000] {taskinstance.py:3900} INFO - 0 downstream tasks scheduled from follow-on schedule check
[2024-10-09T20:43:56.762+0000] {local_task_job_runner.py:245} INFO - ::endgroup::
